[2022-01-13 23:15:23,417] {taskinstance.py:1032} INFO - Dependencies all met for <TaskInstance: example_python_operator.sleep_for_3 manual__2022-01-14T02:14:55.376887+00:00 [queued]>
[2022-01-13 23:15:23,437] {taskinstance.py:1032} INFO - Dependencies all met for <TaskInstance: example_python_operator.sleep_for_3 manual__2022-01-14T02:14:55.376887+00:00 [queued]>
[2022-01-13 23:15:23,437] {taskinstance.py:1238} INFO - 
--------------------------------------------------------------------------------
[2022-01-13 23:15:23,437] {taskinstance.py:1239} INFO - Starting attempt 1 of 1
[2022-01-13 23:15:23,437] {taskinstance.py:1240} INFO - 
--------------------------------------------------------------------------------
[2022-01-13 23:15:23,484] {taskinstance.py:1259} INFO - Executing <Task(_PythonDecoratedOperator): sleep_for_3> on 2022-01-14 02:14:55.376887+00:00
[2022-01-13 23:15:23,486] {standard_task_runner.py:52} INFO - Started process 25959 to run task
[2022-01-13 23:15:23,499] {standard_task_runner.py:76} INFO - Running: ['airflow', 'tasks', 'run', 'example_python_operator', 'sleep_for_3', 'manual__2022-01-14T02:14:55.376887+00:00', '--job-id', '11', '--raw', '--subdir', '/home/data-eginner/Documents/Soccer_Data/env/lib/python3.8/site-packages/airflow/example_dags/example_python_operator.py', '--cfg-path', '/tmp/tmp01hei8n5', '--error-file', '/tmp/tmpu5wqw814']
[2022-01-13 23:15:23,499] {standard_task_runner.py:77} INFO - Job 11: Subtask sleep_for_3
[2022-01-13 23:15:23,705] {logging_mixin.py:109} INFO - Running <TaskInstance: example_python_operator.sleep_for_3 manual__2022-01-14T02:14:55.376887+00:00 [running]> on host dataeginner-VirtualBox
[2022-01-13 23:15:23,851] {taskinstance.py:1424} INFO - Exporting the following env vars:
AIRFLOW_CTX_DAG_OWNER=airflow
AIRFLOW_CTX_DAG_ID=example_python_operator
AIRFLOW_CTX_TASK_ID=sleep_for_3
AIRFLOW_CTX_EXECUTION_DATE=2022-01-14T02:14:55.376887+00:00
AIRFLOW_CTX_DAG_RUN_ID=manual__2022-01-14T02:14:55.376887+00:00
[2022-01-13 23:15:24,151] {python.py:175} INFO - Done. Returned value was: None
[2022-01-13 23:15:24,155] {taskinstance.py:1267} INFO - Marking task as SUCCESS. dag_id=example_python_operator, task_id=sleep_for_3, execution_date=20220114T021455, start_date=20220114T021523, end_date=20220114T021524
[2022-01-13 23:15:24,231] {local_task_job.py:154} INFO - Task exited with return code 0
[2022-01-13 23:15:24,299] {local_task_job.py:264} INFO - 0 downstream tasks scheduled from follow-on schedule check
