[2022-01-28 20:49:26,103] {processor.py:163} INFO - Started process (PID=16334) to work on /home/data-eginner/Documents/Soccer_Data/env/lib/python3.8/site-packages/airflow/example_dags/subdags/subdag.py
[2022-01-28 20:49:26,114] {processor.py:642} INFO - Processing file /home/data-eginner/Documents/Soccer_Data/env/lib/python3.8/site-packages/airflow/example_dags/subdags/subdag.py for tasks to queue
[2022-01-28 20:49:26,115] {logging_mixin.py:109} INFO - [2022-01-28 20:49:26,115] {dagbag.py:500} INFO - Filling up the DagBag from /home/data-eginner/Documents/Soccer_Data/env/lib/python3.8/site-packages/airflow/example_dags/subdags/subdag.py
[2022-01-28 20:49:26,180] {processor.py:656} WARNING - No viable dags retrieved from /home/data-eginner/Documents/Soccer_Data/env/lib/python3.8/site-packages/airflow/example_dags/subdags/subdag.py
[2022-01-28 20:49:26,203] {processor.py:171} INFO - Processing /home/data-eginner/Documents/Soccer_Data/env/lib/python3.8/site-packages/airflow/example_dags/subdags/subdag.py took 0.112 seconds
[2022-01-28 20:50:07,802] {processor.py:163} INFO - Started process (PID=16560) to work on /home/data-eginner/Documents/Soccer_Data/env/lib/python3.8/site-packages/airflow/example_dags/subdags/subdag.py
[2022-01-28 20:50:07,824] {processor.py:642} INFO - Processing file /home/data-eginner/Documents/Soccer_Data/env/lib/python3.8/site-packages/airflow/example_dags/subdags/subdag.py for tasks to queue
[2022-01-28 20:50:07,825] {logging_mixin.py:109} INFO - [2022-01-28 20:50:07,825] {dagbag.py:500} INFO - Filling up the DagBag from /home/data-eginner/Documents/Soccer_Data/env/lib/python3.8/site-packages/airflow/example_dags/subdags/subdag.py
[2022-01-28 20:50:07,845] {processor.py:656} WARNING - No viable dags retrieved from /home/data-eginner/Documents/Soccer_Data/env/lib/python3.8/site-packages/airflow/example_dags/subdags/subdag.py
[2022-01-28 20:50:07,866] {processor.py:171} INFO - Processing /home/data-eginner/Documents/Soccer_Data/env/lib/python3.8/site-packages/airflow/example_dags/subdags/subdag.py took 0.067 seconds
[2022-01-28 20:50:44,839] {processor.py:163} INFO - Started process (PID=16731) to work on /home/data-eginner/Documents/Soccer_Data/env/lib/python3.8/site-packages/airflow/example_dags/subdags/subdag.py
[2022-01-28 20:50:44,851] {processor.py:642} INFO - Processing file /home/data-eginner/Documents/Soccer_Data/env/lib/python3.8/site-packages/airflow/example_dags/subdags/subdag.py for tasks to queue
[2022-01-28 20:50:44,851] {logging_mixin.py:109} INFO - [2022-01-28 20:50:44,851] {dagbag.py:500} INFO - Filling up the DagBag from /home/data-eginner/Documents/Soccer_Data/env/lib/python3.8/site-packages/airflow/example_dags/subdags/subdag.py
[2022-01-28 20:50:44,873] {processor.py:656} WARNING - No viable dags retrieved from /home/data-eginner/Documents/Soccer_Data/env/lib/python3.8/site-packages/airflow/example_dags/subdags/subdag.py
[2022-01-28 20:50:44,875] {processor.py:171} INFO - Processing /home/data-eginner/Documents/Soccer_Data/env/lib/python3.8/site-packages/airflow/example_dags/subdags/subdag.py took 0.051 seconds
[2022-01-28 20:51:23,008] {processor.py:163} INFO - Started process (PID=16890) to work on /home/data-eginner/Documents/Soccer_Data/env/lib/python3.8/site-packages/airflow/example_dags/subdags/subdag.py
[2022-01-28 20:51:23,015] {processor.py:642} INFO - Processing file /home/data-eginner/Documents/Soccer_Data/env/lib/python3.8/site-packages/airflow/example_dags/subdags/subdag.py for tasks to queue
[2022-01-28 20:51:23,017] {logging_mixin.py:109} INFO - [2022-01-28 20:51:23,017] {dagbag.py:500} INFO - Filling up the DagBag from /home/data-eginner/Documents/Soccer_Data/env/lib/python3.8/site-packages/airflow/example_dags/subdags/subdag.py
[2022-01-28 20:51:23,032] {processor.py:656} WARNING - No viable dags retrieved from /home/data-eginner/Documents/Soccer_Data/env/lib/python3.8/site-packages/airflow/example_dags/subdags/subdag.py
[2022-01-28 20:51:23,034] {processor.py:171} INFO - Processing /home/data-eginner/Documents/Soccer_Data/env/lib/python3.8/site-packages/airflow/example_dags/subdags/subdag.py took 0.033 seconds
[2022-01-28 20:51:58,358] {processor.py:163} INFO - Started process (PID=17233) to work on /home/data-eginner/Documents/Soccer_Data/env/lib/python3.8/site-packages/airflow/example_dags/subdags/subdag.py
[2022-01-28 20:51:58,374] {processor.py:642} INFO - Processing file /home/data-eginner/Documents/Soccer_Data/env/lib/python3.8/site-packages/airflow/example_dags/subdags/subdag.py for tasks to queue
[2022-01-28 20:51:58,374] {logging_mixin.py:109} INFO - [2022-01-28 20:51:58,374] {dagbag.py:500} INFO - Filling up the DagBag from /home/data-eginner/Documents/Soccer_Data/env/lib/python3.8/site-packages/airflow/example_dags/subdags/subdag.py
[2022-01-28 20:51:58,389] {processor.py:656} WARNING - No viable dags retrieved from /home/data-eginner/Documents/Soccer_Data/env/lib/python3.8/site-packages/airflow/example_dags/subdags/subdag.py
[2022-01-28 20:51:58,391] {processor.py:171} INFO - Processing /home/data-eginner/Documents/Soccer_Data/env/lib/python3.8/site-packages/airflow/example_dags/subdags/subdag.py took 0.035 seconds
[2022-01-28 20:52:37,115] {processor.py:163} INFO - Started process (PID=17429) to work on /home/data-eginner/Documents/Soccer_Data/env/lib/python3.8/site-packages/airflow/example_dags/subdags/subdag.py
[2022-01-28 20:52:37,131] {processor.py:642} INFO - Processing file /home/data-eginner/Documents/Soccer_Data/env/lib/python3.8/site-packages/airflow/example_dags/subdags/subdag.py for tasks to queue
[2022-01-28 20:52:37,132] {logging_mixin.py:109} INFO - [2022-01-28 20:52:37,132] {dagbag.py:500} INFO - Filling up the DagBag from /home/data-eginner/Documents/Soccer_Data/env/lib/python3.8/site-packages/airflow/example_dags/subdags/subdag.py
[2022-01-28 20:52:37,142] {processor.py:656} WARNING - No viable dags retrieved from /home/data-eginner/Documents/Soccer_Data/env/lib/python3.8/site-packages/airflow/example_dags/subdags/subdag.py
[2022-01-28 20:52:37,144] {processor.py:171} INFO - Processing /home/data-eginner/Documents/Soccer_Data/env/lib/python3.8/site-packages/airflow/example_dags/subdags/subdag.py took 0.054 seconds
[2022-01-28 20:53:22,499] {processor.py:163} INFO - Started process (PID=17620) to work on /home/data-eginner/Documents/Soccer_Data/env/lib/python3.8/site-packages/airflow/example_dags/subdags/subdag.py
[2022-01-28 20:53:22,526] {processor.py:642} INFO - Processing file /home/data-eginner/Documents/Soccer_Data/env/lib/python3.8/site-packages/airflow/example_dags/subdags/subdag.py for tasks to queue
[2022-01-28 20:53:22,527] {logging_mixin.py:109} INFO - [2022-01-28 20:53:22,527] {dagbag.py:500} INFO - Filling up the DagBag from /home/data-eginner/Documents/Soccer_Data/env/lib/python3.8/site-packages/airflow/example_dags/subdags/subdag.py
[2022-01-28 20:53:22,649] {processor.py:656} WARNING - No viable dags retrieved from /home/data-eginner/Documents/Soccer_Data/env/lib/python3.8/site-packages/airflow/example_dags/subdags/subdag.py
[2022-01-28 20:53:22,681] {processor.py:171} INFO - Processing /home/data-eginner/Documents/Soccer_Data/env/lib/python3.8/site-packages/airflow/example_dags/subdags/subdag.py took 0.223 seconds
[2022-01-28 20:54:03,960] {processor.py:163} INFO - Started process (PID=17765) to work on /home/data-eginner/Documents/Soccer_Data/env/lib/python3.8/site-packages/airflow/example_dags/subdags/subdag.py
[2022-01-28 20:54:03,967] {processor.py:642} INFO - Processing file /home/data-eginner/Documents/Soccer_Data/env/lib/python3.8/site-packages/airflow/example_dags/subdags/subdag.py for tasks to queue
[2022-01-28 20:54:03,968] {logging_mixin.py:109} INFO - [2022-01-28 20:54:03,968] {dagbag.py:500} INFO - Filling up the DagBag from /home/data-eginner/Documents/Soccer_Data/env/lib/python3.8/site-packages/airflow/example_dags/subdags/subdag.py
[2022-01-28 20:54:04,008] {processor.py:656} WARNING - No viable dags retrieved from /home/data-eginner/Documents/Soccer_Data/env/lib/python3.8/site-packages/airflow/example_dags/subdags/subdag.py
[2022-01-28 20:54:04,022] {processor.py:171} INFO - Processing /home/data-eginner/Documents/Soccer_Data/env/lib/python3.8/site-packages/airflow/example_dags/subdags/subdag.py took 0.064 seconds
[2022-01-28 20:54:48,046] {processor.py:163} INFO - Started process (PID=17908) to work on /home/data-eginner/Documents/Soccer_Data/env/lib/python3.8/site-packages/airflow/example_dags/subdags/subdag.py
[2022-01-28 20:54:48,074] {processor.py:642} INFO - Processing file /home/data-eginner/Documents/Soccer_Data/env/lib/python3.8/site-packages/airflow/example_dags/subdags/subdag.py for tasks to queue
[2022-01-28 20:54:48,119] {logging_mixin.py:109} INFO - [2022-01-28 20:54:48,075] {dagbag.py:500} INFO - Filling up the DagBag from /home/data-eginner/Documents/Soccer_Data/env/lib/python3.8/site-packages/airflow/example_dags/subdags/subdag.py
[2022-01-28 20:54:48,185] {processor.py:656} WARNING - No viable dags retrieved from /home/data-eginner/Documents/Soccer_Data/env/lib/python3.8/site-packages/airflow/example_dags/subdags/subdag.py
[2022-01-28 20:54:48,190] {processor.py:171} INFO - Processing /home/data-eginner/Documents/Soccer_Data/env/lib/python3.8/site-packages/airflow/example_dags/subdags/subdag.py took 0.202 seconds
[2022-01-28 20:55:30,205] {processor.py:163} INFO - Started process (PID=18062) to work on /home/data-eginner/Documents/Soccer_Data/env/lib/python3.8/site-packages/airflow/example_dags/subdags/subdag.py
[2022-01-28 20:55:30,212] {processor.py:642} INFO - Processing file /home/data-eginner/Documents/Soccer_Data/env/lib/python3.8/site-packages/airflow/example_dags/subdags/subdag.py for tasks to queue
[2022-01-28 20:55:30,213] {logging_mixin.py:109} INFO - [2022-01-28 20:55:30,213] {dagbag.py:500} INFO - Filling up the DagBag from /home/data-eginner/Documents/Soccer_Data/env/lib/python3.8/site-packages/airflow/example_dags/subdags/subdag.py
[2022-01-28 20:55:30,247] {processor.py:656} WARNING - No viable dags retrieved from /home/data-eginner/Documents/Soccer_Data/env/lib/python3.8/site-packages/airflow/example_dags/subdags/subdag.py
[2022-01-28 20:55:30,249] {processor.py:171} INFO - Processing /home/data-eginner/Documents/Soccer_Data/env/lib/python3.8/site-packages/airflow/example_dags/subdags/subdag.py took 0.047 seconds
[2022-01-28 20:56:23,183] {processor.py:163} INFO - Started process (PID=18228) to work on /home/data-eginner/Documents/Soccer_Data/env/lib/python3.8/site-packages/airflow/example_dags/subdags/subdag.py
[2022-01-28 20:56:23,191] {processor.py:642} INFO - Processing file /home/data-eginner/Documents/Soccer_Data/env/lib/python3.8/site-packages/airflow/example_dags/subdags/subdag.py for tasks to queue
[2022-01-28 20:56:23,191] {logging_mixin.py:109} INFO - [2022-01-28 20:56:23,191] {dagbag.py:500} INFO - Filling up the DagBag from /home/data-eginner/Documents/Soccer_Data/env/lib/python3.8/site-packages/airflow/example_dags/subdags/subdag.py
[2022-01-28 20:56:23,214] {processor.py:656} WARNING - No viable dags retrieved from /home/data-eginner/Documents/Soccer_Data/env/lib/python3.8/site-packages/airflow/example_dags/subdags/subdag.py
[2022-01-28 20:56:23,216] {processor.py:171} INFO - Processing /home/data-eginner/Documents/Soccer_Data/env/lib/python3.8/site-packages/airflow/example_dags/subdags/subdag.py took 0.062 seconds
[2022-01-28 20:57:06,776] {processor.py:163} INFO - Started process (PID=18379) to work on /home/data-eginner/Documents/Soccer_Data/env/lib/python3.8/site-packages/airflow/example_dags/subdags/subdag.py
[2022-01-28 20:57:06,791] {processor.py:642} INFO - Processing file /home/data-eginner/Documents/Soccer_Data/env/lib/python3.8/site-packages/airflow/example_dags/subdags/subdag.py for tasks to queue
[2022-01-28 20:57:06,792] {logging_mixin.py:109} INFO - [2022-01-28 20:57:06,792] {dagbag.py:500} INFO - Filling up the DagBag from /home/data-eginner/Documents/Soccer_Data/env/lib/python3.8/site-packages/airflow/example_dags/subdags/subdag.py
[2022-01-28 20:57:06,816] {processor.py:656} WARNING - No viable dags retrieved from /home/data-eginner/Documents/Soccer_Data/env/lib/python3.8/site-packages/airflow/example_dags/subdags/subdag.py
[2022-01-28 20:57:06,819] {processor.py:171} INFO - Processing /home/data-eginner/Documents/Soccer_Data/env/lib/python3.8/site-packages/airflow/example_dags/subdags/subdag.py took 0.046 seconds
[2022-01-28 20:57:44,801] {processor.py:163} INFO - Started process (PID=18513) to work on /home/data-eginner/Documents/Soccer_Data/env/lib/python3.8/site-packages/airflow/example_dags/subdags/subdag.py
[2022-01-28 20:57:44,820] {processor.py:642} INFO - Processing file /home/data-eginner/Documents/Soccer_Data/env/lib/python3.8/site-packages/airflow/example_dags/subdags/subdag.py for tasks to queue
[2022-01-28 20:57:44,820] {logging_mixin.py:109} INFO - [2022-01-28 20:57:44,820] {dagbag.py:500} INFO - Filling up the DagBag from /home/data-eginner/Documents/Soccer_Data/env/lib/python3.8/site-packages/airflow/example_dags/subdags/subdag.py
[2022-01-28 20:57:44,849] {processor.py:656} WARNING - No viable dags retrieved from /home/data-eginner/Documents/Soccer_Data/env/lib/python3.8/site-packages/airflow/example_dags/subdags/subdag.py
[2022-01-28 20:57:44,851] {processor.py:171} INFO - Processing /home/data-eginner/Documents/Soccer_Data/env/lib/python3.8/site-packages/airflow/example_dags/subdags/subdag.py took 0.075 seconds
[2022-01-28 20:58:33,879] {processor.py:163} INFO - Started process (PID=18681) to work on /home/data-eginner/Documents/Soccer_Data/env/lib/python3.8/site-packages/airflow/example_dags/subdags/subdag.py
[2022-01-28 20:58:33,893] {processor.py:642} INFO - Processing file /home/data-eginner/Documents/Soccer_Data/env/lib/python3.8/site-packages/airflow/example_dags/subdags/subdag.py for tasks to queue
[2022-01-28 20:58:33,893] {logging_mixin.py:109} INFO - [2022-01-28 20:58:33,893] {dagbag.py:500} INFO - Filling up the DagBag from /home/data-eginner/Documents/Soccer_Data/env/lib/python3.8/site-packages/airflow/example_dags/subdags/subdag.py
[2022-01-28 20:58:33,932] {processor.py:656} WARNING - No viable dags retrieved from /home/data-eginner/Documents/Soccer_Data/env/lib/python3.8/site-packages/airflow/example_dags/subdags/subdag.py
[2022-01-28 20:58:33,936] {processor.py:171} INFO - Processing /home/data-eginner/Documents/Soccer_Data/env/lib/python3.8/site-packages/airflow/example_dags/subdags/subdag.py took 0.073 seconds
[2022-01-28 20:59:37,980] {processor.py:163} INFO - Started process (PID=18850) to work on /home/data-eginner/Documents/Soccer_Data/env/lib/python3.8/site-packages/airflow/example_dags/subdags/subdag.py
[2022-01-28 20:59:38,045] {processor.py:642} INFO - Processing file /home/data-eginner/Documents/Soccer_Data/env/lib/python3.8/site-packages/airflow/example_dags/subdags/subdag.py for tasks to queue
[2022-01-28 20:59:38,045] {logging_mixin.py:109} INFO - [2022-01-28 20:59:38,045] {dagbag.py:500} INFO - Filling up the DagBag from /home/data-eginner/Documents/Soccer_Data/env/lib/python3.8/site-packages/airflow/example_dags/subdags/subdag.py
[2022-01-28 20:59:38,128] {processor.py:656} WARNING - No viable dags retrieved from /home/data-eginner/Documents/Soccer_Data/env/lib/python3.8/site-packages/airflow/example_dags/subdags/subdag.py
[2022-01-28 20:59:38,131] {processor.py:171} INFO - Processing /home/data-eginner/Documents/Soccer_Data/env/lib/python3.8/site-packages/airflow/example_dags/subdags/subdag.py took 0.154 seconds
