[2022-01-28 21:08:00,301] {processor.py:163} INFO - Started process (PID=19685) to work on /home/data-eginner/Documents/Soccer_Data/env/lib/python3.8/site-packages/airflow/example_dags/example_xcom.py
[2022-01-28 21:08:00,302] {processor.py:642} INFO - Processing file /home/data-eginner/Documents/Soccer_Data/env/lib/python3.8/site-packages/airflow/example_dags/example_xcom.py for tasks to queue
[2022-01-28 21:08:00,303] {logging_mixin.py:109} INFO - [2022-01-28 21:08:00,303] {dagbag.py:500} INFO - Filling up the DagBag from /home/data-eginner/Documents/Soccer_Data/env/lib/python3.8/site-packages/airflow/example_dags/example_xcom.py
[2022-01-28 21:08:00,363] {processor.py:654} INFO - DAG(s) dict_keys(['example_xcom']) retrieved from /home/data-eginner/Documents/Soccer_Data/env/lib/python3.8/site-packages/airflow/example_dags/example_xcom.py
[2022-01-28 21:08:01,074] {logging_mixin.py:109} INFO - [2022-01-28 21:08:01,074] {dag.py:2396} INFO - Sync 1 DAGs
[2022-01-28 21:08:01,083] {logging_mixin.py:109} INFO - [2022-01-28 21:08:01,083] {dag.py:2935} INFO - Setting next_dagrun for example_xcom to 2021-01-01T00:00:00+00:00
[2022-01-28 21:08:01,212] {processor.py:171} INFO - Processing /home/data-eginner/Documents/Soccer_Data/env/lib/python3.8/site-packages/airflow/example_dags/example_xcom.py took 0.958 seconds
[2022-01-28 21:08:46,913] {processor.py:163} INFO - Started process (PID=19868) to work on /home/data-eginner/Documents/Soccer_Data/env/lib/python3.8/site-packages/airflow/example_dags/example_xcom.py
[2022-01-28 21:08:46,915] {processor.py:642} INFO - Processing file /home/data-eginner/Documents/Soccer_Data/env/lib/python3.8/site-packages/airflow/example_dags/example_xcom.py for tasks to queue
[2022-01-28 21:08:46,916] {logging_mixin.py:109} INFO - [2022-01-28 21:08:46,916] {dagbag.py:500} INFO - Filling up the DagBag from /home/data-eginner/Documents/Soccer_Data/env/lib/python3.8/site-packages/airflow/example_dags/example_xcom.py
[2022-01-28 21:08:46,951] {processor.py:654} INFO - DAG(s) dict_keys(['example_xcom']) retrieved from /home/data-eginner/Documents/Soccer_Data/env/lib/python3.8/site-packages/airflow/example_dags/example_xcom.py
[2022-01-28 21:08:47,228] {logging_mixin.py:109} INFO - [2022-01-28 21:08:47,228] {dag.py:2396} INFO - Sync 1 DAGs
[2022-01-28 21:08:47,238] {logging_mixin.py:109} INFO - [2022-01-28 21:08:47,237] {dag.py:2935} INFO - Setting next_dagrun for example_xcom to 2021-01-01T00:00:00+00:00
[2022-01-28 21:08:47,267] {processor.py:171} INFO - Processing /home/data-eginner/Documents/Soccer_Data/env/lib/python3.8/site-packages/airflow/example_dags/example_xcom.py took 0.358 seconds
[2022-01-28 21:09:35,938] {processor.py:163} INFO - Started process (PID=20046) to work on /home/data-eginner/Documents/Soccer_Data/env/lib/python3.8/site-packages/airflow/example_dags/example_xcom.py
[2022-01-28 21:09:35,967] {processor.py:642} INFO - Processing file /home/data-eginner/Documents/Soccer_Data/env/lib/python3.8/site-packages/airflow/example_dags/example_xcom.py for tasks to queue
[2022-01-28 21:09:35,968] {logging_mixin.py:109} INFO - [2022-01-28 21:09:35,968] {dagbag.py:500} INFO - Filling up the DagBag from /home/data-eginner/Documents/Soccer_Data/env/lib/python3.8/site-packages/airflow/example_dags/example_xcom.py
[2022-01-28 21:09:36,089] {processor.py:654} INFO - DAG(s) dict_keys(['example_xcom']) retrieved from /home/data-eginner/Documents/Soccer_Data/env/lib/python3.8/site-packages/airflow/example_dags/example_xcom.py
[2022-01-28 21:09:36,935] {logging_mixin.py:109} INFO - [2022-01-28 21:09:36,935] {dag.py:2396} INFO - Sync 1 DAGs
[2022-01-28 21:09:36,981] {logging_mixin.py:109} INFO - [2022-01-28 21:09:36,981] {dag.py:2935} INFO - Setting next_dagrun for example_xcom to 2021-01-01T00:00:00+00:00
[2022-01-28 21:09:37,041] {processor.py:171} INFO - Processing /home/data-eginner/Documents/Soccer_Data/env/lib/python3.8/site-packages/airflow/example_dags/example_xcom.py took 1.105 seconds
[2022-01-28 21:10:17,148] {processor.py:163} INFO - Started process (PID=20194) to work on /home/data-eginner/Documents/Soccer_Data/env/lib/python3.8/site-packages/airflow/example_dags/example_xcom.py
[2022-01-28 21:10:17,153] {processor.py:642} INFO - Processing file /home/data-eginner/Documents/Soccer_Data/env/lib/python3.8/site-packages/airflow/example_dags/example_xcom.py for tasks to queue
[2022-01-28 21:10:17,154] {logging_mixin.py:109} INFO - [2022-01-28 21:10:17,154] {dagbag.py:500} INFO - Filling up the DagBag from /home/data-eginner/Documents/Soccer_Data/env/lib/python3.8/site-packages/airflow/example_dags/example_xcom.py
[2022-01-28 21:10:17,183] {processor.py:654} INFO - DAG(s) dict_keys(['example_xcom']) retrieved from /home/data-eginner/Documents/Soccer_Data/env/lib/python3.8/site-packages/airflow/example_dags/example_xcom.py
[2022-01-28 21:10:17,449] {logging_mixin.py:109} INFO - [2022-01-28 21:10:17,448] {dag.py:2396} INFO - Sync 1 DAGs
[2022-01-28 21:10:17,463] {logging_mixin.py:109} INFO - [2022-01-28 21:10:17,462] {dag.py:2935} INFO - Setting next_dagrun for example_xcom to 2021-01-01T00:00:00+00:00
[2022-01-28 21:10:17,505] {processor.py:171} INFO - Processing /home/data-eginner/Documents/Soccer_Data/env/lib/python3.8/site-packages/airflow/example_dags/example_xcom.py took 0.359 seconds
[2022-01-28 21:10:55,388] {processor.py:163} INFO - Started process (PID=20358) to work on /home/data-eginner/Documents/Soccer_Data/env/lib/python3.8/site-packages/airflow/example_dags/example_xcom.py
[2022-01-28 21:10:55,392] {processor.py:642} INFO - Processing file /home/data-eginner/Documents/Soccer_Data/env/lib/python3.8/site-packages/airflow/example_dags/example_xcom.py for tasks to queue
[2022-01-28 21:10:55,397] {logging_mixin.py:109} INFO - [2022-01-28 21:10:55,397] {dagbag.py:500} INFO - Filling up the DagBag from /home/data-eginner/Documents/Soccer_Data/env/lib/python3.8/site-packages/airflow/example_dags/example_xcom.py
[2022-01-28 21:10:55,422] {processor.py:654} INFO - DAG(s) dict_keys(['example_xcom']) retrieved from /home/data-eginner/Documents/Soccer_Data/env/lib/python3.8/site-packages/airflow/example_dags/example_xcom.py
[2022-01-28 21:10:55,687] {logging_mixin.py:109} INFO - [2022-01-28 21:10:55,687] {dag.py:2396} INFO - Sync 1 DAGs
[2022-01-28 21:10:55,700] {logging_mixin.py:109} INFO - [2022-01-28 21:10:55,700] {dag.py:2935} INFO - Setting next_dagrun for example_xcom to 2021-01-01T00:00:00+00:00
[2022-01-28 21:10:55,724] {processor.py:171} INFO - Processing /home/data-eginner/Documents/Soccer_Data/env/lib/python3.8/site-packages/airflow/example_dags/example_xcom.py took 0.339 seconds
[2022-01-28 21:11:28,919] {processor.py:163} INFO - Started process (PID=20484) to work on /home/data-eginner/Documents/Soccer_Data/env/lib/python3.8/site-packages/airflow/example_dags/example_xcom.py
[2022-01-28 21:11:28,922] {processor.py:642} INFO - Processing file /home/data-eginner/Documents/Soccer_Data/env/lib/python3.8/site-packages/airflow/example_dags/example_xcom.py for tasks to queue
[2022-01-28 21:11:28,923] {logging_mixin.py:109} INFO - [2022-01-28 21:11:28,923] {dagbag.py:500} INFO - Filling up the DagBag from /home/data-eginner/Documents/Soccer_Data/env/lib/python3.8/site-packages/airflow/example_dags/example_xcom.py
[2022-01-28 21:11:28,980] {processor.py:654} INFO - DAG(s) dict_keys(['example_xcom']) retrieved from /home/data-eginner/Documents/Soccer_Data/env/lib/python3.8/site-packages/airflow/example_dags/example_xcom.py
[2022-01-28 21:11:29,229] {logging_mixin.py:109} INFO - [2022-01-28 21:11:29,229] {dag.py:2396} INFO - Sync 1 DAGs
[2022-01-28 21:11:29,240] {logging_mixin.py:109} INFO - [2022-01-28 21:11:29,240] {dag.py:2935} INFO - Setting next_dagrun for example_xcom to 2021-01-01T00:00:00+00:00
[2022-01-28 21:11:29,266] {processor.py:171} INFO - Processing /home/data-eginner/Documents/Soccer_Data/env/lib/python3.8/site-packages/airflow/example_dags/example_xcom.py took 0.350 seconds
[2022-01-28 21:12:07,696] {processor.py:163} INFO - Started process (PID=20639) to work on /home/data-eginner/Documents/Soccer_Data/env/lib/python3.8/site-packages/airflow/example_dags/example_xcom.py
[2022-01-28 21:12:07,698] {processor.py:642} INFO - Processing file /home/data-eginner/Documents/Soccer_Data/env/lib/python3.8/site-packages/airflow/example_dags/example_xcom.py for tasks to queue
[2022-01-28 21:12:07,699] {logging_mixin.py:109} INFO - [2022-01-28 21:12:07,699] {dagbag.py:500} INFO - Filling up the DagBag from /home/data-eginner/Documents/Soccer_Data/env/lib/python3.8/site-packages/airflow/example_dags/example_xcom.py
[2022-01-28 21:12:07,731] {processor.py:654} INFO - DAG(s) dict_keys(['example_xcom']) retrieved from /home/data-eginner/Documents/Soccer_Data/env/lib/python3.8/site-packages/airflow/example_dags/example_xcom.py
[2022-01-28 21:12:07,984] {logging_mixin.py:109} INFO - [2022-01-28 21:12:07,984] {dag.py:2396} INFO - Sync 1 DAGs
[2022-01-28 21:12:07,999] {logging_mixin.py:109} INFO - [2022-01-28 21:12:07,999] {dag.py:2935} INFO - Setting next_dagrun for example_xcom to 2021-01-01T00:00:00+00:00
[2022-01-28 21:12:08,031] {processor.py:171} INFO - Processing /home/data-eginner/Documents/Soccer_Data/env/lib/python3.8/site-packages/airflow/example_dags/example_xcom.py took 0.343 seconds
[2022-01-28 21:12:44,621] {processor.py:163} INFO - Started process (PID=20779) to work on /home/data-eginner/Documents/Soccer_Data/env/lib/python3.8/site-packages/airflow/example_dags/example_xcom.py
[2022-01-28 21:12:44,640] {processor.py:642} INFO - Processing file /home/data-eginner/Documents/Soccer_Data/env/lib/python3.8/site-packages/airflow/example_dags/example_xcom.py for tasks to queue
[2022-01-28 21:12:44,640] {logging_mixin.py:109} INFO - [2022-01-28 21:12:44,640] {dagbag.py:500} INFO - Filling up the DagBag from /home/data-eginner/Documents/Soccer_Data/env/lib/python3.8/site-packages/airflow/example_dags/example_xcom.py
[2022-01-28 21:12:44,683] {processor.py:654} INFO - DAG(s) dict_keys(['example_xcom']) retrieved from /home/data-eginner/Documents/Soccer_Data/env/lib/python3.8/site-packages/airflow/example_dags/example_xcom.py
[2022-01-28 21:12:44,964] {logging_mixin.py:109} INFO - [2022-01-28 21:12:44,964] {dag.py:2396} INFO - Sync 1 DAGs
[2022-01-28 21:12:44,979] {logging_mixin.py:109} INFO - [2022-01-28 21:12:44,979] {dag.py:2935} INFO - Setting next_dagrun for example_xcom to 2021-01-01T00:00:00+00:00
[2022-01-28 21:12:45,012] {processor.py:171} INFO - Processing /home/data-eginner/Documents/Soccer_Data/env/lib/python3.8/site-packages/airflow/example_dags/example_xcom.py took 0.393 seconds
[2022-01-28 21:13:20,899] {processor.py:163} INFO - Started process (PID=20917) to work on /home/data-eginner/Documents/Soccer_Data/env/lib/python3.8/site-packages/airflow/example_dags/example_xcom.py
[2022-01-28 21:13:20,902] {processor.py:642} INFO - Processing file /home/data-eginner/Documents/Soccer_Data/env/lib/python3.8/site-packages/airflow/example_dags/example_xcom.py for tasks to queue
[2022-01-28 21:13:20,903] {logging_mixin.py:109} INFO - [2022-01-28 21:13:20,903] {dagbag.py:500} INFO - Filling up the DagBag from /home/data-eginner/Documents/Soccer_Data/env/lib/python3.8/site-packages/airflow/example_dags/example_xcom.py
[2022-01-28 21:13:20,936] {processor.py:654} INFO - DAG(s) dict_keys(['example_xcom']) retrieved from /home/data-eginner/Documents/Soccer_Data/env/lib/python3.8/site-packages/airflow/example_dags/example_xcom.py
[2022-01-28 21:13:21,224] {logging_mixin.py:109} INFO - [2022-01-28 21:13:21,224] {dag.py:2396} INFO - Sync 1 DAGs
[2022-01-28 21:13:21,238] {logging_mixin.py:109} INFO - [2022-01-28 21:13:21,238] {dag.py:2935} INFO - Setting next_dagrun for example_xcom to 2021-01-01T00:00:00+00:00
[2022-01-28 21:13:21,258] {processor.py:171} INFO - Processing /home/data-eginner/Documents/Soccer_Data/env/lib/python3.8/site-packages/airflow/example_dags/example_xcom.py took 0.361 seconds
[2022-01-28 21:14:05,937] {processor.py:163} INFO - Started process (PID=21078) to work on /home/data-eginner/Documents/Soccer_Data/env/lib/python3.8/site-packages/airflow/example_dags/example_xcom.py
[2022-01-28 21:14:05,942] {processor.py:642} INFO - Processing file /home/data-eginner/Documents/Soccer_Data/env/lib/python3.8/site-packages/airflow/example_dags/example_xcom.py for tasks to queue
[2022-01-28 21:14:05,943] {logging_mixin.py:109} INFO - [2022-01-28 21:14:05,943] {dagbag.py:500} INFO - Filling up the DagBag from /home/data-eginner/Documents/Soccer_Data/env/lib/python3.8/site-packages/airflow/example_dags/example_xcom.py
[2022-01-28 21:14:05,977] {processor.py:654} INFO - DAG(s) dict_keys(['example_xcom']) retrieved from /home/data-eginner/Documents/Soccer_Data/env/lib/python3.8/site-packages/airflow/example_dags/example_xcom.py
[2022-01-28 21:14:06,423] {logging_mixin.py:109} INFO - [2022-01-28 21:14:06,423] {dag.py:2396} INFO - Sync 1 DAGs
[2022-01-28 21:14:06,460] {logging_mixin.py:109} INFO - [2022-01-28 21:14:06,460] {dag.py:2935} INFO - Setting next_dagrun for example_xcom to 2021-01-01T00:00:00+00:00
[2022-01-28 21:14:06,507] {processor.py:171} INFO - Processing /home/data-eginner/Documents/Soccer_Data/env/lib/python3.8/site-packages/airflow/example_dags/example_xcom.py took 0.574 seconds
[2022-01-28 21:15:10,113] {processor.py:163} INFO - Started process (PID=21294) to work on /home/data-eginner/Documents/Soccer_Data/env/lib/python3.8/site-packages/airflow/example_dags/example_xcom.py
[2022-01-28 21:15:10,145] {processor.py:642} INFO - Processing file /home/data-eginner/Documents/Soccer_Data/env/lib/python3.8/site-packages/airflow/example_dags/example_xcom.py for tasks to queue
[2022-01-28 21:15:10,145] {logging_mixin.py:109} INFO - [2022-01-28 21:15:10,145] {dagbag.py:500} INFO - Filling up the DagBag from /home/data-eginner/Documents/Soccer_Data/env/lib/python3.8/site-packages/airflow/example_dags/example_xcom.py
[2022-01-28 21:15:10,249] {processor.py:654} INFO - DAG(s) dict_keys(['example_xcom']) retrieved from /home/data-eginner/Documents/Soccer_Data/env/lib/python3.8/site-packages/airflow/example_dags/example_xcom.py
[2022-01-28 21:15:11,151] {logging_mixin.py:109} INFO - [2022-01-28 21:15:11,151] {dag.py:2396} INFO - Sync 1 DAGs
[2022-01-28 21:15:11,196] {logging_mixin.py:109} INFO - [2022-01-28 21:15:11,196] {dag.py:2935} INFO - Setting next_dagrun for example_xcom to 2021-01-01T00:00:00+00:00
[2022-01-28 21:15:11,255] {processor.py:171} INFO - Processing /home/data-eginner/Documents/Soccer_Data/env/lib/python3.8/site-packages/airflow/example_dags/example_xcom.py took 1.145 seconds
[2022-01-28 21:16:07,574] {processor.py:163} INFO - Started process (PID=21473) to work on /home/data-eginner/Documents/Soccer_Data/env/lib/python3.8/site-packages/airflow/example_dags/example_xcom.py
[2022-01-28 21:16:07,594] {processor.py:642} INFO - Processing file /home/data-eginner/Documents/Soccer_Data/env/lib/python3.8/site-packages/airflow/example_dags/example_xcom.py for tasks to queue
[2022-01-28 21:16:07,595] {logging_mixin.py:109} INFO - [2022-01-28 21:16:07,595] {dagbag.py:500} INFO - Filling up the DagBag from /home/data-eginner/Documents/Soccer_Data/env/lib/python3.8/site-packages/airflow/example_dags/example_xcom.py
[2022-01-28 21:16:07,706] {processor.py:654} INFO - DAG(s) dict_keys(['example_xcom']) retrieved from /home/data-eginner/Documents/Soccer_Data/env/lib/python3.8/site-packages/airflow/example_dags/example_xcom.py
[2022-01-28 21:16:08,411] {logging_mixin.py:109} INFO - [2022-01-28 21:16:08,411] {dag.py:2396} INFO - Sync 1 DAGs
[2022-01-28 21:16:08,453] {logging_mixin.py:109} INFO - [2022-01-28 21:16:08,453] {dag.py:2935} INFO - Setting next_dagrun for example_xcom to 2021-01-01T00:00:00+00:00
[2022-01-28 21:16:08,497] {processor.py:171} INFO - Processing /home/data-eginner/Documents/Soccer_Data/env/lib/python3.8/site-packages/airflow/example_dags/example_xcom.py took 0.985 seconds
[2022-01-28 21:16:55,518] {processor.py:163} INFO - Started process (PID=21624) to work on /home/data-eginner/Documents/Soccer_Data/env/lib/python3.8/site-packages/airflow/example_dags/example_xcom.py
[2022-01-28 21:16:55,533] {processor.py:642} INFO - Processing file /home/data-eginner/Documents/Soccer_Data/env/lib/python3.8/site-packages/airflow/example_dags/example_xcom.py for tasks to queue
[2022-01-28 21:16:55,533] {logging_mixin.py:109} INFO - [2022-01-28 21:16:55,533] {dagbag.py:500} INFO - Filling up the DagBag from /home/data-eginner/Documents/Soccer_Data/env/lib/python3.8/site-packages/airflow/example_dags/example_xcom.py
[2022-01-28 21:16:55,655] {processor.py:654} INFO - DAG(s) dict_keys(['example_xcom']) retrieved from /home/data-eginner/Documents/Soccer_Data/env/lib/python3.8/site-packages/airflow/example_dags/example_xcom.py
[2022-01-28 21:16:56,338] {logging_mixin.py:109} INFO - [2022-01-28 21:16:56,338] {dag.py:2396} INFO - Sync 1 DAGs
[2022-01-28 21:16:56,369] {logging_mixin.py:109} INFO - [2022-01-28 21:16:56,368] {dag.py:2935} INFO - Setting next_dagrun for example_xcom to 2021-01-01T00:00:00+00:00
[2022-01-28 21:16:56,438] {processor.py:171} INFO - Processing /home/data-eginner/Documents/Soccer_Data/env/lib/python3.8/site-packages/airflow/example_dags/example_xcom.py took 0.922 seconds
[2022-01-28 21:17:45,579] {processor.py:163} INFO - Started process (PID=21774) to work on /home/data-eginner/Documents/Soccer_Data/env/lib/python3.8/site-packages/airflow/example_dags/example_xcom.py
[2022-01-28 21:17:45,599] {processor.py:642} INFO - Processing file /home/data-eginner/Documents/Soccer_Data/env/lib/python3.8/site-packages/airflow/example_dags/example_xcom.py for tasks to queue
[2022-01-28 21:17:45,600] {logging_mixin.py:109} INFO - [2022-01-28 21:17:45,600] {dagbag.py:500} INFO - Filling up the DagBag from /home/data-eginner/Documents/Soccer_Data/env/lib/python3.8/site-packages/airflow/example_dags/example_xcom.py
[2022-01-28 21:17:45,657] {processor.py:654} INFO - DAG(s) dict_keys(['example_xcom']) retrieved from /home/data-eginner/Documents/Soccer_Data/env/lib/python3.8/site-packages/airflow/example_dags/example_xcom.py
[2022-01-28 21:17:46,179] {logging_mixin.py:109} INFO - [2022-01-28 21:17:46,179] {dag.py:2396} INFO - Sync 1 DAGs
[2022-01-28 21:17:46,202] {logging_mixin.py:109} INFO - [2022-01-28 21:17:46,202] {dag.py:2935} INFO - Setting next_dagrun for example_xcom to 2021-01-01T00:00:00+00:00
[2022-01-28 21:17:46,306] {processor.py:171} INFO - Processing /home/data-eginner/Documents/Soccer_Data/env/lib/python3.8/site-packages/airflow/example_dags/example_xcom.py took 0.729 seconds
[2022-01-28 21:18:37,736] {processor.py:163} INFO - Started process (PID=21935) to work on /home/data-eginner/Documents/Soccer_Data/env/lib/python3.8/site-packages/airflow/example_dags/example_xcom.py
[2022-01-28 21:18:37,763] {processor.py:642} INFO - Processing file /home/data-eginner/Documents/Soccer_Data/env/lib/python3.8/site-packages/airflow/example_dags/example_xcom.py for tasks to queue
[2022-01-28 21:18:37,763] {logging_mixin.py:109} INFO - [2022-01-28 21:18:37,763] {dagbag.py:500} INFO - Filling up the DagBag from /home/data-eginner/Documents/Soccer_Data/env/lib/python3.8/site-packages/airflow/example_dags/example_xcom.py
[2022-01-28 21:18:37,829] {processor.py:654} INFO - DAG(s) dict_keys(['example_xcom']) retrieved from /home/data-eginner/Documents/Soccer_Data/env/lib/python3.8/site-packages/airflow/example_dags/example_xcom.py
[2022-01-28 21:18:38,429] {logging_mixin.py:109} INFO - [2022-01-28 21:18:38,429] {dag.py:2396} INFO - Sync 1 DAGs
[2022-01-28 21:18:38,473] {logging_mixin.py:109} INFO - [2022-01-28 21:18:38,472] {dag.py:2935} INFO - Setting next_dagrun for example_xcom to 2021-01-01T00:00:00+00:00
[2022-01-28 21:18:38,564] {processor.py:171} INFO - Processing /home/data-eginner/Documents/Soccer_Data/env/lib/python3.8/site-packages/airflow/example_dags/example_xcom.py took 0.841 seconds
[2022-01-28 21:19:30,252] {processor.py:163} INFO - Started process (PID=22094) to work on /home/data-eginner/Documents/Soccer_Data/env/lib/python3.8/site-packages/airflow/example_dags/example_xcom.py
[2022-01-28 21:19:30,273] {processor.py:642} INFO - Processing file /home/data-eginner/Documents/Soccer_Data/env/lib/python3.8/site-packages/airflow/example_dags/example_xcom.py for tasks to queue
[2022-01-28 21:19:30,273] {logging_mixin.py:109} INFO - [2022-01-28 21:19:30,273] {dagbag.py:500} INFO - Filling up the DagBag from /home/data-eginner/Documents/Soccer_Data/env/lib/python3.8/site-packages/airflow/example_dags/example_xcom.py
[2022-01-28 21:19:30,344] {processor.py:654} INFO - DAG(s) dict_keys(['example_xcom']) retrieved from /home/data-eginner/Documents/Soccer_Data/env/lib/python3.8/site-packages/airflow/example_dags/example_xcom.py
[2022-01-28 21:19:31,031] {logging_mixin.py:109} INFO - [2022-01-28 21:19:31,031] {dag.py:2396} INFO - Sync 1 DAGs
[2022-01-28 21:19:31,065] {logging_mixin.py:109} INFO - [2022-01-28 21:19:31,064] {dag.py:2935} INFO - Setting next_dagrun for example_xcom to 2021-01-01T00:00:00+00:00
[2022-01-28 21:19:31,107] {processor.py:171} INFO - Processing /home/data-eginner/Documents/Soccer_Data/env/lib/python3.8/site-packages/airflow/example_dags/example_xcom.py took 0.898 seconds
[2022-01-28 21:20:18,624] {processor.py:163} INFO - Started process (PID=22267) to work on /home/data-eginner/Documents/Soccer_Data/env/lib/python3.8/site-packages/airflow/example_dags/example_xcom.py
[2022-01-28 21:20:18,638] {processor.py:642} INFO - Processing file /home/data-eginner/Documents/Soccer_Data/env/lib/python3.8/site-packages/airflow/example_dags/example_xcom.py for tasks to queue
[2022-01-28 21:20:18,639] {logging_mixin.py:109} INFO - [2022-01-28 21:20:18,638] {dagbag.py:500} INFO - Filling up the DagBag from /home/data-eginner/Documents/Soccer_Data/env/lib/python3.8/site-packages/airflow/example_dags/example_xcom.py
[2022-01-28 21:20:18,673] {processor.py:654} INFO - DAG(s) dict_keys(['example_xcom']) retrieved from /home/data-eginner/Documents/Soccer_Data/env/lib/python3.8/site-packages/airflow/example_dags/example_xcom.py
[2022-01-28 21:20:19,132] {logging_mixin.py:109} INFO - [2022-01-28 21:20:19,132] {dag.py:2396} INFO - Sync 1 DAGs
[2022-01-28 21:20:19,144] {logging_mixin.py:109} INFO - [2022-01-28 21:20:19,144] {dag.py:2935} INFO - Setting next_dagrun for example_xcom to 2021-01-01T00:00:00+00:00
[2022-01-28 21:20:19,171] {processor.py:171} INFO - Processing /home/data-eginner/Documents/Soccer_Data/env/lib/python3.8/site-packages/airflow/example_dags/example_xcom.py took 0.550 seconds
[2022-01-28 21:21:01,155] {processor.py:163} INFO - Started process (PID=22407) to work on /home/data-eginner/Documents/Soccer_Data/env/lib/python3.8/site-packages/airflow/example_dags/example_xcom.py
[2022-01-28 21:21:01,163] {processor.py:642} INFO - Processing file /home/data-eginner/Documents/Soccer_Data/env/lib/python3.8/site-packages/airflow/example_dags/example_xcom.py for tasks to queue
[2022-01-28 21:21:01,163] {logging_mixin.py:109} INFO - [2022-01-28 21:21:01,163] {dagbag.py:500} INFO - Filling up the DagBag from /home/data-eginner/Documents/Soccer_Data/env/lib/python3.8/site-packages/airflow/example_dags/example_xcom.py
[2022-01-28 21:21:01,240] {processor.py:654} INFO - DAG(s) dict_keys(['example_xcom']) retrieved from /home/data-eginner/Documents/Soccer_Data/env/lib/python3.8/site-packages/airflow/example_dags/example_xcom.py
[2022-01-28 21:21:01,567] {logging_mixin.py:109} INFO - [2022-01-28 21:21:01,567] {dag.py:2396} INFO - Sync 1 DAGs
[2022-01-28 21:21:01,576] {logging_mixin.py:109} INFO - [2022-01-28 21:21:01,576] {dag.py:2935} INFO - Setting next_dagrun for example_xcom to 2021-01-01T00:00:00+00:00
[2022-01-28 21:21:01,645] {processor.py:171} INFO - Processing /home/data-eginner/Documents/Soccer_Data/env/lib/python3.8/site-packages/airflow/example_dags/example_xcom.py took 0.494 seconds
[2022-01-28 21:21:45,202] {processor.py:163} INFO - Started process (PID=22581) to work on /home/data-eginner/Documents/Soccer_Data/env/lib/python3.8/site-packages/airflow/example_dags/example_xcom.py
[2022-01-28 21:21:45,218] {processor.py:642} INFO - Processing file /home/data-eginner/Documents/Soccer_Data/env/lib/python3.8/site-packages/airflow/example_dags/example_xcom.py for tasks to queue
[2022-01-28 21:21:45,219] {logging_mixin.py:109} INFO - [2022-01-28 21:21:45,219] {dagbag.py:500} INFO - Filling up the DagBag from /home/data-eginner/Documents/Soccer_Data/env/lib/python3.8/site-packages/airflow/example_dags/example_xcom.py
[2022-01-28 21:21:45,280] {processor.py:654} INFO - DAG(s) dict_keys(['example_xcom']) retrieved from /home/data-eginner/Documents/Soccer_Data/env/lib/python3.8/site-packages/airflow/example_dags/example_xcom.py
[2022-01-28 21:21:45,873] {logging_mixin.py:109} INFO - [2022-01-28 21:21:45,872] {dag.py:2396} INFO - Sync 1 DAGs
[2022-01-28 21:21:45,925] {logging_mixin.py:109} INFO - [2022-01-28 21:21:45,924] {dag.py:2935} INFO - Setting next_dagrun for example_xcom to 2021-01-01T00:00:00+00:00
[2022-01-28 21:21:45,980] {processor.py:171} INFO - Processing /home/data-eginner/Documents/Soccer_Data/env/lib/python3.8/site-packages/airflow/example_dags/example_xcom.py took 0.781 seconds
[2022-01-28 21:26:06,168] {processor.py:163} INFO - Started process (PID=22839) to work on /home/data-eginner/Documents/Soccer_Data/env/lib/python3.8/site-packages/airflow/example_dags/example_xcom.py
[2022-01-28 21:26:06,186] {processor.py:642} INFO - Processing file /home/data-eginner/Documents/Soccer_Data/env/lib/python3.8/site-packages/airflow/example_dags/example_xcom.py for tasks to queue
[2022-01-28 21:26:06,187] {logging_mixin.py:109} INFO - [2022-01-28 21:26:06,187] {dagbag.py:500} INFO - Filling up the DagBag from /home/data-eginner/Documents/Soccer_Data/env/lib/python3.8/site-packages/airflow/example_dags/example_xcom.py
[2022-01-28 21:26:06,244] {processor.py:654} INFO - DAG(s) dict_keys(['example_xcom']) retrieved from /home/data-eginner/Documents/Soccer_Data/env/lib/python3.8/site-packages/airflow/example_dags/example_xcom.py
[2022-01-28 21:26:06,757] {logging_mixin.py:109} INFO - [2022-01-28 21:26:06,756] {dag.py:2396} INFO - Sync 1 DAGs
[2022-01-28 21:26:06,766] {logging_mixin.py:109} INFO - [2022-01-28 21:26:06,766] {dag.py:2935} INFO - Setting next_dagrun for example_xcom to 2021-01-01T00:00:00+00:00
[2022-01-28 21:26:06,806] {processor.py:171} INFO - Processing /home/data-eginner/Documents/Soccer_Data/env/lib/python3.8/site-packages/airflow/example_dags/example_xcom.py took 0.640 seconds
[2022-01-28 21:26:53,204] {processor.py:163} INFO - Started process (PID=23018) to work on /home/data-eginner/Documents/Soccer_Data/env/lib/python3.8/site-packages/airflow/example_dags/example_xcom.py
[2022-01-28 21:26:53,208] {processor.py:642} INFO - Processing file /home/data-eginner/Documents/Soccer_Data/env/lib/python3.8/site-packages/airflow/example_dags/example_xcom.py for tasks to queue
[2022-01-28 21:26:53,208] {logging_mixin.py:109} INFO - [2022-01-28 21:26:53,208] {dagbag.py:500} INFO - Filling up the DagBag from /home/data-eginner/Documents/Soccer_Data/env/lib/python3.8/site-packages/airflow/example_dags/example_xcom.py
[2022-01-28 21:26:53,257] {processor.py:654} INFO - DAG(s) dict_keys(['example_xcom']) retrieved from /home/data-eginner/Documents/Soccer_Data/env/lib/python3.8/site-packages/airflow/example_dags/example_xcom.py
[2022-01-28 21:26:53,676] {logging_mixin.py:109} INFO - [2022-01-28 21:26:53,676] {dag.py:2396} INFO - Sync 1 DAGs
[2022-01-28 21:26:53,698] {logging_mixin.py:109} INFO - [2022-01-28 21:26:53,698] {dag.py:2935} INFO - Setting next_dagrun for example_xcom to 2021-01-01T00:00:00+00:00
[2022-01-28 21:26:53,752] {processor.py:171} INFO - Processing /home/data-eginner/Documents/Soccer_Data/env/lib/python3.8/site-packages/airflow/example_dags/example_xcom.py took 0.551 seconds
[2022-01-28 21:27:35,377] {processor.py:163} INFO - Started process (PID=23187) to work on /home/data-eginner/Documents/Soccer_Data/env/lib/python3.8/site-packages/airflow/example_dags/example_xcom.py
[2022-01-28 21:27:35,395] {processor.py:642} INFO - Processing file /home/data-eginner/Documents/Soccer_Data/env/lib/python3.8/site-packages/airflow/example_dags/example_xcom.py for tasks to queue
[2022-01-28 21:27:35,402] {logging_mixin.py:109} INFO - [2022-01-28 21:27:35,402] {dagbag.py:500} INFO - Filling up the DagBag from /home/data-eginner/Documents/Soccer_Data/env/lib/python3.8/site-packages/airflow/example_dags/example_xcom.py
[2022-01-28 21:27:35,555] {processor.py:654} INFO - DAG(s) dict_keys(['example_xcom']) retrieved from /home/data-eginner/Documents/Soccer_Data/env/lib/python3.8/site-packages/airflow/example_dags/example_xcom.py
[2022-01-28 21:27:36,244] {logging_mixin.py:109} INFO - [2022-01-28 21:27:36,244] {dag.py:2396} INFO - Sync 1 DAGs
[2022-01-28 21:27:36,276] {logging_mixin.py:109} INFO - [2022-01-28 21:27:36,275] {dag.py:2935} INFO - Setting next_dagrun for example_xcom to 2021-01-01T00:00:00+00:00
[2022-01-28 21:27:36,356] {processor.py:171} INFO - Processing /home/data-eginner/Documents/Soccer_Data/env/lib/python3.8/site-packages/airflow/example_dags/example_xcom.py took 0.982 seconds
[2022-01-28 21:28:32,213] {processor.py:163} INFO - Started process (PID=23386) to work on /home/data-eginner/Documents/Soccer_Data/env/lib/python3.8/site-packages/airflow/example_dags/example_xcom.py
[2022-01-28 21:28:32,226] {processor.py:642} INFO - Processing file /home/data-eginner/Documents/Soccer_Data/env/lib/python3.8/site-packages/airflow/example_dags/example_xcom.py for tasks to queue
[2022-01-28 21:28:32,227] {logging_mixin.py:109} INFO - [2022-01-28 21:28:32,227] {dagbag.py:500} INFO - Filling up the DagBag from /home/data-eginner/Documents/Soccer_Data/env/lib/python3.8/site-packages/airflow/example_dags/example_xcom.py
[2022-01-28 21:28:32,334] {processor.py:654} INFO - DAG(s) dict_keys(['example_xcom']) retrieved from /home/data-eginner/Documents/Soccer_Data/env/lib/python3.8/site-packages/airflow/example_dags/example_xcom.py
[2022-01-28 21:28:33,556] {logging_mixin.py:109} INFO - [2022-01-28 21:28:33,556] {dag.py:2396} INFO - Sync 1 DAGs
[2022-01-28 21:28:33,634] {logging_mixin.py:109} INFO - [2022-01-28 21:28:33,634] {dag.py:2935} INFO - Setting next_dagrun for example_xcom to 2021-01-01T00:00:00+00:00
[2022-01-28 21:28:33,786] {processor.py:171} INFO - Processing /home/data-eginner/Documents/Soccer_Data/env/lib/python3.8/site-packages/airflow/example_dags/example_xcom.py took 1.576 seconds
[2022-01-28 21:29:25,694] {processor.py:163} INFO - Started process (PID=23555) to work on /home/data-eginner/Documents/Soccer_Data/env/lib/python3.8/site-packages/airflow/example_dags/example_xcom.py
[2022-01-28 21:29:25,703] {processor.py:642} INFO - Processing file /home/data-eginner/Documents/Soccer_Data/env/lib/python3.8/site-packages/airflow/example_dags/example_xcom.py for tasks to queue
[2022-01-28 21:29:25,705] {logging_mixin.py:109} INFO - [2022-01-28 21:29:25,705] {dagbag.py:500} INFO - Filling up the DagBag from /home/data-eginner/Documents/Soccer_Data/env/lib/python3.8/site-packages/airflow/example_dags/example_xcom.py
[2022-01-28 21:29:25,822] {processor.py:654} INFO - DAG(s) dict_keys(['example_xcom']) retrieved from /home/data-eginner/Documents/Soccer_Data/env/lib/python3.8/site-packages/airflow/example_dags/example_xcom.py
[2022-01-28 21:29:26,227] {logging_mixin.py:109} INFO - [2022-01-28 21:29:26,227] {dag.py:2396} INFO - Sync 1 DAGs
[2022-01-28 21:29:26,248] {logging_mixin.py:109} INFO - [2022-01-28 21:29:26,248] {dag.py:2935} INFO - Setting next_dagrun for example_xcom to 2021-01-01T00:00:00+00:00
[2022-01-28 21:29:26,269] {processor.py:171} INFO - Processing /home/data-eginner/Documents/Soccer_Data/env/lib/python3.8/site-packages/airflow/example_dags/example_xcom.py took 0.620 seconds
[2022-01-28 21:30:03,575] {processor.py:163} INFO - Started process (PID=23686) to work on /home/data-eginner/Documents/Soccer_Data/env/lib/python3.8/site-packages/airflow/example_dags/example_xcom.py
[2022-01-28 21:30:03,581] {processor.py:642} INFO - Processing file /home/data-eginner/Documents/Soccer_Data/env/lib/python3.8/site-packages/airflow/example_dags/example_xcom.py for tasks to queue
[2022-01-28 21:30:03,583] {logging_mixin.py:109} INFO - [2022-01-28 21:30:03,582] {dagbag.py:500} INFO - Filling up the DagBag from /home/data-eginner/Documents/Soccer_Data/env/lib/python3.8/site-packages/airflow/example_dags/example_xcom.py
[2022-01-28 21:30:03,641] {processor.py:654} INFO - DAG(s) dict_keys(['example_xcom']) retrieved from /home/data-eginner/Documents/Soccer_Data/env/lib/python3.8/site-packages/airflow/example_dags/example_xcom.py
[2022-01-28 21:30:03,926] {logging_mixin.py:109} INFO - [2022-01-28 21:30:03,926] {dag.py:2396} INFO - Sync 1 DAGs
[2022-01-28 21:30:03,952] {logging_mixin.py:109} INFO - [2022-01-28 21:30:03,952] {dag.py:2935} INFO - Setting next_dagrun for example_xcom to 2021-01-01T00:00:00+00:00
[2022-01-28 21:30:03,985] {processor.py:171} INFO - Processing /home/data-eginner/Documents/Soccer_Data/env/lib/python3.8/site-packages/airflow/example_dags/example_xcom.py took 0.441 seconds
[2022-01-28 21:30:52,112] {processor.py:163} INFO - Started process (PID=23860) to work on /home/data-eginner/Documents/Soccer_Data/env/lib/python3.8/site-packages/airflow/example_dags/example_xcom.py
[2022-01-28 21:30:52,131] {processor.py:642} INFO - Processing file /home/data-eginner/Documents/Soccer_Data/env/lib/python3.8/site-packages/airflow/example_dags/example_xcom.py for tasks to queue
[2022-01-28 21:30:52,132] {logging_mixin.py:109} INFO - [2022-01-28 21:30:52,132] {dagbag.py:500} INFO - Filling up the DagBag from /home/data-eginner/Documents/Soccer_Data/env/lib/python3.8/site-packages/airflow/example_dags/example_xcom.py
[2022-01-28 21:30:52,238] {processor.py:654} INFO - DAG(s) dict_keys(['example_xcom']) retrieved from /home/data-eginner/Documents/Soccer_Data/env/lib/python3.8/site-packages/airflow/example_dags/example_xcom.py
[2022-01-28 21:30:52,901] {logging_mixin.py:109} INFO - [2022-01-28 21:30:52,901] {dag.py:2396} INFO - Sync 1 DAGs
[2022-01-28 21:30:52,923] {logging_mixin.py:109} INFO - [2022-01-28 21:30:52,923] {dag.py:2935} INFO - Setting next_dagrun for example_xcom to 2021-01-01T00:00:00+00:00
[2022-01-28 21:30:53,084] {processor.py:171} INFO - Processing /home/data-eginner/Documents/Soccer_Data/env/lib/python3.8/site-packages/airflow/example_dags/example_xcom.py took 0.974 seconds
[2022-01-28 21:31:31,696] {processor.py:163} INFO - Started process (PID=23996) to work on /home/data-eginner/Documents/Soccer_Data/env/lib/python3.8/site-packages/airflow/example_dags/example_xcom.py
[2022-01-28 21:31:31,704] {processor.py:642} INFO - Processing file /home/data-eginner/Documents/Soccer_Data/env/lib/python3.8/site-packages/airflow/example_dags/example_xcom.py for tasks to queue
[2022-01-28 21:31:31,711] {logging_mixin.py:109} INFO - [2022-01-28 21:31:31,711] {dagbag.py:500} INFO - Filling up the DagBag from /home/data-eginner/Documents/Soccer_Data/env/lib/python3.8/site-packages/airflow/example_dags/example_xcom.py
[2022-01-28 21:31:31,806] {processor.py:654} INFO - DAG(s) dict_keys(['example_xcom']) retrieved from /home/data-eginner/Documents/Soccer_Data/env/lib/python3.8/site-packages/airflow/example_dags/example_xcom.py
[2022-01-28 21:31:32,905] {logging_mixin.py:109} INFO - [2022-01-28 21:31:32,904] {dag.py:2396} INFO - Sync 1 DAGs
[2022-01-28 21:31:32,970] {logging_mixin.py:109} INFO - [2022-01-28 21:31:32,970] {dag.py:2935} INFO - Setting next_dagrun for example_xcom to 2021-01-01T00:00:00+00:00
[2022-01-28 21:31:33,036] {processor.py:171} INFO - Processing /home/data-eginner/Documents/Soccer_Data/env/lib/python3.8/site-packages/airflow/example_dags/example_xcom.py took 1.354 seconds
[2022-01-28 21:32:28,771] {processor.py:163} INFO - Started process (PID=24199) to work on /home/data-eginner/Documents/Soccer_Data/env/lib/python3.8/site-packages/airflow/example_dags/example_xcom.py
[2022-01-28 21:32:28,782] {processor.py:642} INFO - Processing file /home/data-eginner/Documents/Soccer_Data/env/lib/python3.8/site-packages/airflow/example_dags/example_xcom.py for tasks to queue
[2022-01-28 21:32:28,784] {logging_mixin.py:109} INFO - [2022-01-28 21:32:28,783] {dagbag.py:500} INFO - Filling up the DagBag from /home/data-eginner/Documents/Soccer_Data/env/lib/python3.8/site-packages/airflow/example_dags/example_xcom.py
[2022-01-28 21:32:28,889] {processor.py:654} INFO - DAG(s) dict_keys(['example_xcom']) retrieved from /home/data-eginner/Documents/Soccer_Data/env/lib/python3.8/site-packages/airflow/example_dags/example_xcom.py
[2022-01-28 21:32:29,655] {logging_mixin.py:109} INFO - [2022-01-28 21:32:29,654] {dag.py:2396} INFO - Sync 1 DAGs
[2022-01-28 21:32:29,696] {logging_mixin.py:109} INFO - [2022-01-28 21:32:29,695] {dag.py:2935} INFO - Setting next_dagrun for example_xcom to 2021-01-01T00:00:00+00:00
[2022-01-28 21:32:29,742] {processor.py:171} INFO - Processing /home/data-eginner/Documents/Soccer_Data/env/lib/python3.8/site-packages/airflow/example_dags/example_xcom.py took 0.975 seconds
[2022-01-28 21:33:11,608] {processor.py:163} INFO - Started process (PID=24365) to work on /home/data-eginner/Documents/Soccer_Data/env/lib/python3.8/site-packages/airflow/example_dags/example_xcom.py
[2022-01-28 21:33:11,612] {processor.py:642} INFO - Processing file /home/data-eginner/Documents/Soccer_Data/env/lib/python3.8/site-packages/airflow/example_dags/example_xcom.py for tasks to queue
[2022-01-28 21:33:11,612] {logging_mixin.py:109} INFO - [2022-01-28 21:33:11,612] {dagbag.py:500} INFO - Filling up the DagBag from /home/data-eginner/Documents/Soccer_Data/env/lib/python3.8/site-packages/airflow/example_dags/example_xcom.py
[2022-01-28 21:33:11,646] {processor.py:654} INFO - DAG(s) dict_keys(['example_xcom']) retrieved from /home/data-eginner/Documents/Soccer_Data/env/lib/python3.8/site-packages/airflow/example_dags/example_xcom.py
[2022-01-28 21:33:11,883] {logging_mixin.py:109} INFO - [2022-01-28 21:33:11,883] {dag.py:2396} INFO - Sync 1 DAGs
[2022-01-28 21:33:11,900] {logging_mixin.py:109} INFO - [2022-01-28 21:33:11,899] {dag.py:2935} INFO - Setting next_dagrun for example_xcom to 2021-01-01T00:00:00+00:00
[2022-01-28 21:33:11,916] {processor.py:171} INFO - Processing /home/data-eginner/Documents/Soccer_Data/env/lib/python3.8/site-packages/airflow/example_dags/example_xcom.py took 0.323 seconds
[2022-01-28 21:33:47,085] {processor.py:163} INFO - Started process (PID=24507) to work on /home/data-eginner/Documents/Soccer_Data/env/lib/python3.8/site-packages/airflow/example_dags/example_xcom.py
[2022-01-28 21:33:47,088] {processor.py:642} INFO - Processing file /home/data-eginner/Documents/Soccer_Data/env/lib/python3.8/site-packages/airflow/example_dags/example_xcom.py for tasks to queue
[2022-01-28 21:33:47,089] {logging_mixin.py:109} INFO - [2022-01-28 21:33:47,089] {dagbag.py:500} INFO - Filling up the DagBag from /home/data-eginner/Documents/Soccer_Data/env/lib/python3.8/site-packages/airflow/example_dags/example_xcom.py
[2022-01-28 21:33:47,127] {processor.py:654} INFO - DAG(s) dict_keys(['example_xcom']) retrieved from /home/data-eginner/Documents/Soccer_Data/env/lib/python3.8/site-packages/airflow/example_dags/example_xcom.py
[2022-01-28 21:33:47,399] {logging_mixin.py:109} INFO - [2022-01-28 21:33:47,399] {dag.py:2396} INFO - Sync 1 DAGs
[2022-01-28 21:33:47,412] {logging_mixin.py:109} INFO - [2022-01-28 21:33:47,412] {dag.py:2935} INFO - Setting next_dagrun for example_xcom to 2021-01-01T00:00:00+00:00
[2022-01-28 21:33:47,435] {processor.py:171} INFO - Processing /home/data-eginner/Documents/Soccer_Data/env/lib/python3.8/site-packages/airflow/example_dags/example_xcom.py took 0.353 seconds
[2022-01-28 21:34:19,653] {processor.py:163} INFO - Started process (PID=24630) to work on /home/data-eginner/Documents/Soccer_Data/env/lib/python3.8/site-packages/airflow/example_dags/example_xcom.py
[2022-01-28 21:34:19,693] {processor.py:642} INFO - Processing file /home/data-eginner/Documents/Soccer_Data/env/lib/python3.8/site-packages/airflow/example_dags/example_xcom.py for tasks to queue
[2022-01-28 21:34:19,694] {logging_mixin.py:109} INFO - [2022-01-28 21:34:19,694] {dagbag.py:500} INFO - Filling up the DagBag from /home/data-eginner/Documents/Soccer_Data/env/lib/python3.8/site-packages/airflow/example_dags/example_xcom.py
[2022-01-28 21:34:19,776] {processor.py:654} INFO - DAG(s) dict_keys(['example_xcom']) retrieved from /home/data-eginner/Documents/Soccer_Data/env/lib/python3.8/site-packages/airflow/example_dags/example_xcom.py
[2022-01-28 21:34:20,229] {logging_mixin.py:109} INFO - [2022-01-28 21:34:20,229] {dag.py:2396} INFO - Sync 1 DAGs
[2022-01-28 21:34:20,239] {logging_mixin.py:109} INFO - [2022-01-28 21:34:20,239] {dag.py:2935} INFO - Setting next_dagrun for example_xcom to 2021-01-01T00:00:00+00:00
[2022-01-28 21:34:20,256] {processor.py:171} INFO - Processing /home/data-eginner/Documents/Soccer_Data/env/lib/python3.8/site-packages/airflow/example_dags/example_xcom.py took 0.609 seconds
[2022-01-28 21:55:50,484] {processor.py:163} INFO - Started process (PID=24963) to work on /home/data-eginner/Documents/Soccer_Data/env/lib/python3.8/site-packages/airflow/example_dags/example_xcom.py
[2022-01-28 21:55:50,500] {processor.py:642} INFO - Processing file /home/data-eginner/Documents/Soccer_Data/env/lib/python3.8/site-packages/airflow/example_dags/example_xcom.py for tasks to queue
[2022-01-28 21:55:50,501] {logging_mixin.py:109} INFO - [2022-01-28 21:55:50,501] {dagbag.py:500} INFO - Filling up the DagBag from /home/data-eginner/Documents/Soccer_Data/env/lib/python3.8/site-packages/airflow/example_dags/example_xcom.py
[2022-01-28 21:55:50,627] {processor.py:654} INFO - DAG(s) dict_keys(['example_xcom']) retrieved from /home/data-eginner/Documents/Soccer_Data/env/lib/python3.8/site-packages/airflow/example_dags/example_xcom.py
[2022-01-28 21:55:51,550] {logging_mixin.py:109} INFO - [2022-01-28 21:55:51,550] {dag.py:2396} INFO - Sync 1 DAGs
[2022-01-28 21:55:51,593] {logging_mixin.py:109} INFO - [2022-01-28 21:55:51,593] {dag.py:2935} INFO - Setting next_dagrun for example_xcom to 2021-01-01T00:00:00+00:00
[2022-01-28 21:55:51,641] {processor.py:171} INFO - Processing /home/data-eginner/Documents/Soccer_Data/env/lib/python3.8/site-packages/airflow/example_dags/example_xcom.py took 1.162 seconds
[2022-01-28 21:56:40,747] {processor.py:163} INFO - Started process (PID=25150) to work on /home/data-eginner/Documents/Soccer_Data/env/lib/python3.8/site-packages/airflow/example_dags/example_xcom.py
[2022-01-28 21:56:40,798] {processor.py:642} INFO - Processing file /home/data-eginner/Documents/Soccer_Data/env/lib/python3.8/site-packages/airflow/example_dags/example_xcom.py for tasks to queue
[2022-01-28 21:56:40,798] {logging_mixin.py:109} INFO - [2022-01-28 21:56:40,798] {dagbag.py:500} INFO - Filling up the DagBag from /home/data-eginner/Documents/Soccer_Data/env/lib/python3.8/site-packages/airflow/example_dags/example_xcom.py
[2022-01-28 21:56:40,877] {processor.py:654} INFO - DAG(s) dict_keys(['example_xcom']) retrieved from /home/data-eginner/Documents/Soccer_Data/env/lib/python3.8/site-packages/airflow/example_dags/example_xcom.py
[2022-01-28 21:56:41,302] {logging_mixin.py:109} INFO - [2022-01-28 21:56:41,302] {dag.py:2396} INFO - Sync 1 DAGs
[2022-01-28 21:56:41,324] {logging_mixin.py:109} INFO - [2022-01-28 21:56:41,324] {dag.py:2935} INFO - Setting next_dagrun for example_xcom to 2021-01-01T00:00:00+00:00
[2022-01-28 21:56:41,434] {processor.py:171} INFO - Processing /home/data-eginner/Documents/Soccer_Data/env/lib/python3.8/site-packages/airflow/example_dags/example_xcom.py took 0.689 seconds
[2022-01-28 21:57:25,449] {processor.py:163} INFO - Started process (PID=25314) to work on /home/data-eginner/Documents/Soccer_Data/env/lib/python3.8/site-packages/airflow/example_dags/example_xcom.py
[2022-01-28 21:57:25,453] {processor.py:642} INFO - Processing file /home/data-eginner/Documents/Soccer_Data/env/lib/python3.8/site-packages/airflow/example_dags/example_xcom.py for tasks to queue
[2022-01-28 21:57:25,453] {logging_mixin.py:109} INFO - [2022-01-28 21:57:25,453] {dagbag.py:500} INFO - Filling up the DagBag from /home/data-eginner/Documents/Soccer_Data/env/lib/python3.8/site-packages/airflow/example_dags/example_xcom.py
[2022-01-28 21:57:25,483] {processor.py:654} INFO - DAG(s) dict_keys(['example_xcom']) retrieved from /home/data-eginner/Documents/Soccer_Data/env/lib/python3.8/site-packages/airflow/example_dags/example_xcom.py
[2022-01-28 21:57:25,736] {logging_mixin.py:109} INFO - [2022-01-28 21:57:25,736] {dag.py:2396} INFO - Sync 1 DAGs
[2022-01-28 21:57:25,779] {logging_mixin.py:109} INFO - [2022-01-28 21:57:25,777] {dag.py:2935} INFO - Setting next_dagrun for example_xcom to 2021-01-01T00:00:00+00:00
[2022-01-28 21:57:25,802] {processor.py:171} INFO - Processing /home/data-eginner/Documents/Soccer_Data/env/lib/python3.8/site-packages/airflow/example_dags/example_xcom.py took 0.359 seconds
[2022-01-28 21:58:01,626] {processor.py:163} INFO - Started process (PID=25459) to work on /home/data-eginner/Documents/Soccer_Data/env/lib/python3.8/site-packages/airflow/example_dags/example_xcom.py
[2022-01-28 21:58:01,660] {processor.py:642} INFO - Processing file /home/data-eginner/Documents/Soccer_Data/env/lib/python3.8/site-packages/airflow/example_dags/example_xcom.py for tasks to queue
[2022-01-28 21:58:01,661] {logging_mixin.py:109} INFO - [2022-01-28 21:58:01,660] {dagbag.py:500} INFO - Filling up the DagBag from /home/data-eginner/Documents/Soccer_Data/env/lib/python3.8/site-packages/airflow/example_dags/example_xcom.py
[2022-01-28 21:58:01,729] {processor.py:654} INFO - DAG(s) dict_keys(['example_xcom']) retrieved from /home/data-eginner/Documents/Soccer_Data/env/lib/python3.8/site-packages/airflow/example_dags/example_xcom.py
[2022-01-28 21:58:02,082] {logging_mixin.py:109} INFO - [2022-01-28 21:58:02,082] {dag.py:2396} INFO - Sync 1 DAGs
[2022-01-28 21:58:02,093] {logging_mixin.py:109} INFO - [2022-01-28 21:58:02,093] {dag.py:2935} INFO - Setting next_dagrun for example_xcom to 2021-01-01T00:00:00+00:00
[2022-01-28 21:58:02,112] {processor.py:171} INFO - Processing /home/data-eginner/Documents/Soccer_Data/env/lib/python3.8/site-packages/airflow/example_dags/example_xcom.py took 0.489 seconds
[2022-01-28 21:58:40,132] {processor.py:163} INFO - Started process (PID=25613) to work on /home/data-eginner/Documents/Soccer_Data/env/lib/python3.8/site-packages/airflow/example_dags/example_xcom.py
[2022-01-28 21:58:40,135] {processor.py:642} INFO - Processing file /home/data-eginner/Documents/Soccer_Data/env/lib/python3.8/site-packages/airflow/example_dags/example_xcom.py for tasks to queue
[2022-01-28 21:58:40,135] {logging_mixin.py:109} INFO - [2022-01-28 21:58:40,135] {dagbag.py:500} INFO - Filling up the DagBag from /home/data-eginner/Documents/Soccer_Data/env/lib/python3.8/site-packages/airflow/example_dags/example_xcom.py
[2022-01-28 21:58:40,164] {processor.py:654} INFO - DAG(s) dict_keys(['example_xcom']) retrieved from /home/data-eginner/Documents/Soccer_Data/env/lib/python3.8/site-packages/airflow/example_dags/example_xcom.py
[2022-01-28 21:58:40,488] {logging_mixin.py:109} INFO - [2022-01-28 21:58:40,488] {dag.py:2396} INFO - Sync 1 DAGs
[2022-01-28 21:58:40,499] {logging_mixin.py:109} INFO - [2022-01-28 21:58:40,499] {dag.py:2935} INFO - Setting next_dagrun for example_xcom to 2021-01-01T00:00:00+00:00
[2022-01-28 21:58:40,535] {processor.py:171} INFO - Processing /home/data-eginner/Documents/Soccer_Data/env/lib/python3.8/site-packages/airflow/example_dags/example_xcom.py took 0.405 seconds
[2022-01-28 21:59:19,268] {processor.py:163} INFO - Started process (PID=25759) to work on /home/data-eginner/Documents/Soccer_Data/env/lib/python3.8/site-packages/airflow/example_dags/example_xcom.py
[2022-01-28 21:59:19,270] {processor.py:642} INFO - Processing file /home/data-eginner/Documents/Soccer_Data/env/lib/python3.8/site-packages/airflow/example_dags/example_xcom.py for tasks to queue
[2022-01-28 21:59:19,271] {logging_mixin.py:109} INFO - [2022-01-28 21:59:19,271] {dagbag.py:500} INFO - Filling up the DagBag from /home/data-eginner/Documents/Soccer_Data/env/lib/python3.8/site-packages/airflow/example_dags/example_xcom.py
[2022-01-28 21:59:19,293] {processor.py:654} INFO - DAG(s) dict_keys(['example_xcom']) retrieved from /home/data-eginner/Documents/Soccer_Data/env/lib/python3.8/site-packages/airflow/example_dags/example_xcom.py
[2022-01-28 21:59:19,478] {logging_mixin.py:109} INFO - [2022-01-28 21:59:19,477] {dag.py:2396} INFO - Sync 1 DAGs
[2022-01-28 21:59:19,487] {logging_mixin.py:109} INFO - [2022-01-28 21:59:19,487] {dag.py:2935} INFO - Setting next_dagrun for example_xcom to 2021-01-01T00:00:00+00:00
[2022-01-28 21:59:19,504] {processor.py:171} INFO - Processing /home/data-eginner/Documents/Soccer_Data/env/lib/python3.8/site-packages/airflow/example_dags/example_xcom.py took 0.242 seconds
[2022-01-28 21:59:56,510] {processor.py:163} INFO - Started process (PID=25907) to work on /home/data-eginner/Documents/Soccer_Data/env/lib/python3.8/site-packages/airflow/example_dags/example_xcom.py
[2022-01-28 21:59:56,524] {processor.py:642} INFO - Processing file /home/data-eginner/Documents/Soccer_Data/env/lib/python3.8/site-packages/airflow/example_dags/example_xcom.py for tasks to queue
[2022-01-28 21:59:56,528] {logging_mixin.py:109} INFO - [2022-01-28 21:59:56,527] {dagbag.py:500} INFO - Filling up the DagBag from /home/data-eginner/Documents/Soccer_Data/env/lib/python3.8/site-packages/airflow/example_dags/example_xcom.py
[2022-01-28 21:59:56,574] {processor.py:654} INFO - DAG(s) dict_keys(['example_xcom']) retrieved from /home/data-eginner/Documents/Soccer_Data/env/lib/python3.8/site-packages/airflow/example_dags/example_xcom.py
[2022-01-28 21:59:56,753] {logging_mixin.py:109} INFO - [2022-01-28 21:59:56,752] {dag.py:2396} INFO - Sync 1 DAGs
[2022-01-28 21:59:56,776] {logging_mixin.py:109} INFO - [2022-01-28 21:59:56,776] {dag.py:2935} INFO - Setting next_dagrun for example_xcom to 2021-01-01T00:00:00+00:00
[2022-01-28 21:59:56,804] {processor.py:171} INFO - Processing /home/data-eginner/Documents/Soccer_Data/env/lib/python3.8/site-packages/airflow/example_dags/example_xcom.py took 0.302 seconds
[2022-01-28 22:00:29,698] {processor.py:163} INFO - Started process (PID=26037) to work on /home/data-eginner/Documents/Soccer_Data/env/lib/python3.8/site-packages/airflow/example_dags/example_xcom.py
[2022-01-28 22:00:29,710] {processor.py:642} INFO - Processing file /home/data-eginner/Documents/Soccer_Data/env/lib/python3.8/site-packages/airflow/example_dags/example_xcom.py for tasks to queue
[2022-01-28 22:00:29,711] {logging_mixin.py:109} INFO - [2022-01-28 22:00:29,711] {dagbag.py:500} INFO - Filling up the DagBag from /home/data-eginner/Documents/Soccer_Data/env/lib/python3.8/site-packages/airflow/example_dags/example_xcom.py
[2022-01-28 22:00:29,744] {processor.py:654} INFO - DAG(s) dict_keys(['example_xcom']) retrieved from /home/data-eginner/Documents/Soccer_Data/env/lib/python3.8/site-packages/airflow/example_dags/example_xcom.py
[2022-01-28 22:00:30,123] {logging_mixin.py:109} INFO - [2022-01-28 22:00:30,122] {dag.py:2396} INFO - Sync 1 DAGs
[2022-01-28 22:00:30,132] {logging_mixin.py:109} INFO - [2022-01-28 22:00:30,132] {dag.py:2935} INFO - Setting next_dagrun for example_xcom to 2021-01-01T00:00:00+00:00
[2022-01-28 22:00:30,150] {processor.py:171} INFO - Processing /home/data-eginner/Documents/Soccer_Data/env/lib/python3.8/site-packages/airflow/example_dags/example_xcom.py took 0.456 seconds
[2022-01-28 22:01:07,179] {processor.py:163} INFO - Started process (PID=26192) to work on /home/data-eginner/Documents/Soccer_Data/env/lib/python3.8/site-packages/airflow/example_dags/example_xcom.py
[2022-01-28 22:01:07,188] {processor.py:642} INFO - Processing file /home/data-eginner/Documents/Soccer_Data/env/lib/python3.8/site-packages/airflow/example_dags/example_xcom.py for tasks to queue
[2022-01-28 22:01:07,188] {logging_mixin.py:109} INFO - [2022-01-28 22:01:07,188] {dagbag.py:500} INFO - Filling up the DagBag from /home/data-eginner/Documents/Soccer_Data/env/lib/python3.8/site-packages/airflow/example_dags/example_xcom.py
[2022-01-28 22:01:07,225] {processor.py:654} INFO - DAG(s) dict_keys(['example_xcom']) retrieved from /home/data-eginner/Documents/Soccer_Data/env/lib/python3.8/site-packages/airflow/example_dags/example_xcom.py
[2022-01-28 22:01:07,650] {logging_mixin.py:109} INFO - [2022-01-28 22:01:07,650] {dag.py:2396} INFO - Sync 1 DAGs
[2022-01-28 22:01:07,670] {logging_mixin.py:109} INFO - [2022-01-28 22:01:07,670] {dag.py:2935} INFO - Setting next_dagrun for example_xcom to 2021-01-01T00:00:00+00:00
[2022-01-28 22:01:07,721] {processor.py:171} INFO - Processing /home/data-eginner/Documents/Soccer_Data/env/lib/python3.8/site-packages/airflow/example_dags/example_xcom.py took 0.544 seconds
[2022-01-28 22:01:50,526] {processor.py:163} INFO - Started process (PID=26357) to work on /home/data-eginner/Documents/Soccer_Data/env/lib/python3.8/site-packages/airflow/example_dags/example_xcom.py
[2022-01-28 22:01:50,531] {processor.py:642} INFO - Processing file /home/data-eginner/Documents/Soccer_Data/env/lib/python3.8/site-packages/airflow/example_dags/example_xcom.py for tasks to queue
[2022-01-28 22:01:50,531] {logging_mixin.py:109} INFO - [2022-01-28 22:01:50,531] {dagbag.py:500} INFO - Filling up the DagBag from /home/data-eginner/Documents/Soccer_Data/env/lib/python3.8/site-packages/airflow/example_dags/example_xcom.py
[2022-01-28 22:01:50,574] {processor.py:654} INFO - DAG(s) dict_keys(['example_xcom']) retrieved from /home/data-eginner/Documents/Soccer_Data/env/lib/python3.8/site-packages/airflow/example_dags/example_xcom.py
[2022-01-28 22:01:51,059] {logging_mixin.py:109} INFO - [2022-01-28 22:01:51,059] {dag.py:2396} INFO - Sync 1 DAGs
[2022-01-28 22:01:51,070] {logging_mixin.py:109} INFO - [2022-01-28 22:01:51,070] {dag.py:2935} INFO - Setting next_dagrun for example_xcom to 2021-01-01T00:00:00+00:00
[2022-01-28 22:01:51,125] {processor.py:171} INFO - Processing /home/data-eginner/Documents/Soccer_Data/env/lib/python3.8/site-packages/airflow/example_dags/example_xcom.py took 0.622 seconds
[2022-01-28 22:04:01,161] {processor.py:163} INFO - Started process (PID=26497) to work on /home/data-eginner/Documents/Soccer_Data/env/lib/python3.8/site-packages/airflow/example_dags/example_xcom.py
[2022-01-28 22:04:01,187] {processor.py:642} INFO - Processing file /home/data-eginner/Documents/Soccer_Data/env/lib/python3.8/site-packages/airflow/example_dags/example_xcom.py for tasks to queue
[2022-01-28 22:04:01,187] {logging_mixin.py:109} INFO - [2022-01-28 22:04:01,187] {dagbag.py:500} INFO - Filling up the DagBag from /home/data-eginner/Documents/Soccer_Data/env/lib/python3.8/site-packages/airflow/example_dags/example_xcom.py
[2022-01-28 22:04:01,241] {processor.py:654} INFO - DAG(s) dict_keys(['example_xcom']) retrieved from /home/data-eginner/Documents/Soccer_Data/env/lib/python3.8/site-packages/airflow/example_dags/example_xcom.py
[2022-01-28 22:04:01,632] {logging_mixin.py:109} INFO - [2022-01-28 22:04:01,632] {dag.py:2396} INFO - Sync 1 DAGs
[2022-01-28 22:04:01,654] {logging_mixin.py:109} INFO - [2022-01-28 22:04:01,653] {dag.py:2935} INFO - Setting next_dagrun for example_xcom to 2021-01-01T00:00:00+00:00
[2022-01-28 22:04:01,693] {processor.py:171} INFO - Processing /home/data-eginner/Documents/Soccer_Data/env/lib/python3.8/site-packages/airflow/example_dags/example_xcom.py took 0.534 seconds
[2022-01-28 22:04:42,881] {processor.py:163} INFO - Started process (PID=26660) to work on /home/data-eginner/Documents/Soccer_Data/env/lib/python3.8/site-packages/airflow/example_dags/example_xcom.py
[2022-01-28 22:04:42,888] {processor.py:642} INFO - Processing file /home/data-eginner/Documents/Soccer_Data/env/lib/python3.8/site-packages/airflow/example_dags/example_xcom.py for tasks to queue
[2022-01-28 22:04:42,889] {logging_mixin.py:109} INFO - [2022-01-28 22:04:42,889] {dagbag.py:500} INFO - Filling up the DagBag from /home/data-eginner/Documents/Soccer_Data/env/lib/python3.8/site-packages/airflow/example_dags/example_xcom.py
[2022-01-28 22:04:42,971] {processor.py:654} INFO - DAG(s) dict_keys(['example_xcom']) retrieved from /home/data-eginner/Documents/Soccer_Data/env/lib/python3.8/site-packages/airflow/example_dags/example_xcom.py
[2022-01-28 22:04:43,638] {logging_mixin.py:109} INFO - [2022-01-28 22:04:43,638] {dag.py:2396} INFO - Sync 1 DAGs
[2022-01-28 22:04:43,660] {logging_mixin.py:109} INFO - [2022-01-28 22:04:43,660] {dag.py:2935} INFO - Setting next_dagrun for example_xcom to 2021-01-01T00:00:00+00:00
[2022-01-28 22:04:43,726] {processor.py:171} INFO - Processing /home/data-eginner/Documents/Soccer_Data/env/lib/python3.8/site-packages/airflow/example_dags/example_xcom.py took 0.847 seconds
[2022-01-28 22:05:21,657] {processor.py:163} INFO - Started process (PID=26813) to work on /home/data-eginner/Documents/Soccer_Data/env/lib/python3.8/site-packages/airflow/example_dags/example_xcom.py
[2022-01-28 22:05:21,659] {processor.py:642} INFO - Processing file /home/data-eginner/Documents/Soccer_Data/env/lib/python3.8/site-packages/airflow/example_dags/example_xcom.py for tasks to queue
[2022-01-28 22:05:21,659] {logging_mixin.py:109} INFO - [2022-01-28 22:05:21,659] {dagbag.py:500} INFO - Filling up the DagBag from /home/data-eginner/Documents/Soccer_Data/env/lib/python3.8/site-packages/airflow/example_dags/example_xcom.py
[2022-01-28 22:05:21,684] {processor.py:654} INFO - DAG(s) dict_keys(['example_xcom']) retrieved from /home/data-eginner/Documents/Soccer_Data/env/lib/python3.8/site-packages/airflow/example_dags/example_xcom.py
[2022-01-28 22:05:21,921] {logging_mixin.py:109} INFO - [2022-01-28 22:05:21,921] {dag.py:2396} INFO - Sync 1 DAGs
[2022-01-28 22:05:21,931] {logging_mixin.py:109} INFO - [2022-01-28 22:05:21,931] {dag.py:2935} INFO - Setting next_dagrun for example_xcom to 2021-01-01T00:00:00+00:00
[2022-01-28 22:05:21,955] {processor.py:171} INFO - Processing /home/data-eginner/Documents/Soccer_Data/env/lib/python3.8/site-packages/airflow/example_dags/example_xcom.py took 0.300 seconds
[2022-01-28 22:06:01,963] {processor.py:163} INFO - Started process (PID=26968) to work on /home/data-eginner/Documents/Soccer_Data/env/lib/python3.8/site-packages/airflow/example_dags/example_xcom.py
[2022-01-28 22:06:01,966] {processor.py:642} INFO - Processing file /home/data-eginner/Documents/Soccer_Data/env/lib/python3.8/site-packages/airflow/example_dags/example_xcom.py for tasks to queue
[2022-01-28 22:06:01,967] {logging_mixin.py:109} INFO - [2022-01-28 22:06:01,966] {dagbag.py:500} INFO - Filling up the DagBag from /home/data-eginner/Documents/Soccer_Data/env/lib/python3.8/site-packages/airflow/example_dags/example_xcom.py
[2022-01-28 22:06:01,992] {processor.py:654} INFO - DAG(s) dict_keys(['example_xcom']) retrieved from /home/data-eginner/Documents/Soccer_Data/env/lib/python3.8/site-packages/airflow/example_dags/example_xcom.py
[2022-01-28 22:06:02,281] {logging_mixin.py:109} INFO - [2022-01-28 22:06:02,281] {dag.py:2396} INFO - Sync 1 DAGs
[2022-01-28 22:06:02,291] {logging_mixin.py:109} INFO - [2022-01-28 22:06:02,291] {dag.py:2935} INFO - Setting next_dagrun for example_xcom to 2021-01-01T00:00:00+00:00
[2022-01-28 22:06:02,308] {processor.py:171} INFO - Processing /home/data-eginner/Documents/Soccer_Data/env/lib/python3.8/site-packages/airflow/example_dags/example_xcom.py took 0.347 seconds
[2022-01-28 22:06:37,962] {processor.py:163} INFO - Started process (PID=27120) to work on /home/data-eginner/Documents/Soccer_Data/env/lib/python3.8/site-packages/airflow/example_dags/example_xcom.py
[2022-01-28 22:06:37,980] {processor.py:642} INFO - Processing file /home/data-eginner/Documents/Soccer_Data/env/lib/python3.8/site-packages/airflow/example_dags/example_xcom.py for tasks to queue
[2022-01-28 22:06:37,980] {logging_mixin.py:109} INFO - [2022-01-28 22:06:37,980] {dagbag.py:500} INFO - Filling up the DagBag from /home/data-eginner/Documents/Soccer_Data/env/lib/python3.8/site-packages/airflow/example_dags/example_xcom.py
[2022-01-28 22:06:38,037] {processor.py:654} INFO - DAG(s) dict_keys(['example_xcom']) retrieved from /home/data-eginner/Documents/Soccer_Data/env/lib/python3.8/site-packages/airflow/example_dags/example_xcom.py
[2022-01-28 22:06:38,460] {logging_mixin.py:109} INFO - [2022-01-28 22:06:38,460] {dag.py:2396} INFO - Sync 1 DAGs
[2022-01-28 22:06:38,514] {logging_mixin.py:109} INFO - [2022-01-28 22:06:38,514] {dag.py:2935} INFO - Setting next_dagrun for example_xcom to 2021-01-01T00:00:00+00:00
[2022-01-28 22:06:38,551] {processor.py:171} INFO - Processing /home/data-eginner/Documents/Soccer_Data/env/lib/python3.8/site-packages/airflow/example_dags/example_xcom.py took 0.591 seconds
[2022-01-28 22:07:20,876] {processor.py:163} INFO - Started process (PID=27294) to work on /home/data-eginner/Documents/Soccer_Data/env/lib/python3.8/site-packages/airflow/example_dags/example_xcom.py
[2022-01-28 22:07:20,886] {processor.py:642} INFO - Processing file /home/data-eginner/Documents/Soccer_Data/env/lib/python3.8/site-packages/airflow/example_dags/example_xcom.py for tasks to queue
[2022-01-28 22:07:20,887] {logging_mixin.py:109} INFO - [2022-01-28 22:07:20,887] {dagbag.py:500} INFO - Filling up the DagBag from /home/data-eginner/Documents/Soccer_Data/env/lib/python3.8/site-packages/airflow/example_dags/example_xcom.py
[2022-01-28 22:07:20,942] {processor.py:654} INFO - DAG(s) dict_keys(['example_xcom']) retrieved from /home/data-eginner/Documents/Soccer_Data/env/lib/python3.8/site-packages/airflow/example_dags/example_xcom.py
[2022-01-28 22:07:21,643] {logging_mixin.py:109} INFO - [2022-01-28 22:07:21,643] {dag.py:2396} INFO - Sync 1 DAGs
[2022-01-28 22:07:21,665] {logging_mixin.py:109} INFO - [2022-01-28 22:07:21,664] {dag.py:2935} INFO - Setting next_dagrun for example_xcom to 2021-01-01T00:00:00+00:00
[2022-01-28 22:07:21,745] {processor.py:171} INFO - Processing /home/data-eginner/Documents/Soccer_Data/env/lib/python3.8/site-packages/airflow/example_dags/example_xcom.py took 0.908 seconds
[2022-01-28 22:08:04,549] {processor.py:163} INFO - Started process (PID=27462) to work on /home/data-eginner/Documents/Soccer_Data/env/lib/python3.8/site-packages/airflow/example_dags/example_xcom.py
[2022-01-28 22:08:04,563] {processor.py:642} INFO - Processing file /home/data-eginner/Documents/Soccer_Data/env/lib/python3.8/site-packages/airflow/example_dags/example_xcom.py for tasks to queue
[2022-01-28 22:08:04,563] {logging_mixin.py:109} INFO - [2022-01-28 22:08:04,563] {dagbag.py:500} INFO - Filling up the DagBag from /home/data-eginner/Documents/Soccer_Data/env/lib/python3.8/site-packages/airflow/example_dags/example_xcom.py
[2022-01-28 22:08:04,646] {processor.py:654} INFO - DAG(s) dict_keys(['example_xcom']) retrieved from /home/data-eginner/Documents/Soccer_Data/env/lib/python3.8/site-packages/airflow/example_dags/example_xcom.py
[2022-01-28 22:08:04,868] {logging_mixin.py:109} INFO - [2022-01-28 22:08:04,867] {dag.py:2396} INFO - Sync 1 DAGs
[2022-01-28 22:08:04,879] {logging_mixin.py:109} INFO - [2022-01-28 22:08:04,879] {dag.py:2935} INFO - Setting next_dagrun for example_xcom to 2021-01-01T00:00:00+00:00
[2022-01-28 22:08:04,895] {processor.py:171} INFO - Processing /home/data-eginner/Documents/Soccer_Data/env/lib/python3.8/site-packages/airflow/example_dags/example_xcom.py took 0.350 seconds
[2022-01-28 22:08:44,002] {processor.py:163} INFO - Started process (PID=27626) to work on /home/data-eginner/Documents/Soccer_Data/env/lib/python3.8/site-packages/airflow/example_dags/example_xcom.py
[2022-01-28 22:08:44,006] {processor.py:642} INFO - Processing file /home/data-eginner/Documents/Soccer_Data/env/lib/python3.8/site-packages/airflow/example_dags/example_xcom.py for tasks to queue
[2022-01-28 22:08:44,007] {logging_mixin.py:109} INFO - [2022-01-28 22:08:44,007] {dagbag.py:500} INFO - Filling up the DagBag from /home/data-eginner/Documents/Soccer_Data/env/lib/python3.8/site-packages/airflow/example_dags/example_xcom.py
[2022-01-28 22:08:44,044] {processor.py:654} INFO - DAG(s) dict_keys(['example_xcom']) retrieved from /home/data-eginner/Documents/Soccer_Data/env/lib/python3.8/site-packages/airflow/example_dags/example_xcom.py
[2022-01-28 22:08:44,379] {logging_mixin.py:109} INFO - [2022-01-28 22:08:44,379] {dag.py:2396} INFO - Sync 1 DAGs
[2022-01-28 22:08:44,395] {logging_mixin.py:109} INFO - [2022-01-28 22:08:44,395] {dag.py:2935} INFO - Setting next_dagrun for example_xcom to 2021-01-01T00:00:00+00:00
[2022-01-28 22:08:44,424] {processor.py:171} INFO - Processing /home/data-eginner/Documents/Soccer_Data/env/lib/python3.8/site-packages/airflow/example_dags/example_xcom.py took 0.428 seconds
[2022-01-28 22:09:23,082] {processor.py:163} INFO - Started process (PID=27781) to work on /home/data-eginner/Documents/Soccer_Data/env/lib/python3.8/site-packages/airflow/example_dags/example_xcom.py
[2022-01-28 22:09:23,088] {processor.py:642} INFO - Processing file /home/data-eginner/Documents/Soccer_Data/env/lib/python3.8/site-packages/airflow/example_dags/example_xcom.py for tasks to queue
[2022-01-28 22:09:23,089] {logging_mixin.py:109} INFO - [2022-01-28 22:09:23,089] {dagbag.py:500} INFO - Filling up the DagBag from /home/data-eginner/Documents/Soccer_Data/env/lib/python3.8/site-packages/airflow/example_dags/example_xcom.py
[2022-01-28 22:09:23,124] {processor.py:654} INFO - DAG(s) dict_keys(['example_xcom']) retrieved from /home/data-eginner/Documents/Soccer_Data/env/lib/python3.8/site-packages/airflow/example_dags/example_xcom.py
[2022-01-28 22:09:23,378] {logging_mixin.py:109} INFO - [2022-01-28 22:09:23,378] {dag.py:2396} INFO - Sync 1 DAGs
[2022-01-28 22:09:23,389] {logging_mixin.py:109} INFO - [2022-01-28 22:09:23,389] {dag.py:2935} INFO - Setting next_dagrun for example_xcom to 2021-01-01T00:00:00+00:00
[2022-01-28 22:09:23,437] {processor.py:171} INFO - Processing /home/data-eginner/Documents/Soccer_Data/env/lib/python3.8/site-packages/airflow/example_dags/example_xcom.py took 0.357 seconds
[2022-01-28 22:10:03,825] {processor.py:163} INFO - Started process (PID=27948) to work on /home/data-eginner/Documents/Soccer_Data/env/lib/python3.8/site-packages/airflow/example_dags/example_xcom.py
[2022-01-28 22:10:03,830] {processor.py:642} INFO - Processing file /home/data-eginner/Documents/Soccer_Data/env/lib/python3.8/site-packages/airflow/example_dags/example_xcom.py for tasks to queue
[2022-01-28 22:10:03,831] {logging_mixin.py:109} INFO - [2022-01-28 22:10:03,831] {dagbag.py:500} INFO - Filling up the DagBag from /home/data-eginner/Documents/Soccer_Data/env/lib/python3.8/site-packages/airflow/example_dags/example_xcom.py
[2022-01-28 22:10:03,881] {processor.py:654} INFO - DAG(s) dict_keys(['example_xcom']) retrieved from /home/data-eginner/Documents/Soccer_Data/env/lib/python3.8/site-packages/airflow/example_dags/example_xcom.py
[2022-01-28 22:10:04,138] {logging_mixin.py:109} INFO - [2022-01-28 22:10:04,138] {dag.py:2396} INFO - Sync 1 DAGs
[2022-01-28 22:10:04,150] {logging_mixin.py:109} INFO - [2022-01-28 22:10:04,150] {dag.py:2935} INFO - Setting next_dagrun for example_xcom to 2021-01-01T00:00:00+00:00
[2022-01-28 22:10:04,166] {processor.py:171} INFO - Processing /home/data-eginner/Documents/Soccer_Data/env/lib/python3.8/site-packages/airflow/example_dags/example_xcom.py took 0.350 seconds
[2022-01-28 22:10:40,271] {processor.py:163} INFO - Started process (PID=28108) to work on /home/data-eginner/Documents/Soccer_Data/env/lib/python3.8/site-packages/airflow/example_dags/example_xcom.py
[2022-01-28 22:10:40,290] {processor.py:642} INFO - Processing file /home/data-eginner/Documents/Soccer_Data/env/lib/python3.8/site-packages/airflow/example_dags/example_xcom.py for tasks to queue
[2022-01-28 22:10:40,291] {logging_mixin.py:109} INFO - [2022-01-28 22:10:40,290] {dagbag.py:500} INFO - Filling up the DagBag from /home/data-eginner/Documents/Soccer_Data/env/lib/python3.8/site-packages/airflow/example_dags/example_xcom.py
[2022-01-28 22:10:40,340] {processor.py:654} INFO - DAG(s) dict_keys(['example_xcom']) retrieved from /home/data-eginner/Documents/Soccer_Data/env/lib/python3.8/site-packages/airflow/example_dags/example_xcom.py
[2022-01-28 22:10:40,714] {logging_mixin.py:109} INFO - [2022-01-28 22:10:40,714] {dag.py:2396} INFO - Sync 1 DAGs
[2022-01-28 22:10:40,736] {logging_mixin.py:109} INFO - [2022-01-28 22:10:40,736] {dag.py:2935} INFO - Setting next_dagrun for example_xcom to 2021-01-01T00:00:00+00:00
[2022-01-28 22:10:40,791] {processor.py:171} INFO - Processing /home/data-eginner/Documents/Soccer_Data/env/lib/python3.8/site-packages/airflow/example_dags/example_xcom.py took 0.534 seconds
[2022-01-28 22:11:14,183] {processor.py:163} INFO - Started process (PID=28249) to work on /home/data-eginner/Documents/Soccer_Data/env/lib/python3.8/site-packages/airflow/example_dags/example_xcom.py
[2022-01-28 22:11:14,205] {processor.py:642} INFO - Processing file /home/data-eginner/Documents/Soccer_Data/env/lib/python3.8/site-packages/airflow/example_dags/example_xcom.py for tasks to queue
[2022-01-28 22:11:14,206] {logging_mixin.py:109} INFO - [2022-01-28 22:11:14,206] {dagbag.py:500} INFO - Filling up the DagBag from /home/data-eginner/Documents/Soccer_Data/env/lib/python3.8/site-packages/airflow/example_dags/example_xcom.py
[2022-01-28 22:11:14,228] {processor.py:654} INFO - DAG(s) dict_keys(['example_xcom']) retrieved from /home/data-eginner/Documents/Soccer_Data/env/lib/python3.8/site-packages/airflow/example_dags/example_xcom.py
[2022-01-28 22:11:14,426] {logging_mixin.py:109} INFO - [2022-01-28 22:11:14,426] {dag.py:2396} INFO - Sync 1 DAGs
[2022-01-28 22:11:14,436] {logging_mixin.py:109} INFO - [2022-01-28 22:11:14,436] {dag.py:2935} INFO - Setting next_dagrun for example_xcom to 2021-01-01T00:00:00+00:00
[2022-01-28 22:11:14,738] {processor.py:171} INFO - Processing /home/data-eginner/Documents/Soccer_Data/env/lib/python3.8/site-packages/airflow/example_dags/example_xcom.py took 0.563 seconds
[2022-01-28 22:11:49,813] {processor.py:163} INFO - Started process (PID=28397) to work on /home/data-eginner/Documents/Soccer_Data/env/lib/python3.8/site-packages/airflow/example_dags/example_xcom.py
[2022-01-28 22:11:49,816] {processor.py:642} INFO - Processing file /home/data-eginner/Documents/Soccer_Data/env/lib/python3.8/site-packages/airflow/example_dags/example_xcom.py for tasks to queue
[2022-01-28 22:11:49,817] {logging_mixin.py:109} INFO - [2022-01-28 22:11:49,817] {dagbag.py:500} INFO - Filling up the DagBag from /home/data-eginner/Documents/Soccer_Data/env/lib/python3.8/site-packages/airflow/example_dags/example_xcom.py
[2022-01-28 22:11:49,853] {processor.py:654} INFO - DAG(s) dict_keys(['example_xcom']) retrieved from /home/data-eginner/Documents/Soccer_Data/env/lib/python3.8/site-packages/airflow/example_dags/example_xcom.py
[2022-01-28 22:11:50,048] {logging_mixin.py:109} INFO - [2022-01-28 22:11:50,048] {dag.py:2396} INFO - Sync 1 DAGs
[2022-01-28 22:11:50,060] {logging_mixin.py:109} INFO - [2022-01-28 22:11:50,060] {dag.py:2935} INFO - Setting next_dagrun for example_xcom to 2021-01-01T00:00:00+00:00
[2022-01-28 22:11:50,105] {processor.py:171} INFO - Processing /home/data-eginner/Documents/Soccer_Data/env/lib/python3.8/site-packages/airflow/example_dags/example_xcom.py took 0.296 seconds
[2022-01-28 22:12:23,024] {processor.py:163} INFO - Started process (PID=28544) to work on /home/data-eginner/Documents/Soccer_Data/env/lib/python3.8/site-packages/airflow/example_dags/example_xcom.py
[2022-01-28 22:12:23,032] {processor.py:642} INFO - Processing file /home/data-eginner/Documents/Soccer_Data/env/lib/python3.8/site-packages/airflow/example_dags/example_xcom.py for tasks to queue
[2022-01-28 22:12:23,033] {logging_mixin.py:109} INFO - [2022-01-28 22:12:23,033] {dagbag.py:500} INFO - Filling up the DagBag from /home/data-eginner/Documents/Soccer_Data/env/lib/python3.8/site-packages/airflow/example_dags/example_xcom.py
[2022-01-28 22:12:23,156] {processor.py:654} INFO - DAG(s) dict_keys(['example_xcom']) retrieved from /home/data-eginner/Documents/Soccer_Data/env/lib/python3.8/site-packages/airflow/example_dags/example_xcom.py
[2022-01-28 22:12:24,112] {logging_mixin.py:109} INFO - [2022-01-28 22:12:24,111] {dag.py:2396} INFO - Sync 1 DAGs
[2022-01-28 22:12:24,145] {logging_mixin.py:109} INFO - [2022-01-28 22:12:24,145] {dag.py:2935} INFO - Setting next_dagrun for example_xcom to 2021-01-01T00:00:00+00:00
[2022-01-28 22:12:24,205] {processor.py:171} INFO - Processing /home/data-eginner/Documents/Soccer_Data/env/lib/python3.8/site-packages/airflow/example_dags/example_xcom.py took 1.218 seconds
[2022-01-28 22:13:02,789] {processor.py:163} INFO - Started process (PID=28688) to work on /home/data-eginner/Documents/Soccer_Data/env/lib/python3.8/site-packages/airflow/example_dags/example_xcom.py
[2022-01-28 22:13:02,795] {processor.py:642} INFO - Processing file /home/data-eginner/Documents/Soccer_Data/env/lib/python3.8/site-packages/airflow/example_dags/example_xcom.py for tasks to queue
[2022-01-28 22:13:02,796] {logging_mixin.py:109} INFO - [2022-01-28 22:13:02,796] {dagbag.py:500} INFO - Filling up the DagBag from /home/data-eginner/Documents/Soccer_Data/env/lib/python3.8/site-packages/airflow/example_dags/example_xcom.py
[2022-01-28 22:13:02,831] {processor.py:654} INFO - DAG(s) dict_keys(['example_xcom']) retrieved from /home/data-eginner/Documents/Soccer_Data/env/lib/python3.8/site-packages/airflow/example_dags/example_xcom.py
[2022-01-28 22:13:03,088] {logging_mixin.py:109} INFO - [2022-01-28 22:13:03,088] {dag.py:2396} INFO - Sync 1 DAGs
[2022-01-28 22:13:03,109] {logging_mixin.py:109} INFO - [2022-01-28 22:13:03,105] {dag.py:2935} INFO - Setting next_dagrun for example_xcom to 2021-01-01T00:00:00+00:00
[2022-01-28 22:13:03,164] {processor.py:171} INFO - Processing /home/data-eginner/Documents/Soccer_Data/env/lib/python3.8/site-packages/airflow/example_dags/example_xcom.py took 0.378 seconds
[2022-01-28 22:13:43,464] {processor.py:163} INFO - Started process (PID=28857) to work on /home/data-eginner/Documents/Soccer_Data/env/lib/python3.8/site-packages/airflow/example_dags/example_xcom.py
[2022-01-28 22:13:43,480] {processor.py:642} INFO - Processing file /home/data-eginner/Documents/Soccer_Data/env/lib/python3.8/site-packages/airflow/example_dags/example_xcom.py for tasks to queue
[2022-01-28 22:13:43,481] {logging_mixin.py:109} INFO - [2022-01-28 22:13:43,480] {dagbag.py:500} INFO - Filling up the DagBag from /home/data-eginner/Documents/Soccer_Data/env/lib/python3.8/site-packages/airflow/example_dags/example_xcom.py
[2022-01-28 22:13:43,564] {processor.py:654} INFO - DAG(s) dict_keys(['example_xcom']) retrieved from /home/data-eginner/Documents/Soccer_Data/env/lib/python3.8/site-packages/airflow/example_dags/example_xcom.py
[2022-01-28 22:13:44,464] {logging_mixin.py:109} INFO - [2022-01-28 22:13:44,464] {dag.py:2396} INFO - Sync 1 DAGs
[2022-01-28 22:13:44,519] {logging_mixin.py:109} INFO - [2022-01-28 22:13:44,518] {dag.py:2935} INFO - Setting next_dagrun for example_xcom to 2021-01-01T00:00:00+00:00
[2022-01-28 22:13:44,594] {processor.py:171} INFO - Processing /home/data-eginner/Documents/Soccer_Data/env/lib/python3.8/site-packages/airflow/example_dags/example_xcom.py took 1.160 seconds
[2022-01-28 22:14:22,211] {processor.py:163} INFO - Started process (PID=29013) to work on /home/data-eginner/Documents/Soccer_Data/env/lib/python3.8/site-packages/airflow/example_dags/example_xcom.py
[2022-01-28 22:14:22,235] {processor.py:642} INFO - Processing file /home/data-eginner/Documents/Soccer_Data/env/lib/python3.8/site-packages/airflow/example_dags/example_xcom.py for tasks to queue
[2022-01-28 22:14:22,235] {logging_mixin.py:109} INFO - [2022-01-28 22:14:22,235] {dagbag.py:500} INFO - Filling up the DagBag from /home/data-eginner/Documents/Soccer_Data/env/lib/python3.8/site-packages/airflow/example_dags/example_xcom.py
[2022-01-28 22:14:22,309] {processor.py:654} INFO - DAG(s) dict_keys(['example_xcom']) retrieved from /home/data-eginner/Documents/Soccer_Data/env/lib/python3.8/site-packages/airflow/example_dags/example_xcom.py
[2022-01-28 22:14:22,964] {logging_mixin.py:109} INFO - [2022-01-28 22:14:22,964] {dag.py:2396} INFO - Sync 1 DAGs
[2022-01-28 22:14:23,000] {logging_mixin.py:109} INFO - [2022-01-28 22:14:23,000] {dag.py:2935} INFO - Setting next_dagrun for example_xcom to 2021-01-01T00:00:00+00:00
[2022-01-28 22:14:23,053] {processor.py:171} INFO - Processing /home/data-eginner/Documents/Soccer_Data/env/lib/python3.8/site-packages/airflow/example_dags/example_xcom.py took 0.845 seconds
[2022-01-28 22:15:00,018] {processor.py:163} INFO - Started process (PID=29158) to work on /home/data-eginner/Documents/Soccer_Data/env/lib/python3.8/site-packages/airflow/example_dags/example_xcom.py
[2022-01-28 22:15:00,044] {processor.py:642} INFO - Processing file /home/data-eginner/Documents/Soccer_Data/env/lib/python3.8/site-packages/airflow/example_dags/example_xcom.py for tasks to queue
[2022-01-28 22:15:00,045] {logging_mixin.py:109} INFO - [2022-01-28 22:15:00,045] {dagbag.py:500} INFO - Filling up the DagBag from /home/data-eginner/Documents/Soccer_Data/env/lib/python3.8/site-packages/airflow/example_dags/example_xcom.py
[2022-01-28 22:15:00,117] {processor.py:654} INFO - DAG(s) dict_keys(['example_xcom']) retrieved from /home/data-eginner/Documents/Soccer_Data/env/lib/python3.8/site-packages/airflow/example_dags/example_xcom.py
[2022-01-28 22:15:00,607] {logging_mixin.py:109} INFO - [2022-01-28 22:15:00,607] {dag.py:2396} INFO - Sync 1 DAGs
[2022-01-28 22:15:00,660] {logging_mixin.py:109} INFO - [2022-01-28 22:15:00,660] {dag.py:2935} INFO - Setting next_dagrun for example_xcom to 2021-01-01T00:00:00+00:00
[2022-01-28 22:15:00,725] {processor.py:171} INFO - Processing /home/data-eginner/Documents/Soccer_Data/env/lib/python3.8/site-packages/airflow/example_dags/example_xcom.py took 0.709 seconds
[2022-01-28 22:15:55,948] {processor.py:163} INFO - Started process (PID=29345) to work on /home/data-eginner/Documents/Soccer_Data/env/lib/python3.8/site-packages/airflow/example_dags/example_xcom.py
[2022-01-28 22:15:55,976] {processor.py:642} INFO - Processing file /home/data-eginner/Documents/Soccer_Data/env/lib/python3.8/site-packages/airflow/example_dags/example_xcom.py for tasks to queue
[2022-01-28 22:15:55,976] {logging_mixin.py:109} INFO - [2022-01-28 22:15:55,976] {dagbag.py:500} INFO - Filling up the DagBag from /home/data-eginner/Documents/Soccer_Data/env/lib/python3.8/site-packages/airflow/example_dags/example_xcom.py
[2022-01-28 22:15:56,047] {processor.py:654} INFO - DAG(s) dict_keys(['example_xcom']) retrieved from /home/data-eginner/Documents/Soccer_Data/env/lib/python3.8/site-packages/airflow/example_dags/example_xcom.py
[2022-01-28 22:15:56,636] {logging_mixin.py:109} INFO - [2022-01-28 22:15:56,635] {dag.py:2396} INFO - Sync 1 DAGs
[2022-01-28 22:15:56,667] {logging_mixin.py:109} INFO - [2022-01-28 22:15:56,667] {dag.py:2935} INFO - Setting next_dagrun for example_xcom to 2021-01-01T00:00:00+00:00
[2022-01-28 22:15:56,708] {processor.py:171} INFO - Processing /home/data-eginner/Documents/Soccer_Data/env/lib/python3.8/site-packages/airflow/example_dags/example_xcom.py took 0.762 seconds
[2022-01-28 22:16:34,961] {processor.py:163} INFO - Started process (PID=29492) to work on /home/data-eginner/Documents/Soccer_Data/env/lib/python3.8/site-packages/airflow/example_dags/example_xcom.py
[2022-01-28 22:16:34,979] {processor.py:642} INFO - Processing file /home/data-eginner/Documents/Soccer_Data/env/lib/python3.8/site-packages/airflow/example_dags/example_xcom.py for tasks to queue
[2022-01-28 22:16:34,979] {logging_mixin.py:109} INFO - [2022-01-28 22:16:34,979] {dagbag.py:500} INFO - Filling up the DagBag from /home/data-eginner/Documents/Soccer_Data/env/lib/python3.8/site-packages/airflow/example_dags/example_xcom.py
[2022-01-28 22:16:35,026] {processor.py:654} INFO - DAG(s) dict_keys(['example_xcom']) retrieved from /home/data-eginner/Documents/Soccer_Data/env/lib/python3.8/site-packages/airflow/example_dags/example_xcom.py
[2022-01-28 22:16:35,450] {logging_mixin.py:109} INFO - [2022-01-28 22:16:35,450] {dag.py:2396} INFO - Sync 1 DAGs
[2022-01-28 22:16:35,484] {logging_mixin.py:109} INFO - [2022-01-28 22:16:35,483] {dag.py:2935} INFO - Setting next_dagrun for example_xcom to 2021-01-01T00:00:00+00:00
[2022-01-28 22:16:35,512] {processor.py:171} INFO - Processing /home/data-eginner/Documents/Soccer_Data/env/lib/python3.8/site-packages/airflow/example_dags/example_xcom.py took 0.553 seconds
[2022-01-28 22:17:11,470] {processor.py:163} INFO - Started process (PID=29627) to work on /home/data-eginner/Documents/Soccer_Data/env/lib/python3.8/site-packages/airflow/example_dags/example_xcom.py
[2022-01-28 22:17:11,486] {processor.py:642} INFO - Processing file /home/data-eginner/Documents/Soccer_Data/env/lib/python3.8/site-packages/airflow/example_dags/example_xcom.py for tasks to queue
[2022-01-28 22:17:11,486] {logging_mixin.py:109} INFO - [2022-01-28 22:17:11,486] {dagbag.py:500} INFO - Filling up the DagBag from /home/data-eginner/Documents/Soccer_Data/env/lib/python3.8/site-packages/airflow/example_dags/example_xcom.py
[2022-01-28 22:17:11,578] {processor.py:654} INFO - DAG(s) dict_keys(['example_xcom']) retrieved from /home/data-eginner/Documents/Soccer_Data/env/lib/python3.8/site-packages/airflow/example_dags/example_xcom.py
[2022-01-28 22:17:12,026] {logging_mixin.py:109} INFO - [2022-01-28 22:17:12,025] {dag.py:2396} INFO - Sync 1 DAGs
[2022-01-28 22:17:12,045] {logging_mixin.py:109} INFO - [2022-01-28 22:17:12,045] {dag.py:2935} INFO - Setting next_dagrun for example_xcom to 2021-01-01T00:00:00+00:00
[2022-01-28 22:17:12,094] {processor.py:171} INFO - Processing /home/data-eginner/Documents/Soccer_Data/env/lib/python3.8/site-packages/airflow/example_dags/example_xcom.py took 0.660 seconds
[2022-01-28 22:17:55,375] {processor.py:163} INFO - Started process (PID=29798) to work on /home/data-eginner/Documents/Soccer_Data/env/lib/python3.8/site-packages/airflow/example_dags/example_xcom.py
[2022-01-28 22:17:55,388] {processor.py:642} INFO - Processing file /home/data-eginner/Documents/Soccer_Data/env/lib/python3.8/site-packages/airflow/example_dags/example_xcom.py for tasks to queue
[2022-01-28 22:17:55,389] {logging_mixin.py:109} INFO - [2022-01-28 22:17:55,389] {dagbag.py:500} INFO - Filling up the DagBag from /home/data-eginner/Documents/Soccer_Data/env/lib/python3.8/site-packages/airflow/example_dags/example_xcom.py
[2022-01-28 22:17:55,433] {processor.py:654} INFO - DAG(s) dict_keys(['example_xcom']) retrieved from /home/data-eginner/Documents/Soccer_Data/env/lib/python3.8/site-packages/airflow/example_dags/example_xcom.py
[2022-01-28 22:17:55,640] {logging_mixin.py:109} INFO - [2022-01-28 22:17:55,640] {dag.py:2396} INFO - Sync 1 DAGs
[2022-01-28 22:17:55,650] {logging_mixin.py:109} INFO - [2022-01-28 22:17:55,650] {dag.py:2935} INFO - Setting next_dagrun for example_xcom to 2021-01-01T00:00:00+00:00
[2022-01-28 22:17:55,696] {processor.py:171} INFO - Processing /home/data-eginner/Documents/Soccer_Data/env/lib/python3.8/site-packages/airflow/example_dags/example_xcom.py took 0.323 seconds
[2022-01-28 22:18:32,775] {processor.py:163} INFO - Started process (PID=29952) to work on /home/data-eginner/Documents/Soccer_Data/env/lib/python3.8/site-packages/airflow/example_dags/example_xcom.py
[2022-01-28 22:18:32,793] {processor.py:642} INFO - Processing file /home/data-eginner/Documents/Soccer_Data/env/lib/python3.8/site-packages/airflow/example_dags/example_xcom.py for tasks to queue
[2022-01-28 22:18:32,794] {logging_mixin.py:109} INFO - [2022-01-28 22:18:32,794] {dagbag.py:500} INFO - Filling up the DagBag from /home/data-eginner/Documents/Soccer_Data/env/lib/python3.8/site-packages/airflow/example_dags/example_xcom.py
[2022-01-28 22:18:32,821] {processor.py:654} INFO - DAG(s) dict_keys(['example_xcom']) retrieved from /home/data-eginner/Documents/Soccer_Data/env/lib/python3.8/site-packages/airflow/example_dags/example_xcom.py
[2022-01-28 22:18:33,166] {logging_mixin.py:109} INFO - [2022-01-28 22:18:33,166] {dag.py:2396} INFO - Sync 1 DAGs
[2022-01-28 22:18:33,186] {logging_mixin.py:109} INFO - [2022-01-28 22:18:33,186] {dag.py:2935} INFO - Setting next_dagrun for example_xcom to 2021-01-01T00:00:00+00:00
[2022-01-28 22:18:33,215] {processor.py:171} INFO - Processing /home/data-eginner/Documents/Soccer_Data/env/lib/python3.8/site-packages/airflow/example_dags/example_xcom.py took 0.457 seconds
[2022-01-28 22:19:07,146] {processor.py:163} INFO - Started process (PID=30089) to work on /home/data-eginner/Documents/Soccer_Data/env/lib/python3.8/site-packages/airflow/example_dags/example_xcom.py
[2022-01-28 22:19:07,160] {processor.py:642} INFO - Processing file /home/data-eginner/Documents/Soccer_Data/env/lib/python3.8/site-packages/airflow/example_dags/example_xcom.py for tasks to queue
[2022-01-28 22:19:07,161] {logging_mixin.py:109} INFO - [2022-01-28 22:19:07,161] {dagbag.py:500} INFO - Filling up the DagBag from /home/data-eginner/Documents/Soccer_Data/env/lib/python3.8/site-packages/airflow/example_dags/example_xcom.py
[2022-01-28 22:19:07,189] {processor.py:654} INFO - DAG(s) dict_keys(['example_xcom']) retrieved from /home/data-eginner/Documents/Soccer_Data/env/lib/python3.8/site-packages/airflow/example_dags/example_xcom.py
[2022-01-28 22:19:07,530] {logging_mixin.py:109} INFO - [2022-01-28 22:19:07,530] {dag.py:2396} INFO - Sync 1 DAGs
[2022-01-28 22:19:07,555] {logging_mixin.py:109} INFO - [2022-01-28 22:19:07,554] {dag.py:2935} INFO - Setting next_dagrun for example_xcom to 2021-01-01T00:00:00+00:00
[2022-01-28 22:19:07,606] {processor.py:171} INFO - Processing /home/data-eginner/Documents/Soccer_Data/env/lib/python3.8/site-packages/airflow/example_dags/example_xcom.py took 0.462 seconds
[2022-01-28 22:20:10,883] {processor.py:163} INFO - Started process (PID=30340) to work on /home/data-eginner/Documents/Soccer_Data/env/lib/python3.8/site-packages/airflow/example_dags/example_xcom.py
[2022-01-28 22:20:10,906] {processor.py:642} INFO - Processing file /home/data-eginner/Documents/Soccer_Data/env/lib/python3.8/site-packages/airflow/example_dags/example_xcom.py for tasks to queue
[2022-01-28 22:20:10,907] {logging_mixin.py:109} INFO - [2022-01-28 22:20:10,906] {dagbag.py:500} INFO - Filling up the DagBag from /home/data-eginner/Documents/Soccer_Data/env/lib/python3.8/site-packages/airflow/example_dags/example_xcom.py
[2022-01-28 22:20:10,930] {processor.py:654} INFO - DAG(s) dict_keys(['example_xcom']) retrieved from /home/data-eginner/Documents/Soccer_Data/env/lib/python3.8/site-packages/airflow/example_dags/example_xcom.py
[2022-01-28 22:20:11,106] {logging_mixin.py:109} INFO - [2022-01-28 22:20:11,106] {dag.py:2396} INFO - Sync 1 DAGs
[2022-01-28 22:20:11,117] {logging_mixin.py:109} INFO - [2022-01-28 22:20:11,117] {dag.py:2935} INFO - Setting next_dagrun for example_xcom to 2021-01-01T00:00:00+00:00
[2022-01-28 22:20:11,153] {processor.py:171} INFO - Processing /home/data-eginner/Documents/Soccer_Data/env/lib/python3.8/site-packages/airflow/example_dags/example_xcom.py took 0.275 seconds
[2022-01-28 22:20:51,540] {processor.py:163} INFO - Started process (PID=30512) to work on /home/data-eginner/Documents/Soccer_Data/env/lib/python3.8/site-packages/airflow/example_dags/example_xcom.py
[2022-01-28 22:20:51,554] {processor.py:642} INFO - Processing file /home/data-eginner/Documents/Soccer_Data/env/lib/python3.8/site-packages/airflow/example_dags/example_xcom.py for tasks to queue
[2022-01-28 22:20:51,555] {logging_mixin.py:109} INFO - [2022-01-28 22:20:51,555] {dagbag.py:500} INFO - Filling up the DagBag from /home/data-eginner/Documents/Soccer_Data/env/lib/python3.8/site-packages/airflow/example_dags/example_xcom.py
[2022-01-28 22:20:51,580] {processor.py:654} INFO - DAG(s) dict_keys(['example_xcom']) retrieved from /home/data-eginner/Documents/Soccer_Data/env/lib/python3.8/site-packages/airflow/example_dags/example_xcom.py
[2022-01-28 22:20:51,763] {logging_mixin.py:109} INFO - [2022-01-28 22:20:51,763] {dag.py:2396} INFO - Sync 1 DAGs
[2022-01-28 22:20:51,776] {logging_mixin.py:109} INFO - [2022-01-28 22:20:51,776] {dag.py:2935} INFO - Setting next_dagrun for example_xcom to 2021-01-01T00:00:00+00:00
[2022-01-28 22:20:51,792] {processor.py:171} INFO - Processing /home/data-eginner/Documents/Soccer_Data/env/lib/python3.8/site-packages/airflow/example_dags/example_xcom.py took 0.272 seconds
[2022-01-28 22:21:26,631] {processor.py:163} INFO - Started process (PID=30663) to work on /home/data-eginner/Documents/Soccer_Data/env/lib/python3.8/site-packages/airflow/example_dags/example_xcom.py
[2022-01-28 22:21:26,645] {processor.py:642} INFO - Processing file /home/data-eginner/Documents/Soccer_Data/env/lib/python3.8/site-packages/airflow/example_dags/example_xcom.py for tasks to queue
[2022-01-28 22:21:26,646] {logging_mixin.py:109} INFO - [2022-01-28 22:21:26,646] {dagbag.py:500} INFO - Filling up the DagBag from /home/data-eginner/Documents/Soccer_Data/env/lib/python3.8/site-packages/airflow/example_dags/example_xcom.py
[2022-01-28 22:21:26,673] {processor.py:654} INFO - DAG(s) dict_keys(['example_xcom']) retrieved from /home/data-eginner/Documents/Soccer_Data/env/lib/python3.8/site-packages/airflow/example_dags/example_xcom.py
[2022-01-28 22:21:26,867] {logging_mixin.py:109} INFO - [2022-01-28 22:21:26,867] {dag.py:2396} INFO - Sync 1 DAGs
[2022-01-28 22:21:26,881] {logging_mixin.py:109} INFO - [2022-01-28 22:21:26,880] {dag.py:2935} INFO - Setting next_dagrun for example_xcom to 2021-01-01T00:00:00+00:00
[2022-01-28 22:21:26,908] {processor.py:171} INFO - Processing /home/data-eginner/Documents/Soccer_Data/env/lib/python3.8/site-packages/airflow/example_dags/example_xcom.py took 0.283 seconds
                                                                                                                                                                                                                                                                                                                                                                                                                                                                                                                                                                                                                                                                                                                                                                                                                                                                                                                                                                                                                                                                                                                                                                                                                                                                                                                                                                                