[2022-01-28 21:00:32,724] {processor.py:163} INFO - Started process (PID=19084) to work on /home/data-eginner/Documents/Soccer_Data/env/lib/python3.8/site-packages/airflow/example_dags/example_nested_branch_dag.py
[2022-01-28 21:00:32,743] {processor.py:642} INFO - Processing file /home/data-eginner/Documents/Soccer_Data/env/lib/python3.8/site-packages/airflow/example_dags/example_nested_branch_dag.py for tasks to queue
[2022-01-28 21:00:32,744] {logging_mixin.py:109} INFO - [2022-01-28 21:00:32,744] {dagbag.py:500} INFO - Filling up the DagBag from /home/data-eginner/Documents/Soccer_Data/env/lib/python3.8/site-packages/airflow/example_dags/example_nested_branch_dag.py
[2022-01-28 21:00:32,920] {processor.py:654} INFO - DAG(s) dict_keys(['example_nested_branch_dag']) retrieved from /home/data-eginner/Documents/Soccer_Data/env/lib/python3.8/site-packages/airflow/example_dags/example_nested_branch_dag.py
[2022-01-28 21:00:32,973] {logging_mixin.py:109} INFO - [2022-01-28 21:00:32,973] {dag.py:2396} INFO - Sync 1 DAGs
[2022-01-28 21:00:33,019] {logging_mixin.py:109} INFO - [2022-01-28 21:00:33,019] {dag.py:2935} INFO - Setting next_dagrun for example_nested_branch_dag to 2022-01-28 00:00:00+00:00
[2022-01-28 21:00:33,116] {processor.py:171} INFO - Processing /home/data-eginner/Documents/Soccer_Data/env/lib/python3.8/site-packages/airflow/example_dags/example_nested_branch_dag.py took 0.417 seconds
[2022-01-28 21:08:33,483] {processor.py:163} INFO - Started process (PID=19828) to work on /home/data-eginner/Documents/Soccer_Data/env/lib/python3.8/site-packages/airflow/example_dags/example_nested_branch_dag.py
[2022-01-28 21:08:33,495] {processor.py:642} INFO - Processing file /home/data-eginner/Documents/Soccer_Data/env/lib/python3.8/site-packages/airflow/example_dags/example_nested_branch_dag.py for tasks to queue
[2022-01-28 21:08:33,496] {logging_mixin.py:109} INFO - [2022-01-28 21:08:33,496] {dagbag.py:500} INFO - Filling up the DagBag from /home/data-eginner/Documents/Soccer_Data/env/lib/python3.8/site-packages/airflow/example_dags/example_nested_branch_dag.py
[2022-01-28 21:08:33,585] {processor.py:654} INFO - DAG(s) dict_keys(['example_nested_branch_dag']) retrieved from /home/data-eginner/Documents/Soccer_Data/env/lib/python3.8/site-packages/airflow/example_dags/example_nested_branch_dag.py
[2022-01-28 21:08:33,634] {logging_mixin.py:109} INFO - [2022-01-28 21:08:33,633] {dag.py:2396} INFO - Sync 1 DAGs
[2022-01-28 21:08:33,678] {logging_mixin.py:109} INFO - [2022-01-28 21:08:33,677] {dag.py:2935} INFO - Setting next_dagrun for example_nested_branch_dag to 2022-01-28 00:00:00+00:00
[2022-01-28 21:08:33,713] {processor.py:171} INFO - Processing /home/data-eginner/Documents/Soccer_Data/env/lib/python3.8/site-packages/airflow/example_dags/example_nested_branch_dag.py took 0.240 seconds
[2022-01-28 21:09:26,268] {processor.py:163} INFO - Started process (PID=20007) to work on /home/data-eginner/Documents/Soccer_Data/env/lib/python3.8/site-packages/airflow/example_dags/example_nested_branch_dag.py
[2022-01-28 21:09:26,287] {processor.py:642} INFO - Processing file /home/data-eginner/Documents/Soccer_Data/env/lib/python3.8/site-packages/airflow/example_dags/example_nested_branch_dag.py for tasks to queue
[2022-01-28 21:09:26,288] {logging_mixin.py:109} INFO - [2022-01-28 21:09:26,287] {dagbag.py:500} INFO - Filling up the DagBag from /home/data-eginner/Documents/Soccer_Data/env/lib/python3.8/site-packages/airflow/example_dags/example_nested_branch_dag.py
[2022-01-28 21:09:26,340] {processor.py:654} INFO - DAG(s) dict_keys(['example_nested_branch_dag']) retrieved from /home/data-eginner/Documents/Soccer_Data/env/lib/python3.8/site-packages/airflow/example_dags/example_nested_branch_dag.py
[2022-01-28 21:09:26,354] {logging_mixin.py:109} INFO - [2022-01-28 21:09:26,354] {dag.py:2396} INFO - Sync 1 DAGs
[2022-01-28 21:09:26,371] {logging_mixin.py:109} INFO - [2022-01-28 21:09:26,371] {dag.py:2935} INFO - Setting next_dagrun for example_nested_branch_dag to 2022-01-28 00:00:00+00:00
[2022-01-28 21:09:26,392] {processor.py:171} INFO - Processing /home/data-eginner/Documents/Soccer_Data/env/lib/python3.8/site-packages/airflow/example_dags/example_nested_branch_dag.py took 0.126 seconds
[2022-01-28 21:10:23,891] {processor.py:163} INFO - Started process (PID=20225) to work on /home/data-eginner/Documents/Soccer_Data/env/lib/python3.8/site-packages/airflow/example_dags/example_nested_branch_dag.py
[2022-01-28 21:10:23,906] {processor.py:642} INFO - Processing file /home/data-eginner/Documents/Soccer_Data/env/lib/python3.8/site-packages/airflow/example_dags/example_nested_branch_dag.py for tasks to queue
[2022-01-28 21:10:23,907] {logging_mixin.py:109} INFO - [2022-01-28 21:10:23,907] {dagbag.py:500} INFO - Filling up the DagBag from /home/data-eginner/Documents/Soccer_Data/env/lib/python3.8/site-packages/airflow/example_dags/example_nested_branch_dag.py
[2022-01-28 21:10:23,933] {processor.py:654} INFO - DAG(s) dict_keys(['example_nested_branch_dag']) retrieved from /home/data-eginner/Documents/Soccer_Data/env/lib/python3.8/site-packages/airflow/example_dags/example_nested_branch_dag.py
[2022-01-28 21:10:23,962] {logging_mixin.py:109} INFO - [2022-01-28 21:10:23,962] {dag.py:2396} INFO - Sync 1 DAGs
[2022-01-28 21:10:24,005] {logging_mixin.py:109} INFO - [2022-01-28 21:10:24,005] {dag.py:2935} INFO - Setting next_dagrun for example_nested_branch_dag to 2022-01-28 00:00:00+00:00
[2022-01-28 21:10:24,029] {processor.py:171} INFO - Processing /home/data-eginner/Documents/Soccer_Data/env/lib/python3.8/site-packages/airflow/example_dags/example_nested_branch_dag.py took 0.159 seconds
[2022-01-28 21:11:08,841] {processor.py:163} INFO - Started process (PID=20403) to work on /home/data-eginner/Documents/Soccer_Data/env/lib/python3.8/site-packages/airflow/example_dags/example_nested_branch_dag.py
[2022-01-28 21:11:08,844] {processor.py:642} INFO - Processing file /home/data-eginner/Documents/Soccer_Data/env/lib/python3.8/site-packages/airflow/example_dags/example_nested_branch_dag.py for tasks to queue
[2022-01-28 21:11:08,844] {logging_mixin.py:109} INFO - [2022-01-28 21:11:08,844] {dagbag.py:500} INFO - Filling up the DagBag from /home/data-eginner/Documents/Soccer_Data/env/lib/python3.8/site-packages/airflow/example_dags/example_nested_branch_dag.py
[2022-01-28 21:11:08,880] {processor.py:654} INFO - DAG(s) dict_keys(['example_nested_branch_dag']) retrieved from /home/data-eginner/Documents/Soccer_Data/env/lib/python3.8/site-packages/airflow/example_dags/example_nested_branch_dag.py
[2022-01-28 21:11:08,900] {logging_mixin.py:109} INFO - [2022-01-28 21:11:08,900] {dag.py:2396} INFO - Sync 1 DAGs
[2022-01-28 21:11:08,922] {logging_mixin.py:109} INFO - [2022-01-28 21:11:08,922] {dag.py:2935} INFO - Setting next_dagrun for example_nested_branch_dag to 2022-01-28 00:00:00+00:00
[2022-01-28 21:11:08,940] {processor.py:171} INFO - Processing /home/data-eginner/Documents/Soccer_Data/env/lib/python3.8/site-packages/airflow/example_dags/example_nested_branch_dag.py took 0.109 seconds
[2022-01-28 21:11:50,944] {processor.py:163} INFO - Started process (PID=20568) to work on /home/data-eginner/Documents/Soccer_Data/env/lib/python3.8/site-packages/airflow/example_dags/example_nested_branch_dag.py
[2022-01-28 21:11:50,957] {processor.py:642} INFO - Processing file /home/data-eginner/Documents/Soccer_Data/env/lib/python3.8/site-packages/airflow/example_dags/example_nested_branch_dag.py for tasks to queue
[2022-01-28 21:11:50,959] {logging_mixin.py:109} INFO - [2022-01-28 21:11:50,959] {dagbag.py:500} INFO - Filling up the DagBag from /home/data-eginner/Documents/Soccer_Data/env/lib/python3.8/site-packages/airflow/example_dags/example_nested_branch_dag.py
[2022-01-28 21:11:51,016] {processor.py:654} INFO - DAG(s) dict_keys(['example_nested_branch_dag']) retrieved from /home/data-eginner/Documents/Soccer_Data/env/lib/python3.8/site-packages/airflow/example_dags/example_nested_branch_dag.py
[2022-01-28 21:11:51,030] {logging_mixin.py:109} INFO - [2022-01-28 21:11:51,030] {dag.py:2396} INFO - Sync 1 DAGs
[2022-01-28 21:11:51,049] {logging_mixin.py:109} INFO - [2022-01-28 21:11:51,049] {dag.py:2935} INFO - Setting next_dagrun for example_nested_branch_dag to 2022-01-28 00:00:00+00:00
[2022-01-28 21:11:51,105] {processor.py:171} INFO - Processing /home/data-eginner/Documents/Soccer_Data/env/lib/python3.8/site-packages/airflow/example_dags/example_nested_branch_dag.py took 0.179 seconds
[2022-01-28 21:12:39,710] {processor.py:163} INFO - Started process (PID=20762) to work on /home/data-eginner/Documents/Soccer_Data/env/lib/python3.8/site-packages/airflow/example_dags/example_nested_branch_dag.py
[2022-01-28 21:12:39,714] {processor.py:642} INFO - Processing file /home/data-eginner/Documents/Soccer_Data/env/lib/python3.8/site-packages/airflow/example_dags/example_nested_branch_dag.py for tasks to queue
[2022-01-28 21:12:39,715] {logging_mixin.py:109} INFO - [2022-01-28 21:12:39,715] {dagbag.py:500} INFO - Filling up the DagBag from /home/data-eginner/Documents/Soccer_Data/env/lib/python3.8/site-packages/airflow/example_dags/example_nested_branch_dag.py
[2022-01-28 21:12:39,753] {processor.py:654} INFO - DAG(s) dict_keys(['example_nested_branch_dag']) retrieved from /home/data-eginner/Documents/Soccer_Data/env/lib/python3.8/site-packages/airflow/example_dags/example_nested_branch_dag.py
[2022-01-28 21:12:39,763] {logging_mixin.py:109} INFO - [2022-01-28 21:12:39,763] {dag.py:2396} INFO - Sync 1 DAGs
[2022-01-28 21:12:39,787] {logging_mixin.py:109} INFO - [2022-01-28 21:12:39,787] {dag.py:2935} INFO - Setting next_dagrun for example_nested_branch_dag to 2022-01-28 00:00:00+00:00
[2022-01-28 21:12:39,806] {processor.py:171} INFO - Processing /home/data-eginner/Documents/Soccer_Data/env/lib/python3.8/site-packages/airflow/example_dags/example_nested_branch_dag.py took 0.109 seconds
[2022-01-28 21:13:29,592] {processor.py:163} INFO - Started process (PID=20950) to work on /home/data-eginner/Documents/Soccer_Data/env/lib/python3.8/site-packages/airflow/example_dags/example_nested_branch_dag.py
[2022-01-28 21:13:29,612] {processor.py:642} INFO - Processing file /home/data-eginner/Documents/Soccer_Data/env/lib/python3.8/site-packages/airflow/example_dags/example_nested_branch_dag.py for tasks to queue
[2022-01-28 21:13:29,612] {logging_mixin.py:109} INFO - [2022-01-28 21:13:29,612] {dagbag.py:500} INFO - Filling up the DagBag from /home/data-eginner/Documents/Soccer_Data/env/lib/python3.8/site-packages/airflow/example_dags/example_nested_branch_dag.py
[2022-01-28 21:13:29,658] {processor.py:654} INFO - DAG(s) dict_keys(['example_nested_branch_dag']) retrieved from /home/data-eginner/Documents/Soccer_Data/env/lib/python3.8/site-packages/airflow/example_dags/example_nested_branch_dag.py
[2022-01-28 21:13:29,717] {logging_mixin.py:109} INFO - [2022-01-28 21:13:29,717] {dag.py:2396} INFO - Sync 1 DAGs
[2022-01-28 21:13:29,760] {logging_mixin.py:109} INFO - [2022-01-28 21:13:29,760] {dag.py:2935} INFO - Setting next_dagrun for example_nested_branch_dag to 2022-01-28 00:00:00+00:00
[2022-01-28 21:13:29,807] {processor.py:171} INFO - Processing /home/data-eginner/Documents/Soccer_Data/env/lib/python3.8/site-packages/airflow/example_dags/example_nested_branch_dag.py took 0.218 seconds
[2022-01-28 21:14:14,778] {processor.py:163} INFO - Started process (PID=21115) to work on /home/data-eginner/Documents/Soccer_Data/env/lib/python3.8/site-packages/airflow/example_dags/example_nested_branch_dag.py
[2022-01-28 21:14:14,787] {processor.py:642} INFO - Processing file /home/data-eginner/Documents/Soccer_Data/env/lib/python3.8/site-packages/airflow/example_dags/example_nested_branch_dag.py for tasks to queue
[2022-01-28 21:14:14,788] {logging_mixin.py:109} INFO - [2022-01-28 21:14:14,788] {dagbag.py:500} INFO - Filling up the DagBag from /home/data-eginner/Documents/Soccer_Data/env/lib/python3.8/site-packages/airflow/example_dags/example_nested_branch_dag.py
[2022-01-28 21:14:14,832] {processor.py:654} INFO - DAG(s) dict_keys(['example_nested_branch_dag']) retrieved from /home/data-eginner/Documents/Soccer_Data/env/lib/python3.8/site-packages/airflow/example_dags/example_nested_branch_dag.py
[2022-01-28 21:14:14,852] {logging_mixin.py:109} INFO - [2022-01-28 21:14:14,852] {dag.py:2396} INFO - Sync 1 DAGs
[2022-01-28 21:14:14,864] {logging_mixin.py:109} INFO - [2022-01-28 21:14:14,864] {dag.py:2935} INFO - Setting next_dagrun for example_nested_branch_dag to 2022-01-28 00:00:00+00:00
[2022-01-28 21:14:14,889] {processor.py:171} INFO - Processing /home/data-eginner/Documents/Soccer_Data/env/lib/python3.8/site-packages/airflow/example_dags/example_nested_branch_dag.py took 0.114 seconds
[2022-01-28 21:15:24,924] {processor.py:163} INFO - Started process (PID=21342) to work on /home/data-eginner/Documents/Soccer_Data/env/lib/python3.8/site-packages/airflow/example_dags/example_nested_branch_dag.py
[2022-01-28 21:15:24,946] {processor.py:642} INFO - Processing file /home/data-eginner/Documents/Soccer_Data/env/lib/python3.8/site-packages/airflow/example_dags/example_nested_branch_dag.py for tasks to queue
[2022-01-28 21:15:24,947] {logging_mixin.py:109} INFO - [2022-01-28 21:15:24,947] {dagbag.py:500} INFO - Filling up the DagBag from /home/data-eginner/Documents/Soccer_Data/env/lib/python3.8/site-packages/airflow/example_dags/example_nested_branch_dag.py
[2022-01-28 21:15:25,063] {processor.py:654} INFO - DAG(s) dict_keys(['example_nested_branch_dag']) retrieved from /home/data-eginner/Documents/Soccer_Data/env/lib/python3.8/site-packages/airflow/example_dags/example_nested_branch_dag.py
[2022-01-28 21:15:25,098] {logging_mixin.py:109} INFO - [2022-01-28 21:15:25,098] {dag.py:2396} INFO - Sync 1 DAGs
[2022-01-28 21:15:25,212] {logging_mixin.py:109} INFO - [2022-01-28 21:15:25,212] {dag.py:2935} INFO - Setting next_dagrun for example_nested_branch_dag to 2022-01-28 00:00:00+00:00
[2022-01-28 21:15:25,242] {processor.py:171} INFO - Processing /home/data-eginner/Documents/Soccer_Data/env/lib/python3.8/site-packages/airflow/example_dags/example_nested_branch_dag.py took 0.321 seconds
[2022-01-28 21:16:19,650] {processor.py:163} INFO - Started process (PID=21521) to work on /home/data-eginner/Documents/Soccer_Data/env/lib/python3.8/site-packages/airflow/example_dags/example_nested_branch_dag.py
[2022-01-28 21:16:19,652] {processor.py:642} INFO - Processing file /home/data-eginner/Documents/Soccer_Data/env/lib/python3.8/site-packages/airflow/example_dags/example_nested_branch_dag.py for tasks to queue
[2022-01-28 21:16:19,653] {logging_mixin.py:109} INFO - [2022-01-28 21:16:19,652] {dagbag.py:500} INFO - Filling up the DagBag from /home/data-eginner/Documents/Soccer_Data/env/lib/python3.8/site-packages/airflow/example_dags/example_nested_branch_dag.py
[2022-01-28 21:16:19,715] {processor.py:654} INFO - DAG(s) dict_keys(['example_nested_branch_dag']) retrieved from /home/data-eginner/Documents/Soccer_Data/env/lib/python3.8/site-packages/airflow/example_dags/example_nested_branch_dag.py
[2022-01-28 21:16:19,751] {logging_mixin.py:109} INFO - [2022-01-28 21:16:19,751] {dag.py:2396} INFO - Sync 1 DAGs
[2022-01-28 21:16:19,795] {logging_mixin.py:109} INFO - [2022-01-28 21:16:19,795] {dag.py:2935} INFO - Setting next_dagrun for example_nested_branch_dag to 2022-01-28 00:00:00+00:00
[2022-01-28 21:16:19,826] {processor.py:171} INFO - Processing /home/data-eginner/Documents/Soccer_Data/env/lib/python3.8/site-packages/airflow/example_dags/example_nested_branch_dag.py took 0.191 seconds
[2022-01-28 21:17:33,540] {processor.py:163} INFO - Started process (PID=21751) to work on /home/data-eginner/Documents/Soccer_Data/env/lib/python3.8/site-packages/airflow/example_dags/example_nested_branch_dag.py
[2022-01-28 21:17:33,550] {processor.py:642} INFO - Processing file /home/data-eginner/Documents/Soccer_Data/env/lib/python3.8/site-packages/airflow/example_dags/example_nested_branch_dag.py for tasks to queue
[2022-01-28 21:17:33,550] {logging_mixin.py:109} INFO - [2022-01-28 21:17:33,550] {dagbag.py:500} INFO - Filling up the DagBag from /home/data-eginner/Documents/Soccer_Data/env/lib/python3.8/site-packages/airflow/example_dags/example_nested_branch_dag.py
[2022-01-28 21:17:33,658] {processor.py:654} INFO - DAG(s) dict_keys(['example_nested_branch_dag']) retrieved from /home/data-eginner/Documents/Soccer_Data/env/lib/python3.8/site-packages/airflow/example_dags/example_nested_branch_dag.py
[2022-01-28 21:17:33,694] {logging_mixin.py:109} INFO - [2022-01-28 21:17:33,693] {dag.py:2396} INFO - Sync 1 DAGs
[2022-01-28 21:17:33,774] {logging_mixin.py:109} INFO - [2022-01-28 21:17:33,774] {dag.py:2935} INFO - Setting next_dagrun for example_nested_branch_dag to 2022-01-28 00:00:00+00:00
[2022-01-28 21:17:33,845] {processor.py:171} INFO - Processing /home/data-eginner/Documents/Soccer_Data/env/lib/python3.8/site-packages/airflow/example_dags/example_nested_branch_dag.py took 0.307 seconds
[2022-01-28 21:18:50,736] {processor.py:163} INFO - Started process (PID=21983) to work on /home/data-eginner/Documents/Soccer_Data/env/lib/python3.8/site-packages/airflow/example_dags/example_nested_branch_dag.py
[2022-01-28 21:18:50,798] {processor.py:642} INFO - Processing file /home/data-eginner/Documents/Soccer_Data/env/lib/python3.8/site-packages/airflow/example_dags/example_nested_branch_dag.py for tasks to queue
[2022-01-28 21:18:50,799] {logging_mixin.py:109} INFO - [2022-01-28 21:18:50,799] {dagbag.py:500} INFO - Filling up the DagBag from /home/data-eginner/Documents/Soccer_Data/env/lib/python3.8/site-packages/airflow/example_dags/example_nested_branch_dag.py
[2022-01-28 21:18:50,874] {processor.py:654} INFO - DAG(s) dict_keys(['example_nested_branch_dag']) retrieved from /home/data-eginner/Documents/Soccer_Data/env/lib/python3.8/site-packages/airflow/example_dags/example_nested_branch_dag.py
[2022-01-28 21:18:50,898] {logging_mixin.py:109} INFO - [2022-01-28 21:18:50,898] {dag.py:2396} INFO - Sync 1 DAGs
[2022-01-28 21:18:50,937] {logging_mixin.py:109} INFO - [2022-01-28 21:18:50,937] {dag.py:2935} INFO - Setting next_dagrun for example_nested_branch_dag to 2022-01-28 00:00:00+00:00
[2022-01-28 21:18:50,966] {processor.py:171} INFO - Processing /home/data-eginner/Documents/Soccer_Data/env/lib/python3.8/site-packages/airflow/example_dags/example_nested_branch_dag.py took 0.232 seconds
[2022-01-28 21:20:08,869] {processor.py:163} INFO - Started process (PID=22246) to work on /home/data-eginner/Documents/Soccer_Data/env/lib/python3.8/site-packages/airflow/example_dags/example_nested_branch_dag.py
[2022-01-28 21:20:08,871] {processor.py:642} INFO - Processing file /home/data-eginner/Documents/Soccer_Data/env/lib/python3.8/site-packages/airflow/example_dags/example_nested_branch_dag.py for tasks to queue
[2022-01-28 21:20:08,872] {logging_mixin.py:109} INFO - [2022-01-28 21:20:08,872] {dagbag.py:500} INFO - Filling up the DagBag from /home/data-eginner/Documents/Soccer_Data/env/lib/python3.8/site-packages/airflow/example_dags/example_nested_branch_dag.py
[2022-01-28 21:20:08,914] {processor.py:654} INFO - DAG(s) dict_keys(['example_nested_branch_dag']) retrieved from /home/data-eginner/Documents/Soccer_Data/env/lib/python3.8/site-packages/airflow/example_dags/example_nested_branch_dag.py
[2022-01-28 21:20:08,934] {logging_mixin.py:109} INFO - [2022-01-28 21:20:08,934] {dag.py:2396} INFO - Sync 1 DAGs
[2022-01-28 21:20:08,973] {logging_mixin.py:109} INFO - [2022-01-28 21:20:08,973] {dag.py:2935} INFO - Setting next_dagrun for example_nested_branch_dag to 2022-01-28 00:00:00+00:00
[2022-01-28 21:20:08,999] {processor.py:171} INFO - Processing /home/data-eginner/Documents/Soccer_Data/env/lib/python3.8/site-packages/airflow/example_dags/example_nested_branch_dag.py took 0.142 seconds
[2022-01-28 21:21:10,052] {processor.py:163} INFO - Started process (PID=22446) to work on /home/data-eginner/Documents/Soccer_Data/env/lib/python3.8/site-packages/airflow/example_dags/example_nested_branch_dag.py
[2022-01-28 21:21:10,058] {processor.py:642} INFO - Processing file /home/data-eginner/Documents/Soccer_Data/env/lib/python3.8/site-packages/airflow/example_dags/example_nested_branch_dag.py for tasks to queue
[2022-01-28 21:21:10,058] {logging_mixin.py:109} INFO - [2022-01-28 21:21:10,058] {dagbag.py:500} INFO - Filling up the DagBag from /home/data-eginner/Documents/Soccer_Data/env/lib/python3.8/site-packages/airflow/example_dags/example_nested_branch_dag.py
[2022-01-28 21:21:10,083] {processor.py:654} INFO - DAG(s) dict_keys(['example_nested_branch_dag']) retrieved from /home/data-eginner/Documents/Soccer_Data/env/lib/python3.8/site-packages/airflow/example_dags/example_nested_branch_dag.py
[2022-01-28 21:21:10,091] {logging_mixin.py:109} INFO - [2022-01-28 21:21:10,091] {dag.py:2396} INFO - Sync 1 DAGs
[2022-01-28 21:21:10,113] {logging_mixin.py:109} INFO - [2022-01-28 21:21:10,113] {dag.py:2935} INFO - Setting next_dagrun for example_nested_branch_dag to 2022-01-28 00:00:00+00:00
[2022-01-28 21:21:10,136] {processor.py:171} INFO - Processing /home/data-eginner/Documents/Soccer_Data/env/lib/python3.8/site-packages/airflow/example_dags/example_nested_branch_dag.py took 0.087 seconds
[2022-01-28 21:22:08,777] {processor.py:163} INFO - Started process (PID=22669) to work on /home/data-eginner/Documents/Soccer_Data/env/lib/python3.8/site-packages/airflow/example_dags/example_nested_branch_dag.py
[2022-01-28 21:22:08,790] {processor.py:642} INFO - Processing file /home/data-eginner/Documents/Soccer_Data/env/lib/python3.8/site-packages/airflow/example_dags/example_nested_branch_dag.py for tasks to queue
[2022-01-28 21:22:08,792] {logging_mixin.py:109} INFO - [2022-01-28 21:22:08,792] {dagbag.py:500} INFO - Filling up the DagBag from /home/data-eginner/Documents/Soccer_Data/env/lib/python3.8/site-packages/airflow/example_dags/example_nested_branch_dag.py
[2022-01-28 21:22:08,847] {processor.py:654} INFO - DAG(s) dict_keys(['example_nested_branch_dag']) retrieved from /home/data-eginner/Documents/Soccer_Data/env/lib/python3.8/site-packages/airflow/example_dags/example_nested_branch_dag.py
[2022-01-28 21:22:08,865] {logging_mixin.py:109} INFO - [2022-01-28 21:22:08,864] {dag.py:2396} INFO - Sync 1 DAGs
[2022-01-28 21:22:08,881] {logging_mixin.py:109} INFO - [2022-01-28 21:22:08,881] {dag.py:2935} INFO - Setting next_dagrun for example_nested_branch_dag to 2022-01-28 00:00:00+00:00
[2022-01-28 21:22:08,906] {processor.py:171} INFO - Processing /home/data-eginner/Documents/Soccer_Data/env/lib/python3.8/site-packages/airflow/example_dags/example_nested_branch_dag.py took 0.144 seconds
[2022-01-28 21:26:41,737] {processor.py:163} INFO - Started process (PID=22974) to work on /home/data-eginner/Documents/Soccer_Data/env/lib/python3.8/site-packages/airflow/example_dags/example_nested_branch_dag.py
[2022-01-28 21:26:41,740] {processor.py:642} INFO - Processing file /home/data-eginner/Documents/Soccer_Data/env/lib/python3.8/site-packages/airflow/example_dags/example_nested_branch_dag.py for tasks to queue
[2022-01-28 21:26:41,740] {logging_mixin.py:109} INFO - [2022-01-28 21:26:41,740] {dagbag.py:500} INFO - Filling up the DagBag from /home/data-eginner/Documents/Soccer_Data/env/lib/python3.8/site-packages/airflow/example_dags/example_nested_branch_dag.py
[2022-01-28 21:26:41,806] {processor.py:654} INFO - DAG(s) dict_keys(['example_nested_branch_dag']) retrieved from /home/data-eginner/Documents/Soccer_Data/env/lib/python3.8/site-packages/airflow/example_dags/example_nested_branch_dag.py
[2022-01-28 21:26:41,828] {logging_mixin.py:109} INFO - [2022-01-28 21:26:41,828] {dag.py:2396} INFO - Sync 1 DAGs
[2022-01-28 21:26:41,879] {logging_mixin.py:109} INFO - [2022-01-28 21:26:41,879] {dag.py:2935} INFO - Setting next_dagrun for example_nested_branch_dag to 2022-01-28 00:00:00+00:00
[2022-01-28 21:26:41,913] {processor.py:171} INFO - Processing /home/data-eginner/Documents/Soccer_Data/env/lib/python3.8/site-packages/airflow/example_dags/example_nested_branch_dag.py took 0.201 seconds
[2022-01-28 21:27:44,345] {processor.py:163} INFO - Started process (PID=23228) to work on /home/data-eginner/Documents/Soccer_Data/env/lib/python3.8/site-packages/airflow/example_dags/example_nested_branch_dag.py
[2022-01-28 21:27:44,351] {processor.py:642} INFO - Processing file /home/data-eginner/Documents/Soccer_Data/env/lib/python3.8/site-packages/airflow/example_dags/example_nested_branch_dag.py for tasks to queue
[2022-01-28 21:27:44,352] {logging_mixin.py:109} INFO - [2022-01-28 21:27:44,352] {dagbag.py:500} INFO - Filling up the DagBag from /home/data-eginner/Documents/Soccer_Data/env/lib/python3.8/site-packages/airflow/example_dags/example_nested_branch_dag.py
[2022-01-28 21:27:44,407] {processor.py:654} INFO - DAG(s) dict_keys(['example_nested_branch_dag']) retrieved from /home/data-eginner/Documents/Soccer_Data/env/lib/python3.8/site-packages/airflow/example_dags/example_nested_branch_dag.py
[2022-01-28 21:27:44,442] {logging_mixin.py:109} INFO - [2022-01-28 21:27:44,442] {dag.py:2396} INFO - Sync 1 DAGs
[2022-01-28 21:27:44,521] {logging_mixin.py:109} INFO - [2022-01-28 21:27:44,521] {dag.py:2935} INFO - Setting next_dagrun for example_nested_branch_dag to 2022-01-28 00:00:00+00:00
[2022-01-28 21:27:44,590] {processor.py:171} INFO - Processing /home/data-eginner/Documents/Soccer_Data/env/lib/python3.8/site-packages/airflow/example_dags/example_nested_branch_dag.py took 0.241 seconds
[2022-01-28 21:29:13,311] {processor.py:163} INFO - Started process (PID=23516) to work on /home/data-eginner/Documents/Soccer_Data/env/lib/python3.8/site-packages/airflow/example_dags/example_nested_branch_dag.py
[2022-01-28 21:29:13,322] {processor.py:642} INFO - Processing file /home/data-eginner/Documents/Soccer_Data/env/lib/python3.8/site-packages/airflow/example_dags/example_nested_branch_dag.py for tasks to queue
[2022-01-28 21:29:13,323] {logging_mixin.py:109} INFO - [2022-01-28 21:29:13,323] {dagbag.py:500} INFO - Filling up the DagBag from /home/data-eginner/Documents/Soccer_Data/env/lib/python3.8/site-packages/airflow/example_dags/example_nested_branch_dag.py
[2022-01-28 21:29:13,410] {processor.py:654} INFO - DAG(s) dict_keys(['example_nested_branch_dag']) retrieved from /home/data-eginner/Documents/Soccer_Data/env/lib/python3.8/site-packages/airflow/example_dags/example_nested_branch_dag.py
[2022-01-28 21:29:13,472] {logging_mixin.py:109} INFO - [2022-01-28 21:29:13,472] {dag.py:2396} INFO - Sync 1 DAGs
[2022-01-28 21:29:13,546] {logging_mixin.py:109} INFO - [2022-01-28 21:29:13,546] {dag.py:2935} INFO - Setting next_dagrun for example_nested_branch_dag to 2022-01-28 00:00:00+00:00
[2022-01-28 21:29:13,577] {processor.py:171} INFO - Processing /home/data-eginner/Documents/Soccer_Data/env/lib/python3.8/site-packages/airflow/example_dags/example_nested_branch_dag.py took 0.269 seconds
[2022-01-28 21:30:08,994] {processor.py:163} INFO - Started process (PID=23706) to work on /home/data-eginner/Documents/Soccer_Data/env/lib/python3.8/site-packages/airflow/example_dags/example_nested_branch_dag.py
[2022-01-28 21:30:08,997] {processor.py:642} INFO - Processing file /home/data-eginner/Documents/Soccer_Data/env/lib/python3.8/site-packages/airflow/example_dags/example_nested_branch_dag.py for tasks to queue
[2022-01-28 21:30:08,997] {logging_mixin.py:109} INFO - [2022-01-28 21:30:08,997] {dagbag.py:500} INFO - Filling up the DagBag from /home/data-eginner/Documents/Soccer_Data/env/lib/python3.8/site-packages/airflow/example_dags/example_nested_branch_dag.py
[2022-01-28 21:30:09,030] {processor.py:654} INFO - DAG(s) dict_keys(['example_nested_branch_dag']) retrieved from /home/data-eginner/Documents/Soccer_Data/env/lib/python3.8/site-packages/airflow/example_dags/example_nested_branch_dag.py
[2022-01-28 21:30:09,038] {logging_mixin.py:109} INFO - [2022-01-28 21:30:09,038] {dag.py:2396} INFO - Sync 1 DAGs
[2022-01-28 21:30:09,116] {logging_mixin.py:109} INFO - [2022-01-28 21:30:09,116] {dag.py:2935} INFO - Setting next_dagrun for example_nested_branch_dag to 2022-01-28 00:00:00+00:00
[2022-01-28 21:30:09,146] {processor.py:171} INFO - Processing /home/data-eginner/Documents/Soccer_Data/env/lib/python3.8/site-packages/airflow/example_dags/example_nested_branch_dag.py took 0.155 seconds
[2022-01-28 21:31:03,950] {processor.py:163} INFO - Started process (PID=23899) to work on /home/data-eginner/Documents/Soccer_Data/env/lib/python3.8/site-packages/airflow/example_dags/example_nested_branch_dag.py
[2022-01-28 21:31:03,956] {processor.py:642} INFO - Processing file /home/data-eginner/Documents/Soccer_Data/env/lib/python3.8/site-packages/airflow/example_dags/example_nested_branch_dag.py for tasks to queue
[2022-01-28 21:31:03,956] {logging_mixin.py:109} INFO - [2022-01-28 21:31:03,956] {dagbag.py:500} INFO - Filling up the DagBag from /home/data-eginner/Documents/Soccer_Data/env/lib/python3.8/site-packages/airflow/example_dags/example_nested_branch_dag.py
[2022-01-28 21:31:04,056] {processor.py:654} INFO - DAG(s) dict_keys(['example_nested_branch_dag']) retrieved from /home/data-eginner/Documents/Soccer_Data/env/lib/python3.8/site-packages/airflow/example_dags/example_nested_branch_dag.py
[2022-01-28 21:31:04,108] {logging_mixin.py:109} INFO - [2022-01-28 21:31:04,108] {dag.py:2396} INFO - Sync 1 DAGs
[2022-01-28 21:31:04,172] {logging_mixin.py:109} INFO - [2022-01-28 21:31:04,172] {dag.py:2935} INFO - Setting next_dagrun for example_nested_branch_dag to 2022-01-28 00:00:00+00:00
[2022-01-28 21:31:04,208] {processor.py:171} INFO - Processing /home/data-eginner/Documents/Soccer_Data/env/lib/python3.8/site-packages/airflow/example_dags/example_nested_branch_dag.py took 0.260 seconds
[2022-01-28 21:32:20,353] {processor.py:163} INFO - Started process (PID=24168) to work on /home/data-eginner/Documents/Soccer_Data/env/lib/python3.8/site-packages/airflow/example_dags/example_nested_branch_dag.py
[2022-01-28 21:32:20,355] {processor.py:642} INFO - Processing file /home/data-eginner/Documents/Soccer_Data/env/lib/python3.8/site-packages/airflow/example_dags/example_nested_branch_dag.py for tasks to queue
[2022-01-28 21:32:20,355] {logging_mixin.py:109} INFO - [2022-01-28 21:32:20,355] {dagbag.py:500} INFO - Filling up the DagBag from /home/data-eginner/Documents/Soccer_Data/env/lib/python3.8/site-packages/airflow/example_dags/example_nested_branch_dag.py
[2022-01-28 21:32:20,382] {processor.py:654} INFO - DAG(s) dict_keys(['example_nested_branch_dag']) retrieved from /home/data-eginner/Documents/Soccer_Data/env/lib/python3.8/site-packages/airflow/example_dags/example_nested_branch_dag.py
[2022-01-28 21:32:20,399] {logging_mixin.py:109} INFO - [2022-01-28 21:32:20,399] {dag.py:2396} INFO - Sync 1 DAGs
[2022-01-28 21:32:20,415] {logging_mixin.py:109} INFO - [2022-01-28 21:32:20,415] {dag.py:2935} INFO - Setting next_dagrun for example_nested_branch_dag to 2022-01-28 00:00:00+00:00
[2022-01-28 21:32:20,432] {processor.py:171} INFO - Processing /home/data-eginner/Documents/Soccer_Data/env/lib/python3.8/site-packages/airflow/example_dags/example_nested_branch_dag.py took 0.081 seconds
[2022-01-28 21:33:06,190] {processor.py:163} INFO - Started process (PID=24344) to work on /home/data-eginner/Documents/Soccer_Data/env/lib/python3.8/site-packages/airflow/example_dags/example_nested_branch_dag.py
[2022-01-28 21:33:06,204] {processor.py:642} INFO - Processing file /home/data-eginner/Documents/Soccer_Data/env/lib/python3.8/site-packages/airflow/example_dags/example_nested_branch_dag.py for tasks to queue
[2022-01-28 21:33:06,205] {logging_mixin.py:109} INFO - [2022-01-28 21:33:06,205] {dagbag.py:500} INFO - Filling up the DagBag from /home/data-eginner/Documents/Soccer_Data/env/lib/python3.8/site-packages/airflow/example_dags/example_nested_branch_dag.py
[2022-01-28 21:33:06,275] {processor.py:654} INFO - DAG(s) dict_keys(['example_nested_branch_dag']) retrieved from /home/data-eginner/Documents/Soccer_Data/env/lib/python3.8/site-packages/airflow/example_dags/example_nested_branch_dag.py
[2022-01-28 21:33:06,326] {logging_mixin.py:109} INFO - [2022-01-28 21:33:06,326] {dag.py:2396} INFO - Sync 1 DAGs
[2022-01-28 21:33:06,389] {logging_mixin.py:109} INFO - [2022-01-28 21:33:06,389] {dag.py:2935} INFO - Setting next_dagrun for example_nested_branch_dag to 2022-01-28 00:00:00+00:00
[2022-01-28 21:33:06,416] {processor.py:171} INFO - Processing /home/data-eginner/Documents/Soccer_Data/env/lib/python3.8/site-packages/airflow/example_dags/example_nested_branch_dag.py took 0.246 seconds
[2022-01-28 21:33:52,118] {processor.py:163} INFO - Started process (PID=24525) to work on /home/data-eginner/Documents/Soccer_Data/env/lib/python3.8/site-packages/airflow/example_dags/example_nested_branch_dag.py
[2022-01-28 21:33:52,120] {processor.py:642} INFO - Processing file /home/data-eginner/Documents/Soccer_Data/env/lib/python3.8/site-packages/airflow/example_dags/example_nested_branch_dag.py for tasks to queue
[2022-01-28 21:33:52,120] {logging_mixin.py:109} INFO - [2022-01-28 21:33:52,120] {dagbag.py:500} INFO - Filling up the DagBag from /home/data-eginner/Documents/Soccer_Data/env/lib/python3.8/site-packages/airflow/example_dags/example_nested_branch_dag.py
[2022-01-28 21:33:52,147] {processor.py:654} INFO - DAG(s) dict_keys(['example_nested_branch_dag']) retrieved from /home/data-eginner/Documents/Soccer_Data/env/lib/python3.8/site-packages/airflow/example_dags/example_nested_branch_dag.py
[2022-01-28 21:33:52,157] {logging_mixin.py:109} INFO - [2022-01-28 21:33:52,157] {dag.py:2396} INFO - Sync 1 DAGs
[2022-01-28 21:33:52,173] {logging_mixin.py:109} INFO - [2022-01-28 21:33:52,172] {dag.py:2935} INFO - Setting next_dagrun for example_nested_branch_dag to 2022-01-28 00:00:00+00:00
[2022-01-28 21:33:52,191] {processor.py:171} INFO - Processing /home/data-eginner/Documents/Soccer_Data/env/lib/python3.8/site-packages/airflow/example_dags/example_nested_branch_dag.py took 0.076 seconds
[2022-01-28 21:34:39,081] {processor.py:163} INFO - Started process (PID=24703) to work on /home/data-eginner/Documents/Soccer_Data/env/lib/python3.8/site-packages/airflow/example_dags/example_nested_branch_dag.py
[2022-01-28 21:34:39,083] {processor.py:642} INFO - Processing file /home/data-eginner/Documents/Soccer_Data/env/lib/python3.8/site-packages/airflow/example_dags/example_nested_branch_dag.py for tasks to queue
[2022-01-28 21:34:39,084] {logging_mixin.py:109} INFO - [2022-01-28 21:34:39,083] {dagbag.py:500} INFO - Filling up the DagBag from /home/data-eginner/Documents/Soccer_Data/env/lib/python3.8/site-packages/airflow/example_dags/example_nested_branch_dag.py
[2022-01-28 21:34:39,115] {processor.py:654} INFO - DAG(s) dict_keys(['example_nested_branch_dag']) retrieved from /home/data-eginner/Documents/Soccer_Data/env/lib/python3.8/site-packages/airflow/example_dags/example_nested_branch_dag.py
[2022-01-28 21:34:39,163] {logging_mixin.py:109} INFO - [2022-01-28 21:34:39,163] {dag.py:2396} INFO - Sync 1 DAGs
[2022-01-28 21:34:39,179] {logging_mixin.py:109} INFO - [2022-01-28 21:34:39,179] {dag.py:2935} INFO - Setting next_dagrun for example_nested_branch_dag to 2022-01-28 00:00:00+00:00
[2022-01-28 21:34:39,201] {processor.py:171} INFO - Processing /home/data-eginner/Documents/Soccer_Data/env/lib/python3.8/site-packages/airflow/example_dags/example_nested_branch_dag.py took 0.123 seconds
[2022-01-28 21:56:26,845] {processor.py:163} INFO - Started process (PID=25100) to work on /home/data-eginner/Documents/Soccer_Data/env/lib/python3.8/site-packages/airflow/example_dags/example_nested_branch_dag.py
[2022-01-28 21:56:26,859] {processor.py:642} INFO - Processing file /home/data-eginner/Documents/Soccer_Data/env/lib/python3.8/site-packages/airflow/example_dags/example_nested_branch_dag.py for tasks to queue
[2022-01-28 21:56:26,860] {logging_mixin.py:109} INFO - [2022-01-28 21:56:26,860] {dagbag.py:500} INFO - Filling up the DagBag from /home/data-eginner/Documents/Soccer_Data/env/lib/python3.8/site-packages/airflow/example_dags/example_nested_branch_dag.py
[2022-01-28 21:56:26,956] {processor.py:654} INFO - DAG(s) dict_keys(['example_nested_branch_dag']) retrieved from /home/data-eginner/Documents/Soccer_Data/env/lib/python3.8/site-packages/airflow/example_dags/example_nested_branch_dag.py
[2022-01-28 21:56:26,993] {logging_mixin.py:109} INFO - [2022-01-28 21:56:26,993] {dag.py:2396} INFO - Sync 1 DAGs
[2022-01-28 21:56:27,029] {logging_mixin.py:109} INFO - [2022-01-28 21:56:27,029] {dag.py:2935} INFO - Setting next_dagrun for example_nested_branch_dag to 2022-01-28 00:00:00+00:00
[2022-01-28 21:56:27,059] {processor.py:171} INFO - Processing /home/data-eginner/Documents/Soccer_Data/env/lib/python3.8/site-packages/airflow/example_dags/example_nested_branch_dag.py took 0.216 seconds
[2022-01-28 21:57:20,087] {processor.py:163} INFO - Started process (PID=25294) to work on /home/data-eginner/Documents/Soccer_Data/env/lib/python3.8/site-packages/airflow/example_dags/example_nested_branch_dag.py
[2022-01-28 21:57:20,097] {processor.py:642} INFO - Processing file /home/data-eginner/Documents/Soccer_Data/env/lib/python3.8/site-packages/airflow/example_dags/example_nested_branch_dag.py for tasks to queue
[2022-01-28 21:57:20,098] {logging_mixin.py:109} INFO - [2022-01-28 21:57:20,097] {dagbag.py:500} INFO - Filling up the DagBag from /home/data-eginner/Documents/Soccer_Data/env/lib/python3.8/site-packages/airflow/example_dags/example_nested_branch_dag.py
[2022-01-28 21:57:20,123] {processor.py:654} INFO - DAG(s) dict_keys(['example_nested_branch_dag']) retrieved from /home/data-eginner/Documents/Soccer_Data/env/lib/python3.8/site-packages/airflow/example_dags/example_nested_branch_dag.py
[2022-01-28 21:57:20,133] {logging_mixin.py:109} INFO - [2022-01-28 21:57:20,133] {dag.py:2396} INFO - Sync 1 DAGs
[2022-01-28 21:57:20,147] {logging_mixin.py:109} INFO - [2022-01-28 21:57:20,147] {dag.py:2935} INFO - Setting next_dagrun for example_nested_branch_dag to 2022-01-28 00:00:00+00:00
[2022-01-28 21:57:20,163] {processor.py:171} INFO - Processing /home/data-eginner/Documents/Soccer_Data/env/lib/python3.8/site-packages/airflow/example_dags/example_nested_branch_dag.py took 0.080 seconds
[2022-01-28 21:58:00,213] {processor.py:163} INFO - Started process (PID=25454) to work on /home/data-eginner/Documents/Soccer_Data/env/lib/python3.8/site-packages/airflow/example_dags/example_nested_branch_dag.py
[2022-01-28 21:58:00,223] {processor.py:642} INFO - Processing file /home/data-eginner/Documents/Soccer_Data/env/lib/python3.8/site-packages/airflow/example_dags/example_nested_branch_dag.py for tasks to queue
[2022-01-28 21:58:00,223] {logging_mixin.py:109} INFO - [2022-01-28 21:58:00,223] {dagbag.py:500} INFO - Filling up the DagBag from /home/data-eginner/Documents/Soccer_Data/env/lib/python3.8/site-packages/airflow/example_dags/example_nested_branch_dag.py
[2022-01-28 21:58:00,308] {processor.py:654} INFO - DAG(s) dict_keys(['example_nested_branch_dag']) retrieved from /home/data-eginner/Documents/Soccer_Data/env/lib/python3.8/site-packages/airflow/example_dags/example_nested_branch_dag.py
[2022-01-28 21:58:00,339] {logging_mixin.py:109} INFO - [2022-01-28 21:58:00,339] {dag.py:2396} INFO - Sync 1 DAGs
[2022-01-28 21:58:00,359] {logging_mixin.py:109} INFO - [2022-01-28 21:58:00,359] {dag.py:2935} INFO - Setting next_dagrun for example_nested_branch_dag to 2022-01-28 00:00:00+00:00
[2022-01-28 21:58:00,420] {processor.py:171} INFO - Processing /home/data-eginner/Documents/Soccer_Data/env/lib/python3.8/site-packages/airflow/example_dags/example_nested_branch_dag.py took 0.221 seconds
[2022-01-28 21:58:47,248] {processor.py:163} INFO - Started process (PID=25637) to work on /home/data-eginner/Documents/Soccer_Data/env/lib/python3.8/site-packages/airflow/example_dags/example_nested_branch_dag.py
[2022-01-28 21:58:47,262] {processor.py:642} INFO - Processing file /home/data-eginner/Documents/Soccer_Data/env/lib/python3.8/site-packages/airflow/example_dags/example_nested_branch_dag.py for tasks to queue
[2022-01-28 21:58:47,263] {logging_mixin.py:109} INFO - [2022-01-28 21:58:47,263] {dagbag.py:500} INFO - Filling up the DagBag from /home/data-eginner/Documents/Soccer_Data/env/lib/python3.8/site-packages/airflow/example_dags/example_nested_branch_dag.py
[2022-01-28 21:58:47,327] {processor.py:654} INFO - DAG(s) dict_keys(['example_nested_branch_dag']) retrieved from /home/data-eginner/Documents/Soccer_Data/env/lib/python3.8/site-packages/airflow/example_dags/example_nested_branch_dag.py
[2022-01-28 21:58:47,348] {logging_mixin.py:109} INFO - [2022-01-28 21:58:47,348] {dag.py:2396} INFO - Sync 1 DAGs
[2022-01-28 21:58:47,381] {logging_mixin.py:109} INFO - [2022-01-28 21:58:47,381] {dag.py:2935} INFO - Setting next_dagrun for example_nested_branch_dag to 2022-01-28 00:00:00+00:00
[2022-01-28 21:58:47,412] {processor.py:171} INFO - Processing /home/data-eginner/Documents/Soccer_Data/env/lib/python3.8/site-packages/airflow/example_dags/example_nested_branch_dag.py took 0.167 seconds
[2022-01-28 21:59:30,316] {processor.py:163} INFO - Started process (PID=25802) to work on /home/data-eginner/Documents/Soccer_Data/env/lib/python3.8/site-packages/airflow/example_dags/example_nested_branch_dag.py
[2022-01-28 21:59:30,320] {processor.py:642} INFO - Processing file /home/data-eginner/Documents/Soccer_Data/env/lib/python3.8/site-packages/airflow/example_dags/example_nested_branch_dag.py for tasks to queue
[2022-01-28 21:59:30,321] {logging_mixin.py:109} INFO - [2022-01-28 21:59:30,321] {dagbag.py:500} INFO - Filling up the DagBag from /home/data-eginner/Documents/Soccer_Data/env/lib/python3.8/site-packages/airflow/example_dags/example_nested_branch_dag.py
[2022-01-28 21:59:30,342] {processor.py:654} INFO - DAG(s) dict_keys(['example_nested_branch_dag']) retrieved from /home/data-eginner/Documents/Soccer_Data/env/lib/python3.8/site-packages/airflow/example_dags/example_nested_branch_dag.py
[2022-01-28 21:59:30,351] {logging_mixin.py:109} INFO - [2022-01-28 21:59:30,350] {dag.py:2396} INFO - Sync 1 DAGs
[2022-01-28 21:59:30,365] {logging_mixin.py:109} INFO - [2022-01-28 21:59:30,364] {dag.py:2935} INFO - Setting next_dagrun for example_nested_branch_dag to 2022-01-28 00:00:00+00:00
[2022-01-28 21:59:30,395] {processor.py:171} INFO - Processing /home/data-eginner/Documents/Soccer_Data/env/lib/python3.8/site-packages/airflow/example_dags/example_nested_branch_dag.py took 0.081 seconds
[2022-01-28 22:00:17,295] {processor.py:163} INFO - Started process (PID=25985) to work on /home/data-eginner/Documents/Soccer_Data/env/lib/python3.8/site-packages/airflow/example_dags/example_nested_branch_dag.py
[2022-01-28 22:00:17,298] {processor.py:642} INFO - Processing file /home/data-eginner/Documents/Soccer_Data/env/lib/python3.8/site-packages/airflow/example_dags/example_nested_branch_dag.py for tasks to queue
[2022-01-28 22:00:17,299] {logging_mixin.py:109} INFO - [2022-01-28 22:00:17,299] {dagbag.py:500} INFO - Filling up the DagBag from /home/data-eginner/Documents/Soccer_Data/env/lib/python3.8/site-packages/airflow/example_dags/example_nested_branch_dag.py
[2022-01-28 22:00:17,326] {processor.py:654} INFO - DAG(s) dict_keys(['example_nested_branch_dag']) retrieved from /home/data-eginner/Documents/Soccer_Data/env/lib/python3.8/site-packages/airflow/example_dags/example_nested_branch_dag.py
[2022-01-28 22:00:17,338] {logging_mixin.py:109} INFO - [2022-01-28 22:00:17,338] {dag.py:2396} INFO - Sync 1 DAGs
[2022-01-28 22:00:17,352] {logging_mixin.py:109} INFO - [2022-01-28 22:00:17,352] {dag.py:2935} INFO - Setting next_dagrun for example_nested_branch_dag to 2022-01-28 00:00:00+00:00
[2022-01-28 22:00:17,370] {processor.py:171} INFO - Processing /home/data-eginner/Documents/Soccer_Data/env/lib/python3.8/site-packages/airflow/example_dags/example_nested_branch_dag.py took 0.080 seconds
[2022-01-28 22:00:54,861] {processor.py:163} INFO - Started process (PID=26145) to work on /home/data-eginner/Documents/Soccer_Data/env/lib/python3.8/site-packages/airflow/example_dags/example_nested_branch_dag.py
[2022-01-28 22:00:54,866] {processor.py:642} INFO - Processing file /home/data-eginner/Documents/Soccer_Data/env/lib/python3.8/site-packages/airflow/example_dags/example_nested_branch_dag.py for tasks to queue
[2022-01-28 22:00:54,867] {logging_mixin.py:109} INFO - [2022-01-28 22:00:54,867] {dagbag.py:500} INFO - Filling up the DagBag from /home/data-eginner/Documents/Soccer_Data/env/lib/python3.8/site-packages/airflow/example_dags/example_nested_branch_dag.py
[2022-01-28 22:00:54,916] {processor.py:654} INFO - DAG(s) dict_keys(['example_nested_branch_dag']) retrieved from /home/data-eginner/Documents/Soccer_Data/env/lib/python3.8/site-packages/airflow/example_dags/example_nested_branch_dag.py
[2022-01-28 22:00:54,937] {logging_mixin.py:109} INFO - [2022-01-28 22:00:54,937] {dag.py:2396} INFO - Sync 1 DAGs
[2022-01-28 22:00:54,970] {logging_mixin.py:109} INFO - [2022-01-28 22:00:54,970] {dag.py:2935} INFO - Setting next_dagrun for example_nested_branch_dag to 2022-01-28 00:00:00+00:00
[2022-01-28 22:00:54,989] {processor.py:171} INFO - Processing /home/data-eginner/Documents/Soccer_Data/env/lib/python3.8/site-packages/airflow/example_dags/example_nested_branch_dag.py took 0.130 seconds
[2022-01-28 22:01:48,264] {processor.py:163} INFO - Started process (PID=26345) to work on /home/data-eginner/Documents/Soccer_Data/env/lib/python3.8/site-packages/airflow/example_dags/example_nested_branch_dag.py
[2022-01-28 22:01:48,266] {processor.py:642} INFO - Processing file /home/data-eginner/Documents/Soccer_Data/env/lib/python3.8/site-packages/airflow/example_dags/example_nested_branch_dag.py for tasks to queue
[2022-01-28 22:01:48,267] {logging_mixin.py:109} INFO - [2022-01-28 22:01:48,267] {dagbag.py:500} INFO - Filling up the DagBag from /home/data-eginner/Documents/Soccer_Data/env/lib/python3.8/site-packages/airflow/example_dags/example_nested_branch_dag.py
[2022-01-28 22:01:48,301] {processor.py:654} INFO - DAG(s) dict_keys(['example_nested_branch_dag']) retrieved from /home/data-eginner/Documents/Soccer_Data/env/lib/python3.8/site-packages/airflow/example_dags/example_nested_branch_dag.py
[2022-01-28 22:01:48,310] {logging_mixin.py:109} INFO - [2022-01-28 22:01:48,310] {dag.py:2396} INFO - Sync 1 DAGs
[2022-01-28 22:01:48,333] {logging_mixin.py:109} INFO - [2022-01-28 22:01:48,333] {dag.py:2935} INFO - Setting next_dagrun for example_nested_branch_dag to 2022-01-28 00:00:00+00:00
[2022-01-28 22:01:48,372] {processor.py:171} INFO - Processing /home/data-eginner/Documents/Soccer_Data/env/lib/python3.8/site-packages/airflow/example_dags/example_nested_branch_dag.py took 0.110 seconds
[2022-01-28 22:04:32,657] {processor.py:163} INFO - Started process (PID=26622) to work on /home/data-eginner/Documents/Soccer_Data/env/lib/python3.8/site-packages/airflow/example_dags/example_nested_branch_dag.py
[2022-01-28 22:04:32,672] {processor.py:642} INFO - Processing file /home/data-eginner/Documents/Soccer_Data/env/lib/python3.8/site-packages/airflow/example_dags/example_nested_branch_dag.py for tasks to queue
[2022-01-28 22:04:32,673] {logging_mixin.py:109} INFO - [2022-01-28 22:04:32,673] {dagbag.py:500} INFO - Filling up the DagBag from /home/data-eginner/Documents/Soccer_Data/env/lib/python3.8/site-packages/airflow/example_dags/example_nested_branch_dag.py
[2022-01-28 22:04:32,715] {processor.py:654} INFO - DAG(s) dict_keys(['example_nested_branch_dag']) retrieved from /home/data-eginner/Documents/Soccer_Data/env/lib/python3.8/site-packages/airflow/example_dags/example_nested_branch_dag.py
[2022-01-28 22:04:32,730] {logging_mixin.py:109} INFO - [2022-01-28 22:04:32,730] {dag.py:2396} INFO - Sync 1 DAGs
[2022-01-28 22:04:32,751] {logging_mixin.py:109} INFO - [2022-01-28 22:04:32,751] {dag.py:2935} INFO - Setting next_dagrun for example_nested_branch_dag to 2022-01-28 00:00:00+00:00
[2022-01-28 22:04:32,790] {processor.py:171} INFO - Processing /home/data-eginner/Documents/Soccer_Data/env/lib/python3.8/site-packages/airflow/example_dags/example_nested_branch_dag.py took 0.136 seconds
[2022-01-28 22:05:15,215] {processor.py:163} INFO - Started process (PID=26790) to work on /home/data-eginner/Documents/Soccer_Data/env/lib/python3.8/site-packages/airflow/example_dags/example_nested_branch_dag.py
[2022-01-28 22:05:15,219] {processor.py:642} INFO - Processing file /home/data-eginner/Documents/Soccer_Data/env/lib/python3.8/site-packages/airflow/example_dags/example_nested_branch_dag.py for tasks to queue
[2022-01-28 22:05:15,220] {logging_mixin.py:109} INFO - [2022-01-28 22:05:15,220] {dagbag.py:500} INFO - Filling up the DagBag from /home/data-eginner/Documents/Soccer_Data/env/lib/python3.8/site-packages/airflow/example_dags/example_nested_branch_dag.py
[2022-01-28 22:05:15,249] {processor.py:654} INFO - DAG(s) dict_keys(['example_nested_branch_dag']) retrieved from /home/data-eginner/Documents/Soccer_Data/env/lib/python3.8/site-packages/airflow/example_dags/example_nested_branch_dag.py
[2022-01-28 22:05:15,257] {logging_mixin.py:109} INFO - [2022-01-28 22:05:15,257] {dag.py:2396} INFO - Sync 1 DAGs
[2022-01-28 22:05:15,269] {logging_mixin.py:109} INFO - [2022-01-28 22:05:15,269] {dag.py:2935} INFO - Setting next_dagrun for example_nested_branch_dag to 2022-01-28 00:00:00+00:00
[2022-01-28 22:05:15,283] {processor.py:171} INFO - Processing /home/data-eginner/Documents/Soccer_Data/env/lib/python3.8/site-packages/airflow/example_dags/example_nested_branch_dag.py took 0.073 seconds
[2022-01-28 22:06:07,276] {processor.py:163} INFO - Started process (PID=26989) to work on /home/data-eginner/Documents/Soccer_Data/env/lib/python3.8/site-packages/airflow/example_dags/example_nested_branch_dag.py
[2022-01-28 22:06:07,278] {processor.py:642} INFO - Processing file /home/data-eginner/Documents/Soccer_Data/env/lib/python3.8/site-packages/airflow/example_dags/example_nested_branch_dag.py for tasks to queue
[2022-01-28 22:06:07,279] {logging_mixin.py:109} INFO - [2022-01-28 22:06:07,279] {dagbag.py:500} INFO - Filling up the DagBag from /home/data-eginner/Documents/Soccer_Data/env/lib/python3.8/site-packages/airflow/example_dags/example_nested_branch_dag.py
[2022-01-28 22:06:07,300] {processor.py:654} INFO - DAG(s) dict_keys(['example_nested_branch_dag']) retrieved from /home/data-eginner/Documents/Soccer_Data/env/lib/python3.8/site-packages/airflow/example_dags/example_nested_branch_dag.py
[2022-01-28 22:06:07,310] {logging_mixin.py:109} INFO - [2022-01-28 22:06:07,310] {dag.py:2396} INFO - Sync 1 DAGs
[2022-01-28 22:06:07,322] {logging_mixin.py:109} INFO - [2022-01-28 22:06:07,322] {dag.py:2935} INFO - Setting next_dagrun for example_nested_branch_dag to 2022-01-28 00:00:00+00:00
[2022-01-28 22:06:07,339] {processor.py:171} INFO - Processing /home/data-eginner/Documents/Soccer_Data/env/lib/python3.8/site-packages/airflow/example_dags/example_nested_branch_dag.py took 0.065 seconds
[2022-01-28 22:06:45,970] {processor.py:163} INFO - Started process (PID=27148) to work on /home/data-eginner/Documents/Soccer_Data/env/lib/python3.8/site-packages/airflow/example_dags/example_nested_branch_dag.py
[2022-01-28 22:06:45,971] {processor.py:642} INFO - Processing file /home/data-eginner/Documents/Soccer_Data/env/lib/python3.8/site-packages/airflow/example_dags/example_nested_branch_dag.py for tasks to queue
[2022-01-28 22:06:45,972] {logging_mixin.py:109} INFO - [2022-01-28 22:06:45,972] {dagbag.py:500} INFO - Filling up the DagBag from /home/data-eginner/Documents/Soccer_Data/env/lib/python3.8/site-packages/airflow/example_dags/example_nested_branch_dag.py
[2022-01-28 22:06:46,005] {processor.py:654} INFO - DAG(s) dict_keys(['example_nested_branch_dag']) retrieved from /home/data-eginner/Documents/Soccer_Data/env/lib/python3.8/site-packages/airflow/example_dags/example_nested_branch_dag.py
[2022-01-28 22:06:46,020] {logging_mixin.py:109} INFO - [2022-01-28 22:06:46,020] {dag.py:2396} INFO - Sync 1 DAGs
[2022-01-28 22:06:46,034] {logging_mixin.py:109} INFO - [2022-01-28 22:06:46,034] {dag.py:2935} INFO - Setting next_dagrun for example_nested_branch_dag to 2022-01-28 00:00:00+00:00
[2022-01-28 22:06:46,052] {processor.py:171} INFO - Processing /home/data-eginner/Documents/Soccer_Data/env/lib/python3.8/site-packages/airflow/example_dags/example_nested_branch_dag.py took 0.087 seconds
[2022-01-28 22:07:33,056] {processor.py:163} INFO - Started process (PID=27338) to work on /home/data-eginner/Documents/Soccer_Data/env/lib/python3.8/site-packages/airflow/example_dags/example_nested_branch_dag.py
[2022-01-28 22:07:33,087] {processor.py:642} INFO - Processing file /home/data-eginner/Documents/Soccer_Data/env/lib/python3.8/site-packages/airflow/example_dags/example_nested_branch_dag.py for tasks to queue
[2022-01-28 22:07:33,088] {logging_mixin.py:109} INFO - [2022-01-28 22:07:33,087] {dagbag.py:500} INFO - Filling up the DagBag from /home/data-eginner/Documents/Soccer_Data/env/lib/python3.8/site-packages/airflow/example_dags/example_nested_branch_dag.py
[2022-01-28 22:07:33,197] {processor.py:654} INFO - DAG(s) dict_keys(['example_nested_branch_dag']) retrieved from /home/data-eginner/Documents/Soccer_Data/env/lib/python3.8/site-packages/airflow/example_dags/example_nested_branch_dag.py
[2022-01-28 22:07:33,221] {logging_mixin.py:109} INFO - [2022-01-28 22:07:33,221] {dag.py:2396} INFO - Sync 1 DAGs
[2022-01-28 22:07:33,254] {logging_mixin.py:109} INFO - [2022-01-28 22:07:33,254] {dag.py:2935} INFO - Setting next_dagrun for example_nested_branch_dag to 2022-01-28 00:00:00+00:00
[2022-01-28 22:07:33,345] {processor.py:171} INFO - Processing /home/data-eginner/Documents/Soccer_Data/env/lib/python3.8/site-packages/airflow/example_dags/example_nested_branch_dag.py took 0.291 seconds
[2022-01-28 22:08:38,818] {processor.py:163} INFO - Started process (PID=27603) to work on /home/data-eginner/Documents/Soccer_Data/env/lib/python3.8/site-packages/airflow/example_dags/example_nested_branch_dag.py
[2022-01-28 22:08:38,826] {processor.py:642} INFO - Processing file /home/data-eginner/Documents/Soccer_Data/env/lib/python3.8/site-packages/airflow/example_dags/example_nested_branch_dag.py for tasks to queue
[2022-01-28 22:08:38,827] {logging_mixin.py:109} INFO - [2022-01-28 22:08:38,827] {dagbag.py:500} INFO - Filling up the DagBag from /home/data-eginner/Documents/Soccer_Data/env/lib/python3.8/site-packages/airflow/example_dags/example_nested_branch_dag.py
[2022-01-28 22:08:38,899] {processor.py:654} INFO - DAG(s) dict_keys(['example_nested_branch_dag']) retrieved from /home/data-eginner/Documents/Soccer_Data/env/lib/python3.8/site-packages/airflow/example_dags/example_nested_branch_dag.py
[2022-01-28 22:08:38,937] {logging_mixin.py:109} INFO - [2022-01-28 22:08:38,937] {dag.py:2396} INFO - Sync 1 DAGs
[2022-01-28 22:08:38,984] {logging_mixin.py:109} INFO - [2022-01-28 22:08:38,984] {dag.py:2935} INFO - Setting next_dagrun for example_nested_branch_dag to 2022-01-28 00:00:00+00:00
[2022-01-28 22:08:39,026] {processor.py:171} INFO - Processing /home/data-eginner/Documents/Soccer_Data/env/lib/python3.8/site-packages/airflow/example_dags/example_nested_branch_dag.py took 0.236 seconds
[2022-01-28 22:09:28,735] {processor.py:163} INFO - Started process (PID=27808) to work on /home/data-eginner/Documents/Soccer_Data/env/lib/python3.8/site-packages/airflow/example_dags/example_nested_branch_dag.py
[2022-01-28 22:09:28,737] {processor.py:642} INFO - Processing file /home/data-eginner/Documents/Soccer_Data/env/lib/python3.8/site-packages/airflow/example_dags/example_nested_branch_dag.py for tasks to queue
[2022-01-28 22:09:28,737] {logging_mixin.py:109} INFO - [2022-01-28 22:09:28,737] {dagbag.py:500} INFO - Filling up the DagBag from /home/data-eginner/Documents/Soccer_Data/env/lib/python3.8/site-packages/airflow/example_dags/example_nested_branch_dag.py
[2022-01-28 22:09:28,762] {processor.py:654} INFO - DAG(s) dict_keys(['example_nested_branch_dag']) retrieved from /home/data-eginner/Documents/Soccer_Data/env/lib/python3.8/site-packages/airflow/example_dags/example_nested_branch_dag.py
[2022-01-28 22:09:28,771] {logging_mixin.py:109} INFO - [2022-01-28 22:09:28,771] {dag.py:2396} INFO - Sync 1 DAGs
[2022-01-28 22:09:28,786] {logging_mixin.py:109} INFO - [2022-01-28 22:09:28,786] {dag.py:2935} INFO - Setting next_dagrun for example_nested_branch_dag to 2022-01-28 00:00:00+00:00
[2022-01-28 22:09:28,805] {processor.py:171} INFO - Processing /home/data-eginner/Documents/Soccer_Data/env/lib/python3.8/site-packages/airflow/example_dags/example_nested_branch_dag.py took 0.072 seconds
[2022-01-28 22:10:10,470] {processor.py:163} INFO - Started process (PID=27976) to work on /home/data-eginner/Documents/Soccer_Data/env/lib/python3.8/site-packages/airflow/example_dags/example_nested_branch_dag.py
[2022-01-28 22:10:10,472] {processor.py:642} INFO - Processing file /home/data-eginner/Documents/Soccer_Data/env/lib/python3.8/site-packages/airflow/example_dags/example_nested_branch_dag.py for tasks to queue
[2022-01-28 22:10:10,473] {logging_mixin.py:109} INFO - [2022-01-28 22:10:10,472] {dagbag.py:500} INFO - Filling up the DagBag from /home/data-eginner/Documents/Soccer_Data/env/lib/python3.8/site-packages/airflow/example_dags/example_nested_branch_dag.py
[2022-01-28 22:10:10,521] {processor.py:654} INFO - DAG(s) dict_keys(['example_nested_branch_dag']) retrieved from /home/data-eginner/Documents/Soccer_Data/env/lib/python3.8/site-packages/airflow/example_dags/example_nested_branch_dag.py
[2022-01-28 22:10:10,540] {logging_mixin.py:109} INFO - [2022-01-28 22:10:10,540] {dag.py:2396} INFO - Sync 1 DAGs
[2022-01-28 22:10:10,579] {logging_mixin.py:109} INFO - [2022-01-28 22:10:10,579] {dag.py:2935} INFO - Setting next_dagrun for example_nested_branch_dag to 2022-01-28 00:00:00+00:00
[2022-01-28 22:10:10,661] {processor.py:171} INFO - Processing /home/data-eginner/Documents/Soccer_Data/env/lib/python3.8/site-packages/airflow/example_dags/example_nested_branch_dag.py took 0.205 seconds
[2022-01-28 22:11:02,343] {processor.py:163} INFO - Started process (PID=28198) to work on /home/data-eginner/Documents/Soccer_Data/env/lib/python3.8/site-packages/airflow/example_dags/example_nested_branch_dag.py
[2022-01-28 22:11:02,347] {processor.py:642} INFO - Processing file /home/data-eginner/Documents/Soccer_Data/env/lib/python3.8/site-packages/airflow/example_dags/example_nested_branch_dag.py for tasks to queue
[2022-01-28 22:11:02,348] {logging_mixin.py:109} INFO - [2022-01-28 22:11:02,348] {dagbag.py:500} INFO - Filling up the DagBag from /home/data-eginner/Documents/Soccer_Data/env/lib/python3.8/site-packages/airflow/example_dags/example_nested_branch_dag.py
[2022-01-28 22:11:02,369] {processor.py:654} INFO - DAG(s) dict_keys(['example_nested_branch_dag']) retrieved from /home/data-eginner/Documents/Soccer_Data/env/lib/python3.8/site-packages/airflow/example_dags/example_nested_branch_dag.py
[2022-01-28 22:11:02,377] {logging_mixin.py:109} INFO - [2022-01-28 22:11:02,377] {dag.py:2396} INFO - Sync 1 DAGs
[2022-01-28 22:11:02,392] {logging_mixin.py:109} INFO - [2022-01-28 22:11:02,392] {dag.py:2935} INFO - Setting next_dagrun for example_nested_branch_dag to 2022-01-28 00:00:00+00:00
[2022-01-28 22:11:02,407] {processor.py:171} INFO - Processing /home/data-eginner/Documents/Soccer_Data/env/lib/python3.8/site-packages/airflow/example_dags/example_nested_branch_dag.py took 0.072 seconds
[2022-01-28 22:11:46,180] {processor.py:163} INFO - Started process (PID=28379) to work on /home/data-eginner/Documents/Soccer_Data/env/lib/python3.8/site-packages/airflow/example_dags/example_nested_branch_dag.py
[2022-01-28 22:11:46,183] {processor.py:642} INFO - Processing file /home/data-eginner/Documents/Soccer_Data/env/lib/python3.8/site-packages/airflow/example_dags/example_nested_branch_dag.py for tasks to queue
[2022-01-28 22:11:46,183] {logging_mixin.py:109} INFO - [2022-01-28 22:11:46,183] {dagbag.py:500} INFO - Filling up the DagBag from /home/data-eginner/Documents/Soccer_Data/env/lib/python3.8/site-packages/airflow/example_dags/example_nested_branch_dag.py
[2022-01-28 22:11:46,221] {processor.py:654} INFO - DAG(s) dict_keys(['example_nested_branch_dag']) retrieved from /home/data-eginner/Documents/Soccer_Data/env/lib/python3.8/site-packages/airflow/example_dags/example_nested_branch_dag.py
[2022-01-28 22:11:46,232] {logging_mixin.py:109} INFO - [2022-01-28 22:11:46,232] {dag.py:2396} INFO - Sync 1 DAGs
[2022-01-28 22:11:46,244] {logging_mixin.py:109} INFO - [2022-01-28 22:11:46,244] {dag.py:2935} INFO - Setting next_dagrun for example_nested_branch_dag to 2022-01-28 00:00:00+00:00
[2022-01-28 22:11:46,280] {processor.py:171} INFO - Processing /home/data-eginner/Documents/Soccer_Data/env/lib/python3.8/site-packages/airflow/example_dags/example_nested_branch_dag.py took 0.104 seconds
[2022-01-28 22:12:32,151] {processor.py:163} INFO - Started process (PID=28575) to work on /home/data-eginner/Documents/Soccer_Data/env/lib/python3.8/site-packages/airflow/example_dags/example_nested_branch_dag.py
[2022-01-28 22:12:32,154] {processor.py:642} INFO - Processing file /home/data-eginner/Documents/Soccer_Data/env/lib/python3.8/site-packages/airflow/example_dags/example_nested_branch_dag.py for tasks to queue
[2022-01-28 22:12:32,155] {logging_mixin.py:109} INFO - [2022-01-28 22:12:32,155] {dagbag.py:500} INFO - Filling up the DagBag from /home/data-eginner/Documents/Soccer_Data/env/lib/python3.8/site-packages/airflow/example_dags/example_nested_branch_dag.py
[2022-01-28 22:12:32,227] {processor.py:654} INFO - DAG(s) dict_keys(['example_nested_branch_dag']) retrieved from /home/data-eginner/Documents/Soccer_Data/env/lib/python3.8/site-packages/airflow/example_dags/example_nested_branch_dag.py
[2022-01-28 22:12:32,284] {logging_mixin.py:109} INFO - [2022-01-28 22:12:32,284] {dag.py:2396} INFO - Sync 1 DAGs
[2022-01-28 22:12:32,353] {logging_mixin.py:109} INFO - [2022-01-28 22:12:32,353] {dag.py:2935} INFO - Setting next_dagrun for example_nested_branch_dag to 2022-01-28 00:00:00+00:00
[2022-01-28 22:12:32,466] {processor.py:171} INFO - Processing /home/data-eginner/Documents/Soccer_Data/env/lib/python3.8/site-packages/airflow/example_dags/example_nested_branch_dag.py took 0.318 seconds
[2022-01-28 22:13:25,165] {processor.py:163} INFO - Started process (PID=28779) to work on /home/data-eginner/Documents/Soccer_Data/env/lib/python3.8/site-packages/airflow/example_dags/example_nested_branch_dag.py
[2022-01-28 22:13:25,171] {processor.py:642} INFO - Processing file /home/data-eginner/Documents/Soccer_Data/env/lib/python3.8/site-packages/airflow/example_dags/example_nested_branch_dag.py for tasks to queue
[2022-01-28 22:13:25,171] {logging_mixin.py:109} INFO - [2022-01-28 22:13:25,171] {dagbag.py:500} INFO - Filling up the DagBag from /home/data-eginner/Documents/Soccer_Data/env/lib/python3.8/site-packages/airflow/example_dags/example_nested_branch_dag.py
[2022-01-28 22:13:25,205] {processor.py:654} INFO - DAG(s) dict_keys(['example_nested_branch_dag']) retrieved from /home/data-eginner/Documents/Soccer_Data/env/lib/python3.8/site-packages/airflow/example_dags/example_nested_branch_dag.py
[2022-01-28 22:13:25,216] {logging_mixin.py:109} INFO - [2022-01-28 22:13:25,215] {dag.py:2396} INFO - Sync 1 DAGs
[2022-01-28 22:13:25,231] {logging_mixin.py:109} INFO - [2022-01-28 22:13:25,231] {dag.py:2935} INFO - Setting next_dagrun for example_nested_branch_dag to 2022-01-28 00:00:00+00:00
[2022-01-28 22:13:25,256] {processor.py:171} INFO - Processing /home/data-eginner/Documents/Soccer_Data/env/lib/python3.8/site-packages/airflow/example_dags/example_nested_branch_dag.py took 0.094 seconds
[2022-01-28 22:14:11,438] {processor.py:163} INFO - Started process (PID=28970) to work on /home/data-eginner/Documents/Soccer_Data/env/lib/python3.8/site-packages/airflow/example_dags/example_nested_branch_dag.py
[2022-01-28 22:14:11,454] {processor.py:642} INFO - Processing file /home/data-eginner/Documents/Soccer_Data/env/lib/python3.8/site-packages/airflow/example_dags/example_nested_branch_dag.py for tasks to queue
[2022-01-28 22:14:11,454] {logging_mixin.py:109} INFO - [2022-01-28 22:14:11,454] {dagbag.py:500} INFO - Filling up the DagBag from /home/data-eginner/Documents/Soccer_Data/env/lib/python3.8/site-packages/airflow/example_dags/example_nested_branch_dag.py
[2022-01-28 22:14:11,530] {processor.py:654} INFO - DAG(s) dict_keys(['example_nested_branch_dag']) retrieved from /home/data-eginner/Documents/Soccer_Data/env/lib/python3.8/site-packages/airflow/example_dags/example_nested_branch_dag.py
[2022-01-28 22:14:11,577] {logging_mixin.py:109} INFO - [2022-01-28 22:14:11,577] {dag.py:2396} INFO - Sync 1 DAGs
[2022-01-28 22:14:11,667] {logging_mixin.py:109} INFO - [2022-01-28 22:14:11,667] {dag.py:2935} INFO - Setting next_dagrun for example_nested_branch_dag to 2022-01-28 00:00:00+00:00
[2022-01-28 22:14:11,722] {processor.py:171} INFO - Processing /home/data-eginner/Documents/Soccer_Data/env/lib/python3.8/site-packages/airflow/example_dags/example_nested_branch_dag.py took 0.287 seconds
[2022-01-28 22:15:08,354] {processor.py:163} INFO - Started process (PID=29188) to work on /home/data-eginner/Documents/Soccer_Data/env/lib/python3.8/site-packages/airflow/example_dags/example_nested_branch_dag.py
[2022-01-28 22:15:08,357] {processor.py:642} INFO - Processing file /home/data-eginner/Documents/Soccer_Data/env/lib/python3.8/site-packages/airflow/example_dags/example_nested_branch_dag.py for tasks to queue
[2022-01-28 22:15:08,357] {logging_mixin.py:109} INFO - [2022-01-28 22:15:08,357] {dagbag.py:500} INFO - Filling up the DagBag from /home/data-eginner/Documents/Soccer_Data/env/lib/python3.8/site-packages/airflow/example_dags/example_nested_branch_dag.py
[2022-01-28 22:15:08,425] {processor.py:654} INFO - DAG(s) dict_keys(['example_nested_branch_dag']) retrieved from /home/data-eginner/Documents/Soccer_Data/env/lib/python3.8/site-packages/airflow/example_dags/example_nested_branch_dag.py
[2022-01-28 22:15:08,454] {logging_mixin.py:109} INFO - [2022-01-28 22:15:08,454] {dag.py:2396} INFO - Sync 1 DAGs
[2022-01-28 22:15:08,492] {logging_mixin.py:109} INFO - [2022-01-28 22:15:08,491] {dag.py:2935} INFO - Setting next_dagrun for example_nested_branch_dag to 2022-01-28 00:00:00+00:00
[2022-01-28 22:15:08,542] {processor.py:171} INFO - Processing /home/data-eginner/Documents/Soccer_Data/env/lib/python3.8/site-packages/airflow/example_dags/example_nested_branch_dag.py took 0.191 seconds
[2022-01-28 22:16:15,786] {processor.py:163} INFO - Started process (PID=29417) to work on /home/data-eginner/Documents/Soccer_Data/env/lib/python3.8/site-packages/airflow/example_dags/example_nested_branch_dag.py
[2022-01-28 22:16:15,788] {processor.py:642} INFO - Processing file /home/data-eginner/Documents/Soccer_Data/env/lib/python3.8/site-packages/airflow/example_dags/example_nested_branch_dag.py for tasks to queue
[2022-01-28 22:16:15,788] {logging_mixin.py:109} INFO - [2022-01-28 22:16:15,788] {dagbag.py:500} INFO - Filling up the DagBag from /home/data-eginner/Documents/Soccer_Data/env/lib/python3.8/site-packages/airflow/example_dags/example_nested_branch_dag.py
[2022-01-28 22:16:15,823] {processor.py:654} INFO - DAG(s) dict_keys(['example_nested_branch_dag']) retrieved from /home/data-eginner/Documents/Soccer_Data/env/lib/python3.8/site-packages/airflow/example_dags/example_nested_branch_dag.py
[2022-01-28 22:16:15,844] {logging_mixin.py:109} INFO - [2022-01-28 22:16:15,844] {dag.py:2396} INFO - Sync 1 DAGs
[2022-01-28 22:16:15,867] {logging_mixin.py:109} INFO - [2022-01-28 22:16:15,867] {dag.py:2935} INFO - Setting next_dagrun for example_nested_branch_dag to 2022-01-28 00:00:00+00:00
[2022-01-28 22:16:15,915] {processor.py:171} INFO - Processing /home/data-eginner/Documents/Soccer_Data/env/lib/python3.8/site-packages/airflow/example_dags/example_nested_branch_dag.py took 0.146 seconds
[2022-01-28 22:17:31,748] {processor.py:163} INFO - Started process (PID=29712) to work on /home/data-eginner/Documents/Soccer_Data/env/lib/python3.8/site-packages/airflow/example_dags/example_nested_branch_dag.py
[2022-01-28 22:17:31,750] {processor.py:642} INFO - Processing file /home/data-eginner/Documents/Soccer_Data/env/lib/python3.8/site-packages/airflow/example_dags/example_nested_branch_dag.py for tasks to queue
[2022-01-28 22:17:31,751] {logging_mixin.py:109} INFO - [2022-01-28 22:17:31,751] {dagbag.py:500} INFO - Filling up the DagBag from /home/data-eginner/Documents/Soccer_Data/env/lib/python3.8/site-packages/airflow/example_dags/example_nested_branch_dag.py
[2022-01-28 22:17:31,803] {processor.py:654} INFO - DAG(s) dict_keys(['example_nested_branch_dag']) retrieved from /home/data-eginner/Documents/Soccer_Data/env/lib/python3.8/site-packages/airflow/example_dags/example_nested_branch_dag.py
[2022-01-28 22:17:31,819] {logging_mixin.py:109} INFO - [2022-01-28 22:17:31,819] {dag.py:2396} INFO - Sync 1 DAGs
[2022-01-28 22:17:31,852] {logging_mixin.py:109} INFO - [2022-01-28 22:17:31,852] {dag.py:2935} INFO - Setting next_dagrun for example_nested_branch_dag to 2022-01-28 00:00:00+00:00
[2022-01-28 22:17:31,906] {processor.py:171} INFO - Processing /home/data-eginner/Documents/Soccer_Data/env/lib/python3.8/site-packages/airflow/example_dags/example_nested_branch_dag.py took 0.177 seconds
[2022-01-28 22:18:11,651] {processor.py:163} INFO - Started process (PID=29872) to work on /home/data-eginner/Documents/Soccer_Data/env/lib/python3.8/site-packages/airflow/example_dags/example_nested_branch_dag.py
[2022-01-28 22:18:11,653] {processor.py:642} INFO - Processing file /home/data-eginner/Documents/Soccer_Data/env/lib/python3.8/site-packages/airflow/example_dags/example_nested_branch_dag.py for tasks to queue
[2022-01-28 22:18:11,654] {logging_mixin.py:109} INFO - [2022-01-28 22:18:11,653] {dagbag.py:500} INFO - Filling up the DagBag from /home/data-eginner/Documents/Soccer_Data/env/lib/python3.8/site-packages/airflow/example_dags/example_nested_branch_dag.py
[2022-01-28 22:18:11,676] {processor.py:654} INFO - DAG(s) dict_keys(['example_nested_branch_dag']) retrieved from /home/data-eginner/Documents/Soccer_Data/env/lib/python3.8/site-packages/airflow/example_dags/example_nested_branch_dag.py
[2022-01-28 22:18:11,687] {logging_mixin.py:109} INFO - [2022-01-28 22:18:11,687] {dag.py:2396} INFO - Sync 1 DAGs
[2022-01-28 22:18:11,701] {logging_mixin.py:109} INFO - [2022-01-28 22:18:11,701] {dag.py:2935} INFO - Setting next_dagrun for example_nested_branch_dag to 2022-01-28 00:00:00+00:00
[2022-01-28 22:18:11,726] {processor.py:171} INFO - Processing /home/data-eginner/Documents/Soccer_Data/env/lib/python3.8/site-packages/airflow/example_dags/example_nested_branch_dag.py took 0.077 seconds
[2022-01-28 22:18:58,074] {processor.py:163} INFO - Started process (PID=30052) to work on /home/data-eginner/Documents/Soccer_Data/env/lib/python3.8/site-packages/airflow/example_dags/example_nested_branch_dag.py
[2022-01-28 22:18:58,078] {processor.py:642} INFO - Processing file /home/data-eginner/Documents/Soccer_Data/env/lib/python3.8/site-packages/airflow/example_dags/example_nested_branch_dag.py for tasks to queue
[2022-01-28 22:18:58,078] {logging_mixin.py:109} INFO - [2022-01-28 22:18:58,078] {dagbag.py:500} INFO - Filling up the DagBag from /home/data-eginner/Documents/Soccer_Data/env/lib/python3.8/site-packages/airflow/example_dags/example_nested_branch_dag.py
[2022-01-28 22:18:58,099] {processor.py:654} INFO - DAG(s) dict_keys(['example_nested_branch_dag']) retrieved from /home/data-eginner/Documents/Soccer_Data/env/lib/python3.8/site-packages/airflow/example_dags/example_nested_branch_dag.py
[2022-01-28 22:18:58,109] {logging_mixin.py:109} INFO - [2022-01-28 22:18:58,108] {dag.py:2396} INFO - Sync 1 DAGs
[2022-01-28 22:18:58,123] {logging_mixin.py:109} INFO - [2022-01-28 22:18:58,123] {dag.py:2935} INFO - Setting next_dagrun for example_nested_branch_dag to 2022-01-28 00:00:00+00:00
[2022-01-28 22:18:58,139] {processor.py:171} INFO - Processing /home/data-eginner/Documents/Soccer_Data/env/lib/python3.8/site-packages/airflow/example_dags/example_nested_branch_dag.py took 0.067 seconds
[2022-01-28 22:19:42,950] {processor.py:163} INFO - Started process (PID=30237) to work on /home/data-eginner/Documents/Soccer_Data/env/lib/python3.8/site-packages/airflow/example_dags/example_nested_branch_dag.py
[2022-01-28 22:19:43,136] {processor.py:642} INFO - Processing file /home/data-eginner/Documents/Soccer_Data/env/lib/python3.8/site-packages/airflow/example_dags/example_nested_branch_dag.py for tasks to queue
[2022-01-28 22:19:43,138] {logging_mixin.py:109} INFO - [2022-01-28 22:19:43,138] {dagbag.py:500} INFO - Filling up the DagBag from /home/data-eginner/Documents/Soccer_Data/env/lib/python3.8/site-packages/airflow/example_dags/example_nested_branch_dag.py
[2022-01-28 22:19:43,160] {processor.py:654} INFO - DAG(s) dict_keys(['example_nested_branch_dag']) retrieved from /home/data-eginner/Documents/Soccer_Data/env/lib/python3.8/site-packages/airflow/example_dags/example_nested_branch_dag.py
[2022-01-28 22:19:43,168] {logging_mixin.py:109} INFO - [2022-01-28 22:19:43,168] {dag.py:2396} INFO - Sync 1 DAGs
[2022-01-28 22:19:43,182] {logging_mixin.py:109} INFO - [2022-01-28 22:19:43,182] {dag.py:2935} INFO - Setting next_dagrun for example_nested_branch_dag to 2022-01-28 00:00:00+00:00
[2022-01-28 22:19:43,229] {processor.py:171} INFO - Processing /home/data-eginner/Documents/Soccer_Data/env/lib/python3.8/site-packages/airflow/example_dags/example_nested_branch_dag.py took 0.286 seconds
[2022-01-28 22:20:43,454] {processor.py:163} INFO - Started process (PID=30480) to work on /home/data-eginner/Documents/Soccer_Data/env/lib/python3.8/site-packages/airflow/example_dags/example_nested_branch_dag.py
[2022-01-28 22:20:43,459] {processor.py:642} INFO - Processing file /home/data-eginner/Documents/Soccer_Data/env/lib/python3.8/site-packages/airflow/example_dags/example_nested_branch_dag.py for tasks to queue
[2022-01-28 22:20:43,460] {logging_mixin.py:109} INFO - [2022-01-28 22:20:43,460] {dagbag.py:500} INFO - Filling up the DagBag from /home/data-eginner/Documents/Soccer_Data/env/lib/python3.8/site-packages/airflow/example_dags/example_nested_branch_dag.py
[2022-01-28 22:20:43,487] {processor.py:654} INFO - DAG(s) dict_keys(['example_nested_branch_dag']) retrieved from /home/data-eginner/Documents/Soccer_Data/env/lib/python3.8/site-packages/airflow/example_dags/example_nested_branch_dag.py
[2022-01-28 22:20:43,496] {logging_mixin.py:109} INFO - [2022-01-28 22:20:43,496] {dag.py:2396} INFO - Sync 1 DAGs
[2022-01-28 22:20:43,517] {logging_mixin.py:109} INFO - [2022-01-28 22:20:43,517] {dag.py:2935} INFO - Setting next_dagrun for example_nested_branch_dag to 2022-01-28 00:00:00+00:00
[2022-01-28 22:20:43,552] {processor.py:171} INFO - Processing /home/data-eginner/Documents/Soccer_Data/env/lib/python3.8/site-packages/airflow/example_dags/example_nested_branch_dag.py took 0.102 seconds
[2022-01-28 22:21:21,517] {processor.py:163} INFO - Started process (PID=30641) to work on /home/data-eginner/Documents/Soccer_Data/env/lib/python3.8/site-packages/airflow/example_dags/example_nested_branch_dag.py
[2022-01-28 22:21:21,520] {processor.py:642} INFO - Processing file /home/data-eginner/Documents/Soccer_Data/env/lib/python3.8/site-packages/airflow/example_dags/example_nested_branch_dag.py for tasks to queue
[2022-01-28 22:21:21,521] {logging_mixin.py:109} INFO - [2022-01-28 22:21:21,521] {dagbag.py:500} INFO - Filling up the DagBag from /home/data-eginner/Documents/Soccer_Data/env/lib/python3.8/site-packages/airflow/example_dags/example_nested_branch_dag.py
[2022-01-28 22:21:21,542] {processor.py:654} INFO - DAG(s) dict_keys(['example_nested_branch_dag']) retrieved from /home/data-eginner/Documents/Soccer_Data/env/lib/python3.8/site-packages/airflow/example_dags/example_nested_branch_dag.py
[2022-01-28 22:21:21,550] {logging_mixin.py:109} INFO - [2022-01-28 22:21:21,550] {dag.py:2396} INFO - Sync 1 DAGs
[2022-01-28 22:21:21,564] {logging_mixin.py:109} INFO - [2022-01-28 22:21:21,564] {dag.py:2935} INFO - Setting next_dagrun for example_nested_branch_dag to 2022-01-28 00:00:00+00:00
[2022-01-28 22:21:21,583] {processor.py:171} INFO - Processing /home/data-eginner/Documents/Soccer_Data/env/lib/python3.8/site-packages/airflow/example_dags/example_nested_branch_dag.py took 0.068 seconds
[2022-01-28 22:22:00,690] {processor.py:163} INFO - Started process (PID=30813) to work on /home/data-eginner/Documents/Soccer_Data/env/lib/python3.8/site-packages/airflow/example_dags/example_nested_branch_dag.py
[2022-01-28 22:22:00,699] {processor.py:642} INFO - Processing file /home/data-eginner/Documents/Soccer_Data/env/lib/python3.8/site-packages/airflow/example_dags/example_nested_branch_dag.py for tasks to queue
[2022-01-28 22:22:00,700] {logging_mixin.py:109} INFO - [2022-01-28 22:22:00,700] {dagbag.py:500} INFO - Filling up the DagBag from /home/data-eginner/Documents/Soccer_Data/env/lib/python3.8/site-packages/airflow/example_dags/example_nested_branch_dag.py
[2022-01-28 22:22:00,721] {processor.py:654} INFO - DAG(s) dict_keys(['example_nested_branch_dag']) retrieved from /home/data-eginner/Documents/Soccer_Data/env/lib/python3.8/site-packages/airflow/example_dags/example_nested_branch_dag.py
[2022-01-28 22:22:00,731] {logging_mixin.py:109} INFO - [2022-01-28 22:22:00,731] {dag.py:2396} INFO - Sync 1 DAGs
[2022-01-28 22:22:00,744] {logging_mixin.py:109} INFO - [2022-01-28 22:22:00,743] {dag.py:2935} INFO - Setting next_dagrun for example_nested_branch_dag to 2022-01-28 00:00:00+00:00
[2022-01-28 22:22:00,765] {processor.py:171} INFO - Processing /home/data-eginner/Documents/Soccer_Data/env/lib/python3.8/site-packages/airflow/example_dags/example_nested_branch_dag.py took 0.080 seconds
