[2022-01-28 21:00:24,438] {processor.py:163} INFO - Started process (PID=19045) to work on /home/data-eginner/Documents/Soccer_Data/env/lib/python3.8/site-packages/airflow/example_dags/example_python_operator.py
[2022-01-28 21:00:24,439] {processor.py:642} INFO - Processing file /home/data-eginner/Documents/Soccer_Data/env/lib/python3.8/site-packages/airflow/example_dags/example_python_operator.py for tasks to queue
[2022-01-28 21:00:24,469] {logging_mixin.py:109} INFO - [2022-01-28 21:00:24,469] {dagbag.py:500} INFO - Filling up the DagBag from /home/data-eginner/Documents/Soccer_Data/env/lib/python3.8/site-packages/airflow/example_dags/example_python_operator.py
[2022-01-28 21:00:24,541] {logging_mixin.py:109} INFO - [2022-01-28 21:00:24,541] {example_python_operator.py:67} WARNING - The virtalenv_python example task requires virtualenv, please install it.
[2022-01-28 21:00:24,577] {processor.py:654} INFO - DAG(s) dict_keys(['example_python_operator']) retrieved from /home/data-eginner/Documents/Soccer_Data/env/lib/python3.8/site-packages/airflow/example_dags/example_python_operator.py
[2022-01-28 21:00:24,600] {logging_mixin.py:109} INFO - [2022-01-28 21:00:24,600] {dag.py:2396} INFO - Sync 1 DAGs
[2022-01-28 21:00:24,650] {logging_mixin.py:109} INFO - [2022-01-28 21:00:24,650] {dag.py:2935} INFO - Setting next_dagrun for example_python_operator to None
[2022-01-28 21:00:24,707] {processor.py:171} INFO - Processing /home/data-eginner/Documents/Soccer_Data/env/lib/python3.8/site-packages/airflow/example_dags/example_python_operator.py took 0.271 seconds
[2022-01-28 21:08:22,132] {processor.py:163} INFO - Started process (PID=19783) to work on /home/data-eginner/Documents/Soccer_Data/env/lib/python3.8/site-packages/airflow/example_dags/example_python_operator.py
[2022-01-28 21:08:22,162] {processor.py:642} INFO - Processing file /home/data-eginner/Documents/Soccer_Data/env/lib/python3.8/site-packages/airflow/example_dags/example_python_operator.py for tasks to queue
[2022-01-28 21:08:22,163] {logging_mixin.py:109} INFO - [2022-01-28 21:08:22,163] {dagbag.py:500} INFO - Filling up the DagBag from /home/data-eginner/Documents/Soccer_Data/env/lib/python3.8/site-packages/airflow/example_dags/example_python_operator.py
[2022-01-28 21:08:22,190] {logging_mixin.py:109} INFO - [2022-01-28 21:08:22,190] {example_python_operator.py:67} WARNING - The virtalenv_python example task requires virtualenv, please install it.
[2022-01-28 21:08:22,222] {processor.py:654} INFO - DAG(s) dict_keys(['example_python_operator']) retrieved from /home/data-eginner/Documents/Soccer_Data/env/lib/python3.8/site-packages/airflow/example_dags/example_python_operator.py
[2022-01-28 21:08:22,253] {logging_mixin.py:109} INFO - [2022-01-28 21:08:22,252] {dag.py:2396} INFO - Sync 1 DAGs
[2022-01-28 21:08:22,285] {logging_mixin.py:109} INFO - [2022-01-28 21:08:22,285] {dag.py:2935} INFO - Setting next_dagrun for example_python_operator to None
[2022-01-28 21:08:22,331] {processor.py:171} INFO - Processing /home/data-eginner/Documents/Soccer_Data/env/lib/python3.8/site-packages/airflow/example_dags/example_python_operator.py took 0.202 seconds
[2022-01-28 21:09:08,549] {processor.py:163} INFO - Started process (PID=19949) to work on /home/data-eginner/Documents/Soccer_Data/env/lib/python3.8/site-packages/airflow/example_dags/example_python_operator.py
[2022-01-28 21:09:08,573] {processor.py:642} INFO - Processing file /home/data-eginner/Documents/Soccer_Data/env/lib/python3.8/site-packages/airflow/example_dags/example_python_operator.py for tasks to queue
[2022-01-28 21:09:08,576] {logging_mixin.py:109} INFO - [2022-01-28 21:09:08,576] {dagbag.py:500} INFO - Filling up the DagBag from /home/data-eginner/Documents/Soccer_Data/env/lib/python3.8/site-packages/airflow/example_dags/example_python_operator.py
[2022-01-28 21:09:08,626] {logging_mixin.py:109} INFO - [2022-01-28 21:09:08,626] {example_python_operator.py:67} WARNING - The virtalenv_python example task requires virtualenv, please install it.
[2022-01-28 21:09:08,682] {processor.py:654} INFO - DAG(s) dict_keys(['example_python_operator']) retrieved from /home/data-eginner/Documents/Soccer_Data/env/lib/python3.8/site-packages/airflow/example_dags/example_python_operator.py
[2022-01-28 21:09:08,732] {logging_mixin.py:109} INFO - [2022-01-28 21:09:08,732] {dag.py:2396} INFO - Sync 1 DAGs
[2022-01-28 21:09:08,770] {logging_mixin.py:109} INFO - [2022-01-28 21:09:08,770] {dag.py:2935} INFO - Setting next_dagrun for example_python_operator to None
[2022-01-28 21:09:08,816] {processor.py:171} INFO - Processing /home/data-eginner/Documents/Soccer_Data/env/lib/python3.8/site-packages/airflow/example_dags/example_python_operator.py took 0.271 seconds
[2022-01-28 21:10:04,188] {processor.py:163} INFO - Started process (PID=20143) to work on /home/data-eginner/Documents/Soccer_Data/env/lib/python3.8/site-packages/airflow/example_dags/example_python_operator.py
[2022-01-28 21:10:04,198] {processor.py:642} INFO - Processing file /home/data-eginner/Documents/Soccer_Data/env/lib/python3.8/site-packages/airflow/example_dags/example_python_operator.py for tasks to queue
[2022-01-28 21:10:04,198] {logging_mixin.py:109} INFO - [2022-01-28 21:10:04,198] {dagbag.py:500} INFO - Filling up the DagBag from /home/data-eginner/Documents/Soccer_Data/env/lib/python3.8/site-packages/airflow/example_dags/example_python_operator.py
[2022-01-28 21:10:04,219] {logging_mixin.py:109} INFO - [2022-01-28 21:10:04,219] {example_python_operator.py:67} WARNING - The virtalenv_python example task requires virtualenv, please install it.
[2022-01-28 21:10:04,252] {processor.py:654} INFO - DAG(s) dict_keys(['example_python_operator']) retrieved from /home/data-eginner/Documents/Soccer_Data/env/lib/python3.8/site-packages/airflow/example_dags/example_python_operator.py
[2022-01-28 21:10:04,670] {logging_mixin.py:109} INFO - [2022-01-28 21:10:04,670] {dag.py:2396} INFO - Sync 1 DAGs
[2022-01-28 21:10:04,717] {logging_mixin.py:109} INFO - [2022-01-28 21:10:04,695] {dag.py:2935} INFO - Setting next_dagrun for example_python_operator to None
[2022-01-28 21:10:04,741] {processor.py:171} INFO - Processing /home/data-eginner/Documents/Soccer_Data/env/lib/python3.8/site-packages/airflow/example_dags/example_python_operator.py took 0.555 seconds
[2022-01-28 21:10:45,422] {processor.py:163} INFO - Started process (PID=20315) to work on /home/data-eginner/Documents/Soccer_Data/env/lib/python3.8/site-packages/airflow/example_dags/example_python_operator.py
[2022-01-28 21:10:45,438] {processor.py:642} INFO - Processing file /home/data-eginner/Documents/Soccer_Data/env/lib/python3.8/site-packages/airflow/example_dags/example_python_operator.py for tasks to queue
[2022-01-28 21:10:45,439] {logging_mixin.py:109} INFO - [2022-01-28 21:10:45,439] {dagbag.py:500} INFO - Filling up the DagBag from /home/data-eginner/Documents/Soccer_Data/env/lib/python3.8/site-packages/airflow/example_dags/example_python_operator.py
[2022-01-28 21:10:45,462] {logging_mixin.py:109} INFO - [2022-01-28 21:10:45,462] {example_python_operator.py:67} WARNING - The virtalenv_python example task requires virtualenv, please install it.
[2022-01-28 21:10:45,502] {processor.py:654} INFO - DAG(s) dict_keys(['example_python_operator']) retrieved from /home/data-eginner/Documents/Soccer_Data/env/lib/python3.8/site-packages/airflow/example_dags/example_python_operator.py
[2022-01-28 21:10:45,533] {logging_mixin.py:109} INFO - [2022-01-28 21:10:45,533] {dag.py:2396} INFO - Sync 1 DAGs
[2022-01-28 21:10:45,579] {logging_mixin.py:109} INFO - [2022-01-28 21:10:45,579] {dag.py:2935} INFO - Setting next_dagrun for example_python_operator to None
[2022-01-28 21:10:45,614] {processor.py:171} INFO - Processing /home/data-eginner/Documents/Soccer_Data/env/lib/python3.8/site-packages/airflow/example_dags/example_python_operator.py took 0.203 seconds
[2022-01-28 21:11:31,748] {processor.py:163} INFO - Started process (PID=20495) to work on /home/data-eginner/Documents/Soccer_Data/env/lib/python3.8/site-packages/airflow/example_dags/example_python_operator.py
[2022-01-28 21:11:31,771] {processor.py:642} INFO - Processing file /home/data-eginner/Documents/Soccer_Data/env/lib/python3.8/site-packages/airflow/example_dags/example_python_operator.py for tasks to queue
[2022-01-28 21:11:31,772] {logging_mixin.py:109} INFO - [2022-01-28 21:11:31,772] {dagbag.py:500} INFO - Filling up the DagBag from /home/data-eginner/Documents/Soccer_Data/env/lib/python3.8/site-packages/airflow/example_dags/example_python_operator.py
[2022-01-28 21:11:31,820] {logging_mixin.py:109} INFO - [2022-01-28 21:11:31,820] {example_python_operator.py:67} WARNING - The virtalenv_python example task requires virtualenv, please install it.
[2022-01-28 21:11:31,842] {processor.py:654} INFO - DAG(s) dict_keys(['example_python_operator']) retrieved from /home/data-eginner/Documents/Soccer_Data/env/lib/python3.8/site-packages/airflow/example_dags/example_python_operator.py
[2022-01-28 21:11:31,851] {logging_mixin.py:109} INFO - [2022-01-28 21:11:31,851] {dag.py:2396} INFO - Sync 1 DAGs
[2022-01-28 21:11:31,867] {logging_mixin.py:109} INFO - [2022-01-28 21:11:31,866] {dag.py:2935} INFO - Setting next_dagrun for example_python_operator to None
[2022-01-28 21:11:31,888] {processor.py:171} INFO - Processing /home/data-eginner/Documents/Soccer_Data/env/lib/python3.8/site-packages/airflow/example_dags/example_python_operator.py took 0.151 seconds
[2022-01-28 21:12:14,277] {processor.py:163} INFO - Started process (PID=20665) to work on /home/data-eginner/Documents/Soccer_Data/env/lib/python3.8/site-packages/airflow/example_dags/example_python_operator.py
[2022-01-28 21:12:14,298] {processor.py:642} INFO - Processing file /home/data-eginner/Documents/Soccer_Data/env/lib/python3.8/site-packages/airflow/example_dags/example_python_operator.py for tasks to queue
[2022-01-28 21:12:14,298] {logging_mixin.py:109} INFO - [2022-01-28 21:12:14,298] {dagbag.py:500} INFO - Filling up the DagBag from /home/data-eginner/Documents/Soccer_Data/env/lib/python3.8/site-packages/airflow/example_dags/example_python_operator.py
[2022-01-28 21:12:14,344] {logging_mixin.py:109} INFO - [2022-01-28 21:12:14,344] {example_python_operator.py:67} WARNING - The virtalenv_python example task requires virtualenv, please install it.
[2022-01-28 21:12:14,383] {processor.py:654} INFO - DAG(s) dict_keys(['example_python_operator']) retrieved from /home/data-eginner/Documents/Soccer_Data/env/lib/python3.8/site-packages/airflow/example_dags/example_python_operator.py
[2022-01-28 21:12:14,405] {logging_mixin.py:109} INFO - [2022-01-28 21:12:14,405] {dag.py:2396} INFO - Sync 1 DAGs
[2022-01-28 21:12:14,433] {logging_mixin.py:109} INFO - [2022-01-28 21:12:14,433] {dag.py:2935} INFO - Setting next_dagrun for example_python_operator to None
[2022-01-28 21:12:14,463] {processor.py:171} INFO - Processing /home/data-eginner/Documents/Soccer_Data/env/lib/python3.8/site-packages/airflow/example_dags/example_python_operator.py took 0.204 seconds
[2022-01-28 21:13:00,883] {processor.py:163} INFO - Started process (PID=20839) to work on /home/data-eginner/Documents/Soccer_Data/env/lib/python3.8/site-packages/airflow/example_dags/example_python_operator.py
[2022-01-28 21:13:00,896] {processor.py:642} INFO - Processing file /home/data-eginner/Documents/Soccer_Data/env/lib/python3.8/site-packages/airflow/example_dags/example_python_operator.py for tasks to queue
[2022-01-28 21:13:00,897] {logging_mixin.py:109} INFO - [2022-01-28 21:13:00,896] {dagbag.py:500} INFO - Filling up the DagBag from /home/data-eginner/Documents/Soccer_Data/env/lib/python3.8/site-packages/airflow/example_dags/example_python_operator.py
[2022-01-28 21:13:00,938] {logging_mixin.py:109} INFO - [2022-01-28 21:13:00,938] {example_python_operator.py:67} WARNING - The virtalenv_python example task requires virtualenv, please install it.
[2022-01-28 21:13:00,963] {processor.py:654} INFO - DAG(s) dict_keys(['example_python_operator']) retrieved from /home/data-eginner/Documents/Soccer_Data/env/lib/python3.8/site-packages/airflow/example_dags/example_python_operator.py
[2022-01-28 21:13:00,999] {logging_mixin.py:109} INFO - [2022-01-28 21:13:00,999] {dag.py:2396} INFO - Sync 1 DAGs
[2022-01-28 21:13:01,019] {logging_mixin.py:109} INFO - [2022-01-28 21:13:01,019] {dag.py:2935} INFO - Setting next_dagrun for example_python_operator to None
[2022-01-28 21:13:01,081] {processor.py:171} INFO - Processing /home/data-eginner/Documents/Soccer_Data/env/lib/python3.8/site-packages/airflow/example_dags/example_python_operator.py took 0.212 seconds
[2022-01-28 21:13:55,519] {processor.py:163} INFO - Started process (PID=21035) to work on /home/data-eginner/Documents/Soccer_Data/env/lib/python3.8/site-packages/airflow/example_dags/example_python_operator.py
[2022-01-28 21:13:55,528] {processor.py:642} INFO - Processing file /home/data-eginner/Documents/Soccer_Data/env/lib/python3.8/site-packages/airflow/example_dags/example_python_operator.py for tasks to queue
[2022-01-28 21:13:55,528] {logging_mixin.py:109} INFO - [2022-01-28 21:13:55,528] {dagbag.py:500} INFO - Filling up the DagBag from /home/data-eginner/Documents/Soccer_Data/env/lib/python3.8/site-packages/airflow/example_dags/example_python_operator.py
[2022-01-28 21:13:55,548] {logging_mixin.py:109} INFO - [2022-01-28 21:13:55,548] {example_python_operator.py:67} WARNING - The virtalenv_python example task requires virtualenv, please install it.
[2022-01-28 21:13:55,566] {processor.py:654} INFO - DAG(s) dict_keys(['example_python_operator']) retrieved from /home/data-eginner/Documents/Soccer_Data/env/lib/python3.8/site-packages/airflow/example_dags/example_python_operator.py
[2022-01-28 21:13:55,574] {logging_mixin.py:109} INFO - [2022-01-28 21:13:55,573] {dag.py:2396} INFO - Sync 1 DAGs
[2022-01-28 21:13:55,593] {logging_mixin.py:109} INFO - [2022-01-28 21:13:55,593] {dag.py:2935} INFO - Setting next_dagrun for example_python_operator to None
[2022-01-28 21:13:55,617] {processor.py:171} INFO - Processing /home/data-eginner/Documents/Soccer_Data/env/lib/python3.8/site-packages/airflow/example_dags/example_python_operator.py took 0.100 seconds
[2022-01-28 21:14:45,009] {processor.py:163} INFO - Started process (PID=21223) to work on /home/data-eginner/Documents/Soccer_Data/env/lib/python3.8/site-packages/airflow/example_dags/example_python_operator.py
[2022-01-28 21:14:45,026] {processor.py:642} INFO - Processing file /home/data-eginner/Documents/Soccer_Data/env/lib/python3.8/site-packages/airflow/example_dags/example_python_operator.py for tasks to queue
[2022-01-28 21:14:45,026] {logging_mixin.py:109} INFO - [2022-01-28 21:14:45,026] {dagbag.py:500} INFO - Filling up the DagBag from /home/data-eginner/Documents/Soccer_Data/env/lib/python3.8/site-packages/airflow/example_dags/example_python_operator.py
[2022-01-28 21:14:45,086] {logging_mixin.py:109} INFO - [2022-01-28 21:14:45,086] {example_python_operator.py:67} WARNING - The virtalenv_python example task requires virtualenv, please install it.
[2022-01-28 21:14:45,124] {processor.py:654} INFO - DAG(s) dict_keys(['example_python_operator']) retrieved from /home/data-eginner/Documents/Soccer_Data/env/lib/python3.8/site-packages/airflow/example_dags/example_python_operator.py
[2022-01-28 21:14:45,146] {logging_mixin.py:109} INFO - [2022-01-28 21:14:45,146] {dag.py:2396} INFO - Sync 1 DAGs
[2022-01-28 21:14:45,207] {logging_mixin.py:109} INFO - [2022-01-28 21:14:45,207] {dag.py:2935} INFO - Setting next_dagrun for example_python_operator to None
[2022-01-28 21:14:45,285] {processor.py:171} INFO - Processing /home/data-eginner/Documents/Soccer_Data/env/lib/python3.8/site-packages/airflow/example_dags/example_python_operator.py took 0.279 seconds
[2022-01-28 21:15:43,883] {processor.py:163} INFO - Started process (PID=21409) to work on /home/data-eginner/Documents/Soccer_Data/env/lib/python3.8/site-packages/airflow/example_dags/example_python_operator.py
[2022-01-28 21:15:43,900] {processor.py:642} INFO - Processing file /home/data-eginner/Documents/Soccer_Data/env/lib/python3.8/site-packages/airflow/example_dags/example_python_operator.py for tasks to queue
[2022-01-28 21:15:43,900] {logging_mixin.py:109} INFO - [2022-01-28 21:15:43,900] {dagbag.py:500} INFO - Filling up the DagBag from /home/data-eginner/Documents/Soccer_Data/env/lib/python3.8/site-packages/airflow/example_dags/example_python_operator.py
[2022-01-28 21:15:43,935] {logging_mixin.py:109} INFO - [2022-01-28 21:15:43,935] {example_python_operator.py:67} WARNING - The virtalenv_python example task requires virtualenv, please install it.
[2022-01-28 21:15:43,948] {processor.py:654} INFO - DAG(s) dict_keys(['example_python_operator']) retrieved from /home/data-eginner/Documents/Soccer_Data/env/lib/python3.8/site-packages/airflow/example_dags/example_python_operator.py
[2022-01-28 21:15:43,981] {logging_mixin.py:109} INFO - [2022-01-28 21:15:43,981] {dag.py:2396} INFO - Sync 1 DAGs
[2022-01-28 21:15:44,018] {logging_mixin.py:109} INFO - [2022-01-28 21:15:44,018] {dag.py:2935} INFO - Setting next_dagrun for example_python_operator to None
[2022-01-28 21:15:44,056] {processor.py:171} INFO - Processing /home/data-eginner/Documents/Soccer_Data/env/lib/python3.8/site-packages/airflow/example_dags/example_python_operator.py took 0.191 seconds
[2022-01-28 21:16:37,884] {processor.py:163} INFO - Started process (PID=21578) to work on /home/data-eginner/Documents/Soccer_Data/env/lib/python3.8/site-packages/airflow/example_dags/example_python_operator.py
[2022-01-28 21:16:37,991] {processor.py:642} INFO - Processing file /home/data-eginner/Documents/Soccer_Data/env/lib/python3.8/site-packages/airflow/example_dags/example_python_operator.py for tasks to queue
[2022-01-28 21:16:37,992] {logging_mixin.py:109} INFO - [2022-01-28 21:16:37,992] {dagbag.py:500} INFO - Filling up the DagBag from /home/data-eginner/Documents/Soccer_Data/env/lib/python3.8/site-packages/airflow/example_dags/example_python_operator.py
[2022-01-28 21:16:38,019] {logging_mixin.py:109} INFO - [2022-01-28 21:16:38,018] {example_python_operator.py:67} WARNING - The virtalenv_python example task requires virtualenv, please install it.
[2022-01-28 21:16:38,053] {processor.py:654} INFO - DAG(s) dict_keys(['example_python_operator']) retrieved from /home/data-eginner/Documents/Soccer_Data/env/lib/python3.8/site-packages/airflow/example_dags/example_python_operator.py
[2022-01-28 21:16:38,067] {logging_mixin.py:109} INFO - [2022-01-28 21:16:38,067] {dag.py:2396} INFO - Sync 1 DAGs
[2022-01-28 21:16:38,112] {logging_mixin.py:109} INFO - [2022-01-28 21:16:38,112] {dag.py:2935} INFO - Setting next_dagrun for example_python_operator to None
[2022-01-28 21:16:38,154] {processor.py:171} INFO - Processing /home/data-eginner/Documents/Soccer_Data/env/lib/python3.8/site-packages/airflow/example_dags/example_python_operator.py took 0.274 seconds
[2022-01-28 21:17:26,393] {processor.py:163} INFO - Started process (PID=21725) to work on /home/data-eginner/Documents/Soccer_Data/env/lib/python3.8/site-packages/airflow/example_dags/example_python_operator.py
[2022-01-28 21:17:26,404] {processor.py:642} INFO - Processing file /home/data-eginner/Documents/Soccer_Data/env/lib/python3.8/site-packages/airflow/example_dags/example_python_operator.py for tasks to queue
[2022-01-28 21:17:26,404] {logging_mixin.py:109} INFO - [2022-01-28 21:17:26,404] {dagbag.py:500} INFO - Filling up the DagBag from /home/data-eginner/Documents/Soccer_Data/env/lib/python3.8/site-packages/airflow/example_dags/example_python_operator.py
[2022-01-28 21:17:26,452] {logging_mixin.py:109} INFO - [2022-01-28 21:17:26,452] {example_python_operator.py:67} WARNING - The virtalenv_python example task requires virtualenv, please install it.
[2022-01-28 21:17:26,495] {processor.py:654} INFO - DAG(s) dict_keys(['example_python_operator']) retrieved from /home/data-eginner/Documents/Soccer_Data/env/lib/python3.8/site-packages/airflow/example_dags/example_python_operator.py
[2022-01-28 21:17:26,559] {logging_mixin.py:109} INFO - [2022-01-28 21:17:26,558] {dag.py:2396} INFO - Sync 1 DAGs
[2022-01-28 21:17:26,581] {logging_mixin.py:109} INFO - [2022-01-28 21:17:26,581] {dag.py:2935} INFO - Setting next_dagrun for example_python_operator to None
[2022-01-28 21:17:26,616] {processor.py:171} INFO - Processing /home/data-eginner/Documents/Soccer_Data/env/lib/python3.8/site-packages/airflow/example_dags/example_python_operator.py took 0.259 seconds
[2022-01-28 21:18:15,486] {processor.py:163} INFO - Started process (PID=21883) to work on /home/data-eginner/Documents/Soccer_Data/env/lib/python3.8/site-packages/airflow/example_dags/example_python_operator.py
[2022-01-28 21:18:15,504] {processor.py:642} INFO - Processing file /home/data-eginner/Documents/Soccer_Data/env/lib/python3.8/site-packages/airflow/example_dags/example_python_operator.py for tasks to queue
[2022-01-28 21:18:15,505] {logging_mixin.py:109} INFO - [2022-01-28 21:18:15,505] {dagbag.py:500} INFO - Filling up the DagBag from /home/data-eginner/Documents/Soccer_Data/env/lib/python3.8/site-packages/airflow/example_dags/example_python_operator.py
[2022-01-28 21:18:15,536] {logging_mixin.py:109} INFO - [2022-01-28 21:18:15,536] {example_python_operator.py:67} WARNING - The virtalenv_python example task requires virtualenv, please install it.
[2022-01-28 21:18:15,592] {processor.py:654} INFO - DAG(s) dict_keys(['example_python_operator']) retrieved from /home/data-eginner/Documents/Soccer_Data/env/lib/python3.8/site-packages/airflow/example_dags/example_python_operator.py
[2022-01-28 21:18:15,625] {logging_mixin.py:109} INFO - [2022-01-28 21:18:15,625] {dag.py:2396} INFO - Sync 1 DAGs
[2022-01-28 21:18:15,670] {logging_mixin.py:109} INFO - [2022-01-28 21:18:15,670] {dag.py:2935} INFO - Setting next_dagrun for example_python_operator to None
[2022-01-28 21:18:15,718] {processor.py:171} INFO - Processing /home/data-eginner/Documents/Soccer_Data/env/lib/python3.8/site-packages/airflow/example_dags/example_python_operator.py took 0.251 seconds
[2022-01-28 21:19:10,120] {processor.py:163} INFO - Started process (PID=22042) to work on /home/data-eginner/Documents/Soccer_Data/env/lib/python3.8/site-packages/airflow/example_dags/example_python_operator.py
[2022-01-28 21:19:10,146] {processor.py:642} INFO - Processing file /home/data-eginner/Documents/Soccer_Data/env/lib/python3.8/site-packages/airflow/example_dags/example_python_operator.py for tasks to queue
[2022-01-28 21:19:10,147] {logging_mixin.py:109} INFO - [2022-01-28 21:19:10,147] {dagbag.py:500} INFO - Filling up the DagBag from /home/data-eginner/Documents/Soccer_Data/env/lib/python3.8/site-packages/airflow/example_dags/example_python_operator.py
[2022-01-28 21:19:10,162] {logging_mixin.py:109} INFO - [2022-01-28 21:19:10,162] {example_python_operator.py:67} WARNING - The virtalenv_python example task requires virtualenv, please install it.
[2022-01-28 21:19:10,201] {processor.py:654} INFO - DAG(s) dict_keys(['example_python_operator']) retrieved from /home/data-eginner/Documents/Soccer_Data/env/lib/python3.8/site-packages/airflow/example_dags/example_python_operator.py
[2022-01-28 21:19:10,220] {logging_mixin.py:109} INFO - [2022-01-28 21:19:10,220] {dag.py:2396} INFO - Sync 1 DAGs
[2022-01-28 21:19:10,238] {logging_mixin.py:109} INFO - [2022-01-28 21:19:10,238] {dag.py:2935} INFO - Setting next_dagrun for example_python_operator to None
[2022-01-28 21:19:10,279] {processor.py:171} INFO - Processing /home/data-eginner/Documents/Soccer_Data/env/lib/python3.8/site-packages/airflow/example_dags/example_python_operator.py took 0.162 seconds
[2022-01-28 21:20:01,637] {processor.py:163} INFO - Started process (PID=22221) to work on /home/data-eginner/Documents/Soccer_Data/env/lib/python3.8/site-packages/airflow/example_dags/example_python_operator.py
[2022-01-28 21:20:01,650] {processor.py:642} INFO - Processing file /home/data-eginner/Documents/Soccer_Data/env/lib/python3.8/site-packages/airflow/example_dags/example_python_operator.py for tasks to queue
[2022-01-28 21:20:01,650] {logging_mixin.py:109} INFO - [2022-01-28 21:20:01,650] {dagbag.py:500} INFO - Filling up the DagBag from /home/data-eginner/Documents/Soccer_Data/env/lib/python3.8/site-packages/airflow/example_dags/example_python_operator.py
[2022-01-28 21:20:01,668] {logging_mixin.py:109} INFO - [2022-01-28 21:20:01,667] {example_python_operator.py:67} WARNING - The virtalenv_python example task requires virtualenv, please install it.
[2022-01-28 21:20:01,683] {processor.py:654} INFO - DAG(s) dict_keys(['example_python_operator']) retrieved from /home/data-eginner/Documents/Soccer_Data/env/lib/python3.8/site-packages/airflow/example_dags/example_python_operator.py
[2022-01-28 21:20:01,702] {logging_mixin.py:109} INFO - [2022-01-28 21:20:01,702] {dag.py:2396} INFO - Sync 1 DAGs
[2022-01-28 21:20:01,714] {logging_mixin.py:109} INFO - [2022-01-28 21:20:01,714] {dag.py:2935} INFO - Setting next_dagrun for example_python_operator to None
[2022-01-28 21:20:01,765] {processor.py:171} INFO - Processing /home/data-eginner/Documents/Soccer_Data/env/lib/python3.8/site-packages/airflow/example_dags/example_python_operator.py took 0.138 seconds
[2022-01-28 21:21:04,857] {processor.py:163} INFO - Started process (PID=22422) to work on /home/data-eginner/Documents/Soccer_Data/env/lib/python3.8/site-packages/airflow/example_dags/example_python_operator.py
[2022-01-28 21:21:04,874] {processor.py:642} INFO - Processing file /home/data-eginner/Documents/Soccer_Data/env/lib/python3.8/site-packages/airflow/example_dags/example_python_operator.py for tasks to queue
[2022-01-28 21:21:04,874] {logging_mixin.py:109} INFO - [2022-01-28 21:21:04,874] {dagbag.py:500} INFO - Filling up the DagBag from /home/data-eginner/Documents/Soccer_Data/env/lib/python3.8/site-packages/airflow/example_dags/example_python_operator.py
[2022-01-28 21:21:04,889] {logging_mixin.py:109} INFO - [2022-01-28 21:21:04,889] {example_python_operator.py:67} WARNING - The virtalenv_python example task requires virtualenv, please install it.
[2022-01-28 21:21:04,904] {processor.py:654} INFO - DAG(s) dict_keys(['example_python_operator']) retrieved from /home/data-eginner/Documents/Soccer_Data/env/lib/python3.8/site-packages/airflow/example_dags/example_python_operator.py
[2022-01-28 21:21:04,913] {logging_mixin.py:109} INFO - [2022-01-28 21:21:04,913] {dag.py:2396} INFO - Sync 1 DAGs
[2022-01-28 21:21:04,934] {logging_mixin.py:109} INFO - [2022-01-28 21:21:04,933] {dag.py:2935} INFO - Setting next_dagrun for example_python_operator to None
[2022-01-28 21:21:04,953] {processor.py:171} INFO - Processing /home/data-eginner/Documents/Soccer_Data/env/lib/python3.8/site-packages/airflow/example_dags/example_python_operator.py took 0.103 seconds
[2022-01-28 21:21:49,476] {processor.py:163} INFO - Started process (PID=22597) to work on /home/data-eginner/Documents/Soccer_Data/env/lib/python3.8/site-packages/airflow/example_dags/example_python_operator.py
[2022-01-28 21:21:49,491] {processor.py:642} INFO - Processing file /home/data-eginner/Documents/Soccer_Data/env/lib/python3.8/site-packages/airflow/example_dags/example_python_operator.py for tasks to queue
[2022-01-28 21:21:49,491] {logging_mixin.py:109} INFO - [2022-01-28 21:21:49,491] {dagbag.py:500} INFO - Filling up the DagBag from /home/data-eginner/Documents/Soccer_Data/env/lib/python3.8/site-packages/airflow/example_dags/example_python_operator.py
[2022-01-28 21:21:49,519] {logging_mixin.py:109} INFO - [2022-01-28 21:21:49,519] {example_python_operator.py:67} WARNING - The virtalenv_python example task requires virtualenv, please install it.
[2022-01-28 21:21:49,558] {processor.py:654} INFO - DAG(s) dict_keys(['example_python_operator']) retrieved from /home/data-eginner/Documents/Soccer_Data/env/lib/python3.8/site-packages/airflow/example_dags/example_python_operator.py
[2022-01-28 21:21:49,626] {logging_mixin.py:109} INFO - [2022-01-28 21:21:49,607] {dag.py:2396} INFO - Sync 1 DAGs
[2022-01-28 21:21:49,638] {logging_mixin.py:109} INFO - [2022-01-28 21:21:49,638] {dag.py:2935} INFO - Setting next_dagrun for example_python_operator to None
[2022-01-28 21:21:49,699] {processor.py:171} INFO - Processing /home/data-eginner/Documents/Soccer_Data/env/lib/python3.8/site-packages/airflow/example_dags/example_python_operator.py took 0.225 seconds
[2022-01-28 21:26:28,914] {processor.py:163} INFO - Started process (PID=22927) to work on /home/data-eginner/Documents/Soccer_Data/env/lib/python3.8/site-packages/airflow/example_dags/example_python_operator.py
[2022-01-28 21:26:28,930] {processor.py:642} INFO - Processing file /home/data-eginner/Documents/Soccer_Data/env/lib/python3.8/site-packages/airflow/example_dags/example_python_operator.py for tasks to queue
[2022-01-28 21:26:28,931] {logging_mixin.py:109} INFO - [2022-01-28 21:26:28,931] {dagbag.py:500} INFO - Filling up the DagBag from /home/data-eginner/Documents/Soccer_Data/env/lib/python3.8/site-packages/airflow/example_dags/example_python_operator.py
[2022-01-28 21:26:28,986] {logging_mixin.py:109} INFO - [2022-01-28 21:26:28,942] {example_python_operator.py:67} WARNING - The virtalenv_python example task requires virtualenv, please install it.
[2022-01-28 21:26:29,029] {processor.py:654} INFO - DAG(s) dict_keys(['example_python_operator']) retrieved from /home/data-eginner/Documents/Soccer_Data/env/lib/python3.8/site-packages/airflow/example_dags/example_python_operator.py
[2022-01-28 21:26:29,095] {logging_mixin.py:109} INFO - [2022-01-28 21:26:29,094] {dag.py:2396} INFO - Sync 1 DAGs
[2022-01-28 21:26:29,140] {logging_mixin.py:109} INFO - [2022-01-28 21:26:29,140] {dag.py:2935} INFO - Setting next_dagrun for example_python_operator to None
[2022-01-28 21:26:29,173] {processor.py:171} INFO - Processing /home/data-eginner/Documents/Soccer_Data/env/lib/python3.8/site-packages/airflow/example_dags/example_python_operator.py took 0.286 seconds
[2022-01-28 21:27:22,171] {processor.py:163} INFO - Started process (PID=23128) to work on /home/data-eginner/Documents/Soccer_Data/env/lib/python3.8/site-packages/airflow/example_dags/example_python_operator.py
[2022-01-28 21:27:22,190] {processor.py:642} INFO - Processing file /home/data-eginner/Documents/Soccer_Data/env/lib/python3.8/site-packages/airflow/example_dags/example_python_operator.py for tasks to queue
[2022-01-28 21:27:22,191] {logging_mixin.py:109} INFO - [2022-01-28 21:27:22,191] {dagbag.py:500} INFO - Filling up the DagBag from /home/data-eginner/Documents/Soccer_Data/env/lib/python3.8/site-packages/airflow/example_dags/example_python_operator.py
[2022-01-28 21:27:22,234] {logging_mixin.py:109} INFO - [2022-01-28 21:27:22,234] {example_python_operator.py:67} WARNING - The virtalenv_python example task requires virtualenv, please install it.
[2022-01-28 21:27:22,267] {processor.py:654} INFO - DAG(s) dict_keys(['example_python_operator']) retrieved from /home/data-eginner/Documents/Soccer_Data/env/lib/python3.8/site-packages/airflow/example_dags/example_python_operator.py
[2022-01-28 21:27:22,292] {logging_mixin.py:109} INFO - [2022-01-28 21:27:22,292] {dag.py:2396} INFO - Sync 1 DAGs
[2022-01-28 21:27:22,332] {logging_mixin.py:109} INFO - [2022-01-28 21:27:22,332] {dag.py:2935} INFO - Setting next_dagrun for example_python_operator to None
[2022-01-28 21:27:22,369] {processor.py:171} INFO - Processing /home/data-eginner/Documents/Soccer_Data/env/lib/python3.8/site-packages/airflow/example_dags/example_python_operator.py took 0.226 seconds
[2022-01-28 21:29:01,849] {processor.py:163} INFO - Started process (PID=23473) to work on /home/data-eginner/Documents/Soccer_Data/env/lib/python3.8/site-packages/airflow/example_dags/example_python_operator.py
[2022-01-28 21:29:01,867] {processor.py:642} INFO - Processing file /home/data-eginner/Documents/Soccer_Data/env/lib/python3.8/site-packages/airflow/example_dags/example_python_operator.py for tasks to queue
[2022-01-28 21:29:01,867] {logging_mixin.py:109} INFO - [2022-01-28 21:29:01,867] {dagbag.py:500} INFO - Filling up the DagBag from /home/data-eginner/Documents/Soccer_Data/env/lib/python3.8/site-packages/airflow/example_dags/example_python_operator.py
[2022-01-28 21:29:01,892] {logging_mixin.py:109} INFO - [2022-01-28 21:29:01,891] {example_python_operator.py:67} WARNING - The virtalenv_python example task requires virtualenv, please install it.
[2022-01-28 21:29:01,924] {processor.py:654} INFO - DAG(s) dict_keys(['example_python_operator']) retrieved from /home/data-eginner/Documents/Soccer_Data/env/lib/python3.8/site-packages/airflow/example_dags/example_python_operator.py
[2022-01-28 21:29:01,964] {logging_mixin.py:109} INFO - [2022-01-28 21:29:01,963] {dag.py:2396} INFO - Sync 1 DAGs
[2022-01-28 21:29:02,015] {logging_mixin.py:109} INFO - [2022-01-28 21:29:02,010] {dag.py:2935} INFO - Setting next_dagrun for example_python_operator to None
[2022-01-28 21:29:02,047] {processor.py:171} INFO - Processing /home/data-eginner/Documents/Soccer_Data/env/lib/python3.8/site-packages/airflow/example_dags/example_python_operator.py took 0.201 seconds
[2022-01-28 21:29:48,983] {processor.py:163} INFO - Started process (PID=23632) to work on /home/data-eginner/Documents/Soccer_Data/env/lib/python3.8/site-packages/airflow/example_dags/example_python_operator.py
[2022-01-28 21:29:49,029] {processor.py:642} INFO - Processing file /home/data-eginner/Documents/Soccer_Data/env/lib/python3.8/site-packages/airflow/example_dags/example_python_operator.py for tasks to queue
[2022-01-28 21:29:49,029] {logging_mixin.py:109} INFO - [2022-01-28 21:29:49,029] {dagbag.py:500} INFO - Filling up the DagBag from /home/data-eginner/Documents/Soccer_Data/env/lib/python3.8/site-packages/airflow/example_dags/example_python_operator.py
[2022-01-28 21:29:49,058] {logging_mixin.py:109} INFO - [2022-01-28 21:29:49,058] {example_python_operator.py:67} WARNING - The virtalenv_python example task requires virtualenv, please install it.
[2022-01-28 21:29:49,078] {processor.py:654} INFO - DAG(s) dict_keys(['example_python_operator']) retrieved from /home/data-eginner/Documents/Soccer_Data/env/lib/python3.8/site-packages/airflow/example_dags/example_python_operator.py
[2022-01-28 21:29:49,101] {logging_mixin.py:109} INFO - [2022-01-28 21:29:49,101] {dag.py:2396} INFO - Sync 1 DAGs
[2022-01-28 21:29:49,129] {logging_mixin.py:109} INFO - [2022-01-28 21:29:49,129] {dag.py:2935} INFO - Setting next_dagrun for example_python_operator to None
[2022-01-28 21:29:49,160] {processor.py:171} INFO - Processing /home/data-eginner/Documents/Soccer_Data/env/lib/python3.8/site-packages/airflow/example_dags/example_python_operator.py took 0.180 seconds
[2022-01-28 21:30:41,656] {processor.py:163} INFO - Started process (PID=23817) to work on /home/data-eginner/Documents/Soccer_Data/env/lib/python3.8/site-packages/airflow/example_dags/example_python_operator.py
[2022-01-28 21:30:41,673] {processor.py:642} INFO - Processing file /home/data-eginner/Documents/Soccer_Data/env/lib/python3.8/site-packages/airflow/example_dags/example_python_operator.py for tasks to queue
[2022-01-28 21:30:41,673] {logging_mixin.py:109} INFO - [2022-01-28 21:30:41,673] {dagbag.py:500} INFO - Filling up the DagBag from /home/data-eginner/Documents/Soccer_Data/env/lib/python3.8/site-packages/airflow/example_dags/example_python_operator.py
[2022-01-28 21:30:41,731] {logging_mixin.py:109} INFO - [2022-01-28 21:30:41,731] {example_python_operator.py:67} WARNING - The virtalenv_python example task requires virtualenv, please install it.
[2022-01-28 21:30:41,774] {processor.py:654} INFO - DAG(s) dict_keys(['example_python_operator']) retrieved from /home/data-eginner/Documents/Soccer_Data/env/lib/python3.8/site-packages/airflow/example_dags/example_python_operator.py
[2022-01-28 21:30:41,814] {logging_mixin.py:109} INFO - [2022-01-28 21:30:41,814] {dag.py:2396} INFO - Sync 1 DAGs
[2022-01-28 21:30:41,855] {logging_mixin.py:109} INFO - [2022-01-28 21:30:41,855] {dag.py:2935} INFO - Setting next_dagrun for example_python_operator to None
[2022-01-28 21:30:41,887] {processor.py:171} INFO - Processing /home/data-eginner/Documents/Soccer_Data/env/lib/python3.8/site-packages/airflow/example_dags/example_python_operator.py took 0.244 seconds
[2022-01-28 21:31:50,122] {processor.py:163} INFO - Started process (PID=24049) to work on /home/data-eginner/Documents/Soccer_Data/env/lib/python3.8/site-packages/airflow/example_dags/example_python_operator.py
[2022-01-28 21:31:50,135] {processor.py:642} INFO - Processing file /home/data-eginner/Documents/Soccer_Data/env/lib/python3.8/site-packages/airflow/example_dags/example_python_operator.py for tasks to queue
[2022-01-28 21:31:50,137] {logging_mixin.py:109} INFO - [2022-01-28 21:31:50,136] {dagbag.py:500} INFO - Filling up the DagBag from /home/data-eginner/Documents/Soccer_Data/env/lib/python3.8/site-packages/airflow/example_dags/example_python_operator.py
[2022-01-28 21:31:50,243] {logging_mixin.py:109} INFO - [2022-01-28 21:31:50,243] {example_python_operator.py:67} WARNING - The virtalenv_python example task requires virtualenv, please install it.
[2022-01-28 21:31:50,264] {processor.py:654} INFO - DAG(s) dict_keys(['example_python_operator']) retrieved from /home/data-eginner/Documents/Soccer_Data/env/lib/python3.8/site-packages/airflow/example_dags/example_python_operator.py
[2022-01-28 21:31:50,302] {logging_mixin.py:109} INFO - [2022-01-28 21:31:50,302] {dag.py:2396} INFO - Sync 1 DAGs
[2022-01-28 21:31:50,317] {logging_mixin.py:109} INFO - [2022-01-28 21:31:50,317] {dag.py:2935} INFO - Setting next_dagrun for example_python_operator to None
[2022-01-28 21:31:50,337] {processor.py:171} INFO - Processing /home/data-eginner/Documents/Soccer_Data/env/lib/python3.8/site-packages/airflow/example_dags/example_python_operator.py took 0.245 seconds
[2022-01-28 21:32:36,784] {processor.py:163} INFO - Started process (PID=24226) to work on /home/data-eginner/Documents/Soccer_Data/env/lib/python3.8/site-packages/airflow/example_dags/example_python_operator.py
[2022-01-28 21:32:36,841] {processor.py:642} INFO - Processing file /home/data-eginner/Documents/Soccer_Data/env/lib/python3.8/site-packages/airflow/example_dags/example_python_operator.py for tasks to queue
[2022-01-28 21:32:36,841] {logging_mixin.py:109} INFO - [2022-01-28 21:32:36,841] {dagbag.py:500} INFO - Filling up the DagBag from /home/data-eginner/Documents/Soccer_Data/env/lib/python3.8/site-packages/airflow/example_dags/example_python_operator.py
[2022-01-28 21:32:36,854] {logging_mixin.py:109} INFO - [2022-01-28 21:32:36,854] {example_python_operator.py:67} WARNING - The virtalenv_python example task requires virtualenv, please install it.
[2022-01-28 21:32:36,870] {processor.py:654} INFO - DAG(s) dict_keys(['example_python_operator']) retrieved from /home/data-eginner/Documents/Soccer_Data/env/lib/python3.8/site-packages/airflow/example_dags/example_python_operator.py
[2022-01-28 21:32:36,883] {logging_mixin.py:109} INFO - [2022-01-28 21:32:36,883] {dag.py:2396} INFO - Sync 1 DAGs
[2022-01-28 21:32:36,898] {logging_mixin.py:109} INFO - [2022-01-28 21:32:36,898] {dag.py:2935} INFO - Setting next_dagrun for example_python_operator to None
[2022-01-28 21:32:36,915] {processor.py:171} INFO - Processing /home/data-eginner/Documents/Soccer_Data/env/lib/python3.8/site-packages/airflow/example_dags/example_python_operator.py took 0.139 seconds
[2022-01-28 21:33:18,520] {processor.py:163} INFO - Started process (PID=24391) to work on /home/data-eginner/Documents/Soccer_Data/env/lib/python3.8/site-packages/airflow/example_dags/example_python_operator.py
[2022-01-28 21:33:18,578] {processor.py:642} INFO - Processing file /home/data-eginner/Documents/Soccer_Data/env/lib/python3.8/site-packages/airflow/example_dags/example_python_operator.py for tasks to queue
[2022-01-28 21:33:18,578] {logging_mixin.py:109} INFO - [2022-01-28 21:33:18,578] {dagbag.py:500} INFO - Filling up the DagBag from /home/data-eginner/Documents/Soccer_Data/env/lib/python3.8/site-packages/airflow/example_dags/example_python_operator.py
[2022-01-28 21:33:18,591] {logging_mixin.py:109} INFO - [2022-01-28 21:33:18,591] {example_python_operator.py:67} WARNING - The virtalenv_python example task requires virtualenv, please install it.
[2022-01-28 21:33:18,615] {processor.py:654} INFO - DAG(s) dict_keys(['example_python_operator']) retrieved from /home/data-eginner/Documents/Soccer_Data/env/lib/python3.8/site-packages/airflow/example_dags/example_python_operator.py
[2022-01-28 21:33:18,623] {logging_mixin.py:109} INFO - [2022-01-28 21:33:18,623] {dag.py:2396} INFO - Sync 1 DAGs
[2022-01-28 21:33:18,641] {logging_mixin.py:109} INFO - [2022-01-28 21:33:18,641] {dag.py:2935} INFO - Setting next_dagrun for example_python_operator to None
[2022-01-28 21:33:18,658] {processor.py:171} INFO - Processing /home/data-eginner/Documents/Soccer_Data/env/lib/python3.8/site-packages/airflow/example_dags/example_python_operator.py took 0.140 seconds
[2022-01-28 21:34:03,560] {processor.py:163} INFO - Started process (PID=24564) to work on /home/data-eginner/Documents/Soccer_Data/env/lib/python3.8/site-packages/airflow/example_dags/example_python_operator.py
[2022-01-28 21:34:03,622] {processor.py:642} INFO - Processing file /home/data-eginner/Documents/Soccer_Data/env/lib/python3.8/site-packages/airflow/example_dags/example_python_operator.py for tasks to queue
[2022-01-28 21:34:03,623] {logging_mixin.py:109} INFO - [2022-01-28 21:34:03,622] {dagbag.py:500} INFO - Filling up the DagBag from /home/data-eginner/Documents/Soccer_Data/env/lib/python3.8/site-packages/airflow/example_dags/example_python_operator.py
[2022-01-28 21:34:03,646] {logging_mixin.py:109} INFO - [2022-01-28 21:34:03,646] {example_python_operator.py:67} WARNING - The virtalenv_python example task requires virtualenv, please install it.
[2022-01-28 21:34:03,668] {processor.py:654} INFO - DAG(s) dict_keys(['example_python_operator']) retrieved from /home/data-eginner/Documents/Soccer_Data/env/lib/python3.8/site-packages/airflow/example_dags/example_python_operator.py
[2022-01-28 21:34:03,716] {logging_mixin.py:109} INFO - [2022-01-28 21:34:03,715] {dag.py:2396} INFO - Sync 1 DAGs
[2022-01-28 21:34:03,747] {logging_mixin.py:109} INFO - [2022-01-28 21:34:03,747] {dag.py:2935} INFO - Setting next_dagrun for example_python_operator to None
[2022-01-28 21:34:03,773] {processor.py:171} INFO - Processing /home/data-eginner/Documents/Soccer_Data/env/lib/python3.8/site-packages/airflow/example_dags/example_python_operator.py took 0.218 seconds
[2022-01-28 21:56:14,591] {processor.py:163} INFO - Started process (PID=25054) to work on /home/data-eginner/Documents/Soccer_Data/env/lib/python3.8/site-packages/airflow/example_dags/example_python_operator.py
[2022-01-28 21:56:14,605] {processor.py:642} INFO - Processing file /home/data-eginner/Documents/Soccer_Data/env/lib/python3.8/site-packages/airflow/example_dags/example_python_operator.py for tasks to queue
[2022-01-28 21:56:14,605] {logging_mixin.py:109} INFO - [2022-01-28 21:56:14,605] {dagbag.py:500} INFO - Filling up the DagBag from /home/data-eginner/Documents/Soccer_Data/env/lib/python3.8/site-packages/airflow/example_dags/example_python_operator.py
[2022-01-28 21:56:14,652] {logging_mixin.py:109} INFO - [2022-01-28 21:56:14,652] {example_python_operator.py:67} WARNING - The virtalenv_python example task requires virtualenv, please install it.
[2022-01-28 21:56:14,690] {processor.py:654} INFO - DAG(s) dict_keys(['example_python_operator']) retrieved from /home/data-eginner/Documents/Soccer_Data/env/lib/python3.8/site-packages/airflow/example_dags/example_python_operator.py
[2022-01-28 21:56:14,742] {logging_mixin.py:109} INFO - [2022-01-28 21:56:14,742] {dag.py:2396} INFO - Sync 1 DAGs
[2022-01-28 21:56:14,806] {logging_mixin.py:109} INFO - [2022-01-28 21:56:14,806] {dag.py:2935} INFO - Setting next_dagrun for example_python_operator to None
[2022-01-28 21:56:14,856] {processor.py:171} INFO - Processing /home/data-eginner/Documents/Soccer_Data/env/lib/python3.8/site-packages/airflow/example_dags/example_python_operator.py took 0.267 seconds
[2022-01-28 21:57:03,022] {processor.py:163} INFO - Started process (PID=25233) to work on /home/data-eginner/Documents/Soccer_Data/env/lib/python3.8/site-packages/airflow/example_dags/example_python_operator.py
[2022-01-28 21:57:03,036] {processor.py:642} INFO - Processing file /home/data-eginner/Documents/Soccer_Data/env/lib/python3.8/site-packages/airflow/example_dags/example_python_operator.py for tasks to queue
[2022-01-28 21:57:03,037] {logging_mixin.py:109} INFO - [2022-01-28 21:57:03,037] {dagbag.py:500} INFO - Filling up the DagBag from /home/data-eginner/Documents/Soccer_Data/env/lib/python3.8/site-packages/airflow/example_dags/example_python_operator.py
[2022-01-28 21:57:03,060] {logging_mixin.py:109} INFO - [2022-01-28 21:57:03,060] {example_python_operator.py:67} WARNING - The virtalenv_python example task requires virtualenv, please install it.
[2022-01-28 21:57:03,082] {processor.py:654} INFO - DAG(s) dict_keys(['example_python_operator']) retrieved from /home/data-eginner/Documents/Soccer_Data/env/lib/python3.8/site-packages/airflow/example_dags/example_python_operator.py
[2022-01-28 21:57:03,102] {logging_mixin.py:109} INFO - [2022-01-28 21:57:03,102] {dag.py:2396} INFO - Sync 1 DAGs
[2022-01-28 21:57:03,140] {logging_mixin.py:109} INFO - [2022-01-28 21:57:03,140] {dag.py:2935} INFO - Setting next_dagrun for example_python_operator to None
[2022-01-28 21:57:03,182] {processor.py:171} INFO - Processing /home/data-eginner/Documents/Soccer_Data/env/lib/python3.8/site-packages/airflow/example_dags/example_python_operator.py took 0.178 seconds
[2022-01-28 21:57:44,900] {processor.py:163} INFO - Started process (PID=25392) to work on /home/data-eginner/Documents/Soccer_Data/env/lib/python3.8/site-packages/airflow/example_dags/example_python_operator.py
[2022-01-28 21:57:44,968] {processor.py:642} INFO - Processing file /home/data-eginner/Documents/Soccer_Data/env/lib/python3.8/site-packages/airflow/example_dags/example_python_operator.py for tasks to queue
[2022-01-28 21:57:44,970] {logging_mixin.py:109} INFO - [2022-01-28 21:57:44,970] {dagbag.py:500} INFO - Filling up the DagBag from /home/data-eginner/Documents/Soccer_Data/env/lib/python3.8/site-packages/airflow/example_dags/example_python_operator.py
[2022-01-28 21:57:44,984] {logging_mixin.py:109} INFO - [2022-01-28 21:57:44,984] {example_python_operator.py:67} WARNING - The virtalenv_python example task requires virtualenv, please install it.
[2022-01-28 21:57:45,001] {processor.py:654} INFO - DAG(s) dict_keys(['example_python_operator']) retrieved from /home/data-eginner/Documents/Soccer_Data/env/lib/python3.8/site-packages/airflow/example_dags/example_python_operator.py
[2022-01-28 21:57:45,013] {logging_mixin.py:109} INFO - [2022-01-28 21:57:45,013] {dag.py:2396} INFO - Sync 1 DAGs
[2022-01-28 21:57:45,029] {logging_mixin.py:109} INFO - [2022-01-28 21:57:45,029] {dag.py:2935} INFO - Setting next_dagrun for example_python_operator to None
[2022-01-28 21:57:45,047] {processor.py:171} INFO - Processing /home/data-eginner/Documents/Soccer_Data/env/lib/python3.8/site-packages/airflow/example_dags/example_python_operator.py took 0.149 seconds
[2022-01-28 21:58:23,237] {processor.py:163} INFO - Started process (PID=25553) to work on /home/data-eginner/Documents/Soccer_Data/env/lib/python3.8/site-packages/airflow/example_dags/example_python_operator.py
[2022-01-28 21:58:23,243] {processor.py:642} INFO - Processing file /home/data-eginner/Documents/Soccer_Data/env/lib/python3.8/site-packages/airflow/example_dags/example_python_operator.py for tasks to queue
[2022-01-28 21:58:23,244] {logging_mixin.py:109} INFO - [2022-01-28 21:58:23,244] {dagbag.py:500} INFO - Filling up the DagBag from /home/data-eginner/Documents/Soccer_Data/env/lib/python3.8/site-packages/airflow/example_dags/example_python_operator.py
[2022-01-28 21:58:23,272] {logging_mixin.py:109} INFO - [2022-01-28 21:58:23,272] {example_python_operator.py:67} WARNING - The virtalenv_python example task requires virtualenv, please install it.
[2022-01-28 21:58:23,306] {processor.py:654} INFO - DAG(s) dict_keys(['example_python_operator']) retrieved from /home/data-eginner/Documents/Soccer_Data/env/lib/python3.8/site-packages/airflow/example_dags/example_python_operator.py
[2022-01-28 21:58:23,319] {logging_mixin.py:109} INFO - [2022-01-28 21:58:23,319] {dag.py:2396} INFO - Sync 1 DAGs
[2022-01-28 21:58:23,341] {logging_mixin.py:109} INFO - [2022-01-28 21:58:23,341] {dag.py:2935} INFO - Setting next_dagrun for example_python_operator to None
[2022-01-28 21:58:23,372] {processor.py:171} INFO - Processing /home/data-eginner/Documents/Soccer_Data/env/lib/python3.8/site-packages/airflow/example_dags/example_python_operator.py took 0.141 seconds
[2022-01-28 21:59:12,556] {processor.py:163} INFO - Started process (PID=25731) to work on /home/data-eginner/Documents/Soccer_Data/env/lib/python3.8/site-packages/airflow/example_dags/example_python_operator.py
[2022-01-28 21:59:12,558] {processor.py:642} INFO - Processing file /home/data-eginner/Documents/Soccer_Data/env/lib/python3.8/site-packages/airflow/example_dags/example_python_operator.py for tasks to queue
[2022-01-28 21:59:12,558] {logging_mixin.py:109} INFO - [2022-01-28 21:59:12,558] {dagbag.py:500} INFO - Filling up the DagBag from /home/data-eginner/Documents/Soccer_Data/env/lib/python3.8/site-packages/airflow/example_dags/example_python_operator.py
[2022-01-28 21:59:12,582] {logging_mixin.py:109} INFO - [2022-01-28 21:59:12,582] {example_python_operator.py:67} WARNING - The virtalenv_python example task requires virtualenv, please install it.
[2022-01-28 21:59:12,650] {processor.py:654} INFO - DAG(s) dict_keys(['example_python_operator']) retrieved from /home/data-eginner/Documents/Soccer_Data/env/lib/python3.8/site-packages/airflow/example_dags/example_python_operator.py
[2022-01-28 21:59:12,679] {logging_mixin.py:109} INFO - [2022-01-28 21:59:12,679] {dag.py:2396} INFO - Sync 1 DAGs
[2022-01-28 21:59:12,726] {logging_mixin.py:109} INFO - [2022-01-28 21:59:12,726] {dag.py:2935} INFO - Setting next_dagrun for example_python_operator to None
[2022-01-28 21:59:12,762] {processor.py:171} INFO - Processing /home/data-eginner/Documents/Soccer_Data/env/lib/python3.8/site-packages/airflow/example_dags/example_python_operator.py took 0.227 seconds
[2022-01-28 21:59:52,499] {processor.py:163} INFO - Started process (PID=25887) to work on /home/data-eginner/Documents/Soccer_Data/env/lib/python3.8/site-packages/airflow/example_dags/example_python_operator.py
[2022-01-28 21:59:52,502] {processor.py:642} INFO - Processing file /home/data-eginner/Documents/Soccer_Data/env/lib/python3.8/site-packages/airflow/example_dags/example_python_operator.py for tasks to queue
[2022-01-28 21:59:52,503] {logging_mixin.py:109} INFO - [2022-01-28 21:59:52,503] {dagbag.py:500} INFO - Filling up the DagBag from /home/data-eginner/Documents/Soccer_Data/env/lib/python3.8/site-packages/airflow/example_dags/example_python_operator.py
[2022-01-28 21:59:52,518] {logging_mixin.py:109} INFO - [2022-01-28 21:59:52,518] {example_python_operator.py:67} WARNING - The virtalenv_python example task requires virtualenv, please install it.
[2022-01-28 21:59:52,531] {processor.py:654} INFO - DAG(s) dict_keys(['example_python_operator']) retrieved from /home/data-eginner/Documents/Soccer_Data/env/lib/python3.8/site-packages/airflow/example_dags/example_python_operator.py
[2022-01-28 21:59:52,542] {logging_mixin.py:109} INFO - [2022-01-28 21:59:52,542] {dag.py:2396} INFO - Sync 1 DAGs
[2022-01-28 21:59:52,556] {logging_mixin.py:109} INFO - [2022-01-28 21:59:52,556] {dag.py:2935} INFO - Setting next_dagrun for example_python_operator to None
[2022-01-28 21:59:52,574] {processor.py:171} INFO - Processing /home/data-eginner/Documents/Soccer_Data/env/lib/python3.8/site-packages/airflow/example_dags/example_python_operator.py took 0.077 seconds
[2022-01-28 22:00:35,280] {processor.py:163} INFO - Started process (PID=26058) to work on /home/data-eginner/Documents/Soccer_Data/env/lib/python3.8/site-packages/airflow/example_dags/example_python_operator.py
[2022-01-28 22:00:35,301] {processor.py:642} INFO - Processing file /home/data-eginner/Documents/Soccer_Data/env/lib/python3.8/site-packages/airflow/example_dags/example_python_operator.py for tasks to queue
[2022-01-28 22:00:35,302] {logging_mixin.py:109} INFO - [2022-01-28 22:00:35,302] {dagbag.py:500} INFO - Filling up the DagBag from /home/data-eginner/Documents/Soccer_Data/env/lib/python3.8/site-packages/airflow/example_dags/example_python_operator.py
[2022-01-28 22:00:35,314] {logging_mixin.py:109} INFO - [2022-01-28 22:00:35,313] {example_python_operator.py:67} WARNING - The virtalenv_python example task requires virtualenv, please install it.
[2022-01-28 22:00:35,326] {processor.py:654} INFO - DAG(s) dict_keys(['example_python_operator']) retrieved from /home/data-eginner/Documents/Soccer_Data/env/lib/python3.8/site-packages/airflow/example_dags/example_python_operator.py
[2022-01-28 22:00:35,336] {logging_mixin.py:109} INFO - [2022-01-28 22:00:35,336] {dag.py:2396} INFO - Sync 1 DAGs
[2022-01-28 22:00:35,348] {logging_mixin.py:109} INFO - [2022-01-28 22:00:35,348] {dag.py:2935} INFO - Setting next_dagrun for example_python_operator to None
[2022-01-28 22:00:35,365] {processor.py:171} INFO - Processing /home/data-eginner/Documents/Soccer_Data/env/lib/python3.8/site-packages/airflow/example_dags/example_python_operator.py took 0.088 seconds
[2022-01-28 22:01:21,455] {processor.py:163} INFO - Started process (PID=26244) to work on /home/data-eginner/Documents/Soccer_Data/env/lib/python3.8/site-packages/airflow/example_dags/example_python_operator.py
[2022-01-28 22:01:21,467] {processor.py:642} INFO - Processing file /home/data-eginner/Documents/Soccer_Data/env/lib/python3.8/site-packages/airflow/example_dags/example_python_operator.py for tasks to queue
[2022-01-28 22:01:21,467] {logging_mixin.py:109} INFO - [2022-01-28 22:01:21,467] {dagbag.py:500} INFO - Filling up the DagBag from /home/data-eginner/Documents/Soccer_Data/env/lib/python3.8/site-packages/airflow/example_dags/example_python_operator.py
[2022-01-28 22:01:21,491] {logging_mixin.py:109} INFO - [2022-01-28 22:01:21,491] {example_python_operator.py:67} WARNING - The virtalenv_python example task requires virtualenv, please install it.
[2022-01-28 22:01:21,520] {processor.py:654} INFO - DAG(s) dict_keys(['example_python_operator']) retrieved from /home/data-eginner/Documents/Soccer_Data/env/lib/python3.8/site-packages/airflow/example_dags/example_python_operator.py
[2022-01-28 22:01:21,540] {logging_mixin.py:109} INFO - [2022-01-28 22:01:21,540] {dag.py:2396} INFO - Sync 1 DAGs
[2022-01-28 22:01:21,554] {logging_mixin.py:109} INFO - [2022-01-28 22:01:21,553] {dag.py:2935} INFO - Setting next_dagrun for example_python_operator to None
[2022-01-28 22:01:21,581] {processor.py:171} INFO - Processing /home/data-eginner/Documents/Soccer_Data/env/lib/python3.8/site-packages/airflow/example_dags/example_python_operator.py took 0.144 seconds
[2022-01-28 22:04:21,288] {processor.py:163} INFO - Started process (PID=26577) to work on /home/data-eginner/Documents/Soccer_Data/env/lib/python3.8/site-packages/airflow/example_dags/example_python_operator.py
[2022-01-28 22:04:21,302] {processor.py:642} INFO - Processing file /home/data-eginner/Documents/Soccer_Data/env/lib/python3.8/site-packages/airflow/example_dags/example_python_operator.py for tasks to queue
[2022-01-28 22:04:21,303] {logging_mixin.py:109} INFO - [2022-01-28 22:04:21,303] {dagbag.py:500} INFO - Filling up the DagBag from /home/data-eginner/Documents/Soccer_Data/env/lib/python3.8/site-packages/airflow/example_dags/example_python_operator.py
[2022-01-28 22:04:21,321] {logging_mixin.py:109} INFO - [2022-01-28 22:04:21,321] {example_python_operator.py:67} WARNING - The virtalenv_python example task requires virtualenv, please install it.
[2022-01-28 22:04:21,334] {processor.py:654} INFO - DAG(s) dict_keys(['example_python_operator']) retrieved from /home/data-eginner/Documents/Soccer_Data/env/lib/python3.8/site-packages/airflow/example_dags/example_python_operator.py
[2022-01-28 22:04:21,342] {logging_mixin.py:109} INFO - [2022-01-28 22:04:21,342] {dag.py:2396} INFO - Sync 1 DAGs
[2022-01-28 22:04:21,352] {logging_mixin.py:109} INFO - [2022-01-28 22:04:21,352] {dag.py:2935} INFO - Setting next_dagrun for example_python_operator to None
[2022-01-28 22:04:21,370] {processor.py:171} INFO - Processing /home/data-eginner/Documents/Soccer_Data/env/lib/python3.8/site-packages/airflow/example_dags/example_python_operator.py took 0.084 seconds
[2022-01-28 22:05:04,823] {processor.py:163} INFO - Started process (PID=26746) to work on /home/data-eginner/Documents/Soccer_Data/env/lib/python3.8/site-packages/airflow/example_dags/example_python_operator.py
[2022-01-28 22:05:04,842] {processor.py:642} INFO - Processing file /home/data-eginner/Documents/Soccer_Data/env/lib/python3.8/site-packages/airflow/example_dags/example_python_operator.py for tasks to queue
[2022-01-28 22:05:04,843] {logging_mixin.py:109} INFO - [2022-01-28 22:05:04,843] {dagbag.py:500} INFO - Filling up the DagBag from /home/data-eginner/Documents/Soccer_Data/env/lib/python3.8/site-packages/airflow/example_dags/example_python_operator.py
[2022-01-28 22:05:04,875] {logging_mixin.py:109} INFO - [2022-01-28 22:05:04,875] {example_python_operator.py:67} WARNING - The virtalenv_python example task requires virtualenv, please install it.
[2022-01-28 22:05:04,942] {processor.py:654} INFO - DAG(s) dict_keys(['example_python_operator']) retrieved from /home/data-eginner/Documents/Soccer_Data/env/lib/python3.8/site-packages/airflow/example_dags/example_python_operator.py
[2022-01-28 22:05:04,950] {logging_mixin.py:109} INFO - [2022-01-28 22:05:04,950] {dag.py:2396} INFO - Sync 1 DAGs
[2022-01-28 22:05:05,005] {logging_mixin.py:109} INFO - [2022-01-28 22:05:05,005] {dag.py:2935} INFO - Setting next_dagrun for example_python_operator to None
[2022-01-28 22:05:05,049] {processor.py:171} INFO - Processing /home/data-eginner/Documents/Soccer_Data/env/lib/python3.8/site-packages/airflow/example_dags/example_python_operator.py took 0.228 seconds
[2022-01-28 22:05:47,409] {processor.py:163} INFO - Started process (PID=26910) to work on /home/data-eginner/Documents/Soccer_Data/env/lib/python3.8/site-packages/airflow/example_dags/example_python_operator.py
[2022-01-28 22:05:47,411] {processor.py:642} INFO - Processing file /home/data-eginner/Documents/Soccer_Data/env/lib/python3.8/site-packages/airflow/example_dags/example_python_operator.py for tasks to queue
[2022-01-28 22:05:47,411] {logging_mixin.py:109} INFO - [2022-01-28 22:05:47,411] {dagbag.py:500} INFO - Filling up the DagBag from /home/data-eginner/Documents/Soccer_Data/env/lib/python3.8/site-packages/airflow/example_dags/example_python_operator.py
[2022-01-28 22:05:47,423] {logging_mixin.py:109} INFO - [2022-01-28 22:05:47,423] {example_python_operator.py:67} WARNING - The virtalenv_python example task requires virtualenv, please install it.
[2022-01-28 22:05:47,438] {processor.py:654} INFO - DAG(s) dict_keys(['example_python_operator']) retrieved from /home/data-eginner/Documents/Soccer_Data/env/lib/python3.8/site-packages/airflow/example_dags/example_python_operator.py
[2022-01-28 22:05:47,454] {logging_mixin.py:109} INFO - [2022-01-28 22:05:47,454] {dag.py:2396} INFO - Sync 1 DAGs
[2022-01-28 22:05:47,466] {logging_mixin.py:109} INFO - [2022-01-28 22:05:47,465] {dag.py:2935} INFO - Setting next_dagrun for example_python_operator to None
[2022-01-28 22:05:47,485] {processor.py:171} INFO - Processing /home/data-eginner/Documents/Soccer_Data/env/lib/python3.8/site-packages/airflow/example_dags/example_python_operator.py took 0.079 seconds
[2022-01-28 22:06:25,772] {processor.py:163} INFO - Started process (PID=27069) to work on /home/data-eginner/Documents/Soccer_Data/env/lib/python3.8/site-packages/airflow/example_dags/example_python_operator.py
[2022-01-28 22:06:25,779] {processor.py:642} INFO - Processing file /home/data-eginner/Documents/Soccer_Data/env/lib/python3.8/site-packages/airflow/example_dags/example_python_operator.py for tasks to queue
[2022-01-28 22:06:25,780] {logging_mixin.py:109} INFO - [2022-01-28 22:06:25,780] {dagbag.py:500} INFO - Filling up the DagBag from /home/data-eginner/Documents/Soccer_Data/env/lib/python3.8/site-packages/airflow/example_dags/example_python_operator.py
[2022-01-28 22:06:25,793] {logging_mixin.py:109} INFO - [2022-01-28 22:06:25,793] {example_python_operator.py:67} WARNING - The virtalenv_python example task requires virtualenv, please install it.
[2022-01-28 22:06:25,806] {processor.py:654} INFO - DAG(s) dict_keys(['example_python_operator']) retrieved from /home/data-eginner/Documents/Soccer_Data/env/lib/python3.8/site-packages/airflow/example_dags/example_python_operator.py
[2022-01-28 22:06:25,816] {logging_mixin.py:109} INFO - [2022-01-28 22:06:25,816] {dag.py:2396} INFO - Sync 1 DAGs
[2022-01-28 22:06:25,826] {logging_mixin.py:109} INFO - [2022-01-28 22:06:25,826] {dag.py:2935} INFO - Setting next_dagrun for example_python_operator to None
[2022-01-28 22:06:25,841] {processor.py:171} INFO - Processing /home/data-eginner/Documents/Soccer_Data/env/lib/python3.8/site-packages/airflow/example_dags/example_python_operator.py took 0.072 seconds
[2022-01-28 22:07:12,927] {processor.py:163} INFO - Started process (PID=27266) to work on /home/data-eginner/Documents/Soccer_Data/env/lib/python3.8/site-packages/airflow/example_dags/example_python_operator.py
[2022-01-28 22:07:12,946] {processor.py:642} INFO - Processing file /home/data-eginner/Documents/Soccer_Data/env/lib/python3.8/site-packages/airflow/example_dags/example_python_operator.py for tasks to queue
[2022-01-28 22:07:12,946] {logging_mixin.py:109} INFO - [2022-01-28 22:07:12,946] {dagbag.py:500} INFO - Filling up the DagBag from /home/data-eginner/Documents/Soccer_Data/env/lib/python3.8/site-packages/airflow/example_dags/example_python_operator.py
[2022-01-28 22:07:12,975] {logging_mixin.py:109} INFO - [2022-01-28 22:07:12,975] {example_python_operator.py:67} WARNING - The virtalenv_python example task requires virtualenv, please install it.
[2022-01-28 22:07:13,023] {processor.py:654} INFO - DAG(s) dict_keys(['example_python_operator']) retrieved from /home/data-eginner/Documents/Soccer_Data/env/lib/python3.8/site-packages/airflow/example_dags/example_python_operator.py
[2022-01-28 22:07:13,070] {logging_mixin.py:109} INFO - [2022-01-28 22:07:13,070] {dag.py:2396} INFO - Sync 1 DAGs
[2022-01-28 22:07:13,080] {logging_mixin.py:109} INFO - [2022-01-28 22:07:13,080] {dag.py:2935} INFO - Setting next_dagrun for example_python_operator to None
[2022-01-28 22:07:13,142] {processor.py:171} INFO - Processing /home/data-eginner/Documents/Soccer_Data/env/lib/python3.8/site-packages/airflow/example_dags/example_python_operator.py took 0.230 seconds
[2022-01-28 22:08:11,997] {processor.py:163} INFO - Started process (PID=27494) to work on /home/data-eginner/Documents/Soccer_Data/env/lib/python3.8/site-packages/airflow/example_dags/example_python_operator.py
[2022-01-28 22:08:12,075] {processor.py:642} INFO - Processing file /home/data-eginner/Documents/Soccer_Data/env/lib/python3.8/site-packages/airflow/example_dags/example_python_operator.py for tasks to queue
[2022-01-28 22:08:12,076] {logging_mixin.py:109} INFO - [2022-01-28 22:08:12,076] {dagbag.py:500} INFO - Filling up the DagBag from /home/data-eginner/Documents/Soccer_Data/env/lib/python3.8/site-packages/airflow/example_dags/example_python_operator.py
[2022-01-28 22:08:12,098] {logging_mixin.py:109} INFO - [2022-01-28 22:08:12,098] {example_python_operator.py:67} WARNING - The virtalenv_python example task requires virtualenv, please install it.
[2022-01-28 22:08:12,113] {processor.py:654} INFO - DAG(s) dict_keys(['example_python_operator']) retrieved from /home/data-eginner/Documents/Soccer_Data/env/lib/python3.8/site-packages/airflow/example_dags/example_python_operator.py
[2022-01-28 22:08:12,130] {logging_mixin.py:109} INFO - [2022-01-28 22:08:12,130] {dag.py:2396} INFO - Sync 1 DAGs
[2022-01-28 22:08:12,145] {logging_mixin.py:109} INFO - [2022-01-28 22:08:12,145] {dag.py:2935} INFO - Setting next_dagrun for example_python_operator to None
[2022-01-28 22:08:12,161] {processor.py:171} INFO - Processing /home/data-eginner/Documents/Soccer_Data/env/lib/python3.8/site-packages/airflow/example_dags/example_python_operator.py took 0.166 seconds
[2022-01-28 22:09:02,539] {processor.py:163} INFO - Started process (PID=27696) to work on /home/data-eginner/Documents/Soccer_Data/env/lib/python3.8/site-packages/airflow/example_dags/example_python_operator.py
[2022-01-28 22:09:02,557] {processor.py:642} INFO - Processing file /home/data-eginner/Documents/Soccer_Data/env/lib/python3.8/site-packages/airflow/example_dags/example_python_operator.py for tasks to queue
[2022-01-28 22:09:02,558] {logging_mixin.py:109} INFO - [2022-01-28 22:09:02,558] {dagbag.py:500} INFO - Filling up the DagBag from /home/data-eginner/Documents/Soccer_Data/env/lib/python3.8/site-packages/airflow/example_dags/example_python_operator.py
[2022-01-28 22:09:02,594] {logging_mixin.py:109} INFO - [2022-01-28 22:09:02,594] {example_python_operator.py:67} WARNING - The virtalenv_python example task requires virtualenv, please install it.
[2022-01-28 22:09:02,645] {processor.py:654} INFO - DAG(s) dict_keys(['example_python_operator']) retrieved from /home/data-eginner/Documents/Soccer_Data/env/lib/python3.8/site-packages/airflow/example_dags/example_python_operator.py
[2022-01-28 22:09:02,684] {logging_mixin.py:109} INFO - [2022-01-28 22:09:02,684] {dag.py:2396} INFO - Sync 1 DAGs
[2022-01-28 22:09:02,752] {logging_mixin.py:109} INFO - [2022-01-28 22:09:02,752] {dag.py:2935} INFO - Setting next_dagrun for example_python_operator to None
[2022-01-28 22:09:02,791] {processor.py:171} INFO - Processing /home/data-eginner/Documents/Soccer_Data/env/lib/python3.8/site-packages/airflow/example_dags/example_python_operator.py took 0.258 seconds
[2022-01-28 22:09:45,822] {processor.py:163} INFO - Started process (PID=27871) to work on /home/data-eginner/Documents/Soccer_Data/env/lib/python3.8/site-packages/airflow/example_dags/example_python_operator.py
[2022-01-28 22:09:45,840] {processor.py:642} INFO - Processing file /home/data-eginner/Documents/Soccer_Data/env/lib/python3.8/site-packages/airflow/example_dags/example_python_operator.py for tasks to queue
[2022-01-28 22:09:45,844] {logging_mixin.py:109} INFO - [2022-01-28 22:09:45,843] {dagbag.py:500} INFO - Filling up the DagBag from /home/data-eginner/Documents/Soccer_Data/env/lib/python3.8/site-packages/airflow/example_dags/example_python_operator.py
[2022-01-28 22:09:45,860] {logging_mixin.py:109} INFO - [2022-01-28 22:09:45,860] {example_python_operator.py:67} WARNING - The virtalenv_python example task requires virtualenv, please install it.
[2022-01-28 22:09:45,893] {processor.py:654} INFO - DAG(s) dict_keys(['example_python_operator']) retrieved from /home/data-eginner/Documents/Soccer_Data/env/lib/python3.8/site-packages/airflow/example_dags/example_python_operator.py
[2022-01-28 22:09:45,914] {logging_mixin.py:109} INFO - [2022-01-28 22:09:45,914] {dag.py:2396} INFO - Sync 1 DAGs
[2022-01-28 22:09:45,929] {logging_mixin.py:109} INFO - [2022-01-28 22:09:45,929] {dag.py:2935} INFO - Setting next_dagrun for example_python_operator to None
[2022-01-28 22:09:45,945] {processor.py:171} INFO - Processing /home/data-eginner/Documents/Soccer_Data/env/lib/python3.8/site-packages/airflow/example_dags/example_python_operator.py took 0.131 seconds
[2022-01-28 22:10:33,674] {processor.py:163} INFO - Started process (PID=28070) to work on /home/data-eginner/Documents/Soccer_Data/env/lib/python3.8/site-packages/airflow/example_dags/example_python_operator.py
[2022-01-28 22:10:33,676] {processor.py:642} INFO - Processing file /home/data-eginner/Documents/Soccer_Data/env/lib/python3.8/site-packages/airflow/example_dags/example_python_operator.py for tasks to queue
[2022-01-28 22:10:33,677] {logging_mixin.py:109} INFO - [2022-01-28 22:10:33,677] {dagbag.py:500} INFO - Filling up the DagBag from /home/data-eginner/Documents/Soccer_Data/env/lib/python3.8/site-packages/airflow/example_dags/example_python_operator.py
[2022-01-28 22:10:33,717] {logging_mixin.py:109} INFO - [2022-01-28 22:10:33,717] {example_python_operator.py:67} WARNING - The virtalenv_python example task requires virtualenv, please install it.
[2022-01-28 22:10:33,727] {processor.py:654} INFO - DAG(s) dict_keys(['example_python_operator']) retrieved from /home/data-eginner/Documents/Soccer_Data/env/lib/python3.8/site-packages/airflow/example_dags/example_python_operator.py
[2022-01-28 22:10:33,746] {logging_mixin.py:109} INFO - [2022-01-28 22:10:33,746] {dag.py:2396} INFO - Sync 1 DAGs
[2022-01-28 22:10:33,769] {logging_mixin.py:109} INFO - [2022-01-28 22:10:33,769] {dag.py:2935} INFO - Setting next_dagrun for example_python_operator to None
[2022-01-28 22:10:33,798] {processor.py:171} INFO - Processing /home/data-eginner/Documents/Soccer_Data/env/lib/python3.8/site-packages/airflow/example_dags/example_python_operator.py took 0.137 seconds
[2022-01-28 22:11:17,284] {processor.py:163} INFO - Started process (PID=28260) to work on /home/data-eginner/Documents/Soccer_Data/env/lib/python3.8/site-packages/airflow/example_dags/example_python_operator.py
[2022-01-28 22:11:17,304] {processor.py:642} INFO - Processing file /home/data-eginner/Documents/Soccer_Data/env/lib/python3.8/site-packages/airflow/example_dags/example_python_operator.py for tasks to queue
[2022-01-28 22:11:17,305] {logging_mixin.py:109} INFO - [2022-01-28 22:11:17,305] {dagbag.py:500} INFO - Filling up the DagBag from /home/data-eginner/Documents/Soccer_Data/env/lib/python3.8/site-packages/airflow/example_dags/example_python_operator.py
[2022-01-28 22:11:17,326] {logging_mixin.py:109} INFO - [2022-01-28 22:11:17,326] {example_python_operator.py:67} WARNING - The virtalenv_python example task requires virtualenv, please install it.
[2022-01-28 22:11:17,338] {processor.py:654} INFO - DAG(s) dict_keys(['example_python_operator']) retrieved from /home/data-eginner/Documents/Soccer_Data/env/lib/python3.8/site-packages/airflow/example_dags/example_python_operator.py
[2022-01-28 22:11:17,359] {logging_mixin.py:109} INFO - [2022-01-28 22:11:17,359] {dag.py:2396} INFO - Sync 1 DAGs
[2022-01-28 22:11:17,372] {logging_mixin.py:109} INFO - [2022-01-28 22:11:17,372] {dag.py:2935} INFO - Setting next_dagrun for example_python_operator to None
[2022-01-28 22:11:17,389] {processor.py:171} INFO - Processing /home/data-eginner/Documents/Soccer_Data/env/lib/python3.8/site-packages/airflow/example_dags/example_python_operator.py took 0.118 seconds
[2022-01-28 22:11:52,567] {processor.py:163} INFO - Started process (PID=28413) to work on /home/data-eginner/Documents/Soccer_Data/env/lib/python3.8/site-packages/airflow/example_dags/example_python_operator.py
[2022-01-28 22:11:52,583] {processor.py:642} INFO - Processing file /home/data-eginner/Documents/Soccer_Data/env/lib/python3.8/site-packages/airflow/example_dags/example_python_operator.py for tasks to queue
[2022-01-28 22:11:52,584] {logging_mixin.py:109} INFO - [2022-01-28 22:11:52,584] {dagbag.py:500} INFO - Filling up the DagBag from /home/data-eginner/Documents/Soccer_Data/env/lib/python3.8/site-packages/airflow/example_dags/example_python_operator.py
[2022-01-28 22:11:52,595] {logging_mixin.py:109} INFO - [2022-01-28 22:11:52,595] {example_python_operator.py:67} WARNING - The virtalenv_python example task requires virtualenv, please install it.
[2022-01-28 22:11:52,607] {processor.py:654} INFO - DAG(s) dict_keys(['example_python_operator']) retrieved from /home/data-eginner/Documents/Soccer_Data/env/lib/python3.8/site-packages/airflow/example_dags/example_python_operator.py
[2022-01-28 22:11:52,616] {logging_mixin.py:109} INFO - [2022-01-28 22:11:52,616] {dag.py:2396} INFO - Sync 1 DAGs
[2022-01-28 22:11:52,629] {logging_mixin.py:109} INFO - [2022-01-28 22:11:52,629] {dag.py:2935} INFO - Setting next_dagrun for example_python_operator to None
[2022-01-28 22:11:52,645] {processor.py:171} INFO - Processing /home/data-eginner/Documents/Soccer_Data/env/lib/python3.8/site-packages/airflow/example_dags/example_python_operator.py took 0.083 seconds
[2022-01-28 22:12:39,042] {processor.py:163} INFO - Started process (PID=28600) to work on /home/data-eginner/Documents/Soccer_Data/env/lib/python3.8/site-packages/airflow/example_dags/example_python_operator.py
[2022-01-28 22:12:39,057] {processor.py:642} INFO - Processing file /home/data-eginner/Documents/Soccer_Data/env/lib/python3.8/site-packages/airflow/example_dags/example_python_operator.py for tasks to queue
[2022-01-28 22:12:39,057] {logging_mixin.py:109} INFO - [2022-01-28 22:12:39,057] {dagbag.py:500} INFO - Filling up the DagBag from /home/data-eginner/Documents/Soccer_Data/env/lib/python3.8/site-packages/airflow/example_dags/example_python_operator.py
[2022-01-28 22:12:39,072] {logging_mixin.py:109} INFO - [2022-01-28 22:12:39,072] {example_python_operator.py:67} WARNING - The virtalenv_python example task requires virtualenv, please install it.
[2022-01-28 22:12:39,083] {processor.py:654} INFO - DAG(s) dict_keys(['example_python_operator']) retrieved from /home/data-eginner/Documents/Soccer_Data/env/lib/python3.8/site-packages/airflow/example_dags/example_python_operator.py
[2022-01-28 22:12:39,104] {logging_mixin.py:109} INFO - [2022-01-28 22:12:39,104] {dag.py:2396} INFO - Sync 1 DAGs
[2022-01-28 22:12:39,139] {logging_mixin.py:109} INFO - [2022-01-28 22:12:39,138] {dag.py:2935} INFO - Setting next_dagrun for example_python_operator to None
[2022-01-28 22:12:39,177] {processor.py:171} INFO - Processing /home/data-eginner/Documents/Soccer_Data/env/lib/python3.8/site-packages/airflow/example_dags/example_python_operator.py took 0.138 seconds
[2022-01-28 22:13:18,595] {processor.py:163} INFO - Started process (PID=28754) to work on /home/data-eginner/Documents/Soccer_Data/env/lib/python3.8/site-packages/airflow/example_dags/example_python_operator.py
[2022-01-28 22:13:18,607] {processor.py:642} INFO - Processing file /home/data-eginner/Documents/Soccer_Data/env/lib/python3.8/site-packages/airflow/example_dags/example_python_operator.py for tasks to queue
[2022-01-28 22:13:18,607] {logging_mixin.py:109} INFO - [2022-01-28 22:13:18,607] {dagbag.py:500} INFO - Filling up the DagBag from /home/data-eginner/Documents/Soccer_Data/env/lib/python3.8/site-packages/airflow/example_dags/example_python_operator.py
[2022-01-28 22:13:18,623] {logging_mixin.py:109} INFO - [2022-01-28 22:13:18,623] {example_python_operator.py:67} WARNING - The virtalenv_python example task requires virtualenv, please install it.
[2022-01-28 22:13:18,639] {processor.py:654} INFO - DAG(s) dict_keys(['example_python_operator']) retrieved from /home/data-eginner/Documents/Soccer_Data/env/lib/python3.8/site-packages/airflow/example_dags/example_python_operator.py
[2022-01-28 22:13:18,653] {logging_mixin.py:109} INFO - [2022-01-28 22:13:18,653] {dag.py:2396} INFO - Sync 1 DAGs
[2022-01-28 22:13:18,664] {logging_mixin.py:109} INFO - [2022-01-28 22:13:18,664] {dag.py:2935} INFO - Setting next_dagrun for example_python_operator to None
[2022-01-28 22:13:18,687] {processor.py:171} INFO - Processing /home/data-eginner/Documents/Soccer_Data/env/lib/python3.8/site-packages/airflow/example_dags/example_python_operator.py took 0.095 seconds
[2022-01-28 22:14:04,558] {processor.py:163} INFO - Started process (PID=28945) to work on /home/data-eginner/Documents/Soccer_Data/env/lib/python3.8/site-packages/airflow/example_dags/example_python_operator.py
[2022-01-28 22:14:04,573] {processor.py:642} INFO - Processing file /home/data-eginner/Documents/Soccer_Data/env/lib/python3.8/site-packages/airflow/example_dags/example_python_operator.py for tasks to queue
[2022-01-28 22:14:04,573] {logging_mixin.py:109} INFO - [2022-01-28 22:14:04,573] {dagbag.py:500} INFO - Filling up the DagBag from /home/data-eginner/Documents/Soccer_Data/env/lib/python3.8/site-packages/airflow/example_dags/example_python_operator.py
[2022-01-28 22:14:04,623] {logging_mixin.py:109} INFO - [2022-01-28 22:14:04,623] {example_python_operator.py:67} WARNING - The virtalenv_python example task requires virtualenv, please install it.
[2022-01-28 22:14:04,645] {processor.py:654} INFO - DAG(s) dict_keys(['example_python_operator']) retrieved from /home/data-eginner/Documents/Soccer_Data/env/lib/python3.8/site-packages/airflow/example_dags/example_python_operator.py
[2022-01-28 22:14:04,676] {logging_mixin.py:109} INFO - [2022-01-28 22:14:04,676] {dag.py:2396} INFO - Sync 1 DAGs
[2022-01-28 22:14:04,709] {logging_mixin.py:109} INFO - [2022-01-28 22:14:04,708] {dag.py:2935} INFO - Setting next_dagrun for example_python_operator to None
[2022-01-28 22:14:04,775] {processor.py:171} INFO - Processing /home/data-eginner/Documents/Soccer_Data/env/lib/python3.8/site-packages/airflow/example_dags/example_python_operator.py took 0.220 seconds
[2022-01-28 22:14:50,367] {processor.py:163} INFO - Started process (PID=29120) to work on /home/data-eginner/Documents/Soccer_Data/env/lib/python3.8/site-packages/airflow/example_dags/example_python_operator.py
[2022-01-28 22:14:50,387] {processor.py:642} INFO - Processing file /home/data-eginner/Documents/Soccer_Data/env/lib/python3.8/site-packages/airflow/example_dags/example_python_operator.py for tasks to queue
[2022-01-28 22:14:50,387] {logging_mixin.py:109} INFO - [2022-01-28 22:14:50,387] {dagbag.py:500} INFO - Filling up the DagBag from /home/data-eginner/Documents/Soccer_Data/env/lib/python3.8/site-packages/airflow/example_dags/example_python_operator.py
[2022-01-28 22:14:50,407] {logging_mixin.py:109} INFO - [2022-01-28 22:14:50,407] {example_python_operator.py:67} WARNING - The virtalenv_python example task requires virtualenv, please install it.
[2022-01-28 22:14:50,433] {processor.py:654} INFO - DAG(s) dict_keys(['example_python_operator']) retrieved from /home/data-eginner/Documents/Soccer_Data/env/lib/python3.8/site-packages/airflow/example_dags/example_python_operator.py
[2022-01-28 22:14:50,460] {logging_mixin.py:109} INFO - [2022-01-28 22:14:50,460] {dag.py:2396} INFO - Sync 1 DAGs
[2022-01-28 22:14:50,489] {logging_mixin.py:109} INFO - [2022-01-28 22:14:50,489] {dag.py:2935} INFO - Setting next_dagrun for example_python_operator to None
[2022-01-28 22:14:50,607] {processor.py:171} INFO - Processing /home/data-eginner/Documents/Soccer_Data/env/lib/python3.8/site-packages/airflow/example_dags/example_python_operator.py took 0.243 seconds
[2022-01-28 22:15:51,402] {processor.py:163} INFO - Started process (PID=29328) to work on /home/data-eginner/Documents/Soccer_Data/env/lib/python3.8/site-packages/airflow/example_dags/example_python_operator.py
[2022-01-28 22:15:51,418] {processor.py:642} INFO - Processing file /home/data-eginner/Documents/Soccer_Data/env/lib/python3.8/site-packages/airflow/example_dags/example_python_operator.py for tasks to queue
[2022-01-28 22:15:51,419] {logging_mixin.py:109} INFO - [2022-01-28 22:15:51,419] {dagbag.py:500} INFO - Filling up the DagBag from /home/data-eginner/Documents/Soccer_Data/env/lib/python3.8/site-packages/airflow/example_dags/example_python_operator.py
[2022-01-28 22:15:51,429] {logging_mixin.py:109} INFO - [2022-01-28 22:15:51,429] {example_python_operator.py:67} WARNING - The virtalenv_python example task requires virtualenv, please install it.
[2022-01-28 22:15:51,497] {processor.py:654} INFO - DAG(s) dict_keys(['example_python_operator']) retrieved from /home/data-eginner/Documents/Soccer_Data/env/lib/python3.8/site-packages/airflow/example_dags/example_python_operator.py
[2022-01-28 22:15:51,526] {logging_mixin.py:109} INFO - [2022-01-28 22:15:51,526] {dag.py:2396} INFO - Sync 1 DAGs
[2022-01-28 22:15:51,558] {logging_mixin.py:109} INFO - [2022-01-28 22:15:51,558] {dag.py:2935} INFO - Setting next_dagrun for example_python_operator to None
[2022-01-28 22:15:51,606] {processor.py:171} INFO - Processing /home/data-eginner/Documents/Soccer_Data/env/lib/python3.8/site-packages/airflow/example_dags/example_python_operator.py took 0.206 seconds
[2022-01-28 22:16:45,734] {processor.py:163} INFO - Started process (PID=29529) to work on /home/data-eginner/Documents/Soccer_Data/env/lib/python3.8/site-packages/airflow/example_dags/example_python_operator.py
[2022-01-28 22:16:45,750] {processor.py:642} INFO - Processing file /home/data-eginner/Documents/Soccer_Data/env/lib/python3.8/site-packages/airflow/example_dags/example_python_operator.py for tasks to queue
[2022-01-28 22:16:45,750] {logging_mixin.py:109} INFO - [2022-01-28 22:16:45,750] {dagbag.py:500} INFO - Filling up the DagBag from /home/data-eginner/Documents/Soccer_Data/env/lib/python3.8/site-packages/airflow/example_dags/example_python_operator.py
[2022-01-28 22:16:45,776] {logging_mixin.py:109} INFO - [2022-01-28 22:16:45,775] {example_python_operator.py:67} WARNING - The virtalenv_python example task requires virtualenv, please install it.
[2022-01-28 22:16:45,809] {processor.py:654} INFO - DAG(s) dict_keys(['example_python_operator']) retrieved from /home/data-eginner/Documents/Soccer_Data/env/lib/python3.8/site-packages/airflow/example_dags/example_python_operator.py
[2022-01-28 22:16:45,836] {logging_mixin.py:109} INFO - [2022-01-28 22:16:45,836] {dag.py:2396} INFO - Sync 1 DAGs
[2022-01-28 22:16:45,874] {logging_mixin.py:109} INFO - [2022-01-28 22:16:45,874] {dag.py:2935} INFO - Setting next_dagrun for example_python_operator to None
[2022-01-28 22:16:45,969] {processor.py:171} INFO - Processing /home/data-eginner/Documents/Soccer_Data/env/lib/python3.8/site-packages/airflow/example_dags/example_python_operator.py took 0.237 seconds
[2022-01-28 22:17:49,368] {processor.py:163} INFO - Started process (PID=29772) to work on /home/data-eginner/Documents/Soccer_Data/env/lib/python3.8/site-packages/airflow/example_dags/example_python_operator.py
[2022-01-28 22:17:49,380] {processor.py:642} INFO - Processing file /home/data-eginner/Documents/Soccer_Data/env/lib/python3.8/site-packages/airflow/example_dags/example_python_operator.py for tasks to queue
[2022-01-28 22:17:49,381] {logging_mixin.py:109} INFO - [2022-01-28 22:17:49,381] {dagbag.py:500} INFO - Filling up the DagBag from /home/data-eginner/Documents/Soccer_Data/env/lib/python3.8/site-packages/airflow/example_dags/example_python_operator.py
[2022-01-28 22:17:49,396] {logging_mixin.py:109} INFO - [2022-01-28 22:17:49,396] {example_python_operator.py:67} WARNING - The virtalenv_python example task requires virtualenv, please install it.
[2022-01-28 22:17:49,408] {processor.py:654} INFO - DAG(s) dict_keys(['example_python_operator']) retrieved from /home/data-eginner/Documents/Soccer_Data/env/lib/python3.8/site-packages/airflow/example_dags/example_python_operator.py
[2022-01-28 22:17:49,416] {logging_mixin.py:109} INFO - [2022-01-28 22:17:49,416] {dag.py:2396} INFO - Sync 1 DAGs
[2022-01-28 22:17:49,431] {logging_mixin.py:109} INFO - [2022-01-28 22:17:49,430] {dag.py:2935} INFO - Setting next_dagrun for example_python_operator to None
[2022-01-28 22:17:49,475] {processor.py:171} INFO - Processing /home/data-eginner/Documents/Soccer_Data/env/lib/python3.8/site-packages/airflow/example_dags/example_python_operator.py took 0.113 seconds
[2022-01-28 22:18:26,024] {processor.py:163} INFO - Started process (PID=29924) to work on /home/data-eginner/Documents/Soccer_Data/env/lib/python3.8/site-packages/airflow/example_dags/example_python_operator.py
[2022-01-28 22:18:26,095] {processor.py:642} INFO - Processing file /home/data-eginner/Documents/Soccer_Data/env/lib/python3.8/site-packages/airflow/example_dags/example_python_operator.py for tasks to queue
[2022-01-28 22:18:26,096] {logging_mixin.py:109} INFO - [2022-01-28 22:18:26,096] {dagbag.py:500} INFO - Filling up the DagBag from /home/data-eginner/Documents/Soccer_Data/env/lib/python3.8/site-packages/airflow/example_dags/example_python_operator.py
[2022-01-28 22:18:26,114] {logging_mixin.py:109} INFO - [2022-01-28 22:18:26,114] {example_python_operator.py:67} WARNING - The virtalenv_python example task requires virtualenv, please install it.
[2022-01-28 22:18:26,142] {processor.py:654} INFO - DAG(s) dict_keys(['example_python_operator']) retrieved from /home/data-eginner/Documents/Soccer_Data/env/lib/python3.8/site-packages/airflow/example_dags/example_python_operator.py
[2022-01-28 22:18:26,167] {logging_mixin.py:109} INFO - [2022-01-28 22:18:26,167] {dag.py:2396} INFO - Sync 1 DAGs
[2022-01-28 22:18:26,211] {logging_mixin.py:109} INFO - [2022-01-28 22:18:26,211] {dag.py:2935} INFO - Setting next_dagrun for example_python_operator to None
[2022-01-28 22:18:26,249] {processor.py:171} INFO - Processing /home/data-eginner/Documents/Soccer_Data/env/lib/python3.8/site-packages/airflow/example_dags/example_python_operator.py took 0.233 seconds
[2022-01-28 22:19:13,694] {processor.py:163} INFO - Started process (PID=30112) to work on /home/data-eginner/Documents/Soccer_Data/env/lib/python3.8/site-packages/airflow/example_dags/example_python_operator.py
[2022-01-28 22:19:13,711] {processor.py:642} INFO - Processing file /home/data-eginner/Documents/Soccer_Data/env/lib/python3.8/site-packages/airflow/example_dags/example_python_operator.py for tasks to queue
[2022-01-28 22:19:13,711] {logging_mixin.py:109} INFO - [2022-01-28 22:19:13,711] {dagbag.py:500} INFO - Filling up the DagBag from /home/data-eginner/Documents/Soccer_Data/env/lib/python3.8/site-packages/airflow/example_dags/example_python_operator.py
[2022-01-28 22:19:13,733] {logging_mixin.py:109} INFO - [2022-01-28 22:19:13,733] {example_python_operator.py:67} WARNING - The virtalenv_python example task requires virtualenv, please install it.
[2022-01-28 22:19:13,784] {processor.py:654} INFO - DAG(s) dict_keys(['example_python_operator']) retrieved from /home/data-eginner/Documents/Soccer_Data/env/lib/python3.8/site-packages/airflow/example_dags/example_python_operator.py
[2022-01-28 22:19:13,817] {logging_mixin.py:109} INFO - [2022-01-28 22:19:13,817] {dag.py:2396} INFO - Sync 1 DAGs
[2022-01-28 22:19:13,849] {logging_mixin.py:109} INFO - [2022-01-28 22:19:13,849] {dag.py:2935} INFO - Setting next_dagrun for example_python_operator to None
[2022-01-28 22:19:13,885] {processor.py:171} INFO - Processing /home/data-eginner/Documents/Soccer_Data/env/lib/python3.8/site-packages/airflow/example_dags/example_python_operator.py took 0.202 seconds
[2022-01-28 22:20:30,645] {processor.py:163} INFO - Started process (PID=30426) to work on /home/data-eginner/Documents/Soccer_Data/env/lib/python3.8/site-packages/airflow/example_dags/example_python_operator.py
[2022-01-28 22:20:30,739] {processor.py:642} INFO - Processing file /home/data-eginner/Documents/Soccer_Data/env/lib/python3.8/site-packages/airflow/example_dags/example_python_operator.py for tasks to queue
[2022-01-28 22:20:30,741] {logging_mixin.py:109} INFO - [2022-01-28 22:20:30,740] {dagbag.py:500} INFO - Filling up the DagBag from /home/data-eginner/Documents/Soccer_Data/env/lib/python3.8/site-packages/airflow/example_dags/example_python_operator.py
[2022-01-28 22:20:30,776] {logging_mixin.py:109} INFO - [2022-01-28 22:20:30,776] {example_python_operator.py:67} WARNING - The virtalenv_python example task requires virtualenv, please install it.
[2022-01-28 22:20:30,794] {processor.py:654} INFO - DAG(s) dict_keys(['example_python_operator']) retrieved from /home/data-eginner/Documents/Soccer_Data/env/lib/python3.8/site-packages/airflow/example_dags/example_python_operator.py
[2022-01-28 22:20:30,803] {logging_mixin.py:109} INFO - [2022-01-28 22:20:30,803] {dag.py:2396} INFO - Sync 1 DAGs
[2022-01-28 22:20:30,814] {logging_mixin.py:109} INFO - [2022-01-28 22:20:30,814] {dag.py:2935} INFO - Setting next_dagrun for example_python_operator to None
[2022-01-28 22:20:30,829] {processor.py:171} INFO - Processing /home/data-eginner/Documents/Soccer_Data/env/lib/python3.8/site-packages/airflow/example_dags/example_python_operator.py took 0.191 seconds
[2022-01-28 22:21:08,392] {processor.py:163} INFO - Started process (PID=30590) to work on /home/data-eginner/Documents/Soccer_Data/env/lib/python3.8/site-packages/airflow/example_dags/example_python_operator.py
[2022-01-28 22:21:08,414] {processor.py:642} INFO - Processing file /home/data-eginner/Documents/Soccer_Data/env/lib/python3.8/site-packages/airflow/example_dags/example_python_operator.py for tasks to queue
[2022-01-28 22:21:08,415] {logging_mixin.py:109} INFO - [2022-01-28 22:21:08,415] {dagbag.py:500} INFO - Filling up the DagBag from /home/data-eginner/Documents/Soccer_Data/env/lib/python3.8/site-packages/airflow/example_dags/example_python_operator.py
[2022-01-28 22:21:08,427] {logging_mixin.py:109} INFO - [2022-01-28 22:21:08,426] {example_python_operator.py:67} WARNING - The virtalenv_python example task requires virtualenv, please install it.
[2022-01-28 22:21:08,447] {processor.py:654} INFO - DAG(s) dict_keys(['example_python_operator']) retrieved from /home/data-eginner/Documents/Soccer_Data/env/lib/python3.8/site-packages/airflow/example_dags/example_python_operator.py
[2022-01-28 22:21:08,456] {logging_mixin.py:109} INFO - [2022-01-28 22:21:08,455] {dag.py:2396} INFO - Sync 1 DAGs
[2022-01-28 22:21:08,469] {logging_mixin.py:109} INFO - [2022-01-28 22:21:08,469] {dag.py:2935} INFO - Setting next_dagrun for example_python_operator to None
[2022-01-28 22:21:08,483] {processor.py:171} INFO - Processing /home/data-eginner/Documents/Soccer_Data/env/lib/python3.8/site-packages/airflow/example_dags/example_python_operator.py took 0.099 seconds
[2022-01-28 22:21:45,077] {processor.py:163} INFO - Started process (PID=30743) to work on /home/data-eginner/Documents/Soccer_Data/env/lib/python3.8/site-packages/airflow/example_dags/example_python_operator.py
[2022-01-28 22:21:45,097] {processor.py:642} INFO - Processing file /home/data-eginner/Documents/Soccer_Data/env/lib/python3.8/site-packages/airflow/example_dags/example_python_operator.py for tasks to queue
[2022-01-28 22:21:45,097] {logging_mixin.py:109} INFO - [2022-01-28 22:21:45,097] {dagbag.py:500} INFO - Filling up the DagBag from /home/data-eginner/Documents/Soccer_Data/env/lib/python3.8/site-packages/airflow/example_dags/example_python_operator.py
[2022-01-28 22:21:45,108] {logging_mixin.py:109} INFO - [2022-01-28 22:21:45,108] {example_python_operator.py:67} WARNING - The virtalenv_python example task requires virtualenv, please install it.
[2022-01-28 22:21:45,120] {processor.py:654} INFO - DAG(s) dict_keys(['example_python_operator']) retrieved from /home/data-eginner/Documents/Soccer_Data/env/lib/python3.8/site-packages/airflow/example_dags/example_python_operator.py
[2022-01-28 22:21:45,129] {logging_mixin.py:109} INFO - [2022-01-28 22:21:45,129] {dag.py:2396} INFO - Sync 1 DAGs
[2022-01-28 22:21:45,140] {logging_mixin.py:109} INFO - [2022-01-28 22:21:45,140] {dag.py:2935} INFO - Setting next_dagrun for example_python_operator to None
[2022-01-28 22:21:45,156] {processor.py:171} INFO - Processing /home/data-eginner/Documents/Soccer_Data/env/lib/python3.8/site-packages/airflow/example_dags/example_python_operator.py took 0.085 seconds
[2022-01-28 22:22:21,491] {processor.py:163} INFO - Started process (PID=30903) to work on /home/data-eginner/Documents/Soccer_Data/env/lib/python3.8/site-packages/airflow/example_dags/example_python_operator.py
[2022-01-28 22:22:21,504] {processor.py:642} INFO - Processing file /home/data-eginner/Documents/Soccer_Data/env/lib/python3.8/site-packages/airflow/example_dags/example_python_operator.py for tasks to queue
[2022-01-28 22:22:21,505] {logging_mixin.py:109} INFO - [2022-01-28 22:22:21,505] {dagbag.py:500} INFO - Filling up the DagBag from /home/data-eginner/Documents/Soccer_Data/env/lib/python3.8/site-packages/airflow/example_dags/example_python_operator.py
[2022-01-28 22:22:21,519] {logging_mixin.py:109} INFO - [2022-01-28 22:22:21,519] {example_python_operator.py:67} WARNING - The virtalenv_python example task requires virtualenv, please install it.
[2022-01-28 22:22:21,533] {processor.py:654} INFO - DAG(s) dict_keys(['example_python_operator']) retrieved from /home/data-eginner/Documents/Soccer_Data/env/lib/python3.8/site-packages/airflow/example_dags/example_python_operator.py
[2022-01-28 22:22:21,540] {logging_mixin.py:109} INFO - [2022-01-28 22:22:21,540] {dag.py:2396} INFO - Sync 1 DAGs
[2022-01-28 22:22:21,562] {logging_mixin.py:109} INFO - [2022-01-28 22:22:21,562] {dag.py:2935} INFO - Setting next_dagrun for example_python_operator to None
[2022-01-28 22:22:21,584] {processor.py:171} INFO - Processing /home/data-eginner/Documents/Soccer_Data/env/lib/python3.8/site-packages/airflow/example_dags/example_python_operator.py took 0.097 seconds
