[2022-01-28 21:00:00,210] {processor.py:163} INFO - Started process (PID=18915) to work on /home/data-eginner/Documents/Soccer_Data/env/lib/python3.8/site-packages/airflow/example_dags/example_kubernetes_executor.py
[2022-01-28 21:00:00,211] {processor.py:642} INFO - Processing file /home/data-eginner/Documents/Soccer_Data/env/lib/python3.8/site-packages/airflow/example_dags/example_kubernetes_executor.py for tasks to queue
[2022-01-28 21:00:00,211] {logging_mixin.py:109} INFO - [2022-01-28 21:00:00,211] {dagbag.py:500} INFO - Filling up the DagBag from /home/data-eginner/Documents/Soccer_Data/env/lib/python3.8/site-packages/airflow/example_dags/example_kubernetes_executor.py
[2022-01-28 21:00:00,278] {logging_mixin.py:109} INFO - [2022-01-28 21:00:00,278] {example_kubernetes_executor.py:38} WARNING - The example_kubernetes_executor example DAG requires the kubernetes provider. Please install it with: pip install apache-airflow[cncf.kubernetes]
[2022-01-28 21:00:00,380] {processor.py:656} WARNING - No viable dags retrieved from /home/data-eginner/Documents/Soccer_Data/env/lib/python3.8/site-packages/airflow/example_dags/example_kubernetes_executor.py
[2022-01-28 21:00:00,384] {processor.py:171} INFO - Processing /home/data-eginner/Documents/Soccer_Data/env/lib/python3.8/site-packages/airflow/example_dags/example_kubernetes_executor.py took 0.205 seconds
[2022-01-28 21:08:20,028] {processor.py:163} INFO - Started process (PID=19775) to work on /home/data-eginner/Documents/Soccer_Data/env/lib/python3.8/site-packages/airflow/example_dags/example_kubernetes_executor.py
[2022-01-28 21:08:20,095] {processor.py:642} INFO - Processing file /home/data-eginner/Documents/Soccer_Data/env/lib/python3.8/site-packages/airflow/example_dags/example_kubernetes_executor.py for tasks to queue
[2022-01-28 21:08:20,095] {logging_mixin.py:109} INFO - [2022-01-28 21:08:20,095] {dagbag.py:500} INFO - Filling up the DagBag from /home/data-eginner/Documents/Soccer_Data/env/lib/python3.8/site-packages/airflow/example_dags/example_kubernetes_executor.py
[2022-01-28 21:08:20,103] {logging_mixin.py:109} INFO - [2022-01-28 21:08:20,103] {example_kubernetes_executor.py:38} WARNING - The example_kubernetes_executor example DAG requires the kubernetes provider. Please install it with: pip install apache-airflow[cncf.kubernetes]
[2022-01-28 21:08:20,137] {processor.py:656} WARNING - No viable dags retrieved from /home/data-eginner/Documents/Soccer_Data/env/lib/python3.8/site-packages/airflow/example_dags/example_kubernetes_executor.py
[2022-01-28 21:08:20,141] {processor.py:171} INFO - Processing /home/data-eginner/Documents/Soccer_Data/env/lib/python3.8/site-packages/airflow/example_dags/example_kubernetes_executor.py took 0.116 seconds
[2022-01-28 21:09:06,015] {processor.py:163} INFO - Started process (PID=19937) to work on /home/data-eginner/Documents/Soccer_Data/env/lib/python3.8/site-packages/airflow/example_dags/example_kubernetes_executor.py
[2022-01-28 21:09:06,021] {processor.py:642} INFO - Processing file /home/data-eginner/Documents/Soccer_Data/env/lib/python3.8/site-packages/airflow/example_dags/example_kubernetes_executor.py for tasks to queue
[2022-01-28 21:09:06,022] {logging_mixin.py:109} INFO - [2022-01-28 21:09:06,022] {dagbag.py:500} INFO - Filling up the DagBag from /home/data-eginner/Documents/Soccer_Data/env/lib/python3.8/site-packages/airflow/example_dags/example_kubernetes_executor.py
[2022-01-28 21:09:06,036] {logging_mixin.py:109} INFO - [2022-01-28 21:09:06,036] {example_kubernetes_executor.py:38} WARNING - The example_kubernetes_executor example DAG requires the kubernetes provider. Please install it with: pip install apache-airflow[cncf.kubernetes]
[2022-01-28 21:09:06,046] {processor.py:656} WARNING - No viable dags retrieved from /home/data-eginner/Documents/Soccer_Data/env/lib/python3.8/site-packages/airflow/example_dags/example_kubernetes_executor.py
[2022-01-28 21:09:06,048] {processor.py:171} INFO - Processing /home/data-eginner/Documents/Soccer_Data/env/lib/python3.8/site-packages/airflow/example_dags/example_kubernetes_executor.py took 0.036 seconds
[2022-01-28 21:10:01,576] {processor.py:163} INFO - Started process (PID=20132) to work on /home/data-eginner/Documents/Soccer_Data/env/lib/python3.8/site-packages/airflow/example_dags/example_kubernetes_executor.py
[2022-01-28 21:10:01,599] {processor.py:642} INFO - Processing file /home/data-eginner/Documents/Soccer_Data/env/lib/python3.8/site-packages/airflow/example_dags/example_kubernetes_executor.py for tasks to queue
[2022-01-28 21:10:01,599] {logging_mixin.py:109} INFO - [2022-01-28 21:10:01,599] {dagbag.py:500} INFO - Filling up the DagBag from /home/data-eginner/Documents/Soccer_Data/env/lib/python3.8/site-packages/airflow/example_dags/example_kubernetes_executor.py
[2022-01-28 21:10:01,610] {logging_mixin.py:109} INFO - [2022-01-28 21:10:01,610] {example_kubernetes_executor.py:38} WARNING - The example_kubernetes_executor example DAG requires the kubernetes provider. Please install it with: pip install apache-airflow[cncf.kubernetes]
[2022-01-28 21:10:01,631] {processor.py:656} WARNING - No viable dags retrieved from /home/data-eginner/Documents/Soccer_Data/env/lib/python3.8/site-packages/airflow/example_dags/example_kubernetes_executor.py
[2022-01-28 21:10:01,633] {processor.py:171} INFO - Processing /home/data-eginner/Documents/Soccer_Data/env/lib/python3.8/site-packages/airflow/example_dags/example_kubernetes_executor.py took 0.060 seconds
[2022-01-28 21:10:42,992] {processor.py:163} INFO - Started process (PID=20307) to work on /home/data-eginner/Documents/Soccer_Data/env/lib/python3.8/site-packages/airflow/example_dags/example_kubernetes_executor.py
[2022-01-28 21:10:42,998] {processor.py:642} INFO - Processing file /home/data-eginner/Documents/Soccer_Data/env/lib/python3.8/site-packages/airflow/example_dags/example_kubernetes_executor.py for tasks to queue
[2022-01-28 21:10:42,999] {logging_mixin.py:109} INFO - [2022-01-28 21:10:42,999] {dagbag.py:500} INFO - Filling up the DagBag from /home/data-eginner/Documents/Soccer_Data/env/lib/python3.8/site-packages/airflow/example_dags/example_kubernetes_executor.py
[2022-01-28 21:10:43,012] {logging_mixin.py:109} INFO - [2022-01-28 21:10:43,012] {example_kubernetes_executor.py:38} WARNING - The example_kubernetes_executor example DAG requires the kubernetes provider. Please install it with: pip install apache-airflow[cncf.kubernetes]
[2022-01-28 21:10:43,021] {processor.py:656} WARNING - No viable dags retrieved from /home/data-eginner/Documents/Soccer_Data/env/lib/python3.8/site-packages/airflow/example_dags/example_kubernetes_executor.py
[2022-01-28 21:10:43,023] {processor.py:171} INFO - Processing /home/data-eginner/Documents/Soccer_Data/env/lib/python3.8/site-packages/airflow/example_dags/example_kubernetes_executor.py took 0.034 seconds
[2022-01-28 21:11:24,651] {processor.py:163} INFO - Started process (PID=20468) to work on /home/data-eginner/Documents/Soccer_Data/env/lib/python3.8/site-packages/airflow/example_dags/example_kubernetes_executor.py
[2022-01-28 21:11:24,656] {processor.py:642} INFO - Processing file /home/data-eginner/Documents/Soccer_Data/env/lib/python3.8/site-packages/airflow/example_dags/example_kubernetes_executor.py for tasks to queue
[2022-01-28 21:11:24,657] {logging_mixin.py:109} INFO - [2022-01-28 21:11:24,657] {dagbag.py:500} INFO - Filling up the DagBag from /home/data-eginner/Documents/Soccer_Data/env/lib/python3.8/site-packages/airflow/example_dags/example_kubernetes_executor.py
[2022-01-28 21:11:24,667] {logging_mixin.py:109} INFO - [2022-01-28 21:11:24,667] {example_kubernetes_executor.py:38} WARNING - The example_kubernetes_executor example DAG requires the kubernetes provider. Please install it with: pip install apache-airflow[cncf.kubernetes]
[2022-01-28 21:11:24,680] {processor.py:656} WARNING - No viable dags retrieved from /home/data-eginner/Documents/Soccer_Data/env/lib/python3.8/site-packages/airflow/example_dags/example_kubernetes_executor.py
[2022-01-28 21:11:24,683] {processor.py:171} INFO - Processing /home/data-eginner/Documents/Soccer_Data/env/lib/python3.8/site-packages/airflow/example_dags/example_kubernetes_executor.py took 0.035 seconds
[2022-01-28 21:12:11,760] {processor.py:163} INFO - Started process (PID=20654) to work on /home/data-eginner/Documents/Soccer_Data/env/lib/python3.8/site-packages/airflow/example_dags/example_kubernetes_executor.py
[2022-01-28 21:12:11,768] {processor.py:642} INFO - Processing file /home/data-eginner/Documents/Soccer_Data/env/lib/python3.8/site-packages/airflow/example_dags/example_kubernetes_executor.py for tasks to queue
[2022-01-28 21:12:11,769] {logging_mixin.py:109} INFO - [2022-01-28 21:12:11,769] {dagbag.py:500} INFO - Filling up the DagBag from /home/data-eginner/Documents/Soccer_Data/env/lib/python3.8/site-packages/airflow/example_dags/example_kubernetes_executor.py
[2022-01-28 21:12:11,786] {logging_mixin.py:109} INFO - [2022-01-28 21:12:11,786] {example_kubernetes_executor.py:38} WARNING - The example_kubernetes_executor example DAG requires the kubernetes provider. Please install it with: pip install apache-airflow[cncf.kubernetes]
[2022-01-28 21:12:11,797] {processor.py:656} WARNING - No viable dags retrieved from /home/data-eginner/Documents/Soccer_Data/env/lib/python3.8/site-packages/airflow/example_dags/example_kubernetes_executor.py
[2022-01-28 21:12:11,799] {processor.py:171} INFO - Processing /home/data-eginner/Documents/Soccer_Data/env/lib/python3.8/site-packages/airflow/example_dags/example_kubernetes_executor.py took 0.041 seconds
[2022-01-28 21:12:58,792] {processor.py:163} INFO - Started process (PID=20833) to work on /home/data-eginner/Documents/Soccer_Data/env/lib/python3.8/site-packages/airflow/example_dags/example_kubernetes_executor.py
[2022-01-28 21:12:58,821] {processor.py:642} INFO - Processing file /home/data-eginner/Documents/Soccer_Data/env/lib/python3.8/site-packages/airflow/example_dags/example_kubernetes_executor.py for tasks to queue
[2022-01-28 21:12:58,822] {logging_mixin.py:109} INFO - [2022-01-28 21:12:58,822] {dagbag.py:500} INFO - Filling up the DagBag from /home/data-eginner/Documents/Soccer_Data/env/lib/python3.8/site-packages/airflow/example_dags/example_kubernetes_executor.py
[2022-01-28 21:12:58,843] {logging_mixin.py:109} INFO - [2022-01-28 21:12:58,843] {example_kubernetes_executor.py:38} WARNING - The example_kubernetes_executor example DAG requires the kubernetes provider. Please install it with: pip install apache-airflow[cncf.kubernetes]
[2022-01-28 21:12:58,850] {processor.py:656} WARNING - No viable dags retrieved from /home/data-eginner/Documents/Soccer_Data/env/lib/python3.8/site-packages/airflow/example_dags/example_kubernetes_executor.py
[2022-01-28 21:12:58,878] {processor.py:171} INFO - Processing /home/data-eginner/Documents/Soccer_Data/env/lib/python3.8/site-packages/airflow/example_dags/example_kubernetes_executor.py took 0.088 seconds
[2022-01-28 21:13:40,573] {processor.py:163} INFO - Started process (PID=20979) to work on /home/data-eginner/Documents/Soccer_Data/env/lib/python3.8/site-packages/airflow/example_dags/example_kubernetes_executor.py
[2022-01-28 21:13:40,575] {processor.py:642} INFO - Processing file /home/data-eginner/Documents/Soccer_Data/env/lib/python3.8/site-packages/airflow/example_dags/example_kubernetes_executor.py for tasks to queue
[2022-01-28 21:13:40,575] {logging_mixin.py:109} INFO - [2022-01-28 21:13:40,575] {dagbag.py:500} INFO - Filling up the DagBag from /home/data-eginner/Documents/Soccer_Data/env/lib/python3.8/site-packages/airflow/example_dags/example_kubernetes_executor.py
[2022-01-28 21:13:40,588] {logging_mixin.py:109} INFO - [2022-01-28 21:13:40,588] {example_kubernetes_executor.py:38} WARNING - The example_kubernetes_executor example DAG requires the kubernetes provider. Please install it with: pip install apache-airflow[cncf.kubernetes]
[2022-01-28 21:13:40,601] {processor.py:656} WARNING - No viable dags retrieved from /home/data-eginner/Documents/Soccer_Data/env/lib/python3.8/site-packages/airflow/example_dags/example_kubernetes_executor.py
[2022-01-28 21:13:40,606] {processor.py:171} INFO - Processing /home/data-eginner/Documents/Soccer_Data/env/lib/python3.8/site-packages/airflow/example_dags/example_kubernetes_executor.py took 0.035 seconds
[2022-01-28 21:14:26,024] {processor.py:163} INFO - Started process (PID=21149) to work on /home/data-eginner/Documents/Soccer_Data/env/lib/python3.8/site-packages/airflow/example_dags/example_kubernetes_executor.py
[2022-01-28 21:14:26,030] {processor.py:642} INFO - Processing file /home/data-eginner/Documents/Soccer_Data/env/lib/python3.8/site-packages/airflow/example_dags/example_kubernetes_executor.py for tasks to queue
[2022-01-28 21:14:26,031] {logging_mixin.py:109} INFO - [2022-01-28 21:14:26,031] {dagbag.py:500} INFO - Filling up the DagBag from /home/data-eginner/Documents/Soccer_Data/env/lib/python3.8/site-packages/airflow/example_dags/example_kubernetes_executor.py
[2022-01-28 21:14:26,044] {logging_mixin.py:109} INFO - [2022-01-28 21:14:26,044] {example_kubernetes_executor.py:38} WARNING - The example_kubernetes_executor example DAG requires the kubernetes provider. Please install it with: pip install apache-airflow[cncf.kubernetes]
[2022-01-28 21:14:26,057] {processor.py:656} WARNING - No viable dags retrieved from /home/data-eginner/Documents/Soccer_Data/env/lib/python3.8/site-packages/airflow/example_dags/example_kubernetes_executor.py
[2022-01-28 21:14:26,059] {processor.py:171} INFO - Processing /home/data-eginner/Documents/Soccer_Data/env/lib/python3.8/site-packages/airflow/example_dags/example_kubernetes_executor.py took 0.038 seconds
[2022-01-28 21:15:40,930] {processor.py:163} INFO - Started process (PID=21399) to work on /home/data-eginner/Documents/Soccer_Data/env/lib/python3.8/site-packages/airflow/example_dags/example_kubernetes_executor.py
[2022-01-28 21:15:40,957] {processor.py:642} INFO - Processing file /home/data-eginner/Documents/Soccer_Data/env/lib/python3.8/site-packages/airflow/example_dags/example_kubernetes_executor.py for tasks to queue
[2022-01-28 21:15:40,958] {logging_mixin.py:109} INFO - [2022-01-28 21:15:40,958] {dagbag.py:500} INFO - Filling up the DagBag from /home/data-eginner/Documents/Soccer_Data/env/lib/python3.8/site-packages/airflow/example_dags/example_kubernetes_executor.py
[2022-01-28 21:15:41,021] {logging_mixin.py:109} INFO - [2022-01-28 21:15:41,021] {example_kubernetes_executor.py:38} WARNING - The example_kubernetes_executor example DAG requires the kubernetes provider. Please install it with: pip install apache-airflow[cncf.kubernetes]
[2022-01-28 21:15:41,043] {processor.py:656} WARNING - No viable dags retrieved from /home/data-eginner/Documents/Soccer_Data/env/lib/python3.8/site-packages/airflow/example_dags/example_kubernetes_executor.py
[2022-01-28 21:15:41,058] {processor.py:171} INFO - Processing /home/data-eginner/Documents/Soccer_Data/env/lib/python3.8/site-packages/airflow/example_dags/example_kubernetes_executor.py took 0.147 seconds
[2022-01-28 21:16:35,306] {processor.py:163} INFO - Started process (PID=21569) to work on /home/data-eginner/Documents/Soccer_Data/env/lib/python3.8/site-packages/airflow/example_dags/example_kubernetes_executor.py
[2022-01-28 21:16:35,316] {processor.py:642} INFO - Processing file /home/data-eginner/Documents/Soccer_Data/env/lib/python3.8/site-packages/airflow/example_dags/example_kubernetes_executor.py for tasks to queue
[2022-01-28 21:16:35,317] {logging_mixin.py:109} INFO - [2022-01-28 21:16:35,317] {dagbag.py:500} INFO - Filling up the DagBag from /home/data-eginner/Documents/Soccer_Data/env/lib/python3.8/site-packages/airflow/example_dags/example_kubernetes_executor.py
[2022-01-28 21:16:35,343] {logging_mixin.py:109} INFO - [2022-01-28 21:16:35,343] {example_kubernetes_executor.py:38} WARNING - The example_kubernetes_executor example DAG requires the kubernetes provider. Please install it with: pip install apache-airflow[cncf.kubernetes]
[2022-01-28 21:16:35,375] {processor.py:656} WARNING - No viable dags retrieved from /home/data-eginner/Documents/Soccer_Data/env/lib/python3.8/site-packages/airflow/example_dags/example_kubernetes_executor.py
[2022-01-28 21:16:35,401] {processor.py:171} INFO - Processing /home/data-eginner/Documents/Soccer_Data/env/lib/python3.8/site-packages/airflow/example_dags/example_kubernetes_executor.py took 0.113 seconds
[2022-01-28 21:17:23,484] {processor.py:163} INFO - Started process (PID=21715) to work on /home/data-eginner/Documents/Soccer_Data/env/lib/python3.8/site-packages/airflow/example_dags/example_kubernetes_executor.py
[2022-01-28 21:17:23,486] {processor.py:642} INFO - Processing file /home/data-eginner/Documents/Soccer_Data/env/lib/python3.8/site-packages/airflow/example_dags/example_kubernetes_executor.py for tasks to queue
[2022-01-28 21:17:23,487] {logging_mixin.py:109} INFO - [2022-01-28 21:17:23,487] {dagbag.py:500} INFO - Filling up the DagBag from /home/data-eginner/Documents/Soccer_Data/env/lib/python3.8/site-packages/airflow/example_dags/example_kubernetes_executor.py
[2022-01-28 21:17:23,529] {logging_mixin.py:109} INFO - [2022-01-28 21:17:23,529] {example_kubernetes_executor.py:38} WARNING - The example_kubernetes_executor example DAG requires the kubernetes provider. Please install it with: pip install apache-airflow[cncf.kubernetes]
[2022-01-28 21:17:23,550] {processor.py:656} WARNING - No viable dags retrieved from /home/data-eginner/Documents/Soccer_Data/env/lib/python3.8/site-packages/airflow/example_dags/example_kubernetes_executor.py
[2022-01-28 21:17:23,553] {processor.py:171} INFO - Processing /home/data-eginner/Documents/Soccer_Data/env/lib/python3.8/site-packages/airflow/example_dags/example_kubernetes_executor.py took 0.083 seconds
[2022-01-28 21:18:12,930] {processor.py:163} INFO - Started process (PID=21874) to work on /home/data-eginner/Documents/Soccer_Data/env/lib/python3.8/site-packages/airflow/example_dags/example_kubernetes_executor.py
[2022-01-28 21:18:12,946] {processor.py:642} INFO - Processing file /home/data-eginner/Documents/Soccer_Data/env/lib/python3.8/site-packages/airflow/example_dags/example_kubernetes_executor.py for tasks to queue
[2022-01-28 21:18:12,947] {logging_mixin.py:109} INFO - [2022-01-28 21:18:12,947] {dagbag.py:500} INFO - Filling up the DagBag from /home/data-eginner/Documents/Soccer_Data/env/lib/python3.8/site-packages/airflow/example_dags/example_kubernetes_executor.py
[2022-01-28 21:18:12,977] {logging_mixin.py:109} INFO - [2022-01-28 21:18:12,977] {example_kubernetes_executor.py:38} WARNING - The example_kubernetes_executor example DAG requires the kubernetes provider. Please install it with: pip install apache-airflow[cncf.kubernetes]
[2022-01-28 21:18:13,012] {processor.py:656} WARNING - No viable dags retrieved from /home/data-eginner/Documents/Soccer_Data/env/lib/python3.8/site-packages/airflow/example_dags/example_kubernetes_executor.py
[2022-01-28 21:18:13,014] {processor.py:171} INFO - Processing /home/data-eginner/Documents/Soccer_Data/env/lib/python3.8/site-packages/airflow/example_dags/example_kubernetes_executor.py took 0.087 seconds
[2022-01-28 21:19:07,518] {processor.py:163} INFO - Started process (PID=22033) to work on /home/data-eginner/Documents/Soccer_Data/env/lib/python3.8/site-packages/airflow/example_dags/example_kubernetes_executor.py
[2022-01-28 21:19:07,520] {processor.py:642} INFO - Processing file /home/data-eginner/Documents/Soccer_Data/env/lib/python3.8/site-packages/airflow/example_dags/example_kubernetes_executor.py for tasks to queue
[2022-01-28 21:19:07,521] {logging_mixin.py:109} INFO - [2022-01-28 21:19:07,521] {dagbag.py:500} INFO - Filling up the DagBag from /home/data-eginner/Documents/Soccer_Data/env/lib/python3.8/site-packages/airflow/example_dags/example_kubernetes_executor.py
[2022-01-28 21:19:07,543] {logging_mixin.py:109} INFO - [2022-01-28 21:19:07,542] {example_kubernetes_executor.py:38} WARNING - The example_kubernetes_executor example DAG requires the kubernetes provider. Please install it with: pip install apache-airflow[cncf.kubernetes]
[2022-01-28 21:19:07,555] {processor.py:656} WARNING - No viable dags retrieved from /home/data-eginner/Documents/Soccer_Data/env/lib/python3.8/site-packages/airflow/example_dags/example_kubernetes_executor.py
[2022-01-28 21:19:07,563] {processor.py:171} INFO - Processing /home/data-eginner/Documents/Soccer_Data/env/lib/python3.8/site-packages/airflow/example_dags/example_kubernetes_executor.py took 0.074 seconds
[2022-01-28 21:19:59,073] {processor.py:163} INFO - Started process (PID=22211) to work on /home/data-eginner/Documents/Soccer_Data/env/lib/python3.8/site-packages/airflow/example_dags/example_kubernetes_executor.py
[2022-01-28 21:19:59,075] {processor.py:642} INFO - Processing file /home/data-eginner/Documents/Soccer_Data/env/lib/python3.8/site-packages/airflow/example_dags/example_kubernetes_executor.py for tasks to queue
[2022-01-28 21:19:59,081] {logging_mixin.py:109} INFO - [2022-01-28 21:19:59,081] {dagbag.py:500} INFO - Filling up the DagBag from /home/data-eginner/Documents/Soccer_Data/env/lib/python3.8/site-packages/airflow/example_dags/example_kubernetes_executor.py
[2022-01-28 21:19:59,097] {logging_mixin.py:109} INFO - [2022-01-28 21:19:59,097] {example_kubernetes_executor.py:38} WARNING - The example_kubernetes_executor example DAG requires the kubernetes provider. Please install it with: pip install apache-airflow[cncf.kubernetes]
[2022-01-28 21:19:59,105] {processor.py:656} WARNING - No viable dags retrieved from /home/data-eginner/Documents/Soccer_Data/env/lib/python3.8/site-packages/airflow/example_dags/example_kubernetes_executor.py
[2022-01-28 21:19:59,113] {processor.py:171} INFO - Processing /home/data-eginner/Documents/Soccer_Data/env/lib/python3.8/site-packages/airflow/example_dags/example_kubernetes_executor.py took 0.043 seconds
[2022-01-28 21:20:43,871] {processor.py:163} INFO - Started process (PID=22363) to work on /home/data-eginner/Documents/Soccer_Data/env/lib/python3.8/site-packages/airflow/example_dags/example_kubernetes_executor.py
[2022-01-28 21:20:43,882] {processor.py:642} INFO - Processing file /home/data-eginner/Documents/Soccer_Data/env/lib/python3.8/site-packages/airflow/example_dags/example_kubernetes_executor.py for tasks to queue
[2022-01-28 21:20:43,882] {logging_mixin.py:109} INFO - [2022-01-28 21:20:43,882] {dagbag.py:500} INFO - Filling up the DagBag from /home/data-eginner/Documents/Soccer_Data/env/lib/python3.8/site-packages/airflow/example_dags/example_kubernetes_executor.py
[2022-01-28 21:20:43,936] {logging_mixin.py:109} INFO - [2022-01-28 21:20:43,936] {example_kubernetes_executor.py:38} WARNING - The example_kubernetes_executor example DAG requires the kubernetes provider. Please install it with: pip install apache-airflow[cncf.kubernetes]
[2022-01-28 21:20:43,969] {processor.py:656} WARNING - No viable dags retrieved from /home/data-eginner/Documents/Soccer_Data/env/lib/python3.8/site-packages/airflow/example_dags/example_kubernetes_executor.py
[2022-01-28 21:20:43,971] {processor.py:171} INFO - Processing /home/data-eginner/Documents/Soccer_Data/env/lib/python3.8/site-packages/airflow/example_dags/example_kubernetes_executor.py took 0.107 seconds
[2022-01-28 21:21:28,418] {processor.py:163} INFO - Started process (PID=22527) to work on /home/data-eginner/Documents/Soccer_Data/env/lib/python3.8/site-packages/airflow/example_dags/example_kubernetes_executor.py
[2022-01-28 21:21:28,420] {processor.py:642} INFO - Processing file /home/data-eginner/Documents/Soccer_Data/env/lib/python3.8/site-packages/airflow/example_dags/example_kubernetes_executor.py for tasks to queue
[2022-01-28 21:21:28,421] {logging_mixin.py:109} INFO - [2022-01-28 21:21:28,420] {dagbag.py:500} INFO - Filling up the DagBag from /home/data-eginner/Documents/Soccer_Data/env/lib/python3.8/site-packages/airflow/example_dags/example_kubernetes_executor.py
[2022-01-28 21:21:28,429] {logging_mixin.py:109} INFO - [2022-01-28 21:21:28,429] {example_kubernetes_executor.py:38} WARNING - The example_kubernetes_executor example DAG requires the kubernetes provider. Please install it with: pip install apache-airflow[cncf.kubernetes]
[2022-01-28 21:21:28,447] {processor.py:656} WARNING - No viable dags retrieved from /home/data-eginner/Documents/Soccer_Data/env/lib/python3.8/site-packages/airflow/example_dags/example_kubernetes_executor.py
[2022-01-28 21:21:28,448] {processor.py:171} INFO - Processing /home/data-eginner/Documents/Soccer_Data/env/lib/python3.8/site-packages/airflow/example_dags/example_kubernetes_executor.py took 0.033 seconds
[2022-01-28 21:22:15,482] {processor.py:163} INFO - Started process (PID=22697) to work on /home/data-eginner/Documents/Soccer_Data/env/lib/python3.8/site-packages/airflow/example_dags/example_kubernetes_executor.py
[2022-01-28 21:22:15,498] {processor.py:642} INFO - Processing file /home/data-eginner/Documents/Soccer_Data/env/lib/python3.8/site-packages/airflow/example_dags/example_kubernetes_executor.py for tasks to queue
[2022-01-28 21:22:15,509] {logging_mixin.py:109} INFO - [2022-01-28 21:22:15,508] {dagbag.py:500} INFO - Filling up the DagBag from /home/data-eginner/Documents/Soccer_Data/env/lib/python3.8/site-packages/airflow/example_dags/example_kubernetes_executor.py
[2022-01-28 21:22:15,545] {logging_mixin.py:109} INFO - [2022-01-28 21:22:15,545] {example_kubernetes_executor.py:38} WARNING - The example_kubernetes_executor example DAG requires the kubernetes provider. Please install it with: pip install apache-airflow[cncf.kubernetes]
[2022-01-28 21:22:15,581] {processor.py:656} WARNING - No viable dags retrieved from /home/data-eginner/Documents/Soccer_Data/env/lib/python3.8/site-packages/airflow/example_dags/example_kubernetes_executor.py
[2022-01-28 21:22:15,583] {processor.py:171} INFO - Processing /home/data-eginner/Documents/Soccer_Data/env/lib/python3.8/site-packages/airflow/example_dags/example_kubernetes_executor.py took 0.104 seconds
[2022-01-28 21:26:26,039] {processor.py:163} INFO - Started process (PID=22918) to work on /home/data-eginner/Documents/Soccer_Data/env/lib/python3.8/site-packages/airflow/example_dags/example_kubernetes_executor.py
[2022-01-28 21:26:26,066] {processor.py:642} INFO - Processing file /home/data-eginner/Documents/Soccer_Data/env/lib/python3.8/site-packages/airflow/example_dags/example_kubernetes_executor.py for tasks to queue
[2022-01-28 21:26:26,067] {logging_mixin.py:109} INFO - [2022-01-28 21:26:26,066] {dagbag.py:500} INFO - Filling up the DagBag from /home/data-eginner/Documents/Soccer_Data/env/lib/python3.8/site-packages/airflow/example_dags/example_kubernetes_executor.py
[2022-01-28 21:26:26,110] {logging_mixin.py:109} INFO - [2022-01-28 21:26:26,110] {example_kubernetes_executor.py:38} WARNING - The example_kubernetes_executor example DAG requires the kubernetes provider. Please install it with: pip install apache-airflow[cncf.kubernetes]
[2022-01-28 21:26:26,145] {processor.py:656} WARNING - No viable dags retrieved from /home/data-eginner/Documents/Soccer_Data/env/lib/python3.8/site-packages/airflow/example_dags/example_kubernetes_executor.py
[2022-01-28 21:26:26,147] {processor.py:171} INFO - Processing /home/data-eginner/Documents/Soccer_Data/env/lib/python3.8/site-packages/airflow/example_dags/example_kubernetes_executor.py took 0.111 seconds
[2022-01-28 21:27:14,101] {processor.py:163} INFO - Started process (PID=23098) to work on /home/data-eginner/Documents/Soccer_Data/env/lib/python3.8/site-packages/airflow/example_dags/example_kubernetes_executor.py
[2022-01-28 21:27:14,103] {processor.py:642} INFO - Processing file /home/data-eginner/Documents/Soccer_Data/env/lib/python3.8/site-packages/airflow/example_dags/example_kubernetes_executor.py for tasks to queue
[2022-01-28 21:27:14,104] {logging_mixin.py:109} INFO - [2022-01-28 21:27:14,103] {dagbag.py:500} INFO - Filling up the DagBag from /home/data-eginner/Documents/Soccer_Data/env/lib/python3.8/site-packages/airflow/example_dags/example_kubernetes_executor.py
[2022-01-28 21:27:14,124] {logging_mixin.py:109} INFO - [2022-01-28 21:27:14,124] {example_kubernetes_executor.py:38} WARNING - The example_kubernetes_executor example DAG requires the kubernetes provider. Please install it with: pip install apache-airflow[cncf.kubernetes]
[2022-01-28 21:27:14,140] {processor.py:656} WARNING - No viable dags retrieved from /home/data-eginner/Documents/Soccer_Data/env/lib/python3.8/site-packages/airflow/example_dags/example_kubernetes_executor.py
[2022-01-28 21:27:14,154] {processor.py:171} INFO - Processing /home/data-eginner/Documents/Soccer_Data/env/lib/python3.8/site-packages/airflow/example_dags/example_kubernetes_executor.py took 0.079 seconds
[2022-01-28 21:28:12,613] {processor.py:163} INFO - Started process (PID=23338) to work on /home/data-eginner/Documents/Soccer_Data/env/lib/python3.8/site-packages/airflow/example_dags/example_kubernetes_executor.py
[2022-01-28 21:28:12,693] {processor.py:642} INFO - Processing file /home/data-eginner/Documents/Soccer_Data/env/lib/python3.8/site-packages/airflow/example_dags/example_kubernetes_executor.py for tasks to queue
[2022-01-28 21:28:12,701] {logging_mixin.py:109} INFO - [2022-01-28 21:28:12,701] {dagbag.py:500} INFO - Filling up the DagBag from /home/data-eginner/Documents/Soccer_Data/env/lib/python3.8/site-packages/airflow/example_dags/example_kubernetes_executor.py
[2022-01-28 21:28:12,753] {logging_mixin.py:109} INFO - [2022-01-28 21:28:12,753] {example_kubernetes_executor.py:38} WARNING - The example_kubernetes_executor example DAG requires the kubernetes provider. Please install it with: pip install apache-airflow[cncf.kubernetes]
[2022-01-28 21:28:12,776] {processor.py:656} WARNING - No viable dags retrieved from /home/data-eginner/Documents/Soccer_Data/env/lib/python3.8/site-packages/airflow/example_dags/example_kubernetes_executor.py
[2022-01-28 21:28:12,778] {processor.py:171} INFO - Processing /home/data-eginner/Documents/Soccer_Data/env/lib/python3.8/site-packages/airflow/example_dags/example_kubernetes_executor.py took 0.168 seconds
[2022-01-28 21:28:58,611] {processor.py:163} INFO - Started process (PID=23463) to work on /home/data-eginner/Documents/Soccer_Data/env/lib/python3.8/site-packages/airflow/example_dags/example_kubernetes_executor.py
[2022-01-28 21:28:58,625] {processor.py:642} INFO - Processing file /home/data-eginner/Documents/Soccer_Data/env/lib/python3.8/site-packages/airflow/example_dags/example_kubernetes_executor.py for tasks to queue
[2022-01-28 21:28:58,626] {logging_mixin.py:109} INFO - [2022-01-28 21:28:58,626] {dagbag.py:500} INFO - Filling up the DagBag from /home/data-eginner/Documents/Soccer_Data/env/lib/python3.8/site-packages/airflow/example_dags/example_kubernetes_executor.py
[2022-01-28 21:28:58,712] {logging_mixin.py:109} INFO - [2022-01-28 21:28:58,712] {example_kubernetes_executor.py:38} WARNING - The example_kubernetes_executor example DAG requires the kubernetes provider. Please install it with: pip install apache-airflow[cncf.kubernetes]
[2022-01-28 21:28:58,770] {processor.py:656} WARNING - No viable dags retrieved from /home/data-eginner/Documents/Soccer_Data/env/lib/python3.8/site-packages/airflow/example_dags/example_kubernetes_executor.py
[2022-01-28 21:28:58,803] {processor.py:171} INFO - Processing /home/data-eginner/Documents/Soccer_Data/env/lib/python3.8/site-packages/airflow/example_dags/example_kubernetes_executor.py took 0.356 seconds
[2022-01-28 21:29:46,475] {processor.py:163} INFO - Started process (PID=23626) to work on /home/data-eginner/Documents/Soccer_Data/env/lib/python3.8/site-packages/airflow/example_dags/example_kubernetes_executor.py
[2022-01-28 21:29:46,490] {processor.py:642} INFO - Processing file /home/data-eginner/Documents/Soccer_Data/env/lib/python3.8/site-packages/airflow/example_dags/example_kubernetes_executor.py for tasks to queue
[2022-01-28 21:29:46,490] {logging_mixin.py:109} INFO - [2022-01-28 21:29:46,490] {dagbag.py:500} INFO - Filling up the DagBag from /home/data-eginner/Documents/Soccer_Data/env/lib/python3.8/site-packages/airflow/example_dags/example_kubernetes_executor.py
[2022-01-28 21:29:46,509] {logging_mixin.py:109} INFO - [2022-01-28 21:29:46,509] {example_kubernetes_executor.py:38} WARNING - The example_kubernetes_executor example DAG requires the kubernetes provider. Please install it with: pip install apache-airflow[cncf.kubernetes]
[2022-01-28 21:29:46,532] {processor.py:656} WARNING - No viable dags retrieved from /home/data-eginner/Documents/Soccer_Data/env/lib/python3.8/site-packages/airflow/example_dags/example_kubernetes_executor.py
[2022-01-28 21:29:46,542] {processor.py:171} INFO - Processing /home/data-eginner/Documents/Soccer_Data/env/lib/python3.8/site-packages/airflow/example_dags/example_kubernetes_executor.py took 0.077 seconds
[2022-01-28 21:30:38,545] {processor.py:163} INFO - Started process (PID=23808) to work on /home/data-eginner/Documents/Soccer_Data/env/lib/python3.8/site-packages/airflow/example_dags/example_kubernetes_executor.py
[2022-01-28 21:30:38,569] {processor.py:642} INFO - Processing file /home/data-eginner/Documents/Soccer_Data/env/lib/python3.8/site-packages/airflow/example_dags/example_kubernetes_executor.py for tasks to queue
[2022-01-28 21:30:38,575] {logging_mixin.py:109} INFO - [2022-01-28 21:30:38,569] {dagbag.py:500} INFO - Filling up the DagBag from /home/data-eginner/Documents/Soccer_Data/env/lib/python3.8/site-packages/airflow/example_dags/example_kubernetes_executor.py
[2022-01-28 21:30:38,642] {logging_mixin.py:109} INFO - [2022-01-28 21:30:38,641] {example_kubernetes_executor.py:38} WARNING - The example_kubernetes_executor example DAG requires the kubernetes provider. Please install it with: pip install apache-airflow[cncf.kubernetes]
[2022-01-28 21:30:38,671] {processor.py:656} WARNING - No viable dags retrieved from /home/data-eginner/Documents/Soccer_Data/env/lib/python3.8/site-packages/airflow/example_dags/example_kubernetes_executor.py
[2022-01-28 21:30:38,673] {processor.py:171} INFO - Processing /home/data-eginner/Documents/Soccer_Data/env/lib/python3.8/site-packages/airflow/example_dags/example_kubernetes_executor.py took 0.131 seconds
[2022-01-28 21:31:27,625] {processor.py:163} INFO - Started process (PID=23979) to work on /home/data-eginner/Documents/Soccer_Data/env/lib/python3.8/site-packages/airflow/example_dags/example_kubernetes_executor.py
[2022-01-28 21:31:27,639] {processor.py:642} INFO - Processing file /home/data-eginner/Documents/Soccer_Data/env/lib/python3.8/site-packages/airflow/example_dags/example_kubernetes_executor.py for tasks to queue
[2022-01-28 21:31:27,642] {logging_mixin.py:109} INFO - [2022-01-28 21:31:27,641] {dagbag.py:500} INFO - Filling up the DagBag from /home/data-eginner/Documents/Soccer_Data/env/lib/python3.8/site-packages/airflow/example_dags/example_kubernetes_executor.py
[2022-01-28 21:31:27,661] {logging_mixin.py:109} INFO - [2022-01-28 21:31:27,661] {example_kubernetes_executor.py:38} WARNING - The example_kubernetes_executor example DAG requires the kubernetes provider. Please install it with: pip install apache-airflow[cncf.kubernetes]
[2022-01-28 21:31:27,695] {processor.py:656} WARNING - No viable dags retrieved from /home/data-eginner/Documents/Soccer_Data/env/lib/python3.8/site-packages/airflow/example_dags/example_kubernetes_executor.py
[2022-01-28 21:31:27,697] {processor.py:171} INFO - Processing /home/data-eginner/Documents/Soccer_Data/env/lib/python3.8/site-packages/airflow/example_dags/example_kubernetes_executor.py took 0.076 seconds
[2022-01-28 21:32:15,262] {processor.py:163} INFO - Started process (PID=24149) to work on /home/data-eginner/Documents/Soccer_Data/env/lib/python3.8/site-packages/airflow/example_dags/example_kubernetes_executor.py
[2022-01-28 21:32:15,267] {processor.py:642} INFO - Processing file /home/data-eginner/Documents/Soccer_Data/env/lib/python3.8/site-packages/airflow/example_dags/example_kubernetes_executor.py for tasks to queue
[2022-01-28 21:32:15,268] {logging_mixin.py:109} INFO - [2022-01-28 21:32:15,267] {dagbag.py:500} INFO - Filling up the DagBag from /home/data-eginner/Documents/Soccer_Data/env/lib/python3.8/site-packages/airflow/example_dags/example_kubernetes_executor.py
[2022-01-28 21:32:15,284] {logging_mixin.py:109} INFO - [2022-01-28 21:32:15,284] {example_kubernetes_executor.py:38} WARNING - The example_kubernetes_executor example DAG requires the kubernetes provider. Please install it with: pip install apache-airflow[cncf.kubernetes]
[2022-01-28 21:32:15,293] {processor.py:656} WARNING - No viable dags retrieved from /home/data-eginner/Documents/Soccer_Data/env/lib/python3.8/site-packages/airflow/example_dags/example_kubernetes_executor.py
[2022-01-28 21:32:15,295] {processor.py:171} INFO - Processing /home/data-eginner/Documents/Soccer_Data/env/lib/python3.8/site-packages/airflow/example_dags/example_kubernetes_executor.py took 0.035 seconds
[2022-01-28 21:33:01,425] {processor.py:163} INFO - Started process (PID=24324) to work on /home/data-eginner/Documents/Soccer_Data/env/lib/python3.8/site-packages/airflow/example_dags/example_kubernetes_executor.py
[2022-01-28 21:33:01,428] {processor.py:642} INFO - Processing file /home/data-eginner/Documents/Soccer_Data/env/lib/python3.8/site-packages/airflow/example_dags/example_kubernetes_executor.py for tasks to queue
[2022-01-28 21:33:01,428] {logging_mixin.py:109} INFO - [2022-01-28 21:33:01,428] {dagbag.py:500} INFO - Filling up the DagBag from /home/data-eginner/Documents/Soccer_Data/env/lib/python3.8/site-packages/airflow/example_dags/example_kubernetes_executor.py
[2022-01-28 21:33:01,437] {logging_mixin.py:109} INFO - [2022-01-28 21:33:01,437] {example_kubernetes_executor.py:38} WARNING - The example_kubernetes_executor example DAG requires the kubernetes provider. Please install it with: pip install apache-airflow[cncf.kubernetes]
[2022-01-28 21:33:01,449] {processor.py:656} WARNING - No viable dags retrieved from /home/data-eginner/Documents/Soccer_Data/env/lib/python3.8/site-packages/airflow/example_dags/example_kubernetes_executor.py
[2022-01-28 21:33:01,454] {processor.py:171} INFO - Processing /home/data-eginner/Documents/Soccer_Data/env/lib/python3.8/site-packages/airflow/example_dags/example_kubernetes_executor.py took 0.033 seconds
[2022-01-28 21:33:41,747] {processor.py:163} INFO - Started process (PID=24484) to work on /home/data-eginner/Documents/Soccer_Data/env/lib/python3.8/site-packages/airflow/example_dags/example_kubernetes_executor.py
[2022-01-28 21:33:41,751] {processor.py:642} INFO - Processing file /home/data-eginner/Documents/Soccer_Data/env/lib/python3.8/site-packages/airflow/example_dags/example_kubernetes_executor.py for tasks to queue
[2022-01-28 21:33:41,751] {logging_mixin.py:109} INFO - [2022-01-28 21:33:41,751] {dagbag.py:500} INFO - Filling up the DagBag from /home/data-eginner/Documents/Soccer_Data/env/lib/python3.8/site-packages/airflow/example_dags/example_kubernetes_executor.py
[2022-01-28 21:33:41,765] {logging_mixin.py:109} INFO - [2022-01-28 21:33:41,765] {example_kubernetes_executor.py:38} WARNING - The example_kubernetes_executor example DAG requires the kubernetes provider. Please install it with: pip install apache-airflow[cncf.kubernetes]
[2022-01-28 21:33:41,782] {processor.py:656} WARNING - No viable dags retrieved from /home/data-eginner/Documents/Soccer_Data/env/lib/python3.8/site-packages/airflow/example_dags/example_kubernetes_executor.py
[2022-01-28 21:33:41,792] {processor.py:171} INFO - Processing /home/data-eginner/Documents/Soccer_Data/env/lib/python3.8/site-packages/airflow/example_dags/example_kubernetes_executor.py took 0.049 seconds
[2022-01-28 21:34:25,350] {processor.py:163} INFO - Started process (PID=24649) to work on /home/data-eginner/Documents/Soccer_Data/env/lib/python3.8/site-packages/airflow/example_dags/example_kubernetes_executor.py
[2022-01-28 21:34:25,352] {processor.py:642} INFO - Processing file /home/data-eginner/Documents/Soccer_Data/env/lib/python3.8/site-packages/airflow/example_dags/example_kubernetes_executor.py for tasks to queue
[2022-01-28 21:34:25,353] {logging_mixin.py:109} INFO - [2022-01-28 21:34:25,353] {dagbag.py:500} INFO - Filling up the DagBag from /home/data-eginner/Documents/Soccer_Data/env/lib/python3.8/site-packages/airflow/example_dags/example_kubernetes_executor.py
[2022-01-28 21:34:25,366] {logging_mixin.py:109} INFO - [2022-01-28 21:34:25,366] {example_kubernetes_executor.py:38} WARNING - The example_kubernetes_executor example DAG requires the kubernetes provider. Please install it with: pip install apache-airflow[cncf.kubernetes]
[2022-01-28 21:34:25,379] {processor.py:656} WARNING - No viable dags retrieved from /home/data-eginner/Documents/Soccer_Data/env/lib/python3.8/site-packages/airflow/example_dags/example_kubernetes_executor.py
[2022-01-28 21:34:25,381] {processor.py:171} INFO - Processing /home/data-eginner/Documents/Soccer_Data/env/lib/python3.8/site-packages/airflow/example_dags/example_kubernetes_executor.py took 0.035 seconds
[2022-01-28 21:56:12,019] {processor.py:163} INFO - Started process (PID=25045) to work on /home/data-eginner/Documents/Soccer_Data/env/lib/python3.8/site-packages/airflow/example_dags/example_kubernetes_executor.py
[2022-01-28 21:56:12,024] {processor.py:642} INFO - Processing file /home/data-eginner/Documents/Soccer_Data/env/lib/python3.8/site-packages/airflow/example_dags/example_kubernetes_executor.py for tasks to queue
[2022-01-28 21:56:12,025] {logging_mixin.py:109} INFO - [2022-01-28 21:56:12,025] {dagbag.py:500} INFO - Filling up the DagBag from /home/data-eginner/Documents/Soccer_Data/env/lib/python3.8/site-packages/airflow/example_dags/example_kubernetes_executor.py
[2022-01-28 21:56:12,044] {logging_mixin.py:109} INFO - [2022-01-28 21:56:12,044] {example_kubernetes_executor.py:38} WARNING - The example_kubernetes_executor example DAG requires the kubernetes provider. Please install it with: pip install apache-airflow[cncf.kubernetes]
[2022-01-28 21:56:12,095] {processor.py:656} WARNING - No viable dags retrieved from /home/data-eginner/Documents/Soccer_Data/env/lib/python3.8/site-packages/airflow/example_dags/example_kubernetes_executor.py
[2022-01-28 21:56:12,097] {processor.py:171} INFO - Processing /home/data-eginner/Documents/Soccer_Data/env/lib/python3.8/site-packages/airflow/example_dags/example_kubernetes_executor.py took 0.115 seconds
[2022-01-28 21:57:00,518] {processor.py:163} INFO - Started process (PID=25223) to work on /home/data-eginner/Documents/Soccer_Data/env/lib/python3.8/site-packages/airflow/example_dags/example_kubernetes_executor.py
[2022-01-28 21:57:00,555] {processor.py:642} INFO - Processing file /home/data-eginner/Documents/Soccer_Data/env/lib/python3.8/site-packages/airflow/example_dags/example_kubernetes_executor.py for tasks to queue
[2022-01-28 21:57:00,556] {logging_mixin.py:109} INFO - [2022-01-28 21:57:00,556] {dagbag.py:500} INFO - Filling up the DagBag from /home/data-eginner/Documents/Soccer_Data/env/lib/python3.8/site-packages/airflow/example_dags/example_kubernetes_executor.py
[2022-01-28 21:57:00,574] {logging_mixin.py:109} INFO - [2022-01-28 21:57:00,574] {example_kubernetes_executor.py:38} WARNING - The example_kubernetes_executor example DAG requires the kubernetes provider. Please install it with: pip install apache-airflow[cncf.kubernetes]
[2022-01-28 21:57:00,610] {processor.py:656} WARNING - No viable dags retrieved from /home/data-eginner/Documents/Soccer_Data/env/lib/python3.8/site-packages/airflow/example_dags/example_kubernetes_executor.py
[2022-01-28 21:57:00,612] {processor.py:171} INFO - Processing /home/data-eginner/Documents/Soccer_Data/env/lib/python3.8/site-packages/airflow/example_dags/example_kubernetes_executor.py took 0.097 seconds
[2022-01-28 21:57:42,931] {processor.py:163} INFO - Started process (PID=25383) to work on /home/data-eginner/Documents/Soccer_Data/env/lib/python3.8/site-packages/airflow/example_dags/example_kubernetes_executor.py
[2022-01-28 21:57:42,955] {processor.py:642} INFO - Processing file /home/data-eginner/Documents/Soccer_Data/env/lib/python3.8/site-packages/airflow/example_dags/example_kubernetes_executor.py for tasks to queue
[2022-01-28 21:57:42,955] {logging_mixin.py:109} INFO - [2022-01-28 21:57:42,955] {dagbag.py:500} INFO - Filling up the DagBag from /home/data-eginner/Documents/Soccer_Data/env/lib/python3.8/site-packages/airflow/example_dags/example_kubernetes_executor.py
[2022-01-28 21:57:42,974] {logging_mixin.py:109} INFO - [2022-01-28 21:57:42,974] {example_kubernetes_executor.py:38} WARNING - The example_kubernetes_executor example DAG requires the kubernetes provider. Please install it with: pip install apache-airflow[cncf.kubernetes]
[2022-01-28 21:57:42,991] {processor.py:656} WARNING - No viable dags retrieved from /home/data-eginner/Documents/Soccer_Data/env/lib/python3.8/site-packages/airflow/example_dags/example_kubernetes_executor.py
[2022-01-28 21:57:42,997] {processor.py:171} INFO - Processing /home/data-eginner/Documents/Soccer_Data/env/lib/python3.8/site-packages/airflow/example_dags/example_kubernetes_executor.py took 0.068 seconds
[2022-01-28 21:58:20,803] {processor.py:163} INFO - Started process (PID=25545) to work on /home/data-eginner/Documents/Soccer_Data/env/lib/python3.8/site-packages/airflow/example_dags/example_kubernetes_executor.py
[2022-01-28 21:58:20,806] {processor.py:642} INFO - Processing file /home/data-eginner/Documents/Soccer_Data/env/lib/python3.8/site-packages/airflow/example_dags/example_kubernetes_executor.py for tasks to queue
[2022-01-28 21:58:20,807] {logging_mixin.py:109} INFO - [2022-01-28 21:58:20,807] {dagbag.py:500} INFO - Filling up the DagBag from /home/data-eginner/Documents/Soccer_Data/env/lib/python3.8/site-packages/airflow/example_dags/example_kubernetes_executor.py
[2022-01-28 21:58:20,817] {logging_mixin.py:109} INFO - [2022-01-28 21:58:20,817] {example_kubernetes_executor.py:38} WARNING - The example_kubernetes_executor example DAG requires the kubernetes provider. Please install it with: pip install apache-airflow[cncf.kubernetes]
[2022-01-28 21:58:20,828] {processor.py:656} WARNING - No viable dags retrieved from /home/data-eginner/Documents/Soccer_Data/env/lib/python3.8/site-packages/airflow/example_dags/example_kubernetes_executor.py
[2022-01-28 21:58:20,830] {processor.py:171} INFO - Processing /home/data-eginner/Documents/Soccer_Data/env/lib/python3.8/site-packages/airflow/example_dags/example_kubernetes_executor.py took 0.037 seconds
[2022-01-28 21:59:02,590] {processor.py:163} INFO - Started process (PID=25702) to work on /home/data-eginner/Documents/Soccer_Data/env/lib/python3.8/site-packages/airflow/example_dags/example_kubernetes_executor.py
[2022-01-28 21:59:02,604] {processor.py:642} INFO - Processing file /home/data-eginner/Documents/Soccer_Data/env/lib/python3.8/site-packages/airflow/example_dags/example_kubernetes_executor.py for tasks to queue
[2022-01-28 21:59:02,604] {logging_mixin.py:109} INFO - [2022-01-28 21:59:02,604] {dagbag.py:500} INFO - Filling up the DagBag from /home/data-eginner/Documents/Soccer_Data/env/lib/python3.8/site-packages/airflow/example_dags/example_kubernetes_executor.py
[2022-01-28 21:59:02,643] {logging_mixin.py:109} INFO - [2022-01-28 21:59:02,643] {example_kubernetes_executor.py:38} WARNING - The example_kubernetes_executor example DAG requires the kubernetes provider. Please install it with: pip install apache-airflow[cncf.kubernetes]
[2022-01-28 21:59:02,694] {processor.py:656} WARNING - No viable dags retrieved from /home/data-eginner/Documents/Soccer_Data/env/lib/python3.8/site-packages/airflow/example_dags/example_kubernetes_executor.py
[2022-01-28 21:59:02,700] {processor.py:171} INFO - Processing /home/data-eginner/Documents/Soccer_Data/env/lib/python3.8/site-packages/airflow/example_dags/example_kubernetes_executor.py took 0.118 seconds
[2022-01-28 21:59:50,654] {processor.py:163} INFO - Started process (PID=25877) to work on /home/data-eginner/Documents/Soccer_Data/env/lib/python3.8/site-packages/airflow/example_dags/example_kubernetes_executor.py
[2022-01-28 21:59:50,666] {processor.py:642} INFO - Processing file /home/data-eginner/Documents/Soccer_Data/env/lib/python3.8/site-packages/airflow/example_dags/example_kubernetes_executor.py for tasks to queue
[2022-01-28 21:59:50,667] {logging_mixin.py:109} INFO - [2022-01-28 21:59:50,667] {dagbag.py:500} INFO - Filling up the DagBag from /home/data-eginner/Documents/Soccer_Data/env/lib/python3.8/site-packages/airflow/example_dags/example_kubernetes_executor.py
[2022-01-28 21:59:50,679] {logging_mixin.py:109} INFO - [2022-01-28 21:59:50,679] {example_kubernetes_executor.py:38} WARNING - The example_kubernetes_executor example DAG requires the kubernetes provider. Please install it with: pip install apache-airflow[cncf.kubernetes]
[2022-01-28 21:59:50,694] {processor.py:656} WARNING - No viable dags retrieved from /home/data-eginner/Documents/Soccer_Data/env/lib/python3.8/site-packages/airflow/example_dags/example_kubernetes_executor.py
[2022-01-28 21:59:50,699] {processor.py:171} INFO - Processing /home/data-eginner/Documents/Soccer_Data/env/lib/python3.8/site-packages/airflow/example_dags/example_kubernetes_executor.py took 0.052 seconds
[2022-01-28 22:00:33,722] {processor.py:163} INFO - Started process (PID=26050) to work on /home/data-eginner/Documents/Soccer_Data/env/lib/python3.8/site-packages/airflow/example_dags/example_kubernetes_executor.py
[2022-01-28 22:00:33,725] {processor.py:642} INFO - Processing file /home/data-eginner/Documents/Soccer_Data/env/lib/python3.8/site-packages/airflow/example_dags/example_kubernetes_executor.py for tasks to queue
[2022-01-28 22:00:33,726] {logging_mixin.py:109} INFO - [2022-01-28 22:00:33,726] {dagbag.py:500} INFO - Filling up the DagBag from /home/data-eginner/Documents/Soccer_Data/env/lib/python3.8/site-packages/airflow/example_dags/example_kubernetes_executor.py
[2022-01-28 22:00:33,738] {logging_mixin.py:109} INFO - [2022-01-28 22:00:33,738] {example_kubernetes_executor.py:38} WARNING - The example_kubernetes_executor example DAG requires the kubernetes provider. Please install it with: pip install apache-airflow[cncf.kubernetes]
[2022-01-28 22:00:33,748] {processor.py:656} WARNING - No viable dags retrieved from /home/data-eginner/Documents/Soccer_Data/env/lib/python3.8/site-packages/airflow/example_dags/example_kubernetes_executor.py
[2022-01-28 22:00:33,750] {processor.py:171} INFO - Processing /home/data-eginner/Documents/Soccer_Data/env/lib/python3.8/site-packages/airflow/example_dags/example_kubernetes_executor.py took 0.033 seconds
[2022-01-28 22:01:10,681] {processor.py:163} INFO - Started process (PID=26204) to work on /home/data-eginner/Documents/Soccer_Data/env/lib/python3.8/site-packages/airflow/example_dags/example_kubernetes_executor.py
[2022-01-28 22:01:10,731] {processor.py:642} INFO - Processing file /home/data-eginner/Documents/Soccer_Data/env/lib/python3.8/site-packages/airflow/example_dags/example_kubernetes_executor.py for tasks to queue
[2022-01-28 22:01:10,731] {logging_mixin.py:109} INFO - [2022-01-28 22:01:10,731] {dagbag.py:500} INFO - Filling up the DagBag from /home/data-eginner/Documents/Soccer_Data/env/lib/python3.8/site-packages/airflow/example_dags/example_kubernetes_executor.py
[2022-01-28 22:01:10,751] {logging_mixin.py:109} INFO - [2022-01-28 22:01:10,751] {example_kubernetes_executor.py:38} WARNING - The example_kubernetes_executor example DAG requires the kubernetes provider. Please install it with: pip install apache-airflow[cncf.kubernetes]
[2022-01-28 22:01:10,760] {processor.py:656} WARNING - No viable dags retrieved from /home/data-eginner/Documents/Soccer_Data/env/lib/python3.8/site-packages/airflow/example_dags/example_kubernetes_executor.py
[2022-01-28 22:01:10,762] {processor.py:171} INFO - Processing /home/data-eginner/Documents/Soccer_Data/env/lib/python3.8/site-packages/airflow/example_dags/example_kubernetes_executor.py took 0.084 seconds
[2022-01-28 22:02:01,539] {processor.py:163} INFO - Started process (PID=26399) to work on /home/data-eginner/Documents/Soccer_Data/env/lib/python3.8/site-packages/airflow/example_dags/example_kubernetes_executor.py
[2022-01-28 22:02:01,542] {processor.py:642} INFO - Processing file /home/data-eginner/Documents/Soccer_Data/env/lib/python3.8/site-packages/airflow/example_dags/example_kubernetes_executor.py for tasks to queue
[2022-01-28 22:02:01,542] {logging_mixin.py:109} INFO - [2022-01-28 22:02:01,542] {dagbag.py:500} INFO - Filling up the DagBag from /home/data-eginner/Documents/Soccer_Data/env/lib/python3.8/site-packages/airflow/example_dags/example_kubernetes_executor.py
[2022-01-28 22:02:01,550] {logging_mixin.py:109} INFO - [2022-01-28 22:02:01,550] {example_kubernetes_executor.py:38} WARNING - The example_kubernetes_executor example DAG requires the kubernetes provider. Please install it with: pip install apache-airflow[cncf.kubernetes]
[2022-01-28 22:02:01,559] {processor.py:656} WARNING - No viable dags retrieved from /home/data-eginner/Documents/Soccer_Data/env/lib/python3.8/site-packages/airflow/example_dags/example_kubernetes_executor.py
[2022-01-28 22:02:01,561] {processor.py:171} INFO - Processing /home/data-eginner/Documents/Soccer_Data/env/lib/python3.8/site-packages/airflow/example_dags/example_kubernetes_executor.py took 0.032 seconds
[2022-01-28 22:04:19,589] {processor.py:163} INFO - Started process (PID=26569) to work on /home/data-eginner/Documents/Soccer_Data/env/lib/python3.8/site-packages/airflow/example_dags/example_kubernetes_executor.py
[2022-01-28 22:04:19,593] {processor.py:642} INFO - Processing file /home/data-eginner/Documents/Soccer_Data/env/lib/python3.8/site-packages/airflow/example_dags/example_kubernetes_executor.py for tasks to queue
[2022-01-28 22:04:19,594] {logging_mixin.py:109} INFO - [2022-01-28 22:04:19,593] {dagbag.py:500} INFO - Filling up the DagBag from /home/data-eginner/Documents/Soccer_Data/env/lib/python3.8/site-packages/airflow/example_dags/example_kubernetes_executor.py
[2022-01-28 22:04:19,607] {logging_mixin.py:109} INFO - [2022-01-28 22:04:19,607] {example_kubernetes_executor.py:38} WARNING - The example_kubernetes_executor example DAG requires the kubernetes provider. Please install it with: pip install apache-airflow[cncf.kubernetes]
[2022-01-28 22:04:19,616] {processor.py:656} WARNING - No viable dags retrieved from /home/data-eginner/Documents/Soccer_Data/env/lib/python3.8/site-packages/airflow/example_dags/example_kubernetes_executor.py
[2022-01-28 22:04:19,620] {processor.py:171} INFO - Processing /home/data-eginner/Documents/Soccer_Data/env/lib/python3.8/site-packages/airflow/example_dags/example_kubernetes_executor.py took 0.038 seconds
[2022-01-28 22:05:02,179] {processor.py:163} INFO - Started process (PID=26735) to work on /home/data-eginner/Documents/Soccer_Data/env/lib/python3.8/site-packages/airflow/example_dags/example_kubernetes_executor.py
[2022-01-28 22:05:02,182] {processor.py:642} INFO - Processing file /home/data-eginner/Documents/Soccer_Data/env/lib/python3.8/site-packages/airflow/example_dags/example_kubernetes_executor.py for tasks to queue
[2022-01-28 22:05:02,182] {logging_mixin.py:109} INFO - [2022-01-28 22:05:02,182] {dagbag.py:500} INFO - Filling up the DagBag from /home/data-eginner/Documents/Soccer_Data/env/lib/python3.8/site-packages/airflow/example_dags/example_kubernetes_executor.py
[2022-01-28 22:05:02,193] {logging_mixin.py:109} INFO - [2022-01-28 22:05:02,193] {example_kubernetes_executor.py:38} WARNING - The example_kubernetes_executor example DAG requires the kubernetes provider. Please install it with: pip install apache-airflow[cncf.kubernetes]
[2022-01-28 22:05:02,212] {processor.py:656} WARNING - No viable dags retrieved from /home/data-eginner/Documents/Soccer_Data/env/lib/python3.8/site-packages/airflow/example_dags/example_kubernetes_executor.py
[2022-01-28 22:05:02,214] {processor.py:171} INFO - Processing /home/data-eginner/Documents/Soccer_Data/env/lib/python3.8/site-packages/airflow/example_dags/example_kubernetes_executor.py took 0.049 seconds
[2022-01-28 22:05:44,846] {processor.py:163} INFO - Started process (PID=26902) to work on /home/data-eginner/Documents/Soccer_Data/env/lib/python3.8/site-packages/airflow/example_dags/example_kubernetes_executor.py
[2022-01-28 22:05:44,853] {processor.py:642} INFO - Processing file /home/data-eginner/Documents/Soccer_Data/env/lib/python3.8/site-packages/airflow/example_dags/example_kubernetes_executor.py for tasks to queue
[2022-01-28 22:05:44,855] {logging_mixin.py:109} INFO - [2022-01-28 22:05:44,855] {dagbag.py:500} INFO - Filling up the DagBag from /home/data-eginner/Documents/Soccer_Data/env/lib/python3.8/site-packages/airflow/example_dags/example_kubernetes_executor.py
[2022-01-28 22:05:44,884] {logging_mixin.py:109} INFO - [2022-01-28 22:05:44,884] {example_kubernetes_executor.py:38} WARNING - The example_kubernetes_executor example DAG requires the kubernetes provider. Please install it with: pip install apache-airflow[cncf.kubernetes]
[2022-01-28 22:05:44,917] {processor.py:656} WARNING - No viable dags retrieved from /home/data-eginner/Documents/Soccer_Data/env/lib/python3.8/site-packages/airflow/example_dags/example_kubernetes_executor.py
[2022-01-28 22:05:44,921] {processor.py:171} INFO - Processing /home/data-eginner/Documents/Soccer_Data/env/lib/python3.8/site-packages/airflow/example_dags/example_kubernetes_executor.py took 0.085 seconds
[2022-01-28 22:06:23,450] {processor.py:163} INFO - Started process (PID=27059) to work on /home/data-eginner/Documents/Soccer_Data/env/lib/python3.8/site-packages/airflow/example_dags/example_kubernetes_executor.py
[2022-01-28 22:06:23,453] {processor.py:642} INFO - Processing file /home/data-eginner/Documents/Soccer_Data/env/lib/python3.8/site-packages/airflow/example_dags/example_kubernetes_executor.py for tasks to queue
[2022-01-28 22:06:23,454] {logging_mixin.py:109} INFO - [2022-01-28 22:06:23,453] {dagbag.py:500} INFO - Filling up the DagBag from /home/data-eginner/Documents/Soccer_Data/env/lib/python3.8/site-packages/airflow/example_dags/example_kubernetes_executor.py
[2022-01-28 22:06:23,469] {logging_mixin.py:109} INFO - [2022-01-28 22:06:23,469] {example_kubernetes_executor.py:38} WARNING - The example_kubernetes_executor example DAG requires the kubernetes provider. Please install it with: pip install apache-airflow[cncf.kubernetes]
[2022-01-28 22:06:23,478] {processor.py:656} WARNING - No viable dags retrieved from /home/data-eginner/Documents/Soccer_Data/env/lib/python3.8/site-packages/airflow/example_dags/example_kubernetes_executor.py
[2022-01-28 22:06:23,480] {processor.py:171} INFO - Processing /home/data-eginner/Documents/Soccer_Data/env/lib/python3.8/site-packages/airflow/example_dags/example_kubernetes_executor.py took 0.035 seconds
[2022-01-28 22:07:10,201] {processor.py:163} INFO - Started process (PID=27255) to work on /home/data-eginner/Documents/Soccer_Data/env/lib/python3.8/site-packages/airflow/example_dags/example_kubernetes_executor.py
[2022-01-28 22:07:10,254] {processor.py:642} INFO - Processing file /home/data-eginner/Documents/Soccer_Data/env/lib/python3.8/site-packages/airflow/example_dags/example_kubernetes_executor.py for tasks to queue
[2022-01-28 22:07:10,255] {logging_mixin.py:109} INFO - [2022-01-28 22:07:10,254] {dagbag.py:500} INFO - Filling up the DagBag from /home/data-eginner/Documents/Soccer_Data/env/lib/python3.8/site-packages/airflow/example_dags/example_kubernetes_executor.py
[2022-01-28 22:07:10,277] {logging_mixin.py:109} INFO - [2022-01-28 22:07:10,277] {example_kubernetes_executor.py:38} WARNING - The example_kubernetes_executor example DAG requires the kubernetes provider. Please install it with: pip install apache-airflow[cncf.kubernetes]
[2022-01-28 22:07:10,311] {processor.py:656} WARNING - No viable dags retrieved from /home/data-eginner/Documents/Soccer_Data/env/lib/python3.8/site-packages/airflow/example_dags/example_kubernetes_executor.py
[2022-01-28 22:07:10,326] {processor.py:171} INFO - Processing /home/data-eginner/Documents/Soccer_Data/env/lib/python3.8/site-packages/airflow/example_dags/example_kubernetes_executor.py took 0.143 seconds
[2022-01-28 22:08:09,518] {processor.py:163} INFO - Started process (PID=27486) to work on /home/data-eginner/Documents/Soccer_Data/env/lib/python3.8/site-packages/airflow/example_dags/example_kubernetes_executor.py
[2022-01-28 22:08:09,529] {processor.py:642} INFO - Processing file /home/data-eginner/Documents/Soccer_Data/env/lib/python3.8/site-packages/airflow/example_dags/example_kubernetes_executor.py for tasks to queue
[2022-01-28 22:08:09,529] {logging_mixin.py:109} INFO - [2022-01-28 22:08:09,529] {dagbag.py:500} INFO - Filling up the DagBag from /home/data-eginner/Documents/Soccer_Data/env/lib/python3.8/site-packages/airflow/example_dags/example_kubernetes_executor.py
[2022-01-28 22:08:09,547] {logging_mixin.py:109} INFO - [2022-01-28 22:08:09,546] {example_kubernetes_executor.py:38} WARNING - The example_kubernetes_executor example DAG requires the kubernetes provider. Please install it with: pip install apache-airflow[cncf.kubernetes]
[2022-01-28 22:08:09,558] {processor.py:656} WARNING - No viable dags retrieved from /home/data-eginner/Documents/Soccer_Data/env/lib/python3.8/site-packages/airflow/example_dags/example_kubernetes_executor.py
[2022-01-28 22:08:09,560] {processor.py:171} INFO - Processing /home/data-eginner/Documents/Soccer_Data/env/lib/python3.8/site-packages/airflow/example_dags/example_kubernetes_executor.py took 0.045 seconds
[2022-01-28 22:08:50,111] {processor.py:163} INFO - Started process (PID=27655) to work on /home/data-eginner/Documents/Soccer_Data/env/lib/python3.8/site-packages/airflow/example_dags/example_kubernetes_executor.py
[2022-01-28 22:08:50,114] {processor.py:642} INFO - Processing file /home/data-eginner/Documents/Soccer_Data/env/lib/python3.8/site-packages/airflow/example_dags/example_kubernetes_executor.py for tasks to queue
[2022-01-28 22:08:50,115] {logging_mixin.py:109} INFO - [2022-01-28 22:08:50,115] {dagbag.py:500} INFO - Filling up the DagBag from /home/data-eginner/Documents/Soccer_Data/env/lib/python3.8/site-packages/airflow/example_dags/example_kubernetes_executor.py
[2022-01-28 22:08:50,137] {logging_mixin.py:109} INFO - [2022-01-28 22:08:50,137] {example_kubernetes_executor.py:38} WARNING - The example_kubernetes_executor example DAG requires the kubernetes provider. Please install it with: pip install apache-airflow[cncf.kubernetes]
[2022-01-28 22:08:50,155] {processor.py:656} WARNING - No viable dags retrieved from /home/data-eginner/Documents/Soccer_Data/env/lib/python3.8/site-packages/airflow/example_dags/example_kubernetes_executor.py
[2022-01-28 22:08:50,157] {processor.py:171} INFO - Processing /home/data-eginner/Documents/Soccer_Data/env/lib/python3.8/site-packages/airflow/example_dags/example_kubernetes_executor.py took 0.071 seconds
[2022-01-28 22:09:28,508] {processor.py:163} INFO - Started process (PID=27805) to work on /home/data-eginner/Documents/Soccer_Data/env/lib/python3.8/site-packages/airflow/example_dags/example_kubernetes_executor.py
[2022-01-28 22:09:28,526] {processor.py:642} INFO - Processing file /home/data-eginner/Documents/Soccer_Data/env/lib/python3.8/site-packages/airflow/example_dags/example_kubernetes_executor.py for tasks to queue
[2022-01-28 22:09:28,527] {logging_mixin.py:109} INFO - [2022-01-28 22:09:28,527] {dagbag.py:500} INFO - Filling up the DagBag from /home/data-eginner/Documents/Soccer_Data/env/lib/python3.8/site-packages/airflow/example_dags/example_kubernetes_executor.py
[2022-01-28 22:09:28,539] {logging_mixin.py:109} INFO - [2022-01-28 22:09:28,539] {example_kubernetes_executor.py:38} WARNING - The example_kubernetes_executor example DAG requires the kubernetes provider. Please install it with: pip install apache-airflow[cncf.kubernetes]
[2022-01-28 22:09:28,550] {processor.py:656} WARNING - No viable dags retrieved from /home/data-eginner/Documents/Soccer_Data/env/lib/python3.8/site-packages/airflow/example_dags/example_kubernetes_executor.py
[2022-01-28 22:09:28,553] {processor.py:171} INFO - Processing /home/data-eginner/Documents/Soccer_Data/env/lib/python3.8/site-packages/airflow/example_dags/example_kubernetes_executor.py took 0.049 seconds
[2022-01-28 22:10:09,812] {processor.py:163} INFO - Started process (PID=27974) to work on /home/data-eginner/Documents/Soccer_Data/env/lib/python3.8/site-packages/airflow/example_dags/example_kubernetes_executor.py
[2022-01-28 22:10:09,814] {processor.py:642} INFO - Processing file /home/data-eginner/Documents/Soccer_Data/env/lib/python3.8/site-packages/airflow/example_dags/example_kubernetes_executor.py for tasks to queue
[2022-01-28 22:10:09,815] {logging_mixin.py:109} INFO - [2022-01-28 22:10:09,815] {dagbag.py:500} INFO - Filling up the DagBag from /home/data-eginner/Documents/Soccer_Data/env/lib/python3.8/site-packages/airflow/example_dags/example_kubernetes_executor.py
[2022-01-28 22:10:09,823] {logging_mixin.py:109} INFO - [2022-01-28 22:10:09,823] {example_kubernetes_executor.py:38} WARNING - The example_kubernetes_executor example DAG requires the kubernetes provider. Please install it with: pip install apache-airflow[cncf.kubernetes]
[2022-01-28 22:10:09,833] {processor.py:656} WARNING - No viable dags retrieved from /home/data-eginner/Documents/Soccer_Data/env/lib/python3.8/site-packages/airflow/example_dags/example_kubernetes_executor.py
[2022-01-28 22:10:09,839] {processor.py:171} INFO - Processing /home/data-eginner/Documents/Soccer_Data/env/lib/python3.8/site-packages/airflow/example_dags/example_kubernetes_executor.py took 0.030 seconds
[2022-01-28 22:10:59,890] {processor.py:163} INFO - Started process (PID=28187) to work on /home/data-eginner/Documents/Soccer_Data/env/lib/python3.8/site-packages/airflow/example_dags/example_kubernetes_executor.py
[2022-01-28 22:10:59,939] {processor.py:642} INFO - Processing file /home/data-eginner/Documents/Soccer_Data/env/lib/python3.8/site-packages/airflow/example_dags/example_kubernetes_executor.py for tasks to queue
[2022-01-28 22:10:59,940] {logging_mixin.py:109} INFO - [2022-01-28 22:10:59,940] {dagbag.py:500} INFO - Filling up the DagBag from /home/data-eginner/Documents/Soccer_Data/env/lib/python3.8/site-packages/airflow/example_dags/example_kubernetes_executor.py
[2022-01-28 22:10:59,951] {logging_mixin.py:109} INFO - [2022-01-28 22:10:59,951] {example_kubernetes_executor.py:38} WARNING - The example_kubernetes_executor example DAG requires the kubernetes provider. Please install it with: pip install apache-airflow[cncf.kubernetes]
[2022-01-28 22:10:59,961] {processor.py:656} WARNING - No viable dags retrieved from /home/data-eginner/Documents/Soccer_Data/env/lib/python3.8/site-packages/airflow/example_dags/example_kubernetes_executor.py
[2022-01-28 22:10:59,965] {processor.py:171} INFO - Processing /home/data-eginner/Documents/Soccer_Data/env/lib/python3.8/site-packages/airflow/example_dags/example_kubernetes_executor.py took 0.078 seconds
[2022-01-28 22:11:37,406] {processor.py:163} INFO - Started process (PID=28346) to work on /home/data-eginner/Documents/Soccer_Data/env/lib/python3.8/site-packages/airflow/example_dags/example_kubernetes_executor.py
[2022-01-28 22:11:37,408] {processor.py:642} INFO - Processing file /home/data-eginner/Documents/Soccer_Data/env/lib/python3.8/site-packages/airflow/example_dags/example_kubernetes_executor.py for tasks to queue
[2022-01-28 22:11:37,409] {logging_mixin.py:109} INFO - [2022-01-28 22:11:37,409] {dagbag.py:500} INFO - Filling up the DagBag from /home/data-eginner/Documents/Soccer_Data/env/lib/python3.8/site-packages/airflow/example_dags/example_kubernetes_executor.py
[2022-01-28 22:11:37,420] {logging_mixin.py:109} INFO - [2022-01-28 22:11:37,420] {example_kubernetes_executor.py:38} WARNING - The example_kubernetes_executor example DAG requires the kubernetes provider. Please install it with: pip install apache-airflow[cncf.kubernetes]
[2022-01-28 22:11:37,428] {processor.py:656} WARNING - No viable dags retrieved from /home/data-eginner/Documents/Soccer_Data/env/lib/python3.8/site-packages/airflow/example_dags/example_kubernetes_executor.py
[2022-01-28 22:11:37,430] {processor.py:171} INFO - Processing /home/data-eginner/Documents/Soccer_Data/env/lib/python3.8/site-packages/airflow/example_dags/example_kubernetes_executor.py took 0.026 seconds
[2022-01-28 22:12:20,707] {processor.py:163} INFO - Started process (PID=28533) to work on /home/data-eginner/Documents/Soccer_Data/env/lib/python3.8/site-packages/airflow/example_dags/example_kubernetes_executor.py
[2022-01-28 22:12:20,722] {processor.py:642} INFO - Processing file /home/data-eginner/Documents/Soccer_Data/env/lib/python3.8/site-packages/airflow/example_dags/example_kubernetes_executor.py for tasks to queue
[2022-01-28 22:12:20,722] {logging_mixin.py:109} INFO - [2022-01-28 22:12:20,722] {dagbag.py:500} INFO - Filling up the DagBag from /home/data-eginner/Documents/Soccer_Data/env/lib/python3.8/site-packages/airflow/example_dags/example_kubernetes_executor.py
[2022-01-28 22:12:20,743] {logging_mixin.py:109} INFO - [2022-01-28 22:12:20,743] {example_kubernetes_executor.py:38} WARNING - The example_kubernetes_executor example DAG requires the kubernetes provider. Please install it with: pip install apache-airflow[cncf.kubernetes]
[2022-01-28 22:12:20,809] {processor.py:656} WARNING - No viable dags retrieved from /home/data-eginner/Documents/Soccer_Data/env/lib/python3.8/site-packages/airflow/example_dags/example_kubernetes_executor.py
[2022-01-28 22:12:20,816] {processor.py:171} INFO - Processing /home/data-eginner/Documents/Soccer_Data/env/lib/python3.8/site-packages/airflow/example_dags/example_kubernetes_executor.py took 0.112 seconds
[2022-01-28 22:13:12,134] {processor.py:163} INFO - Started process (PID=28728) to work on /home/data-eginner/Documents/Soccer_Data/env/lib/python3.8/site-packages/airflow/example_dags/example_kubernetes_executor.py
[2022-01-28 22:13:12,166] {processor.py:642} INFO - Processing file /home/data-eginner/Documents/Soccer_Data/env/lib/python3.8/site-packages/airflow/example_dags/example_kubernetes_executor.py for tasks to queue
[2022-01-28 22:13:12,166] {logging_mixin.py:109} INFO - [2022-01-28 22:13:12,166] {dagbag.py:500} INFO - Filling up the DagBag from /home/data-eginner/Documents/Soccer_Data/env/lib/python3.8/site-packages/airflow/example_dags/example_kubernetes_executor.py
[2022-01-28 22:13:12,193] {logging_mixin.py:109} INFO - [2022-01-28 22:13:12,193] {example_kubernetes_executor.py:38} WARNING - The example_kubernetes_executor example DAG requires the kubernetes provider. Please install it with: pip install apache-airflow[cncf.kubernetes]
[2022-01-28 22:13:12,213] {processor.py:656} WARNING - No viable dags retrieved from /home/data-eginner/Documents/Soccer_Data/env/lib/python3.8/site-packages/airflow/example_dags/example_kubernetes_executor.py
[2022-01-28 22:13:12,215] {processor.py:171} INFO - Processing /home/data-eginner/Documents/Soccer_Data/env/lib/python3.8/site-packages/airflow/example_dags/example_kubernetes_executor.py took 0.096 seconds
[2022-01-28 22:14:02,016] {processor.py:163} INFO - Started process (PID=28936) to work on /home/data-eginner/Documents/Soccer_Data/env/lib/python3.8/site-packages/airflow/example_dags/example_kubernetes_executor.py
[2022-01-28 22:14:02,035] {processor.py:642} INFO - Processing file /home/data-eginner/Documents/Soccer_Data/env/lib/python3.8/site-packages/airflow/example_dags/example_kubernetes_executor.py for tasks to queue
[2022-01-28 22:14:02,035] {logging_mixin.py:109} INFO - [2022-01-28 22:14:02,035] {dagbag.py:500} INFO - Filling up the DagBag from /home/data-eginner/Documents/Soccer_Data/env/lib/python3.8/site-packages/airflow/example_dags/example_kubernetes_executor.py
[2022-01-28 22:14:02,059] {logging_mixin.py:109} INFO - [2022-01-28 22:14:02,059] {example_kubernetes_executor.py:38} WARNING - The example_kubernetes_executor example DAG requires the kubernetes provider. Please install it with: pip install apache-airflow[cncf.kubernetes]
[2022-01-28 22:14:02,071] {processor.py:656} WARNING - No viable dags retrieved from /home/data-eginner/Documents/Soccer_Data/env/lib/python3.8/site-packages/airflow/example_dags/example_kubernetes_executor.py
[2022-01-28 22:14:02,090] {processor.py:171} INFO - Processing /home/data-eginner/Documents/Soccer_Data/env/lib/python3.8/site-packages/airflow/example_dags/example_kubernetes_executor.py took 0.077 seconds
[2022-01-28 22:14:47,880] {processor.py:163} INFO - Started process (PID=29108) to work on /home/data-eginner/Documents/Soccer_Data/env/lib/python3.8/site-packages/airflow/example_dags/example_kubernetes_executor.py
[2022-01-28 22:14:47,882] {processor.py:642} INFO - Processing file /home/data-eginner/Documents/Soccer_Data/env/lib/python3.8/site-packages/airflow/example_dags/example_kubernetes_executor.py for tasks to queue
[2022-01-28 22:14:47,883] {logging_mixin.py:109} INFO - [2022-01-28 22:14:47,883] {dagbag.py:500} INFO - Filling up the DagBag from /home/data-eginner/Documents/Soccer_Data/env/lib/python3.8/site-packages/airflow/example_dags/example_kubernetes_executor.py
[2022-01-28 22:14:47,893] {logging_mixin.py:109} INFO - [2022-01-28 22:14:47,892] {example_kubernetes_executor.py:38} WARNING - The example_kubernetes_executor example DAG requires the kubernetes provider. Please install it with: pip install apache-airflow[cncf.kubernetes]
[2022-01-28 22:14:47,905] {processor.py:656} WARNING - No viable dags retrieved from /home/data-eginner/Documents/Soccer_Data/env/lib/python3.8/site-packages/airflow/example_dags/example_kubernetes_executor.py
[2022-01-28 22:14:47,914] {processor.py:171} INFO - Processing /home/data-eginner/Documents/Soccer_Data/env/lib/python3.8/site-packages/airflow/example_dags/example_kubernetes_executor.py took 0.040 seconds
[2022-01-28 22:15:48,837] {processor.py:163} INFO - Started process (PID=29319) to work on /home/data-eginner/Documents/Soccer_Data/env/lib/python3.8/site-packages/airflow/example_dags/example_kubernetes_executor.py
[2022-01-28 22:15:48,860] {processor.py:642} INFO - Processing file /home/data-eginner/Documents/Soccer_Data/env/lib/python3.8/site-packages/airflow/example_dags/example_kubernetes_executor.py for tasks to queue
[2022-01-28 22:15:48,866] {logging_mixin.py:109} INFO - [2022-01-28 22:15:48,866] {dagbag.py:500} INFO - Filling up the DagBag from /home/data-eginner/Documents/Soccer_Data/env/lib/python3.8/site-packages/airflow/example_dags/example_kubernetes_executor.py
[2022-01-28 22:15:48,906] {logging_mixin.py:109} INFO - [2022-01-28 22:15:48,906] {example_kubernetes_executor.py:38} WARNING - The example_kubernetes_executor example DAG requires the kubernetes provider. Please install it with: pip install apache-airflow[cncf.kubernetes]
[2022-01-28 22:15:48,955] {processor.py:656} WARNING - No viable dags retrieved from /home/data-eginner/Documents/Soccer_Data/env/lib/python3.8/site-packages/airflow/example_dags/example_kubernetes_executor.py
[2022-01-28 22:15:48,989] {processor.py:171} INFO - Processing /home/data-eginner/Documents/Soccer_Data/env/lib/python3.8/site-packages/airflow/example_dags/example_kubernetes_executor.py took 0.154 seconds
[2022-01-28 22:16:43,212] {processor.py:163} INFO - Started process (PID=29520) to work on /home/data-eginner/Documents/Soccer_Data/env/lib/python3.8/site-packages/airflow/example_dags/example_kubernetes_executor.py
[2022-01-28 22:16:43,220] {processor.py:642} INFO - Processing file /home/data-eginner/Documents/Soccer_Data/env/lib/python3.8/site-packages/airflow/example_dags/example_kubernetes_executor.py for tasks to queue
[2022-01-28 22:16:43,220] {logging_mixin.py:109} INFO - [2022-01-28 22:16:43,220] {dagbag.py:500} INFO - Filling up the DagBag from /home/data-eginner/Documents/Soccer_Data/env/lib/python3.8/site-packages/airflow/example_dags/example_kubernetes_executor.py
[2022-01-28 22:16:43,242] {logging_mixin.py:109} INFO - [2022-01-28 22:16:43,242] {example_kubernetes_executor.py:38} WARNING - The example_kubernetes_executor example DAG requires the kubernetes provider. Please install it with: pip install apache-airflow[cncf.kubernetes]
[2022-01-28 22:16:43,262] {processor.py:656} WARNING - No viable dags retrieved from /home/data-eginner/Documents/Soccer_Data/env/lib/python3.8/site-packages/airflow/example_dags/example_kubernetes_executor.py
[2022-01-28 22:16:43,264] {processor.py:171} INFO - Processing /home/data-eginner/Documents/Soccer_Data/env/lib/python3.8/site-packages/airflow/example_dags/example_kubernetes_executor.py took 0.054 seconds
[2022-01-28 22:17:46,898] {processor.py:163} INFO - Started process (PID=29761) to work on /home/data-eginner/Documents/Soccer_Data/env/lib/python3.8/site-packages/airflow/example_dags/example_kubernetes_executor.py
[2022-01-28 22:17:46,902] {processor.py:642} INFO - Processing file /home/data-eginner/Documents/Soccer_Data/env/lib/python3.8/site-packages/airflow/example_dags/example_kubernetes_executor.py for tasks to queue
[2022-01-28 22:17:46,903] {logging_mixin.py:109} INFO - [2022-01-28 22:17:46,903] {dagbag.py:500} INFO - Filling up the DagBag from /home/data-eginner/Documents/Soccer_Data/env/lib/python3.8/site-packages/airflow/example_dags/example_kubernetes_executor.py
[2022-01-28 22:17:46,916] {logging_mixin.py:109} INFO - [2022-01-28 22:17:46,915] {example_kubernetes_executor.py:38} WARNING - The example_kubernetes_executor example DAG requires the kubernetes provider. Please install it with: pip install apache-airflow[cncf.kubernetes]
[2022-01-28 22:17:46,927] {processor.py:656} WARNING - No viable dags retrieved from /home/data-eginner/Documents/Soccer_Data/env/lib/python3.8/site-packages/airflow/example_dags/example_kubernetes_executor.py
[2022-01-28 22:17:46,930] {processor.py:171} INFO - Processing /home/data-eginner/Documents/Soccer_Data/env/lib/python3.8/site-packages/airflow/example_dags/example_kubernetes_executor.py took 0.048 seconds
[2022-01-28 22:18:23,600] {processor.py:163} INFO - Started process (PID=29917) to work on /home/data-eginner/Documents/Soccer_Data/env/lib/python3.8/site-packages/airflow/example_dags/example_kubernetes_executor.py
[2022-01-28 22:18:23,626] {processor.py:642} INFO - Processing file /home/data-eginner/Documents/Soccer_Data/env/lib/python3.8/site-packages/airflow/example_dags/example_kubernetes_executor.py for tasks to queue
[2022-01-28 22:18:23,626] {logging_mixin.py:109} INFO - [2022-01-28 22:18:23,626] {dagbag.py:500} INFO - Filling up the DagBag from /home/data-eginner/Documents/Soccer_Data/env/lib/python3.8/site-packages/airflow/example_dags/example_kubernetes_executor.py
[2022-01-28 22:18:23,637] {logging_mixin.py:109} INFO - [2022-01-28 22:18:23,637] {example_kubernetes_executor.py:38} WARNING - The example_kubernetes_executor example DAG requires the kubernetes provider. Please install it with: pip install apache-airflow[cncf.kubernetes]
[2022-01-28 22:18:23,647] {processor.py:656} WARNING - No viable dags retrieved from /home/data-eginner/Documents/Soccer_Data/env/lib/python3.8/site-packages/airflow/example_dags/example_kubernetes_executor.py
[2022-01-28 22:18:23,649] {processor.py:171} INFO - Processing /home/data-eginner/Documents/Soccer_Data/env/lib/python3.8/site-packages/airflow/example_dags/example_kubernetes_executor.py took 0.053 seconds
[2022-01-28 22:19:11,161] {processor.py:163} INFO - Started process (PID=30103) to work on /home/data-eginner/Documents/Soccer_Data/env/lib/python3.8/site-packages/airflow/example_dags/example_kubernetes_executor.py
[2022-01-28 22:19:11,163] {processor.py:642} INFO - Processing file /home/data-eginner/Documents/Soccer_Data/env/lib/python3.8/site-packages/airflow/example_dags/example_kubernetes_executor.py for tasks to queue
[2022-01-28 22:19:11,180] {logging_mixin.py:109} INFO - [2022-01-28 22:19:11,180] {dagbag.py:500} INFO - Filling up the DagBag from /home/data-eginner/Documents/Soccer_Data/env/lib/python3.8/site-packages/airflow/example_dags/example_kubernetes_executor.py
[2022-01-28 22:19:11,200] {logging_mixin.py:109} INFO - [2022-01-28 22:19:11,200] {example_kubernetes_executor.py:38} WARNING - The example_kubernetes_executor example DAG requires the kubernetes provider. Please install it with: pip install apache-airflow[cncf.kubernetes]
[2022-01-28 22:19:11,225] {processor.py:656} WARNING - No viable dags retrieved from /home/data-eginner/Documents/Soccer_Data/env/lib/python3.8/site-packages/airflow/example_dags/example_kubernetes_executor.py
[2022-01-28 22:19:11,234] {processor.py:171} INFO - Processing /home/data-eginner/Documents/Soccer_Data/env/lib/python3.8/site-packages/airflow/example_dags/example_kubernetes_executor.py took 0.073 seconds
[2022-01-28 22:20:28,110] {processor.py:163} INFO - Started process (PID=30416) to work on /home/data-eginner/Documents/Soccer_Data/env/lib/python3.8/site-packages/airflow/example_dags/example_kubernetes_executor.py
[2022-01-28 22:20:28,131] {processor.py:642} INFO - Processing file /home/data-eginner/Documents/Soccer_Data/env/lib/python3.8/site-packages/airflow/example_dags/example_kubernetes_executor.py for tasks to queue
[2022-01-28 22:20:28,132] {logging_mixin.py:109} INFO - [2022-01-28 22:20:28,131] {dagbag.py:500} INFO - Filling up the DagBag from /home/data-eginner/Documents/Soccer_Data/env/lib/python3.8/site-packages/airflow/example_dags/example_kubernetes_executor.py
[2022-01-28 22:20:28,144] {logging_mixin.py:109} INFO - [2022-01-28 22:20:28,144] {example_kubernetes_executor.py:38} WARNING - The example_kubernetes_executor example DAG requires the kubernetes provider. Please install it with: pip install apache-airflow[cncf.kubernetes]
[2022-01-28 22:20:28,196] {processor.py:656} WARNING - No viable dags retrieved from /home/data-eginner/Documents/Soccer_Data/env/lib/python3.8/site-packages/airflow/example_dags/example_kubernetes_executor.py
[2022-01-28 22:20:28,198] {processor.py:171} INFO - Processing /home/data-eginner/Documents/Soccer_Data/env/lib/python3.8/site-packages/airflow/example_dags/example_kubernetes_executor.py took 0.090 seconds
[2022-01-28 22:21:06,321] {processor.py:163} INFO - Started process (PID=30581) to work on /home/data-eginner/Documents/Soccer_Data/env/lib/python3.8/site-packages/airflow/example_dags/example_kubernetes_executor.py
[2022-01-28 22:21:06,327] {processor.py:642} INFO - Processing file /home/data-eginner/Documents/Soccer_Data/env/lib/python3.8/site-packages/airflow/example_dags/example_kubernetes_executor.py for tasks to queue
[2022-01-28 22:21:06,328] {logging_mixin.py:109} INFO - [2022-01-28 22:21:06,328] {dagbag.py:500} INFO - Filling up the DagBag from /home/data-eginner/Documents/Soccer_Data/env/lib/python3.8/site-packages/airflow/example_dags/example_kubernetes_executor.py
[2022-01-28 22:21:06,341] {logging_mixin.py:109} INFO - [2022-01-28 22:21:06,341] {example_kubernetes_executor.py:38} WARNING - The example_kubernetes_executor example DAG requires the kubernetes provider. Please install it with: pip install apache-airflow[cncf.kubernetes]
[2022-01-28 22:21:06,350] {processor.py:656} WARNING - No viable dags retrieved from /home/data-eginner/Documents/Soccer_Data/env/lib/python3.8/site-packages/airflow/example_dags/example_kubernetes_executor.py
[2022-01-28 22:21:06,352] {processor.py:171} INFO - Processing /home/data-eginner/Documents/Soccer_Data/env/lib/python3.8/site-packages/airflow/example_dags/example_kubernetes_executor.py took 0.036 seconds
[2022-01-28 22:21:43,655] {processor.py:163} INFO - Started process (PID=30735) to work on /home/data-eginner/Documents/Soccer_Data/env/lib/python3.8/site-packages/airflow/example_dags/example_kubernetes_executor.py
[2022-01-28 22:21:43,658] {processor.py:642} INFO - Processing file /home/data-eginner/Documents/Soccer_Data/env/lib/python3.8/site-packages/airflow/example_dags/example_kubernetes_executor.py for tasks to queue
[2022-01-28 22:21:43,659] {logging_mixin.py:109} INFO - [2022-01-28 22:21:43,659] {dagbag.py:500} INFO - Filling up the DagBag from /home/data-eginner/Documents/Soccer_Data/env/lib/python3.8/site-packages/airflow/example_dags/example_kubernetes_executor.py
[2022-01-28 22:21:43,667] {logging_mixin.py:109} INFO - [2022-01-28 22:21:43,667] {example_kubernetes_executor.py:38} WARNING - The example_kubernetes_executor example DAG requires the kubernetes provider. Please install it with: pip install apache-airflow[cncf.kubernetes]
[2022-01-28 22:21:43,676] {processor.py:656} WARNING - No viable dags retrieved from /home/data-eginner/Documents/Soccer_Data/env/lib/python3.8/site-packages/airflow/example_dags/example_kubernetes_executor.py
[2022-01-28 22:21:43,677] {processor.py:171} INFO - Processing /home/data-eginner/Documents/Soccer_Data/env/lib/python3.8/site-packages/airflow/example_dags/example_kubernetes_executor.py took 0.034 seconds
[2022-01-28 22:22:20,322] {processor.py:163} INFO - Started process (PID=30895) to work on /home/data-eginner/Documents/Soccer_Data/env/lib/python3.8/site-packages/airflow/example_dags/example_kubernetes_executor.py
[2022-01-28 22:22:20,324] {processor.py:642} INFO - Processing file /home/data-eginner/Documents/Soccer_Data/env/lib/python3.8/site-packages/airflow/example_dags/example_kubernetes_executor.py for tasks to queue
[2022-01-28 22:22:20,324] {logging_mixin.py:109} INFO - [2022-01-28 22:22:20,324] {dagbag.py:500} INFO - Filling up the DagBag from /home/data-eginner/Documents/Soccer_Data/env/lib/python3.8/site-packages/airflow/example_dags/example_kubernetes_executor.py
[2022-01-28 22:22:20,333] {logging_mixin.py:109} INFO - [2022-01-28 22:22:20,333] {example_kubernetes_executor.py:38} WARNING - The example_kubernetes_executor example DAG requires the kubernetes provider. Please install it with: pip install apache-airflow[cncf.kubernetes]
[2022-01-28 22:22:20,341] {processor.py:656} WARNING - No viable dags retrieved from /home/data-eginner/Documents/Soccer_Data/env/lib/python3.8/site-packages/airflow/example_dags/example_kubernetes_executor.py
[2022-01-28 22:22:20,343] {processor.py:171} INFO - Processing /home/data-eginner/Documents/Soccer_Data/env/lib/python3.8/site-packages/airflow/example_dags/example_kubernetes_executor.py took 0.023 seconds
