[2022-01-28 21:08:13,256] {processor.py:163} INFO - Started process (PID=19743) to work on /home/data-eginner/Documents/Soccer_Data/env/lib/python3.8/site-packages/airflow/example_dags/example_sla_dag.py
[2022-01-28 21:08:13,257] {processor.py:642} INFO - Processing file /home/data-eginner/Documents/Soccer_Data/env/lib/python3.8/site-packages/airflow/example_dags/example_sla_dag.py for tasks to queue
[2022-01-28 21:08:13,258] {logging_mixin.py:109} INFO - [2022-01-28 21:08:13,258] {dagbag.py:500} INFO - Filling up the DagBag from /home/data-eginner/Documents/Soccer_Data/env/lib/python3.8/site-packages/airflow/example_dags/example_sla_dag.py
[2022-01-28 21:08:13,342] {processor.py:654} INFO - DAG(s) dict_keys(['example_sla_dag']) retrieved from /home/data-eginner/Documents/Soccer_Data/env/lib/python3.8/site-packages/airflow/example_dags/example_sla_dag.py
[2022-01-28 21:08:13,349] {logging_mixin.py:109} INFO - [2022-01-28 21:08:13,349] {dag.py:2396} INFO - Sync 1 DAGs
[2022-01-28 21:08:13,390] {logging_mixin.py:109} INFO - [2022-01-28 21:08:13,390] {dag.py:2935} INFO - Setting next_dagrun for example_sla_dag to 2022-01-29T00:06:00+00:00
[2022-01-28 21:08:13,434] {processor.py:171} INFO - Processing /home/data-eginner/Documents/Soccer_Data/env/lib/python3.8/site-packages/airflow/example_dags/example_sla_dag.py took 0.213 seconds
[2022-01-28 21:08:59,285] {processor.py:163} INFO - Started process (PID=19912) to work on /home/data-eginner/Documents/Soccer_Data/env/lib/python3.8/site-packages/airflow/example_dags/example_sla_dag.py
[2022-01-28 21:08:59,311] {processor.py:642} INFO - Processing file /home/data-eginner/Documents/Soccer_Data/env/lib/python3.8/site-packages/airflow/example_dags/example_sla_dag.py for tasks to queue
[2022-01-28 21:08:59,312] {logging_mixin.py:109} INFO - [2022-01-28 21:08:59,312] {dagbag.py:500} INFO - Filling up the DagBag from /home/data-eginner/Documents/Soccer_Data/env/lib/python3.8/site-packages/airflow/example_dags/example_sla_dag.py
[2022-01-28 21:08:59,348] {processor.py:654} INFO - DAG(s) dict_keys(['example_sla_dag']) retrieved from /home/data-eginner/Documents/Soccer_Data/env/lib/python3.8/site-packages/airflow/example_dags/example_sla_dag.py
[2022-01-28 21:08:59,360] {logging_mixin.py:109} INFO - [2022-01-28 21:08:59,360] {dag.py:2396} INFO - Sync 1 DAGs
[2022-01-28 21:08:59,386] {logging_mixin.py:109} INFO - [2022-01-28 21:08:59,385] {dag.py:2935} INFO - Setting next_dagrun for example_sla_dag to 2022-01-29T00:06:00+00:00
[2022-01-28 21:08:59,432] {processor.py:171} INFO - Processing /home/data-eginner/Documents/Soccer_Data/env/lib/python3.8/site-packages/airflow/example_dags/example_sla_dag.py took 0.149 seconds
[2022-01-28 21:09:49,966] {processor.py:163} INFO - Started process (PID=20101) to work on /home/data-eginner/Documents/Soccer_Data/env/lib/python3.8/site-packages/airflow/example_dags/example_sla_dag.py
[2022-01-28 21:09:49,971] {processor.py:642} INFO - Processing file /home/data-eginner/Documents/Soccer_Data/env/lib/python3.8/site-packages/airflow/example_dags/example_sla_dag.py for tasks to queue
[2022-01-28 21:09:49,971] {logging_mixin.py:109} INFO - [2022-01-28 21:09:49,971] {dagbag.py:500} INFO - Filling up the DagBag from /home/data-eginner/Documents/Soccer_Data/env/lib/python3.8/site-packages/airflow/example_dags/example_sla_dag.py
[2022-01-28 21:09:50,030] {processor.py:654} INFO - DAG(s) dict_keys(['example_sla_dag']) retrieved from /home/data-eginner/Documents/Soccer_Data/env/lib/python3.8/site-packages/airflow/example_dags/example_sla_dag.py
[2022-01-28 21:09:50,052] {logging_mixin.py:109} INFO - [2022-01-28 21:09:50,052] {dag.py:2396} INFO - Sync 1 DAGs
[2022-01-28 21:09:50,095] {logging_mixin.py:109} INFO - [2022-01-28 21:09:50,095] {dag.py:2935} INFO - Setting next_dagrun for example_sla_dag to 2022-01-29T00:06:00+00:00
[2022-01-28 21:09:50,124] {processor.py:171} INFO - Processing /home/data-eginner/Documents/Soccer_Data/env/lib/python3.8/site-packages/airflow/example_dags/example_sla_dag.py took 0.178 seconds
[2022-01-28 21:10:37,683] {processor.py:163} INFO - Started process (PID=20284) to work on /home/data-eginner/Documents/Soccer_Data/env/lib/python3.8/site-packages/airflow/example_dags/example_sla_dag.py
[2022-01-28 21:10:37,686] {processor.py:642} INFO - Processing file /home/data-eginner/Documents/Soccer_Data/env/lib/python3.8/site-packages/airflow/example_dags/example_sla_dag.py for tasks to queue
[2022-01-28 21:10:37,687] {logging_mixin.py:109} INFO - [2022-01-28 21:10:37,687] {dagbag.py:500} INFO - Filling up the DagBag from /home/data-eginner/Documents/Soccer_Data/env/lib/python3.8/site-packages/airflow/example_dags/example_sla_dag.py
[2022-01-28 21:10:37,714] {processor.py:654} INFO - DAG(s) dict_keys(['example_sla_dag']) retrieved from /home/data-eginner/Documents/Soccer_Data/env/lib/python3.8/site-packages/airflow/example_dags/example_sla_dag.py
[2022-01-28 21:10:37,726] {logging_mixin.py:109} INFO - [2022-01-28 21:10:37,726] {dag.py:2396} INFO - Sync 1 DAGs
[2022-01-28 21:10:37,745] {logging_mixin.py:109} INFO - [2022-01-28 21:10:37,745] {dag.py:2935} INFO - Setting next_dagrun for example_sla_dag to 2022-01-29T00:08:00+00:00
[2022-01-28 21:10:37,786] {processor.py:171} INFO - Processing /home/data-eginner/Documents/Soccer_Data/env/lib/python3.8/site-packages/airflow/example_dags/example_sla_dag.py took 0.105 seconds
[2022-01-28 21:11:18,516] {processor.py:163} INFO - Started process (PID=20441) to work on /home/data-eginner/Documents/Soccer_Data/env/lib/python3.8/site-packages/airflow/example_dags/example_sla_dag.py
[2022-01-28 21:11:18,538] {processor.py:642} INFO - Processing file /home/data-eginner/Documents/Soccer_Data/env/lib/python3.8/site-packages/airflow/example_dags/example_sla_dag.py for tasks to queue
[2022-01-28 21:11:18,538] {logging_mixin.py:109} INFO - [2022-01-28 21:11:18,538] {dagbag.py:500} INFO - Filling up the DagBag from /home/data-eginner/Documents/Soccer_Data/env/lib/python3.8/site-packages/airflow/example_dags/example_sla_dag.py
[2022-01-28 21:11:18,586] {processor.py:654} INFO - DAG(s) dict_keys(['example_sla_dag']) retrieved from /home/data-eginner/Documents/Soccer_Data/env/lib/python3.8/site-packages/airflow/example_dags/example_sla_dag.py
[2022-01-28 21:11:18,625] {logging_mixin.py:109} INFO - [2022-01-28 21:11:18,625] {dag.py:2396} INFO - Sync 1 DAGs
[2022-01-28 21:11:18,663] {logging_mixin.py:109} INFO - [2022-01-28 21:11:18,662] {dag.py:2935} INFO - Setting next_dagrun for example_sla_dag to 2022-01-29T00:08:00+00:00
[2022-01-28 21:11:18,689] {processor.py:171} INFO - Processing /home/data-eginner/Documents/Soccer_Data/env/lib/python3.8/site-packages/airflow/example_dags/example_sla_dag.py took 0.187 seconds
[2022-01-28 21:11:56,498] {processor.py:163} INFO - Started process (PID=20598) to work on /home/data-eginner/Documents/Soccer_Data/env/lib/python3.8/site-packages/airflow/example_dags/example_sla_dag.py
[2022-01-28 21:11:56,511] {processor.py:642} INFO - Processing file /home/data-eginner/Documents/Soccer_Data/env/lib/python3.8/site-packages/airflow/example_dags/example_sla_dag.py for tasks to queue
[2022-01-28 21:11:56,512] {logging_mixin.py:109} INFO - [2022-01-28 21:11:56,512] {dagbag.py:500} INFO - Filling up the DagBag from /home/data-eginner/Documents/Soccer_Data/env/lib/python3.8/site-packages/airflow/example_dags/example_sla_dag.py
[2022-01-28 21:11:56,541] {processor.py:654} INFO - DAG(s) dict_keys(['example_sla_dag']) retrieved from /home/data-eginner/Documents/Soccer_Data/env/lib/python3.8/site-packages/airflow/example_dags/example_sla_dag.py
[2022-01-28 21:11:56,554] {logging_mixin.py:109} INFO - [2022-01-28 21:11:56,553] {dag.py:2396} INFO - Sync 1 DAGs
[2022-01-28 21:11:56,583] {logging_mixin.py:109} INFO - [2022-01-28 21:11:56,583] {dag.py:2935} INFO - Setting next_dagrun for example_sla_dag to 2022-01-29T00:08:00+00:00
[2022-01-28 21:11:56,608] {processor.py:171} INFO - Processing /home/data-eginner/Documents/Soccer_Data/env/lib/python3.8/site-packages/airflow/example_dags/example_sla_dag.py took 0.112 seconds
[2022-01-28 21:12:34,170] {processor.py:163} INFO - Started process (PID=20739) to work on /home/data-eginner/Documents/Soccer_Data/env/lib/python3.8/site-packages/airflow/example_dags/example_sla_dag.py
[2022-01-28 21:12:34,175] {processor.py:642} INFO - Processing file /home/data-eginner/Documents/Soccer_Data/env/lib/python3.8/site-packages/airflow/example_dags/example_sla_dag.py for tasks to queue
[2022-01-28 21:12:34,176] {logging_mixin.py:109} INFO - [2022-01-28 21:12:34,176] {dagbag.py:500} INFO - Filling up the DagBag from /home/data-eginner/Documents/Soccer_Data/env/lib/python3.8/site-packages/airflow/example_dags/example_sla_dag.py
[2022-01-28 21:12:34,203] {processor.py:654} INFO - DAG(s) dict_keys(['example_sla_dag']) retrieved from /home/data-eginner/Documents/Soccer_Data/env/lib/python3.8/site-packages/airflow/example_dags/example_sla_dag.py
[2022-01-28 21:12:34,216] {logging_mixin.py:109} INFO - [2022-01-28 21:12:34,215] {dag.py:2396} INFO - Sync 1 DAGs
[2022-01-28 21:12:34,234] {logging_mixin.py:109} INFO - [2022-01-28 21:12:34,233] {dag.py:2935} INFO - Setting next_dagrun for example_sla_dag to 2022-01-29T00:10:00+00:00
[2022-01-28 21:12:34,263] {processor.py:171} INFO - Processing /home/data-eginner/Documents/Soccer_Data/env/lib/python3.8/site-packages/airflow/example_dags/example_sla_dag.py took 0.096 seconds
[2022-01-28 21:13:22,397] {processor.py:163} INFO - Started process (PID=20922) to work on /home/data-eginner/Documents/Soccer_Data/env/lib/python3.8/site-packages/airflow/example_dags/example_sla_dag.py
[2022-01-28 21:13:22,413] {processor.py:642} INFO - Processing file /home/data-eginner/Documents/Soccer_Data/env/lib/python3.8/site-packages/airflow/example_dags/example_sla_dag.py for tasks to queue
[2022-01-28 21:13:22,419] {logging_mixin.py:109} INFO - [2022-01-28 21:13:22,419] {dagbag.py:500} INFO - Filling up the DagBag from /home/data-eginner/Documents/Soccer_Data/env/lib/python3.8/site-packages/airflow/example_dags/example_sla_dag.py
[2022-01-28 21:13:22,499] {processor.py:654} INFO - DAG(s) dict_keys(['example_sla_dag']) retrieved from /home/data-eginner/Documents/Soccer_Data/env/lib/python3.8/site-packages/airflow/example_dags/example_sla_dag.py
[2022-01-28 21:13:22,545] {logging_mixin.py:109} INFO - [2022-01-28 21:13:22,531] {dag.py:2396} INFO - Sync 1 DAGs
[2022-01-28 21:13:22,576] {logging_mixin.py:109} INFO - [2022-01-28 21:13:22,576] {dag.py:2935} INFO - Setting next_dagrun for example_sla_dag to 2022-01-29T00:10:00+00:00
[2022-01-28 21:13:22,604] {processor.py:171} INFO - Processing /home/data-eginner/Documents/Soccer_Data/env/lib/python3.8/site-packages/airflow/example_dags/example_sla_dag.py took 0.224 seconds
[2022-01-28 21:14:07,759] {processor.py:163} INFO - Started process (PID=21085) to work on /home/data-eginner/Documents/Soccer_Data/env/lib/python3.8/site-packages/airflow/example_dags/example_sla_dag.py
[2022-01-28 21:14:07,761] {processor.py:642} INFO - Processing file /home/data-eginner/Documents/Soccer_Data/env/lib/python3.8/site-packages/airflow/example_dags/example_sla_dag.py for tasks to queue
[2022-01-28 21:14:07,762] {logging_mixin.py:109} INFO - [2022-01-28 21:14:07,762] {dagbag.py:500} INFO - Filling up the DagBag from /home/data-eginner/Documents/Soccer_Data/env/lib/python3.8/site-packages/airflow/example_dags/example_sla_dag.py
[2022-01-28 21:14:07,802] {processor.py:654} INFO - DAG(s) dict_keys(['example_sla_dag']) retrieved from /home/data-eginner/Documents/Soccer_Data/env/lib/python3.8/site-packages/airflow/example_dags/example_sla_dag.py
[2022-01-28 21:14:07,813] {logging_mixin.py:109} INFO - [2022-01-28 21:14:07,813] {dag.py:2396} INFO - Sync 1 DAGs
[2022-01-28 21:14:07,834] {logging_mixin.py:109} INFO - [2022-01-28 21:14:07,834] {dag.py:2935} INFO - Setting next_dagrun for example_sla_dag to 2022-01-29T00:12:00+00:00
[2022-01-28 21:14:07,855] {processor.py:171} INFO - Processing /home/data-eginner/Documents/Soccer_Data/env/lib/python3.8/site-packages/airflow/example_dags/example_sla_dag.py took 0.103 seconds
[2022-01-28 21:15:16,341] {processor.py:163} INFO - Started process (PID=21308) to work on /home/data-eginner/Documents/Soccer_Data/env/lib/python3.8/site-packages/airflow/example_dags/example_sla_dag.py
[2022-01-28 21:15:16,358] {processor.py:642} INFO - Processing file /home/data-eginner/Documents/Soccer_Data/env/lib/python3.8/site-packages/airflow/example_dags/example_sla_dag.py for tasks to queue
[2022-01-28 21:15:16,359] {logging_mixin.py:109} INFO - [2022-01-28 21:15:16,359] {dagbag.py:500} INFO - Filling up the DagBag from /home/data-eginner/Documents/Soccer_Data/env/lib/python3.8/site-packages/airflow/example_dags/example_sla_dag.py
[2022-01-28 21:15:16,493] {processor.py:654} INFO - DAG(s) dict_keys(['example_sla_dag']) retrieved from /home/data-eginner/Documents/Soccer_Data/env/lib/python3.8/site-packages/airflow/example_dags/example_sla_dag.py
[2022-01-28 21:15:16,536] {logging_mixin.py:109} INFO - [2022-01-28 21:15:16,536] {dag.py:2396} INFO - Sync 1 DAGs
[2022-01-28 21:15:16,585] {logging_mixin.py:109} INFO - [2022-01-28 21:15:16,584] {dag.py:2935} INFO - Setting next_dagrun for example_sla_dag to 2022-01-29T00:12:00+00:00
[2022-01-28 21:15:16,675] {processor.py:171} INFO - Processing /home/data-eginner/Documents/Soccer_Data/env/lib/python3.8/site-packages/airflow/example_dags/example_sla_dag.py took 0.353 seconds
[2022-01-28 21:16:11,579] {processor.py:163} INFO - Started process (PID=21490) to work on /home/data-eginner/Documents/Soccer_Data/env/lib/python3.8/site-packages/airflow/example_dags/example_sla_dag.py
[2022-01-28 21:16:11,586] {processor.py:642} INFO - Processing file /home/data-eginner/Documents/Soccer_Data/env/lib/python3.8/site-packages/airflow/example_dags/example_sla_dag.py for tasks to queue
[2022-01-28 21:16:11,586] {logging_mixin.py:109} INFO - [2022-01-28 21:16:11,586] {dagbag.py:500} INFO - Filling up the DagBag from /home/data-eginner/Documents/Soccer_Data/env/lib/python3.8/site-packages/airflow/example_dags/example_sla_dag.py
[2022-01-28 21:16:11,654] {processor.py:654} INFO - DAG(s) dict_keys(['example_sla_dag']) retrieved from /home/data-eginner/Documents/Soccer_Data/env/lib/python3.8/site-packages/airflow/example_dags/example_sla_dag.py
[2022-01-28 21:16:11,689] {logging_mixin.py:109} INFO - [2022-01-28 21:16:11,688] {dag.py:2396} INFO - Sync 1 DAGs
[2022-01-28 21:16:11,729] {logging_mixin.py:109} INFO - [2022-01-28 21:16:11,729] {dag.py:2935} INFO - Setting next_dagrun for example_sla_dag to 2022-01-29T00:14:00+00:00
[2022-01-28 21:16:11,761] {processor.py:171} INFO - Processing /home/data-eginner/Documents/Soccer_Data/env/lib/python3.8/site-packages/airflow/example_dags/example_sla_dag.py took 0.185 seconds
[2022-01-28 21:17:00,695] {processor.py:163} INFO - Started process (PID=21638) to work on /home/data-eginner/Documents/Soccer_Data/env/lib/python3.8/site-packages/airflow/example_dags/example_sla_dag.py
[2022-01-28 21:17:00,704] {processor.py:642} INFO - Processing file /home/data-eginner/Documents/Soccer_Data/env/lib/python3.8/site-packages/airflow/example_dags/example_sla_dag.py for tasks to queue
[2022-01-28 21:17:00,705] {logging_mixin.py:109} INFO - [2022-01-28 21:17:00,705] {dagbag.py:500} INFO - Filling up the DagBag from /home/data-eginner/Documents/Soccer_Data/env/lib/python3.8/site-packages/airflow/example_dags/example_sla_dag.py
[2022-01-28 21:17:00,764] {processor.py:654} INFO - DAG(s) dict_keys(['example_sla_dag']) retrieved from /home/data-eginner/Documents/Soccer_Data/env/lib/python3.8/site-packages/airflow/example_dags/example_sla_dag.py
[2022-01-28 21:17:00,798] {logging_mixin.py:109} INFO - [2022-01-28 21:17:00,798] {dag.py:2396} INFO - Sync 1 DAGs
[2022-01-28 21:17:00,881] {logging_mixin.py:109} INFO - [2022-01-28 21:17:00,881] {dag.py:2935} INFO - Setting next_dagrun for example_sla_dag to 2022-01-29T00:14:00+00:00
[2022-01-28 21:17:00,948] {processor.py:171} INFO - Processing /home/data-eginner/Documents/Soccer_Data/env/lib/python3.8/site-packages/airflow/example_dags/example_sla_dag.py took 0.268 seconds
[2022-01-28 21:17:50,209] {processor.py:163} INFO - Started process (PID=21789) to work on /home/data-eginner/Documents/Soccer_Data/env/lib/python3.8/site-packages/airflow/example_dags/example_sla_dag.py
[2022-01-28 21:17:50,216] {processor.py:642} INFO - Processing file /home/data-eginner/Documents/Soccer_Data/env/lib/python3.8/site-packages/airflow/example_dags/example_sla_dag.py for tasks to queue
[2022-01-28 21:17:50,218] {logging_mixin.py:109} INFO - [2022-01-28 21:17:50,218] {dagbag.py:500} INFO - Filling up the DagBag from /home/data-eginner/Documents/Soccer_Data/env/lib/python3.8/site-packages/airflow/example_dags/example_sla_dag.py
[2022-01-28 21:17:50,290] {processor.py:654} INFO - DAG(s) dict_keys(['example_sla_dag']) retrieved from /home/data-eginner/Documents/Soccer_Data/env/lib/python3.8/site-packages/airflow/example_dags/example_sla_dag.py
[2022-01-28 21:17:50,323] {logging_mixin.py:109} INFO - [2022-01-28 21:17:50,323] {dag.py:2396} INFO - Sync 1 DAGs
[2022-01-28 21:17:50,358] {logging_mixin.py:109} INFO - [2022-01-28 21:17:50,358] {dag.py:2935} INFO - Setting next_dagrun for example_sla_dag to 2022-01-29T00:14:00+00:00
[2022-01-28 21:17:50,407] {processor.py:171} INFO - Processing /home/data-eginner/Documents/Soccer_Data/env/lib/python3.8/site-packages/airflow/example_dags/example_sla_dag.py took 0.218 seconds
[2022-01-28 21:18:43,192] {processor.py:163} INFO - Started process (PID=21951) to work on /home/data-eginner/Documents/Soccer_Data/env/lib/python3.8/site-packages/airflow/example_dags/example_sla_dag.py
[2022-01-28 21:18:43,215] {processor.py:642} INFO - Processing file /home/data-eginner/Documents/Soccer_Data/env/lib/python3.8/site-packages/airflow/example_dags/example_sla_dag.py for tasks to queue
[2022-01-28 21:18:43,216] {logging_mixin.py:109} INFO - [2022-01-28 21:18:43,215] {dagbag.py:500} INFO - Filling up the DagBag from /home/data-eginner/Documents/Soccer_Data/env/lib/python3.8/site-packages/airflow/example_dags/example_sla_dag.py
[2022-01-28 21:18:43,292] {processor.py:654} INFO - DAG(s) dict_keys(['example_sla_dag']) retrieved from /home/data-eginner/Documents/Soccer_Data/env/lib/python3.8/site-packages/airflow/example_dags/example_sla_dag.py
[2022-01-28 21:18:43,341] {logging_mixin.py:109} INFO - [2022-01-28 21:18:43,340] {dag.py:2396} INFO - Sync 1 DAGs
[2022-01-28 21:18:43,424] {logging_mixin.py:109} INFO - [2022-01-28 21:18:43,424] {dag.py:2935} INFO - Setting next_dagrun for example_sla_dag to 2022-01-29T00:16:00+00:00
[2022-01-28 21:18:43,478] {processor.py:171} INFO - Processing /home/data-eginner/Documents/Soccer_Data/env/lib/python3.8/site-packages/airflow/example_dags/example_sla_dag.py took 0.320 seconds
[2022-01-28 21:19:35,355] {processor.py:163} INFO - Started process (PID=22111) to work on /home/data-eginner/Documents/Soccer_Data/env/lib/python3.8/site-packages/airflow/example_dags/example_sla_dag.py
[2022-01-28 21:19:35,364] {processor.py:642} INFO - Processing file /home/data-eginner/Documents/Soccer_Data/env/lib/python3.8/site-packages/airflow/example_dags/example_sla_dag.py for tasks to queue
[2022-01-28 21:19:35,365] {logging_mixin.py:109} INFO - [2022-01-28 21:19:35,364] {dagbag.py:500} INFO - Filling up the DagBag from /home/data-eginner/Documents/Soccer_Data/env/lib/python3.8/site-packages/airflow/example_dags/example_sla_dag.py
[2022-01-28 21:19:35,452] {processor.py:654} INFO - DAG(s) dict_keys(['example_sla_dag']) retrieved from /home/data-eginner/Documents/Soccer_Data/env/lib/python3.8/site-packages/airflow/example_dags/example_sla_dag.py
[2022-01-28 21:19:35,489] {logging_mixin.py:109} INFO - [2022-01-28 21:19:35,488] {dag.py:2396} INFO - Sync 1 DAGs
[2022-01-28 21:19:35,549] {logging_mixin.py:109} INFO - [2022-01-28 21:19:35,549] {dag.py:2935} INFO - Setting next_dagrun for example_sla_dag to 2022-01-29T00:16:00+00:00
[2022-01-28 21:19:35,626] {processor.py:171} INFO - Processing /home/data-eginner/Documents/Soccer_Data/env/lib/python3.8/site-packages/airflow/example_dags/example_sla_dag.py took 0.287 seconds
[2022-01-28 21:20:23,496] {processor.py:163} INFO - Started process (PID=22286) to work on /home/data-eginner/Documents/Soccer_Data/env/lib/python3.8/site-packages/airflow/example_dags/example_sla_dag.py
[2022-01-28 21:20:23,507] {processor.py:642} INFO - Processing file /home/data-eginner/Documents/Soccer_Data/env/lib/python3.8/site-packages/airflow/example_dags/example_sla_dag.py for tasks to queue
[2022-01-28 21:20:23,507] {logging_mixin.py:109} INFO - [2022-01-28 21:20:23,507] {dagbag.py:500} INFO - Filling up the DagBag from /home/data-eginner/Documents/Soccer_Data/env/lib/python3.8/site-packages/airflow/example_dags/example_sla_dag.py
[2022-01-28 21:20:23,582] {processor.py:654} INFO - DAG(s) dict_keys(['example_sla_dag']) retrieved from /home/data-eginner/Documents/Soccer_Data/env/lib/python3.8/site-packages/airflow/example_dags/example_sla_dag.py
[2022-01-28 21:20:23,605] {logging_mixin.py:109} INFO - [2022-01-28 21:20:23,604] {dag.py:2396} INFO - Sync 1 DAGs
[2022-01-28 21:20:23,638] {logging_mixin.py:109} INFO - [2022-01-28 21:20:23,638] {dag.py:2935} INFO - Setting next_dagrun for example_sla_dag to 2022-01-29T00:18:00+00:00
[2022-01-28 21:20:23,675] {processor.py:171} INFO - Processing /home/data-eginner/Documents/Soccer_Data/env/lib/python3.8/site-packages/airflow/example_dags/example_sla_dag.py took 0.182 seconds
[2022-01-28 21:21:21,533] {processor.py:163} INFO - Started process (PID=22494) to work on /home/data-eginner/Documents/Soccer_Data/env/lib/python3.8/site-packages/airflow/example_dags/example_sla_dag.py
[2022-01-28 21:21:21,535] {processor.py:642} INFO - Processing file /home/data-eginner/Documents/Soccer_Data/env/lib/python3.8/site-packages/airflow/example_dags/example_sla_dag.py for tasks to queue
[2022-01-28 21:21:21,535] {logging_mixin.py:109} INFO - [2022-01-28 21:21:21,535] {dagbag.py:500} INFO - Filling up the DagBag from /home/data-eginner/Documents/Soccer_Data/env/lib/python3.8/site-packages/airflow/example_dags/example_sla_dag.py
[2022-01-28 21:21:21,567] {processor.py:654} INFO - DAG(s) dict_keys(['example_sla_dag']) retrieved from /home/data-eginner/Documents/Soccer_Data/env/lib/python3.8/site-packages/airflow/example_dags/example_sla_dag.py
[2022-01-28 21:21:21,577] {logging_mixin.py:109} INFO - [2022-01-28 21:21:21,577] {dag.py:2396} INFO - Sync 1 DAGs
[2022-01-28 21:21:21,598] {logging_mixin.py:109} INFO - [2022-01-28 21:21:21,598] {dag.py:2935} INFO - Setting next_dagrun for example_sla_dag to 2022-01-29T00:18:00+00:00
[2022-01-28 21:21:21,619] {processor.py:171} INFO - Processing /home/data-eginner/Documents/Soccer_Data/env/lib/python3.8/site-packages/airflow/example_dags/example_sla_dag.py took 0.089 seconds
[2022-01-28 21:22:10,103] {processor.py:163} INFO - Started process (PID=22675) to work on /home/data-eginner/Documents/Soccer_Data/env/lib/python3.8/site-packages/airflow/example_dags/example_sla_dag.py
[2022-01-28 21:22:10,109] {processor.py:642} INFO - Processing file /home/data-eginner/Documents/Soccer_Data/env/lib/python3.8/site-packages/airflow/example_dags/example_sla_dag.py for tasks to queue
[2022-01-28 21:22:10,110] {logging_mixin.py:109} INFO - [2022-01-28 21:22:10,110] {dagbag.py:500} INFO - Filling up the DagBag from /home/data-eginner/Documents/Soccer_Data/env/lib/python3.8/site-packages/airflow/example_dags/example_sla_dag.py
[2022-01-28 21:22:10,136] {processor.py:654} INFO - DAG(s) dict_keys(['example_sla_dag']) retrieved from /home/data-eginner/Documents/Soccer_Data/env/lib/python3.8/site-packages/airflow/example_dags/example_sla_dag.py
[2022-01-28 21:22:10,155] {logging_mixin.py:109} INFO - [2022-01-28 21:22:10,155] {dag.py:2396} INFO - Sync 1 DAGs
[2022-01-28 21:22:10,167] {logging_mixin.py:109} INFO - [2022-01-28 21:22:10,167] {dag.py:2935} INFO - Setting next_dagrun for example_sla_dag to 2022-01-29T00:20:00+00:00
[2022-01-28 21:22:10,200] {processor.py:171} INFO - Processing /home/data-eginner/Documents/Soccer_Data/env/lib/python3.8/site-packages/airflow/example_dags/example_sla_dag.py took 0.099 seconds
[2022-01-28 21:26:19,243] {processor.py:163} INFO - Started process (PID=22890) to work on /home/data-eginner/Documents/Soccer_Data/env/lib/python3.8/site-packages/airflow/example_dags/example_sla_dag.py
[2022-01-28 21:26:19,246] {processor.py:642} INFO - Processing file /home/data-eginner/Documents/Soccer_Data/env/lib/python3.8/site-packages/airflow/example_dags/example_sla_dag.py for tasks to queue
[2022-01-28 21:26:19,247] {logging_mixin.py:109} INFO - [2022-01-28 21:26:19,247] {dagbag.py:500} INFO - Filling up the DagBag from /home/data-eginner/Documents/Soccer_Data/env/lib/python3.8/site-packages/airflow/example_dags/example_sla_dag.py
[2022-01-28 21:26:19,344] {processor.py:654} INFO - DAG(s) dict_keys(['example_sla_dag']) retrieved from /home/data-eginner/Documents/Soccer_Data/env/lib/python3.8/site-packages/airflow/example_dags/example_sla_dag.py
[2022-01-28 21:26:19,370] {logging_mixin.py:109} INFO - [2022-01-28 21:26:19,370] {dag.py:2396} INFO - Sync 1 DAGs
[2022-01-28 21:26:19,425] {logging_mixin.py:109} INFO - [2022-01-28 21:26:19,425] {dag.py:2935} INFO - Setting next_dagrun for example_sla_dag to 2022-01-29T00:24:00+00:00
[2022-01-28 21:26:19,467] {processor.py:171} INFO - Processing /home/data-eginner/Documents/Soccer_Data/env/lib/python3.8/site-packages/airflow/example_dags/example_sla_dag.py took 0.227 seconds
[2022-01-28 21:27:07,290] {processor.py:163} INFO - Started process (PID=23070) to work on /home/data-eginner/Documents/Soccer_Data/env/lib/python3.8/site-packages/airflow/example_dags/example_sla_dag.py
[2022-01-28 21:27:07,293] {processor.py:642} INFO - Processing file /home/data-eginner/Documents/Soccer_Data/env/lib/python3.8/site-packages/airflow/example_dags/example_sla_dag.py for tasks to queue
[2022-01-28 21:27:07,294] {logging_mixin.py:109} INFO - [2022-01-28 21:27:07,294] {dagbag.py:500} INFO - Filling up the DagBag from /home/data-eginner/Documents/Soccer_Data/env/lib/python3.8/site-packages/airflow/example_dags/example_sla_dag.py
[2022-01-28 21:27:07,362] {processor.py:654} INFO - DAG(s) dict_keys(['example_sla_dag']) retrieved from /home/data-eginner/Documents/Soccer_Data/env/lib/python3.8/site-packages/airflow/example_dags/example_sla_dag.py
[2022-01-28 21:27:07,400] {logging_mixin.py:109} INFO - [2022-01-28 21:27:07,400] {dag.py:2396} INFO - Sync 1 DAGs
[2022-01-28 21:27:07,448] {logging_mixin.py:109} INFO - [2022-01-28 21:27:07,448] {dag.py:2935} INFO - Setting next_dagrun for example_sla_dag to 2022-01-29T00:24:00+00:00
[2022-01-28 21:27:07,474] {processor.py:171} INFO - Processing /home/data-eginner/Documents/Soccer_Data/env/lib/python3.8/site-packages/airflow/example_dags/example_sla_dag.py took 0.201 seconds
[2022-01-28 21:28:05,817] {processor.py:163} INFO - Started process (PID=23311) to work on /home/data-eginner/Documents/Soccer_Data/env/lib/python3.8/site-packages/airflow/example_dags/example_sla_dag.py
[2022-01-28 21:28:05,854] {processor.py:642} INFO - Processing file /home/data-eginner/Documents/Soccer_Data/env/lib/python3.8/site-packages/airflow/example_dags/example_sla_dag.py for tasks to queue
[2022-01-28 21:28:05,855] {logging_mixin.py:109} INFO - [2022-01-28 21:28:05,855] {dagbag.py:500} INFO - Filling up the DagBag from /home/data-eginner/Documents/Soccer_Data/env/lib/python3.8/site-packages/airflow/example_dags/example_sla_dag.py
[2022-01-28 21:28:05,991] {processor.py:654} INFO - DAG(s) dict_keys(['example_sla_dag']) retrieved from /home/data-eginner/Documents/Soccer_Data/env/lib/python3.8/site-packages/airflow/example_dags/example_sla_dag.py
[2022-01-28 21:28:06,014] {logging_mixin.py:109} INFO - [2022-01-28 21:28:06,014] {dag.py:2396} INFO - Sync 1 DAGs
[2022-01-28 21:28:06,074] {logging_mixin.py:109} INFO - [2022-01-28 21:28:06,074] {dag.py:2935} INFO - Setting next_dagrun for example_sla_dag to 2022-01-29T00:26:00+00:00
[2022-01-28 21:28:06,126] {processor.py:171} INFO - Processing /home/data-eginner/Documents/Soccer_Data/env/lib/python3.8/site-packages/airflow/example_dags/example_sla_dag.py took 0.311 seconds
[2022-01-28 21:28:51,347] {processor.py:163} INFO - Started process (PID=23438) to work on /home/data-eginner/Documents/Soccer_Data/env/lib/python3.8/site-packages/airflow/example_dags/example_sla_dag.py
[2022-01-28 21:28:51,353] {processor.py:642} INFO - Processing file /home/data-eginner/Documents/Soccer_Data/env/lib/python3.8/site-packages/airflow/example_dags/example_sla_dag.py for tasks to queue
[2022-01-28 21:28:51,354] {logging_mixin.py:109} INFO - [2022-01-28 21:28:51,353] {dagbag.py:500} INFO - Filling up the DagBag from /home/data-eginner/Documents/Soccer_Data/env/lib/python3.8/site-packages/airflow/example_dags/example_sla_dag.py
[2022-01-28 21:28:51,419] {processor.py:654} INFO - DAG(s) dict_keys(['example_sla_dag']) retrieved from /home/data-eginner/Documents/Soccer_Data/env/lib/python3.8/site-packages/airflow/example_dags/example_sla_dag.py
[2022-01-28 21:28:51,441] {logging_mixin.py:109} INFO - [2022-01-28 21:28:51,441] {dag.py:2396} INFO - Sync 1 DAGs
[2022-01-28 21:28:51,473] {logging_mixin.py:109} INFO - [2022-01-28 21:28:51,473] {dag.py:2935} INFO - Setting next_dagrun for example_sla_dag to 2022-01-29T00:26:00+00:00
[2022-01-28 21:28:51,523] {processor.py:171} INFO - Processing /home/data-eginner/Documents/Soccer_Data/env/lib/python3.8/site-packages/airflow/example_dags/example_sla_dag.py took 0.179 seconds
[2022-01-28 21:29:39,789] {processor.py:163} INFO - Started process (PID=23599) to work on /home/data-eginner/Documents/Soccer_Data/env/lib/python3.8/site-packages/airflow/example_dags/example_sla_dag.py
[2022-01-28 21:29:39,816] {processor.py:642} INFO - Processing file /home/data-eginner/Documents/Soccer_Data/env/lib/python3.8/site-packages/airflow/example_dags/example_sla_dag.py for tasks to queue
[2022-01-28 21:29:39,816] {logging_mixin.py:109} INFO - [2022-01-28 21:29:39,816] {dagbag.py:500} INFO - Filling up the DagBag from /home/data-eginner/Documents/Soccer_Data/env/lib/python3.8/site-packages/airflow/example_dags/example_sla_dag.py
[2022-01-28 21:29:39,854] {processor.py:654} INFO - DAG(s) dict_keys(['example_sla_dag']) retrieved from /home/data-eginner/Documents/Soccer_Data/env/lib/python3.8/site-packages/airflow/example_dags/example_sla_dag.py
[2022-01-28 21:29:39,890] {logging_mixin.py:109} INFO - [2022-01-28 21:29:39,890] {dag.py:2396} INFO - Sync 1 DAGs
[2022-01-28 21:29:39,949] {logging_mixin.py:109} INFO - [2022-01-28 21:29:39,949] {dag.py:2935} INFO - Setting next_dagrun for example_sla_dag to 2022-01-29T00:26:00+00:00
[2022-01-28 21:29:39,969] {processor.py:171} INFO - Processing /home/data-eginner/Documents/Soccer_Data/env/lib/python3.8/site-packages/airflow/example_dags/example_sla_dag.py took 0.184 seconds
[2022-01-28 21:30:26,181] {processor.py:163} INFO - Started process (PID=23770) to work on /home/data-eginner/Documents/Soccer_Data/env/lib/python3.8/site-packages/airflow/example_dags/example_sla_dag.py
[2022-01-28 21:30:26,200] {processor.py:642} INFO - Processing file /home/data-eginner/Documents/Soccer_Data/env/lib/python3.8/site-packages/airflow/example_dags/example_sla_dag.py for tasks to queue
[2022-01-28 21:30:26,201] {logging_mixin.py:109} INFO - [2022-01-28 21:30:26,201] {dagbag.py:500} INFO - Filling up the DagBag from /home/data-eginner/Documents/Soccer_Data/env/lib/python3.8/site-packages/airflow/example_dags/example_sla_dag.py
[2022-01-28 21:30:26,264] {processor.py:654} INFO - DAG(s) dict_keys(['example_sla_dag']) retrieved from /home/data-eginner/Documents/Soccer_Data/env/lib/python3.8/site-packages/airflow/example_dags/example_sla_dag.py
[2022-01-28 21:30:26,295] {logging_mixin.py:109} INFO - [2022-01-28 21:30:26,295] {dag.py:2396} INFO - Sync 1 DAGs
[2022-01-28 21:30:26,333] {logging_mixin.py:109} INFO - [2022-01-28 21:30:26,333] {dag.py:2935} INFO - Setting next_dagrun for example_sla_dag to 2022-01-29T00:28:00+00:00
[2022-01-28 21:30:26,364] {processor.py:171} INFO - Processing /home/data-eginner/Documents/Soccer_Data/env/lib/python3.8/site-packages/airflow/example_dags/example_sla_dag.py took 0.186 seconds
[2022-01-28 21:31:20,987] {processor.py:163} INFO - Started process (PID=23952) to work on /home/data-eginner/Documents/Soccer_Data/env/lib/python3.8/site-packages/airflow/example_dags/example_sla_dag.py
[2022-01-28 21:31:21,032] {processor.py:642} INFO - Processing file /home/data-eginner/Documents/Soccer_Data/env/lib/python3.8/site-packages/airflow/example_dags/example_sla_dag.py for tasks to queue
[2022-01-28 21:31:21,034] {logging_mixin.py:109} INFO - [2022-01-28 21:31:21,033] {dagbag.py:500} INFO - Filling up the DagBag from /home/data-eginner/Documents/Soccer_Data/env/lib/python3.8/site-packages/airflow/example_dags/example_sla_dag.py
[2022-01-28 21:31:21,083] {processor.py:654} INFO - DAG(s) dict_keys(['example_sla_dag']) retrieved from /home/data-eginner/Documents/Soccer_Data/env/lib/python3.8/site-packages/airflow/example_dags/example_sla_dag.py
[2022-01-28 21:31:21,090] {logging_mixin.py:109} INFO - [2022-01-28 21:31:21,090] {dag.py:2396} INFO - Sync 1 DAGs
[2022-01-28 21:31:21,168] {logging_mixin.py:109} INFO - [2022-01-28 21:31:21,168] {dag.py:2935} INFO - Setting next_dagrun for example_sla_dag to 2022-01-29T00:28:00+00:00
[2022-01-28 21:31:21,217] {processor.py:171} INFO - Processing /home/data-eginner/Documents/Soccer_Data/env/lib/python3.8/site-packages/airflow/example_dags/example_sla_dag.py took 0.244 seconds
[2022-01-28 21:32:08,817] {processor.py:163} INFO - Started process (PID=24123) to work on /home/data-eginner/Documents/Soccer_Data/env/lib/python3.8/site-packages/airflow/example_dags/example_sla_dag.py
[2022-01-28 21:32:08,821] {processor.py:642} INFO - Processing file /home/data-eginner/Documents/Soccer_Data/env/lib/python3.8/site-packages/airflow/example_dags/example_sla_dag.py for tasks to queue
[2022-01-28 21:32:08,821] {logging_mixin.py:109} INFO - [2022-01-28 21:32:08,821] {dagbag.py:500} INFO - Filling up the DagBag from /home/data-eginner/Documents/Soccer_Data/env/lib/python3.8/site-packages/airflow/example_dags/example_sla_dag.py
[2022-01-28 21:32:08,848] {processor.py:654} INFO - DAG(s) dict_keys(['example_sla_dag']) retrieved from /home/data-eginner/Documents/Soccer_Data/env/lib/python3.8/site-packages/airflow/example_dags/example_sla_dag.py
[2022-01-28 21:32:08,863] {logging_mixin.py:109} INFO - [2022-01-28 21:32:08,863] {dag.py:2396} INFO - Sync 1 DAGs
[2022-01-28 21:32:08,877] {logging_mixin.py:109} INFO - [2022-01-28 21:32:08,877] {dag.py:2935} INFO - Setting next_dagrun for example_sla_dag to 2022-01-29T00:30:00+00:00
[2022-01-28 21:32:08,896] {processor.py:171} INFO - Processing /home/data-eginner/Documents/Soccer_Data/env/lib/python3.8/site-packages/airflow/example_dags/example_sla_dag.py took 0.082 seconds
[2022-01-28 21:32:52,166] {processor.py:163} INFO - Started process (PID=24287) to work on /home/data-eginner/Documents/Soccer_Data/env/lib/python3.8/site-packages/airflow/example_dags/example_sla_dag.py
[2022-01-28 21:32:52,168] {processor.py:642} INFO - Processing file /home/data-eginner/Documents/Soccer_Data/env/lib/python3.8/site-packages/airflow/example_dags/example_sla_dag.py for tasks to queue
[2022-01-28 21:32:52,169] {logging_mixin.py:109} INFO - [2022-01-28 21:32:52,169] {dagbag.py:500} INFO - Filling up the DagBag from /home/data-eginner/Documents/Soccer_Data/env/lib/python3.8/site-packages/airflow/example_dags/example_sla_dag.py
[2022-01-28 21:32:52,192] {processor.py:654} INFO - DAG(s) dict_keys(['example_sla_dag']) retrieved from /home/data-eginner/Documents/Soccer_Data/env/lib/python3.8/site-packages/airflow/example_dags/example_sla_dag.py
[2022-01-28 21:32:52,202] {logging_mixin.py:109} INFO - [2022-01-28 21:32:52,202] {dag.py:2396} INFO - Sync 1 DAGs
[2022-01-28 21:32:52,217] {logging_mixin.py:109} INFO - [2022-01-28 21:32:52,217] {dag.py:2935} INFO - Setting next_dagrun for example_sla_dag to 2022-01-29T00:30:00+00:00
[2022-01-28 21:32:52,235] {processor.py:171} INFO - Processing /home/data-eginner/Documents/Soccer_Data/env/lib/python3.8/site-packages/airflow/example_dags/example_sla_dag.py took 0.072 seconds
[2022-01-28 21:33:32,977] {processor.py:163} INFO - Started process (PID=24447) to work on /home/data-eginner/Documents/Soccer_Data/env/lib/python3.8/site-packages/airflow/example_dags/example_sla_dag.py
[2022-01-28 21:33:32,991] {processor.py:642} INFO - Processing file /home/data-eginner/Documents/Soccer_Data/env/lib/python3.8/site-packages/airflow/example_dags/example_sla_dag.py for tasks to queue
[2022-01-28 21:33:32,992] {logging_mixin.py:109} INFO - [2022-01-28 21:33:32,992] {dagbag.py:500} INFO - Filling up the DagBag from /home/data-eginner/Documents/Soccer_Data/env/lib/python3.8/site-packages/airflow/example_dags/example_sla_dag.py
[2022-01-28 21:33:33,041] {processor.py:654} INFO - DAG(s) dict_keys(['example_sla_dag']) retrieved from /home/data-eginner/Documents/Soccer_Data/env/lib/python3.8/site-packages/airflow/example_dags/example_sla_dag.py
[2022-01-28 21:33:33,052] {logging_mixin.py:109} INFO - [2022-01-28 21:33:33,052] {dag.py:2396} INFO - Sync 1 DAGs
[2022-01-28 21:33:33,069] {logging_mixin.py:109} INFO - [2022-01-28 21:33:33,069] {dag.py:2935} INFO - Setting next_dagrun for example_sla_dag to 2022-01-29T00:30:00+00:00
[2022-01-28 21:33:33,085] {processor.py:171} INFO - Processing /home/data-eginner/Documents/Soccer_Data/env/lib/python3.8/site-packages/airflow/example_dags/example_sla_dag.py took 0.112 seconds
[2022-01-28 21:34:15,622] {processor.py:163} INFO - Started process (PID=24613) to work on /home/data-eginner/Documents/Soccer_Data/env/lib/python3.8/site-packages/airflow/example_dags/example_sla_dag.py
[2022-01-28 21:34:15,624] {processor.py:642} INFO - Processing file /home/data-eginner/Documents/Soccer_Data/env/lib/python3.8/site-packages/airflow/example_dags/example_sla_dag.py for tasks to queue
[2022-01-28 21:34:15,625] {logging_mixin.py:109} INFO - [2022-01-28 21:34:15,625] {dagbag.py:500} INFO - Filling up the DagBag from /home/data-eginner/Documents/Soccer_Data/env/lib/python3.8/site-packages/airflow/example_dags/example_sla_dag.py
[2022-01-28 21:34:15,698] {processor.py:654} INFO - DAG(s) dict_keys(['example_sla_dag']) retrieved from /home/data-eginner/Documents/Soccer_Data/env/lib/python3.8/site-packages/airflow/example_dags/example_sla_dag.py
[2022-01-28 21:34:15,706] {logging_mixin.py:109} INFO - [2022-01-28 21:34:15,706] {dag.py:2396} INFO - Sync 1 DAGs
[2022-01-28 21:34:15,724] {logging_mixin.py:109} INFO - [2022-01-28 21:34:15,724] {dag.py:2935} INFO - Setting next_dagrun for example_sla_dag to 2022-01-29T00:32:00+00:00
[2022-01-28 21:34:15,755] {processor.py:171} INFO - Processing /home/data-eginner/Documents/Soccer_Data/env/lib/python3.8/site-packages/airflow/example_dags/example_sla_dag.py took 0.136 seconds
[2022-01-28 21:56:04,998] {processor.py:163} INFO - Started process (PID=25019) to work on /home/data-eginner/Documents/Soccer_Data/env/lib/python3.8/site-packages/airflow/example_dags/example_sla_dag.py
[2022-01-28 21:56:05,013] {processor.py:642} INFO - Processing file /home/data-eginner/Documents/Soccer_Data/env/lib/python3.8/site-packages/airflow/example_dags/example_sla_dag.py for tasks to queue
[2022-01-28 21:56:05,013] {logging_mixin.py:109} INFO - [2022-01-28 21:56:05,013] {dagbag.py:500} INFO - Filling up the DagBag from /home/data-eginner/Documents/Soccer_Data/env/lib/python3.8/site-packages/airflow/example_dags/example_sla_dag.py
[2022-01-28 21:56:05,074] {processor.py:654} INFO - DAG(s) dict_keys(['example_sla_dag']) retrieved from /home/data-eginner/Documents/Soccer_Data/env/lib/python3.8/site-packages/airflow/example_dags/example_sla_dag.py
[2022-01-28 21:56:05,093] {logging_mixin.py:109} INFO - [2022-01-28 21:56:05,093] {dag.py:2396} INFO - Sync 1 DAGs
[2022-01-28 21:56:05,151] {logging_mixin.py:109} INFO - [2022-01-28 21:56:05,151] {dag.py:2935} INFO - Setting next_dagrun for example_sla_dag to 2022-01-29T00:54:00+00:00
[2022-01-28 21:56:05,212] {processor.py:171} INFO - Processing /home/data-eginner/Documents/Soccer_Data/env/lib/python3.8/site-packages/airflow/example_dags/example_sla_dag.py took 0.216 seconds
[2022-01-28 21:56:54,965] {processor.py:163} INFO - Started process (PID=25201) to work on /home/data-eginner/Documents/Soccer_Data/env/lib/python3.8/site-packages/airflow/example_dags/example_sla_dag.py
[2022-01-28 21:56:54,970] {processor.py:642} INFO - Processing file /home/data-eginner/Documents/Soccer_Data/env/lib/python3.8/site-packages/airflow/example_dags/example_sla_dag.py for tasks to queue
[2022-01-28 21:56:54,971] {logging_mixin.py:109} INFO - [2022-01-28 21:56:54,971] {dagbag.py:500} INFO - Filling up the DagBag from /home/data-eginner/Documents/Soccer_Data/env/lib/python3.8/site-packages/airflow/example_dags/example_sla_dag.py
[2022-01-28 21:56:55,005] {processor.py:654} INFO - DAG(s) dict_keys(['example_sla_dag']) retrieved from /home/data-eginner/Documents/Soccer_Data/env/lib/python3.8/site-packages/airflow/example_dags/example_sla_dag.py
[2022-01-28 21:56:55,014] {logging_mixin.py:109} INFO - [2022-01-28 21:56:55,014] {dag.py:2396} INFO - Sync 1 DAGs
[2022-01-28 21:56:55,028] {logging_mixin.py:109} INFO - [2022-01-28 21:56:55,028] {dag.py:2935} INFO - Setting next_dagrun for example_sla_dag to 2022-01-29T00:54:00+00:00
[2022-01-28 21:56:55,043] {processor.py:171} INFO - Processing /home/data-eginner/Documents/Soccer_Data/env/lib/python3.8/site-packages/airflow/example_dags/example_sla_dag.py took 0.088 seconds
[2022-01-28 21:57:37,487] {processor.py:163} INFO - Started process (PID=25361) to work on /home/data-eginner/Documents/Soccer_Data/env/lib/python3.8/site-packages/airflow/example_dags/example_sla_dag.py
[2022-01-28 21:57:37,492] {processor.py:642} INFO - Processing file /home/data-eginner/Documents/Soccer_Data/env/lib/python3.8/site-packages/airflow/example_dags/example_sla_dag.py for tasks to queue
[2022-01-28 21:57:37,493] {logging_mixin.py:109} INFO - [2022-01-28 21:57:37,493] {dagbag.py:500} INFO - Filling up the DagBag from /home/data-eginner/Documents/Soccer_Data/env/lib/python3.8/site-packages/airflow/example_dags/example_sla_dag.py
[2022-01-28 21:57:37,531] {processor.py:654} INFO - DAG(s) dict_keys(['example_sla_dag']) retrieved from /home/data-eginner/Documents/Soccer_Data/env/lib/python3.8/site-packages/airflow/example_dags/example_sla_dag.py
[2022-01-28 21:57:37,539] {logging_mixin.py:109} INFO - [2022-01-28 21:57:37,539] {dag.py:2396} INFO - Sync 1 DAGs
[2022-01-28 21:57:37,554] {logging_mixin.py:109} INFO - [2022-01-28 21:57:37,554] {dag.py:2935} INFO - Setting next_dagrun for example_sla_dag to 2022-01-29T00:54:00+00:00
[2022-01-28 21:57:37,572] {processor.py:171} INFO - Processing /home/data-eginner/Documents/Soccer_Data/env/lib/python3.8/site-packages/airflow/example_dags/example_sla_dag.py took 0.092 seconds
[2022-01-28 21:58:15,348] {processor.py:163} INFO - Started process (PID=25517) to work on /home/data-eginner/Documents/Soccer_Data/env/lib/python3.8/site-packages/airflow/example_dags/example_sla_dag.py
[2022-01-28 21:58:15,351] {processor.py:642} INFO - Processing file /home/data-eginner/Documents/Soccer_Data/env/lib/python3.8/site-packages/airflow/example_dags/example_sla_dag.py for tasks to queue
[2022-01-28 21:58:15,352] {logging_mixin.py:109} INFO - [2022-01-28 21:58:15,352] {dagbag.py:500} INFO - Filling up the DagBag from /home/data-eginner/Documents/Soccer_Data/env/lib/python3.8/site-packages/airflow/example_dags/example_sla_dag.py
[2022-01-28 21:58:15,374] {processor.py:654} INFO - DAG(s) dict_keys(['example_sla_dag']) retrieved from /home/data-eginner/Documents/Soccer_Data/env/lib/python3.8/site-packages/airflow/example_dags/example_sla_dag.py
[2022-01-28 21:58:15,382] {logging_mixin.py:109} INFO - [2022-01-28 21:58:15,382] {dag.py:2396} INFO - Sync 1 DAGs
[2022-01-28 21:58:15,398] {logging_mixin.py:109} INFO - [2022-01-28 21:58:15,397] {dag.py:2935} INFO - Setting next_dagrun for example_sla_dag to 2022-01-29T00:56:00+00:00
[2022-01-28 21:58:15,414] {processor.py:171} INFO - Processing /home/data-eginner/Documents/Soccer_Data/env/lib/python3.8/site-packages/airflow/example_dags/example_sla_dag.py took 0.069 seconds
[2022-01-28 21:58:56,820] {processor.py:163} INFO - Started process (PID=25677) to work on /home/data-eginner/Documents/Soccer_Data/env/lib/python3.8/site-packages/airflow/example_dags/example_sla_dag.py
[2022-01-28 21:58:56,828] {processor.py:642} INFO - Processing file /home/data-eginner/Documents/Soccer_Data/env/lib/python3.8/site-packages/airflow/example_dags/example_sla_dag.py for tasks to queue
[2022-01-28 21:58:56,828] {logging_mixin.py:109} INFO - [2022-01-28 21:58:56,828] {dagbag.py:500} INFO - Filling up the DagBag from /home/data-eginner/Documents/Soccer_Data/env/lib/python3.8/site-packages/airflow/example_dags/example_sla_dag.py
[2022-01-28 21:58:56,893] {processor.py:654} INFO - DAG(s) dict_keys(['example_sla_dag']) retrieved from /home/data-eginner/Documents/Soccer_Data/env/lib/python3.8/site-packages/airflow/example_dags/example_sla_dag.py
[2022-01-28 21:58:56,928] {logging_mixin.py:109} INFO - [2022-01-28 21:58:56,927] {dag.py:2396} INFO - Sync 1 DAGs
[2022-01-28 21:58:56,968] {logging_mixin.py:109} INFO - [2022-01-28 21:58:56,968] {dag.py:2935} INFO - Setting next_dagrun for example_sla_dag to 2022-01-29T00:56:00+00:00
[2022-01-28 21:58:56,999] {processor.py:171} INFO - Processing /home/data-eginner/Documents/Soccer_Data/env/lib/python3.8/site-packages/airflow/example_dags/example_sla_dag.py took 0.193 seconds
[2022-01-28 21:59:36,952] {processor.py:163} INFO - Started process (PID=25830) to work on /home/data-eginner/Documents/Soccer_Data/env/lib/python3.8/site-packages/airflow/example_dags/example_sla_dag.py
[2022-01-28 21:59:36,956] {processor.py:642} INFO - Processing file /home/data-eginner/Documents/Soccer_Data/env/lib/python3.8/site-packages/airflow/example_dags/example_sla_dag.py for tasks to queue
[2022-01-28 21:59:36,958] {logging_mixin.py:109} INFO - [2022-01-28 21:59:36,957] {dagbag.py:500} INFO - Filling up the DagBag from /home/data-eginner/Documents/Soccer_Data/env/lib/python3.8/site-packages/airflow/example_dags/example_sla_dag.py
[2022-01-28 21:59:36,990] {processor.py:654} INFO - DAG(s) dict_keys(['example_sla_dag']) retrieved from /home/data-eginner/Documents/Soccer_Data/env/lib/python3.8/site-packages/airflow/example_dags/example_sla_dag.py
[2022-01-28 21:59:36,997] {logging_mixin.py:109} INFO - [2022-01-28 21:59:36,997] {dag.py:2396} INFO - Sync 1 DAGs
[2022-01-28 21:59:37,022] {logging_mixin.py:109} INFO - [2022-01-28 21:59:37,022] {dag.py:2935} INFO - Setting next_dagrun for example_sla_dag to 2022-01-29T00:56:00+00:00
[2022-01-28 21:59:37,051] {processor.py:171} INFO - Processing /home/data-eginner/Documents/Soccer_Data/env/lib/python3.8/site-packages/airflow/example_dags/example_sla_dag.py took 0.109 seconds
[2022-01-28 22:00:21,563] {processor.py:163} INFO - Started process (PID=25997) to work on /home/data-eginner/Documents/Soccer_Data/env/lib/python3.8/site-packages/airflow/example_dags/example_sla_dag.py
[2022-01-28 22:00:21,581] {processor.py:642} INFO - Processing file /home/data-eginner/Documents/Soccer_Data/env/lib/python3.8/site-packages/airflow/example_dags/example_sla_dag.py for tasks to queue
[2022-01-28 22:00:21,582] {logging_mixin.py:109} INFO - [2022-01-28 22:00:21,582] {dagbag.py:500} INFO - Filling up the DagBag from /home/data-eginner/Documents/Soccer_Data/env/lib/python3.8/site-packages/airflow/example_dags/example_sla_dag.py
[2022-01-28 22:00:21,625] {processor.py:654} INFO - DAG(s) dict_keys(['example_sla_dag']) retrieved from /home/data-eginner/Documents/Soccer_Data/env/lib/python3.8/site-packages/airflow/example_dags/example_sla_dag.py
[2022-01-28 22:00:21,640] {logging_mixin.py:109} INFO - [2022-01-28 22:00:21,639] {dag.py:2396} INFO - Sync 1 DAGs
[2022-01-28 22:00:21,653] {logging_mixin.py:109} INFO - [2022-01-28 22:00:21,653] {dag.py:2935} INFO - Setting next_dagrun for example_sla_dag to 2022-01-29T00:58:00+00:00
[2022-01-28 22:00:21,724] {processor.py:171} INFO - Processing /home/data-eginner/Documents/Soccer_Data/env/lib/python3.8/site-packages/airflow/example_dags/example_sla_dag.py took 0.166 seconds
[2022-01-28 22:01:00,126] {processor.py:163} INFO - Started process (PID=26162) to work on /home/data-eginner/Documents/Soccer_Data/env/lib/python3.8/site-packages/airflow/example_dags/example_sla_dag.py
[2022-01-28 22:01:00,131] {processor.py:642} INFO - Processing file /home/data-eginner/Documents/Soccer_Data/env/lib/python3.8/site-packages/airflow/example_dags/example_sla_dag.py for tasks to queue
[2022-01-28 22:01:00,132] {logging_mixin.py:109} INFO - [2022-01-28 22:01:00,131] {dagbag.py:500} INFO - Filling up the DagBag from /home/data-eginner/Documents/Soccer_Data/env/lib/python3.8/site-packages/airflow/example_dags/example_sla_dag.py
[2022-01-28 22:01:00,163] {processor.py:654} INFO - DAG(s) dict_keys(['example_sla_dag']) retrieved from /home/data-eginner/Documents/Soccer_Data/env/lib/python3.8/site-packages/airflow/example_dags/example_sla_dag.py
[2022-01-28 22:01:00,172] {logging_mixin.py:109} INFO - [2022-01-28 22:01:00,172] {dag.py:2396} INFO - Sync 1 DAGs
[2022-01-28 22:01:00,188] {logging_mixin.py:109} INFO - [2022-01-28 22:01:00,188] {dag.py:2935} INFO - Setting next_dagrun for example_sla_dag to 2022-01-29T00:58:00+00:00
[2022-01-28 22:01:00,204] {processor.py:171} INFO - Processing /home/data-eginner/Documents/Soccer_Data/env/lib/python3.8/site-packages/airflow/example_dags/example_sla_dag.py took 0.085 seconds
[2022-01-28 22:01:42,995] {processor.py:163} INFO - Started process (PID=26325) to work on /home/data-eginner/Documents/Soccer_Data/env/lib/python3.8/site-packages/airflow/example_dags/example_sla_dag.py
[2022-01-28 22:01:43,003] {processor.py:642} INFO - Processing file /home/data-eginner/Documents/Soccer_Data/env/lib/python3.8/site-packages/airflow/example_dags/example_sla_dag.py for tasks to queue
[2022-01-28 22:01:43,003] {logging_mixin.py:109} INFO - [2022-01-28 22:01:43,003] {dagbag.py:500} INFO - Filling up the DagBag from /home/data-eginner/Documents/Soccer_Data/env/lib/python3.8/site-packages/airflow/example_dags/example_sla_dag.py
[2022-01-28 22:01:43,055] {processor.py:654} INFO - DAG(s) dict_keys(['example_sla_dag']) retrieved from /home/data-eginner/Documents/Soccer_Data/env/lib/python3.8/site-packages/airflow/example_dags/example_sla_dag.py
[2022-01-28 22:01:43,073] {logging_mixin.py:109} INFO - [2022-01-28 22:01:43,072] {dag.py:2396} INFO - Sync 1 DAGs
[2022-01-28 22:01:43,118] {logging_mixin.py:109} INFO - [2022-01-28 22:01:43,118] {dag.py:2935} INFO - Setting next_dagrun for example_sla_dag to 2022-01-29T00:58:00+00:00
[2022-01-28 22:01:43,154] {processor.py:171} INFO - Processing /home/data-eginner/Documents/Soccer_Data/env/lib/python3.8/site-packages/airflow/example_dags/example_sla_dag.py took 0.162 seconds
[2022-01-28 22:04:13,490] {processor.py:163} INFO - Started process (PID=26543) to work on /home/data-eginner/Documents/Soccer_Data/env/lib/python3.8/site-packages/airflow/example_dags/example_sla_dag.py
[2022-01-28 22:04:13,492] {processor.py:642} INFO - Processing file /home/data-eginner/Documents/Soccer_Data/env/lib/python3.8/site-packages/airflow/example_dags/example_sla_dag.py for tasks to queue
[2022-01-28 22:04:13,493] {logging_mixin.py:109} INFO - [2022-01-28 22:04:13,493] {dagbag.py:500} INFO - Filling up the DagBag from /home/data-eginner/Documents/Soccer_Data/env/lib/python3.8/site-packages/airflow/example_dags/example_sla_dag.py
[2022-01-28 22:04:13,516] {processor.py:654} INFO - DAG(s) dict_keys(['example_sla_dag']) retrieved from /home/data-eginner/Documents/Soccer_Data/env/lib/python3.8/site-packages/airflow/example_dags/example_sla_dag.py
[2022-01-28 22:04:13,525] {logging_mixin.py:109} INFO - [2022-01-28 22:04:13,525] {dag.py:2396} INFO - Sync 1 DAGs
[2022-01-28 22:04:13,538] {logging_mixin.py:109} INFO - [2022-01-28 22:04:13,538] {dag.py:2935} INFO - Setting next_dagrun for example_sla_dag to 2022-01-29T01:02:00+00:00
[2022-01-28 22:04:13,553] {processor.py:171} INFO - Processing /home/data-eginner/Documents/Soccer_Data/env/lib/python3.8/site-packages/airflow/example_dags/example_sla_dag.py took 0.065 seconds
[2022-01-28 22:04:55,524] {processor.py:163} INFO - Started process (PID=26709) to work on /home/data-eginner/Documents/Soccer_Data/env/lib/python3.8/site-packages/airflow/example_dags/example_sla_dag.py
[2022-01-28 22:04:55,528] {processor.py:642} INFO - Processing file /home/data-eginner/Documents/Soccer_Data/env/lib/python3.8/site-packages/airflow/example_dags/example_sla_dag.py for tasks to queue
[2022-01-28 22:04:55,529] {logging_mixin.py:109} INFO - [2022-01-28 22:04:55,529] {dagbag.py:500} INFO - Filling up the DagBag from /home/data-eginner/Documents/Soccer_Data/env/lib/python3.8/site-packages/airflow/example_dags/example_sla_dag.py
[2022-01-28 22:04:55,558] {processor.py:654} INFO - DAG(s) dict_keys(['example_sla_dag']) retrieved from /home/data-eginner/Documents/Soccer_Data/env/lib/python3.8/site-packages/airflow/example_dags/example_sla_dag.py
[2022-01-28 22:04:55,567] {logging_mixin.py:109} INFO - [2022-01-28 22:04:55,567] {dag.py:2396} INFO - Sync 1 DAGs
[2022-01-28 22:04:55,579] {logging_mixin.py:109} INFO - [2022-01-28 22:04:55,579] {dag.py:2935} INFO - Setting next_dagrun for example_sla_dag to 2022-01-29T01:02:00+00:00
[2022-01-28 22:04:55,604] {processor.py:171} INFO - Processing /home/data-eginner/Documents/Soccer_Data/env/lib/python3.8/site-packages/airflow/example_dags/example_sla_dag.py took 0.087 seconds
[2022-01-28 22:05:37,786] {processor.py:163} INFO - Started process (PID=26874) to work on /home/data-eginner/Documents/Soccer_Data/env/lib/python3.8/site-packages/airflow/example_dags/example_sla_dag.py
[2022-01-28 22:05:37,788] {processor.py:642} INFO - Processing file /home/data-eginner/Documents/Soccer_Data/env/lib/python3.8/site-packages/airflow/example_dags/example_sla_dag.py for tasks to queue
[2022-01-28 22:05:37,789] {logging_mixin.py:109} INFO - [2022-01-28 22:05:37,789] {dagbag.py:500} INFO - Filling up the DagBag from /home/data-eginner/Documents/Soccer_Data/env/lib/python3.8/site-packages/airflow/example_dags/example_sla_dag.py
[2022-01-28 22:05:37,832] {processor.py:654} INFO - DAG(s) dict_keys(['example_sla_dag']) retrieved from /home/data-eginner/Documents/Soccer_Data/env/lib/python3.8/site-packages/airflow/example_dags/example_sla_dag.py
[2022-01-28 22:05:37,843] {logging_mixin.py:109} INFO - [2022-01-28 22:05:37,843] {dag.py:2396} INFO - Sync 1 DAGs
[2022-01-28 22:05:37,861] {logging_mixin.py:109} INFO - [2022-01-28 22:05:37,861] {dag.py:2935} INFO - Setting next_dagrun for example_sla_dag to 2022-01-29T01:02:00+00:00
[2022-01-28 22:05:37,877] {processor.py:171} INFO - Processing /home/data-eginner/Documents/Soccer_Data/env/lib/python3.8/site-packages/airflow/example_dags/example_sla_dag.py took 0.109 seconds
[2022-01-28 22:06:17,900] {processor.py:163} INFO - Started process (PID=27034) to work on /home/data-eginner/Documents/Soccer_Data/env/lib/python3.8/site-packages/airflow/example_dags/example_sla_dag.py
[2022-01-28 22:06:17,905] {processor.py:642} INFO - Processing file /home/data-eginner/Documents/Soccer_Data/env/lib/python3.8/site-packages/airflow/example_dags/example_sla_dag.py for tasks to queue
[2022-01-28 22:06:17,906] {logging_mixin.py:109} INFO - [2022-01-28 22:06:17,906] {dagbag.py:500} INFO - Filling up the DagBag from /home/data-eginner/Documents/Soccer_Data/env/lib/python3.8/site-packages/airflow/example_dags/example_sla_dag.py
[2022-01-28 22:06:17,937] {processor.py:654} INFO - DAG(s) dict_keys(['example_sla_dag']) retrieved from /home/data-eginner/Documents/Soccer_Data/env/lib/python3.8/site-packages/airflow/example_dags/example_sla_dag.py
[2022-01-28 22:06:17,945] {logging_mixin.py:109} INFO - [2022-01-28 22:06:17,945] {dag.py:2396} INFO - Sync 1 DAGs
[2022-01-28 22:06:17,959] {logging_mixin.py:109} INFO - [2022-01-28 22:06:17,959] {dag.py:2935} INFO - Setting next_dagrun for example_sla_dag to 2022-01-29T01:04:00+00:00
[2022-01-28 22:06:17,976] {processor.py:171} INFO - Processing /home/data-eginner/Documents/Soccer_Data/env/lib/python3.8/site-packages/airflow/example_dags/example_sla_dag.py took 0.081 seconds
[2022-01-28 22:06:57,651] {processor.py:163} INFO - Started process (PID=27203) to work on /home/data-eginner/Documents/Soccer_Data/env/lib/python3.8/site-packages/airflow/example_dags/example_sla_dag.py
[2022-01-28 22:06:57,653] {processor.py:642} INFO - Processing file /home/data-eginner/Documents/Soccer_Data/env/lib/python3.8/site-packages/airflow/example_dags/example_sla_dag.py for tasks to queue
[2022-01-28 22:06:57,654] {logging_mixin.py:109} INFO - [2022-01-28 22:06:57,653] {dagbag.py:500} INFO - Filling up the DagBag from /home/data-eginner/Documents/Soccer_Data/env/lib/python3.8/site-packages/airflow/example_dags/example_sla_dag.py
[2022-01-28 22:06:57,699] {processor.py:654} INFO - DAG(s) dict_keys(['example_sla_dag']) retrieved from /home/data-eginner/Documents/Soccer_Data/env/lib/python3.8/site-packages/airflow/example_dags/example_sla_dag.py
[2022-01-28 22:06:57,723] {logging_mixin.py:109} INFO - [2022-01-28 22:06:57,723] {dag.py:2396} INFO - Sync 1 DAGs
[2022-01-28 22:06:57,778] {logging_mixin.py:109} INFO - [2022-01-28 22:06:57,778] {dag.py:2935} INFO - Setting next_dagrun for example_sla_dag to 2022-01-29T01:04:00+00:00
[2022-01-28 22:06:57,850] {processor.py:171} INFO - Processing /home/data-eginner/Documents/Soccer_Data/env/lib/python3.8/site-packages/airflow/example_dags/example_sla_dag.py took 0.213 seconds
[2022-01-28 22:07:46,299] {processor.py:163} INFO - Started process (PID=27385) to work on /home/data-eginner/Documents/Soccer_Data/env/lib/python3.8/site-packages/airflow/example_dags/example_sla_dag.py
[2022-01-28 22:07:46,302] {processor.py:642} INFO - Processing file /home/data-eginner/Documents/Soccer_Data/env/lib/python3.8/site-packages/airflow/example_dags/example_sla_dag.py for tasks to queue
[2022-01-28 22:07:46,303] {logging_mixin.py:109} INFO - [2022-01-28 22:07:46,303] {dagbag.py:500} INFO - Filling up the DagBag from /home/data-eginner/Documents/Soccer_Data/env/lib/python3.8/site-packages/airflow/example_dags/example_sla_dag.py
[2022-01-28 22:07:46,341] {processor.py:654} INFO - DAG(s) dict_keys(['example_sla_dag']) retrieved from /home/data-eginner/Documents/Soccer_Data/env/lib/python3.8/site-packages/airflow/example_dags/example_sla_dag.py
[2022-01-28 22:07:46,364] {logging_mixin.py:109} INFO - [2022-01-28 22:07:46,364] {dag.py:2396} INFO - Sync 1 DAGs
[2022-01-28 22:07:46,402] {logging_mixin.py:109} INFO - [2022-01-28 22:07:46,402] {dag.py:2935} INFO - Setting next_dagrun for example_sla_dag to 2022-01-29T01:04:00+00:00
[2022-01-28 22:07:46,430] {processor.py:171} INFO - Processing /home/data-eginner/Documents/Soccer_Data/env/lib/python3.8/site-packages/airflow/example_dags/example_sla_dag.py took 0.141 seconds
[2022-01-28 22:08:30,911] {processor.py:163} INFO - Started process (PID=27573) to work on /home/data-eginner/Documents/Soccer_Data/env/lib/python3.8/site-packages/airflow/example_dags/example_sla_dag.py
[2022-01-28 22:08:30,915] {processor.py:642} INFO - Processing file /home/data-eginner/Documents/Soccer_Data/env/lib/python3.8/site-packages/airflow/example_dags/example_sla_dag.py for tasks to queue
[2022-01-28 22:08:30,915] {logging_mixin.py:109} INFO - [2022-01-28 22:08:30,915] {dagbag.py:500} INFO - Filling up the DagBag from /home/data-eginner/Documents/Soccer_Data/env/lib/python3.8/site-packages/airflow/example_dags/example_sla_dag.py
[2022-01-28 22:08:30,949] {processor.py:654} INFO - DAG(s) dict_keys(['example_sla_dag']) retrieved from /home/data-eginner/Documents/Soccer_Data/env/lib/python3.8/site-packages/airflow/example_dags/example_sla_dag.py
[2022-01-28 22:08:30,959] {logging_mixin.py:109} INFO - [2022-01-28 22:08:30,959] {dag.py:2396} INFO - Sync 1 DAGs
[2022-01-28 22:08:30,978] {logging_mixin.py:109} INFO - [2022-01-28 22:08:30,978] {dag.py:2935} INFO - Setting next_dagrun for example_sla_dag to 2022-01-29T01:06:00+00:00
[2022-01-28 22:08:30,994] {processor.py:171} INFO - Processing /home/data-eginner/Documents/Soccer_Data/env/lib/python3.8/site-packages/airflow/example_dags/example_sla_dag.py took 0.091 seconds
[2022-01-28 22:09:14,309] {processor.py:163} INFO - Started process (PID=27744) to work on /home/data-eginner/Documents/Soccer_Data/env/lib/python3.8/site-packages/airflow/example_dags/example_sla_dag.py
[2022-01-28 22:09:14,311] {processor.py:642} INFO - Processing file /home/data-eginner/Documents/Soccer_Data/env/lib/python3.8/site-packages/airflow/example_dags/example_sla_dag.py for tasks to queue
[2022-01-28 22:09:14,315] {logging_mixin.py:109} INFO - [2022-01-28 22:09:14,315] {dagbag.py:500} INFO - Filling up the DagBag from /home/data-eginner/Documents/Soccer_Data/env/lib/python3.8/site-packages/airflow/example_dags/example_sla_dag.py
[2022-01-28 22:09:14,346] {processor.py:654} INFO - DAG(s) dict_keys(['example_sla_dag']) retrieved from /home/data-eginner/Documents/Soccer_Data/env/lib/python3.8/site-packages/airflow/example_dags/example_sla_dag.py
[2022-01-28 22:09:14,354] {logging_mixin.py:109} INFO - [2022-01-28 22:09:14,354] {dag.py:2396} INFO - Sync 1 DAGs
[2022-01-28 22:09:14,371] {logging_mixin.py:109} INFO - [2022-01-28 22:09:14,371] {dag.py:2935} INFO - Setting next_dagrun for example_sla_dag to 2022-01-29T01:06:00+00:00
[2022-01-28 22:09:14,389] {processor.py:171} INFO - Processing /home/data-eginner/Documents/Soccer_Data/env/lib/python3.8/site-packages/airflow/example_dags/example_sla_dag.py took 0.090 seconds
[2022-01-28 22:09:55,054] {processor.py:163} INFO - Started process (PID=27910) to work on /home/data-eginner/Documents/Soccer_Data/env/lib/python3.8/site-packages/airflow/example_dags/example_sla_dag.py
[2022-01-28 22:09:55,057] {processor.py:642} INFO - Processing file /home/data-eginner/Documents/Soccer_Data/env/lib/python3.8/site-packages/airflow/example_dags/example_sla_dag.py for tasks to queue
[2022-01-28 22:09:55,058] {logging_mixin.py:109} INFO - [2022-01-28 22:09:55,058] {dagbag.py:500} INFO - Filling up the DagBag from /home/data-eginner/Documents/Soccer_Data/env/lib/python3.8/site-packages/airflow/example_dags/example_sla_dag.py
[2022-01-28 22:09:55,080] {processor.py:654} INFO - DAG(s) dict_keys(['example_sla_dag']) retrieved from /home/data-eginner/Documents/Soccer_Data/env/lib/python3.8/site-packages/airflow/example_dags/example_sla_dag.py
[2022-01-28 22:09:55,099] {logging_mixin.py:109} INFO - [2022-01-28 22:09:55,099] {dag.py:2396} INFO - Sync 1 DAGs
[2022-01-28 22:09:55,113] {logging_mixin.py:109} INFO - [2022-01-28 22:09:55,113] {dag.py:2935} INFO - Setting next_dagrun for example_sla_dag to 2022-01-29T01:06:00+00:00
[2022-01-28 22:09:55,137] {processor.py:171} INFO - Processing /home/data-eginner/Documents/Soccer_Data/env/lib/python3.8/site-packages/airflow/example_dags/example_sla_dag.py took 0.087 seconds
[2022-01-28 22:10:32,198] {processor.py:163} INFO - Started process (PID=28064) to work on /home/data-eginner/Documents/Soccer_Data/env/lib/python3.8/site-packages/airflow/example_dags/example_sla_dag.py
[2022-01-28 22:10:32,203] {processor.py:642} INFO - Processing file /home/data-eginner/Documents/Soccer_Data/env/lib/python3.8/site-packages/airflow/example_dags/example_sla_dag.py for tasks to queue
[2022-01-28 22:10:32,204] {logging_mixin.py:109} INFO - [2022-01-28 22:10:32,204] {dagbag.py:500} INFO - Filling up the DagBag from /home/data-eginner/Documents/Soccer_Data/env/lib/python3.8/site-packages/airflow/example_dags/example_sla_dag.py
[2022-01-28 22:10:32,270] {processor.py:654} INFO - DAG(s) dict_keys(['example_sla_dag']) retrieved from /home/data-eginner/Documents/Soccer_Data/env/lib/python3.8/site-packages/airflow/example_dags/example_sla_dag.py
[2022-01-28 22:10:32,322] {logging_mixin.py:109} INFO - [2022-01-28 22:10:32,322] {dag.py:2396} INFO - Sync 1 DAGs
[2022-01-28 22:10:32,368] {logging_mixin.py:109} INFO - [2022-01-28 22:10:32,368] {dag.py:2935} INFO - Setting next_dagrun for example_sla_dag to 2022-01-29T01:08:00+00:00
[2022-01-28 22:10:32,400] {processor.py:171} INFO - Processing /home/data-eginner/Documents/Soccer_Data/env/lib/python3.8/site-packages/airflow/example_dags/example_sla_dag.py took 0.205 seconds
[2022-01-28 22:11:09,014] {processor.py:163} INFO - Started process (PID=28229) to work on /home/data-eginner/Documents/Soccer_Data/env/lib/python3.8/site-packages/airflow/example_dags/example_sla_dag.py
[2022-01-28 22:11:09,022] {processor.py:642} INFO - Processing file /home/data-eginner/Documents/Soccer_Data/env/lib/python3.8/site-packages/airflow/example_dags/example_sla_dag.py for tasks to queue
[2022-01-28 22:11:09,023] {logging_mixin.py:109} INFO - [2022-01-28 22:11:09,022] {dagbag.py:500} INFO - Filling up the DagBag from /home/data-eginner/Documents/Soccer_Data/env/lib/python3.8/site-packages/airflow/example_dags/example_sla_dag.py
[2022-01-28 22:11:09,049] {processor.py:654} INFO - DAG(s) dict_keys(['example_sla_dag']) retrieved from /home/data-eginner/Documents/Soccer_Data/env/lib/python3.8/site-packages/airflow/example_dags/example_sla_dag.py
[2022-01-28 22:11:09,058] {logging_mixin.py:109} INFO - [2022-01-28 22:11:09,058] {dag.py:2396} INFO - Sync 1 DAGs
[2022-01-28 22:11:09,072] {logging_mixin.py:109} INFO - [2022-01-28 22:11:09,072] {dag.py:2935} INFO - Setting next_dagrun for example_sla_dag to 2022-01-29T01:08:00+00:00
[2022-01-28 22:11:09,087] {processor.py:171} INFO - Processing /home/data-eginner/Documents/Soccer_Data/env/lib/python3.8/site-packages/airflow/example_dags/example_sla_dag.py took 0.077 seconds
[2022-01-28 22:11:51,272] {processor.py:163} INFO - Started process (PID=28404) to work on /home/data-eginner/Documents/Soccer_Data/env/lib/python3.8/site-packages/airflow/example_dags/example_sla_dag.py
[2022-01-28 22:11:51,275] {processor.py:642} INFO - Processing file /home/data-eginner/Documents/Soccer_Data/env/lib/python3.8/site-packages/airflow/example_dags/example_sla_dag.py for tasks to queue
[2022-01-28 22:11:51,276] {logging_mixin.py:109} INFO - [2022-01-28 22:11:51,276] {dagbag.py:500} INFO - Filling up the DagBag from /home/data-eginner/Documents/Soccer_Data/env/lib/python3.8/site-packages/airflow/example_dags/example_sla_dag.py
[2022-01-28 22:11:51,300] {processor.py:654} INFO - DAG(s) dict_keys(['example_sla_dag']) retrieved from /home/data-eginner/Documents/Soccer_Data/env/lib/python3.8/site-packages/airflow/example_dags/example_sla_dag.py
[2022-01-28 22:11:51,308] {logging_mixin.py:109} INFO - [2022-01-28 22:11:51,308] {dag.py:2396} INFO - Sync 1 DAGs
[2022-01-28 22:11:51,323] {logging_mixin.py:109} INFO - [2022-01-28 22:11:51,323] {dag.py:2935} INFO - Setting next_dagrun for example_sla_dag to 2022-01-29T01:08:00+00:00
[2022-01-28 22:11:51,342] {processor.py:171} INFO - Processing /home/data-eginner/Documents/Soccer_Data/env/lib/python3.8/site-packages/airflow/example_dags/example_sla_dag.py took 0.075 seconds
[2022-01-28 22:12:28,284] {processor.py:163} INFO - Started process (PID=28559) to work on /home/data-eginner/Documents/Soccer_Data/env/lib/python3.8/site-packages/airflow/example_dags/example_sla_dag.py
[2022-01-28 22:12:28,327] {processor.py:642} INFO - Processing file /home/data-eginner/Documents/Soccer_Data/env/lib/python3.8/site-packages/airflow/example_dags/example_sla_dag.py for tasks to queue
[2022-01-28 22:12:28,327] {logging_mixin.py:109} INFO - [2022-01-28 22:12:28,327] {dagbag.py:500} INFO - Filling up the DagBag from /home/data-eginner/Documents/Soccer_Data/env/lib/python3.8/site-packages/airflow/example_dags/example_sla_dag.py
[2022-01-28 22:12:28,461] {processor.py:654} INFO - DAG(s) dict_keys(['example_sla_dag']) retrieved from /home/data-eginner/Documents/Soccer_Data/env/lib/python3.8/site-packages/airflow/example_dags/example_sla_dag.py
[2022-01-28 22:12:28,518] {logging_mixin.py:109} INFO - [2022-01-28 22:12:28,518] {dag.py:2396} INFO - Sync 1 DAGs
[2022-01-28 22:12:28,581] {logging_mixin.py:109} INFO - [2022-01-28 22:12:28,581] {dag.py:2935} INFO - Setting next_dagrun for example_sla_dag to 2022-01-29T01:10:00+00:00
[2022-01-28 22:12:28,623] {processor.py:171} INFO - Processing /home/data-eginner/Documents/Soccer_Data/env/lib/python3.8/site-packages/airflow/example_dags/example_sla_dag.py took 0.342 seconds
[2022-01-28 22:13:10,169] {processor.py:163} INFO - Started process (PID=28719) to work on /home/data-eginner/Documents/Soccer_Data/env/lib/python3.8/site-packages/airflow/example_dags/example_sla_dag.py
[2022-01-28 22:13:10,175] {processor.py:642} INFO - Processing file /home/data-eginner/Documents/Soccer_Data/env/lib/python3.8/site-packages/airflow/example_dags/example_sla_dag.py for tasks to queue
[2022-01-28 22:13:10,177] {logging_mixin.py:109} INFO - [2022-01-28 22:13:10,177] {dagbag.py:500} INFO - Filling up the DagBag from /home/data-eginner/Documents/Soccer_Data/env/lib/python3.8/site-packages/airflow/example_dags/example_sla_dag.py
[2022-01-28 22:13:10,202] {processor.py:654} INFO - DAG(s) dict_keys(['example_sla_dag']) retrieved from /home/data-eginner/Documents/Soccer_Data/env/lib/python3.8/site-packages/airflow/example_dags/example_sla_dag.py
[2022-01-28 22:13:10,216] {logging_mixin.py:109} INFO - [2022-01-28 22:13:10,216] {dag.py:2396} INFO - Sync 1 DAGs
[2022-01-28 22:13:10,232] {logging_mixin.py:109} INFO - [2022-01-28 22:13:10,232] {dag.py:2935} INFO - Setting next_dagrun for example_sla_dag to 2022-01-29T01:10:00+00:00
[2022-01-28 22:13:10,258] {processor.py:171} INFO - Processing /home/data-eginner/Documents/Soccer_Data/env/lib/python3.8/site-packages/airflow/example_dags/example_sla_dag.py took 0.091 seconds
[2022-01-28 22:13:52,498] {processor.py:163} INFO - Started process (PID=28898) to work on /home/data-eginner/Documents/Soccer_Data/env/lib/python3.8/site-packages/airflow/example_dags/example_sla_dag.py
[2022-01-28 22:13:52,514] {processor.py:642} INFO - Processing file /home/data-eginner/Documents/Soccer_Data/env/lib/python3.8/site-packages/airflow/example_dags/example_sla_dag.py for tasks to queue
[2022-01-28 22:13:52,514] {logging_mixin.py:109} INFO - [2022-01-28 22:13:52,514] {dagbag.py:500} INFO - Filling up the DagBag from /home/data-eginner/Documents/Soccer_Data/env/lib/python3.8/site-packages/airflow/example_dags/example_sla_dag.py
[2022-01-28 22:13:52,575] {processor.py:654} INFO - DAG(s) dict_keys(['example_sla_dag']) retrieved from /home/data-eginner/Documents/Soccer_Data/env/lib/python3.8/site-packages/airflow/example_dags/example_sla_dag.py
[2022-01-28 22:13:52,596] {logging_mixin.py:109} INFO - [2022-01-28 22:13:52,596] {dag.py:2396} INFO - Sync 1 DAGs
[2022-01-28 22:13:52,660] {logging_mixin.py:109} INFO - [2022-01-28 22:13:52,660] {dag.py:2935} INFO - Setting next_dagrun for example_sla_dag to 2022-01-29T01:10:00+00:00
[2022-01-28 22:13:52,691] {processor.py:171} INFO - Processing /home/data-eginner/Documents/Soccer_Data/env/lib/python3.8/site-packages/airflow/example_dags/example_sla_dag.py took 0.196 seconds
[2022-01-28 22:14:42,521] {processor.py:163} INFO - Started process (PID=29080) to work on /home/data-eginner/Documents/Soccer_Data/env/lib/python3.8/site-packages/airflow/example_dags/example_sla_dag.py
[2022-01-28 22:14:42,587] {processor.py:642} INFO - Processing file /home/data-eginner/Documents/Soccer_Data/env/lib/python3.8/site-packages/airflow/example_dags/example_sla_dag.py for tasks to queue
[2022-01-28 22:14:42,587] {logging_mixin.py:109} INFO - [2022-01-28 22:14:42,587] {dagbag.py:500} INFO - Filling up the DagBag from /home/data-eginner/Documents/Soccer_Data/env/lib/python3.8/site-packages/airflow/example_dags/example_sla_dag.py
[2022-01-28 22:14:42,655] {processor.py:654} INFO - DAG(s) dict_keys(['example_sla_dag']) retrieved from /home/data-eginner/Documents/Soccer_Data/env/lib/python3.8/site-packages/airflow/example_dags/example_sla_dag.py
[2022-01-28 22:14:42,679] {logging_mixin.py:109} INFO - [2022-01-28 22:14:42,678] {dag.py:2396} INFO - Sync 1 DAGs
[2022-01-28 22:14:42,719] {logging_mixin.py:109} INFO - [2022-01-28 22:14:42,719] {dag.py:2935} INFO - Setting next_dagrun for example_sla_dag to 2022-01-29T01:12:00+00:00
[2022-01-28 22:14:42,737] {processor.py:171} INFO - Processing /home/data-eginner/Documents/Soccer_Data/env/lib/python3.8/site-packages/airflow/example_dags/example_sla_dag.py took 0.222 seconds
[2022-01-28 22:15:41,743] {processor.py:163} INFO - Started process (PID=29294) to work on /home/data-eginner/Documents/Soccer_Data/env/lib/python3.8/site-packages/airflow/example_dags/example_sla_dag.py
[2022-01-28 22:15:41,763] {processor.py:642} INFO - Processing file /home/data-eginner/Documents/Soccer_Data/env/lib/python3.8/site-packages/airflow/example_dags/example_sla_dag.py for tasks to queue
[2022-01-28 22:15:41,763] {logging_mixin.py:109} INFO - [2022-01-28 22:15:41,763] {dagbag.py:500} INFO - Filling up the DagBag from /home/data-eginner/Documents/Soccer_Data/env/lib/python3.8/site-packages/airflow/example_dags/example_sla_dag.py
[2022-01-28 22:15:41,847] {processor.py:654} INFO - DAG(s) dict_keys(['example_sla_dag']) retrieved from /home/data-eginner/Documents/Soccer_Data/env/lib/python3.8/site-packages/airflow/example_dags/example_sla_dag.py
[2022-01-28 22:15:41,966] {logging_mixin.py:109} INFO - [2022-01-28 22:15:41,966] {dag.py:2396} INFO - Sync 1 DAGs
[2022-01-28 22:15:42,068] {logging_mixin.py:109} INFO - [2022-01-28 22:15:42,067] {dag.py:2935} INFO - Setting next_dagrun for example_sla_dag to 2022-01-29T01:12:00+00:00
[2022-01-28 22:15:42,112] {processor.py:171} INFO - Processing /home/data-eginner/Documents/Soccer_Data/env/lib/python3.8/site-packages/airflow/example_dags/example_sla_dag.py took 0.383 seconds
[2022-01-28 22:16:25,222] {processor.py:163} INFO - Started process (PID=29455) to work on /home/data-eginner/Documents/Soccer_Data/env/lib/python3.8/site-packages/airflow/example_dags/example_sla_dag.py
[2022-01-28 22:16:25,235] {processor.py:642} INFO - Processing file /home/data-eginner/Documents/Soccer_Data/env/lib/python3.8/site-packages/airflow/example_dags/example_sla_dag.py for tasks to queue
[2022-01-28 22:16:25,241] {logging_mixin.py:109} INFO - [2022-01-28 22:16:25,241] {dagbag.py:500} INFO - Filling up the DagBag from /home/data-eginner/Documents/Soccer_Data/env/lib/python3.8/site-packages/airflow/example_dags/example_sla_dag.py
[2022-01-28 22:16:25,312] {processor.py:654} INFO - DAG(s) dict_keys(['example_sla_dag']) retrieved from /home/data-eginner/Documents/Soccer_Data/env/lib/python3.8/site-packages/airflow/example_dags/example_sla_dag.py
[2022-01-28 22:16:25,338] {logging_mixin.py:109} INFO - [2022-01-28 22:16:25,337] {dag.py:2396} INFO - Sync 1 DAGs
[2022-01-28 22:16:25,370] {logging_mixin.py:109} INFO - [2022-01-28 22:16:25,370] {dag.py:2935} INFO - Setting next_dagrun for example_sla_dag to 2022-01-29T01:14:00+00:00
[2022-01-28 22:16:25,410] {processor.py:171} INFO - Processing /home/data-eginner/Documents/Soccer_Data/env/lib/python3.8/site-packages/airflow/example_dags/example_sla_dag.py took 0.191 seconds
[2022-01-28 22:17:18,589] {processor.py:163} INFO - Started process (PID=29655) to work on /home/data-eginner/Documents/Soccer_Data/env/lib/python3.8/site-packages/airflow/example_dags/example_sla_dag.py
[2022-01-28 22:17:18,592] {processor.py:642} INFO - Processing file /home/data-eginner/Documents/Soccer_Data/env/lib/python3.8/site-packages/airflow/example_dags/example_sla_dag.py for tasks to queue
[2022-01-28 22:17:18,593] {logging_mixin.py:109} INFO - [2022-01-28 22:17:18,593] {dagbag.py:500} INFO - Filling up the DagBag from /home/data-eginner/Documents/Soccer_Data/env/lib/python3.8/site-packages/airflow/example_dags/example_sla_dag.py
[2022-01-28 22:17:18,641] {processor.py:654} INFO - DAG(s) dict_keys(['example_sla_dag']) retrieved from /home/data-eginner/Documents/Soccer_Data/env/lib/python3.8/site-packages/airflow/example_dags/example_sla_dag.py
[2022-01-28 22:17:18,657] {logging_mixin.py:109} INFO - [2022-01-28 22:17:18,657] {dag.py:2396} INFO - Sync 1 DAGs
[2022-01-28 22:17:18,675] {logging_mixin.py:109} INFO - [2022-01-28 22:17:18,675] {dag.py:2935} INFO - Setting next_dagrun for example_sla_dag to 2022-01-29T01:14:00+00:00
[2022-01-28 22:17:18,704] {processor.py:171} INFO - Processing /home/data-eginner/Documents/Soccer_Data/env/lib/python3.8/site-packages/airflow/example_dags/example_sla_dag.py took 0.118 seconds
[2022-01-28 22:18:00,778] {processor.py:163} INFO - Started process (PID=29821) to work on /home/data-eginner/Documents/Soccer_Data/env/lib/python3.8/site-packages/airflow/example_dags/example_sla_dag.py
[2022-01-28 22:18:00,791] {processor.py:642} INFO - Processing file /home/data-eginner/Documents/Soccer_Data/env/lib/python3.8/site-packages/airflow/example_dags/example_sla_dag.py for tasks to queue
[2022-01-28 22:18:00,791] {logging_mixin.py:109} INFO - [2022-01-28 22:18:00,791] {dagbag.py:500} INFO - Filling up the DagBag from /home/data-eginner/Documents/Soccer_Data/env/lib/python3.8/site-packages/airflow/example_dags/example_sla_dag.py
[2022-01-28 22:18:00,822] {processor.py:654} INFO - DAG(s) dict_keys(['example_sla_dag']) retrieved from /home/data-eginner/Documents/Soccer_Data/env/lib/python3.8/site-packages/airflow/example_dags/example_sla_dag.py
[2022-01-28 22:18:00,830] {logging_mixin.py:109} INFO - [2022-01-28 22:18:00,830] {dag.py:2396} INFO - Sync 1 DAGs
[2022-01-28 22:18:00,847] {logging_mixin.py:109} INFO - [2022-01-28 22:18:00,847] {dag.py:2935} INFO - Setting next_dagrun for example_sla_dag to 2022-01-29T01:16:00+00:00
[2022-01-28 22:18:00,867] {processor.py:171} INFO - Processing /home/data-eginner/Documents/Soccer_Data/env/lib/python3.8/site-packages/airflow/example_dags/example_sla_dag.py took 0.103 seconds
[2022-01-28 22:18:39,509] {processor.py:163} INFO - Started process (PID=29979) to work on /home/data-eginner/Documents/Soccer_Data/env/lib/python3.8/site-packages/airflow/example_dags/example_sla_dag.py
[2022-01-28 22:18:39,514] {processor.py:642} INFO - Processing file /home/data-eginner/Documents/Soccer_Data/env/lib/python3.8/site-packages/airflow/example_dags/example_sla_dag.py for tasks to queue
[2022-01-28 22:18:39,515] {logging_mixin.py:109} INFO - [2022-01-28 22:18:39,515] {dagbag.py:500} INFO - Filling up the DagBag from /home/data-eginner/Documents/Soccer_Data/env/lib/python3.8/site-packages/airflow/example_dags/example_sla_dag.py
[2022-01-28 22:18:39,539] {processor.py:654} INFO - DAG(s) dict_keys(['example_sla_dag']) retrieved from /home/data-eginner/Documents/Soccer_Data/env/lib/python3.8/site-packages/airflow/example_dags/example_sla_dag.py
[2022-01-28 22:18:39,548] {logging_mixin.py:109} INFO - [2022-01-28 22:18:39,548] {dag.py:2396} INFO - Sync 1 DAGs
[2022-01-28 22:18:39,562] {logging_mixin.py:109} INFO - [2022-01-28 22:18:39,562] {dag.py:2935} INFO - Setting next_dagrun for example_sla_dag to 2022-01-29T01:16:00+00:00
[2022-01-28 22:18:39,579] {processor.py:171} INFO - Processing /home/data-eginner/Documents/Soccer_Data/env/lib/python3.8/site-packages/airflow/example_dags/example_sla_dag.py took 0.081 seconds
[2022-01-28 22:19:23,377] {processor.py:163} INFO - Started process (PID=30159) to work on /home/data-eginner/Documents/Soccer_Data/env/lib/python3.8/site-packages/airflow/example_dags/example_sla_dag.py
[2022-01-28 22:19:23,395] {processor.py:642} INFO - Processing file /home/data-eginner/Documents/Soccer_Data/env/lib/python3.8/site-packages/airflow/example_dags/example_sla_dag.py for tasks to queue
[2022-01-28 22:19:23,398] {logging_mixin.py:109} INFO - [2022-01-28 22:19:23,395] {dagbag.py:500} INFO - Filling up the DagBag from /home/data-eginner/Documents/Soccer_Data/env/lib/python3.8/site-packages/airflow/example_dags/example_sla_dag.py
[2022-01-28 22:19:23,462] {processor.py:654} INFO - DAG(s) dict_keys(['example_sla_dag']) retrieved from /home/data-eginner/Documents/Soccer_Data/env/lib/python3.8/site-packages/airflow/example_dags/example_sla_dag.py
[2022-01-28 22:19:23,492] {logging_mixin.py:109} INFO - [2022-01-28 22:19:23,492] {dag.py:2396} INFO - Sync 1 DAGs
[2022-01-28 22:19:23,516] {logging_mixin.py:109} INFO - [2022-01-28 22:19:23,516] {dag.py:2935} INFO - Setting next_dagrun for example_sla_dag to 2022-01-29T01:16:00+00:00
[2022-01-28 22:19:23,539] {processor.py:171} INFO - Processing /home/data-eginner/Documents/Soccer_Data/env/lib/python3.8/site-packages/airflow/example_dags/example_sla_dag.py took 0.165 seconds
[2022-01-28 22:20:21,584] {processor.py:163} INFO - Started process (PID=30386) to work on /home/data-eginner/Documents/Soccer_Data/env/lib/python3.8/site-packages/airflow/example_dags/example_sla_dag.py
[2022-01-28 22:20:21,586] {processor.py:642} INFO - Processing file /home/data-eginner/Documents/Soccer_Data/env/lib/python3.8/site-packages/airflow/example_dags/example_sla_dag.py for tasks to queue
[2022-01-28 22:20:21,587] {logging_mixin.py:109} INFO - [2022-01-28 22:20:21,587] {dagbag.py:500} INFO - Filling up the DagBag from /home/data-eginner/Documents/Soccer_Data/env/lib/python3.8/site-packages/airflow/example_dags/example_sla_dag.py
[2022-01-28 22:20:21,627] {processor.py:654} INFO - DAG(s) dict_keys(['example_sla_dag']) retrieved from /home/data-eginner/Documents/Soccer_Data/env/lib/python3.8/site-packages/airflow/example_dags/example_sla_dag.py
[2022-01-28 22:20:21,653] {logging_mixin.py:109} INFO - [2022-01-28 22:20:21,652] {dag.py:2396} INFO - Sync 1 DAGs
[2022-01-28 22:20:21,712] {logging_mixin.py:109} INFO - [2022-01-28 22:20:21,712] {dag.py:2935} INFO - Setting next_dagrun for example_sla_dag to 2022-01-29T01:18:00+00:00
[2022-01-28 22:20:21,755] {processor.py:171} INFO - Processing /home/data-eginner/Documents/Soccer_Data/env/lib/python3.8/site-packages/airflow/example_dags/example_sla_dag.py took 0.178 seconds
[2022-01-28 22:21:01,783] {processor.py:163} INFO - Started process (PID=30559) to work on /home/data-eginner/Documents/Soccer_Data/env/lib/python3.8/site-packages/airflow/example_dags/example_sla_dag.py
[2022-01-28 22:21:01,788] {processor.py:642} INFO - Processing file /home/data-eginner/Documents/Soccer_Data/env/lib/python3.8/site-packages/airflow/example_dags/example_sla_dag.py for tasks to queue
[2022-01-28 22:21:01,789] {logging_mixin.py:109} INFO - [2022-01-28 22:21:01,789] {dagbag.py:500} INFO - Filling up the DagBag from /home/data-eginner/Documents/Soccer_Data/env/lib/python3.8/site-packages/airflow/example_dags/example_sla_dag.py
[2022-01-28 22:21:01,820] {processor.py:654} INFO - DAG(s) dict_keys(['example_sla_dag']) retrieved from /home/data-eginner/Documents/Soccer_Data/env/lib/python3.8/site-packages/airflow/example_dags/example_sla_dag.py
[2022-01-28 22:21:01,828] {logging_mixin.py:109} INFO - [2022-01-28 22:21:01,828] {dag.py:2396} INFO - Sync 1 DAGs
[2022-01-28 22:21:01,843] {logging_mixin.py:109} INFO - [2022-01-28 22:21:01,843] {dag.py:2935} INFO - Setting next_dagrun for example_sla_dag to 2022-01-29T01:18:00+00:00
[2022-01-28 22:21:01,857] {processor.py:171} INFO - Processing /home/data-eginner/Documents/Soccer_Data/env/lib/python3.8/site-packages/airflow/example_dags/example_sla_dag.py took 0.079 seconds
[2022-01-28 22:21:37,866] {processor.py:163} INFO - Started process (PID=30710) to work on /home/data-eginner/Documents/Soccer_Data/env/lib/python3.8/site-packages/airflow/example_dags/example_sla_dag.py
[2022-01-28 22:21:37,871] {processor.py:642} INFO - Processing file /home/data-eginner/Documents/Soccer_Data/env/lib/python3.8/site-packages/airflow/example_dags/example_sla_dag.py for tasks to queue
[2022-01-28 22:21:37,872] {logging_mixin.py:109} INFO - [2022-01-28 22:21:37,872] {dagbag.py:500} INFO - Filling up the DagBag from /home/data-eginner/Documents/Soccer_Data/env/lib/python3.8/site-packages/airflow/example_dags/example_sla_dag.py
[2022-01-28 22:21:37,904] {processor.py:654} INFO - DAG(s) dict_keys(['example_sla_dag']) retrieved from /home/data-eginner/Documents/Soccer_Data/env/lib/python3.8/site-packages/airflow/example_dags/example_sla_dag.py
[2022-01-28 22:21:37,912] {logging_mixin.py:109} INFO - [2022-01-28 22:21:37,912] {dag.py:2396} INFO - Sync 1 DAGs
[2022-01-28 22:21:37,926] {logging_mixin.py:109} INFO - [2022-01-28 22:21:37,925] {dag.py:2935} INFO - Setting next_dagrun for example_sla_dag to 2022-01-29T01:18:00+00:00
[2022-01-28 22:21:37,941] {processor.py:171} INFO - Processing /home/data-eginner/Documents/Soccer_Data/env/lib/python3.8/site-packages/airflow/example_dags/example_sla_dag.py took 0.083 seconds
                                                                                                                                                                                                                                                                                                                                                                                                                                                                                                                                                                                                                                                                                                                                                                                                                                                                                                                                                                                                                                                                     