[2022-01-28 21:08:14,664] {processor.py:163} INFO - Started process (PID=19749) to work on /home/data-eginner/Documents/Soccer_Data/env/lib/python3.8/site-packages/airflow/example_dags/example_branch_python_dop_operator_3.py
[2022-01-28 21:08:14,665] {processor.py:642} INFO - Processing file /home/data-eginner/Documents/Soccer_Data/env/lib/python3.8/site-packages/airflow/example_dags/example_branch_python_dop_operator_3.py for tasks to queue
[2022-01-28 21:08:14,665] {logging_mixin.py:109} INFO - [2022-01-28 21:08:14,665] {dagbag.py:500} INFO - Filling up the DagBag from /home/data-eginner/Documents/Soccer_Data/env/lib/python3.8/site-packages/airflow/example_dags/example_branch_python_dop_operator_3.py
[2022-01-28 21:08:14,731] {processor.py:654} INFO - DAG(s) dict_keys(['example_branch_dop_operator_v3']) retrieved from /home/data-eginner/Documents/Soccer_Data/env/lib/python3.8/site-packages/airflow/example_dags/example_branch_python_dop_operator_3.py
[2022-01-28 21:08:14,744] {logging_mixin.py:109} INFO - [2022-01-28 21:08:14,744] {dag.py:2396} INFO - Sync 1 DAGs
[2022-01-28 21:08:14,787] {logging_mixin.py:109} INFO - [2022-01-28 21:08:14,787] {dag.py:2935} INFO - Setting next_dagrun for example_branch_dop_operator_v3 to 2022-01-29T00:07:00+00:00
[2022-01-28 21:08:14,822] {processor.py:171} INFO - Processing /home/data-eginner/Documents/Soccer_Data/env/lib/python3.8/site-packages/airflow/example_dags/example_branch_python_dop_operator_3.py took 0.196 seconds
[2022-01-28 21:09:00,563] {processor.py:163} INFO - Started process (PID=19917) to work on /home/data-eginner/Documents/Soccer_Data/env/lib/python3.8/site-packages/airflow/example_dags/example_branch_python_dop_operator_3.py
[2022-01-28 21:09:00,570] {processor.py:642} INFO - Processing file /home/data-eginner/Documents/Soccer_Data/env/lib/python3.8/site-packages/airflow/example_dags/example_branch_python_dop_operator_3.py for tasks to queue
[2022-01-28 21:09:00,571] {logging_mixin.py:109} INFO - [2022-01-28 21:09:00,571] {dagbag.py:500} INFO - Filling up the DagBag from /home/data-eginner/Documents/Soccer_Data/env/lib/python3.8/site-packages/airflow/example_dags/example_branch_python_dop_operator_3.py
[2022-01-28 21:09:00,597] {processor.py:654} INFO - DAG(s) dict_keys(['example_branch_dop_operator_v3']) retrieved from /home/data-eginner/Documents/Soccer_Data/env/lib/python3.8/site-packages/airflow/example_dags/example_branch_python_dop_operator_3.py
[2022-01-28 21:09:00,612] {logging_mixin.py:109} INFO - [2022-01-28 21:09:00,612] {dag.py:2396} INFO - Sync 1 DAGs
[2022-01-28 21:09:00,631] {logging_mixin.py:109} INFO - [2022-01-28 21:09:00,630] {dag.py:2935} INFO - Setting next_dagrun for example_branch_dop_operator_v3 to 2022-01-29T00:08:00+00:00
[2022-01-28 21:09:00,662] {processor.py:171} INFO - Processing /home/data-eginner/Documents/Soccer_Data/env/lib/python3.8/site-packages/airflow/example_dags/example_branch_python_dop_operator_3.py took 0.101 seconds
[2022-01-28 21:09:51,352] {processor.py:163} INFO - Started process (PID=20107) to work on /home/data-eginner/Documents/Soccer_Data/env/lib/python3.8/site-packages/airflow/example_dags/example_branch_python_dop_operator_3.py
[2022-01-28 21:09:51,357] {processor.py:642} INFO - Processing file /home/data-eginner/Documents/Soccer_Data/env/lib/python3.8/site-packages/airflow/example_dags/example_branch_python_dop_operator_3.py for tasks to queue
[2022-01-28 21:09:51,357] {logging_mixin.py:109} INFO - [2022-01-28 21:09:51,357] {dagbag.py:500} INFO - Filling up the DagBag from /home/data-eginner/Documents/Soccer_Data/env/lib/python3.8/site-packages/airflow/example_dags/example_branch_python_dop_operator_3.py
[2022-01-28 21:09:51,425] {processor.py:654} INFO - DAG(s) dict_keys(['example_branch_dop_operator_v3']) retrieved from /home/data-eginner/Documents/Soccer_Data/env/lib/python3.8/site-packages/airflow/example_dags/example_branch_python_dop_operator_3.py
[2022-01-28 21:09:51,469] {logging_mixin.py:109} INFO - [2022-01-28 21:09:51,469] {dag.py:2396} INFO - Sync 1 DAGs
[2022-01-28 21:09:51,505] {logging_mixin.py:109} INFO - [2022-01-28 21:09:51,505] {dag.py:2935} INFO - Setting next_dagrun for example_branch_dop_operator_v3 to 2022-01-29T00:08:00+00:00
[2022-01-28 21:09:51,564] {processor.py:171} INFO - Processing /home/data-eginner/Documents/Soccer_Data/env/lib/python3.8/site-packages/airflow/example_dags/example_branch_python_dop_operator_3.py took 0.214 seconds
[2022-01-28 21:10:38,855] {processor.py:163} INFO - Started process (PID=20289) to work on /home/data-eginner/Documents/Soccer_Data/env/lib/python3.8/site-packages/airflow/example_dags/example_branch_python_dop_operator_3.py
[2022-01-28 21:10:38,915] {processor.py:642} INFO - Processing file /home/data-eginner/Documents/Soccer_Data/env/lib/python3.8/site-packages/airflow/example_dags/example_branch_python_dop_operator_3.py for tasks to queue
[2022-01-28 21:10:38,916] {logging_mixin.py:109} INFO - [2022-01-28 21:10:38,916] {dagbag.py:500} INFO - Filling up the DagBag from /home/data-eginner/Documents/Soccer_Data/env/lib/python3.8/site-packages/airflow/example_dags/example_branch_python_dop_operator_3.py
[2022-01-28 21:10:38,961] {processor.py:654} INFO - DAG(s) dict_keys(['example_branch_dop_operator_v3']) retrieved from /home/data-eginner/Documents/Soccer_Data/env/lib/python3.8/site-packages/airflow/example_dags/example_branch_python_dop_operator_3.py
[2022-01-28 21:10:38,981] {logging_mixin.py:109} INFO - [2022-01-28 21:10:38,981] {dag.py:2396} INFO - Sync 1 DAGs
[2022-01-28 21:10:39,002] {logging_mixin.py:109} INFO - [2022-01-28 21:10:39,002] {dag.py:2935} INFO - Setting next_dagrun for example_branch_dop_operator_v3 to 2022-01-29T00:09:00+00:00
[2022-01-28 21:10:39,031] {processor.py:171} INFO - Processing /home/data-eginner/Documents/Soccer_Data/env/lib/python3.8/site-packages/airflow/example_dags/example_branch_python_dop_operator_3.py took 0.187 seconds
[2022-01-28 21:11:19,845] {processor.py:163} INFO - Started process (PID=20448) to work on /home/data-eginner/Documents/Soccer_Data/env/lib/python3.8/site-packages/airflow/example_dags/example_branch_python_dop_operator_3.py
[2022-01-28 21:11:19,852] {processor.py:642} INFO - Processing file /home/data-eginner/Documents/Soccer_Data/env/lib/python3.8/site-packages/airflow/example_dags/example_branch_python_dop_operator_3.py for tasks to queue
[2022-01-28 21:11:19,852] {logging_mixin.py:109} INFO - [2022-01-28 21:11:19,852] {dagbag.py:500} INFO - Filling up the DagBag from /home/data-eginner/Documents/Soccer_Data/env/lib/python3.8/site-packages/airflow/example_dags/example_branch_python_dop_operator_3.py
[2022-01-28 21:11:19,877] {processor.py:654} INFO - DAG(s) dict_keys(['example_branch_dop_operator_v3']) retrieved from /home/data-eginner/Documents/Soccer_Data/env/lib/python3.8/site-packages/airflow/example_dags/example_branch_python_dop_operator_3.py
[2022-01-28 21:11:19,892] {logging_mixin.py:109} INFO - [2022-01-28 21:11:19,892] {dag.py:2396} INFO - Sync 1 DAGs
[2022-01-28 21:11:19,911] {logging_mixin.py:109} INFO - [2022-01-28 21:11:19,911] {dag.py:2935} INFO - Setting next_dagrun for example_branch_dop_operator_v3 to 2022-01-29T00:10:00+00:00
[2022-01-28 21:11:19,951] {processor.py:171} INFO - Processing /home/data-eginner/Documents/Soccer_Data/env/lib/python3.8/site-packages/airflow/example_dags/example_branch_python_dop_operator_3.py took 0.108 seconds
[2022-01-28 21:11:57,726] {processor.py:163} INFO - Started process (PID=20600) to work on /home/data-eginner/Documents/Soccer_Data/env/lib/python3.8/site-packages/airflow/example_dags/example_branch_python_dop_operator_3.py
[2022-01-28 21:11:57,731] {processor.py:642} INFO - Processing file /home/data-eginner/Documents/Soccer_Data/env/lib/python3.8/site-packages/airflow/example_dags/example_branch_python_dop_operator_3.py for tasks to queue
[2022-01-28 21:11:57,732] {logging_mixin.py:109} INFO - [2022-01-28 21:11:57,732] {dagbag.py:500} INFO - Filling up the DagBag from /home/data-eginner/Documents/Soccer_Data/env/lib/python3.8/site-packages/airflow/example_dags/example_branch_python_dop_operator_3.py
[2022-01-28 21:11:57,756] {processor.py:654} INFO - DAG(s) dict_keys(['example_branch_dop_operator_v3']) retrieved from /home/data-eginner/Documents/Soccer_Data/env/lib/python3.8/site-packages/airflow/example_dags/example_branch_python_dop_operator_3.py
[2022-01-28 21:11:57,769] {logging_mixin.py:109} INFO - [2022-01-28 21:11:57,769] {dag.py:2396} INFO - Sync 1 DAGs
[2022-01-28 21:11:57,791] {logging_mixin.py:109} INFO - [2022-01-28 21:11:57,791] {dag.py:2935} INFO - Setting next_dagrun for example_branch_dop_operator_v3 to 2022-01-29T00:10:00+00:00
[2022-01-28 21:11:57,815] {processor.py:171} INFO - Processing /home/data-eginner/Documents/Soccer_Data/env/lib/python3.8/site-packages/airflow/example_dags/example_branch_python_dop_operator_3.py took 0.092 seconds
[2022-01-28 21:12:34,596] {processor.py:163} INFO - Started process (PID=20744) to work on /home/data-eginner/Documents/Soccer_Data/env/lib/python3.8/site-packages/airflow/example_dags/example_branch_python_dop_operator_3.py
[2022-01-28 21:12:34,615] {processor.py:642} INFO - Processing file /home/data-eginner/Documents/Soccer_Data/env/lib/python3.8/site-packages/airflow/example_dags/example_branch_python_dop_operator_3.py for tasks to queue
[2022-01-28 21:12:34,618] {logging_mixin.py:109} INFO - [2022-01-28 21:12:34,618] {dagbag.py:500} INFO - Filling up the DagBag from /home/data-eginner/Documents/Soccer_Data/env/lib/python3.8/site-packages/airflow/example_dags/example_branch_python_dop_operator_3.py
[2022-01-28 21:12:34,682] {processor.py:654} INFO - DAG(s) dict_keys(['example_branch_dop_operator_v3']) retrieved from /home/data-eginner/Documents/Soccer_Data/env/lib/python3.8/site-packages/airflow/example_dags/example_branch_python_dop_operator_3.py
[2022-01-28 21:12:34,697] {logging_mixin.py:109} INFO - [2022-01-28 21:12:34,697] {dag.py:2396} INFO - Sync 1 DAGs
[2022-01-28 21:12:34,719] {logging_mixin.py:109} INFO - [2022-01-28 21:12:34,718] {dag.py:2935} INFO - Setting next_dagrun for example_branch_dop_operator_v3 to 2022-01-29T00:11:00+00:00
[2022-01-28 21:12:34,743] {processor.py:171} INFO - Processing /home/data-eginner/Documents/Soccer_Data/env/lib/python3.8/site-packages/airflow/example_dags/example_branch_python_dop_operator_3.py took 0.170 seconds
[2022-01-28 21:13:23,894] {processor.py:163} INFO - Started process (PID=20928) to work on /home/data-eginner/Documents/Soccer_Data/env/lib/python3.8/site-packages/airflow/example_dags/example_branch_python_dop_operator_3.py
[2022-01-28 21:13:23,932] {processor.py:642} INFO - Processing file /home/data-eginner/Documents/Soccer_Data/env/lib/python3.8/site-packages/airflow/example_dags/example_branch_python_dop_operator_3.py for tasks to queue
[2022-01-28 21:13:23,933] {logging_mixin.py:109} INFO - [2022-01-28 21:13:23,933] {dagbag.py:500} INFO - Filling up the DagBag from /home/data-eginner/Documents/Soccer_Data/env/lib/python3.8/site-packages/airflow/example_dags/example_branch_python_dop_operator_3.py
[2022-01-28 21:13:24,010] {processor.py:654} INFO - DAG(s) dict_keys(['example_branch_dop_operator_v3']) retrieved from /home/data-eginner/Documents/Soccer_Data/env/lib/python3.8/site-packages/airflow/example_dags/example_branch_python_dop_operator_3.py
[2022-01-28 21:13:24,041] {logging_mixin.py:109} INFO - [2022-01-28 21:13:24,041] {dag.py:2396} INFO - Sync 1 DAGs
[2022-01-28 21:13:24,105] {logging_mixin.py:109} INFO - [2022-01-28 21:13:24,105] {dag.py:2935} INFO - Setting next_dagrun for example_branch_dop_operator_v3 to 2022-01-29T00:12:00+00:00
[2022-01-28 21:13:24,132] {processor.py:171} INFO - Processing /home/data-eginner/Documents/Soccer_Data/env/lib/python3.8/site-packages/airflow/example_dags/example_branch_python_dop_operator_3.py took 0.249 seconds
[2022-01-28 21:14:09,081] {processor.py:163} INFO - Started process (PID=21090) to work on /home/data-eginner/Documents/Soccer_Data/env/lib/python3.8/site-packages/airflow/example_dags/example_branch_python_dop_operator_3.py
[2022-01-28 21:14:09,086] {processor.py:642} INFO - Processing file /home/data-eginner/Documents/Soccer_Data/env/lib/python3.8/site-packages/airflow/example_dags/example_branch_python_dop_operator_3.py for tasks to queue
[2022-01-28 21:14:09,087] {logging_mixin.py:109} INFO - [2022-01-28 21:14:09,086] {dagbag.py:500} INFO - Filling up the DagBag from /home/data-eginner/Documents/Soccer_Data/env/lib/python3.8/site-packages/airflow/example_dags/example_branch_python_dop_operator_3.py
[2022-01-28 21:14:09,132] {processor.py:654} INFO - DAG(s) dict_keys(['example_branch_dop_operator_v3']) retrieved from /home/data-eginner/Documents/Soccer_Data/env/lib/python3.8/site-packages/airflow/example_dags/example_branch_python_dop_operator_3.py
[2022-01-28 21:14:09,147] {logging_mixin.py:109} INFO - [2022-01-28 21:14:09,147] {dag.py:2396} INFO - Sync 1 DAGs
[2022-01-28 21:14:09,166] {logging_mixin.py:109} INFO - [2022-01-28 21:14:09,166] {dag.py:2935} INFO - Setting next_dagrun for example_branch_dop_operator_v3 to 2022-01-29T00:13:00+00:00
[2022-01-28 21:14:09,218] {processor.py:171} INFO - Processing /home/data-eginner/Documents/Soccer_Data/env/lib/python3.8/site-packages/airflow/example_dags/example_branch_python_dop_operator_3.py took 0.140 seconds
[2022-01-28 21:15:17,847] {processor.py:163} INFO - Started process (PID=21314) to work on /home/data-eginner/Documents/Soccer_Data/env/lib/python3.8/site-packages/airflow/example_dags/example_branch_python_dop_operator_3.py
[2022-01-28 21:15:17,862] {processor.py:642} INFO - Processing file /home/data-eginner/Documents/Soccer_Data/env/lib/python3.8/site-packages/airflow/example_dags/example_branch_python_dop_operator_3.py for tasks to queue
[2022-01-28 21:15:17,862] {logging_mixin.py:109} INFO - [2022-01-28 21:15:17,862] {dagbag.py:500} INFO - Filling up the DagBag from /home/data-eginner/Documents/Soccer_Data/env/lib/python3.8/site-packages/airflow/example_dags/example_branch_python_dop_operator_3.py
[2022-01-28 21:15:17,953] {processor.py:654} INFO - DAG(s) dict_keys(['example_branch_dop_operator_v3']) retrieved from /home/data-eginner/Documents/Soccer_Data/env/lib/python3.8/site-packages/airflow/example_dags/example_branch_python_dop_operator_3.py
[2022-01-28 21:15:18,014] {logging_mixin.py:109} INFO - [2022-01-28 21:15:18,014] {dag.py:2396} INFO - Sync 1 DAGs
[2022-01-28 21:15:18,063] {logging_mixin.py:109} INFO - [2022-01-28 21:15:18,063] {dag.py:2935} INFO - Setting next_dagrun for example_branch_dop_operator_v3 to 2022-01-29T00:14:00+00:00
[2022-01-28 21:15:18,131] {processor.py:171} INFO - Processing /home/data-eginner/Documents/Soccer_Data/env/lib/python3.8/site-packages/airflow/example_dags/example_branch_python_dop_operator_3.py took 0.286 seconds
[2022-01-28 21:16:12,916] {processor.py:163} INFO - Started process (PID=21495) to work on /home/data-eginner/Documents/Soccer_Data/env/lib/python3.8/site-packages/airflow/example_dags/example_branch_python_dop_operator_3.py
[2022-01-28 21:16:12,923] {processor.py:642} INFO - Processing file /home/data-eginner/Documents/Soccer_Data/env/lib/python3.8/site-packages/airflow/example_dags/example_branch_python_dop_operator_3.py for tasks to queue
[2022-01-28 21:16:12,928] {logging_mixin.py:109} INFO - [2022-01-28 21:16:12,928] {dagbag.py:500} INFO - Filling up the DagBag from /home/data-eginner/Documents/Soccer_Data/env/lib/python3.8/site-packages/airflow/example_dags/example_branch_python_dop_operator_3.py
[2022-01-28 21:16:12,984] {processor.py:654} INFO - DAG(s) dict_keys(['example_branch_dop_operator_v3']) retrieved from /home/data-eginner/Documents/Soccer_Data/env/lib/python3.8/site-packages/airflow/example_dags/example_branch_python_dop_operator_3.py
[2022-01-28 21:16:13,017] {logging_mixin.py:109} INFO - [2022-01-28 21:16:13,017] {dag.py:2396} INFO - Sync 1 DAGs
[2022-01-28 21:16:13,059] {logging_mixin.py:109} INFO - [2022-01-28 21:16:13,059] {dag.py:2935} INFO - Setting next_dagrun for example_branch_dop_operator_v3 to 2022-01-29T00:15:00+00:00
[2022-01-28 21:16:13,099] {processor.py:171} INFO - Processing /home/data-eginner/Documents/Soccer_Data/env/lib/python3.8/site-packages/airflow/example_dags/example_branch_python_dop_operator_3.py took 0.198 seconds
[2022-01-28 21:17:02,200] {processor.py:163} INFO - Started process (PID=21645) to work on /home/data-eginner/Documents/Soccer_Data/env/lib/python3.8/site-packages/airflow/example_dags/example_branch_python_dop_operator_3.py
[2022-01-28 21:17:02,206] {processor.py:642} INFO - Processing file /home/data-eginner/Documents/Soccer_Data/env/lib/python3.8/site-packages/airflow/example_dags/example_branch_python_dop_operator_3.py for tasks to queue
[2022-01-28 21:17:02,206] {logging_mixin.py:109} INFO - [2022-01-28 21:17:02,206] {dagbag.py:500} INFO - Filling up the DagBag from /home/data-eginner/Documents/Soccer_Data/env/lib/python3.8/site-packages/airflow/example_dags/example_branch_python_dop_operator_3.py
[2022-01-28 21:17:02,266] {processor.py:654} INFO - DAG(s) dict_keys(['example_branch_dop_operator_v3']) retrieved from /home/data-eginner/Documents/Soccer_Data/env/lib/python3.8/site-packages/airflow/example_dags/example_branch_python_dop_operator_3.py
[2022-01-28 21:17:02,329] {logging_mixin.py:109} INFO - [2022-01-28 21:17:02,329] {dag.py:2396} INFO - Sync 1 DAGs
[2022-01-28 21:17:02,432] {logging_mixin.py:109} INFO - [2022-01-28 21:17:02,432] {dag.py:2935} INFO - Setting next_dagrun for example_branch_dop_operator_v3 to 2022-01-29T00:16:00+00:00
[2022-01-28 21:17:02,510] {processor.py:171} INFO - Processing /home/data-eginner/Documents/Soccer_Data/env/lib/python3.8/site-packages/airflow/example_dags/example_branch_python_dop_operator_3.py took 0.360 seconds
[2022-01-28 21:17:51,719] {processor.py:163} INFO - Started process (PID=21794) to work on /home/data-eginner/Documents/Soccer_Data/env/lib/python3.8/site-packages/airflow/example_dags/example_branch_python_dop_operator_3.py
[2022-01-28 21:17:51,721] {processor.py:642} INFO - Processing file /home/data-eginner/Documents/Soccer_Data/env/lib/python3.8/site-packages/airflow/example_dags/example_branch_python_dop_operator_3.py for tasks to queue
[2022-01-28 21:17:51,721] {logging_mixin.py:109} INFO - [2022-01-28 21:17:51,721] {dagbag.py:500} INFO - Filling up the DagBag from /home/data-eginner/Documents/Soccer_Data/env/lib/python3.8/site-packages/airflow/example_dags/example_branch_python_dop_operator_3.py
[2022-01-28 21:17:51,767] {processor.py:654} INFO - DAG(s) dict_keys(['example_branch_dop_operator_v3']) retrieved from /home/data-eginner/Documents/Soccer_Data/env/lib/python3.8/site-packages/airflow/example_dags/example_branch_python_dop_operator_3.py
[2022-01-28 21:17:51,801] {logging_mixin.py:109} INFO - [2022-01-28 21:17:51,800] {dag.py:2396} INFO - Sync 1 DAGs
[2022-01-28 21:17:51,853] {logging_mixin.py:109} INFO - [2022-01-28 21:17:51,853] {dag.py:2935} INFO - Setting next_dagrun for example_branch_dop_operator_v3 to 2022-01-29T00:16:00+00:00
[2022-01-28 21:17:51,907] {processor.py:171} INFO - Processing /home/data-eginner/Documents/Soccer_Data/env/lib/python3.8/site-packages/airflow/example_dags/example_branch_python_dop_operator_3.py took 0.224 seconds
[2022-01-28 21:18:43,809] {processor.py:163} INFO - Started process (PID=21953) to work on /home/data-eginner/Documents/Soccer_Data/env/lib/python3.8/site-packages/airflow/example_dags/example_branch_python_dop_operator_3.py
[2022-01-28 21:18:43,811] {processor.py:642} INFO - Processing file /home/data-eginner/Documents/Soccer_Data/env/lib/python3.8/site-packages/airflow/example_dags/example_branch_python_dop_operator_3.py for tasks to queue
[2022-01-28 21:18:43,813] {logging_mixin.py:109} INFO - [2022-01-28 21:18:43,812] {dagbag.py:500} INFO - Filling up the DagBag from /home/data-eginner/Documents/Soccer_Data/env/lib/python3.8/site-packages/airflow/example_dags/example_branch_python_dop_operator_3.py
[2022-01-28 21:18:43,957] {processor.py:654} INFO - DAG(s) dict_keys(['example_branch_dop_operator_v3']) retrieved from /home/data-eginner/Documents/Soccer_Data/env/lib/python3.8/site-packages/airflow/example_dags/example_branch_python_dop_operator_3.py
[2022-01-28 21:18:44,025] {logging_mixin.py:109} INFO - [2022-01-28 21:18:44,025] {dag.py:2396} INFO - Sync 1 DAGs
[2022-01-28 21:18:44,078] {logging_mixin.py:109} INFO - [2022-01-28 21:18:44,078] {dag.py:2935} INFO - Setting next_dagrun for example_branch_dop_operator_v3 to 2022-01-29T00:17:00+00:00
[2022-01-28 21:18:44,108] {processor.py:171} INFO - Processing /home/data-eginner/Documents/Soccer_Data/env/lib/python3.8/site-packages/airflow/example_dags/example_branch_python_dop_operator_3.py took 0.303 seconds
[2022-01-28 21:19:36,774] {processor.py:163} INFO - Started process (PID=22115) to work on /home/data-eginner/Documents/Soccer_Data/env/lib/python3.8/site-packages/airflow/example_dags/example_branch_python_dop_operator_3.py
[2022-01-28 21:19:36,806] {processor.py:642} INFO - Processing file /home/data-eginner/Documents/Soccer_Data/env/lib/python3.8/site-packages/airflow/example_dags/example_branch_python_dop_operator_3.py for tasks to queue
[2022-01-28 21:19:36,807] {logging_mixin.py:109} INFO - [2022-01-28 21:19:36,807] {dagbag.py:500} INFO - Filling up the DagBag from /home/data-eginner/Documents/Soccer_Data/env/lib/python3.8/site-packages/airflow/example_dags/example_branch_python_dop_operator_3.py
[2022-01-28 21:19:36,877] {processor.py:654} INFO - DAG(s) dict_keys(['example_branch_dop_operator_v3']) retrieved from /home/data-eginner/Documents/Soccer_Data/env/lib/python3.8/site-packages/airflow/example_dags/example_branch_python_dop_operator_3.py
[2022-01-28 21:19:36,922] {logging_mixin.py:109} INFO - [2022-01-28 21:19:36,922] {dag.py:2396} INFO - Sync 1 DAGs
[2022-01-28 21:19:36,984] {logging_mixin.py:109} INFO - [2022-01-28 21:19:36,984] {dag.py:2935} INFO - Setting next_dagrun for example_branch_dop_operator_v3 to 2022-01-29T00:18:00+00:00
[2022-01-28 21:19:37,010] {processor.py:171} INFO - Processing /home/data-eginner/Documents/Soccer_Data/env/lib/python3.8/site-packages/airflow/example_dags/example_branch_python_dop_operator_3.py took 0.239 seconds
[2022-01-28 21:20:24,832] {processor.py:163} INFO - Started process (PID=22294) to work on /home/data-eginner/Documents/Soccer_Data/env/lib/python3.8/site-packages/airflow/example_dags/example_branch_python_dop_operator_3.py
[2022-01-28 21:20:24,862] {processor.py:642} INFO - Processing file /home/data-eginner/Documents/Soccer_Data/env/lib/python3.8/site-packages/airflow/example_dags/example_branch_python_dop_operator_3.py for tasks to queue
[2022-01-28 21:20:24,867] {logging_mixin.py:109} INFO - [2022-01-28 21:20:24,867] {dagbag.py:500} INFO - Filling up the DagBag from /home/data-eginner/Documents/Soccer_Data/env/lib/python3.8/site-packages/airflow/example_dags/example_branch_python_dop_operator_3.py
[2022-01-28 21:20:24,932] {processor.py:654} INFO - DAG(s) dict_keys(['example_branch_dop_operator_v3']) retrieved from /home/data-eginner/Documents/Soccer_Data/env/lib/python3.8/site-packages/airflow/example_dags/example_branch_python_dop_operator_3.py
[2022-01-28 21:20:24,959] {logging_mixin.py:109} INFO - [2022-01-28 21:20:24,958] {dag.py:2396} INFO - Sync 1 DAGs
[2022-01-28 21:20:25,003] {logging_mixin.py:109} INFO - [2022-01-28 21:20:25,003] {dag.py:2935} INFO - Setting next_dagrun for example_branch_dop_operator_v3 to 2022-01-29T00:19:00+00:00
[2022-01-28 21:20:25,044] {processor.py:171} INFO - Processing /home/data-eginner/Documents/Soccer_Data/env/lib/python3.8/site-packages/airflow/example_dags/example_branch_python_dop_operator_3.py took 0.215 seconds
[2022-01-28 21:21:22,048] {processor.py:163} INFO - Started process (PID=22498) to work on /home/data-eginner/Documents/Soccer_Data/env/lib/python3.8/site-packages/airflow/example_dags/example_branch_python_dop_operator_3.py
[2022-01-28 21:21:22,053] {processor.py:642} INFO - Processing file /home/data-eginner/Documents/Soccer_Data/env/lib/python3.8/site-packages/airflow/example_dags/example_branch_python_dop_operator_3.py for tasks to queue
[2022-01-28 21:21:22,053] {logging_mixin.py:109} INFO - [2022-01-28 21:21:22,053] {dagbag.py:500} INFO - Filling up the DagBag from /home/data-eginner/Documents/Soccer_Data/env/lib/python3.8/site-packages/airflow/example_dags/example_branch_python_dop_operator_3.py
[2022-01-28 21:21:22,085] {processor.py:654} INFO - DAG(s) dict_keys(['example_branch_dop_operator_v3']) retrieved from /home/data-eginner/Documents/Soccer_Data/env/lib/python3.8/site-packages/airflow/example_dags/example_branch_python_dop_operator_3.py
[2022-01-28 21:21:22,098] {logging_mixin.py:109} INFO - [2022-01-28 21:21:22,098] {dag.py:2396} INFO - Sync 1 DAGs
[2022-01-28 21:21:22,113] {logging_mixin.py:109} INFO - [2022-01-28 21:21:22,113] {dag.py:2935} INFO - Setting next_dagrun for example_branch_dop_operator_v3 to 2022-01-29T00:20:00+00:00
[2022-01-28 21:21:22,152] {processor.py:171} INFO - Processing /home/data-eginner/Documents/Soccer_Data/env/lib/python3.8/site-packages/airflow/example_dags/example_branch_python_dop_operator_3.py took 0.107 seconds
[2022-01-28 21:22:11,308] {processor.py:163} INFO - Started process (PID=22679) to work on /home/data-eginner/Documents/Soccer_Data/env/lib/python3.8/site-packages/airflow/example_dags/example_branch_python_dop_operator_3.py
[2022-01-28 21:22:11,311] {processor.py:642} INFO - Processing file /home/data-eginner/Documents/Soccer_Data/env/lib/python3.8/site-packages/airflow/example_dags/example_branch_python_dop_operator_3.py for tasks to queue
[2022-01-28 21:22:11,312] {logging_mixin.py:109} INFO - [2022-01-28 21:22:11,312] {dagbag.py:500} INFO - Filling up the DagBag from /home/data-eginner/Documents/Soccer_Data/env/lib/python3.8/site-packages/airflow/example_dags/example_branch_python_dop_operator_3.py
[2022-01-28 21:22:11,346] {processor.py:654} INFO - DAG(s) dict_keys(['example_branch_dop_operator_v3']) retrieved from /home/data-eginner/Documents/Soccer_Data/env/lib/python3.8/site-packages/airflow/example_dags/example_branch_python_dop_operator_3.py
[2022-01-28 21:22:11,358] {logging_mixin.py:109} INFO - [2022-01-28 21:22:11,358] {dag.py:2396} INFO - Sync 1 DAGs
[2022-01-28 21:22:11,390] {logging_mixin.py:109} INFO - [2022-01-28 21:22:11,390] {dag.py:2935} INFO - Setting next_dagrun for example_branch_dop_operator_v3 to 2022-01-29T00:21:00+00:00
[2022-01-28 21:22:11,423] {processor.py:171} INFO - Processing /home/data-eginner/Documents/Soccer_Data/env/lib/python3.8/site-packages/airflow/example_dags/example_branch_python_dop_operator_3.py took 0.119 seconds
[2022-01-28 21:26:20,569] {processor.py:163} INFO - Started process (PID=22895) to work on /home/data-eginner/Documents/Soccer_Data/env/lib/python3.8/site-packages/airflow/example_dags/example_branch_python_dop_operator_3.py
[2022-01-28 21:26:20,599] {processor.py:642} INFO - Processing file /home/data-eginner/Documents/Soccer_Data/env/lib/python3.8/site-packages/airflow/example_dags/example_branch_python_dop_operator_3.py for tasks to queue
[2022-01-28 21:26:20,600] {logging_mixin.py:109} INFO - [2022-01-28 21:26:20,600] {dagbag.py:500} INFO - Filling up the DagBag from /home/data-eginner/Documents/Soccer_Data/env/lib/python3.8/site-packages/airflow/example_dags/example_branch_python_dop_operator_3.py
[2022-01-28 21:26:20,688] {processor.py:654} INFO - DAG(s) dict_keys(['example_branch_dop_operator_v3']) retrieved from /home/data-eginner/Documents/Soccer_Data/env/lib/python3.8/site-packages/airflow/example_dags/example_branch_python_dop_operator_3.py
[2022-01-28 21:26:20,720] {logging_mixin.py:109} INFO - [2022-01-28 21:26:20,720] {dag.py:2396} INFO - Sync 1 DAGs
[2022-01-28 21:26:20,757] {logging_mixin.py:109} INFO - [2022-01-28 21:26:20,757] {dag.py:2935} INFO - Setting next_dagrun for example_branch_dop_operator_v3 to 2022-01-29T00:25:00+00:00
[2022-01-28 21:26:20,808] {processor.py:171} INFO - Processing /home/data-eginner/Documents/Soccer_Data/env/lib/python3.8/site-packages/airflow/example_dags/example_branch_python_dop_operator_3.py took 0.242 seconds
[2022-01-28 21:27:08,650] {processor.py:163} INFO - Started process (PID=23076) to work on /home/data-eginner/Documents/Soccer_Data/env/lib/python3.8/site-packages/airflow/example_dags/example_branch_python_dop_operator_3.py
[2022-01-28 21:27:08,658] {processor.py:642} INFO - Processing file /home/data-eginner/Documents/Soccer_Data/env/lib/python3.8/site-packages/airflow/example_dags/example_branch_python_dop_operator_3.py for tasks to queue
[2022-01-28 21:27:08,658] {logging_mixin.py:109} INFO - [2022-01-28 21:27:08,658] {dagbag.py:500} INFO - Filling up the DagBag from /home/data-eginner/Documents/Soccer_Data/env/lib/python3.8/site-packages/airflow/example_dags/example_branch_python_dop_operator_3.py
[2022-01-28 21:27:08,727] {processor.py:654} INFO - DAG(s) dict_keys(['example_branch_dop_operator_v3']) retrieved from /home/data-eginner/Documents/Soccer_Data/env/lib/python3.8/site-packages/airflow/example_dags/example_branch_python_dop_operator_3.py
[2022-01-28 21:27:08,753] {logging_mixin.py:109} INFO - [2022-01-28 21:27:08,753] {dag.py:2396} INFO - Sync 1 DAGs
[2022-01-28 21:27:08,799] {logging_mixin.py:109} INFO - [2022-01-28 21:27:08,799] {dag.py:2935} INFO - Setting next_dagrun for example_branch_dop_operator_v3 to 2022-01-29T00:26:00+00:00
[2022-01-28 21:27:08,832] {processor.py:171} INFO - Processing /home/data-eginner/Documents/Soccer_Data/env/lib/python3.8/site-packages/airflow/example_dags/example_branch_python_dop_operator_3.py took 0.184 seconds
[2022-01-28 21:28:07,132] {processor.py:163} INFO - Started process (PID=23316) to work on /home/data-eginner/Documents/Soccer_Data/env/lib/python3.8/site-packages/airflow/example_dags/example_branch_python_dop_operator_3.py
[2022-01-28 21:28:07,134] {processor.py:642} INFO - Processing file /home/data-eginner/Documents/Soccer_Data/env/lib/python3.8/site-packages/airflow/example_dags/example_branch_python_dop_operator_3.py for tasks to queue
[2022-01-28 21:28:07,135] {logging_mixin.py:109} INFO - [2022-01-28 21:28:07,135] {dagbag.py:500} INFO - Filling up the DagBag from /home/data-eginner/Documents/Soccer_Data/env/lib/python3.8/site-packages/airflow/example_dags/example_branch_python_dop_operator_3.py
[2022-01-28 21:28:07,192] {processor.py:654} INFO - DAG(s) dict_keys(['example_branch_dop_operator_v3']) retrieved from /home/data-eginner/Documents/Soccer_Data/env/lib/python3.8/site-packages/airflow/example_dags/example_branch_python_dop_operator_3.py
[2022-01-28 21:28:07,214] {logging_mixin.py:109} INFO - [2022-01-28 21:28:07,214] {dag.py:2396} INFO - Sync 1 DAGs
[2022-01-28 21:28:07,267] {logging_mixin.py:109} INFO - [2022-01-28 21:28:07,267] {dag.py:2935} INFO - Setting next_dagrun for example_branch_dop_operator_v3 to 2022-01-29T00:27:00+00:00
[2022-01-28 21:28:07,402] {processor.py:171} INFO - Processing /home/data-eginner/Documents/Soccer_Data/env/lib/python3.8/site-packages/airflow/example_dags/example_branch_python_dop_operator_3.py took 0.306 seconds
[2022-01-28 21:28:52,827] {processor.py:163} INFO - Started process (PID=23444) to work on /home/data-eginner/Documents/Soccer_Data/env/lib/python3.8/site-packages/airflow/example_dags/example_branch_python_dop_operator_3.py
[2022-01-28 21:28:52,848] {processor.py:642} INFO - Processing file /home/data-eginner/Documents/Soccer_Data/env/lib/python3.8/site-packages/airflow/example_dags/example_branch_python_dop_operator_3.py for tasks to queue
[2022-01-28 21:28:52,848] {logging_mixin.py:109} INFO - [2022-01-28 21:28:52,848] {dagbag.py:500} INFO - Filling up the DagBag from /home/data-eginner/Documents/Soccer_Data/env/lib/python3.8/site-packages/airflow/example_dags/example_branch_python_dop_operator_3.py
[2022-01-28 21:28:52,900] {processor.py:654} INFO - DAG(s) dict_keys(['example_branch_dop_operator_v3']) retrieved from /home/data-eginner/Documents/Soccer_Data/env/lib/python3.8/site-packages/airflow/example_dags/example_branch_python_dop_operator_3.py
[2022-01-28 21:28:52,921] {logging_mixin.py:109} INFO - [2022-01-28 21:28:52,921] {dag.py:2396} INFO - Sync 1 DAGs
[2022-01-28 21:28:52,980] {logging_mixin.py:109} INFO - [2022-01-28 21:28:52,980] {dag.py:2935} INFO - Setting next_dagrun for example_branch_dop_operator_v3 to 2022-01-29T00:27:00+00:00
[2022-01-28 21:28:53,023] {processor.py:171} INFO - Processing /home/data-eginner/Documents/Soccer_Data/env/lib/python3.8/site-packages/airflow/example_dags/example_branch_python_dop_operator_3.py took 0.215 seconds
[2022-01-28 21:29:41,067] {processor.py:163} INFO - Started process (PID=23604) to work on /home/data-eginner/Documents/Soccer_Data/env/lib/python3.8/site-packages/airflow/example_dags/example_branch_python_dop_operator_3.py
[2022-01-28 21:29:41,094] {processor.py:642} INFO - Processing file /home/data-eginner/Documents/Soccer_Data/env/lib/python3.8/site-packages/airflow/example_dags/example_branch_python_dop_operator_3.py for tasks to queue
[2022-01-28 21:29:41,095] {logging_mixin.py:109} INFO - [2022-01-28 21:29:41,095] {dagbag.py:500} INFO - Filling up the DagBag from /home/data-eginner/Documents/Soccer_Data/env/lib/python3.8/site-packages/airflow/example_dags/example_branch_python_dop_operator_3.py
[2022-01-28 21:29:41,127] {processor.py:654} INFO - DAG(s) dict_keys(['example_branch_dop_operator_v3']) retrieved from /home/data-eginner/Documents/Soccer_Data/env/lib/python3.8/site-packages/airflow/example_dags/example_branch_python_dop_operator_3.py
[2022-01-28 21:29:41,145] {logging_mixin.py:109} INFO - [2022-01-28 21:29:41,145] {dag.py:2396} INFO - Sync 1 DAGs
[2022-01-28 21:29:41,166] {logging_mixin.py:109} INFO - [2022-01-28 21:29:41,166] {dag.py:2935} INFO - Setting next_dagrun for example_branch_dop_operator_v3 to 2022-01-29T00:28:00+00:00
[2022-01-28 21:29:41,189] {processor.py:171} INFO - Processing /home/data-eginner/Documents/Soccer_Data/env/lib/python3.8/site-packages/airflow/example_dags/example_branch_python_dop_operator_3.py took 0.128 seconds
[2022-01-28 21:30:27,518] {processor.py:163} INFO - Started process (PID=23774) to work on /home/data-eginner/Documents/Soccer_Data/env/lib/python3.8/site-packages/airflow/example_dags/example_branch_python_dop_operator_3.py
[2022-01-28 21:30:27,535] {processor.py:642} INFO - Processing file /home/data-eginner/Documents/Soccer_Data/env/lib/python3.8/site-packages/airflow/example_dags/example_branch_python_dop_operator_3.py for tasks to queue
[2022-01-28 21:30:27,535] {logging_mixin.py:109} INFO - [2022-01-28 21:30:27,535] {dagbag.py:500} INFO - Filling up the DagBag from /home/data-eginner/Documents/Soccer_Data/env/lib/python3.8/site-packages/airflow/example_dags/example_branch_python_dop_operator_3.py
[2022-01-28 21:30:27,569] {processor.py:654} INFO - DAG(s) dict_keys(['example_branch_dop_operator_v3']) retrieved from /home/data-eginner/Documents/Soccer_Data/env/lib/python3.8/site-packages/airflow/example_dags/example_branch_python_dop_operator_3.py
[2022-01-28 21:30:27,580] {logging_mixin.py:109} INFO - [2022-01-28 21:30:27,580] {dag.py:2396} INFO - Sync 1 DAGs
[2022-01-28 21:30:27,605] {logging_mixin.py:109} INFO - [2022-01-28 21:30:27,605] {dag.py:2935} INFO - Setting next_dagrun for example_branch_dop_operator_v3 to 2022-01-29T00:29:00+00:00
[2022-01-28 21:30:27,630] {processor.py:171} INFO - Processing /home/data-eginner/Documents/Soccer_Data/env/lib/python3.8/site-packages/airflow/example_dags/example_branch_python_dop_operator_3.py took 0.120 seconds
[2022-01-28 21:31:22,438] {processor.py:163} INFO - Started process (PID=23957) to work on /home/data-eginner/Documents/Soccer_Data/env/lib/python3.8/site-packages/airflow/example_dags/example_branch_python_dop_operator_3.py
[2022-01-28 21:31:22,439] {processor.py:642} INFO - Processing file /home/data-eginner/Documents/Soccer_Data/env/lib/python3.8/site-packages/airflow/example_dags/example_branch_python_dop_operator_3.py for tasks to queue
[2022-01-28 21:31:22,440] {logging_mixin.py:109} INFO - [2022-01-28 21:31:22,440] {dagbag.py:500} INFO - Filling up the DagBag from /home/data-eginner/Documents/Soccer_Data/env/lib/python3.8/site-packages/airflow/example_dags/example_branch_python_dop_operator_3.py
[2022-01-28 21:31:22,542] {processor.py:654} INFO - DAG(s) dict_keys(['example_branch_dop_operator_v3']) retrieved from /home/data-eginner/Documents/Soccer_Data/env/lib/python3.8/site-packages/airflow/example_dags/example_branch_python_dop_operator_3.py
[2022-01-28 21:31:22,570] {logging_mixin.py:109} INFO - [2022-01-28 21:31:22,570] {dag.py:2396} INFO - Sync 1 DAGs
[2022-01-28 21:31:22,611] {logging_mixin.py:109} INFO - [2022-01-28 21:31:22,611] {dag.py:2935} INFO - Setting next_dagrun for example_branch_dop_operator_v3 to 2022-01-29T00:30:00+00:00
[2022-01-28 21:31:22,642] {processor.py:171} INFO - Processing /home/data-eginner/Documents/Soccer_Data/env/lib/python3.8/site-packages/airflow/example_dags/example_branch_python_dop_operator_3.py took 0.224 seconds
[2022-01-28 21:32:09,979] {processor.py:163} INFO - Started process (PID=24128) to work on /home/data-eginner/Documents/Soccer_Data/env/lib/python3.8/site-packages/airflow/example_dags/example_branch_python_dop_operator_3.py
[2022-01-28 21:32:09,983] {processor.py:642} INFO - Processing file /home/data-eginner/Documents/Soccer_Data/env/lib/python3.8/site-packages/airflow/example_dags/example_branch_python_dop_operator_3.py for tasks to queue
[2022-01-28 21:32:09,984] {logging_mixin.py:109} INFO - [2022-01-28 21:32:09,983] {dagbag.py:500} INFO - Filling up the DagBag from /home/data-eginner/Documents/Soccer_Data/env/lib/python3.8/site-packages/airflow/example_dags/example_branch_python_dop_operator_3.py
[2022-01-28 21:32:10,035] {processor.py:654} INFO - DAG(s) dict_keys(['example_branch_dop_operator_v3']) retrieved from /home/data-eginner/Documents/Soccer_Data/env/lib/python3.8/site-packages/airflow/example_dags/example_branch_python_dop_operator_3.py
[2022-01-28 21:32:10,065] {logging_mixin.py:109} INFO - [2022-01-28 21:32:10,065] {dag.py:2396} INFO - Sync 1 DAGs
[2022-01-28 21:32:10,100] {logging_mixin.py:109} INFO - [2022-01-28 21:32:10,099] {dag.py:2935} INFO - Setting next_dagrun for example_branch_dop_operator_v3 to 2022-01-29T00:31:00+00:00
[2022-01-28 21:32:10,124] {processor.py:171} INFO - Processing /home/data-eginner/Documents/Soccer_Data/env/lib/python3.8/site-packages/airflow/example_dags/example_branch_python_dop_operator_3.py took 0.148 seconds
[2022-01-28 21:32:53,407] {processor.py:163} INFO - Started process (PID=24291) to work on /home/data-eginner/Documents/Soccer_Data/env/lib/python3.8/site-packages/airflow/example_dags/example_branch_python_dop_operator_3.py
[2022-01-28 21:32:53,431] {processor.py:642} INFO - Processing file /home/data-eginner/Documents/Soccer_Data/env/lib/python3.8/site-packages/airflow/example_dags/example_branch_python_dop_operator_3.py for tasks to queue
[2022-01-28 21:32:53,432] {logging_mixin.py:109} INFO - [2022-01-28 21:32:53,432] {dagbag.py:500} INFO - Filling up the DagBag from /home/data-eginner/Documents/Soccer_Data/env/lib/python3.8/site-packages/airflow/example_dags/example_branch_python_dop_operator_3.py
[2022-01-28 21:32:53,470] {processor.py:654} INFO - DAG(s) dict_keys(['example_branch_dop_operator_v3']) retrieved from /home/data-eginner/Documents/Soccer_Data/env/lib/python3.8/site-packages/airflow/example_dags/example_branch_python_dop_operator_3.py
[2022-01-28 21:32:53,481] {logging_mixin.py:109} INFO - [2022-01-28 21:32:53,481] {dag.py:2396} INFO - Sync 1 DAGs
[2022-01-28 21:32:53,499] {logging_mixin.py:109} INFO - [2022-01-28 21:32:53,499] {dag.py:2935} INFO - Setting next_dagrun for example_branch_dop_operator_v3 to 2022-01-29T00:31:00+00:00
[2022-01-28 21:32:53,515] {processor.py:171} INFO - Processing /home/data-eginner/Documents/Soccer_Data/env/lib/python3.8/site-packages/airflow/example_dags/example_branch_python_dop_operator_3.py took 0.111 seconds
[2022-01-28 21:33:36,962] {processor.py:163} INFO - Started process (PID=24466) to work on /home/data-eginner/Documents/Soccer_Data/env/lib/python3.8/site-packages/airflow/example_dags/example_branch_python_dop_operator_3.py
[2022-01-28 21:33:36,964] {processor.py:642} INFO - Processing file /home/data-eginner/Documents/Soccer_Data/env/lib/python3.8/site-packages/airflow/example_dags/example_branch_python_dop_operator_3.py for tasks to queue
[2022-01-28 21:33:36,964] {logging_mixin.py:109} INFO - [2022-01-28 21:33:36,964] {dagbag.py:500} INFO - Filling up the DagBag from /home/data-eginner/Documents/Soccer_Data/env/lib/python3.8/site-packages/airflow/example_dags/example_branch_python_dop_operator_3.py
[2022-01-28 21:33:36,986] {processor.py:654} INFO - DAG(s) dict_keys(['example_branch_dop_operator_v3']) retrieved from /home/data-eginner/Documents/Soccer_Data/env/lib/python3.8/site-packages/airflow/example_dags/example_branch_python_dop_operator_3.py
[2022-01-28 21:33:36,995] {logging_mixin.py:109} INFO - [2022-01-28 21:33:36,995] {dag.py:2396} INFO - Sync 1 DAGs
[2022-01-28 21:33:37,009] {logging_mixin.py:109} INFO - [2022-01-28 21:33:37,009] {dag.py:2935} INFO - Setting next_dagrun for example_branch_dop_operator_v3 to 2022-01-29T00:32:00+00:00
[2022-01-28 21:33:37,027] {processor.py:171} INFO - Processing /home/data-eginner/Documents/Soccer_Data/env/lib/python3.8/site-packages/airflow/example_dags/example_branch_python_dop_operator_3.py took 0.068 seconds
[2022-01-28 21:34:16,872] {processor.py:163} INFO - Started process (PID=24618) to work on /home/data-eginner/Documents/Soccer_Data/env/lib/python3.8/site-packages/airflow/example_dags/example_branch_python_dop_operator_3.py
[2022-01-28 21:34:16,874] {processor.py:642} INFO - Processing file /home/data-eginner/Documents/Soccer_Data/env/lib/python3.8/site-packages/airflow/example_dags/example_branch_python_dop_operator_3.py for tasks to queue
[2022-01-28 21:34:16,874] {logging_mixin.py:109} INFO - [2022-01-28 21:34:16,874] {dagbag.py:500} INFO - Filling up the DagBag from /home/data-eginner/Documents/Soccer_Data/env/lib/python3.8/site-packages/airflow/example_dags/example_branch_python_dop_operator_3.py
[2022-01-28 21:34:16,905] {processor.py:654} INFO - DAG(s) dict_keys(['example_branch_dop_operator_v3']) retrieved from /home/data-eginner/Documents/Soccer_Data/env/lib/python3.8/site-packages/airflow/example_dags/example_branch_python_dop_operator_3.py
[2022-01-28 21:34:16,916] {logging_mixin.py:109} INFO - [2022-01-28 21:34:16,915] {dag.py:2396} INFO - Sync 1 DAGs
[2022-01-28 21:34:16,940] {logging_mixin.py:109} INFO - [2022-01-28 21:34:16,940] {dag.py:2935} INFO - Setting next_dagrun for example_branch_dop_operator_v3 to 2022-01-29T00:33:00+00:00
[2022-01-28 21:34:16,959] {processor.py:171} INFO - Processing /home/data-eginner/Documents/Soccer_Data/env/lib/python3.8/site-packages/airflow/example_dags/example_branch_python_dop_operator_3.py took 0.090 seconds
[2022-01-28 21:56:06,426] {processor.py:163} INFO - Started process (PID=25024) to work on /home/data-eginner/Documents/Soccer_Data/env/lib/python3.8/site-packages/airflow/example_dags/example_branch_python_dop_operator_3.py
[2022-01-28 21:56:06,452] {processor.py:642} INFO - Processing file /home/data-eginner/Documents/Soccer_Data/env/lib/python3.8/site-packages/airflow/example_dags/example_branch_python_dop_operator_3.py for tasks to queue
[2022-01-28 21:56:06,453] {logging_mixin.py:109} INFO - [2022-01-28 21:56:06,453] {dagbag.py:500} INFO - Filling up the DagBag from /home/data-eginner/Documents/Soccer_Data/env/lib/python3.8/site-packages/airflow/example_dags/example_branch_python_dop_operator_3.py
[2022-01-28 21:56:06,525] {processor.py:654} INFO - DAG(s) dict_keys(['example_branch_dop_operator_v3']) retrieved from /home/data-eginner/Documents/Soccer_Data/env/lib/python3.8/site-packages/airflow/example_dags/example_branch_python_dop_operator_3.py
[2022-01-28 21:56:06,553] {logging_mixin.py:109} INFO - [2022-01-28 21:56:06,553] {dag.py:2396} INFO - Sync 1 DAGs
[2022-01-28 21:56:06,659] {logging_mixin.py:109} INFO - [2022-01-28 21:56:06,658] {dag.py:2935} INFO - Setting next_dagrun for example_branch_dop_operator_v3 to 2022-01-29T00:55:00+00:00
[2022-01-28 21:56:06,714] {processor.py:171} INFO - Processing /home/data-eginner/Documents/Soccer_Data/env/lib/python3.8/site-packages/airflow/example_dags/example_branch_python_dop_operator_3.py took 0.291 seconds
[2022-01-28 21:56:56,099] {processor.py:163} INFO - Started process (PID=25205) to work on /home/data-eginner/Documents/Soccer_Data/env/lib/python3.8/site-packages/airflow/example_dags/example_branch_python_dop_operator_3.py
[2022-01-28 21:56:56,104] {processor.py:642} INFO - Processing file /home/data-eginner/Documents/Soccer_Data/env/lib/python3.8/site-packages/airflow/example_dags/example_branch_python_dop_operator_3.py for tasks to queue
[2022-01-28 21:56:56,106] {logging_mixin.py:109} INFO - [2022-01-28 21:56:56,105] {dagbag.py:500} INFO - Filling up the DagBag from /home/data-eginner/Documents/Soccer_Data/env/lib/python3.8/site-packages/airflow/example_dags/example_branch_python_dop_operator_3.py
[2022-01-28 21:56:56,138] {processor.py:654} INFO - DAG(s) dict_keys(['example_branch_dop_operator_v3']) retrieved from /home/data-eginner/Documents/Soccer_Data/env/lib/python3.8/site-packages/airflow/example_dags/example_branch_python_dop_operator_3.py
[2022-01-28 21:56:56,152] {logging_mixin.py:109} INFO - [2022-01-28 21:56:56,151] {dag.py:2396} INFO - Sync 1 DAGs
[2022-01-28 21:56:56,178] {logging_mixin.py:109} INFO - [2022-01-28 21:56:56,178] {dag.py:2935} INFO - Setting next_dagrun for example_branch_dop_operator_v3 to 2022-01-29T00:55:00+00:00
[2022-01-28 21:56:56,211] {processor.py:171} INFO - Processing /home/data-eginner/Documents/Soccer_Data/env/lib/python3.8/site-packages/airflow/example_dags/example_branch_python_dop_operator_3.py took 0.118 seconds
[2022-01-28 21:57:38,640] {processor.py:163} INFO - Started process (PID=25366) to work on /home/data-eginner/Documents/Soccer_Data/env/lib/python3.8/site-packages/airflow/example_dags/example_branch_python_dop_operator_3.py
[2022-01-28 21:57:38,643] {processor.py:642} INFO - Processing file /home/data-eginner/Documents/Soccer_Data/env/lib/python3.8/site-packages/airflow/example_dags/example_branch_python_dop_operator_3.py for tasks to queue
[2022-01-28 21:57:38,644] {logging_mixin.py:109} INFO - [2022-01-28 21:57:38,644] {dagbag.py:500} INFO - Filling up the DagBag from /home/data-eginner/Documents/Soccer_Data/env/lib/python3.8/site-packages/airflow/example_dags/example_branch_python_dop_operator_3.py
[2022-01-28 21:57:38,704] {processor.py:654} INFO - DAG(s) dict_keys(['example_branch_dop_operator_v3']) retrieved from /home/data-eginner/Documents/Soccer_Data/env/lib/python3.8/site-packages/airflow/example_dags/example_branch_python_dop_operator_3.py
[2022-01-28 21:57:38,719] {logging_mixin.py:109} INFO - [2022-01-28 21:57:38,719] {dag.py:2396} INFO - Sync 1 DAGs
[2022-01-28 21:57:38,733] {logging_mixin.py:109} INFO - [2022-01-28 21:57:38,733] {dag.py:2935} INFO - Setting next_dagrun for example_branch_dop_operator_v3 to 2022-01-29T00:56:00+00:00
[2022-01-28 21:57:38,758] {processor.py:171} INFO - Processing /home/data-eginner/Documents/Soccer_Data/env/lib/python3.8/site-packages/airflow/example_dags/example_branch_python_dop_operator_3.py took 0.140 seconds
[2022-01-28 21:58:16,502] {processor.py:163} INFO - Started process (PID=25524) to work on /home/data-eginner/Documents/Soccer_Data/env/lib/python3.8/site-packages/airflow/example_dags/example_branch_python_dop_operator_3.py
[2022-01-28 21:58:16,517] {processor.py:642} INFO - Processing file /home/data-eginner/Documents/Soccer_Data/env/lib/python3.8/site-packages/airflow/example_dags/example_branch_python_dop_operator_3.py for tasks to queue
[2022-01-28 21:58:16,517] {logging_mixin.py:109} INFO - [2022-01-28 21:58:16,517] {dagbag.py:500} INFO - Filling up the DagBag from /home/data-eginner/Documents/Soccer_Data/env/lib/python3.8/site-packages/airflow/example_dags/example_branch_python_dop_operator_3.py
[2022-01-28 21:58:16,542] {processor.py:654} INFO - DAG(s) dict_keys(['example_branch_dop_operator_v3']) retrieved from /home/data-eginner/Documents/Soccer_Data/env/lib/python3.8/site-packages/airflow/example_dags/example_branch_python_dop_operator_3.py
[2022-01-28 21:58:16,552] {logging_mixin.py:109} INFO - [2022-01-28 21:58:16,552] {dag.py:2396} INFO - Sync 1 DAGs
[2022-01-28 21:58:16,567] {logging_mixin.py:109} INFO - [2022-01-28 21:58:16,567] {dag.py:2935} INFO - Setting next_dagrun for example_branch_dop_operator_v3 to 2022-01-29T00:57:00+00:00
[2022-01-28 21:58:16,596] {processor.py:171} INFO - Processing /home/data-eginner/Documents/Soccer_Data/env/lib/python3.8/site-packages/airflow/example_dags/example_branch_python_dop_operator_3.py took 0.096 seconds
[2022-01-28 21:58:58,292] {processor.py:163} INFO - Started process (PID=25682) to work on /home/data-eginner/Documents/Soccer_Data/env/lib/python3.8/site-packages/airflow/example_dags/example_branch_python_dop_operator_3.py
[2022-01-28 21:58:58,295] {processor.py:642} INFO - Processing file /home/data-eginner/Documents/Soccer_Data/env/lib/python3.8/site-packages/airflow/example_dags/example_branch_python_dop_operator_3.py for tasks to queue
[2022-01-28 21:58:58,296] {logging_mixin.py:109} INFO - [2022-01-28 21:58:58,295] {dagbag.py:500} INFO - Filling up the DagBag from /home/data-eginner/Documents/Soccer_Data/env/lib/python3.8/site-packages/airflow/example_dags/example_branch_python_dop_operator_3.py
[2022-01-28 21:58:58,334] {processor.py:654} INFO - DAG(s) dict_keys(['example_branch_dop_operator_v3']) retrieved from /home/data-eginner/Documents/Soccer_Data/env/lib/python3.8/site-packages/airflow/example_dags/example_branch_python_dop_operator_3.py
[2022-01-28 21:58:58,355] {logging_mixin.py:109} INFO - [2022-01-28 21:58:58,355] {dag.py:2396} INFO - Sync 1 DAGs
[2022-01-28 21:58:58,383] {logging_mixin.py:109} INFO - [2022-01-28 21:58:58,383] {dag.py:2935} INFO - Setting next_dagrun for example_branch_dop_operator_v3 to 2022-01-29T00:57:00+00:00
[2022-01-28 21:58:58,415] {processor.py:171} INFO - Processing /home/data-eginner/Documents/Soccer_Data/env/lib/python3.8/site-packages/airflow/example_dags/example_branch_python_dop_operator_3.py took 0.129 seconds
[2022-01-28 21:59:38,236] {processor.py:163} INFO - Started process (PID=25835) to work on /home/data-eginner/Documents/Soccer_Data/env/lib/python3.8/site-packages/airflow/example_dags/example_branch_python_dop_operator_3.py
[2022-01-28 21:59:38,240] {processor.py:642} INFO - Processing file /home/data-eginner/Documents/Soccer_Data/env/lib/python3.8/site-packages/airflow/example_dags/example_branch_python_dop_operator_3.py for tasks to queue
[2022-01-28 21:59:38,241] {logging_mixin.py:109} INFO - [2022-01-28 21:59:38,241] {dagbag.py:500} INFO - Filling up the DagBag from /home/data-eginner/Documents/Soccer_Data/env/lib/python3.8/site-packages/airflow/example_dags/example_branch_python_dop_operator_3.py
[2022-01-28 21:59:38,270] {processor.py:654} INFO - DAG(s) dict_keys(['example_branch_dop_operator_v3']) retrieved from /home/data-eginner/Documents/Soccer_Data/env/lib/python3.8/site-packages/airflow/example_dags/example_branch_python_dop_operator_3.py
[2022-01-28 21:59:38,279] {logging_mixin.py:109} INFO - [2022-01-28 21:59:38,279] {dag.py:2396} INFO - Sync 1 DAGs
[2022-01-28 21:59:38,293] {logging_mixin.py:109} INFO - [2022-01-28 21:59:38,293] {dag.py:2935} INFO - Setting next_dagrun for example_branch_dop_operator_v3 to 2022-01-29T00:58:00+00:00
[2022-01-28 21:59:38,311] {processor.py:171} INFO - Processing /home/data-eginner/Documents/Soccer_Data/env/lib/python3.8/site-packages/airflow/example_dags/example_branch_python_dop_operator_3.py took 0.094 seconds
[2022-01-28 22:00:22,866] {processor.py:163} INFO - Started process (PID=26007) to work on /home/data-eginner/Documents/Soccer_Data/env/lib/python3.8/site-packages/airflow/example_dags/example_branch_python_dop_operator_3.py
[2022-01-28 22:00:22,887] {processor.py:642} INFO - Processing file /home/data-eginner/Documents/Soccer_Data/env/lib/python3.8/site-packages/airflow/example_dags/example_branch_python_dop_operator_3.py for tasks to queue
[2022-01-28 22:00:22,888] {logging_mixin.py:109} INFO - [2022-01-28 22:00:22,887] {dagbag.py:500} INFO - Filling up the DagBag from /home/data-eginner/Documents/Soccer_Data/env/lib/python3.8/site-packages/airflow/example_dags/example_branch_python_dop_operator_3.py
[2022-01-28 22:00:22,936] {processor.py:654} INFO - DAG(s) dict_keys(['example_branch_dop_operator_v3']) retrieved from /home/data-eginner/Documents/Soccer_Data/env/lib/python3.8/site-packages/airflow/example_dags/example_branch_python_dop_operator_3.py
[2022-01-28 22:00:22,968] {logging_mixin.py:109} INFO - [2022-01-28 22:00:22,968] {dag.py:2396} INFO - Sync 1 DAGs
[2022-01-28 22:00:22,996] {logging_mixin.py:109} INFO - [2022-01-28 22:00:22,996] {dag.py:2935} INFO - Setting next_dagrun for example_branch_dop_operator_v3 to 2022-01-29T00:59:00+00:00
[2022-01-28 22:00:23,027] {processor.py:171} INFO - Processing /home/data-eginner/Documents/Soccer_Data/env/lib/python3.8/site-packages/airflow/example_dags/example_branch_python_dop_operator_3.py took 0.163 seconds
[2022-01-28 22:01:01,329] {processor.py:163} INFO - Started process (PID=26167) to work on /home/data-eginner/Documents/Soccer_Data/env/lib/python3.8/site-packages/airflow/example_dags/example_branch_python_dop_operator_3.py
[2022-01-28 22:01:01,332] {processor.py:642} INFO - Processing file /home/data-eginner/Documents/Soccer_Data/env/lib/python3.8/site-packages/airflow/example_dags/example_branch_python_dop_operator_3.py for tasks to queue
[2022-01-28 22:01:01,332] {logging_mixin.py:109} INFO - [2022-01-28 22:01:01,332] {dagbag.py:500} INFO - Filling up the DagBag from /home/data-eginner/Documents/Soccer_Data/env/lib/python3.8/site-packages/airflow/example_dags/example_branch_python_dop_operator_3.py
[2022-01-28 22:01:01,360] {processor.py:654} INFO - DAG(s) dict_keys(['example_branch_dop_operator_v3']) retrieved from /home/data-eginner/Documents/Soccer_Data/env/lib/python3.8/site-packages/airflow/example_dags/example_branch_python_dop_operator_3.py
[2022-01-28 22:01:01,367] {logging_mixin.py:109} INFO - [2022-01-28 22:01:01,367] {dag.py:2396} INFO - Sync 1 DAGs
[2022-01-28 22:01:01,384] {logging_mixin.py:109} INFO - [2022-01-28 22:01:01,384] {dag.py:2935} INFO - Setting next_dagrun for example_branch_dop_operator_v3 to 2022-01-29T01:00:00+00:00
[2022-01-28 22:01:01,400] {processor.py:171} INFO - Processing /home/data-eginner/Documents/Soccer_Data/env/lib/python3.8/site-packages/airflow/example_dags/example_branch_python_dop_operator_3.py took 0.091 seconds
[2022-01-28 22:01:44,331] {processor.py:163} INFO - Started process (PID=26329) to work on /home/data-eginner/Documents/Soccer_Data/env/lib/python3.8/site-packages/airflow/example_dags/example_branch_python_dop_operator_3.py
[2022-01-28 22:01:44,349] {processor.py:642} INFO - Processing file /home/data-eginner/Documents/Soccer_Data/env/lib/python3.8/site-packages/airflow/example_dags/example_branch_python_dop_operator_3.py for tasks to queue
[2022-01-28 22:01:44,350] {logging_mixin.py:109} INFO - [2022-01-28 22:01:44,350] {dagbag.py:500} INFO - Filling up the DagBag from /home/data-eginner/Documents/Soccer_Data/env/lib/python3.8/site-packages/airflow/example_dags/example_branch_python_dop_operator_3.py
[2022-01-28 22:01:44,431] {processor.py:654} INFO - DAG(s) dict_keys(['example_branch_dop_operator_v3']) retrieved from /home/data-eginner/Documents/Soccer_Data/env/lib/python3.8/site-packages/airflow/example_dags/example_branch_python_dop_operator_3.py
[2022-01-28 22:01:44,463] {logging_mixin.py:109} INFO - [2022-01-28 22:01:44,462] {dag.py:2396} INFO - Sync 1 DAGs
[2022-01-28 22:01:44,527] {logging_mixin.py:109} INFO - [2022-01-28 22:01:44,527] {dag.py:2935} INFO - Setting next_dagrun for example_branch_dop_operator_v3 to 2022-01-29T01:00:00+00:00
[2022-01-28 22:01:44,551] {processor.py:171} INFO - Processing /home/data-eginner/Documents/Soccer_Data/env/lib/python3.8/site-packages/airflow/example_dags/example_branch_python_dop_operator_3.py took 0.231 seconds
[2022-01-28 22:04:14,652] {processor.py:163} INFO - Started process (PID=26548) to work on /home/data-eginner/Documents/Soccer_Data/env/lib/python3.8/site-packages/airflow/example_dags/example_branch_python_dop_operator_3.py
[2022-01-28 22:04:14,655] {processor.py:642} INFO - Processing file /home/data-eginner/Documents/Soccer_Data/env/lib/python3.8/site-packages/airflow/example_dags/example_branch_python_dop_operator_3.py for tasks to queue
[2022-01-28 22:04:14,658] {logging_mixin.py:109} INFO - [2022-01-28 22:04:14,658] {dagbag.py:500} INFO - Filling up the DagBag from /home/data-eginner/Documents/Soccer_Data/env/lib/python3.8/site-packages/airflow/example_dags/example_branch_python_dop_operator_3.py
[2022-01-28 22:04:14,684] {processor.py:654} INFO - DAG(s) dict_keys(['example_branch_dop_operator_v3']) retrieved from /home/data-eginner/Documents/Soccer_Data/env/lib/python3.8/site-packages/airflow/example_dags/example_branch_python_dop_operator_3.py
[2022-01-28 22:04:14,693] {logging_mixin.py:109} INFO - [2022-01-28 22:04:14,693] {dag.py:2396} INFO - Sync 1 DAGs
[2022-01-28 22:04:14,717] {logging_mixin.py:109} INFO - [2022-01-28 22:04:14,717] {dag.py:2935} INFO - Setting next_dagrun for example_branch_dop_operator_v3 to 2022-01-29T01:03:00+00:00
[2022-01-28 22:04:14,781] {processor.py:171} INFO - Processing /home/data-eginner/Documents/Soccer_Data/env/lib/python3.8/site-packages/airflow/example_dags/example_branch_python_dop_operator_3.py took 0.132 seconds
[2022-01-28 22:04:56,663] {processor.py:163} INFO - Started process (PID=26714) to work on /home/data-eginner/Documents/Soccer_Data/env/lib/python3.8/site-packages/airflow/example_dags/example_branch_python_dop_operator_3.py
[2022-01-28 22:04:56,667] {processor.py:642} INFO - Processing file /home/data-eginner/Documents/Soccer_Data/env/lib/python3.8/site-packages/airflow/example_dags/example_branch_python_dop_operator_3.py for tasks to queue
[2022-01-28 22:04:56,668] {logging_mixin.py:109} INFO - [2022-01-28 22:04:56,668] {dagbag.py:500} INFO - Filling up the DagBag from /home/data-eginner/Documents/Soccer_Data/env/lib/python3.8/site-packages/airflow/example_dags/example_branch_python_dop_operator_3.py
[2022-01-28 22:04:56,730] {processor.py:654} INFO - DAG(s) dict_keys(['example_branch_dop_operator_v3']) retrieved from /home/data-eginner/Documents/Soccer_Data/env/lib/python3.8/site-packages/airflow/example_dags/example_branch_python_dop_operator_3.py
[2022-01-28 22:04:56,738] {logging_mixin.py:109} INFO - [2022-01-28 22:04:56,738] {dag.py:2396} INFO - Sync 1 DAGs
[2022-01-28 22:04:56,761] {logging_mixin.py:109} INFO - [2022-01-28 22:04:56,760] {dag.py:2935} INFO - Setting next_dagrun for example_branch_dop_operator_v3 to 2022-01-29T01:03:00+00:00
[2022-01-28 22:04:56,780] {processor.py:171} INFO - Processing /home/data-eginner/Documents/Soccer_Data/env/lib/python3.8/site-packages/airflow/example_dags/example_branch_python_dop_operator_3.py took 0.121 seconds
[2022-01-28 22:05:39,117] {processor.py:163} INFO - Started process (PID=26879) to work on /home/data-eginner/Documents/Soccer_Data/env/lib/python3.8/site-packages/airflow/example_dags/example_branch_python_dop_operator_3.py
[2022-01-28 22:05:39,121] {processor.py:642} INFO - Processing file /home/data-eginner/Documents/Soccer_Data/env/lib/python3.8/site-packages/airflow/example_dags/example_branch_python_dop_operator_3.py for tasks to queue
[2022-01-28 22:05:39,122] {logging_mixin.py:109} INFO - [2022-01-28 22:05:39,122] {dagbag.py:500} INFO - Filling up the DagBag from /home/data-eginner/Documents/Soccer_Data/env/lib/python3.8/site-packages/airflow/example_dags/example_branch_python_dop_operator_3.py
[2022-01-28 22:05:39,540] {processor.py:654} INFO - DAG(s) dict_keys(['example_branch_dop_operator_v3']) retrieved from /home/data-eginner/Documents/Soccer_Data/env/lib/python3.8/site-packages/airflow/example_dags/example_branch_python_dop_operator_3.py
[2022-01-28 22:05:39,570] {logging_mixin.py:109} INFO - [2022-01-28 22:05:39,570] {dag.py:2396} INFO - Sync 1 DAGs
[2022-01-28 22:05:39,686] {logging_mixin.py:109} INFO - [2022-01-28 22:05:39,686] {dag.py:2935} INFO - Setting next_dagrun for example_branch_dop_operator_v3 to 2022-01-29T01:04:00+00:00
[2022-01-28 22:05:39,720] {processor.py:171} INFO - Processing /home/data-eginner/Documents/Soccer_Data/env/lib/python3.8/site-packages/airflow/example_dags/example_branch_python_dop_operator_3.py took 0.606 seconds
[2022-01-28 22:06:18,286] {processor.py:163} INFO - Started process (PID=27038) to work on /home/data-eginner/Documents/Soccer_Data/env/lib/python3.8/site-packages/airflow/example_dags/example_branch_python_dop_operator_3.py
[2022-01-28 22:06:18,288] {processor.py:642} INFO - Processing file /home/data-eginner/Documents/Soccer_Data/env/lib/python3.8/site-packages/airflow/example_dags/example_branch_python_dop_operator_3.py for tasks to queue
[2022-01-28 22:06:18,288] {logging_mixin.py:109} INFO - [2022-01-28 22:06:18,288] {dagbag.py:500} INFO - Filling up the DagBag from /home/data-eginner/Documents/Soccer_Data/env/lib/python3.8/site-packages/airflow/example_dags/example_branch_python_dop_operator_3.py
[2022-01-28 22:06:18,311] {processor.py:654} INFO - DAG(s) dict_keys(['example_branch_dop_operator_v3']) retrieved from /home/data-eginner/Documents/Soccer_Data/env/lib/python3.8/site-packages/airflow/example_dags/example_branch_python_dop_operator_3.py
[2022-01-28 22:06:18,321] {logging_mixin.py:109} INFO - [2022-01-28 22:06:18,321] {dag.py:2396} INFO - Sync 1 DAGs
[2022-01-28 22:06:18,334] {logging_mixin.py:109} INFO - [2022-01-28 22:06:18,334] {dag.py:2935} INFO - Setting next_dagrun for example_branch_dop_operator_v3 to 2022-01-29T01:05:00+00:00
[2022-01-28 22:06:18,352] {processor.py:171} INFO - Processing /home/data-eginner/Documents/Soccer_Data/env/lib/python3.8/site-packages/airflow/example_dags/example_branch_python_dop_operator_3.py took 0.072 seconds
[2022-01-28 22:06:59,040] {processor.py:163} INFO - Started process (PID=27209) to work on /home/data-eginner/Documents/Soccer_Data/env/lib/python3.8/site-packages/airflow/example_dags/example_branch_python_dop_operator_3.py
[2022-01-28 22:06:59,099] {processor.py:642} INFO - Processing file /home/data-eginner/Documents/Soccer_Data/env/lib/python3.8/site-packages/airflow/example_dags/example_branch_python_dop_operator_3.py for tasks to queue
[2022-01-28 22:06:59,099] {logging_mixin.py:109} INFO - [2022-01-28 22:06:59,099] {dagbag.py:500} INFO - Filling up the DagBag from /home/data-eginner/Documents/Soccer_Data/env/lib/python3.8/site-packages/airflow/example_dags/example_branch_python_dop_operator_3.py
[2022-01-28 22:06:59,166] {processor.py:654} INFO - DAG(s) dict_keys(['example_branch_dop_operator_v3']) retrieved from /home/data-eginner/Documents/Soccer_Data/env/lib/python3.8/site-packages/airflow/example_dags/example_branch_python_dop_operator_3.py
[2022-01-28 22:06:59,173] {logging_mixin.py:109} INFO - [2022-01-28 22:06:59,173] {dag.py:2396} INFO - Sync 1 DAGs
[2022-01-28 22:06:59,213] {logging_mixin.py:109} INFO - [2022-01-28 22:06:59,213] {dag.py:2935} INFO - Setting next_dagrun for example_branch_dop_operator_v3 to 2022-01-29T01:05:00+00:00
[2022-01-28 22:06:59,243] {processor.py:171} INFO - Processing /home/data-eginner/Documents/Soccer_Data/env/lib/python3.8/site-packages/airflow/example_dags/example_branch_python_dop_operator_3.py took 0.220 seconds
[2022-01-28 22:07:47,615] {processor.py:163} INFO - Started process (PID=27392) to work on /home/data-eginner/Documents/Soccer_Data/env/lib/python3.8/site-packages/airflow/example_dags/example_branch_python_dop_operator_3.py
[2022-01-28 22:07:47,618] {processor.py:642} INFO - Processing file /home/data-eginner/Documents/Soccer_Data/env/lib/python3.8/site-packages/airflow/example_dags/example_branch_python_dop_operator_3.py for tasks to queue
[2022-01-28 22:07:47,619] {logging_mixin.py:109} INFO - [2022-01-28 22:07:47,619] {dagbag.py:500} INFO - Filling up the DagBag from /home/data-eginner/Documents/Soccer_Data/env/lib/python3.8/site-packages/airflow/example_dags/example_branch_python_dop_operator_3.py
[2022-01-28 22:07:47,668] {processor.py:654} INFO - DAG(s) dict_keys(['example_branch_dop_operator_v3']) retrieved from /home/data-eginner/Documents/Soccer_Data/env/lib/python3.8/site-packages/airflow/example_dags/example_branch_python_dop_operator_3.py
[2022-01-28 22:07:47,711] {logging_mixin.py:109} INFO - [2022-01-28 22:07:47,711] {dag.py:2396} INFO - Sync 1 DAGs
[2022-01-28 22:07:47,744] {logging_mixin.py:109} INFO - [2022-01-28 22:07:47,744] {dag.py:2935} INFO - Setting next_dagrun for example_branch_dop_operator_v3 to 2022-01-29T01:06:00+00:00
[2022-01-28 22:07:47,780] {processor.py:171} INFO - Processing /home/data-eginner/Documents/Soccer_Data/env/lib/python3.8/site-packages/airflow/example_dags/example_branch_python_dop_operator_3.py took 0.192 seconds
[2022-01-28 22:08:45,565] {processor.py:163} INFO - Started process (PID=27631) to work on /home/data-eginner/Documents/Soccer_Data/env/lib/python3.8/site-packages/airflow/example_dags/example_branch_python_dop_operator_3.py
[2022-01-28 22:08:45,569] {processor.py:642} INFO - Processing file /home/data-eginner/Documents/Soccer_Data/env/lib/python3.8/site-packages/airflow/example_dags/example_branch_python_dop_operator_3.py for tasks to queue
[2022-01-28 22:08:45,569] {logging_mixin.py:109} INFO - [2022-01-28 22:08:45,569] {dagbag.py:500} INFO - Filling up the DagBag from /home/data-eginner/Documents/Soccer_Data/env/lib/python3.8/site-packages/airflow/example_dags/example_branch_python_dop_operator_3.py
[2022-01-28 22:08:45,599] {processor.py:654} INFO - DAG(s) dict_keys(['example_branch_dop_operator_v3']) retrieved from /home/data-eginner/Documents/Soccer_Data/env/lib/python3.8/site-packages/airflow/example_dags/example_branch_python_dop_operator_3.py
[2022-01-28 22:08:45,609] {logging_mixin.py:109} INFO - [2022-01-28 22:08:45,609] {dag.py:2396} INFO - Sync 1 DAGs
[2022-01-28 22:08:45,623] {logging_mixin.py:109} INFO - [2022-01-28 22:08:45,622] {dag.py:2935} INFO - Setting next_dagrun for example_branch_dop_operator_v3 to 2022-01-29T01:07:00+00:00
[2022-01-28 22:08:45,641] {processor.py:171} INFO - Processing /home/data-eginner/Documents/Soccer_Data/env/lib/python3.8/site-packages/airflow/example_dags/example_branch_python_dop_operator_3.py took 0.084 seconds
[2022-01-28 22:09:23,584] {processor.py:163} INFO - Started process (PID=27784) to work on /home/data-eginner/Documents/Soccer_Data/env/lib/python3.8/site-packages/airflow/example_dags/example_branch_python_dop_operator_3.py
[2022-01-28 22:09:23,598] {processor.py:642} INFO - Processing file /home/data-eginner/Documents/Soccer_Data/env/lib/python3.8/site-packages/airflow/example_dags/example_branch_python_dop_operator_3.py for tasks to queue
[2022-01-28 22:09:23,599] {logging_mixin.py:109} INFO - [2022-01-28 22:09:23,599] {dagbag.py:500} INFO - Filling up the DagBag from /home/data-eginner/Documents/Soccer_Data/env/lib/python3.8/site-packages/airflow/example_dags/example_branch_python_dop_operator_3.py
[2022-01-28 22:09:23,626] {processor.py:654} INFO - DAG(s) dict_keys(['example_branch_dop_operator_v3']) retrieved from /home/data-eginner/Documents/Soccer_Data/env/lib/python3.8/site-packages/airflow/example_dags/example_branch_python_dop_operator_3.py
[2022-01-28 22:09:23,636] {logging_mixin.py:109} INFO - [2022-01-28 22:09:23,636] {dag.py:2396} INFO - Sync 1 DAGs
[2022-01-28 22:09:23,652] {logging_mixin.py:109} INFO - [2022-01-28 22:09:23,652] {dag.py:2935} INFO - Setting next_dagrun for example_branch_dop_operator_v3 to 2022-01-29T01:08:00+00:00
[2022-01-28 22:09:23,669] {processor.py:171} INFO - Processing /home/data-eginner/Documents/Soccer_Data/env/lib/python3.8/site-packages/airflow/example_dags/example_branch_python_dop_operator_3.py took 0.088 seconds
[2022-01-28 22:10:05,288] {processor.py:163} INFO - Started process (PID=27953) to work on /home/data-eginner/Documents/Soccer_Data/env/lib/python3.8/site-packages/airflow/example_dags/example_branch_python_dop_operator_3.py
[2022-01-28 22:10:05,290] {processor.py:642} INFO - Processing file /home/data-eginner/Documents/Soccer_Data/env/lib/python3.8/site-packages/airflow/example_dags/example_branch_python_dop_operator_3.py for tasks to queue
[2022-01-28 22:10:05,291] {logging_mixin.py:109} INFO - [2022-01-28 22:10:05,291] {dagbag.py:500} INFO - Filling up the DagBag from /home/data-eginner/Documents/Soccer_Data/env/lib/python3.8/site-packages/airflow/example_dags/example_branch_python_dop_operator_3.py
[2022-01-28 22:10:05,320] {processor.py:654} INFO - DAG(s) dict_keys(['example_branch_dop_operator_v3']) retrieved from /home/data-eginner/Documents/Soccer_Data/env/lib/python3.8/site-packages/airflow/example_dags/example_branch_python_dop_operator_3.py
[2022-01-28 22:10:05,331] {logging_mixin.py:109} INFO - [2022-01-28 22:10:05,331] {dag.py:2396} INFO - Sync 1 DAGs
[2022-01-28 22:10:05,347] {logging_mixin.py:109} INFO - [2022-01-28 22:10:05,347] {dag.py:2935} INFO - Setting next_dagrun for example_branch_dop_operator_v3 to 2022-01-29T01:09:00+00:00
[2022-01-28 22:10:05,369] {processor.py:171} INFO - Processing /home/data-eginner/Documents/Soccer_Data/env/lib/python3.8/site-packages/airflow/example_dags/example_branch_python_dop_operator_3.py took 0.087 seconds
[2022-01-28 22:10:41,902] {processor.py:163} INFO - Started process (PID=28113) to work on /home/data-eginner/Documents/Soccer_Data/env/lib/python3.8/site-packages/airflow/example_dags/example_branch_python_dop_operator_3.py
[2022-01-28 22:10:41,914] {processor.py:642} INFO - Processing file /home/data-eginner/Documents/Soccer_Data/env/lib/python3.8/site-packages/airflow/example_dags/example_branch_python_dop_operator_3.py for tasks to queue
[2022-01-28 22:10:41,914] {logging_mixin.py:109} INFO - [2022-01-28 22:10:41,914] {dagbag.py:500} INFO - Filling up the DagBag from /home/data-eginner/Documents/Soccer_Data/env/lib/python3.8/site-packages/airflow/example_dags/example_branch_python_dop_operator_3.py
[2022-01-28 22:10:41,944] {processor.py:654} INFO - DAG(s) dict_keys(['example_branch_dop_operator_v3']) retrieved from /home/data-eginner/Documents/Soccer_Data/env/lib/python3.8/site-packages/airflow/example_dags/example_branch_python_dop_operator_3.py
[2022-01-28 22:10:41,964] {logging_mixin.py:109} INFO - [2022-01-28 22:10:41,964] {dag.py:2396} INFO - Sync 1 DAGs
[2022-01-28 22:10:42,000] {logging_mixin.py:109} INFO - [2022-01-28 22:10:42,000] {dag.py:2935} INFO - Setting next_dagrun for example_branch_dop_operator_v3 to 2022-01-29T01:09:00+00:00
[2022-01-28 22:10:42,027] {processor.py:171} INFO - Processing /home/data-eginner/Documents/Soccer_Data/env/lib/python3.8/site-packages/airflow/example_dags/example_branch_python_dop_operator_3.py took 0.138 seconds
[2022-01-28 22:11:15,974] {processor.py:163} INFO - Started process (PID=28255) to work on /home/data-eginner/Documents/Soccer_Data/env/lib/python3.8/site-packages/airflow/example_dags/example_branch_python_dop_operator_3.py
[2022-01-28 22:11:15,976] {processor.py:642} INFO - Processing file /home/data-eginner/Documents/Soccer_Data/env/lib/python3.8/site-packages/airflow/example_dags/example_branch_python_dop_operator_3.py for tasks to queue
[2022-01-28 22:11:15,977] {logging_mixin.py:109} INFO - [2022-01-28 22:11:15,977] {dagbag.py:500} INFO - Filling up the DagBag from /home/data-eginner/Documents/Soccer_Data/env/lib/python3.8/site-packages/airflow/example_dags/example_branch_python_dop_operator_3.py
[2022-01-28 22:11:16,005] {processor.py:654} INFO - DAG(s) dict_keys(['example_branch_dop_operator_v3']) retrieved from /home/data-eginner/Documents/Soccer_Data/env/lib/python3.8/site-packages/airflow/example_dags/example_branch_python_dop_operator_3.py
[2022-01-28 22:11:16,026] {logging_mixin.py:109} INFO - [2022-01-28 22:11:16,026] {dag.py:2396} INFO - Sync 1 DAGs
[2022-01-28 22:11:16,058] {logging_mixin.py:109} INFO - [2022-01-28 22:11:16,058] {dag.py:2935} INFO - Setting next_dagrun for example_branch_dop_operator_v3 to 2022-01-29T01:10:00+00:00
[2022-01-28 22:11:16,085] {processor.py:171} INFO - Processing /home/data-eginner/Documents/Soccer_Data/env/lib/python3.8/site-packages/airflow/example_dags/example_branch_python_dop_operator_3.py took 0.120 seconds
[2022-01-28 22:11:51,492] {processor.py:163} INFO - Started process (PID=28406) to work on /home/data-eginner/Documents/Soccer_Data/env/lib/python3.8/site-packages/airflow/example_dags/example_branch_python_dop_operator_3.py
[2022-01-28 22:11:51,494] {processor.py:642} INFO - Processing file /home/data-eginner/Documents/Soccer_Data/env/lib/python3.8/site-packages/airflow/example_dags/example_branch_python_dop_operator_3.py for tasks to queue
[2022-01-28 22:11:51,495] {logging_mixin.py:109} INFO - [2022-01-28 22:11:51,495] {dagbag.py:500} INFO - Filling up the DagBag from /home/data-eginner/Documents/Soccer_Data/env/lib/python3.8/site-packages/airflow/example_dags/example_branch_python_dop_operator_3.py
[2022-01-28 22:11:51,539] {processor.py:654} INFO - DAG(s) dict_keys(['example_branch_dop_operator_v3']) retrieved from /home/data-eginner/Documents/Soccer_Data/env/lib/python3.8/site-packages/airflow/example_dags/example_branch_python_dop_operator_3.py
[2022-01-28 22:11:51,560] {logging_mixin.py:109} INFO - [2022-01-28 22:11:51,560] {dag.py:2396} INFO - Sync 1 DAGs
[2022-01-28 22:11:51,585] {logging_mixin.py:109} INFO - [2022-01-28 22:11:51,585] {dag.py:2935} INFO - Setting next_dagrun for example_branch_dop_operator_v3 to 2022-01-29T01:10:00+00:00
[2022-01-28 22:11:51,611] {processor.py:171} INFO - Processing /home/data-eginner/Documents/Soccer_Data/env/lib/python3.8/site-packages/airflow/example_dags/example_branch_python_dop_operator_3.py took 0.144 seconds
[2022-01-28 22:12:29,433] {processor.py:163} INFO - Started process (PID=28564) to work on /home/data-eginner/Documents/Soccer_Data/env/lib/python3.8/site-packages/airflow/example_dags/example_branch_python_dop_operator_3.py
[2022-01-28 22:12:29,440] {processor.py:642} INFO - Processing file /home/data-eginner/Documents/Soccer_Data/env/lib/python3.8/site-packages/airflow/example_dags/example_branch_python_dop_operator_3.py for tasks to queue
[2022-01-28 22:12:29,441] {logging_mixin.py:109} INFO - [2022-01-28 22:12:29,441] {dagbag.py:500} INFO - Filling up the DagBag from /home/data-eginner/Documents/Soccer_Data/env/lib/python3.8/site-packages/airflow/example_dags/example_branch_python_dop_operator_3.py
[2022-01-28 22:12:29,497] {processor.py:654} INFO - DAG(s) dict_keys(['example_branch_dop_operator_v3']) retrieved from /home/data-eginner/Documents/Soccer_Data/env/lib/python3.8/site-packages/airflow/example_dags/example_branch_python_dop_operator_3.py
[2022-01-28 22:12:29,525] {logging_mixin.py:109} INFO - [2022-01-28 22:12:29,525] {dag.py:2396} INFO - Sync 1 DAGs
[2022-01-28 22:12:29,589] {logging_mixin.py:109} INFO - [2022-01-28 22:12:29,589] {dag.py:2935} INFO - Setting next_dagrun for example_branch_dop_operator_v3 to 2022-01-29T01:11:00+00:00
[2022-01-28 22:12:29,616] {processor.py:171} INFO - Processing /home/data-eginner/Documents/Soccer_Data/env/lib/python3.8/site-packages/airflow/example_dags/example_branch_python_dop_operator_3.py took 0.185 seconds
[2022-01-28 22:13:11,323] {processor.py:163} INFO - Started process (PID=28724) to work on /home/data-eginner/Documents/Soccer_Data/env/lib/python3.8/site-packages/airflow/example_dags/example_branch_python_dop_operator_3.py
[2022-01-28 22:13:11,328] {processor.py:642} INFO - Processing file /home/data-eginner/Documents/Soccer_Data/env/lib/python3.8/site-packages/airflow/example_dags/example_branch_python_dop_operator_3.py for tasks to queue
[2022-01-28 22:13:11,329] {logging_mixin.py:109} INFO - [2022-01-28 22:13:11,329] {dagbag.py:500} INFO - Filling up the DagBag from /home/data-eginner/Documents/Soccer_Data/env/lib/python3.8/site-packages/airflow/example_dags/example_branch_python_dop_operator_3.py
[2022-01-28 22:13:11,365] {processor.py:654} INFO - DAG(s) dict_keys(['example_branch_dop_operator_v3']) retrieved from /home/data-eginner/Documents/Soccer_Data/env/lib/python3.8/site-packages/airflow/example_dags/example_branch_python_dop_operator_3.py
[2022-01-28 22:13:11,383] {logging_mixin.py:109} INFO - [2022-01-28 22:13:11,383] {dag.py:2396} INFO - Sync 1 DAGs
[2022-01-28 22:13:11,403] {logging_mixin.py:109} INFO - [2022-01-28 22:13:11,403] {dag.py:2935} INFO - Setting next_dagrun for example_branch_dop_operator_v3 to 2022-01-29T01:12:00+00:00
[2022-01-28 22:13:11,446] {processor.py:171} INFO - Processing /home/data-eginner/Documents/Soccer_Data/env/lib/python3.8/site-packages/airflow/example_dags/example_branch_python_dop_operator_3.py took 0.125 seconds
[2022-01-28 22:13:53,913] {processor.py:163} INFO - Started process (PID=28903) to work on /home/data-eginner/Documents/Soccer_Data/env/lib/python3.8/site-packages/airflow/example_dags/example_branch_python_dop_operator_3.py
[2022-01-28 22:13:53,915] {processor.py:642} INFO - Processing file /home/data-eginner/Documents/Soccer_Data/env/lib/python3.8/site-packages/airflow/example_dags/example_branch_python_dop_operator_3.py for tasks to queue
[2022-01-28 22:13:53,915] {logging_mixin.py:109} INFO - [2022-01-28 22:13:53,915] {dagbag.py:500} INFO - Filling up the DagBag from /home/data-eginner/Documents/Soccer_Data/env/lib/python3.8/site-packages/airflow/example_dags/example_branch_python_dop_operator_3.py
[2022-01-28 22:13:53,971] {processor.py:654} INFO - DAG(s) dict_keys(['example_branch_dop_operator_v3']) retrieved from /home/data-eginner/Documents/Soccer_Data/env/lib/python3.8/site-packages/airflow/example_dags/example_branch_python_dop_operator_3.py
[2022-01-28 22:13:53,992] {logging_mixin.py:109} INFO - [2022-01-28 22:13:53,992] {dag.py:2396} INFO - Sync 1 DAGs
[2022-01-28 22:13:54,026] {logging_mixin.py:109} INFO - [2022-01-28 22:13:54,026] {dag.py:2935} INFO - Setting next_dagrun for example_branch_dop_operator_v3 to 2022-01-29T01:12:00+00:00
[2022-01-28 22:13:54,070] {processor.py:171} INFO - Processing /home/data-eginner/Documents/Soccer_Data/env/lib/python3.8/site-packages/airflow/example_dags/example_branch_python_dop_operator_3.py took 0.184 seconds
[2022-01-28 22:14:43,404] {processor.py:163} INFO - Started process (PID=29085) to work on /home/data-eginner/Documents/Soccer_Data/env/lib/python3.8/site-packages/airflow/example_dags/example_branch_python_dop_operator_3.py
[2022-01-28 22:14:43,408] {processor.py:642} INFO - Processing file /home/data-eginner/Documents/Soccer_Data/env/lib/python3.8/site-packages/airflow/example_dags/example_branch_python_dop_operator_3.py for tasks to queue
[2022-01-28 22:14:43,408] {logging_mixin.py:109} INFO - [2022-01-28 22:14:43,408] {dagbag.py:500} INFO - Filling up the DagBag from /home/data-eginner/Documents/Soccer_Data/env/lib/python3.8/site-packages/airflow/example_dags/example_branch_python_dop_operator_3.py
[2022-01-28 22:14:43,467] {processor.py:654} INFO - DAG(s) dict_keys(['example_branch_dop_operator_v3']) retrieved from /home/data-eginner/Documents/Soccer_Data/env/lib/python3.8/site-packages/airflow/example_dags/example_branch_python_dop_operator_3.py
[2022-01-28 22:14:43,497] {logging_mixin.py:109} INFO - [2022-01-28 22:14:43,497] {dag.py:2396} INFO - Sync 1 DAGs
[2022-01-28 22:14:43,537] {logging_mixin.py:109} INFO - [2022-01-28 22:14:43,536] {dag.py:2935} INFO - Setting next_dagrun for example_branch_dop_operator_v3 to 2022-01-29T01:13:00+00:00
[2022-01-28 22:14:43,559] {processor.py:171} INFO - Processing /home/data-eginner/Documents/Soccer_Data/env/lib/python3.8/site-packages/airflow/example_dags/example_branch_python_dop_operator_3.py took 0.178 seconds
[2022-01-28 22:15:43,416] {processor.py:163} INFO - Started process (PID=29298) to work on /home/data-eginner/Documents/Soccer_Data/env/lib/python3.8/site-packages/airflow/example_dags/example_branch_python_dop_operator_3.py
[2022-01-28 22:15:43,440] {processor.py:642} INFO - Processing file /home/data-eginner/Documents/Soccer_Data/env/lib/python3.8/site-packages/airflow/example_dags/example_branch_python_dop_operator_3.py for tasks to queue
[2022-01-28 22:15:43,441] {logging_mixin.py:109} INFO - [2022-01-28 22:15:43,440] {dagbag.py:500} INFO - Filling up the DagBag from /home/data-eginner/Documents/Soccer_Data/env/lib/python3.8/site-packages/airflow/example_dags/example_branch_python_dop_operator_3.py
[2022-01-28 22:15:43,611] {processor.py:654} INFO - DAG(s) dict_keys(['example_branch_dop_operator_v3']) retrieved from /home/data-eginner/Documents/Soccer_Data/env/lib/python3.8/site-packages/airflow/example_dags/example_branch_python_dop_operator_3.py
[2022-01-28 22:15:43,698] {logging_mixin.py:109} INFO - [2022-01-28 22:15:43,698] {dag.py:2396} INFO - Sync 1 DAGs
[2022-01-28 22:15:43,818] {logging_mixin.py:109} INFO - [2022-01-28 22:15:43,794] {dag.py:2935} INFO - Setting next_dagrun for example_branch_dop_operator_v3 to 2022-01-29T01:14:00+00:00
[2022-01-28 22:15:43,872] {processor.py:171} INFO - Processing /home/data-eginner/Documents/Soccer_Data/env/lib/python3.8/site-packages/airflow/example_dags/example_branch_python_dop_operator_3.py took 0.494 seconds
[2022-01-28 22:16:26,530] {processor.py:163} INFO - Started process (PID=29459) to work on /home/data-eginner/Documents/Soccer_Data/env/lib/python3.8/site-packages/airflow/example_dags/example_branch_python_dop_operator_3.py
[2022-01-28 22:16:26,533] {processor.py:642} INFO - Processing file /home/data-eginner/Documents/Soccer_Data/env/lib/python3.8/site-packages/airflow/example_dags/example_branch_python_dop_operator_3.py for tasks to queue
[2022-01-28 22:16:26,533] {logging_mixin.py:109} INFO - [2022-01-28 22:16:26,533] {dagbag.py:500} INFO - Filling up the DagBag from /home/data-eginner/Documents/Soccer_Data/env/lib/python3.8/site-packages/airflow/example_dags/example_branch_python_dop_operator_3.py
[2022-01-28 22:16:26,618] {processor.py:654} INFO - DAG(s) dict_keys(['example_branch_dop_operator_v3']) retrieved from /home/data-eginner/Documents/Soccer_Data/env/lib/python3.8/site-packages/airflow/example_dags/example_branch_python_dop_operator_3.py
[2022-01-28 22:16:26,651] {logging_mixin.py:109} INFO - [2022-01-28 22:16:26,651] {dag.py:2396} INFO - Sync 1 DAGs
[2022-01-28 22:16:26,704] {logging_mixin.py:109} INFO - [2022-01-28 22:16:26,704] {dag.py:2935} INFO - Setting next_dagrun for example_branch_dop_operator_v3 to 2022-01-29T01:15:00+00:00
[2022-01-28 22:16:26,742] {processor.py:171} INFO - Processing /home/data-eginner/Documents/Soccer_Data/env/lib/python3.8/site-packages/airflow/example_dags/example_branch_python_dop_operator_3.py took 0.215 seconds
[2022-01-28 22:17:19,897] {processor.py:163} INFO - Started process (PID=29661) to work on /home/data-eginner/Documents/Soccer_Data/env/lib/python3.8/site-packages/airflow/example_dags/example_branch_python_dop_operator_3.py
[2022-01-28 22:17:19,900] {processor.py:642} INFO - Processing file /home/data-eginner/Documents/Soccer_Data/env/lib/python3.8/site-packages/airflow/example_dags/example_branch_python_dop_operator_3.py for tasks to queue
[2022-01-28 22:17:19,901] {logging_mixin.py:109} INFO - [2022-01-28 22:17:19,901] {dagbag.py:500} INFO - Filling up the DagBag from /home/data-eginner/Documents/Soccer_Data/env/lib/python3.8/site-packages/airflow/example_dags/example_branch_python_dop_operator_3.py
[2022-01-28 22:17:19,933] {processor.py:654} INFO - DAG(s) dict_keys(['example_branch_dop_operator_v3']) retrieved from /home/data-eginner/Documents/Soccer_Data/env/lib/python3.8/site-packages/airflow/example_dags/example_branch_python_dop_operator_3.py
[2022-01-28 22:17:19,942] {logging_mixin.py:109} INFO - [2022-01-28 22:17:19,942] {dag.py:2396} INFO - Sync 1 DAGs
[2022-01-28 22:17:19,967] {logging_mixin.py:109} INFO - [2022-01-28 22:17:19,967] {dag.py:2935} INFO - Setting next_dagrun for example_branch_dop_operator_v3 to 2022-01-29T01:16:00+00:00
[2022-01-28 22:17:20,098] {processor.py:171} INFO - Processing /home/data-eginner/Documents/Soccer_Data/env/lib/python3.8/site-packages/airflow/example_dags/example_branch_python_dop_operator_3.py took 0.209 seconds
[2022-01-28 22:18:01,270] {processor.py:163} INFO - Started process (PID=29826) to work on /home/data-eginner/Documents/Soccer_Data/env/lib/python3.8/site-packages/airflow/example_dags/example_branch_python_dop_operator_3.py
[2022-01-28 22:18:01,272] {processor.py:642} INFO - Processing file /home/data-eginner/Documents/Soccer_Data/env/lib/python3.8/site-packages/airflow/example_dags/example_branch_python_dop_operator_3.py for tasks to queue
[2022-01-28 22:18:01,273] {logging_mixin.py:109} INFO - [2022-01-28 22:18:01,273] {dagbag.py:500} INFO - Filling up the DagBag from /home/data-eginner/Documents/Soccer_Data/env/lib/python3.8/site-packages/airflow/example_dags/example_branch_python_dop_operator_3.py
[2022-01-28 22:18:01,293] {processor.py:654} INFO - DAG(s) dict_keys(['example_branch_dop_operator_v3']) retrieved from /home/data-eginner/Documents/Soccer_Data/env/lib/python3.8/site-packages/airflow/example_dags/example_branch_python_dop_operator_3.py
[2022-01-28 22:18:01,302] {logging_mixin.py:109} INFO - [2022-01-28 22:18:01,302] {dag.py:2396} INFO - Sync 1 DAGs
[2022-01-28 22:18:01,317] {logging_mixin.py:109} INFO - [2022-01-28 22:18:01,317] {dag.py:2935} INFO - Setting next_dagrun for example_branch_dop_operator_v3 to 2022-01-29T01:17:00+00:00
[2022-01-28 22:18:01,334] {processor.py:171} INFO - Processing /home/data-eginner/Documents/Soccer_Data/env/lib/python3.8/site-packages/airflow/example_dags/example_branch_python_dop_operator_3.py took 0.066 seconds
[2022-01-28 22:18:40,651] {processor.py:163} INFO - Started process (PID=29983) to work on /home/data-eginner/Documents/Soccer_Data/env/lib/python3.8/site-packages/airflow/example_dags/example_branch_python_dop_operator_3.py
[2022-01-28 22:18:40,656] {processor.py:642} INFO - Processing file /home/data-eginner/Documents/Soccer_Data/env/lib/python3.8/site-packages/airflow/example_dags/example_branch_python_dop_operator_3.py for tasks to queue
[2022-01-28 22:18:40,656] {logging_mixin.py:109} INFO - [2022-01-28 22:18:40,656] {dagbag.py:500} INFO - Filling up the DagBag from /home/data-eginner/Documents/Soccer_Data/env/lib/python3.8/site-packages/airflow/example_dags/example_branch_python_dop_operator_3.py
[2022-01-28 22:18:40,683] {processor.py:654} INFO - DAG(s) dict_keys(['example_branch_dop_operator_v3']) retrieved from /home/data-eginner/Documents/Soccer_Data/env/lib/python3.8/site-packages/airflow/example_dags/example_branch_python_dop_operator_3.py
[2022-01-28 22:18:40,693] {logging_mixin.py:109} INFO - [2022-01-28 22:18:40,693] {dag.py:2396} INFO - Sync 1 DAGs
[2022-01-28 22:18:40,707] {logging_mixin.py:109} INFO - [2022-01-28 22:18:40,707] {dag.py:2935} INFO - Setting next_dagrun for example_branch_dop_operator_v3 to 2022-01-29T01:17:00+00:00
[2022-01-28 22:18:40,723] {processor.py:171} INFO - Processing /home/data-eginner/Documents/Soccer_Data/env/lib/python3.8/site-packages/airflow/example_dags/example_branch_python_dop_operator_3.py took 0.076 seconds
[2022-01-28 22:19:24,793] {processor.py:163} INFO - Started process (PID=30163) to work on /home/data-eginner/Documents/Soccer_Data/env/lib/python3.8/site-packages/airflow/example_dags/example_branch_python_dop_operator_3.py
[2022-01-28 22:19:24,800] {processor.py:642} INFO - Processing file /home/data-eginner/Documents/Soccer_Data/env/lib/python3.8/site-packages/airflow/example_dags/example_branch_python_dop_operator_3.py for tasks to queue
[2022-01-28 22:19:24,800] {logging_mixin.py:109} INFO - [2022-01-28 22:19:24,800] {dagbag.py:500} INFO - Filling up the DagBag from /home/data-eginner/Documents/Soccer_Data/env/lib/python3.8/site-packages/airflow/example_dags/example_branch_python_dop_operator_3.py
[2022-01-28 22:19:24,868] {processor.py:654} INFO - DAG(s) dict_keys(['example_branch_dop_operator_v3']) retrieved from /home/data-eginner/Documents/Soccer_Data/env/lib/python3.8/site-packages/airflow/example_dags/example_branch_python_dop_operator_3.py
[2022-01-28 22:19:24,903] {logging_mixin.py:109} INFO - [2022-01-28 22:19:24,903] {dag.py:2396} INFO - Sync 1 DAGs
[2022-01-28 22:19:24,936] {logging_mixin.py:109} INFO - [2022-01-28 22:19:24,936] {dag.py:2935} INFO - Setting next_dagrun for example_branch_dop_operator_v3 to 2022-01-29T01:18:00+00:00
[2022-01-28 22:19:24,969] {processor.py:171} INFO - Processing /home/data-eginner/Documents/Soccer_Data/env/lib/python3.8/site-packages/airflow/example_dags/example_branch_python_dop_operator_3.py took 0.190 seconds
[2022-01-28 22:20:22,903] {processor.py:163} INFO - Started process (PID=30395) to work on /home/data-eginner/Documents/Soccer_Data/env/lib/python3.8/site-packages/airflow/example_dags/example_branch_python_dop_operator_3.py
[2022-01-28 22:20:22,911] {processor.py:642} INFO - Processing file /home/data-eginner/Documents/Soccer_Data/env/lib/python3.8/site-packages/airflow/example_dags/example_branch_python_dop_operator_3.py for tasks to queue
[2022-01-28 22:20:22,912] {logging_mixin.py:109} INFO - [2022-01-28 22:20:22,912] {dagbag.py:500} INFO - Filling up the DagBag from /home/data-eginner/Documents/Soccer_Data/env/lib/python3.8/site-packages/airflow/example_dags/example_branch_python_dop_operator_3.py
[2022-01-28 22:20:22,955] {processor.py:654} INFO - DAG(s) dict_keys(['example_branch_dop_operator_v3']) retrieved from /home/data-eginner/Documents/Soccer_Data/env/lib/python3.8/site-packages/airflow/example_dags/example_branch_python_dop_operator_3.py
[2022-01-28 22:20:22,987] {logging_mixin.py:109} INFO - [2022-01-28 22:20:22,987] {dag.py:2396} INFO - Sync 1 DAGs
[2022-01-28 22:20:23,012] {logging_mixin.py:109} INFO - [2022-01-28 22:20:23,012] {dag.py:2935} INFO - Setting next_dagrun for example_branch_dop_operator_v3 to 2022-01-29T01:19:00+00:00
[2022-01-28 22:20:23,031] {processor.py:171} INFO - Processing /home/data-eginner/Documents/Soccer_Data/env/lib/python3.8/site-packages/airflow/example_dags/example_branch_python_dop_operator_3.py took 0.141 seconds
[2022-01-28 22:21:02,018] {processor.py:163} INFO - Started process (PID=30563) to work on /home/data-eginner/Documents/Soccer_Data/env/lib/python3.8/site-packages/airflow/example_dags/example_branch_python_dop_operator_3.py
[2022-01-28 22:21:02,020] {processor.py:642} INFO - Processing file /home/data-eginner/Documents/Soccer_Data/env/lib/python3.8/site-packages/airflow/example_dags/example_branch_python_dop_operator_3.py for tasks to queue
[2022-01-28 22:21:02,021] {logging_mixin.py:109} INFO - [2022-01-28 22:21:02,021] {dagbag.py:500} INFO - Filling up the DagBag from /home/data-eginner/Documents/Soccer_Data/env/lib/python3.8/site-packages/airflow/example_dags/example_branch_python_dop_operator_3.py
[2022-01-28 22:21:02,041] {processor.py:654} INFO - DAG(s) dict_keys(['example_branch_dop_operator_v3']) retrieved from /home/data-eginner/Documents/Soccer_Data/env/lib/python3.8/site-packages/airflow/example_dags/example_branch_python_dop_operator_3.py
[2022-01-28 22:21:02,050] {logging_mixin.py:109} INFO - [2022-01-28 22:21:02,050] {dag.py:2396} INFO - Sync 1 DAGs
[2022-01-28 22:21:02,064] {logging_mixin.py:109} INFO - [2022-01-28 22:21:02,064] {dag.py:2935} INFO - Setting next_dagrun for example_branch_dop_operator_v3 to 2022-01-29T01:20:00+00:00
[2022-01-28 22:21:02,080] {processor.py:171} INFO - Processing /home/data-eginner/Documents/Soccer_Data/env/lib/python3.8/site-packages/airflow/example_dags/example_branch_python_dop_operator_3.py took 0.064 seconds
[2022-01-28 22:21:38,750] {processor.py:163} INFO - Started process (PID=30714) to work on /home/data-eginner/Documents/Soccer_Data/env/lib/python3.8/site-packages/airflow/example_dags/example_branch_python_dop_operator_3.py
[2022-01-28 22:21:38,752] {processor.py:642} INFO - Processing file /home/data-eginner/Documents/Soccer_Data/env/lib/python3.8/site-packages/airflow/example_dags/example_branch_python_dop_operator_3.py for tasks to queue
[2022-01-28 22:21:38,753] {logging_mixin.py:109} INFO - [2022-01-28 22:21:38,753] {dagbag.py:500} INFO - Filling up the DagBag from /home/data-eginner/Documents/Soccer_Data/env/lib/python3.8/site-packages/airflow/example_dags/example_branch_python_dop_operator_3.py
[2022-01-28 22:21:38,777] {processor.py:654} INFO - DAG(s) dict_keys(['example_branch_dop_operator_v3']) retrieved from /home/data-eginner/Documents/Soccer_Data/env/lib/python3.8/site-packages/airflow/example_dags/example_branch_python_dop_operator_3.py
[2022-01-28 22:21:38,784] {logging_mixin.py:109} INFO - [2022-01-28 22:21:38,784] {dag.py:2396} INFO - Sync 1 DAGs
[2022-01-28 22:21:38,801] {logging_mixin.py:109} INFO - [2022-01-28 22:21:38,801] {dag.py:2935} INFO - Setting next_dagrun for example_branch_dop_operator_v3 to 2022-01-29T01:20:00+00:00
[2022-01-28 22:21:38,817] {processor.py:171} INFO - Processing /home/data-eginner/Documents/Soccer_Data/env/lib/python3.8/site-packages/airflow/example_dags/example_branch_python_dop_operator_3.py took 0.070 seconds
                                                                                                                                                                                                                                                                                                                                                                                                                                                                                                                                                                                                                                                                                                                                            