[2022-01-28 21:00:30,194] {processor.py:163} INFO - Started process (PID=19071) to work on /home/data-eginner/Documents/Soccer_Data/env/lib/python3.8/site-packages/airflow/example_dags/example_short_circuit_operator.py
[2022-01-28 21:00:30,195] {processor.py:642} INFO - Processing file /home/data-eginner/Documents/Soccer_Data/env/lib/python3.8/site-packages/airflow/example_dags/example_short_circuit_operator.py for tasks to queue
[2022-01-28 21:00:30,195] {logging_mixin.py:109} INFO - [2022-01-28 21:00:30,195] {dagbag.py:500} INFO - Filling up the DagBag from /home/data-eginner/Documents/Soccer_Data/env/lib/python3.8/site-packages/airflow/example_dags/example_short_circuit_operator.py
[2022-01-28 21:00:30,287] {processor.py:654} INFO - DAG(s) dict_keys(['example_short_circuit_operator']) retrieved from /home/data-eginner/Documents/Soccer_Data/env/lib/python3.8/site-packages/airflow/example_dags/example_short_circuit_operator.py
[2022-01-28 21:00:30,306] {logging_mixin.py:109} INFO - [2022-01-28 21:00:30,306] {dag.py:2396} INFO - Sync 1 DAGs
[2022-01-28 21:00:30,321] {logging_mixin.py:109} INFO - [2022-01-28 21:00:30,321] {dag.py:2935} INFO - Setting next_dagrun for example_short_circuit_operator to 2022-01-28T00:00:30.321467+00:00
[2022-01-28 21:00:30,342] {processor.py:171} INFO - Processing /home/data-eginner/Documents/Soccer_Data/env/lib/python3.8/site-packages/airflow/example_dags/example_short_circuit_operator.py took 0.150 seconds
[2022-01-28 21:08:26,894] {processor.py:163} INFO - Started process (PID=19802) to work on /home/data-eginner/Documents/Soccer_Data/env/lib/python3.8/site-packages/airflow/example_dags/example_short_circuit_operator.py
[2022-01-28 21:08:26,897] {processor.py:642} INFO - Processing file /home/data-eginner/Documents/Soccer_Data/env/lib/python3.8/site-packages/airflow/example_dags/example_short_circuit_operator.py for tasks to queue
[2022-01-28 21:08:26,897] {logging_mixin.py:109} INFO - [2022-01-28 21:08:26,897] {dagbag.py:500} INFO - Filling up the DagBag from /home/data-eginner/Documents/Soccer_Data/env/lib/python3.8/site-packages/airflow/example_dags/example_short_circuit_operator.py
[2022-01-28 21:08:27,016] {processor.py:654} INFO - DAG(s) dict_keys(['example_short_circuit_operator']) retrieved from /home/data-eginner/Documents/Soccer_Data/env/lib/python3.8/site-packages/airflow/example_dags/example_short_circuit_operator.py
[2022-01-28 21:08:27,077] {logging_mixin.py:109} INFO - [2022-01-28 21:08:27,077] {dag.py:2396} INFO - Sync 1 DAGs
[2022-01-28 21:08:27,127] {logging_mixin.py:109} INFO - [2022-01-28 21:08:27,127] {dag.py:2935} INFO - Setting next_dagrun for example_short_circuit_operator to 2022-01-28T00:08:27.127497+00:00
[2022-01-28 21:08:27,167] {processor.py:171} INFO - Processing /home/data-eginner/Documents/Soccer_Data/env/lib/python3.8/site-packages/airflow/example_dags/example_short_circuit_operator.py took 0.318 seconds
[2022-01-28 21:09:19,587] {processor.py:163} INFO - Started process (PID=19981) to work on /home/data-eginner/Documents/Soccer_Data/env/lib/python3.8/site-packages/airflow/example_dags/example_short_circuit_operator.py
[2022-01-28 21:09:19,623] {processor.py:642} INFO - Processing file /home/data-eginner/Documents/Soccer_Data/env/lib/python3.8/site-packages/airflow/example_dags/example_short_circuit_operator.py for tasks to queue
[2022-01-28 21:09:19,623] {logging_mixin.py:109} INFO - [2022-01-28 21:09:19,623] {dagbag.py:500} INFO - Filling up the DagBag from /home/data-eginner/Documents/Soccer_Data/env/lib/python3.8/site-packages/airflow/example_dags/example_short_circuit_operator.py
[2022-01-28 21:09:19,692] {processor.py:654} INFO - DAG(s) dict_keys(['example_short_circuit_operator']) retrieved from /home/data-eginner/Documents/Soccer_Data/env/lib/python3.8/site-packages/airflow/example_dags/example_short_circuit_operator.py
[2022-01-28 21:09:19,704] {logging_mixin.py:109} INFO - [2022-01-28 21:09:19,704] {dag.py:2396} INFO - Sync 1 DAGs
[2022-01-28 21:09:19,736] {logging_mixin.py:109} INFO - [2022-01-28 21:09:19,736] {dag.py:2935} INFO - Setting next_dagrun for example_short_circuit_operator to 2022-01-28T00:09:19.736223+00:00
[2022-01-28 21:09:19,770] {processor.py:171} INFO - Processing /home/data-eginner/Documents/Soccer_Data/env/lib/python3.8/site-packages/airflow/example_dags/example_short_circuit_operator.py took 0.185 seconds
[2022-01-28 21:10:09,533] {processor.py:163} INFO - Started process (PID=20163) to work on /home/data-eginner/Documents/Soccer_Data/env/lib/python3.8/site-packages/airflow/example_dags/example_short_circuit_operator.py
[2022-01-28 21:10:09,544] {processor.py:642} INFO - Processing file /home/data-eginner/Documents/Soccer_Data/env/lib/python3.8/site-packages/airflow/example_dags/example_short_circuit_operator.py for tasks to queue
[2022-01-28 21:10:09,545] {logging_mixin.py:109} INFO - [2022-01-28 21:10:09,545] {dagbag.py:500} INFO - Filling up the DagBag from /home/data-eginner/Documents/Soccer_Data/env/lib/python3.8/site-packages/airflow/example_dags/example_short_circuit_operator.py
[2022-01-28 21:10:09,600] {processor.py:654} INFO - DAG(s) dict_keys(['example_short_circuit_operator']) retrieved from /home/data-eginner/Documents/Soccer_Data/env/lib/python3.8/site-packages/airflow/example_dags/example_short_circuit_operator.py
[2022-01-28 21:10:09,624] {logging_mixin.py:109} INFO - [2022-01-28 21:10:09,624] {dag.py:2396} INFO - Sync 1 DAGs
[2022-01-28 21:10:09,674] {logging_mixin.py:109} INFO - [2022-01-28 21:10:09,674] {dag.py:2935} INFO - Setting next_dagrun for example_short_circuit_operator to 2022-01-28T00:10:09.669233+00:00
[2022-01-28 21:10:09,693] {processor.py:171} INFO - Processing /home/data-eginner/Documents/Soccer_Data/env/lib/python3.8/site-packages/airflow/example_dags/example_short_circuit_operator.py took 0.165 seconds
[2022-01-28 21:10:50,627] {processor.py:163} INFO - Started process (PID=20337) to work on /home/data-eginner/Documents/Soccer_Data/env/lib/python3.8/site-packages/airflow/example_dags/example_short_circuit_operator.py
[2022-01-28 21:10:50,634] {processor.py:642} INFO - Processing file /home/data-eginner/Documents/Soccer_Data/env/lib/python3.8/site-packages/airflow/example_dags/example_short_circuit_operator.py for tasks to queue
[2022-01-28 21:10:50,635] {logging_mixin.py:109} INFO - [2022-01-28 21:10:50,635] {dagbag.py:500} INFO - Filling up the DagBag from /home/data-eginner/Documents/Soccer_Data/env/lib/python3.8/site-packages/airflow/example_dags/example_short_circuit_operator.py
[2022-01-28 21:10:50,668] {processor.py:654} INFO - DAG(s) dict_keys(['example_short_circuit_operator']) retrieved from /home/data-eginner/Documents/Soccer_Data/env/lib/python3.8/site-packages/airflow/example_dags/example_short_circuit_operator.py
[2022-01-28 21:10:50,678] {logging_mixin.py:109} INFO - [2022-01-28 21:10:50,678] {dag.py:2396} INFO - Sync 1 DAGs
[2022-01-28 21:10:50,697] {logging_mixin.py:109} INFO - [2022-01-28 21:10:50,697] {dag.py:2935} INFO - Setting next_dagrun for example_short_circuit_operator to 2022-01-28T00:10:50.697255+00:00
[2022-01-28 21:10:50,728] {processor.py:171} INFO - Processing /home/data-eginner/Documents/Soccer_Data/env/lib/python3.8/site-packages/airflow/example_dags/example_short_circuit_operator.py took 0.104 seconds
[2022-01-28 21:11:36,771] {processor.py:163} INFO - Started process (PID=20516) to work on /home/data-eginner/Documents/Soccer_Data/env/lib/python3.8/site-packages/airflow/example_dags/example_short_circuit_operator.py
[2022-01-28 21:11:36,775] {processor.py:642} INFO - Processing file /home/data-eginner/Documents/Soccer_Data/env/lib/python3.8/site-packages/airflow/example_dags/example_short_circuit_operator.py for tasks to queue
[2022-01-28 21:11:36,776] {logging_mixin.py:109} INFO - [2022-01-28 21:11:36,776] {dagbag.py:500} INFO - Filling up the DagBag from /home/data-eginner/Documents/Soccer_Data/env/lib/python3.8/site-packages/airflow/example_dags/example_short_circuit_operator.py
[2022-01-28 21:11:36,822] {processor.py:654} INFO - DAG(s) dict_keys(['example_short_circuit_operator']) retrieved from /home/data-eginner/Documents/Soccer_Data/env/lib/python3.8/site-packages/airflow/example_dags/example_short_circuit_operator.py
[2022-01-28 21:11:36,832] {logging_mixin.py:109} INFO - [2022-01-28 21:11:36,831] {dag.py:2396} INFO - Sync 1 DAGs
[2022-01-28 21:11:36,847] {logging_mixin.py:109} INFO - [2022-01-28 21:11:36,846] {dag.py:2935} INFO - Setting next_dagrun for example_short_circuit_operator to 2022-01-28T00:11:36.846544+00:00
[2022-01-28 21:11:36,872] {processor.py:171} INFO - Processing /home/data-eginner/Documents/Soccer_Data/env/lib/python3.8/site-packages/airflow/example_dags/example_short_circuit_operator.py took 0.105 seconds
[2022-01-28 21:12:26,947] {processor.py:163} INFO - Started process (PID=20709) to work on /home/data-eginner/Documents/Soccer_Data/env/lib/python3.8/site-packages/airflow/example_dags/example_short_circuit_operator.py
[2022-01-28 21:12:26,951] {processor.py:642} INFO - Processing file /home/data-eginner/Documents/Soccer_Data/env/lib/python3.8/site-packages/airflow/example_dags/example_short_circuit_operator.py for tasks to queue
[2022-01-28 21:12:26,954] {logging_mixin.py:109} INFO - [2022-01-28 21:12:26,954] {dagbag.py:500} INFO - Filling up the DagBag from /home/data-eginner/Documents/Soccer_Data/env/lib/python3.8/site-packages/airflow/example_dags/example_short_circuit_operator.py
[2022-01-28 21:12:26,981] {processor.py:654} INFO - DAG(s) dict_keys(['example_short_circuit_operator']) retrieved from /home/data-eginner/Documents/Soccer_Data/env/lib/python3.8/site-packages/airflow/example_dags/example_short_circuit_operator.py
[2022-01-28 21:12:26,991] {logging_mixin.py:109} INFO - [2022-01-28 21:12:26,991] {dag.py:2396} INFO - Sync 1 DAGs
[2022-01-28 21:12:27,010] {logging_mixin.py:109} INFO - [2022-01-28 21:12:27,010] {dag.py:2935} INFO - Setting next_dagrun for example_short_circuit_operator to 2022-01-28T00:12:27.010459+00:00
[2022-01-28 21:12:27,031] {processor.py:171} INFO - Processing /home/data-eginner/Documents/Soccer_Data/env/lib/python3.8/site-packages/airflow/example_dags/example_short_circuit_operator.py took 0.101 seconds
[2022-01-28 21:13:14,289] {processor.py:163} INFO - Started process (PID=20890) to work on /home/data-eginner/Documents/Soccer_Data/env/lib/python3.8/site-packages/airflow/example_dags/example_short_circuit_operator.py
[2022-01-28 21:13:14,291] {processor.py:642} INFO - Processing file /home/data-eginner/Documents/Soccer_Data/env/lib/python3.8/site-packages/airflow/example_dags/example_short_circuit_operator.py for tasks to queue
[2022-01-28 21:13:14,292] {logging_mixin.py:109} INFO - [2022-01-28 21:13:14,292] {dagbag.py:500} INFO - Filling up the DagBag from /home/data-eginner/Documents/Soccer_Data/env/lib/python3.8/site-packages/airflow/example_dags/example_short_circuit_operator.py
[2022-01-28 21:13:14,348] {processor.py:654} INFO - DAG(s) dict_keys(['example_short_circuit_operator']) retrieved from /home/data-eginner/Documents/Soccer_Data/env/lib/python3.8/site-packages/airflow/example_dags/example_short_circuit_operator.py
[2022-01-28 21:13:14,379] {logging_mixin.py:109} INFO - [2022-01-28 21:13:14,379] {dag.py:2396} INFO - Sync 1 DAGs
[2022-01-28 21:13:14,421] {logging_mixin.py:109} INFO - [2022-01-28 21:13:14,421] {dag.py:2935} INFO - Setting next_dagrun for example_short_circuit_operator to 2022-01-28T00:13:14.420873+00:00
[2022-01-28 21:13:14,445] {processor.py:171} INFO - Processing /home/data-eginner/Documents/Soccer_Data/env/lib/python3.8/site-packages/airflow/example_dags/example_short_circuit_operator.py took 0.171 seconds
[2022-01-28 21:13:59,625] {processor.py:163} INFO - Started process (PID=21055) to work on /home/data-eginner/Documents/Soccer_Data/env/lib/python3.8/site-packages/airflow/example_dags/example_short_circuit_operator.py
[2022-01-28 21:13:59,636] {processor.py:642} INFO - Processing file /home/data-eginner/Documents/Soccer_Data/env/lib/python3.8/site-packages/airflow/example_dags/example_short_circuit_operator.py for tasks to queue
[2022-01-28 21:13:59,637] {logging_mixin.py:109} INFO - [2022-01-28 21:13:59,637] {dagbag.py:500} INFO - Filling up the DagBag from /home/data-eginner/Documents/Soccer_Data/env/lib/python3.8/site-packages/airflow/example_dags/example_short_circuit_operator.py
[2022-01-28 21:13:59,665] {processor.py:654} INFO - DAG(s) dict_keys(['example_short_circuit_operator']) retrieved from /home/data-eginner/Documents/Soccer_Data/env/lib/python3.8/site-packages/airflow/example_dags/example_short_circuit_operator.py
[2022-01-28 21:13:59,678] {logging_mixin.py:109} INFO - [2022-01-28 21:13:59,678] {dag.py:2396} INFO - Sync 1 DAGs
[2022-01-28 21:13:59,693] {logging_mixin.py:109} INFO - [2022-01-28 21:13:59,693] {dag.py:2935} INFO - Setting next_dagrun for example_short_circuit_operator to 2022-01-28T00:13:59.693470+00:00
[2022-01-28 21:13:59,716] {processor.py:171} INFO - Processing /home/data-eginner/Documents/Soccer_Data/env/lib/python3.8/site-packages/airflow/example_dags/example_short_circuit_operator.py took 0.093 seconds
[2022-01-28 21:14:50,935] {processor.py:163} INFO - Started process (PID=21244) to work on /home/data-eginner/Documents/Soccer_Data/env/lib/python3.8/site-packages/airflow/example_dags/example_short_circuit_operator.py
[2022-01-28 21:14:50,951] {processor.py:642} INFO - Processing file /home/data-eginner/Documents/Soccer_Data/env/lib/python3.8/site-packages/airflow/example_dags/example_short_circuit_operator.py for tasks to queue
[2022-01-28 21:14:50,951] {logging_mixin.py:109} INFO - [2022-01-28 21:14:50,951] {dagbag.py:500} INFO - Filling up the DagBag from /home/data-eginner/Documents/Soccer_Data/env/lib/python3.8/site-packages/airflow/example_dags/example_short_circuit_operator.py
[2022-01-28 21:14:51,011] {processor.py:654} INFO - DAG(s) dict_keys(['example_short_circuit_operator']) retrieved from /home/data-eginner/Documents/Soccer_Data/env/lib/python3.8/site-packages/airflow/example_dags/example_short_circuit_operator.py
[2022-01-28 21:14:51,075] {logging_mixin.py:109} INFO - [2022-01-28 21:14:51,075] {dag.py:2396} INFO - Sync 1 DAGs
[2022-01-28 21:14:51,141] {logging_mixin.py:109} INFO - [2022-01-28 21:14:51,140] {dag.py:2935} INFO - Setting next_dagrun for example_short_circuit_operator to 2022-01-28T00:14:51.140712+00:00
[2022-01-28 21:14:51,177] {processor.py:171} INFO - Processing /home/data-eginner/Documents/Soccer_Data/env/lib/python3.8/site-packages/airflow/example_dags/example_short_circuit_operator.py took 0.262 seconds
[2022-01-28 21:15:49,221] {processor.py:163} INFO - Started process (PID=21431) to work on /home/data-eginner/Documents/Soccer_Data/env/lib/python3.8/site-packages/airflow/example_dags/example_short_circuit_operator.py
[2022-01-28 21:15:49,223] {processor.py:642} INFO - Processing file /home/data-eginner/Documents/Soccer_Data/env/lib/python3.8/site-packages/airflow/example_dags/example_short_circuit_operator.py for tasks to queue
[2022-01-28 21:15:49,223] {logging_mixin.py:109} INFO - [2022-01-28 21:15:49,223] {dagbag.py:500} INFO - Filling up the DagBag from /home/data-eginner/Documents/Soccer_Data/env/lib/python3.8/site-packages/airflow/example_dags/example_short_circuit_operator.py
[2022-01-28 21:15:49,276] {processor.py:654} INFO - DAG(s) dict_keys(['example_short_circuit_operator']) retrieved from /home/data-eginner/Documents/Soccer_Data/env/lib/python3.8/site-packages/airflow/example_dags/example_short_circuit_operator.py
[2022-01-28 21:15:49,303] {logging_mixin.py:109} INFO - [2022-01-28 21:15:49,303] {dag.py:2396} INFO - Sync 1 DAGs
[2022-01-28 21:15:49,372] {logging_mixin.py:109} INFO - [2022-01-28 21:15:49,372] {dag.py:2935} INFO - Setting next_dagrun for example_short_circuit_operator to 2022-01-28T00:15:49.371856+00:00
[2022-01-28 21:15:49,458] {processor.py:171} INFO - Processing /home/data-eginner/Documents/Soccer_Data/env/lib/python3.8/site-packages/airflow/example_dags/example_short_circuit_operator.py took 0.252 seconds
[2022-01-28 21:16:41,878] {processor.py:163} INFO - Started process (PID=21594) to work on /home/data-eginner/Documents/Soccer_Data/env/lib/python3.8/site-packages/airflow/example_dags/example_short_circuit_operator.py
[2022-01-28 21:16:41,883] {processor.py:642} INFO - Processing file /home/data-eginner/Documents/Soccer_Data/env/lib/python3.8/site-packages/airflow/example_dags/example_short_circuit_operator.py for tasks to queue
[2022-01-28 21:16:41,883] {logging_mixin.py:109} INFO - [2022-01-28 21:16:41,883] {dagbag.py:500} INFO - Filling up the DagBag from /home/data-eginner/Documents/Soccer_Data/env/lib/python3.8/site-packages/airflow/example_dags/example_short_circuit_operator.py
[2022-01-28 21:16:41,959] {processor.py:654} INFO - DAG(s) dict_keys(['example_short_circuit_operator']) retrieved from /home/data-eginner/Documents/Soccer_Data/env/lib/python3.8/site-packages/airflow/example_dags/example_short_circuit_operator.py
[2022-01-28 21:16:41,991] {logging_mixin.py:109} INFO - [2022-01-28 21:16:41,991] {dag.py:2396} INFO - Sync 1 DAGs
[2022-01-28 21:16:42,025] {logging_mixin.py:109} INFO - [2022-01-28 21:16:42,025] {dag.py:2935} INFO - Setting next_dagrun for example_short_circuit_operator to 2022-01-28T00:16:42.024989+00:00
[2022-01-28 21:16:42,094] {processor.py:171} INFO - Processing /home/data-eginner/Documents/Soccer_Data/env/lib/python3.8/site-packages/airflow/example_dags/example_short_circuit_operator.py took 0.249 seconds
[2022-01-28 21:17:56,710] {processor.py:163} INFO - Started process (PID=21816) to work on /home/data-eginner/Documents/Soccer_Data/env/lib/python3.8/site-packages/airflow/example_dags/example_short_circuit_operator.py
[2022-01-28 21:17:56,727] {processor.py:642} INFO - Processing file /home/data-eginner/Documents/Soccer_Data/env/lib/python3.8/site-packages/airflow/example_dags/example_short_circuit_operator.py for tasks to queue
[2022-01-28 21:17:56,727] {logging_mixin.py:109} INFO - [2022-01-28 21:17:56,727] {dagbag.py:500} INFO - Filling up the DagBag from /home/data-eginner/Documents/Soccer_Data/env/lib/python3.8/site-packages/airflow/example_dags/example_short_circuit_operator.py
[2022-01-28 21:17:56,794] {processor.py:654} INFO - DAG(s) dict_keys(['example_short_circuit_operator']) retrieved from /home/data-eginner/Documents/Soccer_Data/env/lib/python3.8/site-packages/airflow/example_dags/example_short_circuit_operator.py
[2022-01-28 21:17:56,816] {logging_mixin.py:109} INFO - [2022-01-28 21:17:56,816] {dag.py:2396} INFO - Sync 1 DAGs
[2022-01-28 21:17:56,857] {logging_mixin.py:109} INFO - [2022-01-28 21:17:56,856] {dag.py:2935} INFO - Setting next_dagrun for example_short_circuit_operator to 2022-01-28T00:17:56.856360+00:00
[2022-01-28 21:17:56,935] {processor.py:171} INFO - Processing /home/data-eginner/Documents/Soccer_Data/env/lib/python3.8/site-packages/airflow/example_dags/example_short_circuit_operator.py took 0.230 seconds
[2022-01-28 21:19:14,345] {processor.py:163} INFO - Started process (PID=22059) to work on /home/data-eginner/Documents/Soccer_Data/env/lib/python3.8/site-packages/airflow/example_dags/example_short_circuit_operator.py
[2022-01-28 21:19:14,361] {processor.py:642} INFO - Processing file /home/data-eginner/Documents/Soccer_Data/env/lib/python3.8/site-packages/airflow/example_dags/example_short_circuit_operator.py for tasks to queue
[2022-01-28 21:19:14,362] {logging_mixin.py:109} INFO - [2022-01-28 21:19:14,361] {dagbag.py:500} INFO - Filling up the DagBag from /home/data-eginner/Documents/Soccer_Data/env/lib/python3.8/site-packages/airflow/example_dags/example_short_circuit_operator.py
[2022-01-28 21:19:14,517] {processor.py:654} INFO - DAG(s) dict_keys(['example_short_circuit_operator']) retrieved from /home/data-eginner/Documents/Soccer_Data/env/lib/python3.8/site-packages/airflow/example_dags/example_short_circuit_operator.py
[2022-01-28 21:19:14,552] {logging_mixin.py:109} INFO - [2022-01-28 21:19:14,552] {dag.py:2396} INFO - Sync 1 DAGs
[2022-01-28 21:19:14,610] {logging_mixin.py:109} INFO - [2022-01-28 21:19:14,610] {dag.py:2935} INFO - Setting next_dagrun for example_short_circuit_operator to 2022-01-28T00:19:14.610309+00:00
[2022-01-28 21:19:14,667] {processor.py:171} INFO - Processing /home/data-eginner/Documents/Soccer_Data/env/lib/python3.8/site-packages/airflow/example_dags/example_short_circuit_operator.py took 0.347 seconds
[2022-01-28 21:20:06,012] {processor.py:163} INFO - Started process (PID=22237) to work on /home/data-eginner/Documents/Soccer_Data/env/lib/python3.8/site-packages/airflow/example_dags/example_short_circuit_operator.py
[2022-01-28 21:20:06,028] {processor.py:642} INFO - Processing file /home/data-eginner/Documents/Soccer_Data/env/lib/python3.8/site-packages/airflow/example_dags/example_short_circuit_operator.py for tasks to queue
[2022-01-28 21:20:06,029] {logging_mixin.py:109} INFO - [2022-01-28 21:20:06,028] {dagbag.py:500} INFO - Filling up the DagBag from /home/data-eginner/Documents/Soccer_Data/env/lib/python3.8/site-packages/airflow/example_dags/example_short_circuit_operator.py
[2022-01-28 21:20:06,107] {processor.py:654} INFO - DAG(s) dict_keys(['example_short_circuit_operator']) retrieved from /home/data-eginner/Documents/Soccer_Data/env/lib/python3.8/site-packages/airflow/example_dags/example_short_circuit_operator.py
[2022-01-28 21:20:06,126] {logging_mixin.py:109} INFO - [2022-01-28 21:20:06,126] {dag.py:2396} INFO - Sync 1 DAGs
[2022-01-28 21:20:06,160] {logging_mixin.py:109} INFO - [2022-01-28 21:20:06,159] {dag.py:2935} INFO - Setting next_dagrun for example_short_circuit_operator to 2022-01-28T00:20:06.159596+00:00
[2022-01-28 21:20:06,217] {processor.py:171} INFO - Processing /home/data-eginner/Documents/Soccer_Data/env/lib/python3.8/site-packages/airflow/example_dags/example_short_circuit_operator.py took 0.209 seconds
[2022-01-28 21:21:07,563] {processor.py:163} INFO - Started process (PID=22435) to work on /home/data-eginner/Documents/Soccer_Data/env/lib/python3.8/site-packages/airflow/example_dags/example_short_circuit_operator.py
[2022-01-28 21:21:07,570] {processor.py:642} INFO - Processing file /home/data-eginner/Documents/Soccer_Data/env/lib/python3.8/site-packages/airflow/example_dags/example_short_circuit_operator.py for tasks to queue
[2022-01-28 21:21:07,571] {logging_mixin.py:109} INFO - [2022-01-28 21:21:07,571] {dagbag.py:500} INFO - Filling up the DagBag from /home/data-eginner/Documents/Soccer_Data/env/lib/python3.8/site-packages/airflow/example_dags/example_short_circuit_operator.py
[2022-01-28 21:21:07,602] {processor.py:654} INFO - DAG(s) dict_keys(['example_short_circuit_operator']) retrieved from /home/data-eginner/Documents/Soccer_Data/env/lib/python3.8/site-packages/airflow/example_dags/example_short_circuit_operator.py
[2022-01-28 21:21:07,616] {logging_mixin.py:109} INFO - [2022-01-28 21:21:07,616] {dag.py:2396} INFO - Sync 1 DAGs
[2022-01-28 21:21:07,640] {logging_mixin.py:109} INFO - [2022-01-28 21:21:07,640] {dag.py:2935} INFO - Setting next_dagrun for example_short_circuit_operator to 2022-01-28T00:21:07.639900+00:00
[2022-01-28 21:21:07,662] {processor.py:171} INFO - Processing /home/data-eginner/Documents/Soccer_Data/env/lib/python3.8/site-packages/airflow/example_dags/example_short_circuit_operator.py took 0.101 seconds
[2022-01-28 21:22:06,182] {processor.py:163} INFO - Started process (PID=22658) to work on /home/data-eginner/Documents/Soccer_Data/env/lib/python3.8/site-packages/airflow/example_dags/example_short_circuit_operator.py
[2022-01-28 21:22:06,188] {processor.py:642} INFO - Processing file /home/data-eginner/Documents/Soccer_Data/env/lib/python3.8/site-packages/airflow/example_dags/example_short_circuit_operator.py for tasks to queue
[2022-01-28 21:22:06,189] {logging_mixin.py:109} INFO - [2022-01-28 21:22:06,189] {dagbag.py:500} INFO - Filling up the DagBag from /home/data-eginner/Documents/Soccer_Data/env/lib/python3.8/site-packages/airflow/example_dags/example_short_circuit_operator.py
[2022-01-28 21:22:06,225] {processor.py:654} INFO - DAG(s) dict_keys(['example_short_circuit_operator']) retrieved from /home/data-eginner/Documents/Soccer_Data/env/lib/python3.8/site-packages/airflow/example_dags/example_short_circuit_operator.py
[2022-01-28 21:22:06,247] {logging_mixin.py:109} INFO - [2022-01-28 21:22:06,247] {dag.py:2396} INFO - Sync 1 DAGs
[2022-01-28 21:22:06,272] {logging_mixin.py:109} INFO - [2022-01-28 21:22:06,272] {dag.py:2935} INFO - Setting next_dagrun for example_short_circuit_operator to 2022-01-28T00:22:06.272176+00:00
[2022-01-28 21:22:06,300] {processor.py:171} INFO - Processing /home/data-eginner/Documents/Soccer_Data/env/lib/python3.8/site-packages/airflow/example_dags/example_short_circuit_operator.py took 0.121 seconds
[2022-01-28 21:26:34,460] {processor.py:163} INFO - Started process (PID=22947) to work on /home/data-eginner/Documents/Soccer_Data/env/lib/python3.8/site-packages/airflow/example_dags/example_short_circuit_operator.py
[2022-01-28 21:26:34,475] {processor.py:642} INFO - Processing file /home/data-eginner/Documents/Soccer_Data/env/lib/python3.8/site-packages/airflow/example_dags/example_short_circuit_operator.py for tasks to queue
[2022-01-28 21:26:34,476] {logging_mixin.py:109} INFO - [2022-01-28 21:26:34,476] {dagbag.py:500} INFO - Filling up the DagBag from /home/data-eginner/Documents/Soccer_Data/env/lib/python3.8/site-packages/airflow/example_dags/example_short_circuit_operator.py
[2022-01-28 21:26:34,538] {processor.py:654} INFO - DAG(s) dict_keys(['example_short_circuit_operator']) retrieved from /home/data-eginner/Documents/Soccer_Data/env/lib/python3.8/site-packages/airflow/example_dags/example_short_circuit_operator.py
[2022-01-28 21:26:34,578] {logging_mixin.py:109} INFO - [2022-01-28 21:26:34,578] {dag.py:2396} INFO - Sync 1 DAGs
[2022-01-28 21:26:34,644] {logging_mixin.py:109} INFO - [2022-01-28 21:26:34,644] {dag.py:2935} INFO - Setting next_dagrun for example_short_circuit_operator to 2022-01-28T00:26:34.643782+00:00
[2022-01-28 21:26:34,682] {processor.py:171} INFO - Processing /home/data-eginner/Documents/Soccer_Data/env/lib/python3.8/site-packages/airflow/example_dags/example_short_circuit_operator.py took 0.226 seconds
[2022-01-28 21:27:27,074] {processor.py:163} INFO - Started process (PID=23153) to work on /home/data-eginner/Documents/Soccer_Data/env/lib/python3.8/site-packages/airflow/example_dags/example_short_circuit_operator.py
[2022-01-28 21:27:27,089] {processor.py:642} INFO - Processing file /home/data-eginner/Documents/Soccer_Data/env/lib/python3.8/site-packages/airflow/example_dags/example_short_circuit_operator.py for tasks to queue
[2022-01-28 21:27:27,090] {logging_mixin.py:109} INFO - [2022-01-28 21:27:27,090] {dagbag.py:500} INFO - Filling up the DagBag from /home/data-eginner/Documents/Soccer_Data/env/lib/python3.8/site-packages/airflow/example_dags/example_short_circuit_operator.py
[2022-01-28 21:27:27,197] {processor.py:654} INFO - DAG(s) dict_keys(['example_short_circuit_operator']) retrieved from /home/data-eginner/Documents/Soccer_Data/env/lib/python3.8/site-packages/airflow/example_dags/example_short_circuit_operator.py
[2022-01-28 21:27:27,218] {logging_mixin.py:109} INFO - [2022-01-28 21:27:27,218] {dag.py:2396} INFO - Sync 1 DAGs
[2022-01-28 21:27:27,261] {logging_mixin.py:109} INFO - [2022-01-28 21:27:27,261] {dag.py:2935} INFO - Setting next_dagrun for example_short_circuit_operator to 2022-01-28T00:27:27.261604+00:00
[2022-01-28 21:27:27,317] {processor.py:171} INFO - Processing /home/data-eginner/Documents/Soccer_Data/env/lib/python3.8/site-packages/airflow/example_dags/example_short_circuit_operator.py took 0.246 seconds
[2022-01-28 21:29:06,729] {processor.py:163} INFO - Started process (PID=23491) to work on /home/data-eginner/Documents/Soccer_Data/env/lib/python3.8/site-packages/airflow/example_dags/example_short_circuit_operator.py
[2022-01-28 21:29:06,745] {processor.py:642} INFO - Processing file /home/data-eginner/Documents/Soccer_Data/env/lib/python3.8/site-packages/airflow/example_dags/example_short_circuit_operator.py for tasks to queue
[2022-01-28 21:29:06,746] {logging_mixin.py:109} INFO - [2022-01-28 21:29:06,745] {dagbag.py:500} INFO - Filling up the DagBag from /home/data-eginner/Documents/Soccer_Data/env/lib/python3.8/site-packages/airflow/example_dags/example_short_circuit_operator.py
[2022-01-28 21:29:06,802] {processor.py:654} INFO - DAG(s) dict_keys(['example_short_circuit_operator']) retrieved from /home/data-eginner/Documents/Soccer_Data/env/lib/python3.8/site-packages/airflow/example_dags/example_short_circuit_operator.py
[2022-01-28 21:29:06,815] {logging_mixin.py:109} INFO - [2022-01-28 21:29:06,815] {dag.py:2396} INFO - Sync 1 DAGs
[2022-01-28 21:29:06,865] {logging_mixin.py:109} INFO - [2022-01-28 21:29:06,865] {dag.py:2935} INFO - Setting next_dagrun for example_short_circuit_operator to 2022-01-28T00:29:06.865128+00:00
[2022-01-28 21:29:06,882] {processor.py:171} INFO - Processing /home/data-eginner/Documents/Soccer_Data/env/lib/python3.8/site-packages/airflow/example_dags/example_short_circuit_operator.py took 0.156 seconds
[2022-01-28 21:29:54,986] {processor.py:163} INFO - Started process (PID=23652) to work on /home/data-eginner/Documents/Soccer_Data/env/lib/python3.8/site-packages/airflow/example_dags/example_short_circuit_operator.py
[2022-01-28 21:29:54,992] {processor.py:642} INFO - Processing file /home/data-eginner/Documents/Soccer_Data/env/lib/python3.8/site-packages/airflow/example_dags/example_short_circuit_operator.py for tasks to queue
[2022-01-28 21:29:54,992] {logging_mixin.py:109} INFO - [2022-01-28 21:29:54,992] {dagbag.py:500} INFO - Filling up the DagBag from /home/data-eginner/Documents/Soccer_Data/env/lib/python3.8/site-packages/airflow/example_dags/example_short_circuit_operator.py
[2022-01-28 21:29:55,034] {processor.py:654} INFO - DAG(s) dict_keys(['example_short_circuit_operator']) retrieved from /home/data-eginner/Documents/Soccer_Data/env/lib/python3.8/site-packages/airflow/example_dags/example_short_circuit_operator.py
[2022-01-28 21:29:55,042] {logging_mixin.py:109} INFO - [2022-01-28 21:29:55,042] {dag.py:2396} INFO - Sync 1 DAGs
[2022-01-28 21:29:55,067] {logging_mixin.py:109} INFO - [2022-01-28 21:29:55,067] {dag.py:2935} INFO - Setting next_dagrun for example_short_circuit_operator to 2022-01-28T00:29:55.066611+00:00
[2022-01-28 21:29:55,090] {processor.py:171} INFO - Processing /home/data-eginner/Documents/Soccer_Data/env/lib/python3.8/site-packages/airflow/example_dags/example_short_circuit_operator.py took 0.106 seconds
[2022-01-28 21:30:46,969] {processor.py:163} INFO - Started process (PID=23840) to work on /home/data-eginner/Documents/Soccer_Data/env/lib/python3.8/site-packages/airflow/example_dags/example_short_circuit_operator.py
[2022-01-28 21:30:46,982] {processor.py:642} INFO - Processing file /home/data-eginner/Documents/Soccer_Data/env/lib/python3.8/site-packages/airflow/example_dags/example_short_circuit_operator.py for tasks to queue
[2022-01-28 21:30:46,982] {logging_mixin.py:109} INFO - [2022-01-28 21:30:46,982] {dagbag.py:500} INFO - Filling up the DagBag from /home/data-eginner/Documents/Soccer_Data/env/lib/python3.8/site-packages/airflow/example_dags/example_short_circuit_operator.py
[2022-01-28 21:30:47,057] {processor.py:654} INFO - DAG(s) dict_keys(['example_short_circuit_operator']) retrieved from /home/data-eginner/Documents/Soccer_Data/env/lib/python3.8/site-packages/airflow/example_dags/example_short_circuit_operator.py
[2022-01-28 21:30:47,090] {logging_mixin.py:109} INFO - [2022-01-28 21:30:47,089] {dag.py:2396} INFO - Sync 1 DAGs
[2022-01-28 21:30:47,113] {logging_mixin.py:109} INFO - [2022-01-28 21:30:47,113] {dag.py:2935} INFO - Setting next_dagrun for example_short_circuit_operator to 2022-01-28T00:30:47.113220+00:00
[2022-01-28 21:30:47,151] {processor.py:171} INFO - Processing /home/data-eginner/Documents/Soccer_Data/env/lib/python3.8/site-packages/airflow/example_dags/example_short_circuit_operator.py took 0.197 seconds
[2022-01-28 21:31:55,075] {processor.py:163} INFO - Started process (PID=24077) to work on /home/data-eginner/Documents/Soccer_Data/env/lib/python3.8/site-packages/airflow/example_dags/example_short_circuit_operator.py
[2022-01-28 21:31:55,120] {processor.py:642} INFO - Processing file /home/data-eginner/Documents/Soccer_Data/env/lib/python3.8/site-packages/airflow/example_dags/example_short_circuit_operator.py for tasks to queue
[2022-01-28 21:31:55,121] {logging_mixin.py:109} INFO - [2022-01-28 21:31:55,121] {dagbag.py:500} INFO - Filling up the DagBag from /home/data-eginner/Documents/Soccer_Data/env/lib/python3.8/site-packages/airflow/example_dags/example_short_circuit_operator.py
[2022-01-28 21:31:55,269] {processor.py:654} INFO - DAG(s) dict_keys(['example_short_circuit_operator']) retrieved from /home/data-eginner/Documents/Soccer_Data/env/lib/python3.8/site-packages/airflow/example_dags/example_short_circuit_operator.py
[2022-01-28 21:31:55,338] {logging_mixin.py:109} INFO - [2022-01-28 21:31:55,338] {dag.py:2396} INFO - Sync 1 DAGs
[2022-01-28 21:31:55,372] {logging_mixin.py:109} INFO - [2022-01-28 21:31:55,372] {dag.py:2935} INFO - Setting next_dagrun for example_short_circuit_operator to 2022-01-28T00:31:55.371973+00:00
[2022-01-28 21:31:55,412] {processor.py:171} INFO - Processing /home/data-eginner/Documents/Soccer_Data/env/lib/python3.8/site-packages/airflow/example_dags/example_short_circuit_operator.py took 0.348 seconds
[2022-01-28 21:32:41,759] {processor.py:163} INFO - Started process (PID=24246) to work on /home/data-eginner/Documents/Soccer_Data/env/lib/python3.8/site-packages/airflow/example_dags/example_short_circuit_operator.py
[2022-01-28 21:32:41,762] {processor.py:642} INFO - Processing file /home/data-eginner/Documents/Soccer_Data/env/lib/python3.8/site-packages/airflow/example_dags/example_short_circuit_operator.py for tasks to queue
[2022-01-28 21:32:41,762] {logging_mixin.py:109} INFO - [2022-01-28 21:32:41,762] {dagbag.py:500} INFO - Filling up the DagBag from /home/data-eginner/Documents/Soccer_Data/env/lib/python3.8/site-packages/airflow/example_dags/example_short_circuit_operator.py
[2022-01-28 21:32:41,801] {processor.py:654} INFO - DAG(s) dict_keys(['example_short_circuit_operator']) retrieved from /home/data-eginner/Documents/Soccer_Data/env/lib/python3.8/site-packages/airflow/example_dags/example_short_circuit_operator.py
[2022-01-28 21:32:41,825] {logging_mixin.py:109} INFO - [2022-01-28 21:32:41,824] {dag.py:2396} INFO - Sync 1 DAGs
[2022-01-28 21:32:41,856] {logging_mixin.py:109} INFO - [2022-01-28 21:32:41,856] {dag.py:2935} INFO - Setting next_dagrun for example_short_circuit_operator to 2022-01-28T00:32:41.856220+00:00
[2022-01-28 21:32:41,896] {processor.py:171} INFO - Processing /home/data-eginner/Documents/Soccer_Data/env/lib/python3.8/site-packages/airflow/example_dags/example_short_circuit_operator.py took 0.139 seconds
[2022-01-28 21:33:34,268] {processor.py:163} INFO - Started process (PID=24453) to work on /home/data-eginner/Documents/Soccer_Data/env/lib/python3.8/site-packages/airflow/example_dags/example_short_circuit_operator.py
[2022-01-28 21:33:34,271] {processor.py:642} INFO - Processing file /home/data-eginner/Documents/Soccer_Data/env/lib/python3.8/site-packages/airflow/example_dags/example_short_circuit_operator.py for tasks to queue
[2022-01-28 21:33:34,271] {logging_mixin.py:109} INFO - [2022-01-28 21:33:34,271] {dagbag.py:500} INFO - Filling up the DagBag from /home/data-eginner/Documents/Soccer_Data/env/lib/python3.8/site-packages/airflow/example_dags/example_short_circuit_operator.py
[2022-01-28 21:33:34,301] {processor.py:654} INFO - DAG(s) dict_keys(['example_short_circuit_operator']) retrieved from /home/data-eginner/Documents/Soccer_Data/env/lib/python3.8/site-packages/airflow/example_dags/example_short_circuit_operator.py
[2022-01-28 21:33:34,332] {logging_mixin.py:109} INFO - [2022-01-28 21:33:34,332] {dag.py:2396} INFO - Sync 1 DAGs
[2022-01-28 21:33:34,346] {logging_mixin.py:109} INFO - [2022-01-28 21:33:34,346] {dag.py:2935} INFO - Setting next_dagrun for example_short_circuit_operator to 2022-01-28T00:33:34.346596+00:00
[2022-01-28 21:33:34,364] {processor.py:171} INFO - Processing /home/data-eginner/Documents/Soccer_Data/env/lib/python3.8/site-packages/airflow/example_dags/example_short_circuit_operator.py took 0.098 seconds
[2022-01-28 21:34:19,345] {processor.py:163} INFO - Started process (PID=24628) to work on /home/data-eginner/Documents/Soccer_Data/env/lib/python3.8/site-packages/airflow/example_dags/example_short_circuit_operator.py
[2022-01-28 21:34:19,347] {processor.py:642} INFO - Processing file /home/data-eginner/Documents/Soccer_Data/env/lib/python3.8/site-packages/airflow/example_dags/example_short_circuit_operator.py for tasks to queue
[2022-01-28 21:34:19,347] {logging_mixin.py:109} INFO - [2022-01-28 21:34:19,347] {dagbag.py:500} INFO - Filling up the DagBag from /home/data-eginner/Documents/Soccer_Data/env/lib/python3.8/site-packages/airflow/example_dags/example_short_circuit_operator.py
[2022-01-28 21:34:19,383] {processor.py:654} INFO - DAG(s) dict_keys(['example_short_circuit_operator']) retrieved from /home/data-eginner/Documents/Soccer_Data/env/lib/python3.8/site-packages/airflow/example_dags/example_short_circuit_operator.py
[2022-01-28 21:34:19,400] {logging_mixin.py:109} INFO - [2022-01-28 21:34:19,399] {dag.py:2396} INFO - Sync 1 DAGs
[2022-01-28 21:34:19,424] {logging_mixin.py:109} INFO - [2022-01-28 21:34:19,422] {dag.py:2935} INFO - Setting next_dagrun for example_short_circuit_operator to 2022-01-28T00:34:19.422315+00:00
[2022-01-28 21:34:19,444] {processor.py:171} INFO - Processing /home/data-eginner/Documents/Soccer_Data/env/lib/python3.8/site-packages/airflow/example_dags/example_short_circuit_operator.py took 0.102 seconds
[2022-01-28 21:56:19,981] {processor.py:163} INFO - Started process (PID=25075) to work on /home/data-eginner/Documents/Soccer_Data/env/lib/python3.8/site-packages/airflow/example_dags/example_short_circuit_operator.py
[2022-01-28 21:56:20,061] {processor.py:642} INFO - Processing file /home/data-eginner/Documents/Soccer_Data/env/lib/python3.8/site-packages/airflow/example_dags/example_short_circuit_operator.py for tasks to queue
[2022-01-28 21:56:20,062] {logging_mixin.py:109} INFO - [2022-01-28 21:56:20,062] {dagbag.py:500} INFO - Filling up the DagBag from /home/data-eginner/Documents/Soccer_Data/env/lib/python3.8/site-packages/airflow/example_dags/example_short_circuit_operator.py
[2022-01-28 21:56:20,157] {processor.py:654} INFO - DAG(s) dict_keys(['example_short_circuit_operator']) retrieved from /home/data-eginner/Documents/Soccer_Data/env/lib/python3.8/site-packages/airflow/example_dags/example_short_circuit_operator.py
[2022-01-28 21:56:20,197] {logging_mixin.py:109} INFO - [2022-01-28 21:56:20,197] {dag.py:2396} INFO - Sync 1 DAGs
[2022-01-28 21:56:20,251] {logging_mixin.py:109} INFO - [2022-01-28 21:56:20,251] {dag.py:2935} INFO - Setting next_dagrun for example_short_circuit_operator to 2022-01-28T00:56:20.251442+00:00
[2022-01-28 21:56:20,285] {processor.py:171} INFO - Processing /home/data-eginner/Documents/Soccer_Data/env/lib/python3.8/site-packages/airflow/example_dags/example_short_circuit_operator.py took 0.318 seconds
[2022-01-28 21:57:08,021] {processor.py:163} INFO - Started process (PID=25253) to work on /home/data-eginner/Documents/Soccer_Data/env/lib/python3.8/site-packages/airflow/example_dags/example_short_circuit_operator.py
[2022-01-28 21:57:08,023] {processor.py:642} INFO - Processing file /home/data-eginner/Documents/Soccer_Data/env/lib/python3.8/site-packages/airflow/example_dags/example_short_circuit_operator.py for tasks to queue
[2022-01-28 21:57:08,024] {logging_mixin.py:109} INFO - [2022-01-28 21:57:08,024] {dagbag.py:500} INFO - Filling up the DagBag from /home/data-eginner/Documents/Soccer_Data/env/lib/python3.8/site-packages/airflow/example_dags/example_short_circuit_operator.py
[2022-01-28 21:57:08,075] {processor.py:654} INFO - DAG(s) dict_keys(['example_short_circuit_operator']) retrieved from /home/data-eginner/Documents/Soccer_Data/env/lib/python3.8/site-packages/airflow/example_dags/example_short_circuit_operator.py
[2022-01-28 21:57:08,087] {logging_mixin.py:109} INFO - [2022-01-28 21:57:08,087] {dag.py:2396} INFO - Sync 1 DAGs
[2022-01-28 21:57:08,106] {logging_mixin.py:109} INFO - [2022-01-28 21:57:08,106] {dag.py:2935} INFO - Setting next_dagrun for example_short_circuit_operator to 2022-01-28T00:57:08.105793+00:00
[2022-01-28 21:57:08,131] {processor.py:171} INFO - Processing /home/data-eginner/Documents/Soccer_Data/env/lib/python3.8/site-packages/airflow/example_dags/example_short_circuit_operator.py took 0.122 seconds
[2022-01-28 21:57:49,186] {processor.py:163} INFO - Started process (PID=25412) to work on /home/data-eginner/Documents/Soccer_Data/env/lib/python3.8/site-packages/airflow/example_dags/example_short_circuit_operator.py
[2022-01-28 21:57:49,190] {processor.py:642} INFO - Processing file /home/data-eginner/Documents/Soccer_Data/env/lib/python3.8/site-packages/airflow/example_dags/example_short_circuit_operator.py for tasks to queue
[2022-01-28 21:57:49,191] {logging_mixin.py:109} INFO - [2022-01-28 21:57:49,191] {dagbag.py:500} INFO - Filling up the DagBag from /home/data-eginner/Documents/Soccer_Data/env/lib/python3.8/site-packages/airflow/example_dags/example_short_circuit_operator.py
[2022-01-28 21:57:49,226] {processor.py:654} INFO - DAG(s) dict_keys(['example_short_circuit_operator']) retrieved from /home/data-eginner/Documents/Soccer_Data/env/lib/python3.8/site-packages/airflow/example_dags/example_short_circuit_operator.py
[2022-01-28 21:57:49,235] {logging_mixin.py:109} INFO - [2022-01-28 21:57:49,235] {dag.py:2396} INFO - Sync 1 DAGs
[2022-01-28 21:57:49,248] {logging_mixin.py:109} INFO - [2022-01-28 21:57:49,248] {dag.py:2935} INFO - Setting next_dagrun for example_short_circuit_operator to 2022-01-28T00:57:49.248351+00:00
[2022-01-28 21:57:49,268] {processor.py:171} INFO - Processing /home/data-eginner/Documents/Soccer_Data/env/lib/python3.8/site-packages/airflow/example_dags/example_short_circuit_operator.py took 0.086 seconds
[2022-01-28 21:58:28,608] {processor.py:163} INFO - Started process (PID=25573) to work on /home/data-eginner/Documents/Soccer_Data/env/lib/python3.8/site-packages/airflow/example_dags/example_short_circuit_operator.py
[2022-01-28 21:58:28,614] {processor.py:642} INFO - Processing file /home/data-eginner/Documents/Soccer_Data/env/lib/python3.8/site-packages/airflow/example_dags/example_short_circuit_operator.py for tasks to queue
[2022-01-28 21:58:28,615] {logging_mixin.py:109} INFO - [2022-01-28 21:58:28,615] {dagbag.py:500} INFO - Filling up the DagBag from /home/data-eginner/Documents/Soccer_Data/env/lib/python3.8/site-packages/airflow/example_dags/example_short_circuit_operator.py
[2022-01-28 21:58:28,638] {processor.py:654} INFO - DAG(s) dict_keys(['example_short_circuit_operator']) retrieved from /home/data-eginner/Documents/Soccer_Data/env/lib/python3.8/site-packages/airflow/example_dags/example_short_circuit_operator.py
[2022-01-28 21:58:28,648] {logging_mixin.py:109} INFO - [2022-01-28 21:58:28,648] {dag.py:2396} INFO - Sync 1 DAGs
[2022-01-28 21:58:28,660] {logging_mixin.py:109} INFO - [2022-01-28 21:58:28,660] {dag.py:2935} INFO - Setting next_dagrun for example_short_circuit_operator to 2022-01-28T00:58:28.660417+00:00
[2022-01-28 21:58:28,677] {processor.py:171} INFO - Processing /home/data-eginner/Documents/Soccer_Data/env/lib/python3.8/site-packages/airflow/example_dags/example_short_circuit_operator.py took 0.072 seconds
[2022-01-28 21:59:17,653] {processor.py:163} INFO - Started process (PID=25751) to work on /home/data-eginner/Documents/Soccer_Data/env/lib/python3.8/site-packages/airflow/example_dags/example_short_circuit_operator.py
[2022-01-28 21:59:17,681] {processor.py:642} INFO - Processing file /home/data-eginner/Documents/Soccer_Data/env/lib/python3.8/site-packages/airflow/example_dags/example_short_circuit_operator.py for tasks to queue
[2022-01-28 21:59:17,682] {logging_mixin.py:109} INFO - [2022-01-28 21:59:17,682] {dagbag.py:500} INFO - Filling up the DagBag from /home/data-eginner/Documents/Soccer_Data/env/lib/python3.8/site-packages/airflow/example_dags/example_short_circuit_operator.py
[2022-01-28 21:59:17,722] {processor.py:654} INFO - DAG(s) dict_keys(['example_short_circuit_operator']) retrieved from /home/data-eginner/Documents/Soccer_Data/env/lib/python3.8/site-packages/airflow/example_dags/example_short_circuit_operator.py
[2022-01-28 21:59:17,731] {logging_mixin.py:109} INFO - [2022-01-28 21:59:17,731] {dag.py:2396} INFO - Sync 1 DAGs
[2022-01-28 21:59:17,743] {logging_mixin.py:109} INFO - [2022-01-28 21:59:17,743] {dag.py:2935} INFO - Setting next_dagrun for example_short_circuit_operator to 2022-01-28T00:59:17.743104+00:00
[2022-01-28 21:59:17,760] {processor.py:171} INFO - Processing /home/data-eginner/Documents/Soccer_Data/env/lib/python3.8/site-packages/airflow/example_dags/example_short_circuit_operator.py took 0.114 seconds
[2022-01-28 22:00:04,641] {processor.py:163} INFO - Started process (PID=25938) to work on /home/data-eginner/Documents/Soccer_Data/env/lib/python3.8/site-packages/airflow/example_dags/example_short_circuit_operator.py
[2022-01-28 22:00:04,647] {processor.py:642} INFO - Processing file /home/data-eginner/Documents/Soccer_Data/env/lib/python3.8/site-packages/airflow/example_dags/example_short_circuit_operator.py for tasks to queue
[2022-01-28 22:00:04,648] {logging_mixin.py:109} INFO - [2022-01-28 22:00:04,648] {dagbag.py:500} INFO - Filling up the DagBag from /home/data-eginner/Documents/Soccer_Data/env/lib/python3.8/site-packages/airflow/example_dags/example_short_circuit_operator.py
[2022-01-28 22:00:04,682] {processor.py:654} INFO - DAG(s) dict_keys(['example_short_circuit_operator']) retrieved from /home/data-eginner/Documents/Soccer_Data/env/lib/python3.8/site-packages/airflow/example_dags/example_short_circuit_operator.py
[2022-01-28 22:00:04,724] {logging_mixin.py:109} INFO - [2022-01-28 22:00:04,724] {dag.py:2396} INFO - Sync 1 DAGs
[2022-01-28 22:00:04,837] {logging_mixin.py:109} INFO - [2022-01-28 22:00:04,837] {dag.py:2935} INFO - Setting next_dagrun for example_short_circuit_operator to 2022-01-28T01:00:04.836912+00:00
[2022-01-28 22:00:04,962] {processor.py:171} INFO - Processing /home/data-eginner/Documents/Soccer_Data/env/lib/python3.8/site-packages/airflow/example_dags/example_short_circuit_operator.py took 0.324 seconds
[2022-01-28 22:00:46,787] {processor.py:163} INFO - Started process (PID=26111) to work on /home/data-eginner/Documents/Soccer_Data/env/lib/python3.8/site-packages/airflow/example_dags/example_short_circuit_operator.py
[2022-01-28 22:00:46,791] {processor.py:642} INFO - Processing file /home/data-eginner/Documents/Soccer_Data/env/lib/python3.8/site-packages/airflow/example_dags/example_short_circuit_operator.py for tasks to queue
[2022-01-28 22:00:46,792] {logging_mixin.py:109} INFO - [2022-01-28 22:00:46,792] {dagbag.py:500} INFO - Filling up the DagBag from /home/data-eginner/Documents/Soccer_Data/env/lib/python3.8/site-packages/airflow/example_dags/example_short_circuit_operator.py
[2022-01-28 22:00:46,827] {processor.py:654} INFO - DAG(s) dict_keys(['example_short_circuit_operator']) retrieved from /home/data-eginner/Documents/Soccer_Data/env/lib/python3.8/site-packages/airflow/example_dags/example_short_circuit_operator.py
[2022-01-28 22:00:46,836] {logging_mixin.py:109} INFO - [2022-01-28 22:00:46,836] {dag.py:2396} INFO - Sync 1 DAGs
[2022-01-28 22:00:46,850] {logging_mixin.py:109} INFO - [2022-01-28 22:00:46,850] {dag.py:2935} INFO - Setting next_dagrun for example_short_circuit_operator to 2022-01-28T01:00:46.850139+00:00
[2022-01-28 22:00:46,867] {processor.py:171} INFO - Processing /home/data-eginner/Documents/Soccer_Data/env/lib/python3.8/site-packages/airflow/example_dags/example_short_circuit_operator.py took 0.089 seconds
[2022-01-28 22:01:30,298] {processor.py:163} INFO - Started process (PID=26282) to work on /home/data-eginner/Documents/Soccer_Data/env/lib/python3.8/site-packages/airflow/example_dags/example_short_circuit_operator.py
[2022-01-28 22:01:30,304] {processor.py:642} INFO - Processing file /home/data-eginner/Documents/Soccer_Data/env/lib/python3.8/site-packages/airflow/example_dags/example_short_circuit_operator.py for tasks to queue
[2022-01-28 22:01:30,304] {logging_mixin.py:109} INFO - [2022-01-28 22:01:30,304] {dagbag.py:500} INFO - Filling up the DagBag from /home/data-eginner/Documents/Soccer_Data/env/lib/python3.8/site-packages/airflow/example_dags/example_short_circuit_operator.py
[2022-01-28 22:01:30,339] {processor.py:654} INFO - DAG(s) dict_keys(['example_short_circuit_operator']) retrieved from /home/data-eginner/Documents/Soccer_Data/env/lib/python3.8/site-packages/airflow/example_dags/example_short_circuit_operator.py
[2022-01-28 22:01:30,359] {logging_mixin.py:109} INFO - [2022-01-28 22:01:30,358] {dag.py:2396} INFO - Sync 1 DAGs
[2022-01-28 22:01:30,374] {logging_mixin.py:109} INFO - [2022-01-28 22:01:30,374] {dag.py:2935} INFO - Setting next_dagrun for example_short_circuit_operator to 2022-01-28T01:01:30.373808+00:00
[2022-01-28 22:01:30,390] {processor.py:171} INFO - Processing /home/data-eginner/Documents/Soccer_Data/env/lib/python3.8/site-packages/airflow/example_dags/example_short_circuit_operator.py took 0.096 seconds
[2022-01-28 22:04:26,396] {processor.py:163} INFO - Started process (PID=26596) to work on /home/data-eginner/Documents/Soccer_Data/env/lib/python3.8/site-packages/airflow/example_dags/example_short_circuit_operator.py
[2022-01-28 22:04:26,401] {processor.py:642} INFO - Processing file /home/data-eginner/Documents/Soccer_Data/env/lib/python3.8/site-packages/airflow/example_dags/example_short_circuit_operator.py for tasks to queue
[2022-01-28 22:04:26,401] {logging_mixin.py:109} INFO - [2022-01-28 22:04:26,401] {dagbag.py:500} INFO - Filling up the DagBag from /home/data-eginner/Documents/Soccer_Data/env/lib/python3.8/site-packages/airflow/example_dags/example_short_circuit_operator.py
[2022-01-28 22:04:26,421] {processor.py:654} INFO - DAG(s) dict_keys(['example_short_circuit_operator']) retrieved from /home/data-eginner/Documents/Soccer_Data/env/lib/python3.8/site-packages/airflow/example_dags/example_short_circuit_operator.py
[2022-01-28 22:04:26,430] {logging_mixin.py:109} INFO - [2022-01-28 22:04:26,430] {dag.py:2396} INFO - Sync 1 DAGs
[2022-01-28 22:04:26,452] {logging_mixin.py:109} INFO - [2022-01-28 22:04:26,451] {dag.py:2935} INFO - Setting next_dagrun for example_short_circuit_operator to 2022-01-28T01:04:26.451650+00:00
[2022-01-28 22:04:26,477] {processor.py:171} INFO - Processing /home/data-eginner/Documents/Soccer_Data/env/lib/python3.8/site-packages/airflow/example_dags/example_short_circuit_operator.py took 0.083 seconds
[2022-01-28 22:05:10,040] {processor.py:163} INFO - Started process (PID=26768) to work on /home/data-eginner/Documents/Soccer_Data/env/lib/python3.8/site-packages/airflow/example_dags/example_short_circuit_operator.py
[2022-01-28 22:05:10,044] {processor.py:642} INFO - Processing file /home/data-eginner/Documents/Soccer_Data/env/lib/python3.8/site-packages/airflow/example_dags/example_short_circuit_operator.py for tasks to queue
[2022-01-28 22:05:10,045] {logging_mixin.py:109} INFO - [2022-01-28 22:05:10,045] {dagbag.py:500} INFO - Filling up the DagBag from /home/data-eginner/Documents/Soccer_Data/env/lib/python3.8/site-packages/airflow/example_dags/example_short_circuit_operator.py
[2022-01-28 22:05:10,083] {processor.py:654} INFO - DAG(s) dict_keys(['example_short_circuit_operator']) retrieved from /home/data-eginner/Documents/Soccer_Data/env/lib/python3.8/site-packages/airflow/example_dags/example_short_circuit_operator.py
[2022-01-28 22:05:10,091] {logging_mixin.py:109} INFO - [2022-01-28 22:05:10,091] {dag.py:2396} INFO - Sync 1 DAGs
[2022-01-28 22:05:10,105] {logging_mixin.py:109} INFO - [2022-01-28 22:05:10,105] {dag.py:2935} INFO - Setting next_dagrun for example_short_circuit_operator to 2022-01-28T01:05:10.104892+00:00
[2022-01-28 22:05:10,126] {processor.py:171} INFO - Processing /home/data-eginner/Documents/Soccer_Data/env/lib/python3.8/site-packages/airflow/example_dags/example_short_circuit_operator.py took 0.091 seconds
[2022-01-28 22:05:52,443] {processor.py:163} INFO - Started process (PID=26929) to work on /home/data-eginner/Documents/Soccer_Data/env/lib/python3.8/site-packages/airflow/example_dags/example_short_circuit_operator.py
[2022-01-28 22:05:52,445] {processor.py:642} INFO - Processing file /home/data-eginner/Documents/Soccer_Data/env/lib/python3.8/site-packages/airflow/example_dags/example_short_circuit_operator.py for tasks to queue
[2022-01-28 22:05:52,445] {logging_mixin.py:109} INFO - [2022-01-28 22:05:52,445] {dagbag.py:500} INFO - Filling up the DagBag from /home/data-eginner/Documents/Soccer_Data/env/lib/python3.8/site-packages/airflow/example_dags/example_short_circuit_operator.py
[2022-01-28 22:05:52,487] {processor.py:654} INFO - DAG(s) dict_keys(['example_short_circuit_operator']) retrieved from /home/data-eginner/Documents/Soccer_Data/env/lib/python3.8/site-packages/airflow/example_dags/example_short_circuit_operator.py
[2022-01-28 22:05:52,504] {logging_mixin.py:109} INFO - [2022-01-28 22:05:52,504] {dag.py:2396} INFO - Sync 1 DAGs
[2022-01-28 22:05:52,514] {logging_mixin.py:109} INFO - [2022-01-28 22:05:52,514] {dag.py:2935} INFO - Setting next_dagrun for example_short_circuit_operator to 2022-01-28T01:05:52.514289+00:00
[2022-01-28 22:05:52,579] {processor.py:171} INFO - Processing /home/data-eginner/Documents/Soccer_Data/env/lib/python3.8/site-packages/airflow/example_dags/example_short_circuit_operator.py took 0.138 seconds
[2022-01-28 22:06:32,808] {processor.py:163} INFO - Started process (PID=27097) to work on /home/data-eginner/Documents/Soccer_Data/env/lib/python3.8/site-packages/airflow/example_dags/example_short_circuit_operator.py
[2022-01-28 22:06:32,821] {processor.py:642} INFO - Processing file /home/data-eginner/Documents/Soccer_Data/env/lib/python3.8/site-packages/airflow/example_dags/example_short_circuit_operator.py for tasks to queue
[2022-01-28 22:06:32,821] {logging_mixin.py:109} INFO - [2022-01-28 22:06:32,821] {dagbag.py:500} INFO - Filling up the DagBag from /home/data-eginner/Documents/Soccer_Data/env/lib/python3.8/site-packages/airflow/example_dags/example_short_circuit_operator.py
[2022-01-28 22:06:32,863] {processor.py:654} INFO - DAG(s) dict_keys(['example_short_circuit_operator']) retrieved from /home/data-eginner/Documents/Soccer_Data/env/lib/python3.8/site-packages/airflow/example_dags/example_short_circuit_operator.py
[2022-01-28 22:06:32,871] {logging_mixin.py:109} INFO - [2022-01-28 22:06:32,870] {dag.py:2396} INFO - Sync 1 DAGs
[2022-01-28 22:06:32,893] {logging_mixin.py:109} INFO - [2022-01-28 22:06:32,893] {dag.py:2935} INFO - Setting next_dagrun for example_short_circuit_operator to 2022-01-28T01:06:32.893595+00:00
[2022-01-28 22:06:32,925] {processor.py:171} INFO - Processing /home/data-eginner/Documents/Soccer_Data/env/lib/python3.8/site-packages/airflow/example_dags/example_short_circuit_operator.py took 0.120 seconds
[2022-01-28 22:07:27,579] {processor.py:163} INFO - Started process (PID=27312) to work on /home/data-eginner/Documents/Soccer_Data/env/lib/python3.8/site-packages/airflow/example_dags/example_short_circuit_operator.py
[2022-01-28 22:07:27,601] {processor.py:642} INFO - Processing file /home/data-eginner/Documents/Soccer_Data/env/lib/python3.8/site-packages/airflow/example_dags/example_short_circuit_operator.py for tasks to queue
[2022-01-28 22:07:27,601] {logging_mixin.py:109} INFO - [2022-01-28 22:07:27,601] {dagbag.py:500} INFO - Filling up the DagBag from /home/data-eginner/Documents/Soccer_Data/env/lib/python3.8/site-packages/airflow/example_dags/example_short_circuit_operator.py
[2022-01-28 22:07:27,664] {processor.py:654} INFO - DAG(s) dict_keys(['example_short_circuit_operator']) retrieved from /home/data-eginner/Documents/Soccer_Data/env/lib/python3.8/site-packages/airflow/example_dags/example_short_circuit_operator.py
[2022-01-28 22:07:27,690] {logging_mixin.py:109} INFO - [2022-01-28 22:07:27,689] {dag.py:2396} INFO - Sync 1 DAGs
[2022-01-28 22:07:27,759] {logging_mixin.py:109} INFO - [2022-01-28 22:07:27,759] {dag.py:2935} INFO - Setting next_dagrun for example_short_circuit_operator to 2022-01-28T01:07:27.759107+00:00
[2022-01-28 22:07:27,811] {processor.py:171} INFO - Processing /home/data-eginner/Documents/Soccer_Data/env/lib/python3.8/site-packages/airflow/example_dags/example_short_circuit_operator.py took 0.234 seconds
[2022-01-28 22:08:32,200] {processor.py:163} INFO - Started process (PID=27578) to work on /home/data-eginner/Documents/Soccer_Data/env/lib/python3.8/site-packages/airflow/example_dags/example_short_circuit_operator.py
[2022-01-28 22:08:32,215] {processor.py:642} INFO - Processing file /home/data-eginner/Documents/Soccer_Data/env/lib/python3.8/site-packages/airflow/example_dags/example_short_circuit_operator.py for tasks to queue
[2022-01-28 22:08:32,216] {logging_mixin.py:109} INFO - [2022-01-28 22:08:32,216] {dagbag.py:500} INFO - Filling up the DagBag from /home/data-eginner/Documents/Soccer_Data/env/lib/python3.8/site-packages/airflow/example_dags/example_short_circuit_operator.py
[2022-01-28 22:08:32,248] {processor.py:654} INFO - DAG(s) dict_keys(['example_short_circuit_operator']) retrieved from /home/data-eginner/Documents/Soccer_Data/env/lib/python3.8/site-packages/airflow/example_dags/example_short_circuit_operator.py
[2022-01-28 22:08:32,256] {logging_mixin.py:109} INFO - [2022-01-28 22:08:32,256] {dag.py:2396} INFO - Sync 1 DAGs
[2022-01-28 22:08:32,272] {logging_mixin.py:109} INFO - [2022-01-28 22:08:32,272] {dag.py:2935} INFO - Setting next_dagrun for example_short_circuit_operator to 2022-01-28T01:08:32.272512+00:00
[2022-01-28 22:08:32,295] {processor.py:171} INFO - Processing /home/data-eginner/Documents/Soccer_Data/env/lib/python3.8/site-packages/airflow/example_dags/example_short_circuit_operator.py took 0.098 seconds
[2022-01-28 22:09:15,588] {processor.py:163} INFO - Started process (PID=27748) to work on /home/data-eginner/Documents/Soccer_Data/env/lib/python3.8/site-packages/airflow/example_dags/example_short_circuit_operator.py
[2022-01-28 22:09:15,592] {processor.py:642} INFO - Processing file /home/data-eginner/Documents/Soccer_Data/env/lib/python3.8/site-packages/airflow/example_dags/example_short_circuit_operator.py for tasks to queue
[2022-01-28 22:09:15,593] {logging_mixin.py:109} INFO - [2022-01-28 22:09:15,592] {dagbag.py:500} INFO - Filling up the DagBag from /home/data-eginner/Documents/Soccer_Data/env/lib/python3.8/site-packages/airflow/example_dags/example_short_circuit_operator.py
[2022-01-28 22:09:15,625] {processor.py:654} INFO - DAG(s) dict_keys(['example_short_circuit_operator']) retrieved from /home/data-eginner/Documents/Soccer_Data/env/lib/python3.8/site-packages/airflow/example_dags/example_short_circuit_operator.py
[2022-01-28 22:09:15,638] {logging_mixin.py:109} INFO - [2022-01-28 22:09:15,638] {dag.py:2396} INFO - Sync 1 DAGs
[2022-01-28 22:09:15,654] {logging_mixin.py:109} INFO - [2022-01-28 22:09:15,654] {dag.py:2935} INFO - Setting next_dagrun for example_short_circuit_operator to 2022-01-28T01:09:15.654494+00:00
[2022-01-28 22:09:15,672] {processor.py:171} INFO - Processing /home/data-eginner/Documents/Soccer_Data/env/lib/python3.8/site-packages/airflow/example_dags/example_short_circuit_operator.py took 0.089 seconds
[2022-01-28 22:09:56,264] {processor.py:163} INFO - Started process (PID=27916) to work on /home/data-eginner/Documents/Soccer_Data/env/lib/python3.8/site-packages/airflow/example_dags/example_short_circuit_operator.py
[2022-01-28 22:09:56,267] {processor.py:642} INFO - Processing file /home/data-eginner/Documents/Soccer_Data/env/lib/python3.8/site-packages/airflow/example_dags/example_short_circuit_operator.py for tasks to queue
[2022-01-28 22:09:56,268] {logging_mixin.py:109} INFO - [2022-01-28 22:09:56,268] {dagbag.py:500} INFO - Filling up the DagBag from /home/data-eginner/Documents/Soccer_Data/env/lib/python3.8/site-packages/airflow/example_dags/example_short_circuit_operator.py
[2022-01-28 22:09:56,322] {processor.py:654} INFO - DAG(s) dict_keys(['example_short_circuit_operator']) retrieved from /home/data-eginner/Documents/Soccer_Data/env/lib/python3.8/site-packages/airflow/example_dags/example_short_circuit_operator.py
[2022-01-28 22:09:56,335] {logging_mixin.py:109} INFO - [2022-01-28 22:09:56,335] {dag.py:2396} INFO - Sync 1 DAGs
[2022-01-28 22:09:56,349] {logging_mixin.py:109} INFO - [2022-01-28 22:09:56,348] {dag.py:2935} INFO - Setting next_dagrun for example_short_circuit_operator to 2022-01-28T01:09:56.347901+00:00
[2022-01-28 22:09:56,366] {processor.py:171} INFO - Processing /home/data-eginner/Documents/Soccer_Data/env/lib/python3.8/site-packages/airflow/example_dags/example_short_circuit_operator.py took 0.117 seconds
[2022-01-28 22:10:47,011] {processor.py:163} INFO - Started process (PID=28134) to work on /home/data-eginner/Documents/Soccer_Data/env/lib/python3.8/site-packages/airflow/example_dags/example_short_circuit_operator.py
[2022-01-28 22:10:47,027] {processor.py:642} INFO - Processing file /home/data-eginner/Documents/Soccer_Data/env/lib/python3.8/site-packages/airflow/example_dags/example_short_circuit_operator.py for tasks to queue
[2022-01-28 22:10:47,027] {logging_mixin.py:109} INFO - [2022-01-28 22:10:47,027] {dagbag.py:500} INFO - Filling up the DagBag from /home/data-eginner/Documents/Soccer_Data/env/lib/python3.8/site-packages/airflow/example_dags/example_short_circuit_operator.py
[2022-01-28 22:10:47,098] {processor.py:654} INFO - DAG(s) dict_keys(['example_short_circuit_operator']) retrieved from /home/data-eginner/Documents/Soccer_Data/env/lib/python3.8/site-packages/airflow/example_dags/example_short_circuit_operator.py
[2022-01-28 22:10:47,107] {logging_mixin.py:109} INFO - [2022-01-28 22:10:47,107] {dag.py:2396} INFO - Sync 1 DAGs
[2022-01-28 22:10:47,129] {logging_mixin.py:109} INFO - [2022-01-28 22:10:47,129] {dag.py:2935} INFO - Setting next_dagrun for example_short_circuit_operator to 2022-01-28T01:10:47.128865+00:00
[2022-01-28 22:10:47,175] {processor.py:171} INFO - Processing /home/data-eginner/Documents/Soccer_Data/env/lib/python3.8/site-packages/airflow/example_dags/example_short_circuit_operator.py took 0.167 seconds
[2022-01-28 22:11:25,027] {processor.py:163} INFO - Started process (PID=28297) to work on /home/data-eginner/Documents/Soccer_Data/env/lib/python3.8/site-packages/airflow/example_dags/example_short_circuit_operator.py
[2022-01-28 22:11:25,030] {processor.py:642} INFO - Processing file /home/data-eginner/Documents/Soccer_Data/env/lib/python3.8/site-packages/airflow/example_dags/example_short_circuit_operator.py for tasks to queue
[2022-01-28 22:11:25,031] {logging_mixin.py:109} INFO - [2022-01-28 22:11:25,031] {dagbag.py:500} INFO - Filling up the DagBag from /home/data-eginner/Documents/Soccer_Data/env/lib/python3.8/site-packages/airflow/example_dags/example_short_circuit_operator.py
[2022-01-28 22:11:25,050] {processor.py:654} INFO - DAG(s) dict_keys(['example_short_circuit_operator']) retrieved from /home/data-eginner/Documents/Soccer_Data/env/lib/python3.8/site-packages/airflow/example_dags/example_short_circuit_operator.py
[2022-01-28 22:11:25,060] {logging_mixin.py:109} INFO - [2022-01-28 22:11:25,060] {dag.py:2396} INFO - Sync 1 DAGs
[2022-01-28 22:11:25,072] {logging_mixin.py:109} INFO - [2022-01-28 22:11:25,072] {dag.py:2935} INFO - Setting next_dagrun for example_short_circuit_operator to 2022-01-28T01:11:25.072422+00:00
[2022-01-28 22:11:25,088] {processor.py:171} INFO - Processing /home/data-eginner/Documents/Soccer_Data/env/lib/python3.8/site-packages/airflow/example_dags/example_short_circuit_operator.py took 0.063 seconds
[2022-01-28 22:12:03,264] {processor.py:163} INFO - Started process (PID=28466) to work on /home/data-eginner/Documents/Soccer_Data/env/lib/python3.8/site-packages/airflow/example_dags/example_short_circuit_operator.py
[2022-01-28 22:12:03,268] {processor.py:642} INFO - Processing file /home/data-eginner/Documents/Soccer_Data/env/lib/python3.8/site-packages/airflow/example_dags/example_short_circuit_operator.py for tasks to queue
[2022-01-28 22:12:03,269] {logging_mixin.py:109} INFO - [2022-01-28 22:12:03,268] {dagbag.py:500} INFO - Filling up the DagBag from /home/data-eginner/Documents/Soccer_Data/env/lib/python3.8/site-packages/airflow/example_dags/example_short_circuit_operator.py
[2022-01-28 22:12:03,351] {processor.py:654} INFO - DAG(s) dict_keys(['example_short_circuit_operator']) retrieved from /home/data-eginner/Documents/Soccer_Data/env/lib/python3.8/site-packages/airflow/example_dags/example_short_circuit_operator.py
[2022-01-28 22:12:03,371] {logging_mixin.py:109} INFO - [2022-01-28 22:12:03,371] {dag.py:2396} INFO - Sync 1 DAGs
[2022-01-28 22:12:03,416] {logging_mixin.py:109} INFO - [2022-01-28 22:12:03,416] {dag.py:2935} INFO - Setting next_dagrun for example_short_circuit_operator to 2022-01-28T01:12:03.416077+00:00
[2022-01-28 22:12:03,462] {processor.py:171} INFO - Processing /home/data-eginner/Documents/Soccer_Data/env/lib/python3.8/site-packages/airflow/example_dags/example_short_circuit_operator.py took 0.225 seconds
[2022-01-28 22:12:43,180] {processor.py:163} INFO - Started process (PID=28618) to work on /home/data-eginner/Documents/Soccer_Data/env/lib/python3.8/site-packages/airflow/example_dags/example_short_circuit_operator.py
[2022-01-28 22:12:43,193] {processor.py:642} INFO - Processing file /home/data-eginner/Documents/Soccer_Data/env/lib/python3.8/site-packages/airflow/example_dags/example_short_circuit_operator.py for tasks to queue
[2022-01-28 22:12:43,193] {logging_mixin.py:109} INFO - [2022-01-28 22:12:43,193] {dagbag.py:500} INFO - Filling up the DagBag from /home/data-eginner/Documents/Soccer_Data/env/lib/python3.8/site-packages/airflow/example_dags/example_short_circuit_operator.py
[2022-01-28 22:12:43,264] {processor.py:654} INFO - DAG(s) dict_keys(['example_short_circuit_operator']) retrieved from /home/data-eginner/Documents/Soccer_Data/env/lib/python3.8/site-packages/airflow/example_dags/example_short_circuit_operator.py
[2022-01-28 22:12:43,294] {logging_mixin.py:109} INFO - [2022-01-28 22:12:43,294] {dag.py:2396} INFO - Sync 1 DAGs
[2022-01-28 22:12:43,351] {logging_mixin.py:109} INFO - [2022-01-28 22:12:43,351] {dag.py:2935} INFO - Setting next_dagrun for example_short_circuit_operator to 2022-01-28T01:12:43.351195+00:00
[2022-01-28 22:12:43,416] {processor.py:171} INFO - Processing /home/data-eginner/Documents/Soccer_Data/env/lib/python3.8/site-packages/airflow/example_dags/example_short_circuit_operator.py took 0.239 seconds
[2022-01-28 22:13:23,852] {processor.py:163} INFO - Started process (PID=28774) to work on /home/data-eginner/Documents/Soccer_Data/env/lib/python3.8/site-packages/airflow/example_dags/example_short_circuit_operator.py
[2022-01-28 22:13:23,858] {processor.py:642} INFO - Processing file /home/data-eginner/Documents/Soccer_Data/env/lib/python3.8/site-packages/airflow/example_dags/example_short_circuit_operator.py for tasks to queue
[2022-01-28 22:13:23,858] {logging_mixin.py:109} INFO - [2022-01-28 22:13:23,858] {dagbag.py:500} INFO - Filling up the DagBag from /home/data-eginner/Documents/Soccer_Data/env/lib/python3.8/site-packages/airflow/example_dags/example_short_circuit_operator.py
[2022-01-28 22:13:23,883] {processor.py:654} INFO - DAG(s) dict_keys(['example_short_circuit_operator']) retrieved from /home/data-eginner/Documents/Soccer_Data/env/lib/python3.8/site-packages/airflow/example_dags/example_short_circuit_operator.py
[2022-01-28 22:13:23,907] {logging_mixin.py:109} INFO - [2022-01-28 22:13:23,906] {dag.py:2396} INFO - Sync 1 DAGs
[2022-01-28 22:13:23,928] {logging_mixin.py:109} INFO - [2022-01-28 22:13:23,928] {dag.py:2935} INFO - Setting next_dagrun for example_short_circuit_operator to 2022-01-28T01:13:23.928122+00:00
[2022-01-28 22:13:23,976] {processor.py:171} INFO - Processing /home/data-eginner/Documents/Soccer_Data/env/lib/python3.8/site-packages/airflow/example_dags/example_short_circuit_operator.py took 0.127 seconds
[2022-01-28 22:14:10,198] {processor.py:163} INFO - Started process (PID=28965) to work on /home/data-eginner/Documents/Soccer_Data/env/lib/python3.8/site-packages/airflow/example_dags/example_short_circuit_operator.py
[2022-01-28 22:14:10,200] {processor.py:642} INFO - Processing file /home/data-eginner/Documents/Soccer_Data/env/lib/python3.8/site-packages/airflow/example_dags/example_short_circuit_operator.py for tasks to queue
[2022-01-28 22:14:10,200] {logging_mixin.py:109} INFO - [2022-01-28 22:14:10,200] {dagbag.py:500} INFO - Filling up the DagBag from /home/data-eginner/Documents/Soccer_Data/env/lib/python3.8/site-packages/airflow/example_dags/example_short_circuit_operator.py
[2022-01-28 22:14:10,250] {processor.py:654} INFO - DAG(s) dict_keys(['example_short_circuit_operator']) retrieved from /home/data-eginner/Documents/Soccer_Data/env/lib/python3.8/site-packages/airflow/example_dags/example_short_circuit_operator.py
[2022-01-28 22:14:10,287] {logging_mixin.py:109} INFO - [2022-01-28 22:14:10,287] {dag.py:2396} INFO - Sync 1 DAGs
[2022-01-28 22:14:10,300] {logging_mixin.py:109} INFO - [2022-01-28 22:14:10,300] {dag.py:2935} INFO - Setting next_dagrun for example_short_circuit_operator to 2022-01-28T01:14:10.300602+00:00
[2022-01-28 22:14:10,331] {processor.py:171} INFO - Processing /home/data-eginner/Documents/Soccer_Data/env/lib/python3.8/site-packages/airflow/example_dags/example_short_circuit_operator.py took 0.150 seconds
[2022-01-28 22:15:07,204] {processor.py:163} INFO - Started process (PID=29182) to work on /home/data-eginner/Documents/Soccer_Data/env/lib/python3.8/site-packages/airflow/example_dags/example_short_circuit_operator.py
[2022-01-28 22:15:07,206] {processor.py:642} INFO - Processing file /home/data-eginner/Documents/Soccer_Data/env/lib/python3.8/site-packages/airflow/example_dags/example_short_circuit_operator.py for tasks to queue
[2022-01-28 22:15:07,207] {logging_mixin.py:109} INFO - [2022-01-28 22:15:07,207] {dagbag.py:500} INFO - Filling up the DagBag from /home/data-eginner/Documents/Soccer_Data/env/lib/python3.8/site-packages/airflow/example_dags/example_short_circuit_operator.py
[2022-01-28 22:15:07,234] {processor.py:654} INFO - DAG(s) dict_keys(['example_short_circuit_operator']) retrieved from /home/data-eginner/Documents/Soccer_Data/env/lib/python3.8/site-packages/airflow/example_dags/example_short_circuit_operator.py
[2022-01-28 22:15:07,250] {logging_mixin.py:109} INFO - [2022-01-28 22:15:07,249] {dag.py:2396} INFO - Sync 1 DAGs
[2022-01-28 22:15:07,264] {logging_mixin.py:109} INFO - [2022-01-28 22:15:07,264] {dag.py:2935} INFO - Setting next_dagrun for example_short_circuit_operator to 2022-01-28T01:15:07.264091+00:00
[2022-01-28 22:15:07,285] {processor.py:171} INFO - Processing /home/data-eginner/Documents/Soccer_Data/env/lib/python3.8/site-packages/airflow/example_dags/example_short_circuit_operator.py took 0.084 seconds
[2022-01-28 22:16:11,950] {processor.py:163} INFO - Started process (PID=29400) to work on /home/data-eginner/Documents/Soccer_Data/env/lib/python3.8/site-packages/airflow/example_dags/example_short_circuit_operator.py
[2022-01-28 22:16:11,952] {processor.py:642} INFO - Processing file /home/data-eginner/Documents/Soccer_Data/env/lib/python3.8/site-packages/airflow/example_dags/example_short_circuit_operator.py for tasks to queue
[2022-01-28 22:16:11,953] {logging_mixin.py:109} INFO - [2022-01-28 22:16:11,953] {dagbag.py:500} INFO - Filling up the DagBag from /home/data-eginner/Documents/Soccer_Data/env/lib/python3.8/site-packages/airflow/example_dags/example_short_circuit_operator.py
[2022-01-28 22:16:11,993] {processor.py:654} INFO - DAG(s) dict_keys(['example_short_circuit_operator']) retrieved from /home/data-eginner/Documents/Soccer_Data/env/lib/python3.8/site-packages/airflow/example_dags/example_short_circuit_operator.py
[2022-01-28 22:16:12,013] {logging_mixin.py:109} INFO - [2022-01-28 22:16:12,013] {dag.py:2396} INFO - Sync 1 DAGs
[2022-01-28 22:16:12,046] {logging_mixin.py:109} INFO - [2022-01-28 22:16:12,046] {dag.py:2935} INFO - Setting next_dagrun for example_short_circuit_operator to 2022-01-28T01:16:12.046558+00:00
[2022-01-28 22:16:12,069] {processor.py:171} INFO - Processing /home/data-eginner/Documents/Soccer_Data/env/lib/python3.8/site-packages/airflow/example_dags/example_short_circuit_operator.py took 0.134 seconds
[2022-01-28 22:17:27,881] {processor.py:163} INFO - Started process (PID=29695) to work on /home/data-eginner/Documents/Soccer_Data/env/lib/python3.8/site-packages/airflow/example_dags/example_short_circuit_operator.py
[2022-01-28 22:17:27,883] {processor.py:642} INFO - Processing file /home/data-eginner/Documents/Soccer_Data/env/lib/python3.8/site-packages/airflow/example_dags/example_short_circuit_operator.py for tasks to queue
[2022-01-28 22:17:27,884] {logging_mixin.py:109} INFO - [2022-01-28 22:17:27,884] {dagbag.py:500} INFO - Filling up the DagBag from /home/data-eginner/Documents/Soccer_Data/env/lib/python3.8/site-packages/airflow/example_dags/example_short_circuit_operator.py
[2022-01-28 22:17:27,911] {processor.py:654} INFO - DAG(s) dict_keys(['example_short_circuit_operator']) retrieved from /home/data-eginner/Documents/Soccer_Data/env/lib/python3.8/site-packages/airflow/example_dags/example_short_circuit_operator.py
[2022-01-28 22:17:27,931] {logging_mixin.py:109} INFO - [2022-01-28 22:17:27,931] {dag.py:2396} INFO - Sync 1 DAGs
[2022-01-28 22:17:27,952] {logging_mixin.py:109} INFO - [2022-01-28 22:17:27,952] {dag.py:2935} INFO - Setting next_dagrun for example_short_circuit_operator to 2022-01-28T01:17:27.952167+00:00
[2022-01-28 22:17:27,979] {processor.py:171} INFO - Processing /home/data-eginner/Documents/Soccer_Data/env/lib/python3.8/site-packages/airflow/example_dags/example_short_circuit_operator.py took 0.101 seconds
[2022-01-28 22:18:08,788] {processor.py:163} INFO - Started process (PID=29858) to work on /home/data-eginner/Documents/Soccer_Data/env/lib/python3.8/site-packages/airflow/example_dags/example_short_circuit_operator.py
[2022-01-28 22:18:08,792] {processor.py:642} INFO - Processing file /home/data-eginner/Documents/Soccer_Data/env/lib/python3.8/site-packages/airflow/example_dags/example_short_circuit_operator.py for tasks to queue
[2022-01-28 22:18:08,792] {logging_mixin.py:109} INFO - [2022-01-28 22:18:08,792] {dagbag.py:500} INFO - Filling up the DagBag from /home/data-eginner/Documents/Soccer_Data/env/lib/python3.8/site-packages/airflow/example_dags/example_short_circuit_operator.py
[2022-01-28 22:18:08,813] {processor.py:654} INFO - DAG(s) dict_keys(['example_short_circuit_operator']) retrieved from /home/data-eginner/Documents/Soccer_Data/env/lib/python3.8/site-packages/airflow/example_dags/example_short_circuit_operator.py
[2022-01-28 22:18:08,823] {logging_mixin.py:109} INFO - [2022-01-28 22:18:08,823] {dag.py:2396} INFO - Sync 1 DAGs
[2022-01-28 22:18:08,834] {logging_mixin.py:109} INFO - [2022-01-28 22:18:08,834] {dag.py:2935} INFO - Setting next_dagrun for example_short_circuit_operator to 2022-01-28T01:18:08.834086+00:00
[2022-01-28 22:18:08,851] {processor.py:171} INFO - Processing /home/data-eginner/Documents/Soccer_Data/env/lib/python3.8/site-packages/airflow/example_dags/example_short_circuit_operator.py took 0.066 seconds
[2022-01-28 22:18:48,853] {processor.py:163} INFO - Started process (PID=30017) to work on /home/data-eginner/Documents/Soccer_Data/env/lib/python3.8/site-packages/airflow/example_dags/example_short_circuit_operator.py
[2022-01-28 22:18:48,864] {processor.py:642} INFO - Processing file /home/data-eginner/Documents/Soccer_Data/env/lib/python3.8/site-packages/airflow/example_dags/example_short_circuit_operator.py for tasks to queue
[2022-01-28 22:18:48,865] {logging_mixin.py:109} INFO - [2022-01-28 22:18:48,865] {dagbag.py:500} INFO - Filling up the DagBag from /home/data-eginner/Documents/Soccer_Data/env/lib/python3.8/site-packages/airflow/example_dags/example_short_circuit_operator.py
[2022-01-28 22:18:48,934] {processor.py:654} INFO - DAG(s) dict_keys(['example_short_circuit_operator']) retrieved from /home/data-eginner/Documents/Soccer_Data/env/lib/python3.8/site-packages/airflow/example_dags/example_short_circuit_operator.py
[2022-01-28 22:18:48,961] {logging_mixin.py:109} INFO - [2022-01-28 22:18:48,961] {dag.py:2396} INFO - Sync 1 DAGs
[2022-01-28 22:18:49,015] {logging_mixin.py:109} INFO - [2022-01-28 22:18:49,014] {dag.py:2935} INFO - Setting next_dagrun for example_short_circuit_operator to 2022-01-28T01:18:49.014627+00:00
[2022-01-28 22:18:49,069] {processor.py:171} INFO - Processing /home/data-eginner/Documents/Soccer_Data/env/lib/python3.8/site-packages/airflow/example_dags/example_short_circuit_operator.py took 0.223 seconds
[2022-01-28 22:19:38,627] {processor.py:163} INFO - Started process (PID=30219) to work on /home/data-eginner/Documents/Soccer_Data/env/lib/python3.8/site-packages/airflow/example_dags/example_short_circuit_operator.py
[2022-01-28 22:19:38,635] {processor.py:642} INFO - Processing file /home/data-eginner/Documents/Soccer_Data/env/lib/python3.8/site-packages/airflow/example_dags/example_short_circuit_operator.py for tasks to queue
[2022-01-28 22:19:38,639] {logging_mixin.py:109} INFO - [2022-01-28 22:19:38,639] {dagbag.py:500} INFO - Filling up the DagBag from /home/data-eginner/Documents/Soccer_Data/env/lib/python3.8/site-packages/airflow/example_dags/example_short_circuit_operator.py
[2022-01-28 22:19:38,691] {processor.py:654} INFO - DAG(s) dict_keys(['example_short_circuit_operator']) retrieved from /home/data-eginner/Documents/Soccer_Data/env/lib/python3.8/site-packages/airflow/example_dags/example_short_circuit_operator.py
[2022-01-28 22:19:38,706] {logging_mixin.py:109} INFO - [2022-01-28 22:19:38,706] {dag.py:2396} INFO - Sync 1 DAGs
[2022-01-28 22:19:38,738] {logging_mixin.py:109} INFO - [2022-01-28 22:19:38,738] {dag.py:2935} INFO - Setting next_dagrun for example_short_circuit_operator to 2022-01-28T01:19:38.737901+00:00
[2022-01-28 22:19:38,840] {processor.py:171} INFO - Processing /home/data-eginner/Documents/Soccer_Data/env/lib/python3.8/site-packages/airflow/example_dags/example_short_circuit_operator.py took 0.217 seconds
[2022-01-28 22:20:40,431] {processor.py:163} INFO - Started process (PID=30467) to work on /home/data-eginner/Documents/Soccer_Data/env/lib/python3.8/site-packages/airflow/example_dags/example_short_circuit_operator.py
[2022-01-28 22:20:40,435] {processor.py:642} INFO - Processing file /home/data-eginner/Documents/Soccer_Data/env/lib/python3.8/site-packages/airflow/example_dags/example_short_circuit_operator.py for tasks to queue
[2022-01-28 22:20:40,436] {logging_mixin.py:109} INFO - [2022-01-28 22:20:40,436] {dagbag.py:500} INFO - Filling up the DagBag from /home/data-eginner/Documents/Soccer_Data/env/lib/python3.8/site-packages/airflow/example_dags/example_short_circuit_operator.py
[2022-01-28 22:20:40,459] {processor.py:654} INFO - DAG(s) dict_keys(['example_short_circuit_operator']) retrieved from /home/data-eginner/Documents/Soccer_Data/env/lib/python3.8/site-packages/airflow/example_dags/example_short_circuit_operator.py
[2022-01-28 22:20:40,480] {logging_mixin.py:109} INFO - [2022-01-28 22:20:40,480] {dag.py:2396} INFO - Sync 1 DAGs
[2022-01-28 22:20:40,493] {logging_mixin.py:109} INFO - [2022-01-28 22:20:40,492] {dag.py:2935} INFO - Setting next_dagrun for example_short_circuit_operator to 2022-01-28T01:20:40.492720+00:00
[2022-01-28 22:20:40,535] {processor.py:171} INFO - Processing /home/data-eginner/Documents/Soccer_Data/env/lib/python3.8/site-packages/airflow/example_dags/example_short_circuit_operator.py took 0.110 seconds
[2022-01-28 22:21:17,741] {processor.py:163} INFO - Started process (PID=30627) to work on /home/data-eginner/Documents/Soccer_Data/env/lib/python3.8/site-packages/airflow/example_dags/example_short_circuit_operator.py
[2022-01-28 22:21:17,743] {processor.py:642} INFO - Processing file /home/data-eginner/Documents/Soccer_Data/env/lib/python3.8/site-packages/airflow/example_dags/example_short_circuit_operator.py for tasks to queue
[2022-01-28 22:21:17,743] {logging_mixin.py:109} INFO - [2022-01-28 22:21:17,743] {dagbag.py:500} INFO - Filling up the DagBag from /home/data-eginner/Documents/Soccer_Data/env/lib/python3.8/site-packages/airflow/example_dags/example_short_circuit_operator.py
[2022-01-28 22:21:17,764] {processor.py:654} INFO - DAG(s) dict_keys(['example_short_circuit_operator']) retrieved from /home/data-eginner/Documents/Soccer_Data/env/lib/python3.8/site-packages/airflow/example_dags/example_short_circuit_operator.py
[2022-01-28 22:21:17,776] {logging_mixin.py:109} INFO - [2022-01-28 22:21:17,776] {dag.py:2396} INFO - Sync 1 DAGs
[2022-01-28 22:21:17,787] {logging_mixin.py:109} INFO - [2022-01-28 22:21:17,787] {dag.py:2935} INFO - Setting next_dagrun for example_short_circuit_operator to 2022-01-28T01:21:17.787527+00:00
[2022-01-28 22:21:17,804] {processor.py:171} INFO - Processing /home/data-eginner/Documents/Soccer_Data/env/lib/python3.8/site-packages/airflow/example_dags/example_short_circuit_operator.py took 0.067 seconds
[2022-01-28 22:21:53,790] {processor.py:163} INFO - Started process (PID=30782) to work on /home/data-eginner/Documents/Soccer_Data/env/lib/python3.8/site-packages/airflow/example_dags/example_short_circuit_operator.py
[2022-01-28 22:21:53,802] {processor.py:642} INFO - Processing file /home/data-eginner/Documents/Soccer_Data/env/lib/python3.8/site-packages/airflow/example_dags/example_short_circuit_operator.py for tasks to queue
[2022-01-28 22:21:53,803] {logging_mixin.py:109} INFO - [2022-01-28 22:21:53,803] {dagbag.py:500} INFO - Filling up the DagBag from /home/data-eginner/Documents/Soccer_Data/env/lib/python3.8/site-packages/airflow/example_dags/example_short_circuit_operator.py
[2022-01-28 22:21:53,823] {processor.py:654} INFO - DAG(s) dict_keys(['example_short_circuit_operator']) retrieved from /home/data-eginner/Documents/Soccer_Data/env/lib/python3.8/site-packages/airflow/example_dags/example_short_circuit_operator.py
[2022-01-28 22:21:53,832] {logging_mixin.py:109} INFO - [2022-01-28 22:21:53,832] {dag.py:2396} INFO - Sync 1 DAGs
[2022-01-28 22:21:53,844] {logging_mixin.py:109} INFO - [2022-01-28 22:21:53,844] {dag.py:2935} INFO - Setting next_dagrun for example_short_circuit_operator to 2022-01-28T01:21:53.844579+00:00
[2022-01-28 22:21:53,896] {processor.py:171} INFO - Processing /home/data-eginner/Documents/Soccer_Data/env/lib/python3.8/site-packages/airflow/example_dags/example_short_circuit_operator.py took 0.110 seconds
                                                                                                                                                                                                                                                                                                                                                                                                                                                                                                                                                                                                                                                                                                                                                                                                                                                                                                                                                                                                                                                                                                                                                                                                                                                                                                   