[2022-01-28 21:00:31,318] {processor.py:163} INFO - Started process (PID=19077) to work on /home/data-eginner/Documents/Soccer_Data/env/lib/python3.8/site-packages/airflow/example_dags/example_branch_labels.py
[2022-01-28 21:00:31,319] {processor.py:642} INFO - Processing file /home/data-eginner/Documents/Soccer_Data/env/lib/python3.8/site-packages/airflow/example_dags/example_branch_labels.py for tasks to queue
[2022-01-28 21:00:31,320] {logging_mixin.py:109} INFO - [2022-01-28 21:00:31,320] {dagbag.py:500} INFO - Filling up the DagBag from /home/data-eginner/Documents/Soccer_Data/env/lib/python3.8/site-packages/airflow/example_dags/example_branch_labels.py
[2022-01-28 21:00:31,403] {processor.py:654} INFO - DAG(s) dict_keys(['example_branch_labels']) retrieved from /home/data-eginner/Documents/Soccer_Data/env/lib/python3.8/site-packages/airflow/example_dags/example_branch_labels.py
[2022-01-28 21:00:31,441] {logging_mixin.py:109} INFO - [2022-01-28 21:00:31,441] {dag.py:2396} INFO - Sync 1 DAGs
[2022-01-28 21:00:31,469] {logging_mixin.py:109} INFO - [2022-01-28 21:00:31,469] {dag.py:2935} INFO - Setting next_dagrun for example_branch_labels to 2022-01-28 00:00:00+00:00
[2022-01-28 21:00:31,570] {processor.py:171} INFO - Processing /home/data-eginner/Documents/Soccer_Data/env/lib/python3.8/site-packages/airflow/example_dags/example_branch_labels.py took 0.281 seconds
[2022-01-28 21:08:32,469] {processor.py:163} INFO - Started process (PID=19823) to work on /home/data-eginner/Documents/Soccer_Data/env/lib/python3.8/site-packages/airflow/example_dags/example_branch_labels.py
[2022-01-28 21:08:32,475] {processor.py:642} INFO - Processing file /home/data-eginner/Documents/Soccer_Data/env/lib/python3.8/site-packages/airflow/example_dags/example_branch_labels.py for tasks to queue
[2022-01-28 21:08:32,476] {logging_mixin.py:109} INFO - [2022-01-28 21:08:32,476] {dagbag.py:500} INFO - Filling up the DagBag from /home/data-eginner/Documents/Soccer_Data/env/lib/python3.8/site-packages/airflow/example_dags/example_branch_labels.py
[2022-01-28 21:08:32,521] {processor.py:654} INFO - DAG(s) dict_keys(['example_branch_labels']) retrieved from /home/data-eginner/Documents/Soccer_Data/env/lib/python3.8/site-packages/airflow/example_dags/example_branch_labels.py
[2022-01-28 21:08:32,551] {logging_mixin.py:109} INFO - [2022-01-28 21:08:32,550] {dag.py:2396} INFO - Sync 1 DAGs
[2022-01-28 21:08:32,599] {logging_mixin.py:109} INFO - [2022-01-28 21:08:32,599] {dag.py:2935} INFO - Setting next_dagrun for example_branch_labels to 2022-01-28 00:00:00+00:00
[2022-01-28 21:08:32,640] {processor.py:171} INFO - Processing /home/data-eginner/Documents/Soccer_Data/env/lib/python3.8/site-packages/airflow/example_dags/example_branch_labels.py took 0.174 seconds
[2022-01-28 21:09:24,971] {processor.py:163} INFO - Started process (PID=20003) to work on /home/data-eginner/Documents/Soccer_Data/env/lib/python3.8/site-packages/airflow/example_dags/example_branch_labels.py
[2022-01-28 21:09:24,986] {processor.py:642} INFO - Processing file /home/data-eginner/Documents/Soccer_Data/env/lib/python3.8/site-packages/airflow/example_dags/example_branch_labels.py for tasks to queue
[2022-01-28 21:09:24,987] {logging_mixin.py:109} INFO - [2022-01-28 21:09:24,987] {dagbag.py:500} INFO - Filling up the DagBag from /home/data-eginner/Documents/Soccer_Data/env/lib/python3.8/site-packages/airflow/example_dags/example_branch_labels.py
[2022-01-28 21:09:25,042] {processor.py:654} INFO - DAG(s) dict_keys(['example_branch_labels']) retrieved from /home/data-eginner/Documents/Soccer_Data/env/lib/python3.8/site-packages/airflow/example_dags/example_branch_labels.py
[2022-01-28 21:09:25,060] {logging_mixin.py:109} INFO - [2022-01-28 21:09:25,060] {dag.py:2396} INFO - Sync 1 DAGs
[2022-01-28 21:09:25,080] {logging_mixin.py:109} INFO - [2022-01-28 21:09:25,080] {dag.py:2935} INFO - Setting next_dagrun for example_branch_labels to 2022-01-28 00:00:00+00:00
[2022-01-28 21:09:25,102] {processor.py:171} INFO - Processing /home/data-eginner/Documents/Soccer_Data/env/lib/python3.8/site-packages/airflow/example_dags/example_branch_labels.py took 0.140 seconds
[2022-01-28 21:10:23,553] {processor.py:163} INFO - Started process (PID=20220) to work on /home/data-eginner/Documents/Soccer_Data/env/lib/python3.8/site-packages/airflow/example_dags/example_branch_labels.py
[2022-01-28 21:10:23,563] {processor.py:642} INFO - Processing file /home/data-eginner/Documents/Soccer_Data/env/lib/python3.8/site-packages/airflow/example_dags/example_branch_labels.py for tasks to queue
[2022-01-28 21:10:23,564] {logging_mixin.py:109} INFO - [2022-01-28 21:10:23,564] {dagbag.py:500} INFO - Filling up the DagBag from /home/data-eginner/Documents/Soccer_Data/env/lib/python3.8/site-packages/airflow/example_dags/example_branch_labels.py
[2022-01-28 21:10:23,588] {processor.py:654} INFO - DAG(s) dict_keys(['example_branch_labels']) retrieved from /home/data-eginner/Documents/Soccer_Data/env/lib/python3.8/site-packages/airflow/example_dags/example_branch_labels.py
[2022-01-28 21:10:23,600] {logging_mixin.py:109} INFO - [2022-01-28 21:10:23,600] {dag.py:2396} INFO - Sync 1 DAGs
[2022-01-28 21:10:23,622] {logging_mixin.py:109} INFO - [2022-01-28 21:10:23,621] {dag.py:2935} INFO - Setting next_dagrun for example_branch_labels to 2022-01-28 00:00:00+00:00
[2022-01-28 21:10:23,639] {processor.py:171} INFO - Processing /home/data-eginner/Documents/Soccer_Data/env/lib/python3.8/site-packages/airflow/example_dags/example_branch_labels.py took 0.092 seconds
[2022-01-28 21:11:07,685] {processor.py:163} INFO - Started process (PID=20398) to work on /home/data-eginner/Documents/Soccer_Data/env/lib/python3.8/site-packages/airflow/example_dags/example_branch_labels.py
[2022-01-28 21:11:07,690] {processor.py:642} INFO - Processing file /home/data-eginner/Documents/Soccer_Data/env/lib/python3.8/site-packages/airflow/example_dags/example_branch_labels.py for tasks to queue
[2022-01-28 21:11:07,691] {logging_mixin.py:109} INFO - [2022-01-28 21:11:07,691] {dagbag.py:500} INFO - Filling up the DagBag from /home/data-eginner/Documents/Soccer_Data/env/lib/python3.8/site-packages/airflow/example_dags/example_branch_labels.py
[2022-01-28 21:11:07,715] {processor.py:654} INFO - DAG(s) dict_keys(['example_branch_labels']) retrieved from /home/data-eginner/Documents/Soccer_Data/env/lib/python3.8/site-packages/airflow/example_dags/example_branch_labels.py
[2022-01-28 21:11:07,733] {logging_mixin.py:109} INFO - [2022-01-28 21:11:07,730] {dag.py:2396} INFO - Sync 1 DAGs
[2022-01-28 21:11:07,746] {logging_mixin.py:109} INFO - [2022-01-28 21:11:07,746] {dag.py:2935} INFO - Setting next_dagrun for example_branch_labels to 2022-01-28 00:00:00+00:00
[2022-01-28 21:11:07,767] {processor.py:171} INFO - Processing /home/data-eginner/Documents/Soccer_Data/env/lib/python3.8/site-packages/airflow/example_dags/example_branch_labels.py took 0.085 seconds
[2022-01-28 21:11:49,760] {processor.py:163} INFO - Started process (PID=20562) to work on /home/data-eginner/Documents/Soccer_Data/env/lib/python3.8/site-packages/airflow/example_dags/example_branch_labels.py
[2022-01-28 21:11:49,762] {processor.py:642} INFO - Processing file /home/data-eginner/Documents/Soccer_Data/env/lib/python3.8/site-packages/airflow/example_dags/example_branch_labels.py for tasks to queue
[2022-01-28 21:11:49,763] {logging_mixin.py:109} INFO - [2022-01-28 21:11:49,763] {dagbag.py:500} INFO - Filling up the DagBag from /home/data-eginner/Documents/Soccer_Data/env/lib/python3.8/site-packages/airflow/example_dags/example_branch_labels.py
[2022-01-28 21:11:49,796] {processor.py:654} INFO - DAG(s) dict_keys(['example_branch_labels']) retrieved from /home/data-eginner/Documents/Soccer_Data/env/lib/python3.8/site-packages/airflow/example_dags/example_branch_labels.py
[2022-01-28 21:11:49,809] {logging_mixin.py:109} INFO - [2022-01-28 21:11:49,809] {dag.py:2396} INFO - Sync 1 DAGs
[2022-01-28 21:11:49,826] {logging_mixin.py:109} INFO - [2022-01-28 21:11:49,826] {dag.py:2935} INFO - Setting next_dagrun for example_branch_labels to 2022-01-28 00:00:00+00:00
[2022-01-28 21:11:49,844] {processor.py:171} INFO - Processing /home/data-eginner/Documents/Soccer_Data/env/lib/python3.8/site-packages/airflow/example_dags/example_branch_labels.py took 0.088 seconds
[2022-01-28 21:12:38,359] {processor.py:163} INFO - Started process (PID=20757) to work on /home/data-eginner/Documents/Soccer_Data/env/lib/python3.8/site-packages/airflow/example_dags/example_branch_labels.py
[2022-01-28 21:12:38,368] {processor.py:642} INFO - Processing file /home/data-eginner/Documents/Soccer_Data/env/lib/python3.8/site-packages/airflow/example_dags/example_branch_labels.py for tasks to queue
[2022-01-28 21:12:38,369] {logging_mixin.py:109} INFO - [2022-01-28 21:12:38,369] {dagbag.py:500} INFO - Filling up the DagBag from /home/data-eginner/Documents/Soccer_Data/env/lib/python3.8/site-packages/airflow/example_dags/example_branch_labels.py
[2022-01-28 21:12:38,396] {processor.py:654} INFO - DAG(s) dict_keys(['example_branch_labels']) retrieved from /home/data-eginner/Documents/Soccer_Data/env/lib/python3.8/site-packages/airflow/example_dags/example_branch_labels.py
[2022-01-28 21:12:38,411] {logging_mixin.py:109} INFO - [2022-01-28 21:12:38,410] {dag.py:2396} INFO - Sync 1 DAGs
[2022-01-28 21:12:38,426] {logging_mixin.py:109} INFO - [2022-01-28 21:12:38,425] {dag.py:2935} INFO - Setting next_dagrun for example_branch_labels to 2022-01-28 00:00:00+00:00
[2022-01-28 21:12:38,447] {processor.py:171} INFO - Processing /home/data-eginner/Documents/Soccer_Data/env/lib/python3.8/site-packages/airflow/example_dags/example_branch_labels.py took 0.092 seconds
[2022-01-28 21:13:28,277] {processor.py:163} INFO - Started process (PID=20947) to work on /home/data-eginner/Documents/Soccer_Data/env/lib/python3.8/site-packages/airflow/example_dags/example_branch_labels.py
[2022-01-28 21:13:28,282] {processor.py:642} INFO - Processing file /home/data-eginner/Documents/Soccer_Data/env/lib/python3.8/site-packages/airflow/example_dags/example_branch_labels.py for tasks to queue
[2022-01-28 21:13:28,283] {logging_mixin.py:109} INFO - [2022-01-28 21:13:28,283] {dagbag.py:500} INFO - Filling up the DagBag from /home/data-eginner/Documents/Soccer_Data/env/lib/python3.8/site-packages/airflow/example_dags/example_branch_labels.py
[2022-01-28 21:13:28,305] {processor.py:654} INFO - DAG(s) dict_keys(['example_branch_labels']) retrieved from /home/data-eginner/Documents/Soccer_Data/env/lib/python3.8/site-packages/airflow/example_dags/example_branch_labels.py
[2022-01-28 21:13:28,317] {logging_mixin.py:109} INFO - [2022-01-28 21:13:28,317] {dag.py:2396} INFO - Sync 1 DAGs
[2022-01-28 21:13:28,345] {logging_mixin.py:109} INFO - [2022-01-28 21:13:28,345] {dag.py:2935} INFO - Setting next_dagrun for example_branch_labels to 2022-01-28 00:00:00+00:00
[2022-01-28 21:13:28,375] {processor.py:171} INFO - Processing /home/data-eginner/Documents/Soccer_Data/env/lib/python3.8/site-packages/airflow/example_dags/example_branch_labels.py took 0.102 seconds
[2022-01-28 21:14:14,319] {processor.py:163} INFO - Started process (PID=21111) to work on /home/data-eginner/Documents/Soccer_Data/env/lib/python3.8/site-packages/airflow/example_dags/example_branch_labels.py
[2022-01-28 21:14:14,345] {processor.py:642} INFO - Processing file /home/data-eginner/Documents/Soccer_Data/env/lib/python3.8/site-packages/airflow/example_dags/example_branch_labels.py for tasks to queue
[2022-01-28 21:14:14,345] {logging_mixin.py:109} INFO - [2022-01-28 21:14:14,345] {dagbag.py:500} INFO - Filling up the DagBag from /home/data-eginner/Documents/Soccer_Data/env/lib/python3.8/site-packages/airflow/example_dags/example_branch_labels.py
[2022-01-28 21:14:14,368] {processor.py:654} INFO - DAG(s) dict_keys(['example_branch_labels']) retrieved from /home/data-eginner/Documents/Soccer_Data/env/lib/python3.8/site-packages/airflow/example_dags/example_branch_labels.py
[2022-01-28 21:14:14,385] {logging_mixin.py:109} INFO - [2022-01-28 21:14:14,385] {dag.py:2396} INFO - Sync 1 DAGs
[2022-01-28 21:14:14,401] {logging_mixin.py:109} INFO - [2022-01-28 21:14:14,401] {dag.py:2935} INFO - Setting next_dagrun for example_branch_labels to 2022-01-28 00:00:00+00:00
[2022-01-28 21:14:14,465] {processor.py:171} INFO - Processing /home/data-eginner/Documents/Soccer_Data/env/lib/python3.8/site-packages/airflow/example_dags/example_branch_labels.py took 0.148 seconds
[2022-01-28 21:15:23,444] {processor.py:163} INFO - Started process (PID=21336) to work on /home/data-eginner/Documents/Soccer_Data/env/lib/python3.8/site-packages/airflow/example_dags/example_branch_labels.py
[2022-01-28 21:15:23,466] {processor.py:642} INFO - Processing file /home/data-eginner/Documents/Soccer_Data/env/lib/python3.8/site-packages/airflow/example_dags/example_branch_labels.py for tasks to queue
[2022-01-28 21:15:23,467] {logging_mixin.py:109} INFO - [2022-01-28 21:15:23,467] {dagbag.py:500} INFO - Filling up the DagBag from /home/data-eginner/Documents/Soccer_Data/env/lib/python3.8/site-packages/airflow/example_dags/example_branch_labels.py
[2022-01-28 21:15:23,559] {processor.py:654} INFO - DAG(s) dict_keys(['example_branch_labels']) retrieved from /home/data-eginner/Documents/Soccer_Data/env/lib/python3.8/site-packages/airflow/example_dags/example_branch_labels.py
[2022-01-28 21:15:23,606] {logging_mixin.py:109} INFO - [2022-01-28 21:15:23,606] {dag.py:2396} INFO - Sync 1 DAGs
[2022-01-28 21:15:23,647] {logging_mixin.py:109} INFO - [2022-01-28 21:15:23,647] {dag.py:2935} INFO - Setting next_dagrun for example_branch_labels to 2022-01-28 00:00:00+00:00
[2022-01-28 21:15:23,719] {processor.py:171} INFO - Processing /home/data-eginner/Documents/Soccer_Data/env/lib/python3.8/site-packages/airflow/example_dags/example_branch_labels.py took 0.278 seconds
[2022-01-28 21:16:18,363] {processor.py:163} INFO - Started process (PID=21515) to work on /home/data-eginner/Documents/Soccer_Data/env/lib/python3.8/site-packages/airflow/example_dags/example_branch_labels.py
[2022-01-28 21:16:18,366] {processor.py:642} INFO - Processing file /home/data-eginner/Documents/Soccer_Data/env/lib/python3.8/site-packages/airflow/example_dags/example_branch_labels.py for tasks to queue
[2022-01-28 21:16:18,367] {logging_mixin.py:109} INFO - [2022-01-28 21:16:18,367] {dagbag.py:500} INFO - Filling up the DagBag from /home/data-eginner/Documents/Soccer_Data/env/lib/python3.8/site-packages/airflow/example_dags/example_branch_labels.py
[2022-01-28 21:16:18,424] {processor.py:654} INFO - DAG(s) dict_keys(['example_branch_labels']) retrieved from /home/data-eginner/Documents/Soccer_Data/env/lib/python3.8/site-packages/airflow/example_dags/example_branch_labels.py
[2022-01-28 21:16:18,484] {logging_mixin.py:109} INFO - [2022-01-28 21:16:18,484] {dag.py:2396} INFO - Sync 1 DAGs
[2022-01-28 21:16:18,518] {logging_mixin.py:109} INFO - [2022-01-28 21:16:18,518] {dag.py:2935} INFO - Setting next_dagrun for example_branch_labels to 2022-01-28 00:00:00+00:00
[2022-01-28 21:16:18,591] {processor.py:171} INFO - Processing /home/data-eginner/Documents/Soccer_Data/env/lib/python3.8/site-packages/airflow/example_dags/example_branch_labels.py took 0.241 seconds
[2022-01-28 21:17:32,082] {processor.py:163} INFO - Started process (PID=21748) to work on /home/data-eginner/Documents/Soccer_Data/env/lib/python3.8/site-packages/airflow/example_dags/example_branch_labels.py
[2022-01-28 21:17:32,084] {processor.py:642} INFO - Processing file /home/data-eginner/Documents/Soccer_Data/env/lib/python3.8/site-packages/airflow/example_dags/example_branch_labels.py for tasks to queue
[2022-01-28 21:17:32,085] {logging_mixin.py:109} INFO - [2022-01-28 21:17:32,085] {dagbag.py:500} INFO - Filling up the DagBag from /home/data-eginner/Documents/Soccer_Data/env/lib/python3.8/site-packages/airflow/example_dags/example_branch_labels.py
[2022-01-28 21:17:32,153] {processor.py:654} INFO - DAG(s) dict_keys(['example_branch_labels']) retrieved from /home/data-eginner/Documents/Soccer_Data/env/lib/python3.8/site-packages/airflow/example_dags/example_branch_labels.py
[2022-01-28 21:17:32,200] {logging_mixin.py:109} INFO - [2022-01-28 21:17:32,200] {dag.py:2396} INFO - Sync 1 DAGs
[2022-01-28 21:17:32,272] {logging_mixin.py:109} INFO - [2022-01-28 21:17:32,272] {dag.py:2935} INFO - Setting next_dagrun for example_branch_labels to 2022-01-28 00:00:00+00:00
[2022-01-28 21:17:32,348] {processor.py:171} INFO - Processing /home/data-eginner/Documents/Soccer_Data/env/lib/python3.8/site-packages/airflow/example_dags/example_branch_labels.py took 0.306 seconds
[2022-01-28 21:18:49,350] {processor.py:163} INFO - Started process (PID=21976) to work on /home/data-eginner/Documents/Soccer_Data/env/lib/python3.8/site-packages/airflow/example_dags/example_branch_labels.py
[2022-01-28 21:18:49,363] {processor.py:642} INFO - Processing file /home/data-eginner/Documents/Soccer_Data/env/lib/python3.8/site-packages/airflow/example_dags/example_branch_labels.py for tasks to queue
[2022-01-28 21:18:49,364] {logging_mixin.py:109} INFO - [2022-01-28 21:18:49,364] {dagbag.py:500} INFO - Filling up the DagBag from /home/data-eginner/Documents/Soccer_Data/env/lib/python3.8/site-packages/airflow/example_dags/example_branch_labels.py
[2022-01-28 21:18:49,409] {processor.py:654} INFO - DAG(s) dict_keys(['example_branch_labels']) retrieved from /home/data-eginner/Documents/Soccer_Data/env/lib/python3.8/site-packages/airflow/example_dags/example_branch_labels.py
[2022-01-28 21:18:49,443] {logging_mixin.py:109} INFO - [2022-01-28 21:18:49,443] {dag.py:2396} INFO - Sync 1 DAGs
[2022-01-28 21:18:49,488] {logging_mixin.py:109} INFO - [2022-01-28 21:18:49,488] {dag.py:2935} INFO - Setting next_dagrun for example_branch_labels to 2022-01-28 00:00:00+00:00
[2022-01-28 21:18:49,538] {processor.py:171} INFO - Processing /home/data-eginner/Documents/Soccer_Data/env/lib/python3.8/site-packages/airflow/example_dags/example_branch_labels.py took 0.191 seconds
[2022-01-28 21:19:42,361] {processor.py:163} INFO - Started process (PID=22133) to work on /home/data-eginner/Documents/Soccer_Data/env/lib/python3.8/site-packages/airflow/example_dags/example_branch_labels.py
[2022-01-28 21:19:42,363] {processor.py:642} INFO - Processing file /home/data-eginner/Documents/Soccer_Data/env/lib/python3.8/site-packages/airflow/example_dags/example_branch_labels.py for tasks to queue
[2022-01-28 21:19:42,363] {logging_mixin.py:109} INFO - [2022-01-28 21:19:42,363] {dagbag.py:500} INFO - Filling up the DagBag from /home/data-eginner/Documents/Soccer_Data/env/lib/python3.8/site-packages/airflow/example_dags/example_branch_labels.py
[2022-01-28 21:19:42,467] {processor.py:654} INFO - DAG(s) dict_keys(['example_branch_labels']) retrieved from /home/data-eginner/Documents/Soccer_Data/env/lib/python3.8/site-packages/airflow/example_dags/example_branch_labels.py
[2022-01-28 21:19:42,552] {logging_mixin.py:109} INFO - [2022-01-28 21:19:42,552] {dag.py:2396} INFO - Sync 1 DAGs
[2022-01-28 21:19:42,586] {logging_mixin.py:109} INFO - [2022-01-28 21:19:42,586] {dag.py:2935} INFO - Setting next_dagrun for example_branch_labels to 2022-01-28 00:00:00+00:00
[2022-01-28 21:19:42,636] {processor.py:171} INFO - Processing /home/data-eginner/Documents/Soccer_Data/env/lib/python3.8/site-packages/airflow/example_dags/example_branch_labels.py took 0.339 seconds
[2022-01-28 21:20:48,015] {processor.py:163} INFO - Started process (PID=22377) to work on /home/data-eginner/Documents/Soccer_Data/env/lib/python3.8/site-packages/airflow/example_dags/example_branch_labels.py
[2022-01-28 21:20:48,020] {processor.py:642} INFO - Processing file /home/data-eginner/Documents/Soccer_Data/env/lib/python3.8/site-packages/airflow/example_dags/example_branch_labels.py for tasks to queue
[2022-01-28 21:20:48,021] {logging_mixin.py:109} INFO - [2022-01-28 21:20:48,021] {dagbag.py:500} INFO - Filling up the DagBag from /home/data-eginner/Documents/Soccer_Data/env/lib/python3.8/site-packages/airflow/example_dags/example_branch_labels.py
[2022-01-28 21:20:48,056] {processor.py:654} INFO - DAG(s) dict_keys(['example_branch_labels']) retrieved from /home/data-eginner/Documents/Soccer_Data/env/lib/python3.8/site-packages/airflow/example_dags/example_branch_labels.py
[2022-01-28 21:20:48,075] {logging_mixin.py:109} INFO - [2022-01-28 21:20:48,074] {dag.py:2396} INFO - Sync 1 DAGs
[2022-01-28 21:20:48,090] {logging_mixin.py:109} INFO - [2022-01-28 21:20:48,090] {dag.py:2935} INFO - Setting next_dagrun for example_branch_labels to 2022-01-28 00:00:00+00:00
[2022-01-28 21:20:48,121] {processor.py:171} INFO - Processing /home/data-eginner/Documents/Soccer_Data/env/lib/python3.8/site-packages/airflow/example_dags/example_branch_labels.py took 0.109 seconds
[2022-01-28 21:21:32,045] {processor.py:163} INFO - Started process (PID=22540) to work on /home/data-eginner/Documents/Soccer_Data/env/lib/python3.8/site-packages/airflow/example_dags/example_branch_labels.py
[2022-01-28 21:21:32,046] {processor.py:642} INFO - Processing file /home/data-eginner/Documents/Soccer_Data/env/lib/python3.8/site-packages/airflow/example_dags/example_branch_labels.py for tasks to queue
[2022-01-28 21:21:32,047] {logging_mixin.py:109} INFO - [2022-01-28 21:21:32,047] {dagbag.py:500} INFO - Filling up the DagBag from /home/data-eginner/Documents/Soccer_Data/env/lib/python3.8/site-packages/airflow/example_dags/example_branch_labels.py
[2022-01-28 21:21:32,084] {processor.py:654} INFO - DAG(s) dict_keys(['example_branch_labels']) retrieved from /home/data-eginner/Documents/Soccer_Data/env/lib/python3.8/site-packages/airflow/example_dags/example_branch_labels.py
[2022-01-28 21:21:32,097] {logging_mixin.py:109} INFO - [2022-01-28 21:21:32,097] {dag.py:2396} INFO - Sync 1 DAGs
[2022-01-28 21:21:32,110] {logging_mixin.py:109} INFO - [2022-01-28 21:21:32,110] {dag.py:2935} INFO - Setting next_dagrun for example_branch_labels to 2022-01-28 00:00:00+00:00
[2022-01-28 21:21:32,133] {processor.py:171} INFO - Processing /home/data-eginner/Documents/Soccer_Data/env/lib/python3.8/site-packages/airflow/example_dags/example_branch_labels.py took 0.098 seconds
[2022-01-28 21:22:20,910] {processor.py:163} INFO - Started process (PID=22720) to work on /home/data-eginner/Documents/Soccer_Data/env/lib/python3.8/site-packages/airflow/example_dags/example_branch_labels.py
[2022-01-28 21:22:20,919] {processor.py:642} INFO - Processing file /home/data-eginner/Documents/Soccer_Data/env/lib/python3.8/site-packages/airflow/example_dags/example_branch_labels.py for tasks to queue
[2022-01-28 21:22:20,919] {logging_mixin.py:109} INFO - [2022-01-28 21:22:20,919] {dagbag.py:500} INFO - Filling up the DagBag from /home/data-eginner/Documents/Soccer_Data/env/lib/python3.8/site-packages/airflow/example_dags/example_branch_labels.py
[2022-01-28 21:22:20,963] {processor.py:654} INFO - DAG(s) dict_keys(['example_branch_labels']) retrieved from /home/data-eginner/Documents/Soccer_Data/env/lib/python3.8/site-packages/airflow/example_dags/example_branch_labels.py
[2022-01-28 21:22:20,993] {logging_mixin.py:109} INFO - [2022-01-28 21:22:20,993] {dag.py:2396} INFO - Sync 1 DAGs
[2022-01-28 21:22:21,027] {logging_mixin.py:109} INFO - [2022-01-28 21:22:21,027] {dag.py:2935} INFO - Setting next_dagrun for example_branch_labels to 2022-01-28 00:00:00+00:00
[2022-01-28 21:22:21,069] {processor.py:171} INFO - Processing /home/data-eginner/Documents/Soccer_Data/env/lib/python3.8/site-packages/airflow/example_dags/example_branch_labels.py took 0.162 seconds
[2022-01-28 21:26:40,396] {processor.py:163} INFO - Started process (PID=22969) to work on /home/data-eginner/Documents/Soccer_Data/env/lib/python3.8/site-packages/airflow/example_dags/example_branch_labels.py
[2022-01-28 21:26:40,426] {processor.py:642} INFO - Processing file /home/data-eginner/Documents/Soccer_Data/env/lib/python3.8/site-packages/airflow/example_dags/example_branch_labels.py for tasks to queue
[2022-01-28 21:26:40,427] {logging_mixin.py:109} INFO - [2022-01-28 21:26:40,427] {dagbag.py:500} INFO - Filling up the DagBag from /home/data-eginner/Documents/Soccer_Data/env/lib/python3.8/site-packages/airflow/example_dags/example_branch_labels.py
[2022-01-28 21:26:40,467] {processor.py:654} INFO - DAG(s) dict_keys(['example_branch_labels']) retrieved from /home/data-eginner/Documents/Soccer_Data/env/lib/python3.8/site-packages/airflow/example_dags/example_branch_labels.py
[2022-01-28 21:26:40,509] {logging_mixin.py:109} INFO - [2022-01-28 21:26:40,509] {dag.py:2396} INFO - Sync 1 DAGs
[2022-01-28 21:26:40,560] {logging_mixin.py:109} INFO - [2022-01-28 21:26:40,560] {dag.py:2935} INFO - Setting next_dagrun for example_branch_labels to 2022-01-28 00:00:00+00:00
[2022-01-28 21:26:40,589] {processor.py:171} INFO - Processing /home/data-eginner/Documents/Soccer_Data/env/lib/python3.8/site-packages/airflow/example_dags/example_branch_labels.py took 0.195 seconds
[2022-01-28 21:27:43,182] {processor.py:163} INFO - Started process (PID=23221) to work on /home/data-eginner/Documents/Soccer_Data/env/lib/python3.8/site-packages/airflow/example_dags/example_branch_labels.py
[2022-01-28 21:27:43,184] {processor.py:642} INFO - Processing file /home/data-eginner/Documents/Soccer_Data/env/lib/python3.8/site-packages/airflow/example_dags/example_branch_labels.py for tasks to queue
[2022-01-28 21:27:43,184] {logging_mixin.py:109} INFO - [2022-01-28 21:27:43,184] {dagbag.py:500} INFO - Filling up the DagBag from /home/data-eginner/Documents/Soccer_Data/env/lib/python3.8/site-packages/airflow/example_dags/example_branch_labels.py
[2022-01-28 21:27:43,211] {processor.py:654} INFO - DAG(s) dict_keys(['example_branch_labels']) retrieved from /home/data-eginner/Documents/Soccer_Data/env/lib/python3.8/site-packages/airflow/example_dags/example_branch_labels.py
[2022-01-28 21:27:43,221] {logging_mixin.py:109} INFO - [2022-01-28 21:27:43,221] {dag.py:2396} INFO - Sync 1 DAGs
[2022-01-28 21:27:43,236] {logging_mixin.py:109} INFO - [2022-01-28 21:27:43,236] {dag.py:2935} INFO - Setting next_dagrun for example_branch_labels to 2022-01-28 00:00:00+00:00
[2022-01-28 21:27:43,255] {processor.py:171} INFO - Processing /home/data-eginner/Documents/Soccer_Data/env/lib/python3.8/site-packages/airflow/example_dags/example_branch_labels.py took 0.086 seconds
[2022-01-28 21:29:12,584] {processor.py:163} INFO - Started process (PID=23512) to work on /home/data-eginner/Documents/Soccer_Data/env/lib/python3.8/site-packages/airflow/example_dags/example_branch_labels.py
[2022-01-28 21:29:12,611] {processor.py:642} INFO - Processing file /home/data-eginner/Documents/Soccer_Data/env/lib/python3.8/site-packages/airflow/example_dags/example_branch_labels.py for tasks to queue
[2022-01-28 21:29:12,611] {logging_mixin.py:109} INFO - [2022-01-28 21:29:12,611] {dagbag.py:500} INFO - Filling up the DagBag from /home/data-eginner/Documents/Soccer_Data/env/lib/python3.8/site-packages/airflow/example_dags/example_branch_labels.py
[2022-01-28 21:29:12,713] {processor.py:654} INFO - DAG(s) dict_keys(['example_branch_labels']) retrieved from /home/data-eginner/Documents/Soccer_Data/env/lib/python3.8/site-packages/airflow/example_dags/example_branch_labels.py
[2022-01-28 21:29:12,763] {logging_mixin.py:109} INFO - [2022-01-28 21:29:12,763] {dag.py:2396} INFO - Sync 1 DAGs
[2022-01-28 21:29:12,808] {logging_mixin.py:109} INFO - [2022-01-28 21:29:12,808] {dag.py:2935} INFO - Setting next_dagrun for example_branch_labels to 2022-01-28 00:00:00+00:00
[2022-01-28 21:29:12,879] {processor.py:171} INFO - Processing /home/data-eginner/Documents/Soccer_Data/env/lib/python3.8/site-packages/airflow/example_dags/example_branch_labels.py took 0.299 seconds
[2022-01-28 21:30:08,373] {processor.py:163} INFO - Started process (PID=23701) to work on /home/data-eginner/Documents/Soccer_Data/env/lib/python3.8/site-packages/airflow/example_dags/example_branch_labels.py
[2022-01-28 21:30:08,377] {processor.py:642} INFO - Processing file /home/data-eginner/Documents/Soccer_Data/env/lib/python3.8/site-packages/airflow/example_dags/example_branch_labels.py for tasks to queue
[2022-01-28 21:30:08,377] {logging_mixin.py:109} INFO - [2022-01-28 21:30:08,377] {dagbag.py:500} INFO - Filling up the DagBag from /home/data-eginner/Documents/Soccer_Data/env/lib/python3.8/site-packages/airflow/example_dags/example_branch_labels.py
[2022-01-28 21:30:08,409] {processor.py:654} INFO - DAG(s) dict_keys(['example_branch_labels']) retrieved from /home/data-eginner/Documents/Soccer_Data/env/lib/python3.8/site-packages/airflow/example_dags/example_branch_labels.py
[2022-01-28 21:30:08,425] {logging_mixin.py:109} INFO - [2022-01-28 21:30:08,425] {dag.py:2396} INFO - Sync 1 DAGs
[2022-01-28 21:30:08,447] {logging_mixin.py:109} INFO - [2022-01-28 21:30:08,447] {dag.py:2935} INFO - Setting next_dagrun for example_branch_labels to 2022-01-28 00:00:00+00:00
[2022-01-28 21:30:08,521] {processor.py:171} INFO - Processing /home/data-eginner/Documents/Soccer_Data/env/lib/python3.8/site-packages/airflow/example_dags/example_branch_labels.py took 0.152 seconds
[2022-01-28 21:31:02,577] {processor.py:163} INFO - Started process (PID=23894) to work on /home/data-eginner/Documents/Soccer_Data/env/lib/python3.8/site-packages/airflow/example_dags/example_branch_labels.py
[2022-01-28 21:31:02,596] {processor.py:642} INFO - Processing file /home/data-eginner/Documents/Soccer_Data/env/lib/python3.8/site-packages/airflow/example_dags/example_branch_labels.py for tasks to queue
[2022-01-28 21:31:02,597] {logging_mixin.py:109} INFO - [2022-01-28 21:31:02,597] {dagbag.py:500} INFO - Filling up the DagBag from /home/data-eginner/Documents/Soccer_Data/env/lib/python3.8/site-packages/airflow/example_dags/example_branch_labels.py
[2022-01-28 21:31:02,649] {processor.py:654} INFO - DAG(s) dict_keys(['example_branch_labels']) retrieved from /home/data-eginner/Documents/Soccer_Data/env/lib/python3.8/site-packages/airflow/example_dags/example_branch_labels.py
[2022-01-28 21:31:02,686] {logging_mixin.py:109} INFO - [2022-01-28 21:31:02,686] {dag.py:2396} INFO - Sync 1 DAGs
[2022-01-28 21:31:02,735] {logging_mixin.py:109} INFO - [2022-01-28 21:31:02,735] {dag.py:2935} INFO - Setting next_dagrun for example_branch_labels to 2022-01-28 00:00:00+00:00
[2022-01-28 21:31:02,772] {processor.py:171} INFO - Processing /home/data-eginner/Documents/Soccer_Data/env/lib/python3.8/site-packages/airflow/example_dags/example_branch_labels.py took 0.215 seconds
[2022-01-28 21:32:19,014] {processor.py:163} INFO - Started process (PID=24163) to work on /home/data-eginner/Documents/Soccer_Data/env/lib/python3.8/site-packages/airflow/example_dags/example_branch_labels.py
[2022-01-28 21:32:19,017] {processor.py:642} INFO - Processing file /home/data-eginner/Documents/Soccer_Data/env/lib/python3.8/site-packages/airflow/example_dags/example_branch_labels.py for tasks to queue
[2022-01-28 21:32:19,017] {logging_mixin.py:109} INFO - [2022-01-28 21:32:19,017] {dagbag.py:500} INFO - Filling up the DagBag from /home/data-eginner/Documents/Soccer_Data/env/lib/python3.8/site-packages/airflow/example_dags/example_branch_labels.py
[2022-01-28 21:32:19,041] {processor.py:654} INFO - DAG(s) dict_keys(['example_branch_labels']) retrieved from /home/data-eginner/Documents/Soccer_Data/env/lib/python3.8/site-packages/airflow/example_dags/example_branch_labels.py
[2022-01-28 21:32:19,057] {logging_mixin.py:109} INFO - [2022-01-28 21:32:19,057] {dag.py:2396} INFO - Sync 1 DAGs
[2022-01-28 21:32:19,091] {logging_mixin.py:109} INFO - [2022-01-28 21:32:19,091] {dag.py:2935} INFO - Setting next_dagrun for example_branch_labels to 2022-01-28 00:00:00+00:00
[2022-01-28 21:32:19,128] {processor.py:171} INFO - Processing /home/data-eginner/Documents/Soccer_Data/env/lib/python3.8/site-packages/airflow/example_dags/example_branch_labels.py took 0.119 seconds
[2022-01-28 21:33:05,070] {processor.py:163} INFO - Started process (PID=24339) to work on /home/data-eginner/Documents/Soccer_Data/env/lib/python3.8/site-packages/airflow/example_dags/example_branch_labels.py
[2022-01-28 21:33:05,081] {processor.py:642} INFO - Processing file /home/data-eginner/Documents/Soccer_Data/env/lib/python3.8/site-packages/airflow/example_dags/example_branch_labels.py for tasks to queue
[2022-01-28 21:33:05,082] {logging_mixin.py:109} INFO - [2022-01-28 21:33:05,082] {dagbag.py:500} INFO - Filling up the DagBag from /home/data-eginner/Documents/Soccer_Data/env/lib/python3.8/site-packages/airflow/example_dags/example_branch_labels.py
[2022-01-28 21:33:05,166] {processor.py:654} INFO - DAG(s) dict_keys(['example_branch_labels']) retrieved from /home/data-eginner/Documents/Soccer_Data/env/lib/python3.8/site-packages/airflow/example_dags/example_branch_labels.py
[2022-01-28 21:33:05,191] {logging_mixin.py:109} INFO - [2022-01-28 21:33:05,191] {dag.py:2396} INFO - Sync 1 DAGs
[2022-01-28 21:33:05,244] {logging_mixin.py:109} INFO - [2022-01-28 21:33:05,244] {dag.py:2935} INFO - Setting next_dagrun for example_branch_labels to 2022-01-28 00:00:00+00:00
[2022-01-28 21:33:05,318] {processor.py:171} INFO - Processing /home/data-eginner/Documents/Soccer_Data/env/lib/python3.8/site-packages/airflow/example_dags/example_branch_labels.py took 0.252 seconds
[2022-01-28 21:33:45,915] {processor.py:163} INFO - Started process (PID=24502) to work on /home/data-eginner/Documents/Soccer_Data/env/lib/python3.8/site-packages/airflow/example_dags/example_branch_labels.py
[2022-01-28 21:33:45,918] {processor.py:642} INFO - Processing file /home/data-eginner/Documents/Soccer_Data/env/lib/python3.8/site-packages/airflow/example_dags/example_branch_labels.py for tasks to queue
[2022-01-28 21:33:45,919] {logging_mixin.py:109} INFO - [2022-01-28 21:33:45,919] {dagbag.py:500} INFO - Filling up the DagBag from /home/data-eginner/Documents/Soccer_Data/env/lib/python3.8/site-packages/airflow/example_dags/example_branch_labels.py
[2022-01-28 21:33:45,944] {processor.py:654} INFO - DAG(s) dict_keys(['example_branch_labels']) retrieved from /home/data-eginner/Documents/Soccer_Data/env/lib/python3.8/site-packages/airflow/example_dags/example_branch_labels.py
[2022-01-28 21:33:45,962] {logging_mixin.py:109} INFO - [2022-01-28 21:33:45,962] {dag.py:2396} INFO - Sync 1 DAGs
[2022-01-28 21:33:45,979] {logging_mixin.py:109} INFO - [2022-01-28 21:33:45,979] {dag.py:2935} INFO - Setting next_dagrun for example_branch_labels to 2022-01-28 00:00:00+00:00
[2022-01-28 21:33:45,996] {processor.py:171} INFO - Processing /home/data-eginner/Documents/Soccer_Data/env/lib/python3.8/site-packages/airflow/example_dags/example_branch_labels.py took 0.085 seconds
[2022-01-28 21:34:30,282] {processor.py:163} INFO - Started process (PID=24668) to work on /home/data-eginner/Documents/Soccer_Data/env/lib/python3.8/site-packages/airflow/example_dags/example_branch_labels.py
[2022-01-28 21:34:30,294] {processor.py:642} INFO - Processing file /home/data-eginner/Documents/Soccer_Data/env/lib/python3.8/site-packages/airflow/example_dags/example_branch_labels.py for tasks to queue
[2022-01-28 21:34:30,295] {logging_mixin.py:109} INFO - [2022-01-28 21:34:30,295] {dagbag.py:500} INFO - Filling up the DagBag from /home/data-eginner/Documents/Soccer_Data/env/lib/python3.8/site-packages/airflow/example_dags/example_branch_labels.py
[2022-01-28 21:34:30,360] {processor.py:654} INFO - DAG(s) dict_keys(['example_branch_labels']) retrieved from /home/data-eginner/Documents/Soccer_Data/env/lib/python3.8/site-packages/airflow/example_dags/example_branch_labels.py
[2022-01-28 21:34:30,374] {logging_mixin.py:109} INFO - [2022-01-28 21:34:30,374] {dag.py:2396} INFO - Sync 1 DAGs
[2022-01-28 21:34:30,393] {logging_mixin.py:109} INFO - [2022-01-28 21:34:30,393] {dag.py:2935} INFO - Setting next_dagrun for example_branch_labels to 2022-01-28 00:00:00+00:00
[2022-01-28 21:34:30,409] {processor.py:171} INFO - Processing /home/data-eginner/Documents/Soccer_Data/env/lib/python3.8/site-packages/airflow/example_dags/example_branch_labels.py took 0.130 seconds
[2022-01-28 21:56:25,391] {processor.py:163} INFO - Started process (PID=25095) to work on /home/data-eginner/Documents/Soccer_Data/env/lib/python3.8/site-packages/airflow/example_dags/example_branch_labels.py
[2022-01-28 21:56:25,399] {processor.py:642} INFO - Processing file /home/data-eginner/Documents/Soccer_Data/env/lib/python3.8/site-packages/airflow/example_dags/example_branch_labels.py for tasks to queue
[2022-01-28 21:56:25,399] {logging_mixin.py:109} INFO - [2022-01-28 21:56:25,399] {dagbag.py:500} INFO - Filling up the DagBag from /home/data-eginner/Documents/Soccer_Data/env/lib/python3.8/site-packages/airflow/example_dags/example_branch_labels.py
[2022-01-28 21:56:25,470] {processor.py:654} INFO - DAG(s) dict_keys(['example_branch_labels']) retrieved from /home/data-eginner/Documents/Soccer_Data/env/lib/python3.8/site-packages/airflow/example_dags/example_branch_labels.py
[2022-01-28 21:56:25,512] {logging_mixin.py:109} INFO - [2022-01-28 21:56:25,512] {dag.py:2396} INFO - Sync 1 DAGs
[2022-01-28 21:56:25,550] {logging_mixin.py:109} INFO - [2022-01-28 21:56:25,549] {dag.py:2935} INFO - Setting next_dagrun for example_branch_labels to 2022-01-28 00:00:00+00:00
[2022-01-28 21:56:25,600] {processor.py:171} INFO - Processing /home/data-eginner/Documents/Soccer_Data/env/lib/python3.8/site-packages/airflow/example_dags/example_branch_labels.py took 0.224 seconds
[2022-01-28 21:57:18,704] {processor.py:163} INFO - Started process (PID=25287) to work on /home/data-eginner/Documents/Soccer_Data/env/lib/python3.8/site-packages/airflow/example_dags/example_branch_labels.py
[2022-01-28 21:57:18,706] {processor.py:642} INFO - Processing file /home/data-eginner/Documents/Soccer_Data/env/lib/python3.8/site-packages/airflow/example_dags/example_branch_labels.py for tasks to queue
[2022-01-28 21:57:18,707] {logging_mixin.py:109} INFO - [2022-01-28 21:57:18,707] {dagbag.py:500} INFO - Filling up the DagBag from /home/data-eginner/Documents/Soccer_Data/env/lib/python3.8/site-packages/airflow/example_dags/example_branch_labels.py
[2022-01-28 21:57:18,755] {processor.py:654} INFO - DAG(s) dict_keys(['example_branch_labels']) retrieved from /home/data-eginner/Documents/Soccer_Data/env/lib/python3.8/site-packages/airflow/example_dags/example_branch_labels.py
[2022-01-28 21:57:18,784] {logging_mixin.py:109} INFO - [2022-01-28 21:57:18,784] {dag.py:2396} INFO - Sync 1 DAGs
[2022-01-28 21:57:18,799] {logging_mixin.py:109} INFO - [2022-01-28 21:57:18,799] {dag.py:2935} INFO - Setting next_dagrun for example_branch_labels to 2022-01-28 00:00:00+00:00
[2022-01-28 21:57:18,815] {processor.py:171} INFO - Processing /home/data-eginner/Documents/Soccer_Data/env/lib/python3.8/site-packages/airflow/example_dags/example_branch_labels.py took 0.116 seconds
[2022-01-28 21:57:58,917] {processor.py:163} INFO - Started process (PID=25449) to work on /home/data-eginner/Documents/Soccer_Data/env/lib/python3.8/site-packages/airflow/example_dags/example_branch_labels.py
[2022-01-28 21:57:58,919] {processor.py:642} INFO - Processing file /home/data-eginner/Documents/Soccer_Data/env/lib/python3.8/site-packages/airflow/example_dags/example_branch_labels.py for tasks to queue
[2022-01-28 21:57:58,920] {logging_mixin.py:109} INFO - [2022-01-28 21:57:58,919] {dagbag.py:500} INFO - Filling up the DagBag from /home/data-eginner/Documents/Soccer_Data/env/lib/python3.8/site-packages/airflow/example_dags/example_branch_labels.py
[2022-01-28 21:57:58,975] {processor.py:654} INFO - DAG(s) dict_keys(['example_branch_labels']) retrieved from /home/data-eginner/Documents/Soccer_Data/env/lib/python3.8/site-packages/airflow/example_dags/example_branch_labels.py
[2022-01-28 21:57:59,028] {logging_mixin.py:109} INFO - [2022-01-28 21:57:59,028] {dag.py:2396} INFO - Sync 1 DAGs
[2022-01-28 21:57:59,070] {logging_mixin.py:109} INFO - [2022-01-28 21:57:59,070] {dag.py:2935} INFO - Setting next_dagrun for example_branch_labels to 2022-01-28 00:00:00+00:00
[2022-01-28 21:57:59,094] {processor.py:171} INFO - Processing /home/data-eginner/Documents/Soccer_Data/env/lib/python3.8/site-packages/airflow/example_dags/example_branch_labels.py took 0.196 seconds
[2022-01-28 21:58:38,927] {processor.py:163} INFO - Started process (PID=25609) to work on /home/data-eginner/Documents/Soccer_Data/env/lib/python3.8/site-packages/airflow/example_dags/example_branch_labels.py
[2022-01-28 21:58:38,929] {processor.py:642} INFO - Processing file /home/data-eginner/Documents/Soccer_Data/env/lib/python3.8/site-packages/airflow/example_dags/example_branch_labels.py for tasks to queue
[2022-01-28 21:58:38,930] {logging_mixin.py:109} INFO - [2022-01-28 21:58:38,930] {dagbag.py:500} INFO - Filling up the DagBag from /home/data-eginner/Documents/Soccer_Data/env/lib/python3.8/site-packages/airflow/example_dags/example_branch_labels.py
[2022-01-28 21:58:38,949] {processor.py:654} INFO - DAG(s) dict_keys(['example_branch_labels']) retrieved from /home/data-eginner/Documents/Soccer_Data/env/lib/python3.8/site-packages/airflow/example_dags/example_branch_labels.py
[2022-01-28 21:58:38,960] {logging_mixin.py:109} INFO - [2022-01-28 21:58:38,960] {dag.py:2396} INFO - Sync 1 DAGs
[2022-01-28 21:58:38,972] {logging_mixin.py:109} INFO - [2022-01-28 21:58:38,972] {dag.py:2935} INFO - Setting next_dagrun for example_branch_labels to 2022-01-28 00:00:00+00:00
[2022-01-28 21:58:38,990] {processor.py:171} INFO - Processing /home/data-eginner/Documents/Soccer_Data/env/lib/python3.8/site-packages/airflow/example_dags/example_branch_labels.py took 0.065 seconds
[2022-01-28 21:59:29,001] {processor.py:163} INFO - Started process (PID=25798) to work on /home/data-eginner/Documents/Soccer_Data/env/lib/python3.8/site-packages/airflow/example_dags/example_branch_labels.py
[2022-01-28 21:59:29,005] {processor.py:642} INFO - Processing file /home/data-eginner/Documents/Soccer_Data/env/lib/python3.8/site-packages/airflow/example_dags/example_branch_labels.py for tasks to queue
[2022-01-28 21:59:29,006] {logging_mixin.py:109} INFO - [2022-01-28 21:59:29,005] {dagbag.py:500} INFO - Filling up the DagBag from /home/data-eginner/Documents/Soccer_Data/env/lib/python3.8/site-packages/airflow/example_dags/example_branch_labels.py
[2022-01-28 21:59:29,039] {processor.py:654} INFO - DAG(s) dict_keys(['example_branch_labels']) retrieved from /home/data-eginner/Documents/Soccer_Data/env/lib/python3.8/site-packages/airflow/example_dags/example_branch_labels.py
[2022-01-28 21:59:29,050] {logging_mixin.py:109} INFO - [2022-01-28 21:59:29,049] {dag.py:2396} INFO - Sync 1 DAGs
[2022-01-28 21:59:29,064] {logging_mixin.py:109} INFO - [2022-01-28 21:59:29,064] {dag.py:2935} INFO - Setting next_dagrun for example_branch_labels to 2022-01-28 00:00:00+00:00
[2022-01-28 21:59:29,079] {processor.py:171} INFO - Processing /home/data-eginner/Documents/Soccer_Data/env/lib/python3.8/site-packages/airflow/example_dags/example_branch_labels.py took 0.111 seconds
[2022-01-28 22:00:16,046] {processor.py:163} INFO - Started process (PID=25980) to work on /home/data-eginner/Documents/Soccer_Data/env/lib/python3.8/site-packages/airflow/example_dags/example_branch_labels.py
[2022-01-28 22:00:16,051] {processor.py:642} INFO - Processing file /home/data-eginner/Documents/Soccer_Data/env/lib/python3.8/site-packages/airflow/example_dags/example_branch_labels.py for tasks to queue
[2022-01-28 22:00:16,052] {logging_mixin.py:109} INFO - [2022-01-28 22:00:16,052] {dagbag.py:500} INFO - Filling up the DagBag from /home/data-eginner/Documents/Soccer_Data/env/lib/python3.8/site-packages/airflow/example_dags/example_branch_labels.py
[2022-01-28 22:00:16,086] {processor.py:654} INFO - DAG(s) dict_keys(['example_branch_labels']) retrieved from /home/data-eginner/Documents/Soccer_Data/env/lib/python3.8/site-packages/airflow/example_dags/example_branch_labels.py
[2022-01-28 22:00:16,096] {logging_mixin.py:109} INFO - [2022-01-28 22:00:16,096] {dag.py:2396} INFO - Sync 1 DAGs
[2022-01-28 22:00:16,139] {logging_mixin.py:109} INFO - [2022-01-28 22:00:16,139] {dag.py:2935} INFO - Setting next_dagrun for example_branch_labels to 2022-01-28 00:00:00+00:00
[2022-01-28 22:00:16,155] {processor.py:171} INFO - Processing /home/data-eginner/Documents/Soccer_Data/env/lib/python3.8/site-packages/airflow/example_dags/example_branch_labels.py took 0.116 seconds
[2022-01-28 22:00:53,542] {processor.py:163} INFO - Started process (PID=26139) to work on /home/data-eginner/Documents/Soccer_Data/env/lib/python3.8/site-packages/airflow/example_dags/example_branch_labels.py
[2022-01-28 22:00:53,545] {processor.py:642} INFO - Processing file /home/data-eginner/Documents/Soccer_Data/env/lib/python3.8/site-packages/airflow/example_dags/example_branch_labels.py for tasks to queue
[2022-01-28 22:00:53,546] {logging_mixin.py:109} INFO - [2022-01-28 22:00:53,546] {dagbag.py:500} INFO - Filling up the DagBag from /home/data-eginner/Documents/Soccer_Data/env/lib/python3.8/site-packages/airflow/example_dags/example_branch_labels.py
[2022-01-28 22:00:53,583] {processor.py:654} INFO - DAG(s) dict_keys(['example_branch_labels']) retrieved from /home/data-eginner/Documents/Soccer_Data/env/lib/python3.8/site-packages/airflow/example_dags/example_branch_labels.py
[2022-01-28 22:00:53,602] {logging_mixin.py:109} INFO - [2022-01-28 22:00:53,602] {dag.py:2396} INFO - Sync 1 DAGs
[2022-01-28 22:00:53,657] {logging_mixin.py:109} INFO - [2022-01-28 22:00:53,657] {dag.py:2935} INFO - Setting next_dagrun for example_branch_labels to 2022-01-28 00:00:00+00:00
[2022-01-28 22:00:53,695] {processor.py:171} INFO - Processing /home/data-eginner/Documents/Soccer_Data/env/lib/python3.8/site-packages/airflow/example_dags/example_branch_labels.py took 0.176 seconds
[2022-01-28 22:01:35,207] {processor.py:163} INFO - Started process (PID=26301) to work on /home/data-eginner/Documents/Soccer_Data/env/lib/python3.8/site-packages/airflow/example_dags/example_branch_labels.py
[2022-01-28 22:01:35,233] {processor.py:642} INFO - Processing file /home/data-eginner/Documents/Soccer_Data/env/lib/python3.8/site-packages/airflow/example_dags/example_branch_labels.py for tasks to queue
[2022-01-28 22:01:35,233] {logging_mixin.py:109} INFO - [2022-01-28 22:01:35,233] {dagbag.py:500} INFO - Filling up the DagBag from /home/data-eginner/Documents/Soccer_Data/env/lib/python3.8/site-packages/airflow/example_dags/example_branch_labels.py
[2022-01-28 22:01:35,261] {processor.py:654} INFO - DAG(s) dict_keys(['example_branch_labels']) retrieved from /home/data-eginner/Documents/Soccer_Data/env/lib/python3.8/site-packages/airflow/example_dags/example_branch_labels.py
[2022-01-28 22:01:35,270] {logging_mixin.py:109} INFO - [2022-01-28 22:01:35,269] {dag.py:2396} INFO - Sync 1 DAGs
[2022-01-28 22:01:35,284] {logging_mixin.py:109} INFO - [2022-01-28 22:01:35,284] {dag.py:2935} INFO - Setting next_dagrun for example_branch_labels to 2022-01-28 00:00:00+00:00
[2022-01-28 22:01:35,300] {processor.py:171} INFO - Processing /home/data-eginner/Documents/Soccer_Data/env/lib/python3.8/site-packages/airflow/example_dags/example_branch_labels.py took 0.099 seconds
[2022-01-28 22:04:31,353] {processor.py:163} INFO - Started process (PID=26616) to work on /home/data-eginner/Documents/Soccer_Data/env/lib/python3.8/site-packages/airflow/example_dags/example_branch_labels.py
[2022-01-28 22:04:31,355] {processor.py:642} INFO - Processing file /home/data-eginner/Documents/Soccer_Data/env/lib/python3.8/site-packages/airflow/example_dags/example_branch_labels.py for tasks to queue
[2022-01-28 22:04:31,356] {logging_mixin.py:109} INFO - [2022-01-28 22:04:31,356] {dagbag.py:500} INFO - Filling up the DagBag from /home/data-eginner/Documents/Soccer_Data/env/lib/python3.8/site-packages/airflow/example_dags/example_branch_labels.py
[2022-01-28 22:04:31,396] {processor.py:654} INFO - DAG(s) dict_keys(['example_branch_labels']) retrieved from /home/data-eginner/Documents/Soccer_Data/env/lib/python3.8/site-packages/airflow/example_dags/example_branch_labels.py
[2022-01-28 22:04:31,416] {logging_mixin.py:109} INFO - [2022-01-28 22:04:31,415] {dag.py:2396} INFO - Sync 1 DAGs
[2022-01-28 22:04:31,460] {logging_mixin.py:109} INFO - [2022-01-28 22:04:31,460] {dag.py:2935} INFO - Setting next_dagrun for example_branch_labels to 2022-01-28 00:00:00+00:00
[2022-01-28 22:04:31,484] {processor.py:171} INFO - Processing /home/data-eginner/Documents/Soccer_Data/env/lib/python3.8/site-packages/airflow/example_dags/example_branch_labels.py took 0.140 seconds
[2022-01-28 22:05:14,045] {processor.py:163} INFO - Started process (PID=26785) to work on /home/data-eginner/Documents/Soccer_Data/env/lib/python3.8/site-packages/airflow/example_dags/example_branch_labels.py
[2022-01-28 22:05:14,050] {processor.py:642} INFO - Processing file /home/data-eginner/Documents/Soccer_Data/env/lib/python3.8/site-packages/airflow/example_dags/example_branch_labels.py for tasks to queue
[2022-01-28 22:05:14,051] {logging_mixin.py:109} INFO - [2022-01-28 22:05:14,051] {dagbag.py:500} INFO - Filling up the DagBag from /home/data-eginner/Documents/Soccer_Data/env/lib/python3.8/site-packages/airflow/example_dags/example_branch_labels.py
[2022-01-28 22:05:14,072] {processor.py:654} INFO - DAG(s) dict_keys(['example_branch_labels']) retrieved from /home/data-eginner/Documents/Soccer_Data/env/lib/python3.8/site-packages/airflow/example_dags/example_branch_labels.py
[2022-01-28 22:05:14,080] {logging_mixin.py:109} INFO - [2022-01-28 22:05:14,080] {dag.py:2396} INFO - Sync 1 DAGs
[2022-01-28 22:05:14,094] {logging_mixin.py:109} INFO - [2022-01-28 22:05:14,094] {dag.py:2935} INFO - Setting next_dagrun for example_branch_labels to 2022-01-28 00:00:00+00:00
[2022-01-28 22:05:14,114] {processor.py:171} INFO - Processing /home/data-eginner/Documents/Soccer_Data/env/lib/python3.8/site-packages/airflow/example_dags/example_branch_labels.py took 0.082 seconds
[2022-01-28 22:06:05,981] {processor.py:163} INFO - Started process (PID=26984) to work on /home/data-eginner/Documents/Soccer_Data/env/lib/python3.8/site-packages/airflow/example_dags/example_branch_labels.py
[2022-01-28 22:06:05,983] {processor.py:642} INFO - Processing file /home/data-eginner/Documents/Soccer_Data/env/lib/python3.8/site-packages/airflow/example_dags/example_branch_labels.py for tasks to queue
[2022-01-28 22:06:05,986] {logging_mixin.py:109} INFO - [2022-01-28 22:06:05,986] {dagbag.py:500} INFO - Filling up the DagBag from /home/data-eginner/Documents/Soccer_Data/env/lib/python3.8/site-packages/airflow/example_dags/example_branch_labels.py
[2022-01-28 22:06:06,019] {processor.py:654} INFO - DAG(s) dict_keys(['example_branch_labels']) retrieved from /home/data-eginner/Documents/Soccer_Data/env/lib/python3.8/site-packages/airflow/example_dags/example_branch_labels.py
[2022-01-28 22:06:06,034] {logging_mixin.py:109} INFO - [2022-01-28 22:06:06,033] {dag.py:2396} INFO - Sync 1 DAGs
[2022-01-28 22:06:06,058] {logging_mixin.py:109} INFO - [2022-01-28 22:06:06,058] {dag.py:2935} INFO - Setting next_dagrun for example_branch_labels to 2022-01-28 00:00:00+00:00
[2022-01-28 22:06:06,119] {processor.py:171} INFO - Processing /home/data-eginner/Documents/Soccer_Data/env/lib/python3.8/site-packages/airflow/example_dags/example_branch_labels.py took 0.141 seconds
[2022-01-28 22:06:44,765] {processor.py:163} INFO - Started process (PID=27144) to work on /home/data-eginner/Documents/Soccer_Data/env/lib/python3.8/site-packages/airflow/example_dags/example_branch_labels.py
[2022-01-28 22:06:44,768] {processor.py:642} INFO - Processing file /home/data-eginner/Documents/Soccer_Data/env/lib/python3.8/site-packages/airflow/example_dags/example_branch_labels.py for tasks to queue
[2022-01-28 22:06:44,773] {logging_mixin.py:109} INFO - [2022-01-28 22:06:44,773] {dagbag.py:500} INFO - Filling up the DagBag from /home/data-eginner/Documents/Soccer_Data/env/lib/python3.8/site-packages/airflow/example_dags/example_branch_labels.py
[2022-01-28 22:06:44,797] {processor.py:654} INFO - DAG(s) dict_keys(['example_branch_labels']) retrieved from /home/data-eginner/Documents/Soccer_Data/env/lib/python3.8/site-packages/airflow/example_dags/example_branch_labels.py
[2022-01-28 22:06:44,814] {logging_mixin.py:109} INFO - [2022-01-28 22:06:44,814] {dag.py:2396} INFO - Sync 1 DAGs
[2022-01-28 22:06:44,830] {logging_mixin.py:109} INFO - [2022-01-28 22:06:44,830] {dag.py:2935} INFO - Setting next_dagrun for example_branch_labels to 2022-01-28 00:00:00+00:00
[2022-01-28 22:06:44,851] {processor.py:171} INFO - Processing /home/data-eginner/Documents/Soccer_Data/env/lib/python3.8/site-packages/airflow/example_dags/example_branch_labels.py took 0.088 seconds
[2022-01-28 22:07:32,565] {processor.py:163} INFO - Started process (PID=27334) to work on /home/data-eginner/Documents/Soccer_Data/env/lib/python3.8/site-packages/airflow/example_dags/example_branch_labels.py
[2022-01-28 22:07:32,572] {processor.py:642} INFO - Processing file /home/data-eginner/Documents/Soccer_Data/env/lib/python3.8/site-packages/airflow/example_dags/example_branch_labels.py for tasks to queue
[2022-01-28 22:07:32,572] {logging_mixin.py:109} INFO - [2022-01-28 22:07:32,572] {dagbag.py:500} INFO - Filling up the DagBag from /home/data-eginner/Documents/Soccer_Data/env/lib/python3.8/site-packages/airflow/example_dags/example_branch_labels.py
[2022-01-28 22:07:32,619] {processor.py:654} INFO - DAG(s) dict_keys(['example_branch_labels']) retrieved from /home/data-eginner/Documents/Soccer_Data/env/lib/python3.8/site-packages/airflow/example_dags/example_branch_labels.py
[2022-01-28 22:07:32,638] {logging_mixin.py:109} INFO - [2022-01-28 22:07:32,638] {dag.py:2396} INFO - Sync 1 DAGs
[2022-01-28 22:07:32,682] {logging_mixin.py:109} INFO - [2022-01-28 22:07:32,682] {dag.py:2935} INFO - Setting next_dagrun for example_branch_labels to 2022-01-28 00:00:00+00:00
[2022-01-28 22:07:32,708] {processor.py:171} INFO - Processing /home/data-eginner/Documents/Soccer_Data/env/lib/python3.8/site-packages/airflow/example_dags/example_branch_labels.py took 0.146 seconds
[2022-01-28 22:08:37,445] {processor.py:163} INFO - Started process (PID=27598) to work on /home/data-eginner/Documents/Soccer_Data/env/lib/python3.8/site-packages/airflow/example_dags/example_branch_labels.py
[2022-01-28 22:08:37,449] {processor.py:642} INFO - Processing file /home/data-eginner/Documents/Soccer_Data/env/lib/python3.8/site-packages/airflow/example_dags/example_branch_labels.py for tasks to queue
[2022-01-28 22:08:37,456] {logging_mixin.py:109} INFO - [2022-01-28 22:08:37,456] {dagbag.py:500} INFO - Filling up the DagBag from /home/data-eginner/Documents/Soccer_Data/env/lib/python3.8/site-packages/airflow/example_dags/example_branch_labels.py
[2022-01-28 22:08:37,499] {processor.py:654} INFO - DAG(s) dict_keys(['example_branch_labels']) retrieved from /home/data-eginner/Documents/Soccer_Data/env/lib/python3.8/site-packages/airflow/example_dags/example_branch_labels.py
[2022-01-28 22:08:37,538] {logging_mixin.py:109} INFO - [2022-01-28 22:08:37,538] {dag.py:2396} INFO - Sync 1 DAGs
[2022-01-28 22:08:37,576] {logging_mixin.py:109} INFO - [2022-01-28 22:08:37,576] {dag.py:2935} INFO - Setting next_dagrun for example_branch_labels to 2022-01-28 00:00:00+00:00
[2022-01-28 22:08:37,618] {processor.py:171} INFO - Processing /home/data-eginner/Documents/Soccer_Data/env/lib/python3.8/site-packages/airflow/example_dags/example_branch_labels.py took 0.192 seconds
[2022-01-28 22:09:19,603] {processor.py:163} INFO - Started process (PID=27767) to work on /home/data-eginner/Documents/Soccer_Data/env/lib/python3.8/site-packages/airflow/example_dags/example_branch_labels.py
[2022-01-28 22:09:19,606] {processor.py:642} INFO - Processing file /home/data-eginner/Documents/Soccer_Data/env/lib/python3.8/site-packages/airflow/example_dags/example_branch_labels.py for tasks to queue
[2022-01-28 22:09:19,607] {logging_mixin.py:109} INFO - [2022-01-28 22:09:19,607] {dagbag.py:500} INFO - Filling up the DagBag from /home/data-eginner/Documents/Soccer_Data/env/lib/python3.8/site-packages/airflow/example_dags/example_branch_labels.py
[2022-01-28 22:09:19,633] {processor.py:654} INFO - DAG(s) dict_keys(['example_branch_labels']) retrieved from /home/data-eginner/Documents/Soccer_Data/env/lib/python3.8/site-packages/airflow/example_dags/example_branch_labels.py
[2022-01-28 22:09:19,652] {logging_mixin.py:109} INFO - [2022-01-28 22:09:19,652] {dag.py:2396} INFO - Sync 1 DAGs
[2022-01-28 22:09:19,675] {logging_mixin.py:109} INFO - [2022-01-28 22:09:19,675] {dag.py:2935} INFO - Setting next_dagrun for example_branch_labels to 2022-01-28 00:00:00+00:00
[2022-01-28 22:09:19,700] {processor.py:171} INFO - Processing /home/data-eginner/Documents/Soccer_Data/env/lib/python3.8/site-packages/airflow/example_dags/example_branch_labels.py took 0.101 seconds
[2022-01-28 22:10:01,331] {processor.py:163} INFO - Started process (PID=27936) to work on /home/data-eginner/Documents/Soccer_Data/env/lib/python3.8/site-packages/airflow/example_dags/example_branch_labels.py
[2022-01-28 22:10:01,334] {processor.py:642} INFO - Processing file /home/data-eginner/Documents/Soccer_Data/env/lib/python3.8/site-packages/airflow/example_dags/example_branch_labels.py for tasks to queue
[2022-01-28 22:10:01,335] {logging_mixin.py:109} INFO - [2022-01-28 22:10:01,335] {dagbag.py:500} INFO - Filling up the DagBag from /home/data-eginner/Documents/Soccer_Data/env/lib/python3.8/site-packages/airflow/example_dags/example_branch_labels.py
[2022-01-28 22:10:01,356] {processor.py:654} INFO - DAG(s) dict_keys(['example_branch_labels']) retrieved from /home/data-eginner/Documents/Soccer_Data/env/lib/python3.8/site-packages/airflow/example_dags/example_branch_labels.py
[2022-01-28 22:10:01,366] {logging_mixin.py:109} INFO - [2022-01-28 22:10:01,366] {dag.py:2396} INFO - Sync 1 DAGs
[2022-01-28 22:10:01,388] {logging_mixin.py:109} INFO - [2022-01-28 22:10:01,387] {dag.py:2935} INFO - Setting next_dagrun for example_branch_labels to 2022-01-28 00:00:00+00:00
[2022-01-28 22:10:01,404] {processor.py:171} INFO - Processing /home/data-eginner/Documents/Soccer_Data/env/lib/python3.8/site-packages/airflow/example_dags/example_branch_labels.py took 0.076 seconds
[2022-01-28 22:10:51,670] {processor.py:163} INFO - Started process (PID=28155) to work on /home/data-eginner/Documents/Soccer_Data/env/lib/python3.8/site-packages/airflow/example_dags/example_branch_labels.py
[2022-01-28 22:10:51,675] {processor.py:642} INFO - Processing file /home/data-eginner/Documents/Soccer_Data/env/lib/python3.8/site-packages/airflow/example_dags/example_branch_labels.py for tasks to queue
[2022-01-28 22:10:51,678] {logging_mixin.py:109} INFO - [2022-01-28 22:10:51,676] {dagbag.py:500} INFO - Filling up the DagBag from /home/data-eginner/Documents/Soccer_Data/env/lib/python3.8/site-packages/airflow/example_dags/example_branch_labels.py
[2022-01-28 22:10:51,708] {processor.py:654} INFO - DAG(s) dict_keys(['example_branch_labels']) retrieved from /home/data-eginner/Documents/Soccer_Data/env/lib/python3.8/site-packages/airflow/example_dags/example_branch_labels.py
[2022-01-28 22:10:51,716] {logging_mixin.py:109} INFO - [2022-01-28 22:10:51,716] {dag.py:2396} INFO - Sync 1 DAGs
[2022-01-28 22:10:51,728] {logging_mixin.py:109} INFO - [2022-01-28 22:10:51,728] {dag.py:2935} INFO - Setting next_dagrun for example_branch_labels to 2022-01-28 00:00:00+00:00
[2022-01-28 22:10:51,745] {processor.py:171} INFO - Processing /home/data-eginner/Documents/Soccer_Data/env/lib/python3.8/site-packages/airflow/example_dags/example_branch_labels.py took 0.091 seconds
[2022-01-28 22:11:29,699] {processor.py:163} INFO - Started process (PID=28315) to work on /home/data-eginner/Documents/Soccer_Data/env/lib/python3.8/site-packages/airflow/example_dags/example_branch_labels.py
[2022-01-28 22:11:29,705] {processor.py:642} INFO - Processing file /home/data-eginner/Documents/Soccer_Data/env/lib/python3.8/site-packages/airflow/example_dags/example_branch_labels.py for tasks to queue
[2022-01-28 22:11:29,706] {logging_mixin.py:109} INFO - [2022-01-28 22:11:29,706] {dagbag.py:500} INFO - Filling up the DagBag from /home/data-eginner/Documents/Soccer_Data/env/lib/python3.8/site-packages/airflow/example_dags/example_branch_labels.py
[2022-01-28 22:11:29,725] {processor.py:654} INFO - DAG(s) dict_keys(['example_branch_labels']) retrieved from /home/data-eginner/Documents/Soccer_Data/env/lib/python3.8/site-packages/airflow/example_dags/example_branch_labels.py
[2022-01-28 22:11:29,735] {logging_mixin.py:109} INFO - [2022-01-28 22:11:29,735] {dag.py:2396} INFO - Sync 1 DAGs
[2022-01-28 22:11:29,748] {logging_mixin.py:109} INFO - [2022-01-28 22:11:29,748] {dag.py:2935} INFO - Setting next_dagrun for example_branch_labels to 2022-01-28 00:00:00+00:00
[2022-01-28 22:11:29,764] {processor.py:171} INFO - Processing /home/data-eginner/Documents/Soccer_Data/env/lib/python3.8/site-packages/airflow/example_dags/example_branch_labels.py took 0.072 seconds
[2022-01-28 22:12:11,691] {processor.py:163} INFO - Started process (PID=28498) to work on /home/data-eginner/Documents/Soccer_Data/env/lib/python3.8/site-packages/airflow/example_dags/example_branch_labels.py
[2022-01-28 22:12:11,705] {processor.py:642} INFO - Processing file /home/data-eginner/Documents/Soccer_Data/env/lib/python3.8/site-packages/airflow/example_dags/example_branch_labels.py for tasks to queue
[2022-01-28 22:12:11,706] {logging_mixin.py:109} INFO - [2022-01-28 22:12:11,706] {dagbag.py:500} INFO - Filling up the DagBag from /home/data-eginner/Documents/Soccer_Data/env/lib/python3.8/site-packages/airflow/example_dags/example_branch_labels.py
[2022-01-28 22:12:11,759] {processor.py:654} INFO - DAG(s) dict_keys(['example_branch_labels']) retrieved from /home/data-eginner/Documents/Soccer_Data/env/lib/python3.8/site-packages/airflow/example_dags/example_branch_labels.py
[2022-01-28 22:12:11,767] {logging_mixin.py:109} INFO - [2022-01-28 22:12:11,766] {dag.py:2396} INFO - Sync 1 DAGs
[2022-01-28 22:12:11,804] {logging_mixin.py:109} INFO - [2022-01-28 22:12:11,804] {dag.py:2935} INFO - Setting next_dagrun for example_branch_labels to 2022-01-28 00:00:00+00:00
[2022-01-28 22:12:11,843] {processor.py:171} INFO - Processing /home/data-eginner/Documents/Soccer_Data/env/lib/python3.8/site-packages/airflow/example_dags/example_branch_labels.py took 0.155 seconds
[2022-01-28 22:13:00,153] {processor.py:163} INFO - Started process (PID=28678) to work on /home/data-eginner/Documents/Soccer_Data/env/lib/python3.8/site-packages/airflow/example_dags/example_branch_labels.py
[2022-01-28 22:13:00,156] {processor.py:642} INFO - Processing file /home/data-eginner/Documents/Soccer_Data/env/lib/python3.8/site-packages/airflow/example_dags/example_branch_labels.py for tasks to queue
[2022-01-28 22:13:00,156] {logging_mixin.py:109} INFO - [2022-01-28 22:13:00,156] {dagbag.py:500} INFO - Filling up the DagBag from /home/data-eginner/Documents/Soccer_Data/env/lib/python3.8/site-packages/airflow/example_dags/example_branch_labels.py
[2022-01-28 22:13:00,190] {processor.py:654} INFO - DAG(s) dict_keys(['example_branch_labels']) retrieved from /home/data-eginner/Documents/Soccer_Data/env/lib/python3.8/site-packages/airflow/example_dags/example_branch_labels.py
[2022-01-28 22:13:00,198] {logging_mixin.py:109} INFO - [2022-01-28 22:13:00,198] {dag.py:2396} INFO - Sync 1 DAGs
[2022-01-28 22:13:00,228] {logging_mixin.py:109} INFO - [2022-01-28 22:13:00,228] {dag.py:2935} INFO - Setting next_dagrun for example_branch_labels to 2022-01-28 00:00:00+00:00
[2022-01-28 22:13:00,256] {processor.py:171} INFO - Processing /home/data-eginner/Documents/Soccer_Data/env/lib/python3.8/site-packages/airflow/example_dags/example_branch_labels.py took 0.106 seconds
[2022-01-28 22:13:55,990] {processor.py:163} INFO - Started process (PID=28913) to work on /home/data-eginner/Documents/Soccer_Data/env/lib/python3.8/site-packages/airflow/example_dags/example_branch_labels.py
[2022-01-28 22:13:56,002] {processor.py:642} INFO - Processing file /home/data-eginner/Documents/Soccer_Data/env/lib/python3.8/site-packages/airflow/example_dags/example_branch_labels.py for tasks to queue
[2022-01-28 22:13:56,002] {logging_mixin.py:109} INFO - [2022-01-28 22:13:56,002] {dagbag.py:500} INFO - Filling up the DagBag from /home/data-eginner/Documents/Soccer_Data/env/lib/python3.8/site-packages/airflow/example_dags/example_branch_labels.py
[2022-01-28 22:13:56,099] {processor.py:654} INFO - DAG(s) dict_keys(['example_branch_labels']) retrieved from /home/data-eginner/Documents/Soccer_Data/env/lib/python3.8/site-packages/airflow/example_dags/example_branch_labels.py
[2022-01-28 22:13:56,140] {logging_mixin.py:109} INFO - [2022-01-28 22:13:56,140] {dag.py:2396} INFO - Sync 1 DAGs
[2022-01-28 22:13:56,226] {logging_mixin.py:109} INFO - [2022-01-28 22:13:56,226] {dag.py:2935} INFO - Setting next_dagrun for example_branch_labels to 2022-01-28 00:00:00+00:00
[2022-01-28 22:13:56,270] {processor.py:171} INFO - Processing /home/data-eginner/Documents/Soccer_Data/env/lib/python3.8/site-packages/airflow/example_dags/example_branch_labels.py took 0.283 seconds
[2022-01-28 22:14:53,245] {processor.py:163} INFO - Started process (PID=29130) to work on /home/data-eginner/Documents/Soccer_Data/env/lib/python3.8/site-packages/airflow/example_dags/example_branch_labels.py
[2022-01-28 22:14:53,278] {processor.py:642} INFO - Processing file /home/data-eginner/Documents/Soccer_Data/env/lib/python3.8/site-packages/airflow/example_dags/example_branch_labels.py for tasks to queue
[2022-01-28 22:14:53,279] {logging_mixin.py:109} INFO - [2022-01-28 22:14:53,278] {dagbag.py:500} INFO - Filling up the DagBag from /home/data-eginner/Documents/Soccer_Data/env/lib/python3.8/site-packages/airflow/example_dags/example_branch_labels.py
[2022-01-28 22:14:53,340] {processor.py:654} INFO - DAG(s) dict_keys(['example_branch_labels']) retrieved from /home/data-eginner/Documents/Soccer_Data/env/lib/python3.8/site-packages/airflow/example_dags/example_branch_labels.py
[2022-01-28 22:14:53,373] {logging_mixin.py:109} INFO - [2022-01-28 22:14:53,373] {dag.py:2396} INFO - Sync 1 DAGs
[2022-01-28 22:14:53,428] {logging_mixin.py:109} INFO - [2022-01-28 22:14:53,428] {dag.py:2935} INFO - Setting next_dagrun for example_branch_labels to 2022-01-28 00:00:00+00:00
[2022-01-28 22:14:53,453] {processor.py:171} INFO - Processing /home/data-eginner/Documents/Soccer_Data/env/lib/python3.8/site-packages/airflow/example_dags/example_branch_labels.py took 0.219 seconds
[2022-01-28 22:15:54,479] {processor.py:163} INFO - Started process (PID=29340) to work on /home/data-eginner/Documents/Soccer_Data/env/lib/python3.8/site-packages/airflow/example_dags/example_branch_labels.py
[2022-01-28 22:15:54,495] {processor.py:642} INFO - Processing file /home/data-eginner/Documents/Soccer_Data/env/lib/python3.8/site-packages/airflow/example_dags/example_branch_labels.py for tasks to queue
[2022-01-28 22:15:54,495] {logging_mixin.py:109} INFO - [2022-01-28 22:15:54,495] {dagbag.py:500} INFO - Filling up the DagBag from /home/data-eginner/Documents/Soccer_Data/env/lib/python3.8/site-packages/airflow/example_dags/example_branch_labels.py
[2022-01-28 22:15:54,562] {processor.py:654} INFO - DAG(s) dict_keys(['example_branch_labels']) retrieved from /home/data-eginner/Documents/Soccer_Data/env/lib/python3.8/site-packages/airflow/example_dags/example_branch_labels.py
[2022-01-28 22:15:54,605] {logging_mixin.py:109} INFO - [2022-01-28 22:15:54,605] {dag.py:2396} INFO - Sync 1 DAGs
[2022-01-28 22:15:54,650] {logging_mixin.py:109} INFO - [2022-01-28 22:15:54,650] {dag.py:2935} INFO - Setting next_dagrun for example_branch_labels to 2022-01-28 00:00:00+00:00
[2022-01-28 22:15:54,701] {processor.py:171} INFO - Processing /home/data-eginner/Documents/Soccer_Data/env/lib/python3.8/site-packages/airflow/example_dags/example_branch_labels.py took 0.224 seconds
[2022-01-28 22:16:53,199] {processor.py:163} INFO - Started process (PID=29559) to work on /home/data-eginner/Documents/Soccer_Data/env/lib/python3.8/site-packages/airflow/example_dags/example_branch_labels.py
[2022-01-28 22:16:53,225] {processor.py:642} INFO - Processing file /home/data-eginner/Documents/Soccer_Data/env/lib/python3.8/site-packages/airflow/example_dags/example_branch_labels.py for tasks to queue
[2022-01-28 22:16:53,226] {logging_mixin.py:109} INFO - [2022-01-28 22:16:53,226] {dagbag.py:500} INFO - Filling up the DagBag from /home/data-eginner/Documents/Soccer_Data/env/lib/python3.8/site-packages/airflow/example_dags/example_branch_labels.py
[2022-01-28 22:16:53,307] {processor.py:654} INFO - DAG(s) dict_keys(['example_branch_labels']) retrieved from /home/data-eginner/Documents/Soccer_Data/env/lib/python3.8/site-packages/airflow/example_dags/example_branch_labels.py
[2022-01-28 22:16:53,353] {logging_mixin.py:109} INFO - [2022-01-28 22:16:53,353] {dag.py:2396} INFO - Sync 1 DAGs
[2022-01-28 22:16:53,404] {logging_mixin.py:109} INFO - [2022-01-28 22:16:53,404] {dag.py:2935} INFO - Setting next_dagrun for example_branch_labels to 2022-01-28 00:00:00+00:00
[2022-01-28 22:16:53,434] {processor.py:171} INFO - Processing /home/data-eginner/Documents/Soccer_Data/env/lib/python3.8/site-packages/airflow/example_dags/example_branch_labels.py took 0.237 seconds
[2022-01-28 22:17:50,874] {processor.py:163} INFO - Started process (PID=29780) to work on /home/data-eginner/Documents/Soccer_Data/env/lib/python3.8/site-packages/airflow/example_dags/example_branch_labels.py
[2022-01-28 22:17:50,876] {processor.py:642} INFO - Processing file /home/data-eginner/Documents/Soccer_Data/env/lib/python3.8/site-packages/airflow/example_dags/example_branch_labels.py for tasks to queue
[2022-01-28 22:17:50,877] {logging_mixin.py:109} INFO - [2022-01-28 22:17:50,876] {dagbag.py:500} INFO - Filling up the DagBag from /home/data-eginner/Documents/Soccer_Data/env/lib/python3.8/site-packages/airflow/example_dags/example_branch_labels.py
[2022-01-28 22:17:50,897] {processor.py:654} INFO - DAG(s) dict_keys(['example_branch_labels']) retrieved from /home/data-eginner/Documents/Soccer_Data/env/lib/python3.8/site-packages/airflow/example_dags/example_branch_labels.py
[2022-01-28 22:17:50,906] {logging_mixin.py:109} INFO - [2022-01-28 22:17:50,906] {dag.py:2396} INFO - Sync 1 DAGs
[2022-01-28 22:17:50,918] {logging_mixin.py:109} INFO - [2022-01-28 22:17:50,918] {dag.py:2935} INFO - Setting next_dagrun for example_branch_labels to 2022-01-28 00:00:00+00:00
[2022-01-28 22:17:50,933] {processor.py:171} INFO - Processing /home/data-eginner/Documents/Soccer_Data/env/lib/python3.8/site-packages/airflow/example_dags/example_branch_labels.py took 0.062 seconds
[2022-01-28 22:18:28,767] {processor.py:163} INFO - Started process (PID=29938) to work on /home/data-eginner/Documents/Soccer_Data/env/lib/python3.8/site-packages/airflow/example_dags/example_branch_labels.py
[2022-01-28 22:18:28,779] {processor.py:642} INFO - Processing file /home/data-eginner/Documents/Soccer_Data/env/lib/python3.8/site-packages/airflow/example_dags/example_branch_labels.py for tasks to queue
[2022-01-28 22:18:28,779] {logging_mixin.py:109} INFO - [2022-01-28 22:18:28,779] {dagbag.py:500} INFO - Filling up the DagBag from /home/data-eginner/Documents/Soccer_Data/env/lib/python3.8/site-packages/airflow/example_dags/example_branch_labels.py
[2022-01-28 22:18:28,814] {processor.py:654} INFO - DAG(s) dict_keys(['example_branch_labels']) retrieved from /home/data-eginner/Documents/Soccer_Data/env/lib/python3.8/site-packages/airflow/example_dags/example_branch_labels.py
[2022-01-28 22:18:28,826] {logging_mixin.py:109} INFO - [2022-01-28 22:18:28,826] {dag.py:2396} INFO - Sync 1 DAGs
[2022-01-28 22:18:28,838] {logging_mixin.py:109} INFO - [2022-01-28 22:18:28,837] {dag.py:2935} INFO - Setting next_dagrun for example_branch_labels to 2022-01-28 00:00:00+00:00
[2022-01-28 22:18:28,851] {processor.py:171} INFO - Processing /home/data-eginner/Documents/Soccer_Data/env/lib/python3.8/site-packages/airflow/example_dags/example_branch_labels.py took 0.089 seconds
[2022-01-28 22:19:16,482] {processor.py:163} INFO - Started process (PID=30123) to work on /home/data-eginner/Documents/Soccer_Data/env/lib/python3.8/site-packages/airflow/example_dags/example_branch_labels.py
[2022-01-28 22:19:16,492] {processor.py:642} INFO - Processing file /home/data-eginner/Documents/Soccer_Data/env/lib/python3.8/site-packages/airflow/example_dags/example_branch_labels.py for tasks to queue
[2022-01-28 22:19:16,492] {logging_mixin.py:109} INFO - [2022-01-28 22:19:16,492] {dagbag.py:500} INFO - Filling up the DagBag from /home/data-eginner/Documents/Soccer_Data/env/lib/python3.8/site-packages/airflow/example_dags/example_branch_labels.py
[2022-01-28 22:19:16,600] {processor.py:654} INFO - DAG(s) dict_keys(['example_branch_labels']) retrieved from /home/data-eginner/Documents/Soccer_Data/env/lib/python3.8/site-packages/airflow/example_dags/example_branch_labels.py
[2022-01-28 22:19:16,640] {logging_mixin.py:109} INFO - [2022-01-28 22:19:16,639] {dag.py:2396} INFO - Sync 1 DAGs
[2022-01-28 22:19:16,667] {logging_mixin.py:109} INFO - [2022-01-28 22:19:16,667] {dag.py:2935} INFO - Setting next_dagrun for example_branch_labels to 2022-01-28 00:00:00+00:00
[2022-01-28 22:19:16,736] {processor.py:171} INFO - Processing /home/data-eginner/Documents/Soccer_Data/env/lib/python3.8/site-packages/airflow/example_dags/example_branch_labels.py took 0.273 seconds
[2022-01-28 22:20:35,926] {processor.py:163} INFO - Started process (PID=30450) to work on /home/data-eginner/Documents/Soccer_Data/env/lib/python3.8/site-packages/airflow/example_dags/example_branch_labels.py
[2022-01-28 22:20:35,928] {processor.py:642} INFO - Processing file /home/data-eginner/Documents/Soccer_Data/env/lib/python3.8/site-packages/airflow/example_dags/example_branch_labels.py for tasks to queue
[2022-01-28 22:20:35,928] {logging_mixin.py:109} INFO - [2022-01-28 22:20:35,928] {dagbag.py:500} INFO - Filling up the DagBag from /home/data-eginner/Documents/Soccer_Data/env/lib/python3.8/site-packages/airflow/example_dags/example_branch_labels.py
[2022-01-28 22:20:35,946] {processor.py:654} INFO - DAG(s) dict_keys(['example_branch_labels']) retrieved from /home/data-eginner/Documents/Soccer_Data/env/lib/python3.8/site-packages/airflow/example_dags/example_branch_labels.py
[2022-01-28 22:20:35,954] {logging_mixin.py:109} INFO - [2022-01-28 22:20:35,954] {dag.py:2396} INFO - Sync 1 DAGs
[2022-01-28 22:20:35,967] {logging_mixin.py:109} INFO - [2022-01-28 22:20:35,967] {dag.py:2935} INFO - Setting next_dagrun for example_branch_labels to 2022-01-28 00:00:00+00:00
[2022-01-28 22:20:35,983] {processor.py:171} INFO - Processing /home/data-eginner/Documents/Soccer_Data/env/lib/python3.8/site-packages/airflow/example_dags/example_branch_labels.py took 0.060 seconds
[2022-01-28 22:21:13,725] {processor.py:163} INFO - Started process (PID=30613) to work on /home/data-eginner/Documents/Soccer_Data/env/lib/python3.8/site-packages/airflow/example_dags/example_branch_labels.py
[2022-01-28 22:21:13,727] {processor.py:642} INFO - Processing file /home/data-eginner/Documents/Soccer_Data/env/lib/python3.8/site-packages/airflow/example_dags/example_branch_labels.py for tasks to queue
[2022-01-28 22:21:13,728] {logging_mixin.py:109} INFO - [2022-01-28 22:21:13,728] {dagbag.py:500} INFO - Filling up the DagBag from /home/data-eginner/Documents/Soccer_Data/env/lib/python3.8/site-packages/airflow/example_dags/example_branch_labels.py
[2022-01-28 22:21:13,758] {processor.py:654} INFO - DAG(s) dict_keys(['example_branch_labels']) retrieved from /home/data-eginner/Documents/Soccer_Data/env/lib/python3.8/site-packages/airflow/example_dags/example_branch_labels.py
[2022-01-28 22:21:13,789] {logging_mixin.py:109} INFO - [2022-01-28 22:21:13,789] {dag.py:2396} INFO - Sync 1 DAGs
[2022-01-28 22:21:13,802] {logging_mixin.py:109} INFO - [2022-01-28 22:21:13,802] {dag.py:2935} INFO - Setting next_dagrun for example_branch_labels to 2022-01-28 00:00:00+00:00
[2022-01-28 22:21:13,834] {processor.py:171} INFO - Processing /home/data-eginner/Documents/Soccer_Data/env/lib/python3.8/site-packages/airflow/example_dags/example_branch_labels.py took 0.125 seconds
[2022-01-28 22:21:55,486] {processor.py:163} INFO - Started process (PID=30791) to work on /home/data-eginner/Documents/Soccer_Data/env/lib/python3.8/site-packages/airflow/example_dags/example_branch_labels.py
[2022-01-28 22:21:55,489] {processor.py:642} INFO - Processing file /home/data-eginner/Documents/Soccer_Data/env/lib/python3.8/site-packages/airflow/example_dags/example_branch_labels.py for tasks to queue
[2022-01-28 22:21:55,490] {logging_mixin.py:109} INFO - [2022-01-28 22:21:55,490] {dagbag.py:500} INFO - Filling up the DagBag from /home/data-eginner/Documents/Soccer_Data/env/lib/python3.8/site-packages/airflow/example_dags/example_branch_labels.py
[2022-01-28 22:21:55,516] {processor.py:654} INFO - DAG(s) dict_keys(['example_branch_labels']) retrieved from /home/data-eginner/Documents/Soccer_Data/env/lib/python3.8/site-packages/airflow/example_dags/example_branch_labels.py
[2022-01-28 22:21:55,527] {logging_mixin.py:109} INFO - [2022-01-28 22:21:55,527] {dag.py:2396} INFO - Sync 1 DAGs
[2022-01-28 22:21:55,547] {logging_mixin.py:109} INFO - [2022-01-28 22:21:55,547] {dag.py:2935} INFO - Setting next_dagrun for example_branch_labels to 2022-01-28 00:00:00+00:00
[2022-01-28 22:21:55,563] {processor.py:171} INFO - Processing /home/data-eginner/Documents/Soccer_Data/env/lib/python3.8/site-packages/airflow/example_dags/example_branch_labels.py took 0.085 seconds
