[2022-01-28 21:08:34,987] {processor.py:163} INFO - Started process (PID=19835) to work on /home/data-eginner/Documents/Soccer_Data/env/lib/python3.8/site-packages/airflow/example_dags/example_external_task_marker_dag.py
[2022-01-28 21:08:35,005] {processor.py:642} INFO - Processing file /home/data-eginner/Documents/Soccer_Data/env/lib/python3.8/site-packages/airflow/example_dags/example_external_task_marker_dag.py for tasks to queue
[2022-01-28 21:08:35,006] {logging_mixin.py:109} INFO - [2022-01-28 21:08:35,006] {dagbag.py:500} INFO - Filling up the DagBag from /home/data-eginner/Documents/Soccer_Data/env/lib/python3.8/site-packages/airflow/example_dags/example_external_task_marker_dag.py
[2022-01-28 21:08:35,094] {processor.py:654} INFO - DAG(s) dict_keys(['example_external_task_marker_parent', 'example_external_task_marker_child']) retrieved from /home/data-eginner/Documents/Soccer_Data/env/lib/python3.8/site-packages/airflow/example_dags/example_external_task_marker_dag.py
[2022-01-28 21:08:35,130] {logging_mixin.py:109} INFO - [2022-01-28 21:08:35,129] {dag.py:2396} INFO - Sync 2 DAGs
[2022-01-28 21:08:35,162] {logging_mixin.py:109} INFO - [2022-01-28 21:08:35,162] {dag.py:2935} INFO - Setting next_dagrun for example_external_task_marker_child to None
[2022-01-28 21:08:35,162] {logging_mixin.py:109} INFO - [2022-01-28 21:08:35,162] {dag.py:2935} INFO - Setting next_dagrun for example_external_task_marker_parent to None
[2022-01-28 21:08:35,190] {processor.py:171} INFO - Processing /home/data-eginner/Documents/Soccer_Data/env/lib/python3.8/site-packages/airflow/example_dags/example_external_task_marker_dag.py took 0.220 seconds
[2022-01-28 21:09:27,604] {processor.py:163} INFO - Started process (PID=20012) to work on /home/data-eginner/Documents/Soccer_Data/env/lib/python3.8/site-packages/airflow/example_dags/example_external_task_marker_dag.py
[2022-01-28 21:09:27,613] {processor.py:642} INFO - Processing file /home/data-eginner/Documents/Soccer_Data/env/lib/python3.8/site-packages/airflow/example_dags/example_external_task_marker_dag.py for tasks to queue
[2022-01-28 21:09:27,613] {logging_mixin.py:109} INFO - [2022-01-28 21:09:27,613] {dagbag.py:500} INFO - Filling up the DagBag from /home/data-eginner/Documents/Soccer_Data/env/lib/python3.8/site-packages/airflow/example_dags/example_external_task_marker_dag.py
[2022-01-28 21:09:27,703] {processor.py:654} INFO - DAG(s) dict_keys(['example_external_task_marker_parent', 'example_external_task_marker_child']) retrieved from /home/data-eginner/Documents/Soccer_Data/env/lib/python3.8/site-packages/airflow/example_dags/example_external_task_marker_dag.py
[2022-01-28 21:09:27,776] {logging_mixin.py:109} INFO - [2022-01-28 21:09:27,776] {dag.py:2396} INFO - Sync 2 DAGs
[2022-01-28 21:09:27,878] {logging_mixin.py:109} INFO - [2022-01-28 21:09:27,878] {dag.py:2935} INFO - Setting next_dagrun for example_external_task_marker_child to None
[2022-01-28 21:09:27,878] {logging_mixin.py:109} INFO - [2022-01-28 21:09:27,878] {dag.py:2935} INFO - Setting next_dagrun for example_external_task_marker_parent to None
[2022-01-28 21:09:27,923] {processor.py:171} INFO - Processing /home/data-eginner/Documents/Soccer_Data/env/lib/python3.8/site-packages/airflow/example_dags/example_external_task_marker_dag.py took 0.322 seconds
[2022-01-28 21:10:25,157] {processor.py:163} INFO - Started process (PID=20232) to work on /home/data-eginner/Documents/Soccer_Data/env/lib/python3.8/site-packages/airflow/example_dags/example_external_task_marker_dag.py
[2022-01-28 21:10:25,175] {processor.py:642} INFO - Processing file /home/data-eginner/Documents/Soccer_Data/env/lib/python3.8/site-packages/airflow/example_dags/example_external_task_marker_dag.py for tasks to queue
[2022-01-28 21:10:25,175] {logging_mixin.py:109} INFO - [2022-01-28 21:10:25,175] {dagbag.py:500} INFO - Filling up the DagBag from /home/data-eginner/Documents/Soccer_Data/env/lib/python3.8/site-packages/airflow/example_dags/example_external_task_marker_dag.py
[2022-01-28 21:10:25,200] {processor.py:654} INFO - DAG(s) dict_keys(['example_external_task_marker_parent', 'example_external_task_marker_child']) retrieved from /home/data-eginner/Documents/Soccer_Data/env/lib/python3.8/site-packages/airflow/example_dags/example_external_task_marker_dag.py
[2022-01-28 21:10:25,220] {logging_mixin.py:109} INFO - [2022-01-28 21:10:25,220] {dag.py:2396} INFO - Sync 2 DAGs
[2022-01-28 21:10:25,232] {logging_mixin.py:109} INFO - [2022-01-28 21:10:25,232] {dag.py:2935} INFO - Setting next_dagrun for example_external_task_marker_child to None
[2022-01-28 21:10:25,232] {logging_mixin.py:109} INFO - [2022-01-28 21:10:25,232] {dag.py:2935} INFO - Setting next_dagrun for example_external_task_marker_parent to None
[2022-01-28 21:10:25,256] {processor.py:171} INFO - Processing /home/data-eginner/Documents/Soccer_Data/env/lib/python3.8/site-packages/airflow/example_dags/example_external_task_marker_dag.py took 0.102 seconds
[2022-01-28 21:11:09,377] {processor.py:163} INFO - Started process (PID=20409) to work on /home/data-eginner/Documents/Soccer_Data/env/lib/python3.8/site-packages/airflow/example_dags/example_external_task_marker_dag.py
[2022-01-28 21:11:09,379] {processor.py:642} INFO - Processing file /home/data-eginner/Documents/Soccer_Data/env/lib/python3.8/site-packages/airflow/example_dags/example_external_task_marker_dag.py for tasks to queue
[2022-01-28 21:11:09,379] {logging_mixin.py:109} INFO - [2022-01-28 21:11:09,379] {dagbag.py:500} INFO - Filling up the DagBag from /home/data-eginner/Documents/Soccer_Data/env/lib/python3.8/site-packages/airflow/example_dags/example_external_task_marker_dag.py
[2022-01-28 21:11:09,406] {processor.py:654} INFO - DAG(s) dict_keys(['example_external_task_marker_parent', 'example_external_task_marker_child']) retrieved from /home/data-eginner/Documents/Soccer_Data/env/lib/python3.8/site-packages/airflow/example_dags/example_external_task_marker_dag.py
[2022-01-28 21:11:09,422] {logging_mixin.py:109} INFO - [2022-01-28 21:11:09,422] {dag.py:2396} INFO - Sync 2 DAGs
[2022-01-28 21:11:09,438] {logging_mixin.py:109} INFO - [2022-01-28 21:11:09,438] {dag.py:2935} INFO - Setting next_dagrun for example_external_task_marker_child to None
[2022-01-28 21:11:09,438] {logging_mixin.py:109} INFO - [2022-01-28 21:11:09,438] {dag.py:2935} INFO - Setting next_dagrun for example_external_task_marker_parent to None
[2022-01-28 21:11:09,474] {processor.py:171} INFO - Processing /home/data-eginner/Documents/Soccer_Data/env/lib/python3.8/site-packages/airflow/example_dags/example_external_task_marker_dag.py took 0.101 seconds
[2022-01-28 21:12:00,205] {processor.py:163} INFO - Started process (PID=20609) to work on /home/data-eginner/Documents/Soccer_Data/env/lib/python3.8/site-packages/airflow/example_dags/example_external_task_marker_dag.py
[2022-01-28 21:12:00,207] {processor.py:642} INFO - Processing file /home/data-eginner/Documents/Soccer_Data/env/lib/python3.8/site-packages/airflow/example_dags/example_external_task_marker_dag.py for tasks to queue
[2022-01-28 21:12:00,208] {logging_mixin.py:109} INFO - [2022-01-28 21:12:00,208] {dagbag.py:500} INFO - Filling up the DagBag from /home/data-eginner/Documents/Soccer_Data/env/lib/python3.8/site-packages/airflow/example_dags/example_external_task_marker_dag.py
[2022-01-28 21:12:00,240] {processor.py:654} INFO - DAG(s) dict_keys(['example_external_task_marker_parent', 'example_external_task_marker_child']) retrieved from /home/data-eginner/Documents/Soccer_Data/env/lib/python3.8/site-packages/airflow/example_dags/example_external_task_marker_dag.py
[2022-01-28 21:12:00,255] {logging_mixin.py:109} INFO - [2022-01-28 21:12:00,255] {dag.py:2396} INFO - Sync 2 DAGs
[2022-01-28 21:12:00,271] {logging_mixin.py:109} INFO - [2022-01-28 21:12:00,271] {dag.py:2935} INFO - Setting next_dagrun for example_external_task_marker_child to None
[2022-01-28 21:12:00,271] {logging_mixin.py:109} INFO - [2022-01-28 21:12:00,271] {dag.py:2935} INFO - Setting next_dagrun for example_external_task_marker_parent to None
[2022-01-28 21:12:00,295] {processor.py:171} INFO - Processing /home/data-eginner/Documents/Soccer_Data/env/lib/python3.8/site-packages/airflow/example_dags/example_external_task_marker_dag.py took 0.094 seconds
[2022-01-28 21:12:49,810] {processor.py:163} INFO - Started process (PID=20801) to work on /home/data-eginner/Documents/Soccer_Data/env/lib/python3.8/site-packages/airflow/example_dags/example_external_task_marker_dag.py
[2022-01-28 21:12:49,822] {processor.py:642} INFO - Processing file /home/data-eginner/Documents/Soccer_Data/env/lib/python3.8/site-packages/airflow/example_dags/example_external_task_marker_dag.py for tasks to queue
[2022-01-28 21:12:49,822] {logging_mixin.py:109} INFO - [2022-01-28 21:12:49,822] {dagbag.py:500} INFO - Filling up the DagBag from /home/data-eginner/Documents/Soccer_Data/env/lib/python3.8/site-packages/airflow/example_dags/example_external_task_marker_dag.py
[2022-01-28 21:12:49,846] {processor.py:654} INFO - DAG(s) dict_keys(['example_external_task_marker_parent', 'example_external_task_marker_child']) retrieved from /home/data-eginner/Documents/Soccer_Data/env/lib/python3.8/site-packages/airflow/example_dags/example_external_task_marker_dag.py
[2022-01-28 21:12:49,878] {logging_mixin.py:109} INFO - [2022-01-28 21:12:49,878] {dag.py:2396} INFO - Sync 2 DAGs
[2022-01-28 21:12:49,895] {logging_mixin.py:109} INFO - [2022-01-28 21:12:49,895] {dag.py:2935} INFO - Setting next_dagrun for example_external_task_marker_child to None
[2022-01-28 21:12:49,896] {logging_mixin.py:109} INFO - [2022-01-28 21:12:49,896] {dag.py:2935} INFO - Setting next_dagrun for example_external_task_marker_parent to None
[2022-01-28 21:12:49,914] {processor.py:171} INFO - Processing /home/data-eginner/Documents/Soccer_Data/env/lib/python3.8/site-packages/airflow/example_dags/example_external_task_marker_dag.py took 0.112 seconds
[2022-01-28 21:13:43,133] {processor.py:163} INFO - Started process (PID=20988) to work on /home/data-eginner/Documents/Soccer_Data/env/lib/python3.8/site-packages/airflow/example_dags/example_external_task_marker_dag.py
[2022-01-28 21:13:43,146] {processor.py:642} INFO - Processing file /home/data-eginner/Documents/Soccer_Data/env/lib/python3.8/site-packages/airflow/example_dags/example_external_task_marker_dag.py for tasks to queue
[2022-01-28 21:13:43,147] {logging_mixin.py:109} INFO - [2022-01-28 21:13:43,146] {dagbag.py:500} INFO - Filling up the DagBag from /home/data-eginner/Documents/Soccer_Data/env/lib/python3.8/site-packages/airflow/example_dags/example_external_task_marker_dag.py
[2022-01-28 21:13:43,187] {processor.py:654} INFO - DAG(s) dict_keys(['example_external_task_marker_parent', 'example_external_task_marker_child']) retrieved from /home/data-eginner/Documents/Soccer_Data/env/lib/python3.8/site-packages/airflow/example_dags/example_external_task_marker_dag.py
[2022-01-28 21:13:43,215] {logging_mixin.py:109} INFO - [2022-01-28 21:13:43,215] {dag.py:2396} INFO - Sync 2 DAGs
[2022-01-28 21:13:43,240] {logging_mixin.py:109} INFO - [2022-01-28 21:13:43,240] {dag.py:2935} INFO - Setting next_dagrun for example_external_task_marker_child to None
[2022-01-28 21:13:43,240] {logging_mixin.py:109} INFO - [2022-01-28 21:13:43,240] {dag.py:2935} INFO - Setting next_dagrun for example_external_task_marker_parent to None
[2022-01-28 21:13:43,277] {processor.py:171} INFO - Processing /home/data-eginner/Documents/Soccer_Data/env/lib/python3.8/site-packages/airflow/example_dags/example_external_task_marker_dag.py took 0.147 seconds
[2022-01-28 21:14:28,565] {processor.py:163} INFO - Started process (PID=21157) to work on /home/data-eginner/Documents/Soccer_Data/env/lib/python3.8/site-packages/airflow/example_dags/example_external_task_marker_dag.py
[2022-01-28 21:14:28,669] {processor.py:642} INFO - Processing file /home/data-eginner/Documents/Soccer_Data/env/lib/python3.8/site-packages/airflow/example_dags/example_external_task_marker_dag.py for tasks to queue
[2022-01-28 21:14:28,670] {logging_mixin.py:109} INFO - [2022-01-28 21:14:28,669] {dagbag.py:500} INFO - Filling up the DagBag from /home/data-eginner/Documents/Soccer_Data/env/lib/python3.8/site-packages/airflow/example_dags/example_external_task_marker_dag.py
[2022-01-28 21:14:28,703] {processor.py:654} INFO - DAG(s) dict_keys(['example_external_task_marker_parent', 'example_external_task_marker_child']) retrieved from /home/data-eginner/Documents/Soccer_Data/env/lib/python3.8/site-packages/airflow/example_dags/example_external_task_marker_dag.py
[2022-01-28 21:14:28,736] {logging_mixin.py:109} INFO - [2022-01-28 21:14:28,736] {dag.py:2396} INFO - Sync 2 DAGs
[2022-01-28 21:14:28,763] {logging_mixin.py:109} INFO - [2022-01-28 21:14:28,763] {dag.py:2935} INFO - Setting next_dagrun for example_external_task_marker_child to None
[2022-01-28 21:14:28,763] {logging_mixin.py:109} INFO - [2022-01-28 21:14:28,763] {dag.py:2935} INFO - Setting next_dagrun for example_external_task_marker_parent to None
[2022-01-28 21:14:28,795] {processor.py:171} INFO - Processing /home/data-eginner/Documents/Soccer_Data/env/lib/python3.8/site-packages/airflow/example_dags/example_external_task_marker_dag.py took 0.233 seconds
[2022-01-28 21:15:51,809] {processor.py:163} INFO - Started process (PID=21441) to work on /home/data-eginner/Documents/Soccer_Data/env/lib/python3.8/site-packages/airflow/example_dags/example_external_task_marker_dag.py
[2022-01-28 21:15:51,815] {processor.py:642} INFO - Processing file /home/data-eginner/Documents/Soccer_Data/env/lib/python3.8/site-packages/airflow/example_dags/example_external_task_marker_dag.py for tasks to queue
[2022-01-28 21:15:51,815] {logging_mixin.py:109} INFO - [2022-01-28 21:15:51,815] {dagbag.py:500} INFO - Filling up the DagBag from /home/data-eginner/Documents/Soccer_Data/env/lib/python3.8/site-packages/airflow/example_dags/example_external_task_marker_dag.py
[2022-01-28 21:15:51,898] {processor.py:654} INFO - DAG(s) dict_keys(['example_external_task_marker_parent', 'example_external_task_marker_child']) retrieved from /home/data-eginner/Documents/Soccer_Data/env/lib/python3.8/site-packages/airflow/example_dags/example_external_task_marker_dag.py
[2022-01-28 21:15:51,967] {logging_mixin.py:109} INFO - [2022-01-28 21:15:51,967] {dag.py:2396} INFO - Sync 2 DAGs
[2022-01-28 21:15:52,022] {logging_mixin.py:109} INFO - [2022-01-28 21:15:52,022] {dag.py:2935} INFO - Setting next_dagrun for example_external_task_marker_child to None
[2022-01-28 21:15:52,022] {logging_mixin.py:109} INFO - [2022-01-28 21:15:52,022] {dag.py:2935} INFO - Setting next_dagrun for example_external_task_marker_parent to None
[2022-01-28 21:15:52,057] {processor.py:171} INFO - Processing /home/data-eginner/Documents/Soccer_Data/env/lib/python3.8/site-packages/airflow/example_dags/example_external_task_marker_dag.py took 0.258 seconds
[2022-01-28 21:17:05,447] {processor.py:163} INFO - Started process (PID=21656) to work on /home/data-eginner/Documents/Soccer_Data/env/lib/python3.8/site-packages/airflow/example_dags/example_external_task_marker_dag.py
[2022-01-28 21:17:05,453] {processor.py:642} INFO - Processing file /home/data-eginner/Documents/Soccer_Data/env/lib/python3.8/site-packages/airflow/example_dags/example_external_task_marker_dag.py for tasks to queue
[2022-01-28 21:17:05,454] {logging_mixin.py:109} INFO - [2022-01-28 21:17:05,454] {dagbag.py:500} INFO - Filling up the DagBag from /home/data-eginner/Documents/Soccer_Data/env/lib/python3.8/site-packages/airflow/example_dags/example_external_task_marker_dag.py
[2022-01-28 21:17:05,512] {processor.py:654} INFO - DAG(s) dict_keys(['example_external_task_marker_parent', 'example_external_task_marker_child']) retrieved from /home/data-eginner/Documents/Soccer_Data/env/lib/python3.8/site-packages/airflow/example_dags/example_external_task_marker_dag.py
[2022-01-28 21:17:05,536] {logging_mixin.py:109} INFO - [2022-01-28 21:17:05,536] {dag.py:2396} INFO - Sync 2 DAGs
[2022-01-28 21:17:05,560] {logging_mixin.py:109} INFO - [2022-01-28 21:17:05,560] {dag.py:2935} INFO - Setting next_dagrun for example_external_task_marker_child to None
[2022-01-28 21:17:05,561] {logging_mixin.py:109} INFO - [2022-01-28 21:17:05,561] {dag.py:2935} INFO - Setting next_dagrun for example_external_task_marker_parent to None
[2022-01-28 21:17:05,602] {processor.py:171} INFO - Processing /home/data-eginner/Documents/Soccer_Data/env/lib/python3.8/site-packages/airflow/example_dags/example_external_task_marker_dag.py took 0.169 seconds
[2022-01-28 21:18:20,008] {processor.py:163} INFO - Started process (PID=21902) to work on /home/data-eginner/Documents/Soccer_Data/env/lib/python3.8/site-packages/airflow/example_dags/example_external_task_marker_dag.py
[2022-01-28 21:18:20,015] {processor.py:642} INFO - Processing file /home/data-eginner/Documents/Soccer_Data/env/lib/python3.8/site-packages/airflow/example_dags/example_external_task_marker_dag.py for tasks to queue
[2022-01-28 21:18:20,016] {logging_mixin.py:109} INFO - [2022-01-28 21:18:20,016] {dagbag.py:500} INFO - Filling up the DagBag from /home/data-eginner/Documents/Soccer_Data/env/lib/python3.8/site-packages/airflow/example_dags/example_external_task_marker_dag.py
[2022-01-28 21:18:20,109] {processor.py:654} INFO - DAG(s) dict_keys(['example_external_task_marker_parent', 'example_external_task_marker_child']) retrieved from /home/data-eginner/Documents/Soccer_Data/env/lib/python3.8/site-packages/airflow/example_dags/example_external_task_marker_dag.py
[2022-01-28 21:18:20,183] {logging_mixin.py:109} INFO - [2022-01-28 21:18:20,182] {dag.py:2396} INFO - Sync 2 DAGs
[2022-01-28 21:18:20,216] {logging_mixin.py:109} INFO - [2022-01-28 21:18:20,216] {dag.py:2935} INFO - Setting next_dagrun for example_external_task_marker_child to None
[2022-01-28 21:18:20,217] {logging_mixin.py:109} INFO - [2022-01-28 21:18:20,217] {dag.py:2935} INFO - Setting next_dagrun for example_external_task_marker_parent to None
[2022-01-28 21:18:20,266] {processor.py:171} INFO - Processing /home/data-eginner/Documents/Soccer_Data/env/lib/python3.8/site-packages/airflow/example_dags/example_external_task_marker_dag.py took 0.272 seconds
[2022-01-28 21:19:18,971] {processor.py:163} INFO - Started process (PID=22074) to work on /home/data-eginner/Documents/Soccer_Data/env/lib/python3.8/site-packages/airflow/example_dags/example_external_task_marker_dag.py
[2022-01-28 21:19:18,975] {processor.py:642} INFO - Processing file /home/data-eginner/Documents/Soccer_Data/env/lib/python3.8/site-packages/airflow/example_dags/example_external_task_marker_dag.py for tasks to queue
[2022-01-28 21:19:18,975] {logging_mixin.py:109} INFO - [2022-01-28 21:19:18,975] {dagbag.py:500} INFO - Filling up the DagBag from /home/data-eginner/Documents/Soccer_Data/env/lib/python3.8/site-packages/airflow/example_dags/example_external_task_marker_dag.py
[2022-01-28 21:19:19,010] {processor.py:654} INFO - DAG(s) dict_keys(['example_external_task_marker_parent', 'example_external_task_marker_child']) retrieved from /home/data-eginner/Documents/Soccer_Data/env/lib/python3.8/site-packages/airflow/example_dags/example_external_task_marker_dag.py
[2022-01-28 21:19:19,042] {logging_mixin.py:109} INFO - [2022-01-28 21:19:19,042] {dag.py:2396} INFO - Sync 2 DAGs
[2022-01-28 21:19:19,065] {logging_mixin.py:109} INFO - [2022-01-28 21:19:19,065] {dag.py:2935} INFO - Setting next_dagrun for example_external_task_marker_child to None
[2022-01-28 21:19:19,065] {logging_mixin.py:109} INFO - [2022-01-28 21:19:19,065] {dag.py:2935} INFO - Setting next_dagrun for example_external_task_marker_parent to None
[2022-01-28 21:19:19,112] {processor.py:171} INFO - Processing /home/data-eginner/Documents/Soccer_Data/env/lib/python3.8/site-packages/airflow/example_dags/example_external_task_marker_dag.py took 0.156 seconds
[2022-01-28 21:20:29,132] {processor.py:163} INFO - Started process (PID=22312) to work on /home/data-eginner/Documents/Soccer_Data/env/lib/python3.8/site-packages/airflow/example_dags/example_external_task_marker_dag.py
[2022-01-28 21:20:29,135] {processor.py:642} INFO - Processing file /home/data-eginner/Documents/Soccer_Data/env/lib/python3.8/site-packages/airflow/example_dags/example_external_task_marker_dag.py for tasks to queue
[2022-01-28 21:20:29,135] {logging_mixin.py:109} INFO - [2022-01-28 21:20:29,135] {dagbag.py:500} INFO - Filling up the DagBag from /home/data-eginner/Documents/Soccer_Data/env/lib/python3.8/site-packages/airflow/example_dags/example_external_task_marker_dag.py
[2022-01-28 21:20:29,226] {processor.py:654} INFO - DAG(s) dict_keys(['example_external_task_marker_parent', 'example_external_task_marker_child']) retrieved from /home/data-eginner/Documents/Soccer_Data/env/lib/python3.8/site-packages/airflow/example_dags/example_external_task_marker_dag.py
[2022-01-28 21:20:29,313] {logging_mixin.py:109} INFO - [2022-01-28 21:20:29,313] {dag.py:2396} INFO - Sync 2 DAGs
[2022-01-28 21:20:29,375] {logging_mixin.py:109} INFO - [2022-01-28 21:20:29,375] {dag.py:2935} INFO - Setting next_dagrun for example_external_task_marker_child to None
[2022-01-28 21:20:29,376] {logging_mixin.py:109} INFO - [2022-01-28 21:20:29,376] {dag.py:2935} INFO - Setting next_dagrun for example_external_task_marker_parent to None
[2022-01-28 21:20:29,440] {processor.py:171} INFO - Processing /home/data-eginner/Documents/Soccer_Data/env/lib/python3.8/site-packages/airflow/example_dags/example_external_task_marker_dag.py took 0.328 seconds
[2022-01-28 21:21:25,694] {processor.py:163} INFO - Started process (PID=22513) to work on /home/data-eginner/Documents/Soccer_Data/env/lib/python3.8/site-packages/airflow/example_dags/example_external_task_marker_dag.py
[2022-01-28 21:21:25,699] {processor.py:642} INFO - Processing file /home/data-eginner/Documents/Soccer_Data/env/lib/python3.8/site-packages/airflow/example_dags/example_external_task_marker_dag.py for tasks to queue
[2022-01-28 21:21:25,699] {logging_mixin.py:109} INFO - [2022-01-28 21:21:25,699] {dagbag.py:500} INFO - Filling up the DagBag from /home/data-eginner/Documents/Soccer_Data/env/lib/python3.8/site-packages/airflow/example_dags/example_external_task_marker_dag.py
[2022-01-28 21:21:25,723] {processor.py:654} INFO - DAG(s) dict_keys(['example_external_task_marker_parent', 'example_external_task_marker_child']) retrieved from /home/data-eginner/Documents/Soccer_Data/env/lib/python3.8/site-packages/airflow/example_dags/example_external_task_marker_dag.py
[2022-01-28 21:21:25,742] {logging_mixin.py:109} INFO - [2022-01-28 21:21:25,742] {dag.py:2396} INFO - Sync 2 DAGs
[2022-01-28 21:21:25,754] {logging_mixin.py:109} INFO - [2022-01-28 21:21:25,754] {dag.py:2935} INFO - Setting next_dagrun for example_external_task_marker_child to None
[2022-01-28 21:21:25,754] {logging_mixin.py:109} INFO - [2022-01-28 21:21:25,754] {dag.py:2935} INFO - Setting next_dagrun for example_external_task_marker_parent to None
[2022-01-28 21:21:25,783] {processor.py:171} INFO - Processing /home/data-eginner/Documents/Soccer_Data/env/lib/python3.8/site-packages/airflow/example_dags/example_external_task_marker_dag.py took 0.092 seconds
[2022-01-28 21:22:22,286] {processor.py:163} INFO - Started process (PID=22725) to work on /home/data-eginner/Documents/Soccer_Data/env/lib/python3.8/site-packages/airflow/example_dags/example_external_task_marker_dag.py
[2022-01-28 21:22:22,310] {processor.py:642} INFO - Processing file /home/data-eginner/Documents/Soccer_Data/env/lib/python3.8/site-packages/airflow/example_dags/example_external_task_marker_dag.py for tasks to queue
[2022-01-28 21:22:22,311] {logging_mixin.py:109} INFO - [2022-01-28 21:22:22,311] {dagbag.py:500} INFO - Filling up the DagBag from /home/data-eginner/Documents/Soccer_Data/env/lib/python3.8/site-packages/airflow/example_dags/example_external_task_marker_dag.py
[2022-01-28 21:22:22,351] {processor.py:654} INFO - DAG(s) dict_keys(['example_external_task_marker_parent', 'example_external_task_marker_child']) retrieved from /home/data-eginner/Documents/Soccer_Data/env/lib/python3.8/site-packages/airflow/example_dags/example_external_task_marker_dag.py
[2022-01-28 21:22:22,383] {logging_mixin.py:109} INFO - [2022-01-28 21:22:22,383] {dag.py:2396} INFO - Sync 2 DAGs
[2022-01-28 21:22:22,434] {logging_mixin.py:109} INFO - [2022-01-28 21:22:22,434] {dag.py:2935} INFO - Setting next_dagrun for example_external_task_marker_child to None
[2022-01-28 21:22:22,435] {logging_mixin.py:109} INFO - [2022-01-28 21:22:22,435] {dag.py:2935} INFO - Setting next_dagrun for example_external_task_marker_parent to None
[2022-01-28 21:22:22,500] {processor.py:171} INFO - Processing /home/data-eginner/Documents/Soccer_Data/env/lib/python3.8/site-packages/airflow/example_dags/example_external_task_marker_dag.py took 0.218 seconds
[2022-01-28 21:26:42,907] {processor.py:163} INFO - Started process (PID=22979) to work on /home/data-eginner/Documents/Soccer_Data/env/lib/python3.8/site-packages/airflow/example_dags/example_external_task_marker_dag.py
[2022-01-28 21:26:42,909] {processor.py:642} INFO - Processing file /home/data-eginner/Documents/Soccer_Data/env/lib/python3.8/site-packages/airflow/example_dags/example_external_task_marker_dag.py for tasks to queue
[2022-01-28 21:26:42,910] {logging_mixin.py:109} INFO - [2022-01-28 21:26:42,909] {dagbag.py:500} INFO - Filling up the DagBag from /home/data-eginner/Documents/Soccer_Data/env/lib/python3.8/site-packages/airflow/example_dags/example_external_task_marker_dag.py
[2022-01-28 21:26:42,967] {processor.py:654} INFO - DAG(s) dict_keys(['example_external_task_marker_parent', 'example_external_task_marker_child']) retrieved from /home/data-eginner/Documents/Soccer_Data/env/lib/python3.8/site-packages/airflow/example_dags/example_external_task_marker_dag.py
[2022-01-28 21:26:43,016] {logging_mixin.py:109} INFO - [2022-01-28 21:26:43,016] {dag.py:2396} INFO - Sync 2 DAGs
[2022-01-28 21:26:43,048] {logging_mixin.py:109} INFO - [2022-01-28 21:26:43,048] {dag.py:2935} INFO - Setting next_dagrun for example_external_task_marker_child to None
[2022-01-28 21:26:43,048] {logging_mixin.py:109} INFO - [2022-01-28 21:26:43,048] {dag.py:2935} INFO - Setting next_dagrun for example_external_task_marker_parent to None
[2022-01-28 21:26:43,091] {processor.py:171} INFO - Processing /home/data-eginner/Documents/Soccer_Data/env/lib/python3.8/site-packages/airflow/example_dags/example_external_task_marker_dag.py took 0.209 seconds
[2022-01-28 21:27:45,907] {processor.py:163} INFO - Started process (PID=23233) to work on /home/data-eginner/Documents/Soccer_Data/env/lib/python3.8/site-packages/airflow/example_dags/example_external_task_marker_dag.py
[2022-01-28 21:27:45,910] {processor.py:642} INFO - Processing file /home/data-eginner/Documents/Soccer_Data/env/lib/python3.8/site-packages/airflow/example_dags/example_external_task_marker_dag.py for tasks to queue
[2022-01-28 21:27:45,911] {logging_mixin.py:109} INFO - [2022-01-28 21:27:45,911] {dagbag.py:500} INFO - Filling up the DagBag from /home/data-eginner/Documents/Soccer_Data/env/lib/python3.8/site-packages/airflow/example_dags/example_external_task_marker_dag.py
[2022-01-28 21:27:45,938] {processor.py:654} INFO - DAG(s) dict_keys(['example_external_task_marker_parent', 'example_external_task_marker_child']) retrieved from /home/data-eginner/Documents/Soccer_Data/env/lib/python3.8/site-packages/airflow/example_dags/example_external_task_marker_dag.py
[2022-01-28 21:27:45,951] {logging_mixin.py:109} INFO - [2022-01-28 21:27:45,951] {dag.py:2396} INFO - Sync 2 DAGs
[2022-01-28 21:27:45,991] {logging_mixin.py:109} INFO - [2022-01-28 21:27:45,990] {dag.py:2935} INFO - Setting next_dagrun for example_external_task_marker_child to None
[2022-01-28 21:27:45,991] {logging_mixin.py:109} INFO - [2022-01-28 21:27:45,991] {dag.py:2935} INFO - Setting next_dagrun for example_external_task_marker_parent to None
[2022-01-28 21:27:46,032] {processor.py:171} INFO - Processing /home/data-eginner/Documents/Soccer_Data/env/lib/python3.8/site-packages/airflow/example_dags/example_external_task_marker_dag.py took 0.127 seconds
[2022-01-28 21:29:14,801] {processor.py:163} INFO - Started process (PID=23522) to work on /home/data-eginner/Documents/Soccer_Data/env/lib/python3.8/site-packages/airflow/example_dags/example_external_task_marker_dag.py
[2022-01-28 21:29:14,804] {processor.py:642} INFO - Processing file /home/data-eginner/Documents/Soccer_Data/env/lib/python3.8/site-packages/airflow/example_dags/example_external_task_marker_dag.py for tasks to queue
[2022-01-28 21:29:14,805] {logging_mixin.py:109} INFO - [2022-01-28 21:29:14,805] {dagbag.py:500} INFO - Filling up the DagBag from /home/data-eginner/Documents/Soccer_Data/env/lib/python3.8/site-packages/airflow/example_dags/example_external_task_marker_dag.py
[2022-01-28 21:29:14,849] {processor.py:654} INFO - DAG(s) dict_keys(['example_external_task_marker_parent', 'example_external_task_marker_child']) retrieved from /home/data-eginner/Documents/Soccer_Data/env/lib/python3.8/site-packages/airflow/example_dags/example_external_task_marker_dag.py
[2022-01-28 21:29:14,900] {logging_mixin.py:109} INFO - [2022-01-28 21:29:14,900] {dag.py:2396} INFO - Sync 2 DAGs
[2022-01-28 21:29:14,923] {logging_mixin.py:109} INFO - [2022-01-28 21:29:14,923] {dag.py:2935} INFO - Setting next_dagrun for example_external_task_marker_child to None
[2022-01-28 21:29:14,924] {logging_mixin.py:109} INFO - [2022-01-28 21:29:14,924] {dag.py:2935} INFO - Setting next_dagrun for example_external_task_marker_parent to None
[2022-01-28 21:29:14,994] {processor.py:171} INFO - Processing /home/data-eginner/Documents/Soccer_Data/env/lib/python3.8/site-packages/airflow/example_dags/example_external_task_marker_dag.py took 0.220 seconds
[2022-01-28 21:30:10,386] {processor.py:163} INFO - Started process (PID=23712) to work on /home/data-eginner/Documents/Soccer_Data/env/lib/python3.8/site-packages/airflow/example_dags/example_external_task_marker_dag.py
[2022-01-28 21:30:10,390] {processor.py:642} INFO - Processing file /home/data-eginner/Documents/Soccer_Data/env/lib/python3.8/site-packages/airflow/example_dags/example_external_task_marker_dag.py for tasks to queue
[2022-01-28 21:30:10,390] {logging_mixin.py:109} INFO - [2022-01-28 21:30:10,390] {dagbag.py:500} INFO - Filling up the DagBag from /home/data-eginner/Documents/Soccer_Data/env/lib/python3.8/site-packages/airflow/example_dags/example_external_task_marker_dag.py
[2022-01-28 21:30:10,430] {processor.py:654} INFO - DAG(s) dict_keys(['example_external_task_marker_parent', 'example_external_task_marker_child']) retrieved from /home/data-eginner/Documents/Soccer_Data/env/lib/python3.8/site-packages/airflow/example_dags/example_external_task_marker_dag.py
[2022-01-28 21:30:10,470] {logging_mixin.py:109} INFO - [2022-01-28 21:30:10,470] {dag.py:2396} INFO - Sync 2 DAGs
[2022-01-28 21:30:10,505] {logging_mixin.py:109} INFO - [2022-01-28 21:30:10,504] {dag.py:2935} INFO - Setting next_dagrun for example_external_task_marker_child to None
[2022-01-28 21:30:10,505] {logging_mixin.py:109} INFO - [2022-01-28 21:30:10,505] {dag.py:2935} INFO - Setting next_dagrun for example_external_task_marker_parent to None
[2022-01-28 21:30:10,533] {processor.py:171} INFO - Processing /home/data-eginner/Documents/Soccer_Data/env/lib/python3.8/site-packages/airflow/example_dags/example_external_task_marker_dag.py took 0.158 seconds
[2022-01-28 21:31:05,388] {processor.py:163} INFO - Started process (PID=23902) to work on /home/data-eginner/Documents/Soccer_Data/env/lib/python3.8/site-packages/airflow/example_dags/example_external_task_marker_dag.py
[2022-01-28 21:31:05,438] {processor.py:642} INFO - Processing file /home/data-eginner/Documents/Soccer_Data/env/lib/python3.8/site-packages/airflow/example_dags/example_external_task_marker_dag.py for tasks to queue
[2022-01-28 21:31:05,439] {logging_mixin.py:109} INFO - [2022-01-28 21:31:05,439] {dagbag.py:500} INFO - Filling up the DagBag from /home/data-eginner/Documents/Soccer_Data/env/lib/python3.8/site-packages/airflow/example_dags/example_external_task_marker_dag.py
[2022-01-28 21:31:05,486] {processor.py:654} INFO - DAG(s) dict_keys(['example_external_task_marker_parent', 'example_external_task_marker_child']) retrieved from /home/data-eginner/Documents/Soccer_Data/env/lib/python3.8/site-packages/airflow/example_dags/example_external_task_marker_dag.py
[2022-01-28 21:31:05,536] {logging_mixin.py:109} INFO - [2022-01-28 21:31:05,536] {dag.py:2396} INFO - Sync 2 DAGs
[2022-01-28 21:31:05,559] {logging_mixin.py:109} INFO - [2022-01-28 21:31:05,559] {dag.py:2935} INFO - Setting next_dagrun for example_external_task_marker_child to None
[2022-01-28 21:31:05,559] {logging_mixin.py:109} INFO - [2022-01-28 21:31:05,559] {dag.py:2935} INFO - Setting next_dagrun for example_external_task_marker_parent to None
[2022-01-28 21:31:05,592] {processor.py:171} INFO - Processing /home/data-eginner/Documents/Soccer_Data/env/lib/python3.8/site-packages/airflow/example_dags/example_external_task_marker_dag.py took 0.207 seconds
[2022-01-28 21:32:21,588] {processor.py:163} INFO - Started process (PID=24173) to work on /home/data-eginner/Documents/Soccer_Data/env/lib/python3.8/site-packages/airflow/example_dags/example_external_task_marker_dag.py
[2022-01-28 21:32:21,590] {processor.py:642} INFO - Processing file /home/data-eginner/Documents/Soccer_Data/env/lib/python3.8/site-packages/airflow/example_dags/example_external_task_marker_dag.py for tasks to queue
[2022-01-28 21:32:21,591] {logging_mixin.py:109} INFO - [2022-01-28 21:32:21,591] {dagbag.py:500} INFO - Filling up the DagBag from /home/data-eginner/Documents/Soccer_Data/env/lib/python3.8/site-packages/airflow/example_dags/example_external_task_marker_dag.py
[2022-01-28 21:32:21,808] {processor.py:654} INFO - DAG(s) dict_keys(['example_external_task_marker_parent', 'example_external_task_marker_child']) retrieved from /home/data-eginner/Documents/Soccer_Data/env/lib/python3.8/site-packages/airflow/example_dags/example_external_task_marker_dag.py
[2022-01-28 21:32:21,892] {logging_mixin.py:109} INFO - [2022-01-28 21:32:21,892] {dag.py:2396} INFO - Sync 2 DAGs
[2022-01-28 21:32:21,932] {logging_mixin.py:109} INFO - [2022-01-28 21:32:21,932] {dag.py:2935} INFO - Setting next_dagrun for example_external_task_marker_child to None
[2022-01-28 21:32:21,933] {logging_mixin.py:109} INFO - [2022-01-28 21:32:21,933] {dag.py:2935} INFO - Setting next_dagrun for example_external_task_marker_parent to None
[2022-01-28 21:32:21,981] {processor.py:171} INFO - Processing /home/data-eginner/Documents/Soccer_Data/env/lib/python3.8/site-packages/airflow/example_dags/example_external_task_marker_dag.py took 0.398 seconds
[2022-01-28 21:33:07,702] {processor.py:163} INFO - Started process (PID=24350) to work on /home/data-eginner/Documents/Soccer_Data/env/lib/python3.8/site-packages/airflow/example_dags/example_external_task_marker_dag.py
[2022-01-28 21:33:07,703] {processor.py:642} INFO - Processing file /home/data-eginner/Documents/Soccer_Data/env/lib/python3.8/site-packages/airflow/example_dags/example_external_task_marker_dag.py for tasks to queue
[2022-01-28 21:33:07,704] {logging_mixin.py:109} INFO - [2022-01-28 21:33:07,704] {dagbag.py:500} INFO - Filling up the DagBag from /home/data-eginner/Documents/Soccer_Data/env/lib/python3.8/site-packages/airflow/example_dags/example_external_task_marker_dag.py
[2022-01-28 21:33:07,727] {processor.py:654} INFO - DAG(s) dict_keys(['example_external_task_marker_parent', 'example_external_task_marker_child']) retrieved from /home/data-eginner/Documents/Soccer_Data/env/lib/python3.8/site-packages/airflow/example_dags/example_external_task_marker_dag.py
[2022-01-28 21:33:07,738] {logging_mixin.py:109} INFO - [2022-01-28 21:33:07,738] {dag.py:2396} INFO - Sync 2 DAGs
[2022-01-28 21:33:07,753] {logging_mixin.py:109} INFO - [2022-01-28 21:33:07,753] {dag.py:2935} INFO - Setting next_dagrun for example_external_task_marker_child to None
[2022-01-28 21:33:07,753] {logging_mixin.py:109} INFO - [2022-01-28 21:33:07,753] {dag.py:2935} INFO - Setting next_dagrun for example_external_task_marker_parent to None
[2022-01-28 21:33:07,778] {processor.py:171} INFO - Processing /home/data-eginner/Documents/Soccer_Data/env/lib/python3.8/site-packages/airflow/example_dags/example_external_task_marker_dag.py took 0.080 seconds
[2022-01-28 21:33:52,644] {processor.py:163} INFO - Started process (PID=24527) to work on /home/data-eginner/Documents/Soccer_Data/env/lib/python3.8/site-packages/airflow/example_dags/example_external_task_marker_dag.py
[2022-01-28 21:33:52,646] {processor.py:642} INFO - Processing file /home/data-eginner/Documents/Soccer_Data/env/lib/python3.8/site-packages/airflow/example_dags/example_external_task_marker_dag.py for tasks to queue
[2022-01-28 21:33:52,647] {logging_mixin.py:109} INFO - [2022-01-28 21:33:52,647] {dagbag.py:500} INFO - Filling up the DagBag from /home/data-eginner/Documents/Soccer_Data/env/lib/python3.8/site-packages/airflow/example_dags/example_external_task_marker_dag.py
[2022-01-28 21:33:52,694] {processor.py:654} INFO - DAG(s) dict_keys(['example_external_task_marker_parent', 'example_external_task_marker_child']) retrieved from /home/data-eginner/Documents/Soccer_Data/env/lib/python3.8/site-packages/airflow/example_dags/example_external_task_marker_dag.py
[2022-01-28 21:33:52,711] {logging_mixin.py:109} INFO - [2022-01-28 21:33:52,711] {dag.py:2396} INFO - Sync 2 DAGs
[2022-01-28 21:33:52,732] {logging_mixin.py:109} INFO - [2022-01-28 21:33:52,732] {dag.py:2935} INFO - Setting next_dagrun for example_external_task_marker_child to None
[2022-01-28 21:33:52,732] {logging_mixin.py:109} INFO - [2022-01-28 21:33:52,732] {dag.py:2935} INFO - Setting next_dagrun for example_external_task_marker_parent to None
[2022-01-28 21:33:52,760] {processor.py:171} INFO - Processing /home/data-eginner/Documents/Soccer_Data/env/lib/python3.8/site-packages/airflow/example_dags/example_external_task_marker_dag.py took 0.144 seconds
[2022-01-28 21:34:40,425] {processor.py:163} INFO - Started process (PID=24708) to work on /home/data-eginner/Documents/Soccer_Data/env/lib/python3.8/site-packages/airflow/example_dags/example_external_task_marker_dag.py
[2022-01-28 21:34:40,428] {processor.py:642} INFO - Processing file /home/data-eginner/Documents/Soccer_Data/env/lib/python3.8/site-packages/airflow/example_dags/example_external_task_marker_dag.py for tasks to queue
[2022-01-28 21:34:40,429] {logging_mixin.py:109} INFO - [2022-01-28 21:34:40,429] {dagbag.py:500} INFO - Filling up the DagBag from /home/data-eginner/Documents/Soccer_Data/env/lib/python3.8/site-packages/airflow/example_dags/example_external_task_marker_dag.py
[2022-01-28 21:34:40,489] {processor.py:654} INFO - DAG(s) dict_keys(['example_external_task_marker_parent', 'example_external_task_marker_child']) retrieved from /home/data-eginner/Documents/Soccer_Data/env/lib/python3.8/site-packages/airflow/example_dags/example_external_task_marker_dag.py
[2022-01-28 21:34:40,518] {logging_mixin.py:109} INFO - [2022-01-28 21:34:40,518] {dag.py:2396} INFO - Sync 2 DAGs
[2022-01-28 21:34:40,533] {logging_mixin.py:109} INFO - [2022-01-28 21:34:40,533] {dag.py:2935} INFO - Setting next_dagrun for example_external_task_marker_child to None
[2022-01-28 21:34:40,534] {logging_mixin.py:109} INFO - [2022-01-28 21:34:40,534] {dag.py:2935} INFO - Setting next_dagrun for example_external_task_marker_parent to None
[2022-01-28 21:34:40,563] {processor.py:171} INFO - Processing /home/data-eginner/Documents/Soccer_Data/env/lib/python3.8/site-packages/airflow/example_dags/example_external_task_marker_dag.py took 0.142 seconds
[2022-01-28 21:56:27,318] {processor.py:163} INFO - Started process (PID=25102) to work on /home/data-eginner/Documents/Soccer_Data/env/lib/python3.8/site-packages/airflow/example_dags/example_external_task_marker_dag.py
[2022-01-28 21:56:27,326] {processor.py:642} INFO - Processing file /home/data-eginner/Documents/Soccer_Data/env/lib/python3.8/site-packages/airflow/example_dags/example_external_task_marker_dag.py for tasks to queue
[2022-01-28 21:56:27,326] {logging_mixin.py:109} INFO - [2022-01-28 21:56:27,326] {dagbag.py:500} INFO - Filling up the DagBag from /home/data-eginner/Documents/Soccer_Data/env/lib/python3.8/site-packages/airflow/example_dags/example_external_task_marker_dag.py
[2022-01-28 21:56:27,414] {processor.py:654} INFO - DAG(s) dict_keys(['example_external_task_marker_parent', 'example_external_task_marker_child']) retrieved from /home/data-eginner/Documents/Soccer_Data/env/lib/python3.8/site-packages/airflow/example_dags/example_external_task_marker_dag.py
[2022-01-28 21:56:27,458] {logging_mixin.py:109} INFO - [2022-01-28 21:56:27,458] {dag.py:2396} INFO - Sync 2 DAGs
[2022-01-28 21:56:27,500] {logging_mixin.py:109} INFO - [2022-01-28 21:56:27,500] {dag.py:2935} INFO - Setting next_dagrun for example_external_task_marker_child to None
[2022-01-28 21:56:27,500] {logging_mixin.py:109} INFO - [2022-01-28 21:56:27,500] {dag.py:2935} INFO - Setting next_dagrun for example_external_task_marker_parent to None
[2022-01-28 21:56:27,568] {processor.py:171} INFO - Processing /home/data-eginner/Documents/Soccer_Data/env/lib/python3.8/site-packages/airflow/example_dags/example_external_task_marker_dag.py took 0.253 seconds
[2022-01-28 21:57:21,216] {processor.py:163} INFO - Started process (PID=25298) to work on /home/data-eginner/Documents/Soccer_Data/env/lib/python3.8/site-packages/airflow/example_dags/example_external_task_marker_dag.py
[2022-01-28 21:57:21,223] {processor.py:642} INFO - Processing file /home/data-eginner/Documents/Soccer_Data/env/lib/python3.8/site-packages/airflow/example_dags/example_external_task_marker_dag.py for tasks to queue
[2022-01-28 21:57:21,224] {logging_mixin.py:109} INFO - [2022-01-28 21:57:21,224] {dagbag.py:500} INFO - Filling up the DagBag from /home/data-eginner/Documents/Soccer_Data/env/lib/python3.8/site-packages/airflow/example_dags/example_external_task_marker_dag.py
[2022-01-28 21:57:21,247] {processor.py:654} INFO - DAG(s) dict_keys(['example_external_task_marker_parent', 'example_external_task_marker_child']) retrieved from /home/data-eginner/Documents/Soccer_Data/env/lib/python3.8/site-packages/airflow/example_dags/example_external_task_marker_dag.py
[2022-01-28 21:57:21,273] {logging_mixin.py:109} INFO - [2022-01-28 21:57:21,273] {dag.py:2396} INFO - Sync 2 DAGs
[2022-01-28 21:57:21,294] {logging_mixin.py:109} INFO - [2022-01-28 21:57:21,294] {dag.py:2935} INFO - Setting next_dagrun for example_external_task_marker_child to None
[2022-01-28 21:57:21,294] {logging_mixin.py:109} INFO - [2022-01-28 21:57:21,294] {dag.py:2935} INFO - Setting next_dagrun for example_external_task_marker_parent to None
[2022-01-28 21:57:21,343] {processor.py:171} INFO - Processing /home/data-eginner/Documents/Soccer_Data/env/lib/python3.8/site-packages/airflow/example_dags/example_external_task_marker_dag.py took 0.129 seconds
[2022-01-28 21:58:07,473] {processor.py:163} INFO - Started process (PID=25484) to work on /home/data-eginner/Documents/Soccer_Data/env/lib/python3.8/site-packages/airflow/example_dags/example_external_task_marker_dag.py
[2022-01-28 21:58:07,475] {processor.py:642} INFO - Processing file /home/data-eginner/Documents/Soccer_Data/env/lib/python3.8/site-packages/airflow/example_dags/example_external_task_marker_dag.py for tasks to queue
[2022-01-28 21:58:07,475] {logging_mixin.py:109} INFO - [2022-01-28 21:58:07,475] {dagbag.py:500} INFO - Filling up the DagBag from /home/data-eginner/Documents/Soccer_Data/env/lib/python3.8/site-packages/airflow/example_dags/example_external_task_marker_dag.py
[2022-01-28 21:58:07,509] {processor.py:654} INFO - DAG(s) dict_keys(['example_external_task_marker_parent', 'example_external_task_marker_child']) retrieved from /home/data-eginner/Documents/Soccer_Data/env/lib/python3.8/site-packages/airflow/example_dags/example_external_task_marker_dag.py
[2022-01-28 21:58:07,527] {logging_mixin.py:109} INFO - [2022-01-28 21:58:07,527] {dag.py:2396} INFO - Sync 2 DAGs
[2022-01-28 21:58:07,554] {logging_mixin.py:109} INFO - [2022-01-28 21:58:07,554] {dag.py:2935} INFO - Setting next_dagrun for example_external_task_marker_child to None
[2022-01-28 21:58:07,555] {logging_mixin.py:109} INFO - [2022-01-28 21:58:07,554] {dag.py:2935} INFO - Setting next_dagrun for example_external_task_marker_parent to None
[2022-01-28 21:58:07,575] {processor.py:171} INFO - Processing /home/data-eginner/Documents/Soccer_Data/env/lib/python3.8/site-packages/airflow/example_dags/example_external_task_marker_dag.py took 0.105 seconds
[2022-01-28 21:58:48,576] {processor.py:163} INFO - Started process (PID=25643) to work on /home/data-eginner/Documents/Soccer_Data/env/lib/python3.8/site-packages/airflow/example_dags/example_external_task_marker_dag.py
[2022-01-28 21:58:48,578] {processor.py:642} INFO - Processing file /home/data-eginner/Documents/Soccer_Data/env/lib/python3.8/site-packages/airflow/example_dags/example_external_task_marker_dag.py for tasks to queue
[2022-01-28 21:58:48,579] {logging_mixin.py:109} INFO - [2022-01-28 21:58:48,579] {dagbag.py:500} INFO - Filling up the DagBag from /home/data-eginner/Documents/Soccer_Data/env/lib/python3.8/site-packages/airflow/example_dags/example_external_task_marker_dag.py
[2022-01-28 21:58:48,597] {processor.py:654} INFO - DAG(s) dict_keys(['example_external_task_marker_parent', 'example_external_task_marker_child']) retrieved from /home/data-eginner/Documents/Soccer_Data/env/lib/python3.8/site-packages/airflow/example_dags/example_external_task_marker_dag.py
[2022-01-28 21:58:48,619] {logging_mixin.py:109} INFO - [2022-01-28 21:58:48,619] {dag.py:2396} INFO - Sync 2 DAGs
[2022-01-28 21:58:48,631] {logging_mixin.py:109} INFO - [2022-01-28 21:58:48,631] {dag.py:2935} INFO - Setting next_dagrun for example_external_task_marker_child to None
[2022-01-28 21:58:48,643] {logging_mixin.py:109} INFO - [2022-01-28 21:58:48,632] {dag.py:2935} INFO - Setting next_dagrun for example_external_task_marker_parent to None
[2022-01-28 21:58:48,686] {processor.py:171} INFO - Processing /home/data-eginner/Documents/Soccer_Data/env/lib/python3.8/site-packages/airflow/example_dags/example_external_task_marker_dag.py took 0.121 seconds
[2022-01-28 21:59:42,013] {processor.py:163} INFO - Started process (PID=25851) to work on /home/data-eginner/Documents/Soccer_Data/env/lib/python3.8/site-packages/airflow/example_dags/example_external_task_marker_dag.py
[2022-01-28 21:59:42,015] {processor.py:642} INFO - Processing file /home/data-eginner/Documents/Soccer_Data/env/lib/python3.8/site-packages/airflow/example_dags/example_external_task_marker_dag.py for tasks to queue
[2022-01-28 21:59:42,016] {logging_mixin.py:109} INFO - [2022-01-28 21:59:42,016] {dagbag.py:500} INFO - Filling up the DagBag from /home/data-eginner/Documents/Soccer_Data/env/lib/python3.8/site-packages/airflow/example_dags/example_external_task_marker_dag.py
[2022-01-28 21:59:42,063] {processor.py:654} INFO - DAG(s) dict_keys(['example_external_task_marker_parent', 'example_external_task_marker_child']) retrieved from /home/data-eginner/Documents/Soccer_Data/env/lib/python3.8/site-packages/airflow/example_dags/example_external_task_marker_dag.py
[2022-01-28 21:59:42,074] {logging_mixin.py:109} INFO - [2022-01-28 21:59:42,074] {dag.py:2396} INFO - Sync 2 DAGs
[2022-01-28 21:59:42,085] {logging_mixin.py:109} INFO - [2022-01-28 21:59:42,085] {dag.py:2935} INFO - Setting next_dagrun for example_external_task_marker_child to None
[2022-01-28 21:59:42,085] {logging_mixin.py:109} INFO - [2022-01-28 21:59:42,085] {dag.py:2935} INFO - Setting next_dagrun for example_external_task_marker_parent to None
[2022-01-28 21:59:42,103] {processor.py:171} INFO - Processing /home/data-eginner/Documents/Soccer_Data/env/lib/python3.8/site-packages/airflow/example_dags/example_external_task_marker_dag.py took 0.093 seconds
[2022-01-28 22:00:25,701] {processor.py:163} INFO - Started process (PID=26021) to work on /home/data-eginner/Documents/Soccer_Data/env/lib/python3.8/site-packages/airflow/example_dags/example_external_task_marker_dag.py
[2022-01-28 22:00:25,707] {processor.py:642} INFO - Processing file /home/data-eginner/Documents/Soccer_Data/env/lib/python3.8/site-packages/airflow/example_dags/example_external_task_marker_dag.py for tasks to queue
[2022-01-28 22:00:25,707] {logging_mixin.py:109} INFO - [2022-01-28 22:00:25,707] {dagbag.py:500} INFO - Filling up the DagBag from /home/data-eginner/Documents/Soccer_Data/env/lib/python3.8/site-packages/airflow/example_dags/example_external_task_marker_dag.py
[2022-01-28 22:00:25,735] {processor.py:654} INFO - DAG(s) dict_keys(['example_external_task_marker_parent', 'example_external_task_marker_child']) retrieved from /home/data-eginner/Documents/Soccer_Data/env/lib/python3.8/site-packages/airflow/example_dags/example_external_task_marker_dag.py
[2022-01-28 22:00:25,748] {logging_mixin.py:109} INFO - [2022-01-28 22:00:25,748] {dag.py:2396} INFO - Sync 2 DAGs
[2022-01-28 22:00:25,760] {logging_mixin.py:109} INFO - [2022-01-28 22:00:25,760] {dag.py:2935} INFO - Setting next_dagrun for example_external_task_marker_child to None
[2022-01-28 22:00:25,760] {logging_mixin.py:109} INFO - [2022-01-28 22:00:25,760] {dag.py:2935} INFO - Setting next_dagrun for example_external_task_marker_parent to None
[2022-01-28 22:00:25,782] {processor.py:171} INFO - Processing /home/data-eginner/Documents/Soccer_Data/env/lib/python3.8/site-packages/airflow/example_dags/example_external_task_marker_dag.py took 0.086 seconds
[2022-01-28 22:01:04,245] {processor.py:163} INFO - Started process (PID=26180) to work on /home/data-eginner/Documents/Soccer_Data/env/lib/python3.8/site-packages/airflow/example_dags/example_external_task_marker_dag.py
[2022-01-28 22:01:04,253] {processor.py:642} INFO - Processing file /home/data-eginner/Documents/Soccer_Data/env/lib/python3.8/site-packages/airflow/example_dags/example_external_task_marker_dag.py for tasks to queue
[2022-01-28 22:01:04,255] {logging_mixin.py:109} INFO - [2022-01-28 22:01:04,255] {dagbag.py:500} INFO - Filling up the DagBag from /home/data-eginner/Documents/Soccer_Data/env/lib/python3.8/site-packages/airflow/example_dags/example_external_task_marker_dag.py
[2022-01-28 22:01:04,312] {processor.py:654} INFO - DAG(s) dict_keys(['example_external_task_marker_parent', 'example_external_task_marker_child']) retrieved from /home/data-eginner/Documents/Soccer_Data/env/lib/python3.8/site-packages/airflow/example_dags/example_external_task_marker_dag.py
[2022-01-28 22:01:04,327] {logging_mixin.py:109} INFO - [2022-01-28 22:01:04,327] {dag.py:2396} INFO - Sync 2 DAGs
[2022-01-28 22:01:04,341] {logging_mixin.py:109} INFO - [2022-01-28 22:01:04,341] {dag.py:2935} INFO - Setting next_dagrun for example_external_task_marker_child to None
[2022-01-28 22:01:04,341] {logging_mixin.py:109} INFO - [2022-01-28 22:01:04,341] {dag.py:2935} INFO - Setting next_dagrun for example_external_task_marker_parent to None
[2022-01-28 22:01:04,358] {processor.py:171} INFO - Processing /home/data-eginner/Documents/Soccer_Data/env/lib/python3.8/site-packages/airflow/example_dags/example_external_task_marker_dag.py took 0.123 seconds
[2022-01-28 22:01:49,557] {processor.py:163} INFO - Started process (PID=26351) to work on /home/data-eginner/Documents/Soccer_Data/env/lib/python3.8/site-packages/airflow/example_dags/example_external_task_marker_dag.py
[2022-01-28 22:01:49,566] {processor.py:642} INFO - Processing file /home/data-eginner/Documents/Soccer_Data/env/lib/python3.8/site-packages/airflow/example_dags/example_external_task_marker_dag.py for tasks to queue
[2022-01-28 22:01:49,566] {logging_mixin.py:109} INFO - [2022-01-28 22:01:49,566] {dagbag.py:500} INFO - Filling up the DagBag from /home/data-eginner/Documents/Soccer_Data/env/lib/python3.8/site-packages/airflow/example_dags/example_external_task_marker_dag.py
[2022-01-28 22:01:49,598] {processor.py:654} INFO - DAG(s) dict_keys(['example_external_task_marker_parent', 'example_external_task_marker_child']) retrieved from /home/data-eginner/Documents/Soccer_Data/env/lib/python3.8/site-packages/airflow/example_dags/example_external_task_marker_dag.py
[2022-01-28 22:01:49,621] {logging_mixin.py:109} INFO - [2022-01-28 22:01:49,620] {dag.py:2396} INFO - Sync 2 DAGs
[2022-01-28 22:01:49,654] {logging_mixin.py:109} INFO - [2022-01-28 22:01:49,653] {dag.py:2935} INFO - Setting next_dagrun for example_external_task_marker_child to None
[2022-01-28 22:01:49,654] {logging_mixin.py:109} INFO - [2022-01-28 22:01:49,654] {dag.py:2935} INFO - Setting next_dagrun for example_external_task_marker_parent to None
[2022-01-28 22:01:49,702] {processor.py:171} INFO - Processing /home/data-eginner/Documents/Soccer_Data/env/lib/python3.8/site-packages/airflow/example_dags/example_external_task_marker_dag.py took 0.147 seconds
[2022-01-28 22:04:33,989] {processor.py:163} INFO - Started process (PID=26627) to work on /home/data-eginner/Documents/Soccer_Data/env/lib/python3.8/site-packages/airflow/example_dags/example_external_task_marker_dag.py
[2022-01-28 22:04:33,995] {processor.py:642} INFO - Processing file /home/data-eginner/Documents/Soccer_Data/env/lib/python3.8/site-packages/airflow/example_dags/example_external_task_marker_dag.py for tasks to queue
[2022-01-28 22:04:33,997] {logging_mixin.py:109} INFO - [2022-01-28 22:04:33,996] {dagbag.py:500} INFO - Filling up the DagBag from /home/data-eginner/Documents/Soccer_Data/env/lib/python3.8/site-packages/airflow/example_dags/example_external_task_marker_dag.py
[2022-01-28 22:04:34,017] {processor.py:654} INFO - DAG(s) dict_keys(['example_external_task_marker_parent', 'example_external_task_marker_child']) retrieved from /home/data-eginner/Documents/Soccer_Data/env/lib/python3.8/site-packages/airflow/example_dags/example_external_task_marker_dag.py
[2022-01-28 22:04:34,028] {logging_mixin.py:109} INFO - [2022-01-28 22:04:34,028] {dag.py:2396} INFO - Sync 2 DAGs
[2022-01-28 22:04:34,039] {logging_mixin.py:109} INFO - [2022-01-28 22:04:34,039] {dag.py:2935} INFO - Setting next_dagrun for example_external_task_marker_child to None
[2022-01-28 22:04:34,039] {logging_mixin.py:109} INFO - [2022-01-28 22:04:34,039] {dag.py:2935} INFO - Setting next_dagrun for example_external_task_marker_parent to None
[2022-01-28 22:04:34,056] {processor.py:171} INFO - Processing /home/data-eginner/Documents/Soccer_Data/env/lib/python3.8/site-packages/airflow/example_dags/example_external_task_marker_dag.py took 0.078 seconds
[2022-01-28 22:05:24,232] {processor.py:163} INFO - Started process (PID=26823) to work on /home/data-eginner/Documents/Soccer_Data/env/lib/python3.8/site-packages/airflow/example_dags/example_external_task_marker_dag.py
[2022-01-28 22:05:24,238] {processor.py:642} INFO - Processing file /home/data-eginner/Documents/Soccer_Data/env/lib/python3.8/site-packages/airflow/example_dags/example_external_task_marker_dag.py for tasks to queue
[2022-01-28 22:05:24,241] {logging_mixin.py:109} INFO - [2022-01-28 22:05:24,241] {dagbag.py:500} INFO - Filling up the DagBag from /home/data-eginner/Documents/Soccer_Data/env/lib/python3.8/site-packages/airflow/example_dags/example_external_task_marker_dag.py
[2022-01-28 22:05:24,279] {processor.py:654} INFO - DAG(s) dict_keys(['example_external_task_marker_parent', 'example_external_task_marker_child']) retrieved from /home/data-eginner/Documents/Soccer_Data/env/lib/python3.8/site-packages/airflow/example_dags/example_external_task_marker_dag.py
[2022-01-28 22:05:24,289] {logging_mixin.py:109} INFO - [2022-01-28 22:05:24,289] {dag.py:2396} INFO - Sync 2 DAGs
[2022-01-28 22:05:24,301] {logging_mixin.py:109} INFO - [2022-01-28 22:05:24,301] {dag.py:2935} INFO - Setting next_dagrun for example_external_task_marker_child to None
[2022-01-28 22:05:24,301] {logging_mixin.py:109} INFO - [2022-01-28 22:05:24,301] {dag.py:2935} INFO - Setting next_dagrun for example_external_task_marker_parent to None
[2022-01-28 22:05:24,317] {processor.py:171} INFO - Processing /home/data-eginner/Documents/Soccer_Data/env/lib/python3.8/site-packages/airflow/example_dags/example_external_task_marker_dag.py took 0.126 seconds
[2022-01-28 22:06:07,491] {processor.py:163} INFO - Started process (PID=26993) to work on /home/data-eginner/Documents/Soccer_Data/env/lib/python3.8/site-packages/airflow/example_dags/example_external_task_marker_dag.py
[2022-01-28 22:06:07,492] {processor.py:642} INFO - Processing file /home/data-eginner/Documents/Soccer_Data/env/lib/python3.8/site-packages/airflow/example_dags/example_external_task_marker_dag.py for tasks to queue
[2022-01-28 22:06:07,493] {logging_mixin.py:109} INFO - [2022-01-28 22:06:07,493] {dagbag.py:500} INFO - Filling up the DagBag from /home/data-eginner/Documents/Soccer_Data/env/lib/python3.8/site-packages/airflow/example_dags/example_external_task_marker_dag.py
[2022-01-28 22:06:07,513] {processor.py:654} INFO - DAG(s) dict_keys(['example_external_task_marker_parent', 'example_external_task_marker_child']) retrieved from /home/data-eginner/Documents/Soccer_Data/env/lib/python3.8/site-packages/airflow/example_dags/example_external_task_marker_dag.py
[2022-01-28 22:06:07,524] {logging_mixin.py:109} INFO - [2022-01-28 22:06:07,524] {dag.py:2396} INFO - Sync 2 DAGs
[2022-01-28 22:06:07,546] {logging_mixin.py:109} INFO - [2022-01-28 22:06:07,546] {dag.py:2935} INFO - Setting next_dagrun for example_external_task_marker_child to None
[2022-01-28 22:06:07,546] {logging_mixin.py:109} INFO - [2022-01-28 22:06:07,546] {dag.py:2935} INFO - Setting next_dagrun for example_external_task_marker_parent to None
[2022-01-28 22:06:07,591] {processor.py:171} INFO - Processing /home/data-eginner/Documents/Soccer_Data/env/lib/python3.8/site-packages/airflow/example_dags/example_external_task_marker_dag.py took 0.103 seconds
[2022-01-28 22:06:47,109] {processor.py:163} INFO - Started process (PID=27155) to work on /home/data-eginner/Documents/Soccer_Data/env/lib/python3.8/site-packages/airflow/example_dags/example_external_task_marker_dag.py
[2022-01-28 22:06:47,112] {processor.py:642} INFO - Processing file /home/data-eginner/Documents/Soccer_Data/env/lib/python3.8/site-packages/airflow/example_dags/example_external_task_marker_dag.py for tasks to queue
[2022-01-28 22:06:47,113] {logging_mixin.py:109} INFO - [2022-01-28 22:06:47,113] {dagbag.py:500} INFO - Filling up the DagBag from /home/data-eginner/Documents/Soccer_Data/env/lib/python3.8/site-packages/airflow/example_dags/example_external_task_marker_dag.py
[2022-01-28 22:06:47,180] {processor.py:654} INFO - DAG(s) dict_keys(['example_external_task_marker_parent', 'example_external_task_marker_child']) retrieved from /home/data-eginner/Documents/Soccer_Data/env/lib/python3.8/site-packages/airflow/example_dags/example_external_task_marker_dag.py
[2022-01-28 22:06:47,200] {logging_mixin.py:109} INFO - [2022-01-28 22:06:47,200] {dag.py:2396} INFO - Sync 2 DAGs
[2022-01-28 22:06:47,222] {logging_mixin.py:109} INFO - [2022-01-28 22:06:47,222] {dag.py:2935} INFO - Setting next_dagrun for example_external_task_marker_child to None
[2022-01-28 22:06:47,222] {logging_mixin.py:109} INFO - [2022-01-28 22:06:47,222] {dag.py:2935} INFO - Setting next_dagrun for example_external_task_marker_parent to None
[2022-01-28 22:06:47,328] {processor.py:171} INFO - Processing /home/data-eginner/Documents/Soccer_Data/env/lib/python3.8/site-packages/airflow/example_dags/example_external_task_marker_dag.py took 0.222 seconds
[2022-01-28 22:07:34,558] {processor.py:163} INFO - Started process (PID=27345) to work on /home/data-eginner/Documents/Soccer_Data/env/lib/python3.8/site-packages/airflow/example_dags/example_external_task_marker_dag.py
[2022-01-28 22:07:34,560] {processor.py:642} INFO - Processing file /home/data-eginner/Documents/Soccer_Data/env/lib/python3.8/site-packages/airflow/example_dags/example_external_task_marker_dag.py for tasks to queue
[2022-01-28 22:07:34,561] {logging_mixin.py:109} INFO - [2022-01-28 22:07:34,561] {dagbag.py:500} INFO - Filling up the DagBag from /home/data-eginner/Documents/Soccer_Data/env/lib/python3.8/site-packages/airflow/example_dags/example_external_task_marker_dag.py
[2022-01-28 22:07:34,595] {processor.py:654} INFO - DAG(s) dict_keys(['example_external_task_marker_parent', 'example_external_task_marker_child']) retrieved from /home/data-eginner/Documents/Soccer_Data/env/lib/python3.8/site-packages/airflow/example_dags/example_external_task_marker_dag.py
[2022-01-28 22:07:34,616] {logging_mixin.py:109} INFO - [2022-01-28 22:07:34,616] {dag.py:2396} INFO - Sync 2 DAGs
[2022-01-28 22:07:34,649] {logging_mixin.py:109} INFO - [2022-01-28 22:07:34,649] {dag.py:2935} INFO - Setting next_dagrun for example_external_task_marker_child to None
[2022-01-28 22:07:34,650] {logging_mixin.py:109} INFO - [2022-01-28 22:07:34,650] {dag.py:2935} INFO - Setting next_dagrun for example_external_task_marker_parent to None
[2022-01-28 22:07:34,678] {processor.py:171} INFO - Processing /home/data-eginner/Documents/Soccer_Data/env/lib/python3.8/site-packages/airflow/example_dags/example_external_task_marker_dag.py took 0.122 seconds
[2022-01-28 22:08:40,242] {processor.py:163} INFO - Started process (PID=27608) to work on /home/data-eginner/Documents/Soccer_Data/env/lib/python3.8/site-packages/airflow/example_dags/example_external_task_marker_dag.py
[2022-01-28 22:08:40,257] {processor.py:642} INFO - Processing file /home/data-eginner/Documents/Soccer_Data/env/lib/python3.8/site-packages/airflow/example_dags/example_external_task_marker_dag.py for tasks to queue
[2022-01-28 22:08:40,257] {logging_mixin.py:109} INFO - [2022-01-28 22:08:40,257] {dagbag.py:500} INFO - Filling up the DagBag from /home/data-eginner/Documents/Soccer_Data/env/lib/python3.8/site-packages/airflow/example_dags/example_external_task_marker_dag.py
[2022-01-28 22:08:40,377] {processor.py:654} INFO - DAG(s) dict_keys(['example_external_task_marker_parent', 'example_external_task_marker_child']) retrieved from /home/data-eginner/Documents/Soccer_Data/env/lib/python3.8/site-packages/airflow/example_dags/example_external_task_marker_dag.py
[2022-01-28 22:08:40,429] {logging_mixin.py:109} INFO - [2022-01-28 22:08:40,429] {dag.py:2396} INFO - Sync 2 DAGs
[2022-01-28 22:08:40,500] {logging_mixin.py:109} INFO - [2022-01-28 22:08:40,500] {dag.py:2935} INFO - Setting next_dagrun for example_external_task_marker_child to None
[2022-01-28 22:08:40,500] {logging_mixin.py:109} INFO - [2022-01-28 22:08:40,500] {dag.py:2935} INFO - Setting next_dagrun for example_external_task_marker_parent to None
[2022-01-28 22:08:40,572] {processor.py:171} INFO - Processing /home/data-eginner/Documents/Soccer_Data/env/lib/python3.8/site-packages/airflow/example_dags/example_external_task_marker_dag.py took 0.342 seconds
[2022-01-28 22:09:29,936] {processor.py:163} INFO - Started process (PID=27812) to work on /home/data-eginner/Documents/Soccer_Data/env/lib/python3.8/site-packages/airflow/example_dags/example_external_task_marker_dag.py
[2022-01-28 22:09:29,946] {processor.py:642} INFO - Processing file /home/data-eginner/Documents/Soccer_Data/env/lib/python3.8/site-packages/airflow/example_dags/example_external_task_marker_dag.py for tasks to queue
[2022-01-28 22:09:29,947] {logging_mixin.py:109} INFO - [2022-01-28 22:09:29,947] {dagbag.py:500} INFO - Filling up the DagBag from /home/data-eginner/Documents/Soccer_Data/env/lib/python3.8/site-packages/airflow/example_dags/example_external_task_marker_dag.py
[2022-01-28 22:09:29,998] {processor.py:654} INFO - DAG(s) dict_keys(['example_external_task_marker_parent', 'example_external_task_marker_child']) retrieved from /home/data-eginner/Documents/Soccer_Data/env/lib/python3.8/site-packages/airflow/example_dags/example_external_task_marker_dag.py
[2022-01-28 22:09:30,013] {logging_mixin.py:109} INFO - [2022-01-28 22:09:30,012] {dag.py:2396} INFO - Sync 2 DAGs
[2022-01-28 22:09:30,026] {logging_mixin.py:109} INFO - [2022-01-28 22:09:30,026] {dag.py:2935} INFO - Setting next_dagrun for example_external_task_marker_child to None
[2022-01-28 22:09:30,026] {logging_mixin.py:109} INFO - [2022-01-28 22:09:30,026] {dag.py:2935} INFO - Setting next_dagrun for example_external_task_marker_parent to None
[2022-01-28 22:09:30,072] {processor.py:171} INFO - Processing /home/data-eginner/Documents/Soccer_Data/env/lib/python3.8/site-packages/airflow/example_dags/example_external_task_marker_dag.py took 0.138 seconds
[2022-01-28 22:10:11,828] {processor.py:163} INFO - Started process (PID=27983) to work on /home/data-eginner/Documents/Soccer_Data/env/lib/python3.8/site-packages/airflow/example_dags/example_external_task_marker_dag.py
[2022-01-28 22:10:11,830] {processor.py:642} INFO - Processing file /home/data-eginner/Documents/Soccer_Data/env/lib/python3.8/site-packages/airflow/example_dags/example_external_task_marker_dag.py for tasks to queue
[2022-01-28 22:10:11,831] {logging_mixin.py:109} INFO - [2022-01-28 22:10:11,831] {dagbag.py:500} INFO - Filling up the DagBag from /home/data-eginner/Documents/Soccer_Data/env/lib/python3.8/site-packages/airflow/example_dags/example_external_task_marker_dag.py
[2022-01-28 22:10:11,850] {processor.py:654} INFO - DAG(s) dict_keys(['example_external_task_marker_parent', 'example_external_task_marker_child']) retrieved from /home/data-eginner/Documents/Soccer_Data/env/lib/python3.8/site-packages/airflow/example_dags/example_external_task_marker_dag.py
[2022-01-28 22:10:11,861] {logging_mixin.py:109} INFO - [2022-01-28 22:10:11,861] {dag.py:2396} INFO - Sync 2 DAGs
[2022-01-28 22:10:11,877] {logging_mixin.py:109} INFO - [2022-01-28 22:10:11,877] {dag.py:2935} INFO - Setting next_dagrun for example_external_task_marker_child to None
[2022-01-28 22:10:11,878] {logging_mixin.py:109} INFO - [2022-01-28 22:10:11,878] {dag.py:2935} INFO - Setting next_dagrun for example_external_task_marker_parent to None
[2022-01-28 22:10:11,894] {processor.py:171} INFO - Processing /home/data-eginner/Documents/Soccer_Data/env/lib/python3.8/site-packages/airflow/example_dags/example_external_task_marker_dag.py took 0.069 seconds
[2022-01-28 22:11:03,520] {processor.py:163} INFO - Started process (PID=28203) to work on /home/data-eginner/Documents/Soccer_Data/env/lib/python3.8/site-packages/airflow/example_dags/example_external_task_marker_dag.py
[2022-01-28 22:11:03,523] {processor.py:642} INFO - Processing file /home/data-eginner/Documents/Soccer_Data/env/lib/python3.8/site-packages/airflow/example_dags/example_external_task_marker_dag.py for tasks to queue
[2022-01-28 22:11:03,524] {logging_mixin.py:109} INFO - [2022-01-28 22:11:03,524] {dagbag.py:500} INFO - Filling up the DagBag from /home/data-eginner/Documents/Soccer_Data/env/lib/python3.8/site-packages/airflow/example_dags/example_external_task_marker_dag.py
[2022-01-28 22:11:03,553] {processor.py:654} INFO - DAG(s) dict_keys(['example_external_task_marker_parent', 'example_external_task_marker_child']) retrieved from /home/data-eginner/Documents/Soccer_Data/env/lib/python3.8/site-packages/airflow/example_dags/example_external_task_marker_dag.py
[2022-01-28 22:11:03,564] {logging_mixin.py:109} INFO - [2022-01-28 22:11:03,564] {dag.py:2396} INFO - Sync 2 DAGs
[2022-01-28 22:11:03,577] {logging_mixin.py:109} INFO - [2022-01-28 22:11:03,577] {dag.py:2935} INFO - Setting next_dagrun for example_external_task_marker_child to None
[2022-01-28 22:11:03,578] {logging_mixin.py:109} INFO - [2022-01-28 22:11:03,578] {dag.py:2935} INFO - Setting next_dagrun for example_external_task_marker_parent to None
[2022-01-28 22:11:03,595] {processor.py:171} INFO - Processing /home/data-eginner/Documents/Soccer_Data/env/lib/python3.8/site-packages/airflow/example_dags/example_external_task_marker_dag.py took 0.086 seconds
[2022-01-28 22:11:47,509] {processor.py:163} INFO - Started process (PID=28385) to work on /home/data-eginner/Documents/Soccer_Data/env/lib/python3.8/site-packages/airflow/example_dags/example_external_task_marker_dag.py
[2022-01-28 22:11:47,521] {processor.py:642} INFO - Processing file /home/data-eginner/Documents/Soccer_Data/env/lib/python3.8/site-packages/airflow/example_dags/example_external_task_marker_dag.py for tasks to queue
[2022-01-28 22:11:47,521] {logging_mixin.py:109} INFO - [2022-01-28 22:11:47,521] {dagbag.py:500} INFO - Filling up the DagBag from /home/data-eginner/Documents/Soccer_Data/env/lib/python3.8/site-packages/airflow/example_dags/example_external_task_marker_dag.py
[2022-01-28 22:11:47,543] {processor.py:654} INFO - DAG(s) dict_keys(['example_external_task_marker_parent', 'example_external_task_marker_child']) retrieved from /home/data-eginner/Documents/Soccer_Data/env/lib/python3.8/site-packages/airflow/example_dags/example_external_task_marker_dag.py
[2022-01-28 22:11:47,554] {logging_mixin.py:109} INFO - [2022-01-28 22:11:47,554] {dag.py:2396} INFO - Sync 2 DAGs
[2022-01-28 22:11:47,566] {logging_mixin.py:109} INFO - [2022-01-28 22:11:47,566] {dag.py:2935} INFO - Setting next_dagrun for example_external_task_marker_child to None
[2022-01-28 22:11:47,566] {logging_mixin.py:109} INFO - [2022-01-28 22:11:47,566] {dag.py:2935} INFO - Setting next_dagrun for example_external_task_marker_parent to None
[2022-01-28 22:11:47,583] {processor.py:171} INFO - Processing /home/data-eginner/Documents/Soccer_Data/env/lib/python3.8/site-packages/airflow/example_dags/example_external_task_marker_dag.py took 0.076 seconds
[2022-01-28 22:12:33,618] {processor.py:163} INFO - Started process (PID=28580) to work on /home/data-eginner/Documents/Soccer_Data/env/lib/python3.8/site-packages/airflow/example_dags/example_external_task_marker_dag.py
[2022-01-28 22:12:33,658] {processor.py:642} INFO - Processing file /home/data-eginner/Documents/Soccer_Data/env/lib/python3.8/site-packages/airflow/example_dags/example_external_task_marker_dag.py for tasks to queue
[2022-01-28 22:12:33,659] {logging_mixin.py:109} INFO - [2022-01-28 22:12:33,659] {dagbag.py:500} INFO - Filling up the DagBag from /home/data-eginner/Documents/Soccer_Data/env/lib/python3.8/site-packages/airflow/example_dags/example_external_task_marker_dag.py
[2022-01-28 22:12:33,699] {processor.py:654} INFO - DAG(s) dict_keys(['example_external_task_marker_parent', 'example_external_task_marker_child']) retrieved from /home/data-eginner/Documents/Soccer_Data/env/lib/python3.8/site-packages/airflow/example_dags/example_external_task_marker_dag.py
[2022-01-28 22:12:33,729] {logging_mixin.py:109} INFO - [2022-01-28 22:12:33,729] {dag.py:2396} INFO - Sync 2 DAGs
[2022-01-28 22:12:33,780] {logging_mixin.py:109} INFO - [2022-01-28 22:12:33,780] {dag.py:2935} INFO - Setting next_dagrun for example_external_task_marker_child to None
[2022-01-28 22:12:33,780] {logging_mixin.py:109} INFO - [2022-01-28 22:12:33,780] {dag.py:2935} INFO - Setting next_dagrun for example_external_task_marker_parent to None
[2022-01-28 22:12:33,817] {processor.py:171} INFO - Processing /home/data-eginner/Documents/Soccer_Data/env/lib/python3.8/site-packages/airflow/example_dags/example_external_task_marker_dag.py took 0.217 seconds
[2022-01-28 22:13:26,508] {processor.py:163} INFO - Started process (PID=28784) to work on /home/data-eginner/Documents/Soccer_Data/env/lib/python3.8/site-packages/airflow/example_dags/example_external_task_marker_dag.py
[2022-01-28 22:13:26,515] {processor.py:642} INFO - Processing file /home/data-eginner/Documents/Soccer_Data/env/lib/python3.8/site-packages/airflow/example_dags/example_external_task_marker_dag.py for tasks to queue
[2022-01-28 22:13:26,516] {logging_mixin.py:109} INFO - [2022-01-28 22:13:26,515] {dagbag.py:500} INFO - Filling up the DagBag from /home/data-eginner/Documents/Soccer_Data/env/lib/python3.8/site-packages/airflow/example_dags/example_external_task_marker_dag.py
[2022-01-28 22:13:26,561] {processor.py:654} INFO - DAG(s) dict_keys(['example_external_task_marker_parent', 'example_external_task_marker_child']) retrieved from /home/data-eginner/Documents/Soccer_Data/env/lib/python3.8/site-packages/airflow/example_dags/example_external_task_marker_dag.py
[2022-01-28 22:13:26,591] {logging_mixin.py:109} INFO - [2022-01-28 22:13:26,591] {dag.py:2396} INFO - Sync 2 DAGs
[2022-01-28 22:13:26,611] {logging_mixin.py:109} INFO - [2022-01-28 22:13:26,611] {dag.py:2935} INFO - Setting next_dagrun for example_external_task_marker_child to None
[2022-01-28 22:13:26,611] {logging_mixin.py:109} INFO - [2022-01-28 22:13:26,611] {dag.py:2935} INFO - Setting next_dagrun for example_external_task_marker_parent to None
[2022-01-28 22:13:26,670] {processor.py:171} INFO - Processing /home/data-eginner/Documents/Soccer_Data/env/lib/python3.8/site-packages/airflow/example_dags/example_external_task_marker_dag.py took 0.164 seconds
[2022-01-28 22:14:13,109] {processor.py:163} INFO - Started process (PID=28976) to work on /home/data-eginner/Documents/Soccer_Data/env/lib/python3.8/site-packages/airflow/example_dags/example_external_task_marker_dag.py
[2022-01-28 22:14:13,129] {processor.py:642} INFO - Processing file /home/data-eginner/Documents/Soccer_Data/env/lib/python3.8/site-packages/airflow/example_dags/example_external_task_marker_dag.py for tasks to queue
[2022-01-28 22:14:13,130] {logging_mixin.py:109} INFO - [2022-01-28 22:14:13,130] {dagbag.py:500} INFO - Filling up the DagBag from /home/data-eginner/Documents/Soccer_Data/env/lib/python3.8/site-packages/airflow/example_dags/example_external_task_marker_dag.py
[2022-01-28 22:14:13,202] {processor.py:654} INFO - DAG(s) dict_keys(['example_external_task_marker_parent', 'example_external_task_marker_child']) retrieved from /home/data-eginner/Documents/Soccer_Data/env/lib/python3.8/site-packages/airflow/example_dags/example_external_task_marker_dag.py
[2022-01-28 22:14:13,624] {logging_mixin.py:109} INFO - [2022-01-28 22:14:13,624] {dag.py:2396} INFO - Sync 2 DAGs
[2022-01-28 22:14:13,645] {logging_mixin.py:109} INFO - [2022-01-28 22:14:13,645] {dag.py:2935} INFO - Setting next_dagrun for example_external_task_marker_child to None
[2022-01-28 22:14:13,646] {logging_mixin.py:109} INFO - [2022-01-28 22:14:13,646] {dag.py:2935} INFO - Setting next_dagrun for example_external_task_marker_parent to None
[2022-01-28 22:14:13,719] {processor.py:171} INFO - Processing /home/data-eginner/Documents/Soccer_Data/env/lib/python3.8/site-packages/airflow/example_dags/example_external_task_marker_dag.py took 0.613 seconds
[2022-01-28 22:15:09,793] {processor.py:163} INFO - Started process (PID=29194) to work on /home/data-eginner/Documents/Soccer_Data/env/lib/python3.8/site-packages/airflow/example_dags/example_external_task_marker_dag.py
[2022-01-28 22:15:09,796] {processor.py:642} INFO - Processing file /home/data-eginner/Documents/Soccer_Data/env/lib/python3.8/site-packages/airflow/example_dags/example_external_task_marker_dag.py for tasks to queue
[2022-01-28 22:15:09,797] {logging_mixin.py:109} INFO - [2022-01-28 22:15:09,797] {dagbag.py:500} INFO - Filling up the DagBag from /home/data-eginner/Documents/Soccer_Data/env/lib/python3.8/site-packages/airflow/example_dags/example_external_task_marker_dag.py
[2022-01-28 22:15:09,893] {processor.py:654} INFO - DAG(s) dict_keys(['example_external_task_marker_parent', 'example_external_task_marker_child']) retrieved from /home/data-eginner/Documents/Soccer_Data/env/lib/python3.8/site-packages/airflow/example_dags/example_external_task_marker_dag.py
[2022-01-28 22:15:09,931] {logging_mixin.py:109} INFO - [2022-01-28 22:15:09,931] {dag.py:2396} INFO - Sync 2 DAGs
[2022-01-28 22:15:09,986] {logging_mixin.py:109} INFO - [2022-01-28 22:15:09,986] {dag.py:2935} INFO - Setting next_dagrun for example_external_task_marker_child to None
[2022-01-28 22:15:09,986] {logging_mixin.py:109} INFO - [2022-01-28 22:15:09,986] {dag.py:2935} INFO - Setting next_dagrun for example_external_task_marker_parent to None
[2022-01-28 22:15:10,043] {processor.py:171} INFO - Processing /home/data-eginner/Documents/Soccer_Data/env/lib/python3.8/site-packages/airflow/example_dags/example_external_task_marker_dag.py took 0.278 seconds
[2022-01-28 22:16:17,106] {processor.py:163} INFO - Started process (PID=29424) to work on /home/data-eginner/Documents/Soccer_Data/env/lib/python3.8/site-packages/airflow/example_dags/example_external_task_marker_dag.py
[2022-01-28 22:16:17,115] {processor.py:642} INFO - Processing file /home/data-eginner/Documents/Soccer_Data/env/lib/python3.8/site-packages/airflow/example_dags/example_external_task_marker_dag.py for tasks to queue
[2022-01-28 22:16:17,116] {logging_mixin.py:109} INFO - [2022-01-28 22:16:17,115] {dagbag.py:500} INFO - Filling up the DagBag from /home/data-eginner/Documents/Soccer_Data/env/lib/python3.8/site-packages/airflow/example_dags/example_external_task_marker_dag.py
[2022-01-28 22:16:17,171] {processor.py:654} INFO - DAG(s) dict_keys(['example_external_task_marker_parent', 'example_external_task_marker_child']) retrieved from /home/data-eginner/Documents/Soccer_Data/env/lib/python3.8/site-packages/airflow/example_dags/example_external_task_marker_dag.py
[2022-01-28 22:16:17,207] {logging_mixin.py:109} INFO - [2022-01-28 22:16:17,207] {dag.py:2396} INFO - Sync 2 DAGs
[2022-01-28 22:16:17,240] {logging_mixin.py:109} INFO - [2022-01-28 22:16:17,236] {dag.py:2935} INFO - Setting next_dagrun for example_external_task_marker_child to None
[2022-01-28 22:16:17,240] {logging_mixin.py:109} INFO - [2022-01-28 22:16:17,240] {dag.py:2935} INFO - Setting next_dagrun for example_external_task_marker_parent to None
[2022-01-28 22:16:17,265] {processor.py:171} INFO - Processing /home/data-eginner/Documents/Soccer_Data/env/lib/python3.8/site-packages/airflow/example_dags/example_external_task_marker_dag.py took 0.167 seconds
[2022-01-28 22:17:33,114] {processor.py:163} INFO - Started process (PID=29716) to work on /home/data-eginner/Documents/Soccer_Data/env/lib/python3.8/site-packages/airflow/example_dags/example_external_task_marker_dag.py
[2022-01-28 22:17:33,127] {processor.py:642} INFO - Processing file /home/data-eginner/Documents/Soccer_Data/env/lib/python3.8/site-packages/airflow/example_dags/example_external_task_marker_dag.py for tasks to queue
[2022-01-28 22:17:33,127] {logging_mixin.py:109} INFO - [2022-01-28 22:17:33,127] {dagbag.py:500} INFO - Filling up the DagBag from /home/data-eginner/Documents/Soccer_Data/env/lib/python3.8/site-packages/airflow/example_dags/example_external_task_marker_dag.py
[2022-01-28 22:17:33,184] {processor.py:654} INFO - DAG(s) dict_keys(['example_external_task_marker_parent', 'example_external_task_marker_child']) retrieved from /home/data-eginner/Documents/Soccer_Data/env/lib/python3.8/site-packages/airflow/example_dags/example_external_task_marker_dag.py
[2022-01-28 22:17:33,224] {logging_mixin.py:109} INFO - [2022-01-28 22:17:33,224] {dag.py:2396} INFO - Sync 2 DAGs
[2022-01-28 22:17:33,236] {logging_mixin.py:109} INFO - [2022-01-28 22:17:33,236] {dag.py:2935} INFO - Setting next_dagrun for example_external_task_marker_child to None
[2022-01-28 22:17:33,236] {logging_mixin.py:109} INFO - [2022-01-28 22:17:33,236] {dag.py:2935} INFO - Setting next_dagrun for example_external_task_marker_parent to None
[2022-01-28 22:17:33,266] {processor.py:171} INFO - Processing /home/data-eginner/Documents/Soccer_Data/env/lib/python3.8/site-packages/airflow/example_dags/example_external_task_marker_dag.py took 0.155 seconds
[2022-01-28 22:18:12,875] {processor.py:163} INFO - Started process (PID=29879) to work on /home/data-eginner/Documents/Soccer_Data/env/lib/python3.8/site-packages/airflow/example_dags/example_external_task_marker_dag.py
[2022-01-28 22:18:12,878] {processor.py:642} INFO - Processing file /home/data-eginner/Documents/Soccer_Data/env/lib/python3.8/site-packages/airflow/example_dags/example_external_task_marker_dag.py for tasks to queue
[2022-01-28 22:18:12,879] {logging_mixin.py:109} INFO - [2022-01-28 22:18:12,879] {dagbag.py:500} INFO - Filling up the DagBag from /home/data-eginner/Documents/Soccer_Data/env/lib/python3.8/site-packages/airflow/example_dags/example_external_task_marker_dag.py
[2022-01-28 22:18:12,902] {processor.py:654} INFO - DAG(s) dict_keys(['example_external_task_marker_parent', 'example_external_task_marker_child']) retrieved from /home/data-eginner/Documents/Soccer_Data/env/lib/python3.8/site-packages/airflow/example_dags/example_external_task_marker_dag.py
[2022-01-28 22:18:12,934] {logging_mixin.py:109} INFO - [2022-01-28 22:18:12,934] {dag.py:2396} INFO - Sync 2 DAGs
[2022-01-28 22:18:12,967] {logging_mixin.py:109} INFO - [2022-01-28 22:18:12,967] {dag.py:2935} INFO - Setting next_dagrun for example_external_task_marker_child to None
[2022-01-28 22:18:12,967] {logging_mixin.py:109} INFO - [2022-01-28 22:18:12,967] {dag.py:2935} INFO - Setting next_dagrun for example_external_task_marker_parent to None
[2022-01-28 22:18:13,032] {processor.py:171} INFO - Processing /home/data-eginner/Documents/Soccer_Data/env/lib/python3.8/site-packages/airflow/example_dags/example_external_task_marker_dag.py took 0.159 seconds
[2022-01-28 22:18:59,246] {processor.py:163} INFO - Started process (PID=30058) to work on /home/data-eginner/Documents/Soccer_Data/env/lib/python3.8/site-packages/airflow/example_dags/example_external_task_marker_dag.py
[2022-01-28 22:18:59,248] {processor.py:642} INFO - Processing file /home/data-eginner/Documents/Soccer_Data/env/lib/python3.8/site-packages/airflow/example_dags/example_external_task_marker_dag.py for tasks to queue
[2022-01-28 22:18:59,248] {logging_mixin.py:109} INFO - [2022-01-28 22:18:59,248] {dagbag.py:500} INFO - Filling up the DagBag from /home/data-eginner/Documents/Soccer_Data/env/lib/python3.8/site-packages/airflow/example_dags/example_external_task_marker_dag.py
[2022-01-28 22:18:59,313] {processor.py:654} INFO - DAG(s) dict_keys(['example_external_task_marker_parent', 'example_external_task_marker_child']) retrieved from /home/data-eginner/Documents/Soccer_Data/env/lib/python3.8/site-packages/airflow/example_dags/example_external_task_marker_dag.py
[2022-01-28 22:18:59,342] {logging_mixin.py:109} INFO - [2022-01-28 22:18:59,342] {dag.py:2396} INFO - Sync 2 DAGs
[2022-01-28 22:18:59,361] {logging_mixin.py:109} INFO - [2022-01-28 22:18:59,361] {dag.py:2935} INFO - Setting next_dagrun for example_external_task_marker_child to None
[2022-01-28 22:18:59,361] {logging_mixin.py:109} INFO - [2022-01-28 22:18:59,361] {dag.py:2935} INFO - Setting next_dagrun for example_external_task_marker_parent to None
[2022-01-28 22:18:59,387] {processor.py:171} INFO - Processing /home/data-eginner/Documents/Soccer_Data/env/lib/python3.8/site-packages/airflow/example_dags/example_external_task_marker_dag.py took 0.168 seconds
[2022-01-28 22:19:44,101] {processor.py:163} INFO - Started process (PID=30243) to work on /home/data-eginner/Documents/Soccer_Data/env/lib/python3.8/site-packages/airflow/example_dags/example_external_task_marker_dag.py
[2022-01-28 22:19:44,116] {processor.py:642} INFO - Processing file /home/data-eginner/Documents/Soccer_Data/env/lib/python3.8/site-packages/airflow/example_dags/example_external_task_marker_dag.py for tasks to queue
[2022-01-28 22:19:44,116] {logging_mixin.py:109} INFO - [2022-01-28 22:19:44,116] {dagbag.py:500} INFO - Filling up the DagBag from /home/data-eginner/Documents/Soccer_Data/env/lib/python3.8/site-packages/airflow/example_dags/example_external_task_marker_dag.py
[2022-01-28 22:19:44,199] {processor.py:654} INFO - DAG(s) dict_keys(['example_external_task_marker_parent', 'example_external_task_marker_child']) retrieved from /home/data-eginner/Documents/Soccer_Data/env/lib/python3.8/site-packages/airflow/example_dags/example_external_task_marker_dag.py
[2022-01-28 22:19:44,240] {logging_mixin.py:109} INFO - [2022-01-28 22:19:44,240] {dag.py:2396} INFO - Sync 2 DAGs
[2022-01-28 22:19:44,267] {logging_mixin.py:109} INFO - [2022-01-28 22:19:44,267] {dag.py:2935} INFO - Setting next_dagrun for example_external_task_marker_child to None
[2022-01-28 22:19:44,267] {logging_mixin.py:109} INFO - [2022-01-28 22:19:44,267] {dag.py:2935} INFO - Setting next_dagrun for example_external_task_marker_parent to None
[2022-01-28 22:19:44,306] {processor.py:171} INFO - Processing /home/data-eginner/Documents/Soccer_Data/env/lib/python3.8/site-packages/airflow/example_dags/example_external_task_marker_dag.py took 0.226 seconds
[2022-01-28 22:20:44,723] {processor.py:163} INFO - Started process (PID=30485) to work on /home/data-eginner/Documents/Soccer_Data/env/lib/python3.8/site-packages/airflow/example_dags/example_external_task_marker_dag.py
[2022-01-28 22:20:44,728] {processor.py:642} INFO - Processing file /home/data-eginner/Documents/Soccer_Data/env/lib/python3.8/site-packages/airflow/example_dags/example_external_task_marker_dag.py for tasks to queue
[2022-01-28 22:20:44,729] {logging_mixin.py:109} INFO - [2022-01-28 22:20:44,729] {dagbag.py:500} INFO - Filling up the DagBag from /home/data-eginner/Documents/Soccer_Data/env/lib/python3.8/site-packages/airflow/example_dags/example_external_task_marker_dag.py
[2022-01-28 22:20:44,753] {processor.py:654} INFO - DAG(s) dict_keys(['example_external_task_marker_parent', 'example_external_task_marker_child']) retrieved from /home/data-eginner/Documents/Soccer_Data/env/lib/python3.8/site-packages/airflow/example_dags/example_external_task_marker_dag.py
[2022-01-28 22:20:44,763] {logging_mixin.py:109} INFO - [2022-01-28 22:20:44,763] {dag.py:2396} INFO - Sync 2 DAGs
[2022-01-28 22:20:44,777] {logging_mixin.py:109} INFO - [2022-01-28 22:20:44,776] {dag.py:2935} INFO - Setting next_dagrun for example_external_task_marker_child to None
[2022-01-28 22:20:44,777] {logging_mixin.py:109} INFO - [2022-01-28 22:20:44,777] {dag.py:2935} INFO - Setting next_dagrun for example_external_task_marker_parent to None
[2022-01-28 22:20:44,818] {processor.py:171} INFO - Processing /home/data-eginner/Documents/Soccer_Data/env/lib/python3.8/site-packages/airflow/example_dags/example_external_task_marker_dag.py took 0.100 seconds
[2022-01-28 22:21:22,655] {processor.py:163} INFO - Started process (PID=30648) to work on /home/data-eginner/Documents/Soccer_Data/env/lib/python3.8/site-packages/airflow/example_dags/example_external_task_marker_dag.py
[2022-01-28 22:21:22,657] {processor.py:642} INFO - Processing file /home/data-eginner/Documents/Soccer_Data/env/lib/python3.8/site-packages/airflow/example_dags/example_external_task_marker_dag.py for tasks to queue
[2022-01-28 22:21:22,658] {logging_mixin.py:109} INFO - [2022-01-28 22:21:22,658] {dagbag.py:500} INFO - Filling up the DagBag from /home/data-eginner/Documents/Soccer_Data/env/lib/python3.8/site-packages/airflow/example_dags/example_external_task_marker_dag.py
[2022-01-28 22:21:22,676] {processor.py:654} INFO - DAG(s) dict_keys(['example_external_task_marker_parent', 'example_external_task_marker_child']) retrieved from /home/data-eginner/Documents/Soccer_Data/env/lib/python3.8/site-packages/airflow/example_dags/example_external_task_marker_dag.py
[2022-01-28 22:21:22,688] {logging_mixin.py:109} INFO - [2022-01-28 22:21:22,688] {dag.py:2396} INFO - Sync 2 DAGs
[2022-01-28 22:21:22,701] {logging_mixin.py:109} INFO - [2022-01-28 22:21:22,701] {dag.py:2935} INFO - Setting next_dagrun for example_external_task_marker_child to None
[2022-01-28 22:21:22,702] {logging_mixin.py:109} INFO - [2022-01-28 22:21:22,701] {dag.py:2935} INFO - Setting next_dagrun for example_external_task_marker_parent to None
[2022-01-28 22:21:22,726] {processor.py:171} INFO - Processing /home/data-eginner/Documents/Soccer_Data/env/lib/python3.8/site-packages/airflow/example_dags/example_external_task_marker_dag.py took 0.075 seconds
[2022-01-28 22:22:01,818] {processor.py:163} INFO - Started process (PID=30818) to work on /home/data-eginner/Documents/Soccer_Data/env/lib/python3.8/site-packages/airflow/example_dags/example_external_task_marker_dag.py
[2022-01-28 22:22:01,821] {processor.py:642} INFO - Processing file /home/data-eginner/Documents/Soccer_Data/env/lib/python3.8/site-packages/airflow/example_dags/example_external_task_marker_dag.py for tasks to queue
[2022-01-28 22:22:01,822] {logging_mixin.py:109} INFO - [2022-01-28 22:22:01,822] {dagbag.py:500} INFO - Filling up the DagBag from /home/data-eginner/Documents/Soccer_Data/env/lib/python3.8/site-packages/airflow/example_dags/example_external_task_marker_dag.py
[2022-01-28 22:22:01,847] {processor.py:654} INFO - DAG(s) dict_keys(['example_external_task_marker_parent', 'example_external_task_marker_child']) retrieved from /home/data-eginner/Documents/Soccer_Data/env/lib/python3.8/site-packages/airflow/example_dags/example_external_task_marker_dag.py
[2022-01-28 22:22:01,860] {logging_mixin.py:109} INFO - [2022-01-28 22:22:01,860] {dag.py:2396} INFO - Sync 2 DAGs
[2022-01-28 22:22:01,872] {logging_mixin.py:109} INFO - [2022-01-28 22:22:01,872] {dag.py:2935} INFO - Setting next_dagrun for example_external_task_marker_child to None
[2022-01-28 22:22:01,873] {logging_mixin.py:109} INFO - [2022-01-28 22:22:01,872] {dag.py:2935} INFO - Setting next_dagrun for example_external_task_marker_parent to None
[2022-01-28 22:22:01,887] {processor.py:171} INFO - Processing /home/data-eginner/Documents/Soccer_Data/env/lib/python3.8/site-packages/airflow/example_dags/example_external_task_marker_dag.py took 0.072 seconds
