[2022-01-28 21:00:18,692] {processor.py:163} INFO - Started process (PID=19015) to work on /home/data-eginner/Documents/Soccer_Data/env/lib/python3.8/site-packages/airflow/example_dags/example_trigger_target_dag.py
[2022-01-28 21:00:18,716] {processor.py:642} INFO - Processing file /home/data-eginner/Documents/Soccer_Data/env/lib/python3.8/site-packages/airflow/example_dags/example_trigger_target_dag.py for tasks to queue
[2022-01-28 21:00:18,717] {logging_mixin.py:109} INFO - [2022-01-28 21:00:18,717] {dagbag.py:500} INFO - Filling up the DagBag from /home/data-eginner/Documents/Soccer_Data/env/lib/python3.8/site-packages/airflow/example_dags/example_trigger_target_dag.py
[2022-01-28 21:00:18,769] {processor.py:654} INFO - DAG(s) dict_keys(['example_trigger_target_dag']) retrieved from /home/data-eginner/Documents/Soccer_Data/env/lib/python3.8/site-packages/airflow/example_dags/example_trigger_target_dag.py
[2022-01-28 21:00:18,789] {logging_mixin.py:109} INFO - [2022-01-28 21:00:18,789] {dag.py:2396} INFO - Sync 1 DAGs
[2022-01-28 21:00:18,814] {logging_mixin.py:109} INFO - [2022-01-28 21:00:18,813] {dag.py:2935} INFO - Setting next_dagrun for example_trigger_target_dag to None
[2022-01-28 21:00:18,848] {processor.py:171} INFO - Processing /home/data-eginner/Documents/Soccer_Data/env/lib/python3.8/site-packages/airflow/example_dags/example_trigger_target_dag.py took 0.158 seconds
[2022-01-28 21:08:11,139] {processor.py:163} INFO - Started process (PID=19731) to work on /home/data-eginner/Documents/Soccer_Data/env/lib/python3.8/site-packages/airflow/example_dags/example_trigger_target_dag.py
[2022-01-28 21:08:11,145] {processor.py:642} INFO - Processing file /home/data-eginner/Documents/Soccer_Data/env/lib/python3.8/site-packages/airflow/example_dags/example_trigger_target_dag.py for tasks to queue
[2022-01-28 21:08:11,146] {logging_mixin.py:109} INFO - [2022-01-28 21:08:11,146] {dagbag.py:500} INFO - Filling up the DagBag from /home/data-eginner/Documents/Soccer_Data/env/lib/python3.8/site-packages/airflow/example_dags/example_trigger_target_dag.py
[2022-01-28 21:08:11,214] {processor.py:654} INFO - DAG(s) dict_keys(['example_trigger_target_dag']) retrieved from /home/data-eginner/Documents/Soccer_Data/env/lib/python3.8/site-packages/airflow/example_dags/example_trigger_target_dag.py
[2022-01-28 21:08:11,223] {logging_mixin.py:109} INFO - [2022-01-28 21:08:11,223] {dag.py:2396} INFO - Sync 1 DAGs
[2022-01-28 21:08:11,255] {logging_mixin.py:109} INFO - [2022-01-28 21:08:11,255] {dag.py:2935} INFO - Setting next_dagrun for example_trigger_target_dag to None
[2022-01-28 21:08:11,302] {processor.py:171} INFO - Processing /home/data-eginner/Documents/Soccer_Data/env/lib/python3.8/site-packages/airflow/example_dags/example_trigger_target_dag.py took 0.187 seconds
[2022-01-28 21:08:56,942] {processor.py:163} INFO - Started process (PID=19900) to work on /home/data-eginner/Documents/Soccer_Data/env/lib/python3.8/site-packages/airflow/example_dags/example_trigger_target_dag.py
[2022-01-28 21:08:56,948] {processor.py:642} INFO - Processing file /home/data-eginner/Documents/Soccer_Data/env/lib/python3.8/site-packages/airflow/example_dags/example_trigger_target_dag.py for tasks to queue
[2022-01-28 21:08:56,949] {logging_mixin.py:109} INFO - [2022-01-28 21:08:56,948] {dagbag.py:500} INFO - Filling up the DagBag from /home/data-eginner/Documents/Soccer_Data/env/lib/python3.8/site-packages/airflow/example_dags/example_trigger_target_dag.py
[2022-01-28 21:08:56,983] {processor.py:654} INFO - DAG(s) dict_keys(['example_trigger_target_dag']) retrieved from /home/data-eginner/Documents/Soccer_Data/env/lib/python3.8/site-packages/airflow/example_dags/example_trigger_target_dag.py
[2022-01-28 21:08:56,995] {logging_mixin.py:109} INFO - [2022-01-28 21:08:56,995] {dag.py:2396} INFO - Sync 1 DAGs
[2022-01-28 21:08:57,006] {logging_mixin.py:109} INFO - [2022-01-28 21:08:57,006] {dag.py:2935} INFO - Setting next_dagrun for example_trigger_target_dag to None
[2022-01-28 21:08:57,055] {processor.py:171} INFO - Processing /home/data-eginner/Documents/Soccer_Data/env/lib/python3.8/site-packages/airflow/example_dags/example_trigger_target_dag.py took 0.125 seconds
[2022-01-28 21:09:47,325] {processor.py:163} INFO - Started process (PID=20091) to work on /home/data-eginner/Documents/Soccer_Data/env/lib/python3.8/site-packages/airflow/example_dags/example_trigger_target_dag.py
[2022-01-28 21:09:47,343] {processor.py:642} INFO - Processing file /home/data-eginner/Documents/Soccer_Data/env/lib/python3.8/site-packages/airflow/example_dags/example_trigger_target_dag.py for tasks to queue
[2022-01-28 21:09:47,343] {logging_mixin.py:109} INFO - [2022-01-28 21:09:47,343] {dagbag.py:500} INFO - Filling up the DagBag from /home/data-eginner/Documents/Soccer_Data/env/lib/python3.8/site-packages/airflow/example_dags/example_trigger_target_dag.py
[2022-01-28 21:09:47,400] {processor.py:654} INFO - DAG(s) dict_keys(['example_trigger_target_dag']) retrieved from /home/data-eginner/Documents/Soccer_Data/env/lib/python3.8/site-packages/airflow/example_dags/example_trigger_target_dag.py
[2022-01-28 21:09:47,430] {logging_mixin.py:109} INFO - [2022-01-28 21:09:47,430] {dag.py:2396} INFO - Sync 1 DAGs
[2022-01-28 21:09:47,451] {logging_mixin.py:109} INFO - [2022-01-28 21:09:47,451] {dag.py:2935} INFO - Setting next_dagrun for example_trigger_target_dag to None
[2022-01-28 21:09:47,486] {processor.py:171} INFO - Processing /home/data-eginner/Documents/Soccer_Data/env/lib/python3.8/site-packages/airflow/example_dags/example_trigger_target_dag.py took 0.164 seconds
[2022-01-28 21:10:35,221] {processor.py:163} INFO - Started process (PID=20272) to work on /home/data-eginner/Documents/Soccer_Data/env/lib/python3.8/site-packages/airflow/example_dags/example_trigger_target_dag.py
[2022-01-28 21:10:35,237] {processor.py:642} INFO - Processing file /home/data-eginner/Documents/Soccer_Data/env/lib/python3.8/site-packages/airflow/example_dags/example_trigger_target_dag.py for tasks to queue
[2022-01-28 21:10:35,237] {logging_mixin.py:109} INFO - [2022-01-28 21:10:35,237] {dagbag.py:500} INFO - Filling up the DagBag from /home/data-eginner/Documents/Soccer_Data/env/lib/python3.8/site-packages/airflow/example_dags/example_trigger_target_dag.py
[2022-01-28 21:10:35,302] {processor.py:654} INFO - DAG(s) dict_keys(['example_trigger_target_dag']) retrieved from /home/data-eginner/Documents/Soccer_Data/env/lib/python3.8/site-packages/airflow/example_dags/example_trigger_target_dag.py
[2022-01-28 21:10:35,310] {logging_mixin.py:109} INFO - [2022-01-28 21:10:35,310] {dag.py:2396} INFO - Sync 1 DAGs
[2022-01-28 21:10:35,351] {logging_mixin.py:109} INFO - [2022-01-28 21:10:35,351] {dag.py:2935} INFO - Setting next_dagrun for example_trigger_target_dag to None
[2022-01-28 21:10:35,396] {processor.py:171} INFO - Processing /home/data-eginner/Documents/Soccer_Data/env/lib/python3.8/site-packages/airflow/example_dags/example_trigger_target_dag.py took 0.177 seconds
[2022-01-28 21:11:15,861] {processor.py:163} INFO - Started process (PID=20432) to work on /home/data-eginner/Documents/Soccer_Data/env/lib/python3.8/site-packages/airflow/example_dags/example_trigger_target_dag.py
[2022-01-28 21:11:15,867] {processor.py:642} INFO - Processing file /home/data-eginner/Documents/Soccer_Data/env/lib/python3.8/site-packages/airflow/example_dags/example_trigger_target_dag.py for tasks to queue
[2022-01-28 21:11:15,868] {logging_mixin.py:109} INFO - [2022-01-28 21:11:15,868] {dagbag.py:500} INFO - Filling up the DagBag from /home/data-eginner/Documents/Soccer_Data/env/lib/python3.8/site-packages/airflow/example_dags/example_trigger_target_dag.py
[2022-01-28 21:11:15,893] {processor.py:654} INFO - DAG(s) dict_keys(['example_trigger_target_dag']) retrieved from /home/data-eginner/Documents/Soccer_Data/env/lib/python3.8/site-packages/airflow/example_dags/example_trigger_target_dag.py
[2022-01-28 21:11:15,914] {logging_mixin.py:109} INFO - [2022-01-28 21:11:15,914] {dag.py:2396} INFO - Sync 1 DAGs
[2022-01-28 21:11:15,935] {logging_mixin.py:109} INFO - [2022-01-28 21:11:15,935] {dag.py:2935} INFO - Setting next_dagrun for example_trigger_target_dag to None
[2022-01-28 21:11:16,031] {processor.py:171} INFO - Processing /home/data-eginner/Documents/Soccer_Data/env/lib/python3.8/site-packages/airflow/example_dags/example_trigger_target_dag.py took 0.174 seconds
[2022-01-28 21:11:54,868] {processor.py:163} INFO - Started process (PID=20588) to work on /home/data-eginner/Documents/Soccer_Data/env/lib/python3.8/site-packages/airflow/example_dags/example_trigger_target_dag.py
[2022-01-28 21:11:54,874] {processor.py:642} INFO - Processing file /home/data-eginner/Documents/Soccer_Data/env/lib/python3.8/site-packages/airflow/example_dags/example_trigger_target_dag.py for tasks to queue
[2022-01-28 21:11:54,874] {logging_mixin.py:109} INFO - [2022-01-28 21:11:54,874] {dagbag.py:500} INFO - Filling up the DagBag from /home/data-eginner/Documents/Soccer_Data/env/lib/python3.8/site-packages/airflow/example_dags/example_trigger_target_dag.py
[2022-01-28 21:11:54,901] {processor.py:654} INFO - DAG(s) dict_keys(['example_trigger_target_dag']) retrieved from /home/data-eginner/Documents/Soccer_Data/env/lib/python3.8/site-packages/airflow/example_dags/example_trigger_target_dag.py
[2022-01-28 21:11:54,913] {logging_mixin.py:109} INFO - [2022-01-28 21:11:54,913] {dag.py:2396} INFO - Sync 1 DAGs
[2022-01-28 21:11:54,924] {logging_mixin.py:109} INFO - [2022-01-28 21:11:54,924] {dag.py:2935} INFO - Setting next_dagrun for example_trigger_target_dag to None
[2022-01-28 21:11:54,947] {processor.py:171} INFO - Processing /home/data-eginner/Documents/Soccer_Data/env/lib/python3.8/site-packages/airflow/example_dags/example_trigger_target_dag.py took 0.082 seconds
[2022-01-28 21:12:31,739] {processor.py:163} INFO - Started process (PID=20727) to work on /home/data-eginner/Documents/Soccer_Data/env/lib/python3.8/site-packages/airflow/example_dags/example_trigger_target_dag.py
[2022-01-28 21:12:31,746] {processor.py:642} INFO - Processing file /home/data-eginner/Documents/Soccer_Data/env/lib/python3.8/site-packages/airflow/example_dags/example_trigger_target_dag.py for tasks to queue
[2022-01-28 21:12:31,746] {logging_mixin.py:109} INFO - [2022-01-28 21:12:31,746] {dagbag.py:500} INFO - Filling up the DagBag from /home/data-eginner/Documents/Soccer_Data/env/lib/python3.8/site-packages/airflow/example_dags/example_trigger_target_dag.py
[2022-01-28 21:12:31,773] {processor.py:654} INFO - DAG(s) dict_keys(['example_trigger_target_dag']) retrieved from /home/data-eginner/Documents/Soccer_Data/env/lib/python3.8/site-packages/airflow/example_dags/example_trigger_target_dag.py
[2022-01-28 21:12:31,792] {logging_mixin.py:109} INFO - [2022-01-28 21:12:31,792] {dag.py:2396} INFO - Sync 1 DAGs
[2022-01-28 21:12:31,804] {logging_mixin.py:109} INFO - [2022-01-28 21:12:31,804] {dag.py:2935} INFO - Setting next_dagrun for example_trigger_target_dag to None
[2022-01-28 21:12:31,827] {processor.py:171} INFO - Processing /home/data-eginner/Documents/Soccer_Data/env/lib/python3.8/site-packages/airflow/example_dags/example_trigger_target_dag.py took 0.090 seconds
[2022-01-28 21:13:09,410] {processor.py:163} INFO - Started process (PID=20870) to work on /home/data-eginner/Documents/Soccer_Data/env/lib/python3.8/site-packages/airflow/example_dags/example_trigger_target_dag.py
[2022-01-28 21:13:09,454] {processor.py:642} INFO - Processing file /home/data-eginner/Documents/Soccer_Data/env/lib/python3.8/site-packages/airflow/example_dags/example_trigger_target_dag.py for tasks to queue
[2022-01-28 21:13:09,455] {logging_mixin.py:109} INFO - [2022-01-28 21:13:09,455] {dagbag.py:500} INFO - Filling up the DagBag from /home/data-eginner/Documents/Soccer_Data/env/lib/python3.8/site-packages/airflow/example_dags/example_trigger_target_dag.py
[2022-01-28 21:13:09,519] {processor.py:654} INFO - DAG(s) dict_keys(['example_trigger_target_dag']) retrieved from /home/data-eginner/Documents/Soccer_Data/env/lib/python3.8/site-packages/airflow/example_dags/example_trigger_target_dag.py
[2022-01-28 21:13:09,545] {logging_mixin.py:109} INFO - [2022-01-28 21:13:09,545] {dag.py:2396} INFO - Sync 1 DAGs
[2022-01-28 21:13:09,584] {logging_mixin.py:109} INFO - [2022-01-28 21:13:09,584] {dag.py:2935} INFO - Setting next_dagrun for example_trigger_target_dag to None
[2022-01-28 21:13:09,601] {processor.py:171} INFO - Processing /home/data-eginner/Documents/Soccer_Data/env/lib/python3.8/site-packages/airflow/example_dags/example_trigger_target_dag.py took 0.195 seconds
[2022-01-28 21:13:52,751] {processor.py:163} INFO - Started process (PID=21026) to work on /home/data-eginner/Documents/Soccer_Data/env/lib/python3.8/site-packages/airflow/example_dags/example_trigger_target_dag.py
[2022-01-28 21:13:52,754] {processor.py:642} INFO - Processing file /home/data-eginner/Documents/Soccer_Data/env/lib/python3.8/site-packages/airflow/example_dags/example_trigger_target_dag.py for tasks to queue
[2022-01-28 21:13:52,754] {logging_mixin.py:109} INFO - [2022-01-28 21:13:52,754] {dagbag.py:500} INFO - Filling up the DagBag from /home/data-eginner/Documents/Soccer_Data/env/lib/python3.8/site-packages/airflow/example_dags/example_trigger_target_dag.py
[2022-01-28 21:13:52,908] {processor.py:654} INFO - DAG(s) dict_keys(['example_trigger_target_dag']) retrieved from /home/data-eginner/Documents/Soccer_Data/env/lib/python3.8/site-packages/airflow/example_dags/example_trigger_target_dag.py
[2022-01-28 21:13:52,960] {logging_mixin.py:109} INFO - [2022-01-28 21:13:52,960] {dag.py:2396} INFO - Sync 1 DAGs
[2022-01-28 21:13:53,002] {logging_mixin.py:109} INFO - [2022-01-28 21:13:53,002] {dag.py:2935} INFO - Setting next_dagrun for example_trigger_target_dag to None
[2022-01-28 21:13:53,055] {processor.py:171} INFO - Processing /home/data-eginner/Documents/Soccer_Data/env/lib/python3.8/site-packages/airflow/example_dags/example_trigger_target_dag.py took 0.307 seconds
[2022-01-28 21:14:42,214] {processor.py:163} INFO - Started process (PID=21209) to work on /home/data-eginner/Documents/Soccer_Data/env/lib/python3.8/site-packages/airflow/example_dags/example_trigger_target_dag.py
[2022-01-28 21:14:42,219] {processor.py:642} INFO - Processing file /home/data-eginner/Documents/Soccer_Data/env/lib/python3.8/site-packages/airflow/example_dags/example_trigger_target_dag.py for tasks to queue
[2022-01-28 21:14:42,220] {logging_mixin.py:109} INFO - [2022-01-28 21:14:42,220] {dagbag.py:500} INFO - Filling up the DagBag from /home/data-eginner/Documents/Soccer_Data/env/lib/python3.8/site-packages/airflow/example_dags/example_trigger_target_dag.py
[2022-01-28 21:14:42,291] {processor.py:654} INFO - DAG(s) dict_keys(['example_trigger_target_dag']) retrieved from /home/data-eginner/Documents/Soccer_Data/env/lib/python3.8/site-packages/airflow/example_dags/example_trigger_target_dag.py
[2022-01-28 21:14:42,312] {logging_mixin.py:109} INFO - [2022-01-28 21:14:42,312] {dag.py:2396} INFO - Sync 1 DAGs
[2022-01-28 21:14:42,351] {logging_mixin.py:109} INFO - [2022-01-28 21:14:42,351] {dag.py:2935} INFO - Setting next_dagrun for example_trigger_target_dag to None
[2022-01-28 21:14:42,386] {processor.py:171} INFO - Processing /home/data-eginner/Documents/Soccer_Data/env/lib/python3.8/site-packages/airflow/example_dags/example_trigger_target_dag.py took 0.174 seconds
[2022-01-28 21:15:35,433] {processor.py:163} INFO - Started process (PID=21377) to work on /home/data-eginner/Documents/Soccer_Data/env/lib/python3.8/site-packages/airflow/example_dags/example_trigger_target_dag.py
[2022-01-28 21:15:35,449] {processor.py:642} INFO - Processing file /home/data-eginner/Documents/Soccer_Data/env/lib/python3.8/site-packages/airflow/example_dags/example_trigger_target_dag.py for tasks to queue
[2022-01-28 21:15:35,450] {logging_mixin.py:109} INFO - [2022-01-28 21:15:35,450] {dagbag.py:500} INFO - Filling up the DagBag from /home/data-eginner/Documents/Soccer_Data/env/lib/python3.8/site-packages/airflow/example_dags/example_trigger_target_dag.py
[2022-01-28 21:15:35,568] {processor.py:654} INFO - DAG(s) dict_keys(['example_trigger_target_dag']) retrieved from /home/data-eginner/Documents/Soccer_Data/env/lib/python3.8/site-packages/airflow/example_dags/example_trigger_target_dag.py
[2022-01-28 21:15:35,604] {logging_mixin.py:109} INFO - [2022-01-28 21:15:35,604] {dag.py:2396} INFO - Sync 1 DAGs
[2022-01-28 21:15:35,651] {logging_mixin.py:109} INFO - [2022-01-28 21:15:35,650] {dag.py:2935} INFO - Setting next_dagrun for example_trigger_target_dag to None
[2022-01-28 21:15:35,687] {processor.py:171} INFO - Processing /home/data-eginner/Documents/Soccer_Data/env/lib/python3.8/site-packages/airflow/example_dags/example_trigger_target_dag.py took 0.257 seconds
[2022-01-28 21:16:28,822] {processor.py:163} INFO - Started process (PID=21549) to work on /home/data-eginner/Documents/Soccer_Data/env/lib/python3.8/site-packages/airflow/example_dags/example_trigger_target_dag.py
[2022-01-28 21:16:28,831] {processor.py:642} INFO - Processing file /home/data-eginner/Documents/Soccer_Data/env/lib/python3.8/site-packages/airflow/example_dags/example_trigger_target_dag.py for tasks to queue
[2022-01-28 21:16:28,832] {logging_mixin.py:109} INFO - [2022-01-28 21:16:28,832] {dagbag.py:500} INFO - Filling up the DagBag from /home/data-eginner/Documents/Soccer_Data/env/lib/python3.8/site-packages/airflow/example_dags/example_trigger_target_dag.py
[2022-01-28 21:16:28,902] {processor.py:654} INFO - DAG(s) dict_keys(['example_trigger_target_dag']) retrieved from /home/data-eginner/Documents/Soccer_Data/env/lib/python3.8/site-packages/airflow/example_dags/example_trigger_target_dag.py
[2022-01-28 21:16:28,959] {logging_mixin.py:109} INFO - [2022-01-28 21:16:28,959] {dag.py:2396} INFO - Sync 1 DAGs
[2022-01-28 21:16:29,008] {logging_mixin.py:109} INFO - [2022-01-28 21:16:29,008] {dag.py:2935} INFO - Setting next_dagrun for example_trigger_target_dag to None
[2022-01-28 21:16:29,061] {processor.py:171} INFO - Processing /home/data-eginner/Documents/Soccer_Data/env/lib/python3.8/site-packages/airflow/example_dags/example_trigger_target_dag.py took 0.269 seconds
[2022-01-28 21:17:17,873] {processor.py:163} INFO - Started process (PID=21695) to work on /home/data-eginner/Documents/Soccer_Data/env/lib/python3.8/site-packages/airflow/example_dags/example_trigger_target_dag.py
[2022-01-28 21:17:17,922] {processor.py:642} INFO - Processing file /home/data-eginner/Documents/Soccer_Data/env/lib/python3.8/site-packages/airflow/example_dags/example_trigger_target_dag.py for tasks to queue
[2022-01-28 21:17:17,923] {logging_mixin.py:109} INFO - [2022-01-28 21:17:17,923] {dagbag.py:500} INFO - Filling up the DagBag from /home/data-eginner/Documents/Soccer_Data/env/lib/python3.8/site-packages/airflow/example_dags/example_trigger_target_dag.py
[2022-01-28 21:17:18,105] {processor.py:654} INFO - DAG(s) dict_keys(['example_trigger_target_dag']) retrieved from /home/data-eginner/Documents/Soccer_Data/env/lib/python3.8/site-packages/airflow/example_dags/example_trigger_target_dag.py
[2022-01-28 21:17:18,125] {logging_mixin.py:109} INFO - [2022-01-28 21:17:18,125] {dag.py:2396} INFO - Sync 1 DAGs
[2022-01-28 21:17:18,180] {logging_mixin.py:109} INFO - [2022-01-28 21:17:18,180] {dag.py:2935} INFO - Setting next_dagrun for example_trigger_target_dag to None
[2022-01-28 21:17:18,228] {processor.py:171} INFO - Processing /home/data-eginner/Documents/Soccer_Data/env/lib/python3.8/site-packages/airflow/example_dags/example_trigger_target_dag.py took 0.389 seconds
[2022-01-28 21:18:07,657] {processor.py:163} INFO - Started process (PID=21854) to work on /home/data-eginner/Documents/Soccer_Data/env/lib/python3.8/site-packages/airflow/example_dags/example_trigger_target_dag.py
[2022-01-28 21:18:07,722] {processor.py:642} INFO - Processing file /home/data-eginner/Documents/Soccer_Data/env/lib/python3.8/site-packages/airflow/example_dags/example_trigger_target_dag.py for tasks to queue
[2022-01-28 21:18:07,725] {logging_mixin.py:109} INFO - [2022-01-28 21:18:07,725] {dagbag.py:500} INFO - Filling up the DagBag from /home/data-eginner/Documents/Soccer_Data/env/lib/python3.8/site-packages/airflow/example_dags/example_trigger_target_dag.py
[2022-01-28 21:18:07,810] {processor.py:654} INFO - DAG(s) dict_keys(['example_trigger_target_dag']) retrieved from /home/data-eginner/Documents/Soccer_Data/env/lib/python3.8/site-packages/airflow/example_dags/example_trigger_target_dag.py
[2022-01-28 21:18:07,835] {logging_mixin.py:109} INFO - [2022-01-28 21:18:07,835] {dag.py:2396} INFO - Sync 1 DAGs
[2022-01-28 21:18:07,871] {logging_mixin.py:109} INFO - [2022-01-28 21:18:07,871] {dag.py:2935} INFO - Setting next_dagrun for example_trigger_target_dag to None
[2022-01-28 21:18:07,893] {processor.py:171} INFO - Processing /home/data-eginner/Documents/Soccer_Data/env/lib/python3.8/site-packages/airflow/example_dags/example_trigger_target_dag.py took 0.238 seconds
[2022-01-28 21:19:02,075] {processor.py:163} INFO - Started process (PID=22013) to work on /home/data-eginner/Documents/Soccer_Data/env/lib/python3.8/site-packages/airflow/example_dags/example_trigger_target_dag.py
[2022-01-28 21:19:02,102] {processor.py:642} INFO - Processing file /home/data-eginner/Documents/Soccer_Data/env/lib/python3.8/site-packages/airflow/example_dags/example_trigger_target_dag.py for tasks to queue
[2022-01-28 21:19:02,103] {logging_mixin.py:109} INFO - [2022-01-28 21:19:02,103] {dagbag.py:500} INFO - Filling up the DagBag from /home/data-eginner/Documents/Soccer_Data/env/lib/python3.8/site-packages/airflow/example_dags/example_trigger_target_dag.py
[2022-01-28 21:19:02,199] {processor.py:654} INFO - DAG(s) dict_keys(['example_trigger_target_dag']) retrieved from /home/data-eginner/Documents/Soccer_Data/env/lib/python3.8/site-packages/airflow/example_dags/example_trigger_target_dag.py
[2022-01-28 21:19:02,243] {logging_mixin.py:109} INFO - [2022-01-28 21:19:02,243] {dag.py:2396} INFO - Sync 1 DAGs
[2022-01-28 21:19:02,296] {logging_mixin.py:109} INFO - [2022-01-28 21:19:02,296] {dag.py:2935} INFO - Setting next_dagrun for example_trigger_target_dag to None
[2022-01-28 21:19:02,345] {processor.py:171} INFO - Processing /home/data-eginner/Documents/Soccer_Data/env/lib/python3.8/site-packages/airflow/example_dags/example_trigger_target_dag.py took 0.295 seconds
[2022-01-28 21:19:53,739] {processor.py:163} INFO - Started process (PID=22188) to work on /home/data-eginner/Documents/Soccer_Data/env/lib/python3.8/site-packages/airflow/example_dags/example_trigger_target_dag.py
[2022-01-28 21:19:53,743] {processor.py:642} INFO - Processing file /home/data-eginner/Documents/Soccer_Data/env/lib/python3.8/site-packages/airflow/example_dags/example_trigger_target_dag.py for tasks to queue
[2022-01-28 21:19:53,743] {logging_mixin.py:109} INFO - [2022-01-28 21:19:53,743] {dagbag.py:500} INFO - Filling up the DagBag from /home/data-eginner/Documents/Soccer_Data/env/lib/python3.8/site-packages/airflow/example_dags/example_trigger_target_dag.py
[2022-01-28 21:19:53,776] {processor.py:654} INFO - DAG(s) dict_keys(['example_trigger_target_dag']) retrieved from /home/data-eginner/Documents/Soccer_Data/env/lib/python3.8/site-packages/airflow/example_dags/example_trigger_target_dag.py
[2022-01-28 21:19:53,792] {logging_mixin.py:109} INFO - [2022-01-28 21:19:53,792] {dag.py:2396} INFO - Sync 1 DAGs
[2022-01-28 21:19:53,809] {logging_mixin.py:109} INFO - [2022-01-28 21:19:53,809] {dag.py:2935} INFO - Setting next_dagrun for example_trigger_target_dag to None
[2022-01-28 21:19:53,834] {processor.py:171} INFO - Processing /home/data-eginner/Documents/Soccer_Data/env/lib/python3.8/site-packages/airflow/example_dags/example_trigger_target_dag.py took 0.105 seconds
[2022-01-28 21:20:38,642] {processor.py:163} INFO - Started process (PID=22341) to work on /home/data-eginner/Documents/Soccer_Data/env/lib/python3.8/site-packages/airflow/example_dags/example_trigger_target_dag.py
[2022-01-28 21:20:38,651] {processor.py:642} INFO - Processing file /home/data-eginner/Documents/Soccer_Data/env/lib/python3.8/site-packages/airflow/example_dags/example_trigger_target_dag.py for tasks to queue
[2022-01-28 21:20:38,651] {logging_mixin.py:109} INFO - [2022-01-28 21:20:38,651] {dagbag.py:500} INFO - Filling up the DagBag from /home/data-eginner/Documents/Soccer_Data/env/lib/python3.8/site-packages/airflow/example_dags/example_trigger_target_dag.py
[2022-01-28 21:20:38,695] {processor.py:654} INFO - DAG(s) dict_keys(['example_trigger_target_dag']) retrieved from /home/data-eginner/Documents/Soccer_Data/env/lib/python3.8/site-packages/airflow/example_dags/example_trigger_target_dag.py
[2022-01-28 21:20:38,728] {logging_mixin.py:109} INFO - [2022-01-28 21:20:38,728] {dag.py:2396} INFO - Sync 1 DAGs
[2022-01-28 21:20:38,750] {logging_mixin.py:109} INFO - [2022-01-28 21:20:38,750] {dag.py:2935} INFO - Setting next_dagrun for example_trigger_target_dag to None
[2022-01-28 21:20:38,803] {processor.py:171} INFO - Processing /home/data-eginner/Documents/Soccer_Data/env/lib/python3.8/site-packages/airflow/example_dags/example_trigger_target_dag.py took 0.164 seconds
[2022-01-28 21:21:19,113] {processor.py:163} INFO - Started process (PID=22483) to work on /home/data-eginner/Documents/Soccer_Data/env/lib/python3.8/site-packages/airflow/example_dags/example_trigger_target_dag.py
[2022-01-28 21:21:19,161] {processor.py:642} INFO - Processing file /home/data-eginner/Documents/Soccer_Data/env/lib/python3.8/site-packages/airflow/example_dags/example_trigger_target_dag.py for tasks to queue
[2022-01-28 21:21:19,162] {logging_mixin.py:109} INFO - [2022-01-28 21:21:19,162] {dagbag.py:500} INFO - Filling up the DagBag from /home/data-eginner/Documents/Soccer_Data/env/lib/python3.8/site-packages/airflow/example_dags/example_trigger_target_dag.py
[2022-01-28 21:21:19,187] {processor.py:654} INFO - DAG(s) dict_keys(['example_trigger_target_dag']) retrieved from /home/data-eginner/Documents/Soccer_Data/env/lib/python3.8/site-packages/airflow/example_dags/example_trigger_target_dag.py
[2022-01-28 21:21:19,201] {logging_mixin.py:109} INFO - [2022-01-28 21:21:19,201] {dag.py:2396} INFO - Sync 1 DAGs
[2022-01-28 21:21:19,211] {logging_mixin.py:109} INFO - [2022-01-28 21:21:19,211] {dag.py:2935} INFO - Setting next_dagrun for example_trigger_target_dag to None
[2022-01-28 21:21:19,234] {processor.py:171} INFO - Processing /home/data-eginner/Documents/Soccer_Data/env/lib/python3.8/site-packages/airflow/example_dags/example_trigger_target_dag.py took 0.124 seconds
[2022-01-28 21:22:01,045] {processor.py:163} INFO - Started process (PID=22638) to work on /home/data-eginner/Documents/Soccer_Data/env/lib/python3.8/site-packages/airflow/example_dags/example_trigger_target_dag.py
[2022-01-28 21:22:01,051] {processor.py:642} INFO - Processing file /home/data-eginner/Documents/Soccer_Data/env/lib/python3.8/site-packages/airflow/example_dags/example_trigger_target_dag.py for tasks to queue
[2022-01-28 21:22:01,051] {logging_mixin.py:109} INFO - [2022-01-28 21:22:01,051] {dagbag.py:500} INFO - Filling up the DagBag from /home/data-eginner/Documents/Soccer_Data/env/lib/python3.8/site-packages/airflow/example_dags/example_trigger_target_dag.py
[2022-01-28 21:22:01,083] {processor.py:654} INFO - DAG(s) dict_keys(['example_trigger_target_dag']) retrieved from /home/data-eginner/Documents/Soccer_Data/env/lib/python3.8/site-packages/airflow/example_dags/example_trigger_target_dag.py
[2022-01-28 21:22:01,093] {logging_mixin.py:109} INFO - [2022-01-28 21:22:01,093] {dag.py:2396} INFO - Sync 1 DAGs
[2022-01-28 21:22:01,108] {logging_mixin.py:109} INFO - [2022-01-28 21:22:01,108] {dag.py:2935} INFO - Setting next_dagrun for example_trigger_target_dag to None
[2022-01-28 21:22:01,132] {processor.py:171} INFO - Processing /home/data-eginner/Documents/Soccer_Data/env/lib/python3.8/site-packages/airflow/example_dags/example_trigger_target_dag.py took 0.090 seconds
[2022-01-28 21:26:16,565] {processor.py:163} INFO - Started process (PID=22880) to work on /home/data-eginner/Documents/Soccer_Data/env/lib/python3.8/site-packages/airflow/example_dags/example_trigger_target_dag.py
[2022-01-28 21:26:16,584] {processor.py:642} INFO - Processing file /home/data-eginner/Documents/Soccer_Data/env/lib/python3.8/site-packages/airflow/example_dags/example_trigger_target_dag.py for tasks to queue
[2022-01-28 21:26:16,584] {logging_mixin.py:109} INFO - [2022-01-28 21:26:16,584] {dagbag.py:500} INFO - Filling up the DagBag from /home/data-eginner/Documents/Soccer_Data/env/lib/python3.8/site-packages/airflow/example_dags/example_trigger_target_dag.py
[2022-01-28 21:26:16,670] {processor.py:654} INFO - DAG(s) dict_keys(['example_trigger_target_dag']) retrieved from /home/data-eginner/Documents/Soccer_Data/env/lib/python3.8/site-packages/airflow/example_dags/example_trigger_target_dag.py
[2022-01-28 21:26:16,688] {logging_mixin.py:109} INFO - [2022-01-28 21:26:16,688] {dag.py:2396} INFO - Sync 1 DAGs
[2022-01-28 21:26:16,721] {logging_mixin.py:109} INFO - [2022-01-28 21:26:16,721] {dag.py:2935} INFO - Setting next_dagrun for example_trigger_target_dag to None
[2022-01-28 21:26:16,765] {processor.py:171} INFO - Processing /home/data-eginner/Documents/Soccer_Data/env/lib/python3.8/site-packages/airflow/example_dags/example_trigger_target_dag.py took 0.203 seconds
[2022-01-28 21:27:04,238] {processor.py:163} INFO - Started process (PID=23058) to work on /home/data-eginner/Documents/Soccer_Data/env/lib/python3.8/site-packages/airflow/example_dags/example_trigger_target_dag.py
[2022-01-28 21:27:04,320] {processor.py:642} INFO - Processing file /home/data-eginner/Documents/Soccer_Data/env/lib/python3.8/site-packages/airflow/example_dags/example_trigger_target_dag.py for tasks to queue
[2022-01-28 21:27:04,320] {logging_mixin.py:109} INFO - [2022-01-28 21:27:04,320] {dagbag.py:500} INFO - Filling up the DagBag from /home/data-eginner/Documents/Soccer_Data/env/lib/python3.8/site-packages/airflow/example_dags/example_trigger_target_dag.py
[2022-01-28 21:27:04,406] {processor.py:654} INFO - DAG(s) dict_keys(['example_trigger_target_dag']) retrieved from /home/data-eginner/Documents/Soccer_Data/env/lib/python3.8/site-packages/airflow/example_dags/example_trigger_target_dag.py
[2022-01-28 21:27:04,463] {logging_mixin.py:109} INFO - [2022-01-28 21:27:04,463] {dag.py:2396} INFO - Sync 1 DAGs
[2022-01-28 21:27:04,519] {logging_mixin.py:109} INFO - [2022-01-28 21:27:04,519] {dag.py:2935} INFO - Setting next_dagrun for example_trigger_target_dag to None
[2022-01-28 21:27:04,562] {processor.py:171} INFO - Processing /home/data-eginner/Documents/Soccer_Data/env/lib/python3.8/site-packages/airflow/example_dags/example_trigger_target_dag.py took 0.327 seconds
[2022-01-28 21:28:03,117] {processor.py:163} INFO - Started process (PID=23298) to work on /home/data-eginner/Documents/Soccer_Data/env/lib/python3.8/site-packages/airflow/example_dags/example_trigger_target_dag.py
[2022-01-28 21:28:03,135] {processor.py:642} INFO - Processing file /home/data-eginner/Documents/Soccer_Data/env/lib/python3.8/site-packages/airflow/example_dags/example_trigger_target_dag.py for tasks to queue
[2022-01-28 21:28:03,135] {logging_mixin.py:109} INFO - [2022-01-28 21:28:03,135] {dagbag.py:500} INFO - Filling up the DagBag from /home/data-eginner/Documents/Soccer_Data/env/lib/python3.8/site-packages/airflow/example_dags/example_trigger_target_dag.py
[2022-01-28 21:28:03,227] {processor.py:654} INFO - DAG(s) dict_keys(['example_trigger_target_dag']) retrieved from /home/data-eginner/Documents/Soccer_Data/env/lib/python3.8/site-packages/airflow/example_dags/example_trigger_target_dag.py
[2022-01-28 21:28:03,282] {logging_mixin.py:109} INFO - [2022-01-28 21:28:03,282] {dag.py:2396} INFO - Sync 1 DAGs
[2022-01-28 21:28:03,345] {logging_mixin.py:109} INFO - [2022-01-28 21:28:03,345] {dag.py:2935} INFO - Setting next_dagrun for example_trigger_target_dag to None
[2022-01-28 21:28:03,387] {processor.py:171} INFO - Processing /home/data-eginner/Documents/Soccer_Data/env/lib/python3.8/site-packages/airflow/example_dags/example_trigger_target_dag.py took 0.305 seconds
[2022-01-28 21:28:48,826] {processor.py:163} INFO - Started process (PID=23428) to work on /home/data-eginner/Documents/Soccer_Data/env/lib/python3.8/site-packages/airflow/example_dags/example_trigger_target_dag.py
[2022-01-28 21:28:48,833] {processor.py:642} INFO - Processing file /home/data-eginner/Documents/Soccer_Data/env/lib/python3.8/site-packages/airflow/example_dags/example_trigger_target_dag.py for tasks to queue
[2022-01-28 21:28:48,834] {logging_mixin.py:109} INFO - [2022-01-28 21:28:48,833] {dagbag.py:500} INFO - Filling up the DagBag from /home/data-eginner/Documents/Soccer_Data/env/lib/python3.8/site-packages/airflow/example_dags/example_trigger_target_dag.py
[2022-01-28 21:28:48,900] {processor.py:654} INFO - DAG(s) dict_keys(['example_trigger_target_dag']) retrieved from /home/data-eginner/Documents/Soccer_Data/env/lib/python3.8/site-packages/airflow/example_dags/example_trigger_target_dag.py
[2022-01-28 21:28:48,933] {logging_mixin.py:109} INFO - [2022-01-28 21:28:48,933] {dag.py:2396} INFO - Sync 1 DAGs
[2022-01-28 21:28:48,965] {logging_mixin.py:109} INFO - [2022-01-28 21:28:48,965] {dag.py:2935} INFO - Setting next_dagrun for example_trigger_target_dag to None
[2022-01-28 21:28:48,996] {processor.py:171} INFO - Processing /home/data-eginner/Documents/Soccer_Data/env/lib/python3.8/site-packages/airflow/example_dags/example_trigger_target_dag.py took 0.172 seconds
[2022-01-28 21:29:37,067] {processor.py:163} INFO - Started process (PID=23589) to work on /home/data-eginner/Documents/Soccer_Data/env/lib/python3.8/site-packages/airflow/example_dags/example_trigger_target_dag.py
[2022-01-28 21:29:37,075] {processor.py:642} INFO - Processing file /home/data-eginner/Documents/Soccer_Data/env/lib/python3.8/site-packages/airflow/example_dags/example_trigger_target_dag.py for tasks to queue
[2022-01-28 21:29:37,076] {logging_mixin.py:109} INFO - [2022-01-28 21:29:37,076] {dagbag.py:500} INFO - Filling up the DagBag from /home/data-eginner/Documents/Soccer_Data/env/lib/python3.8/site-packages/airflow/example_dags/example_trigger_target_dag.py
[2022-01-28 21:29:37,129] {processor.py:654} INFO - DAG(s) dict_keys(['example_trigger_target_dag']) retrieved from /home/data-eginner/Documents/Soccer_Data/env/lib/python3.8/site-packages/airflow/example_dags/example_trigger_target_dag.py
[2022-01-28 21:29:37,156] {logging_mixin.py:109} INFO - [2022-01-28 21:29:37,156] {dag.py:2396} INFO - Sync 1 DAGs
[2022-01-28 21:29:37,187] {logging_mixin.py:109} INFO - [2022-01-28 21:29:37,176] {dag.py:2935} INFO - Setting next_dagrun for example_trigger_target_dag to None
[2022-01-28 21:29:37,217] {processor.py:171} INFO - Processing /home/data-eginner/Documents/Soccer_Data/env/lib/python3.8/site-packages/airflow/example_dags/example_trigger_target_dag.py took 0.153 seconds
[2022-01-28 21:30:23,815] {processor.py:163} INFO - Started process (PID=23762) to work on /home/data-eginner/Documents/Soccer_Data/env/lib/python3.8/site-packages/airflow/example_dags/example_trigger_target_dag.py
[2022-01-28 21:30:23,833] {processor.py:642} INFO - Processing file /home/data-eginner/Documents/Soccer_Data/env/lib/python3.8/site-packages/airflow/example_dags/example_trigger_target_dag.py for tasks to queue
[2022-01-28 21:30:23,836] {logging_mixin.py:109} INFO - [2022-01-28 21:30:23,834] {dagbag.py:500} INFO - Filling up the DagBag from /home/data-eginner/Documents/Soccer_Data/env/lib/python3.8/site-packages/airflow/example_dags/example_trigger_target_dag.py
[2022-01-28 21:30:23,931] {processor.py:654} INFO - DAG(s) dict_keys(['example_trigger_target_dag']) retrieved from /home/data-eginner/Documents/Soccer_Data/env/lib/python3.8/site-packages/airflow/example_dags/example_trigger_target_dag.py
[2022-01-28 21:30:23,965] {logging_mixin.py:109} INFO - [2022-01-28 21:30:23,965] {dag.py:2396} INFO - Sync 1 DAGs
[2022-01-28 21:30:24,016] {logging_mixin.py:109} INFO - [2022-01-28 21:30:24,016] {dag.py:2935} INFO - Setting next_dagrun for example_trigger_target_dag to None
[2022-01-28 21:30:24,050] {processor.py:171} INFO - Processing /home/data-eginner/Documents/Soccer_Data/env/lib/python3.8/site-packages/airflow/example_dags/example_trigger_target_dag.py took 0.241 seconds
[2022-01-28 21:31:18,111] {processor.py:163} INFO - Started process (PID=23943) to work on /home/data-eginner/Documents/Soccer_Data/env/lib/python3.8/site-packages/airflow/example_dags/example_trigger_target_dag.py
[2022-01-28 21:31:18,131] {processor.py:642} INFO - Processing file /home/data-eginner/Documents/Soccer_Data/env/lib/python3.8/site-packages/airflow/example_dags/example_trigger_target_dag.py for tasks to queue
[2022-01-28 21:31:18,132] {logging_mixin.py:109} INFO - [2022-01-28 21:31:18,132] {dagbag.py:500} INFO - Filling up the DagBag from /home/data-eginner/Documents/Soccer_Data/env/lib/python3.8/site-packages/airflow/example_dags/example_trigger_target_dag.py
[2022-01-28 21:31:18,188] {processor.py:654} INFO - DAG(s) dict_keys(['example_trigger_target_dag']) retrieved from /home/data-eginner/Documents/Soccer_Data/env/lib/python3.8/site-packages/airflow/example_dags/example_trigger_target_dag.py
[2022-01-28 21:31:18,220] {logging_mixin.py:109} INFO - [2022-01-28 21:31:18,220] {dag.py:2396} INFO - Sync 1 DAGs
[2022-01-28 21:31:18,286] {logging_mixin.py:109} INFO - [2022-01-28 21:31:18,286] {dag.py:2935} INFO - Setting next_dagrun for example_trigger_target_dag to None
[2022-01-28 21:31:18,342] {processor.py:171} INFO - Processing /home/data-eginner/Documents/Soccer_Data/env/lib/python3.8/site-packages/airflow/example_dags/example_trigger_target_dag.py took 0.234 seconds
[2022-01-28 21:32:06,140] {processor.py:163} INFO - Started process (PID=24112) to work on /home/data-eginner/Documents/Soccer_Data/env/lib/python3.8/site-packages/airflow/example_dags/example_trigger_target_dag.py
[2022-01-28 21:32:06,142] {processor.py:642} INFO - Processing file /home/data-eginner/Documents/Soccer_Data/env/lib/python3.8/site-packages/airflow/example_dags/example_trigger_target_dag.py for tasks to queue
[2022-01-28 21:32:06,143] {logging_mixin.py:109} INFO - [2022-01-28 21:32:06,143] {dagbag.py:500} INFO - Filling up the DagBag from /home/data-eginner/Documents/Soccer_Data/env/lib/python3.8/site-packages/airflow/example_dags/example_trigger_target_dag.py
[2022-01-28 21:32:06,202] {processor.py:654} INFO - DAG(s) dict_keys(['example_trigger_target_dag']) retrieved from /home/data-eginner/Documents/Soccer_Data/env/lib/python3.8/site-packages/airflow/example_dags/example_trigger_target_dag.py
[2022-01-28 21:32:06,213] {logging_mixin.py:109} INFO - [2022-01-28 21:32:06,212] {dag.py:2396} INFO - Sync 1 DAGs
[2022-01-28 21:32:06,244] {logging_mixin.py:109} INFO - [2022-01-28 21:32:06,244] {dag.py:2935} INFO - Setting next_dagrun for example_trigger_target_dag to None
[2022-01-28 21:32:06,299] {processor.py:171} INFO - Processing /home/data-eginner/Documents/Soccer_Data/env/lib/python3.8/site-packages/airflow/example_dags/example_trigger_target_dag.py took 0.162 seconds
[2022-01-28 21:32:50,624] {processor.py:163} INFO - Started process (PID=24280) to work on /home/data-eginner/Documents/Soccer_Data/env/lib/python3.8/site-packages/airflow/example_dags/example_trigger_target_dag.py
[2022-01-28 21:32:50,628] {processor.py:642} INFO - Processing file /home/data-eginner/Documents/Soccer_Data/env/lib/python3.8/site-packages/airflow/example_dags/example_trigger_target_dag.py for tasks to queue
[2022-01-28 21:32:50,629] {logging_mixin.py:109} INFO - [2022-01-28 21:32:50,628] {dagbag.py:500} INFO - Filling up the DagBag from /home/data-eginner/Documents/Soccer_Data/env/lib/python3.8/site-packages/airflow/example_dags/example_trigger_target_dag.py
[2022-01-28 21:32:50,658] {processor.py:654} INFO - DAG(s) dict_keys(['example_trigger_target_dag']) retrieved from /home/data-eginner/Documents/Soccer_Data/env/lib/python3.8/site-packages/airflow/example_dags/example_trigger_target_dag.py
[2022-01-28 21:32:50,666] {logging_mixin.py:109} INFO - [2022-01-28 21:32:50,665] {dag.py:2396} INFO - Sync 1 DAGs
[2022-01-28 21:32:50,678] {logging_mixin.py:109} INFO - [2022-01-28 21:32:50,678] {dag.py:2935} INFO - Setting next_dagrun for example_trigger_target_dag to None
[2022-01-28 21:32:50,702] {processor.py:171} INFO - Processing /home/data-eginner/Documents/Soccer_Data/env/lib/python3.8/site-packages/airflow/example_dags/example_trigger_target_dag.py took 0.081 seconds
[2022-01-28 21:33:30,712] {processor.py:163} INFO - Started process (PID=24438) to work on /home/data-eginner/Documents/Soccer_Data/env/lib/python3.8/site-packages/airflow/example_dags/example_trigger_target_dag.py
[2022-01-28 21:33:30,715] {processor.py:642} INFO - Processing file /home/data-eginner/Documents/Soccer_Data/env/lib/python3.8/site-packages/airflow/example_dags/example_trigger_target_dag.py for tasks to queue
[2022-01-28 21:33:30,716] {logging_mixin.py:109} INFO - [2022-01-28 21:33:30,716] {dagbag.py:500} INFO - Filling up the DagBag from /home/data-eginner/Documents/Soccer_Data/env/lib/python3.8/site-packages/airflow/example_dags/example_trigger_target_dag.py
[2022-01-28 21:33:30,763] {processor.py:654} INFO - DAG(s) dict_keys(['example_trigger_target_dag']) retrieved from /home/data-eginner/Documents/Soccer_Data/env/lib/python3.8/site-packages/airflow/example_dags/example_trigger_target_dag.py
[2022-01-28 21:33:30,773] {logging_mixin.py:109} INFO - [2022-01-28 21:33:30,773] {dag.py:2396} INFO - Sync 1 DAGs
[2022-01-28 21:33:30,810] {logging_mixin.py:109} INFO - [2022-01-28 21:33:30,810] {dag.py:2935} INFO - Setting next_dagrun for example_trigger_target_dag to None
[2022-01-28 21:33:30,828] {processor.py:171} INFO - Processing /home/data-eginner/Documents/Soccer_Data/env/lib/python3.8/site-packages/airflow/example_dags/example_trigger_target_dag.py took 0.124 seconds
[2022-01-28 21:34:13,109] {processor.py:163} INFO - Started process (PID=24603) to work on /home/data-eginner/Documents/Soccer_Data/env/lib/python3.8/site-packages/airflow/example_dags/example_trigger_target_dag.py
[2022-01-28 21:34:13,111] {processor.py:642} INFO - Processing file /home/data-eginner/Documents/Soccer_Data/env/lib/python3.8/site-packages/airflow/example_dags/example_trigger_target_dag.py for tasks to queue
[2022-01-28 21:34:13,112] {logging_mixin.py:109} INFO - [2022-01-28 21:34:13,112] {dagbag.py:500} INFO - Filling up the DagBag from /home/data-eginner/Documents/Soccer_Data/env/lib/python3.8/site-packages/airflow/example_dags/example_trigger_target_dag.py
[2022-01-28 21:34:13,141] {processor.py:654} INFO - DAG(s) dict_keys(['example_trigger_target_dag']) retrieved from /home/data-eginner/Documents/Soccer_Data/env/lib/python3.8/site-packages/airflow/example_dags/example_trigger_target_dag.py
[2022-01-28 21:34:13,150] {logging_mixin.py:109} INFO - [2022-01-28 21:34:13,150] {dag.py:2396} INFO - Sync 1 DAGs
[2022-01-28 21:34:13,169] {logging_mixin.py:109} INFO - [2022-01-28 21:34:13,168] {dag.py:2935} INFO - Setting next_dagrun for example_trigger_target_dag to None
[2022-01-28 21:34:13,191] {processor.py:171} INFO - Processing /home/data-eginner/Documents/Soccer_Data/env/lib/python3.8/site-packages/airflow/example_dags/example_trigger_target_dag.py took 0.088 seconds
[2022-01-28 21:34:51,037] {processor.py:163} INFO - Started process (PID=24744) to work on /home/data-eginner/Documents/Soccer_Data/env/lib/python3.8/site-packages/airflow/example_dags/example_trigger_target_dag.py
[2022-01-28 21:34:51,040] {processor.py:642} INFO - Processing file /home/data-eginner/Documents/Soccer_Data/env/lib/python3.8/site-packages/airflow/example_dags/example_trigger_target_dag.py for tasks to queue
[2022-01-28 21:34:51,041] {logging_mixin.py:109} INFO - [2022-01-28 21:34:51,041] {dagbag.py:500} INFO - Filling up the DagBag from /home/data-eginner/Documents/Soccer_Data/env/lib/python3.8/site-packages/airflow/example_dags/example_trigger_target_dag.py
[2022-01-28 21:34:51,209] {processor.py:654} INFO - DAG(s) dict_keys(['example_trigger_target_dag']) retrieved from /home/data-eginner/Documents/Soccer_Data/env/lib/python3.8/site-packages/airflow/example_dags/example_trigger_target_dag.py
[2022-01-28 21:34:51,241] {logging_mixin.py:109} INFO - [2022-01-28 21:34:51,241] {dag.py:2396} INFO - Sync 1 DAGs
[2022-01-28 21:34:51,364] {logging_mixin.py:109} INFO - [2022-01-28 21:34:51,364] {dag.py:2935} INFO - Setting next_dagrun for example_trigger_target_dag to None
[2022-01-28 21:34:51,487] {processor.py:171} INFO - Processing /home/data-eginner/Documents/Soccer_Data/env/lib/python3.8/site-packages/airflow/example_dags/example_trigger_target_dag.py took 0.488 seconds
[2022-01-28 21:56:01,999] {processor.py:163} INFO - Started process (PID=25005) to work on /home/data-eginner/Documents/Soccer_Data/env/lib/python3.8/site-packages/airflow/example_dags/example_trigger_target_dag.py
[2022-01-28 21:56:02,026] {processor.py:642} INFO - Processing file /home/data-eginner/Documents/Soccer_Data/env/lib/python3.8/site-packages/airflow/example_dags/example_trigger_target_dag.py for tasks to queue
[2022-01-28 21:56:02,027] {logging_mixin.py:109} INFO - [2022-01-28 21:56:02,027] {dagbag.py:500} INFO - Filling up the DagBag from /home/data-eginner/Documents/Soccer_Data/env/lib/python3.8/site-packages/airflow/example_dags/example_trigger_target_dag.py
[2022-01-28 21:56:02,124] {processor.py:654} INFO - DAG(s) dict_keys(['example_trigger_target_dag']) retrieved from /home/data-eginner/Documents/Soccer_Data/env/lib/python3.8/site-packages/airflow/example_dags/example_trigger_target_dag.py
[2022-01-28 21:56:02,131] {logging_mixin.py:109} INFO - [2022-01-28 21:56:02,131] {dag.py:2396} INFO - Sync 1 DAGs
[2022-01-28 21:56:02,175] {logging_mixin.py:109} INFO - [2022-01-28 21:56:02,175] {dag.py:2935} INFO - Setting next_dagrun for example_trigger_target_dag to None
[2022-01-28 21:56:02,233] {processor.py:171} INFO - Processing /home/data-eginner/Documents/Soccer_Data/env/lib/python3.8/site-packages/airflow/example_dags/example_trigger_target_dag.py took 0.236 seconds
[2022-01-28 21:56:52,285] {processor.py:163} INFO - Started process (PID=25187) to work on /home/data-eginner/Documents/Soccer_Data/env/lib/python3.8/site-packages/airflow/example_dags/example_trigger_target_dag.py
[2022-01-28 21:56:52,296] {processor.py:642} INFO - Processing file /home/data-eginner/Documents/Soccer_Data/env/lib/python3.8/site-packages/airflow/example_dags/example_trigger_target_dag.py for tasks to queue
[2022-01-28 21:56:52,296] {logging_mixin.py:109} INFO - [2022-01-28 21:56:52,296] {dagbag.py:500} INFO - Filling up the DagBag from /home/data-eginner/Documents/Soccer_Data/env/lib/python3.8/site-packages/airflow/example_dags/example_trigger_target_dag.py
[2022-01-28 21:56:52,345] {processor.py:654} INFO - DAG(s) dict_keys(['example_trigger_target_dag']) retrieved from /home/data-eginner/Documents/Soccer_Data/env/lib/python3.8/site-packages/airflow/example_dags/example_trigger_target_dag.py
[2022-01-28 21:56:52,375] {logging_mixin.py:109} INFO - [2022-01-28 21:56:52,375] {dag.py:2396} INFO - Sync 1 DAGs
[2022-01-28 21:56:52,392] {logging_mixin.py:109} INFO - [2022-01-28 21:56:52,384] {dag.py:2935} INFO - Setting next_dagrun for example_trigger_target_dag to None
[2022-01-28 21:56:52,421] {processor.py:171} INFO - Processing /home/data-eginner/Documents/Soccer_Data/env/lib/python3.8/site-packages/airflow/example_dags/example_trigger_target_dag.py took 0.139 seconds
[2022-01-28 21:57:34,851] {processor.py:163} INFO - Started process (PID=25347) to work on /home/data-eginner/Documents/Soccer_Data/env/lib/python3.8/site-packages/airflow/example_dags/example_trigger_target_dag.py
[2022-01-28 21:57:34,868] {processor.py:642} INFO - Processing file /home/data-eginner/Documents/Soccer_Data/env/lib/python3.8/site-packages/airflow/example_dags/example_trigger_target_dag.py for tasks to queue
[2022-01-28 21:57:34,869] {logging_mixin.py:109} INFO - [2022-01-28 21:57:34,869] {dagbag.py:500} INFO - Filling up the DagBag from /home/data-eginner/Documents/Soccer_Data/env/lib/python3.8/site-packages/airflow/example_dags/example_trigger_target_dag.py
[2022-01-28 21:57:34,907] {processor.py:654} INFO - DAG(s) dict_keys(['example_trigger_target_dag']) retrieved from /home/data-eginner/Documents/Soccer_Data/env/lib/python3.8/site-packages/airflow/example_dags/example_trigger_target_dag.py
[2022-01-28 21:57:34,917] {logging_mixin.py:109} INFO - [2022-01-28 21:57:34,917] {dag.py:2396} INFO - Sync 1 DAGs
[2022-01-28 21:57:34,930] {logging_mixin.py:109} INFO - [2022-01-28 21:57:34,930] {dag.py:2935} INFO - Setting next_dagrun for example_trigger_target_dag to None
[2022-01-28 21:57:34,963] {processor.py:171} INFO - Processing /home/data-eginner/Documents/Soccer_Data/env/lib/python3.8/site-packages/airflow/example_dags/example_trigger_target_dag.py took 0.117 seconds
[2022-01-28 21:58:14,022] {processor.py:163} INFO - Started process (PID=25510) to work on /home/data-eginner/Documents/Soccer_Data/env/lib/python3.8/site-packages/airflow/example_dags/example_trigger_target_dag.py
[2022-01-28 21:58:14,024] {processor.py:642} INFO - Processing file /home/data-eginner/Documents/Soccer_Data/env/lib/python3.8/site-packages/airflow/example_dags/example_trigger_target_dag.py for tasks to queue
[2022-01-28 21:58:14,024] {logging_mixin.py:109} INFO - [2022-01-28 21:58:14,024] {dagbag.py:500} INFO - Filling up the DagBag from /home/data-eginner/Documents/Soccer_Data/env/lib/python3.8/site-packages/airflow/example_dags/example_trigger_target_dag.py
[2022-01-28 21:58:14,046] {processor.py:654} INFO - DAG(s) dict_keys(['example_trigger_target_dag']) retrieved from /home/data-eginner/Documents/Soccer_Data/env/lib/python3.8/site-packages/airflow/example_dags/example_trigger_target_dag.py
[2022-01-28 21:58:14,060] {logging_mixin.py:109} INFO - [2022-01-28 21:58:14,060] {dag.py:2396} INFO - Sync 1 DAGs
[2022-01-28 21:58:14,071] {logging_mixin.py:109} INFO - [2022-01-28 21:58:14,071] {dag.py:2935} INFO - Setting next_dagrun for example_trigger_target_dag to None
[2022-01-28 21:58:14,087] {processor.py:171} INFO - Processing /home/data-eginner/Documents/Soccer_Data/env/lib/python3.8/site-packages/airflow/example_dags/example_trigger_target_dag.py took 0.068 seconds
[2022-01-28 21:58:54,130] {processor.py:163} INFO - Started process (PID=25666) to work on /home/data-eginner/Documents/Soccer_Data/env/lib/python3.8/site-packages/airflow/example_dags/example_trigger_target_dag.py
[2022-01-28 21:58:54,144] {processor.py:642} INFO - Processing file /home/data-eginner/Documents/Soccer_Data/env/lib/python3.8/site-packages/airflow/example_dags/example_trigger_target_dag.py for tasks to queue
[2022-01-28 21:58:54,146] {logging_mixin.py:109} INFO - [2022-01-28 21:58:54,145] {dagbag.py:500} INFO - Filling up the DagBag from /home/data-eginner/Documents/Soccer_Data/env/lib/python3.8/site-packages/airflow/example_dags/example_trigger_target_dag.py
[2022-01-28 21:58:54,195] {processor.py:654} INFO - DAG(s) dict_keys(['example_trigger_target_dag']) retrieved from /home/data-eginner/Documents/Soccer_Data/env/lib/python3.8/site-packages/airflow/example_dags/example_trigger_target_dag.py
[2022-01-28 21:58:54,223] {logging_mixin.py:109} INFO - [2022-01-28 21:58:54,222] {dag.py:2396} INFO - Sync 1 DAGs
[2022-01-28 21:58:54,265] {logging_mixin.py:109} INFO - [2022-01-28 21:58:54,264] {dag.py:2935} INFO - Setting next_dagrun for example_trigger_target_dag to None
[2022-01-28 21:58:54,345] {processor.py:171} INFO - Processing /home/data-eginner/Documents/Soccer_Data/env/lib/python3.8/site-packages/airflow/example_dags/example_trigger_target_dag.py took 0.225 seconds
[2022-01-28 21:59:34,304] {processor.py:163} INFO - Started process (PID=25818) to work on /home/data-eginner/Documents/Soccer_Data/env/lib/python3.8/site-packages/airflow/example_dags/example_trigger_target_dag.py
[2022-01-28 21:59:34,325] {processor.py:642} INFO - Processing file /home/data-eginner/Documents/Soccer_Data/env/lib/python3.8/site-packages/airflow/example_dags/example_trigger_target_dag.py for tasks to queue
[2022-01-28 21:59:34,325] {logging_mixin.py:109} INFO - [2022-01-28 21:59:34,325] {dagbag.py:500} INFO - Filling up the DagBag from /home/data-eginner/Documents/Soccer_Data/env/lib/python3.8/site-packages/airflow/example_dags/example_trigger_target_dag.py
[2022-01-28 21:59:34,389] {processor.py:654} INFO - DAG(s) dict_keys(['example_trigger_target_dag']) retrieved from /home/data-eginner/Documents/Soccer_Data/env/lib/python3.8/site-packages/airflow/example_dags/example_trigger_target_dag.py
[2022-01-28 21:59:34,409] {logging_mixin.py:109} INFO - [2022-01-28 21:59:34,409] {dag.py:2396} INFO - Sync 1 DAGs
[2022-01-28 21:59:34,430] {logging_mixin.py:109} INFO - [2022-01-28 21:59:34,430] {dag.py:2935} INFO - Setting next_dagrun for example_trigger_target_dag to None
[2022-01-28 21:59:34,451] {processor.py:171} INFO - Processing /home/data-eginner/Documents/Soccer_Data/env/lib/python3.8/site-packages/airflow/example_dags/example_trigger_target_dag.py took 0.166 seconds
[2022-01-28 22:00:09,725] {processor.py:163} INFO - Started process (PID=25954) to work on /home/data-eginner/Documents/Soccer_Data/env/lib/python3.8/site-packages/airflow/example_dags/example_trigger_target_dag.py
[2022-01-28 22:00:09,727] {processor.py:642} INFO - Processing file /home/data-eginner/Documents/Soccer_Data/env/lib/python3.8/site-packages/airflow/example_dags/example_trigger_target_dag.py for tasks to queue
[2022-01-28 22:00:09,727] {logging_mixin.py:109} INFO - [2022-01-28 22:00:09,727] {dagbag.py:500} INFO - Filling up the DagBag from /home/data-eginner/Documents/Soccer_Data/env/lib/python3.8/site-packages/airflow/example_dags/example_trigger_target_dag.py
[2022-01-28 22:00:09,751] {processor.py:654} INFO - DAG(s) dict_keys(['example_trigger_target_dag']) retrieved from /home/data-eginner/Documents/Soccer_Data/env/lib/python3.8/site-packages/airflow/example_dags/example_trigger_target_dag.py
[2022-01-28 22:00:09,761] {logging_mixin.py:109} INFO - [2022-01-28 22:00:09,761] {dag.py:2396} INFO - Sync 1 DAGs
[2022-01-28 22:00:09,789] {logging_mixin.py:109} INFO - [2022-01-28 22:00:09,789] {dag.py:2935} INFO - Setting next_dagrun for example_trigger_target_dag to None
[2022-01-28 22:00:09,814] {processor.py:171} INFO - Processing /home/data-eginner/Documents/Soccer_Data/env/lib/python3.8/site-packages/airflow/example_dags/example_trigger_target_dag.py took 0.092 seconds
[2022-01-28 22:00:47,997] {processor.py:163} INFO - Started process (PID=26115) to work on /home/data-eginner/Documents/Soccer_Data/env/lib/python3.8/site-packages/airflow/example_dags/example_trigger_target_dag.py
[2022-01-28 22:00:48,009] {processor.py:642} INFO - Processing file /home/data-eginner/Documents/Soccer_Data/env/lib/python3.8/site-packages/airflow/example_dags/example_trigger_target_dag.py for tasks to queue
[2022-01-28 22:00:48,009] {logging_mixin.py:109} INFO - [2022-01-28 22:00:48,009] {dagbag.py:500} INFO - Filling up the DagBag from /home/data-eginner/Documents/Soccer_Data/env/lib/python3.8/site-packages/airflow/example_dags/example_trigger_target_dag.py
[2022-01-28 22:00:48,034] {processor.py:654} INFO - DAG(s) dict_keys(['example_trigger_target_dag']) retrieved from /home/data-eginner/Documents/Soccer_Data/env/lib/python3.8/site-packages/airflow/example_dags/example_trigger_target_dag.py
[2022-01-28 22:00:48,042] {logging_mixin.py:109} INFO - [2022-01-28 22:00:48,042] {dag.py:2396} INFO - Sync 1 DAGs
[2022-01-28 22:00:48,054] {logging_mixin.py:109} INFO - [2022-01-28 22:00:48,054] {dag.py:2935} INFO - Setting next_dagrun for example_trigger_target_dag to None
[2022-01-28 22:00:48,090] {processor.py:171} INFO - Processing /home/data-eginner/Documents/Soccer_Data/env/lib/python3.8/site-packages/airflow/example_dags/example_trigger_target_dag.py took 0.102 seconds
[2022-01-28 22:01:24,860] {processor.py:163} INFO - Started process (PID=26259) to work on /home/data-eginner/Documents/Soccer_Data/env/lib/python3.8/site-packages/airflow/example_dags/example_trigger_target_dag.py
[2022-01-28 22:01:24,867] {processor.py:642} INFO - Processing file /home/data-eginner/Documents/Soccer_Data/env/lib/python3.8/site-packages/airflow/example_dags/example_trigger_target_dag.py for tasks to queue
[2022-01-28 22:01:24,867] {logging_mixin.py:109} INFO - [2022-01-28 22:01:24,867] {dagbag.py:500} INFO - Filling up the DagBag from /home/data-eginner/Documents/Soccer_Data/env/lib/python3.8/site-packages/airflow/example_dags/example_trigger_target_dag.py
[2022-01-28 22:01:24,976] {processor.py:654} INFO - DAG(s) dict_keys(['example_trigger_target_dag']) retrieved from /home/data-eginner/Documents/Soccer_Data/env/lib/python3.8/site-packages/airflow/example_dags/example_trigger_target_dag.py
[2022-01-28 22:01:24,985] {logging_mixin.py:109} INFO - [2022-01-28 22:01:24,985] {dag.py:2396} INFO - Sync 1 DAGs
[2022-01-28 22:01:25,037] {logging_mixin.py:109} INFO - [2022-01-28 22:01:25,037] {dag.py:2935} INFO - Setting next_dagrun for example_trigger_target_dag to None
[2022-01-28 22:01:25,075] {processor.py:171} INFO - Processing /home/data-eginner/Documents/Soccer_Data/env/lib/python3.8/site-packages/airflow/example_dags/example_trigger_target_dag.py took 0.244 seconds
[2022-01-28 22:04:10,851] {processor.py:163} INFO - Started process (PID=26532) to work on /home/data-eginner/Documents/Soccer_Data/env/lib/python3.8/site-packages/airflow/example_dags/example_trigger_target_dag.py
[2022-01-28 22:04:10,865] {processor.py:642} INFO - Processing file /home/data-eginner/Documents/Soccer_Data/env/lib/python3.8/site-packages/airflow/example_dags/example_trigger_target_dag.py for tasks to queue
[2022-01-28 22:04:10,865] {logging_mixin.py:109} INFO - [2022-01-28 22:04:10,865] {dagbag.py:500} INFO - Filling up the DagBag from /home/data-eginner/Documents/Soccer_Data/env/lib/python3.8/site-packages/airflow/example_dags/example_trigger_target_dag.py
[2022-01-28 22:04:10,910] {processor.py:654} INFO - DAG(s) dict_keys(['example_trigger_target_dag']) retrieved from /home/data-eginner/Documents/Soccer_Data/env/lib/python3.8/site-packages/airflow/example_dags/example_trigger_target_dag.py
[2022-01-28 22:04:10,929] {logging_mixin.py:109} INFO - [2022-01-28 22:04:10,929] {dag.py:2396} INFO - Sync 1 DAGs
[2022-01-28 22:04:10,950] {logging_mixin.py:109} INFO - [2022-01-28 22:04:10,950] {dag.py:2935} INFO - Setting next_dagrun for example_trigger_target_dag to None
[2022-01-28 22:04:10,973] {processor.py:171} INFO - Processing /home/data-eginner/Documents/Soccer_Data/env/lib/python3.8/site-packages/airflow/example_dags/example_trigger_target_dag.py took 0.124 seconds
[2022-01-28 22:04:52,841] {processor.py:163} INFO - Started process (PID=26699) to work on /home/data-eginner/Documents/Soccer_Data/env/lib/python3.8/site-packages/airflow/example_dags/example_trigger_target_dag.py
[2022-01-28 22:04:52,843] {processor.py:642} INFO - Processing file /home/data-eginner/Documents/Soccer_Data/env/lib/python3.8/site-packages/airflow/example_dags/example_trigger_target_dag.py for tasks to queue
[2022-01-28 22:04:52,844] {logging_mixin.py:109} INFO - [2022-01-28 22:04:52,844] {dagbag.py:500} INFO - Filling up the DagBag from /home/data-eginner/Documents/Soccer_Data/env/lib/python3.8/site-packages/airflow/example_dags/example_trigger_target_dag.py
[2022-01-28 22:04:52,916] {processor.py:654} INFO - DAG(s) dict_keys(['example_trigger_target_dag']) retrieved from /home/data-eginner/Documents/Soccer_Data/env/lib/python3.8/site-packages/airflow/example_dags/example_trigger_target_dag.py
[2022-01-28 22:04:52,942] {logging_mixin.py:109} INFO - [2022-01-28 22:04:52,942] {dag.py:2396} INFO - Sync 1 DAGs
[2022-01-28 22:04:52,974] {logging_mixin.py:109} INFO - [2022-01-28 22:04:52,974] {dag.py:2935} INFO - Setting next_dagrun for example_trigger_target_dag to None
[2022-01-28 22:04:53,000] {processor.py:171} INFO - Processing /home/data-eginner/Documents/Soccer_Data/env/lib/python3.8/site-packages/airflow/example_dags/example_trigger_target_dag.py took 0.178 seconds
[2022-01-28 22:05:35,116] {processor.py:163} INFO - Started process (PID=26864) to work on /home/data-eginner/Documents/Soccer_Data/env/lib/python3.8/site-packages/airflow/example_dags/example_trigger_target_dag.py
[2022-01-28 22:05:35,122] {processor.py:642} INFO - Processing file /home/data-eginner/Documents/Soccer_Data/env/lib/python3.8/site-packages/airflow/example_dags/example_trigger_target_dag.py for tasks to queue
[2022-01-28 22:05:35,123] {logging_mixin.py:109} INFO - [2022-01-28 22:05:35,123] {dagbag.py:500} INFO - Filling up the DagBag from /home/data-eginner/Documents/Soccer_Data/env/lib/python3.8/site-packages/airflow/example_dags/example_trigger_target_dag.py
[2022-01-28 22:05:35,161] {processor.py:654} INFO - DAG(s) dict_keys(['example_trigger_target_dag']) retrieved from /home/data-eginner/Documents/Soccer_Data/env/lib/python3.8/site-packages/airflow/example_dags/example_trigger_target_dag.py
[2022-01-28 22:05:35,174] {logging_mixin.py:109} INFO - [2022-01-28 22:05:35,174] {dag.py:2396} INFO - Sync 1 DAGs
[2022-01-28 22:05:35,187] {logging_mixin.py:109} INFO - [2022-01-28 22:05:35,187] {dag.py:2935} INFO - Setting next_dagrun for example_trigger_target_dag to None
[2022-01-28 22:05:35,263] {processor.py:171} INFO - Processing /home/data-eginner/Documents/Soccer_Data/env/lib/python3.8/site-packages/airflow/example_dags/example_trigger_target_dag.py took 0.152 seconds
[2022-01-28 22:06:15,438] {processor.py:163} INFO - Started process (PID=27025) to work on /home/data-eginner/Documents/Soccer_Data/env/lib/python3.8/site-packages/airflow/example_dags/example_trigger_target_dag.py
[2022-01-28 22:06:15,473] {processor.py:642} INFO - Processing file /home/data-eginner/Documents/Soccer_Data/env/lib/python3.8/site-packages/airflow/example_dags/example_trigger_target_dag.py for tasks to queue
[2022-01-28 22:06:15,474] {logging_mixin.py:109} INFO - [2022-01-28 22:06:15,474] {dagbag.py:500} INFO - Filling up the DagBag from /home/data-eginner/Documents/Soccer_Data/env/lib/python3.8/site-packages/airflow/example_dags/example_trigger_target_dag.py
[2022-01-28 22:06:15,502] {processor.py:654} INFO - DAG(s) dict_keys(['example_trigger_target_dag']) retrieved from /home/data-eginner/Documents/Soccer_Data/env/lib/python3.8/site-packages/airflow/example_dags/example_trigger_target_dag.py
[2022-01-28 22:06:15,511] {logging_mixin.py:109} INFO - [2022-01-28 22:06:15,511] {dag.py:2396} INFO - Sync 1 DAGs
[2022-01-28 22:06:15,521] {logging_mixin.py:109} INFO - [2022-01-28 22:06:15,521] {dag.py:2935} INFO - Setting next_dagrun for example_trigger_target_dag to None
[2022-01-28 22:06:15,555] {processor.py:171} INFO - Processing /home/data-eginner/Documents/Soccer_Data/env/lib/python3.8/site-packages/airflow/example_dags/example_trigger_target_dag.py took 0.123 seconds
[2022-01-28 22:06:55,178] {processor.py:163} INFO - Started process (PID=27192) to work on /home/data-eginner/Documents/Soccer_Data/env/lib/python3.8/site-packages/airflow/example_dags/example_trigger_target_dag.py
[2022-01-28 22:06:55,207] {processor.py:642} INFO - Processing file /home/data-eginner/Documents/Soccer_Data/env/lib/python3.8/site-packages/airflow/example_dags/example_trigger_target_dag.py for tasks to queue
[2022-01-28 22:06:55,208] {logging_mixin.py:109} INFO - [2022-01-28 22:06:55,208] {dagbag.py:500} INFO - Filling up the DagBag from /home/data-eginner/Documents/Soccer_Data/env/lib/python3.8/site-packages/airflow/example_dags/example_trigger_target_dag.py
[2022-01-28 22:06:55,251] {processor.py:654} INFO - DAG(s) dict_keys(['example_trigger_target_dag']) retrieved from /home/data-eginner/Documents/Soccer_Data/env/lib/python3.8/site-packages/airflow/example_dags/example_trigger_target_dag.py
[2022-01-28 22:06:55,273] {logging_mixin.py:109} INFO - [2022-01-28 22:06:55,273] {dag.py:2396} INFO - Sync 1 DAGs
[2022-01-28 22:06:55,312] {logging_mixin.py:109} INFO - [2022-01-28 22:06:55,312] {dag.py:2935} INFO - Setting next_dagrun for example_trigger_target_dag to None
[2022-01-28 22:06:55,342] {processor.py:171} INFO - Processing /home/data-eginner/Documents/Soccer_Data/env/lib/python3.8/site-packages/airflow/example_dags/example_trigger_target_dag.py took 0.166 seconds
[2022-01-28 22:07:43,819] {processor.py:163} INFO - Started process (PID=27376) to work on /home/data-eginner/Documents/Soccer_Data/env/lib/python3.8/site-packages/airflow/example_dags/example_trigger_target_dag.py
[2022-01-28 22:07:43,821] {processor.py:642} INFO - Processing file /home/data-eginner/Documents/Soccer_Data/env/lib/python3.8/site-packages/airflow/example_dags/example_trigger_target_dag.py for tasks to queue
[2022-01-28 22:07:43,821] {logging_mixin.py:109} INFO - [2022-01-28 22:07:43,821] {dagbag.py:500} INFO - Filling up the DagBag from /home/data-eginner/Documents/Soccer_Data/env/lib/python3.8/site-packages/airflow/example_dags/example_trigger_target_dag.py
[2022-01-28 22:07:43,856] {processor.py:654} INFO - DAG(s) dict_keys(['example_trigger_target_dag']) retrieved from /home/data-eginner/Documents/Soccer_Data/env/lib/python3.8/site-packages/airflow/example_dags/example_trigger_target_dag.py
[2022-01-28 22:07:43,877] {logging_mixin.py:109} INFO - [2022-01-28 22:07:43,876] {dag.py:2396} INFO - Sync 1 DAGs
[2022-01-28 22:07:43,909] {logging_mixin.py:109} INFO - [2022-01-28 22:07:43,909] {dag.py:2935} INFO - Setting next_dagrun for example_trigger_target_dag to None
[2022-01-28 22:07:43,944] {processor.py:171} INFO - Processing /home/data-eginner/Documents/Soccer_Data/env/lib/python3.8/site-packages/airflow/example_dags/example_trigger_target_dag.py took 0.128 seconds
[2022-01-28 22:08:28,302] {processor.py:163} INFO - Started process (PID=27561) to work on /home/data-eginner/Documents/Soccer_Data/env/lib/python3.8/site-packages/airflow/example_dags/example_trigger_target_dag.py
[2022-01-28 22:08:28,340] {processor.py:642} INFO - Processing file /home/data-eginner/Documents/Soccer_Data/env/lib/python3.8/site-packages/airflow/example_dags/example_trigger_target_dag.py for tasks to queue
[2022-01-28 22:08:28,340] {logging_mixin.py:109} INFO - [2022-01-28 22:08:28,340] {dagbag.py:500} INFO - Filling up the DagBag from /home/data-eginner/Documents/Soccer_Data/env/lib/python3.8/site-packages/airflow/example_dags/example_trigger_target_dag.py
[2022-01-28 22:08:28,390] {processor.py:654} INFO - DAG(s) dict_keys(['example_trigger_target_dag']) retrieved from /home/data-eginner/Documents/Soccer_Data/env/lib/python3.8/site-packages/airflow/example_dags/example_trigger_target_dag.py
[2022-01-28 22:08:28,401] {logging_mixin.py:109} INFO - [2022-01-28 22:08:28,401] {dag.py:2396} INFO - Sync 1 DAGs
[2022-01-28 22:08:28,426] {logging_mixin.py:109} INFO - [2022-01-28 22:08:28,426] {dag.py:2935} INFO - Setting next_dagrun for example_trigger_target_dag to None
[2022-01-28 22:08:28,473] {processor.py:171} INFO - Processing /home/data-eginner/Documents/Soccer_Data/env/lib/python3.8/site-packages/airflow/example_dags/example_trigger_target_dag.py took 0.174 seconds
[2022-01-28 22:09:11,929] {processor.py:163} INFO - Started process (PID=27734) to work on /home/data-eginner/Documents/Soccer_Data/env/lib/python3.8/site-packages/airflow/example_dags/example_trigger_target_dag.py
[2022-01-28 22:09:11,944] {processor.py:642} INFO - Processing file /home/data-eginner/Documents/Soccer_Data/env/lib/python3.8/site-packages/airflow/example_dags/example_trigger_target_dag.py for tasks to queue
[2022-01-28 22:09:11,945] {logging_mixin.py:109} INFO - [2022-01-28 22:09:11,944] {dagbag.py:500} INFO - Filling up the DagBag from /home/data-eginner/Documents/Soccer_Data/env/lib/python3.8/site-packages/airflow/example_dags/example_trigger_target_dag.py
[2022-01-28 22:09:11,983] {processor.py:654} INFO - DAG(s) dict_keys(['example_trigger_target_dag']) retrieved from /home/data-eginner/Documents/Soccer_Data/env/lib/python3.8/site-packages/airflow/example_dags/example_trigger_target_dag.py
[2022-01-28 22:09:12,005] {logging_mixin.py:109} INFO - [2022-01-28 22:09:12,005] {dag.py:2396} INFO - Sync 1 DAGs
[2022-01-28 22:09:12,034] {logging_mixin.py:109} INFO - [2022-01-28 22:09:12,034] {dag.py:2935} INFO - Setting next_dagrun for example_trigger_target_dag to None
[2022-01-28 22:09:12,089] {processor.py:171} INFO - Processing /home/data-eginner/Documents/Soccer_Data/env/lib/python3.8/site-packages/airflow/example_dags/example_trigger_target_dag.py took 0.173 seconds
[2022-01-28 22:09:53,203] {processor.py:163} INFO - Started process (PID=27902) to work on /home/data-eginner/Documents/Soccer_Data/env/lib/python3.8/site-packages/airflow/example_dags/example_trigger_target_dag.py
[2022-01-28 22:09:53,207] {processor.py:642} INFO - Processing file /home/data-eginner/Documents/Soccer_Data/env/lib/python3.8/site-packages/airflow/example_dags/example_trigger_target_dag.py for tasks to queue
[2022-01-28 22:09:53,208] {logging_mixin.py:109} INFO - [2022-01-28 22:09:53,208] {dagbag.py:500} INFO - Filling up the DagBag from /home/data-eginner/Documents/Soccer_Data/env/lib/python3.8/site-packages/airflow/example_dags/example_trigger_target_dag.py
[2022-01-28 22:09:53,236] {processor.py:654} INFO - DAG(s) dict_keys(['example_trigger_target_dag']) retrieved from /home/data-eginner/Documents/Soccer_Data/env/lib/python3.8/site-packages/airflow/example_dags/example_trigger_target_dag.py
[2022-01-28 22:09:53,249] {logging_mixin.py:109} INFO - [2022-01-28 22:09:53,249] {dag.py:2396} INFO - Sync 1 DAGs
[2022-01-28 22:09:53,260] {logging_mixin.py:109} INFO - [2022-01-28 22:09:53,260] {dag.py:2935} INFO - Setting next_dagrun for example_trigger_target_dag to None
[2022-01-28 22:09:53,275] {processor.py:171} INFO - Processing /home/data-eginner/Documents/Soccer_Data/env/lib/python3.8/site-packages/airflow/example_dags/example_trigger_target_dag.py took 0.076 seconds
[2022-01-28 22:10:29,539] {processor.py:163} INFO - Started process (PID=28054) to work on /home/data-eginner/Documents/Soccer_Data/env/lib/python3.8/site-packages/airflow/example_dags/example_trigger_target_dag.py
[2022-01-28 22:10:29,542] {processor.py:642} INFO - Processing file /home/data-eginner/Documents/Soccer_Data/env/lib/python3.8/site-packages/airflow/example_dags/example_trigger_target_dag.py for tasks to queue
[2022-01-28 22:10:29,543] {logging_mixin.py:109} INFO - [2022-01-28 22:10:29,543] {dagbag.py:500} INFO - Filling up the DagBag from /home/data-eginner/Documents/Soccer_Data/env/lib/python3.8/site-packages/airflow/example_dags/example_trigger_target_dag.py
[2022-01-28 22:10:29,587] {processor.py:654} INFO - DAG(s) dict_keys(['example_trigger_target_dag']) retrieved from /home/data-eginner/Documents/Soccer_Data/env/lib/python3.8/site-packages/airflow/example_dags/example_trigger_target_dag.py
[2022-01-28 22:10:29,607] {logging_mixin.py:109} INFO - [2022-01-28 22:10:29,606] {dag.py:2396} INFO - Sync 1 DAGs
[2022-01-28 22:10:29,629] {logging_mixin.py:109} INFO - [2022-01-28 22:10:29,628] {dag.py:2935} INFO - Setting next_dagrun for example_trigger_target_dag to None
[2022-01-28 22:10:29,661] {processor.py:171} INFO - Processing /home/data-eginner/Documents/Soccer_Data/env/lib/python3.8/site-packages/airflow/example_dags/example_trigger_target_dag.py took 0.135 seconds
[2022-01-28 22:11:06,825] {processor.py:163} INFO - Started process (PID=28220) to work on /home/data-eginner/Documents/Soccer_Data/env/lib/python3.8/site-packages/airflow/example_dags/example_trigger_target_dag.py
[2022-01-28 22:11:06,828] {processor.py:642} INFO - Processing file /home/data-eginner/Documents/Soccer_Data/env/lib/python3.8/site-packages/airflow/example_dags/example_trigger_target_dag.py for tasks to queue
[2022-01-28 22:11:06,829] {logging_mixin.py:109} INFO - [2022-01-28 22:11:06,829] {dagbag.py:500} INFO - Filling up the DagBag from /home/data-eginner/Documents/Soccer_Data/env/lib/python3.8/site-packages/airflow/example_dags/example_trigger_target_dag.py
[2022-01-28 22:11:06,882] {processor.py:654} INFO - DAG(s) dict_keys(['example_trigger_target_dag']) retrieved from /home/data-eginner/Documents/Soccer_Data/env/lib/python3.8/site-packages/airflow/example_dags/example_trigger_target_dag.py
[2022-01-28 22:11:06,891] {logging_mixin.py:109} INFO - [2022-01-28 22:11:06,891] {dag.py:2396} INFO - Sync 1 DAGs
[2022-01-28 22:11:06,903] {logging_mixin.py:109} INFO - [2022-01-28 22:11:06,903] {dag.py:2935} INFO - Setting next_dagrun for example_trigger_target_dag to None
[2022-01-28 22:11:06,919] {processor.py:171} INFO - Processing /home/data-eginner/Documents/Soccer_Data/env/lib/python3.8/site-packages/airflow/example_dags/example_trigger_target_dag.py took 0.100 seconds
[2022-01-28 22:11:42,452] {processor.py:163} INFO - Started process (PID=28365) to work on /home/data-eginner/Documents/Soccer_Data/env/lib/python3.8/site-packages/airflow/example_dags/example_trigger_target_dag.py
[2022-01-28 22:11:42,460] {processor.py:642} INFO - Processing file /home/data-eginner/Documents/Soccer_Data/env/lib/python3.8/site-packages/airflow/example_dags/example_trigger_target_dag.py for tasks to queue
[2022-01-28 22:11:42,461] {logging_mixin.py:109} INFO - [2022-01-28 22:11:42,461] {dagbag.py:500} INFO - Filling up the DagBag from /home/data-eginner/Documents/Soccer_Data/env/lib/python3.8/site-packages/airflow/example_dags/example_trigger_target_dag.py
[2022-01-28 22:11:42,500] {processor.py:654} INFO - DAG(s) dict_keys(['example_trigger_target_dag']) retrieved from /home/data-eginner/Documents/Soccer_Data/env/lib/python3.8/site-packages/airflow/example_dags/example_trigger_target_dag.py
[2022-01-28 22:11:42,508] {logging_mixin.py:109} INFO - [2022-01-28 22:11:42,508] {dag.py:2396} INFO - Sync 1 DAGs
[2022-01-28 22:11:42,523] {logging_mixin.py:109} INFO - [2022-01-28 22:11:42,523] {dag.py:2935} INFO - Setting next_dagrun for example_trigger_target_dag to None
[2022-01-28 22:11:42,539] {processor.py:171} INFO - Processing /home/data-eginner/Documents/Soccer_Data/env/lib/python3.8/site-packages/airflow/example_dags/example_trigger_target_dag.py took 0.098 seconds
[2022-01-28 22:12:25,415] {processor.py:163} INFO - Started process (PID=28550) to work on /home/data-eginner/Documents/Soccer_Data/env/lib/python3.8/site-packages/airflow/example_dags/example_trigger_target_dag.py
[2022-01-28 22:12:25,475] {processor.py:642} INFO - Processing file /home/data-eginner/Documents/Soccer_Data/env/lib/python3.8/site-packages/airflow/example_dags/example_trigger_target_dag.py for tasks to queue
[2022-01-28 22:12:25,476] {logging_mixin.py:109} INFO - [2022-01-28 22:12:25,476] {dagbag.py:500} INFO - Filling up the DagBag from /home/data-eginner/Documents/Soccer_Data/env/lib/python3.8/site-packages/airflow/example_dags/example_trigger_target_dag.py
[2022-01-28 22:12:25,564] {processor.py:654} INFO - DAG(s) dict_keys(['example_trigger_target_dag']) retrieved from /home/data-eginner/Documents/Soccer_Data/env/lib/python3.8/site-packages/airflow/example_dags/example_trigger_target_dag.py
[2022-01-28 22:12:25,599] {logging_mixin.py:109} INFO - [2022-01-28 22:12:25,599] {dag.py:2396} INFO - Sync 1 DAGs
[2022-01-28 22:12:25,674] {logging_mixin.py:109} INFO - [2022-01-28 22:12:25,673] {dag.py:2935} INFO - Setting next_dagrun for example_trigger_target_dag to None
[2022-01-28 22:12:25,715] {processor.py:171} INFO - Processing /home/data-eginner/Documents/Soccer_Data/env/lib/python3.8/site-packages/airflow/example_dags/example_trigger_target_dag.py took 0.321 seconds
[2022-01-28 22:13:08,131] {processor.py:163} INFO - Started process (PID=28710) to work on /home/data-eginner/Documents/Soccer_Data/env/lib/python3.8/site-packages/airflow/example_dags/example_trigger_target_dag.py
[2022-01-28 22:13:08,139] {processor.py:642} INFO - Processing file /home/data-eginner/Documents/Soccer_Data/env/lib/python3.8/site-packages/airflow/example_dags/example_trigger_target_dag.py for tasks to queue
[2022-01-28 22:13:08,139] {logging_mixin.py:109} INFO - [2022-01-28 22:13:08,139] {dagbag.py:500} INFO - Filling up the DagBag from /home/data-eginner/Documents/Soccer_Data/env/lib/python3.8/site-packages/airflow/example_dags/example_trigger_target_dag.py
[2022-01-28 22:13:08,185] {processor.py:654} INFO - DAG(s) dict_keys(['example_trigger_target_dag']) retrieved from /home/data-eginner/Documents/Soccer_Data/env/lib/python3.8/site-packages/airflow/example_dags/example_trigger_target_dag.py
[2022-01-28 22:13:08,218] {logging_mixin.py:109} INFO - [2022-01-28 22:13:08,218] {dag.py:2396} INFO - Sync 1 DAGs
[2022-01-28 22:13:08,252] {logging_mixin.py:109} INFO - [2022-01-28 22:13:08,252] {dag.py:2935} INFO - Setting next_dagrun for example_trigger_target_dag to None
[2022-01-28 22:13:08,294] {processor.py:171} INFO - Processing /home/data-eginner/Documents/Soccer_Data/env/lib/python3.8/site-packages/airflow/example_dags/example_trigger_target_dag.py took 0.173 seconds
[2022-01-28 22:13:49,813] {processor.py:163} INFO - Started process (PID=28882) to work on /home/data-eginner/Documents/Soccer_Data/env/lib/python3.8/site-packages/airflow/example_dags/example_trigger_target_dag.py
[2022-01-28 22:13:49,818] {processor.py:642} INFO - Processing file /home/data-eginner/Documents/Soccer_Data/env/lib/python3.8/site-packages/airflow/example_dags/example_trigger_target_dag.py for tasks to queue
[2022-01-28 22:13:49,819] {logging_mixin.py:109} INFO - [2022-01-28 22:13:49,818] {dagbag.py:500} INFO - Filling up the DagBag from /home/data-eginner/Documents/Soccer_Data/env/lib/python3.8/site-packages/airflow/example_dags/example_trigger_target_dag.py
[2022-01-28 22:13:49,898] {processor.py:654} INFO - DAG(s) dict_keys(['example_trigger_target_dag']) retrieved from /home/data-eginner/Documents/Soccer_Data/env/lib/python3.8/site-packages/airflow/example_dags/example_trigger_target_dag.py
[2022-01-28 22:13:49,932] {logging_mixin.py:109} INFO - [2022-01-28 22:13:49,932] {dag.py:2396} INFO - Sync 1 DAGs
[2022-01-28 22:13:49,969] {logging_mixin.py:109} INFO - [2022-01-28 22:13:49,969] {dag.py:2935} INFO - Setting next_dagrun for example_trigger_target_dag to None
[2022-01-28 22:13:49,988] {processor.py:171} INFO - Processing /home/data-eginner/Documents/Soccer_Data/env/lib/python3.8/site-packages/airflow/example_dags/example_trigger_target_dag.py took 0.178 seconds
[2022-01-28 22:14:39,853] {processor.py:163} INFO - Started process (PID=29070) to work on /home/data-eginner/Documents/Soccer_Data/env/lib/python3.8/site-packages/airflow/example_dags/example_trigger_target_dag.py
[2022-01-28 22:14:39,858] {processor.py:642} INFO - Processing file /home/data-eginner/Documents/Soccer_Data/env/lib/python3.8/site-packages/airflow/example_dags/example_trigger_target_dag.py for tasks to queue
[2022-01-28 22:14:39,859] {logging_mixin.py:109} INFO - [2022-01-28 22:14:39,859] {dagbag.py:500} INFO - Filling up the DagBag from /home/data-eginner/Documents/Soccer_Data/env/lib/python3.8/site-packages/airflow/example_dags/example_trigger_target_dag.py
[2022-01-28 22:14:39,932] {processor.py:654} INFO - DAG(s) dict_keys(['example_trigger_target_dag']) retrieved from /home/data-eginner/Documents/Soccer_Data/env/lib/python3.8/site-packages/airflow/example_dags/example_trigger_target_dag.py
[2022-01-28 22:14:39,953] {logging_mixin.py:109} INFO - [2022-01-28 22:14:39,953] {dag.py:2396} INFO - Sync 1 DAGs
[2022-01-28 22:14:39,976] {logging_mixin.py:109} INFO - [2022-01-28 22:14:39,976] {dag.py:2935} INFO - Setting next_dagrun for example_trigger_target_dag to None
[2022-01-28 22:14:40,000] {processor.py:171} INFO - Processing /home/data-eginner/Documents/Soccer_Data/env/lib/python3.8/site-packages/airflow/example_dags/example_trigger_target_dag.py took 0.149 seconds
[2022-01-28 22:15:22,364] {processor.py:163} INFO - Started process (PID=29229) to work on /home/data-eginner/Documents/Soccer_Data/env/lib/python3.8/site-packages/airflow/example_dags/example_trigger_target_dag.py
[2022-01-28 22:15:22,391] {processor.py:642} INFO - Processing file /home/data-eginner/Documents/Soccer_Data/env/lib/python3.8/site-packages/airflow/example_dags/example_trigger_target_dag.py for tasks to queue
[2022-01-28 22:15:22,391] {logging_mixin.py:109} INFO - [2022-01-28 22:15:22,391] {dagbag.py:500} INFO - Filling up the DagBag from /home/data-eginner/Documents/Soccer_Data/env/lib/python3.8/site-packages/airflow/example_dags/example_trigger_target_dag.py
[2022-01-28 22:15:22,546] {processor.py:654} INFO - DAG(s) dict_keys(['example_trigger_target_dag']) retrieved from /home/data-eginner/Documents/Soccer_Data/env/lib/python3.8/site-packages/airflow/example_dags/example_trigger_target_dag.py
[2022-01-28 22:15:22,605] {logging_mixin.py:109} INFO - [2022-01-28 22:15:22,588] {dag.py:2396} INFO - Sync 1 DAGs
[2022-01-28 22:15:22,660] {logging_mixin.py:109} INFO - [2022-01-28 22:15:22,659] {dag.py:2935} INFO - Setting next_dagrun for example_trigger_target_dag to None
[2022-01-28 22:15:22,758] {processor.py:171} INFO - Processing /home/data-eginner/Documents/Soccer_Data/env/lib/python3.8/site-packages/airflow/example_dags/example_trigger_target_dag.py took 0.397 seconds
[2022-01-28 22:16:07,023] {processor.py:163} INFO - Started process (PID=29381) to work on /home/data-eginner/Documents/Soccer_Data/env/lib/python3.8/site-packages/airflow/example_dags/example_trigger_target_dag.py
[2022-01-28 22:16:07,040] {processor.py:642} INFO - Processing file /home/data-eginner/Documents/Soccer_Data/env/lib/python3.8/site-packages/airflow/example_dags/example_trigger_target_dag.py for tasks to queue
[2022-01-28 22:16:07,041] {logging_mixin.py:109} INFO - [2022-01-28 22:16:07,041] {dagbag.py:500} INFO - Filling up the DagBag from /home/data-eginner/Documents/Soccer_Data/env/lib/python3.8/site-packages/airflow/example_dags/example_trigger_target_dag.py
[2022-01-28 22:16:07,084] {processor.py:654} INFO - DAG(s) dict_keys(['example_trigger_target_dag']) retrieved from /home/data-eginner/Documents/Soccer_Data/env/lib/python3.8/site-packages/airflow/example_dags/example_trigger_target_dag.py
[2022-01-28 22:16:07,263] {logging_mixin.py:109} INFO - [2022-01-28 22:16:07,263] {dag.py:2396} INFO - Sync 1 DAGs
[2022-01-28 22:16:07,319] {logging_mixin.py:109} INFO - [2022-01-28 22:16:07,319] {dag.py:2935} INFO - Setting next_dagrun for example_trigger_target_dag to None
[2022-01-28 22:16:07,344] {processor.py:171} INFO - Processing /home/data-eginner/Documents/Soccer_Data/env/lib/python3.8/site-packages/airflow/example_dags/example_trigger_target_dag.py took 0.323 seconds
[2022-01-28 22:17:15,791] {processor.py:163} INFO - Started process (PID=29644) to work on /home/data-eginner/Documents/Soccer_Data/env/lib/python3.8/site-packages/airflow/example_dags/example_trigger_target_dag.py
[2022-01-28 22:17:15,798] {processor.py:642} INFO - Processing file /home/data-eginner/Documents/Soccer_Data/env/lib/python3.8/site-packages/airflow/example_dags/example_trigger_target_dag.py for tasks to queue
[2022-01-28 22:17:15,799] {logging_mixin.py:109} INFO - [2022-01-28 22:17:15,799] {dagbag.py:500} INFO - Filling up the DagBag from /home/data-eginner/Documents/Soccer_Data/env/lib/python3.8/site-packages/airflow/example_dags/example_trigger_target_dag.py
[2022-01-28 22:17:15,883] {processor.py:654} INFO - DAG(s) dict_keys(['example_trigger_target_dag']) retrieved from /home/data-eginner/Documents/Soccer_Data/env/lib/python3.8/site-packages/airflow/example_dags/example_trigger_target_dag.py
[2022-01-28 22:17:15,914] {logging_mixin.py:109} INFO - [2022-01-28 22:17:15,914] {dag.py:2396} INFO - Sync 1 DAGs
[2022-01-28 22:17:15,954] {logging_mixin.py:109} INFO - [2022-01-28 22:17:15,954] {dag.py:2935} INFO - Setting next_dagrun for example_trigger_target_dag to None
[2022-01-28 22:17:16,007] {processor.py:171} INFO - Processing /home/data-eginner/Documents/Soccer_Data/env/lib/python3.8/site-packages/airflow/example_dags/example_trigger_target_dag.py took 0.236 seconds
[2022-01-28 22:17:58,433] {processor.py:163} INFO - Started process (PID=29812) to work on /home/data-eginner/Documents/Soccer_Data/env/lib/python3.8/site-packages/airflow/example_dags/example_trigger_target_dag.py
[2022-01-28 22:17:58,436] {processor.py:642} INFO - Processing file /home/data-eginner/Documents/Soccer_Data/env/lib/python3.8/site-packages/airflow/example_dags/example_trigger_target_dag.py for tasks to queue
[2022-01-28 22:17:58,437] {logging_mixin.py:109} INFO - [2022-01-28 22:17:58,437] {dagbag.py:500} INFO - Filling up the DagBag from /home/data-eginner/Documents/Soccer_Data/env/lib/python3.8/site-packages/airflow/example_dags/example_trigger_target_dag.py
[2022-01-28 22:17:58,460] {processor.py:654} INFO - DAG(s) dict_keys(['example_trigger_target_dag']) retrieved from /home/data-eginner/Documents/Soccer_Data/env/lib/python3.8/site-packages/airflow/example_dags/example_trigger_target_dag.py
[2022-01-28 22:17:58,471] {logging_mixin.py:109} INFO - [2022-01-28 22:17:58,471] {dag.py:2396} INFO - Sync 1 DAGs
[2022-01-28 22:17:58,498] {logging_mixin.py:109} INFO - [2022-01-28 22:17:58,498] {dag.py:2935} INFO - Setting next_dagrun for example_trigger_target_dag to None
[2022-01-28 22:17:58,525] {processor.py:171} INFO - Processing /home/data-eginner/Documents/Soccer_Data/env/lib/python3.8/site-packages/airflow/example_dags/example_trigger_target_dag.py took 0.094 seconds
[2022-01-28 22:18:36,971] {processor.py:163} INFO - Started process (PID=29969) to work on /home/data-eginner/Documents/Soccer_Data/env/lib/python3.8/site-packages/airflow/example_dags/example_trigger_target_dag.py
[2022-01-28 22:18:36,976] {processor.py:642} INFO - Processing file /home/data-eginner/Documents/Soccer_Data/env/lib/python3.8/site-packages/airflow/example_dags/example_trigger_target_dag.py for tasks to queue
[2022-01-28 22:18:36,976] {logging_mixin.py:109} INFO - [2022-01-28 22:18:36,976] {dagbag.py:500} INFO - Filling up the DagBag from /home/data-eginner/Documents/Soccer_Data/env/lib/python3.8/site-packages/airflow/example_dags/example_trigger_target_dag.py
[2022-01-28 22:18:37,008] {processor.py:654} INFO - DAG(s) dict_keys(['example_trigger_target_dag']) retrieved from /home/data-eginner/Documents/Soccer_Data/env/lib/python3.8/site-packages/airflow/example_dags/example_trigger_target_dag.py
[2022-01-28 22:18:37,018] {logging_mixin.py:109} INFO - [2022-01-28 22:18:37,018] {dag.py:2396} INFO - Sync 1 DAGs
[2022-01-28 22:18:37,040] {logging_mixin.py:109} INFO - [2022-01-28 22:18:37,040] {dag.py:2935} INFO - Setting next_dagrun for example_trigger_target_dag to None
[2022-01-28 22:18:37,082] {processor.py:171} INFO - Processing /home/data-eginner/Documents/Soccer_Data/env/lib/python3.8/site-packages/airflow/example_dags/example_trigger_target_dag.py took 0.116 seconds
[2022-01-28 22:19:20,574] {processor.py:163} INFO - Started process (PID=30148) to work on /home/data-eginner/Documents/Soccer_Data/env/lib/python3.8/site-packages/airflow/example_dags/example_trigger_target_dag.py
[2022-01-28 22:19:20,578] {processor.py:642} INFO - Processing file /home/data-eginner/Documents/Soccer_Data/env/lib/python3.8/site-packages/airflow/example_dags/example_trigger_target_dag.py for tasks to queue
[2022-01-28 22:19:20,579] {logging_mixin.py:109} INFO - [2022-01-28 22:19:20,578] {dagbag.py:500} INFO - Filling up the DagBag from /home/data-eginner/Documents/Soccer_Data/env/lib/python3.8/site-packages/airflow/example_dags/example_trigger_target_dag.py
[2022-01-28 22:19:20,704] {processor.py:654} INFO - DAG(s) dict_keys(['example_trigger_target_dag']) retrieved from /home/data-eginner/Documents/Soccer_Data/env/lib/python3.8/site-packages/airflow/example_dags/example_trigger_target_dag.py
[2022-01-28 22:19:20,762] {logging_mixin.py:109} INFO - [2022-01-28 22:19:20,762] {dag.py:2396} INFO - Sync 1 DAGs
[2022-01-28 22:19:20,827] {logging_mixin.py:109} INFO - [2022-01-28 22:19:20,826] {dag.py:2935} INFO - Setting next_dagrun for example_trigger_target_dag to None
[2022-01-28 22:19:20,910] {processor.py:171} INFO - Processing /home/data-eginner/Documents/Soccer_Data/env/lib/python3.8/site-packages/airflow/example_dags/example_trigger_target_dag.py took 0.349 seconds
[2022-01-28 22:20:19,535] {processor.py:163} INFO - Started process (PID=30375) to work on /home/data-eginner/Documents/Soccer_Data/env/lib/python3.8/site-packages/airflow/example_dags/example_trigger_target_dag.py
[2022-01-28 22:20:19,539] {processor.py:642} INFO - Processing file /home/data-eginner/Documents/Soccer_Data/env/lib/python3.8/site-packages/airflow/example_dags/example_trigger_target_dag.py for tasks to queue
[2022-01-28 22:20:19,540] {logging_mixin.py:109} INFO - [2022-01-28 22:20:19,540] {dagbag.py:500} INFO - Filling up the DagBag from /home/data-eginner/Documents/Soccer_Data/env/lib/python3.8/site-packages/airflow/example_dags/example_trigger_target_dag.py
[2022-01-28 22:20:19,564] {processor.py:654} INFO - DAG(s) dict_keys(['example_trigger_target_dag']) retrieved from /home/data-eginner/Documents/Soccer_Data/env/lib/python3.8/site-packages/airflow/example_dags/example_trigger_target_dag.py
[2022-01-28 22:20:19,573] {logging_mixin.py:109} INFO - [2022-01-28 22:20:19,573] {dag.py:2396} INFO - Sync 1 DAGs
[2022-01-28 22:20:19,584] {logging_mixin.py:109} INFO - [2022-01-28 22:20:19,584] {dag.py:2935} INFO - Setting next_dagrun for example_trigger_target_dag to None
[2022-01-28 22:20:19,601] {processor.py:171} INFO - Processing /home/data-eginner/Documents/Soccer_Data/env/lib/python3.8/site-packages/airflow/example_dags/example_trigger_target_dag.py took 0.068 seconds
[2022-01-28 22:20:59,284] {processor.py:163} INFO - Started process (PID=30547) to work on /home/data-eginner/Documents/Soccer_Data/env/lib/python3.8/site-packages/airflow/example_dags/example_trigger_target_dag.py
[2022-01-28 22:20:59,286] {processor.py:642} INFO - Processing file /home/data-eginner/Documents/Soccer_Data/env/lib/python3.8/site-packages/airflow/example_dags/example_trigger_target_dag.py for tasks to queue
[2022-01-28 22:20:59,287] {logging_mixin.py:109} INFO - [2022-01-28 22:20:59,287] {dagbag.py:500} INFO - Filling up the DagBag from /home/data-eginner/Documents/Soccer_Data/env/lib/python3.8/site-packages/airflow/example_dags/example_trigger_target_dag.py
[2022-01-28 22:20:59,313] {processor.py:654} INFO - DAG(s) dict_keys(['example_trigger_target_dag']) retrieved from /home/data-eginner/Documents/Soccer_Data/env/lib/python3.8/site-packages/airflow/example_dags/example_trigger_target_dag.py
[2022-01-28 22:20:59,325] {logging_mixin.py:109} INFO - [2022-01-28 22:20:59,325] {dag.py:2396} INFO - Sync 1 DAGs
[2022-01-28 22:20:59,338] {logging_mixin.py:109} INFO - [2022-01-28 22:20:59,338] {dag.py:2935} INFO - Setting next_dagrun for example_trigger_target_dag to None
[2022-01-28 22:20:59,357] {processor.py:171} INFO - Processing /home/data-eginner/Documents/Soccer_Data/env/lib/python3.8/site-packages/airflow/example_dags/example_trigger_target_dag.py took 0.076 seconds
[2022-01-28 22:21:35,547] {processor.py:163} INFO - Started process (PID=30701) to work on /home/data-eginner/Documents/Soccer_Data/env/lib/python3.8/site-packages/airflow/example_dags/example_trigger_target_dag.py
[2022-01-28 22:21:35,553] {processor.py:642} INFO - Processing file /home/data-eginner/Documents/Soccer_Data/env/lib/python3.8/site-packages/airflow/example_dags/example_trigger_target_dag.py for tasks to queue
[2022-01-28 22:21:35,555] {logging_mixin.py:109} INFO - [2022-01-28 22:21:35,554] {dagbag.py:500} INFO - Filling up the DagBag from /home/data-eginner/Documents/Soccer_Data/env/lib/python3.8/site-packages/airflow/example_dags/example_trigger_target_dag.py
[2022-01-28 22:21:35,579] {processor.py:654} INFO - DAG(s) dict_keys(['example_trigger_target_dag']) retrieved from /home/data-eginner/Documents/Soccer_Data/env/lib/python3.8/site-packages/airflow/example_dags/example_trigger_target_dag.py
[2022-01-28 22:21:35,587] {logging_mixin.py:109} INFO - [2022-01-28 22:21:35,587] {dag.py:2396} INFO - Sync 1 DAGs
[2022-01-28 22:21:35,598] {logging_mixin.py:109} INFO - [2022-01-28 22:21:35,597] {dag.py:2935} INFO - Setting next_dagrun for example_trigger_target_dag to None
[2022-01-28 22:21:35,618] {processor.py:171} INFO - Processing /home/data-eginner/Documents/Soccer_Data/env/lib/python3.8/site-packages/airflow/example_dags/example_trigger_target_dag.py took 0.079 seconds
[2022-01-28 22:22:12,648] {processor.py:163} INFO - Started process (PID=30864) to work on /home/data-eginner/Documents/Soccer_Data/env/lib/python3.8/site-packages/airflow/example_dags/example_trigger_target_dag.py
[2022-01-28 22:22:12,651] {processor.py:642} INFO - Processing file /home/data-eginner/Documents/Soccer_Data/env/lib/python3.8/site-packages/airflow/example_dags/example_trigger_target_dag.py for tasks to queue
[2022-01-28 22:22:12,652] {logging_mixin.py:109} INFO - [2022-01-28 22:22:12,652] {dagbag.py:500} INFO - Filling up the DagBag from /home/data-eginner/Documents/Soccer_Data/env/lib/python3.8/site-packages/airflow/example_dags/example_trigger_target_dag.py
[2022-01-28 22:22:12,681] {processor.py:654} INFO - DAG(s) dict_keys(['example_trigger_target_dag']) retrieved from /home/data-eginner/Documents/Soccer_Data/env/lib/python3.8/site-packages/airflow/example_dags/example_trigger_target_dag.py
[2022-01-28 22:22:12,690] {logging_mixin.py:109} INFO - [2022-01-28 22:22:12,690] {dag.py:2396} INFO - Sync 1 DAGs
[2022-01-28 22:22:12,702] {logging_mixin.py:109} INFO - [2022-01-28 22:22:12,701] {dag.py:2935} INFO - Setting next_dagrun for example_trigger_target_dag to None
[2022-01-28 22:22:12,722] {processor.py:171} INFO - Processing /home/data-eginner/Documents/Soccer_Data/env/lib/python3.8/site-packages/airflow/example_dags/example_trigger_target_dag.py took 0.078 seconds
