[2022-01-28 21:00:21,741] {processor.py:163} INFO - Started process (PID=19032) to work on /home/data-eginner/Documents/Soccer_Data/env/lib/python3.8/site-packages/airflow/example_dags/example_branch_operator.py
[2022-01-28 21:00:21,742] {processor.py:642} INFO - Processing file /home/data-eginner/Documents/Soccer_Data/env/lib/python3.8/site-packages/airflow/example_dags/example_branch_operator.py for tasks to queue
[2022-01-28 21:00:21,743] {logging_mixin.py:109} INFO - [2022-01-28 21:00:21,742] {dagbag.py:500} INFO - Filling up the DagBag from /home/data-eginner/Documents/Soccer_Data/env/lib/python3.8/site-packages/airflow/example_dags/example_branch_operator.py
[2022-01-28 21:00:21,834] {processor.py:654} INFO - DAG(s) dict_keys(['example_branch_operator']) retrieved from /home/data-eginner/Documents/Soccer_Data/env/lib/python3.8/site-packages/airflow/example_dags/example_branch_operator.py
[2022-01-28 21:00:21,860] {logging_mixin.py:109} INFO - [2022-01-28 21:00:21,860] {dag.py:2396} INFO - Sync 1 DAGs
[2022-01-28 21:00:21,888] {logging_mixin.py:109} INFO - [2022-01-28 21:00:21,888] {dag.py:2935} INFO - Setting next_dagrun for example_branch_operator to 2022-01-28 00:00:00+00:00
[2022-01-28 21:00:21,930] {processor.py:171} INFO - Processing /home/data-eginner/Documents/Soccer_Data/env/lib/python3.8/site-packages/airflow/example_dags/example_branch_operator.py took 0.192 seconds
[2022-01-28 21:08:17,237] {processor.py:163} INFO - Started process (PID=19760) to work on /home/data-eginner/Documents/Soccer_Data/env/lib/python3.8/site-packages/airflow/example_dags/example_branch_operator.py
[2022-01-28 21:08:17,242] {processor.py:642} INFO - Processing file /home/data-eginner/Documents/Soccer_Data/env/lib/python3.8/site-packages/airflow/example_dags/example_branch_operator.py for tasks to queue
[2022-01-28 21:08:17,243] {logging_mixin.py:109} INFO - [2022-01-28 21:08:17,243] {dagbag.py:500} INFO - Filling up the DagBag from /home/data-eginner/Documents/Soccer_Data/env/lib/python3.8/site-packages/airflow/example_dags/example_branch_operator.py
[2022-01-28 21:08:17,317] {processor.py:654} INFO - DAG(s) dict_keys(['example_branch_operator']) retrieved from /home/data-eginner/Documents/Soccer_Data/env/lib/python3.8/site-packages/airflow/example_dags/example_branch_operator.py
[2022-01-28 21:08:17,337] {logging_mixin.py:109} INFO - [2022-01-28 21:08:17,337] {dag.py:2396} INFO - Sync 1 DAGs
[2022-01-28 21:08:17,375] {logging_mixin.py:109} INFO - [2022-01-28 21:08:17,375] {dag.py:2935} INFO - Setting next_dagrun for example_branch_operator to 2022-01-28 00:00:00+00:00
[2022-01-28 21:08:17,395] {processor.py:171} INFO - Processing /home/data-eginner/Documents/Soccer_Data/env/lib/python3.8/site-packages/airflow/example_dags/example_branch_operator.py took 0.161 seconds
[2022-01-28 21:09:03,204] {processor.py:163} INFO - Started process (PID=19927) to work on /home/data-eginner/Documents/Soccer_Data/env/lib/python3.8/site-packages/airflow/example_dags/example_branch_operator.py
[2022-01-28 21:09:03,231] {processor.py:642} INFO - Processing file /home/data-eginner/Documents/Soccer_Data/env/lib/python3.8/site-packages/airflow/example_dags/example_branch_operator.py for tasks to queue
[2022-01-28 21:09:03,232] {logging_mixin.py:109} INFO - [2022-01-28 21:09:03,232] {dagbag.py:500} INFO - Filling up the DagBag from /home/data-eginner/Documents/Soccer_Data/env/lib/python3.8/site-packages/airflow/example_dags/example_branch_operator.py
[2022-01-28 21:09:03,329] {processor.py:654} INFO - DAG(s) dict_keys(['example_branch_operator']) retrieved from /home/data-eginner/Documents/Soccer_Data/env/lib/python3.8/site-packages/airflow/example_dags/example_branch_operator.py
[2022-01-28 21:09:03,410] {logging_mixin.py:109} INFO - [2022-01-28 21:09:03,410] {dag.py:2396} INFO - Sync 1 DAGs
[2022-01-28 21:09:03,458] {logging_mixin.py:109} INFO - [2022-01-28 21:09:03,458] {dag.py:2935} INFO - Setting next_dagrun for example_branch_operator to 2022-01-28 00:00:00+00:00
[2022-01-28 21:09:03,492] {processor.py:171} INFO - Processing /home/data-eginner/Documents/Soccer_Data/env/lib/python3.8/site-packages/airflow/example_dags/example_branch_operator.py took 0.291 seconds
[2022-01-28 21:09:58,893] {processor.py:163} INFO - Started process (PID=20122) to work on /home/data-eginner/Documents/Soccer_Data/env/lib/python3.8/site-packages/airflow/example_dags/example_branch_operator.py
[2022-01-28 21:09:58,916] {processor.py:642} INFO - Processing file /home/data-eginner/Documents/Soccer_Data/env/lib/python3.8/site-packages/airflow/example_dags/example_branch_operator.py for tasks to queue
[2022-01-28 21:09:58,917] {logging_mixin.py:109} INFO - [2022-01-28 21:09:58,917] {dagbag.py:500} INFO - Filling up the DagBag from /home/data-eginner/Documents/Soccer_Data/env/lib/python3.8/site-packages/airflow/example_dags/example_branch_operator.py
[2022-01-28 21:09:58,970] {processor.py:654} INFO - DAG(s) dict_keys(['example_branch_operator']) retrieved from /home/data-eginner/Documents/Soccer_Data/env/lib/python3.8/site-packages/airflow/example_dags/example_branch_operator.py
[2022-01-28 21:09:59,006] {logging_mixin.py:109} INFO - [2022-01-28 21:09:59,005] {dag.py:2396} INFO - Sync 1 DAGs
[2022-01-28 21:09:59,030] {logging_mixin.py:109} INFO - [2022-01-28 21:09:59,030] {dag.py:2935} INFO - Setting next_dagrun for example_branch_operator to 2022-01-28 00:00:00+00:00
[2022-01-28 21:09:59,062] {processor.py:171} INFO - Processing /home/data-eginner/Documents/Soccer_Data/env/lib/python3.8/site-packages/airflow/example_dags/example_branch_operator.py took 0.171 seconds
[2022-01-28 21:10:41,452] {processor.py:163} INFO - Started process (PID=20299) to work on /home/data-eginner/Documents/Soccer_Data/env/lib/python3.8/site-packages/airflow/example_dags/example_branch_operator.py
[2022-01-28 21:10:41,458] {processor.py:642} INFO - Processing file /home/data-eginner/Documents/Soccer_Data/env/lib/python3.8/site-packages/airflow/example_dags/example_branch_operator.py for tasks to queue
[2022-01-28 21:10:41,471] {logging_mixin.py:109} INFO - [2022-01-28 21:10:41,459] {dagbag.py:500} INFO - Filling up the DagBag from /home/data-eginner/Documents/Soccer_Data/env/lib/python3.8/site-packages/airflow/example_dags/example_branch_operator.py
[2022-01-28 21:10:41,511] {processor.py:654} INFO - DAG(s) dict_keys(['example_branch_operator']) retrieved from /home/data-eginner/Documents/Soccer_Data/env/lib/python3.8/site-packages/airflow/example_dags/example_branch_operator.py
[2022-01-28 21:10:41,520] {logging_mixin.py:109} INFO - [2022-01-28 21:10:41,520] {dag.py:2396} INFO - Sync 1 DAGs
[2022-01-28 21:10:41,542] {logging_mixin.py:109} INFO - [2022-01-28 21:10:41,542] {dag.py:2935} INFO - Setting next_dagrun for example_branch_operator to 2022-01-28 00:00:00+00:00
[2022-01-28 21:10:41,560] {processor.py:171} INFO - Processing /home/data-eginner/Documents/Soccer_Data/env/lib/python3.8/site-packages/airflow/example_dags/example_branch_operator.py took 0.137 seconds
[2022-01-28 21:11:22,582] {processor.py:163} INFO - Started process (PID=20459) to work on /home/data-eginner/Documents/Soccer_Data/env/lib/python3.8/site-packages/airflow/example_dags/example_branch_operator.py
[2022-01-28 21:11:22,588] {processor.py:642} INFO - Processing file /home/data-eginner/Documents/Soccer_Data/env/lib/python3.8/site-packages/airflow/example_dags/example_branch_operator.py for tasks to queue
[2022-01-28 21:11:22,589] {logging_mixin.py:109} INFO - [2022-01-28 21:11:22,588] {dagbag.py:500} INFO - Filling up the DagBag from /home/data-eginner/Documents/Soccer_Data/env/lib/python3.8/site-packages/airflow/example_dags/example_branch_operator.py
[2022-01-28 21:11:22,623] {processor.py:654} INFO - DAG(s) dict_keys(['example_branch_operator']) retrieved from /home/data-eginner/Documents/Soccer_Data/env/lib/python3.8/site-packages/airflow/example_dags/example_branch_operator.py
[2022-01-28 21:11:22,637] {logging_mixin.py:109} INFO - [2022-01-28 21:11:22,637] {dag.py:2396} INFO - Sync 1 DAGs
[2022-01-28 21:11:22,652] {logging_mixin.py:109} INFO - [2022-01-28 21:11:22,652] {dag.py:2935} INFO - Setting next_dagrun for example_branch_operator to 2022-01-28 00:00:00+00:00
[2022-01-28 21:11:22,674] {processor.py:171} INFO - Processing /home/data-eginner/Documents/Soccer_Data/env/lib/python3.8/site-packages/airflow/example_dags/example_branch_operator.py took 0.112 seconds
[2022-01-28 21:12:09,294] {processor.py:163} INFO - Started process (PID=20645) to work on /home/data-eginner/Documents/Soccer_Data/env/lib/python3.8/site-packages/airflow/example_dags/example_branch_operator.py
[2022-01-28 21:12:09,297] {processor.py:642} INFO - Processing file /home/data-eginner/Documents/Soccer_Data/env/lib/python3.8/site-packages/airflow/example_dags/example_branch_operator.py for tasks to queue
[2022-01-28 21:12:09,298] {logging_mixin.py:109} INFO - [2022-01-28 21:12:09,298] {dagbag.py:500} INFO - Filling up the DagBag from /home/data-eginner/Documents/Soccer_Data/env/lib/python3.8/site-packages/airflow/example_dags/example_branch_operator.py
[2022-01-28 21:12:09,333] {processor.py:654} INFO - DAG(s) dict_keys(['example_branch_operator']) retrieved from /home/data-eginner/Documents/Soccer_Data/env/lib/python3.8/site-packages/airflow/example_dags/example_branch_operator.py
[2022-01-28 21:12:09,341] {logging_mixin.py:109} INFO - [2022-01-28 21:12:09,341] {dag.py:2396} INFO - Sync 1 DAGs
[2022-01-28 21:12:09,365] {logging_mixin.py:109} INFO - [2022-01-28 21:12:09,365] {dag.py:2935} INFO - Setting next_dagrun for example_branch_operator to 2022-01-28 00:00:00+00:00
[2022-01-28 21:12:09,385] {processor.py:171} INFO - Processing /home/data-eginner/Documents/Soccer_Data/env/lib/python3.8/site-packages/airflow/example_dags/example_branch_operator.py took 0.098 seconds
[2022-01-28 21:12:47,421] {processor.py:163} INFO - Started process (PID=20792) to work on /home/data-eginner/Documents/Soccer_Data/env/lib/python3.8/site-packages/airflow/example_dags/example_branch_operator.py
[2022-01-28 21:12:47,423] {processor.py:642} INFO - Processing file /home/data-eginner/Documents/Soccer_Data/env/lib/python3.8/site-packages/airflow/example_dags/example_branch_operator.py for tasks to queue
[2022-01-28 21:12:47,423] {logging_mixin.py:109} INFO - [2022-01-28 21:12:47,423] {dagbag.py:500} INFO - Filling up the DagBag from /home/data-eginner/Documents/Soccer_Data/env/lib/python3.8/site-packages/airflow/example_dags/example_branch_operator.py
[2022-01-28 21:12:47,454] {processor.py:654} INFO - DAG(s) dict_keys(['example_branch_operator']) retrieved from /home/data-eginner/Documents/Soccer_Data/env/lib/python3.8/site-packages/airflow/example_dags/example_branch_operator.py
[2022-01-28 21:12:47,474] {logging_mixin.py:109} INFO - [2022-01-28 21:12:47,474] {dag.py:2396} INFO - Sync 1 DAGs
[2022-01-28 21:12:47,488] {logging_mixin.py:109} INFO - [2022-01-28 21:12:47,488] {dag.py:2935} INFO - Setting next_dagrun for example_branch_operator to 2022-01-28 00:00:00+00:00
[2022-01-28 21:12:47,514] {processor.py:171} INFO - Processing /home/data-eginner/Documents/Soccer_Data/env/lib/python3.8/site-packages/airflow/example_dags/example_branch_operator.py took 0.096 seconds
[2022-01-28 21:13:38,479] {processor.py:163} INFO - Started process (PID=20970) to work on /home/data-eginner/Documents/Soccer_Data/env/lib/python3.8/site-packages/airflow/example_dags/example_branch_operator.py
[2022-01-28 21:13:38,488] {processor.py:642} INFO - Processing file /home/data-eginner/Documents/Soccer_Data/env/lib/python3.8/site-packages/airflow/example_dags/example_branch_operator.py for tasks to queue
[2022-01-28 21:13:38,489] {logging_mixin.py:109} INFO - [2022-01-28 21:13:38,489] {dagbag.py:500} INFO - Filling up the DagBag from /home/data-eginner/Documents/Soccer_Data/env/lib/python3.8/site-packages/airflow/example_dags/example_branch_operator.py
[2022-01-28 21:13:38,515] {processor.py:654} INFO - DAG(s) dict_keys(['example_branch_operator']) retrieved from /home/data-eginner/Documents/Soccer_Data/env/lib/python3.8/site-packages/airflow/example_dags/example_branch_operator.py
[2022-01-28 21:13:38,534] {logging_mixin.py:109} INFO - [2022-01-28 21:13:38,534] {dag.py:2396} INFO - Sync 1 DAGs
[2022-01-28 21:13:38,558] {logging_mixin.py:109} INFO - [2022-01-28 21:13:38,558] {dag.py:2935} INFO - Setting next_dagrun for example_branch_operator to 2022-01-28 00:00:00+00:00
[2022-01-28 21:13:38,611] {processor.py:171} INFO - Processing /home/data-eginner/Documents/Soccer_Data/env/lib/python3.8/site-packages/airflow/example_dags/example_branch_operator.py took 0.135 seconds
[2022-01-28 21:14:23,768] {processor.py:163} INFO - Started process (PID=21137) to work on /home/data-eginner/Documents/Soccer_Data/env/lib/python3.8/site-packages/airflow/example_dags/example_branch_operator.py
[2022-01-28 21:14:23,836] {processor.py:642} INFO - Processing file /home/data-eginner/Documents/Soccer_Data/env/lib/python3.8/site-packages/airflow/example_dags/example_branch_operator.py for tasks to queue
[2022-01-28 21:14:23,837] {logging_mixin.py:109} INFO - [2022-01-28 21:14:23,837] {dagbag.py:500} INFO - Filling up the DagBag from /home/data-eginner/Documents/Soccer_Data/env/lib/python3.8/site-packages/airflow/example_dags/example_branch_operator.py
[2022-01-28 21:14:23,874] {processor.py:654} INFO - DAG(s) dict_keys(['example_branch_operator']) retrieved from /home/data-eginner/Documents/Soccer_Data/env/lib/python3.8/site-packages/airflow/example_dags/example_branch_operator.py
[2022-01-28 21:14:23,884] {logging_mixin.py:109} INFO - [2022-01-28 21:14:23,883] {dag.py:2396} INFO - Sync 1 DAGs
[2022-01-28 21:14:23,910] {logging_mixin.py:109} INFO - [2022-01-28 21:14:23,909] {dag.py:2935} INFO - Setting next_dagrun for example_branch_operator to 2022-01-28 00:00:00+00:00
[2022-01-28 21:14:23,952] {processor.py:171} INFO - Processing /home/data-eginner/Documents/Soccer_Data/env/lib/python3.8/site-packages/airflow/example_dags/example_branch_operator.py took 0.190 seconds
[2022-01-28 21:15:38,255] {processor.py:163} INFO - Started process (PID=21388) to work on /home/data-eginner/Documents/Soccer_Data/env/lib/python3.8/site-packages/airflow/example_dags/example_branch_operator.py
[2022-01-28 21:15:38,268] {processor.py:642} INFO - Processing file /home/data-eginner/Documents/Soccer_Data/env/lib/python3.8/site-packages/airflow/example_dags/example_branch_operator.py for tasks to queue
[2022-01-28 21:15:38,268] {logging_mixin.py:109} INFO - [2022-01-28 21:15:38,268] {dagbag.py:500} INFO - Filling up the DagBag from /home/data-eginner/Documents/Soccer_Data/env/lib/python3.8/site-packages/airflow/example_dags/example_branch_operator.py
[2022-01-28 21:15:38,332] {processor.py:654} INFO - DAG(s) dict_keys(['example_branch_operator']) retrieved from /home/data-eginner/Documents/Soccer_Data/env/lib/python3.8/site-packages/airflow/example_dags/example_branch_operator.py
[2022-01-28 21:15:38,355] {logging_mixin.py:109} INFO - [2022-01-28 21:15:38,354] {dag.py:2396} INFO - Sync 1 DAGs
[2022-01-28 21:15:38,434] {logging_mixin.py:109} INFO - [2022-01-28 21:15:38,434] {dag.py:2935} INFO - Setting next_dagrun for example_branch_operator to 2022-01-28 00:00:00+00:00
[2022-01-28 21:15:38,499] {processor.py:171} INFO - Processing /home/data-eginner/Documents/Soccer_Data/env/lib/python3.8/site-packages/airflow/example_dags/example_branch_operator.py took 0.248 seconds
[2022-01-28 21:16:32,353] {processor.py:163} INFO - Started process (PID=21560) to work on /home/data-eginner/Documents/Soccer_Data/env/lib/python3.8/site-packages/airflow/example_dags/example_branch_operator.py
[2022-01-28 21:16:32,356] {processor.py:642} INFO - Processing file /home/data-eginner/Documents/Soccer_Data/env/lib/python3.8/site-packages/airflow/example_dags/example_branch_operator.py for tasks to queue
[2022-01-28 21:16:32,356] {logging_mixin.py:109} INFO - [2022-01-28 21:16:32,356] {dagbag.py:500} INFO - Filling up the DagBag from /home/data-eginner/Documents/Soccer_Data/env/lib/python3.8/site-packages/airflow/example_dags/example_branch_operator.py
[2022-01-28 21:16:32,466] {processor.py:654} INFO - DAG(s) dict_keys(['example_branch_operator']) retrieved from /home/data-eginner/Documents/Soccer_Data/env/lib/python3.8/site-packages/airflow/example_dags/example_branch_operator.py
[2022-01-28 21:16:32,505] {logging_mixin.py:109} INFO - [2022-01-28 21:16:32,505] {dag.py:2396} INFO - Sync 1 DAGs
[2022-01-28 21:16:32,541] {logging_mixin.py:109} INFO - [2022-01-28 21:16:32,540] {dag.py:2935} INFO - Setting next_dagrun for example_branch_operator to 2022-01-28 00:00:00+00:00
[2022-01-28 21:16:32,598] {processor.py:171} INFO - Processing /home/data-eginner/Documents/Soccer_Data/env/lib/python3.8/site-packages/airflow/example_dags/example_branch_operator.py took 0.248 seconds
[2022-01-28 21:17:20,873] {processor.py:163} INFO - Started process (PID=21705) to work on /home/data-eginner/Documents/Soccer_Data/env/lib/python3.8/site-packages/airflow/example_dags/example_branch_operator.py
[2022-01-28 21:17:20,878] {processor.py:642} INFO - Processing file /home/data-eginner/Documents/Soccer_Data/env/lib/python3.8/site-packages/airflow/example_dags/example_branch_operator.py for tasks to queue
[2022-01-28 21:17:20,879] {logging_mixin.py:109} INFO - [2022-01-28 21:17:20,879] {dagbag.py:500} INFO - Filling up the DagBag from /home/data-eginner/Documents/Soccer_Data/env/lib/python3.8/site-packages/airflow/example_dags/example_branch_operator.py
[2022-01-28 21:17:20,940] {processor.py:654} INFO - DAG(s) dict_keys(['example_branch_operator']) retrieved from /home/data-eginner/Documents/Soccer_Data/env/lib/python3.8/site-packages/airflow/example_dags/example_branch_operator.py
[2022-01-28 21:17:20,976] {logging_mixin.py:109} INFO - [2022-01-28 21:17:20,976] {dag.py:2396} INFO - Sync 1 DAGs
[2022-01-28 21:17:20,999] {logging_mixin.py:109} INFO - [2022-01-28 21:17:20,999] {dag.py:2935} INFO - Setting next_dagrun for example_branch_operator to 2022-01-28 00:00:00+00:00
[2022-01-28 21:17:21,030] {processor.py:171} INFO - Processing /home/data-eginner/Documents/Soccer_Data/env/lib/python3.8/site-packages/airflow/example_dags/example_branch_operator.py took 0.161 seconds
[2022-01-28 21:18:10,129] {processor.py:163} INFO - Started process (PID=21865) to work on /home/data-eginner/Documents/Soccer_Data/env/lib/python3.8/site-packages/airflow/example_dags/example_branch_operator.py
[2022-01-28 21:18:10,143] {processor.py:642} INFO - Processing file /home/data-eginner/Documents/Soccer_Data/env/lib/python3.8/site-packages/airflow/example_dags/example_branch_operator.py for tasks to queue
[2022-01-28 21:18:10,144] {logging_mixin.py:109} INFO - [2022-01-28 21:18:10,144] {dagbag.py:500} INFO - Filling up the DagBag from /home/data-eginner/Documents/Soccer_Data/env/lib/python3.8/site-packages/airflow/example_dags/example_branch_operator.py
[2022-01-28 21:18:10,212] {processor.py:654} INFO - DAG(s) dict_keys(['example_branch_operator']) retrieved from /home/data-eginner/Documents/Soccer_Data/env/lib/python3.8/site-packages/airflow/example_dags/example_branch_operator.py
[2022-01-28 21:18:10,236] {logging_mixin.py:109} INFO - [2022-01-28 21:18:10,236] {dag.py:2396} INFO - Sync 1 DAGs
[2022-01-28 21:18:10,274] {logging_mixin.py:109} INFO - [2022-01-28 21:18:10,274] {dag.py:2935} INFO - Setting next_dagrun for example_branch_operator to 2022-01-28 00:00:00+00:00
[2022-01-28 21:18:10,297] {processor.py:171} INFO - Processing /home/data-eginner/Documents/Soccer_Data/env/lib/python3.8/site-packages/airflow/example_dags/example_branch_operator.py took 0.171 seconds
[2022-01-28 21:19:04,985] {processor.py:163} INFO - Started process (PID=22021) to work on /home/data-eginner/Documents/Soccer_Data/env/lib/python3.8/site-packages/airflow/example_dags/example_branch_operator.py
[2022-01-28 21:19:05,030] {processor.py:642} INFO - Processing file /home/data-eginner/Documents/Soccer_Data/env/lib/python3.8/site-packages/airflow/example_dags/example_branch_operator.py for tasks to queue
[2022-01-28 21:19:05,031] {logging_mixin.py:109} INFO - [2022-01-28 21:19:05,030] {dagbag.py:500} INFO - Filling up the DagBag from /home/data-eginner/Documents/Soccer_Data/env/lib/python3.8/site-packages/airflow/example_dags/example_branch_operator.py
[2022-01-28 21:19:05,098] {processor.py:654} INFO - DAG(s) dict_keys(['example_branch_operator']) retrieved from /home/data-eginner/Documents/Soccer_Data/env/lib/python3.8/site-packages/airflow/example_dags/example_branch_operator.py
[2022-01-28 21:19:05,119] {logging_mixin.py:109} INFO - [2022-01-28 21:19:05,119] {dag.py:2396} INFO - Sync 1 DAGs
[2022-01-28 21:19:05,158] {logging_mixin.py:109} INFO - [2022-01-28 21:19:05,158] {dag.py:2935} INFO - Setting next_dagrun for example_branch_operator to 2022-01-28 00:00:00+00:00
[2022-01-28 21:19:05,194] {processor.py:171} INFO - Processing /home/data-eginner/Documents/Soccer_Data/env/lib/python3.8/site-packages/airflow/example_dags/example_branch_operator.py took 0.212 seconds
[2022-01-28 21:19:56,561] {processor.py:163} INFO - Started process (PID=22201) to work on /home/data-eginner/Documents/Soccer_Data/env/lib/python3.8/site-packages/airflow/example_dags/example_branch_operator.py
[2022-01-28 21:19:56,562] {processor.py:642} INFO - Processing file /home/data-eginner/Documents/Soccer_Data/env/lib/python3.8/site-packages/airflow/example_dags/example_branch_operator.py for tasks to queue
[2022-01-28 21:19:56,563] {logging_mixin.py:109} INFO - [2022-01-28 21:19:56,563] {dagbag.py:500} INFO - Filling up the DagBag from /home/data-eginner/Documents/Soccer_Data/env/lib/python3.8/site-packages/airflow/example_dags/example_branch_operator.py
[2022-01-28 21:19:56,600] {processor.py:654} INFO - DAG(s) dict_keys(['example_branch_operator']) retrieved from /home/data-eginner/Documents/Soccer_Data/env/lib/python3.8/site-packages/airflow/example_dags/example_branch_operator.py
[2022-01-28 21:19:56,623] {logging_mixin.py:109} INFO - [2022-01-28 21:19:56,623] {dag.py:2396} INFO - Sync 1 DAGs
[2022-01-28 21:19:56,647] {logging_mixin.py:109} INFO - [2022-01-28 21:19:56,647] {dag.py:2935} INFO - Setting next_dagrun for example_branch_operator to 2022-01-28 00:00:00+00:00
[2022-01-28 21:19:56,676] {processor.py:171} INFO - Processing /home/data-eginner/Documents/Soccer_Data/env/lib/python3.8/site-packages/airflow/example_dags/example_branch_operator.py took 0.118 seconds
[2022-01-28 21:20:41,115] {processor.py:163} INFO - Started process (PID=22351) to work on /home/data-eginner/Documents/Soccer_Data/env/lib/python3.8/site-packages/airflow/example_dags/example_branch_operator.py
[2022-01-28 21:20:41,118] {processor.py:642} INFO - Processing file /home/data-eginner/Documents/Soccer_Data/env/lib/python3.8/site-packages/airflow/example_dags/example_branch_operator.py for tasks to queue
[2022-01-28 21:20:41,118] {logging_mixin.py:109} INFO - [2022-01-28 21:20:41,118] {dagbag.py:500} INFO - Filling up the DagBag from /home/data-eginner/Documents/Soccer_Data/env/lib/python3.8/site-packages/airflow/example_dags/example_branch_operator.py
[2022-01-28 21:20:41,164] {processor.py:654} INFO - DAG(s) dict_keys(['example_branch_operator']) retrieved from /home/data-eginner/Documents/Soccer_Data/env/lib/python3.8/site-packages/airflow/example_dags/example_branch_operator.py
[2022-01-28 21:20:41,172] {logging_mixin.py:109} INFO - [2022-01-28 21:20:41,172] {dag.py:2396} INFO - Sync 1 DAGs
[2022-01-28 21:20:41,191] {logging_mixin.py:109} INFO - [2022-01-28 21:20:41,191] {dag.py:2935} INFO - Setting next_dagrun for example_branch_operator to 2022-01-28 00:00:00+00:00
[2022-01-28 21:20:41,236] {processor.py:171} INFO - Processing /home/data-eginner/Documents/Soccer_Data/env/lib/python3.8/site-packages/airflow/example_dags/example_branch_operator.py took 0.124 seconds
[2022-01-28 21:21:26,870] {processor.py:163} INFO - Started process (PID=22517) to work on /home/data-eginner/Documents/Soccer_Data/env/lib/python3.8/site-packages/airflow/example_dags/example_branch_operator.py
[2022-01-28 21:21:26,897] {processor.py:642} INFO - Processing file /home/data-eginner/Documents/Soccer_Data/env/lib/python3.8/site-packages/airflow/example_dags/example_branch_operator.py for tasks to queue
[2022-01-28 21:21:26,897] {logging_mixin.py:109} INFO - [2022-01-28 21:21:26,897] {dagbag.py:500} INFO - Filling up the DagBag from /home/data-eginner/Documents/Soccer_Data/env/lib/python3.8/site-packages/airflow/example_dags/example_branch_operator.py
[2022-01-28 21:21:26,950] {processor.py:654} INFO - DAG(s) dict_keys(['example_branch_operator']) retrieved from /home/data-eginner/Documents/Soccer_Data/env/lib/python3.8/site-packages/airflow/example_dags/example_branch_operator.py
[2022-01-28 21:21:26,965] {logging_mixin.py:109} INFO - [2022-01-28 21:21:26,965] {dag.py:2396} INFO - Sync 1 DAGs
[2022-01-28 21:21:27,006] {logging_mixin.py:109} INFO - [2022-01-28 21:21:27,006] {dag.py:2935} INFO - Setting next_dagrun for example_branch_operator to 2022-01-28 00:00:00+00:00
[2022-01-28 21:21:27,032] {processor.py:171} INFO - Processing /home/data-eginner/Documents/Soccer_Data/env/lib/python3.8/site-packages/airflow/example_dags/example_branch_operator.py took 0.170 seconds
[2022-01-28 21:22:13,018] {processor.py:163} INFO - Started process (PID=22687) to work on /home/data-eginner/Documents/Soccer_Data/env/lib/python3.8/site-packages/airflow/example_dags/example_branch_operator.py
[2022-01-28 21:22:13,024] {processor.py:642} INFO - Processing file /home/data-eginner/Documents/Soccer_Data/env/lib/python3.8/site-packages/airflow/example_dags/example_branch_operator.py for tasks to queue
[2022-01-28 21:22:13,025] {logging_mixin.py:109} INFO - [2022-01-28 21:22:13,024] {dagbag.py:500} INFO - Filling up the DagBag from /home/data-eginner/Documents/Soccer_Data/env/lib/python3.8/site-packages/airflow/example_dags/example_branch_operator.py
[2022-01-28 21:22:13,066] {processor.py:654} INFO - DAG(s) dict_keys(['example_branch_operator']) retrieved from /home/data-eginner/Documents/Soccer_Data/env/lib/python3.8/site-packages/airflow/example_dags/example_branch_operator.py
[2022-01-28 21:22:13,075] {logging_mixin.py:109} INFO - [2022-01-28 21:22:13,075] {dag.py:2396} INFO - Sync 1 DAGs
[2022-01-28 21:22:13,130] {logging_mixin.py:109} INFO - [2022-01-28 21:22:13,130] {dag.py:2935} INFO - Setting next_dagrun for example_branch_operator to 2022-01-28 00:00:00+00:00
[2022-01-28 21:22:13,161] {processor.py:171} INFO - Processing /home/data-eginner/Documents/Soccer_Data/env/lib/python3.8/site-packages/airflow/example_dags/example_branch_operator.py took 0.153 seconds
[2022-01-28 21:26:23,503] {processor.py:163} INFO - Started process (PID=22905) to work on /home/data-eginner/Documents/Soccer_Data/env/lib/python3.8/site-packages/airflow/example_dags/example_branch_operator.py
[2022-01-28 21:26:23,520] {processor.py:642} INFO - Processing file /home/data-eginner/Documents/Soccer_Data/env/lib/python3.8/site-packages/airflow/example_dags/example_branch_operator.py for tasks to queue
[2022-01-28 21:26:23,521] {logging_mixin.py:109} INFO - [2022-01-28 21:26:23,521] {dagbag.py:500} INFO - Filling up the DagBag from /home/data-eginner/Documents/Soccer_Data/env/lib/python3.8/site-packages/airflow/example_dags/example_branch_operator.py
[2022-01-28 21:26:23,595] {processor.py:654} INFO - DAG(s) dict_keys(['example_branch_operator']) retrieved from /home/data-eginner/Documents/Soccer_Data/env/lib/python3.8/site-packages/airflow/example_dags/example_branch_operator.py
[2022-01-28 21:26:23,603] {logging_mixin.py:109} INFO - [2022-01-28 21:26:23,603] {dag.py:2396} INFO - Sync 1 DAGs
[2022-01-28 21:26:23,658] {logging_mixin.py:109} INFO - [2022-01-28 21:26:23,636] {dag.py:2935} INFO - Setting next_dagrun for example_branch_operator to 2022-01-28 00:00:00+00:00
[2022-01-28 21:26:23,694] {processor.py:171} INFO - Processing /home/data-eginner/Documents/Soccer_Data/env/lib/python3.8/site-packages/airflow/example_dags/example_branch_operator.py took 0.193 seconds
[2022-01-28 21:27:11,330] {processor.py:163} INFO - Started process (PID=23087) to work on /home/data-eginner/Documents/Soccer_Data/env/lib/python3.8/site-packages/airflow/example_dags/example_branch_operator.py
[2022-01-28 21:27:11,331] {processor.py:642} INFO - Processing file /home/data-eginner/Documents/Soccer_Data/env/lib/python3.8/site-packages/airflow/example_dags/example_branch_operator.py for tasks to queue
[2022-01-28 21:27:11,332] {logging_mixin.py:109} INFO - [2022-01-28 21:27:11,332] {dagbag.py:500} INFO - Filling up the DagBag from /home/data-eginner/Documents/Soccer_Data/env/lib/python3.8/site-packages/airflow/example_dags/example_branch_operator.py
[2022-01-28 21:27:11,377] {processor.py:654} INFO - DAG(s) dict_keys(['example_branch_operator']) retrieved from /home/data-eginner/Documents/Soccer_Data/env/lib/python3.8/site-packages/airflow/example_dags/example_branch_operator.py
[2022-01-28 21:27:11,387] {logging_mixin.py:109} INFO - [2022-01-28 21:27:11,387] {dag.py:2396} INFO - Sync 1 DAGs
[2022-01-28 21:27:11,412] {logging_mixin.py:109} INFO - [2022-01-28 21:27:11,412] {dag.py:2935} INFO - Setting next_dagrun for example_branch_operator to 2022-01-28 00:00:00+00:00
[2022-01-28 21:27:11,442] {processor.py:171} INFO - Processing /home/data-eginner/Documents/Soccer_Data/env/lib/python3.8/site-packages/airflow/example_dags/example_branch_operator.py took 0.128 seconds
[2022-01-28 21:28:10,168] {processor.py:163} INFO - Started process (PID=23328) to work on /home/data-eginner/Documents/Soccer_Data/env/lib/python3.8/site-packages/airflow/example_dags/example_branch_operator.py
[2022-01-28 21:28:10,184] {processor.py:642} INFO - Processing file /home/data-eginner/Documents/Soccer_Data/env/lib/python3.8/site-packages/airflow/example_dags/example_branch_operator.py for tasks to queue
[2022-01-28 21:28:10,184] {logging_mixin.py:109} INFO - [2022-01-28 21:28:10,184] {dagbag.py:500} INFO - Filling up the DagBag from /home/data-eginner/Documents/Soccer_Data/env/lib/python3.8/site-packages/airflow/example_dags/example_branch_operator.py
[2022-01-28 21:28:10,294] {processor.py:654} INFO - DAG(s) dict_keys(['example_branch_operator']) retrieved from /home/data-eginner/Documents/Soccer_Data/env/lib/python3.8/site-packages/airflow/example_dags/example_branch_operator.py
[2022-01-28 21:28:10,316] {logging_mixin.py:109} INFO - [2022-01-28 21:28:10,316] {dag.py:2396} INFO - Sync 1 DAGs
[2022-01-28 21:28:10,362] {logging_mixin.py:109} INFO - [2022-01-28 21:28:10,362] {dag.py:2935} INFO - Setting next_dagrun for example_branch_operator to 2022-01-28 00:00:00+00:00
[2022-01-28 21:28:10,422] {processor.py:171} INFO - Processing /home/data-eginner/Documents/Soccer_Data/env/lib/python3.8/site-packages/airflow/example_dags/example_branch_operator.py took 0.268 seconds
[2022-01-28 21:28:55,631] {processor.py:163} INFO - Started process (PID=23452) to work on /home/data-eginner/Documents/Soccer_Data/env/lib/python3.8/site-packages/airflow/example_dags/example_branch_operator.py
[2022-01-28 21:28:55,635] {processor.py:642} INFO - Processing file /home/data-eginner/Documents/Soccer_Data/env/lib/python3.8/site-packages/airflow/example_dags/example_branch_operator.py for tasks to queue
[2022-01-28 21:28:55,636] {logging_mixin.py:109} INFO - [2022-01-28 21:28:55,636] {dagbag.py:500} INFO - Filling up the DagBag from /home/data-eginner/Documents/Soccer_Data/env/lib/python3.8/site-packages/airflow/example_dags/example_branch_operator.py
[2022-01-28 21:28:55,686] {processor.py:654} INFO - DAG(s) dict_keys(['example_branch_operator']) retrieved from /home/data-eginner/Documents/Soccer_Data/env/lib/python3.8/site-packages/airflow/example_dags/example_branch_operator.py
[2022-01-28 21:28:55,724] {logging_mixin.py:109} INFO - [2022-01-28 21:28:55,724] {dag.py:2396} INFO - Sync 1 DAGs
[2022-01-28 21:28:55,752] {logging_mixin.py:109} INFO - [2022-01-28 21:28:55,752] {dag.py:2935} INFO - Setting next_dagrun for example_branch_operator to 2022-01-28 00:00:00+00:00
[2022-01-28 21:28:55,819] {processor.py:171} INFO - Processing /home/data-eginner/Documents/Soccer_Data/env/lib/python3.8/site-packages/airflow/example_dags/example_branch_operator.py took 0.218 seconds
[2022-01-28 21:29:44,471] {processor.py:163} INFO - Started process (PID=23616) to work on /home/data-eginner/Documents/Soccer_Data/env/lib/python3.8/site-packages/airflow/example_dags/example_branch_operator.py
[2022-01-28 21:29:44,489] {processor.py:642} INFO - Processing file /home/data-eginner/Documents/Soccer_Data/env/lib/python3.8/site-packages/airflow/example_dags/example_branch_operator.py for tasks to queue
[2022-01-28 21:29:44,490] {logging_mixin.py:109} INFO - [2022-01-28 21:29:44,490] {dagbag.py:500} INFO - Filling up the DagBag from /home/data-eginner/Documents/Soccer_Data/env/lib/python3.8/site-packages/airflow/example_dags/example_branch_operator.py
[2022-01-28 21:29:44,556] {processor.py:654} INFO - DAG(s) dict_keys(['example_branch_operator']) retrieved from /home/data-eginner/Documents/Soccer_Data/env/lib/python3.8/site-packages/airflow/example_dags/example_branch_operator.py
[2022-01-28 21:29:44,602] {logging_mixin.py:109} INFO - [2022-01-28 21:29:44,602] {dag.py:2396} INFO - Sync 1 DAGs
[2022-01-28 21:29:44,647] {logging_mixin.py:109} INFO - [2022-01-28 21:29:44,647] {dag.py:2935} INFO - Setting next_dagrun for example_branch_operator to 2022-01-28 00:00:00+00:00
[2022-01-28 21:29:44,675] {processor.py:171} INFO - Processing /home/data-eginner/Documents/Soccer_Data/env/lib/python3.8/site-packages/airflow/example_dags/example_branch_operator.py took 0.207 seconds
[2022-01-28 21:30:35,821] {processor.py:163} INFO - Started process (PID=23797) to work on /home/data-eginner/Documents/Soccer_Data/env/lib/python3.8/site-packages/airflow/example_dags/example_branch_operator.py
[2022-01-28 21:30:35,828] {processor.py:642} INFO - Processing file /home/data-eginner/Documents/Soccer_Data/env/lib/python3.8/site-packages/airflow/example_dags/example_branch_operator.py for tasks to queue
[2022-01-28 21:30:35,829] {logging_mixin.py:109} INFO - [2022-01-28 21:30:35,829] {dagbag.py:500} INFO - Filling up the DagBag from /home/data-eginner/Documents/Soccer_Data/env/lib/python3.8/site-packages/airflow/example_dags/example_branch_operator.py
[2022-01-28 21:30:35,868] {processor.py:654} INFO - DAG(s) dict_keys(['example_branch_operator']) retrieved from /home/data-eginner/Documents/Soccer_Data/env/lib/python3.8/site-packages/airflow/example_dags/example_branch_operator.py
[2022-01-28 21:30:35,884] {logging_mixin.py:109} INFO - [2022-01-28 21:30:35,884] {dag.py:2396} INFO - Sync 1 DAGs
[2022-01-28 21:30:35,903] {logging_mixin.py:109} INFO - [2022-01-28 21:30:35,903] {dag.py:2935} INFO - Setting next_dagrun for example_branch_operator to 2022-01-28 00:00:00+00:00
[2022-01-28 21:30:35,947] {processor.py:171} INFO - Processing /home/data-eginner/Documents/Soccer_Data/env/lib/python3.8/site-packages/airflow/example_dags/example_branch_operator.py took 0.129 seconds
[2022-01-28 21:31:25,031] {processor.py:163} INFO - Started process (PID=23970) to work on /home/data-eginner/Documents/Soccer_Data/env/lib/python3.8/site-packages/airflow/example_dags/example_branch_operator.py
[2022-01-28 21:31:25,050] {processor.py:642} INFO - Processing file /home/data-eginner/Documents/Soccer_Data/env/lib/python3.8/site-packages/airflow/example_dags/example_branch_operator.py for tasks to queue
[2022-01-28 21:31:25,050] {logging_mixin.py:109} INFO - [2022-01-28 21:31:25,050] {dagbag.py:500} INFO - Filling up the DagBag from /home/data-eginner/Documents/Soccer_Data/env/lib/python3.8/site-packages/airflow/example_dags/example_branch_operator.py
[2022-01-28 21:31:25,150] {processor.py:654} INFO - DAG(s) dict_keys(['example_branch_operator']) retrieved from /home/data-eginner/Documents/Soccer_Data/env/lib/python3.8/site-packages/airflow/example_dags/example_branch_operator.py
[2022-01-28 21:31:25,205] {logging_mixin.py:109} INFO - [2022-01-28 21:31:25,204] {dag.py:2396} INFO - Sync 1 DAGs
[2022-01-28 21:31:25,239] {logging_mixin.py:109} INFO - [2022-01-28 21:31:25,239] {dag.py:2935} INFO - Setting next_dagrun for example_branch_operator to 2022-01-28 00:00:00+00:00
[2022-01-28 21:31:25,279] {processor.py:171} INFO - Processing /home/data-eginner/Documents/Soccer_Data/env/lib/python3.8/site-packages/airflow/example_dags/example_branch_operator.py took 0.277 seconds
[2022-01-28 21:32:12,671] {processor.py:163} INFO - Started process (PID=24138) to work on /home/data-eginner/Documents/Soccer_Data/env/lib/python3.8/site-packages/airflow/example_dags/example_branch_operator.py
[2022-01-28 21:32:12,674] {processor.py:642} INFO - Processing file /home/data-eginner/Documents/Soccer_Data/env/lib/python3.8/site-packages/airflow/example_dags/example_branch_operator.py for tasks to queue
[2022-01-28 21:32:12,677] {logging_mixin.py:109} INFO - [2022-01-28 21:32:12,677] {dagbag.py:500} INFO - Filling up the DagBag from /home/data-eginner/Documents/Soccer_Data/env/lib/python3.8/site-packages/airflow/example_dags/example_branch_operator.py
[2022-01-28 21:32:12,725] {processor.py:654} INFO - DAG(s) dict_keys(['example_branch_operator']) retrieved from /home/data-eginner/Documents/Soccer_Data/env/lib/python3.8/site-packages/airflow/example_dags/example_branch_operator.py
[2022-01-28 21:32:12,741] {logging_mixin.py:109} INFO - [2022-01-28 21:32:12,741] {dag.py:2396} INFO - Sync 1 DAGs
[2022-01-28 21:32:12,767] {logging_mixin.py:109} INFO - [2022-01-28 21:32:12,767] {dag.py:2935} INFO - Setting next_dagrun for example_branch_operator to 2022-01-28 00:00:00+00:00
[2022-01-28 21:32:12,791] {processor.py:171} INFO - Processing /home/data-eginner/Documents/Soccer_Data/env/lib/python3.8/site-packages/airflow/example_dags/example_branch_operator.py took 0.123 seconds
[2022-01-28 21:32:55,935] {processor.py:163} INFO - Started process (PID=24303) to work on /home/data-eginner/Documents/Soccer_Data/env/lib/python3.8/site-packages/airflow/example_dags/example_branch_operator.py
[2022-01-28 21:32:55,940] {processor.py:642} INFO - Processing file /home/data-eginner/Documents/Soccer_Data/env/lib/python3.8/site-packages/airflow/example_dags/example_branch_operator.py for tasks to queue
[2022-01-28 21:32:55,942] {logging_mixin.py:109} INFO - [2022-01-28 21:32:55,942] {dagbag.py:500} INFO - Filling up the DagBag from /home/data-eginner/Documents/Soccer_Data/env/lib/python3.8/site-packages/airflow/example_dags/example_branch_operator.py
[2022-01-28 21:32:55,973] {processor.py:654} INFO - DAG(s) dict_keys(['example_branch_operator']) retrieved from /home/data-eginner/Documents/Soccer_Data/env/lib/python3.8/site-packages/airflow/example_dags/example_branch_operator.py
[2022-01-28 21:32:55,985] {logging_mixin.py:109} INFO - [2022-01-28 21:32:55,985] {dag.py:2396} INFO - Sync 1 DAGs
[2022-01-28 21:32:56,002] {logging_mixin.py:109} INFO - [2022-01-28 21:32:56,002] {dag.py:2935} INFO - Setting next_dagrun for example_branch_operator to 2022-01-28 00:00:00+00:00
[2022-01-28 21:32:56,026] {processor.py:171} INFO - Processing /home/data-eginner/Documents/Soccer_Data/env/lib/python3.8/site-packages/airflow/example_dags/example_branch_operator.py took 0.094 seconds
[2022-01-28 21:33:39,441] {processor.py:163} INFO - Started process (PID=24475) to work on /home/data-eginner/Documents/Soccer_Data/env/lib/python3.8/site-packages/airflow/example_dags/example_branch_operator.py
[2022-01-28 21:33:39,443] {processor.py:642} INFO - Processing file /home/data-eginner/Documents/Soccer_Data/env/lib/python3.8/site-packages/airflow/example_dags/example_branch_operator.py for tasks to queue
[2022-01-28 21:33:39,444] {logging_mixin.py:109} INFO - [2022-01-28 21:33:39,444] {dagbag.py:500} INFO - Filling up the DagBag from /home/data-eginner/Documents/Soccer_Data/env/lib/python3.8/site-packages/airflow/example_dags/example_branch_operator.py
[2022-01-28 21:33:39,470] {processor.py:654} INFO - DAG(s) dict_keys(['example_branch_operator']) retrieved from /home/data-eginner/Documents/Soccer_Data/env/lib/python3.8/site-packages/airflow/example_dags/example_branch_operator.py
[2022-01-28 21:33:39,486] {logging_mixin.py:109} INFO - [2022-01-28 21:33:39,486] {dag.py:2396} INFO - Sync 1 DAGs
[2022-01-28 21:33:39,501] {logging_mixin.py:109} INFO - [2022-01-28 21:33:39,501] {dag.py:2935} INFO - Setting next_dagrun for example_branch_operator to 2022-01-28 00:00:00+00:00
[2022-01-28 21:33:39,541] {processor.py:171} INFO - Processing /home/data-eginner/Documents/Soccer_Data/env/lib/python3.8/site-packages/airflow/example_dags/example_branch_operator.py took 0.126 seconds
[2022-01-28 21:34:22,492] {processor.py:163} INFO - Started process (PID=24640) to work on /home/data-eginner/Documents/Soccer_Data/env/lib/python3.8/site-packages/airflow/example_dags/example_branch_operator.py
[2022-01-28 21:34:22,495] {processor.py:642} INFO - Processing file /home/data-eginner/Documents/Soccer_Data/env/lib/python3.8/site-packages/airflow/example_dags/example_branch_operator.py for tasks to queue
[2022-01-28 21:34:22,496] {logging_mixin.py:109} INFO - [2022-01-28 21:34:22,496] {dagbag.py:500} INFO - Filling up the DagBag from /home/data-eginner/Documents/Soccer_Data/env/lib/python3.8/site-packages/airflow/example_dags/example_branch_operator.py
[2022-01-28 21:34:22,578] {processor.py:654} INFO - DAG(s) dict_keys(['example_branch_operator']) retrieved from /home/data-eginner/Documents/Soccer_Data/env/lib/python3.8/site-packages/airflow/example_dags/example_branch_operator.py
[2022-01-28 21:34:22,600] {logging_mixin.py:109} INFO - [2022-01-28 21:34:22,599] {dag.py:2396} INFO - Sync 1 DAGs
[2022-01-28 21:34:22,617] {logging_mixin.py:109} INFO - [2022-01-28 21:34:22,617] {dag.py:2935} INFO - Setting next_dagrun for example_branch_operator to 2022-01-28 00:00:00+00:00
[2022-01-28 21:34:22,686] {processor.py:171} INFO - Processing /home/data-eginner/Documents/Soccer_Data/env/lib/python3.8/site-packages/airflow/example_dags/example_branch_operator.py took 0.199 seconds
[2022-01-28 21:56:08,991] {processor.py:163} INFO - Started process (PID=25035) to work on /home/data-eginner/Documents/Soccer_Data/env/lib/python3.8/site-packages/airflow/example_dags/example_branch_operator.py
[2022-01-28 21:56:08,996] {processor.py:642} INFO - Processing file /home/data-eginner/Documents/Soccer_Data/env/lib/python3.8/site-packages/airflow/example_dags/example_branch_operator.py for tasks to queue
[2022-01-28 21:56:08,996] {logging_mixin.py:109} INFO - [2022-01-28 21:56:08,996] {dagbag.py:500} INFO - Filling up the DagBag from /home/data-eginner/Documents/Soccer_Data/env/lib/python3.8/site-packages/airflow/example_dags/example_branch_operator.py
[2022-01-28 21:56:09,174] {processor.py:654} INFO - DAG(s) dict_keys(['example_branch_operator']) retrieved from /home/data-eginner/Documents/Soccer_Data/env/lib/python3.8/site-packages/airflow/example_dags/example_branch_operator.py
[2022-01-28 21:56:09,218] {logging_mixin.py:109} INFO - [2022-01-28 21:56:09,218] {dag.py:2396} INFO - Sync 1 DAGs
[2022-01-28 21:56:09,273] {logging_mixin.py:109} INFO - [2022-01-28 21:56:09,273] {dag.py:2935} INFO - Setting next_dagrun for example_branch_operator to 2022-01-28 00:00:00+00:00
[2022-01-28 21:56:09,472] {processor.py:171} INFO - Processing /home/data-eginner/Documents/Soccer_Data/env/lib/python3.8/site-packages/airflow/example_dags/example_branch_operator.py took 0.521 seconds
[2022-01-28 21:56:57,665] {processor.py:163} INFO - Started process (PID=25214) to work on /home/data-eginner/Documents/Soccer_Data/env/lib/python3.8/site-packages/airflow/example_dags/example_branch_operator.py
[2022-01-28 21:56:57,681] {processor.py:642} INFO - Processing file /home/data-eginner/Documents/Soccer_Data/env/lib/python3.8/site-packages/airflow/example_dags/example_branch_operator.py for tasks to queue
[2022-01-28 21:56:57,681] {logging_mixin.py:109} INFO - [2022-01-28 21:56:57,681] {dagbag.py:500} INFO - Filling up the DagBag from /home/data-eginner/Documents/Soccer_Data/env/lib/python3.8/site-packages/airflow/example_dags/example_branch_operator.py
[2022-01-28 21:56:57,765] {processor.py:654} INFO - DAG(s) dict_keys(['example_branch_operator']) retrieved from /home/data-eginner/Documents/Soccer_Data/env/lib/python3.8/site-packages/airflow/example_dags/example_branch_operator.py
[2022-01-28 21:56:57,776] {logging_mixin.py:109} INFO - [2022-01-28 21:56:57,776] {dag.py:2396} INFO - Sync 1 DAGs
[2022-01-28 21:56:57,794] {logging_mixin.py:109} INFO - [2022-01-28 21:56:57,794] {dag.py:2935} INFO - Setting next_dagrun for example_branch_operator to 2022-01-28 00:00:00+00:00
[2022-01-28 21:56:57,811] {processor.py:171} INFO - Processing /home/data-eginner/Documents/Soccer_Data/env/lib/python3.8/site-packages/airflow/example_dags/example_branch_operator.py took 0.151 seconds
[2022-01-28 21:57:40,282] {processor.py:163} INFO - Started process (PID=25375) to work on /home/data-eginner/Documents/Soccer_Data/env/lib/python3.8/site-packages/airflow/example_dags/example_branch_operator.py
[2022-01-28 21:57:40,286] {processor.py:642} INFO - Processing file /home/data-eginner/Documents/Soccer_Data/env/lib/python3.8/site-packages/airflow/example_dags/example_branch_operator.py for tasks to queue
[2022-01-28 21:57:40,287] {logging_mixin.py:109} INFO - [2022-01-28 21:57:40,287] {dagbag.py:500} INFO - Filling up the DagBag from /home/data-eginner/Documents/Soccer_Data/env/lib/python3.8/site-packages/airflow/example_dags/example_branch_operator.py
[2022-01-28 21:57:40,332] {processor.py:654} INFO - DAG(s) dict_keys(['example_branch_operator']) retrieved from /home/data-eginner/Documents/Soccer_Data/env/lib/python3.8/site-packages/airflow/example_dags/example_branch_operator.py
[2022-01-28 21:57:40,344] {logging_mixin.py:109} INFO - [2022-01-28 21:57:40,344] {dag.py:2396} INFO - Sync 1 DAGs
[2022-01-28 21:57:40,364] {logging_mixin.py:109} INFO - [2022-01-28 21:57:40,364] {dag.py:2935} INFO - Setting next_dagrun for example_branch_operator to 2022-01-28 00:00:00+00:00
[2022-01-28 21:57:40,381] {processor.py:171} INFO - Processing /home/data-eginner/Documents/Soccer_Data/env/lib/python3.8/site-packages/airflow/example_dags/example_branch_operator.py took 0.102 seconds
[2022-01-28 21:58:18,060] {processor.py:163} INFO - Started process (PID=25533) to work on /home/data-eginner/Documents/Soccer_Data/env/lib/python3.8/site-packages/airflow/example_dags/example_branch_operator.py
[2022-01-28 21:58:18,110] {processor.py:642} INFO - Processing file /home/data-eginner/Documents/Soccer_Data/env/lib/python3.8/site-packages/airflow/example_dags/example_branch_operator.py for tasks to queue
[2022-01-28 21:58:18,111] {logging_mixin.py:109} INFO - [2022-01-28 21:58:18,111] {dagbag.py:500} INFO - Filling up the DagBag from /home/data-eginner/Documents/Soccer_Data/env/lib/python3.8/site-packages/airflow/example_dags/example_branch_operator.py
[2022-01-28 21:58:18,183] {processor.py:654} INFO - DAG(s) dict_keys(['example_branch_operator']) retrieved from /home/data-eginner/Documents/Soccer_Data/env/lib/python3.8/site-packages/airflow/example_dags/example_branch_operator.py
[2022-01-28 21:58:18,191] {logging_mixin.py:109} INFO - [2022-01-28 21:58:18,191] {dag.py:2396} INFO - Sync 1 DAGs
[2022-01-28 21:58:18,244] {logging_mixin.py:109} INFO - [2022-01-28 21:58:18,244] {dag.py:2935} INFO - Setting next_dagrun for example_branch_operator to 2022-01-28 00:00:00+00:00
[2022-01-28 21:58:18,289] {processor.py:171} INFO - Processing /home/data-eginner/Documents/Soccer_Data/env/lib/python3.8/site-packages/airflow/example_dags/example_branch_operator.py took 0.231 seconds
[2022-01-28 21:59:00,762] {processor.py:163} INFO - Started process (PID=25693) to work on /home/data-eginner/Documents/Soccer_Data/env/lib/python3.8/site-packages/airflow/example_dags/example_branch_operator.py
[2022-01-28 21:59:00,765] {processor.py:642} INFO - Processing file /home/data-eginner/Documents/Soccer_Data/env/lib/python3.8/site-packages/airflow/example_dags/example_branch_operator.py for tasks to queue
[2022-01-28 21:59:00,765] {logging_mixin.py:109} INFO - [2022-01-28 21:59:00,765] {dagbag.py:500} INFO - Filling up the DagBag from /home/data-eginner/Documents/Soccer_Data/env/lib/python3.8/site-packages/airflow/example_dags/example_branch_operator.py
[2022-01-28 21:59:00,851] {processor.py:654} INFO - DAG(s) dict_keys(['example_branch_operator']) retrieved from /home/data-eginner/Documents/Soccer_Data/env/lib/python3.8/site-packages/airflow/example_dags/example_branch_operator.py
[2022-01-28 21:59:00,878] {logging_mixin.py:109} INFO - [2022-01-28 21:59:00,878] {dag.py:2396} INFO - Sync 1 DAGs
[2022-01-28 21:59:00,919] {logging_mixin.py:109} INFO - [2022-01-28 21:59:00,919] {dag.py:2935} INFO - Setting next_dagrun for example_branch_operator to 2022-01-28 00:00:00+00:00
[2022-01-28 21:59:00,978] {processor.py:171} INFO - Processing /home/data-eginner/Documents/Soccer_Data/env/lib/python3.8/site-packages/airflow/example_dags/example_branch_operator.py took 0.231 seconds
[2022-01-28 21:59:40,868] {processor.py:163} INFO - Started process (PID=25846) to work on /home/data-eginner/Documents/Soccer_Data/env/lib/python3.8/site-packages/airflow/example_dags/example_branch_operator.py
[2022-01-28 21:59:40,871] {processor.py:642} INFO - Processing file /home/data-eginner/Documents/Soccer_Data/env/lib/python3.8/site-packages/airflow/example_dags/example_branch_operator.py for tasks to queue
[2022-01-28 21:59:40,871] {logging_mixin.py:109} INFO - [2022-01-28 21:59:40,871] {dagbag.py:500} INFO - Filling up the DagBag from /home/data-eginner/Documents/Soccer_Data/env/lib/python3.8/site-packages/airflow/example_dags/example_branch_operator.py
[2022-01-28 21:59:40,895] {processor.py:654} INFO - DAG(s) dict_keys(['example_branch_operator']) retrieved from /home/data-eginner/Documents/Soccer_Data/env/lib/python3.8/site-packages/airflow/example_dags/example_branch_operator.py
[2022-01-28 21:59:40,904] {logging_mixin.py:109} INFO - [2022-01-28 21:59:40,904] {dag.py:2396} INFO - Sync 1 DAGs
[2022-01-28 21:59:40,918] {logging_mixin.py:109} INFO - [2022-01-28 21:59:40,918] {dag.py:2935} INFO - Setting next_dagrun for example_branch_operator to 2022-01-28 00:00:00+00:00
[2022-01-28 21:59:40,932] {processor.py:171} INFO - Processing /home/data-eginner/Documents/Soccer_Data/env/lib/python3.8/site-packages/airflow/example_dags/example_branch_operator.py took 0.066 seconds
[2022-01-28 22:00:24,417] {processor.py:163} INFO - Started process (PID=26013) to work on /home/data-eginner/Documents/Soccer_Data/env/lib/python3.8/site-packages/airflow/example_dags/example_branch_operator.py
[2022-01-28 22:00:24,433] {processor.py:642} INFO - Processing file /home/data-eginner/Documents/Soccer_Data/env/lib/python3.8/site-packages/airflow/example_dags/example_branch_operator.py for tasks to queue
[2022-01-28 22:00:24,434] {logging_mixin.py:109} INFO - [2022-01-28 22:00:24,434] {dagbag.py:500} INFO - Filling up the DagBag from /home/data-eginner/Documents/Soccer_Data/env/lib/python3.8/site-packages/airflow/example_dags/example_branch_operator.py
[2022-01-28 22:00:24,511] {processor.py:654} INFO - DAG(s) dict_keys(['example_branch_operator']) retrieved from /home/data-eginner/Documents/Soccer_Data/env/lib/python3.8/site-packages/airflow/example_dags/example_branch_operator.py
[2022-01-28 22:00:24,530] {logging_mixin.py:109} INFO - [2022-01-28 22:00:24,530] {dag.py:2396} INFO - Sync 1 DAGs
[2022-01-28 22:00:24,547] {logging_mixin.py:109} INFO - [2022-01-28 22:00:24,547] {dag.py:2935} INFO - Setting next_dagrun for example_branch_operator to 2022-01-28 00:00:00+00:00
[2022-01-28 22:00:24,566] {processor.py:171} INFO - Processing /home/data-eginner/Documents/Soccer_Data/env/lib/python3.8/site-packages/airflow/example_dags/example_branch_operator.py took 0.165 seconds
[2022-01-28 22:01:02,915] {processor.py:163} INFO - Started process (PID=26176) to work on /home/data-eginner/Documents/Soccer_Data/env/lib/python3.8/site-packages/airflow/example_dags/example_branch_operator.py
[2022-01-28 22:01:02,917] {processor.py:642} INFO - Processing file /home/data-eginner/Documents/Soccer_Data/env/lib/python3.8/site-packages/airflow/example_dags/example_branch_operator.py for tasks to queue
[2022-01-28 22:01:02,918] {logging_mixin.py:109} INFO - [2022-01-28 22:01:02,917] {dagbag.py:500} INFO - Filling up the DagBag from /home/data-eginner/Documents/Soccer_Data/env/lib/python3.8/site-packages/airflow/example_dags/example_branch_operator.py
[2022-01-28 22:01:02,958] {processor.py:654} INFO - DAG(s) dict_keys(['example_branch_operator']) retrieved from /home/data-eginner/Documents/Soccer_Data/env/lib/python3.8/site-packages/airflow/example_dags/example_branch_operator.py
[2022-01-28 22:01:02,976] {logging_mixin.py:109} INFO - [2022-01-28 22:01:02,976] {dag.py:2396} INFO - Sync 1 DAGs
[2022-01-28 22:01:02,996] {logging_mixin.py:109} INFO - [2022-01-28 22:01:02,996] {dag.py:2935} INFO - Setting next_dagrun for example_branch_operator to 2022-01-28 00:00:00+00:00
[2022-01-28 22:01:03,011] {processor.py:171} INFO - Processing /home/data-eginner/Documents/Soccer_Data/env/lib/python3.8/site-packages/airflow/example_dags/example_branch_operator.py took 0.100 seconds
[2022-01-28 22:01:47,132] {processor.py:163} INFO - Started process (PID=26340) to work on /home/data-eginner/Documents/Soccer_Data/env/lib/python3.8/site-packages/airflow/example_dags/example_branch_operator.py
[2022-01-28 22:01:47,139] {processor.py:642} INFO - Processing file /home/data-eginner/Documents/Soccer_Data/env/lib/python3.8/site-packages/airflow/example_dags/example_branch_operator.py for tasks to queue
[2022-01-28 22:01:47,139] {logging_mixin.py:109} INFO - [2022-01-28 22:01:47,139] {dagbag.py:500} INFO - Filling up the DagBag from /home/data-eginner/Documents/Soccer_Data/env/lib/python3.8/site-packages/airflow/example_dags/example_branch_operator.py
[2022-01-28 22:01:47,164] {processor.py:654} INFO - DAG(s) dict_keys(['example_branch_operator']) retrieved from /home/data-eginner/Documents/Soccer_Data/env/lib/python3.8/site-packages/airflow/example_dags/example_branch_operator.py
[2022-01-28 22:01:47,173] {logging_mixin.py:109} INFO - [2022-01-28 22:01:47,173] {dag.py:2396} INFO - Sync 1 DAGs
[2022-01-28 22:01:47,186] {logging_mixin.py:109} INFO - [2022-01-28 22:01:47,186] {dag.py:2935} INFO - Setting next_dagrun for example_branch_operator to 2022-01-28 00:00:00+00:00
[2022-01-28 22:01:47,202] {processor.py:171} INFO - Processing /home/data-eginner/Documents/Soccer_Data/env/lib/python3.8/site-packages/airflow/example_dags/example_branch_operator.py took 0.072 seconds
[2022-01-28 22:04:17,292] {processor.py:163} INFO - Started process (PID=26558) to work on /home/data-eginner/Documents/Soccer_Data/env/lib/python3.8/site-packages/airflow/example_dags/example_branch_operator.py
[2022-01-28 22:04:17,295] {processor.py:642} INFO - Processing file /home/data-eginner/Documents/Soccer_Data/env/lib/python3.8/site-packages/airflow/example_dags/example_branch_operator.py for tasks to queue
[2022-01-28 22:04:17,296] {logging_mixin.py:109} INFO - [2022-01-28 22:04:17,295] {dagbag.py:500} INFO - Filling up the DagBag from /home/data-eginner/Documents/Soccer_Data/env/lib/python3.8/site-packages/airflow/example_dags/example_branch_operator.py
[2022-01-28 22:04:17,324] {processor.py:654} INFO - DAG(s) dict_keys(['example_branch_operator']) retrieved from /home/data-eginner/Documents/Soccer_Data/env/lib/python3.8/site-packages/airflow/example_dags/example_branch_operator.py
[2022-01-28 22:04:17,334] {logging_mixin.py:109} INFO - [2022-01-28 22:04:17,334] {dag.py:2396} INFO - Sync 1 DAGs
[2022-01-28 22:04:17,345] {logging_mixin.py:109} INFO - [2022-01-28 22:04:17,345] {dag.py:2935} INFO - Setting next_dagrun for example_branch_operator to 2022-01-28 00:00:00+00:00
[2022-01-28 22:04:17,362] {processor.py:171} INFO - Processing /home/data-eginner/Documents/Soccer_Data/env/lib/python3.8/site-packages/airflow/example_dags/example_branch_operator.py took 0.081 seconds
[2022-01-28 22:04:59,364] {processor.py:163} INFO - Started process (PID=26724) to work on /home/data-eginner/Documents/Soccer_Data/env/lib/python3.8/site-packages/airflow/example_dags/example_branch_operator.py
[2022-01-28 22:04:59,375] {processor.py:642} INFO - Processing file /home/data-eginner/Documents/Soccer_Data/env/lib/python3.8/site-packages/airflow/example_dags/example_branch_operator.py for tasks to queue
[2022-01-28 22:04:59,381] {logging_mixin.py:109} INFO - [2022-01-28 22:04:59,376] {dagbag.py:500} INFO - Filling up the DagBag from /home/data-eginner/Documents/Soccer_Data/env/lib/python3.8/site-packages/airflow/example_dags/example_branch_operator.py
[2022-01-28 22:04:59,437] {processor.py:654} INFO - DAG(s) dict_keys(['example_branch_operator']) retrieved from /home/data-eginner/Documents/Soccer_Data/env/lib/python3.8/site-packages/airflow/example_dags/example_branch_operator.py
[2022-01-28 22:04:59,461] {logging_mixin.py:109} INFO - [2022-01-28 22:04:59,461] {dag.py:2396} INFO - Sync 1 DAGs
[2022-01-28 22:04:59,495] {logging_mixin.py:109} INFO - [2022-01-28 22:04:59,495] {dag.py:2935} INFO - Setting next_dagrun for example_branch_operator to 2022-01-28 00:00:00+00:00
[2022-01-28 22:04:59,573] {processor.py:171} INFO - Processing /home/data-eginner/Documents/Soccer_Data/env/lib/python3.8/site-packages/airflow/example_dags/example_branch_operator.py took 0.213 seconds
[2022-01-28 22:05:42,370] {processor.py:163} INFO - Started process (PID=26890) to work on /home/data-eginner/Documents/Soccer_Data/env/lib/python3.8/site-packages/airflow/example_dags/example_branch_operator.py
[2022-01-28 22:05:42,372] {processor.py:642} INFO - Processing file /home/data-eginner/Documents/Soccer_Data/env/lib/python3.8/site-packages/airflow/example_dags/example_branch_operator.py for tasks to queue
[2022-01-28 22:05:42,374] {logging_mixin.py:109} INFO - [2022-01-28 22:05:42,374] {dagbag.py:500} INFO - Filling up the DagBag from /home/data-eginner/Documents/Soccer_Data/env/lib/python3.8/site-packages/airflow/example_dags/example_branch_operator.py
[2022-01-28 22:05:42,398] {processor.py:654} INFO - DAG(s) dict_keys(['example_branch_operator']) retrieved from /home/data-eginner/Documents/Soccer_Data/env/lib/python3.8/site-packages/airflow/example_dags/example_branch_operator.py
[2022-01-28 22:05:42,407] {logging_mixin.py:109} INFO - [2022-01-28 22:05:42,407] {dag.py:2396} INFO - Sync 1 DAGs
[2022-01-28 22:05:42,420] {logging_mixin.py:109} INFO - [2022-01-28 22:05:42,420] {dag.py:2935} INFO - Setting next_dagrun for example_branch_operator to 2022-01-28 00:00:00+00:00
[2022-01-28 22:05:42,446] {processor.py:171} INFO - Processing /home/data-eginner/Documents/Soccer_Data/env/lib/python3.8/site-packages/airflow/example_dags/example_branch_operator.py took 0.079 seconds
[2022-01-28 22:06:21,823] {processor.py:163} INFO - Started process (PID=27051) to work on /home/data-eginner/Documents/Soccer_Data/env/lib/python3.8/site-packages/airflow/example_dags/example_branch_operator.py
[2022-01-28 22:06:21,827] {processor.py:642} INFO - Processing file /home/data-eginner/Documents/Soccer_Data/env/lib/python3.8/site-packages/airflow/example_dags/example_branch_operator.py for tasks to queue
[2022-01-28 22:06:21,828] {logging_mixin.py:109} INFO - [2022-01-28 22:06:21,828] {dagbag.py:500} INFO - Filling up the DagBag from /home/data-eginner/Documents/Soccer_Data/env/lib/python3.8/site-packages/airflow/example_dags/example_branch_operator.py
[2022-01-28 22:06:21,862] {processor.py:654} INFO - DAG(s) dict_keys(['example_branch_operator']) retrieved from /home/data-eginner/Documents/Soccer_Data/env/lib/python3.8/site-packages/airflow/example_dags/example_branch_operator.py
[2022-01-28 22:06:21,871] {logging_mixin.py:109} INFO - [2022-01-28 22:06:21,871] {dag.py:2396} INFO - Sync 1 DAGs
[2022-01-28 22:06:21,887] {logging_mixin.py:109} INFO - [2022-01-28 22:06:21,887] {dag.py:2935} INFO - Setting next_dagrun for example_branch_operator to 2022-01-28 00:00:00+00:00
[2022-01-28 22:06:21,904] {processor.py:171} INFO - Processing /home/data-eginner/Documents/Soccer_Data/env/lib/python3.8/site-packages/airflow/example_dags/example_branch_operator.py took 0.088 seconds
[2022-01-28 22:07:07,385] {processor.py:163} INFO - Started process (PID=27245) to work on /home/data-eginner/Documents/Soccer_Data/env/lib/python3.8/site-packages/airflow/example_dags/example_branch_operator.py
[2022-01-28 22:07:07,420] {processor.py:642} INFO - Processing file /home/data-eginner/Documents/Soccer_Data/env/lib/python3.8/site-packages/airflow/example_dags/example_branch_operator.py for tasks to queue
[2022-01-28 22:07:07,421] {logging_mixin.py:109} INFO - [2022-01-28 22:07:07,421] {dagbag.py:500} INFO - Filling up the DagBag from /home/data-eginner/Documents/Soccer_Data/env/lib/python3.8/site-packages/airflow/example_dags/example_branch_operator.py
[2022-01-28 22:07:07,480] {processor.py:654} INFO - DAG(s) dict_keys(['example_branch_operator']) retrieved from /home/data-eginner/Documents/Soccer_Data/env/lib/python3.8/site-packages/airflow/example_dags/example_branch_operator.py
[2022-01-28 22:07:07,504] {logging_mixin.py:109} INFO - [2022-01-28 22:07:07,504] {dag.py:2396} INFO - Sync 1 DAGs
[2022-01-28 22:07:07,530] {logging_mixin.py:109} INFO - [2022-01-28 22:07:07,530] {dag.py:2935} INFO - Setting next_dagrun for example_branch_operator to 2022-01-28 00:00:00+00:00
[2022-01-28 22:07:07,594] {processor.py:171} INFO - Processing /home/data-eginner/Documents/Soccer_Data/env/lib/python3.8/site-packages/airflow/example_dags/example_branch_operator.py took 0.236 seconds
[2022-01-28 22:08:07,298] {processor.py:163} INFO - Started process (PID=27475) to work on /home/data-eginner/Documents/Soccer_Data/env/lib/python3.8/site-packages/airflow/example_dags/example_branch_operator.py
[2022-01-28 22:08:07,300] {processor.py:642} INFO - Processing file /home/data-eginner/Documents/Soccer_Data/env/lib/python3.8/site-packages/airflow/example_dags/example_branch_operator.py for tasks to queue
[2022-01-28 22:08:07,300] {logging_mixin.py:109} INFO - [2022-01-28 22:08:07,300] {dagbag.py:500} INFO - Filling up the DagBag from /home/data-eginner/Documents/Soccer_Data/env/lib/python3.8/site-packages/airflow/example_dags/example_branch_operator.py
[2022-01-28 22:08:07,323] {processor.py:654} INFO - DAG(s) dict_keys(['example_branch_operator']) retrieved from /home/data-eginner/Documents/Soccer_Data/env/lib/python3.8/site-packages/airflow/example_dags/example_branch_operator.py
[2022-01-28 22:08:07,333] {logging_mixin.py:109} INFO - [2022-01-28 22:08:07,333] {dag.py:2396} INFO - Sync 1 DAGs
[2022-01-28 22:08:07,346] {logging_mixin.py:109} INFO - [2022-01-28 22:08:07,346] {dag.py:2935} INFO - Setting next_dagrun for example_branch_operator to 2022-01-28 00:00:00+00:00
[2022-01-28 22:08:07,378] {processor.py:171} INFO - Processing /home/data-eginner/Documents/Soccer_Data/env/lib/python3.8/site-packages/airflow/example_dags/example_branch_operator.py took 0.092 seconds
[2022-01-28 22:08:47,985] {processor.py:163} INFO - Started process (PID=27642) to work on /home/data-eginner/Documents/Soccer_Data/env/lib/python3.8/site-packages/airflow/example_dags/example_branch_operator.py
[2022-01-28 22:08:47,993] {processor.py:642} INFO - Processing file /home/data-eginner/Documents/Soccer_Data/env/lib/python3.8/site-packages/airflow/example_dags/example_branch_operator.py for tasks to queue
[2022-01-28 22:08:47,994] {logging_mixin.py:109} INFO - [2022-01-28 22:08:47,994] {dagbag.py:500} INFO - Filling up the DagBag from /home/data-eginner/Documents/Soccer_Data/env/lib/python3.8/site-packages/airflow/example_dags/example_branch_operator.py
[2022-01-28 22:08:48,036] {processor.py:654} INFO - DAG(s) dict_keys(['example_branch_operator']) retrieved from /home/data-eginner/Documents/Soccer_Data/env/lib/python3.8/site-packages/airflow/example_dags/example_branch_operator.py
[2022-01-28 22:08:48,057] {logging_mixin.py:109} INFO - [2022-01-28 22:08:48,057] {dag.py:2396} INFO - Sync 1 DAGs
[2022-01-28 22:08:48,089] {logging_mixin.py:109} INFO - [2022-01-28 22:08:48,089] {dag.py:2935} INFO - Setting next_dagrun for example_branch_operator to 2022-01-28 00:00:00+00:00
[2022-01-28 22:08:48,129] {processor.py:171} INFO - Processing /home/data-eginner/Documents/Soccer_Data/env/lib/python3.8/site-packages/airflow/example_dags/example_branch_operator.py took 0.157 seconds
[2022-01-28 22:09:26,056] {processor.py:163} INFO - Started process (PID=27793) to work on /home/data-eginner/Documents/Soccer_Data/env/lib/python3.8/site-packages/airflow/example_dags/example_branch_operator.py
[2022-01-28 22:09:26,066] {processor.py:642} INFO - Processing file /home/data-eginner/Documents/Soccer_Data/env/lib/python3.8/site-packages/airflow/example_dags/example_branch_operator.py for tasks to queue
[2022-01-28 22:09:26,067] {logging_mixin.py:109} INFO - [2022-01-28 22:09:26,067] {dagbag.py:500} INFO - Filling up the DagBag from /home/data-eginner/Documents/Soccer_Data/env/lib/python3.8/site-packages/airflow/example_dags/example_branch_operator.py
[2022-01-28 22:09:26,123] {processor.py:654} INFO - DAG(s) dict_keys(['example_branch_operator']) retrieved from /home/data-eginner/Documents/Soccer_Data/env/lib/python3.8/site-packages/airflow/example_dags/example_branch_operator.py
[2022-01-28 22:09:26,131] {logging_mixin.py:109} INFO - [2022-01-28 22:09:26,131] {dag.py:2396} INFO - Sync 1 DAGs
[2022-01-28 22:09:26,161] {logging_mixin.py:109} INFO - [2022-01-28 22:09:26,161] {dag.py:2935} INFO - Setting next_dagrun for example_branch_operator to 2022-01-28 00:00:00+00:00
[2022-01-28 22:09:26,198] {processor.py:171} INFO - Processing /home/data-eginner/Documents/Soccer_Data/env/lib/python3.8/site-packages/airflow/example_dags/example_branch_operator.py took 0.145 seconds
[2022-01-28 22:10:07,346] {processor.py:163} INFO - Started process (PID=27963) to work on /home/data-eginner/Documents/Soccer_Data/env/lib/python3.8/site-packages/airflow/example_dags/example_branch_operator.py
[2022-01-28 22:10:07,351] {processor.py:642} INFO - Processing file /home/data-eginner/Documents/Soccer_Data/env/lib/python3.8/site-packages/airflow/example_dags/example_branch_operator.py for tasks to queue
[2022-01-28 22:10:07,354] {logging_mixin.py:109} INFO - [2022-01-28 22:10:07,353] {dagbag.py:500} INFO - Filling up the DagBag from /home/data-eginner/Documents/Soccer_Data/env/lib/python3.8/site-packages/airflow/example_dags/example_branch_operator.py
[2022-01-28 22:10:07,380] {processor.py:654} INFO - DAG(s) dict_keys(['example_branch_operator']) retrieved from /home/data-eginner/Documents/Soccer_Data/env/lib/python3.8/site-packages/airflow/example_dags/example_branch_operator.py
[2022-01-28 22:10:07,391] {logging_mixin.py:109} INFO - [2022-01-28 22:10:07,391] {dag.py:2396} INFO - Sync 1 DAGs
[2022-01-28 22:10:07,404] {logging_mixin.py:109} INFO - [2022-01-28 22:10:07,404] {dag.py:2935} INFO - Setting next_dagrun for example_branch_operator to 2022-01-28 00:00:00+00:00
[2022-01-28 22:10:07,421] {processor.py:171} INFO - Processing /home/data-eginner/Documents/Soccer_Data/env/lib/python3.8/site-packages/airflow/example_dags/example_branch_operator.py took 0.079 seconds
[2022-01-28 22:10:44,393] {processor.py:163} INFO - Started process (PID=28123) to work on /home/data-eginner/Documents/Soccer_Data/env/lib/python3.8/site-packages/airflow/example_dags/example_branch_operator.py
[2022-01-28 22:10:44,406] {processor.py:642} INFO - Processing file /home/data-eginner/Documents/Soccer_Data/env/lib/python3.8/site-packages/airflow/example_dags/example_branch_operator.py for tasks to queue
[2022-01-28 22:10:44,406] {logging_mixin.py:109} INFO - [2022-01-28 22:10:44,406] {dagbag.py:500} INFO - Filling up the DagBag from /home/data-eginner/Documents/Soccer_Data/env/lib/python3.8/site-packages/airflow/example_dags/example_branch_operator.py
[2022-01-28 22:10:44,451] {processor.py:654} INFO - DAG(s) dict_keys(['example_branch_operator']) retrieved from /home/data-eginner/Documents/Soccer_Data/env/lib/python3.8/site-packages/airflow/example_dags/example_branch_operator.py
[2022-01-28 22:10:44,460] {logging_mixin.py:109} INFO - [2022-01-28 22:10:44,460] {dag.py:2396} INFO - Sync 1 DAGs
[2022-01-28 22:10:44,484] {logging_mixin.py:109} INFO - [2022-01-28 22:10:44,484] {dag.py:2935} INFO - Setting next_dagrun for example_branch_operator to 2022-01-28 00:00:00+00:00
[2022-01-28 22:10:44,546] {processor.py:171} INFO - Processing /home/data-eginner/Documents/Soccer_Data/env/lib/python3.8/site-packages/airflow/example_dags/example_branch_operator.py took 0.156 seconds
[2022-01-28 22:11:23,425] {processor.py:163} INFO - Started process (PID=28287) to work on /home/data-eginner/Documents/Soccer_Data/env/lib/python3.8/site-packages/airflow/example_dags/example_branch_operator.py
[2022-01-28 22:11:23,429] {processor.py:642} INFO - Processing file /home/data-eginner/Documents/Soccer_Data/env/lib/python3.8/site-packages/airflow/example_dags/example_branch_operator.py for tasks to queue
[2022-01-28 22:11:23,430] {logging_mixin.py:109} INFO - [2022-01-28 22:11:23,429] {dagbag.py:500} INFO - Filling up the DagBag from /home/data-eginner/Documents/Soccer_Data/env/lib/python3.8/site-packages/airflow/example_dags/example_branch_operator.py
[2022-01-28 22:11:23,456] {processor.py:654} INFO - DAG(s) dict_keys(['example_branch_operator']) retrieved from /home/data-eginner/Documents/Soccer_Data/env/lib/python3.8/site-packages/airflow/example_dags/example_branch_operator.py
[2022-01-28 22:11:23,464] {logging_mixin.py:109} INFO - [2022-01-28 22:11:23,464] {dag.py:2396} INFO - Sync 1 DAGs
[2022-01-28 22:11:23,481] {logging_mixin.py:109} INFO - [2022-01-28 22:11:23,481] {dag.py:2935} INFO - Setting next_dagrun for example_branch_operator to 2022-01-28 00:00:00+00:00
[2022-01-28 22:11:23,495] {processor.py:171} INFO - Processing /home/data-eginner/Documents/Soccer_Data/env/lib/python3.8/site-packages/airflow/example_dags/example_branch_operator.py took 0.077 seconds
[2022-01-28 22:11:56,801] {processor.py:163} INFO - Started process (PID=28436) to work on /home/data-eginner/Documents/Soccer_Data/env/lib/python3.8/site-packages/airflow/example_dags/example_branch_operator.py
[2022-01-28 22:11:56,811] {processor.py:642} INFO - Processing file /home/data-eginner/Documents/Soccer_Data/env/lib/python3.8/site-packages/airflow/example_dags/example_branch_operator.py for tasks to queue
[2022-01-28 22:11:56,812] {logging_mixin.py:109} INFO - [2022-01-28 22:11:56,812] {dagbag.py:500} INFO - Filling up the DagBag from /home/data-eginner/Documents/Soccer_Data/env/lib/python3.8/site-packages/airflow/example_dags/example_branch_operator.py
[2022-01-28 22:11:56,845] {processor.py:654} INFO - DAG(s) dict_keys(['example_branch_operator']) retrieved from /home/data-eginner/Documents/Soccer_Data/env/lib/python3.8/site-packages/airflow/example_dags/example_branch_operator.py
[2022-01-28 22:11:56,857] {logging_mixin.py:109} INFO - [2022-01-28 22:11:56,857] {dag.py:2396} INFO - Sync 1 DAGs
[2022-01-28 22:11:56,873] {logging_mixin.py:109} INFO - [2022-01-28 22:11:56,873] {dag.py:2935} INFO - Setting next_dagrun for example_branch_operator to 2022-01-28 00:00:00+00:00
[2022-01-28 22:11:56,887] {processor.py:171} INFO - Processing /home/data-eginner/Documents/Soccer_Data/env/lib/python3.8/site-packages/airflow/example_dags/example_branch_operator.py took 0.094 seconds
[2022-01-28 22:12:36,298] {processor.py:163} INFO - Started process (PID=28590) to work on /home/data-eginner/Documents/Soccer_Data/env/lib/python3.8/site-packages/airflow/example_dags/example_branch_operator.py
[2022-01-28 22:12:36,322] {processor.py:642} INFO - Processing file /home/data-eginner/Documents/Soccer_Data/env/lib/python3.8/site-packages/airflow/example_dags/example_branch_operator.py for tasks to queue
[2022-01-28 22:12:36,323] {logging_mixin.py:109} INFO - [2022-01-28 22:12:36,322] {dagbag.py:500} INFO - Filling up the DagBag from /home/data-eginner/Documents/Soccer_Data/env/lib/python3.8/site-packages/airflow/example_dags/example_branch_operator.py
[2022-01-28 22:12:36,424] {processor.py:654} INFO - DAG(s) dict_keys(['example_branch_operator']) retrieved from /home/data-eginner/Documents/Soccer_Data/env/lib/python3.8/site-packages/airflow/example_dags/example_branch_operator.py
[2022-01-28 22:12:36,453] {logging_mixin.py:109} INFO - [2022-01-28 22:12:36,453] {dag.py:2396} INFO - Sync 1 DAGs
[2022-01-28 22:12:36,490] {logging_mixin.py:109} INFO - [2022-01-28 22:12:36,490] {dag.py:2935} INFO - Setting next_dagrun for example_branch_operator to 2022-01-28 00:00:00+00:00
[2022-01-28 22:12:36,541] {processor.py:171} INFO - Processing /home/data-eginner/Documents/Soccer_Data/env/lib/python3.8/site-packages/airflow/example_dags/example_branch_operator.py took 0.246 seconds
[2022-01-28 22:13:15,990] {processor.py:163} INFO - Started process (PID=28743) to work on /home/data-eginner/Documents/Soccer_Data/env/lib/python3.8/site-packages/airflow/example_dags/example_branch_operator.py
[2022-01-28 22:13:15,997] {processor.py:642} INFO - Processing file /home/data-eginner/Documents/Soccer_Data/env/lib/python3.8/site-packages/airflow/example_dags/example_branch_operator.py for tasks to queue
[2022-01-28 22:13:15,997] {logging_mixin.py:109} INFO - [2022-01-28 22:13:15,997] {dagbag.py:500} INFO - Filling up the DagBag from /home/data-eginner/Documents/Soccer_Data/env/lib/python3.8/site-packages/airflow/example_dags/example_branch_operator.py
[2022-01-28 22:13:16,030] {processor.py:654} INFO - DAG(s) dict_keys(['example_branch_operator']) retrieved from /home/data-eginner/Documents/Soccer_Data/env/lib/python3.8/site-packages/airflow/example_dags/example_branch_operator.py
[2022-01-28 22:13:16,044] {logging_mixin.py:109} INFO - [2022-01-28 22:13:16,043] {dag.py:2396} INFO - Sync 1 DAGs
[2022-01-28 22:13:16,057] {logging_mixin.py:109} INFO - [2022-01-28 22:13:16,057] {dag.py:2935} INFO - Setting next_dagrun for example_branch_operator to 2022-01-28 00:00:00+00:00
[2022-01-28 22:13:16,089] {processor.py:171} INFO - Processing /home/data-eginner/Documents/Soccer_Data/env/lib/python3.8/site-packages/airflow/example_dags/example_branch_operator.py took 0.102 seconds
[2022-01-28 22:13:59,140] {processor.py:163} INFO - Started process (PID=28923) to work on /home/data-eginner/Documents/Soccer_Data/env/lib/python3.8/site-packages/airflow/example_dags/example_branch_operator.py
[2022-01-28 22:13:59,166] {processor.py:642} INFO - Processing file /home/data-eginner/Documents/Soccer_Data/env/lib/python3.8/site-packages/airflow/example_dags/example_branch_operator.py for tasks to queue
[2022-01-28 22:13:59,167] {logging_mixin.py:109} INFO - [2022-01-28 22:13:59,167] {dagbag.py:500} INFO - Filling up the DagBag from /home/data-eginner/Documents/Soccer_Data/env/lib/python3.8/site-packages/airflow/example_dags/example_branch_operator.py
[2022-01-28 22:13:59,246] {processor.py:654} INFO - DAG(s) dict_keys(['example_branch_operator']) retrieved from /home/data-eginner/Documents/Soccer_Data/env/lib/python3.8/site-packages/airflow/example_dags/example_branch_operator.py
[2022-01-28 22:13:59,277] {logging_mixin.py:109} INFO - [2022-01-28 22:13:59,276] {dag.py:2396} INFO - Sync 1 DAGs
[2022-01-28 22:13:59,339] {logging_mixin.py:109} INFO - [2022-01-28 22:13:59,339] {dag.py:2935} INFO - Setting next_dagrun for example_branch_operator to 2022-01-28 00:00:00+00:00
[2022-01-28 22:13:59,386] {processor.py:171} INFO - Processing /home/data-eginner/Documents/Soccer_Data/env/lib/python3.8/site-packages/airflow/example_dags/example_branch_operator.py took 0.249 seconds
[2022-01-28 22:14:45,153] {processor.py:163} INFO - Started process (PID=29098) to work on /home/data-eginner/Documents/Soccer_Data/env/lib/python3.8/site-packages/airflow/example_dags/example_branch_operator.py
[2022-01-28 22:14:45,170] {processor.py:642} INFO - Processing file /home/data-eginner/Documents/Soccer_Data/env/lib/python3.8/site-packages/airflow/example_dags/example_branch_operator.py for tasks to queue
[2022-01-28 22:14:45,171] {logging_mixin.py:109} INFO - [2022-01-28 22:14:45,171] {dagbag.py:500} INFO - Filling up the DagBag from /home/data-eginner/Documents/Soccer_Data/env/lib/python3.8/site-packages/airflow/example_dags/example_branch_operator.py
[2022-01-28 22:14:45,257] {processor.py:654} INFO - DAG(s) dict_keys(['example_branch_operator']) retrieved from /home/data-eginner/Documents/Soccer_Data/env/lib/python3.8/site-packages/airflow/example_dags/example_branch_operator.py
[2022-01-28 22:14:45,310] {logging_mixin.py:109} INFO - [2022-01-28 22:14:45,309] {dag.py:2396} INFO - Sync 1 DAGs
[2022-01-28 22:14:45,352] {logging_mixin.py:109} INFO - [2022-01-28 22:14:45,352] {dag.py:2935} INFO - Setting next_dagrun for example_branch_operator to 2022-01-28 00:00:00+00:00
[2022-01-28 22:14:45,392] {processor.py:171} INFO - Processing /home/data-eginner/Documents/Soccer_Data/env/lib/python3.8/site-packages/airflow/example_dags/example_branch_operator.py took 0.242 seconds
[2022-01-28 22:15:45,724] {processor.py:163} INFO - Started process (PID=29306) to work on /home/data-eginner/Documents/Soccer_Data/env/lib/python3.8/site-packages/airflow/example_dags/example_branch_operator.py
[2022-01-28 22:15:45,758] {processor.py:642} INFO - Processing file /home/data-eginner/Documents/Soccer_Data/env/lib/python3.8/site-packages/airflow/example_dags/example_branch_operator.py for tasks to queue
[2022-01-28 22:15:45,759] {logging_mixin.py:109} INFO - [2022-01-28 22:15:45,759] {dagbag.py:500} INFO - Filling up the DagBag from /home/data-eginner/Documents/Soccer_Data/env/lib/python3.8/site-packages/airflow/example_dags/example_branch_operator.py
[2022-01-28 22:15:45,855] {processor.py:654} INFO - DAG(s) dict_keys(['example_branch_operator']) retrieved from /home/data-eginner/Documents/Soccer_Data/env/lib/python3.8/site-packages/airflow/example_dags/example_branch_operator.py
[2022-01-28 22:15:45,931] {logging_mixin.py:109} INFO - [2022-01-28 22:15:45,930] {dag.py:2396} INFO - Sync 1 DAGs
[2022-01-28 22:15:46,016] {logging_mixin.py:109} INFO - [2022-01-28 22:15:46,016] {dag.py:2935} INFO - Setting next_dagrun for example_branch_operator to 2022-01-28 00:00:00+00:00
[2022-01-28 22:15:46,080] {processor.py:171} INFO - Processing /home/data-eginner/Documents/Soccer_Data/env/lib/python3.8/site-packages/airflow/example_dags/example_branch_operator.py took 0.359 seconds
[2022-01-28 22:16:29,388] {processor.py:163} INFO - Started process (PID=29471) to work on /home/data-eginner/Documents/Soccer_Data/env/lib/python3.8/site-packages/airflow/example_dags/example_branch_operator.py
[2022-01-28 22:16:29,403] {processor.py:642} INFO - Processing file /home/data-eginner/Documents/Soccer_Data/env/lib/python3.8/site-packages/airflow/example_dags/example_branch_operator.py for tasks to queue
[2022-01-28 22:16:29,403] {logging_mixin.py:109} INFO - [2022-01-28 22:16:29,403] {dagbag.py:500} INFO - Filling up the DagBag from /home/data-eginner/Documents/Soccer_Data/env/lib/python3.8/site-packages/airflow/example_dags/example_branch_operator.py
[2022-01-28 22:16:29,451] {processor.py:654} INFO - DAG(s) dict_keys(['example_branch_operator']) retrieved from /home/data-eginner/Documents/Soccer_Data/env/lib/python3.8/site-packages/airflow/example_dags/example_branch_operator.py
[2022-01-28 22:16:29,481] {logging_mixin.py:109} INFO - [2022-01-28 22:16:29,481] {dag.py:2396} INFO - Sync 1 DAGs
[2022-01-28 22:16:29,509] {logging_mixin.py:109} INFO - [2022-01-28 22:16:29,498] {dag.py:2935} INFO - Setting next_dagrun for example_branch_operator to 2022-01-28 00:00:00+00:00
[2022-01-28 22:16:29,559] {processor.py:171} INFO - Processing /home/data-eginner/Documents/Soccer_Data/env/lib/python3.8/site-packages/airflow/example_dags/example_branch_operator.py took 0.174 seconds
[2022-01-28 22:17:22,586] {processor.py:163} INFO - Started process (PID=29671) to work on /home/data-eginner/Documents/Soccer_Data/env/lib/python3.8/site-packages/airflow/example_dags/example_branch_operator.py
[2022-01-28 22:17:22,589] {processor.py:642} INFO - Processing file /home/data-eginner/Documents/Soccer_Data/env/lib/python3.8/site-packages/airflow/example_dags/example_branch_operator.py for tasks to queue
[2022-01-28 22:17:22,590] {logging_mixin.py:109} INFO - [2022-01-28 22:17:22,589] {dagbag.py:500} INFO - Filling up the DagBag from /home/data-eginner/Documents/Soccer_Data/env/lib/python3.8/site-packages/airflow/example_dags/example_branch_operator.py
[2022-01-28 22:17:22,611] {processor.py:654} INFO - DAG(s) dict_keys(['example_branch_operator']) retrieved from /home/data-eginner/Documents/Soccer_Data/env/lib/python3.8/site-packages/airflow/example_dags/example_branch_operator.py
[2022-01-28 22:17:22,631] {logging_mixin.py:109} INFO - [2022-01-28 22:17:22,631] {dag.py:2396} INFO - Sync 1 DAGs
[2022-01-28 22:17:22,672] {logging_mixin.py:109} INFO - [2022-01-28 22:17:22,672] {dag.py:2935} INFO - Setting next_dagrun for example_branch_operator to 2022-01-28 00:00:00+00:00
[2022-01-28 22:17:22,701] {processor.py:171} INFO - Processing /home/data-eginner/Documents/Soccer_Data/env/lib/python3.8/site-packages/airflow/example_dags/example_branch_operator.py took 0.118 seconds
[2022-01-28 22:18:03,788] {processor.py:163} INFO - Started process (PID=29835) to work on /home/data-eginner/Documents/Soccer_Data/env/lib/python3.8/site-packages/airflow/example_dags/example_branch_operator.py
[2022-01-28 22:18:03,790] {processor.py:642} INFO - Processing file /home/data-eginner/Documents/Soccer_Data/env/lib/python3.8/site-packages/airflow/example_dags/example_branch_operator.py for tasks to queue
[2022-01-28 22:18:03,791] {logging_mixin.py:109} INFO - [2022-01-28 22:18:03,791] {dagbag.py:500} INFO - Filling up the DagBag from /home/data-eginner/Documents/Soccer_Data/env/lib/python3.8/site-packages/airflow/example_dags/example_branch_operator.py
[2022-01-28 22:18:03,822] {processor.py:654} INFO - DAG(s) dict_keys(['example_branch_operator']) retrieved from /home/data-eginner/Documents/Soccer_Data/env/lib/python3.8/site-packages/airflow/example_dags/example_branch_operator.py
[2022-01-28 22:18:03,831] {logging_mixin.py:109} INFO - [2022-01-28 22:18:03,831] {dag.py:2396} INFO - Sync 1 DAGs
[2022-01-28 22:18:03,846] {logging_mixin.py:109} INFO - [2022-01-28 22:18:03,845] {dag.py:2935} INFO - Setting next_dagrun for example_branch_operator to 2022-01-28 00:00:00+00:00
[2022-01-28 22:18:03,863] {processor.py:171} INFO - Processing /home/data-eginner/Documents/Soccer_Data/env/lib/python3.8/site-packages/airflow/example_dags/example_branch_operator.py took 0.079 seconds
[2022-01-28 22:18:42,853] {processor.py:163} INFO - Started process (PID=29993) to work on /home/data-eginner/Documents/Soccer_Data/env/lib/python3.8/site-packages/airflow/example_dags/example_branch_operator.py
[2022-01-28 22:18:42,866] {processor.py:642} INFO - Processing file /home/data-eginner/Documents/Soccer_Data/env/lib/python3.8/site-packages/airflow/example_dags/example_branch_operator.py for tasks to queue
[2022-01-28 22:18:42,867] {logging_mixin.py:109} INFO - [2022-01-28 22:18:42,867] {dagbag.py:500} INFO - Filling up the DagBag from /home/data-eginner/Documents/Soccer_Data/env/lib/python3.8/site-packages/airflow/example_dags/example_branch_operator.py
[2022-01-28 22:18:42,897] {processor.py:654} INFO - DAG(s) dict_keys(['example_branch_operator']) retrieved from /home/data-eginner/Documents/Soccer_Data/env/lib/python3.8/site-packages/airflow/example_dags/example_branch_operator.py
[2022-01-28 22:18:42,918] {logging_mixin.py:109} INFO - [2022-01-28 22:18:42,918] {dag.py:2396} INFO - Sync 1 DAGs
[2022-01-28 22:18:42,960] {logging_mixin.py:109} INFO - [2022-01-28 22:18:42,960] {dag.py:2935} INFO - Setting next_dagrun for example_branch_operator to 2022-01-28 00:00:00+00:00
[2022-01-28 22:18:42,985] {processor.py:171} INFO - Processing /home/data-eginner/Documents/Soccer_Data/env/lib/python3.8/site-packages/airflow/example_dags/example_branch_operator.py took 0.134 seconds
[2022-01-28 22:19:27,365] {processor.py:163} INFO - Started process (PID=30176) to work on /home/data-eginner/Documents/Soccer_Data/env/lib/python3.8/site-packages/airflow/example_dags/example_branch_operator.py
[2022-01-28 22:19:27,367] {processor.py:642} INFO - Processing file /home/data-eginner/Documents/Soccer_Data/env/lib/python3.8/site-packages/airflow/example_dags/example_branch_operator.py for tasks to queue
[2022-01-28 22:19:27,368] {logging_mixin.py:109} INFO - [2022-01-28 22:19:27,368] {dagbag.py:500} INFO - Filling up the DagBag from /home/data-eginner/Documents/Soccer_Data/env/lib/python3.8/site-packages/airflow/example_dags/example_branch_operator.py
[2022-01-28 22:19:27,392] {processor.py:654} INFO - DAG(s) dict_keys(['example_branch_operator']) retrieved from /home/data-eginner/Documents/Soccer_Data/env/lib/python3.8/site-packages/airflow/example_dags/example_branch_operator.py
[2022-01-28 22:19:27,403] {logging_mixin.py:109} INFO - [2022-01-28 22:19:27,402] {dag.py:2396} INFO - Sync 1 DAGs
[2022-01-28 22:19:27,435] {logging_mixin.py:109} INFO - [2022-01-28 22:19:27,434] {dag.py:2935} INFO - Setting next_dagrun for example_branch_operator to 2022-01-28 00:00:00+00:00
[2022-01-28 22:19:27,454] {processor.py:171} INFO - Processing /home/data-eginner/Documents/Soccer_Data/env/lib/python3.8/site-packages/airflow/example_dags/example_branch_operator.py took 0.091 seconds
[2022-01-28 22:20:25,563] {processor.py:163} INFO - Started process (PID=30406) to work on /home/data-eginner/Documents/Soccer_Data/env/lib/python3.8/site-packages/airflow/example_dags/example_branch_operator.py
[2022-01-28 22:20:25,570] {processor.py:642} INFO - Processing file /home/data-eginner/Documents/Soccer_Data/env/lib/python3.8/site-packages/airflow/example_dags/example_branch_operator.py for tasks to queue
[2022-01-28 22:20:25,570] {logging_mixin.py:109} INFO - [2022-01-28 22:20:25,570] {dagbag.py:500} INFO - Filling up the DagBag from /home/data-eginner/Documents/Soccer_Data/env/lib/python3.8/site-packages/airflow/example_dags/example_branch_operator.py
[2022-01-28 22:20:25,595] {processor.py:654} INFO - DAG(s) dict_keys(['example_branch_operator']) retrieved from /home/data-eginner/Documents/Soccer_Data/env/lib/python3.8/site-packages/airflow/example_dags/example_branch_operator.py
[2022-01-28 22:20:25,611] {logging_mixin.py:109} INFO - [2022-01-28 22:20:25,611] {dag.py:2396} INFO - Sync 1 DAGs
[2022-01-28 22:20:25,623] {logging_mixin.py:109} INFO - [2022-01-28 22:20:25,623] {dag.py:2935} INFO - Setting next_dagrun for example_branch_operator to 2022-01-28 00:00:00+00:00
[2022-01-28 22:20:25,641] {processor.py:171} INFO - Processing /home/data-eginner/Documents/Soccer_Data/env/lib/python3.8/site-packages/airflow/example_dags/example_branch_operator.py took 0.081 seconds
[2022-01-28 22:21:04,498] {processor.py:163} INFO - Started process (PID=30571) to work on /home/data-eginner/Documents/Soccer_Data/env/lib/python3.8/site-packages/airflow/example_dags/example_branch_operator.py
[2022-01-28 22:21:04,503] {processor.py:642} INFO - Processing file /home/data-eginner/Documents/Soccer_Data/env/lib/python3.8/site-packages/airflow/example_dags/example_branch_operator.py for tasks to queue
[2022-01-28 22:21:04,504] {logging_mixin.py:109} INFO - [2022-01-28 22:21:04,503] {dagbag.py:500} INFO - Filling up the DagBag from /home/data-eginner/Documents/Soccer_Data/env/lib/python3.8/site-packages/airflow/example_dags/example_branch_operator.py
[2022-01-28 22:21:04,525] {processor.py:654} INFO - DAG(s) dict_keys(['example_branch_operator']) retrieved from /home/data-eginner/Documents/Soccer_Data/env/lib/python3.8/site-packages/airflow/example_dags/example_branch_operator.py
[2022-01-28 22:21:04,533] {logging_mixin.py:109} INFO - [2022-01-28 22:21:04,533] {dag.py:2396} INFO - Sync 1 DAGs
[2022-01-28 22:21:04,550] {logging_mixin.py:109} INFO - [2022-01-28 22:21:04,550] {dag.py:2935} INFO - Setting next_dagrun for example_branch_operator to 2022-01-28 00:00:00+00:00
[2022-01-28 22:21:04,574] {processor.py:171} INFO - Processing /home/data-eginner/Documents/Soccer_Data/env/lib/python3.8/site-packages/airflow/example_dags/example_branch_operator.py took 0.080 seconds
[2022-01-28 22:21:41,083] {processor.py:163} INFO - Started process (PID=30723) to work on /home/data-eginner/Documents/Soccer_Data/env/lib/python3.8/site-packages/airflow/example_dags/example_branch_operator.py
[2022-01-28 22:21:41,087] {processor.py:642} INFO - Processing file /home/data-eginner/Documents/Soccer_Data/env/lib/python3.8/site-packages/airflow/example_dags/example_branch_operator.py for tasks to queue
[2022-01-28 22:21:41,088] {logging_mixin.py:109} INFO - [2022-01-28 22:21:41,087] {dagbag.py:500} INFO - Filling up the DagBag from /home/data-eginner/Documents/Soccer_Data/env/lib/python3.8/site-packages/airflow/example_dags/example_branch_operator.py
[2022-01-28 22:21:41,154] {processor.py:654} INFO - DAG(s) dict_keys(['example_branch_operator']) retrieved from /home/data-eginner/Documents/Soccer_Data/env/lib/python3.8/site-packages/airflow/example_dags/example_branch_operator.py
[2022-01-28 22:21:41,162] {logging_mixin.py:109} INFO - [2022-01-28 22:21:41,162] {dag.py:2396} INFO - Sync 1 DAGs
[2022-01-28 22:21:41,182] {logging_mixin.py:109} INFO - [2022-01-28 22:21:41,182] {dag.py:2935} INFO - Setting next_dagrun for example_branch_operator to 2022-01-28 00:00:00+00:00
[2022-01-28 22:21:41,256] {processor.py:171} INFO - Processing /home/data-eginner/Documents/Soccer_Data/env/lib/python3.8/site-packages/airflow/example_dags/example_branch_operator.py took 0.190 seconds
[2022-01-28 22:22:17,936] {processor.py:163} INFO - Started process (PID=30885) to work on /home/data-eginner/Documents/Soccer_Data/env/lib/python3.8/site-packages/airflow/example_dags/example_branch_operator.py
[2022-01-28 22:22:17,941] {processor.py:642} INFO - Processing file /home/data-eginner/Documents/Soccer_Data/env/lib/python3.8/site-packages/airflow/example_dags/example_branch_operator.py for tasks to queue
[2022-01-28 22:22:17,942] {logging_mixin.py:109} INFO - [2022-01-28 22:22:17,942] {dagbag.py:500} INFO - Filling up the DagBag from /home/data-eginner/Documents/Soccer_Data/env/lib/python3.8/site-packages/airflow/example_dags/example_branch_operator.py
[2022-01-28 22:22:17,965] {processor.py:654} INFO - DAG(s) dict_keys(['example_branch_operator']) retrieved from /home/data-eginner/Documents/Soccer_Data/env/lib/python3.8/site-packages/airflow/example_dags/example_branch_operator.py
[2022-01-28 22:22:17,974] {logging_mixin.py:109} INFO - [2022-01-28 22:22:17,974] {dag.py:2396} INFO - Sync 1 DAGs
[2022-01-28 22:22:17,987] {logging_mixin.py:109} INFO - [2022-01-28 22:22:17,986] {dag.py:2935} INFO - Setting next_dagrun for example_branch_operator to 2022-01-28 00:00:00+00:00
[2022-01-28 22:22:18,003] {processor.py:171} INFO - Processing /home/data-eginner/Documents/Soccer_Data/env/lib/python3.8/site-packages/airflow/example_dags/example_branch_operator.py took 0.075 seconds
