[2022-01-28 21:00:27,301] {processor.py:163} INFO - Started process (PID=19058) to work on /home/data-eginner/Documents/Soccer_Data/env/lib/python3.8/site-packages/airflow/example_dags/example_branch_datetime_operator.py
[2022-01-28 21:00:27,302] {processor.py:642} INFO - Processing file /home/data-eginner/Documents/Soccer_Data/env/lib/python3.8/site-packages/airflow/example_dags/example_branch_datetime_operator.py for tasks to queue
[2022-01-28 21:00:27,302] {logging_mixin.py:109} INFO - [2022-01-28 21:00:27,302] {dagbag.py:500} INFO - Filling up the DagBag from /home/data-eginner/Documents/Soccer_Data/env/lib/python3.8/site-packages/airflow/example_dags/example_branch_datetime_operator.py
[2022-01-28 21:00:27,385] {processor.py:654} INFO - DAG(s) dict_keys(['example_branch_datetime_operator_2']) retrieved from /home/data-eginner/Documents/Soccer_Data/env/lib/python3.8/site-packages/airflow/example_dags/example_branch_datetime_operator.py
[2022-01-28 21:00:27,392] {logging_mixin.py:109} INFO - [2022-01-28 21:00:27,392] {dag.py:2396} INFO - Sync 1 DAGs
[2022-01-28 21:00:27,453] {logging_mixin.py:109} INFO - [2022-01-28 21:00:27,452] {dag.py:2935} INFO - Setting next_dagrun for example_branch_datetime_operator_2 to 2022-01-28 00:00:00+00:00
[2022-01-28 21:00:27,485] {processor.py:171} INFO - Processing /home/data-eginner/Documents/Soccer_Data/env/lib/python3.8/site-packages/airflow/example_dags/example_branch_datetime_operator.py took 0.187 seconds
[2022-01-28 21:08:24,025] {processor.py:163} INFO - Started process (PID=19791) to work on /home/data-eginner/Documents/Soccer_Data/env/lib/python3.8/site-packages/airflow/example_dags/example_branch_datetime_operator.py
[2022-01-28 21:08:24,050] {processor.py:642} INFO - Processing file /home/data-eginner/Documents/Soccer_Data/env/lib/python3.8/site-packages/airflow/example_dags/example_branch_datetime_operator.py for tasks to queue
[2022-01-28 21:08:24,051] {logging_mixin.py:109} INFO - [2022-01-28 21:08:24,051] {dagbag.py:500} INFO - Filling up the DagBag from /home/data-eginner/Documents/Soccer_Data/env/lib/python3.8/site-packages/airflow/example_dags/example_branch_datetime_operator.py
[2022-01-28 21:08:24,121] {processor.py:654} INFO - DAG(s) dict_keys(['example_branch_datetime_operator_2']) retrieved from /home/data-eginner/Documents/Soccer_Data/env/lib/python3.8/site-packages/airflow/example_dags/example_branch_datetime_operator.py
[2022-01-28 21:08:24,177] {logging_mixin.py:109} INFO - [2022-01-28 21:08:24,177] {dag.py:2396} INFO - Sync 1 DAGs
[2022-01-28 21:08:24,266] {logging_mixin.py:109} INFO - [2022-01-28 21:08:24,266] {dag.py:2935} INFO - Setting next_dagrun for example_branch_datetime_operator_2 to 2022-01-28 00:00:00+00:00
[2022-01-28 21:08:24,318] {processor.py:171} INFO - Processing /home/data-eginner/Documents/Soccer_Data/env/lib/python3.8/site-packages/airflow/example_dags/example_branch_datetime_operator.py took 0.296 seconds
[2022-01-28 21:09:11,502] {processor.py:163} INFO - Started process (PID=19962) to work on /home/data-eginner/Documents/Soccer_Data/env/lib/python3.8/site-packages/airflow/example_dags/example_branch_datetime_operator.py
[2022-01-28 21:09:11,506] {processor.py:642} INFO - Processing file /home/data-eginner/Documents/Soccer_Data/env/lib/python3.8/site-packages/airflow/example_dags/example_branch_datetime_operator.py for tasks to queue
[2022-01-28 21:09:11,506] {logging_mixin.py:109} INFO - [2022-01-28 21:09:11,506] {dagbag.py:500} INFO - Filling up the DagBag from /home/data-eginner/Documents/Soccer_Data/env/lib/python3.8/site-packages/airflow/example_dags/example_branch_datetime_operator.py
[2022-01-28 21:09:11,559] {processor.py:654} INFO - DAG(s) dict_keys(['example_branch_datetime_operator_2']) retrieved from /home/data-eginner/Documents/Soccer_Data/env/lib/python3.8/site-packages/airflow/example_dags/example_branch_datetime_operator.py
[2022-01-28 21:09:11,580] {logging_mixin.py:109} INFO - [2022-01-28 21:09:11,580] {dag.py:2396} INFO - Sync 1 DAGs
[2022-01-28 21:09:11,596] {logging_mixin.py:109} INFO - [2022-01-28 21:09:11,596] {dag.py:2935} INFO - Setting next_dagrun for example_branch_datetime_operator_2 to 2022-01-28 00:00:00+00:00
[2022-01-28 21:09:11,625] {processor.py:171} INFO - Processing /home/data-eginner/Documents/Soccer_Data/env/lib/python3.8/site-packages/airflow/example_dags/example_branch_datetime_operator.py took 0.146 seconds
[2022-01-28 21:10:07,287] {processor.py:163} INFO - Started process (PID=20153) to work on /home/data-eginner/Documents/Soccer_Data/env/lib/python3.8/site-packages/airflow/example_dags/example_branch_datetime_operator.py
[2022-01-28 21:10:07,294] {processor.py:642} INFO - Processing file /home/data-eginner/Documents/Soccer_Data/env/lib/python3.8/site-packages/airflow/example_dags/example_branch_datetime_operator.py for tasks to queue
[2022-01-28 21:10:07,294] {logging_mixin.py:109} INFO - [2022-01-28 21:10:07,294] {dagbag.py:500} INFO - Filling up the DagBag from /home/data-eginner/Documents/Soccer_Data/env/lib/python3.8/site-packages/airflow/example_dags/example_branch_datetime_operator.py
[2022-01-28 21:10:07,319] {processor.py:654} INFO - DAG(s) dict_keys(['example_branch_datetime_operator_2']) retrieved from /home/data-eginner/Documents/Soccer_Data/env/lib/python3.8/site-packages/airflow/example_dags/example_branch_datetime_operator.py
[2022-01-28 21:10:07,339] {logging_mixin.py:109} INFO - [2022-01-28 21:10:07,339] {dag.py:2396} INFO - Sync 1 DAGs
[2022-01-28 21:10:07,363] {logging_mixin.py:109} INFO - [2022-01-28 21:10:07,363] {dag.py:2935} INFO - Setting next_dagrun for example_branch_datetime_operator_2 to 2022-01-28 00:00:00+00:00
[2022-01-28 21:10:07,384] {processor.py:171} INFO - Processing /home/data-eginner/Documents/Soccer_Data/env/lib/python3.8/site-packages/airflow/example_dags/example_branch_datetime_operator.py took 0.099 seconds
[2022-01-28 21:10:48,106] {processor.py:163} INFO - Started process (PID=20327) to work on /home/data-eginner/Documents/Soccer_Data/env/lib/python3.8/site-packages/airflow/example_dags/example_branch_datetime_operator.py
[2022-01-28 21:10:48,111] {processor.py:642} INFO - Processing file /home/data-eginner/Documents/Soccer_Data/env/lib/python3.8/site-packages/airflow/example_dags/example_branch_datetime_operator.py for tasks to queue
[2022-01-28 21:10:48,112] {logging_mixin.py:109} INFO - [2022-01-28 21:10:48,112] {dagbag.py:500} INFO - Filling up the DagBag from /home/data-eginner/Documents/Soccer_Data/env/lib/python3.8/site-packages/airflow/example_dags/example_branch_datetime_operator.py
[2022-01-28 21:10:48,138] {processor.py:654} INFO - DAG(s) dict_keys(['example_branch_datetime_operator_2']) retrieved from /home/data-eginner/Documents/Soccer_Data/env/lib/python3.8/site-packages/airflow/example_dags/example_branch_datetime_operator.py
[2022-01-28 21:10:48,150] {logging_mixin.py:109} INFO - [2022-01-28 21:10:48,150] {dag.py:2396} INFO - Sync 1 DAGs
[2022-01-28 21:10:48,166] {logging_mixin.py:109} INFO - [2022-01-28 21:10:48,166] {dag.py:2935} INFO - Setting next_dagrun for example_branch_datetime_operator_2 to 2022-01-28 00:00:00+00:00
[2022-01-28 21:10:48,187] {processor.py:171} INFO - Processing /home/data-eginner/Documents/Soccer_Data/env/lib/python3.8/site-packages/airflow/example_dags/example_branch_datetime_operator.py took 0.085 seconds
[2022-01-28 21:11:34,200] {processor.py:163} INFO - Started process (PID=20505) to work on /home/data-eginner/Documents/Soccer_Data/env/lib/python3.8/site-packages/airflow/example_dags/example_branch_datetime_operator.py
[2022-01-28 21:11:34,202] {processor.py:642} INFO - Processing file /home/data-eginner/Documents/Soccer_Data/env/lib/python3.8/site-packages/airflow/example_dags/example_branch_datetime_operator.py for tasks to queue
[2022-01-28 21:11:34,203] {logging_mixin.py:109} INFO - [2022-01-28 21:11:34,203] {dagbag.py:500} INFO - Filling up the DagBag from /home/data-eginner/Documents/Soccer_Data/env/lib/python3.8/site-packages/airflow/example_dags/example_branch_datetime_operator.py
[2022-01-28 21:11:34,264] {processor.py:654} INFO - DAG(s) dict_keys(['example_branch_datetime_operator_2']) retrieved from /home/data-eginner/Documents/Soccer_Data/env/lib/python3.8/site-packages/airflow/example_dags/example_branch_datetime_operator.py
[2022-01-28 21:11:34,277] {logging_mixin.py:109} INFO - [2022-01-28 21:11:34,276] {dag.py:2396} INFO - Sync 1 DAGs
[2022-01-28 21:11:34,295] {logging_mixin.py:109} INFO - [2022-01-28 21:11:34,295] {dag.py:2935} INFO - Setting next_dagrun for example_branch_datetime_operator_2 to 2022-01-28 00:00:00+00:00
[2022-01-28 21:11:34,318] {processor.py:171} INFO - Processing /home/data-eginner/Documents/Soccer_Data/env/lib/python3.8/site-packages/airflow/example_dags/example_branch_datetime_operator.py took 0.120 seconds
[2022-01-28 21:12:25,016] {processor.py:163} INFO - Started process (PID=20700) to work on /home/data-eginner/Documents/Soccer_Data/env/lib/python3.8/site-packages/airflow/example_dags/example_branch_datetime_operator.py
[2022-01-28 21:12:25,061] {processor.py:642} INFO - Processing file /home/data-eginner/Documents/Soccer_Data/env/lib/python3.8/site-packages/airflow/example_dags/example_branch_datetime_operator.py for tasks to queue
[2022-01-28 21:12:25,062] {logging_mixin.py:109} INFO - [2022-01-28 21:12:25,061] {dagbag.py:500} INFO - Filling up the DagBag from /home/data-eginner/Documents/Soccer_Data/env/lib/python3.8/site-packages/airflow/example_dags/example_branch_datetime_operator.py
[2022-01-28 21:12:25,115] {processor.py:654} INFO - DAG(s) dict_keys(['example_branch_datetime_operator_2']) retrieved from /home/data-eginner/Documents/Soccer_Data/env/lib/python3.8/site-packages/airflow/example_dags/example_branch_datetime_operator.py
[2022-01-28 21:12:25,165] {logging_mixin.py:109} INFO - [2022-01-28 21:12:25,165] {dag.py:2396} INFO - Sync 1 DAGs
[2022-01-28 21:12:25,196] {logging_mixin.py:109} INFO - [2022-01-28 21:12:25,196] {dag.py:2935} INFO - Setting next_dagrun for example_branch_datetime_operator_2 to 2022-01-28 00:00:00+00:00
[2022-01-28 21:12:25,228] {processor.py:171} INFO - Processing /home/data-eginner/Documents/Soccer_Data/env/lib/python3.8/site-packages/airflow/example_dags/example_branch_datetime_operator.py took 0.231 seconds
[2022-01-28 21:13:12,047] {processor.py:163} INFO - Started process (PID=20881) to work on /home/data-eginner/Documents/Soccer_Data/env/lib/python3.8/site-packages/airflow/example_dags/example_branch_datetime_operator.py
[2022-01-28 21:13:12,054] {processor.py:642} INFO - Processing file /home/data-eginner/Documents/Soccer_Data/env/lib/python3.8/site-packages/airflow/example_dags/example_branch_datetime_operator.py for tasks to queue
[2022-01-28 21:13:12,055] {logging_mixin.py:109} INFO - [2022-01-28 21:13:12,055] {dagbag.py:500} INFO - Filling up the DagBag from /home/data-eginner/Documents/Soccer_Data/env/lib/python3.8/site-packages/airflow/example_dags/example_branch_datetime_operator.py
[2022-01-28 21:13:12,114] {processor.py:654} INFO - DAG(s) dict_keys(['example_branch_datetime_operator_2']) retrieved from /home/data-eginner/Documents/Soccer_Data/env/lib/python3.8/site-packages/airflow/example_dags/example_branch_datetime_operator.py
[2022-01-28 21:13:12,127] {logging_mixin.py:109} INFO - [2022-01-28 21:13:12,127] {dag.py:2396} INFO - Sync 1 DAGs
[2022-01-28 21:13:12,171] {logging_mixin.py:109} INFO - [2022-01-28 21:13:12,171] {dag.py:2935} INFO - Setting next_dagrun for example_branch_datetime_operator_2 to 2022-01-28 00:00:00+00:00
[2022-01-28 21:13:12,199] {processor.py:171} INFO - Processing /home/data-eginner/Documents/Soccer_Data/env/lib/python3.8/site-packages/airflow/example_dags/example_branch_datetime_operator.py took 0.158 seconds
[2022-01-28 21:13:57,910] {processor.py:163} INFO - Started process (PID=21044) to work on /home/data-eginner/Documents/Soccer_Data/env/lib/python3.8/site-packages/airflow/example_dags/example_branch_datetime_operator.py
[2022-01-28 21:13:57,913] {processor.py:642} INFO - Processing file /home/data-eginner/Documents/Soccer_Data/env/lib/python3.8/site-packages/airflow/example_dags/example_branch_datetime_operator.py for tasks to queue
[2022-01-28 21:13:57,913] {logging_mixin.py:109} INFO - [2022-01-28 21:13:57,913] {dagbag.py:500} INFO - Filling up the DagBag from /home/data-eginner/Documents/Soccer_Data/env/lib/python3.8/site-packages/airflow/example_dags/example_branch_datetime_operator.py
[2022-01-28 21:13:57,944] {processor.py:654} INFO - DAG(s) dict_keys(['example_branch_datetime_operator_2']) retrieved from /home/data-eginner/Documents/Soccer_Data/env/lib/python3.8/site-packages/airflow/example_dags/example_branch_datetime_operator.py
[2022-01-28 21:13:57,953] {logging_mixin.py:109} INFO - [2022-01-28 21:13:57,953] {dag.py:2396} INFO - Sync 1 DAGs
[2022-01-28 21:13:57,969] {logging_mixin.py:109} INFO - [2022-01-28 21:13:57,969] {dag.py:2935} INFO - Setting next_dagrun for example_branch_datetime_operator_2 to 2022-01-28 00:00:00+00:00
[2022-01-28 21:13:57,987] {processor.py:171} INFO - Processing /home/data-eginner/Documents/Soccer_Data/env/lib/python3.8/site-packages/airflow/example_dags/example_branch_datetime_operator.py took 0.083 seconds
[2022-01-28 21:14:47,572] {processor.py:163} INFO - Started process (PID=21234) to work on /home/data-eginner/Documents/Soccer_Data/env/lib/python3.8/site-packages/airflow/example_dags/example_branch_datetime_operator.py
[2022-01-28 21:14:47,578] {processor.py:642} INFO - Processing file /home/data-eginner/Documents/Soccer_Data/env/lib/python3.8/site-packages/airflow/example_dags/example_branch_datetime_operator.py for tasks to queue
[2022-01-28 21:14:47,579] {logging_mixin.py:109} INFO - [2022-01-28 21:14:47,579] {dagbag.py:500} INFO - Filling up the DagBag from /home/data-eginner/Documents/Soccer_Data/env/lib/python3.8/site-packages/airflow/example_dags/example_branch_datetime_operator.py
[2022-01-28 21:14:47,640] {processor.py:654} INFO - DAG(s) dict_keys(['example_branch_datetime_operator_2']) retrieved from /home/data-eginner/Documents/Soccer_Data/env/lib/python3.8/site-packages/airflow/example_dags/example_branch_datetime_operator.py
[2022-01-28 21:14:47,702] {logging_mixin.py:109} INFO - [2022-01-28 21:14:47,702] {dag.py:2396} INFO - Sync 1 DAGs
[2022-01-28 21:14:47,763] {logging_mixin.py:109} INFO - [2022-01-28 21:14:47,763] {dag.py:2935} INFO - Setting next_dagrun for example_branch_datetime_operator_2 to 2022-01-28 00:00:00+00:00
[2022-01-28 21:14:47,825] {processor.py:171} INFO - Processing /home/data-eginner/Documents/Soccer_Data/env/lib/python3.8/site-packages/airflow/example_dags/example_branch_datetime_operator.py took 0.271 seconds
[2022-01-28 21:15:46,394] {processor.py:163} INFO - Started process (PID=21420) to work on /home/data-eginner/Documents/Soccer_Data/env/lib/python3.8/site-packages/airflow/example_dags/example_branch_datetime_operator.py
[2022-01-28 21:15:46,414] {processor.py:642} INFO - Processing file /home/data-eginner/Documents/Soccer_Data/env/lib/python3.8/site-packages/airflow/example_dags/example_branch_datetime_operator.py for tasks to queue
[2022-01-28 21:15:46,415] {logging_mixin.py:109} INFO - [2022-01-28 21:15:46,415] {dagbag.py:500} INFO - Filling up the DagBag from /home/data-eginner/Documents/Soccer_Data/env/lib/python3.8/site-packages/airflow/example_dags/example_branch_datetime_operator.py
[2022-01-28 21:15:46,473] {processor.py:654} INFO - DAG(s) dict_keys(['example_branch_datetime_operator_2']) retrieved from /home/data-eginner/Documents/Soccer_Data/env/lib/python3.8/site-packages/airflow/example_dags/example_branch_datetime_operator.py
[2022-01-28 21:15:46,495] {logging_mixin.py:109} INFO - [2022-01-28 21:15:46,495] {dag.py:2396} INFO - Sync 1 DAGs
[2022-01-28 21:15:46,521] {logging_mixin.py:109} INFO - [2022-01-28 21:15:46,521] {dag.py:2935} INFO - Setting next_dagrun for example_branch_datetime_operator_2 to 2022-01-28 00:00:00+00:00
[2022-01-28 21:15:46,551] {processor.py:171} INFO - Processing /home/data-eginner/Documents/Soccer_Data/env/lib/python3.8/site-packages/airflow/example_dags/example_branch_datetime_operator.py took 0.160 seconds
[2022-01-28 21:16:40,874] {processor.py:163} INFO - Started process (PID=21588) to work on /home/data-eginner/Documents/Soccer_Data/env/lib/python3.8/site-packages/airflow/example_dags/example_branch_datetime_operator.py
[2022-01-28 21:16:40,916] {processor.py:642} INFO - Processing file /home/data-eginner/Documents/Soccer_Data/env/lib/python3.8/site-packages/airflow/example_dags/example_branch_datetime_operator.py for tasks to queue
[2022-01-28 21:16:40,917] {logging_mixin.py:109} INFO - [2022-01-28 21:16:40,917] {dagbag.py:500} INFO - Filling up the DagBag from /home/data-eginner/Documents/Soccer_Data/env/lib/python3.8/site-packages/airflow/example_dags/example_branch_datetime_operator.py
[2022-01-28 21:16:40,962] {processor.py:654} INFO - DAG(s) dict_keys(['example_branch_datetime_operator_2']) retrieved from /home/data-eginner/Documents/Soccer_Data/env/lib/python3.8/site-packages/airflow/example_dags/example_branch_datetime_operator.py
[2022-01-28 21:16:40,986] {logging_mixin.py:109} INFO - [2022-01-28 21:16:40,986] {dag.py:2396} INFO - Sync 1 DAGs
[2022-01-28 21:16:41,026] {logging_mixin.py:109} INFO - [2022-01-28 21:16:41,025] {dag.py:2935} INFO - Setting next_dagrun for example_branch_datetime_operator_2 to 2022-01-28 00:00:00+00:00
[2022-01-28 21:16:41,071] {processor.py:171} INFO - Processing /home/data-eginner/Documents/Soccer_Data/env/lib/python3.8/site-packages/airflow/example_dags/example_branch_datetime_operator.py took 0.200 seconds
[2022-01-28 21:17:53,861] {processor.py:163} INFO - Started process (PID=21805) to work on /home/data-eginner/Documents/Soccer_Data/env/lib/python3.8/site-packages/airflow/example_dags/example_branch_datetime_operator.py
[2022-01-28 21:17:53,863] {processor.py:642} INFO - Processing file /home/data-eginner/Documents/Soccer_Data/env/lib/python3.8/site-packages/airflow/example_dags/example_branch_datetime_operator.py for tasks to queue
[2022-01-28 21:17:53,864] {logging_mixin.py:109} INFO - [2022-01-28 21:17:53,864] {dagbag.py:500} INFO - Filling up the DagBag from /home/data-eginner/Documents/Soccer_Data/env/lib/python3.8/site-packages/airflow/example_dags/example_branch_datetime_operator.py
[2022-01-28 21:17:53,958] {processor.py:654} INFO - DAG(s) dict_keys(['example_branch_datetime_operator_2']) retrieved from /home/data-eginner/Documents/Soccer_Data/env/lib/python3.8/site-packages/airflow/example_dags/example_branch_datetime_operator.py
[2022-01-28 21:17:53,979] {logging_mixin.py:109} INFO - [2022-01-28 21:17:53,979] {dag.py:2396} INFO - Sync 1 DAGs
[2022-01-28 21:17:54,013] {logging_mixin.py:109} INFO - [2022-01-28 21:17:54,013] {dag.py:2935} INFO - Setting next_dagrun for example_branch_datetime_operator_2 to 2022-01-28 00:00:00+00:00
[2022-01-28 21:17:54,074] {processor.py:171} INFO - Processing /home/data-eginner/Documents/Soccer_Data/env/lib/python3.8/site-packages/airflow/example_dags/example_branch_datetime_operator.py took 0.216 seconds
[2022-01-28 21:18:46,697] {processor.py:163} INFO - Started process (PID=21966) to work on /home/data-eginner/Documents/Soccer_Data/env/lib/python3.8/site-packages/airflow/example_dags/example_branch_datetime_operator.py
[2022-01-28 21:18:46,699] {processor.py:642} INFO - Processing file /home/data-eginner/Documents/Soccer_Data/env/lib/python3.8/site-packages/airflow/example_dags/example_branch_datetime_operator.py for tasks to queue
[2022-01-28 21:18:46,700] {logging_mixin.py:109} INFO - [2022-01-28 21:18:46,700] {dagbag.py:500} INFO - Filling up the DagBag from /home/data-eginner/Documents/Soccer_Data/env/lib/python3.8/site-packages/airflow/example_dags/example_branch_datetime_operator.py
[2022-01-28 21:18:46,744] {processor.py:654} INFO - DAG(s) dict_keys(['example_branch_datetime_operator_2']) retrieved from /home/data-eginner/Documents/Soccer_Data/env/lib/python3.8/site-packages/airflow/example_dags/example_branch_datetime_operator.py
[2022-01-28 21:18:46,765] {logging_mixin.py:109} INFO - [2022-01-28 21:18:46,765] {dag.py:2396} INFO - Sync 1 DAGs
[2022-01-28 21:18:46,797] {logging_mixin.py:109} INFO - [2022-01-28 21:18:46,797] {dag.py:2935} INFO - Setting next_dagrun for example_branch_datetime_operator_2 to 2022-01-28 00:00:00+00:00
[2022-01-28 21:18:46,870] {processor.py:171} INFO - Processing /home/data-eginner/Documents/Soccer_Data/env/lib/python3.8/site-packages/airflow/example_dags/example_branch_datetime_operator.py took 0.191 seconds
[2022-01-28 21:19:39,862] {processor.py:163} INFO - Started process (PID=22126) to work on /home/data-eginner/Documents/Soccer_Data/env/lib/python3.8/site-packages/airflow/example_dags/example_branch_datetime_operator.py
[2022-01-28 21:19:39,884] {processor.py:642} INFO - Processing file /home/data-eginner/Documents/Soccer_Data/env/lib/python3.8/site-packages/airflow/example_dags/example_branch_datetime_operator.py for tasks to queue
[2022-01-28 21:19:39,885] {logging_mixin.py:109} INFO - [2022-01-28 21:19:39,885] {dagbag.py:500} INFO - Filling up the DagBag from /home/data-eginner/Documents/Soccer_Data/env/lib/python3.8/site-packages/airflow/example_dags/example_branch_datetime_operator.py
[2022-01-28 21:19:40,032] {processor.py:654} INFO - DAG(s) dict_keys(['example_branch_datetime_operator_2']) retrieved from /home/data-eginner/Documents/Soccer_Data/env/lib/python3.8/site-packages/airflow/example_dags/example_branch_datetime_operator.py
[2022-01-28 21:19:40,091] {logging_mixin.py:109} INFO - [2022-01-28 21:19:40,091] {dag.py:2396} INFO - Sync 1 DAGs
[2022-01-28 21:19:40,160] {logging_mixin.py:109} INFO - [2022-01-28 21:19:40,160] {dag.py:2935} INFO - Setting next_dagrun for example_branch_datetime_operator_2 to 2022-01-28 00:00:00+00:00
[2022-01-28 21:19:40,200] {processor.py:171} INFO - Processing /home/data-eginner/Documents/Soccer_Data/env/lib/python3.8/site-packages/airflow/example_dags/example_branch_datetime_operator.py took 0.341 seconds
[2022-01-28 21:20:45,140] {processor.py:163} INFO - Started process (PID=22365) to work on /home/data-eginner/Documents/Soccer_Data/env/lib/python3.8/site-packages/airflow/example_dags/example_branch_datetime_operator.py
[2022-01-28 21:20:45,163] {processor.py:642} INFO - Processing file /home/data-eginner/Documents/Soccer_Data/env/lib/python3.8/site-packages/airflow/example_dags/example_branch_datetime_operator.py for tasks to queue
[2022-01-28 21:20:45,170] {logging_mixin.py:109} INFO - [2022-01-28 21:20:45,163] {dagbag.py:500} INFO - Filling up the DagBag from /home/data-eginner/Documents/Soccer_Data/env/lib/python3.8/site-packages/airflow/example_dags/example_branch_datetime_operator.py
[2022-01-28 21:20:45,232] {processor.py:654} INFO - DAG(s) dict_keys(['example_branch_datetime_operator_2']) retrieved from /home/data-eginner/Documents/Soccer_Data/env/lib/python3.8/site-packages/airflow/example_dags/example_branch_datetime_operator.py
[2022-01-28 21:20:45,274] {logging_mixin.py:109} INFO - [2022-01-28 21:20:45,274] {dag.py:2396} INFO - Sync 1 DAGs
[2022-01-28 21:20:45,312] {logging_mixin.py:109} INFO - [2022-01-28 21:20:45,312] {dag.py:2935} INFO - Setting next_dagrun for example_branch_datetime_operator_2 to 2022-01-28 00:00:00+00:00
[2022-01-28 21:20:45,360] {processor.py:171} INFO - Processing /home/data-eginner/Documents/Soccer_Data/env/lib/python3.8/site-packages/airflow/example_dags/example_branch_datetime_operator.py took 0.223 seconds
[2022-01-28 21:21:29,598] {processor.py:163} INFO - Started process (PID=22531) to work on /home/data-eginner/Documents/Soccer_Data/env/lib/python3.8/site-packages/airflow/example_dags/example_branch_datetime_operator.py
[2022-01-28 21:21:29,601] {processor.py:642} INFO - Processing file /home/data-eginner/Documents/Soccer_Data/env/lib/python3.8/site-packages/airflow/example_dags/example_branch_datetime_operator.py for tasks to queue
[2022-01-28 21:21:29,602] {logging_mixin.py:109} INFO - [2022-01-28 21:21:29,602] {dagbag.py:500} INFO - Filling up the DagBag from /home/data-eginner/Documents/Soccer_Data/env/lib/python3.8/site-packages/airflow/example_dags/example_branch_datetime_operator.py
[2022-01-28 21:21:29,629] {processor.py:654} INFO - DAG(s) dict_keys(['example_branch_datetime_operator_2']) retrieved from /home/data-eginner/Documents/Soccer_Data/env/lib/python3.8/site-packages/airflow/example_dags/example_branch_datetime_operator.py
[2022-01-28 21:21:29,640] {logging_mixin.py:109} INFO - [2022-01-28 21:21:29,639] {dag.py:2396} INFO - Sync 1 DAGs
[2022-01-28 21:21:29,673] {logging_mixin.py:109} INFO - [2022-01-28 21:21:29,673] {dag.py:2935} INFO - Setting next_dagrun for example_branch_datetime_operator_2 to 2022-01-28 00:00:00+00:00
[2022-01-28 21:21:29,699] {processor.py:171} INFO - Processing /home/data-eginner/Documents/Soccer_Data/env/lib/python3.8/site-packages/airflow/example_dags/example_branch_datetime_operator.py took 0.104 seconds
[2022-01-28 21:22:16,809] {processor.py:163} INFO - Started process (PID=22701) to work on /home/data-eginner/Documents/Soccer_Data/env/lib/python3.8/site-packages/airflow/example_dags/example_branch_datetime_operator.py
[2022-01-28 21:22:16,822] {processor.py:642} INFO - Processing file /home/data-eginner/Documents/Soccer_Data/env/lib/python3.8/site-packages/airflow/example_dags/example_branch_datetime_operator.py for tasks to queue
[2022-01-28 21:22:16,823] {logging_mixin.py:109} INFO - [2022-01-28 21:22:16,823] {dagbag.py:500} INFO - Filling up the DagBag from /home/data-eginner/Documents/Soccer_Data/env/lib/python3.8/site-packages/airflow/example_dags/example_branch_datetime_operator.py
[2022-01-28 21:22:16,898] {processor.py:654} INFO - DAG(s) dict_keys(['example_branch_datetime_operator_2']) retrieved from /home/data-eginner/Documents/Soccer_Data/env/lib/python3.8/site-packages/airflow/example_dags/example_branch_datetime_operator.py
[2022-01-28 21:22:16,931] {logging_mixin.py:109} INFO - [2022-01-28 21:22:16,931] {dag.py:2396} INFO - Sync 1 DAGs
[2022-01-28 21:22:16,965] {logging_mixin.py:109} INFO - [2022-01-28 21:22:16,965] {dag.py:2935} INFO - Setting next_dagrun for example_branch_datetime_operator_2 to 2022-01-28 00:00:00+00:00
[2022-01-28 21:22:16,993] {processor.py:171} INFO - Processing /home/data-eginner/Documents/Soccer_Data/env/lib/python3.8/site-packages/airflow/example_dags/example_branch_datetime_operator.py took 0.187 seconds
[2022-01-28 21:26:31,419] {processor.py:163} INFO - Started process (PID=22937) to work on /home/data-eginner/Documents/Soccer_Data/env/lib/python3.8/site-packages/airflow/example_dags/example_branch_datetime_operator.py
[2022-01-28 21:26:31,439] {processor.py:642} INFO - Processing file /home/data-eginner/Documents/Soccer_Data/env/lib/python3.8/site-packages/airflow/example_dags/example_branch_datetime_operator.py for tasks to queue
[2022-01-28 21:26:31,439] {logging_mixin.py:109} INFO - [2022-01-28 21:26:31,439] {dagbag.py:500} INFO - Filling up the DagBag from /home/data-eginner/Documents/Soccer_Data/env/lib/python3.8/site-packages/airflow/example_dags/example_branch_datetime_operator.py
[2022-01-28 21:26:31,539] {processor.py:654} INFO - DAG(s) dict_keys(['example_branch_datetime_operator_2']) retrieved from /home/data-eginner/Documents/Soccer_Data/env/lib/python3.8/site-packages/airflow/example_dags/example_branch_datetime_operator.py
[2022-01-28 21:26:31,569] {logging_mixin.py:109} INFO - [2022-01-28 21:26:31,569] {dag.py:2396} INFO - Sync 1 DAGs
[2022-01-28 21:26:31,613] {logging_mixin.py:109} INFO - [2022-01-28 21:26:31,613] {dag.py:2935} INFO - Setting next_dagrun for example_branch_datetime_operator_2 to 2022-01-28 00:00:00+00:00
[2022-01-28 21:26:31,663] {processor.py:171} INFO - Processing /home/data-eginner/Documents/Soccer_Data/env/lib/python3.8/site-packages/airflow/example_dags/example_branch_datetime_operator.py took 0.247 seconds
[2022-01-28 21:27:24,986] {processor.py:163} INFO - Started process (PID=23142) to work on /home/data-eginner/Documents/Soccer_Data/env/lib/python3.8/site-packages/airflow/example_dags/example_branch_datetime_operator.py
[2022-01-28 21:27:24,988] {processor.py:642} INFO - Processing file /home/data-eginner/Documents/Soccer_Data/env/lib/python3.8/site-packages/airflow/example_dags/example_branch_datetime_operator.py for tasks to queue
[2022-01-28 21:27:24,988] {logging_mixin.py:109} INFO - [2022-01-28 21:27:24,988] {dagbag.py:500} INFO - Filling up the DagBag from /home/data-eginner/Documents/Soccer_Data/env/lib/python3.8/site-packages/airflow/example_dags/example_branch_datetime_operator.py
[2022-01-28 21:27:25,022] {processor.py:654} INFO - DAG(s) dict_keys(['example_branch_datetime_operator_2']) retrieved from /home/data-eginner/Documents/Soccer_Data/env/lib/python3.8/site-packages/airflow/example_dags/example_branch_datetime_operator.py
[2022-01-28 21:27:25,048] {logging_mixin.py:109} INFO - [2022-01-28 21:27:25,048] {dag.py:2396} INFO - Sync 1 DAGs
[2022-01-28 21:27:25,074] {logging_mixin.py:109} INFO - [2022-01-28 21:27:25,074] {dag.py:2935} INFO - Setting next_dagrun for example_branch_datetime_operator_2 to 2022-01-28 00:00:00+00:00
[2022-01-28 21:27:25,103] {processor.py:171} INFO - Processing /home/data-eginner/Documents/Soccer_Data/env/lib/python3.8/site-packages/airflow/example_dags/example_branch_datetime_operator.py took 0.120 seconds
[2022-01-28 21:29:03,763] {processor.py:163} INFO - Started process (PID=23482) to work on /home/data-eginner/Documents/Soccer_Data/env/lib/python3.8/site-packages/airflow/example_dags/example_branch_datetime_operator.py
[2022-01-28 21:29:03,785] {processor.py:642} INFO - Processing file /home/data-eginner/Documents/Soccer_Data/env/lib/python3.8/site-packages/airflow/example_dags/example_branch_datetime_operator.py for tasks to queue
[2022-01-28 21:29:03,786] {logging_mixin.py:109} INFO - [2022-01-28 21:29:03,786] {dagbag.py:500} INFO - Filling up the DagBag from /home/data-eginner/Documents/Soccer_Data/env/lib/python3.8/site-packages/airflow/example_dags/example_branch_datetime_operator.py
[2022-01-28 21:29:03,854] {processor.py:654} INFO - DAG(s) dict_keys(['example_branch_datetime_operator_2']) retrieved from /home/data-eginner/Documents/Soccer_Data/env/lib/python3.8/site-packages/airflow/example_dags/example_branch_datetime_operator.py
[2022-01-28 21:29:03,894] {logging_mixin.py:109} INFO - [2022-01-28 21:29:03,894] {dag.py:2396} INFO - Sync 1 DAGs
[2022-01-28 21:29:03,928] {logging_mixin.py:109} INFO - [2022-01-28 21:29:03,927] {dag.py:2935} INFO - Setting next_dagrun for example_branch_datetime_operator_2 to 2022-01-28 00:00:00+00:00
[2022-01-28 21:29:03,972] {processor.py:171} INFO - Processing /home/data-eginner/Documents/Soccer_Data/env/lib/python3.8/site-packages/airflow/example_dags/example_branch_datetime_operator.py took 0.211 seconds
[2022-01-28 21:29:51,609] {processor.py:163} INFO - Started process (PID=23642) to work on /home/data-eginner/Documents/Soccer_Data/env/lib/python3.8/site-packages/airflow/example_dags/example_branch_datetime_operator.py
[2022-01-28 21:29:51,614] {processor.py:642} INFO - Processing file /home/data-eginner/Documents/Soccer_Data/env/lib/python3.8/site-packages/airflow/example_dags/example_branch_datetime_operator.py for tasks to queue
[2022-01-28 21:29:51,614] {logging_mixin.py:109} INFO - [2022-01-28 21:29:51,614] {dagbag.py:500} INFO - Filling up the DagBag from /home/data-eginner/Documents/Soccer_Data/env/lib/python3.8/site-packages/airflow/example_dags/example_branch_datetime_operator.py
[2022-01-28 21:29:51,647] {processor.py:654} INFO - DAG(s) dict_keys(['example_branch_datetime_operator_2']) retrieved from /home/data-eginner/Documents/Soccer_Data/env/lib/python3.8/site-packages/airflow/example_dags/example_branch_datetime_operator.py
[2022-01-28 21:29:51,683] {logging_mixin.py:109} INFO - [2022-01-28 21:29:51,683] {dag.py:2396} INFO - Sync 1 DAGs
[2022-01-28 21:29:51,716] {logging_mixin.py:109} INFO - [2022-01-28 21:29:51,716] {dag.py:2935} INFO - Setting next_dagrun for example_branch_datetime_operator_2 to 2022-01-28 00:00:00+00:00
[2022-01-28 21:29:51,740] {processor.py:171} INFO - Processing /home/data-eginner/Documents/Soccer_Data/env/lib/python3.8/site-packages/airflow/example_dags/example_branch_datetime_operator.py took 0.134 seconds
[2022-01-28 21:30:44,054] {processor.py:163} INFO - Started process (PID=23829) to work on /home/data-eginner/Documents/Soccer_Data/env/lib/python3.8/site-packages/airflow/example_dags/example_branch_datetime_operator.py
[2022-01-28 21:30:44,056] {processor.py:642} INFO - Processing file /home/data-eginner/Documents/Soccer_Data/env/lib/python3.8/site-packages/airflow/example_dags/example_branch_datetime_operator.py for tasks to queue
[2022-01-28 21:30:44,058] {logging_mixin.py:109} INFO - [2022-01-28 21:30:44,058] {dagbag.py:500} INFO - Filling up the DagBag from /home/data-eginner/Documents/Soccer_Data/env/lib/python3.8/site-packages/airflow/example_dags/example_branch_datetime_operator.py
[2022-01-28 21:30:44,170] {processor.py:654} INFO - DAG(s) dict_keys(['example_branch_datetime_operator_2']) retrieved from /home/data-eginner/Documents/Soccer_Data/env/lib/python3.8/site-packages/airflow/example_dags/example_branch_datetime_operator.py
[2022-01-28 21:30:44,203] {logging_mixin.py:109} INFO - [2022-01-28 21:30:44,203] {dag.py:2396} INFO - Sync 1 DAGs
[2022-01-28 21:30:44,256] {logging_mixin.py:109} INFO - [2022-01-28 21:30:44,256] {dag.py:2935} INFO - Setting next_dagrun for example_branch_datetime_operator_2 to 2022-01-28 00:00:00+00:00
[2022-01-28 21:30:44,300] {processor.py:171} INFO - Processing /home/data-eginner/Documents/Soccer_Data/env/lib/python3.8/site-packages/airflow/example_dags/example_branch_datetime_operator.py took 0.278 seconds
[2022-01-28 21:31:52,870] {processor.py:163} INFO - Started process (PID=24066) to work on /home/data-eginner/Documents/Soccer_Data/env/lib/python3.8/site-packages/airflow/example_dags/example_branch_datetime_operator.py
[2022-01-28 21:31:52,901] {processor.py:642} INFO - Processing file /home/data-eginner/Documents/Soccer_Data/env/lib/python3.8/site-packages/airflow/example_dags/example_branch_datetime_operator.py for tasks to queue
[2022-01-28 21:31:52,902] {logging_mixin.py:109} INFO - [2022-01-28 21:31:52,901] {dagbag.py:500} INFO - Filling up the DagBag from /home/data-eginner/Documents/Soccer_Data/env/lib/python3.8/site-packages/airflow/example_dags/example_branch_datetime_operator.py
[2022-01-28 21:31:52,927] {processor.py:654} INFO - DAG(s) dict_keys(['example_branch_datetime_operator_2']) retrieved from /home/data-eginner/Documents/Soccer_Data/env/lib/python3.8/site-packages/airflow/example_dags/example_branch_datetime_operator.py
[2022-01-28 21:31:52,939] {logging_mixin.py:109} INFO - [2022-01-28 21:31:52,939] {dag.py:2396} INFO - Sync 1 DAGs
[2022-01-28 21:31:52,952] {logging_mixin.py:109} INFO - [2022-01-28 21:31:52,952] {dag.py:2935} INFO - Setting next_dagrun for example_branch_datetime_operator_2 to 2022-01-28 00:00:00+00:00
[2022-01-28 21:31:52,999] {processor.py:171} INFO - Processing /home/data-eginner/Documents/Soccer_Data/env/lib/python3.8/site-packages/airflow/example_dags/example_branch_datetime_operator.py took 0.131 seconds
[2022-01-28 21:32:39,438] {processor.py:163} INFO - Started process (PID=24237) to work on /home/data-eginner/Documents/Soccer_Data/env/lib/python3.8/site-packages/airflow/example_dags/example_branch_datetime_operator.py
[2022-01-28 21:32:39,440] {processor.py:642} INFO - Processing file /home/data-eginner/Documents/Soccer_Data/env/lib/python3.8/site-packages/airflow/example_dags/example_branch_datetime_operator.py for tasks to queue
[2022-01-28 21:32:39,441] {logging_mixin.py:109} INFO - [2022-01-28 21:32:39,440] {dagbag.py:500} INFO - Filling up the DagBag from /home/data-eginner/Documents/Soccer_Data/env/lib/python3.8/site-packages/airflow/example_dags/example_branch_datetime_operator.py
[2022-01-28 21:32:39,462] {processor.py:654} INFO - DAG(s) dict_keys(['example_branch_datetime_operator_2']) retrieved from /home/data-eginner/Documents/Soccer_Data/env/lib/python3.8/site-packages/airflow/example_dags/example_branch_datetime_operator.py
[2022-01-28 21:32:39,470] {logging_mixin.py:109} INFO - [2022-01-28 21:32:39,470] {dag.py:2396} INFO - Sync 1 DAGs
[2022-01-28 21:32:39,490] {logging_mixin.py:109} INFO - [2022-01-28 21:32:39,489] {dag.py:2935} INFO - Setting next_dagrun for example_branch_datetime_operator_2 to 2022-01-28 00:00:00+00:00
[2022-01-28 21:32:39,508] {processor.py:171} INFO - Processing /home/data-eginner/Documents/Soccer_Data/env/lib/python3.8/site-packages/airflow/example_dags/example_branch_datetime_operator.py took 0.073 seconds
[2022-01-28 21:33:21,049] {processor.py:163} INFO - Started process (PID=24402) to work on /home/data-eginner/Documents/Soccer_Data/env/lib/python3.8/site-packages/airflow/example_dags/example_branch_datetime_operator.py
[2022-01-28 21:33:21,053] {processor.py:642} INFO - Processing file /home/data-eginner/Documents/Soccer_Data/env/lib/python3.8/site-packages/airflow/example_dags/example_branch_datetime_operator.py for tasks to queue
[2022-01-28 21:33:21,056] {logging_mixin.py:109} INFO - [2022-01-28 21:33:21,054] {dagbag.py:500} INFO - Filling up the DagBag from /home/data-eginner/Documents/Soccer_Data/env/lib/python3.8/site-packages/airflow/example_dags/example_branch_datetime_operator.py
[2022-01-28 21:33:21,093] {processor.py:654} INFO - DAG(s) dict_keys(['example_branch_datetime_operator_2']) retrieved from /home/data-eginner/Documents/Soccer_Data/env/lib/python3.8/site-packages/airflow/example_dags/example_branch_datetime_operator.py
[2022-01-28 21:33:21,115] {logging_mixin.py:109} INFO - [2022-01-28 21:33:21,115] {dag.py:2396} INFO - Sync 1 DAGs
[2022-01-28 21:33:21,138] {logging_mixin.py:109} INFO - [2022-01-28 21:33:21,138] {dag.py:2935} INFO - Setting next_dagrun for example_branch_datetime_operator_2 to 2022-01-28 00:00:00+00:00
[2022-01-28 21:33:21,169] {processor.py:171} INFO - Processing /home/data-eginner/Documents/Soccer_Data/env/lib/python3.8/site-packages/airflow/example_dags/example_branch_datetime_operator.py took 0.127 seconds
[2022-01-28 21:34:06,268] {processor.py:163} INFO - Started process (PID=24575) to work on /home/data-eginner/Documents/Soccer_Data/env/lib/python3.8/site-packages/airflow/example_dags/example_branch_datetime_operator.py
[2022-01-28 21:34:06,277] {processor.py:642} INFO - Processing file /home/data-eginner/Documents/Soccer_Data/env/lib/python3.8/site-packages/airflow/example_dags/example_branch_datetime_operator.py for tasks to queue
[2022-01-28 21:34:06,278] {logging_mixin.py:109} INFO - [2022-01-28 21:34:06,278] {dagbag.py:500} INFO - Filling up the DagBag from /home/data-eginner/Documents/Soccer_Data/env/lib/python3.8/site-packages/airflow/example_dags/example_branch_datetime_operator.py
[2022-01-28 21:34:06,338] {processor.py:654} INFO - DAG(s) dict_keys(['example_branch_datetime_operator_2']) retrieved from /home/data-eginner/Documents/Soccer_Data/env/lib/python3.8/site-packages/airflow/example_dags/example_branch_datetime_operator.py
[2022-01-28 21:34:06,351] {logging_mixin.py:109} INFO - [2022-01-28 21:34:06,351] {dag.py:2396} INFO - Sync 1 DAGs
[2022-01-28 21:34:06,367] {logging_mixin.py:109} INFO - [2022-01-28 21:34:06,367] {dag.py:2935} INFO - Setting next_dagrun for example_branch_datetime_operator_2 to 2022-01-28 00:00:00+00:00
[2022-01-28 21:34:06,387] {processor.py:171} INFO - Processing /home/data-eginner/Documents/Soccer_Data/env/lib/python3.8/site-packages/airflow/example_dags/example_branch_datetime_operator.py took 0.121 seconds
[2022-01-28 21:56:17,384] {processor.py:163} INFO - Started process (PID=25064) to work on /home/data-eginner/Documents/Soccer_Data/env/lib/python3.8/site-packages/airflow/example_dags/example_branch_datetime_operator.py
[2022-01-28 21:56:17,398] {processor.py:642} INFO - Processing file /home/data-eginner/Documents/Soccer_Data/env/lib/python3.8/site-packages/airflow/example_dags/example_branch_datetime_operator.py for tasks to queue
[2022-01-28 21:56:17,399] {logging_mixin.py:109} INFO - [2022-01-28 21:56:17,399] {dagbag.py:500} INFO - Filling up the DagBag from /home/data-eginner/Documents/Soccer_Data/env/lib/python3.8/site-packages/airflow/example_dags/example_branch_datetime_operator.py
[2022-01-28 21:56:17,454] {processor.py:654} INFO - DAG(s) dict_keys(['example_branch_datetime_operator_2']) retrieved from /home/data-eginner/Documents/Soccer_Data/env/lib/python3.8/site-packages/airflow/example_dags/example_branch_datetime_operator.py
[2022-01-28 21:56:17,466] {logging_mixin.py:109} INFO - [2022-01-28 21:56:17,465] {dag.py:2396} INFO - Sync 1 DAGs
[2022-01-28 21:56:17,510] {logging_mixin.py:109} INFO - [2022-01-28 21:56:17,510] {dag.py:2935} INFO - Setting next_dagrun for example_branch_datetime_operator_2 to 2022-01-28 00:00:00+00:00
[2022-01-28 21:56:17,550] {processor.py:171} INFO - Processing /home/data-eginner/Documents/Soccer_Data/env/lib/python3.8/site-packages/airflow/example_dags/example_branch_datetime_operator.py took 0.168 seconds
[2022-01-28 21:57:05,742] {processor.py:163} INFO - Started process (PID=25243) to work on /home/data-eginner/Documents/Soccer_Data/env/lib/python3.8/site-packages/airflow/example_dags/example_branch_datetime_operator.py
[2022-01-28 21:57:05,745] {processor.py:642} INFO - Processing file /home/data-eginner/Documents/Soccer_Data/env/lib/python3.8/site-packages/airflow/example_dags/example_branch_datetime_operator.py for tasks to queue
[2022-01-28 21:57:05,745] {logging_mixin.py:109} INFO - [2022-01-28 21:57:05,745] {dagbag.py:500} INFO - Filling up the DagBag from /home/data-eginner/Documents/Soccer_Data/env/lib/python3.8/site-packages/airflow/example_dags/example_branch_datetime_operator.py
[2022-01-28 21:57:05,765] {processor.py:654} INFO - DAG(s) dict_keys(['example_branch_datetime_operator_2']) retrieved from /home/data-eginner/Documents/Soccer_Data/env/lib/python3.8/site-packages/airflow/example_dags/example_branch_datetime_operator.py
[2022-01-28 21:57:05,780] {logging_mixin.py:109} INFO - [2022-01-28 21:57:05,780] {dag.py:2396} INFO - Sync 1 DAGs
[2022-01-28 21:57:05,793] {logging_mixin.py:109} INFO - [2022-01-28 21:57:05,792] {dag.py:2935} INFO - Setting next_dagrun for example_branch_datetime_operator_2 to 2022-01-28 00:00:00+00:00
[2022-01-28 21:57:05,810] {processor.py:171} INFO - Processing /home/data-eginner/Documents/Soccer_Data/env/lib/python3.8/site-packages/airflow/example_dags/example_branch_datetime_operator.py took 0.076 seconds
[2022-01-28 21:57:46,751] {processor.py:163} INFO - Started process (PID=25402) to work on /home/data-eginner/Documents/Soccer_Data/env/lib/python3.8/site-packages/airflow/example_dags/example_branch_datetime_operator.py
[2022-01-28 21:57:46,755] {processor.py:642} INFO - Processing file /home/data-eginner/Documents/Soccer_Data/env/lib/python3.8/site-packages/airflow/example_dags/example_branch_datetime_operator.py for tasks to queue
[2022-01-28 21:57:46,756] {logging_mixin.py:109} INFO - [2022-01-28 21:57:46,756] {dagbag.py:500} INFO - Filling up the DagBag from /home/data-eginner/Documents/Soccer_Data/env/lib/python3.8/site-packages/airflow/example_dags/example_branch_datetime_operator.py
[2022-01-28 21:57:46,776] {processor.py:654} INFO - DAG(s) dict_keys(['example_branch_datetime_operator_2']) retrieved from /home/data-eginner/Documents/Soccer_Data/env/lib/python3.8/site-packages/airflow/example_dags/example_branch_datetime_operator.py
[2022-01-28 21:57:46,791] {logging_mixin.py:109} INFO - [2022-01-28 21:57:46,791] {dag.py:2396} INFO - Sync 1 DAGs
[2022-01-28 21:57:46,803] {logging_mixin.py:109} INFO - [2022-01-28 21:57:46,803] {dag.py:2935} INFO - Setting next_dagrun for example_branch_datetime_operator_2 to 2022-01-28 00:00:00+00:00
[2022-01-28 21:57:46,820] {processor.py:171} INFO - Processing /home/data-eginner/Documents/Soccer_Data/env/lib/python3.8/site-packages/airflow/example_dags/example_branch_datetime_operator.py took 0.071 seconds
[2022-01-28 21:58:25,910] {processor.py:163} INFO - Started process (PID=25563) to work on /home/data-eginner/Documents/Soccer_Data/env/lib/python3.8/site-packages/airflow/example_dags/example_branch_datetime_operator.py
[2022-01-28 21:58:25,917] {processor.py:642} INFO - Processing file /home/data-eginner/Documents/Soccer_Data/env/lib/python3.8/site-packages/airflow/example_dags/example_branch_datetime_operator.py for tasks to queue
[2022-01-28 21:58:25,918] {logging_mixin.py:109} INFO - [2022-01-28 21:58:25,918] {dagbag.py:500} INFO - Filling up the DagBag from /home/data-eginner/Documents/Soccer_Data/env/lib/python3.8/site-packages/airflow/example_dags/example_branch_datetime_operator.py
[2022-01-28 21:58:25,977] {processor.py:654} INFO - DAG(s) dict_keys(['example_branch_datetime_operator_2']) retrieved from /home/data-eginner/Documents/Soccer_Data/env/lib/python3.8/site-packages/airflow/example_dags/example_branch_datetime_operator.py
[2022-01-28 21:58:25,988] {logging_mixin.py:109} INFO - [2022-01-28 21:58:25,988] {dag.py:2396} INFO - Sync 1 DAGs
[2022-01-28 21:58:26,039] {logging_mixin.py:109} INFO - [2022-01-28 21:58:26,039] {dag.py:2935} INFO - Setting next_dagrun for example_branch_datetime_operator_2 to 2022-01-28 00:00:00+00:00
[2022-01-28 21:58:26,061] {processor.py:171} INFO - Processing /home/data-eginner/Documents/Soccer_Data/env/lib/python3.8/site-packages/airflow/example_dags/example_branch_datetime_operator.py took 0.158 seconds
[2022-01-28 21:59:15,196] {processor.py:163} INFO - Started process (PID=25741) to work on /home/data-eginner/Documents/Soccer_Data/env/lib/python3.8/site-packages/airflow/example_dags/example_branch_datetime_operator.py
[2022-01-28 21:59:15,203] {processor.py:642} INFO - Processing file /home/data-eginner/Documents/Soccer_Data/env/lib/python3.8/site-packages/airflow/example_dags/example_branch_datetime_operator.py for tasks to queue
[2022-01-28 21:59:15,204] {logging_mixin.py:109} INFO - [2022-01-28 21:59:15,204] {dagbag.py:500} INFO - Filling up the DagBag from /home/data-eginner/Documents/Soccer_Data/env/lib/python3.8/site-packages/airflow/example_dags/example_branch_datetime_operator.py
[2022-01-28 21:59:15,252] {processor.py:654} INFO - DAG(s) dict_keys(['example_branch_datetime_operator_2']) retrieved from /home/data-eginner/Documents/Soccer_Data/env/lib/python3.8/site-packages/airflow/example_dags/example_branch_datetime_operator.py
[2022-01-28 21:59:15,260] {logging_mixin.py:109} INFO - [2022-01-28 21:59:15,260] {dag.py:2396} INFO - Sync 1 DAGs
[2022-01-28 21:59:15,284] {logging_mixin.py:109} INFO - [2022-01-28 21:59:15,284] {dag.py:2935} INFO - Setting next_dagrun for example_branch_datetime_operator_2 to 2022-01-28 00:00:00+00:00
[2022-01-28 21:59:15,310] {processor.py:171} INFO - Processing /home/data-eginner/Documents/Soccer_Data/env/lib/python3.8/site-packages/airflow/example_dags/example_branch_datetime_operator.py took 0.116 seconds
[2022-01-28 22:00:03,118] {processor.py:163} INFO - Started process (PID=25930) to work on /home/data-eginner/Documents/Soccer_Data/env/lib/python3.8/site-packages/airflow/example_dags/example_branch_datetime_operator.py
[2022-01-28 22:00:03,121] {processor.py:642} INFO - Processing file /home/data-eginner/Documents/Soccer_Data/env/lib/python3.8/site-packages/airflow/example_dags/example_branch_datetime_operator.py for tasks to queue
[2022-01-28 22:00:03,122] {logging_mixin.py:109} INFO - [2022-01-28 22:00:03,121] {dagbag.py:500} INFO - Filling up the DagBag from /home/data-eginner/Documents/Soccer_Data/env/lib/python3.8/site-packages/airflow/example_dags/example_branch_datetime_operator.py
[2022-01-28 22:00:03,156] {processor.py:654} INFO - DAG(s) dict_keys(['example_branch_datetime_operator_2']) retrieved from /home/data-eginner/Documents/Soccer_Data/env/lib/python3.8/site-packages/airflow/example_dags/example_branch_datetime_operator.py
[2022-01-28 22:00:03,167] {logging_mixin.py:109} INFO - [2022-01-28 22:00:03,167] {dag.py:2396} INFO - Sync 1 DAGs
[2022-01-28 22:00:03,178] {logging_mixin.py:109} INFO - [2022-01-28 22:00:03,178] {dag.py:2935} INFO - Setting next_dagrun for example_branch_datetime_operator_2 to 2022-01-28 00:00:00+00:00
[2022-01-28 22:00:03,195] {processor.py:171} INFO - Processing /home/data-eginner/Documents/Soccer_Data/env/lib/python3.8/site-packages/airflow/example_dags/example_branch_datetime_operator.py took 0.082 seconds
[2022-01-28 22:00:45,002] {processor.py:163} INFO - Started process (PID=26100) to work on /home/data-eginner/Documents/Soccer_Data/env/lib/python3.8/site-packages/airflow/example_dags/example_branch_datetime_operator.py
[2022-01-28 22:00:45,003] {processor.py:642} INFO - Processing file /home/data-eginner/Documents/Soccer_Data/env/lib/python3.8/site-packages/airflow/example_dags/example_branch_datetime_operator.py for tasks to queue
[2022-01-28 22:00:45,004] {logging_mixin.py:109} INFO - [2022-01-28 22:00:45,004] {dagbag.py:500} INFO - Filling up the DagBag from /home/data-eginner/Documents/Soccer_Data/env/lib/python3.8/site-packages/airflow/example_dags/example_branch_datetime_operator.py
[2022-01-28 22:00:45,025] {processor.py:654} INFO - DAG(s) dict_keys(['example_branch_datetime_operator_2']) retrieved from /home/data-eginner/Documents/Soccer_Data/env/lib/python3.8/site-packages/airflow/example_dags/example_branch_datetime_operator.py
[2022-01-28 22:00:45,036] {logging_mixin.py:109} INFO - [2022-01-28 22:00:45,036] {dag.py:2396} INFO - Sync 1 DAGs
[2022-01-28 22:00:45,047] {logging_mixin.py:109} INFO - [2022-01-28 22:00:45,047] {dag.py:2935} INFO - Setting next_dagrun for example_branch_datetime_operator_2 to 2022-01-28 00:00:00+00:00
[2022-01-28 22:00:45,064] {processor.py:171} INFO - Processing /home/data-eginner/Documents/Soccer_Data/env/lib/python3.8/site-packages/airflow/example_dags/example_branch_datetime_operator.py took 0.065 seconds
[2022-01-28 22:01:27,697] {processor.py:163} INFO - Started process (PID=26271) to work on /home/data-eginner/Documents/Soccer_Data/env/lib/python3.8/site-packages/airflow/example_dags/example_branch_datetime_operator.py
[2022-01-28 22:01:27,714] {processor.py:642} INFO - Processing file /home/data-eginner/Documents/Soccer_Data/env/lib/python3.8/site-packages/airflow/example_dags/example_branch_datetime_operator.py for tasks to queue
[2022-01-28 22:01:27,717] {logging_mixin.py:109} INFO - [2022-01-28 22:01:27,717] {dagbag.py:500} INFO - Filling up the DagBag from /home/data-eginner/Documents/Soccer_Data/env/lib/python3.8/site-packages/airflow/example_dags/example_branch_datetime_operator.py
[2022-01-28 22:01:27,756] {processor.py:654} INFO - DAG(s) dict_keys(['example_branch_datetime_operator_2']) retrieved from /home/data-eginner/Documents/Soccer_Data/env/lib/python3.8/site-packages/airflow/example_dags/example_branch_datetime_operator.py
[2022-01-28 22:01:27,773] {logging_mixin.py:109} INFO - [2022-01-28 22:01:27,773] {dag.py:2396} INFO - Sync 1 DAGs
[2022-01-28 22:01:27,813] {logging_mixin.py:109} INFO - [2022-01-28 22:01:27,813] {dag.py:2935} INFO - Setting next_dagrun for example_branch_datetime_operator_2 to 2022-01-28 00:00:00+00:00
[2022-01-28 22:01:27,846] {processor.py:171} INFO - Processing /home/data-eginner/Documents/Soccer_Data/env/lib/python3.8/site-packages/airflow/example_dags/example_branch_datetime_operator.py took 0.166 seconds
[2022-01-28 22:04:23,775] {processor.py:163} INFO - Started process (PID=26587) to work on /home/data-eginner/Documents/Soccer_Data/env/lib/python3.8/site-packages/airflow/example_dags/example_branch_datetime_operator.py
[2022-01-28 22:04:23,778] {processor.py:642} INFO - Processing file /home/data-eginner/Documents/Soccer_Data/env/lib/python3.8/site-packages/airflow/example_dags/example_branch_datetime_operator.py for tasks to queue
[2022-01-28 22:04:23,779] {logging_mixin.py:109} INFO - [2022-01-28 22:04:23,779] {dagbag.py:500} INFO - Filling up the DagBag from /home/data-eginner/Documents/Soccer_Data/env/lib/python3.8/site-packages/airflow/example_dags/example_branch_datetime_operator.py
[2022-01-28 22:04:23,802] {processor.py:654} INFO - DAG(s) dict_keys(['example_branch_datetime_operator_2']) retrieved from /home/data-eginner/Documents/Soccer_Data/env/lib/python3.8/site-packages/airflow/example_dags/example_branch_datetime_operator.py
[2022-01-28 22:04:23,809] {logging_mixin.py:109} INFO - [2022-01-28 22:04:23,809] {dag.py:2396} INFO - Sync 1 DAGs
[2022-01-28 22:04:23,822] {logging_mixin.py:109} INFO - [2022-01-28 22:04:23,822] {dag.py:2935} INFO - Setting next_dagrun for example_branch_datetime_operator_2 to 2022-01-28 00:00:00+00:00
[2022-01-28 22:04:23,874] {processor.py:171} INFO - Processing /home/data-eginner/Documents/Soccer_Data/env/lib/python3.8/site-packages/airflow/example_dags/example_branch_datetime_operator.py took 0.103 seconds
[2022-01-28 22:05:07,368] {processor.py:163} INFO - Started process (PID=26756) to work on /home/data-eginner/Documents/Soccer_Data/env/lib/python3.8/site-packages/airflow/example_dags/example_branch_datetime_operator.py
[2022-01-28 22:05:07,381] {processor.py:642} INFO - Processing file /home/data-eginner/Documents/Soccer_Data/env/lib/python3.8/site-packages/airflow/example_dags/example_branch_datetime_operator.py for tasks to queue
[2022-01-28 22:05:07,382] {logging_mixin.py:109} INFO - [2022-01-28 22:05:07,382] {dagbag.py:500} INFO - Filling up the DagBag from /home/data-eginner/Documents/Soccer_Data/env/lib/python3.8/site-packages/airflow/example_dags/example_branch_datetime_operator.py
[2022-01-28 22:05:07,468] {processor.py:654} INFO - DAG(s) dict_keys(['example_branch_datetime_operator_2']) retrieved from /home/data-eginner/Documents/Soccer_Data/env/lib/python3.8/site-packages/airflow/example_dags/example_branch_datetime_operator.py
[2022-01-28 22:05:07,475] {logging_mixin.py:109} INFO - [2022-01-28 22:05:07,475] {dag.py:2396} INFO - Sync 1 DAGs
[2022-01-28 22:05:07,502] {logging_mixin.py:109} INFO - [2022-01-28 22:05:07,502] {dag.py:2935} INFO - Setting next_dagrun for example_branch_datetime_operator_2 to 2022-01-28 00:00:00+00:00
[2022-01-28 22:05:07,534] {processor.py:171} INFO - Processing /home/data-eginner/Documents/Soccer_Data/env/lib/python3.8/site-packages/airflow/example_dags/example_branch_datetime_operator.py took 0.169 seconds
[2022-01-28 22:05:49,736] {processor.py:163} INFO - Started process (PID=26920) to work on /home/data-eginner/Documents/Soccer_Data/env/lib/python3.8/site-packages/airflow/example_dags/example_branch_datetime_operator.py
[2022-01-28 22:05:49,740] {processor.py:642} INFO - Processing file /home/data-eginner/Documents/Soccer_Data/env/lib/python3.8/site-packages/airflow/example_dags/example_branch_datetime_operator.py for tasks to queue
[2022-01-28 22:05:49,741] {logging_mixin.py:109} INFO - [2022-01-28 22:05:49,741] {dagbag.py:500} INFO - Filling up the DagBag from /home/data-eginner/Documents/Soccer_Data/env/lib/python3.8/site-packages/airflow/example_dags/example_branch_datetime_operator.py
[2022-01-28 22:05:49,777] {processor.py:654} INFO - DAG(s) dict_keys(['example_branch_datetime_operator_2']) retrieved from /home/data-eginner/Documents/Soccer_Data/env/lib/python3.8/site-packages/airflow/example_dags/example_branch_datetime_operator.py
[2022-01-28 22:05:49,795] {logging_mixin.py:109} INFO - [2022-01-28 22:05:49,794] {dag.py:2396} INFO - Sync 1 DAGs
[2022-01-28 22:05:49,811] {logging_mixin.py:109} INFO - [2022-01-28 22:05:49,810] {dag.py:2935} INFO - Setting next_dagrun for example_branch_datetime_operator_2 to 2022-01-28 00:00:00+00:00
[2022-01-28 22:05:49,833] {processor.py:171} INFO - Processing /home/data-eginner/Documents/Soccer_Data/env/lib/python3.8/site-packages/airflow/example_dags/example_branch_datetime_operator.py took 0.107 seconds
[2022-01-28 22:06:27,404] {processor.py:163} INFO - Started process (PID=27078) to work on /home/data-eginner/Documents/Soccer_Data/env/lib/python3.8/site-packages/airflow/example_dags/example_branch_datetime_operator.py
[2022-01-28 22:06:27,406] {processor.py:642} INFO - Processing file /home/data-eginner/Documents/Soccer_Data/env/lib/python3.8/site-packages/airflow/example_dags/example_branch_datetime_operator.py for tasks to queue
[2022-01-28 22:06:27,407] {logging_mixin.py:109} INFO - [2022-01-28 22:06:27,407] {dagbag.py:500} INFO - Filling up the DagBag from /home/data-eginner/Documents/Soccer_Data/env/lib/python3.8/site-packages/airflow/example_dags/example_branch_datetime_operator.py
[2022-01-28 22:06:27,428] {processor.py:654} INFO - DAG(s) dict_keys(['example_branch_datetime_operator_2']) retrieved from /home/data-eginner/Documents/Soccer_Data/env/lib/python3.8/site-packages/airflow/example_dags/example_branch_datetime_operator.py
[2022-01-28 22:06:27,437] {logging_mixin.py:109} INFO - [2022-01-28 22:06:27,437] {dag.py:2396} INFO - Sync 1 DAGs
[2022-01-28 22:06:27,448] {logging_mixin.py:109} INFO - [2022-01-28 22:06:27,448] {dag.py:2935} INFO - Setting next_dagrun for example_branch_datetime_operator_2 to 2022-01-28 00:00:00+00:00
[2022-01-28 22:06:27,463] {processor.py:171} INFO - Processing /home/data-eginner/Documents/Soccer_Data/env/lib/python3.8/site-packages/airflow/example_dags/example_branch_datetime_operator.py took 0.062 seconds
[2022-01-28 22:07:15,800] {processor.py:163} INFO - Started process (PID=27274) to work on /home/data-eginner/Documents/Soccer_Data/env/lib/python3.8/site-packages/airflow/example_dags/example_branch_datetime_operator.py
[2022-01-28 22:07:15,811] {processor.py:642} INFO - Processing file /home/data-eginner/Documents/Soccer_Data/env/lib/python3.8/site-packages/airflow/example_dags/example_branch_datetime_operator.py for tasks to queue
[2022-01-28 22:07:15,812] {logging_mixin.py:109} INFO - [2022-01-28 22:07:15,811] {dagbag.py:500} INFO - Filling up the DagBag from /home/data-eginner/Documents/Soccer_Data/env/lib/python3.8/site-packages/airflow/example_dags/example_branch_datetime_operator.py
[2022-01-28 22:07:15,864] {processor.py:654} INFO - DAG(s) dict_keys(['example_branch_datetime_operator_2']) retrieved from /home/data-eginner/Documents/Soccer_Data/env/lib/python3.8/site-packages/airflow/example_dags/example_branch_datetime_operator.py
[2022-01-28 22:07:15,916] {logging_mixin.py:109} INFO - [2022-01-28 22:07:15,916] {dag.py:2396} INFO - Sync 1 DAGs
[2022-01-28 22:07:15,949] {logging_mixin.py:109} INFO - [2022-01-28 22:07:15,949] {dag.py:2935} INFO - Setting next_dagrun for example_branch_datetime_operator_2 to 2022-01-28 00:00:00+00:00
[2022-01-28 22:07:15,983] {processor.py:171} INFO - Processing /home/data-eginner/Documents/Soccer_Data/env/lib/python3.8/site-packages/airflow/example_dags/example_branch_datetime_operator.py took 0.185 seconds
[2022-01-28 22:08:14,546] {processor.py:163} INFO - Started process (PID=27505) to work on /home/data-eginner/Documents/Soccer_Data/env/lib/python3.8/site-packages/airflow/example_dags/example_branch_datetime_operator.py
[2022-01-28 22:08:14,548] {processor.py:642} INFO - Processing file /home/data-eginner/Documents/Soccer_Data/env/lib/python3.8/site-packages/airflow/example_dags/example_branch_datetime_operator.py for tasks to queue
[2022-01-28 22:08:14,549] {logging_mixin.py:109} INFO - [2022-01-28 22:08:14,549] {dagbag.py:500} INFO - Filling up the DagBag from /home/data-eginner/Documents/Soccer_Data/env/lib/python3.8/site-packages/airflow/example_dags/example_branch_datetime_operator.py
[2022-01-28 22:08:14,653] {processor.py:654} INFO - DAG(s) dict_keys(['example_branch_datetime_operator_2']) retrieved from /home/data-eginner/Documents/Soccer_Data/env/lib/python3.8/site-packages/airflow/example_dags/example_branch_datetime_operator.py
[2022-01-28 22:08:14,706] {logging_mixin.py:109} INFO - [2022-01-28 22:08:14,706] {dag.py:2396} INFO - Sync 1 DAGs
[2022-01-28 22:08:14,766] {logging_mixin.py:109} INFO - [2022-01-28 22:08:14,766] {dag.py:2935} INFO - Setting next_dagrun for example_branch_datetime_operator_2 to 2022-01-28 00:00:00+00:00
[2022-01-28 22:08:14,797] {processor.py:171} INFO - Processing /home/data-eginner/Documents/Soccer_Data/env/lib/python3.8/site-packages/airflow/example_dags/example_branch_datetime_operator.py took 0.274 seconds
[2022-01-28 22:09:05,352] {processor.py:163} INFO - Started process (PID=27706) to work on /home/data-eginner/Documents/Soccer_Data/env/lib/python3.8/site-packages/airflow/example_dags/example_branch_datetime_operator.py
[2022-01-28 22:09:05,371] {processor.py:642} INFO - Processing file /home/data-eginner/Documents/Soccer_Data/env/lib/python3.8/site-packages/airflow/example_dags/example_branch_datetime_operator.py for tasks to queue
[2022-01-28 22:09:05,372] {logging_mixin.py:109} INFO - [2022-01-28 22:09:05,372] {dagbag.py:500} INFO - Filling up the DagBag from /home/data-eginner/Documents/Soccer_Data/env/lib/python3.8/site-packages/airflow/example_dags/example_branch_datetime_operator.py
[2022-01-28 22:09:05,426] {processor.py:654} INFO - DAG(s) dict_keys(['example_branch_datetime_operator_2']) retrieved from /home/data-eginner/Documents/Soccer_Data/env/lib/python3.8/site-packages/airflow/example_dags/example_branch_datetime_operator.py
[2022-01-28 22:09:05,436] {logging_mixin.py:109} INFO - [2022-01-28 22:09:05,436] {dag.py:2396} INFO - Sync 1 DAGs
[2022-01-28 22:09:05,449] {logging_mixin.py:109} INFO - [2022-01-28 22:09:05,449] {dag.py:2935} INFO - Setting next_dagrun for example_branch_datetime_operator_2 to 2022-01-28 00:00:00+00:00
[2022-01-28 22:09:05,465] {processor.py:171} INFO - Processing /home/data-eginner/Documents/Soccer_Data/env/lib/python3.8/site-packages/airflow/example_dags/example_branch_datetime_operator.py took 0.122 seconds
[2022-01-28 22:09:48,391] {processor.py:163} INFO - Started process (PID=27880) to work on /home/data-eginner/Documents/Soccer_Data/env/lib/python3.8/site-packages/airflow/example_dags/example_branch_datetime_operator.py
[2022-01-28 22:09:48,399] {processor.py:642} INFO - Processing file /home/data-eginner/Documents/Soccer_Data/env/lib/python3.8/site-packages/airflow/example_dags/example_branch_datetime_operator.py for tasks to queue
[2022-01-28 22:09:48,400] {logging_mixin.py:109} INFO - [2022-01-28 22:09:48,400] {dagbag.py:500} INFO - Filling up the DagBag from /home/data-eginner/Documents/Soccer_Data/env/lib/python3.8/site-packages/airflow/example_dags/example_branch_datetime_operator.py
[2022-01-28 22:09:48,438] {processor.py:654} INFO - DAG(s) dict_keys(['example_branch_datetime_operator_2']) retrieved from /home/data-eginner/Documents/Soccer_Data/env/lib/python3.8/site-packages/airflow/example_dags/example_branch_datetime_operator.py
[2022-01-28 22:09:48,449] {logging_mixin.py:109} INFO - [2022-01-28 22:09:48,448] {dag.py:2396} INFO - Sync 1 DAGs
[2022-01-28 22:09:48,472] {logging_mixin.py:109} INFO - [2022-01-28 22:09:48,472] {dag.py:2935} INFO - Setting next_dagrun for example_branch_datetime_operator_2 to 2022-01-28 00:00:00+00:00
[2022-01-28 22:09:48,508] {processor.py:171} INFO - Processing /home/data-eginner/Documents/Soccer_Data/env/lib/python3.8/site-packages/airflow/example_dags/example_branch_datetime_operator.py took 0.121 seconds
[2022-01-28 22:10:36,350] {processor.py:163} INFO - Started process (PID=28089) to work on /home/data-eginner/Documents/Soccer_Data/env/lib/python3.8/site-packages/airflow/example_dags/example_branch_datetime_operator.py
[2022-01-28 22:10:36,352] {processor.py:642} INFO - Processing file /home/data-eginner/Documents/Soccer_Data/env/lib/python3.8/site-packages/airflow/example_dags/example_branch_datetime_operator.py for tasks to queue
[2022-01-28 22:10:36,352] {logging_mixin.py:109} INFO - [2022-01-28 22:10:36,352] {dagbag.py:500} INFO - Filling up the DagBag from /home/data-eginner/Documents/Soccer_Data/env/lib/python3.8/site-packages/airflow/example_dags/example_branch_datetime_operator.py
[2022-01-28 22:10:36,393] {processor.py:654} INFO - DAG(s) dict_keys(['example_branch_datetime_operator_2']) retrieved from /home/data-eginner/Documents/Soccer_Data/env/lib/python3.8/site-packages/airflow/example_dags/example_branch_datetime_operator.py
[2022-01-28 22:10:36,401] {logging_mixin.py:109} INFO - [2022-01-28 22:10:36,401] {dag.py:2396} INFO - Sync 1 DAGs
[2022-01-28 22:10:36,423] {logging_mixin.py:109} INFO - [2022-01-28 22:10:36,423] {dag.py:2935} INFO - Setting next_dagrun for example_branch_datetime_operator_2 to 2022-01-28 00:00:00+00:00
[2022-01-28 22:10:36,485] {processor.py:171} INFO - Processing /home/data-eginner/Documents/Soccer_Data/env/lib/python3.8/site-packages/airflow/example_dags/example_branch_datetime_operator.py took 0.149 seconds
[2022-01-28 22:11:19,757] {processor.py:163} INFO - Started process (PID=28272) to work on /home/data-eginner/Documents/Soccer_Data/env/lib/python3.8/site-packages/airflow/example_dags/example_branch_datetime_operator.py
[2022-01-28 22:11:19,769] {processor.py:642} INFO - Processing file /home/data-eginner/Documents/Soccer_Data/env/lib/python3.8/site-packages/airflow/example_dags/example_branch_datetime_operator.py for tasks to queue
[2022-01-28 22:11:19,771] {logging_mixin.py:109} INFO - [2022-01-28 22:11:19,771] {dagbag.py:500} INFO - Filling up the DagBag from /home/data-eginner/Documents/Soccer_Data/env/lib/python3.8/site-packages/airflow/example_dags/example_branch_datetime_operator.py
[2022-01-28 22:11:19,812] {processor.py:654} INFO - DAG(s) dict_keys(['example_branch_datetime_operator_2']) retrieved from /home/data-eginner/Documents/Soccer_Data/env/lib/python3.8/site-packages/airflow/example_dags/example_branch_datetime_operator.py
[2022-01-28 22:11:19,823] {logging_mixin.py:109} INFO - [2022-01-28 22:11:19,823] {dag.py:2396} INFO - Sync 1 DAGs
[2022-01-28 22:11:19,836] {logging_mixin.py:109} INFO - [2022-01-28 22:11:19,836] {dag.py:2935} INFO - Setting next_dagrun for example_branch_datetime_operator_2 to 2022-01-28 00:00:00+00:00
[2022-01-28 22:11:19,852] {processor.py:171} INFO - Processing /home/data-eginner/Documents/Soccer_Data/env/lib/python3.8/site-packages/airflow/example_dags/example_branch_datetime_operator.py took 0.108 seconds
[2022-01-28 22:12:00,575] {processor.py:163} INFO - Started process (PID=28451) to work on /home/data-eginner/Documents/Soccer_Data/env/lib/python3.8/site-packages/airflow/example_dags/example_branch_datetime_operator.py
[2022-01-28 22:12:00,584] {processor.py:642} INFO - Processing file /home/data-eginner/Documents/Soccer_Data/env/lib/python3.8/site-packages/airflow/example_dags/example_branch_datetime_operator.py for tasks to queue
[2022-01-28 22:12:00,585] {logging_mixin.py:109} INFO - [2022-01-28 22:12:00,585] {dagbag.py:500} INFO - Filling up the DagBag from /home/data-eginner/Documents/Soccer_Data/env/lib/python3.8/site-packages/airflow/example_dags/example_branch_datetime_operator.py
[2022-01-28 22:12:00,641] {processor.py:654} INFO - DAG(s) dict_keys(['example_branch_datetime_operator_2']) retrieved from /home/data-eginner/Documents/Soccer_Data/env/lib/python3.8/site-packages/airflow/example_dags/example_branch_datetime_operator.py
[2022-01-28 22:12:00,672] {logging_mixin.py:109} INFO - [2022-01-28 22:12:00,672] {dag.py:2396} INFO - Sync 1 DAGs
[2022-01-28 22:12:00,722] {logging_mixin.py:109} INFO - [2022-01-28 22:12:00,722] {dag.py:2935} INFO - Setting next_dagrun for example_branch_datetime_operator_2 to 2022-01-28 00:00:00+00:00
[2022-01-28 22:12:00,761] {processor.py:171} INFO - Processing /home/data-eginner/Documents/Soccer_Data/env/lib/python3.8/site-packages/airflow/example_dags/example_branch_datetime_operator.py took 0.188 seconds
[2022-01-28 22:12:40,337] {processor.py:163} INFO - Started process (PID=28606) to work on /home/data-eginner/Documents/Soccer_Data/env/lib/python3.8/site-packages/airflow/example_dags/example_branch_datetime_operator.py
[2022-01-28 22:12:40,343] {processor.py:642} INFO - Processing file /home/data-eginner/Documents/Soccer_Data/env/lib/python3.8/site-packages/airflow/example_dags/example_branch_datetime_operator.py for tasks to queue
[2022-01-28 22:12:40,344] {logging_mixin.py:109} INFO - [2022-01-28 22:12:40,343] {dagbag.py:500} INFO - Filling up the DagBag from /home/data-eginner/Documents/Soccer_Data/env/lib/python3.8/site-packages/airflow/example_dags/example_branch_datetime_operator.py
[2022-01-28 22:12:40,404] {processor.py:654} INFO - DAG(s) dict_keys(['example_branch_datetime_operator_2']) retrieved from /home/data-eginner/Documents/Soccer_Data/env/lib/python3.8/site-packages/airflow/example_dags/example_branch_datetime_operator.py
[2022-01-28 22:12:40,448] {logging_mixin.py:109} INFO - [2022-01-28 22:12:40,448] {dag.py:2396} INFO - Sync 1 DAGs
[2022-01-28 22:12:40,491] {logging_mixin.py:109} INFO - [2022-01-28 22:12:40,491] {dag.py:2935} INFO - Setting next_dagrun for example_branch_datetime_operator_2 to 2022-01-28 00:00:00+00:00
[2022-01-28 22:12:40,541] {processor.py:171} INFO - Processing /home/data-eginner/Documents/Soccer_Data/env/lib/python3.8/site-packages/airflow/example_dags/example_branch_datetime_operator.py took 0.223 seconds
[2022-01-28 22:13:21,090] {processor.py:163} INFO - Started process (PID=28763) to work on /home/data-eginner/Documents/Soccer_Data/env/lib/python3.8/site-packages/airflow/example_dags/example_branch_datetime_operator.py
[2022-01-28 22:13:21,107] {processor.py:642} INFO - Processing file /home/data-eginner/Documents/Soccer_Data/env/lib/python3.8/site-packages/airflow/example_dags/example_branch_datetime_operator.py for tasks to queue
[2022-01-28 22:13:21,108] {logging_mixin.py:109} INFO - [2022-01-28 22:13:21,107] {dagbag.py:500} INFO - Filling up the DagBag from /home/data-eginner/Documents/Soccer_Data/env/lib/python3.8/site-packages/airflow/example_dags/example_branch_datetime_operator.py
[2022-01-28 22:13:21,200] {processor.py:654} INFO - DAG(s) dict_keys(['example_branch_datetime_operator_2']) retrieved from /home/data-eginner/Documents/Soccer_Data/env/lib/python3.8/site-packages/airflow/example_dags/example_branch_datetime_operator.py
[2022-01-28 22:13:21,228] {logging_mixin.py:109} INFO - [2022-01-28 22:13:21,228] {dag.py:2396} INFO - Sync 1 DAGs
[2022-01-28 22:13:21,310] {logging_mixin.py:109} INFO - [2022-01-28 22:13:21,310] {dag.py:2935} INFO - Setting next_dagrun for example_branch_datetime_operator_2 to 2022-01-28 00:00:00+00:00
[2022-01-28 22:13:21,350] {processor.py:171} INFO - Processing /home/data-eginner/Documents/Soccer_Data/env/lib/python3.8/site-packages/airflow/example_dags/example_branch_datetime_operator.py took 0.283 seconds
[2022-01-28 22:14:07,428] {processor.py:163} INFO - Started process (PID=28956) to work on /home/data-eginner/Documents/Soccer_Data/env/lib/python3.8/site-packages/airflow/example_dags/example_branch_datetime_operator.py
[2022-01-28 22:14:07,431] {processor.py:642} INFO - Processing file /home/data-eginner/Documents/Soccer_Data/env/lib/python3.8/site-packages/airflow/example_dags/example_branch_datetime_operator.py for tasks to queue
[2022-01-28 22:14:07,431] {logging_mixin.py:109} INFO - [2022-01-28 22:14:07,431] {dagbag.py:500} INFO - Filling up the DagBag from /home/data-eginner/Documents/Soccer_Data/env/lib/python3.8/site-packages/airflow/example_dags/example_branch_datetime_operator.py
[2022-01-28 22:14:07,491] {processor.py:654} INFO - DAG(s) dict_keys(['example_branch_datetime_operator_2']) retrieved from /home/data-eginner/Documents/Soccer_Data/env/lib/python3.8/site-packages/airflow/example_dags/example_branch_datetime_operator.py
[2022-01-28 22:14:07,511] {logging_mixin.py:109} INFO - [2022-01-28 22:14:07,511] {dag.py:2396} INFO - Sync 1 DAGs
[2022-01-28 22:14:07,533] {logging_mixin.py:109} INFO - [2022-01-28 22:14:07,533] {dag.py:2935} INFO - Setting next_dagrun for example_branch_datetime_operator_2 to 2022-01-28 00:00:00+00:00
[2022-01-28 22:14:07,578] {processor.py:171} INFO - Processing /home/data-eginner/Documents/Soccer_Data/env/lib/python3.8/site-packages/airflow/example_dags/example_branch_datetime_operator.py took 0.152 seconds
[2022-01-28 22:15:04,779] {processor.py:163} INFO - Started process (PID=29172) to work on /home/data-eginner/Documents/Soccer_Data/env/lib/python3.8/site-packages/airflow/example_dags/example_branch_datetime_operator.py
[2022-01-28 22:15:04,795] {processor.py:642} INFO - Processing file /home/data-eginner/Documents/Soccer_Data/env/lib/python3.8/site-packages/airflow/example_dags/example_branch_datetime_operator.py for tasks to queue
[2022-01-28 22:15:04,795] {logging_mixin.py:109} INFO - [2022-01-28 22:15:04,795] {dagbag.py:500} INFO - Filling up the DagBag from /home/data-eginner/Documents/Soccer_Data/env/lib/python3.8/site-packages/airflow/example_dags/example_branch_datetime_operator.py
[2022-01-28 22:15:04,874] {processor.py:654} INFO - DAG(s) dict_keys(['example_branch_datetime_operator_2']) retrieved from /home/data-eginner/Documents/Soccer_Data/env/lib/python3.8/site-packages/airflow/example_dags/example_branch_datetime_operator.py
[2022-01-28 22:15:04,907] {logging_mixin.py:109} INFO - [2022-01-28 22:15:04,907] {dag.py:2396} INFO - Sync 1 DAGs
[2022-01-28 22:15:04,979] {logging_mixin.py:109} INFO - [2022-01-28 22:15:04,979] {dag.py:2935} INFO - Setting next_dagrun for example_branch_datetime_operator_2 to 2022-01-28 00:00:00+00:00
[2022-01-28 22:15:05,035] {processor.py:171} INFO - Processing /home/data-eginner/Documents/Soccer_Data/env/lib/python3.8/site-packages/airflow/example_dags/example_branch_datetime_operator.py took 0.281 seconds
[2022-01-28 22:16:09,132] {processor.py:163} INFO - Started process (PID=29389) to work on /home/data-eginner/Documents/Soccer_Data/env/lib/python3.8/site-packages/airflow/example_dags/example_branch_datetime_operator.py
[2022-01-28 22:16:09,156] {processor.py:642} INFO - Processing file /home/data-eginner/Documents/Soccer_Data/env/lib/python3.8/site-packages/airflow/example_dags/example_branch_datetime_operator.py for tasks to queue
[2022-01-28 22:16:09,156] {logging_mixin.py:109} INFO - [2022-01-28 22:16:09,156] {dagbag.py:500} INFO - Filling up the DagBag from /home/data-eginner/Documents/Soccer_Data/env/lib/python3.8/site-packages/airflow/example_dags/example_branch_datetime_operator.py
[2022-01-28 22:16:09,196] {processor.py:654} INFO - DAG(s) dict_keys(['example_branch_datetime_operator_2']) retrieved from /home/data-eginner/Documents/Soccer_Data/env/lib/python3.8/site-packages/airflow/example_dags/example_branch_datetime_operator.py
[2022-01-28 22:16:09,247] {logging_mixin.py:109} INFO - [2022-01-28 22:16:09,247] {dag.py:2396} INFO - Sync 1 DAGs
[2022-01-28 22:16:09,298] {logging_mixin.py:109} INFO - [2022-01-28 22:16:09,298] {dag.py:2935} INFO - Setting next_dagrun for example_branch_datetime_operator_2 to 2022-01-28 00:00:00+00:00
[2022-01-28 22:16:09,338] {processor.py:171} INFO - Processing /home/data-eginner/Documents/Soccer_Data/env/lib/python3.8/site-packages/airflow/example_dags/example_branch_datetime_operator.py took 0.209 seconds
[2022-01-28 22:17:25,958] {processor.py:163} INFO - Started process (PID=29688) to work on /home/data-eginner/Documents/Soccer_Data/env/lib/python3.8/site-packages/airflow/example_dags/example_branch_datetime_operator.py
[2022-01-28 22:17:25,960] {processor.py:642} INFO - Processing file /home/data-eginner/Documents/Soccer_Data/env/lib/python3.8/site-packages/airflow/example_dags/example_branch_datetime_operator.py for tasks to queue
[2022-01-28 22:17:25,960] {logging_mixin.py:109} INFO - [2022-01-28 22:17:25,960] {dagbag.py:500} INFO - Filling up the DagBag from /home/data-eginner/Documents/Soccer_Data/env/lib/python3.8/site-packages/airflow/example_dags/example_branch_datetime_operator.py
[2022-01-28 22:17:26,055] {processor.py:654} INFO - DAG(s) dict_keys(['example_branch_datetime_operator_2']) retrieved from /home/data-eginner/Documents/Soccer_Data/env/lib/python3.8/site-packages/airflow/example_dags/example_branch_datetime_operator.py
[2022-01-28 22:17:26,105] {logging_mixin.py:109} INFO - [2022-01-28 22:17:26,105] {dag.py:2396} INFO - Sync 1 DAGs
[2022-01-28 22:17:26,160] {logging_mixin.py:109} INFO - [2022-01-28 22:17:26,160] {dag.py:2935} INFO - Setting next_dagrun for example_branch_datetime_operator_2 to 2022-01-28 00:00:00+00:00
[2022-01-28 22:17:26,201] {processor.py:171} INFO - Processing /home/data-eginner/Documents/Soccer_Data/env/lib/python3.8/site-packages/airflow/example_dags/example_branch_datetime_operator.py took 0.269 seconds
[2022-01-28 22:18:06,486] {processor.py:163} INFO - Started process (PID=29849) to work on /home/data-eginner/Documents/Soccer_Data/env/lib/python3.8/site-packages/airflow/example_dags/example_branch_datetime_operator.py
[2022-01-28 22:18:06,488] {processor.py:642} INFO - Processing file /home/data-eginner/Documents/Soccer_Data/env/lib/python3.8/site-packages/airflow/example_dags/example_branch_datetime_operator.py for tasks to queue
[2022-01-28 22:18:06,489] {logging_mixin.py:109} INFO - [2022-01-28 22:18:06,489] {dagbag.py:500} INFO - Filling up the DagBag from /home/data-eginner/Documents/Soccer_Data/env/lib/python3.8/site-packages/airflow/example_dags/example_branch_datetime_operator.py
[2022-01-28 22:18:06,511] {processor.py:654} INFO - DAG(s) dict_keys(['example_branch_datetime_operator_2']) retrieved from /home/data-eginner/Documents/Soccer_Data/env/lib/python3.8/site-packages/airflow/example_dags/example_branch_datetime_operator.py
[2022-01-28 22:18:06,519] {logging_mixin.py:109} INFO - [2022-01-28 22:18:06,519] {dag.py:2396} INFO - Sync 1 DAGs
[2022-01-28 22:18:06,538] {logging_mixin.py:109} INFO - [2022-01-28 22:18:06,538] {dag.py:2935} INFO - Setting next_dagrun for example_branch_datetime_operator_2 to 2022-01-28 00:00:00+00:00
[2022-01-28 22:18:06,570] {processor.py:171} INFO - Processing /home/data-eginner/Documents/Soccer_Data/env/lib/python3.8/site-packages/airflow/example_dags/example_branch_datetime_operator.py took 0.089 seconds
[2022-01-28 22:18:46,330] {processor.py:163} INFO - Started process (PID=30008) to work on /home/data-eginner/Documents/Soccer_Data/env/lib/python3.8/site-packages/airflow/example_dags/example_branch_datetime_operator.py
[2022-01-28 22:18:46,335] {processor.py:642} INFO - Processing file /home/data-eginner/Documents/Soccer_Data/env/lib/python3.8/site-packages/airflow/example_dags/example_branch_datetime_operator.py for tasks to queue
[2022-01-28 22:18:46,336] {logging_mixin.py:109} INFO - [2022-01-28 22:18:46,336] {dagbag.py:500} INFO - Filling up the DagBag from /home/data-eginner/Documents/Soccer_Data/env/lib/python3.8/site-packages/airflow/example_dags/example_branch_datetime_operator.py
[2022-01-28 22:18:46,377] {processor.py:654} INFO - DAG(s) dict_keys(['example_branch_datetime_operator_2']) retrieved from /home/data-eginner/Documents/Soccer_Data/env/lib/python3.8/site-packages/airflow/example_dags/example_branch_datetime_operator.py
[2022-01-28 22:18:46,385] {logging_mixin.py:109} INFO - [2022-01-28 22:18:46,385] {dag.py:2396} INFO - Sync 1 DAGs
[2022-01-28 22:18:46,398] {logging_mixin.py:109} INFO - [2022-01-28 22:18:46,398] {dag.py:2935} INFO - Setting next_dagrun for example_branch_datetime_operator_2 to 2022-01-28 00:00:00+00:00
[2022-01-28 22:18:46,447] {processor.py:171} INFO - Processing /home/data-eginner/Documents/Soccer_Data/env/lib/python3.8/site-packages/airflow/example_dags/example_branch_datetime_operator.py took 0.120 seconds
[2022-01-28 22:19:30,444] {processor.py:163} INFO - Started process (PID=30191) to work on /home/data-eginner/Documents/Soccer_Data/env/lib/python3.8/site-packages/airflow/example_dags/example_branch_datetime_operator.py
[2022-01-28 22:19:30,452] {processor.py:642} INFO - Processing file /home/data-eginner/Documents/Soccer_Data/env/lib/python3.8/site-packages/airflow/example_dags/example_branch_datetime_operator.py for tasks to queue
[2022-01-28 22:19:30,453] {logging_mixin.py:109} INFO - [2022-01-28 22:19:30,453] {dagbag.py:500} INFO - Filling up the DagBag from /home/data-eginner/Documents/Soccer_Data/env/lib/python3.8/site-packages/airflow/example_dags/example_branch_datetime_operator.py
[2022-01-28 22:19:30,506] {processor.py:654} INFO - DAG(s) dict_keys(['example_branch_datetime_operator_2']) retrieved from /home/data-eginner/Documents/Soccer_Data/env/lib/python3.8/site-packages/airflow/example_dags/example_branch_datetime_operator.py
[2022-01-28 22:19:30,526] {logging_mixin.py:109} INFO - [2022-01-28 22:19:30,526] {dag.py:2396} INFO - Sync 1 DAGs
[2022-01-28 22:19:30,542] {logging_mixin.py:109} INFO - [2022-01-28 22:19:30,542] {dag.py:2935} INFO - Setting next_dagrun for example_branch_datetime_operator_2 to 2022-01-28 00:00:00+00:00
[2022-01-28 22:19:30,581] {processor.py:171} INFO - Processing /home/data-eginner/Documents/Soccer_Data/env/lib/python3.8/site-packages/airflow/example_dags/example_branch_datetime_operator.py took 0.154 seconds
[2022-01-28 22:20:33,246] {processor.py:163} INFO - Started process (PID=30437) to work on /home/data-eginner/Documents/Soccer_Data/env/lib/python3.8/site-packages/airflow/example_dags/example_branch_datetime_operator.py
[2022-01-28 22:20:33,248] {processor.py:642} INFO - Processing file /home/data-eginner/Documents/Soccer_Data/env/lib/python3.8/site-packages/airflow/example_dags/example_branch_datetime_operator.py for tasks to queue
[2022-01-28 22:20:33,249] {logging_mixin.py:109} INFO - [2022-01-28 22:20:33,249] {dagbag.py:500} INFO - Filling up the DagBag from /home/data-eginner/Documents/Soccer_Data/env/lib/python3.8/site-packages/airflow/example_dags/example_branch_datetime_operator.py
[2022-01-28 22:20:33,269] {processor.py:654} INFO - DAG(s) dict_keys(['example_branch_datetime_operator_2']) retrieved from /home/data-eginner/Documents/Soccer_Data/env/lib/python3.8/site-packages/airflow/example_dags/example_branch_datetime_operator.py
[2022-01-28 22:20:33,277] {logging_mixin.py:109} INFO - [2022-01-28 22:20:33,277] {dag.py:2396} INFO - Sync 1 DAGs
[2022-01-28 22:20:33,290] {logging_mixin.py:109} INFO - [2022-01-28 22:20:33,290] {dag.py:2935} INFO - Setting next_dagrun for example_branch_datetime_operator_2 to 2022-01-28 00:00:00+00:00
[2022-01-28 22:20:33,306] {processor.py:171} INFO - Processing /home/data-eginner/Documents/Soccer_Data/env/lib/python3.8/site-packages/airflow/example_dags/example_branch_datetime_operator.py took 0.075 seconds
[2022-01-28 22:21:10,685] {processor.py:163} INFO - Started process (PID=30600) to work on /home/data-eginner/Documents/Soccer_Data/env/lib/python3.8/site-packages/airflow/example_dags/example_branch_datetime_operator.py
[2022-01-28 22:21:10,688] {processor.py:642} INFO - Processing file /home/data-eginner/Documents/Soccer_Data/env/lib/python3.8/site-packages/airflow/example_dags/example_branch_datetime_operator.py for tasks to queue
[2022-01-28 22:21:10,689] {logging_mixin.py:109} INFO - [2022-01-28 22:21:10,689] {dagbag.py:500} INFO - Filling up the DagBag from /home/data-eginner/Documents/Soccer_Data/env/lib/python3.8/site-packages/airflow/example_dags/example_branch_datetime_operator.py
[2022-01-28 22:21:10,708] {processor.py:654} INFO - DAG(s) dict_keys(['example_branch_datetime_operator_2']) retrieved from /home/data-eginner/Documents/Soccer_Data/env/lib/python3.8/site-packages/airflow/example_dags/example_branch_datetime_operator.py
[2022-01-28 22:21:10,717] {logging_mixin.py:109} INFO - [2022-01-28 22:21:10,717] {dag.py:2396} INFO - Sync 1 DAGs
[2022-01-28 22:21:10,731] {logging_mixin.py:109} INFO - [2022-01-28 22:21:10,731] {dag.py:2935} INFO - Setting next_dagrun for example_branch_datetime_operator_2 to 2022-01-28 00:00:00+00:00
[2022-01-28 22:21:10,784] {processor.py:171} INFO - Processing /home/data-eginner/Documents/Soccer_Data/env/lib/python3.8/site-packages/airflow/example_dags/example_branch_datetime_operator.py took 0.102 seconds
[2022-01-28 22:21:47,433] {processor.py:163} INFO - Started process (PID=30753) to work on /home/data-eginner/Documents/Soccer_Data/env/lib/python3.8/site-packages/airflow/example_dags/example_branch_datetime_operator.py
[2022-01-28 22:21:47,440] {processor.py:642} INFO - Processing file /home/data-eginner/Documents/Soccer_Data/env/lib/python3.8/site-packages/airflow/example_dags/example_branch_datetime_operator.py for tasks to queue
[2022-01-28 22:21:47,442] {logging_mixin.py:109} INFO - [2022-01-28 22:21:47,442] {dagbag.py:500} INFO - Filling up the DagBag from /home/data-eginner/Documents/Soccer_Data/env/lib/python3.8/site-packages/airflow/example_dags/example_branch_datetime_operator.py
[2022-01-28 22:21:47,485] {processor.py:654} INFO - DAG(s) dict_keys(['example_branch_datetime_operator_2']) retrieved from /home/data-eginner/Documents/Soccer_Data/env/lib/python3.8/site-packages/airflow/example_dags/example_branch_datetime_operator.py
[2022-01-28 22:21:47,499] {logging_mixin.py:109} INFO - [2022-01-28 22:21:47,499] {dag.py:2396} INFO - Sync 1 DAGs
[2022-01-28 22:21:47,510] {logging_mixin.py:109} INFO - [2022-01-28 22:21:47,510] {dag.py:2935} INFO - Setting next_dagrun for example_branch_datetime_operator_2 to 2022-01-28 00:00:00+00:00
[2022-01-28 22:21:47,532] {processor.py:171} INFO - Processing /home/data-eginner/Documents/Soccer_Data/env/lib/python3.8/site-packages/airflow/example_dags/example_branch_datetime_operator.py took 0.117 seconds
[2022-01-28 22:22:25,991] {processor.py:163} INFO - Started process (PID=30921) to work on /home/data-eginner/Documents/Soccer_Data/env/lib/python3.8/site-packages/airflow/example_dags/example_branch_datetime_operator.py
[2022-01-28 22:22:26,003] {processor.py:642} INFO - Processing file /home/data-eginner/Documents/Soccer_Data/env/lib/python3.8/site-packages/airflow/example_dags/example_branch_datetime_operator.py for tasks to queue
[2022-01-28 22:22:26,003] {logging_mixin.py:109} INFO - [2022-01-28 22:22:26,003] {dagbag.py:500} INFO - Filling up the DagBag from /home/data-eginner/Documents/Soccer_Data/env/lib/python3.8/site-packages/airflow/example_dags/example_branch_datetime_operator.py
[2022-01-28 22:22:26,039] {processor.py:654} INFO - DAG(s) dict_keys(['example_branch_datetime_operator_2']) retrieved from /home/data-eginner/Documents/Soccer_Data/env/lib/python3.8/site-packages/airflow/example_dags/example_branch_datetime_operator.py
[2022-01-28 22:22:26,058] {logging_mixin.py:109} INFO - [2022-01-28 22:22:26,058] {dag.py:2396} INFO - Sync 1 DAGs
[2022-01-28 22:22:26,081] {logging_mixin.py:109} INFO - [2022-01-28 22:22:26,080] {dag.py:2935} INFO - Setting next_dagrun for example_branch_datetime_operator_2 to 2022-01-28 00:00:00+00:00
[2022-01-28 22:22:26,111] {processor.py:171} INFO - Processing /home/data-eginner/Documents/Soccer_Data/env/lib/python3.8/site-packages/airflow/example_dags/example_branch_datetime_operator.py took 0.133 seconds
