[2022-01-28 21:00:03,450] {processor.py:163} INFO - Started process (PID=18933) to work on /home/data-eginner/Documents/Soccer_Data/env/lib/python3.8/site-packages/airflow/example_dags/example_skip_dag.py
[2022-01-28 21:00:03,451] {processor.py:642} INFO - Processing file /home/data-eginner/Documents/Soccer_Data/env/lib/python3.8/site-packages/airflow/example_dags/example_skip_dag.py for tasks to queue
[2022-01-28 21:00:03,451] {logging_mixin.py:109} INFO - [2022-01-28 21:00:03,451] {dagbag.py:500} INFO - Filling up the DagBag from /home/data-eginner/Documents/Soccer_Data/env/lib/python3.8/site-packages/airflow/example_dags/example_skip_dag.py
[2022-01-28 21:00:03,653] {processor.py:654} INFO - DAG(s) dict_keys(['example_skip_dag']) retrieved from /home/data-eginner/Documents/Soccer_Data/env/lib/python3.8/site-packages/airflow/example_dags/example_skip_dag.py
[2022-01-28 21:00:03,698] {logging_mixin.py:109} INFO - [2022-01-28 21:00:03,698] {dag.py:2396} INFO - Sync 1 DAGs
[2022-01-28 21:00:03,826] {logging_mixin.py:109} INFO - [2022-01-28 21:00:03,826] {dag.py:2935} INFO - Setting next_dagrun for example_skip_dag to 2022-01-28T00:00:03.825590+00:00
[2022-01-28 21:00:03,884] {processor.py:171} INFO - Processing /home/data-eginner/Documents/Soccer_Data/env/lib/python3.8/site-packages/airflow/example_dags/example_skip_dag.py took 0.487 seconds
[2022-01-28 21:08:29,504] {processor.py:163} INFO - Started process (PID=19814) to work on /home/data-eginner/Documents/Soccer_Data/env/lib/python3.8/site-packages/airflow/example_dags/example_skip_dag.py
[2022-01-28 21:08:29,527] {processor.py:642} INFO - Processing file /home/data-eginner/Documents/Soccer_Data/env/lib/python3.8/site-packages/airflow/example_dags/example_skip_dag.py for tasks to queue
[2022-01-28 21:08:29,527] {logging_mixin.py:109} INFO - [2022-01-28 21:08:29,527] {dagbag.py:500} INFO - Filling up the DagBag from /home/data-eginner/Documents/Soccer_Data/env/lib/python3.8/site-packages/airflow/example_dags/example_skip_dag.py
[2022-01-28 21:08:29,617] {processor.py:654} INFO - DAG(s) dict_keys(['example_skip_dag']) retrieved from /home/data-eginner/Documents/Soccer_Data/env/lib/python3.8/site-packages/airflow/example_dags/example_skip_dag.py
[2022-01-28 21:08:29,662] {logging_mixin.py:109} INFO - [2022-01-28 21:08:29,662] {dag.py:2396} INFO - Sync 1 DAGs
[2022-01-28 21:08:29,702] {logging_mixin.py:109} INFO - [2022-01-28 21:08:29,702] {dag.py:2935} INFO - Setting next_dagrun for example_skip_dag to 2022-01-28T00:08:29.702352+00:00
[2022-01-28 21:08:29,767] {processor.py:171} INFO - Processing /home/data-eginner/Documents/Soccer_Data/env/lib/python3.8/site-packages/airflow/example_dags/example_skip_dag.py took 0.285 seconds
[2022-01-28 21:09:22,246] {processor.py:163} INFO - Started process (PID=19992) to work on /home/data-eginner/Documents/Soccer_Data/env/lib/python3.8/site-packages/airflow/example_dags/example_skip_dag.py
[2022-01-28 21:09:22,254] {processor.py:642} INFO - Processing file /home/data-eginner/Documents/Soccer_Data/env/lib/python3.8/site-packages/airflow/example_dags/example_skip_dag.py for tasks to queue
[2022-01-28 21:09:22,254] {logging_mixin.py:109} INFO - [2022-01-28 21:09:22,254] {dagbag.py:500} INFO - Filling up the DagBag from /home/data-eginner/Documents/Soccer_Data/env/lib/python3.8/site-packages/airflow/example_dags/example_skip_dag.py
[2022-01-28 21:09:22,348] {processor.py:654} INFO - DAG(s) dict_keys(['example_skip_dag']) retrieved from /home/data-eginner/Documents/Soccer_Data/env/lib/python3.8/site-packages/airflow/example_dags/example_skip_dag.py
[2022-01-28 21:09:22,384] {logging_mixin.py:109} INFO - [2022-01-28 21:09:22,384] {dag.py:2396} INFO - Sync 1 DAGs
[2022-01-28 21:09:22,443] {logging_mixin.py:109} INFO - [2022-01-28 21:09:22,443] {dag.py:2935} INFO - Setting next_dagrun for example_skip_dag to 2022-01-28T00:09:22.407671+00:00
[2022-01-28 21:09:22,476] {processor.py:171} INFO - Processing /home/data-eginner/Documents/Soccer_Data/env/lib/python3.8/site-packages/airflow/example_dags/example_skip_dag.py took 0.243 seconds
[2022-01-28 21:10:12,013] {processor.py:163} INFO - Started process (PID=20173) to work on /home/data-eginner/Documents/Soccer_Data/env/lib/python3.8/site-packages/airflow/example_dags/example_skip_dag.py
[2022-01-28 21:10:12,018] {processor.py:642} INFO - Processing file /home/data-eginner/Documents/Soccer_Data/env/lib/python3.8/site-packages/airflow/example_dags/example_skip_dag.py for tasks to queue
[2022-01-28 21:10:12,019] {logging_mixin.py:109} INFO - [2022-01-28 21:10:12,019] {dagbag.py:500} INFO - Filling up the DagBag from /home/data-eginner/Documents/Soccer_Data/env/lib/python3.8/site-packages/airflow/example_dags/example_skip_dag.py
[2022-01-28 21:10:12,042] {processor.py:654} INFO - DAG(s) dict_keys(['example_skip_dag']) retrieved from /home/data-eginner/Documents/Soccer_Data/env/lib/python3.8/site-packages/airflow/example_dags/example_skip_dag.py
[2022-01-28 21:10:12,055] {logging_mixin.py:109} INFO - [2022-01-28 21:10:12,055] {dag.py:2396} INFO - Sync 1 DAGs
[2022-01-28 21:10:12,068] {logging_mixin.py:109} INFO - [2022-01-28 21:10:12,068] {dag.py:2935} INFO - Setting next_dagrun for example_skip_dag to 2022-01-28T00:10:12.067733+00:00
[2022-01-28 21:10:12,095] {processor.py:171} INFO - Processing /home/data-eginner/Documents/Soccer_Data/env/lib/python3.8/site-packages/airflow/example_dags/example_skip_dag.py took 0.085 seconds
[2022-01-28 21:11:00,308] {processor.py:163} INFO - Started process (PID=20378) to work on /home/data-eginner/Documents/Soccer_Data/env/lib/python3.8/site-packages/airflow/example_dags/example_skip_dag.py
[2022-01-28 21:11:00,316] {processor.py:642} INFO - Processing file /home/data-eginner/Documents/Soccer_Data/env/lib/python3.8/site-packages/airflow/example_dags/example_skip_dag.py for tasks to queue
[2022-01-28 21:11:00,317] {logging_mixin.py:109} INFO - [2022-01-28 21:11:00,316] {dagbag.py:500} INFO - Filling up the DagBag from /home/data-eginner/Documents/Soccer_Data/env/lib/python3.8/site-packages/airflow/example_dags/example_skip_dag.py
[2022-01-28 21:11:00,345] {processor.py:654} INFO - DAG(s) dict_keys(['example_skip_dag']) retrieved from /home/data-eginner/Documents/Soccer_Data/env/lib/python3.8/site-packages/airflow/example_dags/example_skip_dag.py
[2022-01-28 21:11:00,357] {logging_mixin.py:109} INFO - [2022-01-28 21:11:00,357] {dag.py:2396} INFO - Sync 1 DAGs
[2022-01-28 21:11:00,373] {logging_mixin.py:109} INFO - [2022-01-28 21:11:00,373] {dag.py:2935} INFO - Setting next_dagrun for example_skip_dag to 2022-01-28T00:11:00.373487+00:00
[2022-01-28 21:11:00,394] {processor.py:171} INFO - Processing /home/data-eginner/Documents/Soccer_Data/env/lib/python3.8/site-packages/airflow/example_dags/example_skip_dag.py took 0.090 seconds
[2022-01-28 21:11:47,307] {processor.py:163} INFO - Started process (PID=20550) to work on /home/data-eginner/Documents/Soccer_Data/env/lib/python3.8/site-packages/airflow/example_dags/example_skip_dag.py
[2022-01-28 21:11:47,329] {processor.py:642} INFO - Processing file /home/data-eginner/Documents/Soccer_Data/env/lib/python3.8/site-packages/airflow/example_dags/example_skip_dag.py for tasks to queue
[2022-01-28 21:11:47,330] {logging_mixin.py:109} INFO - [2022-01-28 21:11:47,330] {dagbag.py:500} INFO - Filling up the DagBag from /home/data-eginner/Documents/Soccer_Data/env/lib/python3.8/site-packages/airflow/example_dags/example_skip_dag.py
[2022-01-28 21:11:47,372] {processor.py:654} INFO - DAG(s) dict_keys(['example_skip_dag']) retrieved from /home/data-eginner/Documents/Soccer_Data/env/lib/python3.8/site-packages/airflow/example_dags/example_skip_dag.py
[2022-01-28 21:11:47,381] {logging_mixin.py:109} INFO - [2022-01-28 21:11:47,381] {dag.py:2396} INFO - Sync 1 DAGs
[2022-01-28 21:11:47,402] {logging_mixin.py:109} INFO - [2022-01-28 21:11:47,402] {dag.py:2935} INFO - Setting next_dagrun for example_skip_dag to 2022-01-28T00:11:47.402057+00:00
[2022-01-28 21:11:47,423] {processor.py:171} INFO - Processing /home/data-eginner/Documents/Soccer_Data/env/lib/python3.8/site-packages/airflow/example_dags/example_skip_dag.py took 0.119 seconds
[2022-01-28 21:12:35,897] {processor.py:163} INFO - Started process (PID=20748) to work on /home/data-eginner/Documents/Soccer_Data/env/lib/python3.8/site-packages/airflow/example_dags/example_skip_dag.py
[2022-01-28 21:12:35,899] {processor.py:642} INFO - Processing file /home/data-eginner/Documents/Soccer_Data/env/lib/python3.8/site-packages/airflow/example_dags/example_skip_dag.py for tasks to queue
[2022-01-28 21:12:35,899] {logging_mixin.py:109} INFO - [2022-01-28 21:12:35,899] {dagbag.py:500} INFO - Filling up the DagBag from /home/data-eginner/Documents/Soccer_Data/env/lib/python3.8/site-packages/airflow/example_dags/example_skip_dag.py
[2022-01-28 21:12:35,922] {processor.py:654} INFO - DAG(s) dict_keys(['example_skip_dag']) retrieved from /home/data-eginner/Documents/Soccer_Data/env/lib/python3.8/site-packages/airflow/example_dags/example_skip_dag.py
[2022-01-28 21:12:35,937] {logging_mixin.py:109} INFO - [2022-01-28 21:12:35,937] {dag.py:2396} INFO - Sync 1 DAGs
[2022-01-28 21:12:35,952] {logging_mixin.py:109} INFO - [2022-01-28 21:12:35,952] {dag.py:2935} INFO - Setting next_dagrun for example_skip_dag to 2022-01-28T00:12:35.952298+00:00
[2022-01-28 21:12:35,973] {processor.py:171} INFO - Processing /home/data-eginner/Documents/Soccer_Data/env/lib/python3.8/site-packages/airflow/example_dags/example_skip_dag.py took 0.078 seconds
[2022-01-28 21:13:26,704] {processor.py:163} INFO - Started process (PID=20937) to work on /home/data-eginner/Documents/Soccer_Data/env/lib/python3.8/site-packages/airflow/example_dags/example_skip_dag.py
[2022-01-28 21:13:26,709] {processor.py:642} INFO - Processing file /home/data-eginner/Documents/Soccer_Data/env/lib/python3.8/site-packages/airflow/example_dags/example_skip_dag.py for tasks to queue
[2022-01-28 21:13:26,710] {logging_mixin.py:109} INFO - [2022-01-28 21:13:26,710] {dagbag.py:500} INFO - Filling up the DagBag from /home/data-eginner/Documents/Soccer_Data/env/lib/python3.8/site-packages/airflow/example_dags/example_skip_dag.py
[2022-01-28 21:13:26,777] {processor.py:654} INFO - DAG(s) dict_keys(['example_skip_dag']) retrieved from /home/data-eginner/Documents/Soccer_Data/env/lib/python3.8/site-packages/airflow/example_dags/example_skip_dag.py
[2022-01-28 21:13:26,834] {logging_mixin.py:109} INFO - [2022-01-28 21:13:26,822] {dag.py:2396} INFO - Sync 1 DAGs
[2022-01-28 21:13:26,862] {logging_mixin.py:109} INFO - [2022-01-28 21:13:26,862] {dag.py:2935} INFO - Setting next_dagrun for example_skip_dag to 2022-01-28T00:13:26.862547+00:00
[2022-01-28 21:13:26,902] {processor.py:171} INFO - Processing /home/data-eginner/Documents/Soccer_Data/env/lib/python3.8/site-packages/airflow/example_dags/example_skip_dag.py took 0.201 seconds
[2022-01-28 21:14:11,712] {processor.py:163} INFO - Started process (PID=21101) to work on /home/data-eginner/Documents/Soccer_Data/env/lib/python3.8/site-packages/airflow/example_dags/example_skip_dag.py
[2022-01-28 21:14:11,716] {processor.py:642} INFO - Processing file /home/data-eginner/Documents/Soccer_Data/env/lib/python3.8/site-packages/airflow/example_dags/example_skip_dag.py for tasks to queue
[2022-01-28 21:14:11,716] {logging_mixin.py:109} INFO - [2022-01-28 21:14:11,716] {dagbag.py:500} INFO - Filling up the DagBag from /home/data-eginner/Documents/Soccer_Data/env/lib/python3.8/site-packages/airflow/example_dags/example_skip_dag.py
[2022-01-28 21:14:11,753] {processor.py:654} INFO - DAG(s) dict_keys(['example_skip_dag']) retrieved from /home/data-eginner/Documents/Soccer_Data/env/lib/python3.8/site-packages/airflow/example_dags/example_skip_dag.py
[2022-01-28 21:14:11,768] {logging_mixin.py:109} INFO - [2022-01-28 21:14:11,768] {dag.py:2396} INFO - Sync 1 DAGs
[2022-01-28 21:14:11,786] {logging_mixin.py:109} INFO - [2022-01-28 21:14:11,786] {dag.py:2935} INFO - Setting next_dagrun for example_skip_dag to 2022-01-28T00:14:11.786150+00:00
[2022-01-28 21:14:11,811] {processor.py:171} INFO - Processing /home/data-eginner/Documents/Soccer_Data/env/lib/python3.8/site-packages/airflow/example_dags/example_skip_dag.py took 0.120 seconds
[2022-01-28 21:15:21,224] {processor.py:163} INFO - Started process (PID=21326) to work on /home/data-eginner/Documents/Soccer_Data/env/lib/python3.8/site-packages/airflow/example_dags/example_skip_dag.py
[2022-01-28 21:15:21,275] {processor.py:642} INFO - Processing file /home/data-eginner/Documents/Soccer_Data/env/lib/python3.8/site-packages/airflow/example_dags/example_skip_dag.py for tasks to queue
[2022-01-28 21:15:21,279] {logging_mixin.py:109} INFO - [2022-01-28 21:15:21,279] {dagbag.py:500} INFO - Filling up the DagBag from /home/data-eginner/Documents/Soccer_Data/env/lib/python3.8/site-packages/airflow/example_dags/example_skip_dag.py
[2022-01-28 21:15:21,418] {processor.py:654} INFO - DAG(s) dict_keys(['example_skip_dag']) retrieved from /home/data-eginner/Documents/Soccer_Data/env/lib/python3.8/site-packages/airflow/example_dags/example_skip_dag.py
[2022-01-28 21:15:21,549] {logging_mixin.py:109} INFO - [2022-01-28 21:15:21,549] {dag.py:2396} INFO - Sync 1 DAGs
[2022-01-28 21:15:21,629] {logging_mixin.py:109} INFO - [2022-01-28 21:15:21,629] {dag.py:2935} INFO - Setting next_dagrun for example_skip_dag to 2022-01-28T00:15:21.628771+00:00
[2022-01-28 21:15:21,691] {processor.py:171} INFO - Processing /home/data-eginner/Documents/Soccer_Data/env/lib/python3.8/site-packages/airflow/example_dags/example_skip_dag.py took 0.469 seconds
[2022-01-28 21:16:15,670] {processor.py:163} INFO - Started process (PID=21505) to work on /home/data-eginner/Documents/Soccer_Data/env/lib/python3.8/site-packages/airflow/example_dags/example_skip_dag.py
[2022-01-28 21:16:15,684] {processor.py:642} INFO - Processing file /home/data-eginner/Documents/Soccer_Data/env/lib/python3.8/site-packages/airflow/example_dags/example_skip_dag.py for tasks to queue
[2022-01-28 21:16:15,684] {logging_mixin.py:109} INFO - [2022-01-28 21:16:15,684] {dagbag.py:500} INFO - Filling up the DagBag from /home/data-eginner/Documents/Soccer_Data/env/lib/python3.8/site-packages/airflow/example_dags/example_skip_dag.py
[2022-01-28 21:16:15,712] {processor.py:654} INFO - DAG(s) dict_keys(['example_skip_dag']) retrieved from /home/data-eginner/Documents/Soccer_Data/env/lib/python3.8/site-packages/airflow/example_dags/example_skip_dag.py
[2022-01-28 21:16:15,750] {logging_mixin.py:109} INFO - [2022-01-28 21:16:15,750] {dag.py:2396} INFO - Sync 1 DAGs
[2022-01-28 21:16:15,775] {logging_mixin.py:109} INFO - [2022-01-28 21:16:15,774] {dag.py:2935} INFO - Setting next_dagrun for example_skip_dag to 2022-01-28T00:16:15.774721+00:00
[2022-01-28 21:16:15,802] {processor.py:171} INFO - Processing /home/data-eginner/Documents/Soccer_Data/env/lib/python3.8/site-packages/airflow/example_dags/example_skip_dag.py took 0.136 seconds
[2022-01-28 21:17:28,771] {processor.py:163} INFO - Started process (PID=21735) to work on /home/data-eginner/Documents/Soccer_Data/env/lib/python3.8/site-packages/airflow/example_dags/example_skip_dag.py
[2022-01-28 21:17:28,801] {processor.py:642} INFO - Processing file /home/data-eginner/Documents/Soccer_Data/env/lib/python3.8/site-packages/airflow/example_dags/example_skip_dag.py for tasks to queue
[2022-01-28 21:17:28,801] {logging_mixin.py:109} INFO - [2022-01-28 21:17:28,801] {dagbag.py:500} INFO - Filling up the DagBag from /home/data-eginner/Documents/Soccer_Data/env/lib/python3.8/site-packages/airflow/example_dags/example_skip_dag.py
[2022-01-28 21:17:28,865] {processor.py:654} INFO - DAG(s) dict_keys(['example_skip_dag']) retrieved from /home/data-eginner/Documents/Soccer_Data/env/lib/python3.8/site-packages/airflow/example_dags/example_skip_dag.py
[2022-01-28 21:17:28,932] {logging_mixin.py:109} INFO - [2022-01-28 21:17:28,931] {dag.py:2396} INFO - Sync 1 DAGs
[2022-01-28 21:17:28,973] {logging_mixin.py:109} INFO - [2022-01-28 21:17:28,973] {dag.py:2935} INFO - Setting next_dagrun for example_skip_dag to 2022-01-28T00:17:28.973332+00:00
[2022-01-28 21:17:29,038] {processor.py:171} INFO - Processing /home/data-eginner/Documents/Soccer_Data/env/lib/python3.8/site-packages/airflow/example_dags/example_skip_dag.py took 0.272 seconds
[2022-01-28 21:18:18,522] {processor.py:163} INFO - Started process (PID=21895) to work on /home/data-eginner/Documents/Soccer_Data/env/lib/python3.8/site-packages/airflow/example_dags/example_skip_dag.py
[2022-01-28 21:18:18,548] {processor.py:642} INFO - Processing file /home/data-eginner/Documents/Soccer_Data/env/lib/python3.8/site-packages/airflow/example_dags/example_skip_dag.py for tasks to queue
[2022-01-28 21:18:18,549] {logging_mixin.py:109} INFO - [2022-01-28 21:18:18,549] {dagbag.py:500} INFO - Filling up the DagBag from /home/data-eginner/Documents/Soccer_Data/env/lib/python3.8/site-packages/airflow/example_dags/example_skip_dag.py
[2022-01-28 21:18:18,616] {processor.py:654} INFO - DAG(s) dict_keys(['example_skip_dag']) retrieved from /home/data-eginner/Documents/Soccer_Data/env/lib/python3.8/site-packages/airflow/example_dags/example_skip_dag.py
[2022-01-28 21:18:18,660] {logging_mixin.py:109} INFO - [2022-01-28 21:18:18,660] {dag.py:2396} INFO - Sync 1 DAGs
[2022-01-28 21:18:18,712] {logging_mixin.py:109} INFO - [2022-01-28 21:18:18,712] {dag.py:2935} INFO - Setting next_dagrun for example_skip_dag to 2022-01-28T00:18:18.706842+00:00
[2022-01-28 21:18:18,772] {processor.py:171} INFO - Processing /home/data-eginner/Documents/Soccer_Data/env/lib/python3.8/site-packages/airflow/example_dags/example_skip_dag.py took 0.271 seconds
[2022-01-28 21:19:16,964] {processor.py:163} INFO - Started process (PID=22066) to work on /home/data-eginner/Documents/Soccer_Data/env/lib/python3.8/site-packages/airflow/example_dags/example_skip_dag.py
[2022-01-28 21:19:17,015] {processor.py:642} INFO - Processing file /home/data-eginner/Documents/Soccer_Data/env/lib/python3.8/site-packages/airflow/example_dags/example_skip_dag.py for tasks to queue
[2022-01-28 21:19:17,037] {logging_mixin.py:109} INFO - [2022-01-28 21:19:17,037] {dagbag.py:500} INFO - Filling up the DagBag from /home/data-eginner/Documents/Soccer_Data/env/lib/python3.8/site-packages/airflow/example_dags/example_skip_dag.py
[2022-01-28 21:19:17,187] {processor.py:654} INFO - DAG(s) dict_keys(['example_skip_dag']) retrieved from /home/data-eginner/Documents/Soccer_Data/env/lib/python3.8/site-packages/airflow/example_dags/example_skip_dag.py
[2022-01-28 21:19:17,334] {logging_mixin.py:109} INFO - [2022-01-28 21:19:17,334] {dag.py:2396} INFO - Sync 1 DAGs
[2022-01-28 21:19:17,648] {logging_mixin.py:109} INFO - [2022-01-28 21:19:17,647] {dag.py:2935} INFO - Setting next_dagrun for example_skip_dag to 2022-01-28T00:19:17.647083+00:00
[2022-01-28 21:19:17,736] {processor.py:171} INFO - Processing /home/data-eginner/Documents/Soccer_Data/env/lib/python3.8/site-packages/airflow/example_dags/example_skip_dag.py took 0.776 seconds
[2022-01-28 21:20:27,627] {processor.py:163} INFO - Started process (PID=22305) to work on /home/data-eginner/Documents/Soccer_Data/env/lib/python3.8/site-packages/airflow/example_dags/example_skip_dag.py
[2022-01-28 21:20:27,678] {processor.py:642} INFO - Processing file /home/data-eginner/Documents/Soccer_Data/env/lib/python3.8/site-packages/airflow/example_dags/example_skip_dag.py for tasks to queue
[2022-01-28 21:20:27,679] {logging_mixin.py:109} INFO - [2022-01-28 21:20:27,679] {dagbag.py:500} INFO - Filling up the DagBag from /home/data-eginner/Documents/Soccer_Data/env/lib/python3.8/site-packages/airflow/example_dags/example_skip_dag.py
[2022-01-28 21:20:27,776] {processor.py:654} INFO - DAG(s) dict_keys(['example_skip_dag']) retrieved from /home/data-eginner/Documents/Soccer_Data/env/lib/python3.8/site-packages/airflow/example_dags/example_skip_dag.py
[2022-01-28 21:20:27,848] {logging_mixin.py:109} INFO - [2022-01-28 21:20:27,848] {dag.py:2396} INFO - Sync 1 DAGs
[2022-01-28 21:20:27,891] {logging_mixin.py:109} INFO - [2022-01-28 21:20:27,891] {dag.py:2935} INFO - Setting next_dagrun for example_skip_dag to 2022-01-28T00:20:27.891023+00:00
[2022-01-28 21:20:27,922] {processor.py:171} INFO - Processing /home/data-eginner/Documents/Soccer_Data/env/lib/python3.8/site-packages/airflow/example_dags/example_skip_dag.py took 0.298 seconds
[2022-01-28 21:21:24,417] {processor.py:163} INFO - Started process (PID=22508) to work on /home/data-eginner/Documents/Soccer_Data/env/lib/python3.8/site-packages/airflow/example_dags/example_skip_dag.py
[2022-01-28 21:21:24,452] {processor.py:642} INFO - Processing file /home/data-eginner/Documents/Soccer_Data/env/lib/python3.8/site-packages/airflow/example_dags/example_skip_dag.py for tasks to queue
[2022-01-28 21:21:24,452] {logging_mixin.py:109} INFO - [2022-01-28 21:21:24,452] {dagbag.py:500} INFO - Filling up the DagBag from /home/data-eginner/Documents/Soccer_Data/env/lib/python3.8/site-packages/airflow/example_dags/example_skip_dag.py
[2022-01-28 21:21:24,486] {processor.py:654} INFO - DAG(s) dict_keys(['example_skip_dag']) retrieved from /home/data-eginner/Documents/Soccer_Data/env/lib/python3.8/site-packages/airflow/example_dags/example_skip_dag.py
[2022-01-28 21:21:24,502] {logging_mixin.py:109} INFO - [2022-01-28 21:21:24,502] {dag.py:2396} INFO - Sync 1 DAGs
[2022-01-28 21:21:24,518] {logging_mixin.py:109} INFO - [2022-01-28 21:21:24,517] {dag.py:2935} INFO - Setting next_dagrun for example_skip_dag to 2022-01-28T00:21:24.517624+00:00
[2022-01-28 21:21:24,544] {processor.py:171} INFO - Processing /home/data-eginner/Documents/Soccer_Data/env/lib/python3.8/site-packages/airflow/example_dags/example_skip_dag.py took 0.129 seconds
[2022-01-28 21:22:18,158] {processor.py:163} INFO - Started process (PID=22706) to work on /home/data-eginner/Documents/Soccer_Data/env/lib/python3.8/site-packages/airflow/example_dags/example_skip_dag.py
[2022-01-28 21:22:18,169] {processor.py:642} INFO - Processing file /home/data-eginner/Documents/Soccer_Data/env/lib/python3.8/site-packages/airflow/example_dags/example_skip_dag.py for tasks to queue
[2022-01-28 21:22:18,169] {logging_mixin.py:109} INFO - [2022-01-28 21:22:18,169] {dagbag.py:500} INFO - Filling up the DagBag from /home/data-eginner/Documents/Soccer_Data/env/lib/python3.8/site-packages/airflow/example_dags/example_skip_dag.py
[2022-01-28 21:22:18,253] {processor.py:654} INFO - DAG(s) dict_keys(['example_skip_dag']) retrieved from /home/data-eginner/Documents/Soccer_Data/env/lib/python3.8/site-packages/airflow/example_dags/example_skip_dag.py
[2022-01-28 21:22:18,298] {logging_mixin.py:109} INFO - [2022-01-28 21:22:18,298] {dag.py:2396} INFO - Sync 1 DAGs
[2022-01-28 21:22:18,342] {logging_mixin.py:109} INFO - [2022-01-28 21:22:18,342] {dag.py:2935} INFO - Setting next_dagrun for example_skip_dag to 2022-01-28T00:22:18.341914+00:00
[2022-01-28 21:22:18,439] {processor.py:171} INFO - Processing /home/data-eginner/Documents/Soccer_Data/env/lib/python3.8/site-packages/airflow/example_dags/example_skip_dag.py took 0.310 seconds
[2022-01-28 21:26:36,940] {processor.py:163} INFO - Started process (PID=22958) to work on /home/data-eginner/Documents/Soccer_Data/env/lib/python3.8/site-packages/airflow/example_dags/example_skip_dag.py
[2022-01-28 21:26:36,975] {processor.py:642} INFO - Processing file /home/data-eginner/Documents/Soccer_Data/env/lib/python3.8/site-packages/airflow/example_dags/example_skip_dag.py for tasks to queue
[2022-01-28 21:26:36,975] {logging_mixin.py:109} INFO - [2022-01-28 21:26:36,975] {dagbag.py:500} INFO - Filling up the DagBag from /home/data-eginner/Documents/Soccer_Data/env/lib/python3.8/site-packages/airflow/example_dags/example_skip_dag.py
[2022-01-28 21:26:37,037] {processor.py:654} INFO - DAG(s) dict_keys(['example_skip_dag']) retrieved from /home/data-eginner/Documents/Soccer_Data/env/lib/python3.8/site-packages/airflow/example_dags/example_skip_dag.py
[2022-01-28 21:26:37,566] {logging_mixin.py:109} INFO - [2022-01-28 21:26:37,566] {dag.py:2396} INFO - Sync 1 DAGs
[2022-01-28 21:26:37,628] {logging_mixin.py:109} INFO - [2022-01-28 21:26:37,628] {dag.py:2935} INFO - Setting next_dagrun for example_skip_dag to 2022-01-28T00:26:37.628413+00:00
[2022-01-28 21:26:37,685] {processor.py:171} INFO - Processing /home/data-eginner/Documents/Soccer_Data/env/lib/python3.8/site-packages/airflow/example_dags/example_skip_dag.py took 0.747 seconds
[2022-01-28 21:27:41,416] {processor.py:163} INFO - Started process (PID=23213) to work on /home/data-eginner/Documents/Soccer_Data/env/lib/python3.8/site-packages/airflow/example_dags/example_skip_dag.py
[2022-01-28 21:27:41,422] {processor.py:642} INFO - Processing file /home/data-eginner/Documents/Soccer_Data/env/lib/python3.8/site-packages/airflow/example_dags/example_skip_dag.py for tasks to queue
[2022-01-28 21:27:41,423] {logging_mixin.py:109} INFO - [2022-01-28 21:27:41,423] {dagbag.py:500} INFO - Filling up the DagBag from /home/data-eginner/Documents/Soccer_Data/env/lib/python3.8/site-packages/airflow/example_dags/example_skip_dag.py
[2022-01-28 21:27:41,498] {processor.py:654} INFO - DAG(s) dict_keys(['example_skip_dag']) retrieved from /home/data-eginner/Documents/Soccer_Data/env/lib/python3.8/site-packages/airflow/example_dags/example_skip_dag.py
[2022-01-28 21:27:41,515] {logging_mixin.py:109} INFO - [2022-01-28 21:27:41,515] {dag.py:2396} INFO - Sync 1 DAGs
[2022-01-28 21:27:41,554] {logging_mixin.py:109} INFO - [2022-01-28 21:27:41,554] {dag.py:2935} INFO - Setting next_dagrun for example_skip_dag to 2022-01-28T00:27:41.554269+00:00
[2022-01-28 21:27:41,583] {processor.py:171} INFO - Processing /home/data-eginner/Documents/Soccer_Data/env/lib/python3.8/site-packages/airflow/example_dags/example_skip_dag.py took 0.186 seconds
[2022-01-28 21:29:09,319] {processor.py:163} INFO - Started process (PID=23503) to work on /home/data-eginner/Documents/Soccer_Data/env/lib/python3.8/site-packages/airflow/example_dags/example_skip_dag.py
[2022-01-28 21:29:09,327] {processor.py:642} INFO - Processing file /home/data-eginner/Documents/Soccer_Data/env/lib/python3.8/site-packages/airflow/example_dags/example_skip_dag.py for tasks to queue
[2022-01-28 21:29:09,330] {logging_mixin.py:109} INFO - [2022-01-28 21:29:09,330] {dagbag.py:500} INFO - Filling up the DagBag from /home/data-eginner/Documents/Soccer_Data/env/lib/python3.8/site-packages/airflow/example_dags/example_skip_dag.py
[2022-01-28 21:29:09,483] {processor.py:654} INFO - DAG(s) dict_keys(['example_skip_dag']) retrieved from /home/data-eginner/Documents/Soccer_Data/env/lib/python3.8/site-packages/airflow/example_dags/example_skip_dag.py
[2022-01-28 21:29:09,536] {logging_mixin.py:109} INFO - [2022-01-28 21:29:09,536] {dag.py:2396} INFO - Sync 1 DAGs
[2022-01-28 21:29:09,591] {logging_mixin.py:109} INFO - [2022-01-28 21:29:09,591] {dag.py:2935} INFO - Setting next_dagrun for example_skip_dag to 2022-01-28T00:29:09.590896+00:00
[2022-01-28 21:29:09,677] {processor.py:171} INFO - Processing /home/data-eginner/Documents/Soccer_Data/env/lib/python3.8/site-packages/airflow/example_dags/example_skip_dag.py took 0.377 seconds
[2022-01-28 21:30:05,236] {processor.py:163} INFO - Started process (PID=23691) to work on /home/data-eginner/Documents/Soccer_Data/env/lib/python3.8/site-packages/airflow/example_dags/example_skip_dag.py
[2022-01-28 21:30:05,284] {processor.py:642} INFO - Processing file /home/data-eginner/Documents/Soccer_Data/env/lib/python3.8/site-packages/airflow/example_dags/example_skip_dag.py for tasks to queue
[2022-01-28 21:30:05,285] {logging_mixin.py:109} INFO - [2022-01-28 21:30:05,285] {dagbag.py:500} INFO - Filling up the DagBag from /home/data-eginner/Documents/Soccer_Data/env/lib/python3.8/site-packages/airflow/example_dags/example_skip_dag.py
[2022-01-28 21:30:05,344] {processor.py:654} INFO - DAG(s) dict_keys(['example_skip_dag']) retrieved from /home/data-eginner/Documents/Soccer_Data/env/lib/python3.8/site-packages/airflow/example_dags/example_skip_dag.py
[2022-01-28 21:30:05,368] {logging_mixin.py:109} INFO - [2022-01-28 21:30:05,368] {dag.py:2396} INFO - Sync 1 DAGs
[2022-01-28 21:30:05,389] {logging_mixin.py:109} INFO - [2022-01-28 21:30:05,389] {dag.py:2935} INFO - Setting next_dagrun for example_skip_dag to 2022-01-28T00:30:05.389235+00:00
[2022-01-28 21:30:05,454] {processor.py:171} INFO - Processing /home/data-eginner/Documents/Soccer_Data/env/lib/python3.8/site-packages/airflow/example_dags/example_skip_dag.py took 0.221 seconds
[2022-01-28 21:30:59,426] {processor.py:163} INFO - Started process (PID=23881) to work on /home/data-eginner/Documents/Soccer_Data/env/lib/python3.8/site-packages/airflow/example_dags/example_skip_dag.py
[2022-01-28 21:30:59,432] {processor.py:642} INFO - Processing file /home/data-eginner/Documents/Soccer_Data/env/lib/python3.8/site-packages/airflow/example_dags/example_skip_dag.py for tasks to queue
[2022-01-28 21:30:59,432] {logging_mixin.py:109} INFO - [2022-01-28 21:30:59,432] {dagbag.py:500} INFO - Filling up the DagBag from /home/data-eginner/Documents/Soccer_Data/env/lib/python3.8/site-packages/airflow/example_dags/example_skip_dag.py
[2022-01-28 21:30:59,491] {processor.py:654} INFO - DAG(s) dict_keys(['example_skip_dag']) retrieved from /home/data-eginner/Documents/Soccer_Data/env/lib/python3.8/site-packages/airflow/example_dags/example_skip_dag.py
[2022-01-28 21:30:59,539] {logging_mixin.py:109} INFO - [2022-01-28 21:30:59,538] {dag.py:2396} INFO - Sync 1 DAGs
[2022-01-28 21:30:59,566] {logging_mixin.py:109} INFO - [2022-01-28 21:30:59,566] {dag.py:2935} INFO - Setting next_dagrun for example_skip_dag to 2022-01-28T00:30:59.566452+00:00
[2022-01-28 21:30:59,606] {processor.py:171} INFO - Processing /home/data-eginner/Documents/Soccer_Data/env/lib/python3.8/site-packages/airflow/example_dags/example_skip_dag.py took 0.190 seconds
[2022-01-28 21:32:16,411] {processor.py:163} INFO - Started process (PID=24153) to work on /home/data-eginner/Documents/Soccer_Data/env/lib/python3.8/site-packages/airflow/example_dags/example_skip_dag.py
[2022-01-28 21:32:16,414] {processor.py:642} INFO - Processing file /home/data-eginner/Documents/Soccer_Data/env/lib/python3.8/site-packages/airflow/example_dags/example_skip_dag.py for tasks to queue
[2022-01-28 21:32:16,415] {logging_mixin.py:109} INFO - [2022-01-28 21:32:16,415] {dagbag.py:500} INFO - Filling up the DagBag from /home/data-eginner/Documents/Soccer_Data/env/lib/python3.8/site-packages/airflow/example_dags/example_skip_dag.py
[2022-01-28 21:32:16,462] {processor.py:654} INFO - DAG(s) dict_keys(['example_skip_dag']) retrieved from /home/data-eginner/Documents/Soccer_Data/env/lib/python3.8/site-packages/airflow/example_dags/example_skip_dag.py
[2022-01-28 21:32:16,474] {logging_mixin.py:109} INFO - [2022-01-28 21:32:16,474] {dag.py:2396} INFO - Sync 1 DAGs
[2022-01-28 21:32:16,487] {logging_mixin.py:109} INFO - [2022-01-28 21:32:16,487] {dag.py:2935} INFO - Setting next_dagrun for example_skip_dag to 2022-01-28T00:32:16.487466+00:00
[2022-01-28 21:32:16,529] {processor.py:171} INFO - Processing /home/data-eginner/Documents/Soccer_Data/env/lib/python3.8/site-packages/airflow/example_dags/example_skip_dag.py took 0.120 seconds
[2022-01-28 21:33:02,565] {processor.py:163} INFO - Started process (PID=24330) to work on /home/data-eginner/Documents/Soccer_Data/env/lib/python3.8/site-packages/airflow/example_dags/example_skip_dag.py
[2022-01-28 21:33:02,567] {processor.py:642} INFO - Processing file /home/data-eginner/Documents/Soccer_Data/env/lib/python3.8/site-packages/airflow/example_dags/example_skip_dag.py for tasks to queue
[2022-01-28 21:33:02,568] {logging_mixin.py:109} INFO - [2022-01-28 21:33:02,568] {dagbag.py:500} INFO - Filling up the DagBag from /home/data-eginner/Documents/Soccer_Data/env/lib/python3.8/site-packages/airflow/example_dags/example_skip_dag.py
[2022-01-28 21:33:02,586] {processor.py:654} INFO - DAG(s) dict_keys(['example_skip_dag']) retrieved from /home/data-eginner/Documents/Soccer_Data/env/lib/python3.8/site-packages/airflow/example_dags/example_skip_dag.py
[2022-01-28 21:33:02,601] {logging_mixin.py:109} INFO - [2022-01-28 21:33:02,601] {dag.py:2396} INFO - Sync 1 DAGs
[2022-01-28 21:33:02,619] {logging_mixin.py:109} INFO - [2022-01-28 21:33:02,619] {dag.py:2935} INFO - Setting next_dagrun for example_skip_dag to 2022-01-28T00:33:02.619091+00:00
[2022-01-28 21:33:02,640] {processor.py:171} INFO - Processing /home/data-eginner/Documents/Soccer_Data/env/lib/python3.8/site-packages/airflow/example_dags/example_skip_dag.py took 0.077 seconds
[2022-01-28 21:33:43,452] {processor.py:163} INFO - Started process (PID=24492) to work on /home/data-eginner/Documents/Soccer_Data/env/lib/python3.8/site-packages/airflow/example_dags/example_skip_dag.py
[2022-01-28 21:33:43,454] {processor.py:642} INFO - Processing file /home/data-eginner/Documents/Soccer_Data/env/lib/python3.8/site-packages/airflow/example_dags/example_skip_dag.py for tasks to queue
[2022-01-28 21:33:43,455] {logging_mixin.py:109} INFO - [2022-01-28 21:33:43,455] {dagbag.py:500} INFO - Filling up the DagBag from /home/data-eginner/Documents/Soccer_Data/env/lib/python3.8/site-packages/airflow/example_dags/example_skip_dag.py
[2022-01-28 21:33:43,477] {processor.py:654} INFO - DAG(s) dict_keys(['example_skip_dag']) retrieved from /home/data-eginner/Documents/Soccer_Data/env/lib/python3.8/site-packages/airflow/example_dags/example_skip_dag.py
[2022-01-28 21:33:43,487] {logging_mixin.py:109} INFO - [2022-01-28 21:33:43,487] {dag.py:2396} INFO - Sync 1 DAGs
[2022-01-28 21:33:43,500] {logging_mixin.py:109} INFO - [2022-01-28 21:33:43,500] {dag.py:2935} INFO - Setting next_dagrun for example_skip_dag to 2022-01-28T00:33:43.499668+00:00
[2022-01-28 21:33:43,517] {processor.py:171} INFO - Processing /home/data-eginner/Documents/Soccer_Data/env/lib/python3.8/site-packages/airflow/example_dags/example_skip_dag.py took 0.070 seconds
[2022-01-28 21:34:27,712] {processor.py:163} INFO - Started process (PID=24658) to work on /home/data-eginner/Documents/Soccer_Data/env/lib/python3.8/site-packages/airflow/example_dags/example_skip_dag.py
[2022-01-28 21:34:27,715] {processor.py:642} INFO - Processing file /home/data-eginner/Documents/Soccer_Data/env/lib/python3.8/site-packages/airflow/example_dags/example_skip_dag.py for tasks to queue
[2022-01-28 21:34:27,715] {logging_mixin.py:109} INFO - [2022-01-28 21:34:27,715] {dagbag.py:500} INFO - Filling up the DagBag from /home/data-eginner/Documents/Soccer_Data/env/lib/python3.8/site-packages/airflow/example_dags/example_skip_dag.py
[2022-01-28 21:34:27,742] {processor.py:654} INFO - DAG(s) dict_keys(['example_skip_dag']) retrieved from /home/data-eginner/Documents/Soccer_Data/env/lib/python3.8/site-packages/airflow/example_dags/example_skip_dag.py
[2022-01-28 21:34:27,753] {logging_mixin.py:109} INFO - [2022-01-28 21:34:27,753] {dag.py:2396} INFO - Sync 1 DAGs
[2022-01-28 21:34:27,776] {logging_mixin.py:109} INFO - [2022-01-28 21:34:27,776] {dag.py:2935} INFO - Setting next_dagrun for example_skip_dag to 2022-01-28T00:34:27.776380+00:00
[2022-01-28 21:34:27,841] {processor.py:171} INFO - Processing /home/data-eginner/Documents/Soccer_Data/env/lib/python3.8/site-packages/airflow/example_dags/example_skip_dag.py took 0.132 seconds
[2022-01-28 21:56:22,960] {processor.py:163} INFO - Started process (PID=25084) to work on /home/data-eginner/Documents/Soccer_Data/env/lib/python3.8/site-packages/airflow/example_dags/example_skip_dag.py
[2022-01-28 21:56:22,972] {processor.py:642} INFO - Processing file /home/data-eginner/Documents/Soccer_Data/env/lib/python3.8/site-packages/airflow/example_dags/example_skip_dag.py for tasks to queue
[2022-01-28 21:56:22,973] {logging_mixin.py:109} INFO - [2022-01-28 21:56:22,973] {dagbag.py:500} INFO - Filling up the DagBag from /home/data-eginner/Documents/Soccer_Data/env/lib/python3.8/site-packages/airflow/example_dags/example_skip_dag.py
[2022-01-28 21:56:23,043] {processor.py:654} INFO - DAG(s) dict_keys(['example_skip_dag']) retrieved from /home/data-eginner/Documents/Soccer_Data/env/lib/python3.8/site-packages/airflow/example_dags/example_skip_dag.py
[2022-01-28 21:56:23,076] {logging_mixin.py:109} INFO - [2022-01-28 21:56:23,076] {dag.py:2396} INFO - Sync 1 DAGs
[2022-01-28 21:56:23,117] {logging_mixin.py:109} INFO - [2022-01-28 21:56:23,117] {dag.py:2935} INFO - Setting next_dagrun for example_skip_dag to 2022-01-28T00:56:23.116899+00:00
[2022-01-28 21:56:23,171] {processor.py:171} INFO - Processing /home/data-eginner/Documents/Soccer_Data/env/lib/python3.8/site-packages/airflow/example_dags/example_skip_dag.py took 0.213 seconds
[2022-01-28 21:57:16,312] {processor.py:163} INFO - Started process (PID=25277) to work on /home/data-eginner/Documents/Soccer_Data/env/lib/python3.8/site-packages/airflow/example_dags/example_skip_dag.py
[2022-01-28 21:57:16,330] {processor.py:642} INFO - Processing file /home/data-eginner/Documents/Soccer_Data/env/lib/python3.8/site-packages/airflow/example_dags/example_skip_dag.py for tasks to queue
[2022-01-28 21:57:16,331] {logging_mixin.py:109} INFO - [2022-01-28 21:57:16,331] {dagbag.py:500} INFO - Filling up the DagBag from /home/data-eginner/Documents/Soccer_Data/env/lib/python3.8/site-packages/airflow/example_dags/example_skip_dag.py
[2022-01-28 21:57:16,367] {processor.py:654} INFO - DAG(s) dict_keys(['example_skip_dag']) retrieved from /home/data-eginner/Documents/Soccer_Data/env/lib/python3.8/site-packages/airflow/example_dags/example_skip_dag.py
[2022-01-28 21:57:16,387] {logging_mixin.py:109} INFO - [2022-01-28 21:57:16,387] {dag.py:2396} INFO - Sync 1 DAGs
[2022-01-28 21:57:16,401] {logging_mixin.py:109} INFO - [2022-01-28 21:57:16,401] {dag.py:2935} INFO - Setting next_dagrun for example_skip_dag to 2022-01-28T00:57:16.401112+00:00
[2022-01-28 21:57:16,439] {processor.py:171} INFO - Processing /home/data-eginner/Documents/Soccer_Data/env/lib/python3.8/site-packages/airflow/example_dags/example_skip_dag.py took 0.133 seconds
[2022-01-28 21:57:57,158] {processor.py:163} INFO - Started process (PID=25442) to work on /home/data-eginner/Documents/Soccer_Data/env/lib/python3.8/site-packages/airflow/example_dags/example_skip_dag.py
[2022-01-28 21:57:57,168] {processor.py:642} INFO - Processing file /home/data-eginner/Documents/Soccer_Data/env/lib/python3.8/site-packages/airflow/example_dags/example_skip_dag.py for tasks to queue
[2022-01-28 21:57:57,169] {logging_mixin.py:109} INFO - [2022-01-28 21:57:57,169] {dagbag.py:500} INFO - Filling up the DagBag from /home/data-eginner/Documents/Soccer_Data/env/lib/python3.8/site-packages/airflow/example_dags/example_skip_dag.py
[2022-01-28 21:57:57,189] {processor.py:654} INFO - DAG(s) dict_keys(['example_skip_dag']) retrieved from /home/data-eginner/Documents/Soccer_Data/env/lib/python3.8/site-packages/airflow/example_dags/example_skip_dag.py
[2022-01-28 21:57:57,199] {logging_mixin.py:109} INFO - [2022-01-28 21:57:57,198] {dag.py:2396} INFO - Sync 1 DAGs
[2022-01-28 21:57:57,214] {logging_mixin.py:109} INFO - [2022-01-28 21:57:57,214] {dag.py:2935} INFO - Setting next_dagrun for example_skip_dag to 2022-01-28T00:57:57.214256+00:00
[2022-01-28 21:57:57,240] {processor.py:171} INFO - Processing /home/data-eginner/Documents/Soccer_Data/env/lib/python3.8/site-packages/airflow/example_dags/example_skip_dag.py took 0.084 seconds
[2022-01-28 21:58:37,383] {processor.py:163} INFO - Started process (PID=25600) to work on /home/data-eginner/Documents/Soccer_Data/env/lib/python3.8/site-packages/airflow/example_dags/example_skip_dag.py
[2022-01-28 21:58:37,384] {processor.py:642} INFO - Processing file /home/data-eginner/Documents/Soccer_Data/env/lib/python3.8/site-packages/airflow/example_dags/example_skip_dag.py for tasks to queue
[2022-01-28 21:58:37,385] {logging_mixin.py:109} INFO - [2022-01-28 21:58:37,385] {dagbag.py:500} INFO - Filling up the DagBag from /home/data-eginner/Documents/Soccer_Data/env/lib/python3.8/site-packages/airflow/example_dags/example_skip_dag.py
[2022-01-28 21:58:37,416] {processor.py:654} INFO - DAG(s) dict_keys(['example_skip_dag']) retrieved from /home/data-eginner/Documents/Soccer_Data/env/lib/python3.8/site-packages/airflow/example_dags/example_skip_dag.py
[2022-01-28 21:58:37,433] {logging_mixin.py:109} INFO - [2022-01-28 21:58:37,433] {dag.py:2396} INFO - Sync 1 DAGs
[2022-01-28 21:58:37,447] {logging_mixin.py:109} INFO - [2022-01-28 21:58:37,447] {dag.py:2935} INFO - Setting next_dagrun for example_skip_dag to 2022-01-28T00:58:37.447408+00:00
[2022-01-28 21:58:37,478] {processor.py:171} INFO - Processing /home/data-eginner/Documents/Soccer_Data/env/lib/python3.8/site-packages/airflow/example_dags/example_skip_dag.py took 0.098 seconds
[2022-01-28 21:59:27,369] {processor.py:163} INFO - Started process (PID=25789) to work on /home/data-eginner/Documents/Soccer_Data/env/lib/python3.8/site-packages/airflow/example_dags/example_skip_dag.py
[2022-01-28 21:59:27,382] {processor.py:642} INFO - Processing file /home/data-eginner/Documents/Soccer_Data/env/lib/python3.8/site-packages/airflow/example_dags/example_skip_dag.py for tasks to queue
[2022-01-28 21:59:27,382] {logging_mixin.py:109} INFO - [2022-01-28 21:59:27,382] {dagbag.py:500} INFO - Filling up the DagBag from /home/data-eginner/Documents/Soccer_Data/env/lib/python3.8/site-packages/airflow/example_dags/example_skip_dag.py
[2022-01-28 21:59:27,400] {processor.py:654} INFO - DAG(s) dict_keys(['example_skip_dag']) retrieved from /home/data-eginner/Documents/Soccer_Data/env/lib/python3.8/site-packages/airflow/example_dags/example_skip_dag.py
[2022-01-28 21:59:27,408] {logging_mixin.py:109} INFO - [2022-01-28 21:59:27,408] {dag.py:2396} INFO - Sync 1 DAGs
[2022-01-28 21:59:27,419] {logging_mixin.py:109} INFO - [2022-01-28 21:59:27,419] {dag.py:2935} INFO - Setting next_dagrun for example_skip_dag to 2022-01-28T00:59:27.419362+00:00
[2022-01-28 21:59:27,436] {processor.py:171} INFO - Processing /home/data-eginner/Documents/Soccer_Data/env/lib/python3.8/site-packages/airflow/example_dags/example_skip_dag.py took 0.070 seconds
[2022-01-28 22:00:13,651] {processor.py:163} INFO - Started process (PID=25969) to work on /home/data-eginner/Documents/Soccer_Data/env/lib/python3.8/site-packages/airflow/example_dags/example_skip_dag.py
[2022-01-28 22:00:13,656] {processor.py:642} INFO - Processing file /home/data-eginner/Documents/Soccer_Data/env/lib/python3.8/site-packages/airflow/example_dags/example_skip_dag.py for tasks to queue
[2022-01-28 22:00:13,656] {logging_mixin.py:109} INFO - [2022-01-28 22:00:13,656] {dagbag.py:500} INFO - Filling up the DagBag from /home/data-eginner/Documents/Soccer_Data/env/lib/python3.8/site-packages/airflow/example_dags/example_skip_dag.py
[2022-01-28 22:00:13,688] {processor.py:654} INFO - DAG(s) dict_keys(['example_skip_dag']) retrieved from /home/data-eginner/Documents/Soccer_Data/env/lib/python3.8/site-packages/airflow/example_dags/example_skip_dag.py
[2022-01-28 22:00:13,702] {logging_mixin.py:109} INFO - [2022-01-28 22:00:13,702] {dag.py:2396} INFO - Sync 1 DAGs
[2022-01-28 22:00:13,724] {logging_mixin.py:109} INFO - [2022-01-28 22:00:13,724] {dag.py:2935} INFO - Setting next_dagrun for example_skip_dag to 2022-01-28T01:00:13.724604+00:00
[2022-01-28 22:00:13,743] {processor.py:171} INFO - Processing /home/data-eginner/Documents/Soccer_Data/env/lib/python3.8/site-packages/airflow/example_dags/example_skip_dag.py took 0.096 seconds
[2022-01-28 22:00:50,807] {processor.py:163} INFO - Started process (PID=26127) to work on /home/data-eginner/Documents/Soccer_Data/env/lib/python3.8/site-packages/airflow/example_dags/example_skip_dag.py
[2022-01-28 22:00:50,812] {processor.py:642} INFO - Processing file /home/data-eginner/Documents/Soccer_Data/env/lib/python3.8/site-packages/airflow/example_dags/example_skip_dag.py for tasks to queue
[2022-01-28 22:00:50,812] {logging_mixin.py:109} INFO - [2022-01-28 22:00:50,812] {dagbag.py:500} INFO - Filling up the DagBag from /home/data-eginner/Documents/Soccer_Data/env/lib/python3.8/site-packages/airflow/example_dags/example_skip_dag.py
[2022-01-28 22:00:50,849] {processor.py:654} INFO - DAG(s) dict_keys(['example_skip_dag']) retrieved from /home/data-eginner/Documents/Soccer_Data/env/lib/python3.8/site-packages/airflow/example_dags/example_skip_dag.py
[2022-01-28 22:00:50,860] {logging_mixin.py:109} INFO - [2022-01-28 22:00:50,859] {dag.py:2396} INFO - Sync 1 DAGs
[2022-01-28 22:00:50,873] {logging_mixin.py:109} INFO - [2022-01-28 22:00:50,873] {dag.py:2935} INFO - Setting next_dagrun for example_skip_dag to 2022-01-28T01:00:50.872795+00:00
[2022-01-28 22:00:50,894] {processor.py:171} INFO - Processing /home/data-eginner/Documents/Soccer_Data/env/lib/python3.8/site-packages/airflow/example_dags/example_skip_dag.py took 0.091 seconds
[2022-01-28 22:01:32,605] {processor.py:163} INFO - Started process (PID=26291) to work on /home/data-eginner/Documents/Soccer_Data/env/lib/python3.8/site-packages/airflow/example_dags/example_skip_dag.py
[2022-01-28 22:01:32,611] {processor.py:642} INFO - Processing file /home/data-eginner/Documents/Soccer_Data/env/lib/python3.8/site-packages/airflow/example_dags/example_skip_dag.py for tasks to queue
[2022-01-28 22:01:32,612] {logging_mixin.py:109} INFO - [2022-01-28 22:01:32,611] {dagbag.py:500} INFO - Filling up the DagBag from /home/data-eginner/Documents/Soccer_Data/env/lib/python3.8/site-packages/airflow/example_dags/example_skip_dag.py
[2022-01-28 22:01:32,634] {processor.py:654} INFO - DAG(s) dict_keys(['example_skip_dag']) retrieved from /home/data-eginner/Documents/Soccer_Data/env/lib/python3.8/site-packages/airflow/example_dags/example_skip_dag.py
[2022-01-28 22:01:32,644] {logging_mixin.py:109} INFO - [2022-01-28 22:01:32,644] {dag.py:2396} INFO - Sync 1 DAGs
[2022-01-28 22:01:32,672] {logging_mixin.py:109} INFO - [2022-01-28 22:01:32,672] {dag.py:2935} INFO - Setting next_dagrun for example_skip_dag to 2022-01-28T01:01:32.672393+00:00
[2022-01-28 22:01:32,733] {processor.py:171} INFO - Processing /home/data-eginner/Documents/Soccer_Data/env/lib/python3.8/site-packages/airflow/example_dags/example_skip_dag.py took 0.130 seconds
[2022-01-28 22:04:28,749] {processor.py:163} INFO - Started process (PID=26605) to work on /home/data-eginner/Documents/Soccer_Data/env/lib/python3.8/site-packages/airflow/example_dags/example_skip_dag.py
[2022-01-28 22:04:28,763] {processor.py:642} INFO - Processing file /home/data-eginner/Documents/Soccer_Data/env/lib/python3.8/site-packages/airflow/example_dags/example_skip_dag.py for tasks to queue
[2022-01-28 22:04:28,763] {logging_mixin.py:109} INFO - [2022-01-28 22:04:28,763] {dagbag.py:500} INFO - Filling up the DagBag from /home/data-eginner/Documents/Soccer_Data/env/lib/python3.8/site-packages/airflow/example_dags/example_skip_dag.py
[2022-01-28 22:04:28,796] {processor.py:654} INFO - DAG(s) dict_keys(['example_skip_dag']) retrieved from /home/data-eginner/Documents/Soccer_Data/env/lib/python3.8/site-packages/airflow/example_dags/example_skip_dag.py
[2022-01-28 22:04:28,805] {logging_mixin.py:109} INFO - [2022-01-28 22:04:28,804] {dag.py:2396} INFO - Sync 1 DAGs
[2022-01-28 22:04:28,817] {logging_mixin.py:109} INFO - [2022-01-28 22:04:28,816] {dag.py:2935} INFO - Setting next_dagrun for example_skip_dag to 2022-01-28T01:04:28.816690+00:00
[2022-01-28 22:04:28,945] {processor.py:171} INFO - Processing /home/data-eginner/Documents/Soccer_Data/env/lib/python3.8/site-packages/airflow/example_dags/example_skip_dag.py took 0.174 seconds
[2022-01-28 22:05:11,961] {processor.py:163} INFO - Started process (PID=26777) to work on /home/data-eginner/Documents/Soccer_Data/env/lib/python3.8/site-packages/airflow/example_dags/example_skip_dag.py
[2022-01-28 22:05:11,964] {processor.py:642} INFO - Processing file /home/data-eginner/Documents/Soccer_Data/env/lib/python3.8/site-packages/airflow/example_dags/example_skip_dag.py for tasks to queue
[2022-01-28 22:05:11,965] {logging_mixin.py:109} INFO - [2022-01-28 22:05:11,965] {dagbag.py:500} INFO - Filling up the DagBag from /home/data-eginner/Documents/Soccer_Data/env/lib/python3.8/site-packages/airflow/example_dags/example_skip_dag.py
[2022-01-28 22:05:11,992] {processor.py:654} INFO - DAG(s) dict_keys(['example_skip_dag']) retrieved from /home/data-eginner/Documents/Soccer_Data/env/lib/python3.8/site-packages/airflow/example_dags/example_skip_dag.py
[2022-01-28 22:05:12,003] {logging_mixin.py:109} INFO - [2022-01-28 22:05:12,002] {dag.py:2396} INFO - Sync 1 DAGs
[2022-01-28 22:05:12,014] {logging_mixin.py:109} INFO - [2022-01-28 22:05:12,014] {dag.py:2935} INFO - Setting next_dagrun for example_skip_dag to 2022-01-28T01:05:12.013825+00:00
[2022-01-28 22:05:12,056] {processor.py:171} INFO - Processing /home/data-eginner/Documents/Soccer_Data/env/lib/python3.8/site-packages/airflow/example_dags/example_skip_dag.py took 0.099 seconds
[2022-01-28 22:05:55,227] {processor.py:163} INFO - Started process (PID=26942) to work on /home/data-eginner/Documents/Soccer_Data/env/lib/python3.8/site-packages/airflow/example_dags/example_skip_dag.py
[2022-01-28 22:05:55,230] {processor.py:642} INFO - Processing file /home/data-eginner/Documents/Soccer_Data/env/lib/python3.8/site-packages/airflow/example_dags/example_skip_dag.py for tasks to queue
[2022-01-28 22:05:55,231] {logging_mixin.py:109} INFO - [2022-01-28 22:05:55,231] {dagbag.py:500} INFO - Filling up the DagBag from /home/data-eginner/Documents/Soccer_Data/env/lib/python3.8/site-packages/airflow/example_dags/example_skip_dag.py
[2022-01-28 22:05:55,266] {processor.py:654} INFO - DAG(s) dict_keys(['example_skip_dag']) retrieved from /home/data-eginner/Documents/Soccer_Data/env/lib/python3.8/site-packages/airflow/example_dags/example_skip_dag.py
[2022-01-28 22:05:55,276] {logging_mixin.py:109} INFO - [2022-01-28 22:05:55,276] {dag.py:2396} INFO - Sync 1 DAGs
[2022-01-28 22:05:55,288] {logging_mixin.py:109} INFO - [2022-01-28 22:05:55,288] {dag.py:2935} INFO - Setting next_dagrun for example_skip_dag to 2022-01-28T01:05:55.288043+00:00
[2022-01-28 22:05:55,305] {processor.py:171} INFO - Processing /home/data-eginner/Documents/Soccer_Data/env/lib/python3.8/site-packages/airflow/example_dags/example_skip_dag.py took 0.081 seconds
[2022-01-28 22:06:34,329] {processor.py:163} INFO - Started process (PID=27103) to work on /home/data-eginner/Documents/Soccer_Data/env/lib/python3.8/site-packages/airflow/example_dags/example_skip_dag.py
[2022-01-28 22:06:34,345] {processor.py:642} INFO - Processing file /home/data-eginner/Documents/Soccer_Data/env/lib/python3.8/site-packages/airflow/example_dags/example_skip_dag.py for tasks to queue
[2022-01-28 22:06:34,345] {logging_mixin.py:109} INFO - [2022-01-28 22:06:34,345] {dagbag.py:500} INFO - Filling up the DagBag from /home/data-eginner/Documents/Soccer_Data/env/lib/python3.8/site-packages/airflow/example_dags/example_skip_dag.py
[2022-01-28 22:06:34,363] {processor.py:654} INFO - DAG(s) dict_keys(['example_skip_dag']) retrieved from /home/data-eginner/Documents/Soccer_Data/env/lib/python3.8/site-packages/airflow/example_dags/example_skip_dag.py
[2022-01-28 22:06:34,384] {logging_mixin.py:109} INFO - [2022-01-28 22:06:34,383] {dag.py:2396} INFO - Sync 1 DAGs
[2022-01-28 22:06:34,394] {logging_mixin.py:109} INFO - [2022-01-28 22:06:34,394] {dag.py:2935} INFO - Setting next_dagrun for example_skip_dag to 2022-01-28T01:06:34.393940+00:00
[2022-01-28 22:06:34,412] {processor.py:171} INFO - Processing /home/data-eginner/Documents/Soccer_Data/env/lib/python3.8/site-packages/airflow/example_dags/example_skip_dag.py took 0.085 seconds
[2022-01-28 22:07:29,700] {processor.py:163} INFO - Started process (PID=27322) to work on /home/data-eginner/Documents/Soccer_Data/env/lib/python3.8/site-packages/airflow/example_dags/example_skip_dag.py
[2022-01-28 22:07:29,723] {processor.py:642} INFO - Processing file /home/data-eginner/Documents/Soccer_Data/env/lib/python3.8/site-packages/airflow/example_dags/example_skip_dag.py for tasks to queue
[2022-01-28 22:07:29,723] {logging_mixin.py:109} INFO - [2022-01-28 22:07:29,723] {dagbag.py:500} INFO - Filling up the DagBag from /home/data-eginner/Documents/Soccer_Data/env/lib/python3.8/site-packages/airflow/example_dags/example_skip_dag.py
[2022-01-28 22:07:29,794] {processor.py:654} INFO - DAG(s) dict_keys(['example_skip_dag']) retrieved from /home/data-eginner/Documents/Soccer_Data/env/lib/python3.8/site-packages/airflow/example_dags/example_skip_dag.py
[2022-01-28 22:07:29,857] {logging_mixin.py:109} INFO - [2022-01-28 22:07:29,857] {dag.py:2396} INFO - Sync 1 DAGs
[2022-01-28 22:07:29,892] {logging_mixin.py:109} INFO - [2022-01-28 22:07:29,892] {dag.py:2935} INFO - Setting next_dagrun for example_skip_dag to 2022-01-28T01:07:29.892107+00:00
[2022-01-28 22:07:29,938] {processor.py:171} INFO - Processing /home/data-eginner/Documents/Soccer_Data/env/lib/python3.8/site-packages/airflow/example_dags/example_skip_dag.py took 0.240 seconds
[2022-01-28 22:08:34,733] {processor.py:163} INFO - Started process (PID=27588) to work on /home/data-eginner/Documents/Soccer_Data/env/lib/python3.8/site-packages/airflow/example_dags/example_skip_dag.py
[2022-01-28 22:08:34,740] {processor.py:642} INFO - Processing file /home/data-eginner/Documents/Soccer_Data/env/lib/python3.8/site-packages/airflow/example_dags/example_skip_dag.py for tasks to queue
[2022-01-28 22:08:34,741] {logging_mixin.py:109} INFO - [2022-01-28 22:08:34,741] {dagbag.py:500} INFO - Filling up the DagBag from /home/data-eginner/Documents/Soccer_Data/env/lib/python3.8/site-packages/airflow/example_dags/example_skip_dag.py
[2022-01-28 22:08:34,779] {processor.py:654} INFO - DAG(s) dict_keys(['example_skip_dag']) retrieved from /home/data-eginner/Documents/Soccer_Data/env/lib/python3.8/site-packages/airflow/example_dags/example_skip_dag.py
[2022-01-28 22:08:34,795] {logging_mixin.py:109} INFO - [2022-01-28 22:08:34,795] {dag.py:2396} INFO - Sync 1 DAGs
[2022-01-28 22:08:34,816] {logging_mixin.py:109} INFO - [2022-01-28 22:08:34,816] {dag.py:2935} INFO - Setting next_dagrun for example_skip_dag to 2022-01-28T01:08:34.816312+00:00
[2022-01-28 22:08:34,846] {processor.py:171} INFO - Processing /home/data-eginner/Documents/Soccer_Data/env/lib/python3.8/site-packages/airflow/example_dags/example_skip_dag.py took 0.118 seconds
[2022-01-28 22:09:18,040] {processor.py:163} INFO - Started process (PID=27758) to work on /home/data-eginner/Documents/Soccer_Data/env/lib/python3.8/site-packages/airflow/example_dags/example_skip_dag.py
[2022-01-28 22:09:18,044] {processor.py:642} INFO - Processing file /home/data-eginner/Documents/Soccer_Data/env/lib/python3.8/site-packages/airflow/example_dags/example_skip_dag.py for tasks to queue
[2022-01-28 22:09:18,045] {logging_mixin.py:109} INFO - [2022-01-28 22:09:18,045] {dagbag.py:500} INFO - Filling up the DagBag from /home/data-eginner/Documents/Soccer_Data/env/lib/python3.8/site-packages/airflow/example_dags/example_skip_dag.py
[2022-01-28 22:09:18,069] {processor.py:654} INFO - DAG(s) dict_keys(['example_skip_dag']) retrieved from /home/data-eginner/Documents/Soccer_Data/env/lib/python3.8/site-packages/airflow/example_dags/example_skip_dag.py
[2022-01-28 22:09:18,081] {logging_mixin.py:109} INFO - [2022-01-28 22:09:18,081] {dag.py:2396} INFO - Sync 1 DAGs
[2022-01-28 22:09:18,097] {logging_mixin.py:109} INFO - [2022-01-28 22:09:18,097] {dag.py:2935} INFO - Setting next_dagrun for example_skip_dag to 2022-01-28T01:09:18.097045+00:00
[2022-01-28 22:09:18,120] {processor.py:171} INFO - Processing /home/data-eginner/Documents/Soccer_Data/env/lib/python3.8/site-packages/airflow/example_dags/example_skip_dag.py took 0.086 seconds
[2022-01-28 22:09:58,837] {processor.py:163} INFO - Started process (PID=27925) to work on /home/data-eginner/Documents/Soccer_Data/env/lib/python3.8/site-packages/airflow/example_dags/example_skip_dag.py
[2022-01-28 22:09:58,842] {processor.py:642} INFO - Processing file /home/data-eginner/Documents/Soccer_Data/env/lib/python3.8/site-packages/airflow/example_dags/example_skip_dag.py for tasks to queue
[2022-01-28 22:09:58,842] {logging_mixin.py:109} INFO - [2022-01-28 22:09:58,842] {dagbag.py:500} INFO - Filling up the DagBag from /home/data-eginner/Documents/Soccer_Data/env/lib/python3.8/site-packages/airflow/example_dags/example_skip_dag.py
[2022-01-28 22:09:58,867] {processor.py:654} INFO - DAG(s) dict_keys(['example_skip_dag']) retrieved from /home/data-eginner/Documents/Soccer_Data/env/lib/python3.8/site-packages/airflow/example_dags/example_skip_dag.py
[2022-01-28 22:09:58,876] {logging_mixin.py:109} INFO - [2022-01-28 22:09:58,876] {dag.py:2396} INFO - Sync 1 DAGs
[2022-01-28 22:09:58,897] {logging_mixin.py:109} INFO - [2022-01-28 22:09:58,897] {dag.py:2935} INFO - Setting next_dagrun for example_skip_dag to 2022-01-28T01:09:58.896796+00:00
[2022-01-28 22:09:58,919] {processor.py:171} INFO - Processing /home/data-eginner/Documents/Soccer_Data/env/lib/python3.8/site-packages/airflow/example_dags/example_skip_dag.py took 0.085 seconds
[2022-01-28 22:10:49,595] {processor.py:163} INFO - Started process (PID=28146) to work on /home/data-eginner/Documents/Soccer_Data/env/lib/python3.8/site-packages/airflow/example_dags/example_skip_dag.py
[2022-01-28 22:10:49,597] {processor.py:642} INFO - Processing file /home/data-eginner/Documents/Soccer_Data/env/lib/python3.8/site-packages/airflow/example_dags/example_skip_dag.py for tasks to queue
[2022-01-28 22:10:49,597] {logging_mixin.py:109} INFO - [2022-01-28 22:10:49,597] {dagbag.py:500} INFO - Filling up the DagBag from /home/data-eginner/Documents/Soccer_Data/env/lib/python3.8/site-packages/airflow/example_dags/example_skip_dag.py
[2022-01-28 22:10:49,640] {processor.py:654} INFO - DAG(s) dict_keys(['example_skip_dag']) retrieved from /home/data-eginner/Documents/Soccer_Data/env/lib/python3.8/site-packages/airflow/example_dags/example_skip_dag.py
[2022-01-28 22:10:49,657] {logging_mixin.py:109} INFO - [2022-01-28 22:10:49,657] {dag.py:2396} INFO - Sync 1 DAGs
[2022-01-28 22:10:49,690] {logging_mixin.py:109} INFO - [2022-01-28 22:10:49,690] {dag.py:2935} INFO - Setting next_dagrun for example_skip_dag to 2022-01-28T01:10:49.678865+00:00
[2022-01-28 22:10:49,750] {processor.py:171} INFO - Processing /home/data-eginner/Documents/Soccer_Data/env/lib/python3.8/site-packages/airflow/example_dags/example_skip_dag.py took 0.169 seconds
[2022-01-28 22:11:27,390] {processor.py:163} INFO - Started process (PID=28304) to work on /home/data-eginner/Documents/Soccer_Data/env/lib/python3.8/site-packages/airflow/example_dags/example_skip_dag.py
[2022-01-28 22:11:27,394] {processor.py:642} INFO - Processing file /home/data-eginner/Documents/Soccer_Data/env/lib/python3.8/site-packages/airflow/example_dags/example_skip_dag.py for tasks to queue
[2022-01-28 22:11:27,395] {logging_mixin.py:109} INFO - [2022-01-28 22:11:27,395] {dagbag.py:500} INFO - Filling up the DagBag from /home/data-eginner/Documents/Soccer_Data/env/lib/python3.8/site-packages/airflow/example_dags/example_skip_dag.py
[2022-01-28 22:11:27,414] {processor.py:654} INFO - DAG(s) dict_keys(['example_skip_dag']) retrieved from /home/data-eginner/Documents/Soccer_Data/env/lib/python3.8/site-packages/airflow/example_dags/example_skip_dag.py
[2022-01-28 22:11:27,424] {logging_mixin.py:109} INFO - [2022-01-28 22:11:27,424] {dag.py:2396} INFO - Sync 1 DAGs
[2022-01-28 22:11:27,436] {logging_mixin.py:109} INFO - [2022-01-28 22:11:27,436] {dag.py:2935} INFO - Setting next_dagrun for example_skip_dag to 2022-01-28T01:11:27.436138+00:00
[2022-01-28 22:11:27,452] {processor.py:171} INFO - Processing /home/data-eginner/Documents/Soccer_Data/env/lib/python3.8/site-packages/airflow/example_dags/example_skip_dag.py took 0.068 seconds
[2022-01-28 22:12:09,024] {processor.py:163} INFO - Started process (PID=28489) to work on /home/data-eginner/Documents/Soccer_Data/env/lib/python3.8/site-packages/airflow/example_dags/example_skip_dag.py
[2022-01-28 22:12:09,032] {processor.py:642} INFO - Processing file /home/data-eginner/Documents/Soccer_Data/env/lib/python3.8/site-packages/airflow/example_dags/example_skip_dag.py for tasks to queue
[2022-01-28 22:12:09,033] {logging_mixin.py:109} INFO - [2022-01-28 22:12:09,033] {dagbag.py:500} INFO - Filling up the DagBag from /home/data-eginner/Documents/Soccer_Data/env/lib/python3.8/site-packages/airflow/example_dags/example_skip_dag.py
[2022-01-28 22:12:09,072] {processor.py:654} INFO - DAG(s) dict_keys(['example_skip_dag']) retrieved from /home/data-eginner/Documents/Soccer_Data/env/lib/python3.8/site-packages/airflow/example_dags/example_skip_dag.py
[2022-01-28 22:12:09,092] {logging_mixin.py:109} INFO - [2022-01-28 22:12:09,092] {dag.py:2396} INFO - Sync 1 DAGs
[2022-01-28 22:12:09,137] {logging_mixin.py:109} INFO - [2022-01-28 22:12:09,137] {dag.py:2935} INFO - Setting next_dagrun for example_skip_dag to 2022-01-28T01:12:09.114935+00:00
[2022-01-28 22:12:09,156] {processor.py:171} INFO - Processing /home/data-eginner/Documents/Soccer_Data/env/lib/python3.8/site-packages/airflow/example_dags/example_skip_dag.py took 0.139 seconds
[2022-01-28 22:12:57,540] {processor.py:163} INFO - Started process (PID=28668) to work on /home/data-eginner/Documents/Soccer_Data/env/lib/python3.8/site-packages/airflow/example_dags/example_skip_dag.py
[2022-01-28 22:12:57,548] {processor.py:642} INFO - Processing file /home/data-eginner/Documents/Soccer_Data/env/lib/python3.8/site-packages/airflow/example_dags/example_skip_dag.py for tasks to queue
[2022-01-28 22:12:57,549] {logging_mixin.py:109} INFO - [2022-01-28 22:12:57,549] {dagbag.py:500} INFO - Filling up the DagBag from /home/data-eginner/Documents/Soccer_Data/env/lib/python3.8/site-packages/airflow/example_dags/example_skip_dag.py
[2022-01-28 22:12:57,610] {processor.py:654} INFO - DAG(s) dict_keys(['example_skip_dag']) retrieved from /home/data-eginner/Documents/Soccer_Data/env/lib/python3.8/site-packages/airflow/example_dags/example_skip_dag.py
[2022-01-28 22:12:57,646] {logging_mixin.py:109} INFO - [2022-01-28 22:12:57,646] {dag.py:2396} INFO - Sync 1 DAGs
[2022-01-28 22:12:57,691] {logging_mixin.py:109} INFO - [2022-01-28 22:12:57,691] {dag.py:2935} INFO - Setting next_dagrun for example_skip_dag to 2022-01-28T01:12:57.691392+00:00
[2022-01-28 22:12:57,763] {processor.py:171} INFO - Processing /home/data-eginner/Documents/Soccer_Data/env/lib/python3.8/site-packages/airflow/example_dags/example_skip_dag.py took 0.230 seconds
[2022-01-28 22:13:37,999] {processor.py:163} INFO - Started process (PID=28833) to work on /home/data-eginner/Documents/Soccer_Data/env/lib/python3.8/site-packages/airflow/example_dags/example_skip_dag.py
[2022-01-28 22:13:38,004] {processor.py:642} INFO - Processing file /home/data-eginner/Documents/Soccer_Data/env/lib/python3.8/site-packages/airflow/example_dags/example_skip_dag.py for tasks to queue
[2022-01-28 22:13:38,011] {logging_mixin.py:109} INFO - [2022-01-28 22:13:38,011] {dagbag.py:500} INFO - Filling up the DagBag from /home/data-eginner/Documents/Soccer_Data/env/lib/python3.8/site-packages/airflow/example_dags/example_skip_dag.py
[2022-01-28 22:13:38,097] {processor.py:654} INFO - DAG(s) dict_keys(['example_skip_dag']) retrieved from /home/data-eginner/Documents/Soccer_Data/env/lib/python3.8/site-packages/airflow/example_dags/example_skip_dag.py
[2022-01-28 22:13:38,153] {logging_mixin.py:109} INFO - [2022-01-28 22:13:38,152] {dag.py:2396} INFO - Sync 1 DAGs
[2022-01-28 22:13:38,211] {logging_mixin.py:109} INFO - [2022-01-28 22:13:38,211] {dag.py:2935} INFO - Setting next_dagrun for example_skip_dag to 2022-01-28T01:13:38.210848+00:00
[2022-01-28 22:13:38,229] {processor.py:171} INFO - Processing /home/data-eginner/Documents/Soccer_Data/env/lib/python3.8/site-packages/airflow/example_dags/example_skip_dag.py took 0.258 seconds
[2022-01-28 22:14:30,749] {processor.py:163} INFO - Started process (PID=29038) to work on /home/data-eginner/Documents/Soccer_Data/env/lib/python3.8/site-packages/airflow/example_dags/example_skip_dag.py
[2022-01-28 22:14:30,766] {processor.py:642} INFO - Processing file /home/data-eginner/Documents/Soccer_Data/env/lib/python3.8/site-packages/airflow/example_dags/example_skip_dag.py for tasks to queue
[2022-01-28 22:14:30,766] {logging_mixin.py:109} INFO - [2022-01-28 22:14:30,766] {dagbag.py:500} INFO - Filling up the DagBag from /home/data-eginner/Documents/Soccer_Data/env/lib/python3.8/site-packages/airflow/example_dags/example_skip_dag.py
[2022-01-28 22:14:30,877] {processor.py:654} INFO - DAG(s) dict_keys(['example_skip_dag']) retrieved from /home/data-eginner/Documents/Soccer_Data/env/lib/python3.8/site-packages/airflow/example_dags/example_skip_dag.py
[2022-01-28 22:14:30,910] {logging_mixin.py:109} INFO - [2022-01-28 22:14:30,910] {dag.py:2396} INFO - Sync 1 DAGs
[2022-01-28 22:14:30,997] {logging_mixin.py:109} INFO - [2022-01-28 22:14:30,997] {dag.py:2935} INFO - Setting next_dagrun for example_skip_dag to 2022-01-28T01:14:30.997448+00:00
[2022-01-28 22:14:31,056] {processor.py:171} INFO - Processing /home/data-eginner/Documents/Soccer_Data/env/lib/python3.8/site-packages/airflow/example_dags/example_skip_dag.py took 0.310 seconds
[2022-01-28 22:15:24,821] {processor.py:163} INFO - Started process (PID=29241) to work on /home/data-eginner/Documents/Soccer_Data/env/lib/python3.8/site-packages/airflow/example_dags/example_skip_dag.py
[2022-01-28 22:15:24,829] {processor.py:642} INFO - Processing file /home/data-eginner/Documents/Soccer_Data/env/lib/python3.8/site-packages/airflow/example_dags/example_skip_dag.py for tasks to queue
[2022-01-28 22:15:24,830] {logging_mixin.py:109} INFO - [2022-01-28 22:15:24,830] {dagbag.py:500} INFO - Filling up the DagBag from /home/data-eginner/Documents/Soccer_Data/env/lib/python3.8/site-packages/airflow/example_dags/example_skip_dag.py
[2022-01-28 22:15:24,913] {processor.py:654} INFO - DAG(s) dict_keys(['example_skip_dag']) retrieved from /home/data-eginner/Documents/Soccer_Data/env/lib/python3.8/site-packages/airflow/example_dags/example_skip_dag.py
[2022-01-28 22:15:24,920] {logging_mixin.py:109} INFO - [2022-01-28 22:15:24,920] {dag.py:2396} INFO - Sync 1 DAGs
[2022-01-28 22:15:24,971] {logging_mixin.py:109} INFO - [2022-01-28 22:15:24,971] {dag.py:2935} INFO - Setting next_dagrun for example_skip_dag to 2022-01-28T01:15:24.970730+00:00
[2022-01-28 22:15:25,014] {processor.py:171} INFO - Processing /home/data-eginner/Documents/Soccer_Data/env/lib/python3.8/site-packages/airflow/example_dags/example_skip_dag.py took 0.196 seconds
[2022-01-28 22:16:14,477] {processor.py:163} INFO - Started process (PID=29413) to work on /home/data-eginner/Documents/Soccer_Data/env/lib/python3.8/site-packages/airflow/example_dags/example_skip_dag.py
[2022-01-28 22:16:14,518] {processor.py:642} INFO - Processing file /home/data-eginner/Documents/Soccer_Data/env/lib/python3.8/site-packages/airflow/example_dags/example_skip_dag.py for tasks to queue
[2022-01-28 22:16:14,518] {logging_mixin.py:109} INFO - [2022-01-28 22:16:14,518] {dagbag.py:500} INFO - Filling up the DagBag from /home/data-eginner/Documents/Soccer_Data/env/lib/python3.8/site-packages/airflow/example_dags/example_skip_dag.py
[2022-01-28 22:16:14,553] {processor.py:654} INFO - DAG(s) dict_keys(['example_skip_dag']) retrieved from /home/data-eginner/Documents/Soccer_Data/env/lib/python3.8/site-packages/airflow/example_dags/example_skip_dag.py
[2022-01-28 22:16:14,579] {logging_mixin.py:109} INFO - [2022-01-28 22:16:14,579] {dag.py:2396} INFO - Sync 1 DAGs
[2022-01-28 22:16:14,611] {logging_mixin.py:109} INFO - [2022-01-28 22:16:14,611] {dag.py:2935} INFO - Setting next_dagrun for example_skip_dag to 2022-01-28T01:16:14.589459+00:00
[2022-01-28 22:16:14,646] {processor.py:171} INFO - Processing /home/data-eginner/Documents/Soccer_Data/env/lib/python3.8/site-packages/airflow/example_dags/example_skip_dag.py took 0.172 seconds
[2022-01-28 22:17:30,420] {processor.py:163} INFO - Started process (PID=29706) to work on /home/data-eginner/Documents/Soccer_Data/env/lib/python3.8/site-packages/airflow/example_dags/example_skip_dag.py
[2022-01-28 22:17:30,425] {processor.py:642} INFO - Processing file /home/data-eginner/Documents/Soccer_Data/env/lib/python3.8/site-packages/airflow/example_dags/example_skip_dag.py for tasks to queue
[2022-01-28 22:17:30,426] {logging_mixin.py:109} INFO - [2022-01-28 22:17:30,426] {dagbag.py:500} INFO - Filling up the DagBag from /home/data-eginner/Documents/Soccer_Data/env/lib/python3.8/site-packages/airflow/example_dags/example_skip_dag.py
[2022-01-28 22:17:30,444] {processor.py:654} INFO - DAG(s) dict_keys(['example_skip_dag']) retrieved from /home/data-eginner/Documents/Soccer_Data/env/lib/python3.8/site-packages/airflow/example_dags/example_skip_dag.py
[2022-01-28 22:17:30,454] {logging_mixin.py:109} INFO - [2022-01-28 22:17:30,454] {dag.py:2396} INFO - Sync 1 DAGs
[2022-01-28 22:17:30,466] {logging_mixin.py:109} INFO - [2022-01-28 22:17:30,466] {dag.py:2935} INFO - Setting next_dagrun for example_skip_dag to 2022-01-28T01:17:30.466371+00:00
[2022-01-28 22:17:30,527] {processor.py:171} INFO - Processing /home/data-eginner/Documents/Soccer_Data/env/lib/python3.8/site-packages/airflow/example_dags/example_skip_dag.py took 0.123 seconds
[2022-01-28 22:18:10,873] {processor.py:163} INFO - Started process (PID=29867) to work on /home/data-eginner/Documents/Soccer_Data/env/lib/python3.8/site-packages/airflow/example_dags/example_skip_dag.py
[2022-01-28 22:18:10,888] {processor.py:642} INFO - Processing file /home/data-eginner/Documents/Soccer_Data/env/lib/python3.8/site-packages/airflow/example_dags/example_skip_dag.py for tasks to queue
[2022-01-28 22:18:10,889] {logging_mixin.py:109} INFO - [2022-01-28 22:18:10,889] {dagbag.py:500} INFO - Filling up the DagBag from /home/data-eginner/Documents/Soccer_Data/env/lib/python3.8/site-packages/airflow/example_dags/example_skip_dag.py
[2022-01-28 22:18:10,909] {processor.py:654} INFO - DAG(s) dict_keys(['example_skip_dag']) retrieved from /home/data-eginner/Documents/Soccer_Data/env/lib/python3.8/site-packages/airflow/example_dags/example_skip_dag.py
[2022-01-28 22:18:10,917] {logging_mixin.py:109} INFO - [2022-01-28 22:18:10,917] {dag.py:2396} INFO - Sync 1 DAGs
[2022-01-28 22:18:10,930] {logging_mixin.py:109} INFO - [2022-01-28 22:18:10,930] {dag.py:2935} INFO - Setting next_dagrun for example_skip_dag to 2022-01-28T01:18:10.930405+00:00
[2022-01-28 22:18:10,966] {processor.py:171} INFO - Processing /home/data-eginner/Documents/Soccer_Data/env/lib/python3.8/site-packages/airflow/example_dags/example_skip_dag.py took 0.097 seconds
[2022-01-28 22:18:56,528] {processor.py:163} INFO - Started process (PID=30046) to work on /home/data-eginner/Documents/Soccer_Data/env/lib/python3.8/site-packages/airflow/example_dags/example_skip_dag.py
[2022-01-28 22:18:56,542] {processor.py:642} INFO - Processing file /home/data-eginner/Documents/Soccer_Data/env/lib/python3.8/site-packages/airflow/example_dags/example_skip_dag.py for tasks to queue
[2022-01-28 22:18:56,543] {logging_mixin.py:109} INFO - [2022-01-28 22:18:56,543] {dagbag.py:500} INFO - Filling up the DagBag from /home/data-eginner/Documents/Soccer_Data/env/lib/python3.8/site-packages/airflow/example_dags/example_skip_dag.py
[2022-01-28 22:18:56,659] {processor.py:654} INFO - DAG(s) dict_keys(['example_skip_dag']) retrieved from /home/data-eginner/Documents/Soccer_Data/env/lib/python3.8/site-packages/airflow/example_dags/example_skip_dag.py
[2022-01-28 22:18:56,722] {logging_mixin.py:109} INFO - [2022-01-28 22:18:56,722] {dag.py:2396} INFO - Sync 1 DAGs
[2022-01-28 22:18:56,800] {logging_mixin.py:109} INFO - [2022-01-28 22:18:56,800] {dag.py:2935} INFO - Setting next_dagrun for example_skip_dag to 2022-01-28T01:18:56.799957+00:00
[2022-01-28 22:18:56,841] {processor.py:171} INFO - Processing /home/data-eginner/Documents/Soccer_Data/env/lib/python3.8/site-packages/airflow/example_dags/example_skip_dag.py took 0.321 seconds
[2022-01-28 22:19:41,611] {processor.py:163} INFO - Started process (PID=30231) to work on /home/data-eginner/Documents/Soccer_Data/env/lib/python3.8/site-packages/airflow/example_dags/example_skip_dag.py
[2022-01-28 22:19:41,613] {processor.py:642} INFO - Processing file /home/data-eginner/Documents/Soccer_Data/env/lib/python3.8/site-packages/airflow/example_dags/example_skip_dag.py for tasks to queue
[2022-01-28 22:19:41,613] {logging_mixin.py:109} INFO - [2022-01-28 22:19:41,613] {dagbag.py:500} INFO - Filling up the DagBag from /home/data-eginner/Documents/Soccer_Data/env/lib/python3.8/site-packages/airflow/example_dags/example_skip_dag.py
[2022-01-28 22:19:41,670] {processor.py:654} INFO - DAG(s) dict_keys(['example_skip_dag']) retrieved from /home/data-eginner/Documents/Soccer_Data/env/lib/python3.8/site-packages/airflow/example_dags/example_skip_dag.py
[2022-01-28 22:19:41,703] {logging_mixin.py:109} INFO - [2022-01-28 22:19:41,703] {dag.py:2396} INFO - Sync 1 DAGs
[2022-01-28 22:19:41,756] {logging_mixin.py:109} INFO - [2022-01-28 22:19:41,756] {dag.py:2935} INFO - Setting next_dagrun for example_skip_dag to 2022-01-28T01:19:41.756072+00:00
[2022-01-28 22:19:41,797] {processor.py:171} INFO - Processing /home/data-eginner/Documents/Soccer_Data/env/lib/python3.8/site-packages/airflow/example_dags/example_skip_dag.py took 0.212 seconds
[2022-01-28 22:20:42,312] {processor.py:163} INFO - Started process (PID=30475) to work on /home/data-eginner/Documents/Soccer_Data/env/lib/python3.8/site-packages/airflow/example_dags/example_skip_dag.py
[2022-01-28 22:20:42,330] {processor.py:642} INFO - Processing file /home/data-eginner/Documents/Soccer_Data/env/lib/python3.8/site-packages/airflow/example_dags/example_skip_dag.py for tasks to queue
[2022-01-28 22:20:42,331] {logging_mixin.py:109} INFO - [2022-01-28 22:20:42,331] {dagbag.py:500} INFO - Filling up the DagBag from /home/data-eginner/Documents/Soccer_Data/env/lib/python3.8/site-packages/airflow/example_dags/example_skip_dag.py
[2022-01-28 22:20:42,352] {processor.py:654} INFO - DAG(s) dict_keys(['example_skip_dag']) retrieved from /home/data-eginner/Documents/Soccer_Data/env/lib/python3.8/site-packages/airflow/example_dags/example_skip_dag.py
[2022-01-28 22:20:42,360] {logging_mixin.py:109} INFO - [2022-01-28 22:20:42,360] {dag.py:2396} INFO - Sync 1 DAGs
[2022-01-28 22:20:42,372] {logging_mixin.py:109} INFO - [2022-01-28 22:20:42,371] {dag.py:2935} INFO - Setting next_dagrun for example_skip_dag to 2022-01-28T01:20:42.371672+00:00
[2022-01-28 22:20:42,392] {processor.py:171} INFO - Processing /home/data-eginner/Documents/Soccer_Data/env/lib/python3.8/site-packages/airflow/example_dags/example_skip_dag.py took 0.085 seconds
[2022-01-28 22:21:20,247] {processor.py:163} INFO - Started process (PID=30636) to work on /home/data-eginner/Documents/Soccer_Data/env/lib/python3.8/site-packages/airflow/example_dags/example_skip_dag.py
[2022-01-28 22:21:20,262] {processor.py:642} INFO - Processing file /home/data-eginner/Documents/Soccer_Data/env/lib/python3.8/site-packages/airflow/example_dags/example_skip_dag.py for tasks to queue
[2022-01-28 22:21:20,263] {logging_mixin.py:109} INFO - [2022-01-28 22:21:20,262] {dagbag.py:500} INFO - Filling up the DagBag from /home/data-eginner/Documents/Soccer_Data/env/lib/python3.8/site-packages/airflow/example_dags/example_skip_dag.py
[2022-01-28 22:21:20,281] {processor.py:654} INFO - DAG(s) dict_keys(['example_skip_dag']) retrieved from /home/data-eginner/Documents/Soccer_Data/env/lib/python3.8/site-packages/airflow/example_dags/example_skip_dag.py
[2022-01-28 22:21:20,291] {logging_mixin.py:109} INFO - [2022-01-28 22:21:20,291] {dag.py:2396} INFO - Sync 1 DAGs
[2022-01-28 22:21:20,302] {logging_mixin.py:109} INFO - [2022-01-28 22:21:20,302] {dag.py:2935} INFO - Setting next_dagrun for example_skip_dag to 2022-01-28T01:21:20.302210+00:00
[2022-01-28 22:21:20,342] {processor.py:171} INFO - Processing /home/data-eginner/Documents/Soccer_Data/env/lib/python3.8/site-packages/airflow/example_dags/example_skip_dag.py took 0.097 seconds
[2022-01-28 22:21:59,519] {processor.py:163} INFO - Started process (PID=30808) to work on /home/data-eginner/Documents/Soccer_Data/env/lib/python3.8/site-packages/airflow/example_dags/example_skip_dag.py
[2022-01-28 22:21:59,535] {processor.py:642} INFO - Processing file /home/data-eginner/Documents/Soccer_Data/env/lib/python3.8/site-packages/airflow/example_dags/example_skip_dag.py for tasks to queue
[2022-01-28 22:21:59,536] {logging_mixin.py:109} INFO - [2022-01-28 22:21:59,536] {dagbag.py:500} INFO - Filling up the DagBag from /home/data-eginner/Documents/Soccer_Data/env/lib/python3.8/site-packages/airflow/example_dags/example_skip_dag.py
[2022-01-28 22:21:59,560] {processor.py:654} INFO - DAG(s) dict_keys(['example_skip_dag']) retrieved from /home/data-eginner/Documents/Soccer_Data/env/lib/python3.8/site-packages/airflow/example_dags/example_skip_dag.py
[2022-01-28 22:21:59,570] {logging_mixin.py:109} INFO - [2022-01-28 22:21:59,570] {dag.py:2396} INFO - Sync 1 DAGs
[2022-01-28 22:21:59,581] {logging_mixin.py:109} INFO - [2022-01-28 22:21:59,581] {dag.py:2935} INFO - Setting next_dagrun for example_skip_dag to 2022-01-28T01:21:59.581614+00:00
[2022-01-28 22:21:59,597] {processor.py:171} INFO - Processing /home/data-eginner/Documents/Soccer_Data/env/lib/python3.8/site-packages/airflow/example_dags/example_skip_dag.py took 0.086 seconds
