[2022-01-28 21:08:11,845] {processor.py:163} INFO - Started process (PID=19736) to work on /home/data-eginner/Documents/Soccer_Data/env/lib/python3.8/site-packages/airflow/example_dags/example_time_delta_sensor_async.py
[2022-01-28 21:08:11,846] {processor.py:642} INFO - Processing file /home/data-eginner/Documents/Soccer_Data/env/lib/python3.8/site-packages/airflow/example_dags/example_time_delta_sensor_async.py for tasks to queue
[2022-01-28 21:08:11,846] {logging_mixin.py:109} INFO - [2022-01-28 21:08:11,846] {dagbag.py:500} INFO - Filling up the DagBag from /home/data-eginner/Documents/Soccer_Data/env/lib/python3.8/site-packages/airflow/example_dags/example_time_delta_sensor_async.py
[2022-01-28 21:08:11,919] {processor.py:654} INFO - DAG(s) dict_keys(['example_time_delta_sensor_async']) retrieved from /home/data-eginner/Documents/Soccer_Data/env/lib/python3.8/site-packages/airflow/example_dags/example_time_delta_sensor_async.py
[2022-01-28 21:08:11,943] {logging_mixin.py:109} INFO - [2022-01-28 21:08:11,943] {dag.py:2396} INFO - Sync 1 DAGs
[2022-01-28 21:08:11,975] {logging_mixin.py:109} INFO - [2022-01-28 21:08:11,975] {dag.py:2935} INFO - Setting next_dagrun for example_time_delta_sensor_async to None
[2022-01-28 21:08:12,028] {processor.py:171} INFO - Processing /home/data-eginner/Documents/Soccer_Data/env/lib/python3.8/site-packages/airflow/example_dags/example_time_delta_sensor_async.py took 0.185 seconds
[2022-01-28 21:08:57,949] {processor.py:163} INFO - Started process (PID=19907) to work on /home/data-eginner/Documents/Soccer_Data/env/lib/python3.8/site-packages/airflow/example_dags/example_time_delta_sensor_async.py
[2022-01-28 21:08:57,959] {processor.py:642} INFO - Processing file /home/data-eginner/Documents/Soccer_Data/env/lib/python3.8/site-packages/airflow/example_dags/example_time_delta_sensor_async.py for tasks to queue
[2022-01-28 21:08:57,960] {logging_mixin.py:109} INFO - [2022-01-28 21:08:57,960] {dagbag.py:500} INFO - Filling up the DagBag from /home/data-eginner/Documents/Soccer_Data/env/lib/python3.8/site-packages/airflow/example_dags/example_time_delta_sensor_async.py
[2022-01-28 21:08:58,000] {processor.py:654} INFO - DAG(s) dict_keys(['example_time_delta_sensor_async']) retrieved from /home/data-eginner/Documents/Soccer_Data/env/lib/python3.8/site-packages/airflow/example_dags/example_time_delta_sensor_async.py
[2022-01-28 21:08:58,013] {logging_mixin.py:109} INFO - [2022-01-28 21:08:58,013] {dag.py:2396} INFO - Sync 1 DAGs
[2022-01-28 21:08:58,035] {logging_mixin.py:109} INFO - [2022-01-28 21:08:58,035] {dag.py:2935} INFO - Setting next_dagrun for example_time_delta_sensor_async to None
[2022-01-28 21:08:58,065] {processor.py:171} INFO - Processing /home/data-eginner/Documents/Soccer_Data/env/lib/python3.8/site-packages/airflow/example_dags/example_time_delta_sensor_async.py took 0.128 seconds
[2022-01-28 21:09:48,657] {processor.py:163} INFO - Started process (PID=20096) to work on /home/data-eginner/Documents/Soccer_Data/env/lib/python3.8/site-packages/airflow/example_dags/example_time_delta_sensor_async.py
[2022-01-28 21:09:48,671] {processor.py:642} INFO - Processing file /home/data-eginner/Documents/Soccer_Data/env/lib/python3.8/site-packages/airflow/example_dags/example_time_delta_sensor_async.py for tasks to queue
[2022-01-28 21:09:48,672] {logging_mixin.py:109} INFO - [2022-01-28 21:09:48,672] {dagbag.py:500} INFO - Filling up the DagBag from /home/data-eginner/Documents/Soccer_Data/env/lib/python3.8/site-packages/airflow/example_dags/example_time_delta_sensor_async.py
[2022-01-28 21:09:48,729] {processor.py:654} INFO - DAG(s) dict_keys(['example_time_delta_sensor_async']) retrieved from /home/data-eginner/Documents/Soccer_Data/env/lib/python3.8/site-packages/airflow/example_dags/example_time_delta_sensor_async.py
[2022-01-28 21:09:48,751] {logging_mixin.py:109} INFO - [2022-01-28 21:09:48,751] {dag.py:2396} INFO - Sync 1 DAGs
[2022-01-28 21:09:48,787] {logging_mixin.py:109} INFO - [2022-01-28 21:09:48,787] {dag.py:2935} INFO - Setting next_dagrun for example_time_delta_sensor_async to None
[2022-01-28 21:09:48,821] {processor.py:171} INFO - Processing /home/data-eginner/Documents/Soccer_Data/env/lib/python3.8/site-packages/airflow/example_dags/example_time_delta_sensor_async.py took 0.167 seconds
[2022-01-28 21:10:36,327] {processor.py:163} INFO - Started process (PID=20277) to work on /home/data-eginner/Documents/Soccer_Data/env/lib/python3.8/site-packages/airflow/example_dags/example_time_delta_sensor_async.py
[2022-01-28 21:10:36,346] {processor.py:642} INFO - Processing file /home/data-eginner/Documents/Soccer_Data/env/lib/python3.8/site-packages/airflow/example_dags/example_time_delta_sensor_async.py for tasks to queue
[2022-01-28 21:10:36,346] {logging_mixin.py:109} INFO - [2022-01-28 21:10:36,346] {dagbag.py:500} INFO - Filling up the DagBag from /home/data-eginner/Documents/Soccer_Data/env/lib/python3.8/site-packages/airflow/example_dags/example_time_delta_sensor_async.py
[2022-01-28 21:10:36,405] {processor.py:654} INFO - DAG(s) dict_keys(['example_time_delta_sensor_async']) retrieved from /home/data-eginner/Documents/Soccer_Data/env/lib/python3.8/site-packages/airflow/example_dags/example_time_delta_sensor_async.py
[2022-01-28 21:10:36,435] {logging_mixin.py:109} INFO - [2022-01-28 21:10:36,435] {dag.py:2396} INFO - Sync 1 DAGs
[2022-01-28 21:10:36,471] {logging_mixin.py:109} INFO - [2022-01-28 21:10:36,471] {dag.py:2935} INFO - Setting next_dagrun for example_time_delta_sensor_async to None
[2022-01-28 21:10:36,496] {processor.py:171} INFO - Processing /home/data-eginner/Documents/Soccer_Data/env/lib/python3.8/site-packages/airflow/example_dags/example_time_delta_sensor_async.py took 0.171 seconds
[2022-01-28 21:11:17,178] {processor.py:163} INFO - Started process (PID=20436) to work on /home/data-eginner/Documents/Soccer_Data/env/lib/python3.8/site-packages/airflow/example_dags/example_time_delta_sensor_async.py
[2022-01-28 21:11:17,197] {processor.py:642} INFO - Processing file /home/data-eginner/Documents/Soccer_Data/env/lib/python3.8/site-packages/airflow/example_dags/example_time_delta_sensor_async.py for tasks to queue
[2022-01-28 21:11:17,197] {logging_mixin.py:109} INFO - [2022-01-28 21:11:17,197] {dagbag.py:500} INFO - Filling up the DagBag from /home/data-eginner/Documents/Soccer_Data/env/lib/python3.8/site-packages/airflow/example_dags/example_time_delta_sensor_async.py
[2022-01-28 21:11:17,222] {processor.py:654} INFO - DAG(s) dict_keys(['example_time_delta_sensor_async']) retrieved from /home/data-eginner/Documents/Soccer_Data/env/lib/python3.8/site-packages/airflow/example_dags/example_time_delta_sensor_async.py
[2022-01-28 21:11:17,254] {logging_mixin.py:109} INFO - [2022-01-28 21:11:17,254] {dag.py:2396} INFO - Sync 1 DAGs
[2022-01-28 21:11:17,295] {logging_mixin.py:109} INFO - [2022-01-28 21:11:17,294] {dag.py:2935} INFO - Setting next_dagrun for example_time_delta_sensor_async to None
[2022-01-28 21:11:17,334] {processor.py:171} INFO - Processing /home/data-eginner/Documents/Soccer_Data/env/lib/python3.8/site-packages/airflow/example_dags/example_time_delta_sensor_async.py took 0.158 seconds
[2022-01-28 21:11:56,050] {processor.py:163} INFO - Started process (PID=20593) to work on /home/data-eginner/Documents/Soccer_Data/env/lib/python3.8/site-packages/airflow/example_dags/example_time_delta_sensor_async.py
[2022-01-28 21:11:56,053] {processor.py:642} INFO - Processing file /home/data-eginner/Documents/Soccer_Data/env/lib/python3.8/site-packages/airflow/example_dags/example_time_delta_sensor_async.py for tasks to queue
[2022-01-28 21:11:56,054] {logging_mixin.py:109} INFO - [2022-01-28 21:11:56,054] {dagbag.py:500} INFO - Filling up the DagBag from /home/data-eginner/Documents/Soccer_Data/env/lib/python3.8/site-packages/airflow/example_dags/example_time_delta_sensor_async.py
[2022-01-28 21:11:56,077] {processor.py:654} INFO - DAG(s) dict_keys(['example_time_delta_sensor_async']) retrieved from /home/data-eginner/Documents/Soccer_Data/env/lib/python3.8/site-packages/airflow/example_dags/example_time_delta_sensor_async.py
[2022-01-28 21:11:56,091] {logging_mixin.py:109} INFO - [2022-01-28 21:11:56,090] {dag.py:2396} INFO - Sync 1 DAGs
[2022-01-28 21:11:56,111] {logging_mixin.py:109} INFO - [2022-01-28 21:11:56,111] {dag.py:2935} INFO - Setting next_dagrun for example_time_delta_sensor_async to None
[2022-01-28 21:11:56,130] {processor.py:171} INFO - Processing /home/data-eginner/Documents/Soccer_Data/env/lib/python3.8/site-packages/airflow/example_dags/example_time_delta_sensor_async.py took 0.083 seconds
[2022-01-28 21:12:32,915] {processor.py:163} INFO - Started process (PID=20732) to work on /home/data-eginner/Documents/Soccer_Data/env/lib/python3.8/site-packages/airflow/example_dags/example_time_delta_sensor_async.py
[2022-01-28 21:12:32,926] {processor.py:642} INFO - Processing file /home/data-eginner/Documents/Soccer_Data/env/lib/python3.8/site-packages/airflow/example_dags/example_time_delta_sensor_async.py for tasks to queue
[2022-01-28 21:12:32,927] {logging_mixin.py:109} INFO - [2022-01-28 21:12:32,927] {dagbag.py:500} INFO - Filling up the DagBag from /home/data-eginner/Documents/Soccer_Data/env/lib/python3.8/site-packages/airflow/example_dags/example_time_delta_sensor_async.py
[2022-01-28 21:12:32,961] {processor.py:654} INFO - DAG(s) dict_keys(['example_time_delta_sensor_async']) retrieved from /home/data-eginner/Documents/Soccer_Data/env/lib/python3.8/site-packages/airflow/example_dags/example_time_delta_sensor_async.py
[2022-01-28 21:12:32,969] {logging_mixin.py:109} INFO - [2022-01-28 21:12:32,969] {dag.py:2396} INFO - Sync 1 DAGs
[2022-01-28 21:12:32,992] {logging_mixin.py:109} INFO - [2022-01-28 21:12:32,992] {dag.py:2935} INFO - Setting next_dagrun for example_time_delta_sensor_async to None
[2022-01-28 21:12:33,010] {processor.py:171} INFO - Processing /home/data-eginner/Documents/Soccer_Data/env/lib/python3.8/site-packages/airflow/example_dags/example_time_delta_sensor_async.py took 0.108 seconds
[2022-01-28 21:13:10,708] {processor.py:163} INFO - Started process (PID=20875) to work on /home/data-eginner/Documents/Soccer_Data/env/lib/python3.8/site-packages/airflow/example_dags/example_time_delta_sensor_async.py
[2022-01-28 21:13:10,734] {processor.py:642} INFO - Processing file /home/data-eginner/Documents/Soccer_Data/env/lib/python3.8/site-packages/airflow/example_dags/example_time_delta_sensor_async.py for tasks to queue
[2022-01-28 21:13:10,734] {logging_mixin.py:109} INFO - [2022-01-28 21:13:10,734] {dagbag.py:500} INFO - Filling up the DagBag from /home/data-eginner/Documents/Soccer_Data/env/lib/python3.8/site-packages/airflow/example_dags/example_time_delta_sensor_async.py
[2022-01-28 21:13:10,785] {processor.py:654} INFO - DAG(s) dict_keys(['example_time_delta_sensor_async']) retrieved from /home/data-eginner/Documents/Soccer_Data/env/lib/python3.8/site-packages/airflow/example_dags/example_time_delta_sensor_async.py
[2022-01-28 21:13:10,793] {logging_mixin.py:109} INFO - [2022-01-28 21:13:10,793] {dag.py:2396} INFO - Sync 1 DAGs
[2022-01-28 21:13:10,826] {logging_mixin.py:109} INFO - [2022-01-28 21:13:10,825] {dag.py:2935} INFO - Setting next_dagrun for example_time_delta_sensor_async to None
[2022-01-28 21:13:10,857] {processor.py:171} INFO - Processing /home/data-eginner/Documents/Soccer_Data/env/lib/python3.8/site-packages/airflow/example_dags/example_time_delta_sensor_async.py took 0.152 seconds
[2022-01-28 21:13:54,224] {processor.py:163} INFO - Started process (PID=21030) to work on /home/data-eginner/Documents/Soccer_Data/env/lib/python3.8/site-packages/airflow/example_dags/example_time_delta_sensor_async.py
[2022-01-28 21:13:54,240] {processor.py:642} INFO - Processing file /home/data-eginner/Documents/Soccer_Data/env/lib/python3.8/site-packages/airflow/example_dags/example_time_delta_sensor_async.py for tasks to queue
[2022-01-28 21:13:54,241] {logging_mixin.py:109} INFO - [2022-01-28 21:13:54,241] {dagbag.py:500} INFO - Filling up the DagBag from /home/data-eginner/Documents/Soccer_Data/env/lib/python3.8/site-packages/airflow/example_dags/example_time_delta_sensor_async.py
[2022-01-28 21:13:54,273] {processor.py:654} INFO - DAG(s) dict_keys(['example_time_delta_sensor_async']) retrieved from /home/data-eginner/Documents/Soccer_Data/env/lib/python3.8/site-packages/airflow/example_dags/example_time_delta_sensor_async.py
[2022-01-28 21:13:54,289] {logging_mixin.py:109} INFO - [2022-01-28 21:13:54,283] {dag.py:2396} INFO - Sync 1 DAGs
[2022-01-28 21:13:54,301] {logging_mixin.py:109} INFO - [2022-01-28 21:13:54,301] {dag.py:2935} INFO - Setting next_dagrun for example_time_delta_sensor_async to None
[2022-01-28 21:13:54,330] {processor.py:171} INFO - Processing /home/data-eginner/Documents/Soccer_Data/env/lib/python3.8/site-packages/airflow/example_dags/example_time_delta_sensor_async.py took 0.108 seconds
[2022-01-28 21:14:43,619] {processor.py:163} INFO - Started process (PID=21217) to work on /home/data-eginner/Documents/Soccer_Data/env/lib/python3.8/site-packages/airflow/example_dags/example_time_delta_sensor_async.py
[2022-01-28 21:14:43,626] {processor.py:642} INFO - Processing file /home/data-eginner/Documents/Soccer_Data/env/lib/python3.8/site-packages/airflow/example_dags/example_time_delta_sensor_async.py for tasks to queue
[2022-01-28 21:14:43,626] {logging_mixin.py:109} INFO - [2022-01-28 21:14:43,626] {dagbag.py:500} INFO - Filling up the DagBag from /home/data-eginner/Documents/Soccer_Data/env/lib/python3.8/site-packages/airflow/example_dags/example_time_delta_sensor_async.py
[2022-01-28 21:14:43,681] {processor.py:654} INFO - DAG(s) dict_keys(['example_time_delta_sensor_async']) retrieved from /home/data-eginner/Documents/Soccer_Data/env/lib/python3.8/site-packages/airflow/example_dags/example_time_delta_sensor_async.py
[2022-01-28 21:14:43,715] {logging_mixin.py:109} INFO - [2022-01-28 21:14:43,715] {dag.py:2396} INFO - Sync 1 DAGs
[2022-01-28 21:14:43,748] {logging_mixin.py:109} INFO - [2022-01-28 21:14:43,748] {dag.py:2935} INFO - Setting next_dagrun for example_time_delta_sensor_async to None
[2022-01-28 21:14:43,789] {processor.py:171} INFO - Processing /home/data-eginner/Documents/Soccer_Data/env/lib/python3.8/site-packages/airflow/example_dags/example_time_delta_sensor_async.py took 0.173 seconds
[2022-01-28 21:15:36,937] {processor.py:163} INFO - Started process (PID=21384) to work on /home/data-eginner/Documents/Soccer_Data/env/lib/python3.8/site-packages/airflow/example_dags/example_time_delta_sensor_async.py
[2022-01-28 21:15:36,944] {processor.py:642} INFO - Processing file /home/data-eginner/Documents/Soccer_Data/env/lib/python3.8/site-packages/airflow/example_dags/example_time_delta_sensor_async.py for tasks to queue
[2022-01-28 21:15:36,945] {logging_mixin.py:109} INFO - [2022-01-28 21:15:36,944] {dagbag.py:500} INFO - Filling up the DagBag from /home/data-eginner/Documents/Soccer_Data/env/lib/python3.8/site-packages/airflow/example_dags/example_time_delta_sensor_async.py
[2022-01-28 21:15:37,132] {processor.py:654} INFO - DAG(s) dict_keys(['example_time_delta_sensor_async']) retrieved from /home/data-eginner/Documents/Soccer_Data/env/lib/python3.8/site-packages/airflow/example_dags/example_time_delta_sensor_async.py
[2022-01-28 21:15:37,211] {logging_mixin.py:109} INFO - [2022-01-28 21:15:37,211] {dag.py:2396} INFO - Sync 1 DAGs
[2022-01-28 21:15:37,300] {logging_mixin.py:109} INFO - [2022-01-28 21:15:37,300] {dag.py:2935} INFO - Setting next_dagrun for example_time_delta_sensor_async to None
[2022-01-28 21:15:37,349] {processor.py:171} INFO - Processing /home/data-eginner/Documents/Soccer_Data/env/lib/python3.8/site-packages/airflow/example_dags/example_time_delta_sensor_async.py took 0.426 seconds
[2022-01-28 21:16:30,589] {processor.py:163} INFO - Started process (PID=21554) to work on /home/data-eginner/Documents/Soccer_Data/env/lib/python3.8/site-packages/airflow/example_dags/example_time_delta_sensor_async.py
[2022-01-28 21:16:30,605] {processor.py:642} INFO - Processing file /home/data-eginner/Documents/Soccer_Data/env/lib/python3.8/site-packages/airflow/example_dags/example_time_delta_sensor_async.py for tasks to queue
[2022-01-28 21:16:30,606] {logging_mixin.py:109} INFO - [2022-01-28 21:16:30,606] {dagbag.py:500} INFO - Filling up the DagBag from /home/data-eginner/Documents/Soccer_Data/env/lib/python3.8/site-packages/airflow/example_dags/example_time_delta_sensor_async.py
[2022-01-28 21:16:30,725] {processor.py:654} INFO - DAG(s) dict_keys(['example_time_delta_sensor_async']) retrieved from /home/data-eginner/Documents/Soccer_Data/env/lib/python3.8/site-packages/airflow/example_dags/example_time_delta_sensor_async.py
[2022-01-28 21:16:30,769] {logging_mixin.py:109} INFO - [2022-01-28 21:16:30,769] {dag.py:2396} INFO - Sync 1 DAGs
[2022-01-28 21:16:30,829] {logging_mixin.py:109} INFO - [2022-01-28 21:16:30,828] {dag.py:2935} INFO - Setting next_dagrun for example_time_delta_sensor_async to None
[2022-01-28 21:16:31,040] {processor.py:171} INFO - Processing /home/data-eginner/Documents/Soccer_Data/env/lib/python3.8/site-packages/airflow/example_dags/example_time_delta_sensor_async.py took 0.464 seconds
[2022-01-28 21:17:19,490] {processor.py:163} INFO - Started process (PID=21700) to work on /home/data-eginner/Documents/Soccer_Data/env/lib/python3.8/site-packages/airflow/example_dags/example_time_delta_sensor_async.py
[2022-01-28 21:17:19,517] {processor.py:642} INFO - Processing file /home/data-eginner/Documents/Soccer_Data/env/lib/python3.8/site-packages/airflow/example_dags/example_time_delta_sensor_async.py for tasks to queue
[2022-01-28 21:17:19,517] {logging_mixin.py:109} INFO - [2022-01-28 21:17:19,517] {dagbag.py:500} INFO - Filling up the DagBag from /home/data-eginner/Documents/Soccer_Data/env/lib/python3.8/site-packages/airflow/example_dags/example_time_delta_sensor_async.py
[2022-01-28 21:17:19,591] {processor.py:654} INFO - DAG(s) dict_keys(['example_time_delta_sensor_async']) retrieved from /home/data-eginner/Documents/Soccer_Data/env/lib/python3.8/site-packages/airflow/example_dags/example_time_delta_sensor_async.py
[2022-01-28 21:17:19,598] {logging_mixin.py:109} INFO - [2022-01-28 21:17:19,598] {dag.py:2396} INFO - Sync 1 DAGs
[2022-01-28 21:17:19,646] {logging_mixin.py:109} INFO - [2022-01-28 21:17:19,646] {dag.py:2935} INFO - Setting next_dagrun for example_time_delta_sensor_async to None
[2022-01-28 21:17:19,677] {processor.py:171} INFO - Processing /home/data-eginner/Documents/Soccer_Data/env/lib/python3.8/site-packages/airflow/example_dags/example_time_delta_sensor_async.py took 0.207 seconds
[2022-01-28 21:18:09,091] {processor.py:163} INFO - Started process (PID=21859) to work on /home/data-eginner/Documents/Soccer_Data/env/lib/python3.8/site-packages/airflow/example_dags/example_time_delta_sensor_async.py
[2022-01-28 21:18:09,104] {processor.py:642} INFO - Processing file /home/data-eginner/Documents/Soccer_Data/env/lib/python3.8/site-packages/airflow/example_dags/example_time_delta_sensor_async.py for tasks to queue
[2022-01-28 21:18:09,105] {logging_mixin.py:109} INFO - [2022-01-28 21:18:09,105] {dagbag.py:500} INFO - Filling up the DagBag from /home/data-eginner/Documents/Soccer_Data/env/lib/python3.8/site-packages/airflow/example_dags/example_time_delta_sensor_async.py
[2022-01-28 21:18:09,173] {processor.py:654} INFO - DAG(s) dict_keys(['example_time_delta_sensor_async']) retrieved from /home/data-eginner/Documents/Soccer_Data/env/lib/python3.8/site-packages/airflow/example_dags/example_time_delta_sensor_async.py
[2022-01-28 21:18:09,203] {logging_mixin.py:109} INFO - [2022-01-28 21:18:09,202] {dag.py:2396} INFO - Sync 1 DAGs
[2022-01-28 21:18:09,250] {logging_mixin.py:109} INFO - [2022-01-28 21:18:09,250] {dag.py:2935} INFO - Setting next_dagrun for example_time_delta_sensor_async to None
[2022-01-28 21:18:09,280] {processor.py:171} INFO - Processing /home/data-eginner/Documents/Soccer_Data/env/lib/python3.8/site-packages/airflow/example_dags/example_time_delta_sensor_async.py took 0.191 seconds
[2022-01-28 21:19:03,543] {processor.py:163} INFO - Started process (PID=22017) to work on /home/data-eginner/Documents/Soccer_Data/env/lib/python3.8/site-packages/airflow/example_dags/example_time_delta_sensor_async.py
[2022-01-28 21:19:03,578] {processor.py:642} INFO - Processing file /home/data-eginner/Documents/Soccer_Data/env/lib/python3.8/site-packages/airflow/example_dags/example_time_delta_sensor_async.py for tasks to queue
[2022-01-28 21:19:03,579] {logging_mixin.py:109} INFO - [2022-01-28 21:19:03,579] {dagbag.py:500} INFO - Filling up the DagBag from /home/data-eginner/Documents/Soccer_Data/env/lib/python3.8/site-packages/airflow/example_dags/example_time_delta_sensor_async.py
[2022-01-28 21:19:03,656] {processor.py:654} INFO - DAG(s) dict_keys(['example_time_delta_sensor_async']) retrieved from /home/data-eginner/Documents/Soccer_Data/env/lib/python3.8/site-packages/airflow/example_dags/example_time_delta_sensor_async.py
[2022-01-28 21:19:03,690] {logging_mixin.py:109} INFO - [2022-01-28 21:19:03,689] {dag.py:2396} INFO - Sync 1 DAGs
[2022-01-28 21:19:03,711] {logging_mixin.py:109} INFO - [2022-01-28 21:19:03,711] {dag.py:2935} INFO - Setting next_dagrun for example_time_delta_sensor_async to None
[2022-01-28 21:19:03,778] {processor.py:171} INFO - Processing /home/data-eginner/Documents/Soccer_Data/env/lib/python3.8/site-packages/airflow/example_dags/example_time_delta_sensor_async.py took 0.237 seconds
[2022-01-28 21:19:55,120] {processor.py:163} INFO - Started process (PID=22196) to work on /home/data-eginner/Documents/Soccer_Data/env/lib/python3.8/site-packages/airflow/example_dags/example_time_delta_sensor_async.py
[2022-01-28 21:19:55,127] {processor.py:642} INFO - Processing file /home/data-eginner/Documents/Soccer_Data/env/lib/python3.8/site-packages/airflow/example_dags/example_time_delta_sensor_async.py for tasks to queue
[2022-01-28 21:19:55,127] {logging_mixin.py:109} INFO - [2022-01-28 21:19:55,127] {dagbag.py:500} INFO - Filling up the DagBag from /home/data-eginner/Documents/Soccer_Data/env/lib/python3.8/site-packages/airflow/example_dags/example_time_delta_sensor_async.py
[2022-01-28 21:19:55,182] {processor.py:654} INFO - DAG(s) dict_keys(['example_time_delta_sensor_async']) retrieved from /home/data-eginner/Documents/Soccer_Data/env/lib/python3.8/site-packages/airflow/example_dags/example_time_delta_sensor_async.py
[2022-01-28 21:19:55,231] {logging_mixin.py:109} INFO - [2022-01-28 21:19:55,231] {dag.py:2396} INFO - Sync 1 DAGs
[2022-01-28 21:19:55,269] {logging_mixin.py:109} INFO - [2022-01-28 21:19:55,269] {dag.py:2935} INFO - Setting next_dagrun for example_time_delta_sensor_async to None
[2022-01-28 21:19:55,300] {processor.py:171} INFO - Processing /home/data-eginner/Documents/Soccer_Data/env/lib/python3.8/site-packages/airflow/example_dags/example_time_delta_sensor_async.py took 0.190 seconds
[2022-01-28 21:20:39,971] {processor.py:163} INFO - Started process (PID=22347) to work on /home/data-eginner/Documents/Soccer_Data/env/lib/python3.8/site-packages/airflow/example_dags/example_time_delta_sensor_async.py
[2022-01-28 21:20:39,978] {processor.py:642} INFO - Processing file /home/data-eginner/Documents/Soccer_Data/env/lib/python3.8/site-packages/airflow/example_dags/example_time_delta_sensor_async.py for tasks to queue
[2022-01-28 21:20:39,978] {logging_mixin.py:109} INFO - [2022-01-28 21:20:39,978] {dagbag.py:500} INFO - Filling up the DagBag from /home/data-eginner/Documents/Soccer_Data/env/lib/python3.8/site-packages/airflow/example_dags/example_time_delta_sensor_async.py
[2022-01-28 21:20:40,000] {processor.py:654} INFO - DAG(s) dict_keys(['example_time_delta_sensor_async']) retrieved from /home/data-eginner/Documents/Soccer_Data/env/lib/python3.8/site-packages/airflow/example_dags/example_time_delta_sensor_async.py
[2022-01-28 21:20:40,009] {logging_mixin.py:109} INFO - [2022-01-28 21:20:40,009] {dag.py:2396} INFO - Sync 1 DAGs
[2022-01-28 21:20:40,029] {logging_mixin.py:109} INFO - [2022-01-28 21:20:40,029] {dag.py:2935} INFO - Setting next_dagrun for example_time_delta_sensor_async to None
[2022-01-28 21:20:40,064] {processor.py:171} INFO - Processing /home/data-eginner/Documents/Soccer_Data/env/lib/python3.8/site-packages/airflow/example_dags/example_time_delta_sensor_async.py took 0.097 seconds
[2022-01-28 21:21:20,388] {processor.py:163} INFO - Started process (PID=22487) to work on /home/data-eginner/Documents/Soccer_Data/env/lib/python3.8/site-packages/airflow/example_dags/example_time_delta_sensor_async.py
[2022-01-28 21:21:20,390] {processor.py:642} INFO - Processing file /home/data-eginner/Documents/Soccer_Data/env/lib/python3.8/site-packages/airflow/example_dags/example_time_delta_sensor_async.py for tasks to queue
[2022-01-28 21:21:20,391] {logging_mixin.py:109} INFO - [2022-01-28 21:21:20,391] {dagbag.py:500} INFO - Filling up the DagBag from /home/data-eginner/Documents/Soccer_Data/env/lib/python3.8/site-packages/airflow/example_dags/example_time_delta_sensor_async.py
[2022-01-28 21:21:20,418] {processor.py:654} INFO - DAG(s) dict_keys(['example_time_delta_sensor_async']) retrieved from /home/data-eginner/Documents/Soccer_Data/env/lib/python3.8/site-packages/airflow/example_dags/example_time_delta_sensor_async.py
[2022-01-28 21:21:20,431] {logging_mixin.py:109} INFO - [2022-01-28 21:21:20,431] {dag.py:2396} INFO - Sync 1 DAGs
[2022-01-28 21:21:20,447] {logging_mixin.py:109} INFO - [2022-01-28 21:21:20,446] {dag.py:2935} INFO - Setting next_dagrun for example_time_delta_sensor_async to None
[2022-01-28 21:21:20,466] {processor.py:171} INFO - Processing /home/data-eginner/Documents/Soccer_Data/env/lib/python3.8/site-packages/airflow/example_dags/example_time_delta_sensor_async.py took 0.081 seconds
[2022-01-28 21:22:02,200] {processor.py:163} INFO - Started process (PID=22643) to work on /home/data-eginner/Documents/Soccer_Data/env/lib/python3.8/site-packages/airflow/example_dags/example_time_delta_sensor_async.py
[2022-01-28 21:22:02,210] {processor.py:642} INFO - Processing file /home/data-eginner/Documents/Soccer_Data/env/lib/python3.8/site-packages/airflow/example_dags/example_time_delta_sensor_async.py for tasks to queue
[2022-01-28 21:22:02,210] {logging_mixin.py:109} INFO - [2022-01-28 21:22:02,210] {dagbag.py:500} INFO - Filling up the DagBag from /home/data-eginner/Documents/Soccer_Data/env/lib/python3.8/site-packages/airflow/example_dags/example_time_delta_sensor_async.py
[2022-01-28 21:22:02,259] {processor.py:654} INFO - DAG(s) dict_keys(['example_time_delta_sensor_async']) retrieved from /home/data-eginner/Documents/Soccer_Data/env/lib/python3.8/site-packages/airflow/example_dags/example_time_delta_sensor_async.py
[2022-01-28 21:22:02,272] {logging_mixin.py:109} INFO - [2022-01-28 21:22:02,272] {dag.py:2396} INFO - Sync 1 DAGs
[2022-01-28 21:22:02,302] {logging_mixin.py:109} INFO - [2022-01-28 21:22:02,295] {dag.py:2935} INFO - Setting next_dagrun for example_time_delta_sensor_async to None
[2022-01-28 21:22:02,322] {processor.py:171} INFO - Processing /home/data-eginner/Documents/Soccer_Data/env/lib/python3.8/site-packages/airflow/example_dags/example_time_delta_sensor_async.py took 0.125 seconds
[2022-01-28 21:26:17,940] {processor.py:163} INFO - Started process (PID=22885) to work on /home/data-eginner/Documents/Soccer_Data/env/lib/python3.8/site-packages/airflow/example_dags/example_time_delta_sensor_async.py
[2022-01-28 21:26:17,948] {processor.py:642} INFO - Processing file /home/data-eginner/Documents/Soccer_Data/env/lib/python3.8/site-packages/airflow/example_dags/example_time_delta_sensor_async.py for tasks to queue
[2022-01-28 21:26:17,949] {logging_mixin.py:109} INFO - [2022-01-28 21:26:17,949] {dagbag.py:500} INFO - Filling up the DagBag from /home/data-eginner/Documents/Soccer_Data/env/lib/python3.8/site-packages/airflow/example_dags/example_time_delta_sensor_async.py
[2022-01-28 21:26:17,990] {processor.py:654} INFO - DAG(s) dict_keys(['example_time_delta_sensor_async']) retrieved from /home/data-eginner/Documents/Soccer_Data/env/lib/python3.8/site-packages/airflow/example_dags/example_time_delta_sensor_async.py
[2022-01-28 21:26:18,027] {logging_mixin.py:109} INFO - [2022-01-28 21:26:18,027] {dag.py:2396} INFO - Sync 1 DAGs
[2022-01-28 21:26:18,075] {logging_mixin.py:109} INFO - [2022-01-28 21:26:18,075] {dag.py:2935} INFO - Setting next_dagrun for example_time_delta_sensor_async to None
[2022-01-28 21:26:18,090] {processor.py:171} INFO - Processing /home/data-eginner/Documents/Soccer_Data/env/lib/python3.8/site-packages/airflow/example_dags/example_time_delta_sensor_async.py took 0.152 seconds
[2022-01-28 21:27:05,918] {processor.py:163} INFO - Started process (PID=23065) to work on /home/data-eginner/Documents/Soccer_Data/env/lib/python3.8/site-packages/airflow/example_dags/example_time_delta_sensor_async.py
[2022-01-28 21:27:05,920] {processor.py:642} INFO - Processing file /home/data-eginner/Documents/Soccer_Data/env/lib/python3.8/site-packages/airflow/example_dags/example_time_delta_sensor_async.py for tasks to queue
[2022-01-28 21:27:05,921] {logging_mixin.py:109} INFO - [2022-01-28 21:27:05,921] {dagbag.py:500} INFO - Filling up the DagBag from /home/data-eginner/Documents/Soccer_Data/env/lib/python3.8/site-packages/airflow/example_dags/example_time_delta_sensor_async.py
[2022-01-28 21:27:05,999] {processor.py:654} INFO - DAG(s) dict_keys(['example_time_delta_sensor_async']) retrieved from /home/data-eginner/Documents/Soccer_Data/env/lib/python3.8/site-packages/airflow/example_dags/example_time_delta_sensor_async.py
[2022-01-28 21:27:06,053] {logging_mixin.py:109} INFO - [2022-01-28 21:27:06,053] {dag.py:2396} INFO - Sync 1 DAGs
[2022-01-28 21:27:06,100] {logging_mixin.py:109} INFO - [2022-01-28 21:27:06,100] {dag.py:2935} INFO - Setting next_dagrun for example_time_delta_sensor_async to None
[2022-01-28 21:27:06,131] {processor.py:171} INFO - Processing /home/data-eginner/Documents/Soccer_Data/env/lib/python3.8/site-packages/airflow/example_dags/example_time_delta_sensor_async.py took 0.242 seconds
[2022-01-28 21:28:04,563] {processor.py:163} INFO - Started process (PID=23305) to work on /home/data-eginner/Documents/Soccer_Data/env/lib/python3.8/site-packages/airflow/example_dags/example_time_delta_sensor_async.py
[2022-01-28 21:28:04,570] {processor.py:642} INFO - Processing file /home/data-eginner/Documents/Soccer_Data/env/lib/python3.8/site-packages/airflow/example_dags/example_time_delta_sensor_async.py for tasks to queue
[2022-01-28 21:28:04,570] {logging_mixin.py:109} INFO - [2022-01-28 21:28:04,570] {dagbag.py:500} INFO - Filling up the DagBag from /home/data-eginner/Documents/Soccer_Data/env/lib/python3.8/site-packages/airflow/example_dags/example_time_delta_sensor_async.py
[2022-01-28 21:28:04,595] {processor.py:654} INFO - DAG(s) dict_keys(['example_time_delta_sensor_async']) retrieved from /home/data-eginner/Documents/Soccer_Data/env/lib/python3.8/site-packages/airflow/example_dags/example_time_delta_sensor_async.py
[2022-01-28 21:28:04,605] {logging_mixin.py:109} INFO - [2022-01-28 21:28:04,605] {dag.py:2396} INFO - Sync 1 DAGs
[2022-01-28 21:28:04,622] {logging_mixin.py:109} INFO - [2022-01-28 21:28:04,622] {dag.py:2935} INFO - Setting next_dagrun for example_time_delta_sensor_async to None
[2022-01-28 21:28:04,647] {processor.py:171} INFO - Processing /home/data-eginner/Documents/Soccer_Data/env/lib/python3.8/site-packages/airflow/example_dags/example_time_delta_sensor_async.py took 0.087 seconds
[2022-01-28 21:28:50,255] {processor.py:163} INFO - Started process (PID=23433) to work on /home/data-eginner/Documents/Soccer_Data/env/lib/python3.8/site-packages/airflow/example_dags/example_time_delta_sensor_async.py
[2022-01-28 21:28:50,271] {processor.py:642} INFO - Processing file /home/data-eginner/Documents/Soccer_Data/env/lib/python3.8/site-packages/airflow/example_dags/example_time_delta_sensor_async.py for tasks to queue
[2022-01-28 21:28:50,271] {logging_mixin.py:109} INFO - [2022-01-28 21:28:50,271] {dagbag.py:500} INFO - Filling up the DagBag from /home/data-eginner/Documents/Soccer_Data/env/lib/python3.8/site-packages/airflow/example_dags/example_time_delta_sensor_async.py
[2022-01-28 21:28:50,415] {processor.py:654} INFO - DAG(s) dict_keys(['example_time_delta_sensor_async']) retrieved from /home/data-eginner/Documents/Soccer_Data/env/lib/python3.8/site-packages/airflow/example_dags/example_time_delta_sensor_async.py
[2022-01-28 21:28:50,465] {logging_mixin.py:109} INFO - [2022-01-28 21:28:50,464] {dag.py:2396} INFO - Sync 1 DAGs
[2022-01-28 21:28:50,510] {logging_mixin.py:109} INFO - [2022-01-28 21:28:50,510] {dag.py:2935} INFO - Setting next_dagrun for example_time_delta_sensor_async to None
[2022-01-28 21:28:50,552] {processor.py:171} INFO - Processing /home/data-eginner/Documents/Soccer_Data/env/lib/python3.8/site-packages/airflow/example_dags/example_time_delta_sensor_async.py took 0.300 seconds
[2022-01-28 21:29:38,484] {processor.py:163} INFO - Started process (PID=23594) to work on /home/data-eginner/Documents/Soccer_Data/env/lib/python3.8/site-packages/airflow/example_dags/example_time_delta_sensor_async.py
[2022-01-28 21:29:38,488] {processor.py:642} INFO - Processing file /home/data-eginner/Documents/Soccer_Data/env/lib/python3.8/site-packages/airflow/example_dags/example_time_delta_sensor_async.py for tasks to queue
[2022-01-28 21:29:38,489] {logging_mixin.py:109} INFO - [2022-01-28 21:29:38,489] {dagbag.py:500} INFO - Filling up the DagBag from /home/data-eginner/Documents/Soccer_Data/env/lib/python3.8/site-packages/airflow/example_dags/example_time_delta_sensor_async.py
[2022-01-28 21:29:38,549] {processor.py:654} INFO - DAG(s) dict_keys(['example_time_delta_sensor_async']) retrieved from /home/data-eginner/Documents/Soccer_Data/env/lib/python3.8/site-packages/airflow/example_dags/example_time_delta_sensor_async.py
[2022-01-28 21:29:38,563] {logging_mixin.py:109} INFO - [2022-01-28 21:29:38,563] {dag.py:2396} INFO - Sync 1 DAGs
[2022-01-28 21:29:38,588] {logging_mixin.py:109} INFO - [2022-01-28 21:29:38,588] {dag.py:2935} INFO - Setting next_dagrun for example_time_delta_sensor_async to None
[2022-01-28 21:29:38,610] {processor.py:171} INFO - Processing /home/data-eginner/Documents/Soccer_Data/env/lib/python3.8/site-packages/airflow/example_dags/example_time_delta_sensor_async.py took 0.131 seconds
[2022-01-28 21:30:24,367] {processor.py:163} INFO - Started process (PID=23765) to work on /home/data-eginner/Documents/Soccer_Data/env/lib/python3.8/site-packages/airflow/example_dags/example_time_delta_sensor_async.py
[2022-01-28 21:30:24,378] {processor.py:642} INFO - Processing file /home/data-eginner/Documents/Soccer_Data/env/lib/python3.8/site-packages/airflow/example_dags/example_time_delta_sensor_async.py for tasks to queue
[2022-01-28 21:30:24,378] {logging_mixin.py:109} INFO - [2022-01-28 21:30:24,378] {dagbag.py:500} INFO - Filling up the DagBag from /home/data-eginner/Documents/Soccer_Data/env/lib/python3.8/site-packages/airflow/example_dags/example_time_delta_sensor_async.py
[2022-01-28 21:30:24,432] {processor.py:654} INFO - DAG(s) dict_keys(['example_time_delta_sensor_async']) retrieved from /home/data-eginner/Documents/Soccer_Data/env/lib/python3.8/site-packages/airflow/example_dags/example_time_delta_sensor_async.py
[2022-01-28 21:30:24,470] {logging_mixin.py:109} INFO - [2022-01-28 21:30:24,470] {dag.py:2396} INFO - Sync 1 DAGs
[2022-01-28 21:30:24,505] {logging_mixin.py:109} INFO - [2022-01-28 21:30:24,505] {dag.py:2935} INFO - Setting next_dagrun for example_time_delta_sensor_async to None
[2022-01-28 21:30:24,558] {processor.py:171} INFO - Processing /home/data-eginner/Documents/Soccer_Data/env/lib/python3.8/site-packages/airflow/example_dags/example_time_delta_sensor_async.py took 0.194 seconds
[2022-01-28 21:31:19,606] {processor.py:163} INFO - Started process (PID=23948) to work on /home/data-eginner/Documents/Soccer_Data/env/lib/python3.8/site-packages/airflow/example_dags/example_time_delta_sensor_async.py
[2022-01-28 21:31:19,615] {processor.py:642} INFO - Processing file /home/data-eginner/Documents/Soccer_Data/env/lib/python3.8/site-packages/airflow/example_dags/example_time_delta_sensor_async.py for tasks to queue
[2022-01-28 21:31:19,616] {logging_mixin.py:109} INFO - [2022-01-28 21:31:19,616] {dagbag.py:500} INFO - Filling up the DagBag from /home/data-eginner/Documents/Soccer_Data/env/lib/python3.8/site-packages/airflow/example_dags/example_time_delta_sensor_async.py
[2022-01-28 21:31:19,673] {processor.py:654} INFO - DAG(s) dict_keys(['example_time_delta_sensor_async']) retrieved from /home/data-eginner/Documents/Soccer_Data/env/lib/python3.8/site-packages/airflow/example_dags/example_time_delta_sensor_async.py
[2022-01-28 21:31:19,705] {logging_mixin.py:109} INFO - [2022-01-28 21:31:19,705] {dag.py:2396} INFO - Sync 1 DAGs
[2022-01-28 21:31:19,770] {logging_mixin.py:109} INFO - [2022-01-28 21:31:19,770] {dag.py:2935} INFO - Setting next_dagrun for example_time_delta_sensor_async to None
[2022-01-28 21:31:19,822] {processor.py:171} INFO - Processing /home/data-eginner/Documents/Soccer_Data/env/lib/python3.8/site-packages/airflow/example_dags/example_time_delta_sensor_async.py took 0.236 seconds
[2022-01-28 21:32:07,498] {processor.py:163} INFO - Started process (PID=24118) to work on /home/data-eginner/Documents/Soccer_Data/env/lib/python3.8/site-packages/airflow/example_dags/example_time_delta_sensor_async.py
[2022-01-28 21:32:07,515] {processor.py:642} INFO - Processing file /home/data-eginner/Documents/Soccer_Data/env/lib/python3.8/site-packages/airflow/example_dags/example_time_delta_sensor_async.py for tasks to queue
[2022-01-28 21:32:07,516] {logging_mixin.py:109} INFO - [2022-01-28 21:32:07,516] {dagbag.py:500} INFO - Filling up the DagBag from /home/data-eginner/Documents/Soccer_Data/env/lib/python3.8/site-packages/airflow/example_dags/example_time_delta_sensor_async.py
[2022-01-28 21:32:07,561] {processor.py:654} INFO - DAG(s) dict_keys(['example_time_delta_sensor_async']) retrieved from /home/data-eginner/Documents/Soccer_Data/env/lib/python3.8/site-packages/airflow/example_dags/example_time_delta_sensor_async.py
[2022-01-28 21:32:07,586] {logging_mixin.py:109} INFO - [2022-01-28 21:32:07,585] {dag.py:2396} INFO - Sync 1 DAGs
[2022-01-28 21:32:07,624] {logging_mixin.py:109} INFO - [2022-01-28 21:32:07,624] {dag.py:2935} INFO - Setting next_dagrun for example_time_delta_sensor_async to None
[2022-01-28 21:32:07,656] {processor.py:171} INFO - Processing /home/data-eginner/Documents/Soccer_Data/env/lib/python3.8/site-packages/airflow/example_dags/example_time_delta_sensor_async.py took 0.161 seconds
[2022-01-28 21:32:50,774] {processor.py:163} INFO - Started process (PID=24281) to work on /home/data-eginner/Documents/Soccer_Data/env/lib/python3.8/site-packages/airflow/example_dags/example_time_delta_sensor_async.py
[2022-01-28 21:32:50,779] {processor.py:642} INFO - Processing file /home/data-eginner/Documents/Soccer_Data/env/lib/python3.8/site-packages/airflow/example_dags/example_time_delta_sensor_async.py for tasks to queue
[2022-01-28 21:32:50,780] {logging_mixin.py:109} INFO - [2022-01-28 21:32:50,780] {dagbag.py:500} INFO - Filling up the DagBag from /home/data-eginner/Documents/Soccer_Data/env/lib/python3.8/site-packages/airflow/example_dags/example_time_delta_sensor_async.py
[2022-01-28 21:32:50,828] {processor.py:654} INFO - DAG(s) dict_keys(['example_time_delta_sensor_async']) retrieved from /home/data-eginner/Documents/Soccer_Data/env/lib/python3.8/site-packages/airflow/example_dags/example_time_delta_sensor_async.py
[2022-01-28 21:32:50,858] {logging_mixin.py:109} INFO - [2022-01-28 21:32:50,858] {dag.py:2396} INFO - Sync 1 DAGs
[2022-01-28 21:32:50,914] {logging_mixin.py:109} INFO - [2022-01-28 21:32:50,914] {dag.py:2935} INFO - Setting next_dagrun for example_time_delta_sensor_async to None
[2022-01-28 21:32:50,989] {processor.py:171} INFO - Processing /home/data-eginner/Documents/Soccer_Data/env/lib/python3.8/site-packages/airflow/example_dags/example_time_delta_sensor_async.py took 0.217 seconds
[2022-01-28 21:33:31,806] {processor.py:163} INFO - Started process (PID=24442) to work on /home/data-eginner/Documents/Soccer_Data/env/lib/python3.8/site-packages/airflow/example_dags/example_time_delta_sensor_async.py
[2022-01-28 21:33:31,812] {processor.py:642} INFO - Processing file /home/data-eginner/Documents/Soccer_Data/env/lib/python3.8/site-packages/airflow/example_dags/example_time_delta_sensor_async.py for tasks to queue
[2022-01-28 21:33:31,813] {logging_mixin.py:109} INFO - [2022-01-28 21:33:31,813] {dagbag.py:500} INFO - Filling up the DagBag from /home/data-eginner/Documents/Soccer_Data/env/lib/python3.8/site-packages/airflow/example_dags/example_time_delta_sensor_async.py
[2022-01-28 21:33:31,836] {processor.py:654} INFO - DAG(s) dict_keys(['example_time_delta_sensor_async']) retrieved from /home/data-eginner/Documents/Soccer_Data/env/lib/python3.8/site-packages/airflow/example_dags/example_time_delta_sensor_async.py
[2022-01-28 21:33:31,847] {logging_mixin.py:109} INFO - [2022-01-28 21:33:31,847] {dag.py:2396} INFO - Sync 1 DAGs
[2022-01-28 21:33:31,861] {logging_mixin.py:109} INFO - [2022-01-28 21:33:31,861] {dag.py:2935} INFO - Setting next_dagrun for example_time_delta_sensor_async to None
[2022-01-28 21:33:31,880] {processor.py:171} INFO - Processing /home/data-eginner/Documents/Soccer_Data/env/lib/python3.8/site-packages/airflow/example_dags/example_time_delta_sensor_async.py took 0.076 seconds
[2022-01-28 21:34:14,269] {processor.py:163} INFO - Started process (PID=24608) to work on /home/data-eginner/Documents/Soccer_Data/env/lib/python3.8/site-packages/airflow/example_dags/example_time_delta_sensor_async.py
[2022-01-28 21:34:14,275] {processor.py:642} INFO - Processing file /home/data-eginner/Documents/Soccer_Data/env/lib/python3.8/site-packages/airflow/example_dags/example_time_delta_sensor_async.py for tasks to queue
[2022-01-28 21:34:14,276] {logging_mixin.py:109} INFO - [2022-01-28 21:34:14,276] {dagbag.py:500} INFO - Filling up the DagBag from /home/data-eginner/Documents/Soccer_Data/env/lib/python3.8/site-packages/airflow/example_dags/example_time_delta_sensor_async.py
[2022-01-28 21:34:14,365] {processor.py:654} INFO - DAG(s) dict_keys(['example_time_delta_sensor_async']) retrieved from /home/data-eginner/Documents/Soccer_Data/env/lib/python3.8/site-packages/airflow/example_dags/example_time_delta_sensor_async.py
[2022-01-28 21:34:14,378] {logging_mixin.py:109} INFO - [2022-01-28 21:34:14,378] {dag.py:2396} INFO - Sync 1 DAGs
[2022-01-28 21:34:14,394] {logging_mixin.py:109} INFO - [2022-01-28 21:34:14,394] {dag.py:2935} INFO - Setting next_dagrun for example_time_delta_sensor_async to None
[2022-01-28 21:34:14,416] {processor.py:171} INFO - Processing /home/data-eginner/Documents/Soccer_Data/env/lib/python3.8/site-packages/airflow/example_dags/example_time_delta_sensor_async.py took 0.151 seconds
[2022-01-28 21:56:03,555] {processor.py:163} INFO - Started process (PID=25015) to work on /home/data-eginner/Documents/Soccer_Data/env/lib/python3.8/site-packages/airflow/example_dags/example_time_delta_sensor_async.py
[2022-01-28 21:56:03,581] {processor.py:642} INFO - Processing file /home/data-eginner/Documents/Soccer_Data/env/lib/python3.8/site-packages/airflow/example_dags/example_time_delta_sensor_async.py for tasks to queue
[2022-01-28 21:56:03,582] {logging_mixin.py:109} INFO - [2022-01-28 21:56:03,582] {dagbag.py:500} INFO - Filling up the DagBag from /home/data-eginner/Documents/Soccer_Data/env/lib/python3.8/site-packages/airflow/example_dags/example_time_delta_sensor_async.py
[2022-01-28 21:56:03,639] {processor.py:654} INFO - DAG(s) dict_keys(['example_time_delta_sensor_async']) retrieved from /home/data-eginner/Documents/Soccer_Data/env/lib/python3.8/site-packages/airflow/example_dags/example_time_delta_sensor_async.py
[2022-01-28 21:56:03,698] {logging_mixin.py:109} INFO - [2022-01-28 21:56:03,697] {dag.py:2396} INFO - Sync 1 DAGs
[2022-01-28 21:56:03,726] {logging_mixin.py:109} INFO - [2022-01-28 21:56:03,726] {dag.py:2935} INFO - Setting next_dagrun for example_time_delta_sensor_async to None
[2022-01-28 21:56:03,762] {processor.py:171} INFO - Processing /home/data-eginner/Documents/Soccer_Data/env/lib/python3.8/site-packages/airflow/example_dags/example_time_delta_sensor_async.py took 0.221 seconds
[2022-01-28 21:56:53,679] {processor.py:163} INFO - Started process (PID=25195) to work on /home/data-eginner/Documents/Soccer_Data/env/lib/python3.8/site-packages/airflow/example_dags/example_time_delta_sensor_async.py
[2022-01-28 21:56:53,696] {processor.py:642} INFO - Processing file /home/data-eginner/Documents/Soccer_Data/env/lib/python3.8/site-packages/airflow/example_dags/example_time_delta_sensor_async.py for tasks to queue
[2022-01-28 21:56:53,697] {logging_mixin.py:109} INFO - [2022-01-28 21:56:53,696] {dagbag.py:500} INFO - Filling up the DagBag from /home/data-eginner/Documents/Soccer_Data/env/lib/python3.8/site-packages/airflow/example_dags/example_time_delta_sensor_async.py
[2022-01-28 21:56:53,739] {processor.py:654} INFO - DAG(s) dict_keys(['example_time_delta_sensor_async']) retrieved from /home/data-eginner/Documents/Soccer_Data/env/lib/python3.8/site-packages/airflow/example_dags/example_time_delta_sensor_async.py
[2022-01-28 21:56:53,775] {logging_mixin.py:109} INFO - [2022-01-28 21:56:53,775] {dag.py:2396} INFO - Sync 1 DAGs
[2022-01-28 21:56:53,796] {logging_mixin.py:109} INFO - [2022-01-28 21:56:53,796] {dag.py:2935} INFO - Setting next_dagrun for example_time_delta_sensor_async to None
[2022-01-28 21:56:53,826] {processor.py:171} INFO - Processing /home/data-eginner/Documents/Soccer_Data/env/lib/python3.8/site-packages/airflow/example_dags/example_time_delta_sensor_async.py took 0.166 seconds
[2022-01-28 21:57:36,343] {processor.py:163} INFO - Started process (PID=25353) to work on /home/data-eginner/Documents/Soccer_Data/env/lib/python3.8/site-packages/airflow/example_dags/example_time_delta_sensor_async.py
[2022-01-28 21:57:36,346] {processor.py:642} INFO - Processing file /home/data-eginner/Documents/Soccer_Data/env/lib/python3.8/site-packages/airflow/example_dags/example_time_delta_sensor_async.py for tasks to queue
[2022-01-28 21:57:36,347] {logging_mixin.py:109} INFO - [2022-01-28 21:57:36,347] {dagbag.py:500} INFO - Filling up the DagBag from /home/data-eginner/Documents/Soccer_Data/env/lib/python3.8/site-packages/airflow/example_dags/example_time_delta_sensor_async.py
[2022-01-28 21:57:36,387] {processor.py:654} INFO - DAG(s) dict_keys(['example_time_delta_sensor_async']) retrieved from /home/data-eginner/Documents/Soccer_Data/env/lib/python3.8/site-packages/airflow/example_dags/example_time_delta_sensor_async.py
[2022-01-28 21:57:36,396] {logging_mixin.py:109} INFO - [2022-01-28 21:57:36,396] {dag.py:2396} INFO - Sync 1 DAGs
[2022-01-28 21:57:36,409] {logging_mixin.py:109} INFO - [2022-01-28 21:57:36,409] {dag.py:2935} INFO - Setting next_dagrun for example_time_delta_sensor_async to None
[2022-01-28 21:57:36,423] {processor.py:171} INFO - Processing /home/data-eginner/Documents/Soccer_Data/env/lib/python3.8/site-packages/airflow/example_dags/example_time_delta_sensor_async.py took 0.099 seconds
[2022-01-28 21:58:14,213] {processor.py:163} INFO - Started process (PID=25512) to work on /home/data-eginner/Documents/Soccer_Data/env/lib/python3.8/site-packages/airflow/example_dags/example_time_delta_sensor_async.py
[2022-01-28 21:58:14,230] {processor.py:642} INFO - Processing file /home/data-eginner/Documents/Soccer_Data/env/lib/python3.8/site-packages/airflow/example_dags/example_time_delta_sensor_async.py for tasks to queue
[2022-01-28 21:58:14,230] {logging_mixin.py:109} INFO - [2022-01-28 21:58:14,230] {dagbag.py:500} INFO - Filling up the DagBag from /home/data-eginner/Documents/Soccer_Data/env/lib/python3.8/site-packages/airflow/example_dags/example_time_delta_sensor_async.py
[2022-01-28 21:58:14,263] {processor.py:654} INFO - DAG(s) dict_keys(['example_time_delta_sensor_async']) retrieved from /home/data-eginner/Documents/Soccer_Data/env/lib/python3.8/site-packages/airflow/example_dags/example_time_delta_sensor_async.py
[2022-01-28 21:58:14,273] {logging_mixin.py:109} INFO - [2022-01-28 21:58:14,273] {dag.py:2396} INFO - Sync 1 DAGs
[2022-01-28 21:58:14,284] {logging_mixin.py:109} INFO - [2022-01-28 21:58:14,284] {dag.py:2935} INFO - Setting next_dagrun for example_time_delta_sensor_async to None
[2022-01-28 21:58:14,299] {processor.py:171} INFO - Processing /home/data-eginner/Documents/Soccer_Data/env/lib/python3.8/site-packages/airflow/example_dags/example_time_delta_sensor_async.py took 0.088 seconds
[2022-01-28 21:58:55,455] {processor.py:163} INFO - Started process (PID=25671) to work on /home/data-eginner/Documents/Soccer_Data/env/lib/python3.8/site-packages/airflow/example_dags/example_time_delta_sensor_async.py
[2022-01-28 21:58:55,475] {processor.py:642} INFO - Processing file /home/data-eginner/Documents/Soccer_Data/env/lib/python3.8/site-packages/airflow/example_dags/example_time_delta_sensor_async.py for tasks to queue
[2022-01-28 21:58:55,475] {logging_mixin.py:109} INFO - [2022-01-28 21:58:55,475] {dagbag.py:500} INFO - Filling up the DagBag from /home/data-eginner/Documents/Soccer_Data/env/lib/python3.8/site-packages/airflow/example_dags/example_time_delta_sensor_async.py
[2022-01-28 21:58:55,505] {processor.py:654} INFO - DAG(s) dict_keys(['example_time_delta_sensor_async']) retrieved from /home/data-eginner/Documents/Soccer_Data/env/lib/python3.8/site-packages/airflow/example_dags/example_time_delta_sensor_async.py
[2022-01-28 21:58:55,517] {logging_mixin.py:109} INFO - [2022-01-28 21:58:55,517] {dag.py:2396} INFO - Sync 1 DAGs
[2022-01-28 21:58:55,533] {logging_mixin.py:109} INFO - [2022-01-28 21:58:55,532] {dag.py:2935} INFO - Setting next_dagrun for example_time_delta_sensor_async to None
[2022-01-28 21:58:55,551] {processor.py:171} INFO - Processing /home/data-eginner/Documents/Soccer_Data/env/lib/python3.8/site-packages/airflow/example_dags/example_time_delta_sensor_async.py took 0.099 seconds
[2022-01-28 21:59:35,615] {processor.py:163} INFO - Started process (PID=25825) to work on /home/data-eginner/Documents/Soccer_Data/env/lib/python3.8/site-packages/airflow/example_dags/example_time_delta_sensor_async.py
[2022-01-28 21:59:35,640] {processor.py:642} INFO - Processing file /home/data-eginner/Documents/Soccer_Data/env/lib/python3.8/site-packages/airflow/example_dags/example_time_delta_sensor_async.py for tasks to queue
[2022-01-28 21:59:35,641] {logging_mixin.py:109} INFO - [2022-01-28 21:59:35,641] {dagbag.py:500} INFO - Filling up the DagBag from /home/data-eginner/Documents/Soccer_Data/env/lib/python3.8/site-packages/airflow/example_dags/example_time_delta_sensor_async.py
[2022-01-28 21:59:35,676] {processor.py:654} INFO - DAG(s) dict_keys(['example_time_delta_sensor_async']) retrieved from /home/data-eginner/Documents/Soccer_Data/env/lib/python3.8/site-packages/airflow/example_dags/example_time_delta_sensor_async.py
[2022-01-28 21:59:35,696] {logging_mixin.py:109} INFO - [2022-01-28 21:59:35,696] {dag.py:2396} INFO - Sync 1 DAGs
[2022-01-28 21:59:35,723] {logging_mixin.py:109} INFO - [2022-01-28 21:59:35,723] {dag.py:2935} INFO - Setting next_dagrun for example_time_delta_sensor_async to None
[2022-01-28 21:59:35,756] {processor.py:171} INFO - Processing /home/data-eginner/Documents/Soccer_Data/env/lib/python3.8/site-packages/airflow/example_dags/example_time_delta_sensor_async.py took 0.144 seconds
[2022-01-28 22:00:10,907] {processor.py:163} INFO - Started process (PID=25959) to work on /home/data-eginner/Documents/Soccer_Data/env/lib/python3.8/site-packages/airflow/example_dags/example_time_delta_sensor_async.py
[2022-01-28 22:00:10,909] {processor.py:642} INFO - Processing file /home/data-eginner/Documents/Soccer_Data/env/lib/python3.8/site-packages/airflow/example_dags/example_time_delta_sensor_async.py for tasks to queue
[2022-01-28 22:00:10,909] {logging_mixin.py:109} INFO - [2022-01-28 22:00:10,909] {dagbag.py:500} INFO - Filling up the DagBag from /home/data-eginner/Documents/Soccer_Data/env/lib/python3.8/site-packages/airflow/example_dags/example_time_delta_sensor_async.py
[2022-01-28 22:00:10,934] {processor.py:654} INFO - DAG(s) dict_keys(['example_time_delta_sensor_async']) retrieved from /home/data-eginner/Documents/Soccer_Data/env/lib/python3.8/site-packages/airflow/example_dags/example_time_delta_sensor_async.py
[2022-01-28 22:00:10,954] {logging_mixin.py:109} INFO - [2022-01-28 22:00:10,954] {dag.py:2396} INFO - Sync 1 DAGs
[2022-01-28 22:00:10,972] {logging_mixin.py:109} INFO - [2022-01-28 22:00:10,972] {dag.py:2935} INFO - Setting next_dagrun for example_time_delta_sensor_async to None
[2022-01-28 22:00:11,021] {processor.py:171} INFO - Processing /home/data-eginner/Documents/Soccer_Data/env/lib/python3.8/site-packages/airflow/example_dags/example_time_delta_sensor_async.py took 0.137 seconds
[2022-01-28 22:00:49,265] {processor.py:163} INFO - Started process (PID=26119) to work on /home/data-eginner/Documents/Soccer_Data/env/lib/python3.8/site-packages/airflow/example_dags/example_time_delta_sensor_async.py
[2022-01-28 22:00:49,267] {processor.py:642} INFO - Processing file /home/data-eginner/Documents/Soccer_Data/env/lib/python3.8/site-packages/airflow/example_dags/example_time_delta_sensor_async.py for tasks to queue
[2022-01-28 22:00:49,267] {logging_mixin.py:109} INFO - [2022-01-28 22:00:49,267] {dagbag.py:500} INFO - Filling up the DagBag from /home/data-eginner/Documents/Soccer_Data/env/lib/python3.8/site-packages/airflow/example_dags/example_time_delta_sensor_async.py
[2022-01-28 22:00:49,288] {processor.py:654} INFO - DAG(s) dict_keys(['example_time_delta_sensor_async']) retrieved from /home/data-eginner/Documents/Soccer_Data/env/lib/python3.8/site-packages/airflow/example_dags/example_time_delta_sensor_async.py
[2022-01-28 22:00:49,297] {logging_mixin.py:109} INFO - [2022-01-28 22:00:49,297] {dag.py:2396} INFO - Sync 1 DAGs
[2022-01-28 22:00:49,307] {logging_mixin.py:109} INFO - [2022-01-28 22:00:49,307] {dag.py:2935} INFO - Setting next_dagrun for example_time_delta_sensor_async to None
[2022-01-28 22:00:49,323] {processor.py:171} INFO - Processing /home/data-eginner/Documents/Soccer_Data/env/lib/python3.8/site-packages/airflow/example_dags/example_time_delta_sensor_async.py took 0.062 seconds
[2022-01-28 22:01:26,376] {processor.py:163} INFO - Started process (PID=26266) to work on /home/data-eginner/Documents/Soccer_Data/env/lib/python3.8/site-packages/airflow/example_dags/example_time_delta_sensor_async.py
[2022-01-28 22:01:26,383] {processor.py:642} INFO - Processing file /home/data-eginner/Documents/Soccer_Data/env/lib/python3.8/site-packages/airflow/example_dags/example_time_delta_sensor_async.py for tasks to queue
[2022-01-28 22:01:26,383] {logging_mixin.py:109} INFO - [2022-01-28 22:01:26,383] {dagbag.py:500} INFO - Filling up the DagBag from /home/data-eginner/Documents/Soccer_Data/env/lib/python3.8/site-packages/airflow/example_dags/example_time_delta_sensor_async.py
[2022-01-28 22:01:26,454] {processor.py:654} INFO - DAG(s) dict_keys(['example_time_delta_sensor_async']) retrieved from /home/data-eginner/Documents/Soccer_Data/env/lib/python3.8/site-packages/airflow/example_dags/example_time_delta_sensor_async.py
[2022-01-28 22:01:26,485] {logging_mixin.py:109} INFO - [2022-01-28 22:01:26,485] {dag.py:2396} INFO - Sync 1 DAGs
[2022-01-28 22:01:26,516] {logging_mixin.py:109} INFO - [2022-01-28 22:01:26,516] {dag.py:2935} INFO - Setting next_dagrun for example_time_delta_sensor_async to None
[2022-01-28 22:01:26,536] {processor.py:171} INFO - Processing /home/data-eginner/Documents/Soccer_Data/env/lib/python3.8/site-packages/airflow/example_dags/example_time_delta_sensor_async.py took 0.162 seconds
[2022-01-28 22:04:12,184] {processor.py:163} INFO - Started process (PID=26538) to work on /home/data-eginner/Documents/Soccer_Data/env/lib/python3.8/site-packages/airflow/example_dags/example_time_delta_sensor_async.py
[2022-01-28 22:04:12,210] {processor.py:642} INFO - Processing file /home/data-eginner/Documents/Soccer_Data/env/lib/python3.8/site-packages/airflow/example_dags/example_time_delta_sensor_async.py for tasks to queue
[2022-01-28 22:04:12,211] {logging_mixin.py:109} INFO - [2022-01-28 22:04:12,211] {dagbag.py:500} INFO - Filling up the DagBag from /home/data-eginner/Documents/Soccer_Data/env/lib/python3.8/site-packages/airflow/example_dags/example_time_delta_sensor_async.py
[2022-01-28 22:04:12,250] {processor.py:654} INFO - DAG(s) dict_keys(['example_time_delta_sensor_async']) retrieved from /home/data-eginner/Documents/Soccer_Data/env/lib/python3.8/site-packages/airflow/example_dags/example_time_delta_sensor_async.py
[2022-01-28 22:04:12,258] {logging_mixin.py:109} INFO - [2022-01-28 22:04:12,258] {dag.py:2396} INFO - Sync 1 DAGs
[2022-01-28 22:04:12,279] {logging_mixin.py:109} INFO - [2022-01-28 22:04:12,279] {dag.py:2935} INFO - Setting next_dagrun for example_time_delta_sensor_async to None
[2022-01-28 22:04:12,313] {processor.py:171} INFO - Processing /home/data-eginner/Documents/Soccer_Data/env/lib/python3.8/site-packages/airflow/example_dags/example_time_delta_sensor_async.py took 0.131 seconds
[2022-01-28 22:04:54,231] {processor.py:163} INFO - Started process (PID=26704) to work on /home/data-eginner/Documents/Soccer_Data/env/lib/python3.8/site-packages/airflow/example_dags/example_time_delta_sensor_async.py
[2022-01-28 22:04:54,235] {processor.py:642} INFO - Processing file /home/data-eginner/Documents/Soccer_Data/env/lib/python3.8/site-packages/airflow/example_dags/example_time_delta_sensor_async.py for tasks to queue
[2022-01-28 22:04:54,235] {logging_mixin.py:109} INFO - [2022-01-28 22:04:54,235] {dagbag.py:500} INFO - Filling up the DagBag from /home/data-eginner/Documents/Soccer_Data/env/lib/python3.8/site-packages/airflow/example_dags/example_time_delta_sensor_async.py
[2022-01-28 22:04:54,271] {processor.py:654} INFO - DAG(s) dict_keys(['example_time_delta_sensor_async']) retrieved from /home/data-eginner/Documents/Soccer_Data/env/lib/python3.8/site-packages/airflow/example_dags/example_time_delta_sensor_async.py
[2022-01-28 22:04:54,294] {logging_mixin.py:109} INFO - [2022-01-28 22:04:54,294] {dag.py:2396} INFO - Sync 1 DAGs
[2022-01-28 22:04:54,318] {logging_mixin.py:109} INFO - [2022-01-28 22:04:54,318] {dag.py:2935} INFO - Setting next_dagrun for example_time_delta_sensor_async to None
[2022-01-28 22:04:54,372] {processor.py:171} INFO - Processing /home/data-eginner/Documents/Soccer_Data/env/lib/python3.8/site-packages/airflow/example_dags/example_time_delta_sensor_async.py took 0.149 seconds
[2022-01-28 22:05:36,436] {processor.py:163} INFO - Started process (PID=26870) to work on /home/data-eginner/Documents/Soccer_Data/env/lib/python3.8/site-packages/airflow/example_dags/example_time_delta_sensor_async.py
[2022-01-28 22:05:36,451] {processor.py:642} INFO - Processing file /home/data-eginner/Documents/Soccer_Data/env/lib/python3.8/site-packages/airflow/example_dags/example_time_delta_sensor_async.py for tasks to queue
[2022-01-28 22:05:36,451] {logging_mixin.py:109} INFO - [2022-01-28 22:05:36,451] {dagbag.py:500} INFO - Filling up the DagBag from /home/data-eginner/Documents/Soccer_Data/env/lib/python3.8/site-packages/airflow/example_dags/example_time_delta_sensor_async.py
[2022-01-28 22:05:36,531] {processor.py:654} INFO - DAG(s) dict_keys(['example_time_delta_sensor_async']) retrieved from /home/data-eginner/Documents/Soccer_Data/env/lib/python3.8/site-packages/airflow/example_dags/example_time_delta_sensor_async.py
[2022-01-28 22:05:36,551] {logging_mixin.py:109} INFO - [2022-01-28 22:05:36,551] {dag.py:2396} INFO - Sync 1 DAGs
[2022-01-28 22:05:36,576] {logging_mixin.py:109} INFO - [2022-01-28 22:05:36,576] {dag.py:2935} INFO - Setting next_dagrun for example_time_delta_sensor_async to None
[2022-01-28 22:05:36,605] {processor.py:171} INFO - Processing /home/data-eginner/Documents/Soccer_Data/env/lib/python3.8/site-packages/airflow/example_dags/example_time_delta_sensor_async.py took 0.173 seconds
[2022-01-28 22:06:16,755] {processor.py:163} INFO - Started process (PID=27029) to work on /home/data-eginner/Documents/Soccer_Data/env/lib/python3.8/site-packages/airflow/example_dags/example_time_delta_sensor_async.py
[2022-01-28 22:06:16,759] {processor.py:642} INFO - Processing file /home/data-eginner/Documents/Soccer_Data/env/lib/python3.8/site-packages/airflow/example_dags/example_time_delta_sensor_async.py for tasks to queue
[2022-01-28 22:06:16,760] {logging_mixin.py:109} INFO - [2022-01-28 22:06:16,760] {dagbag.py:500} INFO - Filling up the DagBag from /home/data-eginner/Documents/Soccer_Data/env/lib/python3.8/site-packages/airflow/example_dags/example_time_delta_sensor_async.py
[2022-01-28 22:06:16,788] {processor.py:654} INFO - DAG(s) dict_keys(['example_time_delta_sensor_async']) retrieved from /home/data-eginner/Documents/Soccer_Data/env/lib/python3.8/site-packages/airflow/example_dags/example_time_delta_sensor_async.py
[2022-01-28 22:06:16,798] {logging_mixin.py:109} INFO - [2022-01-28 22:06:16,797] {dag.py:2396} INFO - Sync 1 DAGs
[2022-01-28 22:06:16,809] {logging_mixin.py:109} INFO - [2022-01-28 22:06:16,809] {dag.py:2935} INFO - Setting next_dagrun for example_time_delta_sensor_async to None
[2022-01-28 22:06:16,824] {processor.py:171} INFO - Processing /home/data-eginner/Documents/Soccer_Data/env/lib/python3.8/site-packages/airflow/example_dags/example_time_delta_sensor_async.py took 0.073 seconds
[2022-01-28 22:06:56,572] {processor.py:163} INFO - Started process (PID=27198) to work on /home/data-eginner/Documents/Soccer_Data/env/lib/python3.8/site-packages/airflow/example_dags/example_time_delta_sensor_async.py
[2022-01-28 22:06:56,598] {processor.py:642} INFO - Processing file /home/data-eginner/Documents/Soccer_Data/env/lib/python3.8/site-packages/airflow/example_dags/example_time_delta_sensor_async.py for tasks to queue
[2022-01-28 22:06:56,599] {logging_mixin.py:109} INFO - [2022-01-28 22:06:56,599] {dagbag.py:500} INFO - Filling up the DagBag from /home/data-eginner/Documents/Soccer_Data/env/lib/python3.8/site-packages/airflow/example_dags/example_time_delta_sensor_async.py
[2022-01-28 22:06:56,652] {processor.py:654} INFO - DAG(s) dict_keys(['example_time_delta_sensor_async']) retrieved from /home/data-eginner/Documents/Soccer_Data/env/lib/python3.8/site-packages/airflow/example_dags/example_time_delta_sensor_async.py
[2022-01-28 22:06:56,660] {logging_mixin.py:109} INFO - [2022-01-28 22:06:56,660] {dag.py:2396} INFO - Sync 1 DAGs
[2022-01-28 22:06:56,698] {logging_mixin.py:109} INFO - [2022-01-28 22:06:56,697] {dag.py:2935} INFO - Setting next_dagrun for example_time_delta_sensor_async to None
[2022-01-28 22:06:56,718] {processor.py:171} INFO - Processing /home/data-eginner/Documents/Soccer_Data/env/lib/python3.8/site-packages/airflow/example_dags/example_time_delta_sensor_async.py took 0.148 seconds
[2022-01-28 22:07:45,145] {processor.py:163} INFO - Started process (PID=27381) to work on /home/data-eginner/Documents/Soccer_Data/env/lib/python3.8/site-packages/airflow/example_dags/example_time_delta_sensor_async.py
[2022-01-28 22:07:45,147] {processor.py:642} INFO - Processing file /home/data-eginner/Documents/Soccer_Data/env/lib/python3.8/site-packages/airflow/example_dags/example_time_delta_sensor_async.py for tasks to queue
[2022-01-28 22:07:45,148] {logging_mixin.py:109} INFO - [2022-01-28 22:07:45,148] {dagbag.py:500} INFO - Filling up the DagBag from /home/data-eginner/Documents/Soccer_Data/env/lib/python3.8/site-packages/airflow/example_dags/example_time_delta_sensor_async.py
[2022-01-28 22:07:45,169] {processor.py:654} INFO - DAG(s) dict_keys(['example_time_delta_sensor_async']) retrieved from /home/data-eginner/Documents/Soccer_Data/env/lib/python3.8/site-packages/airflow/example_dags/example_time_delta_sensor_async.py
[2022-01-28 22:07:45,177] {logging_mixin.py:109} INFO - [2022-01-28 22:07:45,177] {dag.py:2396} INFO - Sync 1 DAGs
[2022-01-28 22:07:45,188] {logging_mixin.py:109} INFO - [2022-01-28 22:07:45,188] {dag.py:2935} INFO - Setting next_dagrun for example_time_delta_sensor_async to None
[2022-01-28 22:07:45,204] {processor.py:171} INFO - Processing /home/data-eginner/Documents/Soccer_Data/env/lib/python3.8/site-packages/airflow/example_dags/example_time_delta_sensor_async.py took 0.062 seconds
[2022-01-28 22:08:29,642] {processor.py:163} INFO - Started process (PID=27568) to work on /home/data-eginner/Documents/Soccer_Data/env/lib/python3.8/site-packages/airflow/example_dags/example_time_delta_sensor_async.py
[2022-01-28 22:08:29,645] {processor.py:642} INFO - Processing file /home/data-eginner/Documents/Soccer_Data/env/lib/python3.8/site-packages/airflow/example_dags/example_time_delta_sensor_async.py for tasks to queue
[2022-01-28 22:08:29,647] {logging_mixin.py:109} INFO - [2022-01-28 22:08:29,647] {dagbag.py:500} INFO - Filling up the DagBag from /home/data-eginner/Documents/Soccer_Data/env/lib/python3.8/site-packages/airflow/example_dags/example_time_delta_sensor_async.py
[2022-01-28 22:08:29,666] {processor.py:654} INFO - DAG(s) dict_keys(['example_time_delta_sensor_async']) retrieved from /home/data-eginner/Documents/Soccer_Data/env/lib/python3.8/site-packages/airflow/example_dags/example_time_delta_sensor_async.py
[2022-01-28 22:08:29,676] {logging_mixin.py:109} INFO - [2022-01-28 22:08:29,676] {dag.py:2396} INFO - Sync 1 DAGs
[2022-01-28 22:08:29,686] {logging_mixin.py:109} INFO - [2022-01-28 22:08:29,686] {dag.py:2935} INFO - Setting next_dagrun for example_time_delta_sensor_async to None
[2022-01-28 22:08:29,730] {processor.py:171} INFO - Processing /home/data-eginner/Documents/Soccer_Data/env/lib/python3.8/site-packages/airflow/example_dags/example_time_delta_sensor_async.py took 0.096 seconds
[2022-01-28 22:09:13,102] {processor.py:163} INFO - Started process (PID=27739) to work on /home/data-eginner/Documents/Soccer_Data/env/lib/python3.8/site-packages/airflow/example_dags/example_time_delta_sensor_async.py
[2022-01-28 22:09:13,104] {processor.py:642} INFO - Processing file /home/data-eginner/Documents/Soccer_Data/env/lib/python3.8/site-packages/airflow/example_dags/example_time_delta_sensor_async.py for tasks to queue
[2022-01-28 22:09:13,105] {logging_mixin.py:109} INFO - [2022-01-28 22:09:13,105] {dagbag.py:500} INFO - Filling up the DagBag from /home/data-eginner/Documents/Soccer_Data/env/lib/python3.8/site-packages/airflow/example_dags/example_time_delta_sensor_async.py
[2022-01-28 22:09:13,126] {processor.py:654} INFO - DAG(s) dict_keys(['example_time_delta_sensor_async']) retrieved from /home/data-eginner/Documents/Soccer_Data/env/lib/python3.8/site-packages/airflow/example_dags/example_time_delta_sensor_async.py
[2022-01-28 22:09:13,136] {logging_mixin.py:109} INFO - [2022-01-28 22:09:13,136] {dag.py:2396} INFO - Sync 1 DAGs
[2022-01-28 22:09:13,148] {logging_mixin.py:109} INFO - [2022-01-28 22:09:13,148] {dag.py:2935} INFO - Setting next_dagrun for example_time_delta_sensor_async to None
[2022-01-28 22:09:13,165] {processor.py:171} INFO - Processing /home/data-eginner/Documents/Soccer_Data/env/lib/python3.8/site-packages/airflow/example_dags/example_time_delta_sensor_async.py took 0.067 seconds
[2022-01-28 22:09:54,339] {processor.py:163} INFO - Started process (PID=27906) to work on /home/data-eginner/Documents/Soccer_Data/env/lib/python3.8/site-packages/airflow/example_dags/example_time_delta_sensor_async.py
[2022-01-28 22:09:54,342] {processor.py:642} INFO - Processing file /home/data-eginner/Documents/Soccer_Data/env/lib/python3.8/site-packages/airflow/example_dags/example_time_delta_sensor_async.py for tasks to queue
[2022-01-28 22:09:54,342] {logging_mixin.py:109} INFO - [2022-01-28 22:09:54,342] {dagbag.py:500} INFO - Filling up the DagBag from /home/data-eginner/Documents/Soccer_Data/env/lib/python3.8/site-packages/airflow/example_dags/example_time_delta_sensor_async.py
[2022-01-28 22:09:54,372] {processor.py:654} INFO - DAG(s) dict_keys(['example_time_delta_sensor_async']) retrieved from /home/data-eginner/Documents/Soccer_Data/env/lib/python3.8/site-packages/airflow/example_dags/example_time_delta_sensor_async.py
[2022-01-28 22:09:54,382] {logging_mixin.py:109} INFO - [2022-01-28 22:09:54,382] {dag.py:2396} INFO - Sync 1 DAGs
[2022-01-28 22:09:54,399] {logging_mixin.py:109} INFO - [2022-01-28 22:09:54,399] {dag.py:2935} INFO - Setting next_dagrun for example_time_delta_sensor_async to None
[2022-01-28 22:09:54,452] {processor.py:171} INFO - Processing /home/data-eginner/Documents/Soccer_Data/env/lib/python3.8/site-packages/airflow/example_dags/example_time_delta_sensor_async.py took 0.115 seconds
[2022-01-28 22:10:30,849] {processor.py:163} INFO - Started process (PID=28060) to work on /home/data-eginner/Documents/Soccer_Data/env/lib/python3.8/site-packages/airflow/example_dags/example_time_delta_sensor_async.py
[2022-01-28 22:10:30,852] {processor.py:642} INFO - Processing file /home/data-eginner/Documents/Soccer_Data/env/lib/python3.8/site-packages/airflow/example_dags/example_time_delta_sensor_async.py for tasks to queue
[2022-01-28 22:10:30,852] {logging_mixin.py:109} INFO - [2022-01-28 22:10:30,852] {dagbag.py:500} INFO - Filling up the DagBag from /home/data-eginner/Documents/Soccer_Data/env/lib/python3.8/site-packages/airflow/example_dags/example_time_delta_sensor_async.py
[2022-01-28 22:10:30,900] {processor.py:654} INFO - DAG(s) dict_keys(['example_time_delta_sensor_async']) retrieved from /home/data-eginner/Documents/Soccer_Data/env/lib/python3.8/site-packages/airflow/example_dags/example_time_delta_sensor_async.py
[2022-01-28 22:10:30,920] {logging_mixin.py:109} INFO - [2022-01-28 22:10:30,919] {dag.py:2396} INFO - Sync 1 DAGs
[2022-01-28 22:10:30,942] {logging_mixin.py:109} INFO - [2022-01-28 22:10:30,942] {dag.py:2935} INFO - Setting next_dagrun for example_time_delta_sensor_async to None
[2022-01-28 22:10:30,970] {processor.py:171} INFO - Processing /home/data-eginner/Documents/Soccer_Data/env/lib/python3.8/site-packages/airflow/example_dags/example_time_delta_sensor_async.py took 0.136 seconds
[2022-01-28 22:11:08,139] {processor.py:163} INFO - Started process (PID=28226) to work on /home/data-eginner/Documents/Soccer_Data/env/lib/python3.8/site-packages/airflow/example_dags/example_time_delta_sensor_async.py
[2022-01-28 22:11:08,142] {processor.py:642} INFO - Processing file /home/data-eginner/Documents/Soccer_Data/env/lib/python3.8/site-packages/airflow/example_dags/example_time_delta_sensor_async.py for tasks to queue
[2022-01-28 22:11:08,143] {logging_mixin.py:109} INFO - [2022-01-28 22:11:08,143] {dagbag.py:500} INFO - Filling up the DagBag from /home/data-eginner/Documents/Soccer_Data/env/lib/python3.8/site-packages/airflow/example_dags/example_time_delta_sensor_async.py
[2022-01-28 22:11:08,173] {processor.py:654} INFO - DAG(s) dict_keys(['example_time_delta_sensor_async']) retrieved from /home/data-eginner/Documents/Soccer_Data/env/lib/python3.8/site-packages/airflow/example_dags/example_time_delta_sensor_async.py
[2022-01-28 22:11:08,182] {logging_mixin.py:109} INFO - [2022-01-28 22:11:08,182] {dag.py:2396} INFO - Sync 1 DAGs
[2022-01-28 22:11:08,193] {logging_mixin.py:109} INFO - [2022-01-28 22:11:08,193] {dag.py:2935} INFO - Setting next_dagrun for example_time_delta_sensor_async to None
[2022-01-28 22:11:08,207] {processor.py:171} INFO - Processing /home/data-eginner/Documents/Soccer_Data/env/lib/python3.8/site-packages/airflow/example_dags/example_time_delta_sensor_async.py took 0.086 seconds
[2022-01-28 22:11:43,752] {processor.py:163} INFO - Started process (PID=28370) to work on /home/data-eginner/Documents/Soccer_Data/env/lib/python3.8/site-packages/airflow/example_dags/example_time_delta_sensor_async.py
[2022-01-28 22:11:43,755] {processor.py:642} INFO - Processing file /home/data-eginner/Documents/Soccer_Data/env/lib/python3.8/site-packages/airflow/example_dags/example_time_delta_sensor_async.py for tasks to queue
[2022-01-28 22:11:43,756] {logging_mixin.py:109} INFO - [2022-01-28 22:11:43,755] {dagbag.py:500} INFO - Filling up the DagBag from /home/data-eginner/Documents/Soccer_Data/env/lib/python3.8/site-packages/airflow/example_dags/example_time_delta_sensor_async.py
[2022-01-28 22:11:43,786] {processor.py:654} INFO - DAG(s) dict_keys(['example_time_delta_sensor_async']) retrieved from /home/data-eginner/Documents/Soccer_Data/env/lib/python3.8/site-packages/airflow/example_dags/example_time_delta_sensor_async.py
[2022-01-28 22:11:43,795] {logging_mixin.py:109} INFO - [2022-01-28 22:11:43,795] {dag.py:2396} INFO - Sync 1 DAGs
[2022-01-28 22:11:43,807] {logging_mixin.py:109} INFO - [2022-01-28 22:11:43,807] {dag.py:2935} INFO - Setting next_dagrun for example_time_delta_sensor_async to None
[2022-01-28 22:11:43,823] {processor.py:171} INFO - Processing /home/data-eginner/Documents/Soccer_Data/env/lib/python3.8/site-packages/airflow/example_dags/example_time_delta_sensor_async.py took 0.079 seconds
[2022-01-28 22:12:26,867] {processor.py:163} INFO - Started process (PID=28554) to work on /home/data-eginner/Documents/Soccer_Data/env/lib/python3.8/site-packages/airflow/example_dags/example_time_delta_sensor_async.py
[2022-01-28 22:12:26,906] {processor.py:642} INFO - Processing file /home/data-eginner/Documents/Soccer_Data/env/lib/python3.8/site-packages/airflow/example_dags/example_time_delta_sensor_async.py for tasks to queue
[2022-01-28 22:12:26,906] {logging_mixin.py:109} INFO - [2022-01-28 22:12:26,906] {dagbag.py:500} INFO - Filling up the DagBag from /home/data-eginner/Documents/Soccer_Data/env/lib/python3.8/site-packages/airflow/example_dags/example_time_delta_sensor_async.py
[2022-01-28 22:12:26,962] {processor.py:654} INFO - DAG(s) dict_keys(['example_time_delta_sensor_async']) retrieved from /home/data-eginner/Documents/Soccer_Data/env/lib/python3.8/site-packages/airflow/example_dags/example_time_delta_sensor_async.py
[2022-01-28 22:12:26,996] {logging_mixin.py:109} INFO - [2022-01-28 22:12:26,996] {dag.py:2396} INFO - Sync 1 DAGs
[2022-01-28 22:12:27,056] {logging_mixin.py:109} INFO - [2022-01-28 22:12:27,056] {dag.py:2935} INFO - Setting next_dagrun for example_time_delta_sensor_async to None
[2022-01-28 22:12:27,108] {processor.py:171} INFO - Processing /home/data-eginner/Documents/Soccer_Data/env/lib/python3.8/site-packages/airflow/example_dags/example_time_delta_sensor_async.py took 0.243 seconds
[2022-01-28 22:13:09,445] {processor.py:163} INFO - Started process (PID=28714) to work on /home/data-eginner/Documents/Soccer_Data/env/lib/python3.8/site-packages/airflow/example_dags/example_time_delta_sensor_async.py
[2022-01-28 22:13:09,451] {processor.py:642} INFO - Processing file /home/data-eginner/Documents/Soccer_Data/env/lib/python3.8/site-packages/airflow/example_dags/example_time_delta_sensor_async.py for tasks to queue
[2022-01-28 22:13:09,452] {logging_mixin.py:109} INFO - [2022-01-28 22:13:09,452] {dagbag.py:500} INFO - Filling up the DagBag from /home/data-eginner/Documents/Soccer_Data/env/lib/python3.8/site-packages/airflow/example_dags/example_time_delta_sensor_async.py
[2022-01-28 22:13:09,514] {processor.py:654} INFO - DAG(s) dict_keys(['example_time_delta_sensor_async']) retrieved from /home/data-eginner/Documents/Soccer_Data/env/lib/python3.8/site-packages/airflow/example_dags/example_time_delta_sensor_async.py
[2022-01-28 22:13:09,524] {logging_mixin.py:109} INFO - [2022-01-28 22:13:09,524] {dag.py:2396} INFO - Sync 1 DAGs
[2022-01-28 22:13:09,543] {logging_mixin.py:109} INFO - [2022-01-28 22:13:09,543] {dag.py:2935} INFO - Setting next_dagrun for example_time_delta_sensor_async to None
[2022-01-28 22:13:09,563] {processor.py:171} INFO - Processing /home/data-eginner/Documents/Soccer_Data/env/lib/python3.8/site-packages/airflow/example_dags/example_time_delta_sensor_async.py took 0.123 seconds
[2022-01-28 22:13:51,156] {processor.py:163} INFO - Started process (PID=28888) to work on /home/data-eginner/Documents/Soccer_Data/env/lib/python3.8/site-packages/airflow/example_dags/example_time_delta_sensor_async.py
[2022-01-28 22:13:51,177] {processor.py:642} INFO - Processing file /home/data-eginner/Documents/Soccer_Data/env/lib/python3.8/site-packages/airflow/example_dags/example_time_delta_sensor_async.py for tasks to queue
[2022-01-28 22:13:51,178] {logging_mixin.py:109} INFO - [2022-01-28 22:13:51,178] {dagbag.py:500} INFO - Filling up the DagBag from /home/data-eginner/Documents/Soccer_Data/env/lib/python3.8/site-packages/airflow/example_dags/example_time_delta_sensor_async.py
[2022-01-28 22:13:51,220] {processor.py:654} INFO - DAG(s) dict_keys(['example_time_delta_sensor_async']) retrieved from /home/data-eginner/Documents/Soccer_Data/env/lib/python3.8/site-packages/airflow/example_dags/example_time_delta_sensor_async.py
[2022-01-28 22:13:51,240] {logging_mixin.py:109} INFO - [2022-01-28 22:13:51,240] {dag.py:2396} INFO - Sync 1 DAGs
[2022-01-28 22:13:51,267] {logging_mixin.py:109} INFO - [2022-01-28 22:13:51,267] {dag.py:2935} INFO - Setting next_dagrun for example_time_delta_sensor_async to None
[2022-01-28 22:13:51,304] {processor.py:171} INFO - Processing /home/data-eginner/Documents/Soccer_Data/env/lib/python3.8/site-packages/airflow/example_dags/example_time_delta_sensor_async.py took 0.151 seconds
[2022-01-28 22:14:41,184] {processor.py:163} INFO - Started process (PID=29076) to work on /home/data-eginner/Documents/Soccer_Data/env/lib/python3.8/site-packages/airflow/example_dags/example_time_delta_sensor_async.py
[2022-01-28 22:14:41,186] {processor.py:642} INFO - Processing file /home/data-eginner/Documents/Soccer_Data/env/lib/python3.8/site-packages/airflow/example_dags/example_time_delta_sensor_async.py for tasks to queue
[2022-01-28 22:14:41,187] {logging_mixin.py:109} INFO - [2022-01-28 22:14:41,187] {dagbag.py:500} INFO - Filling up the DagBag from /home/data-eginner/Documents/Soccer_Data/env/lib/python3.8/site-packages/airflow/example_dags/example_time_delta_sensor_async.py
[2022-01-28 22:14:41,240] {processor.py:654} INFO - DAG(s) dict_keys(['example_time_delta_sensor_async']) retrieved from /home/data-eginner/Documents/Soccer_Data/env/lib/python3.8/site-packages/airflow/example_dags/example_time_delta_sensor_async.py
[2022-01-28 22:14:41,271] {logging_mixin.py:109} INFO - [2022-01-28 22:14:41,271] {dag.py:2396} INFO - Sync 1 DAGs
[2022-01-28 22:14:41,305] {logging_mixin.py:109} INFO - [2022-01-28 22:14:41,304] {dag.py:2935} INFO - Setting next_dagrun for example_time_delta_sensor_async to None
[2022-01-28 22:14:41,333] {processor.py:171} INFO - Processing /home/data-eginner/Documents/Soccer_Data/env/lib/python3.8/site-packages/airflow/example_dags/example_time_delta_sensor_async.py took 0.163 seconds
[2022-01-28 22:15:40,143] {processor.py:163} INFO - Started process (PID=29286) to work on /home/data-eginner/Documents/Soccer_Data/env/lib/python3.8/site-packages/airflow/example_dags/example_time_delta_sensor_async.py
[2022-01-28 22:15:40,146] {processor.py:642} INFO - Processing file /home/data-eginner/Documents/Soccer_Data/env/lib/python3.8/site-packages/airflow/example_dags/example_time_delta_sensor_async.py for tasks to queue
[2022-01-28 22:15:40,147] {logging_mixin.py:109} INFO - [2022-01-28 22:15:40,146] {dagbag.py:500} INFO - Filling up the DagBag from /home/data-eginner/Documents/Soccer_Data/env/lib/python3.8/site-packages/airflow/example_dags/example_time_delta_sensor_async.py
[2022-01-28 22:15:40,233] {processor.py:654} INFO - DAG(s) dict_keys(['example_time_delta_sensor_async']) retrieved from /home/data-eginner/Documents/Soccer_Data/env/lib/python3.8/site-packages/airflow/example_dags/example_time_delta_sensor_async.py
[2022-01-28 22:15:40,257] {logging_mixin.py:109} INFO - [2022-01-28 22:15:40,256] {dag.py:2396} INFO - Sync 1 DAGs
[2022-01-28 22:15:40,323] {logging_mixin.py:109} INFO - [2022-01-28 22:15:40,323] {dag.py:2935} INFO - Setting next_dagrun for example_time_delta_sensor_async to None
[2022-01-28 22:15:40,427] {processor.py:171} INFO - Processing /home/data-eginner/Documents/Soccer_Data/env/lib/python3.8/site-packages/airflow/example_dags/example_time_delta_sensor_async.py took 0.320 seconds
[2022-01-28 22:16:24,728] {processor.py:163} INFO - Started process (PID=29451) to work on /home/data-eginner/Documents/Soccer_Data/env/lib/python3.8/site-packages/airflow/example_dags/example_time_delta_sensor_async.py
[2022-01-28 22:16:24,735] {processor.py:642} INFO - Processing file /home/data-eginner/Documents/Soccer_Data/env/lib/python3.8/site-packages/airflow/example_dags/example_time_delta_sensor_async.py for tasks to queue
[2022-01-28 22:16:24,735] {logging_mixin.py:109} INFO - [2022-01-28 22:16:24,735] {dagbag.py:500} INFO - Filling up the DagBag from /home/data-eginner/Documents/Soccer_Data/env/lib/python3.8/site-packages/airflow/example_dags/example_time_delta_sensor_async.py
[2022-01-28 22:16:24,788] {processor.py:654} INFO - DAG(s) dict_keys(['example_time_delta_sensor_async']) retrieved from /home/data-eginner/Documents/Soccer_Data/env/lib/python3.8/site-packages/airflow/example_dags/example_time_delta_sensor_async.py
[2022-01-28 22:16:24,841] {logging_mixin.py:109} INFO - [2022-01-28 22:16:24,841] {dag.py:2396} INFO - Sync 1 DAGs
[2022-01-28 22:16:24,868] {logging_mixin.py:109} INFO - [2022-01-28 22:16:24,867] {dag.py:2935} INFO - Setting next_dagrun for example_time_delta_sensor_async to None
[2022-01-28 22:16:24,914] {processor.py:171} INFO - Processing /home/data-eginner/Documents/Soccer_Data/env/lib/python3.8/site-packages/airflow/example_dags/example_time_delta_sensor_async.py took 0.199 seconds
[2022-01-28 22:17:17,264] {processor.py:163} INFO - Started process (PID=29649) to work on /home/data-eginner/Documents/Soccer_Data/env/lib/python3.8/site-packages/airflow/example_dags/example_time_delta_sensor_async.py
[2022-01-28 22:17:17,267] {processor.py:642} INFO - Processing file /home/data-eginner/Documents/Soccer_Data/env/lib/python3.8/site-packages/airflow/example_dags/example_time_delta_sensor_async.py for tasks to queue
[2022-01-28 22:17:17,267] {logging_mixin.py:109} INFO - [2022-01-28 22:17:17,267] {dagbag.py:500} INFO - Filling up the DagBag from /home/data-eginner/Documents/Soccer_Data/env/lib/python3.8/site-packages/airflow/example_dags/example_time_delta_sensor_async.py
[2022-01-28 22:17:17,298] {processor.py:654} INFO - DAG(s) dict_keys(['example_time_delta_sensor_async']) retrieved from /home/data-eginner/Documents/Soccer_Data/env/lib/python3.8/site-packages/airflow/example_dags/example_time_delta_sensor_async.py
[2022-01-28 22:17:17,314] {logging_mixin.py:109} INFO - [2022-01-28 22:17:17,314] {dag.py:2396} INFO - Sync 1 DAGs
[2022-01-28 22:17:17,331] {logging_mixin.py:109} INFO - [2022-01-28 22:17:17,331] {dag.py:2935} INFO - Setting next_dagrun for example_time_delta_sensor_async to None
[2022-01-28 22:17:17,352] {processor.py:171} INFO - Processing /home/data-eginner/Documents/Soccer_Data/env/lib/python3.8/site-packages/airflow/example_dags/example_time_delta_sensor_async.py took 0.095 seconds
[2022-01-28 22:17:59,615] {processor.py:163} INFO - Started process (PID=29817) to work on /home/data-eginner/Documents/Soccer_Data/env/lib/python3.8/site-packages/airflow/example_dags/example_time_delta_sensor_async.py
[2022-01-28 22:17:59,630] {processor.py:642} INFO - Processing file /home/data-eginner/Documents/Soccer_Data/env/lib/python3.8/site-packages/airflow/example_dags/example_time_delta_sensor_async.py for tasks to queue
[2022-01-28 22:17:59,631] {logging_mixin.py:109} INFO - [2022-01-28 22:17:59,631] {dagbag.py:500} INFO - Filling up the DagBag from /home/data-eginner/Documents/Soccer_Data/env/lib/python3.8/site-packages/airflow/example_dags/example_time_delta_sensor_async.py
[2022-01-28 22:17:59,648] {processor.py:654} INFO - DAG(s) dict_keys(['example_time_delta_sensor_async']) retrieved from /home/data-eginner/Documents/Soccer_Data/env/lib/python3.8/site-packages/airflow/example_dags/example_time_delta_sensor_async.py
[2022-01-28 22:17:59,655] {logging_mixin.py:109} INFO - [2022-01-28 22:17:59,655] {dag.py:2396} INFO - Sync 1 DAGs
[2022-01-28 22:17:59,672] {logging_mixin.py:109} INFO - [2022-01-28 22:17:59,672] {dag.py:2935} INFO - Setting next_dagrun for example_time_delta_sensor_async to None
[2022-01-28 22:17:59,687] {processor.py:171} INFO - Processing /home/data-eginner/Documents/Soccer_Data/env/lib/python3.8/site-packages/airflow/example_dags/example_time_delta_sensor_async.py took 0.076 seconds
[2022-01-28 22:18:38,323] {processor.py:163} INFO - Started process (PID=29973) to work on /home/data-eginner/Documents/Soccer_Data/env/lib/python3.8/site-packages/airflow/example_dags/example_time_delta_sensor_async.py
[2022-01-28 22:18:38,330] {processor.py:642} INFO - Processing file /home/data-eginner/Documents/Soccer_Data/env/lib/python3.8/site-packages/airflow/example_dags/example_time_delta_sensor_async.py for tasks to queue
[2022-01-28 22:18:38,330] {logging_mixin.py:109} INFO - [2022-01-28 22:18:38,330] {dagbag.py:500} INFO - Filling up the DagBag from /home/data-eginner/Documents/Soccer_Data/env/lib/python3.8/site-packages/airflow/example_dags/example_time_delta_sensor_async.py
[2022-01-28 22:18:38,356] {processor.py:654} INFO - DAG(s) dict_keys(['example_time_delta_sensor_async']) retrieved from /home/data-eginner/Documents/Soccer_Data/env/lib/python3.8/site-packages/airflow/example_dags/example_time_delta_sensor_async.py
[2022-01-28 22:18:38,366] {logging_mixin.py:109} INFO - [2022-01-28 22:18:38,366] {dag.py:2396} INFO - Sync 1 DAGs
[2022-01-28 22:18:38,384] {logging_mixin.py:109} INFO - [2022-01-28 22:18:38,384] {dag.py:2935} INFO - Setting next_dagrun for example_time_delta_sensor_async to None
[2022-01-28 22:18:38,405] {processor.py:171} INFO - Processing /home/data-eginner/Documents/Soccer_Data/env/lib/python3.8/site-packages/airflow/example_dags/example_time_delta_sensor_async.py took 0.084 seconds
[2022-01-28 22:19:21,965] {processor.py:163} INFO - Started process (PID=30154) to work on /home/data-eginner/Documents/Soccer_Data/env/lib/python3.8/site-packages/airflow/example_dags/example_time_delta_sensor_async.py
[2022-01-28 22:19:21,968] {processor.py:642} INFO - Processing file /home/data-eginner/Documents/Soccer_Data/env/lib/python3.8/site-packages/airflow/example_dags/example_time_delta_sensor_async.py for tasks to queue
[2022-01-28 22:19:21,969] {logging_mixin.py:109} INFO - [2022-01-28 22:19:21,969] {dagbag.py:500} INFO - Filling up the DagBag from /home/data-eginner/Documents/Soccer_Data/env/lib/python3.8/site-packages/airflow/example_dags/example_time_delta_sensor_async.py
[2022-01-28 22:19:22,056] {processor.py:654} INFO - DAG(s) dict_keys(['example_time_delta_sensor_async']) retrieved from /home/data-eginner/Documents/Soccer_Data/env/lib/python3.8/site-packages/airflow/example_dags/example_time_delta_sensor_async.py
[2022-01-28 22:19:22,075] {logging_mixin.py:109} INFO - [2022-01-28 22:19:22,075] {dag.py:2396} INFO - Sync 1 DAGs
[2022-01-28 22:19:22,120] {logging_mixin.py:109} INFO - [2022-01-28 22:19:22,119] {dag.py:2935} INFO - Setting next_dagrun for example_time_delta_sensor_async to None
[2022-01-28 22:19:22,147] {processor.py:171} INFO - Processing /home/data-eginner/Documents/Soccer_Data/env/lib/python3.8/site-packages/airflow/example_dags/example_time_delta_sensor_async.py took 0.194 seconds
[2022-01-28 22:20:20,390] {processor.py:163} INFO - Started process (PID=30380) to work on /home/data-eginner/Documents/Soccer_Data/env/lib/python3.8/site-packages/airflow/example_dags/example_time_delta_sensor_async.py
[2022-01-28 22:20:20,394] {processor.py:642} INFO - Processing file /home/data-eginner/Documents/Soccer_Data/env/lib/python3.8/site-packages/airflow/example_dags/example_time_delta_sensor_async.py for tasks to queue
[2022-01-28 22:20:20,395] {logging_mixin.py:109} INFO - [2022-01-28 22:20:20,395] {dagbag.py:500} INFO - Filling up the DagBag from /home/data-eginner/Documents/Soccer_Data/env/lib/python3.8/site-packages/airflow/example_dags/example_time_delta_sensor_async.py
[2022-01-28 22:20:20,417] {processor.py:654} INFO - DAG(s) dict_keys(['example_time_delta_sensor_async']) retrieved from /home/data-eginner/Documents/Soccer_Data/env/lib/python3.8/site-packages/airflow/example_dags/example_time_delta_sensor_async.py
[2022-01-28 22:20:20,425] {logging_mixin.py:109} INFO - [2022-01-28 22:20:20,425] {dag.py:2396} INFO - Sync 1 DAGs
[2022-01-28 22:20:20,436] {logging_mixin.py:109} INFO - [2022-01-28 22:20:20,436] {dag.py:2935} INFO - Setting next_dagrun for example_time_delta_sensor_async to None
[2022-01-28 22:20:20,454] {processor.py:171} INFO - Processing /home/data-eginner/Documents/Soccer_Data/env/lib/python3.8/site-packages/airflow/example_dags/example_time_delta_sensor_async.py took 0.069 seconds
[2022-01-28 22:21:00,515] {processor.py:163} INFO - Started process (PID=30554) to work on /home/data-eginner/Documents/Soccer_Data/env/lib/python3.8/site-packages/airflow/example_dags/example_time_delta_sensor_async.py
[2022-01-28 22:21:00,519] {processor.py:642} INFO - Processing file /home/data-eginner/Documents/Soccer_Data/env/lib/python3.8/site-packages/airflow/example_dags/example_time_delta_sensor_async.py for tasks to queue
[2022-01-28 22:21:00,520] {logging_mixin.py:109} INFO - [2022-01-28 22:21:00,519] {dagbag.py:500} INFO - Filling up the DagBag from /home/data-eginner/Documents/Soccer_Data/env/lib/python3.8/site-packages/airflow/example_dags/example_time_delta_sensor_async.py
[2022-01-28 22:21:00,553] {processor.py:654} INFO - DAG(s) dict_keys(['example_time_delta_sensor_async']) retrieved from /home/data-eginner/Documents/Soccer_Data/env/lib/python3.8/site-packages/airflow/example_dags/example_time_delta_sensor_async.py
[2022-01-28 22:21:00,565] {logging_mixin.py:109} INFO - [2022-01-28 22:21:00,565] {dag.py:2396} INFO - Sync 1 DAGs
[2022-01-28 22:21:00,577] {logging_mixin.py:109} INFO - [2022-01-28 22:21:00,577] {dag.py:2935} INFO - Setting next_dagrun for example_time_delta_sensor_async to None
[2022-01-28 22:21:00,610] {processor.py:171} INFO - Processing /home/data-eginner/Documents/Soccer_Data/env/lib/python3.8/site-packages/airflow/example_dags/example_time_delta_sensor_async.py took 0.105 seconds
[2022-01-28 22:21:36,703] {processor.py:163} INFO - Started process (PID=30705) to work on /home/data-eginner/Documents/Soccer_Data/env/lib/python3.8/site-packages/airflow/example_dags/example_time_delta_sensor_async.py
[2022-01-28 22:21:36,707] {processor.py:642} INFO - Processing file /home/data-eginner/Documents/Soccer_Data/env/lib/python3.8/site-packages/airflow/example_dags/example_time_delta_sensor_async.py for tasks to queue
[2022-01-28 22:21:36,708] {logging_mixin.py:109} INFO - [2022-01-28 22:21:36,708] {dagbag.py:500} INFO - Filling up the DagBag from /home/data-eginner/Documents/Soccer_Data/env/lib/python3.8/site-packages/airflow/example_dags/example_time_delta_sensor_async.py
[2022-01-28 22:21:36,733] {processor.py:654} INFO - DAG(s) dict_keys(['example_time_delta_sensor_async']) retrieved from /home/data-eginner/Documents/Soccer_Data/env/lib/python3.8/site-packages/airflow/example_dags/example_time_delta_sensor_async.py
[2022-01-28 22:21:36,744] {logging_mixin.py:109} INFO - [2022-01-28 22:21:36,744] {dag.py:2396} INFO - Sync 1 DAGs
[2022-01-28 22:21:36,754] {logging_mixin.py:109} INFO - [2022-01-28 22:21:36,754] {dag.py:2935} INFO - Setting next_dagrun for example_time_delta_sensor_async to None
[2022-01-28 22:21:36,768] {processor.py:171} INFO - Processing /home/data-eginner/Documents/Soccer_Data/env/lib/python3.8/site-packages/airflow/example_dags/example_time_delta_sensor_async.py took 0.069 seconds
[2022-01-28 22:22:13,804] {processor.py:163} INFO - Started process (PID=30870) to work on /home/data-eginner/Documents/Soccer_Data/env/lib/python3.8/site-packages/airflow/example_dags/example_time_delta_sensor_async.py
[2022-01-28 22:22:13,807] {processor.py:642} INFO - Processing file /home/data-eginner/Documents/Soccer_Data/env/lib/python3.8/site-packages/airflow/example_dags/example_time_delta_sensor_async.py for tasks to queue
[2022-01-28 22:22:13,808] {logging_mixin.py:109} INFO - [2022-01-28 22:22:13,808] {dagbag.py:500} INFO - Filling up the DagBag from /home/data-eginner/Documents/Soccer_Data/env/lib/python3.8/site-packages/airflow/example_dags/example_time_delta_sensor_async.py
[2022-01-28 22:22:13,835] {processor.py:654} INFO - DAG(s) dict_keys(['example_time_delta_sensor_async']) retrieved from /home/data-eginner/Documents/Soccer_Data/env/lib/python3.8/site-packages/airflow/example_dags/example_time_delta_sensor_async.py
[2022-01-28 22:22:13,844] {logging_mixin.py:109} INFO - [2022-01-28 22:22:13,844] {dag.py:2396} INFO - Sync 1 DAGs
[2022-01-28 22:22:13,855] {logging_mixin.py:109} INFO - [2022-01-28 22:22:13,855] {dag.py:2935} INFO - Setting next_dagrun for example_time_delta_sensor_async to None
[2022-01-28 22:22:13,898] {processor.py:171} INFO - Processing /home/data-eginner/Documents/Soccer_Data/env/lib/python3.8/site-packages/airflow/example_dags/example_time_delta_sensor_async.py took 0.103 seconds
