[2022-01-28 21:00:09,266] {processor.py:163} INFO - Started process (PID=18954) to work on /home/data-eginner/Documents/Soccer_Data/env/lib/python3.8/site-packages/airflow/example_dags/example_latest_only.py
[2022-01-28 21:00:09,268] {processor.py:642} INFO - Processing file /home/data-eginner/Documents/Soccer_Data/env/lib/python3.8/site-packages/airflow/example_dags/example_latest_only.py for tasks to queue
[2022-01-28 21:00:09,270] {logging_mixin.py:109} INFO - [2022-01-28 21:00:09,270] {dagbag.py:500} INFO - Filling up the DagBag from /home/data-eginner/Documents/Soccer_Data/env/lib/python3.8/site-packages/airflow/example_dags/example_latest_only.py
[2022-01-28 21:00:09,403] {processor.py:654} INFO - DAG(s) dict_keys(['latest_only']) retrieved from /home/data-eginner/Documents/Soccer_Data/env/lib/python3.8/site-packages/airflow/example_dags/example_latest_only.py
[2022-01-28 21:00:09,410] {logging_mixin.py:109} INFO - [2022-01-28 21:00:09,410] {dag.py:2396} INFO - Sync 1 DAGs
[2022-01-28 21:00:09,452] {logging_mixin.py:109} INFO - [2022-01-28 21:00:09,451] {dag.py:2935} INFO - Setting next_dagrun for latest_only to 2022-01-28T20:00:09.451213+00:00
[2022-01-28 21:00:09,536] {processor.py:171} INFO - Processing /home/data-eginner/Documents/Soccer_Data/env/lib/python3.8/site-packages/airflow/example_dags/example_latest_only.py took 0.273 seconds
[2022-01-28 21:08:37,886] {processor.py:163} INFO - Started process (PID=19845) to work on /home/data-eginner/Documents/Soccer_Data/env/lib/python3.8/site-packages/airflow/example_dags/example_latest_only.py
[2022-01-28 21:08:37,893] {processor.py:642} INFO - Processing file /home/data-eginner/Documents/Soccer_Data/env/lib/python3.8/site-packages/airflow/example_dags/example_latest_only.py for tasks to queue
[2022-01-28 21:08:37,893] {logging_mixin.py:109} INFO - [2022-01-28 21:08:37,893] {dagbag.py:500} INFO - Filling up the DagBag from /home/data-eginner/Documents/Soccer_Data/env/lib/python3.8/site-packages/airflow/example_dags/example_latest_only.py
[2022-01-28 21:08:37,915] {processor.py:654} INFO - DAG(s) dict_keys(['latest_only']) retrieved from /home/data-eginner/Documents/Soccer_Data/env/lib/python3.8/site-packages/airflow/example_dags/example_latest_only.py
[2022-01-28 21:08:37,929] {logging_mixin.py:109} INFO - [2022-01-28 21:08:37,929] {dag.py:2396} INFO - Sync 1 DAGs
[2022-01-28 21:08:37,944] {logging_mixin.py:109} INFO - [2022-01-28 21:08:37,944] {dag.py:2935} INFO - Setting next_dagrun for latest_only to 2022-01-28T20:08:37.944547+00:00
[2022-01-28 21:08:37,965] {processor.py:171} INFO - Processing /home/data-eginner/Documents/Soccer_Data/env/lib/python3.8/site-packages/airflow/example_dags/example_latest_only.py took 0.082 seconds
[2022-01-28 21:09:31,024] {processor.py:163} INFO - Started process (PID=20027) to work on /home/data-eginner/Documents/Soccer_Data/env/lib/python3.8/site-packages/airflow/example_dags/example_latest_only.py
[2022-01-28 21:09:31,030] {processor.py:642} INFO - Processing file /home/data-eginner/Documents/Soccer_Data/env/lib/python3.8/site-packages/airflow/example_dags/example_latest_only.py for tasks to queue
[2022-01-28 21:09:31,030] {logging_mixin.py:109} INFO - [2022-01-28 21:09:31,030] {dagbag.py:500} INFO - Filling up the DagBag from /home/data-eginner/Documents/Soccer_Data/env/lib/python3.8/site-packages/airflow/example_dags/example_latest_only.py
[2022-01-28 21:09:31,055] {processor.py:654} INFO - DAG(s) dict_keys(['latest_only']) retrieved from /home/data-eginner/Documents/Soccer_Data/env/lib/python3.8/site-packages/airflow/example_dags/example_latest_only.py
[2022-01-28 21:09:31,068] {logging_mixin.py:109} INFO - [2022-01-28 21:09:31,068] {dag.py:2396} INFO - Sync 1 DAGs
[2022-01-28 21:09:31,087] {logging_mixin.py:109} INFO - [2022-01-28 21:09:31,087] {dag.py:2935} INFO - Setting next_dagrun for latest_only to 2022-01-28T20:09:31.086741+00:00
[2022-01-28 21:09:31,112] {processor.py:171} INFO - Processing /home/data-eginner/Documents/Soccer_Data/env/lib/python3.8/site-packages/airflow/example_dags/example_latest_only.py took 0.091 seconds
[2022-01-28 21:10:27,964] {processor.py:163} INFO - Started process (PID=20240) to work on /home/data-eginner/Documents/Soccer_Data/env/lib/python3.8/site-packages/airflow/example_dags/example_latest_only.py
[2022-01-28 21:10:27,970] {processor.py:642} INFO - Processing file /home/data-eginner/Documents/Soccer_Data/env/lib/python3.8/site-packages/airflow/example_dags/example_latest_only.py for tasks to queue
[2022-01-28 21:10:27,970] {logging_mixin.py:109} INFO - [2022-01-28 21:10:27,970] {dagbag.py:500} INFO - Filling up the DagBag from /home/data-eginner/Documents/Soccer_Data/env/lib/python3.8/site-packages/airflow/example_dags/example_latest_only.py
[2022-01-28 21:10:28,009] {processor.py:654} INFO - DAG(s) dict_keys(['latest_only']) retrieved from /home/data-eginner/Documents/Soccer_Data/env/lib/python3.8/site-packages/airflow/example_dags/example_latest_only.py
[2022-01-28 21:10:28,028] {logging_mixin.py:109} INFO - [2022-01-28 21:10:28,028] {dag.py:2396} INFO - Sync 1 DAGs
[2022-01-28 21:10:28,040] {logging_mixin.py:109} INFO - [2022-01-28 21:10:28,040] {dag.py:2935} INFO - Setting next_dagrun for latest_only to 2022-01-28T20:10:28.040581+00:00
[2022-01-28 21:10:28,063] {processor.py:171} INFO - Processing /home/data-eginner/Documents/Soccer_Data/env/lib/python3.8/site-packages/airflow/example_dags/example_latest_only.py took 0.102 seconds
[2022-01-28 21:11:11,943] {processor.py:163} INFO - Started process (PID=20418) to work on /home/data-eginner/Documents/Soccer_Data/env/lib/python3.8/site-packages/airflow/example_dags/example_latest_only.py
[2022-01-28 21:11:11,979] {processor.py:642} INFO - Processing file /home/data-eginner/Documents/Soccer_Data/env/lib/python3.8/site-packages/airflow/example_dags/example_latest_only.py for tasks to queue
[2022-01-28 21:11:11,980] {logging_mixin.py:109} INFO - [2022-01-28 21:11:11,980] {dagbag.py:500} INFO - Filling up the DagBag from /home/data-eginner/Documents/Soccer_Data/env/lib/python3.8/site-packages/airflow/example_dags/example_latest_only.py
[2022-01-28 21:11:12,006] {processor.py:654} INFO - DAG(s) dict_keys(['latest_only']) retrieved from /home/data-eginner/Documents/Soccer_Data/env/lib/python3.8/site-packages/airflow/example_dags/example_latest_only.py
[2022-01-28 21:11:12,019] {logging_mixin.py:109} INFO - [2022-01-28 21:11:12,019] {dag.py:2396} INFO - Sync 1 DAGs
[2022-01-28 21:11:12,031] {logging_mixin.py:109} INFO - [2022-01-28 21:11:12,031] {dag.py:2935} INFO - Setting next_dagrun for latest_only to 2022-01-28T20:11:12.031480+00:00
[2022-01-28 21:11:12,056] {processor.py:171} INFO - Processing /home/data-eginner/Documents/Soccer_Data/env/lib/python3.8/site-packages/airflow/example_dags/example_latest_only.py took 0.115 seconds
[2022-01-28 21:12:02,887] {processor.py:163} INFO - Started process (PID=20620) to work on /home/data-eginner/Documents/Soccer_Data/env/lib/python3.8/site-packages/airflow/example_dags/example_latest_only.py
[2022-01-28 21:12:02,978] {processor.py:642} INFO - Processing file /home/data-eginner/Documents/Soccer_Data/env/lib/python3.8/site-packages/airflow/example_dags/example_latest_only.py for tasks to queue
[2022-01-28 21:12:02,978] {logging_mixin.py:109} INFO - [2022-01-28 21:12:02,978] {dagbag.py:500} INFO - Filling up the DagBag from /home/data-eginner/Documents/Soccer_Data/env/lib/python3.8/site-packages/airflow/example_dags/example_latest_only.py
[2022-01-28 21:12:03,008] {processor.py:654} INFO - DAG(s) dict_keys(['latest_only']) retrieved from /home/data-eginner/Documents/Soccer_Data/env/lib/python3.8/site-packages/airflow/example_dags/example_latest_only.py
[2022-01-28 21:12:03,017] {logging_mixin.py:109} INFO - [2022-01-28 21:12:03,017] {dag.py:2396} INFO - Sync 1 DAGs
[2022-01-28 21:12:03,038] {logging_mixin.py:109} INFO - [2022-01-28 21:12:03,037] {dag.py:2935} INFO - Setting next_dagrun for latest_only to 2022-01-28T20:12:03.037666+00:00
[2022-01-28 21:12:03,062] {processor.py:171} INFO - Processing /home/data-eginner/Documents/Soccer_Data/env/lib/python3.8/site-packages/airflow/example_dags/example_latest_only.py took 0.178 seconds
[2022-01-28 21:12:51,672] {processor.py:163} INFO - Started process (PID=20811) to work on /home/data-eginner/Documents/Soccer_Data/env/lib/python3.8/site-packages/airflow/example_dags/example_latest_only.py
[2022-01-28 21:12:51,674] {processor.py:642} INFO - Processing file /home/data-eginner/Documents/Soccer_Data/env/lib/python3.8/site-packages/airflow/example_dags/example_latest_only.py for tasks to queue
[2022-01-28 21:12:51,675] {logging_mixin.py:109} INFO - [2022-01-28 21:12:51,675] {dagbag.py:500} INFO - Filling up the DagBag from /home/data-eginner/Documents/Soccer_Data/env/lib/python3.8/site-packages/airflow/example_dags/example_latest_only.py
[2022-01-28 21:12:51,696] {processor.py:654} INFO - DAG(s) dict_keys(['latest_only']) retrieved from /home/data-eginner/Documents/Soccer_Data/env/lib/python3.8/site-packages/airflow/example_dags/example_latest_only.py
[2022-01-28 21:12:51,722] {logging_mixin.py:109} INFO - [2022-01-28 21:12:51,722] {dag.py:2396} INFO - Sync 1 DAGs
[2022-01-28 21:12:51,744] {logging_mixin.py:109} INFO - [2022-01-28 21:12:51,744] {dag.py:2935} INFO - Setting next_dagrun for latest_only to 2022-01-28T20:12:51.743881+00:00
[2022-01-28 21:12:51,768] {processor.py:171} INFO - Processing /home/data-eginner/Documents/Soccer_Data/env/lib/python3.8/site-packages/airflow/example_dags/example_latest_only.py took 0.102 seconds
[2022-01-28 21:13:45,674] {processor.py:163} INFO - Started process (PID=20998) to work on /home/data-eginner/Documents/Soccer_Data/env/lib/python3.8/site-packages/airflow/example_dags/example_latest_only.py
[2022-01-28 21:13:45,682] {processor.py:642} INFO - Processing file /home/data-eginner/Documents/Soccer_Data/env/lib/python3.8/site-packages/airflow/example_dags/example_latest_only.py for tasks to queue
[2022-01-28 21:13:45,683] {logging_mixin.py:109} INFO - [2022-01-28 21:13:45,683] {dagbag.py:500} INFO - Filling up the DagBag from /home/data-eginner/Documents/Soccer_Data/env/lib/python3.8/site-packages/airflow/example_dags/example_latest_only.py
[2022-01-28 21:13:45,721] {processor.py:654} INFO - DAG(s) dict_keys(['latest_only']) retrieved from /home/data-eginner/Documents/Soccer_Data/env/lib/python3.8/site-packages/airflow/example_dags/example_latest_only.py
[2022-01-28 21:13:45,740] {logging_mixin.py:109} INFO - [2022-01-28 21:13:45,740] {dag.py:2396} INFO - Sync 1 DAGs
[2022-01-28 21:13:45,766] {logging_mixin.py:109} INFO - [2022-01-28 21:13:45,766] {dag.py:2935} INFO - Setting next_dagrun for latest_only to 2022-01-28T20:13:45.765888+00:00
[2022-01-28 21:13:45,801] {processor.py:171} INFO - Processing /home/data-eginner/Documents/Soccer_Data/env/lib/python3.8/site-packages/airflow/example_dags/example_latest_only.py took 0.133 seconds
[2022-01-28 21:14:32,259] {processor.py:163} INFO - Started process (PID=21168) to work on /home/data-eginner/Documents/Soccer_Data/env/lib/python3.8/site-packages/airflow/example_dags/example_latest_only.py
[2022-01-28 21:14:32,311] {processor.py:642} INFO - Processing file /home/data-eginner/Documents/Soccer_Data/env/lib/python3.8/site-packages/airflow/example_dags/example_latest_only.py for tasks to queue
[2022-01-28 21:14:32,311] {logging_mixin.py:109} INFO - [2022-01-28 21:14:32,311] {dagbag.py:500} INFO - Filling up the DagBag from /home/data-eginner/Documents/Soccer_Data/env/lib/python3.8/site-packages/airflow/example_dags/example_latest_only.py
[2022-01-28 21:14:32,355] {processor.py:654} INFO - DAG(s) dict_keys(['latest_only']) retrieved from /home/data-eginner/Documents/Soccer_Data/env/lib/python3.8/site-packages/airflow/example_dags/example_latest_only.py
[2022-01-28 21:14:32,376] {logging_mixin.py:109} INFO - [2022-01-28 21:14:32,376] {dag.py:2396} INFO - Sync 1 DAGs
[2022-01-28 21:14:32,426] {logging_mixin.py:109} INFO - [2022-01-28 21:14:32,426] {dag.py:2935} INFO - Setting next_dagrun for latest_only to 2022-01-28T20:14:32.426261+00:00
[2022-01-28 21:14:32,452] {processor.py:171} INFO - Processing /home/data-eginner/Documents/Soccer_Data/env/lib/python3.8/site-packages/airflow/example_dags/example_latest_only.py took 0.196 seconds
[2022-01-28 21:15:55,824] {processor.py:163} INFO - Started process (PID=21452) to work on /home/data-eginner/Documents/Soccer_Data/env/lib/python3.8/site-packages/airflow/example_dags/example_latest_only.py
[2022-01-28 21:15:55,846] {processor.py:642} INFO - Processing file /home/data-eginner/Documents/Soccer_Data/env/lib/python3.8/site-packages/airflow/example_dags/example_latest_only.py for tasks to queue
[2022-01-28 21:15:55,847] {logging_mixin.py:109} INFO - [2022-01-28 21:15:55,847] {dagbag.py:500} INFO - Filling up the DagBag from /home/data-eginner/Documents/Soccer_Data/env/lib/python3.8/site-packages/airflow/example_dags/example_latest_only.py
[2022-01-28 21:15:55,947] {processor.py:654} INFO - DAG(s) dict_keys(['latest_only']) retrieved from /home/data-eginner/Documents/Soccer_Data/env/lib/python3.8/site-packages/airflow/example_dags/example_latest_only.py
[2022-01-28 21:15:56,006] {logging_mixin.py:109} INFO - [2022-01-28 21:15:56,006] {dag.py:2396} INFO - Sync 1 DAGs
[2022-01-28 21:15:56,059] {logging_mixin.py:109} INFO - [2022-01-28 21:15:56,059] {dag.py:2935} INFO - Setting next_dagrun for latest_only to 2022-01-28T20:15:56.058328+00:00
[2022-01-28 21:15:56,142] {processor.py:171} INFO - Processing /home/data-eginner/Documents/Soccer_Data/env/lib/python3.8/site-packages/airflow/example_dags/example_latest_only.py took 0.350 seconds
[2022-01-28 21:17:08,886] {processor.py:163} INFO - Started process (PID=21668) to work on /home/data-eginner/Documents/Soccer_Data/env/lib/python3.8/site-packages/airflow/example_dags/example_latest_only.py
[2022-01-28 21:17:08,945] {processor.py:642} INFO - Processing file /home/data-eginner/Documents/Soccer_Data/env/lib/python3.8/site-packages/airflow/example_dags/example_latest_only.py for tasks to queue
[2022-01-28 21:17:08,945] {logging_mixin.py:109} INFO - [2022-01-28 21:17:08,945] {dagbag.py:500} INFO - Filling up the DagBag from /home/data-eginner/Documents/Soccer_Data/env/lib/python3.8/site-packages/airflow/example_dags/example_latest_only.py
[2022-01-28 21:17:09,039] {processor.py:654} INFO - DAG(s) dict_keys(['latest_only']) retrieved from /home/data-eginner/Documents/Soccer_Data/env/lib/python3.8/site-packages/airflow/example_dags/example_latest_only.py
[2022-01-28 21:17:09,062] {logging_mixin.py:109} INFO - [2022-01-28 21:17:09,062] {dag.py:2396} INFO - Sync 1 DAGs
[2022-01-28 21:17:09,125] {logging_mixin.py:109} INFO - [2022-01-28 21:17:09,125] {dag.py:2935} INFO - Setting next_dagrun for latest_only to 2022-01-28T20:17:09.125543+00:00
[2022-01-28 21:17:09,158] {processor.py:171} INFO - Processing /home/data-eginner/Documents/Soccer_Data/env/lib/python3.8/site-packages/airflow/example_dags/example_latest_only.py took 0.276 seconds
[2022-01-28 21:18:23,687] {processor.py:163} INFO - Started process (PID=21912) to work on /home/data-eginner/Documents/Soccer_Data/env/lib/python3.8/site-packages/airflow/example_dags/example_latest_only.py
[2022-01-28 21:18:23,692] {processor.py:642} INFO - Processing file /home/data-eginner/Documents/Soccer_Data/env/lib/python3.8/site-packages/airflow/example_dags/example_latest_only.py for tasks to queue
[2022-01-28 21:18:23,706] {logging_mixin.py:109} INFO - [2022-01-28 21:18:23,705] {dagbag.py:500} INFO - Filling up the DagBag from /home/data-eginner/Documents/Soccer_Data/env/lib/python3.8/site-packages/airflow/example_dags/example_latest_only.py
[2022-01-28 21:18:23,752] {processor.py:654} INFO - DAG(s) dict_keys(['latest_only']) retrieved from /home/data-eginner/Documents/Soccer_Data/env/lib/python3.8/site-packages/airflow/example_dags/example_latest_only.py
[2022-01-28 21:18:23,778] {logging_mixin.py:109} INFO - [2022-01-28 21:18:23,778] {dag.py:2396} INFO - Sync 1 DAGs
[2022-01-28 21:18:23,817] {logging_mixin.py:109} INFO - [2022-01-28 21:18:23,817] {dag.py:2935} INFO - Setting next_dagrun for latest_only to 2022-01-28T20:18:23.816782+00:00
[2022-01-28 21:18:23,867] {processor.py:171} INFO - Processing /home/data-eginner/Documents/Soccer_Data/env/lib/python3.8/site-packages/airflow/example_dags/example_latest_only.py took 0.198 seconds
[2022-01-28 21:19:46,088] {processor.py:163} INFO - Started process (PID=22147) to work on /home/data-eginner/Documents/Soccer_Data/env/lib/python3.8/site-packages/airflow/example_dags/example_latest_only.py
[2022-01-28 21:19:46,102] {processor.py:642} INFO - Processing file /home/data-eginner/Documents/Soccer_Data/env/lib/python3.8/site-packages/airflow/example_dags/example_latest_only.py for tasks to queue
[2022-01-28 21:19:46,102] {logging_mixin.py:109} INFO - [2022-01-28 21:19:46,102] {dagbag.py:500} INFO - Filling up the DagBag from /home/data-eginner/Documents/Soccer_Data/env/lib/python3.8/site-packages/airflow/example_dags/example_latest_only.py
[2022-01-28 21:19:46,171] {processor.py:654} INFO - DAG(s) dict_keys(['latest_only']) retrieved from /home/data-eginner/Documents/Soccer_Data/env/lib/python3.8/site-packages/airflow/example_dags/example_latest_only.py
[2022-01-28 21:19:46,191] {logging_mixin.py:109} INFO - [2022-01-28 21:19:46,191] {dag.py:2396} INFO - Sync 1 DAGs
[2022-01-28 21:19:46,217] {logging_mixin.py:109} INFO - [2022-01-28 21:19:46,217] {dag.py:2935} INFO - Setting next_dagrun for latest_only to 2022-01-28T20:19:46.217485+00:00
[2022-01-28 21:19:46,252] {processor.py:171} INFO - Processing /home/data-eginner/Documents/Soccer_Data/env/lib/python3.8/site-packages/airflow/example_dags/example_latest_only.py took 0.167 seconds
[2022-01-28 21:20:51,087] {processor.py:163} INFO - Started process (PID=22388) to work on /home/data-eginner/Documents/Soccer_Data/env/lib/python3.8/site-packages/airflow/example_dags/example_latest_only.py
[2022-01-28 21:20:51,103] {processor.py:642} INFO - Processing file /home/data-eginner/Documents/Soccer_Data/env/lib/python3.8/site-packages/airflow/example_dags/example_latest_only.py for tasks to queue
[2022-01-28 21:20:51,104] {logging_mixin.py:109} INFO - [2022-01-28 21:20:51,104] {dagbag.py:500} INFO - Filling up the DagBag from /home/data-eginner/Documents/Soccer_Data/env/lib/python3.8/site-packages/airflow/example_dags/example_latest_only.py
[2022-01-28 21:20:51,153] {processor.py:654} INFO - DAG(s) dict_keys(['latest_only']) retrieved from /home/data-eginner/Documents/Soccer_Data/env/lib/python3.8/site-packages/airflow/example_dags/example_latest_only.py
[2022-01-28 21:20:51,258] {logging_mixin.py:109} INFO - [2022-01-28 21:20:51,258] {dag.py:2396} INFO - Sync 1 DAGs
[2022-01-28 21:20:51,349] {logging_mixin.py:109} INFO - [2022-01-28 21:20:51,348] {dag.py:2935} INFO - Setting next_dagrun for latest_only to 2022-01-28T20:20:51.348074+00:00
[2022-01-28 21:20:51,432] {processor.py:171} INFO - Processing /home/data-eginner/Documents/Soccer_Data/env/lib/python3.8/site-packages/airflow/example_dags/example_latest_only.py took 0.348 seconds
[2022-01-28 21:21:34,730] {processor.py:163} INFO - Started process (PID=22551) to work on /home/data-eginner/Documents/Soccer_Data/env/lib/python3.8/site-packages/airflow/example_dags/example_latest_only.py
[2022-01-28 21:21:34,735] {processor.py:642} INFO - Processing file /home/data-eginner/Documents/Soccer_Data/env/lib/python3.8/site-packages/airflow/example_dags/example_latest_only.py for tasks to queue
[2022-01-28 21:21:34,739] {logging_mixin.py:109} INFO - [2022-01-28 21:21:34,739] {dagbag.py:500} INFO - Filling up the DagBag from /home/data-eginner/Documents/Soccer_Data/env/lib/python3.8/site-packages/airflow/example_dags/example_latest_only.py
[2022-01-28 21:21:34,761] {processor.py:654} INFO - DAG(s) dict_keys(['latest_only']) retrieved from /home/data-eginner/Documents/Soccer_Data/env/lib/python3.8/site-packages/airflow/example_dags/example_latest_only.py
[2022-01-28 21:21:34,776] {logging_mixin.py:109} INFO - [2022-01-28 21:21:34,776] {dag.py:2396} INFO - Sync 1 DAGs
[2022-01-28 21:21:34,794] {logging_mixin.py:109} INFO - [2022-01-28 21:21:34,794] {dag.py:2935} INFO - Setting next_dagrun for latest_only to 2022-01-28T20:21:34.793877+00:00
[2022-01-28 21:21:34,814] {processor.py:171} INFO - Processing /home/data-eginner/Documents/Soccer_Data/env/lib/python3.8/site-packages/airflow/example_dags/example_latest_only.py took 0.086 seconds
[2022-01-28 21:22:24,927] {processor.py:163} INFO - Started process (PID=22732) to work on /home/data-eginner/Documents/Soccer_Data/env/lib/python3.8/site-packages/airflow/example_dags/example_latest_only.py
[2022-01-28 21:22:24,942] {processor.py:642} INFO - Processing file /home/data-eginner/Documents/Soccer_Data/env/lib/python3.8/site-packages/airflow/example_dags/example_latest_only.py for tasks to queue
[2022-01-28 21:22:24,943] {logging_mixin.py:109} INFO - [2022-01-28 21:22:24,943] {dagbag.py:500} INFO - Filling up the DagBag from /home/data-eginner/Documents/Soccer_Data/env/lib/python3.8/site-packages/airflow/example_dags/example_latest_only.py
[2022-01-28 21:22:25,024] {processor.py:654} INFO - DAG(s) dict_keys(['latest_only']) retrieved from /home/data-eginner/Documents/Soccer_Data/env/lib/python3.8/site-packages/airflow/example_dags/example_latest_only.py
[2022-01-28 21:22:25,058] {logging_mixin.py:109} INFO - [2022-01-28 21:22:25,058] {dag.py:2396} INFO - Sync 1 DAGs
[2022-01-28 21:22:25,122] {logging_mixin.py:109} INFO - [2022-01-28 21:22:25,122] {dag.py:2935} INFO - Setting next_dagrun for latest_only to 2022-01-28T20:22:25.122153+00:00
[2022-01-28 21:22:25,201] {processor.py:171} INFO - Processing /home/data-eginner/Documents/Soccer_Data/env/lib/python3.8/site-packages/airflow/example_dags/example_latest_only.py took 0.304 seconds
[2022-01-28 21:26:45,642] {processor.py:163} INFO - Started process (PID=22991) to work on /home/data-eginner/Documents/Soccer_Data/env/lib/python3.8/site-packages/airflow/example_dags/example_latest_only.py
[2022-01-28 21:26:45,661] {processor.py:642} INFO - Processing file /home/data-eginner/Documents/Soccer_Data/env/lib/python3.8/site-packages/airflow/example_dags/example_latest_only.py for tasks to queue
[2022-01-28 21:26:45,661] {logging_mixin.py:109} INFO - [2022-01-28 21:26:45,661] {dagbag.py:500} INFO - Filling up the DagBag from /home/data-eginner/Documents/Soccer_Data/env/lib/python3.8/site-packages/airflow/example_dags/example_latest_only.py
[2022-01-28 21:26:45,701] {processor.py:654} INFO - DAG(s) dict_keys(['latest_only']) retrieved from /home/data-eginner/Documents/Soccer_Data/env/lib/python3.8/site-packages/airflow/example_dags/example_latest_only.py
[2022-01-28 21:26:45,709] {logging_mixin.py:109} INFO - [2022-01-28 21:26:45,709] {dag.py:2396} INFO - Sync 1 DAGs
[2022-01-28 21:26:45,743] {logging_mixin.py:109} INFO - [2022-01-28 21:26:45,743] {dag.py:2935} INFO - Setting next_dagrun for latest_only to 2022-01-28T20:26:45.742842+00:00
[2022-01-28 21:26:45,776] {processor.py:171} INFO - Processing /home/data-eginner/Documents/Soccer_Data/env/lib/python3.8/site-packages/airflow/example_dags/example_latest_only.py took 0.136 seconds
[2022-01-28 21:27:48,946] {processor.py:163} INFO - Started process (PID=23245) to work on /home/data-eginner/Documents/Soccer_Data/env/lib/python3.8/site-packages/airflow/example_dags/example_latest_only.py
[2022-01-28 21:27:48,951] {processor.py:642} INFO - Processing file /home/data-eginner/Documents/Soccer_Data/env/lib/python3.8/site-packages/airflow/example_dags/example_latest_only.py for tasks to queue
[2022-01-28 21:27:48,951] {logging_mixin.py:109} INFO - [2022-01-28 21:27:48,951] {dagbag.py:500} INFO - Filling up the DagBag from /home/data-eginner/Documents/Soccer_Data/env/lib/python3.8/site-packages/airflow/example_dags/example_latest_only.py
[2022-01-28 21:27:49,046] {processor.py:654} INFO - DAG(s) dict_keys(['latest_only']) retrieved from /home/data-eginner/Documents/Soccer_Data/env/lib/python3.8/site-packages/airflow/example_dags/example_latest_only.py
[2022-01-28 21:27:49,078] {logging_mixin.py:109} INFO - [2022-01-28 21:27:49,078] {dag.py:2396} INFO - Sync 1 DAGs
[2022-01-28 21:27:49,123] {logging_mixin.py:109} INFO - [2022-01-28 21:27:49,123] {dag.py:2935} INFO - Setting next_dagrun for latest_only to 2022-01-28T20:27:49.122820+00:00
[2022-01-28 21:27:49,175] {processor.py:171} INFO - Processing /home/data-eginner/Documents/Soccer_Data/env/lib/python3.8/site-packages/airflow/example_dags/example_latest_only.py took 0.240 seconds
[2022-01-28 21:29:18,632] {processor.py:163} INFO - Started process (PID=23531) to work on /home/data-eginner/Documents/Soccer_Data/env/lib/python3.8/site-packages/airflow/example_dags/example_latest_only.py
[2022-01-28 21:29:18,648] {processor.py:642} INFO - Processing file /home/data-eginner/Documents/Soccer_Data/env/lib/python3.8/site-packages/airflow/example_dags/example_latest_only.py for tasks to queue
[2022-01-28 21:29:18,649] {logging_mixin.py:109} INFO - [2022-01-28 21:29:18,649] {dagbag.py:500} INFO - Filling up the DagBag from /home/data-eginner/Documents/Soccer_Data/env/lib/python3.8/site-packages/airflow/example_dags/example_latest_only.py
[2022-01-28 21:29:18,716] {processor.py:654} INFO - DAG(s) dict_keys(['latest_only']) retrieved from /home/data-eginner/Documents/Soccer_Data/env/lib/python3.8/site-packages/airflow/example_dags/example_latest_only.py
[2022-01-28 21:29:18,737] {logging_mixin.py:109} INFO - [2022-01-28 21:29:18,737] {dag.py:2396} INFO - Sync 1 DAGs
[2022-01-28 21:29:18,762] {logging_mixin.py:109} INFO - [2022-01-28 21:29:18,762] {dag.py:2935} INFO - Setting next_dagrun for latest_only to 2022-01-28T20:29:18.762281+00:00
[2022-01-28 21:29:18,812] {processor.py:171} INFO - Processing /home/data-eginner/Documents/Soccer_Data/env/lib/python3.8/site-packages/airflow/example_dags/example_latest_only.py took 0.212 seconds
[2022-01-28 21:30:13,178] {processor.py:163} INFO - Started process (PID=23722) to work on /home/data-eginner/Documents/Soccer_Data/env/lib/python3.8/site-packages/airflow/example_dags/example_latest_only.py
[2022-01-28 21:30:13,187] {processor.py:642} INFO - Processing file /home/data-eginner/Documents/Soccer_Data/env/lib/python3.8/site-packages/airflow/example_dags/example_latest_only.py for tasks to queue
[2022-01-28 21:30:13,188] {logging_mixin.py:109} INFO - [2022-01-28 21:30:13,188] {dagbag.py:500} INFO - Filling up the DagBag from /home/data-eginner/Documents/Soccer_Data/env/lib/python3.8/site-packages/airflow/example_dags/example_latest_only.py
[2022-01-28 21:30:13,231] {processor.py:654} INFO - DAG(s) dict_keys(['latest_only']) retrieved from /home/data-eginner/Documents/Soccer_Data/env/lib/python3.8/site-packages/airflow/example_dags/example_latest_only.py
[2022-01-28 21:30:13,265] {logging_mixin.py:109} INFO - [2022-01-28 21:30:13,265] {dag.py:2396} INFO - Sync 1 DAGs
[2022-01-28 21:30:13,313] {logging_mixin.py:109} INFO - [2022-01-28 21:30:13,313] {dag.py:2935} INFO - Setting next_dagrun for latest_only to 2022-01-28T20:30:13.313406+00:00
[2022-01-28 21:30:13,340] {processor.py:171} INFO - Processing /home/data-eginner/Documents/Soccer_Data/env/lib/python3.8/site-packages/airflow/example_dags/example_latest_only.py took 0.165 seconds
[2022-01-28 21:31:08,864] {processor.py:163} INFO - Started process (PID=23913) to work on /home/data-eginner/Documents/Soccer_Data/env/lib/python3.8/site-packages/airflow/example_dags/example_latest_only.py
[2022-01-28 21:31:08,866] {processor.py:642} INFO - Processing file /home/data-eginner/Documents/Soccer_Data/env/lib/python3.8/site-packages/airflow/example_dags/example_latest_only.py for tasks to queue
[2022-01-28 21:31:08,867] {logging_mixin.py:109} INFO - [2022-01-28 21:31:08,867] {dagbag.py:500} INFO - Filling up the DagBag from /home/data-eginner/Documents/Soccer_Data/env/lib/python3.8/site-packages/airflow/example_dags/example_latest_only.py
[2022-01-28 21:31:08,956] {processor.py:654} INFO - DAG(s) dict_keys(['latest_only']) retrieved from /home/data-eginner/Documents/Soccer_Data/env/lib/python3.8/site-packages/airflow/example_dags/example_latest_only.py
[2022-01-28 21:31:08,982] {logging_mixin.py:109} INFO - [2022-01-28 21:31:08,982] {dag.py:2396} INFO - Sync 1 DAGs
[2022-01-28 21:31:09,031] {logging_mixin.py:109} INFO - [2022-01-28 21:31:09,031] {dag.py:2935} INFO - Setting next_dagrun for latest_only to 2022-01-28T20:31:09.017943+00:00
[2022-01-28 21:31:09,057] {processor.py:171} INFO - Processing /home/data-eginner/Documents/Soccer_Data/env/lib/python3.8/site-packages/airflow/example_dags/example_latest_only.py took 0.223 seconds
[2022-01-28 21:32:24,890] {processor.py:163} INFO - Started process (PID=24184) to work on /home/data-eginner/Documents/Soccer_Data/env/lib/python3.8/site-packages/airflow/example_dags/example_latest_only.py
[2022-01-28 21:32:24,903] {processor.py:642} INFO - Processing file /home/data-eginner/Documents/Soccer_Data/env/lib/python3.8/site-packages/airflow/example_dags/example_latest_only.py for tasks to queue
[2022-01-28 21:32:24,903] {logging_mixin.py:109} INFO - [2022-01-28 21:32:24,903] {dagbag.py:500} INFO - Filling up the DagBag from /home/data-eginner/Documents/Soccer_Data/env/lib/python3.8/site-packages/airflow/example_dags/example_latest_only.py
[2022-01-28 21:32:24,927] {processor.py:654} INFO - DAG(s) dict_keys(['latest_only']) retrieved from /home/data-eginner/Documents/Soccer_Data/env/lib/python3.8/site-packages/airflow/example_dags/example_latest_only.py
[2022-01-28 21:32:24,937] {logging_mixin.py:109} INFO - [2022-01-28 21:32:24,937] {dag.py:2396} INFO - Sync 1 DAGs
[2022-01-28 21:32:24,950] {logging_mixin.py:109} INFO - [2022-01-28 21:32:24,949] {dag.py:2935} INFO - Setting next_dagrun for latest_only to 2022-01-28T20:32:24.948933+00:00
[2022-01-28 21:32:24,971] {processor.py:171} INFO - Processing /home/data-eginner/Documents/Soccer_Data/env/lib/python3.8/site-packages/airflow/example_dags/example_latest_only.py took 0.105 seconds
[2022-01-28 21:33:10,425] {processor.py:163} INFO - Started process (PID=24360) to work on /home/data-eginner/Documents/Soccer_Data/env/lib/python3.8/site-packages/airflow/example_dags/example_latest_only.py
[2022-01-28 21:33:10,436] {processor.py:642} INFO - Processing file /home/data-eginner/Documents/Soccer_Data/env/lib/python3.8/site-packages/airflow/example_dags/example_latest_only.py for tasks to queue
[2022-01-28 21:33:10,436] {logging_mixin.py:109} INFO - [2022-01-28 21:33:10,436] {dagbag.py:500} INFO - Filling up the DagBag from /home/data-eginner/Documents/Soccer_Data/env/lib/python3.8/site-packages/airflow/example_dags/example_latest_only.py
[2022-01-28 21:33:10,464] {processor.py:654} INFO - DAG(s) dict_keys(['latest_only']) retrieved from /home/data-eginner/Documents/Soccer_Data/env/lib/python3.8/site-packages/airflow/example_dags/example_latest_only.py
[2022-01-28 21:33:10,474] {logging_mixin.py:109} INFO - [2022-01-28 21:33:10,472] {dag.py:2396} INFO - Sync 1 DAGs
[2022-01-28 21:33:10,486] {logging_mixin.py:109} INFO - [2022-01-28 21:33:10,486] {dag.py:2935} INFO - Setting next_dagrun for latest_only to 2022-01-28T20:33:10.485581+00:00
[2022-01-28 21:33:10,504] {processor.py:171} INFO - Processing /home/data-eginner/Documents/Soccer_Data/env/lib/python3.8/site-packages/airflow/example_dags/example_latest_only.py took 0.083 seconds
[2022-01-28 21:33:55,764] {processor.py:163} INFO - Started process (PID=24537) to work on /home/data-eginner/Documents/Soccer_Data/env/lib/python3.8/site-packages/airflow/example_dags/example_latest_only.py
[2022-01-28 21:33:55,766] {processor.py:642} INFO - Processing file /home/data-eginner/Documents/Soccer_Data/env/lib/python3.8/site-packages/airflow/example_dags/example_latest_only.py for tasks to queue
[2022-01-28 21:33:55,767] {logging_mixin.py:109} INFO - [2022-01-28 21:33:55,767] {dagbag.py:500} INFO - Filling up the DagBag from /home/data-eginner/Documents/Soccer_Data/env/lib/python3.8/site-packages/airflow/example_dags/example_latest_only.py
[2022-01-28 21:33:55,802] {processor.py:654} INFO - DAG(s) dict_keys(['latest_only']) retrieved from /home/data-eginner/Documents/Soccer_Data/env/lib/python3.8/site-packages/airflow/example_dags/example_latest_only.py
[2022-01-28 21:33:55,820] {logging_mixin.py:109} INFO - [2022-01-28 21:33:55,820] {dag.py:2396} INFO - Sync 1 DAGs
[2022-01-28 21:33:55,837] {logging_mixin.py:109} INFO - [2022-01-28 21:33:55,836] {dag.py:2935} INFO - Setting next_dagrun for latest_only to 2022-01-28T20:33:55.836697+00:00
[2022-01-28 21:33:55,860] {processor.py:171} INFO - Processing /home/data-eginner/Documents/Soccer_Data/env/lib/python3.8/site-packages/airflow/example_dags/example_latest_only.py took 0.099 seconds
[2022-01-28 21:34:43,582] {processor.py:163} INFO - Started process (PID=24721) to work on /home/data-eginner/Documents/Soccer_Data/env/lib/python3.8/site-packages/airflow/example_dags/example_latest_only.py
[2022-01-28 21:34:43,607] {processor.py:642} INFO - Processing file /home/data-eginner/Documents/Soccer_Data/env/lib/python3.8/site-packages/airflow/example_dags/example_latest_only.py for tasks to queue
[2022-01-28 21:34:43,608] {logging_mixin.py:109} INFO - [2022-01-28 21:34:43,608] {dagbag.py:500} INFO - Filling up the DagBag from /home/data-eginner/Documents/Soccer_Data/env/lib/python3.8/site-packages/airflow/example_dags/example_latest_only.py
[2022-01-28 21:34:43,650] {processor.py:654} INFO - DAG(s) dict_keys(['latest_only']) retrieved from /home/data-eginner/Documents/Soccer_Data/env/lib/python3.8/site-packages/airflow/example_dags/example_latest_only.py
[2022-01-28 21:34:43,658] {logging_mixin.py:109} INFO - [2022-01-28 21:34:43,658] {dag.py:2396} INFO - Sync 1 DAGs
[2022-01-28 21:34:43,701] {logging_mixin.py:109} INFO - [2022-01-28 21:34:43,701] {dag.py:2935} INFO - Setting next_dagrun for latest_only to 2022-01-28T20:34:43.700766+00:00
[2022-01-28 21:34:43,757] {processor.py:171} INFO - Processing /home/data-eginner/Documents/Soccer_Data/env/lib/python3.8/site-packages/airflow/example_dags/example_latest_only.py took 0.177 seconds
[2022-01-28 21:56:30,917] {processor.py:163} INFO - Started process (PID=25119) to work on /home/data-eginner/Documents/Soccer_Data/env/lib/python3.8/site-packages/airflow/example_dags/example_latest_only.py
[2022-01-28 21:56:30,932] {processor.py:642} INFO - Processing file /home/data-eginner/Documents/Soccer_Data/env/lib/python3.8/site-packages/airflow/example_dags/example_latest_only.py for tasks to queue
[2022-01-28 21:56:30,933] {logging_mixin.py:109} INFO - [2022-01-28 21:56:30,933] {dagbag.py:500} INFO - Filling up the DagBag from /home/data-eginner/Documents/Soccer_Data/env/lib/python3.8/site-packages/airflow/example_dags/example_latest_only.py
[2022-01-28 21:56:30,973] {processor.py:654} INFO - DAG(s) dict_keys(['latest_only']) retrieved from /home/data-eginner/Documents/Soccer_Data/env/lib/python3.8/site-packages/airflow/example_dags/example_latest_only.py
[2022-01-28 21:56:31,013] {logging_mixin.py:109} INFO - [2022-01-28 21:56:31,013] {dag.py:2396} INFO - Sync 1 DAGs
[2022-01-28 21:56:31,037] {logging_mixin.py:109} INFO - [2022-01-28 21:56:31,036] {dag.py:2935} INFO - Setting next_dagrun for latest_only to 2022-01-28T20:56:31.036596+00:00
[2022-01-28 21:56:31,072] {processor.py:171} INFO - Processing /home/data-eginner/Documents/Soccer_Data/env/lib/python3.8/site-packages/airflow/example_dags/example_latest_only.py took 0.158 seconds
[2022-01-28 21:57:24,071] {processor.py:163} INFO - Started process (PID=25309) to work on /home/data-eginner/Documents/Soccer_Data/env/lib/python3.8/site-packages/airflow/example_dags/example_latest_only.py
[2022-01-28 21:57:24,088] {processor.py:642} INFO - Processing file /home/data-eginner/Documents/Soccer_Data/env/lib/python3.8/site-packages/airflow/example_dags/example_latest_only.py for tasks to queue
[2022-01-28 21:57:24,088] {logging_mixin.py:109} INFO - [2022-01-28 21:57:24,088] {dagbag.py:500} INFO - Filling up the DagBag from /home/data-eginner/Documents/Soccer_Data/env/lib/python3.8/site-packages/airflow/example_dags/example_latest_only.py
[2022-01-28 21:57:24,138] {processor.py:654} INFO - DAG(s) dict_keys(['latest_only']) retrieved from /home/data-eginner/Documents/Soccer_Data/env/lib/python3.8/site-packages/airflow/example_dags/example_latest_only.py
[2022-01-28 21:57:24,165] {logging_mixin.py:109} INFO - [2022-01-28 21:57:24,165] {dag.py:2396} INFO - Sync 1 DAGs
[2022-01-28 21:57:24,191] {logging_mixin.py:109} INFO - [2022-01-28 21:57:24,191] {dag.py:2935} INFO - Setting next_dagrun for latest_only to 2022-01-28T20:57:24.190991+00:00
[2022-01-28 21:57:24,226] {processor.py:171} INFO - Processing /home/data-eginner/Documents/Soccer_Data/env/lib/python3.8/site-packages/airflow/example_dags/example_latest_only.py took 0.180 seconds
[2022-01-28 21:58:10,345] {processor.py:163} INFO - Started process (PID=25495) to work on /home/data-eginner/Documents/Soccer_Data/env/lib/python3.8/site-packages/airflow/example_dags/example_latest_only.py
[2022-01-28 21:58:10,347] {processor.py:642} INFO - Processing file /home/data-eginner/Documents/Soccer_Data/env/lib/python3.8/site-packages/airflow/example_dags/example_latest_only.py for tasks to queue
[2022-01-28 21:58:10,348] {logging_mixin.py:109} INFO - [2022-01-28 21:58:10,348] {dagbag.py:500} INFO - Filling up the DagBag from /home/data-eginner/Documents/Soccer_Data/env/lib/python3.8/site-packages/airflow/example_dags/example_latest_only.py
[2022-01-28 21:58:10,380] {processor.py:654} INFO - DAG(s) dict_keys(['latest_only']) retrieved from /home/data-eginner/Documents/Soccer_Data/env/lib/python3.8/site-packages/airflow/example_dags/example_latest_only.py
[2022-01-28 21:58:10,393] {logging_mixin.py:109} INFO - [2022-01-28 21:58:10,393] {dag.py:2396} INFO - Sync 1 DAGs
[2022-01-28 21:58:10,415] {logging_mixin.py:109} INFO - [2022-01-28 21:58:10,404] {dag.py:2935} INFO - Setting next_dagrun for latest_only to 2022-01-28T20:58:10.404191+00:00
[2022-01-28 21:58:10,434] {processor.py:171} INFO - Processing /home/data-eginner/Documents/Soccer_Data/env/lib/python3.8/site-packages/airflow/example_dags/example_latest_only.py took 0.095 seconds
[2022-01-28 21:59:03,926] {processor.py:163} INFO - Started process (PID=25705) to work on /home/data-eginner/Documents/Soccer_Data/env/lib/python3.8/site-packages/airflow/example_dags/example_latest_only.py
[2022-01-28 21:59:03,934] {processor.py:642} INFO - Processing file /home/data-eginner/Documents/Soccer_Data/env/lib/python3.8/site-packages/airflow/example_dags/example_latest_only.py for tasks to queue
[2022-01-28 21:59:03,934] {logging_mixin.py:109} INFO - [2022-01-28 21:59:03,934] {dagbag.py:500} INFO - Filling up the DagBag from /home/data-eginner/Documents/Soccer_Data/env/lib/python3.8/site-packages/airflow/example_dags/example_latest_only.py
[2022-01-28 21:59:03,974] {processor.py:654} INFO - DAG(s) dict_keys(['latest_only']) retrieved from /home/data-eginner/Documents/Soccer_Data/env/lib/python3.8/site-packages/airflow/example_dags/example_latest_only.py
[2022-01-28 21:59:03,983] {logging_mixin.py:109} INFO - [2022-01-28 21:59:03,983] {dag.py:2396} INFO - Sync 1 DAGs
[2022-01-28 21:59:03,996] {logging_mixin.py:109} INFO - [2022-01-28 21:59:03,996] {dag.py:2935} INFO - Setting next_dagrun for latest_only to 2022-01-28T20:59:03.995858+00:00
[2022-01-28 21:59:04,012] {processor.py:171} INFO - Processing /home/data-eginner/Documents/Soccer_Data/env/lib/python3.8/site-packages/airflow/example_dags/example_latest_only.py took 0.089 seconds
[2022-01-28 21:59:54,916] {processor.py:163} INFO - Started process (PID=25898) to work on /home/data-eginner/Documents/Soccer_Data/env/lib/python3.8/site-packages/airflow/example_dags/example_latest_only.py
[2022-01-28 21:59:54,941] {processor.py:642} INFO - Processing file /home/data-eginner/Documents/Soccer_Data/env/lib/python3.8/site-packages/airflow/example_dags/example_latest_only.py for tasks to queue
[2022-01-28 21:59:54,941] {logging_mixin.py:109} INFO - [2022-01-28 21:59:54,941] {dagbag.py:500} INFO - Filling up the DagBag from /home/data-eginner/Documents/Soccer_Data/env/lib/python3.8/site-packages/airflow/example_dags/example_latest_only.py
[2022-01-28 21:59:54,968] {processor.py:654} INFO - DAG(s) dict_keys(['latest_only']) retrieved from /home/data-eginner/Documents/Soccer_Data/env/lib/python3.8/site-packages/airflow/example_dags/example_latest_only.py
[2022-01-28 21:59:54,979] {logging_mixin.py:109} INFO - [2022-01-28 21:59:54,979] {dag.py:2396} INFO - Sync 1 DAGs
[2022-01-28 21:59:54,994] {logging_mixin.py:109} INFO - [2022-01-28 21:59:54,993] {dag.py:2935} INFO - Setting next_dagrun for latest_only to 2022-01-28T20:59:54.991909+00:00
[2022-01-28 21:59:55,012] {processor.py:171} INFO - Processing /home/data-eginner/Documents/Soccer_Data/env/lib/python3.8/site-packages/airflow/example_dags/example_latest_only.py took 0.098 seconds
[2022-01-28 22:00:37,706] {processor.py:163} INFO - Started process (PID=26071) to work on /home/data-eginner/Documents/Soccer_Data/env/lib/python3.8/site-packages/airflow/example_dags/example_latest_only.py
[2022-01-28 22:00:37,718] {processor.py:642} INFO - Processing file /home/data-eginner/Documents/Soccer_Data/env/lib/python3.8/site-packages/airflow/example_dags/example_latest_only.py for tasks to queue
[2022-01-28 22:00:37,719] {logging_mixin.py:109} INFO - [2022-01-28 22:00:37,719] {dagbag.py:500} INFO - Filling up the DagBag from /home/data-eginner/Documents/Soccer_Data/env/lib/python3.8/site-packages/airflow/example_dags/example_latest_only.py
[2022-01-28 22:00:37,740] {processor.py:654} INFO - DAG(s) dict_keys(['latest_only']) retrieved from /home/data-eginner/Documents/Soccer_Data/env/lib/python3.8/site-packages/airflow/example_dags/example_latest_only.py
[2022-01-28 22:00:37,750] {logging_mixin.py:109} INFO - [2022-01-28 22:00:37,750] {dag.py:2396} INFO - Sync 1 DAGs
[2022-01-28 22:00:37,763] {logging_mixin.py:109} INFO - [2022-01-28 22:00:37,763] {dag.py:2935} INFO - Setting next_dagrun for latest_only to 2022-01-28T21:00:37.763523+00:00
[2022-01-28 22:00:37,785] {processor.py:171} INFO - Processing /home/data-eginner/Documents/Soccer_Data/env/lib/python3.8/site-packages/airflow/example_dags/example_latest_only.py took 0.081 seconds
[2022-01-28 22:01:24,180] {processor.py:163} INFO - Started process (PID=26255) to work on /home/data-eginner/Documents/Soccer_Data/env/lib/python3.8/site-packages/airflow/example_dags/example_latest_only.py
[2022-01-28 22:01:24,182] {processor.py:642} INFO - Processing file /home/data-eginner/Documents/Soccer_Data/env/lib/python3.8/site-packages/airflow/example_dags/example_latest_only.py for tasks to queue
[2022-01-28 22:01:24,183] {logging_mixin.py:109} INFO - [2022-01-28 22:01:24,183] {dagbag.py:500} INFO - Filling up the DagBag from /home/data-eginner/Documents/Soccer_Data/env/lib/python3.8/site-packages/airflow/example_dags/example_latest_only.py
[2022-01-28 22:01:24,206] {processor.py:654} INFO - DAG(s) dict_keys(['latest_only']) retrieved from /home/data-eginner/Documents/Soccer_Data/env/lib/python3.8/site-packages/airflow/example_dags/example_latest_only.py
[2022-01-28 22:01:24,221] {logging_mixin.py:109} INFO - [2022-01-28 22:01:24,221] {dag.py:2396} INFO - Sync 1 DAGs
[2022-01-28 22:01:24,243] {logging_mixin.py:109} INFO - [2022-01-28 22:01:24,243] {dag.py:2935} INFO - Setting next_dagrun for latest_only to 2022-01-28T21:01:24.243222+00:00
[2022-01-28 22:01:24,284] {processor.py:171} INFO - Processing /home/data-eginner/Documents/Soccer_Data/env/lib/python3.8/site-packages/airflow/example_dags/example_latest_only.py took 0.111 seconds
[2022-01-28 22:04:36,582] {processor.py:163} INFO - Started process (PID=26636) to work on /home/data-eginner/Documents/Soccer_Data/env/lib/python3.8/site-packages/airflow/example_dags/example_latest_only.py
[2022-01-28 22:04:36,584] {processor.py:642} INFO - Processing file /home/data-eginner/Documents/Soccer_Data/env/lib/python3.8/site-packages/airflow/example_dags/example_latest_only.py for tasks to queue
[2022-01-28 22:04:36,584] {logging_mixin.py:109} INFO - [2022-01-28 22:04:36,584] {dagbag.py:500} INFO - Filling up the DagBag from /home/data-eginner/Documents/Soccer_Data/env/lib/python3.8/site-packages/airflow/example_dags/example_latest_only.py
[2022-01-28 22:04:36,602] {processor.py:654} INFO - DAG(s) dict_keys(['latest_only']) retrieved from /home/data-eginner/Documents/Soccer_Data/env/lib/python3.8/site-packages/airflow/example_dags/example_latest_only.py
[2022-01-28 22:04:36,612] {logging_mixin.py:109} INFO - [2022-01-28 22:04:36,612] {dag.py:2396} INFO - Sync 1 DAGs
[2022-01-28 22:04:36,625] {logging_mixin.py:109} INFO - [2022-01-28 22:04:36,625] {dag.py:2935} INFO - Setting next_dagrun for latest_only to 2022-01-28T21:04:36.625609+00:00
[2022-01-28 22:04:36,643] {processor.py:171} INFO - Processing /home/data-eginner/Documents/Soccer_Data/env/lib/python3.8/site-packages/airflow/example_dags/example_latest_only.py took 0.063 seconds
[2022-01-28 22:05:27,221] {processor.py:163} INFO - Started process (PID=26834) to work on /home/data-eginner/Documents/Soccer_Data/env/lib/python3.8/site-packages/airflow/example_dags/example_latest_only.py
[2022-01-28 22:05:27,283] {processor.py:642} INFO - Processing file /home/data-eginner/Documents/Soccer_Data/env/lib/python3.8/site-packages/airflow/example_dags/example_latest_only.py for tasks to queue
[2022-01-28 22:05:27,283] {logging_mixin.py:109} INFO - [2022-01-28 22:05:27,283] {dagbag.py:500} INFO - Filling up the DagBag from /home/data-eginner/Documents/Soccer_Data/env/lib/python3.8/site-packages/airflow/example_dags/example_latest_only.py
[2022-01-28 22:05:27,341] {processor.py:654} INFO - DAG(s) dict_keys(['latest_only']) retrieved from /home/data-eginner/Documents/Soccer_Data/env/lib/python3.8/site-packages/airflow/example_dags/example_latest_only.py
[2022-01-28 22:05:27,369] {logging_mixin.py:109} INFO - [2022-01-28 22:05:27,369] {dag.py:2396} INFO - Sync 1 DAGs
[2022-01-28 22:05:27,413] {logging_mixin.py:109} INFO - [2022-01-28 22:05:27,413] {dag.py:2935} INFO - Setting next_dagrun for latest_only to 2022-01-28T21:05:27.412958+00:00
[2022-01-28 22:05:27,466] {processor.py:171} INFO - Processing /home/data-eginner/Documents/Soccer_Data/env/lib/python3.8/site-packages/airflow/example_dags/example_latest_only.py took 0.269 seconds
[2022-01-28 22:06:19,453] {processor.py:163} INFO - Started process (PID=27041) to work on /home/data-eginner/Documents/Soccer_Data/env/lib/python3.8/site-packages/airflow/example_dags/example_latest_only.py
[2022-01-28 22:06:19,456] {processor.py:642} INFO - Processing file /home/data-eginner/Documents/Soccer_Data/env/lib/python3.8/site-packages/airflow/example_dags/example_latest_only.py for tasks to queue
[2022-01-28 22:06:19,457] {logging_mixin.py:109} INFO - [2022-01-28 22:06:19,457] {dagbag.py:500} INFO - Filling up the DagBag from /home/data-eginner/Documents/Soccer_Data/env/lib/python3.8/site-packages/airflow/example_dags/example_latest_only.py
[2022-01-28 22:06:19,480] {processor.py:654} INFO - DAG(s) dict_keys(['latest_only']) retrieved from /home/data-eginner/Documents/Soccer_Data/env/lib/python3.8/site-packages/airflow/example_dags/example_latest_only.py
[2022-01-28 22:06:19,488] {logging_mixin.py:109} INFO - [2022-01-28 22:06:19,487] {dag.py:2396} INFO - Sync 1 DAGs
[2022-01-28 22:06:19,498] {logging_mixin.py:109} INFO - [2022-01-28 22:06:19,498] {dag.py:2935} INFO - Setting next_dagrun for latest_only to 2022-01-28T21:06:19.498092+00:00
[2022-01-28 22:06:19,516] {processor.py:171} INFO - Processing /home/data-eginner/Documents/Soccer_Data/env/lib/python3.8/site-packages/airflow/example_dags/example_latest_only.py took 0.066 seconds
[2022-01-28 22:07:00,478] {processor.py:163} INFO - Started process (PID=27215) to work on /home/data-eginner/Documents/Soccer_Data/env/lib/python3.8/site-packages/airflow/example_dags/example_latest_only.py
[2022-01-28 22:07:00,486] {processor.py:642} INFO - Processing file /home/data-eginner/Documents/Soccer_Data/env/lib/python3.8/site-packages/airflow/example_dags/example_latest_only.py for tasks to queue
[2022-01-28 22:07:00,487] {logging_mixin.py:109} INFO - [2022-01-28 22:07:00,486] {dagbag.py:500} INFO - Filling up the DagBag from /home/data-eginner/Documents/Soccer_Data/env/lib/python3.8/site-packages/airflow/example_dags/example_latest_only.py
[2022-01-28 22:07:00,565] {processor.py:654} INFO - DAG(s) dict_keys(['latest_only']) retrieved from /home/data-eginner/Documents/Soccer_Data/env/lib/python3.8/site-packages/airflow/example_dags/example_latest_only.py
[2022-01-28 22:07:00,596] {logging_mixin.py:109} INFO - [2022-01-28 22:07:00,596] {dag.py:2396} INFO - Sync 1 DAGs
[2022-01-28 22:07:00,609] {logging_mixin.py:109} INFO - [2022-01-28 22:07:00,609] {dag.py:2935} INFO - Setting next_dagrun for latest_only to 2022-01-28T21:07:00.608758+00:00
[2022-01-28 22:07:00,645] {processor.py:171} INFO - Processing /home/data-eginner/Documents/Soccer_Data/env/lib/python3.8/site-packages/airflow/example_dags/example_latest_only.py took 0.193 seconds
[2022-01-28 22:07:50,644] {processor.py:163} INFO - Started process (PID=27403) to work on /home/data-eginner/Documents/Soccer_Data/env/lib/python3.8/site-packages/airflow/example_dags/example_latest_only.py
[2022-01-28 22:07:50,659] {processor.py:642} INFO - Processing file /home/data-eginner/Documents/Soccer_Data/env/lib/python3.8/site-packages/airflow/example_dags/example_latest_only.py for tasks to queue
[2022-01-28 22:07:50,659] {logging_mixin.py:109} INFO - [2022-01-28 22:07:50,659] {dagbag.py:500} INFO - Filling up the DagBag from /home/data-eginner/Documents/Soccer_Data/env/lib/python3.8/site-packages/airflow/example_dags/example_latest_only.py
[2022-01-28 22:07:50,685] {processor.py:654} INFO - DAG(s) dict_keys(['latest_only']) retrieved from /home/data-eginner/Documents/Soccer_Data/env/lib/python3.8/site-packages/airflow/example_dags/example_latest_only.py
[2022-01-28 22:07:50,705] {logging_mixin.py:109} INFO - [2022-01-28 22:07:50,700] {dag.py:2396} INFO - Sync 1 DAGs
[2022-01-28 22:07:50,738] {logging_mixin.py:109} INFO - [2022-01-28 22:07:50,737] {dag.py:2935} INFO - Setting next_dagrun for latest_only to 2022-01-28T21:07:50.737613+00:00
[2022-01-28 22:07:50,763] {processor.py:171} INFO - Processing /home/data-eginner/Documents/Soccer_Data/env/lib/python3.8/site-packages/airflow/example_dags/example_latest_only.py took 0.123 seconds
[2022-01-28 22:08:53,353] {processor.py:163} INFO - Started process (PID=27668) to work on /home/data-eginner/Documents/Soccer_Data/env/lib/python3.8/site-packages/airflow/example_dags/example_latest_only.py
[2022-01-28 22:08:53,402] {processor.py:642} INFO - Processing file /home/data-eginner/Documents/Soccer_Data/env/lib/python3.8/site-packages/airflow/example_dags/example_latest_only.py for tasks to queue
[2022-01-28 22:08:53,403] {logging_mixin.py:109} INFO - [2022-01-28 22:08:53,403] {dagbag.py:500} INFO - Filling up the DagBag from /home/data-eginner/Documents/Soccer_Data/env/lib/python3.8/site-packages/airflow/example_dags/example_latest_only.py
[2022-01-28 22:08:53,422] {processor.py:654} INFO - DAG(s) dict_keys(['latest_only']) retrieved from /home/data-eginner/Documents/Soccer_Data/env/lib/python3.8/site-packages/airflow/example_dags/example_latest_only.py
[2022-01-28 22:08:53,434] {logging_mixin.py:109} INFO - [2022-01-28 22:08:53,434] {dag.py:2396} INFO - Sync 1 DAGs
[2022-01-28 22:08:53,445] {logging_mixin.py:109} INFO - [2022-01-28 22:08:53,445] {dag.py:2935} INFO - Setting next_dagrun for latest_only to 2022-01-28T21:08:53.445365+00:00
[2022-01-28 22:08:53,480] {processor.py:171} INFO - Processing /home/data-eginner/Documents/Soccer_Data/env/lib/python3.8/site-packages/airflow/example_dags/example_latest_only.py took 0.131 seconds
[2022-01-28 22:09:39,226] {processor.py:163} INFO - Started process (PID=27846) to work on /home/data-eginner/Documents/Soccer_Data/env/lib/python3.8/site-packages/airflow/example_dags/example_latest_only.py
[2022-01-28 22:09:39,228] {processor.py:642} INFO - Processing file /home/data-eginner/Documents/Soccer_Data/env/lib/python3.8/site-packages/airflow/example_dags/example_latest_only.py for tasks to queue
[2022-01-28 22:09:39,228] {logging_mixin.py:109} INFO - [2022-01-28 22:09:39,228] {dagbag.py:500} INFO - Filling up the DagBag from /home/data-eginner/Documents/Soccer_Data/env/lib/python3.8/site-packages/airflow/example_dags/example_latest_only.py
[2022-01-28 22:09:39,284] {processor.py:654} INFO - DAG(s) dict_keys(['latest_only']) retrieved from /home/data-eginner/Documents/Soccer_Data/env/lib/python3.8/site-packages/airflow/example_dags/example_latest_only.py
[2022-01-28 22:09:39,315] {logging_mixin.py:109} INFO - [2022-01-28 22:09:39,315] {dag.py:2396} INFO - Sync 1 DAGs
[2022-01-28 22:09:39,331] {logging_mixin.py:109} INFO - [2022-01-28 22:09:39,331] {dag.py:2935} INFO - Setting next_dagrun for latest_only to 2022-01-28T21:09:39.331328+00:00
[2022-01-28 22:09:39,356] {processor.py:171} INFO - Processing /home/data-eginner/Documents/Soccer_Data/env/lib/python3.8/site-packages/airflow/example_dags/example_latest_only.py took 0.158 seconds
[2022-01-28 22:10:24,018] {processor.py:163} INFO - Started process (PID=28029) to work on /home/data-eginner/Documents/Soccer_Data/env/lib/python3.8/site-packages/airflow/example_dags/example_latest_only.py
[2022-01-28 22:10:24,020] {processor.py:642} INFO - Processing file /home/data-eginner/Documents/Soccer_Data/env/lib/python3.8/site-packages/airflow/example_dags/example_latest_only.py for tasks to queue
[2022-01-28 22:10:24,020] {logging_mixin.py:109} INFO - [2022-01-28 22:10:24,020] {dagbag.py:500} INFO - Filling up the DagBag from /home/data-eginner/Documents/Soccer_Data/env/lib/python3.8/site-packages/airflow/example_dags/example_latest_only.py
[2022-01-28 22:10:24,052] {processor.py:654} INFO - DAG(s) dict_keys(['latest_only']) retrieved from /home/data-eginner/Documents/Soccer_Data/env/lib/python3.8/site-packages/airflow/example_dags/example_latest_only.py
[2022-01-28 22:10:24,066] {logging_mixin.py:109} INFO - [2022-01-28 22:10:24,066] {dag.py:2396} INFO - Sync 1 DAGs
[2022-01-28 22:10:24,078] {logging_mixin.py:109} INFO - [2022-01-28 22:10:24,078] {dag.py:2935} INFO - Setting next_dagrun for latest_only to 2022-01-28T21:10:24.078200+00:00
[2022-01-28 22:10:24,106] {processor.py:171} INFO - Processing /home/data-eginner/Documents/Soccer_Data/env/lib/python3.8/site-packages/airflow/example_dags/example_latest_only.py took 0.091 seconds
[2022-01-28 22:11:11,696] {processor.py:163} INFO - Started process (PID=28240) to work on /home/data-eginner/Documents/Soccer_Data/env/lib/python3.8/site-packages/airflow/example_dags/example_latest_only.py
[2022-01-28 22:11:11,700] {processor.py:642} INFO - Processing file /home/data-eginner/Documents/Soccer_Data/env/lib/python3.8/site-packages/airflow/example_dags/example_latest_only.py for tasks to queue
[2022-01-28 22:11:11,701] {logging_mixin.py:109} INFO - [2022-01-28 22:11:11,701] {dagbag.py:500} INFO - Filling up the DagBag from /home/data-eginner/Documents/Soccer_Data/env/lib/python3.8/site-packages/airflow/example_dags/example_latest_only.py
[2022-01-28 22:11:11,724] {processor.py:654} INFO - DAG(s) dict_keys(['latest_only']) retrieved from /home/data-eginner/Documents/Soccer_Data/env/lib/python3.8/site-packages/airflow/example_dags/example_latest_only.py
[2022-01-28 22:11:11,731] {logging_mixin.py:109} INFO - [2022-01-28 22:11:11,731] {dag.py:2396} INFO - Sync 1 DAGs
[2022-01-28 22:11:11,741] {logging_mixin.py:109} INFO - [2022-01-28 22:11:11,741] {dag.py:2935} INFO - Setting next_dagrun for latest_only to 2022-01-28T21:11:11.741520+00:00
[2022-01-28 22:11:11,791] {processor.py:171} INFO - Processing /home/data-eginner/Documents/Soccer_Data/env/lib/python3.8/site-packages/airflow/example_dags/example_latest_only.py took 0.103 seconds
[2022-01-28 22:11:55,070] {processor.py:163} INFO - Started process (PID=28426) to work on /home/data-eginner/Documents/Soccer_Data/env/lib/python3.8/site-packages/airflow/example_dags/example_latest_only.py
[2022-01-28 22:11:55,072] {processor.py:642} INFO - Processing file /home/data-eginner/Documents/Soccer_Data/env/lib/python3.8/site-packages/airflow/example_dags/example_latest_only.py for tasks to queue
[2022-01-28 22:11:55,072] {logging_mixin.py:109} INFO - [2022-01-28 22:11:55,072] {dagbag.py:500} INFO - Filling up the DagBag from /home/data-eginner/Documents/Soccer_Data/env/lib/python3.8/site-packages/airflow/example_dags/example_latest_only.py
[2022-01-28 22:11:55,093] {processor.py:654} INFO - DAG(s) dict_keys(['latest_only']) retrieved from /home/data-eginner/Documents/Soccer_Data/env/lib/python3.8/site-packages/airflow/example_dags/example_latest_only.py
[2022-01-28 22:11:55,101] {logging_mixin.py:109} INFO - [2022-01-28 22:11:55,101] {dag.py:2396} INFO - Sync 1 DAGs
[2022-01-28 22:11:55,113] {logging_mixin.py:109} INFO - [2022-01-28 22:11:55,113] {dag.py:2935} INFO - Setting next_dagrun for latest_only to 2022-01-28T21:11:55.113484+00:00
[2022-01-28 22:11:55,132] {processor.py:171} INFO - Processing /home/data-eginner/Documents/Soccer_Data/env/lib/python3.8/site-packages/airflow/example_dags/example_latest_only.py took 0.084 seconds
[2022-01-28 22:12:45,742] {processor.py:163} INFO - Started process (PID=28628) to work on /home/data-eginner/Documents/Soccer_Data/env/lib/python3.8/site-packages/airflow/example_dags/example_latest_only.py
[2022-01-28 22:12:45,758] {processor.py:642} INFO - Processing file /home/data-eginner/Documents/Soccer_Data/env/lib/python3.8/site-packages/airflow/example_dags/example_latest_only.py for tasks to queue
[2022-01-28 22:12:45,758] {logging_mixin.py:109} INFO - [2022-01-28 22:12:45,758] {dagbag.py:500} INFO - Filling up the DagBag from /home/data-eginner/Documents/Soccer_Data/env/lib/python3.8/site-packages/airflow/example_dags/example_latest_only.py
[2022-01-28 22:12:45,799] {processor.py:654} INFO - DAG(s) dict_keys(['latest_only']) retrieved from /home/data-eginner/Documents/Soccer_Data/env/lib/python3.8/site-packages/airflow/example_dags/example_latest_only.py
[2022-01-28 22:12:45,833] {logging_mixin.py:109} INFO - [2022-01-28 22:12:45,833] {dag.py:2396} INFO - Sync 1 DAGs
[2022-01-28 22:12:45,864] {logging_mixin.py:109} INFO - [2022-01-28 22:12:45,864] {dag.py:2935} INFO - Setting next_dagrun for latest_only to 2022-01-28T21:12:45.864635+00:00
[2022-01-28 22:12:45,891] {processor.py:171} INFO - Processing /home/data-eginner/Documents/Soccer_Data/env/lib/python3.8/site-packages/airflow/example_dags/example_latest_only.py took 0.155 seconds
[2022-01-28 22:13:40,514] {processor.py:163} INFO - Started process (PID=28845) to work on /home/data-eginner/Documents/Soccer_Data/env/lib/python3.8/site-packages/airflow/example_dags/example_latest_only.py
[2022-01-28 22:13:40,539] {processor.py:642} INFO - Processing file /home/data-eginner/Documents/Soccer_Data/env/lib/python3.8/site-packages/airflow/example_dags/example_latest_only.py for tasks to queue
[2022-01-28 22:13:40,540] {logging_mixin.py:109} INFO - [2022-01-28 22:13:40,539] {dagbag.py:500} INFO - Filling up the DagBag from /home/data-eginner/Documents/Soccer_Data/env/lib/python3.8/site-packages/airflow/example_dags/example_latest_only.py
[2022-01-28 22:13:40,616] {processor.py:654} INFO - DAG(s) dict_keys(['latest_only']) retrieved from /home/data-eginner/Documents/Soccer_Data/env/lib/python3.8/site-packages/airflow/example_dags/example_latest_only.py
[2022-01-28 22:13:40,658] {logging_mixin.py:109} INFO - [2022-01-28 22:13:40,658] {dag.py:2396} INFO - Sync 1 DAGs
[2022-01-28 22:13:40,707] {logging_mixin.py:109} INFO - [2022-01-28 22:13:40,706] {dag.py:2935} INFO - Setting next_dagrun for latest_only to 2022-01-28T21:13:40.706639+00:00
[2022-01-28 22:13:40,758] {processor.py:171} INFO - Processing /home/data-eginner/Documents/Soccer_Data/env/lib/python3.8/site-packages/airflow/example_dags/example_latest_only.py took 0.256 seconds
[2022-01-28 22:14:34,527] {processor.py:163} INFO - Started process (PID=29049) to work on /home/data-eginner/Documents/Soccer_Data/env/lib/python3.8/site-packages/airflow/example_dags/example_latest_only.py
[2022-01-28 22:14:34,546] {processor.py:642} INFO - Processing file /home/data-eginner/Documents/Soccer_Data/env/lib/python3.8/site-packages/airflow/example_dags/example_latest_only.py for tasks to queue
[2022-01-28 22:14:34,546] {logging_mixin.py:109} INFO - [2022-01-28 22:14:34,546] {dagbag.py:500} INFO - Filling up the DagBag from /home/data-eginner/Documents/Soccer_Data/env/lib/python3.8/site-packages/airflow/example_dags/example_latest_only.py
[2022-01-28 22:14:34,611] {processor.py:654} INFO - DAG(s) dict_keys(['latest_only']) retrieved from /home/data-eginner/Documents/Soccer_Data/env/lib/python3.8/site-packages/airflow/example_dags/example_latest_only.py
[2022-01-28 22:14:34,635] {logging_mixin.py:109} INFO - [2022-01-28 22:14:34,635] {dag.py:2396} INFO - Sync 1 DAGs
[2022-01-28 22:14:34,675] {logging_mixin.py:109} INFO - [2022-01-28 22:14:34,675] {dag.py:2935} INFO - Setting next_dagrun for latest_only to 2022-01-28T21:14:34.675224+00:00
[2022-01-28 22:14:34,705] {processor.py:171} INFO - Processing /home/data-eginner/Documents/Soccer_Data/env/lib/python3.8/site-packages/airflow/example_dags/example_latest_only.py took 0.199 seconds
[2022-01-28 22:15:28,849] {processor.py:163} INFO - Started process (PID=29260) to work on /home/data-eginner/Documents/Soccer_Data/env/lib/python3.8/site-packages/airflow/example_dags/example_latest_only.py
[2022-01-28 22:15:28,863] {processor.py:642} INFO - Processing file /home/data-eginner/Documents/Soccer_Data/env/lib/python3.8/site-packages/airflow/example_dags/example_latest_only.py for tasks to queue
[2022-01-28 22:15:28,865] {logging_mixin.py:109} INFO - [2022-01-28 22:15:28,864] {dagbag.py:500} INFO - Filling up the DagBag from /home/data-eginner/Documents/Soccer_Data/env/lib/python3.8/site-packages/airflow/example_dags/example_latest_only.py
[2022-01-28 22:15:28,986] {processor.py:654} INFO - DAG(s) dict_keys(['latest_only']) retrieved from /home/data-eginner/Documents/Soccer_Data/env/lib/python3.8/site-packages/airflow/example_dags/example_latest_only.py
[2022-01-28 22:15:29,021] {logging_mixin.py:109} INFO - [2022-01-28 22:15:29,021] {dag.py:2396} INFO - Sync 1 DAGs
[2022-01-28 22:15:29,086] {logging_mixin.py:109} INFO - [2022-01-28 22:15:29,086] {dag.py:2935} INFO - Setting next_dagrun for latest_only to 2022-01-28T21:15:29.085787+00:00
[2022-01-28 22:15:29,185] {processor.py:171} INFO - Processing /home/data-eginner/Documents/Soccer_Data/env/lib/python3.8/site-packages/airflow/example_dags/example_latest_only.py took 0.400 seconds
[2022-01-28 22:16:33,670] {processor.py:163} INFO - Started process (PID=29485) to work on /home/data-eginner/Documents/Soccer_Data/env/lib/python3.8/site-packages/airflow/example_dags/example_latest_only.py
[2022-01-28 22:16:33,678] {processor.py:642} INFO - Processing file /home/data-eginner/Documents/Soccer_Data/env/lib/python3.8/site-packages/airflow/example_dags/example_latest_only.py for tasks to queue
[2022-01-28 22:16:33,678] {logging_mixin.py:109} INFO - [2022-01-28 22:16:33,678] {dagbag.py:500} INFO - Filling up the DagBag from /home/data-eginner/Documents/Soccer_Data/env/lib/python3.8/site-packages/airflow/example_dags/example_latest_only.py
[2022-01-28 22:16:33,717] {processor.py:654} INFO - DAG(s) dict_keys(['latest_only']) retrieved from /home/data-eginner/Documents/Soccer_Data/env/lib/python3.8/site-packages/airflow/example_dags/example_latest_only.py
[2022-01-28 22:16:33,779] {logging_mixin.py:109} INFO - [2022-01-28 22:16:33,779] {dag.py:2396} INFO - Sync 1 DAGs
[2022-01-28 22:16:33,801] {logging_mixin.py:109} INFO - [2022-01-28 22:16:33,801] {dag.py:2935} INFO - Setting next_dagrun for latest_only to 2022-01-28T21:16:33.800948+00:00
[2022-01-28 22:16:33,831] {processor.py:171} INFO - Processing /home/data-eginner/Documents/Soccer_Data/env/lib/python3.8/site-packages/airflow/example_dags/example_latest_only.py took 0.164 seconds
[2022-01-28 22:17:36,754] {processor.py:163} INFO - Started process (PID=29728) to work on /home/data-eginner/Documents/Soccer_Data/env/lib/python3.8/site-packages/airflow/example_dags/example_latest_only.py
[2022-01-28 22:17:36,758] {processor.py:642} INFO - Processing file /home/data-eginner/Documents/Soccer_Data/env/lib/python3.8/site-packages/airflow/example_dags/example_latest_only.py for tasks to queue
[2022-01-28 22:17:36,758] {logging_mixin.py:109} INFO - [2022-01-28 22:17:36,758] {dagbag.py:500} INFO - Filling up the DagBag from /home/data-eginner/Documents/Soccer_Data/env/lib/python3.8/site-packages/airflow/example_dags/example_latest_only.py
[2022-01-28 22:17:36,833] {processor.py:654} INFO - DAG(s) dict_keys(['latest_only']) retrieved from /home/data-eginner/Documents/Soccer_Data/env/lib/python3.8/site-packages/airflow/example_dags/example_latest_only.py
[2022-01-28 22:17:36,868] {logging_mixin.py:109} INFO - [2022-01-28 22:17:36,868] {dag.py:2396} INFO - Sync 1 DAGs
[2022-01-28 22:17:36,898] {logging_mixin.py:109} INFO - [2022-01-28 22:17:36,897] {dag.py:2935} INFO - Setting next_dagrun for latest_only to 2022-01-28T21:17:36.897667+00:00
[2022-01-28 22:17:36,948] {processor.py:171} INFO - Processing /home/data-eginner/Documents/Soccer_Data/env/lib/python3.8/site-packages/airflow/example_dags/example_latest_only.py took 0.209 seconds
[2022-01-28 22:18:19,872] {processor.py:163} INFO - Started process (PID=29903) to work on /home/data-eginner/Documents/Soccer_Data/env/lib/python3.8/site-packages/airflow/example_dags/example_latest_only.py
[2022-01-28 22:18:19,886] {processor.py:642} INFO - Processing file /home/data-eginner/Documents/Soccer_Data/env/lib/python3.8/site-packages/airflow/example_dags/example_latest_only.py for tasks to queue
[2022-01-28 22:18:19,887] {logging_mixin.py:109} INFO - [2022-01-28 22:18:19,887] {dagbag.py:500} INFO - Filling up the DagBag from /home/data-eginner/Documents/Soccer_Data/env/lib/python3.8/site-packages/airflow/example_dags/example_latest_only.py
[2022-01-28 22:18:19,908] {processor.py:654} INFO - DAG(s) dict_keys(['latest_only']) retrieved from /home/data-eginner/Documents/Soccer_Data/env/lib/python3.8/site-packages/airflow/example_dags/example_latest_only.py
[2022-01-28 22:18:19,916] {logging_mixin.py:109} INFO - [2022-01-28 22:18:19,916] {dag.py:2396} INFO - Sync 1 DAGs
[2022-01-28 22:18:19,932] {logging_mixin.py:109} INFO - [2022-01-28 22:18:19,928] {dag.py:2935} INFO - Setting next_dagrun for latest_only to 2022-01-28T21:18:19.927993+00:00
[2022-01-28 22:18:19,974] {processor.py:171} INFO - Processing /home/data-eginner/Documents/Soccer_Data/env/lib/python3.8/site-packages/airflow/example_dags/example_latest_only.py took 0.105 seconds
[2022-01-28 22:19:01,991] {processor.py:163} INFO - Started process (PID=30071) to work on /home/data-eginner/Documents/Soccer_Data/env/lib/python3.8/site-packages/airflow/example_dags/example_latest_only.py
[2022-01-28 22:19:01,999] {processor.py:642} INFO - Processing file /home/data-eginner/Documents/Soccer_Data/env/lib/python3.8/site-packages/airflow/example_dags/example_latest_only.py for tasks to queue
[2022-01-28 22:19:02,000] {logging_mixin.py:109} INFO - [2022-01-28 22:19:02,000] {dagbag.py:500} INFO - Filling up the DagBag from /home/data-eginner/Documents/Soccer_Data/env/lib/python3.8/site-packages/airflow/example_dags/example_latest_only.py
[2022-01-28 22:19:02,090] {processor.py:654} INFO - DAG(s) dict_keys(['latest_only']) retrieved from /home/data-eginner/Documents/Soccer_Data/env/lib/python3.8/site-packages/airflow/example_dags/example_latest_only.py
[2022-01-28 22:19:02,119] {logging_mixin.py:109} INFO - [2022-01-28 22:19:02,119] {dag.py:2396} INFO - Sync 1 DAGs
[2022-01-28 22:19:02,155] {logging_mixin.py:109} INFO - [2022-01-28 22:19:02,155] {dag.py:2935} INFO - Setting next_dagrun for latest_only to 2022-01-28T21:19:02.155077+00:00
[2022-01-28 22:19:02,207] {processor.py:171} INFO - Processing /home/data-eginner/Documents/Soccer_Data/env/lib/python3.8/site-packages/airflow/example_dags/example_latest_only.py took 0.228 seconds
[2022-01-28 22:20:04,554] {processor.py:163} INFO - Started process (PID=30313) to work on /home/data-eginner/Documents/Soccer_Data/env/lib/python3.8/site-packages/airflow/example_dags/example_latest_only.py
[2022-01-28 22:20:04,568] {processor.py:642} INFO - Processing file /home/data-eginner/Documents/Soccer_Data/env/lib/python3.8/site-packages/airflow/example_dags/example_latest_only.py for tasks to queue
[2022-01-28 22:20:04,568] {logging_mixin.py:109} INFO - [2022-01-28 22:20:04,568] {dagbag.py:500} INFO - Filling up the DagBag from /home/data-eginner/Documents/Soccer_Data/env/lib/python3.8/site-packages/airflow/example_dags/example_latest_only.py
[2022-01-28 22:20:04,595] {processor.py:654} INFO - DAG(s) dict_keys(['latest_only']) retrieved from /home/data-eginner/Documents/Soccer_Data/env/lib/python3.8/site-packages/airflow/example_dags/example_latest_only.py
[2022-01-28 22:20:04,626] {logging_mixin.py:109} INFO - [2022-01-28 22:20:04,626] {dag.py:2396} INFO - Sync 1 DAGs
[2022-01-28 22:20:04,661] {logging_mixin.py:109} INFO - [2022-01-28 22:20:04,661] {dag.py:2935} INFO - Setting next_dagrun for latest_only to 2022-01-28T21:20:04.660793+00:00
[2022-01-28 22:20:04,699] {processor.py:171} INFO - Processing /home/data-eginner/Documents/Soccer_Data/env/lib/python3.8/site-packages/airflow/example_dags/example_latest_only.py took 0.148 seconds
[2022-01-28 22:20:47,534] {processor.py:163} INFO - Started process (PID=30496) to work on /home/data-eginner/Documents/Soccer_Data/env/lib/python3.8/site-packages/airflow/example_dags/example_latest_only.py
[2022-01-28 22:20:47,541] {processor.py:642} INFO - Processing file /home/data-eginner/Documents/Soccer_Data/env/lib/python3.8/site-packages/airflow/example_dags/example_latest_only.py for tasks to queue
[2022-01-28 22:20:47,542] {logging_mixin.py:109} INFO - [2022-01-28 22:20:47,542] {dagbag.py:500} INFO - Filling up the DagBag from /home/data-eginner/Documents/Soccer_Data/env/lib/python3.8/site-packages/airflow/example_dags/example_latest_only.py
[2022-01-28 22:20:47,568] {processor.py:654} INFO - DAG(s) dict_keys(['latest_only']) retrieved from /home/data-eginner/Documents/Soccer_Data/env/lib/python3.8/site-packages/airflow/example_dags/example_latest_only.py
[2022-01-28 22:20:47,577] {logging_mixin.py:109} INFO - [2022-01-28 22:20:47,577] {dag.py:2396} INFO - Sync 1 DAGs
[2022-01-28 22:20:47,589] {logging_mixin.py:109} INFO - [2022-01-28 22:20:47,589] {dag.py:2935} INFO - Setting next_dagrun for latest_only to 2022-01-28T21:20:47.589406+00:00
[2022-01-28 22:20:47,606] {processor.py:171} INFO - Processing /home/data-eginner/Documents/Soccer_Data/env/lib/python3.8/site-packages/airflow/example_dags/example_latest_only.py took 0.075 seconds
[2022-01-28 22:21:29,380] {processor.py:163} INFO - Started process (PID=30673) to work on /home/data-eginner/Documents/Soccer_Data/env/lib/python3.8/site-packages/airflow/example_dags/example_latest_only.py
[2022-01-28 22:21:29,395] {processor.py:642} INFO - Processing file /home/data-eginner/Documents/Soccer_Data/env/lib/python3.8/site-packages/airflow/example_dags/example_latest_only.py for tasks to queue
[2022-01-28 22:21:29,396] {logging_mixin.py:109} INFO - [2022-01-28 22:21:29,396] {dagbag.py:500} INFO - Filling up the DagBag from /home/data-eginner/Documents/Soccer_Data/env/lib/python3.8/site-packages/airflow/example_dags/example_latest_only.py
[2022-01-28 22:21:29,416] {processor.py:654} INFO - DAG(s) dict_keys(['latest_only']) retrieved from /home/data-eginner/Documents/Soccer_Data/env/lib/python3.8/site-packages/airflow/example_dags/example_latest_only.py
[2022-01-28 22:21:29,424] {logging_mixin.py:109} INFO - [2022-01-28 22:21:29,424] {dag.py:2396} INFO - Sync 1 DAGs
[2022-01-28 22:21:29,438] {logging_mixin.py:109} INFO - [2022-01-28 22:21:29,438] {dag.py:2935} INFO - Setting next_dagrun for latest_only to 2022-01-28T21:21:29.437865+00:00
[2022-01-28 22:21:29,454] {processor.py:171} INFO - Processing /home/data-eginner/Documents/Soccer_Data/env/lib/python3.8/site-packages/airflow/example_dags/example_latest_only.py took 0.078 seconds
[2022-01-28 22:22:07,487] {processor.py:163} INFO - Started process (PID=30843) to work on /home/data-eginner/Documents/Soccer_Data/env/lib/python3.8/site-packages/airflow/example_dags/example_latest_only.py
[2022-01-28 22:22:07,503] {processor.py:642} INFO - Processing file /home/data-eginner/Documents/Soccer_Data/env/lib/python3.8/site-packages/airflow/example_dags/example_latest_only.py for tasks to queue
[2022-01-28 22:22:07,504] {logging_mixin.py:109} INFO - [2022-01-28 22:22:07,503] {dagbag.py:500} INFO - Filling up the DagBag from /home/data-eginner/Documents/Soccer_Data/env/lib/python3.8/site-packages/airflow/example_dags/example_latest_only.py
[2022-01-28 22:22:07,544] {processor.py:654} INFO - DAG(s) dict_keys(['latest_only']) retrieved from /home/data-eginner/Documents/Soccer_Data/env/lib/python3.8/site-packages/airflow/example_dags/example_latest_only.py
[2022-01-28 22:22:07,562] {logging_mixin.py:109} INFO - [2022-01-28 22:22:07,562] {dag.py:2396} INFO - Sync 1 DAGs
[2022-01-28 22:22:07,594] {logging_mixin.py:109} INFO - [2022-01-28 22:22:07,594] {dag.py:2935} INFO - Setting next_dagrun for latest_only to 2022-01-28T21:22:07.572386+00:00
[2022-01-28 22:22:07,634] {processor.py:171} INFO - Processing /home/data-eginner/Documents/Soccer_Data/env/lib/python3.8/site-packages/airflow/example_dags/example_latest_only.py took 0.161 seconds
