[2022-01-28 21:00:17,371] {processor.py:163} INFO - Started process (PID=19000) to work on /home/data-eginner/Documents/Soccer_Data/env/lib/python3.8/site-packages/airflow/example_dags/example_trigger_controller_dag.py
[2022-01-28 21:00:17,409] {processor.py:642} INFO - Processing file /home/data-eginner/Documents/Soccer_Data/env/lib/python3.8/site-packages/airflow/example_dags/example_trigger_controller_dag.py for tasks to queue
[2022-01-28 21:00:17,410] {logging_mixin.py:109} INFO - [2022-01-28 21:00:17,410] {dagbag.py:500} INFO - Filling up the DagBag from /home/data-eginner/Documents/Soccer_Data/env/lib/python3.8/site-packages/airflow/example_dags/example_trigger_controller_dag.py
[2022-01-28 21:00:17,489] {processor.py:654} INFO - DAG(s) dict_keys(['example_trigger_controller_dag']) retrieved from /home/data-eginner/Documents/Soccer_Data/env/lib/python3.8/site-packages/airflow/example_dags/example_trigger_controller_dag.py
[2022-01-28 21:00:17,501] {logging_mixin.py:109} INFO - [2022-01-28 21:00:17,501] {dag.py:2396} INFO - Sync 1 DAGs
[2022-01-28 21:00:17,522] {logging_mixin.py:109} INFO - [2022-01-28 21:00:17,522] {dag.py:2935} INFO - Setting next_dagrun for example_trigger_controller_dag to 2021-01-01T00:00:00+00:00
[2022-01-28 21:00:17,570] {processor.py:171} INFO - Processing /home/data-eginner/Documents/Soccer_Data/env/lib/python3.8/site-packages/airflow/example_dags/example_trigger_controller_dag.py took 0.201 seconds
[2022-01-28 21:08:09,746] {processor.py:163} INFO - Started process (PID=19727) to work on /home/data-eginner/Documents/Soccer_Data/env/lib/python3.8/site-packages/airflow/example_dags/example_trigger_controller_dag.py
[2022-01-28 21:08:09,754] {processor.py:642} INFO - Processing file /home/data-eginner/Documents/Soccer_Data/env/lib/python3.8/site-packages/airflow/example_dags/example_trigger_controller_dag.py for tasks to queue
[2022-01-28 21:08:09,755] {logging_mixin.py:109} INFO - [2022-01-28 21:08:09,754] {dagbag.py:500} INFO - Filling up the DagBag from /home/data-eginner/Documents/Soccer_Data/env/lib/python3.8/site-packages/airflow/example_dags/example_trigger_controller_dag.py
[2022-01-28 21:08:09,793] {processor.py:654} INFO - DAG(s) dict_keys(['example_trigger_controller_dag']) retrieved from /home/data-eginner/Documents/Soccer_Data/env/lib/python3.8/site-packages/airflow/example_dags/example_trigger_controller_dag.py
[2022-01-28 21:08:09,832] {logging_mixin.py:109} INFO - [2022-01-28 21:08:09,816] {dag.py:2396} INFO - Sync 1 DAGs
[2022-01-28 21:08:09,865] {logging_mixin.py:109} INFO - [2022-01-28 21:08:09,859] {dag.py:2935} INFO - Setting next_dagrun for example_trigger_controller_dag to 2021-01-01T00:00:00+00:00
[2022-01-28 21:08:09,915] {processor.py:171} INFO - Processing /home/data-eginner/Documents/Soccer_Data/env/lib/python3.8/site-packages/airflow/example_dags/example_trigger_controller_dag.py took 0.171 seconds
[2022-01-28 21:08:55,593] {processor.py:163} INFO - Started process (PID=19896) to work on /home/data-eginner/Documents/Soccer_Data/env/lib/python3.8/site-packages/airflow/example_dags/example_trigger_controller_dag.py
[2022-01-28 21:08:55,597] {processor.py:642} INFO - Processing file /home/data-eginner/Documents/Soccer_Data/env/lib/python3.8/site-packages/airflow/example_dags/example_trigger_controller_dag.py for tasks to queue
[2022-01-28 21:08:55,598] {logging_mixin.py:109} INFO - [2022-01-28 21:08:55,598] {dagbag.py:500} INFO - Filling up the DagBag from /home/data-eginner/Documents/Soccer_Data/env/lib/python3.8/site-packages/airflow/example_dags/example_trigger_controller_dag.py
[2022-01-28 21:08:55,634] {processor.py:654} INFO - DAG(s) dict_keys(['example_trigger_controller_dag']) retrieved from /home/data-eginner/Documents/Soccer_Data/env/lib/python3.8/site-packages/airflow/example_dags/example_trigger_controller_dag.py
[2022-01-28 21:08:55,658] {logging_mixin.py:109} INFO - [2022-01-28 21:08:55,658] {dag.py:2396} INFO - Sync 1 DAGs
[2022-01-28 21:08:55,681] {logging_mixin.py:109} INFO - [2022-01-28 21:08:55,680] {dag.py:2935} INFO - Setting next_dagrun for example_trigger_controller_dag to 2021-01-01T00:00:00+00:00
[2022-01-28 21:08:55,713] {processor.py:171} INFO - Processing /home/data-eginner/Documents/Soccer_Data/env/lib/python3.8/site-packages/airflow/example_dags/example_trigger_controller_dag.py took 0.136 seconds
[2022-01-28 21:09:46,012] {processor.py:163} INFO - Started process (PID=20087) to work on /home/data-eginner/Documents/Soccer_Data/env/lib/python3.8/site-packages/airflow/example_dags/example_trigger_controller_dag.py
[2022-01-28 21:09:46,030] {processor.py:642} INFO - Processing file /home/data-eginner/Documents/Soccer_Data/env/lib/python3.8/site-packages/airflow/example_dags/example_trigger_controller_dag.py for tasks to queue
[2022-01-28 21:09:46,031] {logging_mixin.py:109} INFO - [2022-01-28 21:09:46,030] {dagbag.py:500} INFO - Filling up the DagBag from /home/data-eginner/Documents/Soccer_Data/env/lib/python3.8/site-packages/airflow/example_dags/example_trigger_controller_dag.py
[2022-01-28 21:09:46,064] {processor.py:654} INFO - DAG(s) dict_keys(['example_trigger_controller_dag']) retrieved from /home/data-eginner/Documents/Soccer_Data/env/lib/python3.8/site-packages/airflow/example_dags/example_trigger_controller_dag.py
[2022-01-28 21:09:46,095] {logging_mixin.py:109} INFO - [2022-01-28 21:09:46,095] {dag.py:2396} INFO - Sync 1 DAGs
[2022-01-28 21:09:46,121] {logging_mixin.py:109} INFO - [2022-01-28 21:09:46,121] {dag.py:2935} INFO - Setting next_dagrun for example_trigger_controller_dag to 2021-01-01T00:00:00+00:00
[2022-01-28 21:09:46,159] {processor.py:171} INFO - Processing /home/data-eginner/Documents/Soccer_Data/env/lib/python3.8/site-packages/airflow/example_dags/example_trigger_controller_dag.py took 0.149 seconds
[2022-01-28 21:10:33,810] {processor.py:163} INFO - Started process (PID=20258) to work on /home/data-eginner/Documents/Soccer_Data/env/lib/python3.8/site-packages/airflow/example_dags/example_trigger_controller_dag.py
[2022-01-28 21:10:33,820] {processor.py:642} INFO - Processing file /home/data-eginner/Documents/Soccer_Data/env/lib/python3.8/site-packages/airflow/example_dags/example_trigger_controller_dag.py for tasks to queue
[2022-01-28 21:10:33,821] {logging_mixin.py:109} INFO - [2022-01-28 21:10:33,821] {dagbag.py:500} INFO - Filling up the DagBag from /home/data-eginner/Documents/Soccer_Data/env/lib/python3.8/site-packages/airflow/example_dags/example_trigger_controller_dag.py
[2022-01-28 21:10:33,851] {processor.py:654} INFO - DAG(s) dict_keys(['example_trigger_controller_dag']) retrieved from /home/data-eginner/Documents/Soccer_Data/env/lib/python3.8/site-packages/airflow/example_dags/example_trigger_controller_dag.py
[2022-01-28 21:10:33,896] {logging_mixin.py:109} INFO - [2022-01-28 21:10:33,896] {dag.py:2396} INFO - Sync 1 DAGs
[2022-01-28 21:10:33,906] {logging_mixin.py:109} INFO - [2022-01-28 21:10:33,906] {dag.py:2935} INFO - Setting next_dagrun for example_trigger_controller_dag to 2021-01-01T00:00:00+00:00
[2022-01-28 21:10:34,029] {processor.py:171} INFO - Processing /home/data-eginner/Documents/Soccer_Data/env/lib/python3.8/site-packages/airflow/example_dags/example_trigger_controller_dag.py took 0.222 seconds
[2022-01-28 21:11:14,705] {processor.py:163} INFO - Started process (PID=20427) to work on /home/data-eginner/Documents/Soccer_Data/env/lib/python3.8/site-packages/airflow/example_dags/example_trigger_controller_dag.py
[2022-01-28 21:11:14,711] {processor.py:642} INFO - Processing file /home/data-eginner/Documents/Soccer_Data/env/lib/python3.8/site-packages/airflow/example_dags/example_trigger_controller_dag.py for tasks to queue
[2022-01-28 21:11:14,711] {logging_mixin.py:109} INFO - [2022-01-28 21:11:14,711] {dagbag.py:500} INFO - Filling up the DagBag from /home/data-eginner/Documents/Soccer_Data/env/lib/python3.8/site-packages/airflow/example_dags/example_trigger_controller_dag.py
[2022-01-28 21:11:14,736] {processor.py:654} INFO - DAG(s) dict_keys(['example_trigger_controller_dag']) retrieved from /home/data-eginner/Documents/Soccer_Data/env/lib/python3.8/site-packages/airflow/example_dags/example_trigger_controller_dag.py
[2022-01-28 21:11:14,746] {logging_mixin.py:109} INFO - [2022-01-28 21:11:14,746] {dag.py:2396} INFO - Sync 1 DAGs
[2022-01-28 21:11:14,766] {logging_mixin.py:109} INFO - [2022-01-28 21:11:14,766] {dag.py:2935} INFO - Setting next_dagrun for example_trigger_controller_dag to 2021-01-01T00:00:00+00:00
[2022-01-28 21:11:14,787] {processor.py:171} INFO - Processing /home/data-eginner/Documents/Soccer_Data/env/lib/python3.8/site-packages/airflow/example_dags/example_trigger_controller_dag.py took 0.085 seconds
[2022-01-28 21:11:53,725] {processor.py:163} INFO - Started process (PID=20583) to work on /home/data-eginner/Documents/Soccer_Data/env/lib/python3.8/site-packages/airflow/example_dags/example_trigger_controller_dag.py
[2022-01-28 21:11:53,732] {processor.py:642} INFO - Processing file /home/data-eginner/Documents/Soccer_Data/env/lib/python3.8/site-packages/airflow/example_dags/example_trigger_controller_dag.py for tasks to queue
[2022-01-28 21:11:53,732] {logging_mixin.py:109} INFO - [2022-01-28 21:11:53,732] {dagbag.py:500} INFO - Filling up the DagBag from /home/data-eginner/Documents/Soccer_Data/env/lib/python3.8/site-packages/airflow/example_dags/example_trigger_controller_dag.py
[2022-01-28 21:11:53,754] {processor.py:654} INFO - DAG(s) dict_keys(['example_trigger_controller_dag']) retrieved from /home/data-eginner/Documents/Soccer_Data/env/lib/python3.8/site-packages/airflow/example_dags/example_trigger_controller_dag.py
[2022-01-28 21:11:53,767] {logging_mixin.py:109} INFO - [2022-01-28 21:11:53,767] {dag.py:2396} INFO - Sync 1 DAGs
[2022-01-28 21:11:53,785] {logging_mixin.py:109} INFO - [2022-01-28 21:11:53,784] {dag.py:2935} INFO - Setting next_dagrun for example_trigger_controller_dag to 2021-01-01T00:00:00+00:00
[2022-01-28 21:11:53,809] {processor.py:171} INFO - Processing /home/data-eginner/Documents/Soccer_Data/env/lib/python3.8/site-packages/airflow/example_dags/example_trigger_controller_dag.py took 0.086 seconds
[2022-01-28 21:12:30,584] {processor.py:163} INFO - Started process (PID=20723) to work on /home/data-eginner/Documents/Soccer_Data/env/lib/python3.8/site-packages/airflow/example_dags/example_trigger_controller_dag.py
[2022-01-28 21:12:30,589] {processor.py:642} INFO - Processing file /home/data-eginner/Documents/Soccer_Data/env/lib/python3.8/site-packages/airflow/example_dags/example_trigger_controller_dag.py for tasks to queue
[2022-01-28 21:12:30,590] {logging_mixin.py:109} INFO - [2022-01-28 21:12:30,590] {dagbag.py:500} INFO - Filling up the DagBag from /home/data-eginner/Documents/Soccer_Data/env/lib/python3.8/site-packages/airflow/example_dags/example_trigger_controller_dag.py
[2022-01-28 21:12:30,611] {processor.py:654} INFO - DAG(s) dict_keys(['example_trigger_controller_dag']) retrieved from /home/data-eginner/Documents/Soccer_Data/env/lib/python3.8/site-packages/airflow/example_dags/example_trigger_controller_dag.py
[2022-01-28 21:12:30,628] {logging_mixin.py:109} INFO - [2022-01-28 21:12:30,628] {dag.py:2396} INFO - Sync 1 DAGs
[2022-01-28 21:12:30,642] {logging_mixin.py:109} INFO - [2022-01-28 21:12:30,642] {dag.py:2935} INFO - Setting next_dagrun for example_trigger_controller_dag to 2021-01-01T00:00:00+00:00
[2022-01-28 21:12:30,662] {processor.py:171} INFO - Processing /home/data-eginner/Documents/Soccer_Data/env/lib/python3.8/site-packages/airflow/example_dags/example_trigger_controller_dag.py took 0.081 seconds
[2022-01-28 21:13:08,067] {processor.py:163} INFO - Started process (PID=20866) to work on /home/data-eginner/Documents/Soccer_Data/env/lib/python3.8/site-packages/airflow/example_dags/example_trigger_controller_dag.py
[2022-01-28 21:13:08,085] {processor.py:642} INFO - Processing file /home/data-eginner/Documents/Soccer_Data/env/lib/python3.8/site-packages/airflow/example_dags/example_trigger_controller_dag.py for tasks to queue
[2022-01-28 21:13:08,086] {logging_mixin.py:109} INFO - [2022-01-28 21:13:08,085] {dagbag.py:500} INFO - Filling up the DagBag from /home/data-eginner/Documents/Soccer_Data/env/lib/python3.8/site-packages/airflow/example_dags/example_trigger_controller_dag.py
[2022-01-28 21:13:08,143] {processor.py:654} INFO - DAG(s) dict_keys(['example_trigger_controller_dag']) retrieved from /home/data-eginner/Documents/Soccer_Data/env/lib/python3.8/site-packages/airflow/example_dags/example_trigger_controller_dag.py
[2022-01-28 21:13:08,160] {logging_mixin.py:109} INFO - [2022-01-28 21:13:08,160] {dag.py:2396} INFO - Sync 1 DAGs
[2022-01-28 21:13:08,182] {logging_mixin.py:109} INFO - [2022-01-28 21:13:08,182] {dag.py:2935} INFO - Setting next_dagrun for example_trigger_controller_dag to 2021-01-01T00:00:00+00:00
[2022-01-28 21:13:08,209] {processor.py:171} INFO - Processing /home/data-eginner/Documents/Soccer_Data/env/lib/python3.8/site-packages/airflow/example_dags/example_trigger_controller_dag.py took 0.145 seconds
[2022-01-28 21:13:51,582] {processor.py:163} INFO - Started process (PID=21020) to work on /home/data-eginner/Documents/Soccer_Data/env/lib/python3.8/site-packages/airflow/example_dags/example_trigger_controller_dag.py
[2022-01-28 21:13:51,585] {processor.py:642} INFO - Processing file /home/data-eginner/Documents/Soccer_Data/env/lib/python3.8/site-packages/airflow/example_dags/example_trigger_controller_dag.py for tasks to queue
[2022-01-28 21:13:51,585] {logging_mixin.py:109} INFO - [2022-01-28 21:13:51,585] {dagbag.py:500} INFO - Filling up the DagBag from /home/data-eginner/Documents/Soccer_Data/env/lib/python3.8/site-packages/airflow/example_dags/example_trigger_controller_dag.py
[2022-01-28 21:13:51,606] {processor.py:654} INFO - DAG(s) dict_keys(['example_trigger_controller_dag']) retrieved from /home/data-eginner/Documents/Soccer_Data/env/lib/python3.8/site-packages/airflow/example_dags/example_trigger_controller_dag.py
[2022-01-28 21:13:51,620] {logging_mixin.py:109} INFO - [2022-01-28 21:13:51,620] {dag.py:2396} INFO - Sync 1 DAGs
[2022-01-28 21:13:51,635] {logging_mixin.py:109} INFO - [2022-01-28 21:13:51,635] {dag.py:2935} INFO - Setting next_dagrun for example_trigger_controller_dag to 2021-01-01T00:00:00+00:00
[2022-01-28 21:13:51,659] {processor.py:171} INFO - Processing /home/data-eginner/Documents/Soccer_Data/env/lib/python3.8/site-packages/airflow/example_dags/example_trigger_controller_dag.py took 0.083 seconds
[2022-01-28 21:14:41,703] {processor.py:163} INFO - Started process (PID=21203) to work on /home/data-eginner/Documents/Soccer_Data/env/lib/python3.8/site-packages/airflow/example_dags/example_trigger_controller_dag.py
[2022-01-28 21:14:41,710] {processor.py:642} INFO - Processing file /home/data-eginner/Documents/Soccer_Data/env/lib/python3.8/site-packages/airflow/example_dags/example_trigger_controller_dag.py for tasks to queue
[2022-01-28 21:14:41,710] {logging_mixin.py:109} INFO - [2022-01-28 21:14:41,710] {dagbag.py:500} INFO - Filling up the DagBag from /home/data-eginner/Documents/Soccer_Data/env/lib/python3.8/site-packages/airflow/example_dags/example_trigger_controller_dag.py
[2022-01-28 21:14:41,754] {processor.py:654} INFO - DAG(s) dict_keys(['example_trigger_controller_dag']) retrieved from /home/data-eginner/Documents/Soccer_Data/env/lib/python3.8/site-packages/airflow/example_dags/example_trigger_controller_dag.py
[2022-01-28 21:14:41,786] {logging_mixin.py:109} INFO - [2022-01-28 21:14:41,786] {dag.py:2396} INFO - Sync 1 DAGs
[2022-01-28 21:14:41,816] {logging_mixin.py:109} INFO - [2022-01-28 21:14:41,816] {dag.py:2935} INFO - Setting next_dagrun for example_trigger_controller_dag to 2021-01-01T00:00:00+00:00
[2022-01-28 21:14:41,853] {processor.py:171} INFO - Processing /home/data-eginner/Documents/Soccer_Data/env/lib/python3.8/site-packages/airflow/example_dags/example_trigger_controller_dag.py took 0.174 seconds
[2022-01-28 21:15:34,542] {processor.py:163} INFO - Started process (PID=21372) to work on /home/data-eginner/Documents/Soccer_Data/env/lib/python3.8/site-packages/airflow/example_dags/example_trigger_controller_dag.py
[2022-01-28 21:15:34,566] {processor.py:642} INFO - Processing file /home/data-eginner/Documents/Soccer_Data/env/lib/python3.8/site-packages/airflow/example_dags/example_trigger_controller_dag.py for tasks to queue
[2022-01-28 21:15:34,573] {logging_mixin.py:109} INFO - [2022-01-28 21:15:34,567] {dagbag.py:500} INFO - Filling up the DagBag from /home/data-eginner/Documents/Soccer_Data/env/lib/python3.8/site-packages/airflow/example_dags/example_trigger_controller_dag.py
[2022-01-28 21:15:34,657] {processor.py:654} INFO - DAG(s) dict_keys(['example_trigger_controller_dag']) retrieved from /home/data-eginner/Documents/Soccer_Data/env/lib/python3.8/site-packages/airflow/example_dags/example_trigger_controller_dag.py
[2022-01-28 21:15:34,712] {logging_mixin.py:109} INFO - [2022-01-28 21:15:34,712] {dag.py:2396} INFO - Sync 1 DAGs
[2022-01-28 21:15:34,780] {logging_mixin.py:109} INFO - [2022-01-28 21:15:34,780] {dag.py:2935} INFO - Setting next_dagrun for example_trigger_controller_dag to 2021-01-01T00:00:00+00:00
[2022-01-28 21:15:34,849] {processor.py:171} INFO - Processing /home/data-eginner/Documents/Soccer_Data/env/lib/python3.8/site-packages/airflow/example_dags/example_trigger_controller_dag.py took 0.321 seconds
[2022-01-28 21:16:27,326] {processor.py:163} INFO - Started process (PID=21545) to work on /home/data-eginner/Documents/Soccer_Data/env/lib/python3.8/site-packages/airflow/example_dags/example_trigger_controller_dag.py
[2022-01-28 21:16:27,352] {processor.py:642} INFO - Processing file /home/data-eginner/Documents/Soccer_Data/env/lib/python3.8/site-packages/airflow/example_dags/example_trigger_controller_dag.py for tasks to queue
[2022-01-28 21:16:27,353] {logging_mixin.py:109} INFO - [2022-01-28 21:16:27,353] {dagbag.py:500} INFO - Filling up the DagBag from /home/data-eginner/Documents/Soccer_Data/env/lib/python3.8/site-packages/airflow/example_dags/example_trigger_controller_dag.py
[2022-01-28 21:16:27,419] {processor.py:654} INFO - DAG(s) dict_keys(['example_trigger_controller_dag']) retrieved from /home/data-eginner/Documents/Soccer_Data/env/lib/python3.8/site-packages/airflow/example_dags/example_trigger_controller_dag.py
[2022-01-28 21:16:27,442] {logging_mixin.py:109} INFO - [2022-01-28 21:16:27,442] {dag.py:2396} INFO - Sync 1 DAGs
[2022-01-28 21:16:27,493] {logging_mixin.py:109} INFO - [2022-01-28 21:16:27,493] {dag.py:2935} INFO - Setting next_dagrun for example_trigger_controller_dag to 2021-01-01T00:00:00+00:00
[2022-01-28 21:16:27,534] {processor.py:171} INFO - Processing /home/data-eginner/Documents/Soccer_Data/env/lib/python3.8/site-packages/airflow/example_dags/example_trigger_controller_dag.py took 0.211 seconds
[2022-01-28 21:17:16,333] {processor.py:163} INFO - Started process (PID=21689) to work on /home/data-eginner/Documents/Soccer_Data/env/lib/python3.8/site-packages/airflow/example_dags/example_trigger_controller_dag.py
[2022-01-28 21:17:16,336] {processor.py:642} INFO - Processing file /home/data-eginner/Documents/Soccer_Data/env/lib/python3.8/site-packages/airflow/example_dags/example_trigger_controller_dag.py for tasks to queue
[2022-01-28 21:17:16,336] {logging_mixin.py:109} INFO - [2022-01-28 21:17:16,336] {dagbag.py:500} INFO - Filling up the DagBag from /home/data-eginner/Documents/Soccer_Data/env/lib/python3.8/site-packages/airflow/example_dags/example_trigger_controller_dag.py
[2022-01-28 21:17:16,416] {processor.py:654} INFO - DAG(s) dict_keys(['example_trigger_controller_dag']) retrieved from /home/data-eginner/Documents/Soccer_Data/env/lib/python3.8/site-packages/airflow/example_dags/example_trigger_controller_dag.py
[2022-01-28 21:17:16,424] {logging_mixin.py:109} INFO - [2022-01-28 21:17:16,424] {dag.py:2396} INFO - Sync 1 DAGs
[2022-01-28 21:17:16,486] {logging_mixin.py:109} INFO - [2022-01-28 21:17:16,486] {dag.py:2935} INFO - Setting next_dagrun for example_trigger_controller_dag to 2021-01-01T00:00:00+00:00
[2022-01-28 21:17:16,549] {processor.py:171} INFO - Processing /home/data-eginner/Documents/Soccer_Data/env/lib/python3.8/site-packages/airflow/example_dags/example_trigger_controller_dag.py took 0.237 seconds
[2022-01-28 21:18:06,150] {processor.py:163} INFO - Started process (PID=21849) to work on /home/data-eginner/Documents/Soccer_Data/env/lib/python3.8/site-packages/airflow/example_dags/example_trigger_controller_dag.py
[2022-01-28 21:18:06,205] {processor.py:642} INFO - Processing file /home/data-eginner/Documents/Soccer_Data/env/lib/python3.8/site-packages/airflow/example_dags/example_trigger_controller_dag.py for tasks to queue
[2022-01-28 21:18:06,210] {logging_mixin.py:109} INFO - [2022-01-28 21:18:06,210] {dagbag.py:500} INFO - Filling up the DagBag from /home/data-eginner/Documents/Soccer_Data/env/lib/python3.8/site-packages/airflow/example_dags/example_trigger_controller_dag.py
[2022-01-28 21:18:06,288] {processor.py:654} INFO - DAG(s) dict_keys(['example_trigger_controller_dag']) retrieved from /home/data-eginner/Documents/Soccer_Data/env/lib/python3.8/site-packages/airflow/example_dags/example_trigger_controller_dag.py
[2022-01-28 21:18:06,320] {logging_mixin.py:109} INFO - [2022-01-28 21:18:06,320] {dag.py:2396} INFO - Sync 1 DAGs
[2022-01-28 21:18:06,384] {logging_mixin.py:109} INFO - [2022-01-28 21:18:06,383] {dag.py:2935} INFO - Setting next_dagrun for example_trigger_controller_dag to 2021-01-01T00:00:00+00:00
[2022-01-28 21:18:06,454] {processor.py:171} INFO - Processing /home/data-eginner/Documents/Soccer_Data/env/lib/python3.8/site-packages/airflow/example_dags/example_trigger_controller_dag.py took 0.308 seconds
[2022-01-28 21:19:00,056] {processor.py:163} INFO - Started process (PID=22006) to work on /home/data-eginner/Documents/Soccer_Data/env/lib/python3.8/site-packages/airflow/example_dags/example_trigger_controller_dag.py
[2022-01-28 21:19:00,072] {processor.py:642} INFO - Processing file /home/data-eginner/Documents/Soccer_Data/env/lib/python3.8/site-packages/airflow/example_dags/example_trigger_controller_dag.py for tasks to queue
[2022-01-28 21:19:00,074] {logging_mixin.py:109} INFO - [2022-01-28 21:19:00,074] {dagbag.py:500} INFO - Filling up the DagBag from /home/data-eginner/Documents/Soccer_Data/env/lib/python3.8/site-packages/airflow/example_dags/example_trigger_controller_dag.py
[2022-01-28 21:19:00,342] {processor.py:654} INFO - DAG(s) dict_keys(['example_trigger_controller_dag']) retrieved from /home/data-eginner/Documents/Soccer_Data/env/lib/python3.8/site-packages/airflow/example_dags/example_trigger_controller_dag.py
[2022-01-28 21:19:00,476] {logging_mixin.py:109} INFO - [2022-01-28 21:19:00,476] {dag.py:2396} INFO - Sync 1 DAGs
[2022-01-28 21:19:00,582] {logging_mixin.py:109} INFO - [2022-01-28 21:19:00,581] {dag.py:2935} INFO - Setting next_dagrun for example_trigger_controller_dag to 2021-01-01T00:00:00+00:00
[2022-01-28 21:19:00,734] {processor.py:171} INFO - Processing /home/data-eginner/Documents/Soccer_Data/env/lib/python3.8/site-packages/airflow/example_dags/example_trigger_controller_dag.py took 0.778 seconds
[2022-01-28 21:19:52,406] {processor.py:163} INFO - Started process (PID=22183) to work on /home/data-eginner/Documents/Soccer_Data/env/lib/python3.8/site-packages/airflow/example_dags/example_trigger_controller_dag.py
[2022-01-28 21:19:52,416] {processor.py:642} INFO - Processing file /home/data-eginner/Documents/Soccer_Data/env/lib/python3.8/site-packages/airflow/example_dags/example_trigger_controller_dag.py for tasks to queue
[2022-01-28 21:19:52,417] {logging_mixin.py:109} INFO - [2022-01-28 21:19:52,417] {dagbag.py:500} INFO - Filling up the DagBag from /home/data-eginner/Documents/Soccer_Data/env/lib/python3.8/site-packages/airflow/example_dags/example_trigger_controller_dag.py
[2022-01-28 21:19:52,459] {processor.py:654} INFO - DAG(s) dict_keys(['example_trigger_controller_dag']) retrieved from /home/data-eginner/Documents/Soccer_Data/env/lib/python3.8/site-packages/airflow/example_dags/example_trigger_controller_dag.py
[2022-01-28 21:19:52,513] {logging_mixin.py:109} INFO - [2022-01-28 21:19:52,513] {dag.py:2396} INFO - Sync 1 DAGs
[2022-01-28 21:19:52,547] {logging_mixin.py:109} INFO - [2022-01-28 21:19:52,547] {dag.py:2935} INFO - Setting next_dagrun for example_trigger_controller_dag to 2021-01-01T00:00:00+00:00
[2022-01-28 21:19:52,585] {processor.py:171} INFO - Processing /home/data-eginner/Documents/Soccer_Data/env/lib/python3.8/site-packages/airflow/example_dags/example_trigger_controller_dag.py took 0.181 seconds
[2022-01-28 21:20:37,203] {processor.py:163} INFO - Started process (PID=22337) to work on /home/data-eginner/Documents/Soccer_Data/env/lib/python3.8/site-packages/airflow/example_dags/example_trigger_controller_dag.py
[2022-01-28 21:20:37,213] {processor.py:642} INFO - Processing file /home/data-eginner/Documents/Soccer_Data/env/lib/python3.8/site-packages/airflow/example_dags/example_trigger_controller_dag.py for tasks to queue
[2022-01-28 21:20:37,214] {logging_mixin.py:109} INFO - [2022-01-28 21:20:37,214] {dagbag.py:500} INFO - Filling up the DagBag from /home/data-eginner/Documents/Soccer_Data/env/lib/python3.8/site-packages/airflow/example_dags/example_trigger_controller_dag.py
[2022-01-28 21:20:37,294] {processor.py:654} INFO - DAG(s) dict_keys(['example_trigger_controller_dag']) retrieved from /home/data-eginner/Documents/Soccer_Data/env/lib/python3.8/site-packages/airflow/example_dags/example_trigger_controller_dag.py
[2022-01-28 21:20:37,328] {logging_mixin.py:109} INFO - [2022-01-28 21:20:37,328] {dag.py:2396} INFO - Sync 1 DAGs
[2022-01-28 21:20:37,353] {logging_mixin.py:109} INFO - [2022-01-28 21:20:37,353] {dag.py:2935} INFO - Setting next_dagrun for example_trigger_controller_dag to 2021-01-01T00:00:00+00:00
[2022-01-28 21:20:37,392] {processor.py:171} INFO - Processing /home/data-eginner/Documents/Soccer_Data/env/lib/python3.8/site-packages/airflow/example_dags/example_trigger_controller_dag.py took 0.213 seconds
[2022-01-28 21:21:17,903] {processor.py:163} INFO - Started process (PID=22476) to work on /home/data-eginner/Documents/Soccer_Data/env/lib/python3.8/site-packages/airflow/example_dags/example_trigger_controller_dag.py
[2022-01-28 21:21:17,906] {processor.py:642} INFO - Processing file /home/data-eginner/Documents/Soccer_Data/env/lib/python3.8/site-packages/airflow/example_dags/example_trigger_controller_dag.py for tasks to queue
[2022-01-28 21:21:17,907] {logging_mixin.py:109} INFO - [2022-01-28 21:21:17,906] {dagbag.py:500} INFO - Filling up the DagBag from /home/data-eginner/Documents/Soccer_Data/env/lib/python3.8/site-packages/airflow/example_dags/example_trigger_controller_dag.py
[2022-01-28 21:21:17,933] {processor.py:654} INFO - DAG(s) dict_keys(['example_trigger_controller_dag']) retrieved from /home/data-eginner/Documents/Soccer_Data/env/lib/python3.8/site-packages/airflow/example_dags/example_trigger_controller_dag.py
[2022-01-28 21:21:17,945] {logging_mixin.py:109} INFO - [2022-01-28 21:21:17,945] {dag.py:2396} INFO - Sync 1 DAGs
[2022-01-28 21:21:17,963] {logging_mixin.py:109} INFO - [2022-01-28 21:21:17,963] {dag.py:2935} INFO - Setting next_dagrun for example_trigger_controller_dag to 2021-01-01T00:00:00+00:00
[2022-01-28 21:21:17,991] {processor.py:171} INFO - Processing /home/data-eginner/Documents/Soccer_Data/env/lib/python3.8/site-packages/airflow/example_dags/example_trigger_controller_dag.py took 0.090 seconds
[2022-01-28 21:21:59,634] {processor.py:163} INFO - Started process (PID=22633) to work on /home/data-eginner/Documents/Soccer_Data/env/lib/python3.8/site-packages/airflow/example_dags/example_trigger_controller_dag.py
[2022-01-28 21:21:59,648] {processor.py:642} INFO - Processing file /home/data-eginner/Documents/Soccer_Data/env/lib/python3.8/site-packages/airflow/example_dags/example_trigger_controller_dag.py for tasks to queue
[2022-01-28 21:21:59,648] {logging_mixin.py:109} INFO - [2022-01-28 21:21:59,648] {dagbag.py:500} INFO - Filling up the DagBag from /home/data-eginner/Documents/Soccer_Data/env/lib/python3.8/site-packages/airflow/example_dags/example_trigger_controller_dag.py
[2022-01-28 21:21:59,720] {processor.py:654} INFO - DAG(s) dict_keys(['example_trigger_controller_dag']) retrieved from /home/data-eginner/Documents/Soccer_Data/env/lib/python3.8/site-packages/airflow/example_dags/example_trigger_controller_dag.py
[2022-01-28 21:21:59,758] {logging_mixin.py:109} INFO - [2022-01-28 21:21:59,757] {dag.py:2396} INFO - Sync 1 DAGs
[2022-01-28 21:21:59,801] {logging_mixin.py:109} INFO - [2022-01-28 21:21:59,801] {dag.py:2935} INFO - Setting next_dagrun for example_trigger_controller_dag to 2021-01-01T00:00:00+00:00
[2022-01-28 21:21:59,845] {processor.py:171} INFO - Processing /home/data-eginner/Documents/Soccer_Data/env/lib/python3.8/site-packages/airflow/example_dags/example_trigger_controller_dag.py took 0.213 seconds
[2022-01-28 21:26:15,220] {processor.py:163} INFO - Started process (PID=22875) to work on /home/data-eginner/Documents/Soccer_Data/env/lib/python3.8/site-packages/airflow/example_dags/example_trigger_controller_dag.py
[2022-01-28 21:26:15,224] {processor.py:642} INFO - Processing file /home/data-eginner/Documents/Soccer_Data/env/lib/python3.8/site-packages/airflow/example_dags/example_trigger_controller_dag.py for tasks to queue
[2022-01-28 21:26:15,225] {logging_mixin.py:109} INFO - [2022-01-28 21:26:15,225] {dagbag.py:500} INFO - Filling up the DagBag from /home/data-eginner/Documents/Soccer_Data/env/lib/python3.8/site-packages/airflow/example_dags/example_trigger_controller_dag.py
[2022-01-28 21:26:15,288] {processor.py:654} INFO - DAG(s) dict_keys(['example_trigger_controller_dag']) retrieved from /home/data-eginner/Documents/Soccer_Data/env/lib/python3.8/site-packages/airflow/example_dags/example_trigger_controller_dag.py
[2022-01-28 21:26:15,297] {logging_mixin.py:109} INFO - [2022-01-28 21:26:15,297] {dag.py:2396} INFO - Sync 1 DAGs
[2022-01-28 21:26:15,337] {logging_mixin.py:109} INFO - [2022-01-28 21:26:15,322] {dag.py:2935} INFO - Setting next_dagrun for example_trigger_controller_dag to 2021-01-01T00:00:00+00:00
[2022-01-28 21:26:15,372] {processor.py:171} INFO - Processing /home/data-eginner/Documents/Soccer_Data/env/lib/python3.8/site-packages/airflow/example_dags/example_trigger_controller_dag.py took 0.181 seconds
[2022-01-28 21:27:03,080] {processor.py:163} INFO - Started process (PID=23048) to work on /home/data-eginner/Documents/Soccer_Data/env/lib/python3.8/site-packages/airflow/example_dags/example_trigger_controller_dag.py
[2022-01-28 21:27:03,102] {processor.py:642} INFO - Processing file /home/data-eginner/Documents/Soccer_Data/env/lib/python3.8/site-packages/airflow/example_dags/example_trigger_controller_dag.py for tasks to queue
[2022-01-28 21:27:03,103] {logging_mixin.py:109} INFO - [2022-01-28 21:27:03,103] {dagbag.py:500} INFO - Filling up the DagBag from /home/data-eginner/Documents/Soccer_Data/env/lib/python3.8/site-packages/airflow/example_dags/example_trigger_controller_dag.py
[2022-01-28 21:27:03,177] {processor.py:654} INFO - DAG(s) dict_keys(['example_trigger_controller_dag']) retrieved from /home/data-eginner/Documents/Soccer_Data/env/lib/python3.8/site-packages/airflow/example_dags/example_trigger_controller_dag.py
[2022-01-28 21:27:03,185] {logging_mixin.py:109} INFO - [2022-01-28 21:27:03,185] {dag.py:2396} INFO - Sync 1 DAGs
[2022-01-28 21:27:03,239] {logging_mixin.py:109} INFO - [2022-01-28 21:27:03,238] {dag.py:2935} INFO - Setting next_dagrun for example_trigger_controller_dag to 2021-01-01T00:00:00+00:00
[2022-01-28 21:27:03,300] {processor.py:171} INFO - Processing /home/data-eginner/Documents/Soccer_Data/env/lib/python3.8/site-packages/airflow/example_dags/example_trigger_controller_dag.py took 0.223 seconds
[2022-01-28 21:28:01,545] {processor.py:163} INFO - Started process (PID=23290) to work on /home/data-eginner/Documents/Soccer_Data/env/lib/python3.8/site-packages/airflow/example_dags/example_trigger_controller_dag.py
[2022-01-28 21:28:01,560] {processor.py:642} INFO - Processing file /home/data-eginner/Documents/Soccer_Data/env/lib/python3.8/site-packages/airflow/example_dags/example_trigger_controller_dag.py for tasks to queue
[2022-01-28 21:28:01,561] {logging_mixin.py:109} INFO - [2022-01-28 21:28:01,561] {dagbag.py:500} INFO - Filling up the DagBag from /home/data-eginner/Documents/Soccer_Data/env/lib/python3.8/site-packages/airflow/example_dags/example_trigger_controller_dag.py
[2022-01-28 21:28:01,706] {processor.py:654} INFO - DAG(s) dict_keys(['example_trigger_controller_dag']) retrieved from /home/data-eginner/Documents/Soccer_Data/env/lib/python3.8/site-packages/airflow/example_dags/example_trigger_controller_dag.py
[2022-01-28 21:28:01,750] {logging_mixin.py:109} INFO - [2022-01-28 21:28:01,750] {dag.py:2396} INFO - Sync 1 DAGs
[2022-01-28 21:28:01,807] {logging_mixin.py:109} INFO - [2022-01-28 21:28:01,807] {dag.py:2935} INFO - Setting next_dagrun for example_trigger_controller_dag to 2021-01-01T00:00:00+00:00
[2022-01-28 21:28:01,844] {processor.py:171} INFO - Processing /home/data-eginner/Documents/Soccer_Data/env/lib/python3.8/site-packages/airflow/example_dags/example_trigger_controller_dag.py took 0.313 seconds
[2022-01-28 21:28:47,359] {processor.py:163} INFO - Started process (PID=23425) to work on /home/data-eginner/Documents/Soccer_Data/env/lib/python3.8/site-packages/airflow/example_dags/example_trigger_controller_dag.py
[2022-01-28 21:28:47,373] {processor.py:642} INFO - Processing file /home/data-eginner/Documents/Soccer_Data/env/lib/python3.8/site-packages/airflow/example_dags/example_trigger_controller_dag.py for tasks to queue
[2022-01-28 21:28:47,374] {logging_mixin.py:109} INFO - [2022-01-28 21:28:47,373] {dagbag.py:500} INFO - Filling up the DagBag from /home/data-eginner/Documents/Soccer_Data/env/lib/python3.8/site-packages/airflow/example_dags/example_trigger_controller_dag.py
[2022-01-28 21:28:47,443] {processor.py:654} INFO - DAG(s) dict_keys(['example_trigger_controller_dag']) retrieved from /home/data-eginner/Documents/Soccer_Data/env/lib/python3.8/site-packages/airflow/example_dags/example_trigger_controller_dag.py
[2022-01-28 21:28:47,473] {logging_mixin.py:109} INFO - [2022-01-28 21:28:47,473] {dag.py:2396} INFO - Sync 1 DAGs
[2022-01-28 21:28:47,525] {logging_mixin.py:109} INFO - [2022-01-28 21:28:47,525] {dag.py:2935} INFO - Setting next_dagrun for example_trigger_controller_dag to 2021-01-01T00:00:00+00:00
[2022-01-28 21:28:47,583] {processor.py:171} INFO - Processing /home/data-eginner/Documents/Soccer_Data/env/lib/python3.8/site-packages/airflow/example_dags/example_trigger_controller_dag.py took 0.248 seconds
[2022-01-28 21:29:35,688] {processor.py:163} INFO - Started process (PID=23584) to work on /home/data-eginner/Documents/Soccer_Data/env/lib/python3.8/site-packages/airflow/example_dags/example_trigger_controller_dag.py
[2022-01-28 21:29:35,699] {processor.py:642} INFO - Processing file /home/data-eginner/Documents/Soccer_Data/env/lib/python3.8/site-packages/airflow/example_dags/example_trigger_controller_dag.py for tasks to queue
[2022-01-28 21:29:35,699] {logging_mixin.py:109} INFO - [2022-01-28 21:29:35,699] {dagbag.py:500} INFO - Filling up the DagBag from /home/data-eginner/Documents/Soccer_Data/env/lib/python3.8/site-packages/airflow/example_dags/example_trigger_controller_dag.py
[2022-01-28 21:29:35,741] {processor.py:654} INFO - DAG(s) dict_keys(['example_trigger_controller_dag']) retrieved from /home/data-eginner/Documents/Soccer_Data/env/lib/python3.8/site-packages/airflow/example_dags/example_trigger_controller_dag.py
[2022-01-28 21:29:35,758] {logging_mixin.py:109} INFO - [2022-01-28 21:29:35,757] {dag.py:2396} INFO - Sync 1 DAGs
[2022-01-28 21:29:35,791] {logging_mixin.py:109} INFO - [2022-01-28 21:29:35,791] {dag.py:2935} INFO - Setting next_dagrun for example_trigger_controller_dag to 2021-01-01T00:00:00+00:00
[2022-01-28 21:29:35,823] {processor.py:171} INFO - Processing /home/data-eginner/Documents/Soccer_Data/env/lib/python3.8/site-packages/airflow/example_dags/example_trigger_controller_dag.py took 0.137 seconds
[2022-01-28 21:30:22,414] {processor.py:163} INFO - Started process (PID=23755) to work on /home/data-eginner/Documents/Soccer_Data/env/lib/python3.8/site-packages/airflow/example_dags/example_trigger_controller_dag.py
[2022-01-28 21:30:22,421] {processor.py:642} INFO - Processing file /home/data-eginner/Documents/Soccer_Data/env/lib/python3.8/site-packages/airflow/example_dags/example_trigger_controller_dag.py for tasks to queue
[2022-01-28 21:30:22,422] {logging_mixin.py:109} INFO - [2022-01-28 21:30:22,422] {dagbag.py:500} INFO - Filling up the DagBag from /home/data-eginner/Documents/Soccer_Data/env/lib/python3.8/site-packages/airflow/example_dags/example_trigger_controller_dag.py
[2022-01-28 21:30:22,458] {processor.py:654} INFO - DAG(s) dict_keys(['example_trigger_controller_dag']) retrieved from /home/data-eginner/Documents/Soccer_Data/env/lib/python3.8/site-packages/airflow/example_dags/example_trigger_controller_dag.py
[2022-01-28 21:30:22,481] {logging_mixin.py:109} INFO - [2022-01-28 21:30:22,480] {dag.py:2396} INFO - Sync 1 DAGs
[2022-01-28 21:30:22,565] {logging_mixin.py:109} INFO - [2022-01-28 21:30:22,565] {dag.py:2935} INFO - Setting next_dagrun for example_trigger_controller_dag to 2021-01-01T00:00:00+00:00
[2022-01-28 21:30:22,704] {processor.py:171} INFO - Processing /home/data-eginner/Documents/Soccer_Data/env/lib/python3.8/site-packages/airflow/example_dags/example_trigger_controller_dag.py took 0.300 seconds
[2022-01-28 21:31:17,335] {processor.py:163} INFO - Started process (PID=23938) to work on /home/data-eginner/Documents/Soccer_Data/env/lib/python3.8/site-packages/airflow/example_dags/example_trigger_controller_dag.py
[2022-01-28 21:31:17,343] {processor.py:642} INFO - Processing file /home/data-eginner/Documents/Soccer_Data/env/lib/python3.8/site-packages/airflow/example_dags/example_trigger_controller_dag.py for tasks to queue
[2022-01-28 21:31:17,344] {logging_mixin.py:109} INFO - [2022-01-28 21:31:17,344] {dagbag.py:500} INFO - Filling up the DagBag from /home/data-eginner/Documents/Soccer_Data/env/lib/python3.8/site-packages/airflow/example_dags/example_trigger_controller_dag.py
[2022-01-28 21:31:17,401] {processor.py:654} INFO - DAG(s) dict_keys(['example_trigger_controller_dag']) retrieved from /home/data-eginner/Documents/Soccer_Data/env/lib/python3.8/site-packages/airflow/example_dags/example_trigger_controller_dag.py
[2022-01-28 21:31:17,463] {logging_mixin.py:109} INFO - [2022-01-28 21:31:17,463] {dag.py:2396} INFO - Sync 1 DAGs
[2022-01-28 21:31:17,494] {logging_mixin.py:109} INFO - [2022-01-28 21:31:17,494] {dag.py:2935} INFO - Setting next_dagrun for example_trigger_controller_dag to 2021-01-01T00:00:00+00:00
[2022-01-28 21:31:17,514] {processor.py:171} INFO - Processing /home/data-eginner/Documents/Soccer_Data/env/lib/python3.8/site-packages/airflow/example_dags/example_trigger_controller_dag.py took 0.184 seconds
[2022-01-28 21:32:05,044] {processor.py:163} INFO - Started process (PID=24108) to work on /home/data-eginner/Documents/Soccer_Data/env/lib/python3.8/site-packages/airflow/example_dags/example_trigger_controller_dag.py
[2022-01-28 21:32:05,053] {processor.py:642} INFO - Processing file /home/data-eginner/Documents/Soccer_Data/env/lib/python3.8/site-packages/airflow/example_dags/example_trigger_controller_dag.py for tasks to queue
[2022-01-28 21:32:05,053] {logging_mixin.py:109} INFO - [2022-01-28 21:32:05,053] {dagbag.py:500} INFO - Filling up the DagBag from /home/data-eginner/Documents/Soccer_Data/env/lib/python3.8/site-packages/airflow/example_dags/example_trigger_controller_dag.py
[2022-01-28 21:32:05,088] {processor.py:654} INFO - DAG(s) dict_keys(['example_trigger_controller_dag']) retrieved from /home/data-eginner/Documents/Soccer_Data/env/lib/python3.8/site-packages/airflow/example_dags/example_trigger_controller_dag.py
[2022-01-28 21:32:05,100] {logging_mixin.py:109} INFO - [2022-01-28 21:32:05,100] {dag.py:2396} INFO - Sync 1 DAGs
[2022-01-28 21:32:05,118] {logging_mixin.py:109} INFO - [2022-01-28 21:32:05,117] {dag.py:2935} INFO - Setting next_dagrun for example_trigger_controller_dag to 2021-01-01T00:00:00+00:00
[2022-01-28 21:32:05,136] {processor.py:171} INFO - Processing /home/data-eginner/Documents/Soccer_Data/env/lib/python3.8/site-packages/airflow/example_dags/example_trigger_controller_dag.py took 0.095 seconds
[2022-01-28 21:32:49,434] {processor.py:163} INFO - Started process (PID=24275) to work on /home/data-eginner/Documents/Soccer_Data/env/lib/python3.8/site-packages/airflow/example_dags/example_trigger_controller_dag.py
[2022-01-28 21:32:49,436] {processor.py:642} INFO - Processing file /home/data-eginner/Documents/Soccer_Data/env/lib/python3.8/site-packages/airflow/example_dags/example_trigger_controller_dag.py for tasks to queue
[2022-01-28 21:32:49,437] {logging_mixin.py:109} INFO - [2022-01-28 21:32:49,437] {dagbag.py:500} INFO - Filling up the DagBag from /home/data-eginner/Documents/Soccer_Data/env/lib/python3.8/site-packages/airflow/example_dags/example_trigger_controller_dag.py
[2022-01-28 21:32:49,459] {processor.py:654} INFO - DAG(s) dict_keys(['example_trigger_controller_dag']) retrieved from /home/data-eginner/Documents/Soccer_Data/env/lib/python3.8/site-packages/airflow/example_dags/example_trigger_controller_dag.py
[2022-01-28 21:32:49,470] {logging_mixin.py:109} INFO - [2022-01-28 21:32:49,470] {dag.py:2396} INFO - Sync 1 DAGs
[2022-01-28 21:32:49,485] {logging_mixin.py:109} INFO - [2022-01-28 21:32:49,485] {dag.py:2935} INFO - Setting next_dagrun for example_trigger_controller_dag to 2021-01-01T00:00:00+00:00
[2022-01-28 21:32:49,502] {processor.py:171} INFO - Processing /home/data-eginner/Documents/Soccer_Data/env/lib/python3.8/site-packages/airflow/example_dags/example_trigger_controller_dag.py took 0.071 seconds
[2022-01-28 21:33:29,404] {processor.py:163} INFO - Started process (PID=24433) to work on /home/data-eginner/Documents/Soccer_Data/env/lib/python3.8/site-packages/airflow/example_dags/example_trigger_controller_dag.py
[2022-01-28 21:33:29,419] {processor.py:642} INFO - Processing file /home/data-eginner/Documents/Soccer_Data/env/lib/python3.8/site-packages/airflow/example_dags/example_trigger_controller_dag.py for tasks to queue
[2022-01-28 21:33:29,419] {logging_mixin.py:109} INFO - [2022-01-28 21:33:29,419] {dagbag.py:500} INFO - Filling up the DagBag from /home/data-eginner/Documents/Soccer_Data/env/lib/python3.8/site-packages/airflow/example_dags/example_trigger_controller_dag.py
[2022-01-28 21:33:29,448] {processor.py:654} INFO - DAG(s) dict_keys(['example_trigger_controller_dag']) retrieved from /home/data-eginner/Documents/Soccer_Data/env/lib/python3.8/site-packages/airflow/example_dags/example_trigger_controller_dag.py
[2022-01-28 21:33:29,457] {logging_mixin.py:109} INFO - [2022-01-28 21:33:29,457] {dag.py:2396} INFO - Sync 1 DAGs
[2022-01-28 21:33:29,469] {logging_mixin.py:109} INFO - [2022-01-28 21:33:29,468] {dag.py:2935} INFO - Setting next_dagrun for example_trigger_controller_dag to 2021-01-01T00:00:00+00:00
[2022-01-28 21:33:29,510] {processor.py:171} INFO - Processing /home/data-eginner/Documents/Soccer_Data/env/lib/python3.8/site-packages/airflow/example_dags/example_trigger_controller_dag.py took 0.115 seconds
[2022-01-28 21:34:11,843] {processor.py:163} INFO - Started process (PID=24598) to work on /home/data-eginner/Documents/Soccer_Data/env/lib/python3.8/site-packages/airflow/example_dags/example_trigger_controller_dag.py
[2022-01-28 21:34:11,915] {processor.py:642} INFO - Processing file /home/data-eginner/Documents/Soccer_Data/env/lib/python3.8/site-packages/airflow/example_dags/example_trigger_controller_dag.py for tasks to queue
[2022-01-28 21:34:11,915] {logging_mixin.py:109} INFO - [2022-01-28 21:34:11,915] {dagbag.py:500} INFO - Filling up the DagBag from /home/data-eginner/Documents/Soccer_Data/env/lib/python3.8/site-packages/airflow/example_dags/example_trigger_controller_dag.py
[2022-01-28 21:34:11,940] {processor.py:654} INFO - DAG(s) dict_keys(['example_trigger_controller_dag']) retrieved from /home/data-eginner/Documents/Soccer_Data/env/lib/python3.8/site-packages/airflow/example_dags/example_trigger_controller_dag.py
[2022-01-28 21:34:11,951] {logging_mixin.py:109} INFO - [2022-01-28 21:34:11,951] {dag.py:2396} INFO - Sync 1 DAGs
[2022-01-28 21:34:11,966] {logging_mixin.py:109} INFO - [2022-01-28 21:34:11,966] {dag.py:2935} INFO - Setting next_dagrun for example_trigger_controller_dag to 2021-01-01T00:00:00+00:00
[2022-01-28 21:34:12,008] {processor.py:171} INFO - Processing /home/data-eginner/Documents/Soccer_Data/env/lib/python3.8/site-packages/airflow/example_dags/example_trigger_controller_dag.py took 0.170 seconds
[2022-01-28 21:34:49,314] {processor.py:163} INFO - Started process (PID=24739) to work on /home/data-eginner/Documents/Soccer_Data/env/lib/python3.8/site-packages/airflow/example_dags/example_trigger_controller_dag.py
[2022-01-28 21:34:49,328] {processor.py:642} INFO - Processing file /home/data-eginner/Documents/Soccer_Data/env/lib/python3.8/site-packages/airflow/example_dags/example_trigger_controller_dag.py for tasks to queue
[2022-01-28 21:34:49,330] {logging_mixin.py:109} INFO - [2022-01-28 21:34:49,329] {dagbag.py:500} INFO - Filling up the DagBag from /home/data-eginner/Documents/Soccer_Data/env/lib/python3.8/site-packages/airflow/example_dags/example_trigger_controller_dag.py
[2022-01-28 21:34:49,465] {processor.py:654} INFO - DAG(s) dict_keys(['example_trigger_controller_dag']) retrieved from /home/data-eginner/Documents/Soccer_Data/env/lib/python3.8/site-packages/airflow/example_dags/example_trigger_controller_dag.py
[2022-01-28 21:34:49,547] {logging_mixin.py:109} INFO - [2022-01-28 21:34:49,530] {dag.py:2396} INFO - Sync 1 DAGs
[2022-01-28 21:34:49,616] {logging_mixin.py:109} INFO - [2022-01-28 21:34:49,616] {dag.py:2935} INFO - Setting next_dagrun for example_trigger_controller_dag to 2021-01-01T00:00:00+00:00
[2022-01-28 21:34:49,679] {processor.py:171} INFO - Processing /home/data-eginner/Documents/Soccer_Data/env/lib/python3.8/site-packages/airflow/example_dags/example_trigger_controller_dag.py took 0.371 seconds
[2022-01-28 21:56:01,171] {processor.py:163} INFO - Started process (PID=25001) to work on /home/data-eginner/Documents/Soccer_Data/env/lib/python3.8/site-packages/airflow/example_dags/example_trigger_controller_dag.py
[2022-01-28 21:56:01,191] {processor.py:642} INFO - Processing file /home/data-eginner/Documents/Soccer_Data/env/lib/python3.8/site-packages/airflow/example_dags/example_trigger_controller_dag.py for tasks to queue
[2022-01-28 21:56:01,192] {logging_mixin.py:109} INFO - [2022-01-28 21:56:01,192] {dagbag.py:500} INFO - Filling up the DagBag from /home/data-eginner/Documents/Soccer_Data/env/lib/python3.8/site-packages/airflow/example_dags/example_trigger_controller_dag.py
[2022-01-28 21:56:01,277] {processor.py:654} INFO - DAG(s) dict_keys(['example_trigger_controller_dag']) retrieved from /home/data-eginner/Documents/Soccer_Data/env/lib/python3.8/site-packages/airflow/example_dags/example_trigger_controller_dag.py
[2022-01-28 21:56:01,341] {logging_mixin.py:109} INFO - [2022-01-28 21:56:01,341] {dag.py:2396} INFO - Sync 1 DAGs
[2022-01-28 21:56:01,390] {logging_mixin.py:109} INFO - [2022-01-28 21:56:01,390] {dag.py:2935} INFO - Setting next_dagrun for example_trigger_controller_dag to 2021-01-01T00:00:00+00:00
[2022-01-28 21:56:01,459] {processor.py:171} INFO - Processing /home/data-eginner/Documents/Soccer_Data/env/lib/python3.8/site-packages/airflow/example_dags/example_trigger_controller_dag.py took 0.310 seconds
[2022-01-28 21:56:51,311] {processor.py:163} INFO - Started process (PID=25182) to work on /home/data-eginner/Documents/Soccer_Data/env/lib/python3.8/site-packages/airflow/example_dags/example_trigger_controller_dag.py
[2022-01-28 21:56:51,319] {processor.py:642} INFO - Processing file /home/data-eginner/Documents/Soccer_Data/env/lib/python3.8/site-packages/airflow/example_dags/example_trigger_controller_dag.py for tasks to queue
[2022-01-28 21:56:51,319] {logging_mixin.py:109} INFO - [2022-01-28 21:56:51,319] {dagbag.py:500} INFO - Filling up the DagBag from /home/data-eginner/Documents/Soccer_Data/env/lib/python3.8/site-packages/airflow/example_dags/example_trigger_controller_dag.py
[2022-01-28 21:56:51,354] {processor.py:654} INFO - DAG(s) dict_keys(['example_trigger_controller_dag']) retrieved from /home/data-eginner/Documents/Soccer_Data/env/lib/python3.8/site-packages/airflow/example_dags/example_trigger_controller_dag.py
[2022-01-28 21:56:51,372] {logging_mixin.py:109} INFO - [2022-01-28 21:56:51,371] {dag.py:2396} INFO - Sync 1 DAGs
[2022-01-28 21:56:51,391] {logging_mixin.py:109} INFO - [2022-01-28 21:56:51,390] {dag.py:2935} INFO - Setting next_dagrun for example_trigger_controller_dag to 2021-01-01T00:00:00+00:00
[2022-01-28 21:56:51,435] {processor.py:171} INFO - Processing /home/data-eginner/Documents/Soccer_Data/env/lib/python3.8/site-packages/airflow/example_dags/example_trigger_controller_dag.py took 0.126 seconds
[2022-01-28 21:57:33,974] {processor.py:163} INFO - Started process (PID=25342) to work on /home/data-eginner/Documents/Soccer_Data/env/lib/python3.8/site-packages/airflow/example_dags/example_trigger_controller_dag.py
[2022-01-28 21:57:33,987] {processor.py:642} INFO - Processing file /home/data-eginner/Documents/Soccer_Data/env/lib/python3.8/site-packages/airflow/example_dags/example_trigger_controller_dag.py for tasks to queue
[2022-01-28 21:57:33,988] {logging_mixin.py:109} INFO - [2022-01-28 21:57:33,988] {dagbag.py:500} INFO - Filling up the DagBag from /home/data-eginner/Documents/Soccer_Data/env/lib/python3.8/site-packages/airflow/example_dags/example_trigger_controller_dag.py
[2022-01-28 21:57:34,035] {processor.py:654} INFO - DAG(s) dict_keys(['example_trigger_controller_dag']) retrieved from /home/data-eginner/Documents/Soccer_Data/env/lib/python3.8/site-packages/airflow/example_dags/example_trigger_controller_dag.py
[2022-01-28 21:57:34,054] {logging_mixin.py:109} INFO - [2022-01-28 21:57:34,054] {dag.py:2396} INFO - Sync 1 DAGs
[2022-01-28 21:57:34,076] {logging_mixin.py:109} INFO - [2022-01-28 21:57:34,076] {dag.py:2935} INFO - Setting next_dagrun for example_trigger_controller_dag to 2021-01-01T00:00:00+00:00
[2022-01-28 21:57:34,107] {processor.py:171} INFO - Processing /home/data-eginner/Documents/Soccer_Data/env/lib/python3.8/site-packages/airflow/example_dags/example_trigger_controller_dag.py took 0.144 seconds
[2022-01-28 21:58:12,804] {processor.py:163} INFO - Started process (PID=25505) to work on /home/data-eginner/Documents/Soccer_Data/env/lib/python3.8/site-packages/airflow/example_dags/example_trigger_controller_dag.py
[2022-01-28 21:58:12,806] {processor.py:642} INFO - Processing file /home/data-eginner/Documents/Soccer_Data/env/lib/python3.8/site-packages/airflow/example_dags/example_trigger_controller_dag.py for tasks to queue
[2022-01-28 21:58:12,807] {logging_mixin.py:109} INFO - [2022-01-28 21:58:12,807] {dagbag.py:500} INFO - Filling up the DagBag from /home/data-eginner/Documents/Soccer_Data/env/lib/python3.8/site-packages/airflow/example_dags/example_trigger_controller_dag.py
[2022-01-28 21:58:12,827] {processor.py:654} INFO - DAG(s) dict_keys(['example_trigger_controller_dag']) retrieved from /home/data-eginner/Documents/Soccer_Data/env/lib/python3.8/site-packages/airflow/example_dags/example_trigger_controller_dag.py
[2022-01-28 21:58:12,835] {logging_mixin.py:109} INFO - [2022-01-28 21:58:12,835] {dag.py:2396} INFO - Sync 1 DAGs
[2022-01-28 21:58:12,846] {logging_mixin.py:109} INFO - [2022-01-28 21:58:12,846] {dag.py:2935} INFO - Setting next_dagrun for example_trigger_controller_dag to 2021-01-01T00:00:00+00:00
[2022-01-28 21:58:12,864] {processor.py:171} INFO - Processing /home/data-eginner/Documents/Soccer_Data/env/lib/python3.8/site-packages/airflow/example_dags/example_trigger_controller_dag.py took 0.062 seconds
[2022-01-28 21:58:52,810] {processor.py:163} INFO - Started process (PID=25662) to work on /home/data-eginner/Documents/Soccer_Data/env/lib/python3.8/site-packages/airflow/example_dags/example_trigger_controller_dag.py
[2022-01-28 21:58:52,820] {processor.py:642} INFO - Processing file /home/data-eginner/Documents/Soccer_Data/env/lib/python3.8/site-packages/airflow/example_dags/example_trigger_controller_dag.py for tasks to queue
[2022-01-28 21:58:52,820] {logging_mixin.py:109} INFO - [2022-01-28 21:58:52,820] {dagbag.py:500} INFO - Filling up the DagBag from /home/data-eginner/Documents/Soccer_Data/env/lib/python3.8/site-packages/airflow/example_dags/example_trigger_controller_dag.py
[2022-01-28 21:58:52,848] {processor.py:654} INFO - DAG(s) dict_keys(['example_trigger_controller_dag']) retrieved from /home/data-eginner/Documents/Soccer_Data/env/lib/python3.8/site-packages/airflow/example_dags/example_trigger_controller_dag.py
[2022-01-28 21:58:52,860] {logging_mixin.py:109} INFO - [2022-01-28 21:58:52,860] {dag.py:2396} INFO - Sync 1 DAGs
[2022-01-28 21:58:52,892] {logging_mixin.py:109} INFO - [2022-01-28 21:58:52,892] {dag.py:2935} INFO - Setting next_dagrun for example_trigger_controller_dag to 2021-01-01T00:00:00+00:00
[2022-01-28 21:58:52,932] {processor.py:171} INFO - Processing /home/data-eginner/Documents/Soccer_Data/env/lib/python3.8/site-packages/airflow/example_dags/example_trigger_controller_dag.py took 0.124 seconds
[2022-01-28 21:59:32,986] {processor.py:163} INFO - Started process (PID=25814) to work on /home/data-eginner/Documents/Soccer_Data/env/lib/python3.8/site-packages/airflow/example_dags/example_trigger_controller_dag.py
[2022-01-28 21:59:32,988] {processor.py:642} INFO - Processing file /home/data-eginner/Documents/Soccer_Data/env/lib/python3.8/site-packages/airflow/example_dags/example_trigger_controller_dag.py for tasks to queue
[2022-01-28 21:59:32,988] {logging_mixin.py:109} INFO - [2022-01-28 21:59:32,988] {dagbag.py:500} INFO - Filling up the DagBag from /home/data-eginner/Documents/Soccer_Data/env/lib/python3.8/site-packages/airflow/example_dags/example_trigger_controller_dag.py
[2022-01-28 21:59:33,022] {processor.py:654} INFO - DAG(s) dict_keys(['example_trigger_controller_dag']) retrieved from /home/data-eginner/Documents/Soccer_Data/env/lib/python3.8/site-packages/airflow/example_dags/example_trigger_controller_dag.py
[2022-01-28 21:59:33,046] {logging_mixin.py:109} INFO - [2022-01-28 21:59:33,046] {dag.py:2396} INFO - Sync 1 DAGs
[2022-01-28 21:59:33,060] {logging_mixin.py:109} INFO - [2022-01-28 21:59:33,060] {dag.py:2935} INFO - Setting next_dagrun for example_trigger_controller_dag to 2021-01-01T00:00:00+00:00
[2022-01-28 21:59:33,189] {processor.py:171} INFO - Processing /home/data-eginner/Documents/Soccer_Data/env/lib/python3.8/site-packages/airflow/example_dags/example_trigger_controller_dag.py took 0.206 seconds
[2022-01-28 22:00:08,406] {processor.py:163} INFO - Started process (PID=25949) to work on /home/data-eginner/Documents/Soccer_Data/env/lib/python3.8/site-packages/airflow/example_dags/example_trigger_controller_dag.py
[2022-01-28 22:00:08,414] {processor.py:642} INFO - Processing file /home/data-eginner/Documents/Soccer_Data/env/lib/python3.8/site-packages/airflow/example_dags/example_trigger_controller_dag.py for tasks to queue
[2022-01-28 22:00:08,415] {logging_mixin.py:109} INFO - [2022-01-28 22:00:08,415] {dagbag.py:500} INFO - Filling up the DagBag from /home/data-eginner/Documents/Soccer_Data/env/lib/python3.8/site-packages/airflow/example_dags/example_trigger_controller_dag.py
[2022-01-28 22:00:08,457] {processor.py:654} INFO - DAG(s) dict_keys(['example_trigger_controller_dag']) retrieved from /home/data-eginner/Documents/Soccer_Data/env/lib/python3.8/site-packages/airflow/example_dags/example_trigger_controller_dag.py
[2022-01-28 22:00:08,490] {logging_mixin.py:109} INFO - [2022-01-28 22:00:08,490] {dag.py:2396} INFO - Sync 1 DAGs
[2022-01-28 22:00:08,524] {logging_mixin.py:109} INFO - [2022-01-28 22:00:08,524] {dag.py:2935} INFO - Setting next_dagrun for example_trigger_controller_dag to 2021-01-01T00:00:00+00:00
[2022-01-28 22:00:08,554] {processor.py:171} INFO - Processing /home/data-eginner/Documents/Soccer_Data/env/lib/python3.8/site-packages/airflow/example_dags/example_trigger_controller_dag.py took 0.151 seconds
[2022-01-28 22:00:43,861] {processor.py:163} INFO - Started process (PID=26096) to work on /home/data-eginner/Documents/Soccer_Data/env/lib/python3.8/site-packages/airflow/example_dags/example_trigger_controller_dag.py
[2022-01-28 22:00:43,863] {processor.py:642} INFO - Processing file /home/data-eginner/Documents/Soccer_Data/env/lib/python3.8/site-packages/airflow/example_dags/example_trigger_controller_dag.py for tasks to queue
[2022-01-28 22:00:43,864] {logging_mixin.py:109} INFO - [2022-01-28 22:00:43,864] {dagbag.py:500} INFO - Filling up the DagBag from /home/data-eginner/Documents/Soccer_Data/env/lib/python3.8/site-packages/airflow/example_dags/example_trigger_controller_dag.py
[2022-01-28 22:00:43,881] {processor.py:654} INFO - DAG(s) dict_keys(['example_trigger_controller_dag']) retrieved from /home/data-eginner/Documents/Soccer_Data/env/lib/python3.8/site-packages/airflow/example_dags/example_trigger_controller_dag.py
[2022-01-28 22:00:43,890] {logging_mixin.py:109} INFO - [2022-01-28 22:00:43,890] {dag.py:2396} INFO - Sync 1 DAGs
[2022-01-28 22:00:43,914] {logging_mixin.py:109} INFO - [2022-01-28 22:00:43,914] {dag.py:2935} INFO - Setting next_dagrun for example_trigger_controller_dag to 2021-01-01T00:00:00+00:00
[2022-01-28 22:00:43,946] {processor.py:171} INFO - Processing /home/data-eginner/Documents/Soccer_Data/env/lib/python3.8/site-packages/airflow/example_dags/example_trigger_controller_dag.py took 0.087 seconds
[2022-01-28 22:01:20,037] {processor.py:163} INFO - Started process (PID=26240) to work on /home/data-eginner/Documents/Soccer_Data/env/lib/python3.8/site-packages/airflow/example_dags/example_trigger_controller_dag.py
[2022-01-28 22:01:20,047] {processor.py:642} INFO - Processing file /home/data-eginner/Documents/Soccer_Data/env/lib/python3.8/site-packages/airflow/example_dags/example_trigger_controller_dag.py for tasks to queue
[2022-01-28 22:01:20,047] {logging_mixin.py:109} INFO - [2022-01-28 22:01:20,047] {dagbag.py:500} INFO - Filling up the DagBag from /home/data-eginner/Documents/Soccer_Data/env/lib/python3.8/site-packages/airflow/example_dags/example_trigger_controller_dag.py
[2022-01-28 22:01:20,147] {processor.py:654} INFO - DAG(s) dict_keys(['example_trigger_controller_dag']) retrieved from /home/data-eginner/Documents/Soccer_Data/env/lib/python3.8/site-packages/airflow/example_dags/example_trigger_controller_dag.py
[2022-01-28 22:01:20,167] {logging_mixin.py:109} INFO - [2022-01-28 22:01:20,167] {dag.py:2396} INFO - Sync 1 DAGs
[2022-01-28 22:01:20,208] {logging_mixin.py:109} INFO - [2022-01-28 22:01:20,208] {dag.py:2935} INFO - Setting next_dagrun for example_trigger_controller_dag to 2021-01-01T00:00:00+00:00
[2022-01-28 22:01:20,237] {processor.py:171} INFO - Processing /home/data-eginner/Documents/Soccer_Data/env/lib/python3.8/site-packages/airflow/example_dags/example_trigger_controller_dag.py took 0.203 seconds
[2022-01-28 22:01:59,116] {processor.py:163} INFO - Started process (PID=26388) to work on /home/data-eginner/Documents/Soccer_Data/env/lib/python3.8/site-packages/airflow/example_dags/example_trigger_controller_dag.py
[2022-01-28 22:01:59,120] {processor.py:642} INFO - Processing file /home/data-eginner/Documents/Soccer_Data/env/lib/python3.8/site-packages/airflow/example_dags/example_trigger_controller_dag.py for tasks to queue
[2022-01-28 22:01:59,121] {logging_mixin.py:109} INFO - [2022-01-28 22:01:59,120] {dagbag.py:500} INFO - Filling up the DagBag from /home/data-eginner/Documents/Soccer_Data/env/lib/python3.8/site-packages/airflow/example_dags/example_trigger_controller_dag.py
[2022-01-28 22:01:59,150] {processor.py:654} INFO - DAG(s) dict_keys(['example_trigger_controller_dag']) retrieved from /home/data-eginner/Documents/Soccer_Data/env/lib/python3.8/site-packages/airflow/example_dags/example_trigger_controller_dag.py
[2022-01-28 22:01:59,158] {logging_mixin.py:109} INFO - [2022-01-28 22:01:59,158] {dag.py:2396} INFO - Sync 1 DAGs
[2022-01-28 22:01:59,180] {logging_mixin.py:109} INFO - [2022-01-28 22:01:59,180] {dag.py:2935} INFO - Setting next_dagrun for example_trigger_controller_dag to 2021-01-01T00:00:00+00:00
[2022-01-28 22:01:59,229] {processor.py:171} INFO - Processing /home/data-eginner/Documents/Soccer_Data/env/lib/python3.8/site-packages/airflow/example_dags/example_trigger_controller_dag.py took 0.115 seconds
[2022-01-28 22:04:09,882] {processor.py:163} INFO - Started process (PID=26528) to work on /home/data-eginner/Documents/Soccer_Data/env/lib/python3.8/site-packages/airflow/example_dags/example_trigger_controller_dag.py
[2022-01-28 22:04:09,886] {processor.py:642} INFO - Processing file /home/data-eginner/Documents/Soccer_Data/env/lib/python3.8/site-packages/airflow/example_dags/example_trigger_controller_dag.py for tasks to queue
[2022-01-28 22:04:09,887] {logging_mixin.py:109} INFO - [2022-01-28 22:04:09,887] {dagbag.py:500} INFO - Filling up the DagBag from /home/data-eginner/Documents/Soccer_Data/env/lib/python3.8/site-packages/airflow/example_dags/example_trigger_controller_dag.py
[2022-01-28 22:04:09,924] {processor.py:654} INFO - DAG(s) dict_keys(['example_trigger_controller_dag']) retrieved from /home/data-eginner/Documents/Soccer_Data/env/lib/python3.8/site-packages/airflow/example_dags/example_trigger_controller_dag.py
[2022-01-28 22:04:09,945] {logging_mixin.py:109} INFO - [2022-01-28 22:04:09,944] {dag.py:2396} INFO - Sync 1 DAGs
[2022-01-28 22:04:09,966] {logging_mixin.py:109} INFO - [2022-01-28 22:04:09,966] {dag.py:2935} INFO - Setting next_dagrun for example_trigger_controller_dag to 2021-01-01T00:00:00+00:00
[2022-01-28 22:04:10,004] {processor.py:171} INFO - Processing /home/data-eginner/Documents/Soccer_Data/env/lib/python3.8/site-packages/airflow/example_dags/example_trigger_controller_dag.py took 0.124 seconds
[2022-01-28 22:04:51,600] {processor.py:163} INFO - Started process (PID=26694) to work on /home/data-eginner/Documents/Soccer_Data/env/lib/python3.8/site-packages/airflow/example_dags/example_trigger_controller_dag.py
[2022-01-28 22:04:51,614] {processor.py:642} INFO - Processing file /home/data-eginner/Documents/Soccer_Data/env/lib/python3.8/site-packages/airflow/example_dags/example_trigger_controller_dag.py for tasks to queue
[2022-01-28 22:04:51,615] {logging_mixin.py:109} INFO - [2022-01-28 22:04:51,615] {dagbag.py:500} INFO - Filling up the DagBag from /home/data-eginner/Documents/Soccer_Data/env/lib/python3.8/site-packages/airflow/example_dags/example_trigger_controller_dag.py
[2022-01-28 22:04:51,653] {processor.py:654} INFO - DAG(s) dict_keys(['example_trigger_controller_dag']) retrieved from /home/data-eginner/Documents/Soccer_Data/env/lib/python3.8/site-packages/airflow/example_dags/example_trigger_controller_dag.py
[2022-01-28 22:04:51,675] {logging_mixin.py:109} INFO - [2022-01-28 22:04:51,675] {dag.py:2396} INFO - Sync 1 DAGs
[2022-01-28 22:04:51,696] {logging_mixin.py:109} INFO - [2022-01-28 22:04:51,696] {dag.py:2935} INFO - Setting next_dagrun for example_trigger_controller_dag to 2021-01-01T00:00:00+00:00
[2022-01-28 22:04:51,732] {processor.py:171} INFO - Processing /home/data-eginner/Documents/Soccer_Data/env/lib/python3.8/site-packages/airflow/example_dags/example_trigger_controller_dag.py took 0.135 seconds
[2022-01-28 22:05:33,939] {processor.py:163} INFO - Started process (PID=26859) to work on /home/data-eginner/Documents/Soccer_Data/env/lib/python3.8/site-packages/airflow/example_dags/example_trigger_controller_dag.py
[2022-01-28 22:05:33,944] {processor.py:642} INFO - Processing file /home/data-eginner/Documents/Soccer_Data/env/lib/python3.8/site-packages/airflow/example_dags/example_trigger_controller_dag.py for tasks to queue
[2022-01-28 22:05:33,945] {logging_mixin.py:109} INFO - [2022-01-28 22:05:33,945] {dagbag.py:500} INFO - Filling up the DagBag from /home/data-eginner/Documents/Soccer_Data/env/lib/python3.8/site-packages/airflow/example_dags/example_trigger_controller_dag.py
[2022-01-28 22:05:33,994] {processor.py:654} INFO - DAG(s) dict_keys(['example_trigger_controller_dag']) retrieved from /home/data-eginner/Documents/Soccer_Data/env/lib/python3.8/site-packages/airflow/example_dags/example_trigger_controller_dag.py
[2022-01-28 22:05:34,014] {logging_mixin.py:109} INFO - [2022-01-28 22:05:34,014] {dag.py:2396} INFO - Sync 1 DAGs
[2022-01-28 22:05:34,057] {logging_mixin.py:109} INFO - [2022-01-28 22:05:34,057] {dag.py:2935} INFO - Setting next_dagrun for example_trigger_controller_dag to 2021-01-01T00:00:00+00:00
[2022-01-28 22:05:34,089] {processor.py:171} INFO - Processing /home/data-eginner/Documents/Soccer_Data/env/lib/python3.8/site-packages/airflow/example_dags/example_trigger_controller_dag.py took 0.155 seconds
[2022-01-28 22:06:14,296] {processor.py:163} INFO - Started process (PID=27019) to work on /home/data-eginner/Documents/Soccer_Data/env/lib/python3.8/site-packages/airflow/example_dags/example_trigger_controller_dag.py
[2022-01-28 22:06:14,311] {processor.py:642} INFO - Processing file /home/data-eginner/Documents/Soccer_Data/env/lib/python3.8/site-packages/airflow/example_dags/example_trigger_controller_dag.py for tasks to queue
[2022-01-28 22:06:14,312] {logging_mixin.py:109} INFO - [2022-01-28 22:06:14,311] {dagbag.py:500} INFO - Filling up the DagBag from /home/data-eginner/Documents/Soccer_Data/env/lib/python3.8/site-packages/airflow/example_dags/example_trigger_controller_dag.py
[2022-01-28 22:06:14,339] {processor.py:654} INFO - DAG(s) dict_keys(['example_trigger_controller_dag']) retrieved from /home/data-eginner/Documents/Soccer_Data/env/lib/python3.8/site-packages/airflow/example_dags/example_trigger_controller_dag.py
[2022-01-28 22:06:14,347] {logging_mixin.py:109} INFO - [2022-01-28 22:06:14,347] {dag.py:2396} INFO - Sync 1 DAGs
[2022-01-28 22:06:14,358] {logging_mixin.py:109} INFO - [2022-01-28 22:06:14,358] {dag.py:2935} INFO - Setting next_dagrun for example_trigger_controller_dag to 2021-01-01T00:00:00+00:00
[2022-01-28 22:06:14,372] {processor.py:171} INFO - Processing /home/data-eginner/Documents/Soccer_Data/env/lib/python3.8/site-packages/airflow/example_dags/example_trigger_controller_dag.py took 0.079 seconds
[2022-01-28 22:06:53,714] {processor.py:163} INFO - Started process (PID=27184) to work on /home/data-eginner/Documents/Soccer_Data/env/lib/python3.8/site-packages/airflow/example_dags/example_trigger_controller_dag.py
[2022-01-28 22:06:53,807] {processor.py:642} INFO - Processing file /home/data-eginner/Documents/Soccer_Data/env/lib/python3.8/site-packages/airflow/example_dags/example_trigger_controller_dag.py for tasks to queue
[2022-01-28 22:06:53,807] {logging_mixin.py:109} INFO - [2022-01-28 22:06:53,807] {dagbag.py:500} INFO - Filling up the DagBag from /home/data-eginner/Documents/Soccer_Data/env/lib/python3.8/site-packages/airflow/example_dags/example_trigger_controller_dag.py
[2022-01-28 22:06:53,846] {processor.py:654} INFO - DAG(s) dict_keys(['example_trigger_controller_dag']) retrieved from /home/data-eginner/Documents/Soccer_Data/env/lib/python3.8/site-packages/airflow/example_dags/example_trigger_controller_dag.py
[2022-01-28 22:06:53,883] {logging_mixin.py:109} INFO - [2022-01-28 22:06:53,883] {dag.py:2396} INFO - Sync 1 DAGs
[2022-01-28 22:06:53,909] {logging_mixin.py:109} INFO - [2022-01-28 22:06:53,909] {dag.py:2935} INFO - Setting next_dagrun for example_trigger_controller_dag to 2021-01-01T00:00:00+00:00
[2022-01-28 22:06:53,948] {processor.py:171} INFO - Processing /home/data-eginner/Documents/Soccer_Data/env/lib/python3.8/site-packages/airflow/example_dags/example_trigger_controller_dag.py took 0.236 seconds
[2022-01-28 22:07:43,408] {processor.py:163} INFO - Started process (PID=27372) to work on /home/data-eginner/Documents/Soccer_Data/env/lib/python3.8/site-packages/airflow/example_dags/example_trigger_controller_dag.py
[2022-01-28 22:07:43,410] {processor.py:642} INFO - Processing file /home/data-eginner/Documents/Soccer_Data/env/lib/python3.8/site-packages/airflow/example_dags/example_trigger_controller_dag.py for tasks to queue
[2022-01-28 22:07:43,411] {logging_mixin.py:109} INFO - [2022-01-28 22:07:43,411] {dagbag.py:500} INFO - Filling up the DagBag from /home/data-eginner/Documents/Soccer_Data/env/lib/python3.8/site-packages/airflow/example_dags/example_trigger_controller_dag.py
[2022-01-28 22:07:43,451] {processor.py:654} INFO - DAG(s) dict_keys(['example_trigger_controller_dag']) retrieved from /home/data-eginner/Documents/Soccer_Data/env/lib/python3.8/site-packages/airflow/example_dags/example_trigger_controller_dag.py
[2022-01-28 22:07:43,458] {logging_mixin.py:109} INFO - [2022-01-28 22:07:43,458] {dag.py:2396} INFO - Sync 1 DAGs
[2022-01-28 22:07:43,490] {logging_mixin.py:109} INFO - [2022-01-28 22:07:43,490] {dag.py:2935} INFO - Setting next_dagrun for example_trigger_controller_dag to 2021-01-01T00:00:00+00:00
[2022-01-28 22:07:43,535] {processor.py:171} INFO - Processing /home/data-eginner/Documents/Soccer_Data/env/lib/python3.8/site-packages/airflow/example_dags/example_trigger_controller_dag.py took 0.141 seconds
[2022-01-28 22:08:26,993] {processor.py:163} INFO - Started process (PID=27554) to work on /home/data-eginner/Documents/Soccer_Data/env/lib/python3.8/site-packages/airflow/example_dags/example_trigger_controller_dag.py
[2022-01-28 22:08:27,004] {processor.py:642} INFO - Processing file /home/data-eginner/Documents/Soccer_Data/env/lib/python3.8/site-packages/airflow/example_dags/example_trigger_controller_dag.py for tasks to queue
[2022-01-28 22:08:27,004] {logging_mixin.py:109} INFO - [2022-01-28 22:08:27,004] {dagbag.py:500} INFO - Filling up the DagBag from /home/data-eginner/Documents/Soccer_Data/env/lib/python3.8/site-packages/airflow/example_dags/example_trigger_controller_dag.py
[2022-01-28 22:08:27,050] {processor.py:654} INFO - DAG(s) dict_keys(['example_trigger_controller_dag']) retrieved from /home/data-eginner/Documents/Soccer_Data/env/lib/python3.8/site-packages/airflow/example_dags/example_trigger_controller_dag.py
[2022-01-28 22:08:27,058] {logging_mixin.py:109} INFO - [2022-01-28 22:08:27,058] {dag.py:2396} INFO - Sync 1 DAGs
[2022-01-28 22:08:27,080] {logging_mixin.py:109} INFO - [2022-01-28 22:08:27,079] {dag.py:2935} INFO - Setting next_dagrun for example_trigger_controller_dag to 2021-01-01T00:00:00+00:00
[2022-01-28 22:08:27,114] {processor.py:171} INFO - Processing /home/data-eginner/Documents/Soccer_Data/env/lib/python3.8/site-packages/airflow/example_dags/example_trigger_controller_dag.py took 0.123 seconds
[2022-01-28 22:09:10,498] {processor.py:163} INFO - Started process (PID=27728) to work on /home/data-eginner/Documents/Soccer_Data/env/lib/python3.8/site-packages/airflow/example_dags/example_trigger_controller_dag.py
[2022-01-28 22:09:10,506] {processor.py:642} INFO - Processing file /home/data-eginner/Documents/Soccer_Data/env/lib/python3.8/site-packages/airflow/example_dags/example_trigger_controller_dag.py for tasks to queue
[2022-01-28 22:09:10,508] {logging_mixin.py:109} INFO - [2022-01-28 22:09:10,507] {dagbag.py:500} INFO - Filling up the DagBag from /home/data-eginner/Documents/Soccer_Data/env/lib/python3.8/site-packages/airflow/example_dags/example_trigger_controller_dag.py
[2022-01-28 22:09:10,591] {processor.py:654} INFO - DAG(s) dict_keys(['example_trigger_controller_dag']) retrieved from /home/data-eginner/Documents/Soccer_Data/env/lib/python3.8/site-packages/airflow/example_dags/example_trigger_controller_dag.py
[2022-01-28 22:09:10,619] {logging_mixin.py:109} INFO - [2022-01-28 22:09:10,619] {dag.py:2396} INFO - Sync 1 DAGs
[2022-01-28 22:09:10,651] {logging_mixin.py:109} INFO - [2022-01-28 22:09:10,651] {dag.py:2935} INFO - Setting next_dagrun for example_trigger_controller_dag to 2021-01-01T00:00:00+00:00
[2022-01-28 22:09:10,697] {processor.py:171} INFO - Processing /home/data-eginner/Documents/Soccer_Data/env/lib/python3.8/site-packages/airflow/example_dags/example_trigger_controller_dag.py took 0.219 seconds
[2022-01-28 22:09:52,042] {processor.py:163} INFO - Started process (PID=27895) to work on /home/data-eginner/Documents/Soccer_Data/env/lib/python3.8/site-packages/airflow/example_dags/example_trigger_controller_dag.py
[2022-01-28 22:09:52,046] {processor.py:642} INFO - Processing file /home/data-eginner/Documents/Soccer_Data/env/lib/python3.8/site-packages/airflow/example_dags/example_trigger_controller_dag.py for tasks to queue
[2022-01-28 22:09:52,047] {logging_mixin.py:109} INFO - [2022-01-28 22:09:52,047] {dagbag.py:500} INFO - Filling up the DagBag from /home/data-eginner/Documents/Soccer_Data/env/lib/python3.8/site-packages/airflow/example_dags/example_trigger_controller_dag.py
[2022-01-28 22:09:52,067] {processor.py:654} INFO - DAG(s) dict_keys(['example_trigger_controller_dag']) retrieved from /home/data-eginner/Documents/Soccer_Data/env/lib/python3.8/site-packages/airflow/example_dags/example_trigger_controller_dag.py
[2022-01-28 22:09:52,075] {logging_mixin.py:109} INFO - [2022-01-28 22:09:52,075] {dag.py:2396} INFO - Sync 1 DAGs
[2022-01-28 22:09:52,086] {logging_mixin.py:109} INFO - [2022-01-28 22:09:52,086] {dag.py:2935} INFO - Setting next_dagrun for example_trigger_controller_dag to 2021-01-01T00:00:00+00:00
[2022-01-28 22:09:52,112] {processor.py:171} INFO - Processing /home/data-eginner/Documents/Soccer_Data/env/lib/python3.8/site-packages/airflow/example_dags/example_trigger_controller_dag.py took 0.073 seconds
[2022-01-28 22:10:28,206] {processor.py:163} INFO - Started process (PID=28048) to work on /home/data-eginner/Documents/Soccer_Data/env/lib/python3.8/site-packages/airflow/example_dags/example_trigger_controller_dag.py
[2022-01-28 22:10:28,230] {processor.py:642} INFO - Processing file /home/data-eginner/Documents/Soccer_Data/env/lib/python3.8/site-packages/airflow/example_dags/example_trigger_controller_dag.py for tasks to queue
[2022-01-28 22:10:28,231] {logging_mixin.py:109} INFO - [2022-01-28 22:10:28,231] {dagbag.py:500} INFO - Filling up the DagBag from /home/data-eginner/Documents/Soccer_Data/env/lib/python3.8/site-packages/airflow/example_dags/example_trigger_controller_dag.py
[2022-01-28 22:10:28,280] {processor.py:654} INFO - DAG(s) dict_keys(['example_trigger_controller_dag']) retrieved from /home/data-eginner/Documents/Soccer_Data/env/lib/python3.8/site-packages/airflow/example_dags/example_trigger_controller_dag.py
[2022-01-28 22:10:28,306] {logging_mixin.py:109} INFO - [2022-01-28 22:10:28,306] {dag.py:2396} INFO - Sync 1 DAGs
[2022-01-28 22:10:28,332] {logging_mixin.py:109} INFO - [2022-01-28 22:10:28,332] {dag.py:2935} INFO - Setting next_dagrun for example_trigger_controller_dag to 2021-01-01T00:00:00+00:00
[2022-01-28 22:10:28,370] {processor.py:171} INFO - Processing /home/data-eginner/Documents/Soccer_Data/env/lib/python3.8/site-packages/airflow/example_dags/example_trigger_controller_dag.py took 0.168 seconds
[2022-01-28 22:11:06,405] {processor.py:163} INFO - Started process (PID=28216) to work on /home/data-eginner/Documents/Soccer_Data/env/lib/python3.8/site-packages/airflow/example_dags/example_trigger_controller_dag.py
[2022-01-28 22:11:06,412] {processor.py:642} INFO - Processing file /home/data-eginner/Documents/Soccer_Data/env/lib/python3.8/site-packages/airflow/example_dags/example_trigger_controller_dag.py for tasks to queue
[2022-01-28 22:11:06,414] {logging_mixin.py:109} INFO - [2022-01-28 22:11:06,414] {dagbag.py:500} INFO - Filling up the DagBag from /home/data-eginner/Documents/Soccer_Data/env/lib/python3.8/site-packages/airflow/example_dags/example_trigger_controller_dag.py
[2022-01-28 22:11:06,441] {processor.py:654} INFO - DAG(s) dict_keys(['example_trigger_controller_dag']) retrieved from /home/data-eginner/Documents/Soccer_Data/env/lib/python3.8/site-packages/airflow/example_dags/example_trigger_controller_dag.py
[2022-01-28 22:11:06,449] {logging_mixin.py:109} INFO - [2022-01-28 22:11:06,449] {dag.py:2396} INFO - Sync 1 DAGs
[2022-01-28 22:11:06,459] {logging_mixin.py:109} INFO - [2022-01-28 22:11:06,459] {dag.py:2935} INFO - Setting next_dagrun for example_trigger_controller_dag to 2021-01-01T00:00:00+00:00
[2022-01-28 22:11:06,477] {processor.py:171} INFO - Processing /home/data-eginner/Documents/Soccer_Data/env/lib/python3.8/site-packages/airflow/example_dags/example_trigger_controller_dag.py took 0.078 seconds
[2022-01-28 22:11:41,105] {processor.py:163} INFO - Started process (PID=28359) to work on /home/data-eginner/Documents/Soccer_Data/env/lib/python3.8/site-packages/airflow/example_dags/example_trigger_controller_dag.py
[2022-01-28 22:11:41,112] {processor.py:642} INFO - Processing file /home/data-eginner/Documents/Soccer_Data/env/lib/python3.8/site-packages/airflow/example_dags/example_trigger_controller_dag.py for tasks to queue
[2022-01-28 22:11:41,113] {logging_mixin.py:109} INFO - [2022-01-28 22:11:41,113] {dagbag.py:500} INFO - Filling up the DagBag from /home/data-eginner/Documents/Soccer_Data/env/lib/python3.8/site-packages/airflow/example_dags/example_trigger_controller_dag.py
[2022-01-28 22:11:41,152] {processor.py:654} INFO - DAG(s) dict_keys(['example_trigger_controller_dag']) retrieved from /home/data-eginner/Documents/Soccer_Data/env/lib/python3.8/site-packages/airflow/example_dags/example_trigger_controller_dag.py
[2022-01-28 22:11:41,195] {logging_mixin.py:109} INFO - [2022-01-28 22:11:41,195] {dag.py:2396} INFO - Sync 1 DAGs
[2022-01-28 22:11:41,231] {logging_mixin.py:109} INFO - [2022-01-28 22:11:41,231] {dag.py:2935} INFO - Setting next_dagrun for example_trigger_controller_dag to 2021-01-01T00:00:00+00:00
[2022-01-28 22:11:41,254] {processor.py:171} INFO - Processing /home/data-eginner/Documents/Soccer_Data/env/lib/python3.8/site-packages/airflow/example_dags/example_trigger_controller_dag.py took 0.164 seconds
[2022-01-28 22:12:19,366] {processor.py:163} INFO - Started process (PID=28528) to work on /home/data-eginner/Documents/Soccer_Data/env/lib/python3.8/site-packages/airflow/example_dags/example_trigger_controller_dag.py
[2022-01-28 22:12:19,375] {processor.py:642} INFO - Processing file /home/data-eginner/Documents/Soccer_Data/env/lib/python3.8/site-packages/airflow/example_dags/example_trigger_controller_dag.py for tasks to queue
[2022-01-28 22:12:19,375] {logging_mixin.py:109} INFO - [2022-01-28 22:12:19,375] {dagbag.py:500} INFO - Filling up the DagBag from /home/data-eginner/Documents/Soccer_Data/env/lib/python3.8/site-packages/airflow/example_dags/example_trigger_controller_dag.py
[2022-01-28 22:12:19,433] {processor.py:654} INFO - DAG(s) dict_keys(['example_trigger_controller_dag']) retrieved from /home/data-eginner/Documents/Soccer_Data/env/lib/python3.8/site-packages/airflow/example_dags/example_trigger_controller_dag.py
[2022-01-28 22:12:19,442] {logging_mixin.py:109} INFO - [2022-01-28 22:12:19,442] {dag.py:2396} INFO - Sync 1 DAGs
[2022-01-28 22:12:19,458] {logging_mixin.py:109} INFO - [2022-01-28 22:12:19,458] {dag.py:2935} INFO - Setting next_dagrun for example_trigger_controller_dag to 2021-01-01T00:00:00+00:00
[2022-01-28 22:12:19,499] {processor.py:171} INFO - Processing /home/data-eginner/Documents/Soccer_Data/env/lib/python3.8/site-packages/airflow/example_dags/example_trigger_controller_dag.py took 0.140 seconds
[2022-01-28 22:13:06,798] {processor.py:163} INFO - Started process (PID=28704) to work on /home/data-eginner/Documents/Soccer_Data/env/lib/python3.8/site-packages/airflow/example_dags/example_trigger_controller_dag.py
[2022-01-28 22:13:06,806] {processor.py:642} INFO - Processing file /home/data-eginner/Documents/Soccer_Data/env/lib/python3.8/site-packages/airflow/example_dags/example_trigger_controller_dag.py for tasks to queue
[2022-01-28 22:13:06,807] {logging_mixin.py:109} INFO - [2022-01-28 22:13:06,806] {dagbag.py:500} INFO - Filling up the DagBag from /home/data-eginner/Documents/Soccer_Data/env/lib/python3.8/site-packages/airflow/example_dags/example_trigger_controller_dag.py
[2022-01-28 22:13:06,841] {processor.py:654} INFO - DAG(s) dict_keys(['example_trigger_controller_dag']) retrieved from /home/data-eginner/Documents/Soccer_Data/env/lib/python3.8/site-packages/airflow/example_dags/example_trigger_controller_dag.py
[2022-01-28 22:13:06,850] {logging_mixin.py:109} INFO - [2022-01-28 22:13:06,850] {dag.py:2396} INFO - Sync 1 DAGs
[2022-01-28 22:13:06,873] {logging_mixin.py:109} INFO - [2022-01-28 22:13:06,873] {dag.py:2935} INFO - Setting next_dagrun for example_trigger_controller_dag to 2021-01-01T00:00:00+00:00
[2022-01-28 22:13:06,898] {processor.py:171} INFO - Processing /home/data-eginner/Documents/Soccer_Data/env/lib/python3.8/site-packages/airflow/example_dags/example_trigger_controller_dag.py took 0.112 seconds
[2022-01-28 22:13:49,166] {processor.py:163} INFO - Started process (PID=28875) to work on /home/data-eginner/Documents/Soccer_Data/env/lib/python3.8/site-packages/airflow/example_dags/example_trigger_controller_dag.py
[2022-01-28 22:13:49,169] {processor.py:642} INFO - Processing file /home/data-eginner/Documents/Soccer_Data/env/lib/python3.8/site-packages/airflow/example_dags/example_trigger_controller_dag.py for tasks to queue
[2022-01-28 22:13:49,169] {logging_mixin.py:109} INFO - [2022-01-28 22:13:49,169] {dagbag.py:500} INFO - Filling up the DagBag from /home/data-eginner/Documents/Soccer_Data/env/lib/python3.8/site-packages/airflow/example_dags/example_trigger_controller_dag.py
[2022-01-28 22:13:49,213] {processor.py:654} INFO - DAG(s) dict_keys(['example_trigger_controller_dag']) retrieved from /home/data-eginner/Documents/Soccer_Data/env/lib/python3.8/site-packages/airflow/example_dags/example_trigger_controller_dag.py
[2022-01-28 22:13:49,235] {logging_mixin.py:109} INFO - [2022-01-28 22:13:49,235] {dag.py:2396} INFO - Sync 1 DAGs
[2022-01-28 22:13:49,294] {logging_mixin.py:109} INFO - [2022-01-28 22:13:49,294] {dag.py:2935} INFO - Setting next_dagrun for example_trigger_controller_dag to 2021-01-01T00:00:00+00:00
[2022-01-28 22:13:49,326] {processor.py:171} INFO - Processing /home/data-eginner/Documents/Soccer_Data/env/lib/python3.8/site-packages/airflow/example_dags/example_trigger_controller_dag.py took 0.176 seconds
[2022-01-28 22:14:38,491] {processor.py:163} INFO - Started process (PID=29062) to work on /home/data-eginner/Documents/Soccer_Data/env/lib/python3.8/site-packages/airflow/example_dags/example_trigger_controller_dag.py
[2022-01-28 22:14:38,494] {processor.py:642} INFO - Processing file /home/data-eginner/Documents/Soccer_Data/env/lib/python3.8/site-packages/airflow/example_dags/example_trigger_controller_dag.py for tasks to queue
[2022-01-28 22:14:38,494] {logging_mixin.py:109} INFO - [2022-01-28 22:14:38,494] {dagbag.py:500} INFO - Filling up the DagBag from /home/data-eginner/Documents/Soccer_Data/env/lib/python3.8/site-packages/airflow/example_dags/example_trigger_controller_dag.py
[2022-01-28 22:14:38,559] {processor.py:654} INFO - DAG(s) dict_keys(['example_trigger_controller_dag']) retrieved from /home/data-eginner/Documents/Soccer_Data/env/lib/python3.8/site-packages/airflow/example_dags/example_trigger_controller_dag.py
[2022-01-28 22:14:38,584] {logging_mixin.py:109} INFO - [2022-01-28 22:14:38,584] {dag.py:2396} INFO - Sync 1 DAGs
[2022-01-28 22:14:38,616] {logging_mixin.py:109} INFO - [2022-01-28 22:14:38,616] {dag.py:2935} INFO - Setting next_dagrun for example_trigger_controller_dag to 2021-01-01T00:00:00+00:00
[2022-01-28 22:14:38,633] {processor.py:171} INFO - Processing /home/data-eginner/Documents/Soccer_Data/env/lib/python3.8/site-packages/airflow/example_dags/example_trigger_controller_dag.py took 0.151 seconds
[2022-01-28 22:15:20,841] {processor.py:163} INFO - Started process (PID=29224) to work on /home/data-eginner/Documents/Soccer_Data/env/lib/python3.8/site-packages/airflow/example_dags/example_trigger_controller_dag.py
[2022-01-28 22:15:20,842] {processor.py:642} INFO - Processing file /home/data-eginner/Documents/Soccer_Data/env/lib/python3.8/site-packages/airflow/example_dags/example_trigger_controller_dag.py for tasks to queue
[2022-01-28 22:15:20,843] {logging_mixin.py:109} INFO - [2022-01-28 22:15:20,843] {dagbag.py:500} INFO - Filling up the DagBag from /home/data-eginner/Documents/Soccer_Data/env/lib/python3.8/site-packages/airflow/example_dags/example_trigger_controller_dag.py
[2022-01-28 22:15:20,927] {processor.py:654} INFO - DAG(s) dict_keys(['example_trigger_controller_dag']) retrieved from /home/data-eginner/Documents/Soccer_Data/env/lib/python3.8/site-packages/airflow/example_dags/example_trigger_controller_dag.py
[2022-01-28 22:15:20,953] {logging_mixin.py:109} INFO - [2022-01-28 22:15:20,953] {dag.py:2396} INFO - Sync 1 DAGs
[2022-01-28 22:15:21,017] {logging_mixin.py:109} INFO - [2022-01-28 22:15:21,016] {dag.py:2935} INFO - Setting next_dagrun for example_trigger_controller_dag to 2021-01-01T00:00:00+00:00
[2022-01-28 22:15:21,079] {processor.py:171} INFO - Processing /home/data-eginner/Documents/Soccer_Data/env/lib/python3.8/site-packages/airflow/example_dags/example_trigger_controller_dag.py took 0.268 seconds
[2022-01-28 22:16:05,621] {processor.py:163} INFO - Started process (PID=29376) to work on /home/data-eginner/Documents/Soccer_Data/env/lib/python3.8/site-packages/airflow/example_dags/example_trigger_controller_dag.py
[2022-01-28 22:16:05,625] {processor.py:642} INFO - Processing file /home/data-eginner/Documents/Soccer_Data/env/lib/python3.8/site-packages/airflow/example_dags/example_trigger_controller_dag.py for tasks to queue
[2022-01-28 22:16:05,626] {logging_mixin.py:109} INFO - [2022-01-28 22:16:05,626] {dagbag.py:500} INFO - Filling up the DagBag from /home/data-eginner/Documents/Soccer_Data/env/lib/python3.8/site-packages/airflow/example_dags/example_trigger_controller_dag.py
[2022-01-28 22:16:05,689] {processor.py:654} INFO - DAG(s) dict_keys(['example_trigger_controller_dag']) retrieved from /home/data-eginner/Documents/Soccer_Data/env/lib/python3.8/site-packages/airflow/example_dags/example_trigger_controller_dag.py
[2022-01-28 22:16:05,737] {logging_mixin.py:109} INFO - [2022-01-28 22:16:05,737] {dag.py:2396} INFO - Sync 1 DAGs
[2022-01-28 22:16:05,769] {logging_mixin.py:109} INFO - [2022-01-28 22:16:05,769] {dag.py:2935} INFO - Setting next_dagrun for example_trigger_controller_dag to 2021-01-01T00:00:00+00:00
[2022-01-28 22:16:05,844] {processor.py:171} INFO - Processing /home/data-eginner/Documents/Soccer_Data/env/lib/python3.8/site-packages/airflow/example_dags/example_trigger_controller_dag.py took 0.226 seconds
[2022-01-28 22:17:14,380] {processor.py:163} INFO - Started process (PID=29636) to work on /home/data-eginner/Documents/Soccer_Data/env/lib/python3.8/site-packages/airflow/example_dags/example_trigger_controller_dag.py
[2022-01-28 22:17:14,400] {processor.py:642} INFO - Processing file /home/data-eginner/Documents/Soccer_Data/env/lib/python3.8/site-packages/airflow/example_dags/example_trigger_controller_dag.py for tasks to queue
[2022-01-28 22:17:14,401] {logging_mixin.py:109} INFO - [2022-01-28 22:17:14,401] {dagbag.py:500} INFO - Filling up the DagBag from /home/data-eginner/Documents/Soccer_Data/env/lib/python3.8/site-packages/airflow/example_dags/example_trigger_controller_dag.py
[2022-01-28 22:17:14,444] {processor.py:654} INFO - DAG(s) dict_keys(['example_trigger_controller_dag']) retrieved from /home/data-eginner/Documents/Soccer_Data/env/lib/python3.8/site-packages/airflow/example_dags/example_trigger_controller_dag.py
[2022-01-28 22:17:14,470] {logging_mixin.py:109} INFO - [2022-01-28 22:17:14,470] {dag.py:2396} INFO - Sync 1 DAGs
[2022-01-28 22:17:14,507] {logging_mixin.py:109} INFO - [2022-01-28 22:17:14,507] {dag.py:2935} INFO - Setting next_dagrun for example_trigger_controller_dag to 2021-01-01T00:00:00+00:00
[2022-01-28 22:17:14,567] {processor.py:171} INFO - Processing /home/data-eginner/Documents/Soccer_Data/env/lib/python3.8/site-packages/airflow/example_dags/example_trigger_controller_dag.py took 0.190 seconds
[2022-01-28 22:17:57,290] {processor.py:163} INFO - Started process (PID=29806) to work on /home/data-eginner/Documents/Soccer_Data/env/lib/python3.8/site-packages/airflow/example_dags/example_trigger_controller_dag.py
[2022-01-28 22:17:57,293] {processor.py:642} INFO - Processing file /home/data-eginner/Documents/Soccer_Data/env/lib/python3.8/site-packages/airflow/example_dags/example_trigger_controller_dag.py for tasks to queue
[2022-01-28 22:17:57,293] {logging_mixin.py:109} INFO - [2022-01-28 22:17:57,293] {dagbag.py:500} INFO - Filling up the DagBag from /home/data-eginner/Documents/Soccer_Data/env/lib/python3.8/site-packages/airflow/example_dags/example_trigger_controller_dag.py
[2022-01-28 22:17:57,311] {processor.py:654} INFO - DAG(s) dict_keys(['example_trigger_controller_dag']) retrieved from /home/data-eginner/Documents/Soccer_Data/env/lib/python3.8/site-packages/airflow/example_dags/example_trigger_controller_dag.py
[2022-01-28 22:17:57,320] {logging_mixin.py:109} INFO - [2022-01-28 22:17:57,320] {dag.py:2396} INFO - Sync 1 DAGs
[2022-01-28 22:17:57,332] {logging_mixin.py:109} INFO - [2022-01-28 22:17:57,332] {dag.py:2935} INFO - Setting next_dagrun for example_trigger_controller_dag to 2021-01-01T00:00:00+00:00
[2022-01-28 22:17:57,347] {processor.py:171} INFO - Processing /home/data-eginner/Documents/Soccer_Data/env/lib/python3.8/site-packages/airflow/example_dags/example_trigger_controller_dag.py took 0.059 seconds
[2022-01-28 22:18:35,645] {processor.py:163} INFO - Started process (PID=29964) to work on /home/data-eginner/Documents/Soccer_Data/env/lib/python3.8/site-packages/airflow/example_dags/example_trigger_controller_dag.py
[2022-01-28 22:18:35,653] {processor.py:642} INFO - Processing file /home/data-eginner/Documents/Soccer_Data/env/lib/python3.8/site-packages/airflow/example_dags/example_trigger_controller_dag.py for tasks to queue
[2022-01-28 22:18:35,654] {logging_mixin.py:109} INFO - [2022-01-28 22:18:35,654] {dagbag.py:500} INFO - Filling up the DagBag from /home/data-eginner/Documents/Soccer_Data/env/lib/python3.8/site-packages/airflow/example_dags/example_trigger_controller_dag.py
[2022-01-28 22:18:35,694] {processor.py:654} INFO - DAG(s) dict_keys(['example_trigger_controller_dag']) retrieved from /home/data-eginner/Documents/Soccer_Data/env/lib/python3.8/site-packages/airflow/example_dags/example_trigger_controller_dag.py
[2022-01-28 22:18:35,701] {logging_mixin.py:109} INFO - [2022-01-28 22:18:35,701] {dag.py:2396} INFO - Sync 1 DAGs
[2022-01-28 22:18:35,722] {logging_mixin.py:109} INFO - [2022-01-28 22:18:35,722] {dag.py:2935} INFO - Setting next_dagrun for example_trigger_controller_dag to 2021-01-01T00:00:00+00:00
[2022-01-28 22:18:35,766] {processor.py:171} INFO - Processing /home/data-eginner/Documents/Soccer_Data/env/lib/python3.8/site-packages/airflow/example_dags/example_trigger_controller_dag.py took 0.128 seconds
[2022-01-28 22:19:19,127] {processor.py:163} INFO - Started process (PID=30142) to work on /home/data-eginner/Documents/Soccer_Data/env/lib/python3.8/site-packages/airflow/example_dags/example_trigger_controller_dag.py
[2022-01-28 22:19:19,144] {processor.py:642} INFO - Processing file /home/data-eginner/Documents/Soccer_Data/env/lib/python3.8/site-packages/airflow/example_dags/example_trigger_controller_dag.py for tasks to queue
[2022-01-28 22:19:19,145] {logging_mixin.py:109} INFO - [2022-01-28 22:19:19,144] {dagbag.py:500} INFO - Filling up the DagBag from /home/data-eginner/Documents/Soccer_Data/env/lib/python3.8/site-packages/airflow/example_dags/example_trigger_controller_dag.py
[2022-01-28 22:19:19,214] {processor.py:654} INFO - DAG(s) dict_keys(['example_trigger_controller_dag']) retrieved from /home/data-eginner/Documents/Soccer_Data/env/lib/python3.8/site-packages/airflow/example_dags/example_trigger_controller_dag.py
[2022-01-28 22:19:19,239] {logging_mixin.py:109} INFO - [2022-01-28 22:19:19,239] {dag.py:2396} INFO - Sync 1 DAGs
[2022-01-28 22:19:19,269] {logging_mixin.py:109} INFO - [2022-01-28 22:19:19,269] {dag.py:2935} INFO - Setting next_dagrun for example_trigger_controller_dag to 2021-01-01T00:00:00+00:00
[2022-01-28 22:19:19,341] {processor.py:171} INFO - Processing /home/data-eginner/Documents/Soccer_Data/env/lib/python3.8/site-packages/airflow/example_dags/example_trigger_controller_dag.py took 0.236 seconds
[2022-01-28 22:20:18,407] {processor.py:163} INFO - Started process (PID=30369) to work on /home/data-eginner/Documents/Soccer_Data/env/lib/python3.8/site-packages/airflow/example_dags/example_trigger_controller_dag.py
[2022-01-28 22:20:18,411] {processor.py:642} INFO - Processing file /home/data-eginner/Documents/Soccer_Data/env/lib/python3.8/site-packages/airflow/example_dags/example_trigger_controller_dag.py for tasks to queue
[2022-01-28 22:20:18,412] {logging_mixin.py:109} INFO - [2022-01-28 22:20:18,412] {dagbag.py:500} INFO - Filling up the DagBag from /home/data-eginner/Documents/Soccer_Data/env/lib/python3.8/site-packages/airflow/example_dags/example_trigger_controller_dag.py
[2022-01-28 22:20:18,448] {processor.py:654} INFO - DAG(s) dict_keys(['example_trigger_controller_dag']) retrieved from /home/data-eginner/Documents/Soccer_Data/env/lib/python3.8/site-packages/airflow/example_dags/example_trigger_controller_dag.py
[2022-01-28 22:20:18,458] {logging_mixin.py:109} INFO - [2022-01-28 22:20:18,458] {dag.py:2396} INFO - Sync 1 DAGs
[2022-01-28 22:20:18,478] {logging_mixin.py:109} INFO - [2022-01-28 22:20:18,478] {dag.py:2935} INFO - Setting next_dagrun for example_trigger_controller_dag to 2021-01-01T00:00:00+00:00
[2022-01-28 22:20:18,520] {processor.py:171} INFO - Processing /home/data-eginner/Documents/Soccer_Data/env/lib/python3.8/site-packages/airflow/example_dags/example_trigger_controller_dag.py took 0.117 seconds
[2022-01-28 22:20:58,035] {processor.py:163} INFO - Started process (PID=30541) to work on /home/data-eginner/Documents/Soccer_Data/env/lib/python3.8/site-packages/airflow/example_dags/example_trigger_controller_dag.py
[2022-01-28 22:20:58,041] {processor.py:642} INFO - Processing file /home/data-eginner/Documents/Soccer_Data/env/lib/python3.8/site-packages/airflow/example_dags/example_trigger_controller_dag.py for tasks to queue
[2022-01-28 22:20:58,041] {logging_mixin.py:109} INFO - [2022-01-28 22:20:58,041] {dagbag.py:500} INFO - Filling up the DagBag from /home/data-eginner/Documents/Soccer_Data/env/lib/python3.8/site-packages/airflow/example_dags/example_trigger_controller_dag.py
[2022-01-28 22:20:58,078] {processor.py:654} INFO - DAG(s) dict_keys(['example_trigger_controller_dag']) retrieved from /home/data-eginner/Documents/Soccer_Data/env/lib/python3.8/site-packages/airflow/example_dags/example_trigger_controller_dag.py
[2022-01-28 22:20:58,092] {logging_mixin.py:109} INFO - [2022-01-28 22:20:58,092] {dag.py:2396} INFO - Sync 1 DAGs
[2022-01-28 22:20:58,104] {logging_mixin.py:109} INFO - [2022-01-28 22:20:58,104] {dag.py:2935} INFO - Setting next_dagrun for example_trigger_controller_dag to 2021-01-01T00:00:00+00:00
[2022-01-28 22:20:58,121] {processor.py:171} INFO - Processing /home/data-eginner/Documents/Soccer_Data/env/lib/python3.8/site-packages/airflow/example_dags/example_trigger_controller_dag.py took 0.089 seconds
[2022-01-28 22:21:34,738] {processor.py:163} INFO - Started process (PID=30696) to work on /home/data-eginner/Documents/Soccer_Data/env/lib/python3.8/site-packages/airflow/example_dags/example_trigger_controller_dag.py
[2022-01-28 22:21:34,741] {processor.py:642} INFO - Processing file /home/data-eginner/Documents/Soccer_Data/env/lib/python3.8/site-packages/airflow/example_dags/example_trigger_controller_dag.py for tasks to queue
[2022-01-28 22:21:34,742] {logging_mixin.py:109} INFO - [2022-01-28 22:21:34,742] {dagbag.py:500} INFO - Filling up the DagBag from /home/data-eginner/Documents/Soccer_Data/env/lib/python3.8/site-packages/airflow/example_dags/example_trigger_controller_dag.py
[2022-01-28 22:21:34,761] {processor.py:654} INFO - DAG(s) dict_keys(['example_trigger_controller_dag']) retrieved from /home/data-eginner/Documents/Soccer_Data/env/lib/python3.8/site-packages/airflow/example_dags/example_trigger_controller_dag.py
[2022-01-28 22:21:34,769] {logging_mixin.py:109} INFO - [2022-01-28 22:21:34,769] {dag.py:2396} INFO - Sync 1 DAGs
[2022-01-28 22:21:34,784] {logging_mixin.py:109} INFO - [2022-01-28 22:21:34,784] {dag.py:2935} INFO - Setting next_dagrun for example_trigger_controller_dag to 2021-01-01T00:00:00+00:00
[2022-01-28 22:21:34,801] {processor.py:171} INFO - Processing /home/data-eginner/Documents/Soccer_Data/env/lib/python3.8/site-packages/airflow/example_dags/example_trigger_controller_dag.py took 0.067 seconds
[2022-01-28 22:22:11,508] {processor.py:163} INFO - Started process (PID=30859) to work on /home/data-eginner/Documents/Soccer_Data/env/lib/python3.8/site-packages/airflow/example_dags/example_trigger_controller_dag.py
[2022-01-28 22:22:11,511] {processor.py:642} INFO - Processing file /home/data-eginner/Documents/Soccer_Data/env/lib/python3.8/site-packages/airflow/example_dags/example_trigger_controller_dag.py for tasks to queue
[2022-01-28 22:22:11,513] {logging_mixin.py:109} INFO - [2022-01-28 22:22:11,512] {dagbag.py:500} INFO - Filling up the DagBag from /home/data-eginner/Documents/Soccer_Data/env/lib/python3.8/site-packages/airflow/example_dags/example_trigger_controller_dag.py
[2022-01-28 22:22:11,543] {processor.py:654} INFO - DAG(s) dict_keys(['example_trigger_controller_dag']) retrieved from /home/data-eginner/Documents/Soccer_Data/env/lib/python3.8/site-packages/airflow/example_dags/example_trigger_controller_dag.py
[2022-01-28 22:22:11,554] {logging_mixin.py:109} INFO - [2022-01-28 22:22:11,554] {dag.py:2396} INFO - Sync 1 DAGs
[2022-01-28 22:22:11,565] {logging_mixin.py:109} INFO - [2022-01-28 22:22:11,565] {dag.py:2935} INFO - Setting next_dagrun for example_trigger_controller_dag to 2021-01-01T00:00:00+00:00
[2022-01-28 22:22:11,590] {processor.py:171} INFO - Processing /home/data-eginner/Documents/Soccer_Data/env/lib/python3.8/site-packages/airflow/example_dags/example_trigger_controller_dag.py took 0.089 seconds
