[2022-01-28 21:00:25,739] {processor.py:163} INFO - Started process (PID=19051) to work on /home/data-eginner/Documents/Soccer_Data/env/lib/python3.8/site-packages/airflow/example_dags/example_branch_day_of_week_operator.py
[2022-01-28 21:00:25,771] {processor.py:642} INFO - Processing file /home/data-eginner/Documents/Soccer_Data/env/lib/python3.8/site-packages/airflow/example_dags/example_branch_day_of_week_operator.py for tasks to queue
[2022-01-28 21:00:25,784] {logging_mixin.py:109} INFO - [2022-01-28 21:00:25,784] {dagbag.py:500} INFO - Filling up the DagBag from /home/data-eginner/Documents/Soccer_Data/env/lib/python3.8/site-packages/airflow/example_dags/example_branch_day_of_week_operator.py
[2022-01-28 21:00:25,873] {processor.py:654} INFO - DAG(s) dict_keys(['example_weekday_branch_operator']) retrieved from /home/data-eginner/Documents/Soccer_Data/env/lib/python3.8/site-packages/airflow/example_dags/example_branch_day_of_week_operator.py
[2022-01-28 21:00:25,906] {logging_mixin.py:109} INFO - [2022-01-28 21:00:25,906] {dag.py:2396} INFO - Sync 1 DAGs
[2022-01-28 21:00:25,962] {logging_mixin.py:109} INFO - [2022-01-28 21:00:25,962] {dag.py:2935} INFO - Setting next_dagrun for example_weekday_branch_operator to 2022-01-28 00:00:00+00:00
[2022-01-28 21:00:26,026] {processor.py:171} INFO - Processing /home/data-eginner/Documents/Soccer_Data/env/lib/python3.8/site-packages/airflow/example_dags/example_branch_day_of_week_operator.py took 0.290 seconds
[2022-01-28 21:08:22,584] {processor.py:163} INFO - Started process (PID=19787) to work on /home/data-eginner/Documents/Soccer_Data/env/lib/python3.8/site-packages/airflow/example_dags/example_branch_day_of_week_operator.py
[2022-01-28 21:08:22,605] {processor.py:642} INFO - Processing file /home/data-eginner/Documents/Soccer_Data/env/lib/python3.8/site-packages/airflow/example_dags/example_branch_day_of_week_operator.py for tasks to queue
[2022-01-28 21:08:22,606] {logging_mixin.py:109} INFO - [2022-01-28 21:08:22,606] {dagbag.py:500} INFO - Filling up the DagBag from /home/data-eginner/Documents/Soccer_Data/env/lib/python3.8/site-packages/airflow/example_dags/example_branch_day_of_week_operator.py
[2022-01-28 21:08:22,638] {processor.py:654} INFO - DAG(s) dict_keys(['example_weekday_branch_operator']) retrieved from /home/data-eginner/Documents/Soccer_Data/env/lib/python3.8/site-packages/airflow/example_dags/example_branch_day_of_week_operator.py
[2022-01-28 21:08:22,668] {logging_mixin.py:109} INFO - [2022-01-28 21:08:22,668] {dag.py:2396} INFO - Sync 1 DAGs
[2022-01-28 21:08:22,711] {logging_mixin.py:109} INFO - [2022-01-28 21:08:22,711] {dag.py:2935} INFO - Setting next_dagrun for example_weekday_branch_operator to 2022-01-28 00:00:00+00:00
[2022-01-28 21:08:22,735] {processor.py:171} INFO - Processing /home/data-eginner/Documents/Soccer_Data/env/lib/python3.8/site-packages/airflow/example_dags/example_branch_day_of_week_operator.py took 0.154 seconds
[2022-01-28 21:09:10,009] {processor.py:163} INFO - Started process (PID=19958) to work on /home/data-eginner/Documents/Soccer_Data/env/lib/python3.8/site-packages/airflow/example_dags/example_branch_day_of_week_operator.py
[2022-01-28 21:09:10,019] {processor.py:642} INFO - Processing file /home/data-eginner/Documents/Soccer_Data/env/lib/python3.8/site-packages/airflow/example_dags/example_branch_day_of_week_operator.py for tasks to queue
[2022-01-28 21:09:10,034] {logging_mixin.py:109} INFO - [2022-01-28 21:09:10,033] {dagbag.py:500} INFO - Filling up the DagBag from /home/data-eginner/Documents/Soccer_Data/env/lib/python3.8/site-packages/airflow/example_dags/example_branch_day_of_week_operator.py
[2022-01-28 21:09:10,128] {processor.py:654} INFO - DAG(s) dict_keys(['example_weekday_branch_operator']) retrieved from /home/data-eginner/Documents/Soccer_Data/env/lib/python3.8/site-packages/airflow/example_dags/example_branch_day_of_week_operator.py
[2022-01-28 21:09:10,147] {logging_mixin.py:109} INFO - [2022-01-28 21:09:10,147] {dag.py:2396} INFO - Sync 1 DAGs
[2022-01-28 21:09:10,181] {logging_mixin.py:109} INFO - [2022-01-28 21:09:10,181] {dag.py:2935} INFO - Setting next_dagrun for example_weekday_branch_operator to 2022-01-28 00:00:00+00:00
[2022-01-28 21:09:10,224] {processor.py:171} INFO - Processing /home/data-eginner/Documents/Soccer_Data/env/lib/python3.8/site-packages/airflow/example_dags/example_branch_day_of_week_operator.py took 0.218 seconds
[2022-01-28 21:10:05,979] {processor.py:163} INFO - Started process (PID=20148) to work on /home/data-eginner/Documents/Soccer_Data/env/lib/python3.8/site-packages/airflow/example_dags/example_branch_day_of_week_operator.py
[2022-01-28 21:10:05,982] {processor.py:642} INFO - Processing file /home/data-eginner/Documents/Soccer_Data/env/lib/python3.8/site-packages/airflow/example_dags/example_branch_day_of_week_operator.py for tasks to queue
[2022-01-28 21:10:05,982] {logging_mixin.py:109} INFO - [2022-01-28 21:10:05,982] {dagbag.py:500} INFO - Filling up the DagBag from /home/data-eginner/Documents/Soccer_Data/env/lib/python3.8/site-packages/airflow/example_dags/example_branch_day_of_week_operator.py
[2022-01-28 21:10:06,015] {processor.py:654} INFO - DAG(s) dict_keys(['example_weekday_branch_operator']) retrieved from /home/data-eginner/Documents/Soccer_Data/env/lib/python3.8/site-packages/airflow/example_dags/example_branch_day_of_week_operator.py
[2022-01-28 21:10:06,048] {logging_mixin.py:109} INFO - [2022-01-28 21:10:06,048] {dag.py:2396} INFO - Sync 1 DAGs
[2022-01-28 21:10:06,081] {logging_mixin.py:109} INFO - [2022-01-28 21:10:06,080] {dag.py:2935} INFO - Setting next_dagrun for example_weekday_branch_operator to 2022-01-28 00:00:00+00:00
[2022-01-28 21:10:06,117] {processor.py:171} INFO - Processing /home/data-eginner/Documents/Soccer_Data/env/lib/python3.8/site-packages/airflow/example_dags/example_branch_day_of_week_operator.py took 0.156 seconds
[2022-01-28 21:10:46,739] {processor.py:163} INFO - Started process (PID=20321) to work on /home/data-eginner/Documents/Soccer_Data/env/lib/python3.8/site-packages/airflow/example_dags/example_branch_day_of_week_operator.py
[2022-01-28 21:10:46,761] {processor.py:642} INFO - Processing file /home/data-eginner/Documents/Soccer_Data/env/lib/python3.8/site-packages/airflow/example_dags/example_branch_day_of_week_operator.py for tasks to queue
[2022-01-28 21:10:46,762] {logging_mixin.py:109} INFO - [2022-01-28 21:10:46,762] {dagbag.py:500} INFO - Filling up the DagBag from /home/data-eginner/Documents/Soccer_Data/env/lib/python3.8/site-packages/airflow/example_dags/example_branch_day_of_week_operator.py
[2022-01-28 21:10:46,834] {processor.py:654} INFO - DAG(s) dict_keys(['example_weekday_branch_operator']) retrieved from /home/data-eginner/Documents/Soccer_Data/env/lib/python3.8/site-packages/airflow/example_dags/example_branch_day_of_week_operator.py
[2022-01-28 21:10:46,857] {logging_mixin.py:109} INFO - [2022-01-28 21:10:46,857] {dag.py:2396} INFO - Sync 1 DAGs
[2022-01-28 21:10:46,894] {logging_mixin.py:109} INFO - [2022-01-28 21:10:46,894] {dag.py:2935} INFO - Setting next_dagrun for example_weekday_branch_operator to 2022-01-28 00:00:00+00:00
[2022-01-28 21:10:46,928] {processor.py:171} INFO - Processing /home/data-eginner/Documents/Soccer_Data/env/lib/python3.8/site-packages/airflow/example_dags/example_branch_day_of_week_operator.py took 0.191 seconds
[2022-01-28 21:11:33,053] {processor.py:163} INFO - Started process (PID=20501) to work on /home/data-eginner/Documents/Soccer_Data/env/lib/python3.8/site-packages/airflow/example_dags/example_branch_day_of_week_operator.py
[2022-01-28 21:11:33,055] {processor.py:642} INFO - Processing file /home/data-eginner/Documents/Soccer_Data/env/lib/python3.8/site-packages/airflow/example_dags/example_branch_day_of_week_operator.py for tasks to queue
[2022-01-28 21:11:33,055] {logging_mixin.py:109} INFO - [2022-01-28 21:11:33,055] {dagbag.py:500} INFO - Filling up the DagBag from /home/data-eginner/Documents/Soccer_Data/env/lib/python3.8/site-packages/airflow/example_dags/example_branch_day_of_week_operator.py
[2022-01-28 21:11:33,080] {processor.py:654} INFO - DAG(s) dict_keys(['example_weekday_branch_operator']) retrieved from /home/data-eginner/Documents/Soccer_Data/env/lib/python3.8/site-packages/airflow/example_dags/example_branch_day_of_week_operator.py
[2022-01-28 21:11:33,088] {logging_mixin.py:109} INFO - [2022-01-28 21:11:33,088] {dag.py:2396} INFO - Sync 1 DAGs
[2022-01-28 21:11:33,106] {logging_mixin.py:109} INFO - [2022-01-28 21:11:33,105] {dag.py:2935} INFO - Setting next_dagrun for example_weekday_branch_operator to 2022-01-28 00:00:00+00:00
[2022-01-28 21:11:33,127] {processor.py:171} INFO - Processing /home/data-eginner/Documents/Soccer_Data/env/lib/python3.8/site-packages/airflow/example_dags/example_branch_day_of_week_operator.py took 0.077 seconds
[2022-01-28 21:12:15,609] {processor.py:163} INFO - Started process (PID=20670) to work on /home/data-eginner/Documents/Soccer_Data/env/lib/python3.8/site-packages/airflow/example_dags/example_branch_day_of_week_operator.py
[2022-01-28 21:12:15,611] {processor.py:642} INFO - Processing file /home/data-eginner/Documents/Soccer_Data/env/lib/python3.8/site-packages/airflow/example_dags/example_branch_day_of_week_operator.py for tasks to queue
[2022-01-28 21:12:15,612] {logging_mixin.py:109} INFO - [2022-01-28 21:12:15,612] {dagbag.py:500} INFO - Filling up the DagBag from /home/data-eginner/Documents/Soccer_Data/env/lib/python3.8/site-packages/airflow/example_dags/example_branch_day_of_week_operator.py
[2022-01-28 21:12:15,663] {processor.py:654} INFO - DAG(s) dict_keys(['example_weekday_branch_operator']) retrieved from /home/data-eginner/Documents/Soccer_Data/env/lib/python3.8/site-packages/airflow/example_dags/example_branch_day_of_week_operator.py
[2022-01-28 21:12:15,690] {logging_mixin.py:109} INFO - [2022-01-28 21:12:15,690] {dag.py:2396} INFO - Sync 1 DAGs
[2022-01-28 21:12:15,729] {logging_mixin.py:109} INFO - [2022-01-28 21:12:15,729] {dag.py:2935} INFO - Setting next_dagrun for example_weekday_branch_operator to 2022-01-28 00:00:00+00:00
[2022-01-28 21:12:15,760] {processor.py:171} INFO - Processing /home/data-eginner/Documents/Soccer_Data/env/lib/python3.8/site-packages/airflow/example_dags/example_branch_day_of_week_operator.py took 0.168 seconds
[2022-01-28 21:13:02,317] {processor.py:163} INFO - Started process (PID=20845) to work on /home/data-eginner/Documents/Soccer_Data/env/lib/python3.8/site-packages/airflow/example_dags/example_branch_day_of_week_operator.py
[2022-01-28 21:13:02,319] {processor.py:642} INFO - Processing file /home/data-eginner/Documents/Soccer_Data/env/lib/python3.8/site-packages/airflow/example_dags/example_branch_day_of_week_operator.py for tasks to queue
[2022-01-28 21:13:02,320] {logging_mixin.py:109} INFO - [2022-01-28 21:13:02,320] {dagbag.py:500} INFO - Filling up the DagBag from /home/data-eginner/Documents/Soccer_Data/env/lib/python3.8/site-packages/airflow/example_dags/example_branch_day_of_week_operator.py
[2022-01-28 21:13:02,370] {processor.py:654} INFO - DAG(s) dict_keys(['example_weekday_branch_operator']) retrieved from /home/data-eginner/Documents/Soccer_Data/env/lib/python3.8/site-packages/airflow/example_dags/example_branch_day_of_week_operator.py
[2022-01-28 21:13:02,394] {logging_mixin.py:109} INFO - [2022-01-28 21:13:02,394] {dag.py:2396} INFO - Sync 1 DAGs
[2022-01-28 21:13:02,436] {logging_mixin.py:109} INFO - [2022-01-28 21:13:02,436] {dag.py:2935} INFO - Setting next_dagrun for example_weekday_branch_operator to 2022-01-28 00:00:00+00:00
[2022-01-28 21:13:02,492] {processor.py:171} INFO - Processing /home/data-eginner/Documents/Soccer_Data/env/lib/python3.8/site-packages/airflow/example_dags/example_branch_day_of_week_operator.py took 0.186 seconds
[2022-01-28 21:13:56,751] {processor.py:163} INFO - Started process (PID=21039) to work on /home/data-eginner/Documents/Soccer_Data/env/lib/python3.8/site-packages/airflow/example_dags/example_branch_day_of_week_operator.py
[2022-01-28 21:13:56,757] {processor.py:642} INFO - Processing file /home/data-eginner/Documents/Soccer_Data/env/lib/python3.8/site-packages/airflow/example_dags/example_branch_day_of_week_operator.py for tasks to queue
[2022-01-28 21:13:56,759] {logging_mixin.py:109} INFO - [2022-01-28 21:13:56,759] {dagbag.py:500} INFO - Filling up the DagBag from /home/data-eginner/Documents/Soccer_Data/env/lib/python3.8/site-packages/airflow/example_dags/example_branch_day_of_week_operator.py
[2022-01-28 21:13:56,785] {processor.py:654} INFO - DAG(s) dict_keys(['example_weekday_branch_operator']) retrieved from /home/data-eginner/Documents/Soccer_Data/env/lib/python3.8/site-packages/airflow/example_dags/example_branch_day_of_week_operator.py
[2022-01-28 21:13:56,798] {logging_mixin.py:109} INFO - [2022-01-28 21:13:56,798] {dag.py:2396} INFO - Sync 1 DAGs
[2022-01-28 21:13:56,816] {logging_mixin.py:109} INFO - [2022-01-28 21:13:56,816] {dag.py:2935} INFO - Setting next_dagrun for example_weekday_branch_operator to 2022-01-28 00:00:00+00:00
[2022-01-28 21:13:56,837] {processor.py:171} INFO - Processing /home/data-eginner/Documents/Soccer_Data/env/lib/python3.8/site-packages/airflow/example_dags/example_branch_day_of_week_operator.py took 0.090 seconds
[2022-01-28 21:14:46,288] {processor.py:163} INFO - Started process (PID=21227) to work on /home/data-eginner/Documents/Soccer_Data/env/lib/python3.8/site-packages/airflow/example_dags/example_branch_day_of_week_operator.py
[2022-01-28 21:14:46,306] {processor.py:642} INFO - Processing file /home/data-eginner/Documents/Soccer_Data/env/lib/python3.8/site-packages/airflow/example_dags/example_branch_day_of_week_operator.py for tasks to queue
[2022-01-28 21:14:46,306] {logging_mixin.py:109} INFO - [2022-01-28 21:14:46,306] {dagbag.py:500} INFO - Filling up the DagBag from /home/data-eginner/Documents/Soccer_Data/env/lib/python3.8/site-packages/airflow/example_dags/example_branch_day_of_week_operator.py
[2022-01-28 21:14:46,457] {processor.py:654} INFO - DAG(s) dict_keys(['example_weekday_branch_operator']) retrieved from /home/data-eginner/Documents/Soccer_Data/env/lib/python3.8/site-packages/airflow/example_dags/example_branch_day_of_week_operator.py
[2022-01-28 21:14:46,552] {logging_mixin.py:109} INFO - [2022-01-28 21:14:46,552] {dag.py:2396} INFO - Sync 1 DAGs
[2022-01-28 21:14:46,630] {logging_mixin.py:109} INFO - [2022-01-28 21:14:46,629] {dag.py:2935} INFO - Setting next_dagrun for example_weekday_branch_operator to 2022-01-28 00:00:00+00:00
[2022-01-28 21:14:46,720] {processor.py:171} INFO - Processing /home/data-eginner/Documents/Soccer_Data/env/lib/python3.8/site-packages/airflow/example_dags/example_branch_day_of_week_operator.py took 0.441 seconds
[2022-01-28 21:15:45,236] {processor.py:163} INFO - Started process (PID=21416) to work on /home/data-eginner/Documents/Soccer_Data/env/lib/python3.8/site-packages/airflow/example_dags/example_branch_day_of_week_operator.py
[2022-01-28 21:15:45,247] {processor.py:642} INFO - Processing file /home/data-eginner/Documents/Soccer_Data/env/lib/python3.8/site-packages/airflow/example_dags/example_branch_day_of_week_operator.py for tasks to queue
[2022-01-28 21:15:45,247] {logging_mixin.py:109} INFO - [2022-01-28 21:15:45,247] {dagbag.py:500} INFO - Filling up the DagBag from /home/data-eginner/Documents/Soccer_Data/env/lib/python3.8/site-packages/airflow/example_dags/example_branch_day_of_week_operator.py
[2022-01-28 21:15:45,335] {processor.py:654} INFO - DAG(s) dict_keys(['example_weekday_branch_operator']) retrieved from /home/data-eginner/Documents/Soccer_Data/env/lib/python3.8/site-packages/airflow/example_dags/example_branch_day_of_week_operator.py
[2022-01-28 21:15:45,383] {logging_mixin.py:109} INFO - [2022-01-28 21:15:45,382] {dag.py:2396} INFO - Sync 1 DAGs
[2022-01-28 21:15:45,418] {logging_mixin.py:109} INFO - [2022-01-28 21:15:45,418] {dag.py:2935} INFO - Setting next_dagrun for example_weekday_branch_operator to 2022-01-28 00:00:00+00:00
[2022-01-28 21:15:45,511] {processor.py:171} INFO - Processing /home/data-eginner/Documents/Soccer_Data/env/lib/python3.8/site-packages/airflow/example_dags/example_branch_day_of_week_operator.py took 0.278 seconds
[2022-01-28 21:16:39,304] {processor.py:163} INFO - Started process (PID=21583) to work on /home/data-eginner/Documents/Soccer_Data/env/lib/python3.8/site-packages/airflow/example_dags/example_branch_day_of_week_operator.py
[2022-01-28 21:16:39,317] {processor.py:642} INFO - Processing file /home/data-eginner/Documents/Soccer_Data/env/lib/python3.8/site-packages/airflow/example_dags/example_branch_day_of_week_operator.py for tasks to queue
[2022-01-28 21:16:39,317] {logging_mixin.py:109} INFO - [2022-01-28 21:16:39,317] {dagbag.py:500} INFO - Filling up the DagBag from /home/data-eginner/Documents/Soccer_Data/env/lib/python3.8/site-packages/airflow/example_dags/example_branch_day_of_week_operator.py
[2022-01-28 21:16:39,390] {processor.py:654} INFO - DAG(s) dict_keys(['example_weekday_branch_operator']) retrieved from /home/data-eginner/Documents/Soccer_Data/env/lib/python3.8/site-packages/airflow/example_dags/example_branch_day_of_week_operator.py
[2022-01-28 21:16:39,435] {logging_mixin.py:109} INFO - [2022-01-28 21:16:39,435] {dag.py:2396} INFO - Sync 1 DAGs
[2022-01-28 21:16:39,632] {logging_mixin.py:109} INFO - [2022-01-28 21:16:39,632] {dag.py:2935} INFO - Setting next_dagrun for example_weekday_branch_operator to 2022-01-28 00:00:00+00:00
[2022-01-28 21:16:39,664] {processor.py:171} INFO - Processing /home/data-eginner/Documents/Soccer_Data/env/lib/python3.8/site-packages/airflow/example_dags/example_branch_day_of_week_operator.py took 0.374 seconds
[2022-01-28 21:17:27,748] {processor.py:163} INFO - Started process (PID=21731) to work on /home/data-eginner/Documents/Soccer_Data/env/lib/python3.8/site-packages/airflow/example_dags/example_branch_day_of_week_operator.py
[2022-01-28 21:17:27,766] {processor.py:642} INFO - Processing file /home/data-eginner/Documents/Soccer_Data/env/lib/python3.8/site-packages/airflow/example_dags/example_branch_day_of_week_operator.py for tasks to queue
[2022-01-28 21:17:27,766] {logging_mixin.py:109} INFO - [2022-01-28 21:17:27,766] {dagbag.py:500} INFO - Filling up the DagBag from /home/data-eginner/Documents/Soccer_Data/env/lib/python3.8/site-packages/airflow/example_dags/example_branch_day_of_week_operator.py
[2022-01-28 21:17:27,864] {processor.py:654} INFO - DAG(s) dict_keys(['example_weekday_branch_operator']) retrieved from /home/data-eginner/Documents/Soccer_Data/env/lib/python3.8/site-packages/airflow/example_dags/example_branch_day_of_week_operator.py
[2022-01-28 21:17:27,915] {logging_mixin.py:109} INFO - [2022-01-28 21:17:27,915] {dag.py:2396} INFO - Sync 1 DAGs
[2022-01-28 21:17:27,992] {logging_mixin.py:109} INFO - [2022-01-28 21:17:27,991] {dag.py:2935} INFO - Setting next_dagrun for example_weekday_branch_operator to 2022-01-28 00:00:00+00:00
[2022-01-28 21:17:28,037] {processor.py:171} INFO - Processing /home/data-eginner/Documents/Soccer_Data/env/lib/python3.8/site-packages/airflow/example_dags/example_branch_day_of_week_operator.py took 0.292 seconds
[2022-01-28 21:18:17,001] {processor.py:163} INFO - Started process (PID=21890) to work on /home/data-eginner/Documents/Soccer_Data/env/lib/python3.8/site-packages/airflow/example_dags/example_branch_day_of_week_operator.py
[2022-01-28 21:18:17,008] {processor.py:642} INFO - Processing file /home/data-eginner/Documents/Soccer_Data/env/lib/python3.8/site-packages/airflow/example_dags/example_branch_day_of_week_operator.py for tasks to queue
[2022-01-28 21:18:17,008] {logging_mixin.py:109} INFO - [2022-01-28 21:18:17,008] {dagbag.py:500} INFO - Filling up the DagBag from /home/data-eginner/Documents/Soccer_Data/env/lib/python3.8/site-packages/airflow/example_dags/example_branch_day_of_week_operator.py
[2022-01-28 21:18:17,130] {processor.py:654} INFO - DAG(s) dict_keys(['example_weekday_branch_operator']) retrieved from /home/data-eginner/Documents/Soccer_Data/env/lib/python3.8/site-packages/airflow/example_dags/example_branch_day_of_week_operator.py
[2022-01-28 21:18:17,169] {logging_mixin.py:109} INFO - [2022-01-28 21:18:17,138] {dag.py:2396} INFO - Sync 1 DAGs
[2022-01-28 21:18:17,218] {logging_mixin.py:109} INFO - [2022-01-28 21:18:17,218] {dag.py:2935} INFO - Setting next_dagrun for example_weekday_branch_operator to 2022-01-28 00:00:00+00:00
[2022-01-28 21:18:17,295] {processor.py:171} INFO - Processing /home/data-eginner/Documents/Soccer_Data/env/lib/python3.8/site-packages/airflow/example_dags/example_branch_day_of_week_operator.py took 0.319 seconds
[2022-01-28 21:19:11,489] {processor.py:163} INFO - Started process (PID=22047) to work on /home/data-eginner/Documents/Soccer_Data/env/lib/python3.8/site-packages/airflow/example_dags/example_branch_day_of_week_operator.py
[2022-01-28 21:19:11,507] {processor.py:642} INFO - Processing file /home/data-eginner/Documents/Soccer_Data/env/lib/python3.8/site-packages/airflow/example_dags/example_branch_day_of_week_operator.py for tasks to queue
[2022-01-28 21:19:11,507] {logging_mixin.py:109} INFO - [2022-01-28 21:19:11,507] {dagbag.py:500} INFO - Filling up the DagBag from /home/data-eginner/Documents/Soccer_Data/env/lib/python3.8/site-packages/airflow/example_dags/example_branch_day_of_week_operator.py
[2022-01-28 21:19:11,594] {processor.py:654} INFO - DAG(s) dict_keys(['example_weekday_branch_operator']) retrieved from /home/data-eginner/Documents/Soccer_Data/env/lib/python3.8/site-packages/airflow/example_dags/example_branch_day_of_week_operator.py
[2022-01-28 21:19:11,614] {logging_mixin.py:109} INFO - [2022-01-28 21:19:11,614] {dag.py:2396} INFO - Sync 1 DAGs
[2022-01-28 21:19:11,677] {logging_mixin.py:109} INFO - [2022-01-28 21:19:11,677] {dag.py:2935} INFO - Setting next_dagrun for example_weekday_branch_operator to 2022-01-28 00:00:00+00:00
[2022-01-28 21:19:11,710] {processor.py:171} INFO - Processing /home/data-eginner/Documents/Soccer_Data/env/lib/python3.8/site-packages/airflow/example_dags/example_branch_day_of_week_operator.py took 0.223 seconds
[2022-01-28 21:20:03,034] {processor.py:163} INFO - Started process (PID=22226) to work on /home/data-eginner/Documents/Soccer_Data/env/lib/python3.8/site-packages/airflow/example_dags/example_branch_day_of_week_operator.py
[2022-01-28 21:20:03,039] {processor.py:642} INFO - Processing file /home/data-eginner/Documents/Soccer_Data/env/lib/python3.8/site-packages/airflow/example_dags/example_branch_day_of_week_operator.py for tasks to queue
[2022-01-28 21:20:03,040] {logging_mixin.py:109} INFO - [2022-01-28 21:20:03,040] {dagbag.py:500} INFO - Filling up the DagBag from /home/data-eginner/Documents/Soccer_Data/env/lib/python3.8/site-packages/airflow/example_dags/example_branch_day_of_week_operator.py
[2022-01-28 21:20:03,096] {processor.py:654} INFO - DAG(s) dict_keys(['example_weekday_branch_operator']) retrieved from /home/data-eginner/Documents/Soccer_Data/env/lib/python3.8/site-packages/airflow/example_dags/example_branch_day_of_week_operator.py
[2022-01-28 21:20:03,154] {logging_mixin.py:109} INFO - [2022-01-28 21:20:03,154] {dag.py:2396} INFO - Sync 1 DAGs
[2022-01-28 21:20:03,190] {logging_mixin.py:109} INFO - [2022-01-28 21:20:03,190] {dag.py:2935} INFO - Setting next_dagrun for example_weekday_branch_operator to 2022-01-28 00:00:00+00:00
[2022-01-28 21:20:03,224] {processor.py:171} INFO - Processing /home/data-eginner/Documents/Soccer_Data/env/lib/python3.8/site-packages/airflow/example_dags/example_branch_day_of_week_operator.py took 0.216 seconds
[2022-01-28 21:21:06,169] {processor.py:163} INFO - Started process (PID=22427) to work on /home/data-eginner/Documents/Soccer_Data/env/lib/python3.8/site-packages/airflow/example_dags/example_branch_day_of_week_operator.py
[2022-01-28 21:21:06,176] {processor.py:642} INFO - Processing file /home/data-eginner/Documents/Soccer_Data/env/lib/python3.8/site-packages/airflow/example_dags/example_branch_day_of_week_operator.py for tasks to queue
[2022-01-28 21:21:06,178] {logging_mixin.py:109} INFO - [2022-01-28 21:21:06,178] {dagbag.py:500} INFO - Filling up the DagBag from /home/data-eginner/Documents/Soccer_Data/env/lib/python3.8/site-packages/airflow/example_dags/example_branch_day_of_week_operator.py
[2022-01-28 21:21:06,241] {processor.py:654} INFO - DAG(s) dict_keys(['example_weekday_branch_operator']) retrieved from /home/data-eginner/Documents/Soccer_Data/env/lib/python3.8/site-packages/airflow/example_dags/example_branch_day_of_week_operator.py
[2022-01-28 21:21:06,261] {logging_mixin.py:109} INFO - [2022-01-28 21:21:06,261] {dag.py:2396} INFO - Sync 1 DAGs
[2022-01-28 21:21:06,276] {logging_mixin.py:109} INFO - [2022-01-28 21:21:06,276] {dag.py:2935} INFO - Setting next_dagrun for example_weekday_branch_operator to 2022-01-28 00:00:00+00:00
[2022-01-28 21:21:06,295] {processor.py:171} INFO - Processing /home/data-eginner/Documents/Soccer_Data/env/lib/python3.8/site-packages/airflow/example_dags/example_branch_day_of_week_operator.py took 0.149 seconds
[2022-01-28 21:22:03,531] {processor.py:163} INFO - Started process (PID=22647) to work on /home/data-eginner/Documents/Soccer_Data/env/lib/python3.8/site-packages/airflow/example_dags/example_branch_day_of_week_operator.py
[2022-01-28 21:22:03,555] {processor.py:642} INFO - Processing file /home/data-eginner/Documents/Soccer_Data/env/lib/python3.8/site-packages/airflow/example_dags/example_branch_day_of_week_operator.py for tasks to queue
[2022-01-28 21:22:03,556] {logging_mixin.py:109} INFO - [2022-01-28 21:22:03,556] {dagbag.py:500} INFO - Filling up the DagBag from /home/data-eginner/Documents/Soccer_Data/env/lib/python3.8/site-packages/airflow/example_dags/example_branch_day_of_week_operator.py
[2022-01-28 21:22:03,616] {processor.py:654} INFO - DAG(s) dict_keys(['example_weekday_branch_operator']) retrieved from /home/data-eginner/Documents/Soccer_Data/env/lib/python3.8/site-packages/airflow/example_dags/example_branch_day_of_week_operator.py
[2022-01-28 21:22:03,625] {logging_mixin.py:109} INFO - [2022-01-28 21:22:03,625] {dag.py:2396} INFO - Sync 1 DAGs
[2022-01-28 21:22:03,659] {logging_mixin.py:109} INFO - [2022-01-28 21:22:03,659] {dag.py:2935} INFO - Setting next_dagrun for example_weekday_branch_operator to 2022-01-28 00:00:00+00:00
[2022-01-28 21:22:03,700] {processor.py:171} INFO - Processing /home/data-eginner/Documents/Soccer_Data/env/lib/python3.8/site-packages/airflow/example_dags/example_branch_day_of_week_operator.py took 0.172 seconds
[2022-01-28 21:26:30,213] {processor.py:163} INFO - Started process (PID=22932) to work on /home/data-eginner/Documents/Soccer_Data/env/lib/python3.8/site-packages/airflow/example_dags/example_branch_day_of_week_operator.py
[2022-01-28 21:26:30,217] {processor.py:642} INFO - Processing file /home/data-eginner/Documents/Soccer_Data/env/lib/python3.8/site-packages/airflow/example_dags/example_branch_day_of_week_operator.py for tasks to queue
[2022-01-28 21:26:30,218] {logging_mixin.py:109} INFO - [2022-01-28 21:26:30,218] {dagbag.py:500} INFO - Filling up the DagBag from /home/data-eginner/Documents/Soccer_Data/env/lib/python3.8/site-packages/airflow/example_dags/example_branch_day_of_week_operator.py
[2022-01-28 21:26:30,294] {processor.py:654} INFO - DAG(s) dict_keys(['example_weekday_branch_operator']) retrieved from /home/data-eginner/Documents/Soccer_Data/env/lib/python3.8/site-packages/airflow/example_dags/example_branch_day_of_week_operator.py
[2022-01-28 21:26:30,345] {logging_mixin.py:109} INFO - [2022-01-28 21:26:30,345] {dag.py:2396} INFO - Sync 1 DAGs
[2022-01-28 21:26:30,391] {logging_mixin.py:109} INFO - [2022-01-28 21:26:30,391] {dag.py:2935} INFO - Setting next_dagrun for example_weekday_branch_operator to 2022-01-28 00:00:00+00:00
[2022-01-28 21:26:30,444] {processor.py:171} INFO - Processing /home/data-eginner/Documents/Soccer_Data/env/lib/python3.8/site-packages/airflow/example_dags/example_branch_day_of_week_operator.py took 0.233 seconds
[2022-01-28 21:27:23,614] {processor.py:163} INFO - Started process (PID=23136) to work on /home/data-eginner/Documents/Soccer_Data/env/lib/python3.8/site-packages/airflow/example_dags/example_branch_day_of_week_operator.py
[2022-01-28 21:27:23,618] {processor.py:642} INFO - Processing file /home/data-eginner/Documents/Soccer_Data/env/lib/python3.8/site-packages/airflow/example_dags/example_branch_day_of_week_operator.py for tasks to queue
[2022-01-28 21:27:23,618] {logging_mixin.py:109} INFO - [2022-01-28 21:27:23,618] {dagbag.py:500} INFO - Filling up the DagBag from /home/data-eginner/Documents/Soccer_Data/env/lib/python3.8/site-packages/airflow/example_dags/example_branch_day_of_week_operator.py
[2022-01-28 21:27:23,654] {processor.py:654} INFO - DAG(s) dict_keys(['example_weekday_branch_operator']) retrieved from /home/data-eginner/Documents/Soccer_Data/env/lib/python3.8/site-packages/airflow/example_dags/example_branch_day_of_week_operator.py
[2022-01-28 21:27:23,673] {logging_mixin.py:109} INFO - [2022-01-28 21:27:23,673] {dag.py:2396} INFO - Sync 1 DAGs
[2022-01-28 21:27:23,699] {logging_mixin.py:109} INFO - [2022-01-28 21:27:23,698] {dag.py:2935} INFO - Setting next_dagrun for example_weekday_branch_operator to 2022-01-28 00:00:00+00:00
[2022-01-28 21:27:23,750] {processor.py:171} INFO - Processing /home/data-eginner/Documents/Soccer_Data/env/lib/python3.8/site-packages/airflow/example_dags/example_branch_day_of_week_operator.py took 0.138 seconds
[2022-01-28 21:29:02,345] {processor.py:163} INFO - Started process (PID=23477) to work on /home/data-eginner/Documents/Soccer_Data/env/lib/python3.8/site-packages/airflow/example_dags/example_branch_day_of_week_operator.py
[2022-01-28 21:29:02,351] {processor.py:642} INFO - Processing file /home/data-eginner/Documents/Soccer_Data/env/lib/python3.8/site-packages/airflow/example_dags/example_branch_day_of_week_operator.py for tasks to queue
[2022-01-28 21:29:02,351] {logging_mixin.py:109} INFO - [2022-01-28 21:29:02,351] {dagbag.py:500} INFO - Filling up the DagBag from /home/data-eginner/Documents/Soccer_Data/env/lib/python3.8/site-packages/airflow/example_dags/example_branch_day_of_week_operator.py
[2022-01-28 21:29:02,405] {processor.py:654} INFO - DAG(s) dict_keys(['example_weekday_branch_operator']) retrieved from /home/data-eginner/Documents/Soccer_Data/env/lib/python3.8/site-packages/airflow/example_dags/example_branch_day_of_week_operator.py
[2022-01-28 21:29:02,427] {logging_mixin.py:109} INFO - [2022-01-28 21:29:02,427] {dag.py:2396} INFO - Sync 1 DAGs
[2022-01-28 21:29:02,487] {logging_mixin.py:109} INFO - [2022-01-28 21:29:02,487] {dag.py:2935} INFO - Setting next_dagrun for example_weekday_branch_operator to 2022-01-28 00:00:00+00:00
[2022-01-28 21:29:02,524] {processor.py:171} INFO - Processing /home/data-eginner/Documents/Soccer_Data/env/lib/python3.8/site-packages/airflow/example_dags/example_branch_day_of_week_operator.py took 0.183 seconds
[2022-01-28 21:29:50,286] {processor.py:163} INFO - Started process (PID=23637) to work on /home/data-eginner/Documents/Soccer_Data/env/lib/python3.8/site-packages/airflow/example_dags/example_branch_day_of_week_operator.py
[2022-01-28 21:29:50,291] {processor.py:642} INFO - Processing file /home/data-eginner/Documents/Soccer_Data/env/lib/python3.8/site-packages/airflow/example_dags/example_branch_day_of_week_operator.py for tasks to queue
[2022-01-28 21:29:50,293] {logging_mixin.py:109} INFO - [2022-01-28 21:29:50,292] {dagbag.py:500} INFO - Filling up the DagBag from /home/data-eginner/Documents/Soccer_Data/env/lib/python3.8/site-packages/airflow/example_dags/example_branch_day_of_week_operator.py
[2022-01-28 21:29:50,333] {processor.py:654} INFO - DAG(s) dict_keys(['example_weekday_branch_operator']) retrieved from /home/data-eginner/Documents/Soccer_Data/env/lib/python3.8/site-packages/airflow/example_dags/example_branch_day_of_week_operator.py
[2022-01-28 21:29:50,352] {logging_mixin.py:109} INFO - [2022-01-28 21:29:50,352] {dag.py:2396} INFO - Sync 1 DAGs
[2022-01-28 21:29:50,381] {logging_mixin.py:109} INFO - [2022-01-28 21:29:50,377] {dag.py:2935} INFO - Setting next_dagrun for example_weekday_branch_operator to 2022-01-28 00:00:00+00:00
[2022-01-28 21:29:50,400] {processor.py:171} INFO - Processing /home/data-eginner/Documents/Soccer_Data/env/lib/python3.8/site-packages/airflow/example_dags/example_branch_day_of_week_operator.py took 0.121 seconds
[2022-01-28 21:30:43,099] {processor.py:163} INFO - Started process (PID=23823) to work on /home/data-eginner/Documents/Soccer_Data/env/lib/python3.8/site-packages/airflow/example_dags/example_branch_day_of_week_operator.py
[2022-01-28 21:30:43,119] {processor.py:642} INFO - Processing file /home/data-eginner/Documents/Soccer_Data/env/lib/python3.8/site-packages/airflow/example_dags/example_branch_day_of_week_operator.py for tasks to queue
[2022-01-28 21:30:43,119] {logging_mixin.py:109} INFO - [2022-01-28 21:30:43,119] {dagbag.py:500} INFO - Filling up the DagBag from /home/data-eginner/Documents/Soccer_Data/env/lib/python3.8/site-packages/airflow/example_dags/example_branch_day_of_week_operator.py
[2022-01-28 21:30:43,218] {processor.py:654} INFO - DAG(s) dict_keys(['example_weekday_branch_operator']) retrieved from /home/data-eginner/Documents/Soccer_Data/env/lib/python3.8/site-packages/airflow/example_dags/example_branch_day_of_week_operator.py
[2022-01-28 21:30:43,278] {logging_mixin.py:109} INFO - [2022-01-28 21:30:43,278] {dag.py:2396} INFO - Sync 1 DAGs
[2022-01-28 21:30:43,312] {logging_mixin.py:109} INFO - [2022-01-28 21:30:43,312] {dag.py:2935} INFO - Setting next_dagrun for example_weekday_branch_operator to 2022-01-28 00:00:00+00:00
[2022-01-28 21:30:43,352] {processor.py:171} INFO - Processing /home/data-eginner/Documents/Soccer_Data/env/lib/python3.8/site-packages/airflow/example_dags/example_branch_day_of_week_operator.py took 0.255 seconds
[2022-01-28 21:31:51,573] {processor.py:163} INFO - Started process (PID=24059) to work on /home/data-eginner/Documents/Soccer_Data/env/lib/python3.8/site-packages/airflow/example_dags/example_branch_day_of_week_operator.py
[2022-01-28 21:31:51,580] {processor.py:642} INFO - Processing file /home/data-eginner/Documents/Soccer_Data/env/lib/python3.8/site-packages/airflow/example_dags/example_branch_day_of_week_operator.py for tasks to queue
[2022-01-28 21:31:51,580] {logging_mixin.py:109} INFO - [2022-01-28 21:31:51,580] {dagbag.py:500} INFO - Filling up the DagBag from /home/data-eginner/Documents/Soccer_Data/env/lib/python3.8/site-packages/airflow/example_dags/example_branch_day_of_week_operator.py
[2022-01-28 21:31:51,623] {processor.py:654} INFO - DAG(s) dict_keys(['example_weekday_branch_operator']) retrieved from /home/data-eginner/Documents/Soccer_Data/env/lib/python3.8/site-packages/airflow/example_dags/example_branch_day_of_week_operator.py
[2022-01-28 21:31:51,642] {logging_mixin.py:109} INFO - [2022-01-28 21:31:51,642] {dag.py:2396} INFO - Sync 1 DAGs
[2022-01-28 21:31:51,673] {logging_mixin.py:109} INFO - [2022-01-28 21:31:51,673] {dag.py:2935} INFO - Setting next_dagrun for example_weekday_branch_operator to 2022-01-28 00:00:00+00:00
[2022-01-28 21:31:51,701] {processor.py:171} INFO - Processing /home/data-eginner/Documents/Soccer_Data/env/lib/python3.8/site-packages/airflow/example_dags/example_branch_day_of_week_operator.py took 0.134 seconds
[2022-01-28 21:32:38,045] {processor.py:163} INFO - Started process (PID=24231) to work on /home/data-eginner/Documents/Soccer_Data/env/lib/python3.8/site-packages/airflow/example_dags/example_branch_day_of_week_operator.py
[2022-01-28 21:32:38,058] {processor.py:642} INFO - Processing file /home/data-eginner/Documents/Soccer_Data/env/lib/python3.8/site-packages/airflow/example_dags/example_branch_day_of_week_operator.py for tasks to queue
[2022-01-28 21:32:38,059] {logging_mixin.py:109} INFO - [2022-01-28 21:32:38,059] {dagbag.py:500} INFO - Filling up the DagBag from /home/data-eginner/Documents/Soccer_Data/env/lib/python3.8/site-packages/airflow/example_dags/example_branch_day_of_week_operator.py
[2022-01-28 21:32:38,082] {processor.py:654} INFO - DAG(s) dict_keys(['example_weekday_branch_operator']) retrieved from /home/data-eginner/Documents/Soccer_Data/env/lib/python3.8/site-packages/airflow/example_dags/example_branch_day_of_week_operator.py
[2022-01-28 21:32:38,092] {logging_mixin.py:109} INFO - [2022-01-28 21:32:38,091] {dag.py:2396} INFO - Sync 1 DAGs
[2022-01-28 21:32:38,134] {logging_mixin.py:109} INFO - [2022-01-28 21:32:38,134] {dag.py:2935} INFO - Setting next_dagrun for example_weekday_branch_operator to 2022-01-28 00:00:00+00:00
[2022-01-28 21:32:38,200] {processor.py:171} INFO - Processing /home/data-eginner/Documents/Soccer_Data/env/lib/python3.8/site-packages/airflow/example_dags/example_branch_day_of_week_operator.py took 0.159 seconds
[2022-01-28 21:33:19,767] {processor.py:163} INFO - Started process (PID=24397) to work on /home/data-eginner/Documents/Soccer_Data/env/lib/python3.8/site-packages/airflow/example_dags/example_branch_day_of_week_operator.py
[2022-01-28 21:33:19,783] {processor.py:642} INFO - Processing file /home/data-eginner/Documents/Soccer_Data/env/lib/python3.8/site-packages/airflow/example_dags/example_branch_day_of_week_operator.py for tasks to queue
[2022-01-28 21:33:19,784] {logging_mixin.py:109} INFO - [2022-01-28 21:33:19,784] {dagbag.py:500} INFO - Filling up the DagBag from /home/data-eginner/Documents/Soccer_Data/env/lib/python3.8/site-packages/airflow/example_dags/example_branch_day_of_week_operator.py
[2022-01-28 21:33:19,820] {processor.py:654} INFO - DAG(s) dict_keys(['example_weekday_branch_operator']) retrieved from /home/data-eginner/Documents/Soccer_Data/env/lib/python3.8/site-packages/airflow/example_dags/example_branch_day_of_week_operator.py
[2022-01-28 21:33:19,831] {logging_mixin.py:109} INFO - [2022-01-28 21:33:19,831] {dag.py:2396} INFO - Sync 1 DAGs
[2022-01-28 21:33:19,851] {logging_mixin.py:109} INFO - [2022-01-28 21:33:19,850] {dag.py:2935} INFO - Setting next_dagrun for example_weekday_branch_operator to 2022-01-28 00:00:00+00:00
[2022-01-28 21:33:19,867] {processor.py:171} INFO - Processing /home/data-eginner/Documents/Soccer_Data/env/lib/python3.8/site-packages/airflow/example_dags/example_branch_day_of_week_operator.py took 0.103 seconds
[2022-01-28 21:34:04,993] {processor.py:163} INFO - Started process (PID=24570) to work on /home/data-eginner/Documents/Soccer_Data/env/lib/python3.8/site-packages/airflow/example_dags/example_branch_day_of_week_operator.py
[2022-01-28 21:34:05,008] {processor.py:642} INFO - Processing file /home/data-eginner/Documents/Soccer_Data/env/lib/python3.8/site-packages/airflow/example_dags/example_branch_day_of_week_operator.py for tasks to queue
[2022-01-28 21:34:05,010] {logging_mixin.py:109} INFO - [2022-01-28 21:34:05,010] {dagbag.py:500} INFO - Filling up the DagBag from /home/data-eginner/Documents/Soccer_Data/env/lib/python3.8/site-packages/airflow/example_dags/example_branch_day_of_week_operator.py
[2022-01-28 21:34:05,040] {processor.py:654} INFO - DAG(s) dict_keys(['example_weekday_branch_operator']) retrieved from /home/data-eginner/Documents/Soccer_Data/env/lib/python3.8/site-packages/airflow/example_dags/example_branch_day_of_week_operator.py
[2022-01-28 21:34:05,053] {logging_mixin.py:109} INFO - [2022-01-28 21:34:05,053] {dag.py:2396} INFO - Sync 1 DAGs
[2022-01-28 21:34:05,069] {logging_mixin.py:109} INFO - [2022-01-28 21:34:05,069] {dag.py:2935} INFO - Setting next_dagrun for example_weekday_branch_operator to 2022-01-28 00:00:00+00:00
[2022-01-28 21:34:05,089] {processor.py:171} INFO - Processing /home/data-eginner/Documents/Soccer_Data/env/lib/python3.8/site-packages/airflow/example_dags/example_branch_day_of_week_operator.py took 0.100 seconds
[2022-01-28 21:56:16,053] {processor.py:163} INFO - Started process (PID=25060) to work on /home/data-eginner/Documents/Soccer_Data/env/lib/python3.8/site-packages/airflow/example_dags/example_branch_day_of_week_operator.py
[2022-01-28 21:56:16,067] {processor.py:642} INFO - Processing file /home/data-eginner/Documents/Soccer_Data/env/lib/python3.8/site-packages/airflow/example_dags/example_branch_day_of_week_operator.py for tasks to queue
[2022-01-28 21:56:16,068] {logging_mixin.py:109} INFO - [2022-01-28 21:56:16,068] {dagbag.py:500} INFO - Filling up the DagBag from /home/data-eginner/Documents/Soccer_Data/env/lib/python3.8/site-packages/airflow/example_dags/example_branch_day_of_week_operator.py
[2022-01-28 21:56:16,106] {processor.py:654} INFO - DAG(s) dict_keys(['example_weekday_branch_operator']) retrieved from /home/data-eginner/Documents/Soccer_Data/env/lib/python3.8/site-packages/airflow/example_dags/example_branch_day_of_week_operator.py
[2022-01-28 21:56:16,150] {logging_mixin.py:109} INFO - [2022-01-28 21:56:16,150] {dag.py:2396} INFO - Sync 1 DAGs
[2022-01-28 21:56:16,189] {logging_mixin.py:109} INFO - [2022-01-28 21:56:16,189] {dag.py:2935} INFO - Setting next_dagrun for example_weekday_branch_operator to 2022-01-28 00:00:00+00:00
[2022-01-28 21:56:16,230] {processor.py:171} INFO - Processing /home/data-eginner/Documents/Soccer_Data/env/lib/python3.8/site-packages/airflow/example_dags/example_branch_day_of_week_operator.py took 0.198 seconds
[2022-01-28 21:57:04,414] {processor.py:163} INFO - Started process (PID=25239) to work on /home/data-eginner/Documents/Soccer_Data/env/lib/python3.8/site-packages/airflow/example_dags/example_branch_day_of_week_operator.py
[2022-01-28 21:57:04,416] {processor.py:642} INFO - Processing file /home/data-eginner/Documents/Soccer_Data/env/lib/python3.8/site-packages/airflow/example_dags/example_branch_day_of_week_operator.py for tasks to queue
[2022-01-28 21:57:04,416] {logging_mixin.py:109} INFO - [2022-01-28 21:57:04,416] {dagbag.py:500} INFO - Filling up the DagBag from /home/data-eginner/Documents/Soccer_Data/env/lib/python3.8/site-packages/airflow/example_dags/example_branch_day_of_week_operator.py
[2022-01-28 21:57:04,441] {processor.py:654} INFO - DAG(s) dict_keys(['example_weekday_branch_operator']) retrieved from /home/data-eginner/Documents/Soccer_Data/env/lib/python3.8/site-packages/airflow/example_dags/example_branch_day_of_week_operator.py
[2022-01-28 21:57:04,454] {logging_mixin.py:109} INFO - [2022-01-28 21:57:04,453] {dag.py:2396} INFO - Sync 1 DAGs
[2022-01-28 21:57:04,480] {logging_mixin.py:109} INFO - [2022-01-28 21:57:04,479] {dag.py:2935} INFO - Setting next_dagrun for example_weekday_branch_operator to 2022-01-28 00:00:00+00:00
[2022-01-28 21:57:04,517] {processor.py:171} INFO - Processing /home/data-eginner/Documents/Soccer_Data/env/lib/python3.8/site-packages/airflow/example_dags/example_branch_day_of_week_operator.py took 0.105 seconds
[2022-01-28 21:57:45,561] {processor.py:163} INFO - Started process (PID=25396) to work on /home/data-eginner/Documents/Soccer_Data/env/lib/python3.8/site-packages/airflow/example_dags/example_branch_day_of_week_operator.py
[2022-01-28 21:57:45,562] {processor.py:642} INFO - Processing file /home/data-eginner/Documents/Soccer_Data/env/lib/python3.8/site-packages/airflow/example_dags/example_branch_day_of_week_operator.py for tasks to queue
[2022-01-28 21:57:45,563] {logging_mixin.py:109} INFO - [2022-01-28 21:57:45,563] {dagbag.py:500} INFO - Filling up the DagBag from /home/data-eginner/Documents/Soccer_Data/env/lib/python3.8/site-packages/airflow/example_dags/example_branch_day_of_week_operator.py
[2022-01-28 21:57:45,591] {processor.py:654} INFO - DAG(s) dict_keys(['example_weekday_branch_operator']) retrieved from /home/data-eginner/Documents/Soccer_Data/env/lib/python3.8/site-packages/airflow/example_dags/example_branch_day_of_week_operator.py
[2022-01-28 21:57:45,601] {logging_mixin.py:109} INFO - [2022-01-28 21:57:45,601] {dag.py:2396} INFO - Sync 1 DAGs
[2022-01-28 21:57:45,616] {logging_mixin.py:109} INFO - [2022-01-28 21:57:45,616] {dag.py:2935} INFO - Setting next_dagrun for example_weekday_branch_operator to 2022-01-28 00:00:00+00:00
[2022-01-28 21:57:45,641] {processor.py:171} INFO - Processing /home/data-eginner/Documents/Soccer_Data/env/lib/python3.8/site-packages/airflow/example_dags/example_branch_day_of_week_operator.py took 0.083 seconds
[2022-01-28 21:58:24,619] {processor.py:163} INFO - Started process (PID=25559) to work on /home/data-eginner/Documents/Soccer_Data/env/lib/python3.8/site-packages/airflow/example_dags/example_branch_day_of_week_operator.py
[2022-01-28 21:58:24,621] {processor.py:642} INFO - Processing file /home/data-eginner/Documents/Soccer_Data/env/lib/python3.8/site-packages/airflow/example_dags/example_branch_day_of_week_operator.py for tasks to queue
[2022-01-28 21:58:24,621] {logging_mixin.py:109} INFO - [2022-01-28 21:58:24,621] {dagbag.py:500} INFO - Filling up the DagBag from /home/data-eginner/Documents/Soccer_Data/env/lib/python3.8/site-packages/airflow/example_dags/example_branch_day_of_week_operator.py
[2022-01-28 21:58:24,680] {processor.py:654} INFO - DAG(s) dict_keys(['example_weekday_branch_operator']) retrieved from /home/data-eginner/Documents/Soccer_Data/env/lib/python3.8/site-packages/airflow/example_dags/example_branch_day_of_week_operator.py
[2022-01-28 21:58:24,705] {logging_mixin.py:109} INFO - [2022-01-28 21:58:24,705] {dag.py:2396} INFO - Sync 1 DAGs
[2022-01-28 21:58:24,741] {logging_mixin.py:109} INFO - [2022-01-28 21:58:24,741] {dag.py:2935} INFO - Setting next_dagrun for example_weekday_branch_operator to 2022-01-28 00:00:00+00:00
[2022-01-28 21:58:24,768] {processor.py:171} INFO - Processing /home/data-eginner/Documents/Soccer_Data/env/lib/python3.8/site-packages/airflow/example_dags/example_branch_day_of_week_operator.py took 0.152 seconds
[2022-01-28 21:59:14,062] {processor.py:163} INFO - Started process (PID=25737) to work on /home/data-eginner/Documents/Soccer_Data/env/lib/python3.8/site-packages/airflow/example_dags/example_branch_day_of_week_operator.py
[2022-01-28 21:59:14,065] {processor.py:642} INFO - Processing file /home/data-eginner/Documents/Soccer_Data/env/lib/python3.8/site-packages/airflow/example_dags/example_branch_day_of_week_operator.py for tasks to queue
[2022-01-28 21:59:14,065] {logging_mixin.py:109} INFO - [2022-01-28 21:59:14,065] {dagbag.py:500} INFO - Filling up the DagBag from /home/data-eginner/Documents/Soccer_Data/env/lib/python3.8/site-packages/airflow/example_dags/example_branch_day_of_week_operator.py
[2022-01-28 21:59:14,085] {processor.py:654} INFO - DAG(s) dict_keys(['example_weekday_branch_operator']) retrieved from /home/data-eginner/Documents/Soccer_Data/env/lib/python3.8/site-packages/airflow/example_dags/example_branch_day_of_week_operator.py
[2022-01-28 21:59:14,095] {logging_mixin.py:109} INFO - [2022-01-28 21:59:14,095] {dag.py:2396} INFO - Sync 1 DAGs
[2022-01-28 21:59:14,108] {logging_mixin.py:109} INFO - [2022-01-28 21:59:14,107] {dag.py:2935} INFO - Setting next_dagrun for example_weekday_branch_operator to 2022-01-28 00:00:00+00:00
[2022-01-28 21:59:14,130] {processor.py:171} INFO - Processing /home/data-eginner/Documents/Soccer_Data/env/lib/python3.8/site-packages/airflow/example_dags/example_branch_day_of_week_operator.py took 0.076 seconds
[2022-01-28 21:59:53,664] {processor.py:163} INFO - Started process (PID=25893) to work on /home/data-eginner/Documents/Soccer_Data/env/lib/python3.8/site-packages/airflow/example_dags/example_branch_day_of_week_operator.py
[2022-01-28 21:59:53,669] {processor.py:642} INFO - Processing file /home/data-eginner/Documents/Soccer_Data/env/lib/python3.8/site-packages/airflow/example_dags/example_branch_day_of_week_operator.py for tasks to queue
[2022-01-28 21:59:53,671] {logging_mixin.py:109} INFO - [2022-01-28 21:59:53,671] {dagbag.py:500} INFO - Filling up the DagBag from /home/data-eginner/Documents/Soccer_Data/env/lib/python3.8/site-packages/airflow/example_dags/example_branch_day_of_week_operator.py
[2022-01-28 21:59:53,710] {processor.py:654} INFO - DAG(s) dict_keys(['example_weekday_branch_operator']) retrieved from /home/data-eginner/Documents/Soccer_Data/env/lib/python3.8/site-packages/airflow/example_dags/example_branch_day_of_week_operator.py
[2022-01-28 21:59:53,721] {logging_mixin.py:109} INFO - [2022-01-28 21:59:53,721] {dag.py:2396} INFO - Sync 1 DAGs
[2022-01-28 21:59:53,732] {logging_mixin.py:109} INFO - [2022-01-28 21:59:53,732] {dag.py:2935} INFO - Setting next_dagrun for example_weekday_branch_operator to 2022-01-28 00:00:00+00:00
[2022-01-28 21:59:53,766] {processor.py:171} INFO - Processing /home/data-eginner/Documents/Soccer_Data/env/lib/python3.8/site-packages/airflow/example_dags/example_branch_day_of_week_operator.py took 0.109 seconds
[2022-01-28 22:00:36,434] {processor.py:163} INFO - Started process (PID=26062) to work on /home/data-eginner/Documents/Soccer_Data/env/lib/python3.8/site-packages/airflow/example_dags/example_branch_day_of_week_operator.py
[2022-01-28 22:00:36,443] {processor.py:642} INFO - Processing file /home/data-eginner/Documents/Soccer_Data/env/lib/python3.8/site-packages/airflow/example_dags/example_branch_day_of_week_operator.py for tasks to queue
[2022-01-28 22:00:36,444] {logging_mixin.py:109} INFO - [2022-01-28 22:00:36,444] {dagbag.py:500} INFO - Filling up the DagBag from /home/data-eginner/Documents/Soccer_Data/env/lib/python3.8/site-packages/airflow/example_dags/example_branch_day_of_week_operator.py
[2022-01-28 22:00:36,474] {processor.py:654} INFO - DAG(s) dict_keys(['example_weekday_branch_operator']) retrieved from /home/data-eginner/Documents/Soccer_Data/env/lib/python3.8/site-packages/airflow/example_dags/example_branch_day_of_week_operator.py
[2022-01-28 22:00:36,506] {logging_mixin.py:109} INFO - [2022-01-28 22:00:36,505] {dag.py:2396} INFO - Sync 1 DAGs
[2022-01-28 22:00:36,541] {logging_mixin.py:109} INFO - [2022-01-28 22:00:36,541] {dag.py:2935} INFO - Setting next_dagrun for example_weekday_branch_operator to 2022-01-28 00:00:00+00:00
[2022-01-28 22:00:36,589] {processor.py:171} INFO - Processing /home/data-eginner/Documents/Soccer_Data/env/lib/python3.8/site-packages/airflow/example_dags/example_branch_day_of_week_operator.py took 0.157 seconds
[2022-01-28 22:01:22,773] {processor.py:163} INFO - Started process (PID=26249) to work on /home/data-eginner/Documents/Soccer_Data/env/lib/python3.8/site-packages/airflow/example_dags/example_branch_day_of_week_operator.py
[2022-01-28 22:01:22,778] {processor.py:642} INFO - Processing file /home/data-eginner/Documents/Soccer_Data/env/lib/python3.8/site-packages/airflow/example_dags/example_branch_day_of_week_operator.py for tasks to queue
[2022-01-28 22:01:22,779] {logging_mixin.py:109} INFO - [2022-01-28 22:01:22,779] {dagbag.py:500} INFO - Filling up the DagBag from /home/data-eginner/Documents/Soccer_Data/env/lib/python3.8/site-packages/airflow/example_dags/example_branch_day_of_week_operator.py
[2022-01-28 22:01:22,836] {processor.py:654} INFO - DAG(s) dict_keys(['example_weekday_branch_operator']) retrieved from /home/data-eginner/Documents/Soccer_Data/env/lib/python3.8/site-packages/airflow/example_dags/example_branch_day_of_week_operator.py
[2022-01-28 22:01:22,871] {logging_mixin.py:109} INFO - [2022-01-28 22:01:22,871] {dag.py:2396} INFO - Sync 1 DAGs
[2022-01-28 22:01:22,898] {logging_mixin.py:109} INFO - [2022-01-28 22:01:22,898] {dag.py:2935} INFO - Setting next_dagrun for example_weekday_branch_operator to 2022-01-28 00:00:00+00:00
[2022-01-28 22:01:22,940] {processor.py:171} INFO - Processing /home/data-eginner/Documents/Soccer_Data/env/lib/python3.8/site-packages/airflow/example_dags/example_branch_day_of_week_operator.py took 0.170 seconds
[2022-01-28 22:04:22,483] {processor.py:163} INFO - Started process (PID=26582) to work on /home/data-eginner/Documents/Soccer_Data/env/lib/python3.8/site-packages/airflow/example_dags/example_branch_day_of_week_operator.py
[2022-01-28 22:04:22,486] {processor.py:642} INFO - Processing file /home/data-eginner/Documents/Soccer_Data/env/lib/python3.8/site-packages/airflow/example_dags/example_branch_day_of_week_operator.py for tasks to queue
[2022-01-28 22:04:22,486] {logging_mixin.py:109} INFO - [2022-01-28 22:04:22,486] {dagbag.py:500} INFO - Filling up the DagBag from /home/data-eginner/Documents/Soccer_Data/env/lib/python3.8/site-packages/airflow/example_dags/example_branch_day_of_week_operator.py
[2022-01-28 22:04:22,512] {processor.py:654} INFO - DAG(s) dict_keys(['example_weekday_branch_operator']) retrieved from /home/data-eginner/Documents/Soccer_Data/env/lib/python3.8/site-packages/airflow/example_dags/example_branch_day_of_week_operator.py
[2022-01-28 22:04:22,521] {logging_mixin.py:109} INFO - [2022-01-28 22:04:22,520] {dag.py:2396} INFO - Sync 1 DAGs
[2022-01-28 22:04:22,543] {logging_mixin.py:109} INFO - [2022-01-28 22:04:22,543] {dag.py:2935} INFO - Setting next_dagrun for example_weekday_branch_operator to 2022-01-28 00:00:00+00:00
[2022-01-28 22:04:22,560] {processor.py:171} INFO - Processing /home/data-eginner/Documents/Soccer_Data/env/lib/python3.8/site-packages/airflow/example_dags/example_branch_day_of_week_operator.py took 0.080 seconds
[2022-01-28 22:05:06,226] {processor.py:163} INFO - Started process (PID=26752) to work on /home/data-eginner/Documents/Soccer_Data/env/lib/python3.8/site-packages/airflow/example_dags/example_branch_day_of_week_operator.py
[2022-01-28 22:05:06,235] {processor.py:642} INFO - Processing file /home/data-eginner/Documents/Soccer_Data/env/lib/python3.8/site-packages/airflow/example_dags/example_branch_day_of_week_operator.py for tasks to queue
[2022-01-28 22:05:06,235] {logging_mixin.py:109} INFO - [2022-01-28 22:05:06,235] {dagbag.py:500} INFO - Filling up the DagBag from /home/data-eginner/Documents/Soccer_Data/env/lib/python3.8/site-packages/airflow/example_dags/example_branch_day_of_week_operator.py
[2022-01-28 22:05:06,259] {processor.py:654} INFO - DAG(s) dict_keys(['example_weekday_branch_operator']) retrieved from /home/data-eginner/Documents/Soccer_Data/env/lib/python3.8/site-packages/airflow/example_dags/example_branch_day_of_week_operator.py
[2022-01-28 22:05:06,268] {logging_mixin.py:109} INFO - [2022-01-28 22:05:06,268] {dag.py:2396} INFO - Sync 1 DAGs
[2022-01-28 22:05:06,281] {logging_mixin.py:109} INFO - [2022-01-28 22:05:06,281] {dag.py:2935} INFO - Setting next_dagrun for example_weekday_branch_operator to 2022-01-28 00:00:00+00:00
[2022-01-28 22:05:06,297] {processor.py:171} INFO - Processing /home/data-eginner/Documents/Soccer_Data/env/lib/python3.8/site-packages/airflow/example_dags/example_branch_day_of_week_operator.py took 0.074 seconds
[2022-01-28 22:05:48,556] {processor.py:163} INFO - Started process (PID=26915) to work on /home/data-eginner/Documents/Soccer_Data/env/lib/python3.8/site-packages/airflow/example_dags/example_branch_day_of_week_operator.py
[2022-01-28 22:05:48,574] {processor.py:642} INFO - Processing file /home/data-eginner/Documents/Soccer_Data/env/lib/python3.8/site-packages/airflow/example_dags/example_branch_day_of_week_operator.py for tasks to queue
[2022-01-28 22:05:48,574] {logging_mixin.py:109} INFO - [2022-01-28 22:05:48,574] {dagbag.py:500} INFO - Filling up the DagBag from /home/data-eginner/Documents/Soccer_Data/env/lib/python3.8/site-packages/airflow/example_dags/example_branch_day_of_week_operator.py
[2022-01-28 22:05:48,598] {processor.py:654} INFO - DAG(s) dict_keys(['example_weekday_branch_operator']) retrieved from /home/data-eginner/Documents/Soccer_Data/env/lib/python3.8/site-packages/airflow/example_dags/example_branch_day_of_week_operator.py
[2022-01-28 22:05:48,606] {logging_mixin.py:109} INFO - [2022-01-28 22:05:48,606] {dag.py:2396} INFO - Sync 1 DAGs
[2022-01-28 22:05:48,619] {logging_mixin.py:109} INFO - [2022-01-28 22:05:48,619] {dag.py:2935} INFO - Setting next_dagrun for example_weekday_branch_operator to 2022-01-28 00:00:00+00:00
[2022-01-28 22:05:48,637] {processor.py:171} INFO - Processing /home/data-eginner/Documents/Soccer_Data/env/lib/python3.8/site-packages/airflow/example_dags/example_branch_day_of_week_operator.py took 0.083 seconds
[2022-01-28 22:06:26,928] {processor.py:163} INFO - Started process (PID=27074) to work on /home/data-eginner/Documents/Soccer_Data/env/lib/python3.8/site-packages/airflow/example_dags/example_branch_day_of_week_operator.py
[2022-01-28 22:06:26,948] {processor.py:642} INFO - Processing file /home/data-eginner/Documents/Soccer_Data/env/lib/python3.8/site-packages/airflow/example_dags/example_branch_day_of_week_operator.py for tasks to queue
[2022-01-28 22:06:26,948] {logging_mixin.py:109} INFO - [2022-01-28 22:06:26,948] {dagbag.py:500} INFO - Filling up the DagBag from /home/data-eginner/Documents/Soccer_Data/env/lib/python3.8/site-packages/airflow/example_dags/example_branch_day_of_week_operator.py
[2022-01-28 22:06:26,968] {processor.py:654} INFO - DAG(s) dict_keys(['example_weekday_branch_operator']) retrieved from /home/data-eginner/Documents/Soccer_Data/env/lib/python3.8/site-packages/airflow/example_dags/example_branch_day_of_week_operator.py
[2022-01-28 22:06:26,977] {logging_mixin.py:109} INFO - [2022-01-28 22:06:26,977] {dag.py:2396} INFO - Sync 1 DAGs
[2022-01-28 22:06:26,988] {logging_mixin.py:109} INFO - [2022-01-28 22:06:26,988] {dag.py:2935} INFO - Setting next_dagrun for example_weekday_branch_operator to 2022-01-28 00:00:00+00:00
[2022-01-28 22:06:27,003] {processor.py:171} INFO - Processing /home/data-eginner/Documents/Soccer_Data/env/lib/python3.8/site-packages/airflow/example_dags/example_branch_day_of_week_operator.py took 0.080 seconds
[2022-01-28 22:07:14,375] {processor.py:163} INFO - Started process (PID=27270) to work on /home/data-eginner/Documents/Soccer_Data/env/lib/python3.8/site-packages/airflow/example_dags/example_branch_day_of_week_operator.py
[2022-01-28 22:07:14,387] {processor.py:642} INFO - Processing file /home/data-eginner/Documents/Soccer_Data/env/lib/python3.8/site-packages/airflow/example_dags/example_branch_day_of_week_operator.py for tasks to queue
[2022-01-28 22:07:14,387] {logging_mixin.py:109} INFO - [2022-01-28 22:07:14,387] {dagbag.py:500} INFO - Filling up the DagBag from /home/data-eginner/Documents/Soccer_Data/env/lib/python3.8/site-packages/airflow/example_dags/example_branch_day_of_week_operator.py
[2022-01-28 22:07:14,454] {processor.py:654} INFO - DAG(s) dict_keys(['example_weekday_branch_operator']) retrieved from /home/data-eginner/Documents/Soccer_Data/env/lib/python3.8/site-packages/airflow/example_dags/example_branch_day_of_week_operator.py
[2022-01-28 22:07:14,479] {logging_mixin.py:109} INFO - [2022-01-28 22:07:14,479] {dag.py:2396} INFO - Sync 1 DAGs
[2022-01-28 22:07:14,541] {logging_mixin.py:109} INFO - [2022-01-28 22:07:14,541] {dag.py:2935} INFO - Setting next_dagrun for example_weekday_branch_operator to 2022-01-28 00:00:00+00:00
[2022-01-28 22:07:14,580] {processor.py:171} INFO - Processing /home/data-eginner/Documents/Soccer_Data/env/lib/python3.8/site-packages/airflow/example_dags/example_branch_day_of_week_operator.py took 0.231 seconds
[2022-01-28 22:08:13,265] {processor.py:163} INFO - Started process (PID=27498) to work on /home/data-eginner/Documents/Soccer_Data/env/lib/python3.8/site-packages/airflow/example_dags/example_branch_day_of_week_operator.py
[2022-01-28 22:08:13,279] {processor.py:642} INFO - Processing file /home/data-eginner/Documents/Soccer_Data/env/lib/python3.8/site-packages/airflow/example_dags/example_branch_day_of_week_operator.py for tasks to queue
[2022-01-28 22:08:13,280] {logging_mixin.py:109} INFO - [2022-01-28 22:08:13,280] {dagbag.py:500} INFO - Filling up the DagBag from /home/data-eginner/Documents/Soccer_Data/env/lib/python3.8/site-packages/airflow/example_dags/example_branch_day_of_week_operator.py
[2022-01-28 22:08:13,302] {processor.py:654} INFO - DAG(s) dict_keys(['example_weekday_branch_operator']) retrieved from /home/data-eginner/Documents/Soccer_Data/env/lib/python3.8/site-packages/airflow/example_dags/example_branch_day_of_week_operator.py
[2022-01-28 22:08:13,311] {logging_mixin.py:109} INFO - [2022-01-28 22:08:13,311] {dag.py:2396} INFO - Sync 1 DAGs
[2022-01-28 22:08:13,322] {logging_mixin.py:109} INFO - [2022-01-28 22:08:13,322] {dag.py:2935} INFO - Setting next_dagrun for example_weekday_branch_operator to 2022-01-28 00:00:00+00:00
[2022-01-28 22:08:13,338] {processor.py:171} INFO - Processing /home/data-eginner/Documents/Soccer_Data/env/lib/python3.8/site-packages/airflow/example_dags/example_branch_day_of_week_operator.py took 0.088 seconds
[2022-01-28 22:09:04,018] {processor.py:163} INFO - Started process (PID=27701) to work on /home/data-eginner/Documents/Soccer_Data/env/lib/python3.8/site-packages/airflow/example_dags/example_branch_day_of_week_operator.py
[2022-01-28 22:09:04,022] {processor.py:642} INFO - Processing file /home/data-eginner/Documents/Soccer_Data/env/lib/python3.8/site-packages/airflow/example_dags/example_branch_day_of_week_operator.py for tasks to queue
[2022-01-28 22:09:04,023] {logging_mixin.py:109} INFO - [2022-01-28 22:09:04,023] {dagbag.py:500} INFO - Filling up the DagBag from /home/data-eginner/Documents/Soccer_Data/env/lib/python3.8/site-packages/airflow/example_dags/example_branch_day_of_week_operator.py
[2022-01-28 22:09:04,068] {processor.py:654} INFO - DAG(s) dict_keys(['example_weekday_branch_operator']) retrieved from /home/data-eginner/Documents/Soccer_Data/env/lib/python3.8/site-packages/airflow/example_dags/example_branch_day_of_week_operator.py
[2022-01-28 22:09:04,089] {logging_mixin.py:109} INFO - [2022-01-28 22:09:04,089] {dag.py:2396} INFO - Sync 1 DAGs
[2022-01-28 22:09:04,129] {logging_mixin.py:109} INFO - [2022-01-28 22:09:04,129] {dag.py:2935} INFO - Setting next_dagrun for example_weekday_branch_operator to 2022-01-28 00:00:00+00:00
[2022-01-28 22:09:04,158] {processor.py:171} INFO - Processing /home/data-eginner/Documents/Soccer_Data/env/lib/python3.8/site-packages/airflow/example_dags/example_branch_day_of_week_operator.py took 0.144 seconds
[2022-01-28 22:09:47,129] {processor.py:163} INFO - Started process (PID=27875) to work on /home/data-eginner/Documents/Soccer_Data/env/lib/python3.8/site-packages/airflow/example_dags/example_branch_day_of_week_operator.py
[2022-01-28 22:09:47,131] {processor.py:642} INFO - Processing file /home/data-eginner/Documents/Soccer_Data/env/lib/python3.8/site-packages/airflow/example_dags/example_branch_day_of_week_operator.py for tasks to queue
[2022-01-28 22:09:47,132] {logging_mixin.py:109} INFO - [2022-01-28 22:09:47,132] {dagbag.py:500} INFO - Filling up the DagBag from /home/data-eginner/Documents/Soccer_Data/env/lib/python3.8/site-packages/airflow/example_dags/example_branch_day_of_week_operator.py
[2022-01-28 22:09:47,193] {processor.py:654} INFO - DAG(s) dict_keys(['example_weekday_branch_operator']) retrieved from /home/data-eginner/Documents/Soccer_Data/env/lib/python3.8/site-packages/airflow/example_dags/example_branch_day_of_week_operator.py
[2022-01-28 22:09:47,204] {logging_mixin.py:109} INFO - [2022-01-28 22:09:47,204] {dag.py:2396} INFO - Sync 1 DAGs
[2022-01-28 22:09:47,217] {logging_mixin.py:109} INFO - [2022-01-28 22:09:47,217] {dag.py:2935} INFO - Setting next_dagrun for example_weekday_branch_operator to 2022-01-28 00:00:00+00:00
[2022-01-28 22:09:47,260] {processor.py:171} INFO - Processing /home/data-eginner/Documents/Soccer_Data/env/lib/python3.8/site-packages/airflow/example_dags/example_branch_day_of_week_operator.py took 0.135 seconds
[2022-01-28 22:10:35,014] {processor.py:163} INFO - Started process (PID=28077) to work on /home/data-eginner/Documents/Soccer_Data/env/lib/python3.8/site-packages/airflow/example_dags/example_branch_day_of_week_operator.py
[2022-01-28 22:10:35,032] {processor.py:642} INFO - Processing file /home/data-eginner/Documents/Soccer_Data/env/lib/python3.8/site-packages/airflow/example_dags/example_branch_day_of_week_operator.py for tasks to queue
[2022-01-28 22:10:35,032] {logging_mixin.py:109} INFO - [2022-01-28 22:10:35,032] {dagbag.py:500} INFO - Filling up the DagBag from /home/data-eginner/Documents/Soccer_Data/env/lib/python3.8/site-packages/airflow/example_dags/example_branch_day_of_week_operator.py
[2022-01-28 22:10:35,081] {processor.py:654} INFO - DAG(s) dict_keys(['example_weekday_branch_operator']) retrieved from /home/data-eginner/Documents/Soccer_Data/env/lib/python3.8/site-packages/airflow/example_dags/example_branch_day_of_week_operator.py
[2022-01-28 22:10:35,125] {logging_mixin.py:109} INFO - [2022-01-28 22:10:35,125] {dag.py:2396} INFO - Sync 1 DAGs
[2022-01-28 22:10:35,149] {logging_mixin.py:109} INFO - [2022-01-28 22:10:35,149] {dag.py:2935} INFO - Setting next_dagrun for example_weekday_branch_operator to 2022-01-28 00:00:00+00:00
[2022-01-28 22:10:35,169] {processor.py:171} INFO - Processing /home/data-eginner/Documents/Soccer_Data/env/lib/python3.8/site-packages/airflow/example_dags/example_branch_day_of_week_operator.py took 0.158 seconds
[2022-01-28 22:11:18,583] {processor.py:163} INFO - Started process (PID=28267) to work on /home/data-eginner/Documents/Soccer_Data/env/lib/python3.8/site-packages/airflow/example_dags/example_branch_day_of_week_operator.py
[2022-01-28 22:11:18,587] {processor.py:642} INFO - Processing file /home/data-eginner/Documents/Soccer_Data/env/lib/python3.8/site-packages/airflow/example_dags/example_branch_day_of_week_operator.py for tasks to queue
[2022-01-28 22:11:18,588] {logging_mixin.py:109} INFO - [2022-01-28 22:11:18,588] {dagbag.py:500} INFO - Filling up the DagBag from /home/data-eginner/Documents/Soccer_Data/env/lib/python3.8/site-packages/airflow/example_dags/example_branch_day_of_week_operator.py
[2022-01-28 22:11:18,613] {processor.py:654} INFO - DAG(s) dict_keys(['example_weekday_branch_operator']) retrieved from /home/data-eginner/Documents/Soccer_Data/env/lib/python3.8/site-packages/airflow/example_dags/example_branch_day_of_week_operator.py
[2022-01-28 22:11:18,624] {logging_mixin.py:109} INFO - [2022-01-28 22:11:18,623] {dag.py:2396} INFO - Sync 1 DAGs
[2022-01-28 22:11:18,635] {logging_mixin.py:109} INFO - [2022-01-28 22:11:18,635] {dag.py:2935} INFO - Setting next_dagrun for example_weekday_branch_operator to 2022-01-28 00:00:00+00:00
[2022-01-28 22:11:18,673] {processor.py:171} INFO - Processing /home/data-eginner/Documents/Soccer_Data/env/lib/python3.8/site-packages/airflow/example_dags/example_branch_day_of_week_operator.py took 0.094 seconds
[2022-01-28 22:11:59,288] {processor.py:163} INFO - Started process (PID=28447) to work on /home/data-eginner/Documents/Soccer_Data/env/lib/python3.8/site-packages/airflow/example_dags/example_branch_day_of_week_operator.py
[2022-01-28 22:11:59,310] {processor.py:642} INFO - Processing file /home/data-eginner/Documents/Soccer_Data/env/lib/python3.8/site-packages/airflow/example_dags/example_branch_day_of_week_operator.py for tasks to queue
[2022-01-28 22:11:59,310] {logging_mixin.py:109} INFO - [2022-01-28 22:11:59,310] {dagbag.py:500} INFO - Filling up the DagBag from /home/data-eginner/Documents/Soccer_Data/env/lib/python3.8/site-packages/airflow/example_dags/example_branch_day_of_week_operator.py
[2022-01-28 22:11:59,346] {processor.py:654} INFO - DAG(s) dict_keys(['example_weekday_branch_operator']) retrieved from /home/data-eginner/Documents/Soccer_Data/env/lib/python3.8/site-packages/airflow/example_dags/example_branch_day_of_week_operator.py
[2022-01-28 22:11:59,355] {logging_mixin.py:109} INFO - [2022-01-28 22:11:59,355] {dag.py:2396} INFO - Sync 1 DAGs
[2022-01-28 22:11:59,368] {logging_mixin.py:109} INFO - [2022-01-28 22:11:59,368] {dag.py:2935} INFO - Setting next_dagrun for example_weekday_branch_operator to 2022-01-28 00:00:00+00:00
[2022-01-28 22:11:59,388] {processor.py:171} INFO - Processing /home/data-eginner/Documents/Soccer_Data/env/lib/python3.8/site-packages/airflow/example_dags/example_branch_day_of_week_operator.py took 0.105 seconds
[2022-01-28 22:12:39,433] {processor.py:163} INFO - Started process (PID=28602) to work on /home/data-eginner/Documents/Soccer_Data/env/lib/python3.8/site-packages/airflow/example_dags/example_branch_day_of_week_operator.py
[2022-01-28 22:12:39,450] {processor.py:642} INFO - Processing file /home/data-eginner/Documents/Soccer_Data/env/lib/python3.8/site-packages/airflow/example_dags/example_branch_day_of_week_operator.py for tasks to queue
[2022-01-28 22:12:39,451] {logging_mixin.py:109} INFO - [2022-01-28 22:12:39,450] {dagbag.py:500} INFO - Filling up the DagBag from /home/data-eginner/Documents/Soccer_Data/env/lib/python3.8/site-packages/airflow/example_dags/example_branch_day_of_week_operator.py
[2022-01-28 22:12:39,554] {processor.py:654} INFO - DAG(s) dict_keys(['example_weekday_branch_operator']) retrieved from /home/data-eginner/Documents/Soccer_Data/env/lib/python3.8/site-packages/airflow/example_dags/example_branch_day_of_week_operator.py
[2022-01-28 22:12:39,575] {logging_mixin.py:109} INFO - [2022-01-28 22:12:39,575] {dag.py:2396} INFO - Sync 1 DAGs
[2022-01-28 22:12:39,600] {logging_mixin.py:109} INFO - [2022-01-28 22:12:39,600] {dag.py:2935} INFO - Setting next_dagrun for example_weekday_branch_operator to 2022-01-28 00:00:00+00:00
[2022-01-28 22:12:39,631] {processor.py:171} INFO - Processing /home/data-eginner/Documents/Soccer_Data/env/lib/python3.8/site-packages/airflow/example_dags/example_branch_day_of_week_operator.py took 0.235 seconds
[2022-01-28 22:13:19,753] {processor.py:163} INFO - Started process (PID=28759) to work on /home/data-eginner/Documents/Soccer_Data/env/lib/python3.8/site-packages/airflow/example_dags/example_branch_day_of_week_operator.py
[2022-01-28 22:13:19,756] {processor.py:642} INFO - Processing file /home/data-eginner/Documents/Soccer_Data/env/lib/python3.8/site-packages/airflow/example_dags/example_branch_day_of_week_operator.py for tasks to queue
[2022-01-28 22:13:19,760] {logging_mixin.py:109} INFO - [2022-01-28 22:13:19,760] {dagbag.py:500} INFO - Filling up the DagBag from /home/data-eginner/Documents/Soccer_Data/env/lib/python3.8/site-packages/airflow/example_dags/example_branch_day_of_week_operator.py
[2022-01-28 22:13:19,795] {processor.py:654} INFO - DAG(s) dict_keys(['example_weekday_branch_operator']) retrieved from /home/data-eginner/Documents/Soccer_Data/env/lib/python3.8/site-packages/airflow/example_dags/example_branch_day_of_week_operator.py
[2022-01-28 22:13:19,809] {logging_mixin.py:109} INFO - [2022-01-28 22:13:19,809] {dag.py:2396} INFO - Sync 1 DAGs
[2022-01-28 22:13:19,825] {logging_mixin.py:109} INFO - [2022-01-28 22:13:19,825] {dag.py:2935} INFO - Setting next_dagrun for example_weekday_branch_operator to 2022-01-28 00:00:00+00:00
[2022-01-28 22:13:19,859] {processor.py:171} INFO - Processing /home/data-eginner/Documents/Soccer_Data/env/lib/python3.8/site-packages/airflow/example_dags/example_branch_day_of_week_operator.py took 0.109 seconds
[2022-01-28 22:14:05,907] {processor.py:163} INFO - Started process (PID=28949) to work on /home/data-eginner/Documents/Soccer_Data/env/lib/python3.8/site-packages/airflow/example_dags/example_branch_day_of_week_operator.py
[2022-01-28 22:14:05,939] {processor.py:642} INFO - Processing file /home/data-eginner/Documents/Soccer_Data/env/lib/python3.8/site-packages/airflow/example_dags/example_branch_day_of_week_operator.py for tasks to queue
[2022-01-28 22:14:05,942] {logging_mixin.py:109} INFO - [2022-01-28 22:14:05,942] {dagbag.py:500} INFO - Filling up the DagBag from /home/data-eginner/Documents/Soccer_Data/env/lib/python3.8/site-packages/airflow/example_dags/example_branch_day_of_week_operator.py
[2022-01-28 22:14:06,000] {processor.py:654} INFO - DAG(s) dict_keys(['example_weekday_branch_operator']) retrieved from /home/data-eginner/Documents/Soccer_Data/env/lib/python3.8/site-packages/airflow/example_dags/example_branch_day_of_week_operator.py
[2022-01-28 22:14:06,030] {logging_mixin.py:109} INFO - [2022-01-28 22:14:06,030] {dag.py:2396} INFO - Sync 1 DAGs
[2022-01-28 22:14:06,078] {logging_mixin.py:109} INFO - [2022-01-28 22:14:06,077] {dag.py:2935} INFO - Setting next_dagrun for example_weekday_branch_operator to 2022-01-28 00:00:00+00:00
[2022-01-28 22:14:06,120] {processor.py:171} INFO - Processing /home/data-eginner/Documents/Soccer_Data/env/lib/python3.8/site-packages/airflow/example_dags/example_branch_day_of_week_operator.py took 0.216 seconds
[2022-01-28 22:15:03,251] {processor.py:163} INFO - Started process (PID=29167) to work on /home/data-eginner/Documents/Soccer_Data/env/lib/python3.8/site-packages/airflow/example_dags/example_branch_day_of_week_operator.py
[2022-01-28 22:15:03,284] {processor.py:642} INFO - Processing file /home/data-eginner/Documents/Soccer_Data/env/lib/python3.8/site-packages/airflow/example_dags/example_branch_day_of_week_operator.py for tasks to queue
[2022-01-28 22:15:03,285] {logging_mixin.py:109} INFO - [2022-01-28 22:15:03,285] {dagbag.py:500} INFO - Filling up the DagBag from /home/data-eginner/Documents/Soccer_Data/env/lib/python3.8/site-packages/airflow/example_dags/example_branch_day_of_week_operator.py
[2022-01-28 22:15:03,408] {processor.py:654} INFO - DAG(s) dict_keys(['example_weekday_branch_operator']) retrieved from /home/data-eginner/Documents/Soccer_Data/env/lib/python3.8/site-packages/airflow/example_dags/example_branch_day_of_week_operator.py
[2022-01-28 22:15:03,454] {logging_mixin.py:109} INFO - [2022-01-28 22:15:03,454] {dag.py:2396} INFO - Sync 1 DAGs
[2022-01-28 22:15:03,523] {logging_mixin.py:109} INFO - [2022-01-28 22:15:03,523] {dag.py:2935} INFO - Setting next_dagrun for example_weekday_branch_operator to 2022-01-28 00:00:00+00:00
[2022-01-28 22:15:03,573] {processor.py:171} INFO - Processing /home/data-eginner/Documents/Soccer_Data/env/lib/python3.8/site-packages/airflow/example_dags/example_branch_day_of_week_operator.py took 0.325 seconds
[2022-01-28 22:16:07,658] {processor.py:163} INFO - Started process (PID=29383) to work on /home/data-eginner/Documents/Soccer_Data/env/lib/python3.8/site-packages/airflow/example_dags/example_branch_day_of_week_operator.py
[2022-01-28 22:16:07,687] {processor.py:642} INFO - Processing file /home/data-eginner/Documents/Soccer_Data/env/lib/python3.8/site-packages/airflow/example_dags/example_branch_day_of_week_operator.py for tasks to queue
[2022-01-28 22:16:07,688] {logging_mixin.py:109} INFO - [2022-01-28 22:16:07,687] {dagbag.py:500} INFO - Filling up the DagBag from /home/data-eginner/Documents/Soccer_Data/env/lib/python3.8/site-packages/airflow/example_dags/example_branch_day_of_week_operator.py
[2022-01-28 22:16:07,766] {processor.py:654} INFO - DAG(s) dict_keys(['example_weekday_branch_operator']) retrieved from /home/data-eginner/Documents/Soccer_Data/env/lib/python3.8/site-packages/airflow/example_dags/example_branch_day_of_week_operator.py
[2022-01-28 22:16:07,798] {logging_mixin.py:109} INFO - [2022-01-28 22:16:07,798] {dag.py:2396} INFO - Sync 1 DAGs
[2022-01-28 22:16:07,832] {logging_mixin.py:109} INFO - [2022-01-28 22:16:07,831] {dag.py:2935} INFO - Setting next_dagrun for example_weekday_branch_operator to 2022-01-28 00:00:00+00:00
[2022-01-28 22:16:07,915] {processor.py:171} INFO - Processing /home/data-eginner/Documents/Soccer_Data/env/lib/python3.8/site-packages/airflow/example_dags/example_branch_day_of_week_operator.py took 0.259 seconds
[2022-01-28 22:17:24,674] {processor.py:163} INFO - Started process (PID=29682) to work on /home/data-eginner/Documents/Soccer_Data/env/lib/python3.8/site-packages/airflow/example_dags/example_branch_day_of_week_operator.py
[2022-01-28 22:17:24,679] {processor.py:642} INFO - Processing file /home/data-eginner/Documents/Soccer_Data/env/lib/python3.8/site-packages/airflow/example_dags/example_branch_day_of_week_operator.py for tasks to queue
[2022-01-28 22:17:24,679] {logging_mixin.py:109} INFO - [2022-01-28 22:17:24,679] {dagbag.py:500} INFO - Filling up the DagBag from /home/data-eginner/Documents/Soccer_Data/env/lib/python3.8/site-packages/airflow/example_dags/example_branch_day_of_week_operator.py
[2022-01-28 22:17:24,715] {processor.py:654} INFO - DAG(s) dict_keys(['example_weekday_branch_operator']) retrieved from /home/data-eginner/Documents/Soccer_Data/env/lib/python3.8/site-packages/airflow/example_dags/example_branch_day_of_week_operator.py
[2022-01-28 22:17:24,731] {logging_mixin.py:109} INFO - [2022-01-28 22:17:24,731] {dag.py:2396} INFO - Sync 1 DAGs
[2022-01-28 22:17:24,752] {logging_mixin.py:109} INFO - [2022-01-28 22:17:24,752] {dag.py:2935} INFO - Setting next_dagrun for example_weekday_branch_operator to 2022-01-28 00:00:00+00:00
[2022-01-28 22:17:24,780] {processor.py:171} INFO - Processing /home/data-eginner/Documents/Soccer_Data/env/lib/python3.8/site-packages/airflow/example_dags/example_branch_day_of_week_operator.py took 0.115 seconds
[2022-01-28 22:18:06,100] {processor.py:163} INFO - Started process (PID=29844) to work on /home/data-eginner/Documents/Soccer_Data/env/lib/python3.8/site-packages/airflow/example_dags/example_branch_day_of_week_operator.py
[2022-01-28 22:18:06,103] {processor.py:642} INFO - Processing file /home/data-eginner/Documents/Soccer_Data/env/lib/python3.8/site-packages/airflow/example_dags/example_branch_day_of_week_operator.py for tasks to queue
[2022-01-28 22:18:06,104] {logging_mixin.py:109} INFO - [2022-01-28 22:18:06,104] {dagbag.py:500} INFO - Filling up the DagBag from /home/data-eginner/Documents/Soccer_Data/env/lib/python3.8/site-packages/airflow/example_dags/example_branch_day_of_week_operator.py
[2022-01-28 22:18:06,130] {processor.py:654} INFO - DAG(s) dict_keys(['example_weekday_branch_operator']) retrieved from /home/data-eginner/Documents/Soccer_Data/env/lib/python3.8/site-packages/airflow/example_dags/example_branch_day_of_week_operator.py
[2022-01-28 22:18:06,140] {logging_mixin.py:109} INFO - [2022-01-28 22:18:06,140] {dag.py:2396} INFO - Sync 1 DAGs
[2022-01-28 22:18:06,174] {logging_mixin.py:109} INFO - [2022-01-28 22:18:06,174] {dag.py:2935} INFO - Setting next_dagrun for example_weekday_branch_operator to 2022-01-28 00:00:00+00:00
[2022-01-28 22:18:06,253] {processor.py:171} INFO - Processing /home/data-eginner/Documents/Soccer_Data/env/lib/python3.8/site-packages/airflow/example_dags/example_branch_day_of_week_operator.py took 0.157 seconds
[2022-01-28 22:18:44,872] {processor.py:163} INFO - Started process (PID=30002) to work on /home/data-eginner/Documents/Soccer_Data/env/lib/python3.8/site-packages/airflow/example_dags/example_branch_day_of_week_operator.py
[2022-01-28 22:18:44,881] {processor.py:642} INFO - Processing file /home/data-eginner/Documents/Soccer_Data/env/lib/python3.8/site-packages/airflow/example_dags/example_branch_day_of_week_operator.py for tasks to queue
[2022-01-28 22:18:44,881] {logging_mixin.py:109} INFO - [2022-01-28 22:18:44,881] {dagbag.py:500} INFO - Filling up the DagBag from /home/data-eginner/Documents/Soccer_Data/env/lib/python3.8/site-packages/airflow/example_dags/example_branch_day_of_week_operator.py
[2022-01-28 22:18:44,979] {processor.py:654} INFO - DAG(s) dict_keys(['example_weekday_branch_operator']) retrieved from /home/data-eginner/Documents/Soccer_Data/env/lib/python3.8/site-packages/airflow/example_dags/example_branch_day_of_week_operator.py
[2022-01-28 22:18:45,014] {logging_mixin.py:109} INFO - [2022-01-28 22:18:45,014] {dag.py:2396} INFO - Sync 1 DAGs
[2022-01-28 22:18:45,056] {logging_mixin.py:109} INFO - [2022-01-28 22:18:45,056] {dag.py:2935} INFO - Setting next_dagrun for example_weekday_branch_operator to 2022-01-28 00:00:00+00:00
[2022-01-28 22:18:45,082] {processor.py:171} INFO - Processing /home/data-eginner/Documents/Soccer_Data/env/lib/python3.8/site-packages/airflow/example_dags/example_branch_day_of_week_operator.py took 0.246 seconds
[2022-01-28 22:19:29,144] {processor.py:163} INFO - Started process (PID=30186) to work on /home/data-eginner/Documents/Soccer_Data/env/lib/python3.8/site-packages/airflow/example_dags/example_branch_day_of_week_operator.py
[2022-01-28 22:19:29,158] {processor.py:642} INFO - Processing file /home/data-eginner/Documents/Soccer_Data/env/lib/python3.8/site-packages/airflow/example_dags/example_branch_day_of_week_operator.py for tasks to queue
[2022-01-28 22:19:29,158] {logging_mixin.py:109} INFO - [2022-01-28 22:19:29,158] {dagbag.py:500} INFO - Filling up the DagBag from /home/data-eginner/Documents/Soccer_Data/env/lib/python3.8/site-packages/airflow/example_dags/example_branch_day_of_week_operator.py
[2022-01-28 22:19:29,207] {processor.py:654} INFO - DAG(s) dict_keys(['example_weekday_branch_operator']) retrieved from /home/data-eginner/Documents/Soccer_Data/env/lib/python3.8/site-packages/airflow/example_dags/example_branch_day_of_week_operator.py
[2022-01-28 22:19:29,215] {logging_mixin.py:109} INFO - [2022-01-28 22:19:29,215] {dag.py:2396} INFO - Sync 1 DAGs
[2022-01-28 22:19:29,245] {logging_mixin.py:109} INFO - [2022-01-28 22:19:29,245] {dag.py:2935} INFO - Setting next_dagrun for example_weekday_branch_operator to 2022-01-28 00:00:00+00:00
[2022-01-28 22:19:29,296] {processor.py:171} INFO - Processing /home/data-eginner/Documents/Soccer_Data/env/lib/python3.8/site-packages/airflow/example_dags/example_branch_day_of_week_operator.py took 0.167 seconds
[2022-01-28 22:20:31,932] {processor.py:163} INFO - Started process (PID=30431) to work on /home/data-eginner/Documents/Soccer_Data/env/lib/python3.8/site-packages/airflow/example_dags/example_branch_day_of_week_operator.py
[2022-01-28 22:20:31,982] {processor.py:642} INFO - Processing file /home/data-eginner/Documents/Soccer_Data/env/lib/python3.8/site-packages/airflow/example_dags/example_branch_day_of_week_operator.py for tasks to queue
[2022-01-28 22:20:31,984] {logging_mixin.py:109} INFO - [2022-01-28 22:20:31,983] {dagbag.py:500} INFO - Filling up the DagBag from /home/data-eginner/Documents/Soccer_Data/env/lib/python3.8/site-packages/airflow/example_dags/example_branch_day_of_week_operator.py
[2022-01-28 22:20:32,032] {processor.py:654} INFO - DAG(s) dict_keys(['example_weekday_branch_operator']) retrieved from /home/data-eginner/Documents/Soccer_Data/env/lib/python3.8/site-packages/airflow/example_dags/example_branch_day_of_week_operator.py
[2022-01-28 22:20:32,040] {logging_mixin.py:109} INFO - [2022-01-28 22:20:32,040] {dag.py:2396} INFO - Sync 1 DAGs
[2022-01-28 22:20:32,052] {logging_mixin.py:109} INFO - [2022-01-28 22:20:32,052] {dag.py:2935} INFO - Setting next_dagrun for example_weekday_branch_operator to 2022-01-28 00:00:00+00:00
[2022-01-28 22:20:32,067] {processor.py:171} INFO - Processing /home/data-eginner/Documents/Soccer_Data/env/lib/python3.8/site-packages/airflow/example_dags/example_branch_day_of_week_operator.py took 0.138 seconds
[2022-01-28 22:21:09,560] {processor.py:163} INFO - Started process (PID=30595) to work on /home/data-eginner/Documents/Soccer_Data/env/lib/python3.8/site-packages/airflow/example_dags/example_branch_day_of_week_operator.py
[2022-01-28 22:21:09,566] {processor.py:642} INFO - Processing file /home/data-eginner/Documents/Soccer_Data/env/lib/python3.8/site-packages/airflow/example_dags/example_branch_day_of_week_operator.py for tasks to queue
[2022-01-28 22:21:09,567] {logging_mixin.py:109} INFO - [2022-01-28 22:21:09,567] {dagbag.py:500} INFO - Filling up the DagBag from /home/data-eginner/Documents/Soccer_Data/env/lib/python3.8/site-packages/airflow/example_dags/example_branch_day_of_week_operator.py
[2022-01-28 22:21:09,595] {processor.py:654} INFO - DAG(s) dict_keys(['example_weekday_branch_operator']) retrieved from /home/data-eginner/Documents/Soccer_Data/env/lib/python3.8/site-packages/airflow/example_dags/example_branch_day_of_week_operator.py
[2022-01-28 22:21:09,605] {logging_mixin.py:109} INFO - [2022-01-28 22:21:09,604] {dag.py:2396} INFO - Sync 1 DAGs
[2022-01-28 22:21:09,617] {logging_mixin.py:109} INFO - [2022-01-28 22:21:09,617] {dag.py:2935} INFO - Setting next_dagrun for example_weekday_branch_operator to 2022-01-28 00:00:00+00:00
[2022-01-28 22:21:09,633] {processor.py:171} INFO - Processing /home/data-eginner/Documents/Soccer_Data/env/lib/python3.8/site-packages/airflow/example_dags/example_branch_day_of_week_operator.py took 0.082 seconds
[2022-01-28 22:21:46,246] {processor.py:163} INFO - Started process (PID=30747) to work on /home/data-eginner/Documents/Soccer_Data/env/lib/python3.8/site-packages/airflow/example_dags/example_branch_day_of_week_operator.py
[2022-01-28 22:21:46,261] {processor.py:642} INFO - Processing file /home/data-eginner/Documents/Soccer_Data/env/lib/python3.8/site-packages/airflow/example_dags/example_branch_day_of_week_operator.py for tasks to queue
[2022-01-28 22:21:46,261] {logging_mixin.py:109} INFO - [2022-01-28 22:21:46,261] {dagbag.py:500} INFO - Filling up the DagBag from /home/data-eginner/Documents/Soccer_Data/env/lib/python3.8/site-packages/airflow/example_dags/example_branch_day_of_week_operator.py
[2022-01-28 22:21:46,280] {processor.py:654} INFO - DAG(s) dict_keys(['example_weekday_branch_operator']) retrieved from /home/data-eginner/Documents/Soccer_Data/env/lib/python3.8/site-packages/airflow/example_dags/example_branch_day_of_week_operator.py
[2022-01-28 22:21:46,289] {logging_mixin.py:109} INFO - [2022-01-28 22:21:46,289] {dag.py:2396} INFO - Sync 1 DAGs
[2022-01-28 22:21:46,302] {logging_mixin.py:109} INFO - [2022-01-28 22:21:46,302] {dag.py:2935} INFO - Setting next_dagrun for example_weekday_branch_operator to 2022-01-28 00:00:00+00:00
[2022-01-28 22:21:46,341] {processor.py:171} INFO - Processing /home/data-eginner/Documents/Soccer_Data/env/lib/python3.8/site-packages/airflow/example_dags/example_branch_day_of_week_operator.py took 0.104 seconds
[2022-01-28 22:22:24,703] {processor.py:163} INFO - Started process (PID=30916) to work on /home/data-eginner/Documents/Soccer_Data/env/lib/python3.8/site-packages/airflow/example_dags/example_branch_day_of_week_operator.py
[2022-01-28 22:22:24,704] {processor.py:642} INFO - Processing file /home/data-eginner/Documents/Soccer_Data/env/lib/python3.8/site-packages/airflow/example_dags/example_branch_day_of_week_operator.py for tasks to queue
[2022-01-28 22:22:24,705] {logging_mixin.py:109} INFO - [2022-01-28 22:22:24,705] {dagbag.py:500} INFO - Filling up the DagBag from /home/data-eginner/Documents/Soccer_Data/env/lib/python3.8/site-packages/airflow/example_dags/example_branch_day_of_week_operator.py
[2022-01-28 22:22:24,763] {processor.py:654} INFO - DAG(s) dict_keys(['example_weekday_branch_operator']) retrieved from /home/data-eginner/Documents/Soccer_Data/env/lib/python3.8/site-packages/airflow/example_dags/example_branch_day_of_week_operator.py
[2022-01-28 22:22:24,779] {logging_mixin.py:109} INFO - [2022-01-28 22:22:24,779] {dag.py:2396} INFO - Sync 1 DAGs
[2022-01-28 22:22:24,804] {logging_mixin.py:109} INFO - [2022-01-28 22:22:24,803] {dag.py:2935} INFO - Setting next_dagrun for example_weekday_branch_operator to 2022-01-28 00:00:00+00:00
[2022-01-28 22:22:24,851] {processor.py:171} INFO - Processing /home/data-eginner/Documents/Soccer_Data/env/lib/python3.8/site-packages/airflow/example_dags/example_branch_day_of_week_operator.py took 0.161 seconds
