[2022-01-28 21:00:16,184] {processor.py:163} INFO - Started process (PID=18989) to work on /home/data-eginner/Documents/Soccer_Data/env/lib/python3.8/site-packages/airflow/example_dags/example_task_group_decorator.py
[2022-01-28 21:00:16,185] {processor.py:642} INFO - Processing file /home/data-eginner/Documents/Soccer_Data/env/lib/python3.8/site-packages/airflow/example_dags/example_task_group_decorator.py for tasks to queue
[2022-01-28 21:00:16,185] {logging_mixin.py:109} INFO - [2022-01-28 21:00:16,185] {dagbag.py:500} INFO - Filling up the DagBag from /home/data-eginner/Documents/Soccer_Data/env/lib/python3.8/site-packages/airflow/example_dags/example_task_group_decorator.py
[2022-01-28 21:00:16,276] {processor.py:654} INFO - DAG(s) dict_keys(['example_task_group_decorator']) retrieved from /home/data-eginner/Documents/Soccer_Data/env/lib/python3.8/site-packages/airflow/example_dags/example_task_group_decorator.py
[2022-01-28 21:00:16,765] {logging_mixin.py:109} INFO - [2022-01-28 21:00:16,765] {dag.py:2396} INFO - Sync 1 DAGs
[2022-01-28 21:00:16,786] {logging_mixin.py:109} INFO - [2022-01-28 21:00:16,786] {dag.py:2935} INFO - Setting next_dagrun for example_task_group_decorator to 2022-01-28T00:00:16.785707+00:00
[2022-01-28 21:00:16,822] {processor.py:171} INFO - Processing /home/data-eginner/Documents/Soccer_Data/env/lib/python3.8/site-packages/airflow/example_dags/example_task_group_decorator.py took 0.655 seconds
[2022-01-28 21:08:07,836] {processor.py:163} INFO - Started process (PID=19722) to work on /home/data-eginner/Documents/Soccer_Data/env/lib/python3.8/site-packages/airflow/example_dags/example_task_group_decorator.py
[2022-01-28 21:08:07,855] {processor.py:642} INFO - Processing file /home/data-eginner/Documents/Soccer_Data/env/lib/python3.8/site-packages/airflow/example_dags/example_task_group_decorator.py for tasks to queue
[2022-01-28 21:08:07,856] {logging_mixin.py:109} INFO - [2022-01-28 21:08:07,856] {dagbag.py:500} INFO - Filling up the DagBag from /home/data-eginner/Documents/Soccer_Data/env/lib/python3.8/site-packages/airflow/example_dags/example_task_group_decorator.py
[2022-01-28 21:08:07,944] {processor.py:654} INFO - DAG(s) dict_keys(['example_task_group_decorator']) retrieved from /home/data-eginner/Documents/Soccer_Data/env/lib/python3.8/site-packages/airflow/example_dags/example_task_group_decorator.py
[2022-01-28 21:08:08,457] {logging_mixin.py:109} INFO - [2022-01-28 21:08:08,457] {dag.py:2396} INFO - Sync 1 DAGs
[2022-01-28 21:08:08,489] {logging_mixin.py:109} INFO - [2022-01-28 21:08:08,488] {dag.py:2935} INFO - Setting next_dagrun for example_task_group_decorator to 2022-01-28T00:08:08.488625+00:00
[2022-01-28 21:08:08,522] {processor.py:171} INFO - Processing /home/data-eginner/Documents/Soccer_Data/env/lib/python3.8/site-packages/airflow/example_dags/example_task_group_decorator.py took 0.689 seconds
[2022-01-28 21:08:53,967] {processor.py:163} INFO - Started process (PID=19891) to work on /home/data-eginner/Documents/Soccer_Data/env/lib/python3.8/site-packages/airflow/example_dags/example_task_group_decorator.py
[2022-01-28 21:08:53,976] {processor.py:642} INFO - Processing file /home/data-eginner/Documents/Soccer_Data/env/lib/python3.8/site-packages/airflow/example_dags/example_task_group_decorator.py for tasks to queue
[2022-01-28 21:08:53,976] {logging_mixin.py:109} INFO - [2022-01-28 21:08:53,976] {dagbag.py:500} INFO - Filling up the DagBag from /home/data-eginner/Documents/Soccer_Data/env/lib/python3.8/site-packages/airflow/example_dags/example_task_group_decorator.py
[2022-01-28 21:08:54,050] {processor.py:654} INFO - DAG(s) dict_keys(['example_task_group_decorator']) retrieved from /home/data-eginner/Documents/Soccer_Data/env/lib/python3.8/site-packages/airflow/example_dags/example_task_group_decorator.py
[2022-01-28 21:08:54,343] {logging_mixin.py:109} INFO - [2022-01-28 21:08:54,343] {dag.py:2396} INFO - Sync 1 DAGs
[2022-01-28 21:08:54,364] {logging_mixin.py:109} INFO - [2022-01-28 21:08:54,364] {dag.py:2935} INFO - Setting next_dagrun for example_task_group_decorator to 2022-01-28T00:08:54.364155+00:00
[2022-01-28 21:08:54,395] {processor.py:171} INFO - Processing /home/data-eginner/Documents/Soccer_Data/env/lib/python3.8/site-packages/airflow/example_dags/example_task_group_decorator.py took 0.432 seconds
[2022-01-28 21:09:43,760] {processor.py:163} INFO - Started process (PID=20074) to work on /home/data-eginner/Documents/Soccer_Data/env/lib/python3.8/site-packages/airflow/example_dags/example_task_group_decorator.py
[2022-01-28 21:09:43,774] {processor.py:642} INFO - Processing file /home/data-eginner/Documents/Soccer_Data/env/lib/python3.8/site-packages/airflow/example_dags/example_task_group_decorator.py for tasks to queue
[2022-01-28 21:09:43,775] {logging_mixin.py:109} INFO - [2022-01-28 21:09:43,775] {dagbag.py:500} INFO - Filling up the DagBag from /home/data-eginner/Documents/Soccer_Data/env/lib/python3.8/site-packages/airflow/example_dags/example_task_group_decorator.py
[2022-01-28 21:09:43,895] {processor.py:654} INFO - DAG(s) dict_keys(['example_task_group_decorator']) retrieved from /home/data-eginner/Documents/Soccer_Data/env/lib/python3.8/site-packages/airflow/example_dags/example_task_group_decorator.py
[2022-01-28 21:09:44,625] {logging_mixin.py:109} INFO - [2022-01-28 21:09:44,625] {dag.py:2396} INFO - Sync 1 DAGs
[2022-01-28 21:09:44,685] {logging_mixin.py:109} INFO - [2022-01-28 21:09:44,685] {dag.py:2935} INFO - Setting next_dagrun for example_task_group_decorator to 2022-01-28T00:09:44.685409+00:00
[2022-01-28 21:09:44,753] {processor.py:171} INFO - Processing /home/data-eginner/Documents/Soccer_Data/env/lib/python3.8/site-packages/airflow/example_dags/example_task_group_decorator.py took 0.996 seconds
[2022-01-28 21:10:32,314] {processor.py:163} INFO - Started process (PID=20253) to work on /home/data-eginner/Documents/Soccer_Data/env/lib/python3.8/site-packages/airflow/example_dags/example_task_group_decorator.py
[2022-01-28 21:10:32,341] {processor.py:642} INFO - Processing file /home/data-eginner/Documents/Soccer_Data/env/lib/python3.8/site-packages/airflow/example_dags/example_task_group_decorator.py for tasks to queue
[2022-01-28 21:10:32,341] {logging_mixin.py:109} INFO - [2022-01-28 21:10:32,341] {dagbag.py:500} INFO - Filling up the DagBag from /home/data-eginner/Documents/Soccer_Data/env/lib/python3.8/site-packages/airflow/example_dags/example_task_group_decorator.py
[2022-01-28 21:10:32,384] {processor.py:654} INFO - DAG(s) dict_keys(['example_task_group_decorator']) retrieved from /home/data-eginner/Documents/Soccer_Data/env/lib/python3.8/site-packages/airflow/example_dags/example_task_group_decorator.py
[2022-01-28 21:10:32,654] {logging_mixin.py:109} INFO - [2022-01-28 21:10:32,654] {dag.py:2396} INFO - Sync 1 DAGs
[2022-01-28 21:10:32,667] {logging_mixin.py:109} INFO - [2022-01-28 21:10:32,667] {dag.py:2935} INFO - Setting next_dagrun for example_task_group_decorator to 2022-01-28T00:10:32.666859+00:00
[2022-01-28 21:10:32,693] {processor.py:171} INFO - Processing /home/data-eginner/Documents/Soccer_Data/env/lib/python3.8/site-packages/airflow/example_dags/example_task_group_decorator.py took 0.382 seconds
[2022-01-28 21:11:13,234] {processor.py:163} INFO - Started process (PID=20423) to work on /home/data-eginner/Documents/Soccer_Data/env/lib/python3.8/site-packages/airflow/example_dags/example_task_group_decorator.py
[2022-01-28 21:11:13,256] {processor.py:642} INFO - Processing file /home/data-eginner/Documents/Soccer_Data/env/lib/python3.8/site-packages/airflow/example_dags/example_task_group_decorator.py for tasks to queue
[2022-01-28 21:11:13,257] {logging_mixin.py:109} INFO - [2022-01-28 21:11:13,257] {dagbag.py:500} INFO - Filling up the DagBag from /home/data-eginner/Documents/Soccer_Data/env/lib/python3.8/site-packages/airflow/example_dags/example_task_group_decorator.py
[2022-01-28 21:11:13,311] {processor.py:654} INFO - DAG(s) dict_keys(['example_task_group_decorator']) retrieved from /home/data-eginner/Documents/Soccer_Data/env/lib/python3.8/site-packages/airflow/example_dags/example_task_group_decorator.py
[2022-01-28 21:11:13,584] {logging_mixin.py:109} INFO - [2022-01-28 21:11:13,584] {dag.py:2396} INFO - Sync 1 DAGs
[2022-01-28 21:11:13,603] {logging_mixin.py:109} INFO - [2022-01-28 21:11:13,603] {dag.py:2935} INFO - Setting next_dagrun for example_task_group_decorator to 2022-01-28T00:11:13.602901+00:00
[2022-01-28 21:11:13,625] {processor.py:171} INFO - Processing /home/data-eginner/Documents/Soccer_Data/env/lib/python3.8/site-packages/airflow/example_dags/example_task_group_decorator.py took 0.397 seconds
[2022-01-28 21:11:52,198] {processor.py:163} INFO - Started process (PID=20572) to work on /home/data-eginner/Documents/Soccer_Data/env/lib/python3.8/site-packages/airflow/example_dags/example_task_group_decorator.py
[2022-01-28 21:11:52,201] {processor.py:642} INFO - Processing file /home/data-eginner/Documents/Soccer_Data/env/lib/python3.8/site-packages/airflow/example_dags/example_task_group_decorator.py for tasks to queue
[2022-01-28 21:11:52,202] {logging_mixin.py:109} INFO - [2022-01-28 21:11:52,201] {dagbag.py:500} INFO - Filling up the DagBag from /home/data-eginner/Documents/Soccer_Data/env/lib/python3.8/site-packages/airflow/example_dags/example_task_group_decorator.py
[2022-01-28 21:11:52,247] {processor.py:654} INFO - DAG(s) dict_keys(['example_task_group_decorator']) retrieved from /home/data-eginner/Documents/Soccer_Data/env/lib/python3.8/site-packages/airflow/example_dags/example_task_group_decorator.py
[2022-01-28 21:11:52,521] {logging_mixin.py:109} INFO - [2022-01-28 21:11:52,521] {dag.py:2396} INFO - Sync 1 DAGs
[2022-01-28 21:11:52,536] {logging_mixin.py:109} INFO - [2022-01-28 21:11:52,536] {dag.py:2935} INFO - Setting next_dagrun for example_task_group_decorator to 2022-01-28T00:11:52.536637+00:00
[2022-01-28 21:11:52,590] {processor.py:171} INFO - Processing /home/data-eginner/Documents/Soccer_Data/env/lib/python3.8/site-packages/airflow/example_dags/example_task_group_decorator.py took 0.397 seconds
[2022-01-28 21:12:28,991] {processor.py:163} INFO - Started process (PID=20716) to work on /home/data-eginner/Documents/Soccer_Data/env/lib/python3.8/site-packages/airflow/example_dags/example_task_group_decorator.py
[2022-01-28 21:12:28,998] {processor.py:642} INFO - Processing file /home/data-eginner/Documents/Soccer_Data/env/lib/python3.8/site-packages/airflow/example_dags/example_task_group_decorator.py for tasks to queue
[2022-01-28 21:12:28,999] {logging_mixin.py:109} INFO - [2022-01-28 21:12:28,999] {dagbag.py:500} INFO - Filling up the DagBag from /home/data-eginner/Documents/Soccer_Data/env/lib/python3.8/site-packages/airflow/example_dags/example_task_group_decorator.py
[2022-01-28 21:12:29,036] {processor.py:654} INFO - DAG(s) dict_keys(['example_task_group_decorator']) retrieved from /home/data-eginner/Documents/Soccer_Data/env/lib/python3.8/site-packages/airflow/example_dags/example_task_group_decorator.py
[2022-01-28 21:12:29,322] {logging_mixin.py:109} INFO - [2022-01-28 21:12:29,322] {dag.py:2396} INFO - Sync 1 DAGs
[2022-01-28 21:12:29,332] {logging_mixin.py:109} INFO - [2022-01-28 21:12:29,332] {dag.py:2935} INFO - Setting next_dagrun for example_task_group_decorator to 2022-01-28T00:12:29.331899+00:00
[2022-01-28 21:12:29,351] {processor.py:171} INFO - Processing /home/data-eginner/Documents/Soccer_Data/env/lib/python3.8/site-packages/airflow/example_dags/example_task_group_decorator.py took 0.363 seconds
[2022-01-28 21:13:06,296] {processor.py:163} INFO - Started process (PID=20859) to work on /home/data-eginner/Documents/Soccer_Data/env/lib/python3.8/site-packages/airflow/example_dags/example_task_group_decorator.py
[2022-01-28 21:13:06,298] {processor.py:642} INFO - Processing file /home/data-eginner/Documents/Soccer_Data/env/lib/python3.8/site-packages/airflow/example_dags/example_task_group_decorator.py for tasks to queue
[2022-01-28 21:13:06,299] {logging_mixin.py:109} INFO - [2022-01-28 21:13:06,299] {dagbag.py:500} INFO - Filling up the DagBag from /home/data-eginner/Documents/Soccer_Data/env/lib/python3.8/site-packages/airflow/example_dags/example_task_group_decorator.py
[2022-01-28 21:13:06,363] {processor.py:654} INFO - DAG(s) dict_keys(['example_task_group_decorator']) retrieved from /home/data-eginner/Documents/Soccer_Data/env/lib/python3.8/site-packages/airflow/example_dags/example_task_group_decorator.py
[2022-01-28 21:13:06,872] {logging_mixin.py:109} INFO - [2022-01-28 21:13:06,872] {dag.py:2396} INFO - Sync 1 DAGs
[2022-01-28 21:13:06,892] {logging_mixin.py:109} INFO - [2022-01-28 21:13:06,892] {dag.py:2935} INFO - Setting next_dagrun for example_task_group_decorator to 2022-01-28T00:13:06.892470+00:00
[2022-01-28 21:13:06,926] {processor.py:171} INFO - Processing /home/data-eginner/Documents/Soccer_Data/env/lib/python3.8/site-packages/airflow/example_dags/example_task_group_decorator.py took 0.645 seconds
[2022-01-28 21:13:49,629] {processor.py:163} INFO - Started process (PID=21013) to work on /home/data-eginner/Documents/Soccer_Data/env/lib/python3.8/site-packages/airflow/example_dags/example_task_group_decorator.py
[2022-01-28 21:13:49,634] {processor.py:642} INFO - Processing file /home/data-eginner/Documents/Soccer_Data/env/lib/python3.8/site-packages/airflow/example_dags/example_task_group_decorator.py for tasks to queue
[2022-01-28 21:13:49,636] {logging_mixin.py:109} INFO - [2022-01-28 21:13:49,636] {dagbag.py:500} INFO - Filling up the DagBag from /home/data-eginner/Documents/Soccer_Data/env/lib/python3.8/site-packages/airflow/example_dags/example_task_group_decorator.py
[2022-01-28 21:13:49,673] {processor.py:654} INFO - DAG(s) dict_keys(['example_task_group_decorator']) retrieved from /home/data-eginner/Documents/Soccer_Data/env/lib/python3.8/site-packages/airflow/example_dags/example_task_group_decorator.py
[2022-01-28 21:13:50,240] {logging_mixin.py:109} INFO - [2022-01-28 21:13:50,239] {dag.py:2396} INFO - Sync 1 DAGs
[2022-01-28 21:13:50,272] {logging_mixin.py:109} INFO - [2022-01-28 21:13:50,272] {dag.py:2935} INFO - Setting next_dagrun for example_task_group_decorator to 2022-01-28T00:13:50.272252+00:00
[2022-01-28 21:13:50,306] {processor.py:171} INFO - Processing /home/data-eginner/Documents/Soccer_Data/env/lib/python3.8/site-packages/airflow/example_dags/example_task_group_decorator.py took 0.680 seconds
[2022-01-28 21:14:39,655] {processor.py:163} INFO - Started process (PID=21197) to work on /home/data-eginner/Documents/Soccer_Data/env/lib/python3.8/site-packages/airflow/example_dags/example_task_group_decorator.py
[2022-01-28 21:14:39,657] {processor.py:642} INFO - Processing file /home/data-eginner/Documents/Soccer_Data/env/lib/python3.8/site-packages/airflow/example_dags/example_task_group_decorator.py for tasks to queue
[2022-01-28 21:14:39,657] {logging_mixin.py:109} INFO - [2022-01-28 21:14:39,657] {dagbag.py:500} INFO - Filling up the DagBag from /home/data-eginner/Documents/Soccer_Data/env/lib/python3.8/site-packages/airflow/example_dags/example_task_group_decorator.py
[2022-01-28 21:14:39,722] {processor.py:654} INFO - DAG(s) dict_keys(['example_task_group_decorator']) retrieved from /home/data-eginner/Documents/Soccer_Data/env/lib/python3.8/site-packages/airflow/example_dags/example_task_group_decorator.py
[2022-01-28 21:14:40,356] {logging_mixin.py:109} INFO - [2022-01-28 21:14:40,356] {dag.py:2396} INFO - Sync 1 DAGs
[2022-01-28 21:14:40,390] {logging_mixin.py:109} INFO - [2022-01-28 21:14:40,390] {dag.py:2935} INFO - Setting next_dagrun for example_task_group_decorator to 2022-01-28T00:14:40.390187+00:00
[2022-01-28 21:14:40,461] {processor.py:171} INFO - Processing /home/data-eginner/Documents/Soccer_Data/env/lib/python3.8/site-packages/airflow/example_dags/example_task_group_decorator.py took 0.824 seconds
[2022-01-28 21:15:32,757] {processor.py:163} INFO - Started process (PID=21367) to work on /home/data-eginner/Documents/Soccer_Data/env/lib/python3.8/site-packages/airflow/example_dags/example_task_group_decorator.py
[2022-01-28 21:15:32,771] {processor.py:642} INFO - Processing file /home/data-eginner/Documents/Soccer_Data/env/lib/python3.8/site-packages/airflow/example_dags/example_task_group_decorator.py for tasks to queue
[2022-01-28 21:15:32,771] {logging_mixin.py:109} INFO - [2022-01-28 21:15:32,771] {dagbag.py:500} INFO - Filling up the DagBag from /home/data-eginner/Documents/Soccer_Data/env/lib/python3.8/site-packages/airflow/example_dags/example_task_group_decorator.py
[2022-01-28 21:15:32,852] {processor.py:654} INFO - DAG(s) dict_keys(['example_task_group_decorator']) retrieved from /home/data-eginner/Documents/Soccer_Data/env/lib/python3.8/site-packages/airflow/example_dags/example_task_group_decorator.py
[2022-01-28 21:15:33,299] {logging_mixin.py:109} INFO - [2022-01-28 21:15:33,299] {dag.py:2396} INFO - Sync 1 DAGs
[2022-01-28 21:15:33,313] {logging_mixin.py:109} INFO - [2022-01-28 21:15:33,313] {dag.py:2935} INFO - Setting next_dagrun for example_task_group_decorator to 2022-01-28T00:15:33.313293+00:00
[2022-01-28 21:15:33,355] {processor.py:171} INFO - Processing /home/data-eginner/Documents/Soccer_Data/env/lib/python3.8/site-packages/airflow/example_dags/example_task_group_decorator.py took 0.601 seconds
[2022-01-28 21:16:25,039] {processor.py:163} INFO - Started process (PID=21539) to work on /home/data-eginner/Documents/Soccer_Data/env/lib/python3.8/site-packages/airflow/example_dags/example_task_group_decorator.py
[2022-01-28 21:16:25,051] {processor.py:642} INFO - Processing file /home/data-eginner/Documents/Soccer_Data/env/lib/python3.8/site-packages/airflow/example_dags/example_task_group_decorator.py for tasks to queue
[2022-01-28 21:16:25,052] {logging_mixin.py:109} INFO - [2022-01-28 21:16:25,052] {dagbag.py:500} INFO - Filling up the DagBag from /home/data-eginner/Documents/Soccer_Data/env/lib/python3.8/site-packages/airflow/example_dags/example_task_group_decorator.py
[2022-01-28 21:16:25,180] {processor.py:654} INFO - DAG(s) dict_keys(['example_task_group_decorator']) retrieved from /home/data-eginner/Documents/Soccer_Data/env/lib/python3.8/site-packages/airflow/example_dags/example_task_group_decorator.py
[2022-01-28 21:16:25,964] {logging_mixin.py:109} INFO - [2022-01-28 21:16:25,963] {dag.py:2396} INFO - Sync 1 DAGs
[2022-01-28 21:16:25,997] {logging_mixin.py:109} INFO - [2022-01-28 21:16:25,997] {dag.py:2935} INFO - Setting next_dagrun for example_task_group_decorator to 2022-01-28T00:16:25.997070+00:00
[2022-01-28 21:16:26,049] {processor.py:171} INFO - Processing /home/data-eginner/Documents/Soccer_Data/env/lib/python3.8/site-packages/airflow/example_dags/example_task_group_decorator.py took 1.013 seconds
[2022-01-28 21:17:14,423] {processor.py:163} INFO - Started process (PID=21685) to work on /home/data-eginner/Documents/Soccer_Data/env/lib/python3.8/site-packages/airflow/example_dags/example_task_group_decorator.py
[2022-01-28 21:17:14,434] {processor.py:642} INFO - Processing file /home/data-eginner/Documents/Soccer_Data/env/lib/python3.8/site-packages/airflow/example_dags/example_task_group_decorator.py for tasks to queue
[2022-01-28 21:17:14,434] {logging_mixin.py:109} INFO - [2022-01-28 21:17:14,434] {dagbag.py:500} INFO - Filling up the DagBag from /home/data-eginner/Documents/Soccer_Data/env/lib/python3.8/site-packages/airflow/example_dags/example_task_group_decorator.py
[2022-01-28 21:17:14,528] {processor.py:654} INFO - DAG(s) dict_keys(['example_task_group_decorator']) retrieved from /home/data-eginner/Documents/Soccer_Data/env/lib/python3.8/site-packages/airflow/example_dags/example_task_group_decorator.py
[2022-01-28 21:17:15,092] {logging_mixin.py:109} INFO - [2022-01-28 21:17:15,092] {dag.py:2396} INFO - Sync 1 DAGs
[2022-01-28 21:17:15,120] {logging_mixin.py:109} INFO - [2022-01-28 21:17:15,120] {dag.py:2935} INFO - Setting next_dagrun for example_task_group_decorator to 2022-01-28T00:17:15.120188+00:00
[2022-01-28 21:17:15,145] {processor.py:171} INFO - Processing /home/data-eginner/Documents/Soccer_Data/env/lib/python3.8/site-packages/airflow/example_dags/example_task_group_decorator.py took 0.725 seconds
[2022-01-28 21:18:03,940] {processor.py:163} INFO - Started process (PID=21839) to work on /home/data-eginner/Documents/Soccer_Data/env/lib/python3.8/site-packages/airflow/example_dags/example_task_group_decorator.py
[2022-01-28 21:18:03,959] {processor.py:642} INFO - Processing file /home/data-eginner/Documents/Soccer_Data/env/lib/python3.8/site-packages/airflow/example_dags/example_task_group_decorator.py for tasks to queue
[2022-01-28 21:18:03,960] {logging_mixin.py:109} INFO - [2022-01-28 21:18:03,960] {dagbag.py:500} INFO - Filling up the DagBag from /home/data-eginner/Documents/Soccer_Data/env/lib/python3.8/site-packages/airflow/example_dags/example_task_group_decorator.py
[2022-01-28 21:18:04,060] {processor.py:654} INFO - DAG(s) dict_keys(['example_task_group_decorator']) retrieved from /home/data-eginner/Documents/Soccer_Data/env/lib/python3.8/site-packages/airflow/example_dags/example_task_group_decorator.py
[2022-01-28 21:18:04,815] {logging_mixin.py:109} INFO - [2022-01-28 21:18:04,814] {dag.py:2396} INFO - Sync 1 DAGs
[2022-01-28 21:18:04,841] {logging_mixin.py:109} INFO - [2022-01-28 21:18:04,841] {dag.py:2935} INFO - Setting next_dagrun for example_task_group_decorator to 2022-01-28T00:18:04.840742+00:00
[2022-01-28 21:18:04,887] {processor.py:171} INFO - Processing /home/data-eginner/Documents/Soccer_Data/env/lib/python3.8/site-packages/airflow/example_dags/example_task_group_decorator.py took 0.978 seconds
[2022-01-28 21:18:57,870] {processor.py:163} INFO - Started process (PID=22000) to work on /home/data-eginner/Documents/Soccer_Data/env/lib/python3.8/site-packages/airflow/example_dags/example_task_group_decorator.py
[2022-01-28 21:18:57,873] {processor.py:642} INFO - Processing file /home/data-eginner/Documents/Soccer_Data/env/lib/python3.8/site-packages/airflow/example_dags/example_task_group_decorator.py for tasks to queue
[2022-01-28 21:18:57,874] {logging_mixin.py:109} INFO - [2022-01-28 21:18:57,873] {dagbag.py:500} INFO - Filling up the DagBag from /home/data-eginner/Documents/Soccer_Data/env/lib/python3.8/site-packages/airflow/example_dags/example_task_group_decorator.py
[2022-01-28 21:18:57,971] {processor.py:654} INFO - DAG(s) dict_keys(['example_task_group_decorator']) retrieved from /home/data-eginner/Documents/Soccer_Data/env/lib/python3.8/site-packages/airflow/example_dags/example_task_group_decorator.py
[2022-01-28 21:18:58,477] {logging_mixin.py:109} INFO - [2022-01-28 21:18:58,477] {dag.py:2396} INFO - Sync 1 DAGs
[2022-01-28 21:18:58,521] {logging_mixin.py:109} INFO - [2022-01-28 21:18:58,521] {dag.py:2935} INFO - Setting next_dagrun for example_task_group_decorator to 2022-01-28T00:18:58.521567+00:00
[2022-01-28 21:18:58,659] {processor.py:171} INFO - Processing /home/data-eginner/Documents/Soccer_Data/env/lib/python3.8/site-packages/airflow/example_dags/example_task_group_decorator.py took 0.803 seconds
[2022-01-28 21:19:50,750] {processor.py:163} INFO - Started process (PID=22179) to work on /home/data-eginner/Documents/Soccer_Data/env/lib/python3.8/site-packages/airflow/example_dags/example_task_group_decorator.py
[2022-01-28 21:19:50,763] {processor.py:642} INFO - Processing file /home/data-eginner/Documents/Soccer_Data/env/lib/python3.8/site-packages/airflow/example_dags/example_task_group_decorator.py for tasks to queue
[2022-01-28 21:19:50,764] {logging_mixin.py:109} INFO - [2022-01-28 21:19:50,764] {dagbag.py:500} INFO - Filling up the DagBag from /home/data-eginner/Documents/Soccer_Data/env/lib/python3.8/site-packages/airflow/example_dags/example_task_group_decorator.py
[2022-01-28 21:19:50,812] {processor.py:654} INFO - DAG(s) dict_keys(['example_task_group_decorator']) retrieved from /home/data-eginner/Documents/Soccer_Data/env/lib/python3.8/site-packages/airflow/example_dags/example_task_group_decorator.py
[2022-01-28 21:19:51,205] {logging_mixin.py:109} INFO - [2022-01-28 21:19:51,205] {dag.py:2396} INFO - Sync 1 DAGs
[2022-01-28 21:19:51,232] {logging_mixin.py:109} INFO - [2022-01-28 21:19:51,232] {dag.py:2935} INFO - Setting next_dagrun for example_task_group_decorator to 2022-01-28T00:19:51.232269+00:00
[2022-01-28 21:19:51,267] {processor.py:171} INFO - Processing /home/data-eginner/Documents/Soccer_Data/env/lib/python3.8/site-packages/airflow/example_dags/example_task_group_decorator.py took 0.520 seconds
[2022-01-28 21:20:34,790] {processor.py:163} INFO - Started process (PID=22331) to work on /home/data-eginner/Documents/Soccer_Data/env/lib/python3.8/site-packages/airflow/example_dags/example_task_group_decorator.py
[2022-01-28 21:20:34,800] {processor.py:642} INFO - Processing file /home/data-eginner/Documents/Soccer_Data/env/lib/python3.8/site-packages/airflow/example_dags/example_task_group_decorator.py for tasks to queue
[2022-01-28 21:20:34,800] {logging_mixin.py:109} INFO - [2022-01-28 21:20:34,800] {dagbag.py:500} INFO - Filling up the DagBag from /home/data-eginner/Documents/Soccer_Data/env/lib/python3.8/site-packages/airflow/example_dags/example_task_group_decorator.py
[2022-01-28 21:20:34,970] {processor.py:654} INFO - DAG(s) dict_keys(['example_task_group_decorator']) retrieved from /home/data-eginner/Documents/Soccer_Data/env/lib/python3.8/site-packages/airflow/example_dags/example_task_group_decorator.py
[2022-01-28 21:20:35,724] {logging_mixin.py:109} INFO - [2022-01-28 21:20:35,724] {dag.py:2396} INFO - Sync 1 DAGs
[2022-01-28 21:20:35,813] {logging_mixin.py:109} INFO - [2022-01-28 21:20:35,812] {dag.py:2935} INFO - Setting next_dagrun for example_task_group_decorator to 2022-01-28T00:20:35.812479+00:00
[2022-01-28 21:20:35,995] {processor.py:171} INFO - Processing /home/data-eginner/Documents/Soccer_Data/env/lib/python3.8/site-packages/airflow/example_dags/example_task_group_decorator.py took 1.219 seconds
[2022-01-28 21:21:16,563] {processor.py:163} INFO - Started process (PID=22471) to work on /home/data-eginner/Documents/Soccer_Data/env/lib/python3.8/site-packages/airflow/example_dags/example_task_group_decorator.py
[2022-01-28 21:21:16,568] {processor.py:642} INFO - Processing file /home/data-eginner/Documents/Soccer_Data/env/lib/python3.8/site-packages/airflow/example_dags/example_task_group_decorator.py for tasks to queue
[2022-01-28 21:21:16,569] {logging_mixin.py:109} INFO - [2022-01-28 21:21:16,569] {dagbag.py:500} INFO - Filling up the DagBag from /home/data-eginner/Documents/Soccer_Data/env/lib/python3.8/site-packages/airflow/example_dags/example_task_group_decorator.py
[2022-01-28 21:21:16,606] {processor.py:654} INFO - DAG(s) dict_keys(['example_task_group_decorator']) retrieved from /home/data-eginner/Documents/Soccer_Data/env/lib/python3.8/site-packages/airflow/example_dags/example_task_group_decorator.py
[2022-01-28 21:21:16,896] {logging_mixin.py:109} INFO - [2022-01-28 21:21:16,896] {dag.py:2396} INFO - Sync 1 DAGs
[2022-01-28 21:21:16,915] {logging_mixin.py:109} INFO - [2022-01-28 21:21:16,915] {dag.py:2935} INFO - Setting next_dagrun for example_task_group_decorator to 2022-01-28T00:21:16.915285+00:00
[2022-01-28 21:21:16,938] {processor.py:171} INFO - Processing /home/data-eginner/Documents/Soccer_Data/env/lib/python3.8/site-packages/airflow/example_dags/example_task_group_decorator.py took 0.377 seconds
[2022-01-28 21:21:57,644] {processor.py:163} INFO - Started process (PID=22627) to work on /home/data-eginner/Documents/Soccer_Data/env/lib/python3.8/site-packages/airflow/example_dags/example_task_group_decorator.py
[2022-01-28 21:21:57,659] {processor.py:642} INFO - Processing file /home/data-eginner/Documents/Soccer_Data/env/lib/python3.8/site-packages/airflow/example_dags/example_task_group_decorator.py for tasks to queue
[2022-01-28 21:21:57,660] {logging_mixin.py:109} INFO - [2022-01-28 21:21:57,660] {dagbag.py:500} INFO - Filling up the DagBag from /home/data-eginner/Documents/Soccer_Data/env/lib/python3.8/site-packages/airflow/example_dags/example_task_group_decorator.py
[2022-01-28 21:21:57,726] {processor.py:654} INFO - DAG(s) dict_keys(['example_task_group_decorator']) retrieved from /home/data-eginner/Documents/Soccer_Data/env/lib/python3.8/site-packages/airflow/example_dags/example_task_group_decorator.py
[2022-01-28 21:21:58,360] {logging_mixin.py:109} INFO - [2022-01-28 21:21:58,360] {dag.py:2396} INFO - Sync 1 DAGs
[2022-01-28 21:21:58,392] {logging_mixin.py:109} INFO - [2022-01-28 21:21:58,392] {dag.py:2935} INFO - Setting next_dagrun for example_task_group_decorator to 2022-01-28T00:21:58.391841+00:00
[2022-01-28 21:21:58,429] {processor.py:171} INFO - Processing /home/data-eginner/Documents/Soccer_Data/env/lib/python3.8/site-packages/airflow/example_dags/example_task_group_decorator.py took 0.797 seconds
[2022-01-28 21:26:14,313] {processor.py:163} INFO - Started process (PID=22872) to work on /home/data-eginner/Documents/Soccer_Data/env/lib/python3.8/site-packages/airflow/example_dags/example_task_group_decorator.py
[2022-01-28 21:26:14,331] {processor.py:642} INFO - Processing file /home/data-eginner/Documents/Soccer_Data/env/lib/python3.8/site-packages/airflow/example_dags/example_task_group_decorator.py for tasks to queue
[2022-01-28 21:26:14,332] {logging_mixin.py:109} INFO - [2022-01-28 21:26:14,332] {dagbag.py:500} INFO - Filling up the DagBag from /home/data-eginner/Documents/Soccer_Data/env/lib/python3.8/site-packages/airflow/example_dags/example_task_group_decorator.py
[2022-01-28 21:26:14,409] {processor.py:654} INFO - DAG(s) dict_keys(['example_task_group_decorator']) retrieved from /home/data-eginner/Documents/Soccer_Data/env/lib/python3.8/site-packages/airflow/example_dags/example_task_group_decorator.py
[2022-01-28 21:26:14,910] {logging_mixin.py:109} INFO - [2022-01-28 21:26:14,910] {dag.py:2396} INFO - Sync 1 DAGs
[2022-01-28 21:26:14,934] {logging_mixin.py:109} INFO - [2022-01-28 21:26:14,934] {dag.py:2935} INFO - Setting next_dagrun for example_task_group_decorator to 2022-01-28T00:26:14.934159+00:00
[2022-01-28 21:26:14,975] {processor.py:171} INFO - Processing /home/data-eginner/Documents/Soccer_Data/env/lib/python3.8/site-packages/airflow/example_dags/example_task_group_decorator.py took 0.664 seconds
[2022-01-28 21:27:00,970] {processor.py:163} INFO - Started process (PID=23043) to work on /home/data-eginner/Documents/Soccer_Data/env/lib/python3.8/site-packages/airflow/example_dags/example_task_group_decorator.py
[2022-01-28 21:27:00,986] {processor.py:642} INFO - Processing file /home/data-eginner/Documents/Soccer_Data/env/lib/python3.8/site-packages/airflow/example_dags/example_task_group_decorator.py for tasks to queue
[2022-01-28 21:27:00,987] {logging_mixin.py:109} INFO - [2022-01-28 21:27:00,987] {dagbag.py:500} INFO - Filling up the DagBag from /home/data-eginner/Documents/Soccer_Data/env/lib/python3.8/site-packages/airflow/example_dags/example_task_group_decorator.py
[2022-01-28 21:27:01,079] {processor.py:654} INFO - DAG(s) dict_keys(['example_task_group_decorator']) retrieved from /home/data-eginner/Documents/Soccer_Data/env/lib/python3.8/site-packages/airflow/example_dags/example_task_group_decorator.py
[2022-01-28 21:27:01,745] {logging_mixin.py:109} INFO - [2022-01-28 21:27:01,745] {dag.py:2396} INFO - Sync 1 DAGs
[2022-01-28 21:27:01,796] {logging_mixin.py:109} INFO - [2022-01-28 21:27:01,796] {dag.py:2935} INFO - Setting next_dagrun for example_task_group_decorator to 2022-01-28T00:27:01.796454+00:00
[2022-01-28 21:27:01,864] {processor.py:171} INFO - Processing /home/data-eginner/Documents/Soccer_Data/env/lib/python3.8/site-packages/airflow/example_dags/example_task_group_decorator.py took 0.896 seconds
[2022-01-28 21:28:00,171] {processor.py:163} INFO - Started process (PID=23286) to work on /home/data-eginner/Documents/Soccer_Data/env/lib/python3.8/site-packages/airflow/example_dags/example_task_group_decorator.py
[2022-01-28 21:28:00,178] {processor.py:642} INFO - Processing file /home/data-eginner/Documents/Soccer_Data/env/lib/python3.8/site-packages/airflow/example_dags/example_task_group_decorator.py for tasks to queue
[2022-01-28 21:28:00,179] {logging_mixin.py:109} INFO - [2022-01-28 21:28:00,179] {dagbag.py:500} INFO - Filling up the DagBag from /home/data-eginner/Documents/Soccer_Data/env/lib/python3.8/site-packages/airflow/example_dags/example_task_group_decorator.py
[2022-01-28 21:28:00,284] {processor.py:654} INFO - DAG(s) dict_keys(['example_task_group_decorator']) retrieved from /home/data-eginner/Documents/Soccer_Data/env/lib/python3.8/site-packages/airflow/example_dags/example_task_group_decorator.py
[2022-01-28 21:28:00,905] {logging_mixin.py:109} INFO - [2022-01-28 21:28:00,905] {dag.py:2396} INFO - Sync 1 DAGs
[2022-01-28 21:28:00,937] {logging_mixin.py:109} INFO - [2022-01-28 21:28:00,937] {dag.py:2935} INFO - Setting next_dagrun for example_task_group_decorator to 2022-01-28T00:28:00.937305+00:00
[2022-01-28 21:28:00,972] {processor.py:171} INFO - Processing /home/data-eginner/Documents/Soccer_Data/env/lib/python3.8/site-packages/airflow/example_dags/example_task_group_decorator.py took 0.827 seconds
[2022-01-28 21:28:43,643] {processor.py:163} INFO - Started process (PID=23413) to work on /home/data-eginner/Documents/Soccer_Data/env/lib/python3.8/site-packages/airflow/example_dags/example_task_group_decorator.py
[2022-01-28 21:28:43,654] {processor.py:642} INFO - Processing file /home/data-eginner/Documents/Soccer_Data/env/lib/python3.8/site-packages/airflow/example_dags/example_task_group_decorator.py for tasks to queue
[2022-01-28 21:28:43,654] {logging_mixin.py:109} INFO - [2022-01-28 21:28:43,654] {dagbag.py:500} INFO - Filling up the DagBag from /home/data-eginner/Documents/Soccer_Data/env/lib/python3.8/site-packages/airflow/example_dags/example_task_group_decorator.py
[2022-01-28 21:28:43,839] {processor.py:654} INFO - DAG(s) dict_keys(['example_task_group_decorator']) retrieved from /home/data-eginner/Documents/Soccer_Data/env/lib/python3.8/site-packages/airflow/example_dags/example_task_group_decorator.py
[2022-01-28 21:28:45,936] {logging_mixin.py:109} INFO - [2022-01-28 21:28:45,936] {dag.py:2396} INFO - Sync 1 DAGs
[2022-01-28 21:28:45,979] {logging_mixin.py:109} INFO - [2022-01-28 21:28:45,979] {dag.py:2935} INFO - Setting next_dagrun for example_task_group_decorator to 2022-01-28T00:28:45.979267+00:00
[2022-01-28 21:28:46,092] {processor.py:171} INFO - Processing /home/data-eginner/Documents/Soccer_Data/env/lib/python3.8/site-packages/airflow/example_dags/example_task_group_decorator.py took 2.452 seconds
[2022-01-28 21:29:34,536] {processor.py:163} INFO - Started process (PID=23580) to work on /home/data-eginner/Documents/Soccer_Data/env/lib/python3.8/site-packages/airflow/example_dags/example_task_group_decorator.py
[2022-01-28 21:29:34,539] {processor.py:642} INFO - Processing file /home/data-eginner/Documents/Soccer_Data/env/lib/python3.8/site-packages/airflow/example_dags/example_task_group_decorator.py for tasks to queue
[2022-01-28 21:29:34,539] {logging_mixin.py:109} INFO - [2022-01-28 21:29:34,539] {dagbag.py:500} INFO - Filling up the DagBag from /home/data-eginner/Documents/Soccer_Data/env/lib/python3.8/site-packages/airflow/example_dags/example_task_group_decorator.py
[2022-01-28 21:29:34,581] {processor.py:654} INFO - DAG(s) dict_keys(['example_task_group_decorator']) retrieved from /home/data-eginner/Documents/Soccer_Data/env/lib/python3.8/site-packages/airflow/example_dags/example_task_group_decorator.py
[2022-01-28 21:29:35,278] {logging_mixin.py:109} INFO - [2022-01-28 21:29:35,277] {dag.py:2396} INFO - Sync 1 DAGs
[2022-01-28 21:29:35,398] {logging_mixin.py:109} INFO - [2022-01-28 21:29:35,398] {dag.py:2935} INFO - Setting next_dagrun for example_task_group_decorator to 2022-01-28T00:29:35.397888+00:00
[2022-01-28 21:29:35,471] {processor.py:171} INFO - Processing /home/data-eginner/Documents/Soccer_Data/env/lib/python3.8/site-packages/airflow/example_dags/example_task_group_decorator.py took 0.942 seconds
[2022-01-28 21:30:20,804] {processor.py:163} INFO - Started process (PID=23748) to work on /home/data-eginner/Documents/Soccer_Data/env/lib/python3.8/site-packages/airflow/example_dags/example_task_group_decorator.py
[2022-01-28 21:30:20,807] {processor.py:642} INFO - Processing file /home/data-eginner/Documents/Soccer_Data/env/lib/python3.8/site-packages/airflow/example_dags/example_task_group_decorator.py for tasks to queue
[2022-01-28 21:30:20,808] {logging_mixin.py:109} INFO - [2022-01-28 21:30:20,808] {dagbag.py:500} INFO - Filling up the DagBag from /home/data-eginner/Documents/Soccer_Data/env/lib/python3.8/site-packages/airflow/example_dags/example_task_group_decorator.py
[2022-01-28 21:30:20,894] {processor.py:654} INFO - DAG(s) dict_keys(['example_task_group_decorator']) retrieved from /home/data-eginner/Documents/Soccer_Data/env/lib/python3.8/site-packages/airflow/example_dags/example_task_group_decorator.py
[2022-01-28 21:30:21,269] {logging_mixin.py:109} INFO - [2022-01-28 21:30:21,269] {dag.py:2396} INFO - Sync 1 DAGs
[2022-01-28 21:30:21,280] {logging_mixin.py:109} INFO - [2022-01-28 21:30:21,279] {dag.py:2935} INFO - Setting next_dagrun for example_task_group_decorator to 2022-01-28T00:30:21.279330+00:00
[2022-01-28 21:30:21,309] {processor.py:171} INFO - Processing /home/data-eginner/Documents/Soccer_Data/env/lib/python3.8/site-packages/airflow/example_dags/example_task_group_decorator.py took 0.535 seconds
[2022-01-28 21:31:15,457] {processor.py:163} INFO - Started process (PID=23933) to work on /home/data-eginner/Documents/Soccer_Data/env/lib/python3.8/site-packages/airflow/example_dags/example_task_group_decorator.py
[2022-01-28 21:31:15,459] {processor.py:642} INFO - Processing file /home/data-eginner/Documents/Soccer_Data/env/lib/python3.8/site-packages/airflow/example_dags/example_task_group_decorator.py for tasks to queue
[2022-01-28 21:31:15,459] {logging_mixin.py:109} INFO - [2022-01-28 21:31:15,459] {dagbag.py:500} INFO - Filling up the DagBag from /home/data-eginner/Documents/Soccer_Data/env/lib/python3.8/site-packages/airflow/example_dags/example_task_group_decorator.py
[2022-01-28 21:31:15,543] {processor.py:654} INFO - DAG(s) dict_keys(['example_task_group_decorator']) retrieved from /home/data-eginner/Documents/Soccer_Data/env/lib/python3.8/site-packages/airflow/example_dags/example_task_group_decorator.py
[2022-01-28 21:31:16,045] {logging_mixin.py:109} INFO - [2022-01-28 21:31:16,045] {dag.py:2396} INFO - Sync 1 DAGs
[2022-01-28 21:31:16,070] {logging_mixin.py:109} INFO - [2022-01-28 21:31:16,070] {dag.py:2935} INFO - Setting next_dagrun for example_task_group_decorator to 2022-01-28T00:31:16.069977+00:00
[2022-01-28 21:31:16,111] {processor.py:171} INFO - Processing /home/data-eginner/Documents/Soccer_Data/env/lib/python3.8/site-packages/airflow/example_dags/example_task_group_decorator.py took 0.656 seconds
[2022-01-28 21:32:03,506] {processor.py:163} INFO - Started process (PID=24103) to work on /home/data-eginner/Documents/Soccer_Data/env/lib/python3.8/site-packages/airflow/example_dags/example_task_group_decorator.py
[2022-01-28 21:32:03,508] {processor.py:642} INFO - Processing file /home/data-eginner/Documents/Soccer_Data/env/lib/python3.8/site-packages/airflow/example_dags/example_task_group_decorator.py for tasks to queue
[2022-01-28 21:32:03,509] {logging_mixin.py:109} INFO - [2022-01-28 21:32:03,509] {dagbag.py:500} INFO - Filling up the DagBag from /home/data-eginner/Documents/Soccer_Data/env/lib/python3.8/site-packages/airflow/example_dags/example_task_group_decorator.py
[2022-01-28 21:32:03,543] {processor.py:654} INFO - DAG(s) dict_keys(['example_task_group_decorator']) retrieved from /home/data-eginner/Documents/Soccer_Data/env/lib/python3.8/site-packages/airflow/example_dags/example_task_group_decorator.py
[2022-01-28 21:32:03,920] {logging_mixin.py:109} INFO - [2022-01-28 21:32:03,920] {dag.py:2396} INFO - Sync 1 DAGs
[2022-01-28 21:32:03,933] {logging_mixin.py:109} INFO - [2022-01-28 21:32:03,933] {dag.py:2935} INFO - Setting next_dagrun for example_task_group_decorator to 2022-01-28T00:32:03.932999+00:00
[2022-01-28 21:32:03,953] {processor.py:171} INFO - Processing /home/data-eginner/Documents/Soccer_Data/env/lib/python3.8/site-packages/airflow/example_dags/example_task_group_decorator.py took 0.450 seconds
[2022-01-28 21:32:48,014] {processor.py:163} INFO - Started process (PID=24271) to work on /home/data-eginner/Documents/Soccer_Data/env/lib/python3.8/site-packages/airflow/example_dags/example_task_group_decorator.py
[2022-01-28 21:32:48,034] {processor.py:642} INFO - Processing file /home/data-eginner/Documents/Soccer_Data/env/lib/python3.8/site-packages/airflow/example_dags/example_task_group_decorator.py for tasks to queue
[2022-01-28 21:32:48,034] {logging_mixin.py:109} INFO - [2022-01-28 21:32:48,034] {dagbag.py:500} INFO - Filling up the DagBag from /home/data-eginner/Documents/Soccer_Data/env/lib/python3.8/site-packages/airflow/example_dags/example_task_group_decorator.py
[2022-01-28 21:32:48,130] {processor.py:654} INFO - DAG(s) dict_keys(['example_task_group_decorator']) retrieved from /home/data-eginner/Documents/Soccer_Data/env/lib/python3.8/site-packages/airflow/example_dags/example_task_group_decorator.py
[2022-01-28 21:32:48,668] {logging_mixin.py:109} INFO - [2022-01-28 21:32:48,668] {dag.py:2396} INFO - Sync 1 DAGs
[2022-01-28 21:32:48,689] {logging_mixin.py:109} INFO - [2022-01-28 21:32:48,689] {dag.py:2935} INFO - Setting next_dagrun for example_task_group_decorator to 2022-01-28T00:32:48.689476+00:00
[2022-01-28 21:32:48,724] {processor.py:171} INFO - Processing /home/data-eginner/Documents/Soccer_Data/env/lib/python3.8/site-packages/airflow/example_dags/example_task_group_decorator.py took 0.716 seconds
[2022-01-28 21:33:27,835] {processor.py:163} INFO - Started process (PID=24427) to work on /home/data-eginner/Documents/Soccer_Data/env/lib/python3.8/site-packages/airflow/example_dags/example_task_group_decorator.py
[2022-01-28 21:33:27,844] {processor.py:642} INFO - Processing file /home/data-eginner/Documents/Soccer_Data/env/lib/python3.8/site-packages/airflow/example_dags/example_task_group_decorator.py for tasks to queue
[2022-01-28 21:33:27,845] {logging_mixin.py:109} INFO - [2022-01-28 21:33:27,845] {dagbag.py:500} INFO - Filling up the DagBag from /home/data-eginner/Documents/Soccer_Data/env/lib/python3.8/site-packages/airflow/example_dags/example_task_group_decorator.py
[2022-01-28 21:33:27,889] {processor.py:654} INFO - DAG(s) dict_keys(['example_task_group_decorator']) retrieved from /home/data-eginner/Documents/Soccer_Data/env/lib/python3.8/site-packages/airflow/example_dags/example_task_group_decorator.py
[2022-01-28 21:33:28,164] {logging_mixin.py:109} INFO - [2022-01-28 21:33:28,164] {dag.py:2396} INFO - Sync 1 DAGs
[2022-01-28 21:33:28,199] {logging_mixin.py:109} INFO - [2022-01-28 21:33:28,199] {dag.py:2935} INFO - Setting next_dagrun for example_task_group_decorator to 2022-01-28T00:33:28.199459+00:00
[2022-01-28 21:33:28,248] {processor.py:171} INFO - Processing /home/data-eginner/Documents/Soccer_Data/env/lib/python3.8/site-packages/airflow/example_dags/example_task_group_decorator.py took 0.416 seconds
[2022-01-28 21:34:10,384] {processor.py:163} INFO - Started process (PID=24594) to work on /home/data-eginner/Documents/Soccer_Data/env/lib/python3.8/site-packages/airflow/example_dags/example_task_group_decorator.py
[2022-01-28 21:34:10,388] {processor.py:642} INFO - Processing file /home/data-eginner/Documents/Soccer_Data/env/lib/python3.8/site-packages/airflow/example_dags/example_task_group_decorator.py for tasks to queue
[2022-01-28 21:34:10,389] {logging_mixin.py:109} INFO - [2022-01-28 21:34:10,389] {dagbag.py:500} INFO - Filling up the DagBag from /home/data-eginner/Documents/Soccer_Data/env/lib/python3.8/site-packages/airflow/example_dags/example_task_group_decorator.py
[2022-01-28 21:34:10,460] {processor.py:654} INFO - DAG(s) dict_keys(['example_task_group_decorator']) retrieved from /home/data-eginner/Documents/Soccer_Data/env/lib/python3.8/site-packages/airflow/example_dags/example_task_group_decorator.py
[2022-01-28 21:34:10,726] {logging_mixin.py:109} INFO - [2022-01-28 21:34:10,726] {dag.py:2396} INFO - Sync 1 DAGs
[2022-01-28 21:34:10,740] {logging_mixin.py:109} INFO - [2022-01-28 21:34:10,740] {dag.py:2935} INFO - Setting next_dagrun for example_task_group_decorator to 2022-01-28T00:34:10.739911+00:00
[2022-01-28 21:34:10,776] {processor.py:171} INFO - Processing /home/data-eginner/Documents/Soccer_Data/env/lib/python3.8/site-packages/airflow/example_dags/example_task_group_decorator.py took 0.398 seconds
[2022-01-28 21:34:47,309] {processor.py:163} INFO - Started process (PID=24734) to work on /home/data-eginner/Documents/Soccer_Data/env/lib/python3.8/site-packages/airflow/example_dags/example_task_group_decorator.py
[2022-01-28 21:34:47,312] {processor.py:642} INFO - Processing file /home/data-eginner/Documents/Soccer_Data/env/lib/python3.8/site-packages/airflow/example_dags/example_task_group_decorator.py for tasks to queue
[2022-01-28 21:34:47,313] {logging_mixin.py:109} INFO - [2022-01-28 21:34:47,313] {dagbag.py:500} INFO - Filling up the DagBag from /home/data-eginner/Documents/Soccer_Data/env/lib/python3.8/site-packages/airflow/example_dags/example_task_group_decorator.py
[2022-01-28 21:34:47,462] {processor.py:654} INFO - DAG(s) dict_keys(['example_task_group_decorator']) retrieved from /home/data-eginner/Documents/Soccer_Data/env/lib/python3.8/site-packages/airflow/example_dags/example_task_group_decorator.py
[2022-01-28 21:34:47,954] {logging_mixin.py:109} INFO - [2022-01-28 21:34:47,954] {dag.py:2396} INFO - Sync 1 DAGs
[2022-01-28 21:34:48,008] {logging_mixin.py:109} INFO - [2022-01-28 21:34:48,008] {dag.py:2935} INFO - Setting next_dagrun for example_task_group_decorator to 2022-01-28T00:34:48.008559+00:00
[2022-01-28 21:34:48,077] {processor.py:171} INFO - Processing /home/data-eginner/Documents/Soccer_Data/env/lib/python3.8/site-packages/airflow/example_dags/example_task_group_decorator.py took 0.773 seconds
[2022-01-28 21:55:59,428] {processor.py:163} INFO - Started process (PID=24995) to work on /home/data-eginner/Documents/Soccer_Data/env/lib/python3.8/site-packages/airflow/example_dags/example_task_group_decorator.py
[2022-01-28 21:55:59,460] {processor.py:642} INFO - Processing file /home/data-eginner/Documents/Soccer_Data/env/lib/python3.8/site-packages/airflow/example_dags/example_task_group_decorator.py for tasks to queue
[2022-01-28 21:55:59,460] {logging_mixin.py:109} INFO - [2022-01-28 21:55:59,460] {dagbag.py:500} INFO - Filling up the DagBag from /home/data-eginner/Documents/Soccer_Data/env/lib/python3.8/site-packages/airflow/example_dags/example_task_group_decorator.py
[2022-01-28 21:55:59,511] {processor.py:654} INFO - DAG(s) dict_keys(['example_task_group_decorator']) retrieved from /home/data-eginner/Documents/Soccer_Data/env/lib/python3.8/site-packages/airflow/example_dags/example_task_group_decorator.py
[2022-01-28 21:55:59,933] {logging_mixin.py:109} INFO - [2022-01-28 21:55:59,933] {dag.py:2396} INFO - Sync 1 DAGs
[2022-01-28 21:55:59,955] {logging_mixin.py:109} INFO - [2022-01-28 21:55:59,954] {dag.py:2935} INFO - Setting next_dagrun for example_task_group_decorator to 2022-01-28T00:55:59.954689+00:00
[2022-01-28 21:55:59,972] {processor.py:171} INFO - Processing /home/data-eginner/Documents/Soccer_Data/env/lib/python3.8/site-packages/airflow/example_dags/example_task_group_decorator.py took 0.560 seconds
[2022-01-28 21:56:49,815] {processor.py:163} INFO - Started process (PID=25176) to work on /home/data-eginner/Documents/Soccer_Data/env/lib/python3.8/site-packages/airflow/example_dags/example_task_group_decorator.py
[2022-01-28 21:56:49,816] {processor.py:642} INFO - Processing file /home/data-eginner/Documents/Soccer_Data/env/lib/python3.8/site-packages/airflow/example_dags/example_task_group_decorator.py for tasks to queue
[2022-01-28 21:56:49,817] {logging_mixin.py:109} INFO - [2022-01-28 21:56:49,817] {dagbag.py:500} INFO - Filling up the DagBag from /home/data-eginner/Documents/Soccer_Data/env/lib/python3.8/site-packages/airflow/example_dags/example_task_group_decorator.py
[2022-01-28 21:56:49,888] {processor.py:654} INFO - DAG(s) dict_keys(['example_task_group_decorator']) retrieved from /home/data-eginner/Documents/Soccer_Data/env/lib/python3.8/site-packages/airflow/example_dags/example_task_group_decorator.py
[2022-01-28 21:56:50,095] {logging_mixin.py:109} INFO - [2022-01-28 21:56:50,094] {dag.py:2396} INFO - Sync 1 DAGs
[2022-01-28 21:56:50,105] {logging_mixin.py:109} INFO - [2022-01-28 21:56:50,105] {dag.py:2935} INFO - Setting next_dagrun for example_task_group_decorator to 2022-01-28T00:56:50.104816+00:00
[2022-01-28 21:56:50,123] {processor.py:171} INFO - Processing /home/data-eginner/Documents/Soccer_Data/env/lib/python3.8/site-packages/airflow/example_dags/example_task_group_decorator.py took 0.325 seconds
[2022-01-28 21:57:32,152] {processor.py:163} INFO - Started process (PID=25337) to work on /home/data-eginner/Documents/Soccer_Data/env/lib/python3.8/site-packages/airflow/example_dags/example_task_group_decorator.py
[2022-01-28 21:57:32,154] {processor.py:642} INFO - Processing file /home/data-eginner/Documents/Soccer_Data/env/lib/python3.8/site-packages/airflow/example_dags/example_task_group_decorator.py for tasks to queue
[2022-01-28 21:57:32,155] {logging_mixin.py:109} INFO - [2022-01-28 21:57:32,155] {dagbag.py:500} INFO - Filling up the DagBag from /home/data-eginner/Documents/Soccer_Data/env/lib/python3.8/site-packages/airflow/example_dags/example_task_group_decorator.py
[2022-01-28 21:57:32,214] {processor.py:654} INFO - DAG(s) dict_keys(['example_task_group_decorator']) retrieved from /home/data-eginner/Documents/Soccer_Data/env/lib/python3.8/site-packages/airflow/example_dags/example_task_group_decorator.py
[2022-01-28 21:57:32,642] {logging_mixin.py:109} INFO - [2022-01-28 21:57:32,642] {dag.py:2396} INFO - Sync 1 DAGs
[2022-01-28 21:57:32,673] {logging_mixin.py:109} INFO - [2022-01-28 21:57:32,673] {dag.py:2935} INFO - Setting next_dagrun for example_task_group_decorator to 2022-01-28T00:57:32.673174+00:00
[2022-01-28 21:57:32,710] {processor.py:171} INFO - Processing /home/data-eginner/Documents/Soccer_Data/env/lib/python3.8/site-packages/airflow/example_dags/example_task_group_decorator.py took 0.569 seconds
[2022-01-28 21:58:11,501] {processor.py:163} INFO - Started process (PID=25500) to work on /home/data-eginner/Documents/Soccer_Data/env/lib/python3.8/site-packages/airflow/example_dags/example_task_group_decorator.py
[2022-01-28 21:58:11,504] {processor.py:642} INFO - Processing file /home/data-eginner/Documents/Soccer_Data/env/lib/python3.8/site-packages/airflow/example_dags/example_task_group_decorator.py for tasks to queue
[2022-01-28 21:58:11,504] {logging_mixin.py:109} INFO - [2022-01-28 21:58:11,504] {dagbag.py:500} INFO - Filling up the DagBag from /home/data-eginner/Documents/Soccer_Data/env/lib/python3.8/site-packages/airflow/example_dags/example_task_group_decorator.py
[2022-01-28 21:58:11,534] {processor.py:654} INFO - DAG(s) dict_keys(['example_task_group_decorator']) retrieved from /home/data-eginner/Documents/Soccer_Data/env/lib/python3.8/site-packages/airflow/example_dags/example_task_group_decorator.py
[2022-01-28 21:58:11,725] {logging_mixin.py:109} INFO - [2022-01-28 21:58:11,725] {dag.py:2396} INFO - Sync 1 DAGs
[2022-01-28 21:58:11,747] {logging_mixin.py:109} INFO - [2022-01-28 21:58:11,747] {dag.py:2935} INFO - Setting next_dagrun for example_task_group_decorator to 2022-01-28T00:58:11.747562+00:00
[2022-01-28 21:58:11,784] {processor.py:171} INFO - Processing /home/data-eginner/Documents/Soccer_Data/env/lib/python3.8/site-packages/airflow/example_dags/example_task_group_decorator.py took 0.285 seconds
[2022-01-28 21:58:51,445] {processor.py:163} INFO - Started process (PID=25657) to work on /home/data-eginner/Documents/Soccer_Data/env/lib/python3.8/site-packages/airflow/example_dags/example_task_group_decorator.py
[2022-01-28 21:58:51,449] {processor.py:642} INFO - Processing file /home/data-eginner/Documents/Soccer_Data/env/lib/python3.8/site-packages/airflow/example_dags/example_task_group_decorator.py for tasks to queue
[2022-01-28 21:58:51,450] {logging_mixin.py:109} INFO - [2022-01-28 21:58:51,450] {dagbag.py:500} INFO - Filling up the DagBag from /home/data-eginner/Documents/Soccer_Data/env/lib/python3.8/site-packages/airflow/example_dags/example_task_group_decorator.py
[2022-01-28 21:58:51,479] {processor.py:654} INFO - DAG(s) dict_keys(['example_task_group_decorator']) retrieved from /home/data-eginner/Documents/Soccer_Data/env/lib/python3.8/site-packages/airflow/example_dags/example_task_group_decorator.py
[2022-01-28 21:58:51,703] {logging_mixin.py:109} INFO - [2022-01-28 21:58:51,702] {dag.py:2396} INFO - Sync 1 DAGs
[2022-01-28 21:58:51,712] {logging_mixin.py:109} INFO - [2022-01-28 21:58:51,712] {dag.py:2935} INFO - Setting next_dagrun for example_task_group_decorator to 2022-01-28T00:58:51.712281+00:00
[2022-01-28 21:58:51,732] {processor.py:171} INFO - Processing /home/data-eginner/Documents/Soccer_Data/env/lib/python3.8/site-packages/airflow/example_dags/example_task_group_decorator.py took 0.289 seconds
[2022-01-28 21:59:31,481] {processor.py:163} INFO - Started process (PID=25807) to work on /home/data-eginner/Documents/Soccer_Data/env/lib/python3.8/site-packages/airflow/example_dags/example_task_group_decorator.py
[2022-01-28 21:59:31,483] {processor.py:642} INFO - Processing file /home/data-eginner/Documents/Soccer_Data/env/lib/python3.8/site-packages/airflow/example_dags/example_task_group_decorator.py for tasks to queue
[2022-01-28 21:59:31,484] {logging_mixin.py:109} INFO - [2022-01-28 21:59:31,484] {dagbag.py:500} INFO - Filling up the DagBag from /home/data-eginner/Documents/Soccer_Data/env/lib/python3.8/site-packages/airflow/example_dags/example_task_group_decorator.py
[2022-01-28 21:59:31,520] {processor.py:654} INFO - DAG(s) dict_keys(['example_task_group_decorator']) retrieved from /home/data-eginner/Documents/Soccer_Data/env/lib/python3.8/site-packages/airflow/example_dags/example_task_group_decorator.py
[2022-01-28 21:59:31,848] {logging_mixin.py:109} INFO - [2022-01-28 21:59:31,848] {dag.py:2396} INFO - Sync 1 DAGs
[2022-01-28 21:59:31,878] {logging_mixin.py:109} INFO - [2022-01-28 21:59:31,878] {dag.py:2935} INFO - Setting next_dagrun for example_task_group_decorator to 2022-01-28T00:59:31.878407+00:00
[2022-01-28 21:59:31,898] {processor.py:171} INFO - Processing /home/data-eginner/Documents/Soccer_Data/env/lib/python3.8/site-packages/airflow/example_dags/example_task_group_decorator.py took 0.421 seconds
[2022-01-28 22:00:06,153] {processor.py:163} INFO - Started process (PID=25943) to work on /home/data-eginner/Documents/Soccer_Data/env/lib/python3.8/site-packages/airflow/example_dags/example_task_group_decorator.py
[2022-01-28 22:00:06,154] {processor.py:642} INFO - Processing file /home/data-eginner/Documents/Soccer_Data/env/lib/python3.8/site-packages/airflow/example_dags/example_task_group_decorator.py for tasks to queue
[2022-01-28 22:00:06,156] {logging_mixin.py:109} INFO - [2022-01-28 22:00:06,155] {dagbag.py:500} INFO - Filling up the DagBag from /home/data-eginner/Documents/Soccer_Data/env/lib/python3.8/site-packages/airflow/example_dags/example_task_group_decorator.py
[2022-01-28 22:00:06,300] {processor.py:654} INFO - DAG(s) dict_keys(['example_task_group_decorator']) retrieved from /home/data-eginner/Documents/Soccer_Data/env/lib/python3.8/site-packages/airflow/example_dags/example_task_group_decorator.py
[2022-01-28 22:00:07,027] {logging_mixin.py:109} INFO - [2022-01-28 22:00:07,027] {dag.py:2396} INFO - Sync 1 DAGs
[2022-01-28 22:00:07,061] {logging_mixin.py:109} INFO - [2022-01-28 22:00:07,061] {dag.py:2935} INFO - Setting next_dagrun for example_task_group_decorator to 2022-01-28T01:00:07.061207+00:00
[2022-01-28 22:00:07,171] {processor.py:171} INFO - Processing /home/data-eginner/Documents/Soccer_Data/env/lib/python3.8/site-packages/airflow/example_dags/example_task_group_decorator.py took 1.020 seconds
[2022-01-28 22:00:42,264] {processor.py:163} INFO - Started process (PID=26091) to work on /home/data-eginner/Documents/Soccer_Data/env/lib/python3.8/site-packages/airflow/example_dags/example_task_group_decorator.py
[2022-01-28 22:00:42,363] {processor.py:642} INFO - Processing file /home/data-eginner/Documents/Soccer_Data/env/lib/python3.8/site-packages/airflow/example_dags/example_task_group_decorator.py for tasks to queue
[2022-01-28 22:00:42,363] {logging_mixin.py:109} INFO - [2022-01-28 22:00:42,363] {dagbag.py:500} INFO - Filling up the DagBag from /home/data-eginner/Documents/Soccer_Data/env/lib/python3.8/site-packages/airflow/example_dags/example_task_group_decorator.py
[2022-01-28 22:00:42,412] {processor.py:654} INFO - DAG(s) dict_keys(['example_task_group_decorator']) retrieved from /home/data-eginner/Documents/Soccer_Data/env/lib/python3.8/site-packages/airflow/example_dags/example_task_group_decorator.py
[2022-01-28 22:00:42,621] {logging_mixin.py:109} INFO - [2022-01-28 22:00:42,621] {dag.py:2396} INFO - Sync 1 DAGs
[2022-01-28 22:00:42,631] {logging_mixin.py:109} INFO - [2022-01-28 22:00:42,631] {dag.py:2935} INFO - Setting next_dagrun for example_task_group_decorator to 2022-01-28T01:00:42.630709+00:00
[2022-01-28 22:00:42,675] {processor.py:171} INFO - Processing /home/data-eginner/Documents/Soccer_Data/env/lib/python3.8/site-packages/airflow/example_dags/example_task_group_decorator.py took 0.414 seconds
[2022-01-28 22:01:18,778] {processor.py:163} INFO - Started process (PID=26234) to work on /home/data-eginner/Documents/Soccer_Data/env/lib/python3.8/site-packages/airflow/example_dags/example_task_group_decorator.py
[2022-01-28 22:01:18,781] {processor.py:642} INFO - Processing file /home/data-eginner/Documents/Soccer_Data/env/lib/python3.8/site-packages/airflow/example_dags/example_task_group_decorator.py for tasks to queue
[2022-01-28 22:01:18,782] {logging_mixin.py:109} INFO - [2022-01-28 22:01:18,782] {dagbag.py:500} INFO - Filling up the DagBag from /home/data-eginner/Documents/Soccer_Data/env/lib/python3.8/site-packages/airflow/example_dags/example_task_group_decorator.py
[2022-01-28 22:01:18,879] {processor.py:654} INFO - DAG(s) dict_keys(['example_task_group_decorator']) retrieved from /home/data-eginner/Documents/Soccer_Data/env/lib/python3.8/site-packages/airflow/example_dags/example_task_group_decorator.py
[2022-01-28 22:01:19,519] {logging_mixin.py:109} INFO - [2022-01-28 22:01:19,519] {dag.py:2396} INFO - Sync 1 DAGs
[2022-01-28 22:01:19,561] {logging_mixin.py:109} INFO - [2022-01-28 22:01:19,561] {dag.py:2935} INFO - Setting next_dagrun for example_task_group_decorator to 2022-01-28T01:01:19.561137+00:00
[2022-01-28 22:01:19,624] {processor.py:171} INFO - Processing /home/data-eginner/Documents/Soccer_Data/env/lib/python3.8/site-packages/airflow/example_dags/example_task_group_decorator.py took 0.884 seconds
[2022-01-28 22:01:57,591] {processor.py:163} INFO - Started process (PID=26383) to work on /home/data-eginner/Documents/Soccer_Data/env/lib/python3.8/site-packages/airflow/example_dags/example_task_group_decorator.py
[2022-01-28 22:01:57,615] {processor.py:642} INFO - Processing file /home/data-eginner/Documents/Soccer_Data/env/lib/python3.8/site-packages/airflow/example_dags/example_task_group_decorator.py for tasks to queue
[2022-01-28 22:01:57,615] {logging_mixin.py:109} INFO - [2022-01-28 22:01:57,615] {dagbag.py:500} INFO - Filling up the DagBag from /home/data-eginner/Documents/Soccer_Data/env/lib/python3.8/site-packages/airflow/example_dags/example_task_group_decorator.py
[2022-01-28 22:01:57,669] {processor.py:654} INFO - DAG(s) dict_keys(['example_task_group_decorator']) retrieved from /home/data-eginner/Documents/Soccer_Data/env/lib/python3.8/site-packages/airflow/example_dags/example_task_group_decorator.py
[2022-01-28 22:01:57,904] {logging_mixin.py:109} INFO - [2022-01-28 22:01:57,904] {dag.py:2396} INFO - Sync 1 DAGs
[2022-01-28 22:01:57,917] {logging_mixin.py:109} INFO - [2022-01-28 22:01:57,917] {dag.py:2935} INFO - Setting next_dagrun for example_task_group_decorator to 2022-01-28T01:01:57.916862+00:00
[2022-01-28 22:01:57,946] {processor.py:171} INFO - Processing /home/data-eginner/Documents/Soccer_Data/env/lib/python3.8/site-packages/airflow/example_dags/example_task_group_decorator.py took 0.363 seconds
[2022-01-28 22:04:08,147] {processor.py:163} INFO - Started process (PID=26522) to work on /home/data-eginner/Documents/Soccer_Data/env/lib/python3.8/site-packages/airflow/example_dags/example_task_group_decorator.py
[2022-01-28 22:04:08,154] {processor.py:642} INFO - Processing file /home/data-eginner/Documents/Soccer_Data/env/lib/python3.8/site-packages/airflow/example_dags/example_task_group_decorator.py for tasks to queue
[2022-01-28 22:04:08,155] {logging_mixin.py:109} INFO - [2022-01-28 22:04:08,155] {dagbag.py:500} INFO - Filling up the DagBag from /home/data-eginner/Documents/Soccer_Data/env/lib/python3.8/site-packages/airflow/example_dags/example_task_group_decorator.py
[2022-01-28 22:04:08,222] {processor.py:654} INFO - DAG(s) dict_keys(['example_task_group_decorator']) retrieved from /home/data-eginner/Documents/Soccer_Data/env/lib/python3.8/site-packages/airflow/example_dags/example_task_group_decorator.py
[2022-01-28 22:04:08,686] {logging_mixin.py:109} INFO - [2022-01-28 22:04:08,686] {dag.py:2396} INFO - Sync 1 DAGs
[2022-01-28 22:04:08,712] {logging_mixin.py:109} INFO - [2022-01-28 22:04:08,712] {dag.py:2935} INFO - Setting next_dagrun for example_task_group_decorator to 2022-01-28T01:04:08.712439+00:00
[2022-01-28 22:04:08,748] {processor.py:171} INFO - Processing /home/data-eginner/Documents/Soccer_Data/env/lib/python3.8/site-packages/airflow/example_dags/example_task_group_decorator.py took 0.616 seconds
[2022-01-28 22:04:50,142] {processor.py:163} INFO - Started process (PID=26689) to work on /home/data-eginner/Documents/Soccer_Data/env/lib/python3.8/site-packages/airflow/example_dags/example_task_group_decorator.py
[2022-01-28 22:04:50,148] {processor.py:642} INFO - Processing file /home/data-eginner/Documents/Soccer_Data/env/lib/python3.8/site-packages/airflow/example_dags/example_task_group_decorator.py for tasks to queue
[2022-01-28 22:04:50,150] {logging_mixin.py:109} INFO - [2022-01-28 22:04:50,149] {dagbag.py:500} INFO - Filling up the DagBag from /home/data-eginner/Documents/Soccer_Data/env/lib/python3.8/site-packages/airflow/example_dags/example_task_group_decorator.py
[2022-01-28 22:04:50,193] {processor.py:654} INFO - DAG(s) dict_keys(['example_task_group_decorator']) retrieved from /home/data-eginner/Documents/Soccer_Data/env/lib/python3.8/site-packages/airflow/example_dags/example_task_group_decorator.py
[2022-01-28 22:04:50,415] {logging_mixin.py:109} INFO - [2022-01-28 22:04:50,415] {dag.py:2396} INFO - Sync 1 DAGs
[2022-01-28 22:04:50,436] {logging_mixin.py:109} INFO - [2022-01-28 22:04:50,435] {dag.py:2935} INFO - Setting next_dagrun for example_task_group_decorator to 2022-01-28T01:04:50.435642+00:00
[2022-01-28 22:04:50,451] {processor.py:171} INFO - Processing /home/data-eginner/Documents/Soccer_Data/env/lib/python3.8/site-packages/airflow/example_dags/example_task_group_decorator.py took 0.319 seconds
[2022-01-28 22:05:32,414] {processor.py:163} INFO - Started process (PID=26853) to work on /home/data-eginner/Documents/Soccer_Data/env/lib/python3.8/site-packages/airflow/example_dags/example_task_group_decorator.py
[2022-01-28 22:05:32,430] {processor.py:642} INFO - Processing file /home/data-eginner/Documents/Soccer_Data/env/lib/python3.8/site-packages/airflow/example_dags/example_task_group_decorator.py for tasks to queue
[2022-01-28 22:05:32,430] {logging_mixin.py:109} INFO - [2022-01-28 22:05:32,430] {dagbag.py:500} INFO - Filling up the DagBag from /home/data-eginner/Documents/Soccer_Data/env/lib/python3.8/site-packages/airflow/example_dags/example_task_group_decorator.py
[2022-01-28 22:05:32,467] {processor.py:654} INFO - DAG(s) dict_keys(['example_task_group_decorator']) retrieved from /home/data-eginner/Documents/Soccer_Data/env/lib/python3.8/site-packages/airflow/example_dags/example_task_group_decorator.py
[2022-01-28 22:05:32,718] {logging_mixin.py:109} INFO - [2022-01-28 22:05:32,718] {dag.py:2396} INFO - Sync 1 DAGs
[2022-01-28 22:05:32,730] {logging_mixin.py:109} INFO - [2022-01-28 22:05:32,729] {dag.py:2935} INFO - Setting next_dagrun for example_task_group_decorator to 2022-01-28T01:05:32.729742+00:00
[2022-01-28 22:05:32,765] {processor.py:171} INFO - Processing /home/data-eginner/Documents/Soccer_Data/env/lib/python3.8/site-packages/airflow/example_dags/example_task_group_decorator.py took 0.353 seconds
[2022-01-28 22:06:12,782] {processor.py:163} INFO - Started process (PID=27014) to work on /home/data-eginner/Documents/Soccer_Data/env/lib/python3.8/site-packages/airflow/example_dags/example_task_group_decorator.py
[2022-01-28 22:06:12,788] {processor.py:642} INFO - Processing file /home/data-eginner/Documents/Soccer_Data/env/lib/python3.8/site-packages/airflow/example_dags/example_task_group_decorator.py for tasks to queue
[2022-01-28 22:06:12,789] {logging_mixin.py:109} INFO - [2022-01-28 22:06:12,789] {dagbag.py:500} INFO - Filling up the DagBag from /home/data-eginner/Documents/Soccer_Data/env/lib/python3.8/site-packages/airflow/example_dags/example_task_group_decorator.py
[2022-01-28 22:06:12,829] {processor.py:654} INFO - DAG(s) dict_keys(['example_task_group_decorator']) retrieved from /home/data-eginner/Documents/Soccer_Data/env/lib/python3.8/site-packages/airflow/example_dags/example_task_group_decorator.py
[2022-01-28 22:06:13,008] {logging_mixin.py:109} INFO - [2022-01-28 22:06:13,008] {dag.py:2396} INFO - Sync 1 DAGs
[2022-01-28 22:06:13,043] {logging_mixin.py:109} INFO - [2022-01-28 22:06:13,043] {dag.py:2935} INFO - Setting next_dagrun for example_task_group_decorator to 2022-01-28T01:06:13.043307+00:00
[2022-01-28 22:06:13,089] {processor.py:171} INFO - Processing /home/data-eginner/Documents/Soccer_Data/env/lib/python3.8/site-packages/airflow/example_dags/example_task_group_decorator.py took 0.320 seconds
[2022-01-28 22:06:51,483] {processor.py:163} INFO - Started process (PID=27176) to work on /home/data-eginner/Documents/Soccer_Data/env/lib/python3.8/site-packages/airflow/example_dags/example_task_group_decorator.py
[2022-01-28 22:06:51,485] {processor.py:642} INFO - Processing file /home/data-eginner/Documents/Soccer_Data/env/lib/python3.8/site-packages/airflow/example_dags/example_task_group_decorator.py for tasks to queue
[2022-01-28 22:06:51,485] {logging_mixin.py:109} INFO - [2022-01-28 22:06:51,485] {dagbag.py:500} INFO - Filling up the DagBag from /home/data-eginner/Documents/Soccer_Data/env/lib/python3.8/site-packages/airflow/example_dags/example_task_group_decorator.py
[2022-01-28 22:06:51,598] {processor.py:654} INFO - DAG(s) dict_keys(['example_task_group_decorator']) retrieved from /home/data-eginner/Documents/Soccer_Data/env/lib/python3.8/site-packages/airflow/example_dags/example_task_group_decorator.py
[2022-01-28 22:06:52,437] {logging_mixin.py:109} INFO - [2022-01-28 22:06:52,437] {dag.py:2396} INFO - Sync 1 DAGs
[2022-01-28 22:06:52,508] {logging_mixin.py:109} INFO - [2022-01-28 22:06:52,508] {dag.py:2935} INFO - Setting next_dagrun for example_task_group_decorator to 2022-01-28T01:06:52.508560+00:00
[2022-01-28 22:06:52,540] {processor.py:171} INFO - Processing /home/data-eginner/Documents/Soccer_Data/env/lib/python3.8/site-packages/airflow/example_dags/example_task_group_decorator.py took 1.086 seconds
[2022-01-28 22:07:41,242] {processor.py:163} INFO - Started process (PID=27366) to work on /home/data-eginner/Documents/Soccer_Data/env/lib/python3.8/site-packages/airflow/example_dags/example_task_group_decorator.py
[2022-01-28 22:07:41,246] {processor.py:642} INFO - Processing file /home/data-eginner/Documents/Soccer_Data/env/lib/python3.8/site-packages/airflow/example_dags/example_task_group_decorator.py for tasks to queue
[2022-01-28 22:07:41,247] {logging_mixin.py:109} INFO - [2022-01-28 22:07:41,247] {dagbag.py:500} INFO - Filling up the DagBag from /home/data-eginner/Documents/Soccer_Data/env/lib/python3.8/site-packages/airflow/example_dags/example_task_group_decorator.py
[2022-01-28 22:07:41,386] {processor.py:654} INFO - DAG(s) dict_keys(['example_task_group_decorator']) retrieved from /home/data-eginner/Documents/Soccer_Data/env/lib/python3.8/site-packages/airflow/example_dags/example_task_group_decorator.py
[2022-01-28 22:07:42,124] {logging_mixin.py:109} INFO - [2022-01-28 22:07:42,124] {dag.py:2396} INFO - Sync 1 DAGs
[2022-01-28 22:07:42,144] {logging_mixin.py:109} INFO - [2022-01-28 22:07:42,144] {dag.py:2935} INFO - Setting next_dagrun for example_task_group_decorator to 2022-01-28T01:07:42.143827+00:00
[2022-01-28 22:07:42,191] {processor.py:171} INFO - Processing /home/data-eginner/Documents/Soccer_Data/env/lib/python3.8/site-packages/airflow/example_dags/example_task_group_decorator.py took 0.977 seconds
[2022-01-28 22:08:25,462] {processor.py:163} INFO - Started process (PID=27548) to work on /home/data-eginner/Documents/Soccer_Data/env/lib/python3.8/site-packages/airflow/example_dags/example_task_group_decorator.py
[2022-01-28 22:08:25,465] {processor.py:642} INFO - Processing file /home/data-eginner/Documents/Soccer_Data/env/lib/python3.8/site-packages/airflow/example_dags/example_task_group_decorator.py for tasks to queue
[2022-01-28 22:08:25,466] {logging_mixin.py:109} INFO - [2022-01-28 22:08:25,466] {dagbag.py:500} INFO - Filling up the DagBag from /home/data-eginner/Documents/Soccer_Data/env/lib/python3.8/site-packages/airflow/example_dags/example_task_group_decorator.py
[2022-01-28 22:08:25,511] {processor.py:654} INFO - DAG(s) dict_keys(['example_task_group_decorator']) retrieved from /home/data-eginner/Documents/Soccer_Data/env/lib/python3.8/site-packages/airflow/example_dags/example_task_group_decorator.py
[2022-01-28 22:08:25,715] {logging_mixin.py:109} INFO - [2022-01-28 22:08:25,714] {dag.py:2396} INFO - Sync 1 DAGs
[2022-01-28 22:08:25,757] {logging_mixin.py:109} INFO - [2022-01-28 22:08:25,757] {dag.py:2935} INFO - Setting next_dagrun for example_task_group_decorator to 2022-01-28T01:08:25.757363+00:00
[2022-01-28 22:08:25,795] {processor.py:171} INFO - Processing /home/data-eginner/Documents/Soccer_Data/env/lib/python3.8/site-packages/airflow/example_dags/example_task_group_decorator.py took 0.341 seconds
[2022-01-28 22:09:09,110] {processor.py:163} INFO - Started process (PID=27723) to work on /home/data-eginner/Documents/Soccer_Data/env/lib/python3.8/site-packages/airflow/example_dags/example_task_group_decorator.py
[2022-01-28 22:09:09,112] {processor.py:642} INFO - Processing file /home/data-eginner/Documents/Soccer_Data/env/lib/python3.8/site-packages/airflow/example_dags/example_task_group_decorator.py for tasks to queue
[2022-01-28 22:09:09,112] {logging_mixin.py:109} INFO - [2022-01-28 22:09:09,112] {dagbag.py:500} INFO - Filling up the DagBag from /home/data-eginner/Documents/Soccer_Data/env/lib/python3.8/site-packages/airflow/example_dags/example_task_group_decorator.py
[2022-01-28 22:09:09,142] {processor.py:654} INFO - DAG(s) dict_keys(['example_task_group_decorator']) retrieved from /home/data-eginner/Documents/Soccer_Data/env/lib/python3.8/site-packages/airflow/example_dags/example_task_group_decorator.py
[2022-01-28 22:09:09,342] {logging_mixin.py:109} INFO - [2022-01-28 22:09:09,342] {dag.py:2396} INFO - Sync 1 DAGs
[2022-01-28 22:09:09,351] {logging_mixin.py:109} INFO - [2022-01-28 22:09:09,351] {dag.py:2935} INFO - Setting next_dagrun for example_task_group_decorator to 2022-01-28T01:09:09.351473+00:00
[2022-01-28 22:09:09,374] {processor.py:171} INFO - Processing /home/data-eginner/Documents/Soccer_Data/env/lib/python3.8/site-packages/airflow/example_dags/example_task_group_decorator.py took 0.266 seconds
[2022-01-28 22:09:43,885] {processor.py:163} INFO - Started process (PID=27865) to work on /home/data-eginner/Documents/Soccer_Data/env/lib/python3.8/site-packages/airflow/example_dags/example_task_group_decorator.py
[2022-01-28 22:09:43,893] {processor.py:642} INFO - Processing file /home/data-eginner/Documents/Soccer_Data/env/lib/python3.8/site-packages/airflow/example_dags/example_task_group_decorator.py for tasks to queue
[2022-01-28 22:09:43,896] {logging_mixin.py:109} INFO - [2022-01-28 22:09:43,896] {dagbag.py:500} INFO - Filling up the DagBag from /home/data-eginner/Documents/Soccer_Data/env/lib/python3.8/site-packages/airflow/example_dags/example_task_group_decorator.py
[2022-01-28 22:09:43,999] {processor.py:654} INFO - DAG(s) dict_keys(['example_task_group_decorator']) retrieved from /home/data-eginner/Documents/Soccer_Data/env/lib/python3.8/site-packages/airflow/example_dags/example_task_group_decorator.py
[2022-01-28 22:09:44,533] {logging_mixin.py:109} INFO - [2022-01-28 22:09:44,533] {dag.py:2396} INFO - Sync 1 DAGs
[2022-01-28 22:09:44,564] {logging_mixin.py:109} INFO - [2022-01-28 22:09:44,563] {dag.py:2935} INFO - Setting next_dagrun for example_task_group_decorator to 2022-01-28T01:09:44.563606+00:00
[2022-01-28 22:09:44,611] {processor.py:171} INFO - Processing /home/data-eginner/Documents/Soccer_Data/env/lib/python3.8/site-packages/airflow/example_dags/example_task_group_decorator.py took 0.743 seconds
[2022-01-28 22:10:26,451] {processor.py:163} INFO - Started process (PID=28042) to work on /home/data-eginner/Documents/Soccer_Data/env/lib/python3.8/site-packages/airflow/example_dags/example_task_group_decorator.py
[2022-01-28 22:10:26,460] {processor.py:642} INFO - Processing file /home/data-eginner/Documents/Soccer_Data/env/lib/python3.8/site-packages/airflow/example_dags/example_task_group_decorator.py for tasks to queue
[2022-01-28 22:10:26,460] {logging_mixin.py:109} INFO - [2022-01-28 22:10:26,460] {dagbag.py:500} INFO - Filling up the DagBag from /home/data-eginner/Documents/Soccer_Data/env/lib/python3.8/site-packages/airflow/example_dags/example_task_group_decorator.py
[2022-01-28 22:10:26,531] {processor.py:654} INFO - DAG(s) dict_keys(['example_task_group_decorator']) retrieved from /home/data-eginner/Documents/Soccer_Data/env/lib/python3.8/site-packages/airflow/example_dags/example_task_group_decorator.py
[2022-01-28 22:10:27,093] {logging_mixin.py:109} INFO - [2022-01-28 22:10:27,093] {dag.py:2396} INFO - Sync 1 DAGs
[2022-01-28 22:10:27,104] {logging_mixin.py:109} INFO - [2022-01-28 22:10:27,104] {dag.py:2935} INFO - Setting next_dagrun for example_task_group_decorator to 2022-01-28T01:10:27.104407+00:00
[2022-01-28 22:10:27,125] {processor.py:171} INFO - Processing /home/data-eginner/Documents/Soccer_Data/env/lib/python3.8/site-packages/airflow/example_dags/example_task_group_decorator.py took 0.677 seconds
[2022-01-28 22:11:05,048] {processor.py:163} INFO - Started process (PID=28211) to work on /home/data-eginner/Documents/Soccer_Data/env/lib/python3.8/site-packages/airflow/example_dags/example_task_group_decorator.py
[2022-01-28 22:11:05,051] {processor.py:642} INFO - Processing file /home/data-eginner/Documents/Soccer_Data/env/lib/python3.8/site-packages/airflow/example_dags/example_task_group_decorator.py for tasks to queue
[2022-01-28 22:11:05,052] {logging_mixin.py:109} INFO - [2022-01-28 22:11:05,052] {dagbag.py:500} INFO - Filling up the DagBag from /home/data-eginner/Documents/Soccer_Data/env/lib/python3.8/site-packages/airflow/example_dags/example_task_group_decorator.py
[2022-01-28 22:11:05,098] {processor.py:654} INFO - DAG(s) dict_keys(['example_task_group_decorator']) retrieved from /home/data-eginner/Documents/Soccer_Data/env/lib/python3.8/site-packages/airflow/example_dags/example_task_group_decorator.py
[2022-01-28 22:11:05,289] {logging_mixin.py:109} INFO - [2022-01-28 22:11:05,289] {dag.py:2396} INFO - Sync 1 DAGs
[2022-01-28 22:11:05,301] {logging_mixin.py:109} INFO - [2022-01-28 22:11:05,301] {dag.py:2935} INFO - Setting next_dagrun for example_task_group_decorator to 2022-01-28T01:11:05.300775+00:00
[2022-01-28 22:11:05,319] {processor.py:171} INFO - Processing /home/data-eginner/Documents/Soccer_Data/env/lib/python3.8/site-packages/airflow/example_dags/example_task_group_decorator.py took 0.281 seconds
[2022-01-28 22:11:39,729] {processor.py:163} INFO - Started process (PID=28353) to work on /home/data-eginner/Documents/Soccer_Data/env/lib/python3.8/site-packages/airflow/example_dags/example_task_group_decorator.py
[2022-01-28 22:11:39,732] {processor.py:642} INFO - Processing file /home/data-eginner/Documents/Soccer_Data/env/lib/python3.8/site-packages/airflow/example_dags/example_task_group_decorator.py for tasks to queue
[2022-01-28 22:11:39,733] {logging_mixin.py:109} INFO - [2022-01-28 22:11:39,733] {dagbag.py:500} INFO - Filling up the DagBag from /home/data-eginner/Documents/Soccer_Data/env/lib/python3.8/site-packages/airflow/example_dags/example_task_group_decorator.py
[2022-01-28 22:11:39,775] {processor.py:654} INFO - DAG(s) dict_keys(['example_task_group_decorator']) retrieved from /home/data-eginner/Documents/Soccer_Data/env/lib/python3.8/site-packages/airflow/example_dags/example_task_group_decorator.py
[2022-01-28 22:11:39,963] {logging_mixin.py:109} INFO - [2022-01-28 22:11:39,963] {dag.py:2396} INFO - Sync 1 DAGs
[2022-01-28 22:11:39,975] {logging_mixin.py:109} INFO - [2022-01-28 22:11:39,975] {dag.py:2935} INFO - Setting next_dagrun for example_task_group_decorator to 2022-01-28T01:11:39.975064+00:00
[2022-01-28 22:11:39,992] {processor.py:171} INFO - Processing /home/data-eginner/Documents/Soccer_Data/env/lib/python3.8/site-packages/airflow/example_dags/example_task_group_decorator.py took 0.269 seconds
[2022-01-28 22:12:17,671] {processor.py:163} INFO - Started process (PID=28522) to work on /home/data-eginner/Documents/Soccer_Data/env/lib/python3.8/site-packages/airflow/example_dags/example_task_group_decorator.py
[2022-01-28 22:12:17,688] {processor.py:642} INFO - Processing file /home/data-eginner/Documents/Soccer_Data/env/lib/python3.8/site-packages/airflow/example_dags/example_task_group_decorator.py for tasks to queue
[2022-01-28 22:12:17,689] {logging_mixin.py:109} INFO - [2022-01-28 22:12:17,688] {dagbag.py:500} INFO - Filling up the DagBag from /home/data-eginner/Documents/Soccer_Data/env/lib/python3.8/site-packages/airflow/example_dags/example_task_group_decorator.py
[2022-01-28 22:12:17,739] {processor.py:654} INFO - DAG(s) dict_keys(['example_task_group_decorator']) retrieved from /home/data-eginner/Documents/Soccer_Data/env/lib/python3.8/site-packages/airflow/example_dags/example_task_group_decorator.py
[2022-01-28 22:12:18,143] {logging_mixin.py:109} INFO - [2022-01-28 22:12:18,143] {dag.py:2396} INFO - Sync 1 DAGs
[2022-01-28 22:12:18,165] {logging_mixin.py:109} INFO - [2022-01-28 22:12:18,165] {dag.py:2935} INFO - Setting next_dagrun for example_task_group_decorator to 2022-01-28T01:12:18.165121+00:00
[2022-01-28 22:12:18,197] {processor.py:171} INFO - Processing /home/data-eginner/Documents/Soccer_Data/env/lib/python3.8/site-packages/airflow/example_dags/example_task_group_decorator.py took 0.528 seconds
[2022-01-28 22:13:05,636] {processor.py:163} INFO - Started process (PID=28699) to work on /home/data-eginner/Documents/Soccer_Data/env/lib/python3.8/site-packages/airflow/example_dags/example_task_group_decorator.py
[2022-01-28 22:13:05,684] {processor.py:642} INFO - Processing file /home/data-eginner/Documents/Soccer_Data/env/lib/python3.8/site-packages/airflow/example_dags/example_task_group_decorator.py for tasks to queue
[2022-01-28 22:13:05,684] {logging_mixin.py:109} INFO - [2022-01-28 22:13:05,684] {dagbag.py:500} INFO - Filling up the DagBag from /home/data-eginner/Documents/Soccer_Data/env/lib/python3.8/site-packages/airflow/example_dags/example_task_group_decorator.py
[2022-01-28 22:13:05,748] {processor.py:654} INFO - DAG(s) dict_keys(['example_task_group_decorator']) retrieved from /home/data-eginner/Documents/Soccer_Data/env/lib/python3.8/site-packages/airflow/example_dags/example_task_group_decorator.py
[2022-01-28 22:13:06,047] {logging_mixin.py:109} INFO - [2022-01-28 22:13:06,047] {dag.py:2396} INFO - Sync 1 DAGs
[2022-01-28 22:13:06,064] {logging_mixin.py:109} INFO - [2022-01-28 22:13:06,064] {dag.py:2935} INFO - Setting next_dagrun for example_task_group_decorator to 2022-01-28T01:13:06.064294+00:00
[2022-01-28 22:13:06,085] {processor.py:171} INFO - Processing /home/data-eginner/Documents/Soccer_Data/env/lib/python3.8/site-packages/airflow/example_dags/example_task_group_decorator.py took 0.452 seconds
[2022-01-28 22:13:47,289] {processor.py:163} INFO - Started process (PID=28870) to work on /home/data-eginner/Documents/Soccer_Data/env/lib/python3.8/site-packages/airflow/example_dags/example_task_group_decorator.py
[2022-01-28 22:13:47,314] {processor.py:642} INFO - Processing file /home/data-eginner/Documents/Soccer_Data/env/lib/python3.8/site-packages/airflow/example_dags/example_task_group_decorator.py for tasks to queue
[2022-01-28 22:13:47,315] {logging_mixin.py:109} INFO - [2022-01-28 22:13:47,315] {dagbag.py:500} INFO - Filling up the DagBag from /home/data-eginner/Documents/Soccer_Data/env/lib/python3.8/site-packages/airflow/example_dags/example_task_group_decorator.py
[2022-01-28 22:13:47,387] {processor.py:654} INFO - DAG(s) dict_keys(['example_task_group_decorator']) retrieved from /home/data-eginner/Documents/Soccer_Data/env/lib/python3.8/site-packages/airflow/example_dags/example_task_group_decorator.py
[2022-01-28 22:13:47,913] {logging_mixin.py:109} INFO - [2022-01-28 22:13:47,913] {dag.py:2396} INFO - Sync 1 DAGs
[2022-01-28 22:13:47,944] {logging_mixin.py:109} INFO - [2022-01-28 22:13:47,944] {dag.py:2935} INFO - Setting next_dagrun for example_task_group_decorator to 2022-01-28T01:13:47.944404+00:00
[2022-01-28 22:13:47,986] {processor.py:171} INFO - Processing /home/data-eginner/Documents/Soccer_Data/env/lib/python3.8/site-packages/airflow/example_dags/example_task_group_decorator.py took 0.699 seconds
[2022-01-28 22:14:37,290] {processor.py:163} INFO - Started process (PID=29058) to work on /home/data-eginner/Documents/Soccer_Data/env/lib/python3.8/site-packages/airflow/example_dags/example_task_group_decorator.py
[2022-01-28 22:14:37,292] {processor.py:642} INFO - Processing file /home/data-eginner/Documents/Soccer_Data/env/lib/python3.8/site-packages/airflow/example_dags/example_task_group_decorator.py for tasks to queue
[2022-01-28 22:14:37,292] {logging_mixin.py:109} INFO - [2022-01-28 22:14:37,292] {dagbag.py:500} INFO - Filling up the DagBag from /home/data-eginner/Documents/Soccer_Data/env/lib/python3.8/site-packages/airflow/example_dags/example_task_group_decorator.py
[2022-01-28 22:14:37,363] {processor.py:654} INFO - DAG(s) dict_keys(['example_task_group_decorator']) retrieved from /home/data-eginner/Documents/Soccer_Data/env/lib/python3.8/site-packages/airflow/example_dags/example_task_group_decorator.py
[2022-01-28 22:14:37,773] {logging_mixin.py:109} INFO - [2022-01-28 22:14:37,773] {dag.py:2396} INFO - Sync 1 DAGs
[2022-01-28 22:14:37,811] {logging_mixin.py:109} INFO - [2022-01-28 22:14:37,811] {dag.py:2935} INFO - Setting next_dagrun for example_task_group_decorator to 2022-01-28T01:14:37.811466+00:00
[2022-01-28 22:14:37,846] {processor.py:171} INFO - Processing /home/data-eginner/Documents/Soccer_Data/env/lib/python3.8/site-packages/airflow/example_dags/example_task_group_decorator.py took 0.565 seconds
[2022-01-28 22:15:18,361] {processor.py:163} INFO - Started process (PID=29218) to work on /home/data-eginner/Documents/Soccer_Data/env/lib/python3.8/site-packages/airflow/example_dags/example_task_group_decorator.py
[2022-01-28 22:15:18,377] {processor.py:642} INFO - Processing file /home/data-eginner/Documents/Soccer_Data/env/lib/python3.8/site-packages/airflow/example_dags/example_task_group_decorator.py for tasks to queue
[2022-01-28 22:15:18,378] {logging_mixin.py:109} INFO - [2022-01-28 22:15:18,378] {dagbag.py:500} INFO - Filling up the DagBag from /home/data-eginner/Documents/Soccer_Data/env/lib/python3.8/site-packages/airflow/example_dags/example_task_group_decorator.py
[2022-01-28 22:15:18,505] {processor.py:654} INFO - DAG(s) dict_keys(['example_task_group_decorator']) retrieved from /home/data-eginner/Documents/Soccer_Data/env/lib/python3.8/site-packages/airflow/example_dags/example_task_group_decorator.py
[2022-01-28 22:15:19,386] {logging_mixin.py:109} INFO - [2022-01-28 22:15:19,386] {dag.py:2396} INFO - Sync 1 DAGs
[2022-01-28 22:15:19,458] {logging_mixin.py:109} INFO - [2022-01-28 22:15:19,443] {dag.py:2935} INFO - Setting next_dagrun for example_task_group_decorator to 2022-01-28T01:15:19.443049+00:00
[2022-01-28 22:15:19,543] {processor.py:171} INFO - Processing /home/data-eginner/Documents/Soccer_Data/env/lib/python3.8/site-packages/airflow/example_dags/example_task_group_decorator.py took 1.197 seconds
[2022-01-28 22:16:03,651] {processor.py:163} INFO - Started process (PID=29371) to work on /home/data-eginner/Documents/Soccer_Data/env/lib/python3.8/site-packages/airflow/example_dags/example_task_group_decorator.py
[2022-01-28 22:16:03,718] {processor.py:642} INFO - Processing file /home/data-eginner/Documents/Soccer_Data/env/lib/python3.8/site-packages/airflow/example_dags/example_task_group_decorator.py for tasks to queue
[2022-01-28 22:16:03,719] {logging_mixin.py:109} INFO - [2022-01-28 22:16:03,719] {dagbag.py:500} INFO - Filling up the DagBag from /home/data-eginner/Documents/Soccer_Data/env/lib/python3.8/site-packages/airflow/example_dags/example_task_group_decorator.py
[2022-01-28 22:16:03,820] {processor.py:654} INFO - DAG(s) dict_keys(['example_task_group_decorator']) retrieved from /home/data-eginner/Documents/Soccer_Data/env/lib/python3.8/site-packages/airflow/example_dags/example_task_group_decorator.py
[2022-01-28 22:16:04,401] {logging_mixin.py:109} INFO - [2022-01-28 22:16:04,401] {dag.py:2396} INFO - Sync 1 DAGs
[2022-01-28 22:16:04,433] {logging_mixin.py:109} INFO - [2022-01-28 22:16:04,433] {dag.py:2935} INFO - Setting next_dagrun for example_task_group_decorator to 2022-01-28T01:16:04.433288+00:00
[2022-01-28 22:16:04,477] {processor.py:171} INFO - Processing /home/data-eginner/Documents/Soccer_Data/env/lib/python3.8/site-packages/airflow/example_dags/example_task_group_decorator.py took 0.828 seconds
[2022-01-28 22:16:41,079] {processor.py:163} INFO - Started process (PID=29514) to work on /home/data-eginner/Documents/Soccer_Data/env/lib/python3.8/site-packages/airflow/example_dags/example_task_group_decorator.py
[2022-01-28 22:16:41,099] {processor.py:642} INFO - Processing file /home/data-eginner/Documents/Soccer_Data/env/lib/python3.8/site-packages/airflow/example_dags/example_task_group_decorator.py for tasks to queue
[2022-01-28 22:16:41,099] {logging_mixin.py:109} INFO - [2022-01-28 22:16:41,099] {dagbag.py:500} INFO - Filling up the DagBag from /home/data-eginner/Documents/Soccer_Data/env/lib/python3.8/site-packages/airflow/example_dags/example_task_group_decorator.py
[2022-01-28 22:16:41,203] {processor.py:654} INFO - DAG(s) dict_keys(['example_task_group_decorator']) retrieved from /home/data-eginner/Documents/Soccer_Data/env/lib/python3.8/site-packages/airflow/example_dags/example_task_group_decorator.py
[2022-01-28 22:16:41,851] {logging_mixin.py:109} INFO - [2022-01-28 22:16:41,851] {dag.py:2396} INFO - Sync 1 DAGs
[2022-01-28 22:16:41,883] {logging_mixin.py:109} INFO - [2022-01-28 22:16:41,882] {dag.py:2935} INFO - Setting next_dagrun for example_task_group_decorator to 2022-01-28T01:16:41.882636+00:00
[2022-01-28 22:16:41,923] {processor.py:171} INFO - Processing /home/data-eginner/Documents/Soccer_Data/env/lib/python3.8/site-packages/airflow/example_dags/example_task_group_decorator.py took 0.847 seconds
[2022-01-28 22:17:45,379] {processor.py:163} INFO - Started process (PID=29754) to work on /home/data-eginner/Documents/Soccer_Data/env/lib/python3.8/site-packages/airflow/example_dags/example_task_group_decorator.py
[2022-01-28 22:17:45,383] {processor.py:642} INFO - Processing file /home/data-eginner/Documents/Soccer_Data/env/lib/python3.8/site-packages/airflow/example_dags/example_task_group_decorator.py for tasks to queue
[2022-01-28 22:17:45,384] {logging_mixin.py:109} INFO - [2022-01-28 22:17:45,384] {dagbag.py:500} INFO - Filling up the DagBag from /home/data-eginner/Documents/Soccer_Data/env/lib/python3.8/site-packages/airflow/example_dags/example_task_group_decorator.py
[2022-01-28 22:17:45,448] {processor.py:654} INFO - DAG(s) dict_keys(['example_task_group_decorator']) retrieved from /home/data-eginner/Documents/Soccer_Data/env/lib/python3.8/site-packages/airflow/example_dags/example_task_group_decorator.py
[2022-01-28 22:17:45,725] {logging_mixin.py:109} INFO - [2022-01-28 22:17:45,725] {dag.py:2396} INFO - Sync 1 DAGs
[2022-01-28 22:17:45,738] {logging_mixin.py:109} INFO - [2022-01-28 22:17:45,738] {dag.py:2935} INFO - Setting next_dagrun for example_task_group_decorator to 2022-01-28T01:17:45.737886+00:00
[2022-01-28 22:17:45,760] {processor.py:171} INFO - Processing /home/data-eginner/Documents/Soccer_Data/env/lib/python3.8/site-packages/airflow/example_dags/example_task_group_decorator.py took 0.384 seconds
[2022-01-28 22:18:22,221] {processor.py:163} INFO - Started process (PID=29911) to work on /home/data-eginner/Documents/Soccer_Data/env/lib/python3.8/site-packages/airflow/example_dags/example_task_group_decorator.py
[2022-01-28 22:18:22,256] {processor.py:642} INFO - Processing file /home/data-eginner/Documents/Soccer_Data/env/lib/python3.8/site-packages/airflow/example_dags/example_task_group_decorator.py for tasks to queue
[2022-01-28 22:18:22,257] {logging_mixin.py:109} INFO - [2022-01-28 22:18:22,257] {dagbag.py:500} INFO - Filling up the DagBag from /home/data-eginner/Documents/Soccer_Data/env/lib/python3.8/site-packages/airflow/example_dags/example_task_group_decorator.py
[2022-01-28 22:18:22,308] {processor.py:654} INFO - DAG(s) dict_keys(['example_task_group_decorator']) retrieved from /home/data-eginner/Documents/Soccer_Data/env/lib/python3.8/site-packages/airflow/example_dags/example_task_group_decorator.py
[2022-01-28 22:18:22,482] {logging_mixin.py:109} INFO - [2022-01-28 22:18:22,482] {dag.py:2396} INFO - Sync 1 DAGs
[2022-01-28 22:18:22,491] {logging_mixin.py:109} INFO - [2022-01-28 22:18:22,491] {dag.py:2935} INFO - Setting next_dagrun for example_task_group_decorator to 2022-01-28T01:18:22.490778+00:00
[2022-01-28 22:18:22,509] {processor.py:171} INFO - Processing /home/data-eginner/Documents/Soccer_Data/env/lib/python3.8/site-packages/airflow/example_dags/example_task_group_decorator.py took 0.291 seconds
[2022-01-28 22:19:10,050] {processor.py:163} INFO - Started process (PID=30099) to work on /home/data-eginner/Documents/Soccer_Data/env/lib/python3.8/site-packages/airflow/example_dags/example_task_group_decorator.py
[2022-01-28 22:19:10,052] {processor.py:642} INFO - Processing file /home/data-eginner/Documents/Soccer_Data/env/lib/python3.8/site-packages/airflow/example_dags/example_task_group_decorator.py for tasks to queue
[2022-01-28 22:19:10,052] {logging_mixin.py:109} INFO - [2022-01-28 22:19:10,052] {dagbag.py:500} INFO - Filling up the DagBag from /home/data-eginner/Documents/Soccer_Data/env/lib/python3.8/site-packages/airflow/example_dags/example_task_group_decorator.py
[2022-01-28 22:19:10,108] {processor.py:654} INFO - DAG(s) dict_keys(['example_task_group_decorator']) retrieved from /home/data-eginner/Documents/Soccer_Data/env/lib/python3.8/site-packages/airflow/example_dags/example_task_group_decorator.py
[2022-01-28 22:19:10,321] {logging_mixin.py:109} INFO - [2022-01-28 22:19:10,321] {dag.py:2396} INFO - Sync 1 DAGs
[2022-01-28 22:19:10,337] {logging_mixin.py:109} INFO - [2022-01-28 22:19:10,337] {dag.py:2935} INFO - Setting next_dagrun for example_task_group_decorator to 2022-01-28T01:19:10.336757+00:00
[2022-01-28 22:19:10,355] {processor.py:171} INFO - Processing /home/data-eginner/Documents/Soccer_Data/env/lib/python3.8/site-packages/airflow/example_dags/example_task_group_decorator.py took 0.310 seconds
[2022-01-28 22:20:16,385] {processor.py:163} INFO - Started process (PID=30363) to work on /home/data-eginner/Documents/Soccer_Data/env/lib/python3.8/site-packages/airflow/example_dags/example_task_group_decorator.py
[2022-01-28 22:20:16,400] {processor.py:642} INFO - Processing file /home/data-eginner/Documents/Soccer_Data/env/lib/python3.8/site-packages/airflow/example_dags/example_task_group_decorator.py for tasks to queue
[2022-01-28 22:20:16,400] {logging_mixin.py:109} INFO - [2022-01-28 22:20:16,400] {dagbag.py:500} INFO - Filling up the DagBag from /home/data-eginner/Documents/Soccer_Data/env/lib/python3.8/site-packages/airflow/example_dags/example_task_group_decorator.py
[2022-01-28 22:20:16,507] {processor.py:654} INFO - DAG(s) dict_keys(['example_task_group_decorator']) retrieved from /home/data-eginner/Documents/Soccer_Data/env/lib/python3.8/site-packages/airflow/example_dags/example_task_group_decorator.py
[2022-01-28 22:20:17,114] {logging_mixin.py:109} INFO - [2022-01-28 22:20:17,114] {dag.py:2396} INFO - Sync 1 DAGs
[2022-01-28 22:20:17,149] {logging_mixin.py:109} INFO - [2022-01-28 22:20:17,149] {dag.py:2935} INFO - Setting next_dagrun for example_task_group_decorator to 2022-01-28T01:20:17.149142+00:00
[2022-01-28 22:20:17,182] {processor.py:171} INFO - Processing /home/data-eginner/Documents/Soccer_Data/env/lib/python3.8/site-packages/airflow/example_dags/example_task_group_decorator.py took 0.800 seconds
[2022-01-28 22:20:56,609] {processor.py:163} INFO - Started process (PID=30536) to work on /home/data-eginner/Documents/Soccer_Data/env/lib/python3.8/site-packages/airflow/example_dags/example_task_group_decorator.py
[2022-01-28 22:20:56,611] {processor.py:642} INFO - Processing file /home/data-eginner/Documents/Soccer_Data/env/lib/python3.8/site-packages/airflow/example_dags/example_task_group_decorator.py for tasks to queue
[2022-01-28 22:20:56,612] {logging_mixin.py:109} INFO - [2022-01-28 22:20:56,612] {dagbag.py:500} INFO - Filling up the DagBag from /home/data-eginner/Documents/Soccer_Data/env/lib/python3.8/site-packages/airflow/example_dags/example_task_group_decorator.py
[2022-01-28 22:20:56,644] {processor.py:654} INFO - DAG(s) dict_keys(['example_task_group_decorator']) retrieved from /home/data-eginner/Documents/Soccer_Data/env/lib/python3.8/site-packages/airflow/example_dags/example_task_group_decorator.py
[2022-01-28 22:20:56,827] {logging_mixin.py:109} INFO - [2022-01-28 22:20:56,827] {dag.py:2396} INFO - Sync 1 DAGs
[2022-01-28 22:20:56,837] {logging_mixin.py:109} INFO - [2022-01-28 22:20:56,837] {dag.py:2935} INFO - Setting next_dagrun for example_task_group_decorator to 2022-01-28T01:20:56.836994+00:00
[2022-01-28 22:20:56,855] {processor.py:171} INFO - Processing /home/data-eginner/Documents/Soccer_Data/env/lib/python3.8/site-packages/airflow/example_dags/example_task_group_decorator.py took 0.252 seconds
[2022-01-28 22:21:33,355] {processor.py:163} INFO - Started process (PID=30692) to work on /home/data-eginner/Documents/Soccer_Data/env/lib/python3.8/site-packages/airflow/example_dags/example_task_group_decorator.py
[2022-01-28 22:21:33,357] {processor.py:642} INFO - Processing file /home/data-eginner/Documents/Soccer_Data/env/lib/python3.8/site-packages/airflow/example_dags/example_task_group_decorator.py for tasks to queue
[2022-01-28 22:21:33,357] {logging_mixin.py:109} INFO - [2022-01-28 22:21:33,357] {dagbag.py:500} INFO - Filling up the DagBag from /home/data-eginner/Documents/Soccer_Data/env/lib/python3.8/site-packages/airflow/example_dags/example_task_group_decorator.py
[2022-01-28 22:21:33,385] {processor.py:654} INFO - DAG(s) dict_keys(['example_task_group_decorator']) retrieved from /home/data-eginner/Documents/Soccer_Data/env/lib/python3.8/site-packages/airflow/example_dags/example_task_group_decorator.py
[2022-01-28 22:21:33,574] {logging_mixin.py:109} INFO - [2022-01-28 22:21:33,573] {dag.py:2396} INFO - Sync 1 DAGs
[2022-01-28 22:21:33,584] {logging_mixin.py:109} INFO - [2022-01-28 22:21:33,584] {dag.py:2935} INFO - Setting next_dagrun for example_task_group_decorator to 2022-01-28T01:21:33.583811+00:00
[2022-01-28 22:21:33,600] {processor.py:171} INFO - Processing /home/data-eginner/Documents/Soccer_Data/env/lib/python3.8/site-packages/airflow/example_dags/example_task_group_decorator.py took 0.248 seconds
[2022-01-28 22:22:10,107] {processor.py:163} INFO - Started process (PID=30853) to work on /home/data-eginner/Documents/Soccer_Data/env/lib/python3.8/site-packages/airflow/example_dags/example_task_group_decorator.py
[2022-01-28 22:22:10,111] {processor.py:642} INFO - Processing file /home/data-eginner/Documents/Soccer_Data/env/lib/python3.8/site-packages/airflow/example_dags/example_task_group_decorator.py for tasks to queue
[2022-01-28 22:22:10,112] {logging_mixin.py:109} INFO - [2022-01-28 22:22:10,111] {dagbag.py:500} INFO - Filling up the DagBag from /home/data-eginner/Documents/Soccer_Data/env/lib/python3.8/site-packages/airflow/example_dags/example_task_group_decorator.py
[2022-01-28 22:22:10,141] {processor.py:654} INFO - DAG(s) dict_keys(['example_task_group_decorator']) retrieved from /home/data-eginner/Documents/Soccer_Data/env/lib/python3.8/site-packages/airflow/example_dags/example_task_group_decorator.py
[2022-01-28 22:22:10,335] {logging_mixin.py:109} INFO - [2022-01-28 22:22:10,335] {dag.py:2396} INFO - Sync 1 DAGs
[2022-01-28 22:22:10,346] {logging_mixin.py:109} INFO - [2022-01-28 22:22:10,346] {dag.py:2935} INFO - Setting next_dagrun for example_task_group_decorator to 2022-01-28T01:22:10.345894+00:00
[2022-01-28 22:22:10,364] {processor.py:171} INFO - Processing /home/data-eginner/Documents/Soccer_Data/env/lib/python3.8/site-packages/airflow/example_dags/example_task_group_decorator.py took 0.264 seconds
