[2022-01-28 21:00:05,199] {processor.py:163} INFO - Started process (PID=18941) to work on /home/data-eginner/Documents/Soccer_Data/env/lib/python3.8/site-packages/airflow/example_dags/example_bash_operator.py
[2022-01-28 21:00:05,200] {processor.py:642} INFO - Processing file /home/data-eginner/Documents/Soccer_Data/env/lib/python3.8/site-packages/airflow/example_dags/example_bash_operator.py for tasks to queue
[2022-01-28 21:00:05,200] {logging_mixin.py:109} INFO - [2022-01-28 21:00:05,200] {dagbag.py:500} INFO - Filling up the DagBag from /home/data-eginner/Documents/Soccer_Data/env/lib/python3.8/site-packages/airflow/example_dags/example_bash_operator.py
[2022-01-28 21:00:05,299] {processor.py:654} INFO - DAG(s) dict_keys(['example_bash_operator']) retrieved from /home/data-eginner/Documents/Soccer_Data/env/lib/python3.8/site-packages/airflow/example_dags/example_bash_operator.py
[2022-01-28 21:00:05,331] {logging_mixin.py:109} INFO - [2022-01-28 21:00:05,331] {dag.py:2396} INFO - Sync 1 DAGs
[2022-01-28 21:00:05,383] {logging_mixin.py:109} INFO - [2022-01-28 21:00:05,383] {dag.py:2935} INFO - Setting next_dagrun for example_bash_operator to 2022-01-28 00:00:00+00:00
[2022-01-28 21:00:05,411] {processor.py:171} INFO - Processing /home/data-eginner/Documents/Soccer_Data/env/lib/python3.8/site-packages/airflow/example_dags/example_bash_operator.py took 0.216 seconds
[2022-01-28 21:08:30,983] {processor.py:163} INFO - Started process (PID=19819) to work on /home/data-eginner/Documents/Soccer_Data/env/lib/python3.8/site-packages/airflow/example_dags/example_bash_operator.py
[2022-01-28 21:08:30,995] {processor.py:642} INFO - Processing file /home/data-eginner/Documents/Soccer_Data/env/lib/python3.8/site-packages/airflow/example_dags/example_bash_operator.py for tasks to queue
[2022-01-28 21:08:31,000] {logging_mixin.py:109} INFO - [2022-01-28 21:08:31,000] {dagbag.py:500} INFO - Filling up the DagBag from /home/data-eginner/Documents/Soccer_Data/env/lib/python3.8/site-packages/airflow/example_dags/example_bash_operator.py
[2022-01-28 21:08:31,121] {processor.py:654} INFO - DAG(s) dict_keys(['example_bash_operator']) retrieved from /home/data-eginner/Documents/Soccer_Data/env/lib/python3.8/site-packages/airflow/example_dags/example_bash_operator.py
[2022-01-28 21:08:31,160] {logging_mixin.py:109} INFO - [2022-01-28 21:08:31,160] {dag.py:2396} INFO - Sync 1 DAGs
[2022-01-28 21:08:31,211] {logging_mixin.py:109} INFO - [2022-01-28 21:08:31,211] {dag.py:2935} INFO - Setting next_dagrun for example_bash_operator to 2022-01-28 00:00:00+00:00
[2022-01-28 21:08:31,271] {processor.py:171} INFO - Processing /home/data-eginner/Documents/Soccer_Data/env/lib/python3.8/site-packages/airflow/example_dags/example_bash_operator.py took 0.291 seconds
[2022-01-28 21:09:23,688] {processor.py:163} INFO - Started process (PID=19998) to work on /home/data-eginner/Documents/Soccer_Data/env/lib/python3.8/site-packages/airflow/example_dags/example_bash_operator.py
[2022-01-28 21:09:23,692] {processor.py:642} INFO - Processing file /home/data-eginner/Documents/Soccer_Data/env/lib/python3.8/site-packages/airflow/example_dags/example_bash_operator.py for tasks to queue
[2022-01-28 21:09:23,693] {logging_mixin.py:109} INFO - [2022-01-28 21:09:23,693] {dagbag.py:500} INFO - Filling up the DagBag from /home/data-eginner/Documents/Soccer_Data/env/lib/python3.8/site-packages/airflow/example_dags/example_bash_operator.py
[2022-01-28 21:09:23,726] {processor.py:654} INFO - DAG(s) dict_keys(['example_bash_operator']) retrieved from /home/data-eginner/Documents/Soccer_Data/env/lib/python3.8/site-packages/airflow/example_dags/example_bash_operator.py
[2022-01-28 21:09:23,740] {logging_mixin.py:109} INFO - [2022-01-28 21:09:23,739] {dag.py:2396} INFO - Sync 1 DAGs
[2022-01-28 21:09:23,757] {logging_mixin.py:109} INFO - [2022-01-28 21:09:23,757] {dag.py:2935} INFO - Setting next_dagrun for example_bash_operator to 2022-01-28 00:00:00+00:00
[2022-01-28 21:09:23,783] {processor.py:171} INFO - Processing /home/data-eginner/Documents/Soccer_Data/env/lib/python3.8/site-packages/airflow/example_dags/example_bash_operator.py took 0.097 seconds
[2022-01-28 21:10:13,161] {processor.py:163} INFO - Started process (PID=20177) to work on /home/data-eginner/Documents/Soccer_Data/env/lib/python3.8/site-packages/airflow/example_dags/example_bash_operator.py
[2022-01-28 21:10:13,165] {processor.py:642} INFO - Processing file /home/data-eginner/Documents/Soccer_Data/env/lib/python3.8/site-packages/airflow/example_dags/example_bash_operator.py for tasks to queue
[2022-01-28 21:10:13,166] {logging_mixin.py:109} INFO - [2022-01-28 21:10:13,166] {dagbag.py:500} INFO - Filling up the DagBag from /home/data-eginner/Documents/Soccer_Data/env/lib/python3.8/site-packages/airflow/example_dags/example_bash_operator.py
[2022-01-28 21:10:13,196] {processor.py:654} INFO - DAG(s) dict_keys(['example_bash_operator']) retrieved from /home/data-eginner/Documents/Soccer_Data/env/lib/python3.8/site-packages/airflow/example_dags/example_bash_operator.py
[2022-01-28 21:10:13,208] {logging_mixin.py:109} INFO - [2022-01-28 21:10:13,208] {dag.py:2396} INFO - Sync 1 DAGs
[2022-01-28 21:10:13,226] {logging_mixin.py:109} INFO - [2022-01-28 21:10:13,226] {dag.py:2935} INFO - Setting next_dagrun for example_bash_operator to 2022-01-28 00:00:00+00:00
[2022-01-28 21:10:13,246] {processor.py:171} INFO - Processing /home/data-eginner/Documents/Soccer_Data/env/lib/python3.8/site-packages/airflow/example_dags/example_bash_operator.py took 0.087 seconds
[2022-01-28 21:11:01,477] {processor.py:163} INFO - Started process (PID=20385) to work on /home/data-eginner/Documents/Soccer_Data/env/lib/python3.8/site-packages/airflow/example_dags/example_bash_operator.py
[2022-01-28 21:11:01,484] {processor.py:642} INFO - Processing file /home/data-eginner/Documents/Soccer_Data/env/lib/python3.8/site-packages/airflow/example_dags/example_bash_operator.py for tasks to queue
[2022-01-28 21:11:01,484] {logging_mixin.py:109} INFO - [2022-01-28 21:11:01,484] {dagbag.py:500} INFO - Filling up the DagBag from /home/data-eginner/Documents/Soccer_Data/env/lib/python3.8/site-packages/airflow/example_dags/example_bash_operator.py
[2022-01-28 21:11:01,516] {processor.py:654} INFO - DAG(s) dict_keys(['example_bash_operator']) retrieved from /home/data-eginner/Documents/Soccer_Data/env/lib/python3.8/site-packages/airflow/example_dags/example_bash_operator.py
[2022-01-28 21:11:01,525] {logging_mixin.py:109} INFO - [2022-01-28 21:11:01,525] {dag.py:2396} INFO - Sync 1 DAGs
[2022-01-28 21:11:01,543] {logging_mixin.py:109} INFO - [2022-01-28 21:11:01,543] {dag.py:2935} INFO - Setting next_dagrun for example_bash_operator to 2022-01-28 00:00:00+00:00
[2022-01-28 21:11:01,562] {processor.py:171} INFO - Processing /home/data-eginner/Documents/Soccer_Data/env/lib/python3.8/site-packages/airflow/example_dags/example_bash_operator.py took 0.088 seconds
[2022-01-28 21:11:48,609] {processor.py:163} INFO - Started process (PID=20557) to work on /home/data-eginner/Documents/Soccer_Data/env/lib/python3.8/site-packages/airflow/example_dags/example_bash_operator.py
[2022-01-28 21:11:48,611] {processor.py:642} INFO - Processing file /home/data-eginner/Documents/Soccer_Data/env/lib/python3.8/site-packages/airflow/example_dags/example_bash_operator.py for tasks to queue
[2022-01-28 21:11:48,612] {logging_mixin.py:109} INFO - [2022-01-28 21:11:48,612] {dagbag.py:500} INFO - Filling up the DagBag from /home/data-eginner/Documents/Soccer_Data/env/lib/python3.8/site-packages/airflow/example_dags/example_bash_operator.py
[2022-01-28 21:11:48,641] {processor.py:654} INFO - DAG(s) dict_keys(['example_bash_operator']) retrieved from /home/data-eginner/Documents/Soccer_Data/env/lib/python3.8/site-packages/airflow/example_dags/example_bash_operator.py
[2022-01-28 21:11:48,657] {logging_mixin.py:109} INFO - [2022-01-28 21:11:48,657] {dag.py:2396} INFO - Sync 1 DAGs
[2022-01-28 21:11:48,674] {logging_mixin.py:109} INFO - [2022-01-28 21:11:48,674] {dag.py:2935} INFO - Setting next_dagrun for example_bash_operator to 2022-01-28 00:00:00+00:00
[2022-01-28 21:11:48,694] {processor.py:171} INFO - Processing /home/data-eginner/Documents/Soccer_Data/env/lib/python3.8/site-packages/airflow/example_dags/example_bash_operator.py took 0.092 seconds
[2022-01-28 21:12:37,046] {processor.py:163} INFO - Started process (PID=20753) to work on /home/data-eginner/Documents/Soccer_Data/env/lib/python3.8/site-packages/airflow/example_dags/example_bash_operator.py
[2022-01-28 21:12:37,054] {processor.py:642} INFO - Processing file /home/data-eginner/Documents/Soccer_Data/env/lib/python3.8/site-packages/airflow/example_dags/example_bash_operator.py for tasks to queue
[2022-01-28 21:12:37,055] {logging_mixin.py:109} INFO - [2022-01-28 21:12:37,054] {dagbag.py:500} INFO - Filling up the DagBag from /home/data-eginner/Documents/Soccer_Data/env/lib/python3.8/site-packages/airflow/example_dags/example_bash_operator.py
[2022-01-28 21:12:37,088] {processor.py:654} INFO - DAG(s) dict_keys(['example_bash_operator']) retrieved from /home/data-eginner/Documents/Soccer_Data/env/lib/python3.8/site-packages/airflow/example_dags/example_bash_operator.py
[2022-01-28 21:12:37,106] {logging_mixin.py:109} INFO - [2022-01-28 21:12:37,106] {dag.py:2396} INFO - Sync 1 DAGs
[2022-01-28 21:12:37,124] {logging_mixin.py:109} INFO - [2022-01-28 21:12:37,124] {dag.py:2935} INFO - Setting next_dagrun for example_bash_operator to 2022-01-28 00:00:00+00:00
[2022-01-28 21:12:37,146] {processor.py:171} INFO - Processing /home/data-eginner/Documents/Soccer_Data/env/lib/python3.8/site-packages/airflow/example_dags/example_bash_operator.py took 0.103 seconds
[2022-01-28 21:13:27,852] {processor.py:163} INFO - Started process (PID=20942) to work on /home/data-eginner/Documents/Soccer_Data/env/lib/python3.8/site-packages/airflow/example_dags/example_bash_operator.py
[2022-01-28 21:13:27,854] {processor.py:642} INFO - Processing file /home/data-eginner/Documents/Soccer_Data/env/lib/python3.8/site-packages/airflow/example_dags/example_bash_operator.py for tasks to queue
[2022-01-28 21:13:27,855] {logging_mixin.py:109} INFO - [2022-01-28 21:13:27,855] {dagbag.py:500} INFO - Filling up the DagBag from /home/data-eginner/Documents/Soccer_Data/env/lib/python3.8/site-packages/airflow/example_dags/example_bash_operator.py
[2022-01-28 21:13:27,887] {processor.py:654} INFO - DAG(s) dict_keys(['example_bash_operator']) retrieved from /home/data-eginner/Documents/Soccer_Data/env/lib/python3.8/site-packages/airflow/example_dags/example_bash_operator.py
[2022-01-28 21:13:27,898] {logging_mixin.py:109} INFO - [2022-01-28 21:13:27,898] {dag.py:2396} INFO - Sync 1 DAGs
[2022-01-28 21:13:27,919] {logging_mixin.py:109} INFO - [2022-01-28 21:13:27,919] {dag.py:2935} INFO - Setting next_dagrun for example_bash_operator to 2022-01-28 00:00:00+00:00
[2022-01-28 21:13:27,990] {processor.py:171} INFO - Processing /home/data-eginner/Documents/Soccer_Data/env/lib/python3.8/site-packages/airflow/example_dags/example_bash_operator.py took 0.145 seconds
[2022-01-28 21:14:13,073] {processor.py:163} INFO - Started process (PID=21106) to work on /home/data-eginner/Documents/Soccer_Data/env/lib/python3.8/site-packages/airflow/example_dags/example_bash_operator.py
[2022-01-28 21:14:13,076] {processor.py:642} INFO - Processing file /home/data-eginner/Documents/Soccer_Data/env/lib/python3.8/site-packages/airflow/example_dags/example_bash_operator.py for tasks to queue
[2022-01-28 21:14:13,077] {logging_mixin.py:109} INFO - [2022-01-28 21:14:13,077] {dagbag.py:500} INFO - Filling up the DagBag from /home/data-eginner/Documents/Soccer_Data/env/lib/python3.8/site-packages/airflow/example_dags/example_bash_operator.py
[2022-01-28 21:14:13,133] {processor.py:654} INFO - DAG(s) dict_keys(['example_bash_operator']) retrieved from /home/data-eginner/Documents/Soccer_Data/env/lib/python3.8/site-packages/airflow/example_dags/example_bash_operator.py
[2022-01-28 21:14:13,144] {logging_mixin.py:109} INFO - [2022-01-28 21:14:13,143] {dag.py:2396} INFO - Sync 1 DAGs
[2022-01-28 21:14:13,163] {logging_mixin.py:109} INFO - [2022-01-28 21:14:13,163] {dag.py:2935} INFO - Setting next_dagrun for example_bash_operator to 2022-01-28 00:00:00+00:00
[2022-01-28 21:14:13,188] {processor.py:171} INFO - Processing /home/data-eginner/Documents/Soccer_Data/env/lib/python3.8/site-packages/airflow/example_dags/example_bash_operator.py took 0.120 seconds
[2022-01-28 21:15:22,669] {processor.py:163} INFO - Started process (PID=21331) to work on /home/data-eginner/Documents/Soccer_Data/env/lib/python3.8/site-packages/airflow/example_dags/example_bash_operator.py
[2022-01-28 21:15:22,686] {processor.py:642} INFO - Processing file /home/data-eginner/Documents/Soccer_Data/env/lib/python3.8/site-packages/airflow/example_dags/example_bash_operator.py for tasks to queue
[2022-01-28 21:15:22,687] {logging_mixin.py:109} INFO - [2022-01-28 21:15:22,687] {dagbag.py:500} INFO - Filling up the DagBag from /home/data-eginner/Documents/Soccer_Data/env/lib/python3.8/site-packages/airflow/example_dags/example_bash_operator.py
[2022-01-28 21:15:22,814] {processor.py:654} INFO - DAG(s) dict_keys(['example_bash_operator']) retrieved from /home/data-eginner/Documents/Soccer_Data/env/lib/python3.8/site-packages/airflow/example_dags/example_bash_operator.py
[2022-01-28 21:15:22,856] {logging_mixin.py:109} INFO - [2022-01-28 21:15:22,856] {dag.py:2396} INFO - Sync 1 DAGs
[2022-01-28 21:15:22,941] {logging_mixin.py:109} INFO - [2022-01-28 21:15:22,941] {dag.py:2935} INFO - Setting next_dagrun for example_bash_operator to 2022-01-28 00:00:00+00:00
[2022-01-28 21:15:22,999] {processor.py:171} INFO - Processing /home/data-eginner/Documents/Soccer_Data/env/lib/python3.8/site-packages/airflow/example_dags/example_bash_operator.py took 0.358 seconds
[2022-01-28 21:16:16,996] {processor.py:163} INFO - Started process (PID=21510) to work on /home/data-eginner/Documents/Soccer_Data/env/lib/python3.8/site-packages/airflow/example_dags/example_bash_operator.py
[2022-01-28 21:16:17,018] {processor.py:642} INFO - Processing file /home/data-eginner/Documents/Soccer_Data/env/lib/python3.8/site-packages/airflow/example_dags/example_bash_operator.py for tasks to queue
[2022-01-28 21:16:17,019] {logging_mixin.py:109} INFO - [2022-01-28 21:16:17,019] {dagbag.py:500} INFO - Filling up the DagBag from /home/data-eginner/Documents/Soccer_Data/env/lib/python3.8/site-packages/airflow/example_dags/example_bash_operator.py
[2022-01-28 21:16:17,081] {processor.py:654} INFO - DAG(s) dict_keys(['example_bash_operator']) retrieved from /home/data-eginner/Documents/Soccer_Data/env/lib/python3.8/site-packages/airflow/example_dags/example_bash_operator.py
[2022-01-28 21:16:17,092] {logging_mixin.py:109} INFO - [2022-01-28 21:16:17,092] {dag.py:2396} INFO - Sync 1 DAGs
[2022-01-28 21:16:17,143] {logging_mixin.py:109} INFO - [2022-01-28 21:16:17,138] {dag.py:2935} INFO - Setting next_dagrun for example_bash_operator to 2022-01-28 00:00:00+00:00
[2022-01-28 21:16:17,176] {processor.py:171} INFO - Processing /home/data-eginner/Documents/Soccer_Data/env/lib/python3.8/site-packages/airflow/example_dags/example_bash_operator.py took 0.183 seconds
[2022-01-28 21:17:30,404] {processor.py:163} INFO - Started process (PID=21742) to work on /home/data-eginner/Documents/Soccer_Data/env/lib/python3.8/site-packages/airflow/example_dags/example_bash_operator.py
[2022-01-28 21:17:30,415] {processor.py:642} INFO - Processing file /home/data-eginner/Documents/Soccer_Data/env/lib/python3.8/site-packages/airflow/example_dags/example_bash_operator.py for tasks to queue
[2022-01-28 21:17:30,416] {logging_mixin.py:109} INFO - [2022-01-28 21:17:30,416] {dagbag.py:500} INFO - Filling up the DagBag from /home/data-eginner/Documents/Soccer_Data/env/lib/python3.8/site-packages/airflow/example_dags/example_bash_operator.py
[2022-01-28 21:17:30,569] {processor.py:654} INFO - DAG(s) dict_keys(['example_bash_operator']) retrieved from /home/data-eginner/Documents/Soccer_Data/env/lib/python3.8/site-packages/airflow/example_dags/example_bash_operator.py
[2022-01-28 21:17:30,674] {logging_mixin.py:109} INFO - [2022-01-28 21:17:30,674] {dag.py:2396} INFO - Sync 1 DAGs
[2022-01-28 21:17:30,799] {logging_mixin.py:109} INFO - [2022-01-28 21:17:30,799] {dag.py:2935} INFO - Setting next_dagrun for example_bash_operator to 2022-01-28 00:00:00+00:00
[2022-01-28 21:17:30,869] {processor.py:171} INFO - Processing /home/data-eginner/Documents/Soccer_Data/env/lib/python3.8/site-packages/airflow/example_dags/example_bash_operator.py took 0.513 seconds
[2022-01-28 21:18:48,296] {processor.py:163} INFO - Started process (PID=21971) to work on /home/data-eginner/Documents/Soccer_Data/env/lib/python3.8/site-packages/airflow/example_dags/example_bash_operator.py
[2022-01-28 21:18:48,298] {processor.py:642} INFO - Processing file /home/data-eginner/Documents/Soccer_Data/env/lib/python3.8/site-packages/airflow/example_dags/example_bash_operator.py for tasks to queue
[2022-01-28 21:18:48,299] {logging_mixin.py:109} INFO - [2022-01-28 21:18:48,299] {dagbag.py:500} INFO - Filling up the DagBag from /home/data-eginner/Documents/Soccer_Data/env/lib/python3.8/site-packages/airflow/example_dags/example_bash_operator.py
[2022-01-28 21:18:48,351] {processor.py:654} INFO - DAG(s) dict_keys(['example_bash_operator']) retrieved from /home/data-eginner/Documents/Soccer_Data/env/lib/python3.8/site-packages/airflow/example_dags/example_bash_operator.py
[2022-01-28 21:18:48,379] {logging_mixin.py:109} INFO - [2022-01-28 21:18:48,378] {dag.py:2396} INFO - Sync 1 DAGs
[2022-01-28 21:18:48,413] {logging_mixin.py:109} INFO - [2022-01-28 21:18:48,413] {dag.py:2935} INFO - Setting next_dagrun for example_bash_operator to 2022-01-28 00:00:00+00:00
[2022-01-28 21:18:48,443] {processor.py:171} INFO - Processing /home/data-eginner/Documents/Soccer_Data/env/lib/python3.8/site-packages/airflow/example_dags/example_bash_operator.py took 0.169 seconds
[2022-01-28 21:19:41,708] {processor.py:163} INFO - Started process (PID=22131) to work on /home/data-eginner/Documents/Soccer_Data/env/lib/python3.8/site-packages/airflow/example_dags/example_bash_operator.py
[2022-01-28 21:19:41,728] {processor.py:642} INFO - Processing file /home/data-eginner/Documents/Soccer_Data/env/lib/python3.8/site-packages/airflow/example_dags/example_bash_operator.py for tasks to queue
[2022-01-28 21:19:41,729] {logging_mixin.py:109} INFO - [2022-01-28 21:19:41,728] {dagbag.py:500} INFO - Filling up the DagBag from /home/data-eginner/Documents/Soccer_Data/env/lib/python3.8/site-packages/airflow/example_dags/example_bash_operator.py
[2022-01-28 21:19:41,872] {processor.py:654} INFO - DAG(s) dict_keys(['example_bash_operator']) retrieved from /home/data-eginner/Documents/Soccer_Data/env/lib/python3.8/site-packages/airflow/example_dags/example_bash_operator.py
[2022-01-28 21:19:41,909] {logging_mixin.py:109} INFO - [2022-01-28 21:19:41,909] {dag.py:2396} INFO - Sync 1 DAGs
[2022-01-28 21:19:41,954] {logging_mixin.py:109} INFO - [2022-01-28 21:19:41,954] {dag.py:2935} INFO - Setting next_dagrun for example_bash_operator to 2022-01-28 00:00:00+00:00
[2022-01-28 21:19:42,002] {processor.py:171} INFO - Processing /home/data-eginner/Documents/Soccer_Data/env/lib/python3.8/site-packages/airflow/example_dags/example_bash_operator.py took 0.299 seconds
[2022-01-28 21:20:46,471] {processor.py:163} INFO - Started process (PID=22371) to work on /home/data-eginner/Documents/Soccer_Data/env/lib/python3.8/site-packages/airflow/example_dags/example_bash_operator.py
[2022-01-28 21:20:46,486] {processor.py:642} INFO - Processing file /home/data-eginner/Documents/Soccer_Data/env/lib/python3.8/site-packages/airflow/example_dags/example_bash_operator.py for tasks to queue
[2022-01-28 21:20:46,487] {logging_mixin.py:109} INFO - [2022-01-28 21:20:46,487] {dagbag.py:500} INFO - Filling up the DagBag from /home/data-eginner/Documents/Soccer_Data/env/lib/python3.8/site-packages/airflow/example_dags/example_bash_operator.py
[2022-01-28 21:20:46,558] {processor.py:654} INFO - DAG(s) dict_keys(['example_bash_operator']) retrieved from /home/data-eginner/Documents/Soccer_Data/env/lib/python3.8/site-packages/airflow/example_dags/example_bash_operator.py
[2022-01-28 21:20:46,581] {logging_mixin.py:109} INFO - [2022-01-28 21:20:46,581] {dag.py:2396} INFO - Sync 1 DAGs
[2022-01-28 21:20:46,613] {logging_mixin.py:109} INFO - [2022-01-28 21:20:46,613] {dag.py:2935} INFO - Setting next_dagrun for example_bash_operator to 2022-01-28 00:00:00+00:00
[2022-01-28 21:20:46,669] {processor.py:171} INFO - Processing /home/data-eginner/Documents/Soccer_Data/env/lib/python3.8/site-packages/airflow/example_dags/example_bash_operator.py took 0.219 seconds
[2022-01-28 21:21:30,888] {processor.py:163} INFO - Started process (PID=22536) to work on /home/data-eginner/Documents/Soccer_Data/env/lib/python3.8/site-packages/airflow/example_dags/example_bash_operator.py
[2022-01-28 21:21:30,894] {processor.py:642} INFO - Processing file /home/data-eginner/Documents/Soccer_Data/env/lib/python3.8/site-packages/airflow/example_dags/example_bash_operator.py for tasks to queue
[2022-01-28 21:21:30,894] {logging_mixin.py:109} INFO - [2022-01-28 21:21:30,894] {dagbag.py:500} INFO - Filling up the DagBag from /home/data-eginner/Documents/Soccer_Data/env/lib/python3.8/site-packages/airflow/example_dags/example_bash_operator.py
[2022-01-28 21:21:30,922] {processor.py:654} INFO - DAG(s) dict_keys(['example_bash_operator']) retrieved from /home/data-eginner/Documents/Soccer_Data/env/lib/python3.8/site-packages/airflow/example_dags/example_bash_operator.py
[2022-01-28 21:21:30,935] {logging_mixin.py:109} INFO - [2022-01-28 21:21:30,935] {dag.py:2396} INFO - Sync 1 DAGs
[2022-01-28 21:21:30,951] {logging_mixin.py:109} INFO - [2022-01-28 21:21:30,951] {dag.py:2935} INFO - Setting next_dagrun for example_bash_operator to 2022-01-28 00:00:00+00:00
[2022-01-28 21:21:30,977] {processor.py:171} INFO - Processing /home/data-eginner/Documents/Soccer_Data/env/lib/python3.8/site-packages/airflow/example_dags/example_bash_operator.py took 0.092 seconds
[2022-01-28 21:22:19,427] {processor.py:163} INFO - Started process (PID=22712) to work on /home/data-eginner/Documents/Soccer_Data/env/lib/python3.8/site-packages/airflow/example_dags/example_bash_operator.py
[2022-01-28 21:22:19,452] {processor.py:642} INFO - Processing file /home/data-eginner/Documents/Soccer_Data/env/lib/python3.8/site-packages/airflow/example_dags/example_bash_operator.py for tasks to queue
[2022-01-28 21:22:19,477] {logging_mixin.py:109} INFO - [2022-01-28 21:22:19,452] {dagbag.py:500} INFO - Filling up the DagBag from /home/data-eginner/Documents/Soccer_Data/env/lib/python3.8/site-packages/airflow/example_dags/example_bash_operator.py
[2022-01-28 21:22:19,527] {processor.py:654} INFO - DAG(s) dict_keys(['example_bash_operator']) retrieved from /home/data-eginner/Documents/Soccer_Data/env/lib/python3.8/site-packages/airflow/example_dags/example_bash_operator.py
[2022-01-28 21:22:19,563] {logging_mixin.py:109} INFO - [2022-01-28 21:22:19,563] {dag.py:2396} INFO - Sync 1 DAGs
[2022-01-28 21:22:19,612] {logging_mixin.py:109} INFO - [2022-01-28 21:22:19,612] {dag.py:2935} INFO - Setting next_dagrun for example_bash_operator to 2022-01-28 00:00:00+00:00
[2022-01-28 21:22:19,651] {processor.py:171} INFO - Processing /home/data-eginner/Documents/Soccer_Data/env/lib/python3.8/site-packages/airflow/example_dags/example_bash_operator.py took 0.227 seconds
[2022-01-28 21:26:38,914] {processor.py:163} INFO - Started process (PID=22963) to work on /home/data-eginner/Documents/Soccer_Data/env/lib/python3.8/site-packages/airflow/example_dags/example_bash_operator.py
[2022-01-28 21:26:38,927] {processor.py:642} INFO - Processing file /home/data-eginner/Documents/Soccer_Data/env/lib/python3.8/site-packages/airflow/example_dags/example_bash_operator.py for tasks to queue
[2022-01-28 21:26:38,928] {logging_mixin.py:109} INFO - [2022-01-28 21:26:38,928] {dagbag.py:500} INFO - Filling up the DagBag from /home/data-eginner/Documents/Soccer_Data/env/lib/python3.8/site-packages/airflow/example_dags/example_bash_operator.py
[2022-01-28 21:26:39,049] {processor.py:654} INFO - DAG(s) dict_keys(['example_bash_operator']) retrieved from /home/data-eginner/Documents/Soccer_Data/env/lib/python3.8/site-packages/airflow/example_dags/example_bash_operator.py
[2022-01-28 21:26:39,080] {logging_mixin.py:109} INFO - [2022-01-28 21:26:39,079] {dag.py:2396} INFO - Sync 1 DAGs
[2022-01-28 21:26:39,091] {logging_mixin.py:109} INFO - [2022-01-28 21:26:39,091] {dag.py:2935} INFO - Setting next_dagrun for example_bash_operator to 2022-01-28 00:00:00+00:00
[2022-01-28 21:26:39,179] {processor.py:171} INFO - Processing /home/data-eginner/Documents/Soccer_Data/env/lib/python3.8/site-packages/airflow/example_dags/example_bash_operator.py took 0.268 seconds
[2022-01-28 21:27:41,954] {processor.py:163} INFO - Started process (PID=23217) to work on /home/data-eginner/Documents/Soccer_Data/env/lib/python3.8/site-packages/airflow/example_dags/example_bash_operator.py
[2022-01-28 21:27:41,956] {processor.py:642} INFO - Processing file /home/data-eginner/Documents/Soccer_Data/env/lib/python3.8/site-packages/airflow/example_dags/example_bash_operator.py for tasks to queue
[2022-01-28 21:27:41,960] {logging_mixin.py:109} INFO - [2022-01-28 21:27:41,960] {dagbag.py:500} INFO - Filling up the DagBag from /home/data-eginner/Documents/Soccer_Data/env/lib/python3.8/site-packages/airflow/example_dags/example_bash_operator.py
[2022-01-28 21:27:41,985] {processor.py:654} INFO - DAG(s) dict_keys(['example_bash_operator']) retrieved from /home/data-eginner/Documents/Soccer_Data/env/lib/python3.8/site-packages/airflow/example_dags/example_bash_operator.py
[2022-01-28 21:27:42,004] {logging_mixin.py:109} INFO - [2022-01-28 21:27:42,004] {dag.py:2396} INFO - Sync 1 DAGs
[2022-01-28 21:27:42,018] {logging_mixin.py:109} INFO - [2022-01-28 21:27:42,018] {dag.py:2935} INFO - Setting next_dagrun for example_bash_operator to 2022-01-28 00:00:00+00:00
[2022-01-28 21:27:42,038] {processor.py:171} INFO - Processing /home/data-eginner/Documents/Soccer_Data/env/lib/python3.8/site-packages/airflow/example_dags/example_bash_operator.py took 0.087 seconds
[2022-01-28 21:29:11,018] {processor.py:163} INFO - Started process (PID=23507) to work on /home/data-eginner/Documents/Soccer_Data/env/lib/python3.8/site-packages/airflow/example_dags/example_bash_operator.py
[2022-01-28 21:29:11,035] {processor.py:642} INFO - Processing file /home/data-eginner/Documents/Soccer_Data/env/lib/python3.8/site-packages/airflow/example_dags/example_bash_operator.py for tasks to queue
[2022-01-28 21:29:11,036] {logging_mixin.py:109} INFO - [2022-01-28 21:29:11,036] {dagbag.py:500} INFO - Filling up the DagBag from /home/data-eginner/Documents/Soccer_Data/env/lib/python3.8/site-packages/airflow/example_dags/example_bash_operator.py
[2022-01-28 21:29:11,156] {processor.py:654} INFO - DAG(s) dict_keys(['example_bash_operator']) retrieved from /home/data-eginner/Documents/Soccer_Data/env/lib/python3.8/site-packages/airflow/example_dags/example_bash_operator.py
[2022-01-28 21:29:11,199] {logging_mixin.py:109} INFO - [2022-01-28 21:29:11,198] {dag.py:2396} INFO - Sync 1 DAGs
[2022-01-28 21:29:11,291] {logging_mixin.py:109} INFO - [2022-01-28 21:29:11,291] {dag.py:2935} INFO - Setting next_dagrun for example_bash_operator to 2022-01-28 00:00:00+00:00
[2022-01-28 21:29:11,330] {processor.py:171} INFO - Processing /home/data-eginner/Documents/Soccer_Data/env/lib/python3.8/site-packages/airflow/example_dags/example_bash_operator.py took 0.342 seconds
[2022-01-28 21:30:06,644] {processor.py:163} INFO - Started process (PID=23696) to work on /home/data-eginner/Documents/Soccer_Data/env/lib/python3.8/site-packages/airflow/example_dags/example_bash_operator.py
[2022-01-28 21:30:06,651] {processor.py:642} INFO - Processing file /home/data-eginner/Documents/Soccer_Data/env/lib/python3.8/site-packages/airflow/example_dags/example_bash_operator.py for tasks to queue
[2022-01-28 21:30:06,652] {logging_mixin.py:109} INFO - [2022-01-28 21:30:06,652] {dagbag.py:500} INFO - Filling up the DagBag from /home/data-eginner/Documents/Soccer_Data/env/lib/python3.8/site-packages/airflow/example_dags/example_bash_operator.py
[2022-01-28 21:30:06,851] {processor.py:654} INFO - DAG(s) dict_keys(['example_bash_operator']) retrieved from /home/data-eginner/Documents/Soccer_Data/env/lib/python3.8/site-packages/airflow/example_dags/example_bash_operator.py
[2022-01-28 21:30:06,937] {logging_mixin.py:109} INFO - [2022-01-28 21:30:06,936] {dag.py:2396} INFO - Sync 1 DAGs
[2022-01-28 21:30:07,034] {logging_mixin.py:109} INFO - [2022-01-28 21:30:07,034] {dag.py:2935} INFO - Setting next_dagrun for example_bash_operator to 2022-01-28 00:00:00+00:00
[2022-01-28 21:30:07,078] {processor.py:171} INFO - Processing /home/data-eginner/Documents/Soccer_Data/env/lib/python3.8/site-packages/airflow/example_dags/example_bash_operator.py took 0.441 seconds
[2022-01-28 21:31:00,788] {processor.py:163} INFO - Started process (PID=23887) to work on /home/data-eginner/Documents/Soccer_Data/env/lib/python3.8/site-packages/airflow/example_dags/example_bash_operator.py
[2022-01-28 21:31:00,815] {processor.py:642} INFO - Processing file /home/data-eginner/Documents/Soccer_Data/env/lib/python3.8/site-packages/airflow/example_dags/example_bash_operator.py for tasks to queue
[2022-01-28 21:31:00,816] {logging_mixin.py:109} INFO - [2022-01-28 21:31:00,816] {dagbag.py:500} INFO - Filling up the DagBag from /home/data-eginner/Documents/Soccer_Data/env/lib/python3.8/site-packages/airflow/example_dags/example_bash_operator.py
[2022-01-28 21:31:00,880] {processor.py:654} INFO - DAG(s) dict_keys(['example_bash_operator']) retrieved from /home/data-eginner/Documents/Soccer_Data/env/lib/python3.8/site-packages/airflow/example_dags/example_bash_operator.py
[2022-01-28 21:31:00,928] {logging_mixin.py:109} INFO - [2022-01-28 21:31:00,928] {dag.py:2396} INFO - Sync 1 DAGs
[2022-01-28 21:31:01,071] {logging_mixin.py:109} INFO - [2022-01-28 21:31:01,058] {dag.py:2935} INFO - Setting next_dagrun for example_bash_operator to 2022-01-28 00:00:00+00:00
[2022-01-28 21:31:01,131] {processor.py:171} INFO - Processing /home/data-eginner/Documents/Soccer_Data/env/lib/python3.8/site-packages/airflow/example_dags/example_bash_operator.py took 0.346 seconds
[2022-01-28 21:32:17,708] {processor.py:163} INFO - Started process (PID=24159) to work on /home/data-eginner/Documents/Soccer_Data/env/lib/python3.8/site-packages/airflow/example_dags/example_bash_operator.py
[2022-01-28 21:32:17,710] {processor.py:642} INFO - Processing file /home/data-eginner/Documents/Soccer_Data/env/lib/python3.8/site-packages/airflow/example_dags/example_bash_operator.py for tasks to queue
[2022-01-28 21:32:17,711] {logging_mixin.py:109} INFO - [2022-01-28 21:32:17,711] {dagbag.py:500} INFO - Filling up the DagBag from /home/data-eginner/Documents/Soccer_Data/env/lib/python3.8/site-packages/airflow/example_dags/example_bash_operator.py
[2022-01-28 21:32:17,747] {processor.py:654} INFO - DAG(s) dict_keys(['example_bash_operator']) retrieved from /home/data-eginner/Documents/Soccer_Data/env/lib/python3.8/site-packages/airflow/example_dags/example_bash_operator.py
[2022-01-28 21:32:17,760] {logging_mixin.py:109} INFO - [2022-01-28 21:32:17,760] {dag.py:2396} INFO - Sync 1 DAGs
[2022-01-28 21:32:17,793] {logging_mixin.py:109} INFO - [2022-01-28 21:32:17,793] {dag.py:2935} INFO - Setting next_dagrun for example_bash_operator to 2022-01-28 00:00:00+00:00
[2022-01-28 21:32:17,813] {processor.py:171} INFO - Processing /home/data-eginner/Documents/Soccer_Data/env/lib/python3.8/site-packages/airflow/example_dags/example_bash_operator.py took 0.107 seconds
[2022-01-28 21:33:03,767] {processor.py:163} INFO - Started process (PID=24334) to work on /home/data-eginner/Documents/Soccer_Data/env/lib/python3.8/site-packages/airflow/example_dags/example_bash_operator.py
[2022-01-28 21:33:03,771] {processor.py:642} INFO - Processing file /home/data-eginner/Documents/Soccer_Data/env/lib/python3.8/site-packages/airflow/example_dags/example_bash_operator.py for tasks to queue
[2022-01-28 21:33:03,771] {logging_mixin.py:109} INFO - [2022-01-28 21:33:03,771] {dagbag.py:500} INFO - Filling up the DagBag from /home/data-eginner/Documents/Soccer_Data/env/lib/python3.8/site-packages/airflow/example_dags/example_bash_operator.py
[2022-01-28 21:33:03,814] {processor.py:654} INFO - DAG(s) dict_keys(['example_bash_operator']) retrieved from /home/data-eginner/Documents/Soccer_Data/env/lib/python3.8/site-packages/airflow/example_dags/example_bash_operator.py
[2022-01-28 21:33:03,829] {logging_mixin.py:109} INFO - [2022-01-28 21:33:03,829] {dag.py:2396} INFO - Sync 1 DAGs
[2022-01-28 21:33:03,842] {logging_mixin.py:109} INFO - [2022-01-28 21:33:03,841] {dag.py:2935} INFO - Setting next_dagrun for example_bash_operator to 2022-01-28 00:00:00+00:00
[2022-01-28 21:33:03,860] {processor.py:171} INFO - Processing /home/data-eginner/Documents/Soccer_Data/env/lib/python3.8/site-packages/airflow/example_dags/example_bash_operator.py took 0.099 seconds
[2022-01-28 21:33:44,627] {processor.py:163} INFO - Started process (PID=24497) to work on /home/data-eginner/Documents/Soccer_Data/env/lib/python3.8/site-packages/airflow/example_dags/example_bash_operator.py
[2022-01-28 21:33:44,649] {processor.py:642} INFO - Processing file /home/data-eginner/Documents/Soccer_Data/env/lib/python3.8/site-packages/airflow/example_dags/example_bash_operator.py for tasks to queue
[2022-01-28 21:33:44,650] {logging_mixin.py:109} INFO - [2022-01-28 21:33:44,650] {dagbag.py:500} INFO - Filling up the DagBag from /home/data-eginner/Documents/Soccer_Data/env/lib/python3.8/site-packages/airflow/example_dags/example_bash_operator.py
[2022-01-28 21:33:44,677] {processor.py:654} INFO - DAG(s) dict_keys(['example_bash_operator']) retrieved from /home/data-eginner/Documents/Soccer_Data/env/lib/python3.8/site-packages/airflow/example_dags/example_bash_operator.py
[2022-01-28 21:33:44,692] {logging_mixin.py:109} INFO - [2022-01-28 21:33:44,692] {dag.py:2396} INFO - Sync 1 DAGs
[2022-01-28 21:33:44,713] {logging_mixin.py:109} INFO - [2022-01-28 21:33:44,713] {dag.py:2935} INFO - Setting next_dagrun for example_bash_operator to 2022-01-28 00:00:00+00:00
[2022-01-28 21:33:44,739] {processor.py:171} INFO - Processing /home/data-eginner/Documents/Soccer_Data/env/lib/python3.8/site-packages/airflow/example_dags/example_bash_operator.py took 0.115 seconds
[2022-01-28 21:34:29,003] {processor.py:163} INFO - Started process (PID=24663) to work on /home/data-eginner/Documents/Soccer_Data/env/lib/python3.8/site-packages/airflow/example_dags/example_bash_operator.py
[2022-01-28 21:34:29,012] {processor.py:642} INFO - Processing file /home/data-eginner/Documents/Soccer_Data/env/lib/python3.8/site-packages/airflow/example_dags/example_bash_operator.py for tasks to queue
[2022-01-28 21:34:29,013] {logging_mixin.py:109} INFO - [2022-01-28 21:34:29,013] {dagbag.py:500} INFO - Filling up the DagBag from /home/data-eginner/Documents/Soccer_Data/env/lib/python3.8/site-packages/airflow/example_dags/example_bash_operator.py
[2022-01-28 21:34:29,046] {processor.py:654} INFO - DAG(s) dict_keys(['example_bash_operator']) retrieved from /home/data-eginner/Documents/Soccer_Data/env/lib/python3.8/site-packages/airflow/example_dags/example_bash_operator.py
[2022-01-28 21:34:29,058] {logging_mixin.py:109} INFO - [2022-01-28 21:34:29,058] {dag.py:2396} INFO - Sync 1 DAGs
[2022-01-28 21:34:29,073] {logging_mixin.py:109} INFO - [2022-01-28 21:34:29,073] {dag.py:2935} INFO - Setting next_dagrun for example_bash_operator to 2022-01-28 00:00:00+00:00
[2022-01-28 21:34:29,100] {processor.py:171} INFO - Processing /home/data-eginner/Documents/Soccer_Data/env/lib/python3.8/site-packages/airflow/example_dags/example_bash_operator.py took 0.099 seconds
[2022-01-28 21:56:23,958] {processor.py:163} INFO - Started process (PID=25089) to work on /home/data-eginner/Documents/Soccer_Data/env/lib/python3.8/site-packages/airflow/example_dags/example_bash_operator.py
[2022-01-28 21:56:23,972] {processor.py:642} INFO - Processing file /home/data-eginner/Documents/Soccer_Data/env/lib/python3.8/site-packages/airflow/example_dags/example_bash_operator.py for tasks to queue
[2022-01-28 21:56:23,973] {logging_mixin.py:109} INFO - [2022-01-28 21:56:23,973] {dagbag.py:500} INFO - Filling up the DagBag from /home/data-eginner/Documents/Soccer_Data/env/lib/python3.8/site-packages/airflow/example_dags/example_bash_operator.py
[2022-01-28 21:56:24,042] {processor.py:654} INFO - DAG(s) dict_keys(['example_bash_operator']) retrieved from /home/data-eginner/Documents/Soccer_Data/env/lib/python3.8/site-packages/airflow/example_dags/example_bash_operator.py
[2022-01-28 21:56:24,080] {logging_mixin.py:109} INFO - [2022-01-28 21:56:24,080] {dag.py:2396} INFO - Sync 1 DAGs
[2022-01-28 21:56:24,112] {logging_mixin.py:109} INFO - [2022-01-28 21:56:24,112] {dag.py:2935} INFO - Setting next_dagrun for example_bash_operator to 2022-01-28 00:00:00+00:00
[2022-01-28 21:56:24,138] {processor.py:171} INFO - Processing /home/data-eginner/Documents/Soccer_Data/env/lib/python3.8/site-packages/airflow/example_dags/example_bash_operator.py took 0.183 seconds
[2022-01-28 21:57:17,505] {processor.py:163} INFO - Started process (PID=25282) to work on /home/data-eginner/Documents/Soccer_Data/env/lib/python3.8/site-packages/airflow/example_dags/example_bash_operator.py
[2022-01-28 21:57:17,507] {processor.py:642} INFO - Processing file /home/data-eginner/Documents/Soccer_Data/env/lib/python3.8/site-packages/airflow/example_dags/example_bash_operator.py for tasks to queue
[2022-01-28 21:57:17,507] {logging_mixin.py:109} INFO - [2022-01-28 21:57:17,507] {dagbag.py:500} INFO - Filling up the DagBag from /home/data-eginner/Documents/Soccer_Data/env/lib/python3.8/site-packages/airflow/example_dags/example_bash_operator.py
[2022-01-28 21:57:17,537] {processor.py:654} INFO - DAG(s) dict_keys(['example_bash_operator']) retrieved from /home/data-eginner/Documents/Soccer_Data/env/lib/python3.8/site-packages/airflow/example_dags/example_bash_operator.py
[2022-01-28 21:57:17,546] {logging_mixin.py:109} INFO - [2022-01-28 21:57:17,546] {dag.py:2396} INFO - Sync 1 DAGs
[2022-01-28 21:57:17,560] {logging_mixin.py:109} INFO - [2022-01-28 21:57:17,560] {dag.py:2935} INFO - Setting next_dagrun for example_bash_operator to 2022-01-28 00:00:00+00:00
[2022-01-28 21:57:17,577] {processor.py:171} INFO - Processing /home/data-eginner/Documents/Soccer_Data/env/lib/python3.8/site-packages/airflow/example_dags/example_bash_operator.py took 0.075 seconds
[2022-01-28 21:57:58,343] {processor.py:163} INFO - Started process (PID=25445) to work on /home/data-eginner/Documents/Soccer_Data/env/lib/python3.8/site-packages/airflow/example_dags/example_bash_operator.py
[2022-01-28 21:57:58,347] {processor.py:642} INFO - Processing file /home/data-eginner/Documents/Soccer_Data/env/lib/python3.8/site-packages/airflow/example_dags/example_bash_operator.py for tasks to queue
[2022-01-28 21:57:58,348] {logging_mixin.py:109} INFO - [2022-01-28 21:57:58,348] {dagbag.py:500} INFO - Filling up the DagBag from /home/data-eginner/Documents/Soccer_Data/env/lib/python3.8/site-packages/airflow/example_dags/example_bash_operator.py
[2022-01-28 21:57:58,424] {processor.py:654} INFO - DAG(s) dict_keys(['example_bash_operator']) retrieved from /home/data-eginner/Documents/Soccer_Data/env/lib/python3.8/site-packages/airflow/example_dags/example_bash_operator.py
[2022-01-28 21:57:58,473] {logging_mixin.py:109} INFO - [2022-01-28 21:57:58,473] {dag.py:2396} INFO - Sync 1 DAGs
[2022-01-28 21:57:58,510] {logging_mixin.py:109} INFO - [2022-01-28 21:57:58,510] {dag.py:2935} INFO - Setting next_dagrun for example_bash_operator to 2022-01-28 00:00:00+00:00
[2022-01-28 21:57:58,553] {processor.py:171} INFO - Processing /home/data-eginner/Documents/Soccer_Data/env/lib/python3.8/site-packages/airflow/example_dags/example_bash_operator.py took 0.225 seconds
[2022-01-28 21:58:38,557] {processor.py:163} INFO - Started process (PID=25605) to work on /home/data-eginner/Documents/Soccer_Data/env/lib/python3.8/site-packages/airflow/example_dags/example_bash_operator.py
[2022-01-28 21:58:38,559] {processor.py:642} INFO - Processing file /home/data-eginner/Documents/Soccer_Data/env/lib/python3.8/site-packages/airflow/example_dags/example_bash_operator.py for tasks to queue
[2022-01-28 21:58:38,560] {logging_mixin.py:109} INFO - [2022-01-28 21:58:38,560] {dagbag.py:500} INFO - Filling up the DagBag from /home/data-eginner/Documents/Soccer_Data/env/lib/python3.8/site-packages/airflow/example_dags/example_bash_operator.py
[2022-01-28 21:58:38,585] {processor.py:654} INFO - DAG(s) dict_keys(['example_bash_operator']) retrieved from /home/data-eginner/Documents/Soccer_Data/env/lib/python3.8/site-packages/airflow/example_dags/example_bash_operator.py
[2022-01-28 21:58:38,595] {logging_mixin.py:109} INFO - [2022-01-28 21:58:38,595] {dag.py:2396} INFO - Sync 1 DAGs
[2022-01-28 21:58:38,607] {logging_mixin.py:109} INFO - [2022-01-28 21:58:38,607] {dag.py:2935} INFO - Setting next_dagrun for example_bash_operator to 2022-01-28 00:00:00+00:00
[2022-01-28 21:58:38,625] {processor.py:171} INFO - Processing /home/data-eginner/Documents/Soccer_Data/env/lib/python3.8/site-packages/airflow/example_dags/example_bash_operator.py took 0.070 seconds
[2022-01-28 21:59:28,542] {processor.py:163} INFO - Started process (PID=25794) to work on /home/data-eginner/Documents/Soccer_Data/env/lib/python3.8/site-packages/airflow/example_dags/example_bash_operator.py
[2022-01-28 21:59:28,545] {processor.py:642} INFO - Processing file /home/data-eginner/Documents/Soccer_Data/env/lib/python3.8/site-packages/airflow/example_dags/example_bash_operator.py for tasks to queue
[2022-01-28 21:59:28,546] {logging_mixin.py:109} INFO - [2022-01-28 21:59:28,546] {dagbag.py:500} INFO - Filling up the DagBag from /home/data-eginner/Documents/Soccer_Data/env/lib/python3.8/site-packages/airflow/example_dags/example_bash_operator.py
[2022-01-28 21:59:28,574] {processor.py:654} INFO - DAG(s) dict_keys(['example_bash_operator']) retrieved from /home/data-eginner/Documents/Soccer_Data/env/lib/python3.8/site-packages/airflow/example_dags/example_bash_operator.py
[2022-01-28 21:59:28,592] {logging_mixin.py:109} INFO - [2022-01-28 21:59:28,592] {dag.py:2396} INFO - Sync 1 DAGs
[2022-01-28 21:59:28,617] {logging_mixin.py:109} INFO - [2022-01-28 21:59:28,617] {dag.py:2935} INFO - Setting next_dagrun for example_bash_operator to 2022-01-28 00:00:00+00:00
[2022-01-28 21:59:28,644] {processor.py:171} INFO - Processing /home/data-eginner/Documents/Soccer_Data/env/lib/python3.8/site-packages/airflow/example_dags/example_bash_operator.py took 0.106 seconds
[2022-01-28 22:00:14,864] {processor.py:163} INFO - Started process (PID=25974) to work on /home/data-eginner/Documents/Soccer_Data/env/lib/python3.8/site-packages/airflow/example_dags/example_bash_operator.py
[2022-01-28 22:00:14,866] {processor.py:642} INFO - Processing file /home/data-eginner/Documents/Soccer_Data/env/lib/python3.8/site-packages/airflow/example_dags/example_bash_operator.py for tasks to queue
[2022-01-28 22:00:14,867] {logging_mixin.py:109} INFO - [2022-01-28 22:00:14,867] {dagbag.py:500} INFO - Filling up the DagBag from /home/data-eginner/Documents/Soccer_Data/env/lib/python3.8/site-packages/airflow/example_dags/example_bash_operator.py
[2022-01-28 22:00:14,892] {processor.py:654} INFO - DAG(s) dict_keys(['example_bash_operator']) retrieved from /home/data-eginner/Documents/Soccer_Data/env/lib/python3.8/site-packages/airflow/example_dags/example_bash_operator.py
[2022-01-28 22:00:14,901] {logging_mixin.py:109} INFO - [2022-01-28 22:00:14,901] {dag.py:2396} INFO - Sync 1 DAGs
[2022-01-28 22:00:14,917] {logging_mixin.py:109} INFO - [2022-01-28 22:00:14,917] {dag.py:2935} INFO - Setting next_dagrun for example_bash_operator to 2022-01-28 00:00:00+00:00
[2022-01-28 22:00:14,933] {processor.py:171} INFO - Processing /home/data-eginner/Documents/Soccer_Data/env/lib/python3.8/site-packages/airflow/example_dags/example_bash_operator.py took 0.073 seconds
[2022-01-28 22:00:52,227] {processor.py:163} INFO - Started process (PID=26133) to work on /home/data-eginner/Documents/Soccer_Data/env/lib/python3.8/site-packages/airflow/example_dags/example_bash_operator.py
[2022-01-28 22:00:52,229] {processor.py:642} INFO - Processing file /home/data-eginner/Documents/Soccer_Data/env/lib/python3.8/site-packages/airflow/example_dags/example_bash_operator.py for tasks to queue
[2022-01-28 22:00:52,229] {logging_mixin.py:109} INFO - [2022-01-28 22:00:52,229] {dagbag.py:500} INFO - Filling up the DagBag from /home/data-eginner/Documents/Soccer_Data/env/lib/python3.8/site-packages/airflow/example_dags/example_bash_operator.py
[2022-01-28 22:00:52,288] {processor.py:654} INFO - DAG(s) dict_keys(['example_bash_operator']) retrieved from /home/data-eginner/Documents/Soccer_Data/env/lib/python3.8/site-packages/airflow/example_dags/example_bash_operator.py
[2022-01-28 22:00:52,297] {logging_mixin.py:109} INFO - [2022-01-28 22:00:52,297] {dag.py:2396} INFO - Sync 1 DAGs
[2022-01-28 22:00:52,309] {logging_mixin.py:109} INFO - [2022-01-28 22:00:52,309] {dag.py:2935} INFO - Setting next_dagrun for example_bash_operator to 2022-01-28 00:00:00+00:00
[2022-01-28 22:00:52,396] {processor.py:171} INFO - Processing /home/data-eginner/Documents/Soccer_Data/env/lib/python3.8/site-packages/airflow/example_dags/example_bash_operator.py took 0.259 seconds
[2022-01-28 22:01:33,952] {processor.py:163} INFO - Started process (PID=26296) to work on /home/data-eginner/Documents/Soccer_Data/env/lib/python3.8/site-packages/airflow/example_dags/example_bash_operator.py
[2022-01-28 22:01:33,965] {processor.py:642} INFO - Processing file /home/data-eginner/Documents/Soccer_Data/env/lib/python3.8/site-packages/airflow/example_dags/example_bash_operator.py for tasks to queue
[2022-01-28 22:01:33,966] {logging_mixin.py:109} INFO - [2022-01-28 22:01:33,966] {dagbag.py:500} INFO - Filling up the DagBag from /home/data-eginner/Documents/Soccer_Data/env/lib/python3.8/site-packages/airflow/example_dags/example_bash_operator.py
[2022-01-28 22:01:34,007] {processor.py:654} INFO - DAG(s) dict_keys(['example_bash_operator']) retrieved from /home/data-eginner/Documents/Soccer_Data/env/lib/python3.8/site-packages/airflow/example_dags/example_bash_operator.py
[2022-01-28 22:01:34,016] {logging_mixin.py:109} INFO - [2022-01-28 22:01:34,016] {dag.py:2396} INFO - Sync 1 DAGs
[2022-01-28 22:01:34,042] {logging_mixin.py:109} INFO - [2022-01-28 22:01:34,042] {dag.py:2935} INFO - Setting next_dagrun for example_bash_operator to 2022-01-28 00:00:00+00:00
[2022-01-28 22:01:34,074] {processor.py:171} INFO - Processing /home/data-eginner/Documents/Soccer_Data/env/lib/python3.8/site-packages/airflow/example_dags/example_bash_operator.py took 0.147 seconds
[2022-01-28 22:04:30,067] {processor.py:163} INFO - Started process (PID=26611) to work on /home/data-eginner/Documents/Soccer_Data/env/lib/python3.8/site-packages/airflow/example_dags/example_bash_operator.py
[2022-01-28 22:04:30,070] {processor.py:642} INFO - Processing file /home/data-eginner/Documents/Soccer_Data/env/lib/python3.8/site-packages/airflow/example_dags/example_bash_operator.py for tasks to queue
[2022-01-28 22:04:30,070] {logging_mixin.py:109} INFO - [2022-01-28 22:04:30,070] {dagbag.py:500} INFO - Filling up the DagBag from /home/data-eginner/Documents/Soccer_Data/env/lib/python3.8/site-packages/airflow/example_dags/example_bash_operator.py
[2022-01-28 22:04:30,119] {processor.py:654} INFO - DAG(s) dict_keys(['example_bash_operator']) retrieved from /home/data-eginner/Documents/Soccer_Data/env/lib/python3.8/site-packages/airflow/example_dags/example_bash_operator.py
[2022-01-28 22:04:30,136] {logging_mixin.py:109} INFO - [2022-01-28 22:04:30,136] {dag.py:2396} INFO - Sync 1 DAGs
[2022-01-28 22:04:30,163] {logging_mixin.py:109} INFO - [2022-01-28 22:04:30,163] {dag.py:2935} INFO - Setting next_dagrun for example_bash_operator to 2022-01-28 00:00:00+00:00
[2022-01-28 22:04:30,239] {processor.py:171} INFO - Processing /home/data-eginner/Documents/Soccer_Data/env/lib/python3.8/site-packages/airflow/example_dags/example_bash_operator.py took 0.183 seconds
[2022-01-28 22:05:13,235] {processor.py:163} INFO - Started process (PID=26781) to work on /home/data-eginner/Documents/Soccer_Data/env/lib/python3.8/site-packages/airflow/example_dags/example_bash_operator.py
[2022-01-28 22:05:13,237] {processor.py:642} INFO - Processing file /home/data-eginner/Documents/Soccer_Data/env/lib/python3.8/site-packages/airflow/example_dags/example_bash_operator.py for tasks to queue
[2022-01-28 22:05:13,238] {logging_mixin.py:109} INFO - [2022-01-28 22:05:13,238] {dagbag.py:500} INFO - Filling up the DagBag from /home/data-eginner/Documents/Soccer_Data/env/lib/python3.8/site-packages/airflow/example_dags/example_bash_operator.py
[2022-01-28 22:05:13,260] {processor.py:654} INFO - DAG(s) dict_keys(['example_bash_operator']) retrieved from /home/data-eginner/Documents/Soccer_Data/env/lib/python3.8/site-packages/airflow/example_dags/example_bash_operator.py
[2022-01-28 22:05:13,270] {logging_mixin.py:109} INFO - [2022-01-28 22:05:13,270] {dag.py:2396} INFO - Sync 1 DAGs
[2022-01-28 22:05:13,284] {logging_mixin.py:109} INFO - [2022-01-28 22:05:13,284] {dag.py:2935} INFO - Setting next_dagrun for example_bash_operator to 2022-01-28 00:00:00+00:00
[2022-01-28 22:05:13,299] {processor.py:171} INFO - Processing /home/data-eginner/Documents/Soccer_Data/env/lib/python3.8/site-packages/airflow/example_dags/example_bash_operator.py took 0.067 seconds
[2022-01-28 22:06:04,704] {processor.py:163} INFO - Started process (PID=26977) to work on /home/data-eginner/Documents/Soccer_Data/env/lib/python3.8/site-packages/airflow/example_dags/example_bash_operator.py
[2022-01-28 22:06:04,706] {processor.py:642} INFO - Processing file /home/data-eginner/Documents/Soccer_Data/env/lib/python3.8/site-packages/airflow/example_dags/example_bash_operator.py for tasks to queue
[2022-01-28 22:06:04,707] {logging_mixin.py:109} INFO - [2022-01-28 22:06:04,707] {dagbag.py:500} INFO - Filling up the DagBag from /home/data-eginner/Documents/Soccer_Data/env/lib/python3.8/site-packages/airflow/example_dags/example_bash_operator.py
[2022-01-28 22:06:04,745] {processor.py:654} INFO - DAG(s) dict_keys(['example_bash_operator']) retrieved from /home/data-eginner/Documents/Soccer_Data/env/lib/python3.8/site-packages/airflow/example_dags/example_bash_operator.py
[2022-01-28 22:06:04,766] {logging_mixin.py:109} INFO - [2022-01-28 22:06:04,766] {dag.py:2396} INFO - Sync 1 DAGs
[2022-01-28 22:06:04,789] {logging_mixin.py:109} INFO - [2022-01-28 22:06:04,789] {dag.py:2935} INFO - Setting next_dagrun for example_bash_operator to 2022-01-28 00:00:00+00:00
[2022-01-28 22:06:04,832] {processor.py:171} INFO - Processing /home/data-eginner/Documents/Soccer_Data/env/lib/python3.8/site-packages/airflow/example_dags/example_bash_operator.py took 0.158 seconds
[2022-01-28 22:06:40,767] {processor.py:163} INFO - Started process (PID=27129) to work on /home/data-eginner/Documents/Soccer_Data/env/lib/python3.8/site-packages/airflow/example_dags/example_bash_operator.py
[2022-01-28 22:06:40,771] {processor.py:642} INFO - Processing file /home/data-eginner/Documents/Soccer_Data/env/lib/python3.8/site-packages/airflow/example_dags/example_bash_operator.py for tasks to queue
[2022-01-28 22:06:40,772] {logging_mixin.py:109} INFO - [2022-01-28 22:06:40,772] {dagbag.py:500} INFO - Filling up the DagBag from /home/data-eginner/Documents/Soccer_Data/env/lib/python3.8/site-packages/airflow/example_dags/example_bash_operator.py
[2022-01-28 22:06:40,811] {processor.py:654} INFO - DAG(s) dict_keys(['example_bash_operator']) retrieved from /home/data-eginner/Documents/Soccer_Data/env/lib/python3.8/site-packages/airflow/example_dags/example_bash_operator.py
[2022-01-28 22:06:40,818] {logging_mixin.py:109} INFO - [2022-01-28 22:06:40,818] {dag.py:2396} INFO - Sync 1 DAGs
[2022-01-28 22:06:40,833] {logging_mixin.py:109} INFO - [2022-01-28 22:06:40,833] {dag.py:2935} INFO - Setting next_dagrun for example_bash_operator to 2022-01-28 00:00:00+00:00
[2022-01-28 22:06:40,861] {processor.py:171} INFO - Processing /home/data-eginner/Documents/Soccer_Data/env/lib/python3.8/site-packages/airflow/example_dags/example_bash_operator.py took 0.100 seconds
[2022-01-28 22:07:31,149] {processor.py:163} INFO - Started process (PID=27328) to work on /home/data-eginner/Documents/Soccer_Data/env/lib/python3.8/site-packages/airflow/example_dags/example_bash_operator.py
[2022-01-28 22:07:31,219] {processor.py:642} INFO - Processing file /home/data-eginner/Documents/Soccer_Data/env/lib/python3.8/site-packages/airflow/example_dags/example_bash_operator.py for tasks to queue
[2022-01-28 22:07:31,220] {logging_mixin.py:109} INFO - [2022-01-28 22:07:31,220] {dagbag.py:500} INFO - Filling up the DagBag from /home/data-eginner/Documents/Soccer_Data/env/lib/python3.8/site-packages/airflow/example_dags/example_bash_operator.py
[2022-01-28 22:07:31,277] {processor.py:654} INFO - DAG(s) dict_keys(['example_bash_operator']) retrieved from /home/data-eginner/Documents/Soccer_Data/env/lib/python3.8/site-packages/airflow/example_dags/example_bash_operator.py
[2022-01-28 22:07:31,306] {logging_mixin.py:109} INFO - [2022-01-28 22:07:31,306] {dag.py:2396} INFO - Sync 1 DAGs
[2022-01-28 22:07:31,333] {logging_mixin.py:109} INFO - [2022-01-28 22:07:31,333] {dag.py:2935} INFO - Setting next_dagrun for example_bash_operator to 2022-01-28 00:00:00+00:00
[2022-01-28 22:07:31,394] {processor.py:171} INFO - Processing /home/data-eginner/Documents/Soccer_Data/env/lib/python3.8/site-packages/airflow/example_dags/example_bash_operator.py took 0.247 seconds
[2022-01-28 22:08:36,099] {processor.py:163} INFO - Started process (PID=27593) to work on /home/data-eginner/Documents/Soccer_Data/env/lib/python3.8/site-packages/airflow/example_dags/example_bash_operator.py
[2022-01-28 22:08:36,102] {processor.py:642} INFO - Processing file /home/data-eginner/Documents/Soccer_Data/env/lib/python3.8/site-packages/airflow/example_dags/example_bash_operator.py for tasks to queue
[2022-01-28 22:08:36,102] {logging_mixin.py:109} INFO - [2022-01-28 22:08:36,102] {dagbag.py:500} INFO - Filling up the DagBag from /home/data-eginner/Documents/Soccer_Data/env/lib/python3.8/site-packages/airflow/example_dags/example_bash_operator.py
[2022-01-28 22:08:36,135] {processor.py:654} INFO - DAG(s) dict_keys(['example_bash_operator']) retrieved from /home/data-eginner/Documents/Soccer_Data/env/lib/python3.8/site-packages/airflow/example_dags/example_bash_operator.py
[2022-01-28 22:08:36,154] {logging_mixin.py:109} INFO - [2022-01-28 22:08:36,154] {dag.py:2396} INFO - Sync 1 DAGs
[2022-01-28 22:08:36,178] {logging_mixin.py:109} INFO - [2022-01-28 22:08:36,178] {dag.py:2935} INFO - Setting next_dagrun for example_bash_operator to 2022-01-28 00:00:00+00:00
[2022-01-28 22:08:36,273] {processor.py:171} INFO - Processing /home/data-eginner/Documents/Soccer_Data/env/lib/python3.8/site-packages/airflow/example_dags/example_bash_operator.py took 0.201 seconds
[2022-01-28 22:09:18,271] {processor.py:163} INFO - Started process (PID=27760) to work on /home/data-eginner/Documents/Soccer_Data/env/lib/python3.8/site-packages/airflow/example_dags/example_bash_operator.py
[2022-01-28 22:09:18,287] {processor.py:642} INFO - Processing file /home/data-eginner/Documents/Soccer_Data/env/lib/python3.8/site-packages/airflow/example_dags/example_bash_operator.py for tasks to queue
[2022-01-28 22:09:18,288] {logging_mixin.py:109} INFO - [2022-01-28 22:09:18,288] {dagbag.py:500} INFO - Filling up the DagBag from /home/data-eginner/Documents/Soccer_Data/env/lib/python3.8/site-packages/airflow/example_dags/example_bash_operator.py
[2022-01-28 22:09:18,341] {processor.py:654} INFO - DAG(s) dict_keys(['example_bash_operator']) retrieved from /home/data-eginner/Documents/Soccer_Data/env/lib/python3.8/site-packages/airflow/example_dags/example_bash_operator.py
[2022-01-28 22:09:18,364] {logging_mixin.py:109} INFO - [2022-01-28 22:09:18,359] {dag.py:2396} INFO - Sync 1 DAGs
[2022-01-28 22:09:18,382] {logging_mixin.py:109} INFO - [2022-01-28 22:09:18,382] {dag.py:2935} INFO - Setting next_dagrun for example_bash_operator to 2022-01-28 00:00:00+00:00
[2022-01-28 22:09:18,401] {processor.py:171} INFO - Processing /home/data-eginner/Documents/Soccer_Data/env/lib/python3.8/site-packages/airflow/example_dags/example_bash_operator.py took 0.133 seconds
[2022-01-28 22:09:59,986] {processor.py:163} INFO - Started process (PID=27930) to work on /home/data-eginner/Documents/Soccer_Data/env/lib/python3.8/site-packages/airflow/example_dags/example_bash_operator.py
[2022-01-28 22:10:00,006] {processor.py:642} INFO - Processing file /home/data-eginner/Documents/Soccer_Data/env/lib/python3.8/site-packages/airflow/example_dags/example_bash_operator.py for tasks to queue
[2022-01-28 22:10:00,007] {logging_mixin.py:109} INFO - [2022-01-28 22:10:00,007] {dagbag.py:500} INFO - Filling up the DagBag from /home/data-eginner/Documents/Soccer_Data/env/lib/python3.8/site-packages/airflow/example_dags/example_bash_operator.py
[2022-01-28 22:10:00,072] {processor.py:654} INFO - DAG(s) dict_keys(['example_bash_operator']) retrieved from /home/data-eginner/Documents/Soccer_Data/env/lib/python3.8/site-packages/airflow/example_dags/example_bash_operator.py
[2022-01-28 22:10:00,088] {logging_mixin.py:109} INFO - [2022-01-28 22:10:00,088] {dag.py:2396} INFO - Sync 1 DAGs
[2022-01-28 22:10:00,121] {logging_mixin.py:109} INFO - [2022-01-28 22:10:00,120] {dag.py:2935} INFO - Setting next_dagrun for example_bash_operator to 2022-01-28 00:00:00+00:00
[2022-01-28 22:10:00,138] {processor.py:171} INFO - Processing /home/data-eginner/Documents/Soccer_Data/env/lib/python3.8/site-packages/airflow/example_dags/example_bash_operator.py took 0.154 seconds
[2022-01-28 22:10:50,905] {processor.py:163} INFO - Started process (PID=28150) to work on /home/data-eginner/Documents/Soccer_Data/env/lib/python3.8/site-packages/airflow/example_dags/example_bash_operator.py
[2022-01-28 22:10:50,924] {processor.py:642} INFO - Processing file /home/data-eginner/Documents/Soccer_Data/env/lib/python3.8/site-packages/airflow/example_dags/example_bash_operator.py for tasks to queue
[2022-01-28 22:10:50,924] {logging_mixin.py:109} INFO - [2022-01-28 22:10:50,924] {dagbag.py:500} INFO - Filling up the DagBag from /home/data-eginner/Documents/Soccer_Data/env/lib/python3.8/site-packages/airflow/example_dags/example_bash_operator.py
[2022-01-28 22:10:50,966] {processor.py:654} INFO - DAG(s) dict_keys(['example_bash_operator']) retrieved from /home/data-eginner/Documents/Soccer_Data/env/lib/python3.8/site-packages/airflow/example_dags/example_bash_operator.py
[2022-01-28 22:10:50,976] {logging_mixin.py:109} INFO - [2022-01-28 22:10:50,976] {dag.py:2396} INFO - Sync 1 DAGs
[2022-01-28 22:10:50,987] {logging_mixin.py:109} INFO - [2022-01-28 22:10:50,987] {dag.py:2935} INFO - Setting next_dagrun for example_bash_operator to 2022-01-28 00:00:00+00:00
[2022-01-28 22:10:51,003] {processor.py:171} INFO - Processing /home/data-eginner/Documents/Soccer_Data/env/lib/python3.8/site-packages/airflow/example_dags/example_bash_operator.py took 0.101 seconds
[2022-01-28 22:11:28,542] {processor.py:163} INFO - Started process (PID=28309) to work on /home/data-eginner/Documents/Soccer_Data/env/lib/python3.8/site-packages/airflow/example_dags/example_bash_operator.py
[2022-01-28 22:11:28,547] {processor.py:642} INFO - Processing file /home/data-eginner/Documents/Soccer_Data/env/lib/python3.8/site-packages/airflow/example_dags/example_bash_operator.py for tasks to queue
[2022-01-28 22:11:28,548] {logging_mixin.py:109} INFO - [2022-01-28 22:11:28,548] {dagbag.py:500} INFO - Filling up the DagBag from /home/data-eginner/Documents/Soccer_Data/env/lib/python3.8/site-packages/airflow/example_dags/example_bash_operator.py
[2022-01-28 22:11:28,577] {processor.py:654} INFO - DAG(s) dict_keys(['example_bash_operator']) retrieved from /home/data-eginner/Documents/Soccer_Data/env/lib/python3.8/site-packages/airflow/example_dags/example_bash_operator.py
[2022-01-28 22:11:28,585] {logging_mixin.py:109} INFO - [2022-01-28 22:11:28,585] {dag.py:2396} INFO - Sync 1 DAGs
[2022-01-28 22:11:28,599] {logging_mixin.py:109} INFO - [2022-01-28 22:11:28,599] {dag.py:2935} INFO - Setting next_dagrun for example_bash_operator to 2022-01-28 00:00:00+00:00
[2022-01-28 22:11:28,616] {processor.py:171} INFO - Processing /home/data-eginner/Documents/Soccer_Data/env/lib/python3.8/site-packages/airflow/example_dags/example_bash_operator.py took 0.078 seconds
[2022-01-28 22:12:10,357] {processor.py:163} INFO - Started process (PID=28494) to work on /home/data-eginner/Documents/Soccer_Data/env/lib/python3.8/site-packages/airflow/example_dags/example_bash_operator.py
[2022-01-28 22:12:10,374] {processor.py:642} INFO - Processing file /home/data-eginner/Documents/Soccer_Data/env/lib/python3.8/site-packages/airflow/example_dags/example_bash_operator.py for tasks to queue
[2022-01-28 22:12:10,374] {logging_mixin.py:109} INFO - [2022-01-28 22:12:10,374] {dagbag.py:500} INFO - Filling up the DagBag from /home/data-eginner/Documents/Soccer_Data/env/lib/python3.8/site-packages/airflow/example_dags/example_bash_operator.py
[2022-01-28 22:12:10,420] {processor.py:654} INFO - DAG(s) dict_keys(['example_bash_operator']) retrieved from /home/data-eginner/Documents/Soccer_Data/env/lib/python3.8/site-packages/airflow/example_dags/example_bash_operator.py
[2022-01-28 22:12:10,440] {logging_mixin.py:109} INFO - [2022-01-28 22:12:10,440] {dag.py:2396} INFO - Sync 1 DAGs
[2022-01-28 22:12:10,464] {logging_mixin.py:109} INFO - [2022-01-28 22:12:10,464] {dag.py:2935} INFO - Setting next_dagrun for example_bash_operator to 2022-01-28 00:00:00+00:00
[2022-01-28 22:12:10,497] {processor.py:171} INFO - Processing /home/data-eginner/Documents/Soccer_Data/env/lib/python3.8/site-packages/airflow/example_dags/example_bash_operator.py took 0.142 seconds
[2022-01-28 22:12:58,877] {processor.py:163} INFO - Started process (PID=28673) to work on /home/data-eginner/Documents/Soccer_Data/env/lib/python3.8/site-packages/airflow/example_dags/example_bash_operator.py
[2022-01-28 22:12:58,888] {processor.py:642} INFO - Processing file /home/data-eginner/Documents/Soccer_Data/env/lib/python3.8/site-packages/airflow/example_dags/example_bash_operator.py for tasks to queue
[2022-01-28 22:12:58,889] {logging_mixin.py:109} INFO - [2022-01-28 22:12:58,889] {dagbag.py:500} INFO - Filling up the DagBag from /home/data-eginner/Documents/Soccer_Data/env/lib/python3.8/site-packages/airflow/example_dags/example_bash_operator.py
[2022-01-28 22:12:58,970] {processor.py:654} INFO - DAG(s) dict_keys(['example_bash_operator']) retrieved from /home/data-eginner/Documents/Soccer_Data/env/lib/python3.8/site-packages/airflow/example_dags/example_bash_operator.py
[2022-01-28 22:12:58,984] {logging_mixin.py:109} INFO - [2022-01-28 22:12:58,984] {dag.py:2396} INFO - Sync 1 DAGs
[2022-01-28 22:12:58,998] {logging_mixin.py:109} INFO - [2022-01-28 22:12:58,998] {dag.py:2935} INFO - Setting next_dagrun for example_bash_operator to 2022-01-28 00:00:00+00:00
[2022-01-28 22:12:59,021] {processor.py:171} INFO - Processing /home/data-eginner/Documents/Soccer_Data/env/lib/python3.8/site-packages/airflow/example_dags/example_bash_operator.py took 0.147 seconds
[2022-01-28 22:13:55,154] {processor.py:163} INFO - Started process (PID=28907) to work on /home/data-eginner/Documents/Soccer_Data/env/lib/python3.8/site-packages/airflow/example_dags/example_bash_operator.py
[2022-01-28 22:13:55,167] {processor.py:642} INFO - Processing file /home/data-eginner/Documents/Soccer_Data/env/lib/python3.8/site-packages/airflow/example_dags/example_bash_operator.py for tasks to queue
[2022-01-28 22:13:55,168] {logging_mixin.py:109} INFO - [2022-01-28 22:13:55,168] {dagbag.py:500} INFO - Filling up the DagBag from /home/data-eginner/Documents/Soccer_Data/env/lib/python3.8/site-packages/airflow/example_dags/example_bash_operator.py
[2022-01-28 22:13:55,218] {processor.py:654} INFO - DAG(s) dict_keys(['example_bash_operator']) retrieved from /home/data-eginner/Documents/Soccer_Data/env/lib/python3.8/site-packages/airflow/example_dags/example_bash_operator.py
[2022-01-28 22:13:55,238] {logging_mixin.py:109} INFO - [2022-01-28 22:13:55,238] {dag.py:2396} INFO - Sync 1 DAGs
[2022-01-28 22:13:55,280] {logging_mixin.py:109} INFO - [2022-01-28 22:13:55,280] {dag.py:2935} INFO - Setting next_dagrun for example_bash_operator to 2022-01-28 00:00:00+00:00
[2022-01-28 22:13:55,373] {processor.py:171} INFO - Processing /home/data-eginner/Documents/Soccer_Data/env/lib/python3.8/site-packages/airflow/example_dags/example_bash_operator.py took 0.222 seconds
[2022-01-28 22:14:51,804] {processor.py:163} INFO - Started process (PID=29125) to work on /home/data-eginner/Documents/Soccer_Data/env/lib/python3.8/site-packages/airflow/example_dags/example_bash_operator.py
[2022-01-28 22:14:51,814] {processor.py:642} INFO - Processing file /home/data-eginner/Documents/Soccer_Data/env/lib/python3.8/site-packages/airflow/example_dags/example_bash_operator.py for tasks to queue
[2022-01-28 22:14:51,823] {logging_mixin.py:109} INFO - [2022-01-28 22:14:51,823] {dagbag.py:500} INFO - Filling up the DagBag from /home/data-eginner/Documents/Soccer_Data/env/lib/python3.8/site-packages/airflow/example_dags/example_bash_operator.py
[2022-01-28 22:14:51,911] {processor.py:654} INFO - DAG(s) dict_keys(['example_bash_operator']) retrieved from /home/data-eginner/Documents/Soccer_Data/env/lib/python3.8/site-packages/airflow/example_dags/example_bash_operator.py
[2022-01-28 22:14:51,946] {logging_mixin.py:109} INFO - [2022-01-28 22:14:51,946] {dag.py:2396} INFO - Sync 1 DAGs
[2022-01-28 22:14:52,027] {logging_mixin.py:109} INFO - [2022-01-28 22:14:52,026] {dag.py:2935} INFO - Setting next_dagrun for example_bash_operator to 2022-01-28 00:00:00+00:00
[2022-01-28 22:14:52,061] {processor.py:171} INFO - Processing /home/data-eginner/Documents/Soccer_Data/env/lib/python3.8/site-packages/airflow/example_dags/example_bash_operator.py took 0.260 seconds
[2022-01-28 22:15:53,011] {processor.py:163} INFO - Started process (PID=29334) to work on /home/data-eginner/Documents/Soccer_Data/env/lib/python3.8/site-packages/airflow/example_dags/example_bash_operator.py
[2022-01-28 22:15:53,014] {processor.py:642} INFO - Processing file /home/data-eginner/Documents/Soccer_Data/env/lib/python3.8/site-packages/airflow/example_dags/example_bash_operator.py for tasks to queue
[2022-01-28 22:15:53,014] {logging_mixin.py:109} INFO - [2022-01-28 22:15:53,014] {dagbag.py:500} INFO - Filling up the DagBag from /home/data-eginner/Documents/Soccer_Data/env/lib/python3.8/site-packages/airflow/example_dags/example_bash_operator.py
[2022-01-28 22:15:53,113] {processor.py:654} INFO - DAG(s) dict_keys(['example_bash_operator']) retrieved from /home/data-eginner/Documents/Soccer_Data/env/lib/python3.8/site-packages/airflow/example_dags/example_bash_operator.py
[2022-01-28 22:15:53,186] {logging_mixin.py:109} INFO - [2022-01-28 22:15:53,186] {dag.py:2396} INFO - Sync 1 DAGs
[2022-01-28 22:15:53,231] {logging_mixin.py:109} INFO - [2022-01-28 22:15:53,231] {dag.py:2935} INFO - Setting next_dagrun for example_bash_operator to 2022-01-28 00:00:00+00:00
[2022-01-28 22:15:53,269] {processor.py:171} INFO - Processing /home/data-eginner/Documents/Soccer_Data/env/lib/python3.8/site-packages/airflow/example_dags/example_bash_operator.py took 0.284 seconds
[2022-01-28 22:16:47,168] {processor.py:163} INFO - Started process (PID=29537) to work on /home/data-eginner/Documents/Soccer_Data/env/lib/python3.8/site-packages/airflow/example_dags/example_bash_operator.py
[2022-01-28 22:16:47,178] {processor.py:642} INFO - Processing file /home/data-eginner/Documents/Soccer_Data/env/lib/python3.8/site-packages/airflow/example_dags/example_bash_operator.py for tasks to queue
[2022-01-28 22:16:47,179] {logging_mixin.py:109} INFO - [2022-01-28 22:16:47,179] {dagbag.py:500} INFO - Filling up the DagBag from /home/data-eginner/Documents/Soccer_Data/env/lib/python3.8/site-packages/airflow/example_dags/example_bash_operator.py
[2022-01-28 22:16:47,332] {processor.py:654} INFO - DAG(s) dict_keys(['example_bash_operator']) retrieved from /home/data-eginner/Documents/Soccer_Data/env/lib/python3.8/site-packages/airflow/example_dags/example_bash_operator.py
[2022-01-28 22:16:47,378] {logging_mixin.py:109} INFO - [2022-01-28 22:16:47,378] {dag.py:2396} INFO - Sync 1 DAGs
[2022-01-28 22:16:47,470] {logging_mixin.py:109} INFO - [2022-01-28 22:16:47,470] {dag.py:2935} INFO - Setting next_dagrun for example_bash_operator to 2022-01-28 00:00:00+00:00
[2022-01-28 22:16:47,512] {processor.py:171} INFO - Processing /home/data-eginner/Documents/Soccer_Data/env/lib/python3.8/site-packages/airflow/example_dags/example_bash_operator.py took 0.373 seconds
[2022-01-28 22:17:50,626] {processor.py:163} INFO - Started process (PID=29776) to work on /home/data-eginner/Documents/Soccer_Data/env/lib/python3.8/site-packages/airflow/example_dags/example_bash_operator.py
[2022-01-28 22:17:50,628] {processor.py:642} INFO - Processing file /home/data-eginner/Documents/Soccer_Data/env/lib/python3.8/site-packages/airflow/example_dags/example_bash_operator.py for tasks to queue
[2022-01-28 22:17:50,629] {logging_mixin.py:109} INFO - [2022-01-28 22:17:50,629] {dagbag.py:500} INFO - Filling up the DagBag from /home/data-eginner/Documents/Soccer_Data/env/lib/python3.8/site-packages/airflow/example_dags/example_bash_operator.py
[2022-01-28 22:17:50,655] {processor.py:654} INFO - DAG(s) dict_keys(['example_bash_operator']) retrieved from /home/data-eginner/Documents/Soccer_Data/env/lib/python3.8/site-packages/airflow/example_dags/example_bash_operator.py
[2022-01-28 22:17:50,665] {logging_mixin.py:109} INFO - [2022-01-28 22:17:50,665] {dag.py:2396} INFO - Sync 1 DAGs
[2022-01-28 22:17:50,684] {logging_mixin.py:109} INFO - [2022-01-28 22:17:50,684] {dag.py:2935} INFO - Setting next_dagrun for example_bash_operator to 2022-01-28 00:00:00+00:00
[2022-01-28 22:17:50,706] {processor.py:171} INFO - Processing /home/data-eginner/Documents/Soccer_Data/env/lib/python3.8/site-packages/airflow/example_dags/example_bash_operator.py took 0.084 seconds
[2022-01-28 22:18:27,425] {processor.py:163} INFO - Started process (PID=29932) to work on /home/data-eginner/Documents/Soccer_Data/env/lib/python3.8/site-packages/airflow/example_dags/example_bash_operator.py
[2022-01-28 22:18:27,426] {processor.py:642} INFO - Processing file /home/data-eginner/Documents/Soccer_Data/env/lib/python3.8/site-packages/airflow/example_dags/example_bash_operator.py for tasks to queue
[2022-01-28 22:18:27,427] {logging_mixin.py:109} INFO - [2022-01-28 22:18:27,427] {dagbag.py:500} INFO - Filling up the DagBag from /home/data-eginner/Documents/Soccer_Data/env/lib/python3.8/site-packages/airflow/example_dags/example_bash_operator.py
[2022-01-28 22:18:27,457] {processor.py:654} INFO - DAG(s) dict_keys(['example_bash_operator']) retrieved from /home/data-eginner/Documents/Soccer_Data/env/lib/python3.8/site-packages/airflow/example_dags/example_bash_operator.py
[2022-01-28 22:18:27,466] {logging_mixin.py:109} INFO - [2022-01-28 22:18:27,466] {dag.py:2396} INFO - Sync 1 DAGs
[2022-01-28 22:18:27,490] {logging_mixin.py:109} INFO - [2022-01-28 22:18:27,490] {dag.py:2935} INFO - Setting next_dagrun for example_bash_operator to 2022-01-28 00:00:00+00:00
[2022-01-28 22:18:27,514] {processor.py:171} INFO - Processing /home/data-eginner/Documents/Soccer_Data/env/lib/python3.8/site-packages/airflow/example_dags/example_bash_operator.py took 0.099 seconds
[2022-01-28 22:19:15,106] {processor.py:163} INFO - Started process (PID=30118) to work on /home/data-eginner/Documents/Soccer_Data/env/lib/python3.8/site-packages/airflow/example_dags/example_bash_operator.py
[2022-01-28 22:19:15,141] {processor.py:642} INFO - Processing file /home/data-eginner/Documents/Soccer_Data/env/lib/python3.8/site-packages/airflow/example_dags/example_bash_operator.py for tasks to queue
[2022-01-28 22:19:15,142] {logging_mixin.py:109} INFO - [2022-01-28 22:19:15,142] {dagbag.py:500} INFO - Filling up the DagBag from /home/data-eginner/Documents/Soccer_Data/env/lib/python3.8/site-packages/airflow/example_dags/example_bash_operator.py
[2022-01-28 22:19:15,208] {processor.py:654} INFO - DAG(s) dict_keys(['example_bash_operator']) retrieved from /home/data-eginner/Documents/Soccer_Data/env/lib/python3.8/site-packages/airflow/example_dags/example_bash_operator.py
[2022-01-28 22:19:15,240] {logging_mixin.py:109} INFO - [2022-01-28 22:19:15,240] {dag.py:2396} INFO - Sync 1 DAGs
[2022-01-28 22:19:15,353] {logging_mixin.py:109} INFO - [2022-01-28 22:19:15,352] {dag.py:2935} INFO - Setting next_dagrun for example_bash_operator to 2022-01-28 00:00:00+00:00
[2022-01-28 22:19:15,399] {processor.py:171} INFO - Processing /home/data-eginner/Documents/Soccer_Data/env/lib/python3.8/site-packages/airflow/example_dags/example_bash_operator.py took 0.302 seconds
[2022-01-28 22:20:34,721] {processor.py:163} INFO - Started process (PID=30446) to work on /home/data-eginner/Documents/Soccer_Data/env/lib/python3.8/site-packages/airflow/example_dags/example_bash_operator.py
[2022-01-28 22:20:34,724] {processor.py:642} INFO - Processing file /home/data-eginner/Documents/Soccer_Data/env/lib/python3.8/site-packages/airflow/example_dags/example_bash_operator.py for tasks to queue
[2022-01-28 22:20:34,725] {logging_mixin.py:109} INFO - [2022-01-28 22:20:34,725] {dagbag.py:500} INFO - Filling up the DagBag from /home/data-eginner/Documents/Soccer_Data/env/lib/python3.8/site-packages/airflow/example_dags/example_bash_operator.py
[2022-01-28 22:20:34,752] {processor.py:654} INFO - DAG(s) dict_keys(['example_bash_operator']) retrieved from /home/data-eginner/Documents/Soccer_Data/env/lib/python3.8/site-packages/airflow/example_dags/example_bash_operator.py
[2022-01-28 22:20:34,762] {logging_mixin.py:109} INFO - [2022-01-28 22:20:34,762] {dag.py:2396} INFO - Sync 1 DAGs
[2022-01-28 22:20:34,776] {logging_mixin.py:109} INFO - [2022-01-28 22:20:34,776] {dag.py:2935} INFO - Setting next_dagrun for example_bash_operator to 2022-01-28 00:00:00+00:00
[2022-01-28 22:20:34,792] {processor.py:171} INFO - Processing /home/data-eginner/Documents/Soccer_Data/env/lib/python3.8/site-packages/airflow/example_dags/example_bash_operator.py took 0.074 seconds
[2022-01-28 22:21:12,422] {processor.py:163} INFO - Started process (PID=30609) to work on /home/data-eginner/Documents/Soccer_Data/env/lib/python3.8/site-packages/airflow/example_dags/example_bash_operator.py
[2022-01-28 22:21:12,426] {processor.py:642} INFO - Processing file /home/data-eginner/Documents/Soccer_Data/env/lib/python3.8/site-packages/airflow/example_dags/example_bash_operator.py for tasks to queue
[2022-01-28 22:21:12,426] {logging_mixin.py:109} INFO - [2022-01-28 22:21:12,426] {dagbag.py:500} INFO - Filling up the DagBag from /home/data-eginner/Documents/Soccer_Data/env/lib/python3.8/site-packages/airflow/example_dags/example_bash_operator.py
[2022-01-28 22:21:12,466] {processor.py:654} INFO - DAG(s) dict_keys(['example_bash_operator']) retrieved from /home/data-eginner/Documents/Soccer_Data/env/lib/python3.8/site-packages/airflow/example_dags/example_bash_operator.py
[2022-01-28 22:21:12,473] {logging_mixin.py:109} INFO - [2022-01-28 22:21:12,473] {dag.py:2396} INFO - Sync 1 DAGs
[2022-01-28 22:21:12,510] {logging_mixin.py:109} INFO - [2022-01-28 22:21:12,510] {dag.py:2935} INFO - Setting next_dagrun for example_bash_operator to 2022-01-28 00:00:00+00:00
[2022-01-28 22:21:12,539] {processor.py:171} INFO - Processing /home/data-eginner/Documents/Soccer_Data/env/lib/python3.8/site-packages/airflow/example_dags/example_bash_operator.py took 0.124 seconds
[2022-01-28 22:21:49,119] {processor.py:163} INFO - Started process (PID=30762) to work on /home/data-eginner/Documents/Soccer_Data/env/lib/python3.8/site-packages/airflow/example_dags/example_bash_operator.py
[2022-01-28 22:21:49,123] {processor.py:642} INFO - Processing file /home/data-eginner/Documents/Soccer_Data/env/lib/python3.8/site-packages/airflow/example_dags/example_bash_operator.py for tasks to queue
[2022-01-28 22:21:49,123] {logging_mixin.py:109} INFO - [2022-01-28 22:21:49,123] {dagbag.py:500} INFO - Filling up the DagBag from /home/data-eginner/Documents/Soccer_Data/env/lib/python3.8/site-packages/airflow/example_dags/example_bash_operator.py
[2022-01-28 22:21:49,144] {processor.py:654} INFO - DAG(s) dict_keys(['example_bash_operator']) retrieved from /home/data-eginner/Documents/Soccer_Data/env/lib/python3.8/site-packages/airflow/example_dags/example_bash_operator.py
[2022-01-28 22:21:49,153] {logging_mixin.py:109} INFO - [2022-01-28 22:21:49,153] {dag.py:2396} INFO - Sync 1 DAGs
[2022-01-28 22:21:49,166] {logging_mixin.py:109} INFO - [2022-01-28 22:21:49,166] {dag.py:2935} INFO - Setting next_dagrun for example_bash_operator to 2022-01-28 00:00:00+00:00
[2022-01-28 22:21:49,181] {processor.py:171} INFO - Processing /home/data-eginner/Documents/Soccer_Data/env/lib/python3.8/site-packages/airflow/example_dags/example_bash_operator.py took 0.067 seconds
[2022-01-28 22:22:28,716] {processor.py:163} INFO - Started process (PID=30932) to work on /home/data-eginner/Documents/Soccer_Data/env/lib/python3.8/site-packages/airflow/example_dags/example_bash_operator.py
[2022-01-28 22:22:28,723] {processor.py:642} INFO - Processing file /home/data-eginner/Documents/Soccer_Data/env/lib/python3.8/site-packages/airflow/example_dags/example_bash_operator.py for tasks to queue
[2022-01-28 22:22:28,724] {logging_mixin.py:109} INFO - [2022-01-28 22:22:28,723] {dagbag.py:500} INFO - Filling up the DagBag from /home/data-eginner/Documents/Soccer_Data/env/lib/python3.8/site-packages/airflow/example_dags/example_bash_operator.py
[2022-01-28 22:22:28,763] {processor.py:654} INFO - DAG(s) dict_keys(['example_bash_operator']) retrieved from /home/data-eginner/Documents/Soccer_Data/env/lib/python3.8/site-packages/airflow/example_dags/example_bash_operator.py
[2022-01-28 22:22:28,788] {logging_mixin.py:109} INFO - [2022-01-28 22:22:28,788] {dag.py:2396} INFO - Sync 1 DAGs
[2022-01-28 22:22:28,802] {logging_mixin.py:109} INFO - [2022-01-28 22:22:28,802] {dag.py:2935} INFO - Setting next_dagrun for example_bash_operator to 2022-01-28 00:00:00+00:00
[2022-01-28 22:22:28,846] {processor.py:171} INFO - Processing /home/data-eginner/Documents/Soccer_Data/env/lib/python3.8/site-packages/airflow/example_dags/example_bash_operator.py took 0.132 seconds
