[2022-01-28 21:00:06,666] {processor.py:163} INFO - Started process (PID=18947) to work on /home/data-eginner/Documents/Soccer_Data/env/lib/python3.8/site-packages/airflow/example_dags/example_dag_decorator.py
[2022-01-28 21:00:06,669] {processor.py:642} INFO - Processing file /home/data-eginner/Documents/Soccer_Data/env/lib/python3.8/site-packages/airflow/example_dags/example_dag_decorator.py for tasks to queue
[2022-01-28 21:00:06,671] {logging_mixin.py:109} INFO - [2022-01-28 21:00:06,671] {dagbag.py:500} INFO - Filling up the DagBag from /home/data-eginner/Documents/Soccer_Data/env/lib/python3.8/site-packages/airflow/example_dags/example_dag_decorator.py
[2022-01-28 21:00:06,808] {processor.py:654} INFO - DAG(s) dict_keys(['example_dag_decorator']) retrieved from /home/data-eginner/Documents/Soccer_Data/env/lib/python3.8/site-packages/airflow/example_dags/example_dag_decorator.py
[2022-01-28 21:00:08,024] {logging_mixin.py:109} INFO - [2022-01-28 21:00:08,024] {dag.py:2396} INFO - Sync 1 DAGs
[2022-01-28 21:00:08,139] {logging_mixin.py:109} INFO - [2022-01-28 21:00:08,139] {dag.py:2935} INFO - Setting next_dagrun for example_dag_decorator to None
[2022-01-28 21:00:08,176] {processor.py:171} INFO - Processing /home/data-eginner/Documents/Soccer_Data/env/lib/python3.8/site-packages/airflow/example_dags/example_dag_decorator.py took 1.547 seconds
[2022-01-28 21:08:36,146] {processor.py:163} INFO - Started process (PID=19841) to work on /home/data-eginner/Documents/Soccer_Data/env/lib/python3.8/site-packages/airflow/example_dags/example_dag_decorator.py
[2022-01-28 21:08:36,163] {processor.py:642} INFO - Processing file /home/data-eginner/Documents/Soccer_Data/env/lib/python3.8/site-packages/airflow/example_dags/example_dag_decorator.py for tasks to queue
[2022-01-28 21:08:36,164] {logging_mixin.py:109} INFO - [2022-01-28 21:08:36,164] {dagbag.py:500} INFO - Filling up the DagBag from /home/data-eginner/Documents/Soccer_Data/env/lib/python3.8/site-packages/airflow/example_dags/example_dag_decorator.py
[2022-01-28 21:08:36,240] {processor.py:654} INFO - DAG(s) dict_keys(['example_dag_decorator']) retrieved from /home/data-eginner/Documents/Soccer_Data/env/lib/python3.8/site-packages/airflow/example_dags/example_dag_decorator.py
[2022-01-28 21:08:36,629] {logging_mixin.py:109} INFO - [2022-01-28 21:08:36,629] {dag.py:2396} INFO - Sync 1 DAGs
[2022-01-28 21:08:36,650] {logging_mixin.py:109} INFO - [2022-01-28 21:08:36,650] {dag.py:2935} INFO - Setting next_dagrun for example_dag_decorator to None
[2022-01-28 21:08:36,721] {processor.py:171} INFO - Processing /home/data-eginner/Documents/Soccer_Data/env/lib/python3.8/site-packages/airflow/example_dags/example_dag_decorator.py took 0.585 seconds
[2022-01-28 21:09:29,234] {processor.py:163} INFO - Started process (PID=20022) to work on /home/data-eginner/Documents/Soccer_Data/env/lib/python3.8/site-packages/airflow/example_dags/example_dag_decorator.py
[2022-01-28 21:09:29,254] {processor.py:642} INFO - Processing file /home/data-eginner/Documents/Soccer_Data/env/lib/python3.8/site-packages/airflow/example_dags/example_dag_decorator.py for tasks to queue
[2022-01-28 21:09:29,255] {logging_mixin.py:109} INFO - [2022-01-28 21:09:29,255] {dagbag.py:500} INFO - Filling up the DagBag from /home/data-eginner/Documents/Soccer_Data/env/lib/python3.8/site-packages/airflow/example_dags/example_dag_decorator.py
[2022-01-28 21:09:29,339] {processor.py:654} INFO - DAG(s) dict_keys(['example_dag_decorator']) retrieved from /home/data-eginner/Documents/Soccer_Data/env/lib/python3.8/site-packages/airflow/example_dags/example_dag_decorator.py
[2022-01-28 21:09:29,785] {logging_mixin.py:109} INFO - [2022-01-28 21:09:29,780] {dag.py:2396} INFO - Sync 1 DAGs
[2022-01-28 21:09:29,803] {logging_mixin.py:109} INFO - [2022-01-28 21:09:29,803] {dag.py:2935} INFO - Setting next_dagrun for example_dag_decorator to None
[2022-01-28 21:09:29,835] {processor.py:171} INFO - Processing /home/data-eginner/Documents/Soccer_Data/env/lib/python3.8/site-packages/airflow/example_dags/example_dag_decorator.py took 0.628 seconds
[2022-01-28 21:10:26,442] {processor.py:163} INFO - Started process (PID=20236) to work on /home/data-eginner/Documents/Soccer_Data/env/lib/python3.8/site-packages/airflow/example_dags/example_dag_decorator.py
[2022-01-28 21:10:26,467] {processor.py:642} INFO - Processing file /home/data-eginner/Documents/Soccer_Data/env/lib/python3.8/site-packages/airflow/example_dags/example_dag_decorator.py for tasks to queue
[2022-01-28 21:10:26,468] {logging_mixin.py:109} INFO - [2022-01-28 21:10:26,468] {dagbag.py:500} INFO - Filling up the DagBag from /home/data-eginner/Documents/Soccer_Data/env/lib/python3.8/site-packages/airflow/example_dags/example_dag_decorator.py
[2022-01-28 21:10:26,504] {processor.py:654} INFO - DAG(s) dict_keys(['example_dag_decorator']) retrieved from /home/data-eginner/Documents/Soccer_Data/env/lib/python3.8/site-packages/airflow/example_dags/example_dag_decorator.py
[2022-01-28 21:10:26,751] {logging_mixin.py:109} INFO - [2022-01-28 21:10:26,751] {dag.py:2396} INFO - Sync 1 DAGs
[2022-01-28 21:10:26,771] {logging_mixin.py:109} INFO - [2022-01-28 21:10:26,771] {dag.py:2935} INFO - Setting next_dagrun for example_dag_decorator to None
[2022-01-28 21:10:26,810] {processor.py:171} INFO - Processing /home/data-eginner/Documents/Soccer_Data/env/lib/python3.8/site-packages/airflow/example_dags/example_dag_decorator.py took 0.370 seconds
[2022-01-28 21:11:10,396] {processor.py:163} INFO - Started process (PID=20412) to work on /home/data-eginner/Documents/Soccer_Data/env/lib/python3.8/site-packages/airflow/example_dags/example_dag_decorator.py
[2022-01-28 21:11:10,401] {processor.py:642} INFO - Processing file /home/data-eginner/Documents/Soccer_Data/env/lib/python3.8/site-packages/airflow/example_dags/example_dag_decorator.py for tasks to queue
[2022-01-28 21:11:10,402] {logging_mixin.py:109} INFO - [2022-01-28 21:11:10,402] {dagbag.py:500} INFO - Filling up the DagBag from /home/data-eginner/Documents/Soccer_Data/env/lib/python3.8/site-packages/airflow/example_dags/example_dag_decorator.py
[2022-01-28 21:11:10,435] {processor.py:654} INFO - DAG(s) dict_keys(['example_dag_decorator']) retrieved from /home/data-eginner/Documents/Soccer_Data/env/lib/python3.8/site-packages/airflow/example_dags/example_dag_decorator.py
[2022-01-28 21:11:10,715] {logging_mixin.py:109} INFO - [2022-01-28 21:11:10,715] {dag.py:2396} INFO - Sync 1 DAGs
[2022-01-28 21:11:10,731] {logging_mixin.py:109} INFO - [2022-01-28 21:11:10,731] {dag.py:2935} INFO - Setting next_dagrun for example_dag_decorator to None
[2022-01-28 21:11:10,755] {processor.py:171} INFO - Processing /home/data-eginner/Documents/Soccer_Data/env/lib/python3.8/site-packages/airflow/example_dags/example_dag_decorator.py took 0.362 seconds
[2022-01-28 21:12:01,489] {processor.py:163} INFO - Started process (PID=20614) to work on /home/data-eginner/Documents/Soccer_Data/env/lib/python3.8/site-packages/airflow/example_dags/example_dag_decorator.py
[2022-01-28 21:12:01,490] {processor.py:642} INFO - Processing file /home/data-eginner/Documents/Soccer_Data/env/lib/python3.8/site-packages/airflow/example_dags/example_dag_decorator.py for tasks to queue
[2022-01-28 21:12:01,491] {logging_mixin.py:109} INFO - [2022-01-28 21:12:01,491] {dagbag.py:500} INFO - Filling up the DagBag from /home/data-eginner/Documents/Soccer_Data/env/lib/python3.8/site-packages/airflow/example_dags/example_dag_decorator.py
[2022-01-28 21:12:01,526] {processor.py:654} INFO - DAG(s) dict_keys(['example_dag_decorator']) retrieved from /home/data-eginner/Documents/Soccer_Data/env/lib/python3.8/site-packages/airflow/example_dags/example_dag_decorator.py
[2022-01-28 21:12:01,819] {logging_mixin.py:109} INFO - [2022-01-28 21:12:01,819] {dag.py:2396} INFO - Sync 1 DAGs
[2022-01-28 21:12:01,829] {logging_mixin.py:109} INFO - [2022-01-28 21:12:01,829] {dag.py:2935} INFO - Setting next_dagrun for example_dag_decorator to None
[2022-01-28 21:12:01,853] {processor.py:171} INFO - Processing /home/data-eginner/Documents/Soccer_Data/env/lib/python3.8/site-packages/airflow/example_dags/example_dag_decorator.py took 0.369 seconds
[2022-01-28 21:12:50,125] {processor.py:163} INFO - Started process (PID=20805) to work on /home/data-eginner/Documents/Soccer_Data/env/lib/python3.8/site-packages/airflow/example_dags/example_dag_decorator.py
[2022-01-28 21:12:50,137] {processor.py:642} INFO - Processing file /home/data-eginner/Documents/Soccer_Data/env/lib/python3.8/site-packages/airflow/example_dags/example_dag_decorator.py for tasks to queue
[2022-01-28 21:12:50,138] {logging_mixin.py:109} INFO - [2022-01-28 21:12:50,137] {dagbag.py:500} INFO - Filling up the DagBag from /home/data-eginner/Documents/Soccer_Data/env/lib/python3.8/site-packages/airflow/example_dags/example_dag_decorator.py
[2022-01-28 21:12:50,168] {processor.py:654} INFO - DAG(s) dict_keys(['example_dag_decorator']) retrieved from /home/data-eginner/Documents/Soccer_Data/env/lib/python3.8/site-packages/airflow/example_dags/example_dag_decorator.py
[2022-01-28 21:12:50,415] {logging_mixin.py:109} INFO - [2022-01-28 21:12:50,415] {dag.py:2396} INFO - Sync 1 DAGs
[2022-01-28 21:12:50,432] {logging_mixin.py:109} INFO - [2022-01-28 21:12:50,432] {dag.py:2935} INFO - Setting next_dagrun for example_dag_decorator to None
[2022-01-28 21:12:50,458] {processor.py:171} INFO - Processing /home/data-eginner/Documents/Soccer_Data/env/lib/python3.8/site-packages/airflow/example_dags/example_dag_decorator.py took 0.336 seconds
[2022-01-28 21:13:43,608] {processor.py:163} INFO - Started process (PID=20992) to work on /home/data-eginner/Documents/Soccer_Data/env/lib/python3.8/site-packages/airflow/example_dags/example_dag_decorator.py
[2022-01-28 21:13:43,618] {processor.py:642} INFO - Processing file /home/data-eginner/Documents/Soccer_Data/env/lib/python3.8/site-packages/airflow/example_dags/example_dag_decorator.py for tasks to queue
[2022-01-28 21:13:43,621] {logging_mixin.py:109} INFO - [2022-01-28 21:13:43,621] {dagbag.py:500} INFO - Filling up the DagBag from /home/data-eginner/Documents/Soccer_Data/env/lib/python3.8/site-packages/airflow/example_dags/example_dag_decorator.py
[2022-01-28 21:13:43,704] {processor.py:654} INFO - DAG(s) dict_keys(['example_dag_decorator']) retrieved from /home/data-eginner/Documents/Soccer_Data/env/lib/python3.8/site-packages/airflow/example_dags/example_dag_decorator.py
[2022-01-28 21:13:44,293] {logging_mixin.py:109} INFO - [2022-01-28 21:13:44,293] {dag.py:2396} INFO - Sync 1 DAGs
[2022-01-28 21:13:44,314] {logging_mixin.py:109} INFO - [2022-01-28 21:13:44,314] {dag.py:2935} INFO - Setting next_dagrun for example_dag_decorator to None
[2022-01-28 21:13:44,368] {processor.py:171} INFO - Processing /home/data-eginner/Documents/Soccer_Data/env/lib/python3.8/site-packages/airflow/example_dags/example_dag_decorator.py took 0.785 seconds
[2022-01-28 21:14:29,989] {processor.py:163} INFO - Started process (PID=21161) to work on /home/data-eginner/Documents/Soccer_Data/env/lib/python3.8/site-packages/airflow/example_dags/example_dag_decorator.py
[2022-01-28 21:14:30,007] {processor.py:642} INFO - Processing file /home/data-eginner/Documents/Soccer_Data/env/lib/python3.8/site-packages/airflow/example_dags/example_dag_decorator.py for tasks to queue
[2022-01-28 21:14:30,007] {logging_mixin.py:109} INFO - [2022-01-28 21:14:30,007] {dagbag.py:500} INFO - Filling up the DagBag from /home/data-eginner/Documents/Soccer_Data/env/lib/python3.8/site-packages/airflow/example_dags/example_dag_decorator.py
[2022-01-28 21:14:30,133] {processor.py:654} INFO - DAG(s) dict_keys(['example_dag_decorator']) retrieved from /home/data-eginner/Documents/Soccer_Data/env/lib/python3.8/site-packages/airflow/example_dags/example_dag_decorator.py
[2022-01-28 21:14:30,788] {logging_mixin.py:109} INFO - [2022-01-28 21:14:30,787] {dag.py:2396} INFO - Sync 1 DAGs
[2022-01-28 21:14:30,841] {logging_mixin.py:109} INFO - [2022-01-28 21:14:30,841] {dag.py:2935} INFO - Setting next_dagrun for example_dag_decorator to None
[2022-01-28 21:14:30,989] {processor.py:171} INFO - Processing /home/data-eginner/Documents/Soccer_Data/env/lib/python3.8/site-packages/airflow/example_dags/example_dag_decorator.py took 1.003 seconds
[2022-01-28 21:15:53,412] {processor.py:163} INFO - Started process (PID=21446) to work on /home/data-eginner/Documents/Soccer_Data/env/lib/python3.8/site-packages/airflow/example_dags/example_dag_decorator.py
[2022-01-28 21:15:53,460] {processor.py:642} INFO - Processing file /home/data-eginner/Documents/Soccer_Data/env/lib/python3.8/site-packages/airflow/example_dags/example_dag_decorator.py for tasks to queue
[2022-01-28 21:15:53,460] {logging_mixin.py:109} INFO - [2022-01-28 21:15:53,460] {dagbag.py:500} INFO - Filling up the DagBag from /home/data-eginner/Documents/Soccer_Data/env/lib/python3.8/site-packages/airflow/example_dags/example_dag_decorator.py
[2022-01-28 21:15:53,549] {processor.py:654} INFO - DAG(s) dict_keys(['example_dag_decorator']) retrieved from /home/data-eginner/Documents/Soccer_Data/env/lib/python3.8/site-packages/airflow/example_dags/example_dag_decorator.py
[2022-01-28 21:15:54,448] {logging_mixin.py:109} INFO - [2022-01-28 21:15:54,448] {dag.py:2396} INFO - Sync 1 DAGs
[2022-01-28 21:15:54,482] {logging_mixin.py:109} INFO - [2022-01-28 21:15:54,481] {dag.py:2935} INFO - Setting next_dagrun for example_dag_decorator to None
[2022-01-28 21:15:54,577] {processor.py:171} INFO - Processing /home/data-eginner/Documents/Soccer_Data/env/lib/python3.8/site-packages/airflow/example_dags/example_dag_decorator.py took 1.171 seconds
[2022-01-28 21:17:06,799] {processor.py:163} INFO - Started process (PID=21662) to work on /home/data-eginner/Documents/Soccer_Data/env/lib/python3.8/site-packages/airflow/example_dags/example_dag_decorator.py
[2022-01-28 21:17:06,879] {processor.py:642} INFO - Processing file /home/data-eginner/Documents/Soccer_Data/env/lib/python3.8/site-packages/airflow/example_dags/example_dag_decorator.py for tasks to queue
[2022-01-28 21:17:06,880] {logging_mixin.py:109} INFO - [2022-01-28 21:17:06,880] {dagbag.py:500} INFO - Filling up the DagBag from /home/data-eginner/Documents/Soccer_Data/env/lib/python3.8/site-packages/airflow/example_dags/example_dag_decorator.py
[2022-01-28 21:17:06,951] {processor.py:654} INFO - DAG(s) dict_keys(['example_dag_decorator']) retrieved from /home/data-eginner/Documents/Soccer_Data/env/lib/python3.8/site-packages/airflow/example_dags/example_dag_decorator.py
[2022-01-28 21:17:07,617] {logging_mixin.py:109} INFO - [2022-01-28 21:17:07,617] {dag.py:2396} INFO - Sync 1 DAGs
[2022-01-28 21:17:07,642] {logging_mixin.py:109} INFO - [2022-01-28 21:17:07,641] {dag.py:2935} INFO - Setting next_dagrun for example_dag_decorator to None
[2022-01-28 21:17:07,700] {processor.py:171} INFO - Processing /home/data-eginner/Documents/Soccer_Data/env/lib/python3.8/site-packages/airflow/example_dags/example_dag_decorator.py took 0.920 seconds
[2022-01-28 21:18:20,998] {processor.py:163} INFO - Started process (PID=21906) to work on /home/data-eginner/Documents/Soccer_Data/env/lib/python3.8/site-packages/airflow/example_dags/example_dag_decorator.py
[2022-01-28 21:18:21,011] {processor.py:642} INFO - Processing file /home/data-eginner/Documents/Soccer_Data/env/lib/python3.8/site-packages/airflow/example_dags/example_dag_decorator.py for tasks to queue
[2022-01-28 21:18:21,011] {logging_mixin.py:109} INFO - [2022-01-28 21:18:21,011] {dagbag.py:500} INFO - Filling up the DagBag from /home/data-eginner/Documents/Soccer_Data/env/lib/python3.8/site-packages/airflow/example_dags/example_dag_decorator.py
[2022-01-28 21:18:21,142] {processor.py:654} INFO - DAG(s) dict_keys(['example_dag_decorator']) retrieved from /home/data-eginner/Documents/Soccer_Data/env/lib/python3.8/site-packages/airflow/example_dags/example_dag_decorator.py
[2022-01-28 21:18:22,292] {logging_mixin.py:109} INFO - [2022-01-28 21:18:22,292] {dag.py:2396} INFO - Sync 1 DAGs
[2022-01-28 21:18:22,330] {logging_mixin.py:109} INFO - [2022-01-28 21:18:22,330] {dag.py:2935} INFO - Setting next_dagrun for example_dag_decorator to None
[2022-01-28 21:18:22,404] {processor.py:171} INFO - Processing /home/data-eginner/Documents/Soccer_Data/env/lib/python3.8/site-packages/airflow/example_dags/example_dag_decorator.py took 1.436 seconds
[2022-01-28 21:19:43,959] {processor.py:163} INFO - Started process (PID=22142) to work on /home/data-eginner/Documents/Soccer_Data/env/lib/python3.8/site-packages/airflow/example_dags/example_dag_decorator.py
[2022-01-28 21:19:43,984] {processor.py:642} INFO - Processing file /home/data-eginner/Documents/Soccer_Data/env/lib/python3.8/site-packages/airflow/example_dags/example_dag_decorator.py for tasks to queue
[2022-01-28 21:19:43,990] {logging_mixin.py:109} INFO - [2022-01-28 21:19:43,990] {dagbag.py:500} INFO - Filling up the DagBag from /home/data-eginner/Documents/Soccer_Data/env/lib/python3.8/site-packages/airflow/example_dags/example_dag_decorator.py
[2022-01-28 21:19:44,103] {processor.py:654} INFO - DAG(s) dict_keys(['example_dag_decorator']) retrieved from /home/data-eginner/Documents/Soccer_Data/env/lib/python3.8/site-packages/airflow/example_dags/example_dag_decorator.py
[2022-01-28 21:19:44,840] {logging_mixin.py:109} INFO - [2022-01-28 21:19:44,839] {dag.py:2396} INFO - Sync 1 DAGs
[2022-01-28 21:19:44,871] {logging_mixin.py:109} INFO - [2022-01-28 21:19:44,871] {dag.py:2935} INFO - Setting next_dagrun for example_dag_decorator to None
[2022-01-28 21:19:44,914] {processor.py:171} INFO - Processing /home/data-eginner/Documents/Soccer_Data/env/lib/python3.8/site-packages/airflow/example_dags/example_dag_decorator.py took 0.986 seconds
[2022-01-28 21:20:49,303] {processor.py:163} INFO - Started process (PID=22382) to work on /home/data-eginner/Documents/Soccer_Data/env/lib/python3.8/site-packages/airflow/example_dags/example_dag_decorator.py
[2022-01-28 21:20:49,332] {processor.py:642} INFO - Processing file /home/data-eginner/Documents/Soccer_Data/env/lib/python3.8/site-packages/airflow/example_dags/example_dag_decorator.py for tasks to queue
[2022-01-28 21:20:49,332] {logging_mixin.py:109} INFO - [2022-01-28 21:20:49,332] {dagbag.py:500} INFO - Filling up the DagBag from /home/data-eginner/Documents/Soccer_Data/env/lib/python3.8/site-packages/airflow/example_dags/example_dag_decorator.py
[2022-01-28 21:20:49,370] {processor.py:654} INFO - DAG(s) dict_keys(['example_dag_decorator']) retrieved from /home/data-eginner/Documents/Soccer_Data/env/lib/python3.8/site-packages/airflow/example_dags/example_dag_decorator.py
[2022-01-28 21:20:49,844] {logging_mixin.py:109} INFO - [2022-01-28 21:20:49,844] {dag.py:2396} INFO - Sync 1 DAGs
[2022-01-28 21:20:49,875] {logging_mixin.py:109} INFO - [2022-01-28 21:20:49,874] {dag.py:2935} INFO - Setting next_dagrun for example_dag_decorator to None
[2022-01-28 21:20:49,908] {processor.py:171} INFO - Processing /home/data-eginner/Documents/Soccer_Data/env/lib/python3.8/site-packages/airflow/example_dags/example_dag_decorator.py took 0.609 seconds
[2022-01-28 21:21:33,192] {processor.py:163} INFO - Started process (PID=22546) to work on /home/data-eginner/Documents/Soccer_Data/env/lib/python3.8/site-packages/airflow/example_dags/example_dag_decorator.py
[2022-01-28 21:21:33,194] {processor.py:642} INFO - Processing file /home/data-eginner/Documents/Soccer_Data/env/lib/python3.8/site-packages/airflow/example_dags/example_dag_decorator.py for tasks to queue
[2022-01-28 21:21:33,195] {logging_mixin.py:109} INFO - [2022-01-28 21:21:33,195] {dagbag.py:500} INFO - Filling up the DagBag from /home/data-eginner/Documents/Soccer_Data/env/lib/python3.8/site-packages/airflow/example_dags/example_dag_decorator.py
[2022-01-28 21:21:33,231] {processor.py:654} INFO - DAG(s) dict_keys(['example_dag_decorator']) retrieved from /home/data-eginner/Documents/Soccer_Data/env/lib/python3.8/site-packages/airflow/example_dags/example_dag_decorator.py
[2022-01-28 21:21:33,500] {logging_mixin.py:109} INFO - [2022-01-28 21:21:33,500] {dag.py:2396} INFO - Sync 1 DAGs
[2022-01-28 21:21:33,514] {logging_mixin.py:109} INFO - [2022-01-28 21:21:33,513] {dag.py:2935} INFO - Setting next_dagrun for example_dag_decorator to None
[2022-01-28 21:21:33,564] {processor.py:171} INFO - Processing /home/data-eginner/Documents/Soccer_Data/env/lib/python3.8/site-packages/airflow/example_dags/example_dag_decorator.py took 0.380 seconds
[2022-01-28 21:22:23,774] {processor.py:163} INFO - Started process (PID=22730) to work on /home/data-eginner/Documents/Soccer_Data/env/lib/python3.8/site-packages/airflow/example_dags/example_dag_decorator.py
[2022-01-28 21:22:23,793] {processor.py:642} INFO - Processing file /home/data-eginner/Documents/Soccer_Data/env/lib/python3.8/site-packages/airflow/example_dags/example_dag_decorator.py for tasks to queue
[2022-01-28 21:22:23,793] {logging_mixin.py:109} INFO - [2022-01-28 21:22:23,793] {dagbag.py:500} INFO - Filling up the DagBag from /home/data-eginner/Documents/Soccer_Data/env/lib/python3.8/site-packages/airflow/example_dags/example_dag_decorator.py
[2022-01-28 21:22:23,895] {processor.py:654} INFO - DAG(s) dict_keys(['example_dag_decorator']) retrieved from /home/data-eginner/Documents/Soccer_Data/env/lib/python3.8/site-packages/airflow/example_dags/example_dag_decorator.py
[2022-01-28 21:22:24,582] {logging_mixin.py:109} INFO - [2022-01-28 21:22:24,582] {dag.py:2396} INFO - Sync 1 DAGs
[2022-01-28 21:22:24,613] {logging_mixin.py:109} INFO - [2022-01-28 21:22:24,613] {dag.py:2935} INFO - Setting next_dagrun for example_dag_decorator to None
[2022-01-28 21:22:24,659] {processor.py:171} INFO - Processing /home/data-eginner/Documents/Soccer_Data/env/lib/python3.8/site-packages/airflow/example_dags/example_dag_decorator.py took 0.915 seconds
[2022-01-28 21:26:44,289] {processor.py:163} INFO - Started process (PID=22986) to work on /home/data-eginner/Documents/Soccer_Data/env/lib/python3.8/site-packages/airflow/example_dags/example_dag_decorator.py
[2022-01-28 21:26:44,303] {processor.py:642} INFO - Processing file /home/data-eginner/Documents/Soccer_Data/env/lib/python3.8/site-packages/airflow/example_dags/example_dag_decorator.py for tasks to queue
[2022-01-28 21:26:44,303] {logging_mixin.py:109} INFO - [2022-01-28 21:26:44,303] {dagbag.py:500} INFO - Filling up the DagBag from /home/data-eginner/Documents/Soccer_Data/env/lib/python3.8/site-packages/airflow/example_dags/example_dag_decorator.py
[2022-01-28 21:26:44,356] {processor.py:654} INFO - DAG(s) dict_keys(['example_dag_decorator']) retrieved from /home/data-eginner/Documents/Soccer_Data/env/lib/python3.8/site-packages/airflow/example_dags/example_dag_decorator.py
[2022-01-28 21:26:44,798] {logging_mixin.py:109} INFO - [2022-01-28 21:26:44,785] {dag.py:2396} INFO - Sync 1 DAGs
[2022-01-28 21:26:44,807] {logging_mixin.py:109} INFO - [2022-01-28 21:26:44,806] {dag.py:2935} INFO - Setting next_dagrun for example_dag_decorator to None
[2022-01-28 21:26:44,836] {processor.py:171} INFO - Processing /home/data-eginner/Documents/Soccer_Data/env/lib/python3.8/site-packages/airflow/example_dags/example_dag_decorator.py took 0.549 seconds
[2022-01-28 21:27:47,158] {processor.py:163} INFO - Started process (PID=23238) to work on /home/data-eginner/Documents/Soccer_Data/env/lib/python3.8/site-packages/airflow/example_dags/example_dag_decorator.py
[2022-01-28 21:27:47,174] {processor.py:642} INFO - Processing file /home/data-eginner/Documents/Soccer_Data/env/lib/python3.8/site-packages/airflow/example_dags/example_dag_decorator.py for tasks to queue
[2022-01-28 21:27:47,175] {logging_mixin.py:109} INFO - [2022-01-28 21:27:47,175] {dagbag.py:500} INFO - Filling up the DagBag from /home/data-eginner/Documents/Soccer_Data/env/lib/python3.8/site-packages/airflow/example_dags/example_dag_decorator.py
[2022-01-28 21:27:47,281] {processor.py:654} INFO - DAG(s) dict_keys(['example_dag_decorator']) retrieved from /home/data-eginner/Documents/Soccer_Data/env/lib/python3.8/site-packages/airflow/example_dags/example_dag_decorator.py
[2022-01-28 21:27:47,603] {logging_mixin.py:109} INFO - [2022-01-28 21:27:47,603] {dag.py:2396} INFO - Sync 1 DAGs
[2022-01-28 21:27:47,614] {logging_mixin.py:109} INFO - [2022-01-28 21:27:47,614] {dag.py:2935} INFO - Setting next_dagrun for example_dag_decorator to None
[2022-01-28 21:27:47,642] {processor.py:171} INFO - Processing /home/data-eginner/Documents/Soccer_Data/env/lib/python3.8/site-packages/airflow/example_dags/example_dag_decorator.py took 0.487 seconds
[2022-01-28 21:29:16,204] {processor.py:163} INFO - Started process (PID=23527) to work on /home/data-eginner/Documents/Soccer_Data/env/lib/python3.8/site-packages/airflow/example_dags/example_dag_decorator.py
[2022-01-28 21:29:16,222] {processor.py:642} INFO - Processing file /home/data-eginner/Documents/Soccer_Data/env/lib/python3.8/site-packages/airflow/example_dags/example_dag_decorator.py for tasks to queue
[2022-01-28 21:29:16,224] {logging_mixin.py:109} INFO - [2022-01-28 21:29:16,223] {dagbag.py:500} INFO - Filling up the DagBag from /home/data-eginner/Documents/Soccer_Data/env/lib/python3.8/site-packages/airflow/example_dags/example_dag_decorator.py
[2022-01-28 21:29:16,301] {processor.py:654} INFO - DAG(s) dict_keys(['example_dag_decorator']) retrieved from /home/data-eginner/Documents/Soccer_Data/env/lib/python3.8/site-packages/airflow/example_dags/example_dag_decorator.py
[2022-01-28 21:29:17,353] {logging_mixin.py:109} INFO - [2022-01-28 21:29:17,353] {dag.py:2396} INFO - Sync 1 DAGs
[2022-01-28 21:29:17,397] {logging_mixin.py:109} INFO - [2022-01-28 21:29:17,397] {dag.py:2935} INFO - Setting next_dagrun for example_dag_decorator to None
[2022-01-28 21:29:17,430] {processor.py:171} INFO - Processing /home/data-eginner/Documents/Soccer_Data/env/lib/python3.8/site-packages/airflow/example_dags/example_dag_decorator.py took 1.232 seconds
[2022-01-28 21:30:11,694] {processor.py:163} INFO - Started process (PID=23717) to work on /home/data-eginner/Documents/Soccer_Data/env/lib/python3.8/site-packages/airflow/example_dags/example_dag_decorator.py
[2022-01-28 21:30:11,712] {processor.py:642} INFO - Processing file /home/data-eginner/Documents/Soccer_Data/env/lib/python3.8/site-packages/airflow/example_dags/example_dag_decorator.py for tasks to queue
[2022-01-28 21:30:11,713] {logging_mixin.py:109} INFO - [2022-01-28 21:30:11,713] {dagbag.py:500} INFO - Filling up the DagBag from /home/data-eginner/Documents/Soccer_Data/env/lib/python3.8/site-packages/airflow/example_dags/example_dag_decorator.py
[2022-01-28 21:30:11,748] {processor.py:654} INFO - DAG(s) dict_keys(['example_dag_decorator']) retrieved from /home/data-eginner/Documents/Soccer_Data/env/lib/python3.8/site-packages/airflow/example_dags/example_dag_decorator.py
[2022-01-28 21:30:12,047] {logging_mixin.py:109} INFO - [2022-01-28 21:30:12,047] {dag.py:2396} INFO - Sync 1 DAGs
[2022-01-28 21:30:12,060] {logging_mixin.py:109} INFO - [2022-01-28 21:30:12,060] {dag.py:2935} INFO - Setting next_dagrun for example_dag_decorator to None
[2022-01-28 21:30:12,087] {processor.py:171} INFO - Processing /home/data-eginner/Documents/Soccer_Data/env/lib/python3.8/site-packages/airflow/example_dags/example_dag_decorator.py took 0.396 seconds
[2022-01-28 21:31:06,592] {processor.py:163} INFO - Started process (PID=23907) to work on /home/data-eginner/Documents/Soccer_Data/env/lib/python3.8/site-packages/airflow/example_dags/example_dag_decorator.py
[2022-01-28 21:31:06,594] {processor.py:642} INFO - Processing file /home/data-eginner/Documents/Soccer_Data/env/lib/python3.8/site-packages/airflow/example_dags/example_dag_decorator.py for tasks to queue
[2022-01-28 21:31:06,595] {logging_mixin.py:109} INFO - [2022-01-28 21:31:06,595] {dagbag.py:500} INFO - Filling up the DagBag from /home/data-eginner/Documents/Soccer_Data/env/lib/python3.8/site-packages/airflow/example_dags/example_dag_decorator.py
[2022-01-28 21:31:06,656] {processor.py:654} INFO - DAG(s) dict_keys(['example_dag_decorator']) retrieved from /home/data-eginner/Documents/Soccer_Data/env/lib/python3.8/site-packages/airflow/example_dags/example_dag_decorator.py
[2022-01-28 21:31:07,462] {logging_mixin.py:109} INFO - [2022-01-28 21:31:07,462] {dag.py:2396} INFO - Sync 1 DAGs
[2022-01-28 21:31:07,529] {logging_mixin.py:109} INFO - [2022-01-28 21:31:07,528] {dag.py:2935} INFO - Setting next_dagrun for example_dag_decorator to None
[2022-01-28 21:31:07,593] {processor.py:171} INFO - Processing /home/data-eginner/Documents/Soccer_Data/env/lib/python3.8/site-packages/airflow/example_dags/example_dag_decorator.py took 1.027 seconds
[2022-01-28 21:32:23,357] {processor.py:163} INFO - Started process (PID=24179) to work on /home/data-eginner/Documents/Soccer_Data/env/lib/python3.8/site-packages/airflow/example_dags/example_dag_decorator.py
[2022-01-28 21:32:23,373] {processor.py:642} INFO - Processing file /home/data-eginner/Documents/Soccer_Data/env/lib/python3.8/site-packages/airflow/example_dags/example_dag_decorator.py for tasks to queue
[2022-01-28 21:32:23,375] {logging_mixin.py:109} INFO - [2022-01-28 21:32:23,374] {dagbag.py:500} INFO - Filling up the DagBag from /home/data-eginner/Documents/Soccer_Data/env/lib/python3.8/site-packages/airflow/example_dags/example_dag_decorator.py
[2022-01-28 21:32:23,407] {processor.py:654} INFO - DAG(s) dict_keys(['example_dag_decorator']) retrieved from /home/data-eginner/Documents/Soccer_Data/env/lib/python3.8/site-packages/airflow/example_dags/example_dag_decorator.py
[2022-01-28 21:32:23,637] {logging_mixin.py:109} INFO - [2022-01-28 21:32:23,637] {dag.py:2396} INFO - Sync 1 DAGs
[2022-01-28 21:32:23,647] {logging_mixin.py:109} INFO - [2022-01-28 21:32:23,646] {dag.py:2935} INFO - Setting next_dagrun for example_dag_decorator to None
[2022-01-28 21:32:23,687] {processor.py:171} INFO - Processing /home/data-eginner/Documents/Soccer_Data/env/lib/python3.8/site-packages/airflow/example_dags/example_dag_decorator.py took 0.333 seconds
[2022-01-28 21:33:08,890] {processor.py:163} INFO - Started process (PID=24355) to work on /home/data-eginner/Documents/Soccer_Data/env/lib/python3.8/site-packages/airflow/example_dags/example_dag_decorator.py
[2022-01-28 21:33:08,892] {processor.py:642} INFO - Processing file /home/data-eginner/Documents/Soccer_Data/env/lib/python3.8/site-packages/airflow/example_dags/example_dag_decorator.py for tasks to queue
[2022-01-28 21:33:08,893] {logging_mixin.py:109} INFO - [2022-01-28 21:33:08,892] {dagbag.py:500} INFO - Filling up the DagBag from /home/data-eginner/Documents/Soccer_Data/env/lib/python3.8/site-packages/airflow/example_dags/example_dag_decorator.py
[2022-01-28 21:33:08,923] {processor.py:654} INFO - DAG(s) dict_keys(['example_dag_decorator']) retrieved from /home/data-eginner/Documents/Soccer_Data/env/lib/python3.8/site-packages/airflow/example_dags/example_dag_decorator.py
[2022-01-28 21:33:09,181] {logging_mixin.py:109} INFO - [2022-01-28 21:33:09,181] {dag.py:2396} INFO - Sync 1 DAGs
[2022-01-28 21:33:09,195] {logging_mixin.py:109} INFO - [2022-01-28 21:33:09,195] {dag.py:2935} INFO - Setting next_dagrun for example_dag_decorator to None
[2022-01-28 21:33:09,228] {processor.py:171} INFO - Processing /home/data-eginner/Documents/Soccer_Data/env/lib/python3.8/site-packages/airflow/example_dags/example_dag_decorator.py took 0.340 seconds
[2022-01-28 21:33:54,059] {processor.py:163} INFO - Started process (PID=24532) to work on /home/data-eginner/Documents/Soccer_Data/env/lib/python3.8/site-packages/airflow/example_dags/example_dag_decorator.py
[2022-01-28 21:33:54,061] {processor.py:642} INFO - Processing file /home/data-eginner/Documents/Soccer_Data/env/lib/python3.8/site-packages/airflow/example_dags/example_dag_decorator.py for tasks to queue
[2022-01-28 21:33:54,061] {logging_mixin.py:109} INFO - [2022-01-28 21:33:54,061] {dagbag.py:500} INFO - Filling up the DagBag from /home/data-eginner/Documents/Soccer_Data/env/lib/python3.8/site-packages/airflow/example_dags/example_dag_decorator.py
[2022-01-28 21:33:54,098] {processor.py:654} INFO - DAG(s) dict_keys(['example_dag_decorator']) retrieved from /home/data-eginner/Documents/Soccer_Data/env/lib/python3.8/site-packages/airflow/example_dags/example_dag_decorator.py
[2022-01-28 21:33:54,561] {logging_mixin.py:109} INFO - [2022-01-28 21:33:54,561] {dag.py:2396} INFO - Sync 1 DAGs
[2022-01-28 21:33:54,583] {logging_mixin.py:109} INFO - [2022-01-28 21:33:54,582] {dag.py:2935} INFO - Setting next_dagrun for example_dag_decorator to None
[2022-01-28 21:33:54,612] {processor.py:171} INFO - Processing /home/data-eginner/Documents/Soccer_Data/env/lib/python3.8/site-packages/airflow/example_dags/example_dag_decorator.py took 0.568 seconds
[2022-01-28 21:34:41,765] {processor.py:163} INFO - Started process (PID=24715) to work on /home/data-eginner/Documents/Soccer_Data/env/lib/python3.8/site-packages/airflow/example_dags/example_dag_decorator.py
[2022-01-28 21:34:41,791] {processor.py:642} INFO - Processing file /home/data-eginner/Documents/Soccer_Data/env/lib/python3.8/site-packages/airflow/example_dags/example_dag_decorator.py for tasks to queue
[2022-01-28 21:34:41,792] {logging_mixin.py:109} INFO - [2022-01-28 21:34:41,792] {dagbag.py:500} INFO - Filling up the DagBag from /home/data-eginner/Documents/Soccer_Data/env/lib/python3.8/site-packages/airflow/example_dags/example_dag_decorator.py
[2022-01-28 21:34:41,975] {processor.py:654} INFO - DAG(s) dict_keys(['example_dag_decorator']) retrieved from /home/data-eginner/Documents/Soccer_Data/env/lib/python3.8/site-packages/airflow/example_dags/example_dag_decorator.py
[2022-01-28 21:34:42,408] {logging_mixin.py:109} INFO - [2022-01-28 21:34:42,407] {dag.py:2396} INFO - Sync 1 DAGs
[2022-01-28 21:34:42,420] {logging_mixin.py:109} INFO - [2022-01-28 21:34:42,420] {dag.py:2935} INFO - Setting next_dagrun for example_dag_decorator to None
[2022-01-28 21:34:42,498] {processor.py:171} INFO - Processing /home/data-eginner/Documents/Soccer_Data/env/lib/python3.8/site-packages/airflow/example_dags/example_dag_decorator.py took 0.736 seconds
[2022-01-28 21:56:28,824] {processor.py:163} INFO - Started process (PID=25112) to work on /home/data-eginner/Documents/Soccer_Data/env/lib/python3.8/site-packages/airflow/example_dags/example_dag_decorator.py
[2022-01-28 21:56:28,839] {processor.py:642} INFO - Processing file /home/data-eginner/Documents/Soccer_Data/env/lib/python3.8/site-packages/airflow/example_dags/example_dag_decorator.py for tasks to queue
[2022-01-28 21:56:28,839] {logging_mixin.py:109} INFO - [2022-01-28 21:56:28,839] {dagbag.py:500} INFO - Filling up the DagBag from /home/data-eginner/Documents/Soccer_Data/env/lib/python3.8/site-packages/airflow/example_dags/example_dag_decorator.py
[2022-01-28 21:56:28,910] {processor.py:654} INFO - DAG(s) dict_keys(['example_dag_decorator']) retrieved from /home/data-eginner/Documents/Soccer_Data/env/lib/python3.8/site-packages/airflow/example_dags/example_dag_decorator.py
[2022-01-28 21:56:29,678] {logging_mixin.py:109} INFO - [2022-01-28 21:56:29,653] {dag.py:2396} INFO - Sync 1 DAGs
[2022-01-28 21:56:29,712] {logging_mixin.py:109} INFO - [2022-01-28 21:56:29,712] {dag.py:2935} INFO - Setting next_dagrun for example_dag_decorator to None
[2022-01-28 21:56:29,743] {processor.py:171} INFO - Processing /home/data-eginner/Documents/Soccer_Data/env/lib/python3.8/site-packages/airflow/example_dags/example_dag_decorator.py took 0.922 seconds
[2022-01-28 21:57:22,597] {processor.py:163} INFO - Started process (PID=25303) to work on /home/data-eginner/Documents/Soccer_Data/env/lib/python3.8/site-packages/airflow/example_dags/example_dag_decorator.py
[2022-01-28 21:57:22,620] {processor.py:642} INFO - Processing file /home/data-eginner/Documents/Soccer_Data/env/lib/python3.8/site-packages/airflow/example_dags/example_dag_decorator.py for tasks to queue
[2022-01-28 21:57:22,620] {logging_mixin.py:109} INFO - [2022-01-28 21:57:22,620] {dagbag.py:500} INFO - Filling up the DagBag from /home/data-eginner/Documents/Soccer_Data/env/lib/python3.8/site-packages/airflow/example_dags/example_dag_decorator.py
[2022-01-28 21:57:22,666] {processor.py:654} INFO - DAG(s) dict_keys(['example_dag_decorator']) retrieved from /home/data-eginner/Documents/Soccer_Data/env/lib/python3.8/site-packages/airflow/example_dags/example_dag_decorator.py
[2022-01-28 21:57:22,963] {logging_mixin.py:109} INFO - [2022-01-28 21:57:22,963] {dag.py:2396} INFO - Sync 1 DAGs
[2022-01-28 21:57:22,983] {logging_mixin.py:109} INFO - [2022-01-28 21:57:22,983] {dag.py:2935} INFO - Setting next_dagrun for example_dag_decorator to None
[2022-01-28 21:57:23,014] {processor.py:171} INFO - Processing /home/data-eginner/Documents/Soccer_Data/env/lib/python3.8/site-packages/airflow/example_dags/example_dag_decorator.py took 0.436 seconds
[2022-01-28 21:58:08,811] {processor.py:163} INFO - Started process (PID=25490) to work on /home/data-eginner/Documents/Soccer_Data/env/lib/python3.8/site-packages/airflow/example_dags/example_dag_decorator.py
[2022-01-28 21:58:08,826] {processor.py:642} INFO - Processing file /home/data-eginner/Documents/Soccer_Data/env/lib/python3.8/site-packages/airflow/example_dags/example_dag_decorator.py for tasks to queue
[2022-01-28 21:58:08,826] {logging_mixin.py:109} INFO - [2022-01-28 21:58:08,826] {dagbag.py:500} INFO - Filling up the DagBag from /home/data-eginner/Documents/Soccer_Data/env/lib/python3.8/site-packages/airflow/example_dags/example_dag_decorator.py
[2022-01-28 21:58:08,861] {processor.py:654} INFO - DAG(s) dict_keys(['example_dag_decorator']) retrieved from /home/data-eginner/Documents/Soccer_Data/env/lib/python3.8/site-packages/airflow/example_dags/example_dag_decorator.py
[2022-01-28 21:58:09,087] {logging_mixin.py:109} INFO - [2022-01-28 21:58:09,087] {dag.py:2396} INFO - Sync 1 DAGs
[2022-01-28 21:58:09,099] {logging_mixin.py:109} INFO - [2022-01-28 21:58:09,099] {dag.py:2935} INFO - Setting next_dagrun for example_dag_decorator to None
[2022-01-28 21:58:09,116] {processor.py:171} INFO - Processing /home/data-eginner/Documents/Soccer_Data/env/lib/python3.8/site-packages/airflow/example_dags/example_dag_decorator.py took 0.308 seconds
[2022-01-28 21:58:49,901] {processor.py:163} INFO - Started process (PID=25650) to work on /home/data-eginner/Documents/Soccer_Data/env/lib/python3.8/site-packages/airflow/example_dags/example_dag_decorator.py
[2022-01-28 21:58:49,916] {processor.py:642} INFO - Processing file /home/data-eginner/Documents/Soccer_Data/env/lib/python3.8/site-packages/airflow/example_dags/example_dag_decorator.py for tasks to queue
[2022-01-28 21:58:49,916] {logging_mixin.py:109} INFO - [2022-01-28 21:58:49,916] {dagbag.py:500} INFO - Filling up the DagBag from /home/data-eginner/Documents/Soccer_Data/env/lib/python3.8/site-packages/airflow/example_dags/example_dag_decorator.py
[2022-01-28 21:58:49,945] {processor.py:654} INFO - DAG(s) dict_keys(['example_dag_decorator']) retrieved from /home/data-eginner/Documents/Soccer_Data/env/lib/python3.8/site-packages/airflow/example_dags/example_dag_decorator.py
[2022-01-28 21:58:50,194] {logging_mixin.py:109} INFO - [2022-01-28 21:58:50,193] {dag.py:2396} INFO - Sync 1 DAGs
[2022-01-28 21:58:50,203] {logging_mixin.py:109} INFO - [2022-01-28 21:58:50,203] {dag.py:2935} INFO - Setting next_dagrun for example_dag_decorator to None
[2022-01-28 21:58:50,219] {processor.py:171} INFO - Processing /home/data-eginner/Documents/Soccer_Data/env/lib/python3.8/site-packages/airflow/example_dags/example_dag_decorator.py took 0.324 seconds
[2022-01-28 21:59:43,180] {processor.py:163} INFO - Started process (PID=25855) to work on /home/data-eginner/Documents/Soccer_Data/env/lib/python3.8/site-packages/airflow/example_dags/example_dag_decorator.py
[2022-01-28 21:59:43,189] {processor.py:642} INFO - Processing file /home/data-eginner/Documents/Soccer_Data/env/lib/python3.8/site-packages/airflow/example_dags/example_dag_decorator.py for tasks to queue
[2022-01-28 21:59:43,189] {logging_mixin.py:109} INFO - [2022-01-28 21:59:43,189] {dagbag.py:500} INFO - Filling up the DagBag from /home/data-eginner/Documents/Soccer_Data/env/lib/python3.8/site-packages/airflow/example_dags/example_dag_decorator.py
[2022-01-28 21:59:43,217] {processor.py:654} INFO - DAG(s) dict_keys(['example_dag_decorator']) retrieved from /home/data-eginner/Documents/Soccer_Data/env/lib/python3.8/site-packages/airflow/example_dags/example_dag_decorator.py
[2022-01-28 21:59:43,403] {logging_mixin.py:109} INFO - [2022-01-28 21:59:43,403] {dag.py:2396} INFO - Sync 1 DAGs
[2022-01-28 21:59:43,413] {logging_mixin.py:109} INFO - [2022-01-28 21:59:43,413] {dag.py:2935} INFO - Setting next_dagrun for example_dag_decorator to None
[2022-01-28 21:59:43,430] {processor.py:171} INFO - Processing /home/data-eginner/Documents/Soccer_Data/env/lib/python3.8/site-packages/airflow/example_dags/example_dag_decorator.py took 0.260 seconds
[2022-01-28 22:00:26,843] {processor.py:163} INFO - Started process (PID=26026) to work on /home/data-eginner/Documents/Soccer_Data/env/lib/python3.8/site-packages/airflow/example_dags/example_dag_decorator.py
[2022-01-28 22:00:26,870] {processor.py:642} INFO - Processing file /home/data-eginner/Documents/Soccer_Data/env/lib/python3.8/site-packages/airflow/example_dags/example_dag_decorator.py for tasks to queue
[2022-01-28 22:00:26,870] {logging_mixin.py:109} INFO - [2022-01-28 22:00:26,870] {dagbag.py:500} INFO - Filling up the DagBag from /home/data-eginner/Documents/Soccer_Data/env/lib/python3.8/site-packages/airflow/example_dags/example_dag_decorator.py
[2022-01-28 22:00:26,903] {processor.py:654} INFO - DAG(s) dict_keys(['example_dag_decorator']) retrieved from /home/data-eginner/Documents/Soccer_Data/env/lib/python3.8/site-packages/airflow/example_dags/example_dag_decorator.py
[2022-01-28 22:00:27,099] {logging_mixin.py:109} INFO - [2022-01-28 22:00:27,099] {dag.py:2396} INFO - Sync 1 DAGs
[2022-01-28 22:00:27,109] {logging_mixin.py:109} INFO - [2022-01-28 22:00:27,109] {dag.py:2935} INFO - Setting next_dagrun for example_dag_decorator to None
[2022-01-28 22:00:27,170] {processor.py:171} INFO - Processing /home/data-eginner/Documents/Soccer_Data/env/lib/python3.8/site-packages/airflow/example_dags/example_dag_decorator.py took 0.331 seconds
[2022-01-28 22:01:13,214] {processor.py:163} INFO - Started process (PID=26213) to work on /home/data-eginner/Documents/Soccer_Data/env/lib/python3.8/site-packages/airflow/example_dags/example_dag_decorator.py
[2022-01-28 22:01:13,216] {processor.py:642} INFO - Processing file /home/data-eginner/Documents/Soccer_Data/env/lib/python3.8/site-packages/airflow/example_dags/example_dag_decorator.py for tasks to queue
[2022-01-28 22:01:13,218] {logging_mixin.py:109} INFO - [2022-01-28 22:01:13,217] {dagbag.py:500} INFO - Filling up the DagBag from /home/data-eginner/Documents/Soccer_Data/env/lib/python3.8/site-packages/airflow/example_dags/example_dag_decorator.py
[2022-01-28 22:01:13,249] {processor.py:654} INFO - DAG(s) dict_keys(['example_dag_decorator']) retrieved from /home/data-eginner/Documents/Soccer_Data/env/lib/python3.8/site-packages/airflow/example_dags/example_dag_decorator.py
[2022-01-28 22:01:13,499] {logging_mixin.py:109} INFO - [2022-01-28 22:01:13,499] {dag.py:2396} INFO - Sync 1 DAGs
[2022-01-28 22:01:13,512] {logging_mixin.py:109} INFO - [2022-01-28 22:01:13,512] {dag.py:2935} INFO - Setting next_dagrun for example_dag_decorator to None
[2022-01-28 22:01:13,531] {processor.py:171} INFO - Processing /home/data-eginner/Documents/Soccer_Data/env/lib/python3.8/site-packages/airflow/example_dags/example_dag_decorator.py took 0.319 seconds
[2022-01-28 22:04:35,154] {processor.py:163} INFO - Started process (PID=26631) to work on /home/data-eginner/Documents/Soccer_Data/env/lib/python3.8/site-packages/airflow/example_dags/example_dag_decorator.py
[2022-01-28 22:04:35,169] {processor.py:642} INFO - Processing file /home/data-eginner/Documents/Soccer_Data/env/lib/python3.8/site-packages/airflow/example_dags/example_dag_decorator.py for tasks to queue
[2022-01-28 22:04:35,170] {logging_mixin.py:109} INFO - [2022-01-28 22:04:35,170] {dagbag.py:500} INFO - Filling up the DagBag from /home/data-eginner/Documents/Soccer_Data/env/lib/python3.8/site-packages/airflow/example_dags/example_dag_decorator.py
[2022-01-28 22:04:35,200] {processor.py:654} INFO - DAG(s) dict_keys(['example_dag_decorator']) retrieved from /home/data-eginner/Documents/Soccer_Data/env/lib/python3.8/site-packages/airflow/example_dags/example_dag_decorator.py
[2022-01-28 22:04:35,373] {logging_mixin.py:109} INFO - [2022-01-28 22:04:35,373] {dag.py:2396} INFO - Sync 1 DAGs
[2022-01-28 22:04:35,382] {logging_mixin.py:109} INFO - [2022-01-28 22:04:35,382] {dag.py:2935} INFO - Setting next_dagrun for example_dag_decorator to None
[2022-01-28 22:04:35,399] {processor.py:171} INFO - Processing /home/data-eginner/Documents/Soccer_Data/env/lib/python3.8/site-packages/airflow/example_dags/example_dag_decorator.py took 0.253 seconds
[2022-01-28 22:05:25,483] {processor.py:163} INFO - Started process (PID=26828) to work on /home/data-eginner/Documents/Soccer_Data/env/lib/python3.8/site-packages/airflow/example_dags/example_dag_decorator.py
[2022-01-28 22:05:25,502] {processor.py:642} INFO - Processing file /home/data-eginner/Documents/Soccer_Data/env/lib/python3.8/site-packages/airflow/example_dags/example_dag_decorator.py for tasks to queue
[2022-01-28 22:05:25,503] {logging_mixin.py:109} INFO - [2022-01-28 22:05:25,503] {dagbag.py:500} INFO - Filling up the DagBag from /home/data-eginner/Documents/Soccer_Data/env/lib/python3.8/site-packages/airflow/example_dags/example_dag_decorator.py
[2022-01-28 22:05:25,531] {processor.py:654} INFO - DAG(s) dict_keys(['example_dag_decorator']) retrieved from /home/data-eginner/Documents/Soccer_Data/env/lib/python3.8/site-packages/airflow/example_dags/example_dag_decorator.py
[2022-01-28 22:05:25,898] {logging_mixin.py:109} INFO - [2022-01-28 22:05:25,898] {dag.py:2396} INFO - Sync 1 DAGs
[2022-01-28 22:05:25,933] {logging_mixin.py:109} INFO - [2022-01-28 22:05:25,933] {dag.py:2935} INFO - Setting next_dagrun for example_dag_decorator to None
[2022-01-28 22:05:25,994] {processor.py:171} INFO - Processing /home/data-eginner/Documents/Soccer_Data/env/lib/python3.8/site-packages/airflow/example_dags/example_dag_decorator.py took 0.513 seconds
[2022-01-28 22:06:08,784] {processor.py:163} INFO - Started process (PID=26998) to work on /home/data-eginner/Documents/Soccer_Data/env/lib/python3.8/site-packages/airflow/example_dags/example_dag_decorator.py
[2022-01-28 22:06:08,798] {processor.py:642} INFO - Processing file /home/data-eginner/Documents/Soccer_Data/env/lib/python3.8/site-packages/airflow/example_dags/example_dag_decorator.py for tasks to queue
[2022-01-28 22:06:08,799] {logging_mixin.py:109} INFO - [2022-01-28 22:06:08,799] {dagbag.py:500} INFO - Filling up the DagBag from /home/data-eginner/Documents/Soccer_Data/env/lib/python3.8/site-packages/airflow/example_dags/example_dag_decorator.py
[2022-01-28 22:06:08,830] {processor.py:654} INFO - DAG(s) dict_keys(['example_dag_decorator']) retrieved from /home/data-eginner/Documents/Soccer_Data/env/lib/python3.8/site-packages/airflow/example_dags/example_dag_decorator.py
[2022-01-28 22:06:09,030] {logging_mixin.py:109} INFO - [2022-01-28 22:06:09,029] {dag.py:2396} INFO - Sync 1 DAGs
[2022-01-28 22:06:09,042] {logging_mixin.py:109} INFO - [2022-01-28 22:06:09,042] {dag.py:2935} INFO - Setting next_dagrun for example_dag_decorator to None
[2022-01-28 22:06:09,081] {processor.py:171} INFO - Processing /home/data-eginner/Documents/Soccer_Data/env/lib/python3.8/site-packages/airflow/example_dags/example_dag_decorator.py took 0.303 seconds
[2022-01-28 22:06:48,545] {processor.py:163} INFO - Started process (PID=27164) to work on /home/data-eginner/Documents/Soccer_Data/env/lib/python3.8/site-packages/airflow/example_dags/example_dag_decorator.py
[2022-01-28 22:06:48,548] {processor.py:642} INFO - Processing file /home/data-eginner/Documents/Soccer_Data/env/lib/python3.8/site-packages/airflow/example_dags/example_dag_decorator.py for tasks to queue
[2022-01-28 22:06:48,549] {logging_mixin.py:109} INFO - [2022-01-28 22:06:48,549] {dagbag.py:500} INFO - Filling up the DagBag from /home/data-eginner/Documents/Soccer_Data/env/lib/python3.8/site-packages/airflow/example_dags/example_dag_decorator.py
[2022-01-28 22:06:48,666] {processor.py:654} INFO - DAG(s) dict_keys(['example_dag_decorator']) retrieved from /home/data-eginner/Documents/Soccer_Data/env/lib/python3.8/site-packages/airflow/example_dags/example_dag_decorator.py
[2022-01-28 22:06:49,340] {logging_mixin.py:109} INFO - [2022-01-28 22:06:49,340] {dag.py:2396} INFO - Sync 1 DAGs
[2022-01-28 22:06:49,387] {logging_mixin.py:109} INFO - [2022-01-28 22:06:49,387] {dag.py:2935} INFO - Setting next_dagrun for example_dag_decorator to None
[2022-01-28 22:06:49,434] {processor.py:171} INFO - Processing /home/data-eginner/Documents/Soccer_Data/env/lib/python3.8/site-packages/airflow/example_dags/example_dag_decorator.py took 0.926 seconds
[2022-01-28 22:07:48,934] {processor.py:163} INFO - Started process (PID=27397) to work on /home/data-eginner/Documents/Soccer_Data/env/lib/python3.8/site-packages/airflow/example_dags/example_dag_decorator.py
[2022-01-28 22:07:48,946] {processor.py:642} INFO - Processing file /home/data-eginner/Documents/Soccer_Data/env/lib/python3.8/site-packages/airflow/example_dags/example_dag_decorator.py for tasks to queue
[2022-01-28 22:07:48,947] {logging_mixin.py:109} INFO - [2022-01-28 22:07:48,947] {dagbag.py:500} INFO - Filling up the DagBag from /home/data-eginner/Documents/Soccer_Data/env/lib/python3.8/site-packages/airflow/example_dags/example_dag_decorator.py
[2022-01-28 22:07:49,010] {processor.py:654} INFO - DAG(s) dict_keys(['example_dag_decorator']) retrieved from /home/data-eginner/Documents/Soccer_Data/env/lib/python3.8/site-packages/airflow/example_dags/example_dag_decorator.py
[2022-01-28 22:07:49,364] {logging_mixin.py:109} INFO - [2022-01-28 22:07:49,364] {dag.py:2396} INFO - Sync 1 DAGs
[2022-01-28 22:07:49,386] {logging_mixin.py:109} INFO - [2022-01-28 22:07:49,386] {dag.py:2935} INFO - Setting next_dagrun for example_dag_decorator to None
[2022-01-28 22:07:49,413] {processor.py:171} INFO - Processing /home/data-eginner/Documents/Soccer_Data/env/lib/python3.8/site-packages/airflow/example_dags/example_dag_decorator.py took 0.482 seconds
[2022-01-28 22:08:51,940] {processor.py:163} INFO - Started process (PID=27662) to work on /home/data-eginner/Documents/Soccer_Data/env/lib/python3.8/site-packages/airflow/example_dags/example_dag_decorator.py
[2022-01-28 22:08:51,958] {processor.py:642} INFO - Processing file /home/data-eginner/Documents/Soccer_Data/env/lib/python3.8/site-packages/airflow/example_dags/example_dag_decorator.py for tasks to queue
[2022-01-28 22:08:51,958] {logging_mixin.py:109} INFO - [2022-01-28 22:08:51,958] {dagbag.py:500} INFO - Filling up the DagBag from /home/data-eginner/Documents/Soccer_Data/env/lib/python3.8/site-packages/airflow/example_dags/example_dag_decorator.py
[2022-01-28 22:08:51,988] {processor.py:654} INFO - DAG(s) dict_keys(['example_dag_decorator']) retrieved from /home/data-eginner/Documents/Soccer_Data/env/lib/python3.8/site-packages/airflow/example_dags/example_dag_decorator.py
[2022-01-28 22:08:52,208] {logging_mixin.py:109} INFO - [2022-01-28 22:08:52,208] {dag.py:2396} INFO - Sync 1 DAGs
[2022-01-28 22:08:52,217] {logging_mixin.py:109} INFO - [2022-01-28 22:08:52,217] {dag.py:2935} INFO - Setting next_dagrun for example_dag_decorator to None
[2022-01-28 22:08:52,238] {processor.py:171} INFO - Processing /home/data-eginner/Documents/Soccer_Data/env/lib/python3.8/site-packages/airflow/example_dags/example_dag_decorator.py took 0.301 seconds
[2022-01-28 22:09:38,296] {processor.py:163} INFO - Started process (PID=27842) to work on /home/data-eginner/Documents/Soccer_Data/env/lib/python3.8/site-packages/airflow/example_dags/example_dag_decorator.py
[2022-01-28 22:09:38,302] {processor.py:642} INFO - Processing file /home/data-eginner/Documents/Soccer_Data/env/lib/python3.8/site-packages/airflow/example_dags/example_dag_decorator.py for tasks to queue
[2022-01-28 22:09:38,303] {logging_mixin.py:109} INFO - [2022-01-28 22:09:38,303] {dagbag.py:500} INFO - Filling up the DagBag from /home/data-eginner/Documents/Soccer_Data/env/lib/python3.8/site-packages/airflow/example_dags/example_dag_decorator.py
[2022-01-28 22:09:38,359] {processor.py:654} INFO - DAG(s) dict_keys(['example_dag_decorator']) retrieved from /home/data-eginner/Documents/Soccer_Data/env/lib/python3.8/site-packages/airflow/example_dags/example_dag_decorator.py
[2022-01-28 22:09:38,622] {logging_mixin.py:109} INFO - [2022-01-28 22:09:38,622] {dag.py:2396} INFO - Sync 1 DAGs
[2022-01-28 22:09:38,631] {logging_mixin.py:109} INFO - [2022-01-28 22:09:38,631] {dag.py:2935} INFO - Setting next_dagrun for example_dag_decorator to None
[2022-01-28 22:09:38,652] {processor.py:171} INFO - Processing /home/data-eginner/Documents/Soccer_Data/env/lib/python3.8/site-packages/airflow/example_dags/example_dag_decorator.py took 0.359 seconds
[2022-01-28 22:10:22,554] {processor.py:163} INFO - Started process (PID=28021) to work on /home/data-eginner/Documents/Soccer_Data/env/lib/python3.8/site-packages/airflow/example_dags/example_dag_decorator.py
[2022-01-28 22:10:22,555] {processor.py:642} INFO - Processing file /home/data-eginner/Documents/Soccer_Data/env/lib/python3.8/site-packages/airflow/example_dags/example_dag_decorator.py for tasks to queue
[2022-01-28 22:10:22,556] {logging_mixin.py:109} INFO - [2022-01-28 22:10:22,556] {dagbag.py:500} INFO - Filling up the DagBag from /home/data-eginner/Documents/Soccer_Data/env/lib/python3.8/site-packages/airflow/example_dags/example_dag_decorator.py
[2022-01-28 22:10:22,613] {processor.py:654} INFO - DAG(s) dict_keys(['example_dag_decorator']) retrieved from /home/data-eginner/Documents/Soccer_Data/env/lib/python3.8/site-packages/airflow/example_dags/example_dag_decorator.py
[2022-01-28 22:10:22,870] {logging_mixin.py:109} INFO - [2022-01-28 22:10:22,870] {dag.py:2396} INFO - Sync 1 DAGs
[2022-01-28 22:10:22,892] {logging_mixin.py:109} INFO - [2022-01-28 22:10:22,892] {dag.py:2935} INFO - Setting next_dagrun for example_dag_decorator to None
[2022-01-28 22:10:22,940] {processor.py:171} INFO - Processing /home/data-eginner/Documents/Soccer_Data/env/lib/python3.8/site-packages/airflow/example_dags/example_dag_decorator.py took 0.402 seconds
[2022-01-28 22:11:10,178] {processor.py:163} INFO - Started process (PID=28234) to work on /home/data-eginner/Documents/Soccer_Data/env/lib/python3.8/site-packages/airflow/example_dags/example_dag_decorator.py
[2022-01-28 22:11:10,202] {processor.py:642} INFO - Processing file /home/data-eginner/Documents/Soccer_Data/env/lib/python3.8/site-packages/airflow/example_dags/example_dag_decorator.py for tasks to queue
[2022-01-28 22:11:10,202] {logging_mixin.py:109} INFO - [2022-01-28 22:11:10,202] {dagbag.py:500} INFO - Filling up the DagBag from /home/data-eginner/Documents/Soccer_Data/env/lib/python3.8/site-packages/airflow/example_dags/example_dag_decorator.py
[2022-01-28 22:11:10,227] {processor.py:654} INFO - DAG(s) dict_keys(['example_dag_decorator']) retrieved from /home/data-eginner/Documents/Soccer_Data/env/lib/python3.8/site-packages/airflow/example_dags/example_dag_decorator.py
[2022-01-28 22:11:10,458] {logging_mixin.py:109} INFO - [2022-01-28 22:11:10,458] {dag.py:2396} INFO - Sync 1 DAGs
[2022-01-28 22:11:10,468] {logging_mixin.py:109} INFO - [2022-01-28 22:11:10,468] {dag.py:2935} INFO - Setting next_dagrun for example_dag_decorator to None
[2022-01-28 22:11:10,486] {processor.py:171} INFO - Processing /home/data-eginner/Documents/Soccer_Data/env/lib/python3.8/site-packages/airflow/example_dags/example_dag_decorator.py took 0.311 seconds
[2022-01-28 22:11:53,718] {processor.py:163} INFO - Started process (PID=28422) to work on /home/data-eginner/Documents/Soccer_Data/env/lib/python3.8/site-packages/airflow/example_dags/example_dag_decorator.py
[2022-01-28 22:11:53,728] {processor.py:642} INFO - Processing file /home/data-eginner/Documents/Soccer_Data/env/lib/python3.8/site-packages/airflow/example_dags/example_dag_decorator.py for tasks to queue
[2022-01-28 22:11:53,729] {logging_mixin.py:109} INFO - [2022-01-28 22:11:53,729] {dagbag.py:500} INFO - Filling up the DagBag from /home/data-eginner/Documents/Soccer_Data/env/lib/python3.8/site-packages/airflow/example_dags/example_dag_decorator.py
[2022-01-28 22:11:53,762] {processor.py:654} INFO - DAG(s) dict_keys(['example_dag_decorator']) retrieved from /home/data-eginner/Documents/Soccer_Data/env/lib/python3.8/site-packages/airflow/example_dags/example_dag_decorator.py
[2022-01-28 22:11:53,946] {logging_mixin.py:109} INFO - [2022-01-28 22:11:53,946] {dag.py:2396} INFO - Sync 1 DAGs
[2022-01-28 22:11:53,957] {logging_mixin.py:109} INFO - [2022-01-28 22:11:53,957] {dag.py:2935} INFO - Setting next_dagrun for example_dag_decorator to None
[2022-01-28 22:11:53,974] {processor.py:171} INFO - Processing /home/data-eginner/Documents/Soccer_Data/env/lib/python3.8/site-packages/airflow/example_dags/example_dag_decorator.py took 0.267 seconds
[2022-01-28 22:12:44,548] {processor.py:163} INFO - Started process (PID=28624) to work on /home/data-eginner/Documents/Soccer_Data/env/lib/python3.8/site-packages/airflow/example_dags/example_dag_decorator.py
[2022-01-28 22:12:44,558] {processor.py:642} INFO - Processing file /home/data-eginner/Documents/Soccer_Data/env/lib/python3.8/site-packages/airflow/example_dags/example_dag_decorator.py for tasks to queue
[2022-01-28 22:12:44,559] {logging_mixin.py:109} INFO - [2022-01-28 22:12:44,559] {dagbag.py:500} INFO - Filling up the DagBag from /home/data-eginner/Documents/Soccer_Data/env/lib/python3.8/site-packages/airflow/example_dags/example_dag_decorator.py
[2022-01-28 22:12:44,614] {processor.py:654} INFO - DAG(s) dict_keys(['example_dag_decorator']) retrieved from /home/data-eginner/Documents/Soccer_Data/env/lib/python3.8/site-packages/airflow/example_dags/example_dag_decorator.py
[2022-01-28 22:12:44,963] {logging_mixin.py:109} INFO - [2022-01-28 22:12:44,958] {dag.py:2396} INFO - Sync 1 DAGs
[2022-01-28 22:12:44,978] {logging_mixin.py:109} INFO - [2022-01-28 22:12:44,978] {dag.py:2935} INFO - Setting next_dagrun for example_dag_decorator to None
[2022-01-28 22:12:45,010] {processor.py:171} INFO - Processing /home/data-eginner/Documents/Soccer_Data/env/lib/python3.8/site-packages/airflow/example_dags/example_dag_decorator.py took 0.465 seconds
[2022-01-28 22:13:38,966] {processor.py:163} INFO - Started process (PID=28838) to work on /home/data-eginner/Documents/Soccer_Data/env/lib/python3.8/site-packages/airflow/example_dags/example_dag_decorator.py
[2022-01-28 22:13:38,981] {processor.py:642} INFO - Processing file /home/data-eginner/Documents/Soccer_Data/env/lib/python3.8/site-packages/airflow/example_dags/example_dag_decorator.py for tasks to queue
[2022-01-28 22:13:38,982] {logging_mixin.py:109} INFO - [2022-01-28 22:13:38,982] {dagbag.py:500} INFO - Filling up the DagBag from /home/data-eginner/Documents/Soccer_Data/env/lib/python3.8/site-packages/airflow/example_dags/example_dag_decorator.py
[2022-01-28 22:13:39,027] {processor.py:654} INFO - DAG(s) dict_keys(['example_dag_decorator']) retrieved from /home/data-eginner/Documents/Soccer_Data/env/lib/python3.8/site-packages/airflow/example_dags/example_dag_decorator.py
[2022-01-28 22:13:39,260] {logging_mixin.py:109} INFO - [2022-01-28 22:13:39,260] {dag.py:2396} INFO - Sync 1 DAGs
[2022-01-28 22:13:39,295] {logging_mixin.py:109} INFO - [2022-01-28 22:13:39,295] {dag.py:2935} INFO - Setting next_dagrun for example_dag_decorator to None
[2022-01-28 22:13:39,362] {processor.py:171} INFO - Processing /home/data-eginner/Documents/Soccer_Data/env/lib/python3.8/site-packages/airflow/example_dags/example_dag_decorator.py took 0.398 seconds
[2022-01-28 22:14:32,283] {processor.py:163} INFO - Started process (PID=29043) to work on /home/data-eginner/Documents/Soccer_Data/env/lib/python3.8/site-packages/airflow/example_dags/example_dag_decorator.py
[2022-01-28 22:14:32,297] {processor.py:642} INFO - Processing file /home/data-eginner/Documents/Soccer_Data/env/lib/python3.8/site-packages/airflow/example_dags/example_dag_decorator.py for tasks to queue
[2022-01-28 22:14:32,297] {logging_mixin.py:109} INFO - [2022-01-28 22:14:32,297] {dagbag.py:500} INFO - Filling up the DagBag from /home/data-eginner/Documents/Soccer_Data/env/lib/python3.8/site-packages/airflow/example_dags/example_dag_decorator.py
[2022-01-28 22:14:32,399] {processor.py:654} INFO - DAG(s) dict_keys(['example_dag_decorator']) retrieved from /home/data-eginner/Documents/Soccer_Data/env/lib/python3.8/site-packages/airflow/example_dags/example_dag_decorator.py
[2022-01-28 22:14:33,179] {logging_mixin.py:109} INFO - [2022-01-28 22:14:33,179] {dag.py:2396} INFO - Sync 1 DAGs
[2022-01-28 22:14:33,222] {logging_mixin.py:109} INFO - [2022-01-28 22:14:33,222] {dag.py:2935} INFO - Setting next_dagrun for example_dag_decorator to None
[2022-01-28 22:14:33,271] {processor.py:171} INFO - Processing /home/data-eginner/Documents/Soccer_Data/env/lib/python3.8/site-packages/airflow/example_dags/example_dag_decorator.py took 1.028 seconds
[2022-01-28 22:15:26,362] {processor.py:163} INFO - Started process (PID=29251) to work on /home/data-eginner/Documents/Soccer_Data/env/lib/python3.8/site-packages/airflow/example_dags/example_dag_decorator.py
[2022-01-28 22:15:26,377] {processor.py:642} INFO - Processing file /home/data-eginner/Documents/Soccer_Data/env/lib/python3.8/site-packages/airflow/example_dags/example_dag_decorator.py for tasks to queue
[2022-01-28 22:15:26,379] {logging_mixin.py:109} INFO - [2022-01-28 22:15:26,378] {dagbag.py:500} INFO - Filling up the DagBag from /home/data-eginner/Documents/Soccer_Data/env/lib/python3.8/site-packages/airflow/example_dags/example_dag_decorator.py
[2022-01-28 22:15:26,637] {processor.py:654} INFO - DAG(s) dict_keys(['example_dag_decorator']) retrieved from /home/data-eginner/Documents/Soccer_Data/env/lib/python3.8/site-packages/airflow/example_dags/example_dag_decorator.py
[2022-01-28 22:15:27,205] {logging_mixin.py:109} INFO - [2022-01-28 22:15:27,204] {dag.py:2396} INFO - Sync 1 DAGs
[2022-01-28 22:15:27,255] {logging_mixin.py:109} INFO - [2022-01-28 22:15:27,255] {dag.py:2935} INFO - Setting next_dagrun for example_dag_decorator to None
[2022-01-28 22:15:27,490] {processor.py:171} INFO - Processing /home/data-eginner/Documents/Soccer_Data/env/lib/python3.8/site-packages/airflow/example_dags/example_dag_decorator.py took 1.185 seconds
[2022-01-28 22:16:31,901] {processor.py:163} INFO - Started process (PID=29481) to work on /home/data-eginner/Documents/Soccer_Data/env/lib/python3.8/site-packages/airflow/example_dags/example_dag_decorator.py
[2022-01-28 22:16:31,918] {processor.py:642} INFO - Processing file /home/data-eginner/Documents/Soccer_Data/env/lib/python3.8/site-packages/airflow/example_dags/example_dag_decorator.py for tasks to queue
[2022-01-28 22:16:31,919] {logging_mixin.py:109} INFO - [2022-01-28 22:16:31,919] {dagbag.py:500} INFO - Filling up the DagBag from /home/data-eginner/Documents/Soccer_Data/env/lib/python3.8/site-packages/airflow/example_dags/example_dag_decorator.py
[2022-01-28 22:16:31,976] {processor.py:654} INFO - DAG(s) dict_keys(['example_dag_decorator']) retrieved from /home/data-eginner/Documents/Soccer_Data/env/lib/python3.8/site-packages/airflow/example_dags/example_dag_decorator.py
[2022-01-28 22:16:32,401] {logging_mixin.py:109} INFO - [2022-01-28 22:16:32,401] {dag.py:2396} INFO - Sync 1 DAGs
[2022-01-28 22:16:32,423] {logging_mixin.py:109} INFO - [2022-01-28 22:16:32,423] {dag.py:2935} INFO - Setting next_dagrun for example_dag_decorator to None
[2022-01-28 22:16:32,485] {processor.py:171} INFO - Processing /home/data-eginner/Documents/Soccer_Data/env/lib/python3.8/site-packages/airflow/example_dags/example_dag_decorator.py took 0.586 seconds
[2022-01-28 22:17:34,483] {processor.py:163} INFO - Started process (PID=29723) to work on /home/data-eginner/Documents/Soccer_Data/env/lib/python3.8/site-packages/airflow/example_dags/example_dag_decorator.py
[2022-01-28 22:17:34,498] {processor.py:642} INFO - Processing file /home/data-eginner/Documents/Soccer_Data/env/lib/python3.8/site-packages/airflow/example_dags/example_dag_decorator.py for tasks to queue
[2022-01-28 22:17:34,499] {logging_mixin.py:109} INFO - [2022-01-28 22:17:34,499] {dagbag.py:500} INFO - Filling up the DagBag from /home/data-eginner/Documents/Soccer_Data/env/lib/python3.8/site-packages/airflow/example_dags/example_dag_decorator.py
[2022-01-28 22:17:34,579] {processor.py:654} INFO - DAG(s) dict_keys(['example_dag_decorator']) retrieved from /home/data-eginner/Documents/Soccer_Data/env/lib/python3.8/site-packages/airflow/example_dags/example_dag_decorator.py
[2022-01-28 22:17:35,239] {logging_mixin.py:109} INFO - [2022-01-28 22:17:35,239] {dag.py:2396} INFO - Sync 1 DAGs
[2022-01-28 22:17:35,318] {logging_mixin.py:109} INFO - [2022-01-28 22:17:35,317] {dag.py:2935} INFO - Setting next_dagrun for example_dag_decorator to None
[2022-01-28 22:17:35,501] {processor.py:171} INFO - Processing /home/data-eginner/Documents/Soccer_Data/env/lib/python3.8/site-packages/airflow/example_dags/example_dag_decorator.py took 1.021 seconds
[2022-01-28 22:18:18,233] {processor.py:163} INFO - Started process (PID=29897) to work on /home/data-eginner/Documents/Soccer_Data/env/lib/python3.8/site-packages/airflow/example_dags/example_dag_decorator.py
[2022-01-28 22:18:18,238] {processor.py:642} INFO - Processing file /home/data-eginner/Documents/Soccer_Data/env/lib/python3.8/site-packages/airflow/example_dags/example_dag_decorator.py for tasks to queue
[2022-01-28 22:18:18,239] {logging_mixin.py:109} INFO - [2022-01-28 22:18:18,239] {dagbag.py:500} INFO - Filling up the DagBag from /home/data-eginner/Documents/Soccer_Data/env/lib/python3.8/site-packages/airflow/example_dags/example_dag_decorator.py
[2022-01-28 22:18:18,287] {processor.py:654} INFO - DAG(s) dict_keys(['example_dag_decorator']) retrieved from /home/data-eginner/Documents/Soccer_Data/env/lib/python3.8/site-packages/airflow/example_dags/example_dag_decorator.py
[2022-01-28 22:18:18,704] {logging_mixin.py:109} INFO - [2022-01-28 22:18:18,704] {dag.py:2396} INFO - Sync 1 DAGs
[2022-01-28 22:18:18,725] {logging_mixin.py:109} INFO - [2022-01-28 22:18:18,725] {dag.py:2935} INFO - Setting next_dagrun for example_dag_decorator to None
[2022-01-28 22:18:18,756] {processor.py:171} INFO - Processing /home/data-eginner/Documents/Soccer_Data/env/lib/python3.8/site-packages/airflow/example_dags/example_dag_decorator.py took 0.526 seconds
[2022-01-28 22:19:00,136] {processor.py:163} INFO - Started process (PID=30062) to work on /home/data-eginner/Documents/Soccer_Data/env/lib/python3.8/site-packages/airflow/example_dags/example_dag_decorator.py
[2022-01-28 22:19:00,203] {processor.py:642} INFO - Processing file /home/data-eginner/Documents/Soccer_Data/env/lib/python3.8/site-packages/airflow/example_dags/example_dag_decorator.py for tasks to queue
[2022-01-28 22:19:00,203] {logging_mixin.py:109} INFO - [2022-01-28 22:19:00,203] {dagbag.py:500} INFO - Filling up the DagBag from /home/data-eginner/Documents/Soccer_Data/env/lib/python3.8/site-packages/airflow/example_dags/example_dag_decorator.py
[2022-01-28 22:19:00,234] {processor.py:654} INFO - DAG(s) dict_keys(['example_dag_decorator']) retrieved from /home/data-eginner/Documents/Soccer_Data/env/lib/python3.8/site-packages/airflow/example_dags/example_dag_decorator.py
[2022-01-28 22:19:00,650] {logging_mixin.py:109} INFO - [2022-01-28 22:19:00,650] {dag.py:2396} INFO - Sync 1 DAGs
[2022-01-28 22:19:00,683] {logging_mixin.py:109} INFO - [2022-01-28 22:19:00,682] {dag.py:2935} INFO - Setting next_dagrun for example_dag_decorator to None
[2022-01-28 22:19:00,728] {processor.py:171} INFO - Processing /home/data-eginner/Documents/Soccer_Data/env/lib/python3.8/site-packages/airflow/example_dags/example_dag_decorator.py took 0.597 seconds
[2022-01-28 22:19:48,687] {processor.py:163} INFO - Started process (PID=30260) to work on /home/data-eginner/Documents/Soccer_Data/env/lib/python3.8/site-packages/airflow/example_dags/example_dag_decorator.py
[2022-01-28 22:19:48,730] {processor.py:642} INFO - Processing file /home/data-eginner/Documents/Soccer_Data/env/lib/python3.8/site-packages/airflow/example_dags/example_dag_decorator.py for tasks to queue
[2022-01-28 22:19:48,731] {logging_mixin.py:109} INFO - [2022-01-28 22:19:48,731] {dagbag.py:500} INFO - Filling up the DagBag from /home/data-eginner/Documents/Soccer_Data/env/lib/python3.8/site-packages/airflow/example_dags/example_dag_decorator.py
[2022-01-28 22:19:48,825] {processor.py:654} INFO - DAG(s) dict_keys(['example_dag_decorator']) retrieved from /home/data-eginner/Documents/Soccer_Data/env/lib/python3.8/site-packages/airflow/example_dags/example_dag_decorator.py
[2022-01-28 22:19:49,440] {logging_mixin.py:109} INFO - [2022-01-28 22:19:49,440] {dag.py:2396} INFO - Sync 1 DAGs
[2022-01-28 22:19:49,461] {logging_mixin.py:109} INFO - [2022-01-28 22:19:49,461] {dag.py:2935} INFO - Setting next_dagrun for example_dag_decorator to None
[2022-01-28 22:19:49,492] {processor.py:171} INFO - Processing /home/data-eginner/Documents/Soccer_Data/env/lib/python3.8/site-packages/airflow/example_dags/example_dag_decorator.py took 0.807 seconds
[2022-01-28 22:20:46,008] {processor.py:163} INFO - Started process (PID=30489) to work on /home/data-eginner/Documents/Soccer_Data/env/lib/python3.8/site-packages/airflow/example_dags/example_dag_decorator.py
[2022-01-28 22:20:46,049] {processor.py:642} INFO - Processing file /home/data-eginner/Documents/Soccer_Data/env/lib/python3.8/site-packages/airflow/example_dags/example_dag_decorator.py for tasks to queue
[2022-01-28 22:20:46,049] {logging_mixin.py:109} INFO - [2022-01-28 22:20:46,049] {dagbag.py:500} INFO - Filling up the DagBag from /home/data-eginner/Documents/Soccer_Data/env/lib/python3.8/site-packages/airflow/example_dags/example_dag_decorator.py
[2022-01-28 22:20:46,116] {processor.py:654} INFO - DAG(s) dict_keys(['example_dag_decorator']) retrieved from /home/data-eginner/Documents/Soccer_Data/env/lib/python3.8/site-packages/airflow/example_dags/example_dag_decorator.py
[2022-01-28 22:20:46,293] {logging_mixin.py:109} INFO - [2022-01-28 22:20:46,293] {dag.py:2396} INFO - Sync 1 DAGs
[2022-01-28 22:20:46,302] {logging_mixin.py:109} INFO - [2022-01-28 22:20:46,302] {dag.py:2935} INFO - Setting next_dagrun for example_dag_decorator to None
[2022-01-28 22:20:46,319] {processor.py:171} INFO - Processing /home/data-eginner/Documents/Soccer_Data/env/lib/python3.8/site-packages/airflow/example_dags/example_dag_decorator.py took 0.314 seconds
[2022-01-28 22:21:27,979] {processor.py:163} INFO - Started process (PID=30668) to work on /home/data-eginner/Documents/Soccer_Data/env/lib/python3.8/site-packages/airflow/example_dags/example_dag_decorator.py
[2022-01-28 22:21:27,997] {processor.py:642} INFO - Processing file /home/data-eginner/Documents/Soccer_Data/env/lib/python3.8/site-packages/airflow/example_dags/example_dag_decorator.py for tasks to queue
[2022-01-28 22:21:27,998] {logging_mixin.py:109} INFO - [2022-01-28 22:21:27,997] {dagbag.py:500} INFO - Filling up the DagBag from /home/data-eginner/Documents/Soccer_Data/env/lib/python3.8/site-packages/airflow/example_dags/example_dag_decorator.py
[2022-01-28 22:21:28,026] {processor.py:654} INFO - DAG(s) dict_keys(['example_dag_decorator']) retrieved from /home/data-eginner/Documents/Soccer_Data/env/lib/python3.8/site-packages/airflow/example_dags/example_dag_decorator.py
[2022-01-28 22:21:28,209] {logging_mixin.py:109} INFO - [2022-01-28 22:21:28,209] {dag.py:2396} INFO - Sync 1 DAGs
[2022-01-28 22:21:28,218] {logging_mixin.py:109} INFO - [2022-01-28 22:21:28,218] {dag.py:2935} INFO - Setting next_dagrun for example_dag_decorator to None
[2022-01-28 22:21:28,236] {processor.py:171} INFO - Processing /home/data-eginner/Documents/Soccer_Data/env/lib/python3.8/site-packages/airflow/example_dags/example_dag_decorator.py took 0.260 seconds
[2022-01-28 22:22:06,073] {processor.py:163} INFO - Started process (PID=30836) to work on /home/data-eginner/Documents/Soccer_Data/env/lib/python3.8/site-packages/airflow/example_dags/example_dag_decorator.py
[2022-01-28 22:22:06,076] {processor.py:642} INFO - Processing file /home/data-eginner/Documents/Soccer_Data/env/lib/python3.8/site-packages/airflow/example_dags/example_dag_decorator.py for tasks to queue
[2022-01-28 22:22:06,077] {logging_mixin.py:109} INFO - [2022-01-28 22:22:06,077] {dagbag.py:500} INFO - Filling up the DagBag from /home/data-eginner/Documents/Soccer_Data/env/lib/python3.8/site-packages/airflow/example_dags/example_dag_decorator.py
[2022-01-28 22:22:06,116] {processor.py:654} INFO - DAG(s) dict_keys(['example_dag_decorator']) retrieved from /home/data-eginner/Documents/Soccer_Data/env/lib/python3.8/site-packages/airflow/example_dags/example_dag_decorator.py
[2022-01-28 22:22:06,310] {logging_mixin.py:109} INFO - [2022-01-28 22:22:06,310] {dag.py:2396} INFO - Sync 1 DAGs
[2022-01-28 22:22:06,322] {logging_mixin.py:109} INFO - [2022-01-28 22:22:06,322] {dag.py:2935} INFO - Setting next_dagrun for example_dag_decorator to None
[2022-01-28 22:22:06,339] {processor.py:171} INFO - Processing /home/data-eginner/Documents/Soccer_Data/env/lib/python3.8/site-packages/airflow/example_dags/example_dag_decorator.py took 0.271 seconds
