[2022-01-28 21:08:18,591] {processor.py:163} INFO - Started process (PID=19769) to work on /home/data-eginner/Documents/Soccer_Data/env/lib/python3.8/site-packages/airflow/example_dags/example_complex.py
[2022-01-28 21:08:18,619] {processor.py:642} INFO - Processing file /home/data-eginner/Documents/Soccer_Data/env/lib/python3.8/site-packages/airflow/example_dags/example_complex.py for tasks to queue
[2022-01-28 21:08:18,619] {logging_mixin.py:109} INFO - [2022-01-28 21:08:18,619] {dagbag.py:500} INFO - Filling up the DagBag from /home/data-eginner/Documents/Soccer_Data/env/lib/python3.8/site-packages/airflow/example_dags/example_complex.py
[2022-01-28 21:08:18,716] {processor.py:654} INFO - DAG(s) dict_keys(['example_complex']) retrieved from /home/data-eginner/Documents/Soccer_Data/env/lib/python3.8/site-packages/airflow/example_dags/example_complex.py
[2022-01-28 21:08:18,760] {logging_mixin.py:109} INFO - [2022-01-28 21:08:18,760] {dag.py:2396} INFO - Sync 1 DAGs
[2022-01-28 21:08:18,803] {logging_mixin.py:109} INFO - [2022-01-28 21:08:18,802] {dag.py:2935} INFO - Setting next_dagrun for example_complex to None
[2022-01-28 21:08:18,829] {processor.py:171} INFO - Processing /home/data-eginner/Documents/Soccer_Data/env/lib/python3.8/site-packages/airflow/example_dags/example_complex.py took 0.240 seconds
[2022-01-28 21:09:04,714] {processor.py:163} INFO - Started process (PID=19932) to work on /home/data-eginner/Documents/Soccer_Data/env/lib/python3.8/site-packages/airflow/example_dags/example_complex.py
[2022-01-28 21:09:04,721] {processor.py:642} INFO - Processing file /home/data-eginner/Documents/Soccer_Data/env/lib/python3.8/site-packages/airflow/example_dags/example_complex.py for tasks to queue
[2022-01-28 21:09:04,721] {logging_mixin.py:109} INFO - [2022-01-28 21:09:04,721] {dagbag.py:500} INFO - Filling up the DagBag from /home/data-eginner/Documents/Soccer_Data/env/lib/python3.8/site-packages/airflow/example_dags/example_complex.py
[2022-01-28 21:09:04,754] {processor.py:654} INFO - DAG(s) dict_keys(['example_complex']) retrieved from /home/data-eginner/Documents/Soccer_Data/env/lib/python3.8/site-packages/airflow/example_dags/example_complex.py
[2022-01-28 21:09:04,775] {logging_mixin.py:109} INFO - [2022-01-28 21:09:04,774] {dag.py:2396} INFO - Sync 1 DAGs
[2022-01-28 21:09:04,793] {logging_mixin.py:109} INFO - [2022-01-28 21:09:04,792] {dag.py:2935} INFO - Setting next_dagrun for example_complex to None
[2022-01-28 21:09:04,814] {processor.py:171} INFO - Processing /home/data-eginner/Documents/Soccer_Data/env/lib/python3.8/site-packages/airflow/example_dags/example_complex.py took 0.103 seconds
[2022-01-28 21:10:00,195] {processor.py:163} INFO - Started process (PID=20128) to work on /home/data-eginner/Documents/Soccer_Data/env/lib/python3.8/site-packages/airflow/example_dags/example_complex.py
[2022-01-28 21:10:00,209] {processor.py:642} INFO - Processing file /home/data-eginner/Documents/Soccer_Data/env/lib/python3.8/site-packages/airflow/example_dags/example_complex.py for tasks to queue
[2022-01-28 21:10:00,210] {logging_mixin.py:109} INFO - [2022-01-28 21:10:00,209] {dagbag.py:500} INFO - Filling up the DagBag from /home/data-eginner/Documents/Soccer_Data/env/lib/python3.8/site-packages/airflow/example_dags/example_complex.py
[2022-01-28 21:10:00,272] {processor.py:654} INFO - DAG(s) dict_keys(['example_complex']) retrieved from /home/data-eginner/Documents/Soccer_Data/env/lib/python3.8/site-packages/airflow/example_dags/example_complex.py
[2022-01-28 21:10:00,317] {logging_mixin.py:109} INFO - [2022-01-28 21:10:00,317] {dag.py:2396} INFO - Sync 1 DAGs
[2022-01-28 21:10:00,343] {logging_mixin.py:109} INFO - [2022-01-28 21:10:00,343] {dag.py:2935} INFO - Setting next_dagrun for example_complex to None
[2022-01-28 21:10:00,393] {processor.py:171} INFO - Processing /home/data-eginner/Documents/Soccer_Data/env/lib/python3.8/site-packages/airflow/example_dags/example_complex.py took 0.201 seconds
[2022-01-28 21:10:41,703] {processor.py:163} INFO - Started process (PID=20301) to work on /home/data-eginner/Documents/Soccer_Data/env/lib/python3.8/site-packages/airflow/example_dags/example_complex.py
[2022-01-28 21:10:41,718] {processor.py:642} INFO - Processing file /home/data-eginner/Documents/Soccer_Data/env/lib/python3.8/site-packages/airflow/example_dags/example_complex.py for tasks to queue
[2022-01-28 21:10:41,719] {logging_mixin.py:109} INFO - [2022-01-28 21:10:41,719] {dagbag.py:500} INFO - Filling up the DagBag from /home/data-eginner/Documents/Soccer_Data/env/lib/python3.8/site-packages/airflow/example_dags/example_complex.py
[2022-01-28 21:10:41,774] {processor.py:654} INFO - DAG(s) dict_keys(['example_complex']) retrieved from /home/data-eginner/Documents/Soccer_Data/env/lib/python3.8/site-packages/airflow/example_dags/example_complex.py
[2022-01-28 21:10:41,789] {logging_mixin.py:109} INFO - [2022-01-28 21:10:41,789] {dag.py:2396} INFO - Sync 1 DAGs
[2022-01-28 21:10:41,816] {logging_mixin.py:109} INFO - [2022-01-28 21:10:41,816] {dag.py:2935} INFO - Setting next_dagrun for example_complex to None
[2022-01-28 21:10:41,838] {processor.py:171} INFO - Processing /home/data-eginner/Documents/Soccer_Data/env/lib/python3.8/site-packages/airflow/example_dags/example_complex.py took 0.138 seconds
[2022-01-28 21:11:23,841] {processor.py:163} INFO - Started process (PID=20464) to work on /home/data-eginner/Documents/Soccer_Data/env/lib/python3.8/site-packages/airflow/example_dags/example_complex.py
[2022-01-28 21:11:23,846] {processor.py:642} INFO - Processing file /home/data-eginner/Documents/Soccer_Data/env/lib/python3.8/site-packages/airflow/example_dags/example_complex.py for tasks to queue
[2022-01-28 21:11:23,847] {logging_mixin.py:109} INFO - [2022-01-28 21:11:23,847] {dagbag.py:500} INFO - Filling up the DagBag from /home/data-eginner/Documents/Soccer_Data/env/lib/python3.8/site-packages/airflow/example_dags/example_complex.py
[2022-01-28 21:11:23,883] {processor.py:654} INFO - DAG(s) dict_keys(['example_complex']) retrieved from /home/data-eginner/Documents/Soccer_Data/env/lib/python3.8/site-packages/airflow/example_dags/example_complex.py
[2022-01-28 21:11:23,901] {logging_mixin.py:109} INFO - [2022-01-28 21:11:23,900] {dag.py:2396} INFO - Sync 1 DAGs
[2022-01-28 21:11:23,915] {logging_mixin.py:109} INFO - [2022-01-28 21:11:23,915] {dag.py:2935} INFO - Setting next_dagrun for example_complex to None
[2022-01-28 21:11:23,943] {processor.py:171} INFO - Processing /home/data-eginner/Documents/Soccer_Data/env/lib/python3.8/site-packages/airflow/example_dags/example_complex.py took 0.106 seconds
[2022-01-28 21:12:10,589] {processor.py:163} INFO - Started process (PID=20649) to work on /home/data-eginner/Documents/Soccer_Data/env/lib/python3.8/site-packages/airflow/example_dags/example_complex.py
[2022-01-28 21:12:10,597] {processor.py:642} INFO - Processing file /home/data-eginner/Documents/Soccer_Data/env/lib/python3.8/site-packages/airflow/example_dags/example_complex.py for tasks to queue
[2022-01-28 21:12:10,598] {logging_mixin.py:109} INFO - [2022-01-28 21:12:10,598] {dagbag.py:500} INFO - Filling up the DagBag from /home/data-eginner/Documents/Soccer_Data/env/lib/python3.8/site-packages/airflow/example_dags/example_complex.py
[2022-01-28 21:12:10,665] {processor.py:654} INFO - DAG(s) dict_keys(['example_complex']) retrieved from /home/data-eginner/Documents/Soccer_Data/env/lib/python3.8/site-packages/airflow/example_dags/example_complex.py
[2022-01-28 21:12:10,700] {logging_mixin.py:109} INFO - [2022-01-28 21:12:10,700] {dag.py:2396} INFO - Sync 1 DAGs
[2022-01-28 21:12:10,728] {logging_mixin.py:109} INFO - [2022-01-28 21:12:10,728] {dag.py:2935} INFO - Setting next_dagrun for example_complex to None
[2022-01-28 21:12:10,749] {processor.py:171} INFO - Processing /home/data-eginner/Documents/Soccer_Data/env/lib/python3.8/site-packages/airflow/example_dags/example_complex.py took 0.164 seconds
[2022-01-28 21:12:48,742] {processor.py:163} INFO - Started process (PID=20796) to work on /home/data-eginner/Documents/Soccer_Data/env/lib/python3.8/site-packages/airflow/example_dags/example_complex.py
[2022-01-28 21:12:48,753] {processor.py:642} INFO - Processing file /home/data-eginner/Documents/Soccer_Data/env/lib/python3.8/site-packages/airflow/example_dags/example_complex.py for tasks to queue
[2022-01-28 21:12:48,754] {logging_mixin.py:109} INFO - [2022-01-28 21:12:48,754] {dagbag.py:500} INFO - Filling up the DagBag from /home/data-eginner/Documents/Soccer_Data/env/lib/python3.8/site-packages/airflow/example_dags/example_complex.py
[2022-01-28 21:12:48,798] {processor.py:654} INFO - DAG(s) dict_keys(['example_complex']) retrieved from /home/data-eginner/Documents/Soccer_Data/env/lib/python3.8/site-packages/airflow/example_dags/example_complex.py
[2022-01-28 21:12:48,815] {logging_mixin.py:109} INFO - [2022-01-28 21:12:48,815] {dag.py:2396} INFO - Sync 1 DAGs
[2022-01-28 21:12:48,830] {logging_mixin.py:109} INFO - [2022-01-28 21:12:48,830] {dag.py:2935} INFO - Setting next_dagrun for example_complex to None
[2022-01-28 21:12:48,872] {processor.py:171} INFO - Processing /home/data-eginner/Documents/Soccer_Data/env/lib/python3.8/site-packages/airflow/example_dags/example_complex.py took 0.133 seconds
[2022-01-28 21:13:39,089] {processor.py:163} INFO - Started process (PID=20974) to work on /home/data-eginner/Documents/Soccer_Data/env/lib/python3.8/site-packages/airflow/example_dags/example_complex.py
[2022-01-28 21:13:39,104] {processor.py:642} INFO - Processing file /home/data-eginner/Documents/Soccer_Data/env/lib/python3.8/site-packages/airflow/example_dags/example_complex.py for tasks to queue
[2022-01-28 21:13:39,105] {logging_mixin.py:109} INFO - [2022-01-28 21:13:39,105] {dagbag.py:500} INFO - Filling up the DagBag from /home/data-eginner/Documents/Soccer_Data/env/lib/python3.8/site-packages/airflow/example_dags/example_complex.py
[2022-01-28 21:13:39,202] {processor.py:654} INFO - DAG(s) dict_keys(['example_complex']) retrieved from /home/data-eginner/Documents/Soccer_Data/env/lib/python3.8/site-packages/airflow/example_dags/example_complex.py
[2022-01-28 21:13:39,246] {logging_mixin.py:109} INFO - [2022-01-28 21:13:39,235] {dag.py:2396} INFO - Sync 1 DAGs
[2022-01-28 21:13:39,274] {logging_mixin.py:109} INFO - [2022-01-28 21:13:39,274] {dag.py:2935} INFO - Setting next_dagrun for example_complex to None
[2022-01-28 21:13:39,318] {processor.py:171} INFO - Processing /home/data-eginner/Documents/Soccer_Data/env/lib/python3.8/site-packages/airflow/example_dags/example_complex.py took 0.245 seconds
[2022-01-28 21:14:24,656] {processor.py:163} INFO - Started process (PID=21141) to work on /home/data-eginner/Documents/Soccer_Data/env/lib/python3.8/site-packages/airflow/example_dags/example_complex.py
[2022-01-28 21:14:24,666] {processor.py:642} INFO - Processing file /home/data-eginner/Documents/Soccer_Data/env/lib/python3.8/site-packages/airflow/example_dags/example_complex.py for tasks to queue
[2022-01-28 21:14:24,667] {logging_mixin.py:109} INFO - [2022-01-28 21:14:24,666] {dagbag.py:500} INFO - Filling up the DagBag from /home/data-eginner/Documents/Soccer_Data/env/lib/python3.8/site-packages/airflow/example_dags/example_complex.py
[2022-01-28 21:14:24,756] {processor.py:654} INFO - DAG(s) dict_keys(['example_complex']) retrieved from /home/data-eginner/Documents/Soccer_Data/env/lib/python3.8/site-packages/airflow/example_dags/example_complex.py
[2022-01-28 21:14:24,797] {logging_mixin.py:109} INFO - [2022-01-28 21:14:24,797] {dag.py:2396} INFO - Sync 1 DAGs
[2022-01-28 21:14:24,825] {logging_mixin.py:109} INFO - [2022-01-28 21:14:24,825] {dag.py:2935} INFO - Setting next_dagrun for example_complex to None
[2022-01-28 21:14:24,856] {processor.py:171} INFO - Processing /home/data-eginner/Documents/Soccer_Data/env/lib/python3.8/site-packages/airflow/example_dags/example_complex.py took 0.219 seconds
[2022-01-28 21:15:39,776] {processor.py:163} INFO - Started process (PID=21395) to work on /home/data-eginner/Documents/Soccer_Data/env/lib/python3.8/site-packages/airflow/example_dags/example_complex.py
[2022-01-28 21:15:39,806] {processor.py:642} INFO - Processing file /home/data-eginner/Documents/Soccer_Data/env/lib/python3.8/site-packages/airflow/example_dags/example_complex.py for tasks to queue
[2022-01-28 21:15:39,807] {logging_mixin.py:109} INFO - [2022-01-28 21:15:39,806] {dagbag.py:500} INFO - Filling up the DagBag from /home/data-eginner/Documents/Soccer_Data/env/lib/python3.8/site-packages/airflow/example_dags/example_complex.py
[2022-01-28 21:15:39,906] {processor.py:654} INFO - DAG(s) dict_keys(['example_complex']) retrieved from /home/data-eginner/Documents/Soccer_Data/env/lib/python3.8/site-packages/airflow/example_dags/example_complex.py
[2022-01-28 21:15:39,945] {logging_mixin.py:109} INFO - [2022-01-28 21:15:39,945] {dag.py:2396} INFO - Sync 1 DAGs
[2022-01-28 21:15:39,996] {logging_mixin.py:109} INFO - [2022-01-28 21:15:39,996] {dag.py:2935} INFO - Setting next_dagrun for example_complex to None
[2022-01-28 21:15:40,051] {processor.py:171} INFO - Processing /home/data-eginner/Documents/Soccer_Data/env/lib/python3.8/site-packages/airflow/example_dags/example_complex.py took 0.315 seconds
[2022-01-28 21:16:33,834] {processor.py:163} INFO - Started process (PID=21564) to work on /home/data-eginner/Documents/Soccer_Data/env/lib/python3.8/site-packages/airflow/example_dags/example_complex.py
[2022-01-28 21:16:33,846] {processor.py:642} INFO - Processing file /home/data-eginner/Documents/Soccer_Data/env/lib/python3.8/site-packages/airflow/example_dags/example_complex.py for tasks to queue
[2022-01-28 21:16:33,846] {logging_mixin.py:109} INFO - [2022-01-28 21:16:33,846] {dagbag.py:500} INFO - Filling up the DagBag from /home/data-eginner/Documents/Soccer_Data/env/lib/python3.8/site-packages/airflow/example_dags/example_complex.py
[2022-01-28 21:16:33,946] {processor.py:654} INFO - DAG(s) dict_keys(['example_complex']) retrieved from /home/data-eginner/Documents/Soccer_Data/env/lib/python3.8/site-packages/airflow/example_dags/example_complex.py
[2022-01-28 21:16:34,003] {logging_mixin.py:109} INFO - [2022-01-28 21:16:34,003] {dag.py:2396} INFO - Sync 1 DAGs
[2022-01-28 21:16:34,037] {logging_mixin.py:109} INFO - [2022-01-28 21:16:34,037] {dag.py:2935} INFO - Setting next_dagrun for example_complex to None
[2022-01-28 21:16:34,085] {processor.py:171} INFO - Processing /home/data-eginner/Documents/Soccer_Data/env/lib/python3.8/site-packages/airflow/example_dags/example_complex.py took 0.278 seconds
[2022-01-28 21:17:22,275] {processor.py:163} INFO - Started process (PID=21710) to work on /home/data-eginner/Documents/Soccer_Data/env/lib/python3.8/site-packages/airflow/example_dags/example_complex.py
[2022-01-28 21:17:22,279] {processor.py:642} INFO - Processing file /home/data-eginner/Documents/Soccer_Data/env/lib/python3.8/site-packages/airflow/example_dags/example_complex.py for tasks to queue
[2022-01-28 21:17:22,280] {logging_mixin.py:109} INFO - [2022-01-28 21:17:22,280] {dagbag.py:500} INFO - Filling up the DagBag from /home/data-eginner/Documents/Soccer_Data/env/lib/python3.8/site-packages/airflow/example_dags/example_complex.py
[2022-01-28 21:17:22,338] {processor.py:654} INFO - DAG(s) dict_keys(['example_complex']) retrieved from /home/data-eginner/Documents/Soccer_Data/env/lib/python3.8/site-packages/airflow/example_dags/example_complex.py
[2022-01-28 21:17:22,392] {logging_mixin.py:109} INFO - [2022-01-28 21:17:22,392] {dag.py:2396} INFO - Sync 1 DAGs
[2022-01-28 21:17:22,417] {logging_mixin.py:109} INFO - [2022-01-28 21:17:22,417] {dag.py:2935} INFO - Setting next_dagrun for example_complex to None
[2022-01-28 21:17:22,450] {processor.py:171} INFO - Processing /home/data-eginner/Documents/Soccer_Data/env/lib/python3.8/site-packages/airflow/example_dags/example_complex.py took 0.202 seconds
[2022-01-28 21:18:11,497] {processor.py:163} INFO - Started process (PID=21870) to work on /home/data-eginner/Documents/Soccer_Data/env/lib/python3.8/site-packages/airflow/example_dags/example_complex.py
[2022-01-28 21:18:11,522] {processor.py:642} INFO - Processing file /home/data-eginner/Documents/Soccer_Data/env/lib/python3.8/site-packages/airflow/example_dags/example_complex.py for tasks to queue
[2022-01-28 21:18:11,522] {logging_mixin.py:109} INFO - [2022-01-28 21:18:11,522] {dagbag.py:500} INFO - Filling up the DagBag from /home/data-eginner/Documents/Soccer_Data/env/lib/python3.8/site-packages/airflow/example_dags/example_complex.py
[2022-01-28 21:18:11,631] {processor.py:654} INFO - DAG(s) dict_keys(['example_complex']) retrieved from /home/data-eginner/Documents/Soccer_Data/env/lib/python3.8/site-packages/airflow/example_dags/example_complex.py
[2022-01-28 21:18:11,680] {logging_mixin.py:109} INFO - [2022-01-28 21:18:11,680] {dag.py:2396} INFO - Sync 1 DAGs
[2022-01-28 21:18:11,727] {logging_mixin.py:109} INFO - [2022-01-28 21:18:11,727] {dag.py:2935} INFO - Setting next_dagrun for example_complex to None
[2022-01-28 21:18:11,762] {processor.py:171} INFO - Processing /home/data-eginner/Documents/Soccer_Data/env/lib/python3.8/site-packages/airflow/example_dags/example_complex.py took 0.281 seconds
[2022-01-28 21:19:06,039] {processor.py:163} INFO - Started process (PID=22027) to work on /home/data-eginner/Documents/Soccer_Data/env/lib/python3.8/site-packages/airflow/example_dags/example_complex.py
[2022-01-28 21:19:06,046] {processor.py:642} INFO - Processing file /home/data-eginner/Documents/Soccer_Data/env/lib/python3.8/site-packages/airflow/example_dags/example_complex.py for tasks to queue
[2022-01-28 21:19:06,047] {logging_mixin.py:109} INFO - [2022-01-28 21:19:06,047] {dagbag.py:500} INFO - Filling up the DagBag from /home/data-eginner/Documents/Soccer_Data/env/lib/python3.8/site-packages/airflow/example_dags/example_complex.py
[2022-01-28 21:19:06,096] {processor.py:654} INFO - DAG(s) dict_keys(['example_complex']) retrieved from /home/data-eginner/Documents/Soccer_Data/env/lib/python3.8/site-packages/airflow/example_dags/example_complex.py
[2022-01-28 21:19:06,186] {logging_mixin.py:109} INFO - [2022-01-28 21:19:06,186] {dag.py:2396} INFO - Sync 1 DAGs
[2022-01-28 21:19:06,214] {logging_mixin.py:109} INFO - [2022-01-28 21:19:06,214] {dag.py:2935} INFO - Setting next_dagrun for example_complex to None
[2022-01-28 21:19:06,251] {processor.py:171} INFO - Processing /home/data-eginner/Documents/Soccer_Data/env/lib/python3.8/site-packages/airflow/example_dags/example_complex.py took 0.218 seconds
[2022-01-28 21:19:57,842] {processor.py:163} INFO - Started process (PID=22206) to work on /home/data-eginner/Documents/Soccer_Data/env/lib/python3.8/site-packages/airflow/example_dags/example_complex.py
[2022-01-28 21:19:57,844] {processor.py:642} INFO - Processing file /home/data-eginner/Documents/Soccer_Data/env/lib/python3.8/site-packages/airflow/example_dags/example_complex.py for tasks to queue
[2022-01-28 21:19:57,845] {logging_mixin.py:109} INFO - [2022-01-28 21:19:57,845] {dagbag.py:500} INFO - Filling up the DagBag from /home/data-eginner/Documents/Soccer_Data/env/lib/python3.8/site-packages/airflow/example_dags/example_complex.py
[2022-01-28 21:19:57,886] {processor.py:654} INFO - DAG(s) dict_keys(['example_complex']) retrieved from /home/data-eginner/Documents/Soccer_Data/env/lib/python3.8/site-packages/airflow/example_dags/example_complex.py
[2022-01-28 21:19:57,914] {logging_mixin.py:109} INFO - [2022-01-28 21:19:57,914] {dag.py:2396} INFO - Sync 1 DAGs
[2022-01-28 21:19:57,929] {logging_mixin.py:109} INFO - [2022-01-28 21:19:57,929] {dag.py:2935} INFO - Setting next_dagrun for example_complex to None
[2022-01-28 21:19:57,951] {processor.py:171} INFO - Processing /home/data-eginner/Documents/Soccer_Data/env/lib/python3.8/site-packages/airflow/example_dags/example_complex.py took 0.118 seconds
[2022-01-28 21:20:42,434] {processor.py:163} INFO - Started process (PID=22357) to work on /home/data-eginner/Documents/Soccer_Data/env/lib/python3.8/site-packages/airflow/example_dags/example_complex.py
[2022-01-28 21:20:42,441] {processor.py:642} INFO - Processing file /home/data-eginner/Documents/Soccer_Data/env/lib/python3.8/site-packages/airflow/example_dags/example_complex.py for tasks to queue
[2022-01-28 21:20:42,441] {logging_mixin.py:109} INFO - [2022-01-28 21:20:42,441] {dagbag.py:500} INFO - Filling up the DagBag from /home/data-eginner/Documents/Soccer_Data/env/lib/python3.8/site-packages/airflow/example_dags/example_complex.py
[2022-01-28 21:20:42,518] {processor.py:654} INFO - DAG(s) dict_keys(['example_complex']) retrieved from /home/data-eginner/Documents/Soccer_Data/env/lib/python3.8/site-packages/airflow/example_dags/example_complex.py
[2022-01-28 21:20:42,566] {logging_mixin.py:109} INFO - [2022-01-28 21:20:42,566] {dag.py:2396} INFO - Sync 1 DAGs
[2022-01-28 21:20:42,594] {logging_mixin.py:109} INFO - [2022-01-28 21:20:42,594] {dag.py:2935} INFO - Setting next_dagrun for example_complex to None
[2022-01-28 21:20:42,654] {processor.py:171} INFO - Processing /home/data-eginner/Documents/Soccer_Data/env/lib/python3.8/site-packages/airflow/example_dags/example_complex.py took 0.222 seconds
[2022-01-28 21:21:28,118] {processor.py:163} INFO - Started process (PID=22523) to work on /home/data-eginner/Documents/Soccer_Data/env/lib/python3.8/site-packages/airflow/example_dags/example_complex.py
[2022-01-28 21:21:28,126] {processor.py:642} INFO - Processing file /home/data-eginner/Documents/Soccer_Data/env/lib/python3.8/site-packages/airflow/example_dags/example_complex.py for tasks to queue
[2022-01-28 21:21:28,126] {logging_mixin.py:109} INFO - [2022-01-28 21:21:28,126] {dagbag.py:500} INFO - Filling up the DagBag from /home/data-eginner/Documents/Soccer_Data/env/lib/python3.8/site-packages/airflow/example_dags/example_complex.py
[2022-01-28 21:21:28,159] {processor.py:654} INFO - DAG(s) dict_keys(['example_complex']) retrieved from /home/data-eginner/Documents/Soccer_Data/env/lib/python3.8/site-packages/airflow/example_dags/example_complex.py
[2022-01-28 21:21:28,172] {logging_mixin.py:109} INFO - [2022-01-28 21:21:28,172] {dag.py:2396} INFO - Sync 1 DAGs
[2022-01-28 21:21:28,188] {logging_mixin.py:109} INFO - [2022-01-28 21:21:28,188] {dag.py:2935} INFO - Setting next_dagrun for example_complex to None
[2022-01-28 21:21:28,211] {processor.py:171} INFO - Processing /home/data-eginner/Documents/Soccer_Data/env/lib/python3.8/site-packages/airflow/example_dags/example_complex.py took 0.095 seconds
[2022-01-28 21:22:14,120] {processor.py:163} INFO - Started process (PID=22692) to work on /home/data-eginner/Documents/Soccer_Data/env/lib/python3.8/site-packages/airflow/example_dags/example_complex.py
[2022-01-28 21:22:14,123] {processor.py:642} INFO - Processing file /home/data-eginner/Documents/Soccer_Data/env/lib/python3.8/site-packages/airflow/example_dags/example_complex.py for tasks to queue
[2022-01-28 21:22:14,123] {logging_mixin.py:109} INFO - [2022-01-28 21:22:14,123] {dagbag.py:500} INFO - Filling up the DagBag from /home/data-eginner/Documents/Soccer_Data/env/lib/python3.8/site-packages/airflow/example_dags/example_complex.py
[2022-01-28 21:22:14,157] {processor.py:654} INFO - DAG(s) dict_keys(['example_complex']) retrieved from /home/data-eginner/Documents/Soccer_Data/env/lib/python3.8/site-packages/airflow/example_dags/example_complex.py
[2022-01-28 21:22:14,174] {logging_mixin.py:109} INFO - [2022-01-28 21:22:14,174] {dag.py:2396} INFO - Sync 1 DAGs
[2022-01-28 21:22:14,189] {logging_mixin.py:109} INFO - [2022-01-28 21:22:14,189] {dag.py:2935} INFO - Setting next_dagrun for example_complex to None
[2022-01-28 21:22:14,219] {processor.py:171} INFO - Processing /home/data-eginner/Documents/Soccer_Data/env/lib/python3.8/site-packages/airflow/example_dags/example_complex.py took 0.101 seconds
[2022-01-28 21:26:24,880] {processor.py:163} INFO - Started process (PID=22910) to work on /home/data-eginner/Documents/Soccer_Data/env/lib/python3.8/site-packages/airflow/example_dags/example_complex.py
[2022-01-28 21:26:24,894] {processor.py:642} INFO - Processing file /home/data-eginner/Documents/Soccer_Data/env/lib/python3.8/site-packages/airflow/example_dags/example_complex.py for tasks to queue
[2022-01-28 21:26:24,895] {logging_mixin.py:109} INFO - [2022-01-28 21:26:24,895] {dagbag.py:500} INFO - Filling up the DagBag from /home/data-eginner/Documents/Soccer_Data/env/lib/python3.8/site-packages/airflow/example_dags/example_complex.py
[2022-01-28 21:26:24,979] {processor.py:654} INFO - DAG(s) dict_keys(['example_complex']) retrieved from /home/data-eginner/Documents/Soccer_Data/env/lib/python3.8/site-packages/airflow/example_dags/example_complex.py
[2022-01-28 21:26:25,068] {logging_mixin.py:109} INFO - [2022-01-28 21:26:25,068] {dag.py:2396} INFO - Sync 1 DAGs
[2022-01-28 21:26:25,106] {logging_mixin.py:109} INFO - [2022-01-28 21:26:25,106] {dag.py:2935} INFO - Setting next_dagrun for example_complex to None
[2022-01-28 21:26:25,243] {processor.py:171} INFO - Processing /home/data-eginner/Documents/Soccer_Data/env/lib/python3.8/site-packages/airflow/example_dags/example_complex.py took 0.384 seconds
[2022-01-28 21:27:12,644] {processor.py:163} INFO - Started process (PID=23093) to work on /home/data-eginner/Documents/Soccer_Data/env/lib/python3.8/site-packages/airflow/example_dags/example_complex.py
[2022-01-28 21:27:12,660] {processor.py:642} INFO - Processing file /home/data-eginner/Documents/Soccer_Data/env/lib/python3.8/site-packages/airflow/example_dags/example_complex.py for tasks to queue
[2022-01-28 21:27:12,661] {logging_mixin.py:109} INFO - [2022-01-28 21:27:12,661] {dagbag.py:500} INFO - Filling up the DagBag from /home/data-eginner/Documents/Soccer_Data/env/lib/python3.8/site-packages/airflow/example_dags/example_complex.py
[2022-01-28 21:27:12,751] {processor.py:654} INFO - DAG(s) dict_keys(['example_complex']) retrieved from /home/data-eginner/Documents/Soccer_Data/env/lib/python3.8/site-packages/airflow/example_dags/example_complex.py
[2022-01-28 21:27:12,806] {logging_mixin.py:109} INFO - [2022-01-28 21:27:12,805] {dag.py:2396} INFO - Sync 1 DAGs
[2022-01-28 21:27:12,861] {logging_mixin.py:109} INFO - [2022-01-28 21:27:12,861] {dag.py:2935} INFO - Setting next_dagrun for example_complex to None
[2022-01-28 21:27:12,922] {processor.py:171} INFO - Processing /home/data-eginner/Documents/Soccer_Data/env/lib/python3.8/site-packages/airflow/example_dags/example_complex.py took 0.280 seconds
[2022-01-28 21:28:11,509] {processor.py:163} INFO - Started process (PID=23333) to work on /home/data-eginner/Documents/Soccer_Data/env/lib/python3.8/site-packages/airflow/example_dags/example_complex.py
[2022-01-28 21:28:11,514] {processor.py:642} INFO - Processing file /home/data-eginner/Documents/Soccer_Data/env/lib/python3.8/site-packages/airflow/example_dags/example_complex.py for tasks to queue
[2022-01-28 21:28:11,515] {logging_mixin.py:109} INFO - [2022-01-28 21:28:11,515] {dagbag.py:500} INFO - Filling up the DagBag from /home/data-eginner/Documents/Soccer_Data/env/lib/python3.8/site-packages/airflow/example_dags/example_complex.py
[2022-01-28 21:28:11,644] {processor.py:654} INFO - DAG(s) dict_keys(['example_complex']) retrieved from /home/data-eginner/Documents/Soccer_Data/env/lib/python3.8/site-packages/airflow/example_dags/example_complex.py
[2022-01-28 21:28:11,709] {logging_mixin.py:109} INFO - [2022-01-28 21:28:11,709] {dag.py:2396} INFO - Sync 1 DAGs
[2022-01-28 21:28:11,758] {logging_mixin.py:109} INFO - [2022-01-28 21:28:11,758] {dag.py:2935} INFO - Setting next_dagrun for example_complex to None
[2022-01-28 21:28:11,839] {processor.py:171} INFO - Processing /home/data-eginner/Documents/Soccer_Data/env/lib/python3.8/site-packages/airflow/example_dags/example_complex.py took 0.350 seconds
[2022-01-28 21:28:56,774] {processor.py:163} INFO - Started process (PID=23457) to work on /home/data-eginner/Documents/Soccer_Data/env/lib/python3.8/site-packages/airflow/example_dags/example_complex.py
[2022-01-28 21:28:56,788] {processor.py:642} INFO - Processing file /home/data-eginner/Documents/Soccer_Data/env/lib/python3.8/site-packages/airflow/example_dags/example_complex.py for tasks to queue
[2022-01-28 21:28:56,789] {logging_mixin.py:109} INFO - [2022-01-28 21:28:56,789] {dagbag.py:500} INFO - Filling up the DagBag from /home/data-eginner/Documents/Soccer_Data/env/lib/python3.8/site-packages/airflow/example_dags/example_complex.py
[2022-01-28 21:28:56,894] {processor.py:654} INFO - DAG(s) dict_keys(['example_complex']) retrieved from /home/data-eginner/Documents/Soccer_Data/env/lib/python3.8/site-packages/airflow/example_dags/example_complex.py
[2022-01-28 21:28:56,928] {logging_mixin.py:109} INFO - [2022-01-28 21:28:56,928] {dag.py:2396} INFO - Sync 1 DAGs
[2022-01-28 21:28:56,974] {logging_mixin.py:109} INFO - [2022-01-28 21:28:56,974] {dag.py:2935} INFO - Setting next_dagrun for example_complex to None
[2022-01-28 21:28:57,014] {processor.py:171} INFO - Processing /home/data-eginner/Documents/Soccer_Data/env/lib/python3.8/site-packages/airflow/example_dags/example_complex.py took 0.265 seconds
[2022-01-28 21:29:45,841] {processor.py:163} INFO - Started process (PID=23621) to work on /home/data-eginner/Documents/Soccer_Data/env/lib/python3.8/site-packages/airflow/example_dags/example_complex.py
[2022-01-28 21:29:45,857] {processor.py:642} INFO - Processing file /home/data-eginner/Documents/Soccer_Data/env/lib/python3.8/site-packages/airflow/example_dags/example_complex.py for tasks to queue
[2022-01-28 21:29:45,858] {logging_mixin.py:109} INFO - [2022-01-28 21:29:45,858] {dagbag.py:500} INFO - Filling up the DagBag from /home/data-eginner/Documents/Soccer_Data/env/lib/python3.8/site-packages/airflow/example_dags/example_complex.py
[2022-01-28 21:29:45,906] {processor.py:654} INFO - DAG(s) dict_keys(['example_complex']) retrieved from /home/data-eginner/Documents/Soccer_Data/env/lib/python3.8/site-packages/airflow/example_dags/example_complex.py
[2022-01-28 21:29:45,922] {logging_mixin.py:109} INFO - [2022-01-28 21:29:45,922] {dag.py:2396} INFO - Sync 1 DAGs
[2022-01-28 21:29:45,952] {logging_mixin.py:109} INFO - [2022-01-28 21:29:45,952] {dag.py:2935} INFO - Setting next_dagrun for example_complex to None
[2022-01-28 21:29:45,983] {processor.py:171} INFO - Processing /home/data-eginner/Documents/Soccer_Data/env/lib/python3.8/site-packages/airflow/example_dags/example_complex.py took 0.147 seconds
[2022-01-28 21:30:37,173] {processor.py:163} INFO - Started process (PID=23803) to work on /home/data-eginner/Documents/Soccer_Data/env/lib/python3.8/site-packages/airflow/example_dags/example_complex.py
[2022-01-28 21:30:37,182] {processor.py:642} INFO - Processing file /home/data-eginner/Documents/Soccer_Data/env/lib/python3.8/site-packages/airflow/example_dags/example_complex.py for tasks to queue
[2022-01-28 21:30:37,183] {logging_mixin.py:109} INFO - [2022-01-28 21:30:37,182] {dagbag.py:500} INFO - Filling up the DagBag from /home/data-eginner/Documents/Soccer_Data/env/lib/python3.8/site-packages/airflow/example_dags/example_complex.py
[2022-01-28 21:30:37,221] {processor.py:654} INFO - DAG(s) dict_keys(['example_complex']) retrieved from /home/data-eginner/Documents/Soccer_Data/env/lib/python3.8/site-packages/airflow/example_dags/example_complex.py
[2022-01-28 21:30:37,239] {logging_mixin.py:109} INFO - [2022-01-28 21:30:37,238] {dag.py:2396} INFO - Sync 1 DAGs
[2022-01-28 21:30:37,257] {logging_mixin.py:109} INFO - [2022-01-28 21:30:37,257] {dag.py:2935} INFO - Setting next_dagrun for example_complex to None
[2022-01-28 21:30:37,304] {processor.py:171} INFO - Processing /home/data-eginner/Documents/Soccer_Data/env/lib/python3.8/site-packages/airflow/example_dags/example_complex.py took 0.134 seconds
[2022-01-28 21:31:26,461] {processor.py:163} INFO - Started process (PID=23974) to work on /home/data-eginner/Documents/Soccer_Data/env/lib/python3.8/site-packages/airflow/example_dags/example_complex.py
[2022-01-28 21:31:26,555] {processor.py:642} INFO - Processing file /home/data-eginner/Documents/Soccer_Data/env/lib/python3.8/site-packages/airflow/example_dags/example_complex.py for tasks to queue
[2022-01-28 21:31:26,556] {logging_mixin.py:109} INFO - [2022-01-28 21:31:26,556] {dagbag.py:500} INFO - Filling up the DagBag from /home/data-eginner/Documents/Soccer_Data/env/lib/python3.8/site-packages/airflow/example_dags/example_complex.py
[2022-01-28 21:31:26,632] {processor.py:654} INFO - DAG(s) dict_keys(['example_complex']) retrieved from /home/data-eginner/Documents/Soccer_Data/env/lib/python3.8/site-packages/airflow/example_dags/example_complex.py
[2022-01-28 21:31:26,678] {logging_mixin.py:109} INFO - [2022-01-28 21:31:26,678] {dag.py:2396} INFO - Sync 1 DAGs
[2022-01-28 21:31:26,721] {logging_mixin.py:109} INFO - [2022-01-28 21:31:26,721] {dag.py:2935} INFO - Setting next_dagrun for example_complex to None
[2022-01-28 21:31:26,781] {processor.py:171} INFO - Processing /home/data-eginner/Documents/Soccer_Data/env/lib/python3.8/site-packages/airflow/example_dags/example_complex.py took 0.324 seconds
[2022-01-28 21:32:13,951] {processor.py:163} INFO - Started process (PID=24143) to work on /home/data-eginner/Documents/Soccer_Data/env/lib/python3.8/site-packages/airflow/example_dags/example_complex.py
[2022-01-28 21:32:13,955] {processor.py:642} INFO - Processing file /home/data-eginner/Documents/Soccer_Data/env/lib/python3.8/site-packages/airflow/example_dags/example_complex.py for tasks to queue
[2022-01-28 21:32:13,955] {logging_mixin.py:109} INFO - [2022-01-28 21:32:13,955] {dagbag.py:500} INFO - Filling up the DagBag from /home/data-eginner/Documents/Soccer_Data/env/lib/python3.8/site-packages/airflow/example_dags/example_complex.py
[2022-01-28 21:32:14,006] {processor.py:654} INFO - DAG(s) dict_keys(['example_complex']) retrieved from /home/data-eginner/Documents/Soccer_Data/env/lib/python3.8/site-packages/airflow/example_dags/example_complex.py
[2022-01-28 21:32:14,030] {logging_mixin.py:109} INFO - [2022-01-28 21:32:14,030] {dag.py:2396} INFO - Sync 1 DAGs
[2022-01-28 21:32:14,064] {logging_mixin.py:109} INFO - [2022-01-28 21:32:14,064] {dag.py:2935} INFO - Setting next_dagrun for example_complex to None
[2022-01-28 21:32:14,105] {processor.py:171} INFO - Processing /home/data-eginner/Documents/Soccer_Data/env/lib/python3.8/site-packages/airflow/example_dags/example_complex.py took 0.157 seconds
[2022-01-28 21:32:59,964] {processor.py:163} INFO - Started process (PID=24320) to work on /home/data-eginner/Documents/Soccer_Data/env/lib/python3.8/site-packages/airflow/example_dags/example_complex.py
[2022-01-28 21:32:59,967] {processor.py:642} INFO - Processing file /home/data-eginner/Documents/Soccer_Data/env/lib/python3.8/site-packages/airflow/example_dags/example_complex.py for tasks to queue
[2022-01-28 21:32:59,967] {logging_mixin.py:109} INFO - [2022-01-28 21:32:59,967] {dagbag.py:500} INFO - Filling up the DagBag from /home/data-eginner/Documents/Soccer_Data/env/lib/python3.8/site-packages/airflow/example_dags/example_complex.py
[2022-01-28 21:33:00,037] {processor.py:654} INFO - DAG(s) dict_keys(['example_complex']) retrieved from /home/data-eginner/Documents/Soccer_Data/env/lib/python3.8/site-packages/airflow/example_dags/example_complex.py
[2022-01-28 21:33:00,098] {logging_mixin.py:109} INFO - [2022-01-28 21:33:00,097] {dag.py:2396} INFO - Sync 1 DAGs
[2022-01-28 21:33:00,122] {logging_mixin.py:109} INFO - [2022-01-28 21:33:00,122] {dag.py:2935} INFO - Setting next_dagrun for example_complex to None
[2022-01-28 21:33:00,177] {processor.py:171} INFO - Processing /home/data-eginner/Documents/Soccer_Data/env/lib/python3.8/site-packages/airflow/example_dags/example_complex.py took 0.239 seconds
[2022-01-28 21:33:40,607] {processor.py:163} INFO - Started process (PID=24479) to work on /home/data-eginner/Documents/Soccer_Data/env/lib/python3.8/site-packages/airflow/example_dags/example_complex.py
[2022-01-28 21:33:40,611] {processor.py:642} INFO - Processing file /home/data-eginner/Documents/Soccer_Data/env/lib/python3.8/site-packages/airflow/example_dags/example_complex.py for tasks to queue
[2022-01-28 21:33:40,611] {logging_mixin.py:109} INFO - [2022-01-28 21:33:40,611] {dagbag.py:500} INFO - Filling up the DagBag from /home/data-eginner/Documents/Soccer_Data/env/lib/python3.8/site-packages/airflow/example_dags/example_complex.py
[2022-01-28 21:33:40,643] {processor.py:654} INFO - DAG(s) dict_keys(['example_complex']) retrieved from /home/data-eginner/Documents/Soccer_Data/env/lib/python3.8/site-packages/airflow/example_dags/example_complex.py
[2022-01-28 21:33:40,657] {logging_mixin.py:109} INFO - [2022-01-28 21:33:40,657] {dag.py:2396} INFO - Sync 1 DAGs
[2022-01-28 21:33:40,670] {logging_mixin.py:109} INFO - [2022-01-28 21:33:40,670] {dag.py:2935} INFO - Setting next_dagrun for example_complex to None
[2022-01-28 21:33:40,691] {processor.py:171} INFO - Processing /home/data-eginner/Documents/Soccer_Data/env/lib/python3.8/site-packages/airflow/example_dags/example_complex.py took 0.087 seconds
[2022-01-28 21:34:23,961] {processor.py:163} INFO - Started process (PID=24645) to work on /home/data-eginner/Documents/Soccer_Data/env/lib/python3.8/site-packages/airflow/example_dags/example_complex.py
[2022-01-28 21:34:23,984] {processor.py:642} INFO - Processing file /home/data-eginner/Documents/Soccer_Data/env/lib/python3.8/site-packages/airflow/example_dags/example_complex.py for tasks to queue
[2022-01-28 21:34:23,986] {logging_mixin.py:109} INFO - [2022-01-28 21:34:23,985] {dagbag.py:500} INFO - Filling up the DagBag from /home/data-eginner/Documents/Soccer_Data/env/lib/python3.8/site-packages/airflow/example_dags/example_complex.py
[2022-01-28 21:34:24,070] {processor.py:654} INFO - DAG(s) dict_keys(['example_complex']) retrieved from /home/data-eginner/Documents/Soccer_Data/env/lib/python3.8/site-packages/airflow/example_dags/example_complex.py
[2022-01-28 21:34:24,103] {logging_mixin.py:109} INFO - [2022-01-28 21:34:24,102] {dag.py:2396} INFO - Sync 1 DAGs
[2022-01-28 21:34:24,122] {logging_mixin.py:109} INFO - [2022-01-28 21:34:24,122] {dag.py:2935} INFO - Setting next_dagrun for example_complex to None
[2022-01-28 21:34:24,155] {processor.py:171} INFO - Processing /home/data-eginner/Documents/Soccer_Data/env/lib/python3.8/site-packages/airflow/example_dags/example_complex.py took 0.222 seconds
[2022-01-28 21:56:10,697] {processor.py:163} INFO - Started process (PID=25040) to work on /home/data-eginner/Documents/Soccer_Data/env/lib/python3.8/site-packages/airflow/example_dags/example_complex.py
[2022-01-28 21:56:10,715] {processor.py:642} INFO - Processing file /home/data-eginner/Documents/Soccer_Data/env/lib/python3.8/site-packages/airflow/example_dags/example_complex.py for tasks to queue
[2022-01-28 21:56:10,716] {logging_mixin.py:109} INFO - [2022-01-28 21:56:10,716] {dagbag.py:500} INFO - Filling up the DagBag from /home/data-eginner/Documents/Soccer_Data/env/lib/python3.8/site-packages/airflow/example_dags/example_complex.py
[2022-01-28 21:56:10,815] {processor.py:654} INFO - DAG(s) dict_keys(['example_complex']) retrieved from /home/data-eginner/Documents/Soccer_Data/env/lib/python3.8/site-packages/airflow/example_dags/example_complex.py
[2022-01-28 21:56:10,860] {logging_mixin.py:109} INFO - [2022-01-28 21:56:10,860] {dag.py:2396} INFO - Sync 1 DAGs
[2022-01-28 21:56:10,893] {logging_mixin.py:109} INFO - [2022-01-28 21:56:10,893] {dag.py:2935} INFO - Setting next_dagrun for example_complex to None
[2022-01-28 21:56:10,938] {processor.py:171} INFO - Processing /home/data-eginner/Documents/Soccer_Data/env/lib/python3.8/site-packages/airflow/example_dags/example_complex.py took 0.266 seconds
[2022-01-28 21:56:59,018] {processor.py:163} INFO - Started process (PID=25219) to work on /home/data-eginner/Documents/Soccer_Data/env/lib/python3.8/site-packages/airflow/example_dags/example_complex.py
[2022-01-28 21:56:59,022] {processor.py:642} INFO - Processing file /home/data-eginner/Documents/Soccer_Data/env/lib/python3.8/site-packages/airflow/example_dags/example_complex.py for tasks to queue
[2022-01-28 21:56:59,022] {logging_mixin.py:109} INFO - [2022-01-28 21:56:59,022] {dagbag.py:500} INFO - Filling up the DagBag from /home/data-eginner/Documents/Soccer_Data/env/lib/python3.8/site-packages/airflow/example_dags/example_complex.py
[2022-01-28 21:56:59,103] {processor.py:654} INFO - DAG(s) dict_keys(['example_complex']) retrieved from /home/data-eginner/Documents/Soccer_Data/env/lib/python3.8/site-packages/airflow/example_dags/example_complex.py
[2022-01-28 21:56:59,150] {logging_mixin.py:109} INFO - [2022-01-28 21:56:59,150] {dag.py:2396} INFO - Sync 1 DAGs
[2022-01-28 21:56:59,198] {logging_mixin.py:109} INFO - [2022-01-28 21:56:59,198] {dag.py:2935} INFO - Setting next_dagrun for example_complex to None
[2022-01-28 21:56:59,240] {processor.py:171} INFO - Processing /home/data-eginner/Documents/Soccer_Data/env/lib/python3.8/site-packages/airflow/example_dags/example_complex.py took 0.234 seconds
[2022-01-28 21:57:41,584] {processor.py:163} INFO - Started process (PID=25379) to work on /home/data-eginner/Documents/Soccer_Data/env/lib/python3.8/site-packages/airflow/example_dags/example_complex.py
[2022-01-28 21:57:41,599] {processor.py:642} INFO - Processing file /home/data-eginner/Documents/Soccer_Data/env/lib/python3.8/site-packages/airflow/example_dags/example_complex.py for tasks to queue
[2022-01-28 21:57:41,599] {logging_mixin.py:109} INFO - [2022-01-28 21:57:41,599] {dagbag.py:500} INFO - Filling up the DagBag from /home/data-eginner/Documents/Soccer_Data/env/lib/python3.8/site-packages/airflow/example_dags/example_complex.py
[2022-01-28 21:57:41,655] {processor.py:654} INFO - DAG(s) dict_keys(['example_complex']) retrieved from /home/data-eginner/Documents/Soccer_Data/env/lib/python3.8/site-packages/airflow/example_dags/example_complex.py
[2022-01-28 21:57:41,678] {logging_mixin.py:109} INFO - [2022-01-28 21:57:41,678] {dag.py:2396} INFO - Sync 1 DAGs
[2022-01-28 21:57:41,720] {logging_mixin.py:109} INFO - [2022-01-28 21:57:41,720] {dag.py:2935} INFO - Setting next_dagrun for example_complex to None
[2022-01-28 21:57:41,757] {processor.py:171} INFO - Processing /home/data-eginner/Documents/Soccer_Data/env/lib/python3.8/site-packages/airflow/example_dags/example_complex.py took 0.175 seconds
[2022-01-28 21:58:19,545] {processor.py:163} INFO - Started process (PID=25538) to work on /home/data-eginner/Documents/Soccer_Data/env/lib/python3.8/site-packages/airflow/example_dags/example_complex.py
[2022-01-28 21:58:19,546] {processor.py:642} INFO - Processing file /home/data-eginner/Documents/Soccer_Data/env/lib/python3.8/site-packages/airflow/example_dags/example_complex.py for tasks to queue
[2022-01-28 21:58:19,547] {logging_mixin.py:109} INFO - [2022-01-28 21:58:19,547] {dagbag.py:500} INFO - Filling up the DagBag from /home/data-eginner/Documents/Soccer_Data/env/lib/python3.8/site-packages/airflow/example_dags/example_complex.py
[2022-01-28 21:58:19,580] {processor.py:654} INFO - DAG(s) dict_keys(['example_complex']) retrieved from /home/data-eginner/Documents/Soccer_Data/env/lib/python3.8/site-packages/airflow/example_dags/example_complex.py
[2022-01-28 21:58:19,595] {logging_mixin.py:109} INFO - [2022-01-28 21:58:19,595] {dag.py:2396} INFO - Sync 1 DAGs
[2022-01-28 21:58:19,609] {logging_mixin.py:109} INFO - [2022-01-28 21:58:19,609] {dag.py:2935} INFO - Setting next_dagrun for example_complex to None
[2022-01-28 21:58:19,624] {processor.py:171} INFO - Processing /home/data-eginner/Documents/Soccer_Data/env/lib/python3.8/site-packages/airflow/example_dags/example_complex.py took 0.096 seconds
[2022-01-28 21:59:02,178] {processor.py:163} INFO - Started process (PID=25698) to work on /home/data-eginner/Documents/Soccer_Data/env/lib/python3.8/site-packages/airflow/example_dags/example_complex.py
[2022-01-28 21:59:02,180] {processor.py:642} INFO - Processing file /home/data-eginner/Documents/Soccer_Data/env/lib/python3.8/site-packages/airflow/example_dags/example_complex.py for tasks to queue
[2022-01-28 21:59:02,180] {logging_mixin.py:109} INFO - [2022-01-28 21:59:02,180] {dagbag.py:500} INFO - Filling up the DagBag from /home/data-eginner/Documents/Soccer_Data/env/lib/python3.8/site-packages/airflow/example_dags/example_complex.py
[2022-01-28 21:59:02,227] {processor.py:654} INFO - DAG(s) dict_keys(['example_complex']) retrieved from /home/data-eginner/Documents/Soccer_Data/env/lib/python3.8/site-packages/airflow/example_dags/example_complex.py
[2022-01-28 21:59:02,255] {logging_mixin.py:109} INFO - [2022-01-28 21:59:02,255] {dag.py:2396} INFO - Sync 1 DAGs
[2022-01-28 21:59:02,277] {logging_mixin.py:109} INFO - [2022-01-28 21:59:02,277] {dag.py:2935} INFO - Setting next_dagrun for example_complex to None
[2022-01-28 21:59:02,295] {processor.py:171} INFO - Processing /home/data-eginner/Documents/Soccer_Data/env/lib/python3.8/site-packages/airflow/example_dags/example_complex.py took 0.132 seconds
[2022-01-28 21:59:49,496] {processor.py:163} INFO - Started process (PID=25872) to work on /home/data-eginner/Documents/Soccer_Data/env/lib/python3.8/site-packages/airflow/example_dags/example_complex.py
[2022-01-28 21:59:49,499] {processor.py:642} INFO - Processing file /home/data-eginner/Documents/Soccer_Data/env/lib/python3.8/site-packages/airflow/example_dags/example_complex.py for tasks to queue
[2022-01-28 21:59:49,499] {logging_mixin.py:109} INFO - [2022-01-28 21:59:49,499] {dagbag.py:500} INFO - Filling up the DagBag from /home/data-eginner/Documents/Soccer_Data/env/lib/python3.8/site-packages/airflow/example_dags/example_complex.py
[2022-01-28 21:59:49,526] {processor.py:654} INFO - DAG(s) dict_keys(['example_complex']) retrieved from /home/data-eginner/Documents/Soccer_Data/env/lib/python3.8/site-packages/airflow/example_dags/example_complex.py
[2022-01-28 21:59:49,538] {logging_mixin.py:109} INFO - [2022-01-28 21:59:49,536] {dag.py:2396} INFO - Sync 1 DAGs
[2022-01-28 21:59:49,550] {logging_mixin.py:109} INFO - [2022-01-28 21:59:49,550] {dag.py:2935} INFO - Setting next_dagrun for example_complex to None
[2022-01-28 21:59:49,565] {processor.py:171} INFO - Processing /home/data-eginner/Documents/Soccer_Data/env/lib/python3.8/site-packages/airflow/example_dags/example_complex.py took 0.074 seconds
[2022-01-28 22:00:32,417] {processor.py:163} INFO - Started process (PID=26045) to work on /home/data-eginner/Documents/Soccer_Data/env/lib/python3.8/site-packages/airflow/example_dags/example_complex.py
[2022-01-28 22:00:32,419] {processor.py:642} INFO - Processing file /home/data-eginner/Documents/Soccer_Data/env/lib/python3.8/site-packages/airflow/example_dags/example_complex.py for tasks to queue
[2022-01-28 22:00:32,420] {logging_mixin.py:109} INFO - [2022-01-28 22:00:32,420] {dagbag.py:500} INFO - Filling up the DagBag from /home/data-eginner/Documents/Soccer_Data/env/lib/python3.8/site-packages/airflow/example_dags/example_complex.py
[2022-01-28 22:00:32,454] {processor.py:654} INFO - DAG(s) dict_keys(['example_complex']) retrieved from /home/data-eginner/Documents/Soccer_Data/env/lib/python3.8/site-packages/airflow/example_dags/example_complex.py
[2022-01-28 22:00:32,468] {logging_mixin.py:109} INFO - [2022-01-28 22:00:32,467] {dag.py:2396} INFO - Sync 1 DAGs
[2022-01-28 22:00:32,481] {logging_mixin.py:109} INFO - [2022-01-28 22:00:32,481] {dag.py:2935} INFO - Setting next_dagrun for example_complex to None
[2022-01-28 22:00:32,515] {processor.py:171} INFO - Processing /home/data-eginner/Documents/Soccer_Data/env/lib/python3.8/site-packages/airflow/example_dags/example_complex.py took 0.101 seconds
[2022-01-28 22:01:09,404] {processor.py:163} INFO - Started process (PID=26200) to work on /home/data-eginner/Documents/Soccer_Data/env/lib/python3.8/site-packages/airflow/example_dags/example_complex.py
[2022-01-28 22:01:09,421] {processor.py:642} INFO - Processing file /home/data-eginner/Documents/Soccer_Data/env/lib/python3.8/site-packages/airflow/example_dags/example_complex.py for tasks to queue
[2022-01-28 22:01:09,421] {logging_mixin.py:109} INFO - [2022-01-28 22:01:09,421] {dagbag.py:500} INFO - Filling up the DagBag from /home/data-eginner/Documents/Soccer_Data/env/lib/python3.8/site-packages/airflow/example_dags/example_complex.py
[2022-01-28 22:01:09,466] {processor.py:654} INFO - DAG(s) dict_keys(['example_complex']) retrieved from /home/data-eginner/Documents/Soccer_Data/env/lib/python3.8/site-packages/airflow/example_dags/example_complex.py
[2022-01-28 22:01:09,482] {logging_mixin.py:109} INFO - [2022-01-28 22:01:09,482] {dag.py:2396} INFO - Sync 1 DAGs
[2022-01-28 22:01:09,501] {logging_mixin.py:109} INFO - [2022-01-28 22:01:09,501] {dag.py:2935} INFO - Setting next_dagrun for example_complex to None
[2022-01-28 22:01:09,549] {processor.py:171} INFO - Processing /home/data-eginner/Documents/Soccer_Data/env/lib/python3.8/site-packages/airflow/example_dags/example_complex.py took 0.152 seconds
[2022-01-28 22:02:00,463] {processor.py:163} INFO - Started process (PID=26394) to work on /home/data-eginner/Documents/Soccer_Data/env/lib/python3.8/site-packages/airflow/example_dags/example_complex.py
[2022-01-28 22:02:00,465] {processor.py:642} INFO - Processing file /home/data-eginner/Documents/Soccer_Data/env/lib/python3.8/site-packages/airflow/example_dags/example_complex.py for tasks to queue
[2022-01-28 22:02:00,466] {logging_mixin.py:109} INFO - [2022-01-28 22:02:00,466] {dagbag.py:500} INFO - Filling up the DagBag from /home/data-eginner/Documents/Soccer_Data/env/lib/python3.8/site-packages/airflow/example_dags/example_complex.py
[2022-01-28 22:02:00,506] {processor.py:654} INFO - DAG(s) dict_keys(['example_complex']) retrieved from /home/data-eginner/Documents/Soccer_Data/env/lib/python3.8/site-packages/airflow/example_dags/example_complex.py
[2022-01-28 22:02:00,518] {logging_mixin.py:109} INFO - [2022-01-28 22:02:00,518] {dag.py:2396} INFO - Sync 1 DAGs
[2022-01-28 22:02:00,531] {logging_mixin.py:109} INFO - [2022-01-28 22:02:00,531] {dag.py:2935} INFO - Setting next_dagrun for example_complex to None
[2022-01-28 22:02:00,562] {processor.py:171} INFO - Processing /home/data-eginner/Documents/Soccer_Data/env/lib/python3.8/site-packages/airflow/example_dags/example_complex.py took 0.125 seconds
[2022-01-28 22:04:18,445] {processor.py:163} INFO - Started process (PID=26563) to work on /home/data-eginner/Documents/Soccer_Data/env/lib/python3.8/site-packages/airflow/example_dags/example_complex.py
[2022-01-28 22:04:18,450] {processor.py:642} INFO - Processing file /home/data-eginner/Documents/Soccer_Data/env/lib/python3.8/site-packages/airflow/example_dags/example_complex.py for tasks to queue
[2022-01-28 22:04:18,451] {logging_mixin.py:109} INFO - [2022-01-28 22:04:18,451] {dagbag.py:500} INFO - Filling up the DagBag from /home/data-eginner/Documents/Soccer_Data/env/lib/python3.8/site-packages/airflow/example_dags/example_complex.py
[2022-01-28 22:04:18,487] {processor.py:654} INFO - DAG(s) dict_keys(['example_complex']) retrieved from /home/data-eginner/Documents/Soccer_Data/env/lib/python3.8/site-packages/airflow/example_dags/example_complex.py
[2022-01-28 22:04:18,499] {logging_mixin.py:109} INFO - [2022-01-28 22:04:18,499] {dag.py:2396} INFO - Sync 1 DAGs
[2022-01-28 22:04:18,510] {logging_mixin.py:109} INFO - [2022-01-28 22:04:18,510] {dag.py:2935} INFO - Setting next_dagrun for example_complex to None
[2022-01-28 22:04:18,526] {processor.py:171} INFO - Processing /home/data-eginner/Documents/Soccer_Data/env/lib/python3.8/site-packages/airflow/example_dags/example_complex.py took 0.083 seconds
[2022-01-28 22:05:00,765] {processor.py:163} INFO - Started process (PID=26729) to work on /home/data-eginner/Documents/Soccer_Data/env/lib/python3.8/site-packages/airflow/example_dags/example_complex.py
[2022-01-28 22:05:00,783] {processor.py:642} INFO - Processing file /home/data-eginner/Documents/Soccer_Data/env/lib/python3.8/site-packages/airflow/example_dags/example_complex.py for tasks to queue
[2022-01-28 22:05:00,783] {logging_mixin.py:109} INFO - [2022-01-28 22:05:00,783] {dagbag.py:500} INFO - Filling up the DagBag from /home/data-eginner/Documents/Soccer_Data/env/lib/python3.8/site-packages/airflow/example_dags/example_complex.py
[2022-01-28 22:05:00,883] {processor.py:654} INFO - DAG(s) dict_keys(['example_complex']) retrieved from /home/data-eginner/Documents/Soccer_Data/env/lib/python3.8/site-packages/airflow/example_dags/example_complex.py
[2022-01-28 22:05:00,941] {logging_mixin.py:109} INFO - [2022-01-28 22:05:00,941] {dag.py:2396} INFO - Sync 1 DAGs
[2022-01-28 22:05:00,996] {logging_mixin.py:109} INFO - [2022-01-28 22:05:00,996] {dag.py:2935} INFO - Setting next_dagrun for example_complex to None
[2022-01-28 22:05:01,028] {processor.py:171} INFO - Processing /home/data-eginner/Documents/Soccer_Data/env/lib/python3.8/site-packages/airflow/example_dags/example_complex.py took 0.266 seconds
[2022-01-28 22:05:43,545] {processor.py:163} INFO - Started process (PID=26897) to work on /home/data-eginner/Documents/Soccer_Data/env/lib/python3.8/site-packages/airflow/example_dags/example_complex.py
[2022-01-28 22:05:43,547] {processor.py:642} INFO - Processing file /home/data-eginner/Documents/Soccer_Data/env/lib/python3.8/site-packages/airflow/example_dags/example_complex.py for tasks to queue
[2022-01-28 22:05:43,547] {logging_mixin.py:109} INFO - [2022-01-28 22:05:43,547] {dagbag.py:500} INFO - Filling up the DagBag from /home/data-eginner/Documents/Soccer_Data/env/lib/python3.8/site-packages/airflow/example_dags/example_complex.py
[2022-01-28 22:05:43,586] {processor.py:654} INFO - DAG(s) dict_keys(['example_complex']) retrieved from /home/data-eginner/Documents/Soccer_Data/env/lib/python3.8/site-packages/airflow/example_dags/example_complex.py
[2022-01-28 22:05:43,601] {logging_mixin.py:109} INFO - [2022-01-28 22:05:43,601] {dag.py:2396} INFO - Sync 1 DAGs
[2022-01-28 22:05:43,625] {logging_mixin.py:109} INFO - [2022-01-28 22:05:43,625] {dag.py:2935} INFO - Setting next_dagrun for example_complex to None
[2022-01-28 22:05:43,675] {processor.py:171} INFO - Processing /home/data-eginner/Documents/Soccer_Data/env/lib/python3.8/site-packages/airflow/example_dags/example_complex.py took 0.135 seconds
[2022-01-28 22:06:23,141] {processor.py:163} INFO - Started process (PID=27055) to work on /home/data-eginner/Documents/Soccer_Data/env/lib/python3.8/site-packages/airflow/example_dags/example_complex.py
[2022-01-28 22:06:23,143] {processor.py:642} INFO - Processing file /home/data-eginner/Documents/Soccer_Data/env/lib/python3.8/site-packages/airflow/example_dags/example_complex.py for tasks to queue
[2022-01-28 22:06:23,144] {logging_mixin.py:109} INFO - [2022-01-28 22:06:23,144] {dagbag.py:500} INFO - Filling up the DagBag from /home/data-eginner/Documents/Soccer_Data/env/lib/python3.8/site-packages/airflow/example_dags/example_complex.py
[2022-01-28 22:06:23,166] {processor.py:654} INFO - DAG(s) dict_keys(['example_complex']) retrieved from /home/data-eginner/Documents/Soccer_Data/env/lib/python3.8/site-packages/airflow/example_dags/example_complex.py
[2022-01-28 22:06:23,181] {logging_mixin.py:109} INFO - [2022-01-28 22:06:23,181] {dag.py:2396} INFO - Sync 1 DAGs
[2022-01-28 22:06:23,192] {logging_mixin.py:109} INFO - [2022-01-28 22:06:23,192] {dag.py:2935} INFO - Setting next_dagrun for example_complex to None
[2022-01-28 22:06:23,207] {processor.py:171} INFO - Processing /home/data-eginner/Documents/Soccer_Data/env/lib/python3.8/site-packages/airflow/example_dags/example_complex.py took 0.070 seconds
[2022-01-28 22:07:08,816] {processor.py:163} INFO - Started process (PID=27252) to work on /home/data-eginner/Documents/Soccer_Data/env/lib/python3.8/site-packages/airflow/example_dags/example_complex.py
[2022-01-28 22:07:08,837] {processor.py:642} INFO - Processing file /home/data-eginner/Documents/Soccer_Data/env/lib/python3.8/site-packages/airflow/example_dags/example_complex.py for tasks to queue
[2022-01-28 22:07:08,838] {logging_mixin.py:109} INFO - [2022-01-28 22:07:08,838] {dagbag.py:500} INFO - Filling up the DagBag from /home/data-eginner/Documents/Soccer_Data/env/lib/python3.8/site-packages/airflow/example_dags/example_complex.py
[2022-01-28 22:07:08,873] {processor.py:654} INFO - DAG(s) dict_keys(['example_complex']) retrieved from /home/data-eginner/Documents/Soccer_Data/env/lib/python3.8/site-packages/airflow/example_dags/example_complex.py
[2022-01-28 22:07:08,914] {logging_mixin.py:109} INFO - [2022-01-28 22:07:08,914] {dag.py:2396} INFO - Sync 1 DAGs
[2022-01-28 22:07:08,935] {logging_mixin.py:109} INFO - [2022-01-28 22:07:08,935] {dag.py:2935} INFO - Setting next_dagrun for example_complex to None
[2022-01-28 22:07:09,011] {processor.py:171} INFO - Processing /home/data-eginner/Documents/Soccer_Data/env/lib/python3.8/site-packages/airflow/example_dags/example_complex.py took 0.198 seconds
[2022-01-28 22:08:08,504] {processor.py:163} INFO - Started process (PID=27481) to work on /home/data-eginner/Documents/Soccer_Data/env/lib/python3.8/site-packages/airflow/example_dags/example_complex.py
[2022-01-28 22:08:08,507] {processor.py:642} INFO - Processing file /home/data-eginner/Documents/Soccer_Data/env/lib/python3.8/site-packages/airflow/example_dags/example_complex.py for tasks to queue
[2022-01-28 22:08:08,510] {logging_mixin.py:109} INFO - [2022-01-28 22:08:08,510] {dagbag.py:500} INFO - Filling up the DagBag from /home/data-eginner/Documents/Soccer_Data/env/lib/python3.8/site-packages/airflow/example_dags/example_complex.py
[2022-01-28 22:08:08,549] {processor.py:654} INFO - DAG(s) dict_keys(['example_complex']) retrieved from /home/data-eginner/Documents/Soccer_Data/env/lib/python3.8/site-packages/airflow/example_dags/example_complex.py
[2022-01-28 22:08:08,572] {logging_mixin.py:109} INFO - [2022-01-28 22:08:08,572] {dag.py:2396} INFO - Sync 1 DAGs
[2022-01-28 22:08:08,605] {logging_mixin.py:109} INFO - [2022-01-28 22:08:08,605] {dag.py:2935} INFO - Setting next_dagrun for example_complex to None
[2022-01-28 22:08:08,635] {processor.py:171} INFO - Processing /home/data-eginner/Documents/Soccer_Data/env/lib/python3.8/site-packages/airflow/example_dags/example_complex.py took 0.135 seconds
[2022-01-28 22:08:49,336] {processor.py:163} INFO - Started process (PID=27650) to work on /home/data-eginner/Documents/Soccer_Data/env/lib/python3.8/site-packages/airflow/example_dags/example_complex.py
[2022-01-28 22:08:49,340] {processor.py:642} INFO - Processing file /home/data-eginner/Documents/Soccer_Data/env/lib/python3.8/site-packages/airflow/example_dags/example_complex.py for tasks to queue
[2022-01-28 22:08:49,341] {logging_mixin.py:109} INFO - [2022-01-28 22:08:49,341] {dagbag.py:500} INFO - Filling up the DagBag from /home/data-eginner/Documents/Soccer_Data/env/lib/python3.8/site-packages/airflow/example_dags/example_complex.py
[2022-01-28 22:08:49,399] {processor.py:654} INFO - DAG(s) dict_keys(['example_complex']) retrieved from /home/data-eginner/Documents/Soccer_Data/env/lib/python3.8/site-packages/airflow/example_dags/example_complex.py
[2022-01-28 22:08:49,420] {logging_mixin.py:109} INFO - [2022-01-28 22:08:49,419] {dag.py:2396} INFO - Sync 1 DAGs
[2022-01-28 22:08:49,479] {logging_mixin.py:109} INFO - [2022-01-28 22:08:49,479] {dag.py:2935} INFO - Setting next_dagrun for example_complex to None
[2022-01-28 22:08:49,502] {processor.py:171} INFO - Processing /home/data-eginner/Documents/Soccer_Data/env/lib/python3.8/site-packages/airflow/example_dags/example_complex.py took 0.168 seconds
[2022-01-28 22:09:27,348] {processor.py:163} INFO - Started process (PID=27801) to work on /home/data-eginner/Documents/Soccer_Data/env/lib/python3.8/site-packages/airflow/example_dags/example_complex.py
[2022-01-28 22:09:27,350] {processor.py:642} INFO - Processing file /home/data-eginner/Documents/Soccer_Data/env/lib/python3.8/site-packages/airflow/example_dags/example_complex.py for tasks to queue
[2022-01-28 22:09:27,351] {logging_mixin.py:109} INFO - [2022-01-28 22:09:27,351] {dagbag.py:500} INFO - Filling up the DagBag from /home/data-eginner/Documents/Soccer_Data/env/lib/python3.8/site-packages/airflow/example_dags/example_complex.py
[2022-01-28 22:09:27,378] {processor.py:654} INFO - DAG(s) dict_keys(['example_complex']) retrieved from /home/data-eginner/Documents/Soccer_Data/env/lib/python3.8/site-packages/airflow/example_dags/example_complex.py
[2022-01-28 22:09:27,389] {logging_mixin.py:109} INFO - [2022-01-28 22:09:27,389] {dag.py:2396} INFO - Sync 1 DAGs
[2022-01-28 22:09:27,401] {logging_mixin.py:109} INFO - [2022-01-28 22:09:27,401] {dag.py:2935} INFO - Setting next_dagrun for example_complex to None
[2022-01-28 22:09:27,420] {processor.py:171} INFO - Processing /home/data-eginner/Documents/Soccer_Data/env/lib/python3.8/site-packages/airflow/example_dags/example_complex.py took 0.074 seconds
[2022-01-28 22:10:08,480] {processor.py:163} INFO - Started process (PID=27967) to work on /home/data-eginner/Documents/Soccer_Data/env/lib/python3.8/site-packages/airflow/example_dags/example_complex.py
[2022-01-28 22:10:08,482] {processor.py:642} INFO - Processing file /home/data-eginner/Documents/Soccer_Data/env/lib/python3.8/site-packages/airflow/example_dags/example_complex.py for tasks to queue
[2022-01-28 22:10:08,483] {logging_mixin.py:109} INFO - [2022-01-28 22:10:08,483] {dagbag.py:500} INFO - Filling up the DagBag from /home/data-eginner/Documents/Soccer_Data/env/lib/python3.8/site-packages/airflow/example_dags/example_complex.py
[2022-01-28 22:10:08,512] {processor.py:654} INFO - DAG(s) dict_keys(['example_complex']) retrieved from /home/data-eginner/Documents/Soccer_Data/env/lib/python3.8/site-packages/airflow/example_dags/example_complex.py
[2022-01-28 22:10:08,532] {logging_mixin.py:109} INFO - [2022-01-28 22:10:08,532] {dag.py:2396} INFO - Sync 1 DAGs
[2022-01-28 22:10:08,545] {logging_mixin.py:109} INFO - [2022-01-28 22:10:08,545] {dag.py:2935} INFO - Setting next_dagrun for example_complex to None
[2022-01-28 22:10:08,601] {processor.py:171} INFO - Processing /home/data-eginner/Documents/Soccer_Data/env/lib/python3.8/site-packages/airflow/example_dags/example_complex.py took 0.125 seconds
[2022-01-28 22:10:45,697] {processor.py:163} INFO - Started process (PID=28129) to work on /home/data-eginner/Documents/Soccer_Data/env/lib/python3.8/site-packages/airflow/example_dags/example_complex.py
[2022-01-28 22:10:45,698] {processor.py:642} INFO - Processing file /home/data-eginner/Documents/Soccer_Data/env/lib/python3.8/site-packages/airflow/example_dags/example_complex.py for tasks to queue
[2022-01-28 22:10:45,699] {logging_mixin.py:109} INFO - [2022-01-28 22:10:45,699] {dagbag.py:500} INFO - Filling up the DagBag from /home/data-eginner/Documents/Soccer_Data/env/lib/python3.8/site-packages/airflow/example_dags/example_complex.py
[2022-01-28 22:10:45,742] {processor.py:654} INFO - DAG(s) dict_keys(['example_complex']) retrieved from /home/data-eginner/Documents/Soccer_Data/env/lib/python3.8/site-packages/airflow/example_dags/example_complex.py
[2022-01-28 22:10:45,783] {logging_mixin.py:109} INFO - [2022-01-28 22:10:45,783] {dag.py:2396} INFO - Sync 1 DAGs
[2022-01-28 22:10:45,805] {logging_mixin.py:109} INFO - [2022-01-28 22:10:45,805] {dag.py:2935} INFO - Setting next_dagrun for example_complex to None
[2022-01-28 22:10:45,834] {processor.py:171} INFO - Processing /home/data-eginner/Documents/Soccer_Data/env/lib/python3.8/site-packages/airflow/example_dags/example_complex.py took 0.140 seconds
[2022-01-28 22:11:24,578] {processor.py:163} INFO - Started process (PID=28292) to work on /home/data-eginner/Documents/Soccer_Data/env/lib/python3.8/site-packages/airflow/example_dags/example_complex.py
[2022-01-28 22:11:24,580] {processor.py:642} INFO - Processing file /home/data-eginner/Documents/Soccer_Data/env/lib/python3.8/site-packages/airflow/example_dags/example_complex.py for tasks to queue
[2022-01-28 22:11:24,580] {logging_mixin.py:109} INFO - [2022-01-28 22:11:24,580] {dagbag.py:500} INFO - Filling up the DagBag from /home/data-eginner/Documents/Soccer_Data/env/lib/python3.8/site-packages/airflow/example_dags/example_complex.py
[2022-01-28 22:11:24,619] {processor.py:654} INFO - DAG(s) dict_keys(['example_complex']) retrieved from /home/data-eginner/Documents/Soccer_Data/env/lib/python3.8/site-packages/airflow/example_dags/example_complex.py
[2022-01-28 22:11:24,631] {logging_mixin.py:109} INFO - [2022-01-28 22:11:24,631] {dag.py:2396} INFO - Sync 1 DAGs
[2022-01-28 22:11:24,644] {logging_mixin.py:109} INFO - [2022-01-28 22:11:24,644] {dag.py:2935} INFO - Setting next_dagrun for example_complex to None
[2022-01-28 22:11:24,660] {processor.py:171} INFO - Processing /home/data-eginner/Documents/Soccer_Data/env/lib/python3.8/site-packages/airflow/example_dags/example_complex.py took 0.091 seconds
[2022-01-28 22:11:58,137] {processor.py:163} INFO - Started process (PID=28442) to work on /home/data-eginner/Documents/Soccer_Data/env/lib/python3.8/site-packages/airflow/example_dags/example_complex.py
[2022-01-28 22:11:58,140] {processor.py:642} INFO - Processing file /home/data-eginner/Documents/Soccer_Data/env/lib/python3.8/site-packages/airflow/example_dags/example_complex.py for tasks to queue
[2022-01-28 22:11:58,140] {logging_mixin.py:109} INFO - [2022-01-28 22:11:58,140] {dagbag.py:500} INFO - Filling up the DagBag from /home/data-eginner/Documents/Soccer_Data/env/lib/python3.8/site-packages/airflow/example_dags/example_complex.py
[2022-01-28 22:11:58,167] {processor.py:654} INFO - DAG(s) dict_keys(['example_complex']) retrieved from /home/data-eginner/Documents/Soccer_Data/env/lib/python3.8/site-packages/airflow/example_dags/example_complex.py
[2022-01-28 22:11:58,178] {logging_mixin.py:109} INFO - [2022-01-28 22:11:58,178] {dag.py:2396} INFO - Sync 1 DAGs
[2022-01-28 22:11:58,189] {logging_mixin.py:109} INFO - [2022-01-28 22:11:58,188] {dag.py:2935} INFO - Setting next_dagrun for example_complex to None
[2022-01-28 22:11:58,204] {processor.py:171} INFO - Processing /home/data-eginner/Documents/Soccer_Data/env/lib/python3.8/site-packages/airflow/example_dags/example_complex.py took 0.070 seconds
[2022-01-28 22:12:37,691] {processor.py:163} INFO - Started process (PID=28596) to work on /home/data-eginner/Documents/Soccer_Data/env/lib/python3.8/site-packages/airflow/example_dags/example_complex.py
[2022-01-28 22:12:37,698] {processor.py:642} INFO - Processing file /home/data-eginner/Documents/Soccer_Data/env/lib/python3.8/site-packages/airflow/example_dags/example_complex.py for tasks to queue
[2022-01-28 22:12:37,698] {logging_mixin.py:109} INFO - [2022-01-28 22:12:37,698] {dagbag.py:500} INFO - Filling up the DagBag from /home/data-eginner/Documents/Soccer_Data/env/lib/python3.8/site-packages/airflow/example_dags/example_complex.py
[2022-01-28 22:12:37,754] {processor.py:654} INFO - DAG(s) dict_keys(['example_complex']) retrieved from /home/data-eginner/Documents/Soccer_Data/env/lib/python3.8/site-packages/airflow/example_dags/example_complex.py
[2022-01-28 22:12:37,802] {logging_mixin.py:109} INFO - [2022-01-28 22:12:37,802] {dag.py:2396} INFO - Sync 1 DAGs
[2022-01-28 22:12:37,835] {logging_mixin.py:109} INFO - [2022-01-28 22:12:37,835] {dag.py:2935} INFO - Setting next_dagrun for example_complex to None
[2022-01-28 22:12:37,868] {processor.py:171} INFO - Processing /home/data-eginner/Documents/Soccer_Data/env/lib/python3.8/site-packages/airflow/example_dags/example_complex.py took 0.180 seconds
[2022-01-28 22:13:17,272] {processor.py:163} INFO - Started process (PID=28748) to work on /home/data-eginner/Documents/Soccer_Data/env/lib/python3.8/site-packages/airflow/example_dags/example_complex.py
[2022-01-28 22:13:17,275] {processor.py:642} INFO - Processing file /home/data-eginner/Documents/Soccer_Data/env/lib/python3.8/site-packages/airflow/example_dags/example_complex.py for tasks to queue
[2022-01-28 22:13:17,276] {logging_mixin.py:109} INFO - [2022-01-28 22:13:17,276] {dagbag.py:500} INFO - Filling up the DagBag from /home/data-eginner/Documents/Soccer_Data/env/lib/python3.8/site-packages/airflow/example_dags/example_complex.py
[2022-01-28 22:13:17,321] {processor.py:654} INFO - DAG(s) dict_keys(['example_complex']) retrieved from /home/data-eginner/Documents/Soccer_Data/env/lib/python3.8/site-packages/airflow/example_dags/example_complex.py
[2022-01-28 22:13:17,337] {logging_mixin.py:109} INFO - [2022-01-28 22:13:17,337] {dag.py:2396} INFO - Sync 1 DAGs
[2022-01-28 22:13:17,351] {logging_mixin.py:109} INFO - [2022-01-28 22:13:17,351] {dag.py:2935} INFO - Setting next_dagrun for example_complex to None
[2022-01-28 22:13:17,376] {processor.py:171} INFO - Processing /home/data-eginner/Documents/Soccer_Data/env/lib/python3.8/site-packages/airflow/example_dags/example_complex.py took 0.113 seconds
[2022-01-28 22:14:00,589] {processor.py:163} INFO - Started process (PID=28930) to work on /home/data-eginner/Documents/Soccer_Data/env/lib/python3.8/site-packages/airflow/example_dags/example_complex.py
[2022-01-28 22:14:00,614] {processor.py:642} INFO - Processing file /home/data-eginner/Documents/Soccer_Data/env/lib/python3.8/site-packages/airflow/example_dags/example_complex.py for tasks to queue
[2022-01-28 22:14:00,615] {logging_mixin.py:109} INFO - [2022-01-28 22:14:00,615] {dagbag.py:500} INFO - Filling up the DagBag from /home/data-eginner/Documents/Soccer_Data/env/lib/python3.8/site-packages/airflow/example_dags/example_complex.py
[2022-01-28 22:14:00,674] {processor.py:654} INFO - DAG(s) dict_keys(['example_complex']) retrieved from /home/data-eginner/Documents/Soccer_Data/env/lib/python3.8/site-packages/airflow/example_dags/example_complex.py
[2022-01-28 22:14:00,706] {logging_mixin.py:109} INFO - [2022-01-28 22:14:00,706] {dag.py:2396} INFO - Sync 1 DAGs
[2022-01-28 22:14:00,737] {logging_mixin.py:109} INFO - [2022-01-28 22:14:00,737] {dag.py:2935} INFO - Setting next_dagrun for example_complex to None
[2022-01-28 22:14:00,789] {processor.py:171} INFO - Processing /home/data-eginner/Documents/Soccer_Data/env/lib/python3.8/site-packages/airflow/example_dags/example_complex.py took 0.203 seconds
[2022-01-28 22:14:46,612] {processor.py:163} INFO - Started process (PID=29103) to work on /home/data-eginner/Documents/Soccer_Data/env/lib/python3.8/site-packages/airflow/example_dags/example_complex.py
[2022-01-28 22:14:46,616] {processor.py:642} INFO - Processing file /home/data-eginner/Documents/Soccer_Data/env/lib/python3.8/site-packages/airflow/example_dags/example_complex.py for tasks to queue
[2022-01-28 22:14:46,617] {logging_mixin.py:109} INFO - [2022-01-28 22:14:46,617] {dagbag.py:500} INFO - Filling up the DagBag from /home/data-eginner/Documents/Soccer_Data/env/lib/python3.8/site-packages/airflow/example_dags/example_complex.py
[2022-01-28 22:14:46,676] {processor.py:654} INFO - DAG(s) dict_keys(['example_complex']) retrieved from /home/data-eginner/Documents/Soccer_Data/env/lib/python3.8/site-packages/airflow/example_dags/example_complex.py
[2022-01-28 22:14:46,698] {logging_mixin.py:109} INFO - [2022-01-28 22:14:46,698] {dag.py:2396} INFO - Sync 1 DAGs
[2022-01-28 22:14:46,722] {logging_mixin.py:109} INFO - [2022-01-28 22:14:46,721] {dag.py:2935} INFO - Setting next_dagrun for example_complex to None
[2022-01-28 22:14:46,747] {processor.py:171} INFO - Processing /home/data-eginner/Documents/Soccer_Data/env/lib/python3.8/site-packages/airflow/example_dags/example_complex.py took 0.143 seconds
[2022-01-28 22:15:47,387] {processor.py:163} INFO - Started process (PID=29314) to work on /home/data-eginner/Documents/Soccer_Data/env/lib/python3.8/site-packages/airflow/example_dags/example_complex.py
[2022-01-28 22:15:47,405] {processor.py:642} INFO - Processing file /home/data-eginner/Documents/Soccer_Data/env/lib/python3.8/site-packages/airflow/example_dags/example_complex.py for tasks to queue
[2022-01-28 22:15:47,406] {logging_mixin.py:109} INFO - [2022-01-28 22:15:47,406] {dagbag.py:500} INFO - Filling up the DagBag from /home/data-eginner/Documents/Soccer_Data/env/lib/python3.8/site-packages/airflow/example_dags/example_complex.py
[2022-01-28 22:15:47,488] {processor.py:654} INFO - DAG(s) dict_keys(['example_complex']) retrieved from /home/data-eginner/Documents/Soccer_Data/env/lib/python3.8/site-packages/airflow/example_dags/example_complex.py
[2022-01-28 22:15:47,557] {logging_mixin.py:109} INFO - [2022-01-28 22:15:47,557] {dag.py:2396} INFO - Sync 1 DAGs
[2022-01-28 22:15:47,591] {logging_mixin.py:109} INFO - [2022-01-28 22:15:47,591] {dag.py:2935} INFO - Setting next_dagrun for example_complex to None
[2022-01-28 22:15:47,655] {processor.py:171} INFO - Processing /home/data-eginner/Documents/Soccer_Data/env/lib/python3.8/site-packages/airflow/example_dags/example_complex.py took 0.271 seconds
[2022-01-28 22:16:30,528] {processor.py:163} INFO - Started process (PID=29475) to work on /home/data-eginner/Documents/Soccer_Data/env/lib/python3.8/site-packages/airflow/example_dags/example_complex.py
[2022-01-28 22:16:30,542] {processor.py:642} INFO - Processing file /home/data-eginner/Documents/Soccer_Data/env/lib/python3.8/site-packages/airflow/example_dags/example_complex.py for tasks to queue
[2022-01-28 22:16:30,543] {logging_mixin.py:109} INFO - [2022-01-28 22:16:30,543] {dagbag.py:500} INFO - Filling up the DagBag from /home/data-eginner/Documents/Soccer_Data/env/lib/python3.8/site-packages/airflow/example_dags/example_complex.py
[2022-01-28 22:16:30,582] {processor.py:654} INFO - DAG(s) dict_keys(['example_complex']) retrieved from /home/data-eginner/Documents/Soccer_Data/env/lib/python3.8/site-packages/airflow/example_dags/example_complex.py
[2022-01-28 22:16:30,614] {logging_mixin.py:109} INFO - [2022-01-28 22:16:30,614] {dag.py:2396} INFO - Sync 1 DAGs
[2022-01-28 22:16:30,630] {logging_mixin.py:109} INFO - [2022-01-28 22:16:30,630] {dag.py:2935} INFO - Setting next_dagrun for example_complex to None
[2022-01-28 22:16:30,655] {processor.py:171} INFO - Processing /home/data-eginner/Documents/Soccer_Data/env/lib/python3.8/site-packages/airflow/example_dags/example_complex.py took 0.130 seconds
[2022-01-28 22:17:23,425] {processor.py:163} INFO - Started process (PID=29677) to work on /home/data-eginner/Documents/Soccer_Data/env/lib/python3.8/site-packages/airflow/example_dags/example_complex.py
[2022-01-28 22:17:23,427] {processor.py:642} INFO - Processing file /home/data-eginner/Documents/Soccer_Data/env/lib/python3.8/site-packages/airflow/example_dags/example_complex.py for tasks to queue
[2022-01-28 22:17:23,427] {logging_mixin.py:109} INFO - [2022-01-28 22:17:23,427] {dagbag.py:500} INFO - Filling up the DagBag from /home/data-eginner/Documents/Soccer_Data/env/lib/python3.8/site-packages/airflow/example_dags/example_complex.py
[2022-01-28 22:17:23,452] {processor.py:654} INFO - DAG(s) dict_keys(['example_complex']) retrieved from /home/data-eginner/Documents/Soccer_Data/env/lib/python3.8/site-packages/airflow/example_dags/example_complex.py
[2022-01-28 22:17:23,470] {logging_mixin.py:109} INFO - [2022-01-28 22:17:23,470] {dag.py:2396} INFO - Sync 1 DAGs
[2022-01-28 22:17:23,482] {logging_mixin.py:109} INFO - [2022-01-28 22:17:23,482] {dag.py:2935} INFO - Setting next_dagrun for example_complex to None
[2022-01-28 22:17:23,499] {processor.py:171} INFO - Processing /home/data-eginner/Documents/Soccer_Data/env/lib/python3.8/site-packages/airflow/example_dags/example_complex.py took 0.088 seconds
[2022-01-28 22:18:04,940] {processor.py:163} INFO - Started process (PID=29840) to work on /home/data-eginner/Documents/Soccer_Data/env/lib/python3.8/site-packages/airflow/example_dags/example_complex.py
[2022-01-28 22:18:04,943] {processor.py:642} INFO - Processing file /home/data-eginner/Documents/Soccer_Data/env/lib/python3.8/site-packages/airflow/example_dags/example_complex.py for tasks to queue
[2022-01-28 22:18:04,944] {logging_mixin.py:109} INFO - [2022-01-28 22:18:04,944] {dagbag.py:500} INFO - Filling up the DagBag from /home/data-eginner/Documents/Soccer_Data/env/lib/python3.8/site-packages/airflow/example_dags/example_complex.py
[2022-01-28 22:18:04,981] {processor.py:654} INFO - DAG(s) dict_keys(['example_complex']) retrieved from /home/data-eginner/Documents/Soccer_Data/env/lib/python3.8/site-packages/airflow/example_dags/example_complex.py
[2022-01-28 22:18:04,993] {logging_mixin.py:109} INFO - [2022-01-28 22:18:04,993] {dag.py:2396} INFO - Sync 1 DAGs
[2022-01-28 22:18:05,005] {logging_mixin.py:109} INFO - [2022-01-28 22:18:05,005] {dag.py:2935} INFO - Setting next_dagrun for example_complex to None
[2022-01-28 22:18:05,020] {processor.py:171} INFO - Processing /home/data-eginner/Documents/Soccer_Data/env/lib/python3.8/site-packages/airflow/example_dags/example_complex.py took 0.088 seconds
[2022-01-28 22:18:43,503] {processor.py:163} INFO - Started process (PID=29998) to work on /home/data-eginner/Documents/Soccer_Data/env/lib/python3.8/site-packages/airflow/example_dags/example_complex.py
[2022-01-28 22:18:43,506] {processor.py:642} INFO - Processing file /home/data-eginner/Documents/Soccer_Data/env/lib/python3.8/site-packages/airflow/example_dags/example_complex.py for tasks to queue
[2022-01-28 22:18:43,506] {logging_mixin.py:109} INFO - [2022-01-28 22:18:43,506] {dagbag.py:500} INFO - Filling up the DagBag from /home/data-eginner/Documents/Soccer_Data/env/lib/python3.8/site-packages/airflow/example_dags/example_complex.py
[2022-01-28 22:18:43,549] {processor.py:654} INFO - DAG(s) dict_keys(['example_complex']) retrieved from /home/data-eginner/Documents/Soccer_Data/env/lib/python3.8/site-packages/airflow/example_dags/example_complex.py
[2022-01-28 22:18:43,572] {logging_mixin.py:109} INFO - [2022-01-28 22:18:43,572] {dag.py:2396} INFO - Sync 1 DAGs
[2022-01-28 22:18:43,594] {logging_mixin.py:109} INFO - [2022-01-28 22:18:43,593] {dag.py:2935} INFO - Setting next_dagrun for example_complex to None
[2022-01-28 22:18:43,631] {processor.py:171} INFO - Processing /home/data-eginner/Documents/Soccer_Data/env/lib/python3.8/site-packages/airflow/example_dags/example_complex.py took 0.144 seconds
[2022-01-28 22:19:27,646] {processor.py:163} INFO - Started process (PID=30178) to work on /home/data-eginner/Documents/Soccer_Data/env/lib/python3.8/site-packages/airflow/example_dags/example_complex.py
[2022-01-28 22:19:27,694] {processor.py:642} INFO - Processing file /home/data-eginner/Documents/Soccer_Data/env/lib/python3.8/site-packages/airflow/example_dags/example_complex.py for tasks to queue
[2022-01-28 22:19:27,694] {logging_mixin.py:109} INFO - [2022-01-28 22:19:27,694] {dagbag.py:500} INFO - Filling up the DagBag from /home/data-eginner/Documents/Soccer_Data/env/lib/python3.8/site-packages/airflow/example_dags/example_complex.py
[2022-01-28 22:19:27,776] {processor.py:654} INFO - DAG(s) dict_keys(['example_complex']) retrieved from /home/data-eginner/Documents/Soccer_Data/env/lib/python3.8/site-packages/airflow/example_dags/example_complex.py
[2022-01-28 22:19:27,817] {logging_mixin.py:109} INFO - [2022-01-28 22:19:27,817] {dag.py:2396} INFO - Sync 1 DAGs
[2022-01-28 22:19:27,891] {logging_mixin.py:109} INFO - [2022-01-28 22:19:27,891] {dag.py:2935} INFO - Setting next_dagrun for example_complex to None
[2022-01-28 22:19:27,958] {processor.py:171} INFO - Processing /home/data-eginner/Documents/Soccer_Data/env/lib/python3.8/site-packages/airflow/example_dags/example_complex.py took 0.314 seconds
[2022-01-28 22:20:26,769] {processor.py:163} INFO - Started process (PID=30411) to work on /home/data-eginner/Documents/Soccer_Data/env/lib/python3.8/site-packages/airflow/example_dags/example_complex.py
[2022-01-28 22:20:26,772] {processor.py:642} INFO - Processing file /home/data-eginner/Documents/Soccer_Data/env/lib/python3.8/site-packages/airflow/example_dags/example_complex.py for tasks to queue
[2022-01-28 22:20:26,772] {logging_mixin.py:109} INFO - [2022-01-28 22:20:26,772] {dagbag.py:500} INFO - Filling up the DagBag from /home/data-eginner/Documents/Soccer_Data/env/lib/python3.8/site-packages/airflow/example_dags/example_complex.py
[2022-01-28 22:20:26,825] {processor.py:654} INFO - DAG(s) dict_keys(['example_complex']) retrieved from /home/data-eginner/Documents/Soccer_Data/env/lib/python3.8/site-packages/airflow/example_dags/example_complex.py
[2022-01-28 22:20:26,848] {logging_mixin.py:109} INFO - [2022-01-28 22:20:26,848] {dag.py:2396} INFO - Sync 1 DAGs
[2022-01-28 22:20:26,892] {logging_mixin.py:109} INFO - [2022-01-28 22:20:26,891] {dag.py:2935} INFO - Setting next_dagrun for example_complex to None
[2022-01-28 22:20:26,923] {processor.py:171} INFO - Processing /home/data-eginner/Documents/Soccer_Data/env/lib/python3.8/site-packages/airflow/example_dags/example_complex.py took 0.157 seconds
[2022-01-28 22:21:05,031] {processor.py:163} INFO - Started process (PID=30575) to work on /home/data-eginner/Documents/Soccer_Data/env/lib/python3.8/site-packages/airflow/example_dags/example_complex.py
[2022-01-28 22:21:05,047] {processor.py:642} INFO - Processing file /home/data-eginner/Documents/Soccer_Data/env/lib/python3.8/site-packages/airflow/example_dags/example_complex.py for tasks to queue
[2022-01-28 22:21:05,048] {logging_mixin.py:109} INFO - [2022-01-28 22:21:05,048] {dagbag.py:500} INFO - Filling up the DagBag from /home/data-eginner/Documents/Soccer_Data/env/lib/python3.8/site-packages/airflow/example_dags/example_complex.py
[2022-01-28 22:21:05,095] {processor.py:654} INFO - DAG(s) dict_keys(['example_complex']) retrieved from /home/data-eginner/Documents/Soccer_Data/env/lib/python3.8/site-packages/airflow/example_dags/example_complex.py
[2022-01-28 22:21:05,109] {logging_mixin.py:109} INFO - [2022-01-28 22:21:05,109] {dag.py:2396} INFO - Sync 1 DAGs
[2022-01-28 22:21:05,131] {logging_mixin.py:109} INFO - [2022-01-28 22:21:05,131] {dag.py:2935} INFO - Setting next_dagrun for example_complex to None
[2022-01-28 22:21:05,148] {processor.py:171} INFO - Processing /home/data-eginner/Documents/Soccer_Data/env/lib/python3.8/site-packages/airflow/example_dags/example_complex.py took 0.120 seconds
[2022-01-28 22:21:42,374] {processor.py:163} INFO - Started process (PID=30730) to work on /home/data-eginner/Documents/Soccer_Data/env/lib/python3.8/site-packages/airflow/example_dags/example_complex.py
[2022-01-28 22:21:42,377] {processor.py:642} INFO - Processing file /home/data-eginner/Documents/Soccer_Data/env/lib/python3.8/site-packages/airflow/example_dags/example_complex.py for tasks to queue
[2022-01-28 22:21:42,379] {logging_mixin.py:109} INFO - [2022-01-28 22:21:42,379] {dagbag.py:500} INFO - Filling up the DagBag from /home/data-eginner/Documents/Soccer_Data/env/lib/python3.8/site-packages/airflow/example_dags/example_complex.py
[2022-01-28 22:21:42,420] {processor.py:654} INFO - DAG(s) dict_keys(['example_complex']) retrieved from /home/data-eginner/Documents/Soccer_Data/env/lib/python3.8/site-packages/airflow/example_dags/example_complex.py
[2022-01-28 22:21:42,434] {logging_mixin.py:109} INFO - [2022-01-28 22:21:42,434] {dag.py:2396} INFO - Sync 1 DAGs
[2022-01-28 22:21:42,444] {logging_mixin.py:109} INFO - [2022-01-28 22:21:42,444] {dag.py:2935} INFO - Setting next_dagrun for example_complex to None
[2022-01-28 22:21:42,459] {processor.py:171} INFO - Processing /home/data-eginner/Documents/Soccer_Data/env/lib/python3.8/site-packages/airflow/example_dags/example_complex.py took 0.090 seconds
[2022-01-28 22:22:19,088] {processor.py:163} INFO - Started process (PID=30890) to work on /home/data-eginner/Documents/Soccer_Data/env/lib/python3.8/site-packages/airflow/example_dags/example_complex.py
[2022-01-28 22:22:19,110] {processor.py:642} INFO - Processing file /home/data-eginner/Documents/Soccer_Data/env/lib/python3.8/site-packages/airflow/example_dags/example_complex.py for tasks to queue
[2022-01-28 22:22:19,111] {logging_mixin.py:109} INFO - [2022-01-28 22:22:19,111] {dagbag.py:500} INFO - Filling up the DagBag from /home/data-eginner/Documents/Soccer_Data/env/lib/python3.8/site-packages/airflow/example_dags/example_complex.py
[2022-01-28 22:22:19,198] {processor.py:654} INFO - DAG(s) dict_keys(['example_complex']) retrieved from /home/data-eginner/Documents/Soccer_Data/env/lib/python3.8/site-packages/airflow/example_dags/example_complex.py
[2022-01-28 22:22:19,219] {logging_mixin.py:109} INFO - [2022-01-28 22:22:19,219] {dag.py:2396} INFO - Sync 1 DAGs
[2022-01-28 22:22:19,229] {logging_mixin.py:109} INFO - [2022-01-28 22:22:19,229] {dag.py:2935} INFO - Setting next_dagrun for example_complex to None
[2022-01-28 22:22:19,244] {processor.py:171} INFO - Processing /home/data-eginner/Documents/Soccer_Data/env/lib/python3.8/site-packages/airflow/example_dags/example_complex.py took 0.163 seconds
