[2022-01-28 21:00:01,501] {processor.py:163} INFO - Started process (PID=18927) to work on /home/data-eginner/Documents/Soccer_Data/env/lib/python3.8/site-packages/airflow/example_dags/example_latest_only_with_trigger.py
[2022-01-28 21:00:01,502] {processor.py:642} INFO - Processing file /home/data-eginner/Documents/Soccer_Data/env/lib/python3.8/site-packages/airflow/example_dags/example_latest_only_with_trigger.py for tasks to queue
[2022-01-28 21:00:01,565] {logging_mixin.py:109} INFO - [2022-01-28 21:00:01,503] {dagbag.py:500} INFO - Filling up the DagBag from /home/data-eginner/Documents/Soccer_Data/env/lib/python3.8/site-packages/airflow/example_dags/example_latest_only_with_trigger.py
[2022-01-28 21:00:01,747] {processor.py:654} INFO - DAG(s) dict_keys(['latest_only_with_trigger']) retrieved from /home/data-eginner/Documents/Soccer_Data/env/lib/python3.8/site-packages/airflow/example_dags/example_latest_only_with_trigger.py
[2022-01-28 21:00:01,816] {logging_mixin.py:109} INFO - [2022-01-28 21:00:01,816] {dag.py:2396} INFO - Sync 1 DAGs
[2022-01-28 21:00:01,897] {logging_mixin.py:109} INFO - [2022-01-28 21:00:01,897] {dag.py:2935} INFO - Setting next_dagrun for latest_only_with_trigger to 2022-01-28T20:00:01.896764+00:00
[2022-01-28 21:00:01,996] {processor.py:171} INFO - Processing /home/data-eginner/Documents/Soccer_Data/env/lib/python3.8/site-packages/airflow/example_dags/example_latest_only_with_trigger.py took 0.498 seconds
[2022-01-28 21:08:28,033] {processor.py:163} INFO - Started process (PID=19807) to work on /home/data-eginner/Documents/Soccer_Data/env/lib/python3.8/site-packages/airflow/example_dags/example_latest_only_with_trigger.py
[2022-01-28 21:08:28,060] {processor.py:642} INFO - Processing file /home/data-eginner/Documents/Soccer_Data/env/lib/python3.8/site-packages/airflow/example_dags/example_latest_only_with_trigger.py for tasks to queue
[2022-01-28 21:08:28,061] {logging_mixin.py:109} INFO - [2022-01-28 21:08:28,061] {dagbag.py:500} INFO - Filling up the DagBag from /home/data-eginner/Documents/Soccer_Data/env/lib/python3.8/site-packages/airflow/example_dags/example_latest_only_with_trigger.py
[2022-01-28 21:08:28,094] {processor.py:654} INFO - DAG(s) dict_keys(['latest_only_with_trigger']) retrieved from /home/data-eginner/Documents/Soccer_Data/env/lib/python3.8/site-packages/airflow/example_dags/example_latest_only_with_trigger.py
[2022-01-28 21:08:28,168] {logging_mixin.py:109} INFO - [2022-01-28 21:08:28,168] {dag.py:2396} INFO - Sync 1 DAGs
[2022-01-28 21:08:28,203] {logging_mixin.py:109} INFO - [2022-01-28 21:08:28,203] {dag.py:2935} INFO - Setting next_dagrun for latest_only_with_trigger to 2022-01-28T20:08:28.203041+00:00
[2022-01-28 21:08:28,268] {processor.py:171} INFO - Processing /home/data-eginner/Documents/Soccer_Data/env/lib/python3.8/site-packages/airflow/example_dags/example_latest_only_with_trigger.py took 0.237 seconds
[2022-01-28 21:09:20,891] {processor.py:163} INFO - Started process (PID=19987) to work on /home/data-eginner/Documents/Soccer_Data/env/lib/python3.8/site-packages/airflow/example_dags/example_latest_only_with_trigger.py
[2022-01-28 21:09:20,908] {processor.py:642} INFO - Processing file /home/data-eginner/Documents/Soccer_Data/env/lib/python3.8/site-packages/airflow/example_dags/example_latest_only_with_trigger.py for tasks to queue
[2022-01-28 21:09:20,909] {logging_mixin.py:109} INFO - [2022-01-28 21:09:20,908] {dagbag.py:500} INFO - Filling up the DagBag from /home/data-eginner/Documents/Soccer_Data/env/lib/python3.8/site-packages/airflow/example_dags/example_latest_only_with_trigger.py
[2022-01-28 21:09:20,942] {processor.py:654} INFO - DAG(s) dict_keys(['latest_only_with_trigger']) retrieved from /home/data-eginner/Documents/Soccer_Data/env/lib/python3.8/site-packages/airflow/example_dags/example_latest_only_with_trigger.py
[2022-01-28 21:09:20,955] {logging_mixin.py:109} INFO - [2022-01-28 21:09:20,955] {dag.py:2396} INFO - Sync 1 DAGs
[2022-01-28 21:09:20,967] {logging_mixin.py:109} INFO - [2022-01-28 21:09:20,967] {dag.py:2935} INFO - Setting next_dagrun for latest_only_with_trigger to 2022-01-28T20:09:20.967035+00:00
[2022-01-28 21:09:21,013] {processor.py:171} INFO - Processing /home/data-eginner/Documents/Soccer_Data/env/lib/python3.8/site-packages/airflow/example_dags/example_latest_only_with_trigger.py took 0.124 seconds
[2022-01-28 21:10:10,858] {processor.py:163} INFO - Started process (PID=20168) to work on /home/data-eginner/Documents/Soccer_Data/env/lib/python3.8/site-packages/airflow/example_dags/example_latest_only_with_trigger.py
[2022-01-28 21:10:10,860] {processor.py:642} INFO - Processing file /home/data-eginner/Documents/Soccer_Data/env/lib/python3.8/site-packages/airflow/example_dags/example_latest_only_with_trigger.py for tasks to queue
[2022-01-28 21:10:10,860] {logging_mixin.py:109} INFO - [2022-01-28 21:10:10,860] {dagbag.py:500} INFO - Filling up the DagBag from /home/data-eginner/Documents/Soccer_Data/env/lib/python3.8/site-packages/airflow/example_dags/example_latest_only_with_trigger.py
[2022-01-28 21:10:10,887] {processor.py:654} INFO - DAG(s) dict_keys(['latest_only_with_trigger']) retrieved from /home/data-eginner/Documents/Soccer_Data/env/lib/python3.8/site-packages/airflow/example_dags/example_latest_only_with_trigger.py
[2022-01-28 21:10:10,898] {logging_mixin.py:109} INFO - [2022-01-28 21:10:10,898] {dag.py:2396} INFO - Sync 1 DAGs
[2022-01-28 21:10:10,925] {logging_mixin.py:109} INFO - [2022-01-28 21:10:10,925] {dag.py:2935} INFO - Setting next_dagrun for latest_only_with_trigger to 2022-01-28T20:10:10.925536+00:00
[2022-01-28 21:10:10,946] {processor.py:171} INFO - Processing /home/data-eginner/Documents/Soccer_Data/env/lib/python3.8/site-packages/airflow/example_dags/example_latest_only_with_trigger.py took 0.091 seconds
[2022-01-28 21:10:51,924] {processor.py:163} INFO - Started process (PID=20342) to work on /home/data-eginner/Documents/Soccer_Data/env/lib/python3.8/site-packages/airflow/example_dags/example_latest_only_with_trigger.py
[2022-01-28 21:10:51,931] {processor.py:642} INFO - Processing file /home/data-eginner/Documents/Soccer_Data/env/lib/python3.8/site-packages/airflow/example_dags/example_latest_only_with_trigger.py for tasks to queue
[2022-01-28 21:10:51,931] {logging_mixin.py:109} INFO - [2022-01-28 21:10:51,931] {dagbag.py:500} INFO - Filling up the DagBag from /home/data-eginner/Documents/Soccer_Data/env/lib/python3.8/site-packages/airflow/example_dags/example_latest_only_with_trigger.py
[2022-01-28 21:10:51,956] {processor.py:654} INFO - DAG(s) dict_keys(['latest_only_with_trigger']) retrieved from /home/data-eginner/Documents/Soccer_Data/env/lib/python3.8/site-packages/airflow/example_dags/example_latest_only_with_trigger.py
[2022-01-28 21:10:51,972] {logging_mixin.py:109} INFO - [2022-01-28 21:10:51,972] {dag.py:2396} INFO - Sync 1 DAGs
[2022-01-28 21:10:51,988] {logging_mixin.py:109} INFO - [2022-01-28 21:10:51,988] {dag.py:2935} INFO - Setting next_dagrun for latest_only_with_trigger to 2022-01-28T20:10:51.988554+00:00
[2022-01-28 21:10:52,017] {processor.py:171} INFO - Processing /home/data-eginner/Documents/Soccer_Data/env/lib/python3.8/site-packages/airflow/example_dags/example_latest_only_with_trigger.py took 0.095 seconds
[2022-01-28 21:11:38,121] {processor.py:163} INFO - Started process (PID=20521) to work on /home/data-eginner/Documents/Soccer_Data/env/lib/python3.8/site-packages/airflow/example_dags/example_latest_only_with_trigger.py
[2022-01-28 21:11:38,122] {processor.py:642} INFO - Processing file /home/data-eginner/Documents/Soccer_Data/env/lib/python3.8/site-packages/airflow/example_dags/example_latest_only_with_trigger.py for tasks to queue
[2022-01-28 21:11:38,123] {logging_mixin.py:109} INFO - [2022-01-28 21:11:38,123] {dagbag.py:500} INFO - Filling up the DagBag from /home/data-eginner/Documents/Soccer_Data/env/lib/python3.8/site-packages/airflow/example_dags/example_latest_only_with_trigger.py
[2022-01-28 21:11:38,145] {processor.py:654} INFO - DAG(s) dict_keys(['latest_only_with_trigger']) retrieved from /home/data-eginner/Documents/Soccer_Data/env/lib/python3.8/site-packages/airflow/example_dags/example_latest_only_with_trigger.py
[2022-01-28 21:11:38,155] {logging_mixin.py:109} INFO - [2022-01-28 21:11:38,155] {dag.py:2396} INFO - Sync 1 DAGs
[2022-01-28 21:11:38,177] {logging_mixin.py:109} INFO - [2022-01-28 21:11:38,177] {dag.py:2935} INFO - Setting next_dagrun for latest_only_with_trigger to 2022-01-28T20:11:38.177193+00:00
[2022-01-28 21:11:38,196] {processor.py:171} INFO - Processing /home/data-eginner/Documents/Soccer_Data/env/lib/python3.8/site-packages/airflow/example_dags/example_latest_only_with_trigger.py took 0.083 seconds
[2022-01-28 21:12:28,224] {processor.py:163} INFO - Started process (PID=20712) to work on /home/data-eginner/Documents/Soccer_Data/env/lib/python3.8/site-packages/airflow/example_dags/example_latest_only_with_trigger.py
[2022-01-28 21:12:28,240] {processor.py:642} INFO - Processing file /home/data-eginner/Documents/Soccer_Data/env/lib/python3.8/site-packages/airflow/example_dags/example_latest_only_with_trigger.py for tasks to queue
[2022-01-28 21:12:28,241] {logging_mixin.py:109} INFO - [2022-01-28 21:12:28,241] {dagbag.py:500} INFO - Filling up the DagBag from /home/data-eginner/Documents/Soccer_Data/env/lib/python3.8/site-packages/airflow/example_dags/example_latest_only_with_trigger.py
[2022-01-28 21:12:28,270] {processor.py:654} INFO - DAG(s) dict_keys(['latest_only_with_trigger']) retrieved from /home/data-eginner/Documents/Soccer_Data/env/lib/python3.8/site-packages/airflow/example_dags/example_latest_only_with_trigger.py
[2022-01-28 21:12:28,285] {logging_mixin.py:109} INFO - [2022-01-28 21:12:28,285] {dag.py:2396} INFO - Sync 1 DAGs
[2022-01-28 21:12:28,300] {logging_mixin.py:109} INFO - [2022-01-28 21:12:28,299] {dag.py:2935} INFO - Setting next_dagrun for latest_only_with_trigger to 2022-01-28T20:12:28.299652+00:00
[2022-01-28 21:12:28,319] {processor.py:171} INFO - Processing /home/data-eginner/Documents/Soccer_Data/env/lib/python3.8/site-packages/airflow/example_dags/example_latest_only_with_trigger.py took 0.098 seconds
[2022-01-28 21:13:15,603] {processor.py:163} INFO - Started process (PID=20899) to work on /home/data-eginner/Documents/Soccer_Data/env/lib/python3.8/site-packages/airflow/example_dags/example_latest_only_with_trigger.py
[2022-01-28 21:13:15,609] {processor.py:642} INFO - Processing file /home/data-eginner/Documents/Soccer_Data/env/lib/python3.8/site-packages/airflow/example_dags/example_latest_only_with_trigger.py for tasks to queue
[2022-01-28 21:13:15,610] {logging_mixin.py:109} INFO - [2022-01-28 21:13:15,610] {dagbag.py:500} INFO - Filling up the DagBag from /home/data-eginner/Documents/Soccer_Data/env/lib/python3.8/site-packages/airflow/example_dags/example_latest_only_with_trigger.py
[2022-01-28 21:13:15,723] {processor.py:654} INFO - DAG(s) dict_keys(['latest_only_with_trigger']) retrieved from /home/data-eginner/Documents/Soccer_Data/env/lib/python3.8/site-packages/airflow/example_dags/example_latest_only_with_trigger.py
[2022-01-28 21:13:15,810] {logging_mixin.py:109} INFO - [2022-01-28 21:13:15,810] {dag.py:2396} INFO - Sync 1 DAGs
[2022-01-28 21:13:15,907] {logging_mixin.py:109} INFO - [2022-01-28 21:13:15,906] {dag.py:2935} INFO - Setting next_dagrun for latest_only_with_trigger to 2022-01-28T20:13:15.906492+00:00
[2022-01-28 21:13:16,000] {processor.py:171} INFO - Processing /home/data-eginner/Documents/Soccer_Data/env/lib/python3.8/site-packages/airflow/example_dags/example_latest_only_with_trigger.py took 0.407 seconds
[2022-01-28 21:14:00,765] {processor.py:163} INFO - Started process (PID=21060) to work on /home/data-eginner/Documents/Soccer_Data/env/lib/python3.8/site-packages/airflow/example_dags/example_latest_only_with_trigger.py
[2022-01-28 21:14:00,770] {processor.py:642} INFO - Processing file /home/data-eginner/Documents/Soccer_Data/env/lib/python3.8/site-packages/airflow/example_dags/example_latest_only_with_trigger.py for tasks to queue
[2022-01-28 21:14:00,770] {logging_mixin.py:109} INFO - [2022-01-28 21:14:00,770] {dagbag.py:500} INFO - Filling up the DagBag from /home/data-eginner/Documents/Soccer_Data/env/lib/python3.8/site-packages/airflow/example_dags/example_latest_only_with_trigger.py
[2022-01-28 21:14:00,807] {processor.py:654} INFO - DAG(s) dict_keys(['latest_only_with_trigger']) retrieved from /home/data-eginner/Documents/Soccer_Data/env/lib/python3.8/site-packages/airflow/example_dags/example_latest_only_with_trigger.py
[2022-01-28 21:14:00,819] {logging_mixin.py:109} INFO - [2022-01-28 21:14:00,819] {dag.py:2396} INFO - Sync 1 DAGs
[2022-01-28 21:14:00,841] {logging_mixin.py:109} INFO - [2022-01-28 21:14:00,841] {dag.py:2935} INFO - Setting next_dagrun for latest_only_with_trigger to 2022-01-28T20:14:00.840835+00:00
[2022-01-28 21:14:00,872] {processor.py:171} INFO - Processing /home/data-eginner/Documents/Soccer_Data/env/lib/python3.8/site-packages/airflow/example_dags/example_latest_only_with_trigger.py took 0.121 seconds
[2022-01-28 21:14:52,423] {processor.py:163} INFO - Started process (PID=21249) to work on /home/data-eginner/Documents/Soccer_Data/env/lib/python3.8/site-packages/airflow/example_dags/example_latest_only_with_trigger.py
[2022-01-28 21:14:52,437] {processor.py:642} INFO - Processing file /home/data-eginner/Documents/Soccer_Data/env/lib/python3.8/site-packages/airflow/example_dags/example_latest_only_with_trigger.py for tasks to queue
[2022-01-28 21:14:52,437] {logging_mixin.py:109} INFO - [2022-01-28 21:14:52,437] {dagbag.py:500} INFO - Filling up the DagBag from /home/data-eginner/Documents/Soccer_Data/env/lib/python3.8/site-packages/airflow/example_dags/example_latest_only_with_trigger.py
[2022-01-28 21:14:52,503] {processor.py:654} INFO - DAG(s) dict_keys(['latest_only_with_trigger']) retrieved from /home/data-eginner/Documents/Soccer_Data/env/lib/python3.8/site-packages/airflow/example_dags/example_latest_only_with_trigger.py
[2022-01-28 21:14:52,548] {logging_mixin.py:109} INFO - [2022-01-28 21:14:52,548] {dag.py:2396} INFO - Sync 1 DAGs
[2022-01-28 21:14:52,581] {logging_mixin.py:109} INFO - [2022-01-28 21:14:52,581] {dag.py:2935} INFO - Setting next_dagrun for latest_only_with_trigger to 2022-01-28T20:14:52.581455+00:00
[2022-01-28 21:14:52,662] {processor.py:171} INFO - Processing /home/data-eginner/Documents/Soccer_Data/env/lib/python3.8/site-packages/airflow/example_dags/example_latest_only_with_trigger.py took 0.254 seconds
[2022-01-28 21:15:50,648] {processor.py:163} INFO - Started process (PID=21436) to work on /home/data-eginner/Documents/Soccer_Data/env/lib/python3.8/site-packages/airflow/example_dags/example_latest_only_with_trigger.py
[2022-01-28 21:15:50,743] {processor.py:642} INFO - Processing file /home/data-eginner/Documents/Soccer_Data/env/lib/python3.8/site-packages/airflow/example_dags/example_latest_only_with_trigger.py for tasks to queue
[2022-01-28 21:15:50,743] {logging_mixin.py:109} INFO - [2022-01-28 21:15:50,743] {dagbag.py:500} INFO - Filling up the DagBag from /home/data-eginner/Documents/Soccer_Data/env/lib/python3.8/site-packages/airflow/example_dags/example_latest_only_with_trigger.py
[2022-01-28 21:15:50,814] {processor.py:654} INFO - DAG(s) dict_keys(['latest_only_with_trigger']) retrieved from /home/data-eginner/Documents/Soccer_Data/env/lib/python3.8/site-packages/airflow/example_dags/example_latest_only_with_trigger.py
[2022-01-28 21:15:50,825] {logging_mixin.py:109} INFO - [2022-01-28 21:15:50,825] {dag.py:2396} INFO - Sync 1 DAGs
[2022-01-28 21:15:50,859] {logging_mixin.py:109} INFO - [2022-01-28 21:15:50,858] {dag.py:2935} INFO - Setting next_dagrun for latest_only_with_trigger to 2022-01-28T20:15:50.858678+00:00
[2022-01-28 21:15:50,924] {processor.py:171} INFO - Processing /home/data-eginner/Documents/Soccer_Data/env/lib/python3.8/site-packages/airflow/example_dags/example_latest_only_with_trigger.py took 0.279 seconds
[2022-01-28 21:16:43,378] {processor.py:163} INFO - Started process (PID=21600) to work on /home/data-eginner/Documents/Soccer_Data/env/lib/python3.8/site-packages/airflow/example_dags/example_latest_only_with_trigger.py
[2022-01-28 21:16:43,402] {processor.py:642} INFO - Processing file /home/data-eginner/Documents/Soccer_Data/env/lib/python3.8/site-packages/airflow/example_dags/example_latest_only_with_trigger.py for tasks to queue
[2022-01-28 21:16:43,404] {logging_mixin.py:109} INFO - [2022-01-28 21:16:43,403] {dagbag.py:500} INFO - Filling up the DagBag from /home/data-eginner/Documents/Soccer_Data/env/lib/python3.8/site-packages/airflow/example_dags/example_latest_only_with_trigger.py
[2022-01-28 21:16:43,459] {processor.py:654} INFO - DAG(s) dict_keys(['latest_only_with_trigger']) retrieved from /home/data-eginner/Documents/Soccer_Data/env/lib/python3.8/site-packages/airflow/example_dags/example_latest_only_with_trigger.py
[2022-01-28 21:16:43,490] {logging_mixin.py:109} INFO - [2022-01-28 21:16:43,490] {dag.py:2396} INFO - Sync 1 DAGs
[2022-01-28 21:16:43,524] {logging_mixin.py:109} INFO - [2022-01-28 21:16:43,524] {dag.py:2935} INFO - Setting next_dagrun for latest_only_with_trigger to 2022-01-28T20:16:43.524295+00:00
[2022-01-28 21:16:43,543] {processor.py:171} INFO - Processing /home/data-eginner/Documents/Soccer_Data/env/lib/python3.8/site-packages/airflow/example_dags/example_latest_only_with_trigger.py took 0.168 seconds
[2022-01-28 21:17:57,861] {processor.py:163} INFO - Started process (PID=21822) to work on /home/data-eginner/Documents/Soccer_Data/env/lib/python3.8/site-packages/airflow/example_dags/example_latest_only_with_trigger.py
[2022-01-28 21:17:57,866] {processor.py:642} INFO - Processing file /home/data-eginner/Documents/Soccer_Data/env/lib/python3.8/site-packages/airflow/example_dags/example_latest_only_with_trigger.py for tasks to queue
[2022-01-28 21:17:57,867] {logging_mixin.py:109} INFO - [2022-01-28 21:17:57,867] {dagbag.py:500} INFO - Filling up the DagBag from /home/data-eginner/Documents/Soccer_Data/env/lib/python3.8/site-packages/airflow/example_dags/example_latest_only_with_trigger.py
[2022-01-28 21:17:57,995] {processor.py:654} INFO - DAG(s) dict_keys(['latest_only_with_trigger']) retrieved from /home/data-eginner/Documents/Soccer_Data/env/lib/python3.8/site-packages/airflow/example_dags/example_latest_only_with_trigger.py
[2022-01-28 21:17:58,070] {logging_mixin.py:109} INFO - [2022-01-28 21:17:58,070] {dag.py:2396} INFO - Sync 1 DAGs
[2022-01-28 21:17:58,230] {logging_mixin.py:109} INFO - [2022-01-28 21:17:58,230] {dag.py:2935} INFO - Setting next_dagrun for latest_only_with_trigger to 2022-01-28T20:17:58.229667+00:00
[2022-01-28 21:17:58,276] {processor.py:171} INFO - Processing /home/data-eginner/Documents/Soccer_Data/env/lib/python3.8/site-packages/airflow/example_dags/example_latest_only_with_trigger.py took 0.420 seconds
[2022-01-28 21:19:15,932] {processor.py:163} INFO - Started process (PID=22062) to work on /home/data-eginner/Documents/Soccer_Data/env/lib/python3.8/site-packages/airflow/example_dags/example_latest_only_with_trigger.py
[2022-01-28 21:19:15,946] {processor.py:642} INFO - Processing file /home/data-eginner/Documents/Soccer_Data/env/lib/python3.8/site-packages/airflow/example_dags/example_latest_only_with_trigger.py for tasks to queue
[2022-01-28 21:19:15,947] {logging_mixin.py:109} INFO - [2022-01-28 21:19:15,947] {dagbag.py:500} INFO - Filling up the DagBag from /home/data-eginner/Documents/Soccer_Data/env/lib/python3.8/site-packages/airflow/example_dags/example_latest_only_with_trigger.py
[2022-01-28 21:19:16,017] {processor.py:654} INFO - DAG(s) dict_keys(['latest_only_with_trigger']) retrieved from /home/data-eginner/Documents/Soccer_Data/env/lib/python3.8/site-packages/airflow/example_dags/example_latest_only_with_trigger.py
[2022-01-28 21:19:16,051] {logging_mixin.py:109} INFO - [2022-01-28 21:19:16,051] {dag.py:2396} INFO - Sync 1 DAGs
[2022-01-28 21:19:16,106] {logging_mixin.py:109} INFO - [2022-01-28 21:19:16,106] {dag.py:2935} INFO - Setting next_dagrun for latest_only_with_trigger to 2022-01-28T20:19:16.106423+00:00
[2022-01-28 21:19:16,134] {processor.py:171} INFO - Processing /home/data-eginner/Documents/Soccer_Data/env/lib/python3.8/site-packages/airflow/example_dags/example_latest_only_with_trigger.py took 0.211 seconds
[2022-01-28 21:20:07,463] {processor.py:163} INFO - Started process (PID=22242) to work on /home/data-eginner/Documents/Soccer_Data/env/lib/python3.8/site-packages/airflow/example_dags/example_latest_only_with_trigger.py
[2022-01-28 21:20:07,471] {processor.py:642} INFO - Processing file /home/data-eginner/Documents/Soccer_Data/env/lib/python3.8/site-packages/airflow/example_dags/example_latest_only_with_trigger.py for tasks to queue
[2022-01-28 21:20:07,472] {logging_mixin.py:109} INFO - [2022-01-28 21:20:07,472] {dagbag.py:500} INFO - Filling up the DagBag from /home/data-eginner/Documents/Soccer_Data/env/lib/python3.8/site-packages/airflow/example_dags/example_latest_only_with_trigger.py
[2022-01-28 21:20:07,535] {processor.py:654} INFO - DAG(s) dict_keys(['latest_only_with_trigger']) retrieved from /home/data-eginner/Documents/Soccer_Data/env/lib/python3.8/site-packages/airflow/example_dags/example_latest_only_with_trigger.py
[2022-01-28 21:20:07,566] {logging_mixin.py:109} INFO - [2022-01-28 21:20:07,566] {dag.py:2396} INFO - Sync 1 DAGs
[2022-01-28 21:20:07,592] {logging_mixin.py:109} INFO - [2022-01-28 21:20:07,592] {dag.py:2935} INFO - Setting next_dagrun for latest_only_with_trigger to 2022-01-28T20:20:07.591843+00:00
[2022-01-28 21:20:07,642] {processor.py:171} INFO - Processing /home/data-eginner/Documents/Soccer_Data/env/lib/python3.8/site-packages/airflow/example_dags/example_latest_only_with_trigger.py took 0.190 seconds
[2022-01-28 21:21:08,900] {processor.py:163} INFO - Started process (PID=22441) to work on /home/data-eginner/Documents/Soccer_Data/env/lib/python3.8/site-packages/airflow/example_dags/example_latest_only_with_trigger.py
[2022-01-28 21:21:08,904] {processor.py:642} INFO - Processing file /home/data-eginner/Documents/Soccer_Data/env/lib/python3.8/site-packages/airflow/example_dags/example_latest_only_with_trigger.py for tasks to queue
[2022-01-28 21:21:08,905] {logging_mixin.py:109} INFO - [2022-01-28 21:21:08,905] {dagbag.py:500} INFO - Filling up the DagBag from /home/data-eginner/Documents/Soccer_Data/env/lib/python3.8/site-packages/airflow/example_dags/example_latest_only_with_trigger.py
[2022-01-28 21:21:08,929] {processor.py:654} INFO - DAG(s) dict_keys(['latest_only_with_trigger']) retrieved from /home/data-eginner/Documents/Soccer_Data/env/lib/python3.8/site-packages/airflow/example_dags/example_latest_only_with_trigger.py
[2022-01-28 21:21:08,937] {logging_mixin.py:109} INFO - [2022-01-28 21:21:08,937] {dag.py:2396} INFO - Sync 1 DAGs
[2022-01-28 21:21:08,962] {logging_mixin.py:109} INFO - [2022-01-28 21:21:08,962] {dag.py:2935} INFO - Setting next_dagrun for latest_only_with_trigger to 2022-01-28T20:21:08.961755+00:00
[2022-01-28 21:21:08,990] {processor.py:171} INFO - Processing /home/data-eginner/Documents/Soccer_Data/env/lib/python3.8/site-packages/airflow/example_dags/example_latest_only_with_trigger.py took 0.093 seconds
[2022-01-28 21:22:07,480] {processor.py:163} INFO - Started process (PID=22664) to work on /home/data-eginner/Documents/Soccer_Data/env/lib/python3.8/site-packages/airflow/example_dags/example_latest_only_with_trigger.py
[2022-01-28 21:22:07,487] {processor.py:642} INFO - Processing file /home/data-eginner/Documents/Soccer_Data/env/lib/python3.8/site-packages/airflow/example_dags/example_latest_only_with_trigger.py for tasks to queue
[2022-01-28 21:22:07,488] {logging_mixin.py:109} INFO - [2022-01-28 21:22:07,488] {dagbag.py:500} INFO - Filling up the DagBag from /home/data-eginner/Documents/Soccer_Data/env/lib/python3.8/site-packages/airflow/example_dags/example_latest_only_with_trigger.py
[2022-01-28 21:22:07,527] {processor.py:654} INFO - DAG(s) dict_keys(['latest_only_with_trigger']) retrieved from /home/data-eginner/Documents/Soccer_Data/env/lib/python3.8/site-packages/airflow/example_dags/example_latest_only_with_trigger.py
[2022-01-28 21:22:07,543] {logging_mixin.py:109} INFO - [2022-01-28 21:22:07,543] {dag.py:2396} INFO - Sync 1 DAGs
[2022-01-28 21:22:07,562] {logging_mixin.py:109} INFO - [2022-01-28 21:22:07,562] {dag.py:2935} INFO - Setting next_dagrun for latest_only_with_trigger to 2022-01-28T20:22:07.562026+00:00
[2022-01-28 21:22:07,610] {processor.py:171} INFO - Processing /home/data-eginner/Documents/Soccer_Data/env/lib/python3.8/site-packages/airflow/example_dags/example_latest_only_with_trigger.py took 0.133 seconds
[2022-01-28 21:26:35,880] {processor.py:163} INFO - Started process (PID=22954) to work on /home/data-eginner/Documents/Soccer_Data/env/lib/python3.8/site-packages/airflow/example_dags/example_latest_only_with_trigger.py
[2022-01-28 21:26:35,897] {processor.py:642} INFO - Processing file /home/data-eginner/Documents/Soccer_Data/env/lib/python3.8/site-packages/airflow/example_dags/example_latest_only_with_trigger.py for tasks to queue
[2022-01-28 21:26:35,897] {logging_mixin.py:109} INFO - [2022-01-28 21:26:35,897] {dagbag.py:500} INFO - Filling up the DagBag from /home/data-eginner/Documents/Soccer_Data/env/lib/python3.8/site-packages/airflow/example_dags/example_latest_only_with_trigger.py
[2022-01-28 21:26:35,981] {processor.py:654} INFO - DAG(s) dict_keys(['latest_only_with_trigger']) retrieved from /home/data-eginner/Documents/Soccer_Data/env/lib/python3.8/site-packages/airflow/example_dags/example_latest_only_with_trigger.py
[2022-01-28 21:26:36,028] {logging_mixin.py:109} INFO - [2022-01-28 21:26:36,028] {dag.py:2396} INFO - Sync 1 DAGs
[2022-01-28 21:26:36,076] {logging_mixin.py:109} INFO - [2022-01-28 21:26:36,076] {dag.py:2935} INFO - Setting next_dagrun for latest_only_with_trigger to 2022-01-28T20:26:36.075880+00:00
[2022-01-28 21:26:36,143] {processor.py:171} INFO - Processing /home/data-eginner/Documents/Soccer_Data/env/lib/python3.8/site-packages/airflow/example_dags/example_latest_only_with_trigger.py took 0.264 seconds
[2022-01-28 21:27:39,936] {processor.py:163} INFO - Started process (PID=23203) to work on /home/data-eginner/Documents/Soccer_Data/env/lib/python3.8/site-packages/airflow/example_dags/example_latest_only_with_trigger.py
[2022-01-28 21:27:39,954] {processor.py:642} INFO - Processing file /home/data-eginner/Documents/Soccer_Data/env/lib/python3.8/site-packages/airflow/example_dags/example_latest_only_with_trigger.py for tasks to queue
[2022-01-28 21:27:39,955] {logging_mixin.py:109} INFO - [2022-01-28 21:27:39,955] {dagbag.py:500} INFO - Filling up the DagBag from /home/data-eginner/Documents/Soccer_Data/env/lib/python3.8/site-packages/airflow/example_dags/example_latest_only_with_trigger.py
[2022-01-28 21:27:40,028] {processor.py:654} INFO - DAG(s) dict_keys(['latest_only_with_trigger']) retrieved from /home/data-eginner/Documents/Soccer_Data/env/lib/python3.8/site-packages/airflow/example_dags/example_latest_only_with_trigger.py
[2022-01-28 21:27:40,048] {logging_mixin.py:109} INFO - [2022-01-28 21:27:40,048] {dag.py:2396} INFO - Sync 1 DAGs
[2022-01-28 21:27:40,081] {logging_mixin.py:109} INFO - [2022-01-28 21:27:40,081] {dag.py:2935} INFO - Setting next_dagrun for latest_only_with_trigger to 2022-01-28T20:27:40.080999+00:00
[2022-01-28 21:27:40,114] {processor.py:171} INFO - Processing /home/data-eginner/Documents/Soccer_Data/env/lib/python3.8/site-packages/airflow/example_dags/example_latest_only_with_trigger.py took 0.181 seconds
[2022-01-28 21:29:07,770] {processor.py:163} INFO - Started process (PID=23496) to work on /home/data-eginner/Documents/Soccer_Data/env/lib/python3.8/site-packages/airflow/example_dags/example_latest_only_with_trigger.py
[2022-01-28 21:29:07,782] {processor.py:642} INFO - Processing file /home/data-eginner/Documents/Soccer_Data/env/lib/python3.8/site-packages/airflow/example_dags/example_latest_only_with_trigger.py for tasks to queue
[2022-01-28 21:29:07,782] {logging_mixin.py:109} INFO - [2022-01-28 21:29:07,782] {dagbag.py:500} INFO - Filling up the DagBag from /home/data-eginner/Documents/Soccer_Data/env/lib/python3.8/site-packages/airflow/example_dags/example_latest_only_with_trigger.py
[2022-01-28 21:29:07,843] {processor.py:654} INFO - DAG(s) dict_keys(['latest_only_with_trigger']) retrieved from /home/data-eginner/Documents/Soccer_Data/env/lib/python3.8/site-packages/airflow/example_dags/example_latest_only_with_trigger.py
[2022-01-28 21:29:07,852] {logging_mixin.py:109} INFO - [2022-01-28 21:29:07,852] {dag.py:2396} INFO - Sync 1 DAGs
[2022-01-28 21:29:07,888] {logging_mixin.py:109} INFO - [2022-01-28 21:29:07,888] {dag.py:2935} INFO - Setting next_dagrun for latest_only_with_trigger to 2022-01-28T20:29:07.888389+00:00
[2022-01-28 21:29:07,929] {processor.py:171} INFO - Processing /home/data-eginner/Documents/Soccer_Data/env/lib/python3.8/site-packages/airflow/example_dags/example_latest_only_with_trigger.py took 0.161 seconds
[2022-01-28 21:29:56,352] {processor.py:163} INFO - Started process (PID=23657) to work on /home/data-eginner/Documents/Soccer_Data/env/lib/python3.8/site-packages/airflow/example_dags/example_latest_only_with_trigger.py
[2022-01-28 21:29:56,371] {processor.py:642} INFO - Processing file /home/data-eginner/Documents/Soccer_Data/env/lib/python3.8/site-packages/airflow/example_dags/example_latest_only_with_trigger.py for tasks to queue
[2022-01-28 21:29:56,372] {logging_mixin.py:109} INFO - [2022-01-28 21:29:56,372] {dagbag.py:500} INFO - Filling up the DagBag from /home/data-eginner/Documents/Soccer_Data/env/lib/python3.8/site-packages/airflow/example_dags/example_latest_only_with_trigger.py
[2022-01-28 21:29:56,490] {processor.py:654} INFO - DAG(s) dict_keys(['latest_only_with_trigger']) retrieved from /home/data-eginner/Documents/Soccer_Data/env/lib/python3.8/site-packages/airflow/example_dags/example_latest_only_with_trigger.py
[2022-01-28 21:29:56,530] {logging_mixin.py:109} INFO - [2022-01-28 21:29:56,529] {dag.py:2396} INFO - Sync 1 DAGs
[2022-01-28 21:29:56,555] {logging_mixin.py:109} INFO - [2022-01-28 21:29:56,555] {dag.py:2935} INFO - Setting next_dagrun for latest_only_with_trigger to 2022-01-28T20:29:56.554895+00:00
[2022-01-28 21:29:56,612] {processor.py:171} INFO - Processing /home/data-eginner/Documents/Soccer_Data/env/lib/python3.8/site-packages/airflow/example_dags/example_latest_only_with_trigger.py took 0.267 seconds
[2022-01-28 21:30:48,302] {processor.py:163} INFO - Started process (PID=23844) to work on /home/data-eginner/Documents/Soccer_Data/env/lib/python3.8/site-packages/airflow/example_dags/example_latest_only_with_trigger.py
[2022-01-28 21:30:48,304] {processor.py:642} INFO - Processing file /home/data-eginner/Documents/Soccer_Data/env/lib/python3.8/site-packages/airflow/example_dags/example_latest_only_with_trigger.py for tasks to queue
[2022-01-28 21:30:48,304] {logging_mixin.py:109} INFO - [2022-01-28 21:30:48,304] {dagbag.py:500} INFO - Filling up the DagBag from /home/data-eginner/Documents/Soccer_Data/env/lib/python3.8/site-packages/airflow/example_dags/example_latest_only_with_trigger.py
[2022-01-28 21:30:48,370] {processor.py:654} INFO - DAG(s) dict_keys(['latest_only_with_trigger']) retrieved from /home/data-eginner/Documents/Soccer_Data/env/lib/python3.8/site-packages/airflow/example_dags/example_latest_only_with_trigger.py
[2022-01-28 21:30:48,414] {logging_mixin.py:109} INFO - [2022-01-28 21:30:48,414] {dag.py:2396} INFO - Sync 1 DAGs
[2022-01-28 21:30:48,469] {logging_mixin.py:109} INFO - [2022-01-28 21:30:48,469] {dag.py:2935} INFO - Setting next_dagrun for latest_only_with_trigger to 2022-01-28T20:30:48.468878+00:00
[2022-01-28 21:30:48,502] {processor.py:171} INFO - Processing /home/data-eginner/Documents/Soccer_Data/env/lib/python3.8/site-packages/airflow/example_dags/example_latest_only_with_trigger.py took 0.203 seconds
[2022-01-28 21:31:56,838] {processor.py:163} INFO - Started process (PID=24083) to work on /home/data-eginner/Documents/Soccer_Data/env/lib/python3.8/site-packages/airflow/example_dags/example_latest_only_with_trigger.py
[2022-01-28 21:31:56,840] {processor.py:642} INFO - Processing file /home/data-eginner/Documents/Soccer_Data/env/lib/python3.8/site-packages/airflow/example_dags/example_latest_only_with_trigger.py for tasks to queue
[2022-01-28 21:31:56,841] {logging_mixin.py:109} INFO - [2022-01-28 21:31:56,841] {dagbag.py:500} INFO - Filling up the DagBag from /home/data-eginner/Documents/Soccer_Data/env/lib/python3.8/site-packages/airflow/example_dags/example_latest_only_with_trigger.py
[2022-01-28 21:31:56,874] {processor.py:654} INFO - DAG(s) dict_keys(['latest_only_with_trigger']) retrieved from /home/data-eginner/Documents/Soccer_Data/env/lib/python3.8/site-packages/airflow/example_dags/example_latest_only_with_trigger.py
[2022-01-28 21:31:56,905] {logging_mixin.py:109} INFO - [2022-01-28 21:31:56,905] {dag.py:2396} INFO - Sync 1 DAGs
[2022-01-28 21:31:56,919] {logging_mixin.py:109} INFO - [2022-01-28 21:31:56,919] {dag.py:2935} INFO - Setting next_dagrun for latest_only_with_trigger to 2022-01-28T20:31:56.919210+00:00
[2022-01-28 21:31:56,952] {processor.py:171} INFO - Processing /home/data-eginner/Documents/Soccer_Data/env/lib/python3.8/site-packages/airflow/example_dags/example_latest_only_with_trigger.py took 0.118 seconds
[2022-01-28 21:32:57,103] {processor.py:163} INFO - Started process (PID=24308) to work on /home/data-eginner/Documents/Soccer_Data/env/lib/python3.8/site-packages/airflow/example_dags/example_latest_only_with_trigger.py
[2022-01-28 21:32:57,107] {processor.py:642} INFO - Processing file /home/data-eginner/Documents/Soccer_Data/env/lib/python3.8/site-packages/airflow/example_dags/example_latest_only_with_trigger.py for tasks to queue
[2022-01-28 21:32:57,107] {logging_mixin.py:109} INFO - [2022-01-28 21:32:57,107] {dagbag.py:500} INFO - Filling up the DagBag from /home/data-eginner/Documents/Soccer_Data/env/lib/python3.8/site-packages/airflow/example_dags/example_latest_only_with_trigger.py
[2022-01-28 21:32:57,151] {processor.py:654} INFO - DAG(s) dict_keys(['latest_only_with_trigger']) retrieved from /home/data-eginner/Documents/Soccer_Data/env/lib/python3.8/site-packages/airflow/example_dags/example_latest_only_with_trigger.py
[2022-01-28 21:32:57,159] {logging_mixin.py:109} INFO - [2022-01-28 21:32:57,158] {dag.py:2396} INFO - Sync 1 DAGs
[2022-01-28 21:32:57,173] {logging_mixin.py:109} INFO - [2022-01-28 21:32:57,173] {dag.py:2935} INFO - Setting next_dagrun for latest_only_with_trigger to 2022-01-28T20:32:57.173259+00:00
[2022-01-28 21:32:57,220] {processor.py:171} INFO - Processing /home/data-eginner/Documents/Soccer_Data/env/lib/python3.8/site-packages/airflow/example_dags/example_latest_only_with_trigger.py took 0.121 seconds
[2022-01-28 21:33:42,143] {processor.py:163} INFO - Started process (PID=24487) to work on /home/data-eginner/Documents/Soccer_Data/env/lib/python3.8/site-packages/airflow/example_dags/example_latest_only_with_trigger.py
[2022-01-28 21:33:42,148] {processor.py:642} INFO - Processing file /home/data-eginner/Documents/Soccer_Data/env/lib/python3.8/site-packages/airflow/example_dags/example_latest_only_with_trigger.py for tasks to queue
[2022-01-28 21:33:42,149] {logging_mixin.py:109} INFO - [2022-01-28 21:33:42,149] {dagbag.py:500} INFO - Filling up the DagBag from /home/data-eginner/Documents/Soccer_Data/env/lib/python3.8/site-packages/airflow/example_dags/example_latest_only_with_trigger.py
[2022-01-28 21:33:42,176] {processor.py:654} INFO - DAG(s) dict_keys(['latest_only_with_trigger']) retrieved from /home/data-eginner/Documents/Soccer_Data/env/lib/python3.8/site-packages/airflow/example_dags/example_latest_only_with_trigger.py
[2022-01-28 21:33:42,198] {logging_mixin.py:109} INFO - [2022-01-28 21:33:42,198] {dag.py:2396} INFO - Sync 1 DAGs
[2022-01-28 21:33:42,219] {logging_mixin.py:109} INFO - [2022-01-28 21:33:42,219] {dag.py:2935} INFO - Setting next_dagrun for latest_only_with_trigger to 2022-01-28T20:33:42.219206+00:00
[2022-01-28 21:33:42,241] {processor.py:171} INFO - Processing /home/data-eginner/Documents/Soccer_Data/env/lib/python3.8/site-packages/airflow/example_dags/example_latest_only_with_trigger.py took 0.103 seconds
[2022-01-28 21:34:26,533] {processor.py:163} INFO - Started process (PID=24654) to work on /home/data-eginner/Documents/Soccer_Data/env/lib/python3.8/site-packages/airflow/example_dags/example_latest_only_with_trigger.py
[2022-01-28 21:34:26,535] {processor.py:642} INFO - Processing file /home/data-eginner/Documents/Soccer_Data/env/lib/python3.8/site-packages/airflow/example_dags/example_latest_only_with_trigger.py for tasks to queue
[2022-01-28 21:34:26,536] {logging_mixin.py:109} INFO - [2022-01-28 21:34:26,535] {dagbag.py:500} INFO - Filling up the DagBag from /home/data-eginner/Documents/Soccer_Data/env/lib/python3.8/site-packages/airflow/example_dags/example_latest_only_with_trigger.py
[2022-01-28 21:34:26,554] {processor.py:654} INFO - DAG(s) dict_keys(['latest_only_with_trigger']) retrieved from /home/data-eginner/Documents/Soccer_Data/env/lib/python3.8/site-packages/airflow/example_dags/example_latest_only_with_trigger.py
[2022-01-28 21:34:26,567] {logging_mixin.py:109} INFO - [2022-01-28 21:34:26,567] {dag.py:2396} INFO - Sync 1 DAGs
[2022-01-28 21:34:26,580] {logging_mixin.py:109} INFO - [2022-01-28 21:34:26,580] {dag.py:2935} INFO - Setting next_dagrun for latest_only_with_trigger to 2022-01-28T20:34:26.578804+00:00
[2022-01-28 21:34:26,601] {processor.py:171} INFO - Processing /home/data-eginner/Documents/Soccer_Data/env/lib/python3.8/site-packages/airflow/example_dags/example_latest_only_with_trigger.py took 0.071 seconds
[2022-01-28 21:56:21,495] {processor.py:163} INFO - Started process (PID=25079) to work on /home/data-eginner/Documents/Soccer_Data/env/lib/python3.8/site-packages/airflow/example_dags/example_latest_only_with_trigger.py
[2022-01-28 21:56:21,502] {processor.py:642} INFO - Processing file /home/data-eginner/Documents/Soccer_Data/env/lib/python3.8/site-packages/airflow/example_dags/example_latest_only_with_trigger.py for tasks to queue
[2022-01-28 21:56:21,502] {logging_mixin.py:109} INFO - [2022-01-28 21:56:21,502] {dagbag.py:500} INFO - Filling up the DagBag from /home/data-eginner/Documents/Soccer_Data/env/lib/python3.8/site-packages/airflow/example_dags/example_latest_only_with_trigger.py
[2022-01-28 21:56:21,583] {processor.py:654} INFO - DAG(s) dict_keys(['latest_only_with_trigger']) retrieved from /home/data-eginner/Documents/Soccer_Data/env/lib/python3.8/site-packages/airflow/example_dags/example_latest_only_with_trigger.py
[2022-01-28 21:56:21,629] {logging_mixin.py:109} INFO - [2022-01-28 21:56:21,628] {dag.py:2396} INFO - Sync 1 DAGs
[2022-01-28 21:56:21,667] {logging_mixin.py:109} INFO - [2022-01-28 21:56:21,667] {dag.py:2935} INFO - Setting next_dagrun for latest_only_with_trigger to 2022-01-28T20:56:21.667591+00:00
[2022-01-28 21:56:21,718] {processor.py:171} INFO - Processing /home/data-eginner/Documents/Soccer_Data/env/lib/python3.8/site-packages/airflow/example_dags/example_latest_only_with_trigger.py took 0.241 seconds
[2022-01-28 21:57:08,417] {processor.py:163} INFO - Started process (PID=25257) to work on /home/data-eginner/Documents/Soccer_Data/env/lib/python3.8/site-packages/airflow/example_dags/example_latest_only_with_trigger.py
[2022-01-28 21:57:08,431] {processor.py:642} INFO - Processing file /home/data-eginner/Documents/Soccer_Data/env/lib/python3.8/site-packages/airflow/example_dags/example_latest_only_with_trigger.py for tasks to queue
[2022-01-28 21:57:08,432] {logging_mixin.py:109} INFO - [2022-01-28 21:57:08,432] {dagbag.py:500} INFO - Filling up the DagBag from /home/data-eginner/Documents/Soccer_Data/env/lib/python3.8/site-packages/airflow/example_dags/example_latest_only_with_trigger.py
[2022-01-28 21:57:08,472] {processor.py:654} INFO - DAG(s) dict_keys(['latest_only_with_trigger']) retrieved from /home/data-eginner/Documents/Soccer_Data/env/lib/python3.8/site-packages/airflow/example_dags/example_latest_only_with_trigger.py
[2022-01-28 21:57:08,485] {logging_mixin.py:109} INFO - [2022-01-28 21:57:08,485] {dag.py:2396} INFO - Sync 1 DAGs
[2022-01-28 21:57:08,505] {logging_mixin.py:109} INFO - [2022-01-28 21:57:08,505] {dag.py:2935} INFO - Setting next_dagrun for latest_only_with_trigger to 2022-01-28T20:57:08.505106+00:00
[2022-01-28 21:57:08,525] {processor.py:171} INFO - Processing /home/data-eginner/Documents/Soccer_Data/env/lib/python3.8/site-packages/airflow/example_dags/example_latest_only_with_trigger.py took 0.112 seconds
[2022-01-28 21:57:56,845] {processor.py:163} INFO - Started process (PID=25438) to work on /home/data-eginner/Documents/Soccer_Data/env/lib/python3.8/site-packages/airflow/example_dags/example_latest_only_with_trigger.py
[2022-01-28 21:57:56,895] {processor.py:642} INFO - Processing file /home/data-eginner/Documents/Soccer_Data/env/lib/python3.8/site-packages/airflow/example_dags/example_latest_only_with_trigger.py for tasks to queue
[2022-01-28 21:57:56,896] {logging_mixin.py:109} INFO - [2022-01-28 21:57:56,896] {dagbag.py:500} INFO - Filling up the DagBag from /home/data-eginner/Documents/Soccer_Data/env/lib/python3.8/site-packages/airflow/example_dags/example_latest_only_with_trigger.py
[2022-01-28 21:57:56,915] {processor.py:654} INFO - DAG(s) dict_keys(['latest_only_with_trigger']) retrieved from /home/data-eginner/Documents/Soccer_Data/env/lib/python3.8/site-packages/airflow/example_dags/example_latest_only_with_trigger.py
[2022-01-28 21:57:56,933] {logging_mixin.py:109} INFO - [2022-01-28 21:57:56,933] {dag.py:2396} INFO - Sync 1 DAGs
[2022-01-28 21:57:56,944] {logging_mixin.py:109} INFO - [2022-01-28 21:57:56,944] {dag.py:2935} INFO - Setting next_dagrun for latest_only_with_trigger to 2022-01-28T20:57:56.944534+00:00
[2022-01-28 21:57:56,964] {processor.py:171} INFO - Processing /home/data-eginner/Documents/Soccer_Data/env/lib/python3.8/site-packages/airflow/example_dags/example_latest_only_with_trigger.py took 0.121 seconds
[2022-01-28 21:58:36,254] {processor.py:163} INFO - Started process (PID=25594) to work on /home/data-eginner/Documents/Soccer_Data/env/lib/python3.8/site-packages/airflow/example_dags/example_latest_only_with_trigger.py
[2022-01-28 21:58:36,267] {processor.py:642} INFO - Processing file /home/data-eginner/Documents/Soccer_Data/env/lib/python3.8/site-packages/airflow/example_dags/example_latest_only_with_trigger.py for tasks to queue
[2022-01-28 21:58:36,268] {logging_mixin.py:109} INFO - [2022-01-28 21:58:36,268] {dagbag.py:500} INFO - Filling up the DagBag from /home/data-eginner/Documents/Soccer_Data/env/lib/python3.8/site-packages/airflow/example_dags/example_latest_only_with_trigger.py
[2022-01-28 21:58:36,287] {processor.py:654} INFO - DAG(s) dict_keys(['latest_only_with_trigger']) retrieved from /home/data-eginner/Documents/Soccer_Data/env/lib/python3.8/site-packages/airflow/example_dags/example_latest_only_with_trigger.py
[2022-01-28 21:58:36,296] {logging_mixin.py:109} INFO - [2022-01-28 21:58:36,296] {dag.py:2396} INFO - Sync 1 DAGs
[2022-01-28 21:58:36,309] {logging_mixin.py:109} INFO - [2022-01-28 21:58:36,309] {dag.py:2935} INFO - Setting next_dagrun for latest_only_with_trigger to 2022-01-28T20:58:36.309621+00:00
[2022-01-28 21:58:36,337] {processor.py:171} INFO - Processing /home/data-eginner/Documents/Soccer_Data/env/lib/python3.8/site-packages/airflow/example_dags/example_latest_only_with_trigger.py took 0.088 seconds
[2022-01-28 21:59:26,233] {processor.py:163} INFO - Started process (PID=25784) to work on /home/data-eginner/Documents/Soccer_Data/env/lib/python3.8/site-packages/airflow/example_dags/example_latest_only_with_trigger.py
[2022-01-28 21:59:26,235] {processor.py:642} INFO - Processing file /home/data-eginner/Documents/Soccer_Data/env/lib/python3.8/site-packages/airflow/example_dags/example_latest_only_with_trigger.py for tasks to queue
[2022-01-28 21:59:26,235] {logging_mixin.py:109} INFO - [2022-01-28 21:59:26,235] {dagbag.py:500} INFO - Filling up the DagBag from /home/data-eginner/Documents/Soccer_Data/env/lib/python3.8/site-packages/airflow/example_dags/example_latest_only_with_trigger.py
[2022-01-28 21:59:26,255] {processor.py:654} INFO - DAG(s) dict_keys(['latest_only_with_trigger']) retrieved from /home/data-eginner/Documents/Soccer_Data/env/lib/python3.8/site-packages/airflow/example_dags/example_latest_only_with_trigger.py
[2022-01-28 21:59:26,265] {logging_mixin.py:109} INFO - [2022-01-28 21:59:26,265] {dag.py:2396} INFO - Sync 1 DAGs
[2022-01-28 21:59:26,275] {logging_mixin.py:109} INFO - [2022-01-28 21:59:26,275] {dag.py:2935} INFO - Setting next_dagrun for latest_only_with_trigger to 2022-01-28T20:59:26.275030+00:00
[2022-01-28 21:59:26,291] {processor.py:171} INFO - Processing /home/data-eginner/Documents/Soccer_Data/env/lib/python3.8/site-packages/airflow/example_dags/example_latest_only_with_trigger.py took 0.061 seconds
[2022-01-28 22:00:12,360] {processor.py:163} INFO - Started process (PID=25963) to work on /home/data-eginner/Documents/Soccer_Data/env/lib/python3.8/site-packages/airflow/example_dags/example_latest_only_with_trigger.py
[2022-01-28 22:00:12,363] {processor.py:642} INFO - Processing file /home/data-eginner/Documents/Soccer_Data/env/lib/python3.8/site-packages/airflow/example_dags/example_latest_only_with_trigger.py for tasks to queue
[2022-01-28 22:00:12,363] {logging_mixin.py:109} INFO - [2022-01-28 22:00:12,363] {dagbag.py:500} INFO - Filling up the DagBag from /home/data-eginner/Documents/Soccer_Data/env/lib/python3.8/site-packages/airflow/example_dags/example_latest_only_with_trigger.py
[2022-01-28 22:00:12,389] {processor.py:654} INFO - DAG(s) dict_keys(['latest_only_with_trigger']) retrieved from /home/data-eginner/Documents/Soccer_Data/env/lib/python3.8/site-packages/airflow/example_dags/example_latest_only_with_trigger.py
[2022-01-28 22:00:12,415] {logging_mixin.py:109} INFO - [2022-01-28 22:00:12,414] {dag.py:2396} INFO - Sync 1 DAGs
[2022-01-28 22:00:12,475] {logging_mixin.py:109} INFO - [2022-01-28 22:00:12,474] {dag.py:2935} INFO - Setting next_dagrun for latest_only_with_trigger to 2022-01-28T21:00:12.474588+00:00
[2022-01-28 22:00:12,497] {processor.py:171} INFO - Processing /home/data-eginner/Documents/Soccer_Data/env/lib/python3.8/site-packages/airflow/example_dags/example_latest_only_with_trigger.py took 0.141 seconds
[2022-01-28 22:00:49,679] {processor.py:163} INFO - Started process (PID=26124) to work on /home/data-eginner/Documents/Soccer_Data/env/lib/python3.8/site-packages/airflow/example_dags/example_latest_only_with_trigger.py
[2022-01-28 22:00:49,682] {processor.py:642} INFO - Processing file /home/data-eginner/Documents/Soccer_Data/env/lib/python3.8/site-packages/airflow/example_dags/example_latest_only_with_trigger.py for tasks to queue
[2022-01-28 22:00:49,682] {logging_mixin.py:109} INFO - [2022-01-28 22:00:49,682] {dagbag.py:500} INFO - Filling up the DagBag from /home/data-eginner/Documents/Soccer_Data/env/lib/python3.8/site-packages/airflow/example_dags/example_latest_only_with_trigger.py
[2022-01-28 22:00:49,703] {processor.py:654} INFO - DAG(s) dict_keys(['latest_only_with_trigger']) retrieved from /home/data-eginner/Documents/Soccer_Data/env/lib/python3.8/site-packages/airflow/example_dags/example_latest_only_with_trigger.py
[2022-01-28 22:00:49,712] {logging_mixin.py:109} INFO - [2022-01-28 22:00:49,712] {dag.py:2396} INFO - Sync 1 DAGs
[2022-01-28 22:00:49,723] {logging_mixin.py:109} INFO - [2022-01-28 22:00:49,723] {dag.py:2935} INFO - Setting next_dagrun for latest_only_with_trigger to 2022-01-28T21:00:49.723520+00:00
[2022-01-28 22:00:49,740] {processor.py:171} INFO - Processing /home/data-eginner/Documents/Soccer_Data/env/lib/python3.8/site-packages/airflow/example_dags/example_latest_only_with_trigger.py took 0.064 seconds
[2022-01-28 22:01:31,459] {processor.py:163} INFO - Started process (PID=26287) to work on /home/data-eginner/Documents/Soccer_Data/env/lib/python3.8/site-packages/airflow/example_dags/example_latest_only_with_trigger.py
[2022-01-28 22:01:31,463] {processor.py:642} INFO - Processing file /home/data-eginner/Documents/Soccer_Data/env/lib/python3.8/site-packages/airflow/example_dags/example_latest_only_with_trigger.py for tasks to queue
[2022-01-28 22:01:31,467] {logging_mixin.py:109} INFO - [2022-01-28 22:01:31,467] {dagbag.py:500} INFO - Filling up the DagBag from /home/data-eginner/Documents/Soccer_Data/env/lib/python3.8/site-packages/airflow/example_dags/example_latest_only_with_trigger.py
[2022-01-28 22:01:31,492] {processor.py:654} INFO - DAG(s) dict_keys(['latest_only_with_trigger']) retrieved from /home/data-eginner/Documents/Soccer_Data/env/lib/python3.8/site-packages/airflow/example_dags/example_latest_only_with_trigger.py
[2022-01-28 22:01:31,507] {logging_mixin.py:109} INFO - [2022-01-28 22:01:31,507] {dag.py:2396} INFO - Sync 1 DAGs
[2022-01-28 22:01:31,524] {logging_mixin.py:109} INFO - [2022-01-28 22:01:31,523] {dag.py:2935} INFO - Setting next_dagrun for latest_only_with_trigger to 2022-01-28T21:01:31.520416+00:00
[2022-01-28 22:01:31,553] {processor.py:171} INFO - Processing /home/data-eginner/Documents/Soccer_Data/env/lib/python3.8/site-packages/airflow/example_dags/example_latest_only_with_trigger.py took 0.098 seconds
[2022-01-28 22:04:27,579] {processor.py:163} INFO - Started process (PID=26600) to work on /home/data-eginner/Documents/Soccer_Data/env/lib/python3.8/site-packages/airflow/example_dags/example_latest_only_with_trigger.py
[2022-01-28 22:04:27,583] {processor.py:642} INFO - Processing file /home/data-eginner/Documents/Soccer_Data/env/lib/python3.8/site-packages/airflow/example_dags/example_latest_only_with_trigger.py for tasks to queue
[2022-01-28 22:04:27,584] {logging_mixin.py:109} INFO - [2022-01-28 22:04:27,584] {dagbag.py:500} INFO - Filling up the DagBag from /home/data-eginner/Documents/Soccer_Data/env/lib/python3.8/site-packages/airflow/example_dags/example_latest_only_with_trigger.py
[2022-01-28 22:04:27,615] {processor.py:654} INFO - DAG(s) dict_keys(['latest_only_with_trigger']) retrieved from /home/data-eginner/Documents/Soccer_Data/env/lib/python3.8/site-packages/airflow/example_dags/example_latest_only_with_trigger.py
[2022-01-28 22:04:27,623] {logging_mixin.py:109} INFO - [2022-01-28 22:04:27,623] {dag.py:2396} INFO - Sync 1 DAGs
[2022-01-28 22:04:27,634] {logging_mixin.py:109} INFO - [2022-01-28 22:04:27,634] {dag.py:2935} INFO - Setting next_dagrun for latest_only_with_trigger to 2022-01-28T21:04:27.634600+00:00
[2022-01-28 22:04:27,651] {processor.py:171} INFO - Processing /home/data-eginner/Documents/Soccer_Data/env/lib/python3.8/site-packages/airflow/example_dags/example_latest_only_with_trigger.py took 0.085 seconds
[2022-01-28 22:05:10,727] {processor.py:163} INFO - Started process (PID=26772) to work on /home/data-eginner/Documents/Soccer_Data/env/lib/python3.8/site-packages/airflow/example_dags/example_latest_only_with_trigger.py
[2022-01-28 22:05:10,734] {processor.py:642} INFO - Processing file /home/data-eginner/Documents/Soccer_Data/env/lib/python3.8/site-packages/airflow/example_dags/example_latest_only_with_trigger.py for tasks to queue
[2022-01-28 22:05:10,734] {logging_mixin.py:109} INFO - [2022-01-28 22:05:10,734] {dagbag.py:500} INFO - Filling up the DagBag from /home/data-eginner/Documents/Soccer_Data/env/lib/python3.8/site-packages/airflow/example_dags/example_latest_only_with_trigger.py
[2022-01-28 22:05:10,798] {processor.py:654} INFO - DAG(s) dict_keys(['latest_only_with_trigger']) retrieved from /home/data-eginner/Documents/Soccer_Data/env/lib/python3.8/site-packages/airflow/example_dags/example_latest_only_with_trigger.py
[2022-01-28 22:05:10,806] {logging_mixin.py:109} INFO - [2022-01-28 22:05:10,806] {dag.py:2396} INFO - Sync 1 DAGs
[2022-01-28 22:05:10,827] {logging_mixin.py:109} INFO - [2022-01-28 22:05:10,827] {dag.py:2935} INFO - Setting next_dagrun for latest_only_with_trigger to 2022-01-28T21:05:10.827401+00:00
[2022-01-28 22:05:10,844] {processor.py:171} INFO - Processing /home/data-eginner/Documents/Soccer_Data/env/lib/python3.8/site-packages/airflow/example_dags/example_latest_only_with_trigger.py took 0.119 seconds
[2022-01-28 22:05:53,787] {processor.py:163} INFO - Started process (PID=26937) to work on /home/data-eginner/Documents/Soccer_Data/env/lib/python3.8/site-packages/airflow/example_dags/example_latest_only_with_trigger.py
[2022-01-28 22:05:53,792] {processor.py:642} INFO - Processing file /home/data-eginner/Documents/Soccer_Data/env/lib/python3.8/site-packages/airflow/example_dags/example_latest_only_with_trigger.py for tasks to queue
[2022-01-28 22:05:53,793] {logging_mixin.py:109} INFO - [2022-01-28 22:05:53,793] {dagbag.py:500} INFO - Filling up the DagBag from /home/data-eginner/Documents/Soccer_Data/env/lib/python3.8/site-packages/airflow/example_dags/example_latest_only_with_trigger.py
[2022-01-28 22:05:53,899] {processor.py:654} INFO - DAG(s) dict_keys(['latest_only_with_trigger']) retrieved from /home/data-eginner/Documents/Soccer_Data/env/lib/python3.8/site-packages/airflow/example_dags/example_latest_only_with_trigger.py
[2022-01-28 22:05:53,925] {logging_mixin.py:109} INFO - [2022-01-28 22:05:53,925] {dag.py:2396} INFO - Sync 1 DAGs
[2022-01-28 22:05:53,955] {logging_mixin.py:109} INFO - [2022-01-28 22:05:53,955] {dag.py:2935} INFO - Setting next_dagrun for latest_only_with_trigger to 2022-01-28T21:05:53.954481+00:00
[2022-01-28 22:05:53,998] {processor.py:171} INFO - Processing /home/data-eginner/Documents/Soccer_Data/env/lib/python3.8/site-packages/airflow/example_dags/example_latest_only_with_trigger.py took 0.229 seconds
[2022-01-28 22:06:34,132] {processor.py:163} INFO - Started process (PID=27101) to work on /home/data-eginner/Documents/Soccer_Data/env/lib/python3.8/site-packages/airflow/example_dags/example_latest_only_with_trigger.py
[2022-01-28 22:06:34,134] {processor.py:642} INFO - Processing file /home/data-eginner/Documents/Soccer_Data/env/lib/python3.8/site-packages/airflow/example_dags/example_latest_only_with_trigger.py for tasks to queue
[2022-01-28 22:06:34,135] {logging_mixin.py:109} INFO - [2022-01-28 22:06:34,135] {dagbag.py:500} INFO - Filling up the DagBag from /home/data-eginner/Documents/Soccer_Data/env/lib/python3.8/site-packages/airflow/example_dags/example_latest_only_with_trigger.py
[2022-01-28 22:06:34,152] {processor.py:654} INFO - DAG(s) dict_keys(['latest_only_with_trigger']) retrieved from /home/data-eginner/Documents/Soccer_Data/env/lib/python3.8/site-packages/airflow/example_dags/example_latest_only_with_trigger.py
[2022-01-28 22:06:34,160] {logging_mixin.py:109} INFO - [2022-01-28 22:06:34,159] {dag.py:2396} INFO - Sync 1 DAGs
[2022-01-28 22:06:34,174] {logging_mixin.py:109} INFO - [2022-01-28 22:06:34,174] {dag.py:2935} INFO - Setting next_dagrun for latest_only_with_trigger to 2022-01-28T21:06:34.174463+00:00
[2022-01-28 22:06:34,192] {processor.py:171} INFO - Processing /home/data-eginner/Documents/Soccer_Data/env/lib/python3.8/site-packages/airflow/example_dags/example_latest_only_with_trigger.py took 0.065 seconds
[2022-01-28 22:07:28,353] {processor.py:163} INFO - Started process (PID=27317) to work on /home/data-eginner/Documents/Soccer_Data/env/lib/python3.8/site-packages/airflow/example_dags/example_latest_only_with_trigger.py
[2022-01-28 22:07:28,375] {processor.py:642} INFO - Processing file /home/data-eginner/Documents/Soccer_Data/env/lib/python3.8/site-packages/airflow/example_dags/example_latest_only_with_trigger.py for tasks to queue
[2022-01-28 22:07:28,376] {logging_mixin.py:109} INFO - [2022-01-28 22:07:28,376] {dagbag.py:500} INFO - Filling up the DagBag from /home/data-eginner/Documents/Soccer_Data/env/lib/python3.8/site-packages/airflow/example_dags/example_latest_only_with_trigger.py
[2022-01-28 22:07:28,419] {processor.py:654} INFO - DAG(s) dict_keys(['latest_only_with_trigger']) retrieved from /home/data-eginner/Documents/Soccer_Data/env/lib/python3.8/site-packages/airflow/example_dags/example_latest_only_with_trigger.py
[2022-01-28 22:07:28,441] {logging_mixin.py:109} INFO - [2022-01-28 22:07:28,441] {dag.py:2396} INFO - Sync 1 DAGs
[2022-01-28 22:07:28,492] {logging_mixin.py:109} INFO - [2022-01-28 22:07:28,492] {dag.py:2935} INFO - Setting next_dagrun for latest_only_with_trigger to 2022-01-28T21:07:28.491801+00:00
[2022-01-28 22:07:28,520] {processor.py:171} INFO - Processing /home/data-eginner/Documents/Soccer_Data/env/lib/python3.8/site-packages/airflow/example_dags/example_latest_only_with_trigger.py took 0.169 seconds
[2022-01-28 22:08:33,500] {processor.py:163} INFO - Started process (PID=27583) to work on /home/data-eginner/Documents/Soccer_Data/env/lib/python3.8/site-packages/airflow/example_dags/example_latest_only_with_trigger.py
[2022-01-28 22:08:33,513] {processor.py:642} INFO - Processing file /home/data-eginner/Documents/Soccer_Data/env/lib/python3.8/site-packages/airflow/example_dags/example_latest_only_with_trigger.py for tasks to queue
[2022-01-28 22:08:33,514] {logging_mixin.py:109} INFO - [2022-01-28 22:08:33,514] {dagbag.py:500} INFO - Filling up the DagBag from /home/data-eginner/Documents/Soccer_Data/env/lib/python3.8/site-packages/airflow/example_dags/example_latest_only_with_trigger.py
[2022-01-28 22:08:33,549] {processor.py:654} INFO - DAG(s) dict_keys(['latest_only_with_trigger']) retrieved from /home/data-eginner/Documents/Soccer_Data/env/lib/python3.8/site-packages/airflow/example_dags/example_latest_only_with_trigger.py
[2022-01-28 22:08:33,565] {logging_mixin.py:109} INFO - [2022-01-28 22:08:33,564] {dag.py:2396} INFO - Sync 1 DAGs
[2022-01-28 22:08:33,586] {logging_mixin.py:109} INFO - [2022-01-28 22:08:33,586] {dag.py:2935} INFO - Setting next_dagrun for latest_only_with_trigger to 2022-01-28T21:08:33.586378+00:00
[2022-01-28 22:08:33,613] {processor.py:171} INFO - Processing /home/data-eginner/Documents/Soccer_Data/env/lib/python3.8/site-packages/airflow/example_dags/example_latest_only_with_trigger.py took 0.127 seconds
[2022-01-28 22:09:16,757] {processor.py:163} INFO - Started process (PID=27753) to work on /home/data-eginner/Documents/Soccer_Data/env/lib/python3.8/site-packages/airflow/example_dags/example_latest_only_with_trigger.py
[2022-01-28 22:09:16,770] {processor.py:642} INFO - Processing file /home/data-eginner/Documents/Soccer_Data/env/lib/python3.8/site-packages/airflow/example_dags/example_latest_only_with_trigger.py for tasks to queue
[2022-01-28 22:09:16,782] {logging_mixin.py:109} INFO - [2022-01-28 22:09:16,771] {dagbag.py:500} INFO - Filling up the DagBag from /home/data-eginner/Documents/Soccer_Data/env/lib/python3.8/site-packages/airflow/example_dags/example_latest_only_with_trigger.py
[2022-01-28 22:09:16,824] {processor.py:654} INFO - DAG(s) dict_keys(['latest_only_with_trigger']) retrieved from /home/data-eginner/Documents/Soccer_Data/env/lib/python3.8/site-packages/airflow/example_dags/example_latest_only_with_trigger.py
[2022-01-28 22:09:16,834] {logging_mixin.py:109} INFO - [2022-01-28 22:09:16,834] {dag.py:2396} INFO - Sync 1 DAGs
[2022-01-28 22:09:16,851] {logging_mixin.py:109} INFO - [2022-01-28 22:09:16,851] {dag.py:2935} INFO - Setting next_dagrun for latest_only_with_trigger to 2022-01-28T21:09:16.850921+00:00
[2022-01-28 22:09:16,868] {processor.py:171} INFO - Processing /home/data-eginner/Documents/Soccer_Data/env/lib/python3.8/site-packages/airflow/example_dags/example_latest_only_with_trigger.py took 0.117 seconds
[2022-01-28 22:09:57,538] {processor.py:163} INFO - Started process (PID=27921) to work on /home/data-eginner/Documents/Soccer_Data/env/lib/python3.8/site-packages/airflow/example_dags/example_latest_only_with_trigger.py
[2022-01-28 22:09:57,553] {processor.py:642} INFO - Processing file /home/data-eginner/Documents/Soccer_Data/env/lib/python3.8/site-packages/airflow/example_dags/example_latest_only_with_trigger.py for tasks to queue
[2022-01-28 22:09:57,554] {logging_mixin.py:109} INFO - [2022-01-28 22:09:57,553] {dagbag.py:500} INFO - Filling up the DagBag from /home/data-eginner/Documents/Soccer_Data/env/lib/python3.8/site-packages/airflow/example_dags/example_latest_only_with_trigger.py
[2022-01-28 22:09:57,592] {processor.py:654} INFO - DAG(s) dict_keys(['latest_only_with_trigger']) retrieved from /home/data-eginner/Documents/Soccer_Data/env/lib/python3.8/site-packages/airflow/example_dags/example_latest_only_with_trigger.py
[2022-01-28 22:09:57,604] {logging_mixin.py:109} INFO - [2022-01-28 22:09:57,603] {dag.py:2396} INFO - Sync 1 DAGs
[2022-01-28 22:09:57,637] {logging_mixin.py:109} INFO - [2022-01-28 22:09:57,637] {dag.py:2935} INFO - Setting next_dagrun for latest_only_with_trigger to 2022-01-28T21:09:57.637332+00:00
[2022-01-28 22:09:57,664] {processor.py:171} INFO - Processing /home/data-eginner/Documents/Soccer_Data/env/lib/python3.8/site-packages/airflow/example_dags/example_latest_only_with_trigger.py took 0.131 seconds
[2022-01-28 22:10:48,295] {processor.py:163} INFO - Started process (PID=28140) to work on /home/data-eginner/Documents/Soccer_Data/env/lib/python3.8/site-packages/airflow/example_dags/example_latest_only_with_trigger.py
[2022-01-28 22:10:48,298] {processor.py:642} INFO - Processing file /home/data-eginner/Documents/Soccer_Data/env/lib/python3.8/site-packages/airflow/example_dags/example_latest_only_with_trigger.py for tasks to queue
[2022-01-28 22:10:48,299] {logging_mixin.py:109} INFO - [2022-01-28 22:10:48,299] {dagbag.py:500} INFO - Filling up the DagBag from /home/data-eginner/Documents/Soccer_Data/env/lib/python3.8/site-packages/airflow/example_dags/example_latest_only_with_trigger.py
[2022-01-28 22:10:48,339] {processor.py:654} INFO - DAG(s) dict_keys(['latest_only_with_trigger']) retrieved from /home/data-eginner/Documents/Soccer_Data/env/lib/python3.8/site-packages/airflow/example_dags/example_latest_only_with_trigger.py
[2022-01-28 22:10:48,358] {logging_mixin.py:109} INFO - [2022-01-28 22:10:48,358] {dag.py:2396} INFO - Sync 1 DAGs
[2022-01-28 22:10:48,368] {logging_mixin.py:109} INFO - [2022-01-28 22:10:48,368] {dag.py:2935} INFO - Setting next_dagrun for latest_only_with_trigger to 2022-01-28T21:10:48.368018+00:00
[2022-01-28 22:10:48,398] {processor.py:171} INFO - Processing /home/data-eginner/Documents/Soccer_Data/env/lib/python3.8/site-packages/airflow/example_dags/example_latest_only_with_trigger.py took 0.117 seconds
[2022-01-28 22:11:26,244] {processor.py:163} INFO - Started process (PID=28300) to work on /home/data-eginner/Documents/Soccer_Data/env/lib/python3.8/site-packages/airflow/example_dags/example_latest_only_with_trigger.py
[2022-01-28 22:11:26,246] {processor.py:642} INFO - Processing file /home/data-eginner/Documents/Soccer_Data/env/lib/python3.8/site-packages/airflow/example_dags/example_latest_only_with_trigger.py for tasks to queue
[2022-01-28 22:11:26,247] {logging_mixin.py:109} INFO - [2022-01-28 22:11:26,247] {dagbag.py:500} INFO - Filling up the DagBag from /home/data-eginner/Documents/Soccer_Data/env/lib/python3.8/site-packages/airflow/example_dags/example_latest_only_with_trigger.py
[2022-01-28 22:11:26,267] {processor.py:654} INFO - DAG(s) dict_keys(['latest_only_with_trigger']) retrieved from /home/data-eginner/Documents/Soccer_Data/env/lib/python3.8/site-packages/airflow/example_dags/example_latest_only_with_trigger.py
[2022-01-28 22:11:26,278] {logging_mixin.py:109} INFO - [2022-01-28 22:11:26,278] {dag.py:2396} INFO - Sync 1 DAGs
[2022-01-28 22:11:26,292] {logging_mixin.py:109} INFO - [2022-01-28 22:11:26,290] {dag.py:2935} INFO - Setting next_dagrun for latest_only_with_trigger to 2022-01-28T21:11:26.290434+00:00
[2022-01-28 22:11:26,332] {processor.py:171} INFO - Processing /home/data-eginner/Documents/Soccer_Data/env/lib/python3.8/site-packages/airflow/example_dags/example_latest_only_with_trigger.py took 0.091 seconds
[2022-01-28 22:12:07,692] {processor.py:163} INFO - Started process (PID=28485) to work on /home/data-eginner/Documents/Soccer_Data/env/lib/python3.8/site-packages/airflow/example_dags/example_latest_only_with_trigger.py
[2022-01-28 22:12:07,703] {processor.py:642} INFO - Processing file /home/data-eginner/Documents/Soccer_Data/env/lib/python3.8/site-packages/airflow/example_dags/example_latest_only_with_trigger.py for tasks to queue
[2022-01-28 22:12:07,704] {logging_mixin.py:109} INFO - [2022-01-28 22:12:07,704] {dagbag.py:500} INFO - Filling up the DagBag from /home/data-eginner/Documents/Soccer_Data/env/lib/python3.8/site-packages/airflow/example_dags/example_latest_only_with_trigger.py
[2022-01-28 22:12:07,744] {processor.py:654} INFO - DAG(s) dict_keys(['latest_only_with_trigger']) retrieved from /home/data-eginner/Documents/Soccer_Data/env/lib/python3.8/site-packages/airflow/example_dags/example_latest_only_with_trigger.py
[2022-01-28 22:12:07,763] {logging_mixin.py:109} INFO - [2022-01-28 22:12:07,763] {dag.py:2396} INFO - Sync 1 DAGs
[2022-01-28 22:12:07,800] {logging_mixin.py:109} INFO - [2022-01-28 22:12:07,800] {dag.py:2935} INFO - Setting next_dagrun for latest_only_with_trigger to 2022-01-28T21:12:07.800002+00:00
[2022-01-28 22:12:07,831] {processor.py:171} INFO - Processing /home/data-eginner/Documents/Soccer_Data/env/lib/python3.8/site-packages/airflow/example_dags/example_latest_only_with_trigger.py took 0.141 seconds
[2022-01-28 22:12:56,170] {processor.py:163} INFO - Started process (PID=28662) to work on /home/data-eginner/Documents/Soccer_Data/env/lib/python3.8/site-packages/airflow/example_dags/example_latest_only_with_trigger.py
[2022-01-28 22:12:56,189] {processor.py:642} INFO - Processing file /home/data-eginner/Documents/Soccer_Data/env/lib/python3.8/site-packages/airflow/example_dags/example_latest_only_with_trigger.py for tasks to queue
[2022-01-28 22:12:56,190] {logging_mixin.py:109} INFO - [2022-01-28 22:12:56,190] {dagbag.py:500} INFO - Filling up the DagBag from /home/data-eginner/Documents/Soccer_Data/env/lib/python3.8/site-packages/airflow/example_dags/example_latest_only_with_trigger.py
[2022-01-28 22:12:56,264] {processor.py:654} INFO - DAG(s) dict_keys(['latest_only_with_trigger']) retrieved from /home/data-eginner/Documents/Soccer_Data/env/lib/python3.8/site-packages/airflow/example_dags/example_latest_only_with_trigger.py
[2022-01-28 22:12:56,312] {logging_mixin.py:109} INFO - [2022-01-28 22:12:56,312] {dag.py:2396} INFO - Sync 1 DAGs
[2022-01-28 22:12:56,347] {logging_mixin.py:109} INFO - [2022-01-28 22:12:56,347] {dag.py:2935} INFO - Setting next_dagrun for latest_only_with_trigger to 2022-01-28T21:12:56.347180+00:00
[2022-01-28 22:12:56,378] {processor.py:171} INFO - Processing /home/data-eginner/Documents/Soccer_Data/env/lib/python3.8/site-packages/airflow/example_dags/example_latest_only_with_trigger.py took 0.211 seconds
[2022-01-28 22:13:36,672] {processor.py:163} INFO - Started process (PID=28826) to work on /home/data-eginner/Documents/Soccer_Data/env/lib/python3.8/site-packages/airflow/example_dags/example_latest_only_with_trigger.py
[2022-01-28 22:13:36,681] {processor.py:642} INFO - Processing file /home/data-eginner/Documents/Soccer_Data/env/lib/python3.8/site-packages/airflow/example_dags/example_latest_only_with_trigger.py for tasks to queue
[2022-01-28 22:13:36,682] {logging_mixin.py:109} INFO - [2022-01-28 22:13:36,681] {dagbag.py:500} INFO - Filling up the DagBag from /home/data-eginner/Documents/Soccer_Data/env/lib/python3.8/site-packages/airflow/example_dags/example_latest_only_with_trigger.py
[2022-01-28 22:13:36,715] {processor.py:654} INFO - DAG(s) dict_keys(['latest_only_with_trigger']) retrieved from /home/data-eginner/Documents/Soccer_Data/env/lib/python3.8/site-packages/airflow/example_dags/example_latest_only_with_trigger.py
[2022-01-28 22:13:36,734] {logging_mixin.py:109} INFO - [2022-01-28 22:13:36,734] {dag.py:2396} INFO - Sync 1 DAGs
[2022-01-28 22:13:36,750] {logging_mixin.py:109} INFO - [2022-01-28 22:13:36,750] {dag.py:2935} INFO - Setting next_dagrun for latest_only_with_trigger to 2022-01-28T21:13:36.748542+00:00
[2022-01-28 22:13:36,784] {processor.py:171} INFO - Processing /home/data-eginner/Documents/Soccer_Data/env/lib/python3.8/site-packages/airflow/example_dags/example_latest_only_with_trigger.py took 0.114 seconds
[2022-01-28 22:14:29,396] {processor.py:163} INFO - Started process (PID=29034) to work on /home/data-eginner/Documents/Soccer_Data/env/lib/python3.8/site-packages/airflow/example_dags/example_latest_only_with_trigger.py
[2022-01-28 22:14:29,423] {processor.py:642} INFO - Processing file /home/data-eginner/Documents/Soccer_Data/env/lib/python3.8/site-packages/airflow/example_dags/example_latest_only_with_trigger.py for tasks to queue
[2022-01-28 22:14:29,423] {logging_mixin.py:109} INFO - [2022-01-28 22:14:29,423] {dagbag.py:500} INFO - Filling up the DagBag from /home/data-eginner/Documents/Soccer_Data/env/lib/python3.8/site-packages/airflow/example_dags/example_latest_only_with_trigger.py
[2022-01-28 22:14:29,452] {processor.py:654} INFO - DAG(s) dict_keys(['latest_only_with_trigger']) retrieved from /home/data-eginner/Documents/Soccer_Data/env/lib/python3.8/site-packages/airflow/example_dags/example_latest_only_with_trigger.py
[2022-01-28 22:14:29,510] {logging_mixin.py:109} INFO - [2022-01-28 22:14:29,510] {dag.py:2396} INFO - Sync 1 DAGs
[2022-01-28 22:14:29,542] {logging_mixin.py:109} INFO - [2022-01-28 22:14:29,542] {dag.py:2935} INFO - Setting next_dagrun for latest_only_with_trigger to 2022-01-28T21:14:29.541925+00:00
[2022-01-28 22:14:29,585] {processor.py:171} INFO - Processing /home/data-eginner/Documents/Soccer_Data/env/lib/python3.8/site-packages/airflow/example_dags/example_latest_only_with_trigger.py took 0.191 seconds
[2022-01-28 22:15:23,993] {processor.py:163} INFO - Started process (PID=29236) to work on /home/data-eginner/Documents/Soccer_Data/env/lib/python3.8/site-packages/airflow/example_dags/example_latest_only_with_trigger.py
[2022-01-28 22:15:24,011] {processor.py:642} INFO - Processing file /home/data-eginner/Documents/Soccer_Data/env/lib/python3.8/site-packages/airflow/example_dags/example_latest_only_with_trigger.py for tasks to queue
[2022-01-28 22:15:24,011] {logging_mixin.py:109} INFO - [2022-01-28 22:15:24,011] {dagbag.py:500} INFO - Filling up the DagBag from /home/data-eginner/Documents/Soccer_Data/env/lib/python3.8/site-packages/airflow/example_dags/example_latest_only_with_trigger.py
[2022-01-28 22:15:24,050] {processor.py:654} INFO - DAG(s) dict_keys(['latest_only_with_trigger']) retrieved from /home/data-eginner/Documents/Soccer_Data/env/lib/python3.8/site-packages/airflow/example_dags/example_latest_only_with_trigger.py
[2022-01-28 22:15:24,085] {logging_mixin.py:109} INFO - [2022-01-28 22:15:24,085] {dag.py:2396} INFO - Sync 1 DAGs
[2022-01-28 22:15:24,108] {logging_mixin.py:109} INFO - [2022-01-28 22:15:24,108] {dag.py:2935} INFO - Setting next_dagrun for latest_only_with_trigger to 2022-01-28T21:15:24.108532+00:00
[2022-01-28 22:15:24,136] {processor.py:171} INFO - Processing /home/data-eginner/Documents/Soccer_Data/env/lib/python3.8/site-packages/airflow/example_dags/example_latest_only_with_trigger.py took 0.150 seconds
[2022-01-28 22:16:13,131] {processor.py:163} INFO - Started process (PID=29407) to work on /home/data-eginner/Documents/Soccer_Data/env/lib/python3.8/site-packages/airflow/example_dags/example_latest_only_with_trigger.py
[2022-01-28 22:16:13,134] {processor.py:642} INFO - Processing file /home/data-eginner/Documents/Soccer_Data/env/lib/python3.8/site-packages/airflow/example_dags/example_latest_only_with_trigger.py for tasks to queue
[2022-01-28 22:16:13,135] {logging_mixin.py:109} INFO - [2022-01-28 22:16:13,135] {dagbag.py:500} INFO - Filling up the DagBag from /home/data-eginner/Documents/Soccer_Data/env/lib/python3.8/site-packages/airflow/example_dags/example_latest_only_with_trigger.py
[2022-01-28 22:16:13,168] {processor.py:654} INFO - DAG(s) dict_keys(['latest_only_with_trigger']) retrieved from /home/data-eginner/Documents/Soccer_Data/env/lib/python3.8/site-packages/airflow/example_dags/example_latest_only_with_trigger.py
[2022-01-28 22:16:13,188] {logging_mixin.py:109} INFO - [2022-01-28 22:16:13,188] {dag.py:2396} INFO - Sync 1 DAGs
[2022-01-28 22:16:13,213] {logging_mixin.py:109} INFO - [2022-01-28 22:16:13,213] {dag.py:2935} INFO - Setting next_dagrun for latest_only_with_trigger to 2022-01-28T21:16:13.213624+00:00
[2022-01-28 22:16:13,246] {processor.py:171} INFO - Processing /home/data-eginner/Documents/Soccer_Data/env/lib/python3.8/site-packages/airflow/example_dags/example_latest_only_with_trigger.py took 0.129 seconds
[2022-01-28 22:17:29,171] {processor.py:163} INFO - Started process (PID=29700) to work on /home/data-eginner/Documents/Soccer_Data/env/lib/python3.8/site-packages/airflow/example_dags/example_latest_only_with_trigger.py
[2022-01-28 22:17:29,173] {processor.py:642} INFO - Processing file /home/data-eginner/Documents/Soccer_Data/env/lib/python3.8/site-packages/airflow/example_dags/example_latest_only_with_trigger.py for tasks to queue
[2022-01-28 22:17:29,174] {logging_mixin.py:109} INFO - [2022-01-28 22:17:29,173] {dagbag.py:500} INFO - Filling up the DagBag from /home/data-eginner/Documents/Soccer_Data/env/lib/python3.8/site-packages/airflow/example_dags/example_latest_only_with_trigger.py
[2022-01-28 22:17:29,200] {processor.py:654} INFO - DAG(s) dict_keys(['latest_only_with_trigger']) retrieved from /home/data-eginner/Documents/Soccer_Data/env/lib/python3.8/site-packages/airflow/example_dags/example_latest_only_with_trigger.py
[2022-01-28 22:17:29,207] {logging_mixin.py:109} INFO - [2022-01-28 22:17:29,207] {dag.py:2396} INFO - Sync 1 DAGs
[2022-01-28 22:17:29,222] {logging_mixin.py:109} INFO - [2022-01-28 22:17:29,222] {dag.py:2935} INFO - Setting next_dagrun for latest_only_with_trigger to 2022-01-28T21:17:29.222124+00:00
[2022-01-28 22:17:29,256] {processor.py:171} INFO - Processing /home/data-eginner/Documents/Soccer_Data/env/lib/python3.8/site-packages/airflow/example_dags/example_latest_only_with_trigger.py took 0.088 seconds
[2022-01-28 22:18:09,971] {processor.py:163} INFO - Started process (PID=29862) to work on /home/data-eginner/Documents/Soccer_Data/env/lib/python3.8/site-packages/airflow/example_dags/example_latest_only_with_trigger.py
[2022-01-28 22:18:09,973] {processor.py:642} INFO - Processing file /home/data-eginner/Documents/Soccer_Data/env/lib/python3.8/site-packages/airflow/example_dags/example_latest_only_with_trigger.py for tasks to queue
[2022-01-28 22:18:09,973] {logging_mixin.py:109} INFO - [2022-01-28 22:18:09,973] {dagbag.py:500} INFO - Filling up the DagBag from /home/data-eginner/Documents/Soccer_Data/env/lib/python3.8/site-packages/airflow/example_dags/example_latest_only_with_trigger.py
[2022-01-28 22:18:09,994] {processor.py:654} INFO - DAG(s) dict_keys(['latest_only_with_trigger']) retrieved from /home/data-eginner/Documents/Soccer_Data/env/lib/python3.8/site-packages/airflow/example_dags/example_latest_only_with_trigger.py
[2022-01-28 22:18:10,002] {logging_mixin.py:109} INFO - [2022-01-28 22:18:10,002] {dag.py:2396} INFO - Sync 1 DAGs
[2022-01-28 22:18:10,013] {logging_mixin.py:109} INFO - [2022-01-28 22:18:10,013] {dag.py:2935} INFO - Setting next_dagrun for latest_only_with_trigger to 2022-01-28T21:18:10.012763+00:00
[2022-01-28 22:18:10,029] {processor.py:171} INFO - Processing /home/data-eginner/Documents/Soccer_Data/env/lib/python3.8/site-packages/airflow/example_dags/example_latest_only_with_trigger.py took 0.064 seconds
[2022-01-28 22:18:56,146] {processor.py:163} INFO - Started process (PID=30044) to work on /home/data-eginner/Documents/Soccer_Data/env/lib/python3.8/site-packages/airflow/example_dags/example_latest_only_with_trigger.py
[2022-01-28 22:18:56,150] {processor.py:642} INFO - Processing file /home/data-eginner/Documents/Soccer_Data/env/lib/python3.8/site-packages/airflow/example_dags/example_latest_only_with_trigger.py for tasks to queue
[2022-01-28 22:18:56,151] {logging_mixin.py:109} INFO - [2022-01-28 22:18:56,150] {dagbag.py:500} INFO - Filling up the DagBag from /home/data-eginner/Documents/Soccer_Data/env/lib/python3.8/site-packages/airflow/example_dags/example_latest_only_with_trigger.py
[2022-01-28 22:18:56,182] {processor.py:654} INFO - DAG(s) dict_keys(['latest_only_with_trigger']) retrieved from /home/data-eginner/Documents/Soccer_Data/env/lib/python3.8/site-packages/airflow/example_dags/example_latest_only_with_trigger.py
[2022-01-28 22:18:56,195] {logging_mixin.py:109} INFO - [2022-01-28 22:18:56,195] {dag.py:2396} INFO - Sync 1 DAGs
[2022-01-28 22:18:56,207] {logging_mixin.py:109} INFO - [2022-01-28 22:18:56,207] {dag.py:2935} INFO - Setting next_dagrun for latest_only_with_trigger to 2022-01-28T21:18:56.206872+00:00
[2022-01-28 22:18:56,225] {processor.py:171} INFO - Processing /home/data-eginner/Documents/Soccer_Data/env/lib/python3.8/site-packages/airflow/example_dags/example_latest_only_with_trigger.py took 0.083 seconds
[2022-01-28 22:19:40,110] {processor.py:163} INFO - Started process (PID=30225) to work on /home/data-eginner/Documents/Soccer_Data/env/lib/python3.8/site-packages/airflow/example_dags/example_latest_only_with_trigger.py
[2022-01-28 22:19:40,112] {processor.py:642} INFO - Processing file /home/data-eginner/Documents/Soccer_Data/env/lib/python3.8/site-packages/airflow/example_dags/example_latest_only_with_trigger.py for tasks to queue
[2022-01-28 22:19:40,113] {logging_mixin.py:109} INFO - [2022-01-28 22:19:40,113] {dagbag.py:500} INFO - Filling up the DagBag from /home/data-eginner/Documents/Soccer_Data/env/lib/python3.8/site-packages/airflow/example_dags/example_latest_only_with_trigger.py
[2022-01-28 22:19:40,215] {processor.py:654} INFO - DAG(s) dict_keys(['latest_only_with_trigger']) retrieved from /home/data-eginner/Documents/Soccer_Data/env/lib/python3.8/site-packages/airflow/example_dags/example_latest_only_with_trigger.py
[2022-01-28 22:19:40,243] {logging_mixin.py:109} INFO - [2022-01-28 22:19:40,243] {dag.py:2396} INFO - Sync 1 DAGs
[2022-01-28 22:19:40,297] {logging_mixin.py:109} INFO - [2022-01-28 22:19:40,297] {dag.py:2935} INFO - Setting next_dagrun for latest_only_with_trigger to 2022-01-28T21:19:40.297126+00:00
[2022-01-28 22:19:40,376] {processor.py:171} INFO - Processing /home/data-eginner/Documents/Soccer_Data/env/lib/python3.8/site-packages/airflow/example_dags/example_latest_only_with_trigger.py took 0.294 seconds
[2022-01-28 22:20:41,140] {processor.py:163} INFO - Started process (PID=30471) to work on /home/data-eginner/Documents/Soccer_Data/env/lib/python3.8/site-packages/airflow/example_dags/example_latest_only_with_trigger.py
[2022-01-28 22:20:41,143] {processor.py:642} INFO - Processing file /home/data-eginner/Documents/Soccer_Data/env/lib/python3.8/site-packages/airflow/example_dags/example_latest_only_with_trigger.py for tasks to queue
[2022-01-28 22:20:41,144] {logging_mixin.py:109} INFO - [2022-01-28 22:20:41,143] {dagbag.py:500} INFO - Filling up the DagBag from /home/data-eginner/Documents/Soccer_Data/env/lib/python3.8/site-packages/airflow/example_dags/example_latest_only_with_trigger.py
[2022-01-28 22:20:41,170] {processor.py:654} INFO - DAG(s) dict_keys(['latest_only_with_trigger']) retrieved from /home/data-eginner/Documents/Soccer_Data/env/lib/python3.8/site-packages/airflow/example_dags/example_latest_only_with_trigger.py
[2022-01-28 22:20:41,178] {logging_mixin.py:109} INFO - [2022-01-28 22:20:41,178] {dag.py:2396} INFO - Sync 1 DAGs
[2022-01-28 22:20:41,191] {logging_mixin.py:109} INFO - [2022-01-28 22:20:41,191] {dag.py:2935} INFO - Setting next_dagrun for latest_only_with_trigger to 2022-01-28T21:20:41.191270+00:00
[2022-01-28 22:20:41,207] {processor.py:171} INFO - Processing /home/data-eginner/Documents/Soccer_Data/env/lib/python3.8/site-packages/airflow/example_dags/example_latest_only_with_trigger.py took 0.072 seconds
[2022-01-28 22:21:18,955] {processor.py:163} INFO - Started process (PID=30631) to work on /home/data-eginner/Documents/Soccer_Data/env/lib/python3.8/site-packages/airflow/example_dags/example_latest_only_with_trigger.py
[2022-01-28 22:21:18,965] {processor.py:642} INFO - Processing file /home/data-eginner/Documents/Soccer_Data/env/lib/python3.8/site-packages/airflow/example_dags/example_latest_only_with_trigger.py for tasks to queue
[2022-01-28 22:21:18,965] {logging_mixin.py:109} INFO - [2022-01-28 22:21:18,965] {dagbag.py:500} INFO - Filling up the DagBag from /home/data-eginner/Documents/Soccer_Data/env/lib/python3.8/site-packages/airflow/example_dags/example_latest_only_with_trigger.py
[2022-01-28 22:21:18,991] {processor.py:654} INFO - DAG(s) dict_keys(['latest_only_with_trigger']) retrieved from /home/data-eginner/Documents/Soccer_Data/env/lib/python3.8/site-packages/airflow/example_dags/example_latest_only_with_trigger.py
[2022-01-28 22:21:19,002] {logging_mixin.py:109} INFO - [2022-01-28 22:21:19,002] {dag.py:2396} INFO - Sync 1 DAGs
[2022-01-28 22:21:19,019] {logging_mixin.py:109} INFO - [2022-01-28 22:21:19,013] {dag.py:2935} INFO - Setting next_dagrun for latest_only_with_trigger to 2022-01-28T21:21:19.013359+00:00
[2022-01-28 22:21:19,042] {processor.py:171} INFO - Processing /home/data-eginner/Documents/Soccer_Data/env/lib/python3.8/site-packages/airflow/example_dags/example_latest_only_with_trigger.py took 0.100 seconds
[2022-01-28 22:21:54,314] {processor.py:163} INFO - Started process (PID=30787) to work on /home/data-eginner/Documents/Soccer_Data/env/lib/python3.8/site-packages/airflow/example_dags/example_latest_only_with_trigger.py
[2022-01-28 22:21:54,321] {processor.py:642} INFO - Processing file /home/data-eginner/Documents/Soccer_Data/env/lib/python3.8/site-packages/airflow/example_dags/example_latest_only_with_trigger.py for tasks to queue
[2022-01-28 22:21:54,322] {logging_mixin.py:109} INFO - [2022-01-28 22:21:54,322] {dagbag.py:500} INFO - Filling up the DagBag from /home/data-eginner/Documents/Soccer_Data/env/lib/python3.8/site-packages/airflow/example_dags/example_latest_only_with_trigger.py
[2022-01-28 22:21:54,347] {processor.py:654} INFO - DAG(s) dict_keys(['latest_only_with_trigger']) retrieved from /home/data-eginner/Documents/Soccer_Data/env/lib/python3.8/site-packages/airflow/example_dags/example_latest_only_with_trigger.py
[2022-01-28 22:21:54,357] {logging_mixin.py:109} INFO - [2022-01-28 22:21:54,357] {dag.py:2396} INFO - Sync 1 DAGs
[2022-01-28 22:21:54,368] {logging_mixin.py:109} INFO - [2022-01-28 22:21:54,368] {dag.py:2935} INFO - Setting next_dagrun for latest_only_with_trigger to 2022-01-28T21:21:54.368322+00:00
[2022-01-28 22:21:54,385] {processor.py:171} INFO - Processing /home/data-eginner/Documents/Soccer_Data/env/lib/python3.8/site-packages/airflow/example_dags/example_latest_only_with_trigger.py took 0.076 seconds
