[2022-01-28 21:08:03,699] {processor.py:163} INFO - Started process (PID=19704) to work on /home/data-eginner/Documents/Soccer_Data/env/lib/python3.8/site-packages/airflow/example_dags/tutorial_taskflow_api_etl.py
[2022-01-28 21:08:03,700] {processor.py:642} INFO - Processing file /home/data-eginner/Documents/Soccer_Data/env/lib/python3.8/site-packages/airflow/example_dags/tutorial_taskflow_api_etl.py for tasks to queue
[2022-01-28 21:08:03,700] {logging_mixin.py:109} INFO - [2022-01-28 21:08:03,700] {dagbag.py:500} INFO - Filling up the DagBag from /home/data-eginner/Documents/Soccer_Data/env/lib/python3.8/site-packages/airflow/example_dags/tutorial_taskflow_api_etl.py
[2022-01-28 21:08:03,746] {processor.py:654} INFO - DAG(s) dict_keys(['tutorial_taskflow_api_etl']) retrieved from /home/data-eginner/Documents/Soccer_Data/env/lib/python3.8/site-packages/airflow/example_dags/tutorial_taskflow_api_etl.py
[2022-01-28 21:08:04,283] {logging_mixin.py:109} INFO - [2022-01-28 21:08:04,283] {dag.py:2396} INFO - Sync 1 DAGs
[2022-01-28 21:08:04,323] {logging_mixin.py:109} INFO - [2022-01-28 21:08:04,323] {dag.py:2935} INFO - Setting next_dagrun for tutorial_taskflow_api_etl to None
[2022-01-28 21:08:04,374] {processor.py:171} INFO - Processing /home/data-eginner/Documents/Soccer_Data/env/lib/python3.8/site-packages/airflow/example_dags/tutorial_taskflow_api_etl.py took 0.714 seconds
[2022-01-28 21:08:49,693] {processor.py:163} INFO - Started process (PID=19878) to work on /home/data-eginner/Documents/Soccer_Data/env/lib/python3.8/site-packages/airflow/example_dags/tutorial_taskflow_api_etl.py
[2022-01-28 21:08:49,702] {processor.py:642} INFO - Processing file /home/data-eginner/Documents/Soccer_Data/env/lib/python3.8/site-packages/airflow/example_dags/tutorial_taskflow_api_etl.py for tasks to queue
[2022-01-28 21:08:49,703] {logging_mixin.py:109} INFO - [2022-01-28 21:08:49,703] {dagbag.py:500} INFO - Filling up the DagBag from /home/data-eginner/Documents/Soccer_Data/env/lib/python3.8/site-packages/airflow/example_dags/tutorial_taskflow_api_etl.py
[2022-01-28 21:08:49,766] {processor.py:654} INFO - DAG(s) dict_keys(['tutorial_taskflow_api_etl']) retrieved from /home/data-eginner/Documents/Soccer_Data/env/lib/python3.8/site-packages/airflow/example_dags/tutorial_taskflow_api_etl.py
[2022-01-28 21:08:50,331] {logging_mixin.py:109} INFO - [2022-01-28 21:08:50,331] {dag.py:2396} INFO - Sync 1 DAGs
[2022-01-28 21:08:50,367] {logging_mixin.py:109} INFO - [2022-01-28 21:08:50,367] {dag.py:2935} INFO - Setting next_dagrun for tutorial_taskflow_api_etl to None
[2022-01-28 21:08:50,401] {processor.py:171} INFO - Processing /home/data-eginner/Documents/Soccer_Data/env/lib/python3.8/site-packages/airflow/example_dags/tutorial_taskflow_api_etl.py took 0.711 seconds
[2022-01-28 21:09:38,505] {processor.py:163} INFO - Started process (PID=20055) to work on /home/data-eginner/Documents/Soccer_Data/env/lib/python3.8/site-packages/airflow/example_dags/tutorial_taskflow_api_etl.py
[2022-01-28 21:09:38,508] {processor.py:642} INFO - Processing file /home/data-eginner/Documents/Soccer_Data/env/lib/python3.8/site-packages/airflow/example_dags/tutorial_taskflow_api_etl.py for tasks to queue
[2022-01-28 21:09:38,509] {logging_mixin.py:109} INFO - [2022-01-28 21:09:38,509] {dagbag.py:500} INFO - Filling up the DagBag from /home/data-eginner/Documents/Soccer_Data/env/lib/python3.8/site-packages/airflow/example_dags/tutorial_taskflow_api_etl.py
[2022-01-28 21:09:38,574] {processor.py:654} INFO - DAG(s) dict_keys(['tutorial_taskflow_api_etl']) retrieved from /home/data-eginner/Documents/Soccer_Data/env/lib/python3.8/site-packages/airflow/example_dags/tutorial_taskflow_api_etl.py
[2022-01-28 21:09:39,107] {logging_mixin.py:109} INFO - [2022-01-28 21:09:39,107] {dag.py:2396} INFO - Sync 1 DAGs
[2022-01-28 21:09:39,117] {logging_mixin.py:109} INFO - [2022-01-28 21:09:39,117] {dag.py:2935} INFO - Setting next_dagrun for tutorial_taskflow_api_etl to None
[2022-01-28 21:09:39,178] {processor.py:171} INFO - Processing /home/data-eginner/Documents/Soccer_Data/env/lib/python3.8/site-packages/airflow/example_dags/tutorial_taskflow_api_etl.py took 0.692 seconds
[2022-01-28 21:10:19,854] {processor.py:163} INFO - Started process (PID=20207) to work on /home/data-eginner/Documents/Soccer_Data/env/lib/python3.8/site-packages/airflow/example_dags/tutorial_taskflow_api_etl.py
[2022-01-28 21:10:19,860] {processor.py:642} INFO - Processing file /home/data-eginner/Documents/Soccer_Data/env/lib/python3.8/site-packages/airflow/example_dags/tutorial_taskflow_api_etl.py for tasks to queue
[2022-01-28 21:10:19,861] {logging_mixin.py:109} INFO - [2022-01-28 21:10:19,861] {dagbag.py:500} INFO - Filling up the DagBag from /home/data-eginner/Documents/Soccer_Data/env/lib/python3.8/site-packages/airflow/example_dags/tutorial_taskflow_api_etl.py
[2022-01-28 21:10:19,889] {processor.py:654} INFO - DAG(s) dict_keys(['tutorial_taskflow_api_etl']) retrieved from /home/data-eginner/Documents/Soccer_Data/env/lib/python3.8/site-packages/airflow/example_dags/tutorial_taskflow_api_etl.py
[2022-01-28 21:10:20,144] {logging_mixin.py:109} INFO - [2022-01-28 21:10:20,144] {dag.py:2396} INFO - Sync 1 DAGs
[2022-01-28 21:10:20,155] {logging_mixin.py:109} INFO - [2022-01-28 21:10:20,155] {dag.py:2935} INFO - Setting next_dagrun for tutorial_taskflow_api_etl to None
[2022-01-28 21:10:20,181] {processor.py:171} INFO - Processing /home/data-eginner/Documents/Soccer_Data/env/lib/python3.8/site-packages/airflow/example_dags/tutorial_taskflow_api_etl.py took 0.330 seconds
[2022-01-28 21:10:57,296] {processor.py:163} INFO - Started process (PID=20367) to work on /home/data-eginner/Documents/Soccer_Data/env/lib/python3.8/site-packages/airflow/example_dags/tutorial_taskflow_api_etl.py
[2022-01-28 21:10:57,302] {processor.py:642} INFO - Processing file /home/data-eginner/Documents/Soccer_Data/env/lib/python3.8/site-packages/airflow/example_dags/tutorial_taskflow_api_etl.py for tasks to queue
[2022-01-28 21:10:57,302] {logging_mixin.py:109} INFO - [2022-01-28 21:10:57,302] {dagbag.py:500} INFO - Filling up the DagBag from /home/data-eginner/Documents/Soccer_Data/env/lib/python3.8/site-packages/airflow/example_dags/tutorial_taskflow_api_etl.py
[2022-01-28 21:10:57,329] {processor.py:654} INFO - DAG(s) dict_keys(['tutorial_taskflow_api_etl']) retrieved from /home/data-eginner/Documents/Soccer_Data/env/lib/python3.8/site-packages/airflow/example_dags/tutorial_taskflow_api_etl.py
[2022-01-28 21:10:57,651] {logging_mixin.py:109} INFO - [2022-01-28 21:10:57,651] {dag.py:2396} INFO - Sync 1 DAGs
[2022-01-28 21:10:57,668] {logging_mixin.py:109} INFO - [2022-01-28 21:10:57,668] {dag.py:2935} INFO - Setting next_dagrun for tutorial_taskflow_api_etl to None
[2022-01-28 21:10:57,688] {processor.py:171} INFO - Processing /home/data-eginner/Documents/Soccer_Data/env/lib/python3.8/site-packages/airflow/example_dags/tutorial_taskflow_api_etl.py took 0.395 seconds
[2022-01-28 21:11:43,301] {processor.py:163} INFO - Started process (PID=20537) to work on /home/data-eginner/Documents/Soccer_Data/env/lib/python3.8/site-packages/airflow/example_dags/tutorial_taskflow_api_etl.py
[2022-01-28 21:11:43,303] {processor.py:642} INFO - Processing file /home/data-eginner/Documents/Soccer_Data/env/lib/python3.8/site-packages/airflow/example_dags/tutorial_taskflow_api_etl.py for tasks to queue
[2022-01-28 21:11:43,304] {logging_mixin.py:109} INFO - [2022-01-28 21:11:43,304] {dagbag.py:500} INFO - Filling up the DagBag from /home/data-eginner/Documents/Soccer_Data/env/lib/python3.8/site-packages/airflow/example_dags/tutorial_taskflow_api_etl.py
[2022-01-28 21:11:43,338] {processor.py:654} INFO - DAG(s) dict_keys(['tutorial_taskflow_api_etl']) retrieved from /home/data-eginner/Documents/Soccer_Data/env/lib/python3.8/site-packages/airflow/example_dags/tutorial_taskflow_api_etl.py
[2022-01-28 21:11:43,595] {logging_mixin.py:109} INFO - [2022-01-28 21:11:43,595] {dag.py:2396} INFO - Sync 1 DAGs
[2022-01-28 21:11:43,615] {logging_mixin.py:109} INFO - [2022-01-28 21:11:43,614] {dag.py:2935} INFO - Setting next_dagrun for tutorial_taskflow_api_etl to None
[2022-01-28 21:11:43,637] {processor.py:171} INFO - Processing /home/data-eginner/Documents/Soccer_Data/env/lib/python3.8/site-packages/airflow/example_dags/tutorial_taskflow_api_etl.py took 0.345 seconds
[2022-01-28 21:12:21,022] {processor.py:163} INFO - Started process (PID=20684) to work on /home/data-eginner/Documents/Soccer_Data/env/lib/python3.8/site-packages/airflow/example_dags/tutorial_taskflow_api_etl.py
[2022-01-28 21:12:21,024] {processor.py:642} INFO - Processing file /home/data-eginner/Documents/Soccer_Data/env/lib/python3.8/site-packages/airflow/example_dags/tutorial_taskflow_api_etl.py for tasks to queue
[2022-01-28 21:12:21,025] {logging_mixin.py:109} INFO - [2022-01-28 21:12:21,025] {dagbag.py:500} INFO - Filling up the DagBag from /home/data-eginner/Documents/Soccer_Data/env/lib/python3.8/site-packages/airflow/example_dags/tutorial_taskflow_api_etl.py
[2022-01-28 21:12:21,060] {processor.py:654} INFO - DAG(s) dict_keys(['tutorial_taskflow_api_etl']) retrieved from /home/data-eginner/Documents/Soccer_Data/env/lib/python3.8/site-packages/airflow/example_dags/tutorial_taskflow_api_etl.py
[2022-01-28 21:12:21,312] {logging_mixin.py:109} INFO - [2022-01-28 21:12:21,311] {dag.py:2396} INFO - Sync 1 DAGs
[2022-01-28 21:12:21,326] {logging_mixin.py:109} INFO - [2022-01-28 21:12:21,326] {dag.py:2935} INFO - Setting next_dagrun for tutorial_taskflow_api_etl to None
[2022-01-28 21:12:21,347] {processor.py:171} INFO - Processing /home/data-eginner/Documents/Soccer_Data/env/lib/python3.8/site-packages/airflow/example_dags/tutorial_taskflow_api_etl.py took 0.329 seconds
[2022-01-28 21:12:56,884] {processor.py:163} INFO - Started process (PID=20828) to work on /home/data-eginner/Documents/Soccer_Data/env/lib/python3.8/site-packages/airflow/example_dags/tutorial_taskflow_api_etl.py
[2022-01-28 21:12:56,889] {processor.py:642} INFO - Processing file /home/data-eginner/Documents/Soccer_Data/env/lib/python3.8/site-packages/airflow/example_dags/tutorial_taskflow_api_etl.py for tasks to queue
[2022-01-28 21:12:56,889] {logging_mixin.py:109} INFO - [2022-01-28 21:12:56,889] {dagbag.py:500} INFO - Filling up the DagBag from /home/data-eginner/Documents/Soccer_Data/env/lib/python3.8/site-packages/airflow/example_dags/tutorial_taskflow_api_etl.py
[2022-01-28 21:12:56,963] {processor.py:654} INFO - DAG(s) dict_keys(['tutorial_taskflow_api_etl']) retrieved from /home/data-eginner/Documents/Soccer_Data/env/lib/python3.8/site-packages/airflow/example_dags/tutorial_taskflow_api_etl.py
[2022-01-28 21:12:57,508] {logging_mixin.py:109} INFO - [2022-01-28 21:12:57,508] {dag.py:2396} INFO - Sync 1 DAGs
[2022-01-28 21:12:57,536] {logging_mixin.py:109} INFO - [2022-01-28 21:12:57,536] {dag.py:2935} INFO - Setting next_dagrun for tutorial_taskflow_api_etl to None
[2022-01-28 21:12:57,658] {processor.py:171} INFO - Processing /home/data-eginner/Documents/Soccer_Data/env/lib/python3.8/site-packages/airflow/example_dags/tutorial_taskflow_api_etl.py took 0.784 seconds
[2022-01-28 21:13:36,434] {processor.py:163} INFO - Started process (PID=20964) to work on /home/data-eginner/Documents/Soccer_Data/env/lib/python3.8/site-packages/airflow/example_dags/tutorial_taskflow_api_etl.py
[2022-01-28 21:13:36,438] {processor.py:642} INFO - Processing file /home/data-eginner/Documents/Soccer_Data/env/lib/python3.8/site-packages/airflow/example_dags/tutorial_taskflow_api_etl.py for tasks to queue
[2022-01-28 21:13:36,439] {logging_mixin.py:109} INFO - [2022-01-28 21:13:36,439] {dagbag.py:500} INFO - Filling up the DagBag from /home/data-eginner/Documents/Soccer_Data/env/lib/python3.8/site-packages/airflow/example_dags/tutorial_taskflow_api_etl.py
[2022-01-28 21:13:36,531] {processor.py:654} INFO - DAG(s) dict_keys(['tutorial_taskflow_api_etl']) retrieved from /home/data-eginner/Documents/Soccer_Data/env/lib/python3.8/site-packages/airflow/example_dags/tutorial_taskflow_api_etl.py
[2022-01-28 21:13:37,191] {logging_mixin.py:109} INFO - [2022-01-28 21:13:37,190] {dag.py:2396} INFO - Sync 1 DAGs
[2022-01-28 21:13:37,244] {logging_mixin.py:109} INFO - [2022-01-28 21:13:37,244] {dag.py:2935} INFO - Setting next_dagrun for tutorial_taskflow_api_etl to None
[2022-01-28 21:13:37,294] {processor.py:171} INFO - Processing /home/data-eginner/Documents/Soccer_Data/env/lib/python3.8/site-packages/airflow/example_dags/tutorial_taskflow_api_etl.py took 0.885 seconds
[2022-01-28 21:14:21,815] {processor.py:163} INFO - Started process (PID=21128) to work on /home/data-eginner/Documents/Soccer_Data/env/lib/python3.8/site-packages/airflow/example_dags/tutorial_taskflow_api_etl.py
[2022-01-28 21:14:21,825] {processor.py:642} INFO - Processing file /home/data-eginner/Documents/Soccer_Data/env/lib/python3.8/site-packages/airflow/example_dags/tutorial_taskflow_api_etl.py for tasks to queue
[2022-01-28 21:14:21,825] {logging_mixin.py:109} INFO - [2022-01-28 21:14:21,825] {dagbag.py:500} INFO - Filling up the DagBag from /home/data-eginner/Documents/Soccer_Data/env/lib/python3.8/site-packages/airflow/example_dags/tutorial_taskflow_api_etl.py
[2022-01-28 21:14:21,883] {processor.py:654} INFO - DAG(s) dict_keys(['tutorial_taskflow_api_etl']) retrieved from /home/data-eginner/Documents/Soccer_Data/env/lib/python3.8/site-packages/airflow/example_dags/tutorial_taskflow_api_etl.py
[2022-01-28 21:14:22,496] {logging_mixin.py:109} INFO - [2022-01-28 21:14:22,495] {dag.py:2396} INFO - Sync 1 DAGs
[2022-01-28 21:14:22,516] {logging_mixin.py:109} INFO - [2022-01-28 21:14:22,516] {dag.py:2935} INFO - Setting next_dagrun for tutorial_taskflow_api_etl to None
[2022-01-28 21:14:22,544] {processor.py:171} INFO - Processing /home/data-eginner/Documents/Soccer_Data/env/lib/python3.8/site-packages/airflow/example_dags/tutorial_taskflow_api_etl.py took 0.731 seconds
[2022-01-28 21:15:14,034] {processor.py:163} INFO - Started process (PID=21304) to work on /home/data-eginner/Documents/Soccer_Data/env/lib/python3.8/site-packages/airflow/example_dags/tutorial_taskflow_api_etl.py
[2022-01-28 21:15:14,036] {processor.py:642} INFO - Processing file /home/data-eginner/Documents/Soccer_Data/env/lib/python3.8/site-packages/airflow/example_dags/tutorial_taskflow_api_etl.py for tasks to queue
[2022-01-28 21:15:14,037] {logging_mixin.py:109} INFO - [2022-01-28 21:15:14,037] {dagbag.py:500} INFO - Filling up the DagBag from /home/data-eginner/Documents/Soccer_Data/env/lib/python3.8/site-packages/airflow/example_dags/tutorial_taskflow_api_etl.py
[2022-01-28 21:15:14,127] {processor.py:654} INFO - DAG(s) dict_keys(['tutorial_taskflow_api_etl']) retrieved from /home/data-eginner/Documents/Soccer_Data/env/lib/python3.8/site-packages/airflow/example_dags/tutorial_taskflow_api_etl.py
[2022-01-28 21:15:15,074] {logging_mixin.py:109} INFO - [2022-01-28 21:15:15,074] {dag.py:2396} INFO - Sync 1 DAGs
[2022-01-28 21:15:15,110] {logging_mixin.py:109} INFO - [2022-01-28 21:15:15,110] {dag.py:2935} INFO - Setting next_dagrun for tutorial_taskflow_api_etl to None
[2022-01-28 21:15:15,150] {processor.py:171} INFO - Processing /home/data-eginner/Documents/Soccer_Data/env/lib/python3.8/site-packages/airflow/example_dags/tutorial_taskflow_api_etl.py took 1.131 seconds
[2022-01-28 21:16:09,790] {processor.py:163} INFO - Started process (PID=21484) to work on /home/data-eginner/Documents/Soccer_Data/env/lib/python3.8/site-packages/airflow/example_dags/tutorial_taskflow_api_etl.py
[2022-01-28 21:16:09,806] {processor.py:642} INFO - Processing file /home/data-eginner/Documents/Soccer_Data/env/lib/python3.8/site-packages/airflow/example_dags/tutorial_taskflow_api_etl.py for tasks to queue
[2022-01-28 21:16:09,807] {logging_mixin.py:109} INFO - [2022-01-28 21:16:09,807] {dagbag.py:500} INFO - Filling up the DagBag from /home/data-eginner/Documents/Soccer_Data/env/lib/python3.8/site-packages/airflow/example_dags/tutorial_taskflow_api_etl.py
[2022-01-28 21:16:09,856] {processor.py:654} INFO - DAG(s) dict_keys(['tutorial_taskflow_api_etl']) retrieved from /home/data-eginner/Documents/Soccer_Data/env/lib/python3.8/site-packages/airflow/example_dags/tutorial_taskflow_api_etl.py
[2022-01-28 21:16:10,377] {logging_mixin.py:109} INFO - [2022-01-28 21:16:10,377] {dag.py:2396} INFO - Sync 1 DAGs
[2022-01-28 21:16:10,400] {logging_mixin.py:109} INFO - [2022-01-28 21:16:10,400] {dag.py:2935} INFO - Setting next_dagrun for tutorial_taskflow_api_etl to None
[2022-01-28 21:16:10,442] {processor.py:171} INFO - Processing /home/data-eginner/Documents/Soccer_Data/env/lib/python3.8/site-packages/airflow/example_dags/tutorial_taskflow_api_etl.py took 0.655 seconds
[2022-01-28 21:16:58,140] {processor.py:163} INFO - Started process (PID=21634) to work on /home/data-eginner/Documents/Soccer_Data/env/lib/python3.8/site-packages/airflow/example_dags/tutorial_taskflow_api_etl.py
[2022-01-28 21:16:58,242] {processor.py:642} INFO - Processing file /home/data-eginner/Documents/Soccer_Data/env/lib/python3.8/site-packages/airflow/example_dags/tutorial_taskflow_api_etl.py for tasks to queue
[2022-01-28 21:16:58,243] {logging_mixin.py:109} INFO - [2022-01-28 21:16:58,242] {dagbag.py:500} INFO - Filling up the DagBag from /home/data-eginner/Documents/Soccer_Data/env/lib/python3.8/site-packages/airflow/example_dags/tutorial_taskflow_api_etl.py
[2022-01-28 21:16:58,405] {processor.py:654} INFO - DAG(s) dict_keys(['tutorial_taskflow_api_etl']) retrieved from /home/data-eginner/Documents/Soccer_Data/env/lib/python3.8/site-packages/airflow/example_dags/tutorial_taskflow_api_etl.py
[2022-01-28 21:16:59,378] {logging_mixin.py:109} INFO - [2022-01-28 21:16:59,378] {dag.py:2396} INFO - Sync 1 DAGs
[2022-01-28 21:16:59,422] {logging_mixin.py:109} INFO - [2022-01-28 21:16:59,422] {dag.py:2935} INFO - Setting next_dagrun for tutorial_taskflow_api_etl to None
[2022-01-28 21:16:59,506] {processor.py:171} INFO - Processing /home/data-eginner/Documents/Soccer_Data/env/lib/python3.8/site-packages/airflow/example_dags/tutorial_taskflow_api_etl.py took 1.368 seconds
[2022-01-28 21:17:48,345] {processor.py:163} INFO - Started process (PID=21785) to work on /home/data-eginner/Documents/Soccer_Data/env/lib/python3.8/site-packages/airflow/example_dags/tutorial_taskflow_api_etl.py
[2022-01-28 21:17:48,356] {processor.py:642} INFO - Processing file /home/data-eginner/Documents/Soccer_Data/env/lib/python3.8/site-packages/airflow/example_dags/tutorial_taskflow_api_etl.py for tasks to queue
[2022-01-28 21:17:48,357] {logging_mixin.py:109} INFO - [2022-01-28 21:17:48,356] {dagbag.py:500} INFO - Filling up the DagBag from /home/data-eginner/Documents/Soccer_Data/env/lib/python3.8/site-packages/airflow/example_dags/tutorial_taskflow_api_etl.py
[2022-01-28 21:17:48,421] {processor.py:654} INFO - DAG(s) dict_keys(['tutorial_taskflow_api_etl']) retrieved from /home/data-eginner/Documents/Soccer_Data/env/lib/python3.8/site-packages/airflow/example_dags/tutorial_taskflow_api_etl.py
[2022-01-28 21:17:48,906] {logging_mixin.py:109} INFO - [2022-01-28 21:17:48,906] {dag.py:2396} INFO - Sync 1 DAGs
[2022-01-28 21:17:48,930] {logging_mixin.py:109} INFO - [2022-01-28 21:17:48,929] {dag.py:2935} INFO - Setting next_dagrun for tutorial_taskflow_api_etl to None
[2022-01-28 21:17:48,969] {processor.py:171} INFO - Processing /home/data-eginner/Documents/Soccer_Data/env/lib/python3.8/site-packages/airflow/example_dags/tutorial_taskflow_api_etl.py took 0.638 seconds
[2022-01-28 21:18:41,162] {processor.py:163} INFO - Started process (PID=21947) to work on /home/data-eginner/Documents/Soccer_Data/env/lib/python3.8/site-packages/airflow/example_dags/tutorial_taskflow_api_etl.py
[2022-01-28 21:18:41,169] {processor.py:642} INFO - Processing file /home/data-eginner/Documents/Soccer_Data/env/lib/python3.8/site-packages/airflow/example_dags/tutorial_taskflow_api_etl.py for tasks to queue
[2022-01-28 21:18:41,170] {logging_mixin.py:109} INFO - [2022-01-28 21:18:41,170] {dagbag.py:500} INFO - Filling up the DagBag from /home/data-eginner/Documents/Soccer_Data/env/lib/python3.8/site-packages/airflow/example_dags/tutorial_taskflow_api_etl.py
[2022-01-28 21:18:41,247] {processor.py:654} INFO - DAG(s) dict_keys(['tutorial_taskflow_api_etl']) retrieved from /home/data-eginner/Documents/Soccer_Data/env/lib/python3.8/site-packages/airflow/example_dags/tutorial_taskflow_api_etl.py
[2022-01-28 21:18:41,847] {logging_mixin.py:109} INFO - [2022-01-28 21:18:41,847] {dag.py:2396} INFO - Sync 1 DAGs
[2022-01-28 21:18:41,872] {logging_mixin.py:109} INFO - [2022-01-28 21:18:41,872] {dag.py:2935} INFO - Setting next_dagrun for tutorial_taskflow_api_etl to None
[2022-01-28 21:18:41,902] {processor.py:171} INFO - Processing /home/data-eginner/Documents/Soccer_Data/env/lib/python3.8/site-packages/airflow/example_dags/tutorial_taskflow_api_etl.py took 0.744 seconds
[2022-01-28 21:19:32,953] {processor.py:163} INFO - Started process (PID=22102) to work on /home/data-eginner/Documents/Soccer_Data/env/lib/python3.8/site-packages/airflow/example_dags/tutorial_taskflow_api_etl.py
[2022-01-28 21:19:32,961] {processor.py:642} INFO - Processing file /home/data-eginner/Documents/Soccer_Data/env/lib/python3.8/site-packages/airflow/example_dags/tutorial_taskflow_api_etl.py for tasks to queue
[2022-01-28 21:19:32,962] {logging_mixin.py:109} INFO - [2022-01-28 21:19:32,962] {dagbag.py:500} INFO - Filling up the DagBag from /home/data-eginner/Documents/Soccer_Data/env/lib/python3.8/site-packages/airflow/example_dags/tutorial_taskflow_api_etl.py
[2022-01-28 21:19:33,164] {processor.py:654} INFO - DAG(s) dict_keys(['tutorial_taskflow_api_etl']) retrieved from /home/data-eginner/Documents/Soccer_Data/env/lib/python3.8/site-packages/airflow/example_dags/tutorial_taskflow_api_etl.py
[2022-01-28 21:19:33,837] {logging_mixin.py:109} INFO - [2022-01-28 21:19:33,837] {dag.py:2396} INFO - Sync 1 DAGs
[2022-01-28 21:19:33,933] {logging_mixin.py:109} INFO - [2022-01-28 21:19:33,933] {dag.py:2935} INFO - Setting next_dagrun for tutorial_taskflow_api_etl to None
[2022-01-28 21:19:34,057] {processor.py:171} INFO - Processing /home/data-eginner/Documents/Soccer_Data/env/lib/python3.8/site-packages/airflow/example_dags/tutorial_taskflow_api_etl.py took 1.136 seconds
[2022-01-28 21:20:21,129] {processor.py:163} INFO - Started process (PID=22280) to work on /home/data-eginner/Documents/Soccer_Data/env/lib/python3.8/site-packages/airflow/example_dags/tutorial_taskflow_api_etl.py
[2022-01-28 21:20:21,130] {processor.py:642} INFO - Processing file /home/data-eginner/Documents/Soccer_Data/env/lib/python3.8/site-packages/airflow/example_dags/tutorial_taskflow_api_etl.py for tasks to queue
[2022-01-28 21:20:21,131] {logging_mixin.py:109} INFO - [2022-01-28 21:20:21,131] {dagbag.py:500} INFO - Filling up the DagBag from /home/data-eginner/Documents/Soccer_Data/env/lib/python3.8/site-packages/airflow/example_dags/tutorial_taskflow_api_etl.py
[2022-01-28 21:20:21,242] {processor.py:654} INFO - DAG(s) dict_keys(['tutorial_taskflow_api_etl']) retrieved from /home/data-eginner/Documents/Soccer_Data/env/lib/python3.8/site-packages/airflow/example_dags/tutorial_taskflow_api_etl.py
[2022-01-28 21:20:22,088] {logging_mixin.py:109} INFO - [2022-01-28 21:20:22,088] {dag.py:2396} INFO - Sync 1 DAGs
[2022-01-28 21:20:22,168] {logging_mixin.py:109} INFO - [2022-01-28 21:20:22,168] {dag.py:2935} INFO - Setting next_dagrun for tutorial_taskflow_api_etl to None
[2022-01-28 21:20:22,264] {processor.py:171} INFO - Processing /home/data-eginner/Documents/Soccer_Data/env/lib/python3.8/site-packages/airflow/example_dags/tutorial_taskflow_api_etl.py took 1.161 seconds
[2022-01-28 21:21:12,345] {processor.py:163} INFO - Started process (PID=22456) to work on /home/data-eginner/Documents/Soccer_Data/env/lib/python3.8/site-packages/airflow/example_dags/tutorial_taskflow_api_etl.py
[2022-01-28 21:21:12,349] {processor.py:642} INFO - Processing file /home/data-eginner/Documents/Soccer_Data/env/lib/python3.8/site-packages/airflow/example_dags/tutorial_taskflow_api_etl.py for tasks to queue
[2022-01-28 21:21:12,350] {logging_mixin.py:109} INFO - [2022-01-28 21:21:12,350] {dagbag.py:500} INFO - Filling up the DagBag from /home/data-eginner/Documents/Soccer_Data/env/lib/python3.8/site-packages/airflow/example_dags/tutorial_taskflow_api_etl.py
[2022-01-28 21:21:12,379] {processor.py:654} INFO - DAG(s) dict_keys(['tutorial_taskflow_api_etl']) retrieved from /home/data-eginner/Documents/Soccer_Data/env/lib/python3.8/site-packages/airflow/example_dags/tutorial_taskflow_api_etl.py
[2022-01-28 21:21:12,650] {logging_mixin.py:109} INFO - [2022-01-28 21:21:12,650] {dag.py:2396} INFO - Sync 1 DAGs
[2022-01-28 21:21:12,678] {logging_mixin.py:109} INFO - [2022-01-28 21:21:12,678] {dag.py:2935} INFO - Setting next_dagrun for tutorial_taskflow_api_etl to None
[2022-01-28 21:21:12,727] {processor.py:171} INFO - Processing /home/data-eginner/Documents/Soccer_Data/env/lib/python3.8/site-packages/airflow/example_dags/tutorial_taskflow_api_etl.py took 0.385 seconds
[2022-01-28 21:21:52,072] {processor.py:163} INFO - Started process (PID=22608) to work on /home/data-eginner/Documents/Soccer_Data/env/lib/python3.8/site-packages/airflow/example_dags/tutorial_taskflow_api_etl.py
[2022-01-28 21:21:52,088] {processor.py:642} INFO - Processing file /home/data-eginner/Documents/Soccer_Data/env/lib/python3.8/site-packages/airflow/example_dags/tutorial_taskflow_api_etl.py for tasks to queue
[2022-01-28 21:21:52,088] {logging_mixin.py:109} INFO - [2022-01-28 21:21:52,088] {dagbag.py:500} INFO - Filling up the DagBag from /home/data-eginner/Documents/Soccer_Data/env/lib/python3.8/site-packages/airflow/example_dags/tutorial_taskflow_api_etl.py
[2022-01-28 21:21:52,170] {processor.py:654} INFO - DAG(s) dict_keys(['tutorial_taskflow_api_etl']) retrieved from /home/data-eginner/Documents/Soccer_Data/env/lib/python3.8/site-packages/airflow/example_dags/tutorial_taskflow_api_etl.py
[2022-01-28 21:21:52,704] {logging_mixin.py:109} INFO - [2022-01-28 21:21:52,704] {dag.py:2396} INFO - Sync 1 DAGs
[2022-01-28 21:21:52,730] {logging_mixin.py:109} INFO - [2022-01-28 21:21:52,730] {dag.py:2935} INFO - Setting next_dagrun for tutorial_taskflow_api_etl to None
[2022-01-28 21:21:52,801] {processor.py:171} INFO - Processing /home/data-eginner/Documents/Soccer_Data/env/lib/python3.8/site-packages/airflow/example_dags/tutorial_taskflow_api_etl.py took 0.732 seconds
[2022-01-28 21:26:09,166] {processor.py:163} INFO - Started process (PID=22856) to work on /home/data-eginner/Documents/Soccer_Data/env/lib/python3.8/site-packages/airflow/example_dags/tutorial_taskflow_api_etl.py
[2022-01-28 21:26:09,172] {processor.py:642} INFO - Processing file /home/data-eginner/Documents/Soccer_Data/env/lib/python3.8/site-packages/airflow/example_dags/tutorial_taskflow_api_etl.py for tasks to queue
[2022-01-28 21:26:09,173] {logging_mixin.py:109} INFO - [2022-01-28 21:26:09,173] {dagbag.py:500} INFO - Filling up the DagBag from /home/data-eginner/Documents/Soccer_Data/env/lib/python3.8/site-packages/airflow/example_dags/tutorial_taskflow_api_etl.py
[2022-01-28 21:26:09,248] {processor.py:654} INFO - DAG(s) dict_keys(['tutorial_taskflow_api_etl']) retrieved from /home/data-eginner/Documents/Soccer_Data/env/lib/python3.8/site-packages/airflow/example_dags/tutorial_taskflow_api_etl.py
[2022-01-28 21:26:09,948] {logging_mixin.py:109} INFO - [2022-01-28 21:26:09,948] {dag.py:2396} INFO - Sync 1 DAGs
[2022-01-28 21:26:09,969] {logging_mixin.py:109} INFO - [2022-01-28 21:26:09,968] {dag.py:2935} INFO - Setting next_dagrun for tutorial_taskflow_api_etl to None
[2022-01-28 21:26:10,009] {processor.py:171} INFO - Processing /home/data-eginner/Documents/Soccer_Data/env/lib/python3.8/site-packages/airflow/example_dags/tutorial_taskflow_api_etl.py took 0.846 seconds
[2022-01-28 21:26:56,284] {processor.py:163} INFO - Started process (PID=23027) to work on /home/data-eginner/Documents/Soccer_Data/env/lib/python3.8/site-packages/airflow/example_dags/tutorial_taskflow_api_etl.py
[2022-01-28 21:26:56,287] {processor.py:642} INFO - Processing file /home/data-eginner/Documents/Soccer_Data/env/lib/python3.8/site-packages/airflow/example_dags/tutorial_taskflow_api_etl.py for tasks to queue
[2022-01-28 21:26:56,287] {logging_mixin.py:109} INFO - [2022-01-28 21:26:56,287] {dagbag.py:500} INFO - Filling up the DagBag from /home/data-eginner/Documents/Soccer_Data/env/lib/python3.8/site-packages/airflow/example_dags/tutorial_taskflow_api_etl.py
[2022-01-28 21:26:56,330] {processor.py:654} INFO - DAG(s) dict_keys(['tutorial_taskflow_api_etl']) retrieved from /home/data-eginner/Documents/Soccer_Data/env/lib/python3.8/site-packages/airflow/example_dags/tutorial_taskflow_api_etl.py
[2022-01-28 21:26:56,823] {logging_mixin.py:109} INFO - [2022-01-28 21:26:56,823] {dag.py:2396} INFO - Sync 1 DAGs
[2022-01-28 21:26:56,853] {logging_mixin.py:109} INFO - [2022-01-28 21:26:56,853] {dag.py:2935} INFO - Setting next_dagrun for tutorial_taskflow_api_etl to None
[2022-01-28 21:26:56,952] {processor.py:171} INFO - Processing /home/data-eginner/Documents/Soccer_Data/env/lib/python3.8/site-packages/airflow/example_dags/tutorial_taskflow_api_etl.py took 0.685 seconds
[2022-01-28 21:27:37,976] {processor.py:163} INFO - Started process (PID=23195) to work on /home/data-eginner/Documents/Soccer_Data/env/lib/python3.8/site-packages/airflow/example_dags/tutorial_taskflow_api_etl.py
[2022-01-28 21:27:37,990] {processor.py:642} INFO - Processing file /home/data-eginner/Documents/Soccer_Data/env/lib/python3.8/site-packages/airflow/example_dags/tutorial_taskflow_api_etl.py for tasks to queue
[2022-01-28 21:27:37,990] {logging_mixin.py:109} INFO - [2022-01-28 21:27:37,990] {dagbag.py:500} INFO - Filling up the DagBag from /home/data-eginner/Documents/Soccer_Data/env/lib/python3.8/site-packages/airflow/example_dags/tutorial_taskflow_api_etl.py
[2022-01-28 21:27:38,105] {processor.py:654} INFO - DAG(s) dict_keys(['tutorial_taskflow_api_etl']) retrieved from /home/data-eginner/Documents/Soccer_Data/env/lib/python3.8/site-packages/airflow/example_dags/tutorial_taskflow_api_etl.py
[2022-01-28 21:27:38,657] {logging_mixin.py:109} INFO - [2022-01-28 21:27:38,657] {dag.py:2396} INFO - Sync 1 DAGs
[2022-01-28 21:27:38,685] {logging_mixin.py:109} INFO - [2022-01-28 21:27:38,685] {dag.py:2935} INFO - Setting next_dagrun for tutorial_taskflow_api_etl to None
[2022-01-28 21:27:38,726] {processor.py:171} INFO - Processing /home/data-eginner/Documents/Soccer_Data/env/lib/python3.8/site-packages/airflow/example_dags/tutorial_taskflow_api_etl.py took 0.752 seconds
[2022-01-28 21:28:36,528] {processor.py:163} INFO - Started process (PID=23395) to work on /home/data-eginner/Documents/Soccer_Data/env/lib/python3.8/site-packages/airflow/example_dags/tutorial_taskflow_api_etl.py
[2022-01-28 21:28:36,538] {processor.py:642} INFO - Processing file /home/data-eginner/Documents/Soccer_Data/env/lib/python3.8/site-packages/airflow/example_dags/tutorial_taskflow_api_etl.py for tasks to queue
[2022-01-28 21:28:36,539] {logging_mixin.py:109} INFO - [2022-01-28 21:28:36,539] {dagbag.py:500} INFO - Filling up the DagBag from /home/data-eginner/Documents/Soccer_Data/env/lib/python3.8/site-packages/airflow/example_dags/tutorial_taskflow_api_etl.py
[2022-01-28 21:28:36,670] {processor.py:654} INFO - DAG(s) dict_keys(['tutorial_taskflow_api_etl']) retrieved from /home/data-eginner/Documents/Soccer_Data/env/lib/python3.8/site-packages/airflow/example_dags/tutorial_taskflow_api_etl.py
[2022-01-28 21:28:37,485] {logging_mixin.py:109} INFO - [2022-01-28 21:28:37,485] {dag.py:2396} INFO - Sync 1 DAGs
[2022-01-28 21:28:37,537] {logging_mixin.py:109} INFO - [2022-01-28 21:28:37,537] {dag.py:2935} INFO - Setting next_dagrun for tutorial_taskflow_api_etl to None
[2022-01-28 21:28:37,676] {processor.py:171} INFO - Processing /home/data-eginner/Documents/Soccer_Data/env/lib/python3.8/site-packages/airflow/example_dags/tutorial_taskflow_api_etl.py took 1.167 seconds
[2022-01-28 21:29:28,889] {processor.py:163} INFO - Started process (PID=23563) to work on /home/data-eginner/Documents/Soccer_Data/env/lib/python3.8/site-packages/airflow/example_dags/tutorial_taskflow_api_etl.py
[2022-01-28 21:29:28,900] {processor.py:642} INFO - Processing file /home/data-eginner/Documents/Soccer_Data/env/lib/python3.8/site-packages/airflow/example_dags/tutorial_taskflow_api_etl.py for tasks to queue
[2022-01-28 21:29:28,901] {logging_mixin.py:109} INFO - [2022-01-28 21:29:28,901] {dagbag.py:500} INFO - Filling up the DagBag from /home/data-eginner/Documents/Soccer_Data/env/lib/python3.8/site-packages/airflow/example_dags/tutorial_taskflow_api_etl.py
[2022-01-28 21:29:29,060] {processor.py:654} INFO - DAG(s) dict_keys(['tutorial_taskflow_api_etl']) retrieved from /home/data-eginner/Documents/Soccer_Data/env/lib/python3.8/site-packages/airflow/example_dags/tutorial_taskflow_api_etl.py
[2022-01-28 21:29:30,462] {logging_mixin.py:109} INFO - [2022-01-28 21:29:30,462] {dag.py:2396} INFO - Sync 1 DAGs
[2022-01-28 21:29:30,476] {logging_mixin.py:109} INFO - [2022-01-28 21:29:30,476] {dag.py:2935} INFO - Setting next_dagrun for tutorial_taskflow_api_etl to None
[2022-01-28 21:29:30,510] {processor.py:171} INFO - Processing /home/data-eginner/Documents/Soccer_Data/env/lib/python3.8/site-packages/airflow/example_dags/tutorial_taskflow_api_etl.py took 1.624 seconds
[2022-01-28 21:30:15,630] {processor.py:163} INFO - Started process (PID=23733) to work on /home/data-eginner/Documents/Soccer_Data/env/lib/python3.8/site-packages/airflow/example_dags/tutorial_taskflow_api_etl.py
[2022-01-28 21:30:15,650] {processor.py:642} INFO - Processing file /home/data-eginner/Documents/Soccer_Data/env/lib/python3.8/site-packages/airflow/example_dags/tutorial_taskflow_api_etl.py for tasks to queue
[2022-01-28 21:30:15,651] {logging_mixin.py:109} INFO - [2022-01-28 21:30:15,651] {dagbag.py:500} INFO - Filling up the DagBag from /home/data-eginner/Documents/Soccer_Data/env/lib/python3.8/site-packages/airflow/example_dags/tutorial_taskflow_api_etl.py
[2022-01-28 21:30:15,714] {processor.py:654} INFO - DAG(s) dict_keys(['tutorial_taskflow_api_etl']) retrieved from /home/data-eginner/Documents/Soccer_Data/env/lib/python3.8/site-packages/airflow/example_dags/tutorial_taskflow_api_etl.py
[2022-01-28 21:30:16,303] {logging_mixin.py:109} INFO - [2022-01-28 21:30:16,302] {dag.py:2396} INFO - Sync 1 DAGs
[2022-01-28 21:30:16,331] {logging_mixin.py:109} INFO - [2022-01-28 21:30:16,331] {dag.py:2935} INFO - Setting next_dagrun for tutorial_taskflow_api_etl to None
[2022-01-28 21:30:16,406] {processor.py:171} INFO - Processing /home/data-eginner/Documents/Soccer_Data/env/lib/python3.8/site-packages/airflow/example_dags/tutorial_taskflow_api_etl.py took 0.778 seconds
[2022-01-28 21:30:54,751] {processor.py:163} INFO - Started process (PID=23868) to work on /home/data-eginner/Documents/Soccer_Data/env/lib/python3.8/site-packages/airflow/example_dags/tutorial_taskflow_api_etl.py
[2022-01-28 21:30:54,775] {processor.py:642} INFO - Processing file /home/data-eginner/Documents/Soccer_Data/env/lib/python3.8/site-packages/airflow/example_dags/tutorial_taskflow_api_etl.py for tasks to queue
[2022-01-28 21:30:54,775] {logging_mixin.py:109} INFO - [2022-01-28 21:30:54,775] {dagbag.py:500} INFO - Filling up the DagBag from /home/data-eginner/Documents/Soccer_Data/env/lib/python3.8/site-packages/airflow/example_dags/tutorial_taskflow_api_etl.py
[2022-01-28 21:30:54,894] {processor.py:654} INFO - DAG(s) dict_keys(['tutorial_taskflow_api_etl']) retrieved from /home/data-eginner/Documents/Soccer_Data/env/lib/python3.8/site-packages/airflow/example_dags/tutorial_taskflow_api_etl.py
[2022-01-28 21:30:55,678] {logging_mixin.py:109} INFO - [2022-01-28 21:30:55,678] {dag.py:2396} INFO - Sync 1 DAGs
[2022-01-28 21:30:55,726] {logging_mixin.py:109} INFO - [2022-01-28 21:30:55,726] {dag.py:2935} INFO - Setting next_dagrun for tutorial_taskflow_api_etl to None
[2022-01-28 21:30:55,788] {processor.py:171} INFO - Processing /home/data-eginner/Documents/Soccer_Data/env/lib/python3.8/site-packages/airflow/example_dags/tutorial_taskflow_api_etl.py took 1.039 seconds
[2022-01-28 21:31:35,680] {processor.py:163} INFO - Started process (PID=24009) to work on /home/data-eginner/Documents/Soccer_Data/env/lib/python3.8/site-packages/airflow/example_dags/tutorial_taskflow_api_etl.py
[2022-01-28 21:31:35,695] {processor.py:642} INFO - Processing file /home/data-eginner/Documents/Soccer_Data/env/lib/python3.8/site-packages/airflow/example_dags/tutorial_taskflow_api_etl.py for tasks to queue
[2022-01-28 21:31:35,695] {logging_mixin.py:109} INFO - [2022-01-28 21:31:35,695] {dagbag.py:500} INFO - Filling up the DagBag from /home/data-eginner/Documents/Soccer_Data/env/lib/python3.8/site-packages/airflow/example_dags/tutorial_taskflow_api_etl.py
[2022-01-28 21:31:35,803] {processor.py:654} INFO - DAG(s) dict_keys(['tutorial_taskflow_api_etl']) retrieved from /home/data-eginner/Documents/Soccer_Data/env/lib/python3.8/site-packages/airflow/example_dags/tutorial_taskflow_api_etl.py
[2022-01-28 21:31:36,669] {logging_mixin.py:109} INFO - [2022-01-28 21:31:36,669] {dag.py:2396} INFO - Sync 1 DAGs
[2022-01-28 21:31:36,716] {logging_mixin.py:109} INFO - [2022-01-28 21:31:36,716] {dag.py:2935} INFO - Setting next_dagrun for tutorial_taskflow_api_etl to None
[2022-01-28 21:31:36,766] {processor.py:171} INFO - Processing /home/data-eginner/Documents/Soccer_Data/env/lib/python3.8/site-packages/airflow/example_dags/tutorial_taskflow_api_etl.py took 1.089 seconds
[2022-01-28 21:32:32,441] {processor.py:163} INFO - Started process (PID=24210) to work on /home/data-eginner/Documents/Soccer_Data/env/lib/python3.8/site-packages/airflow/example_dags/tutorial_taskflow_api_etl.py
[2022-01-28 21:32:32,444] {processor.py:642} INFO - Processing file /home/data-eginner/Documents/Soccer_Data/env/lib/python3.8/site-packages/airflow/example_dags/tutorial_taskflow_api_etl.py for tasks to queue
[2022-01-28 21:32:32,451] {logging_mixin.py:109} INFO - [2022-01-28 21:32:32,451] {dagbag.py:500} INFO - Filling up the DagBag from /home/data-eginner/Documents/Soccer_Data/env/lib/python3.8/site-packages/airflow/example_dags/tutorial_taskflow_api_etl.py
[2022-01-28 21:32:32,551] {processor.py:654} INFO - DAG(s) dict_keys(['tutorial_taskflow_api_etl']) retrieved from /home/data-eginner/Documents/Soccer_Data/env/lib/python3.8/site-packages/airflow/example_dags/tutorial_taskflow_api_etl.py
[2022-01-28 21:32:32,901] {logging_mixin.py:109} INFO - [2022-01-28 21:32:32,900] {dag.py:2396} INFO - Sync 1 DAGs
[2022-01-28 21:32:32,911] {logging_mixin.py:109} INFO - [2022-01-28 21:32:32,911] {dag.py:2935} INFO - Setting next_dagrun for tutorial_taskflow_api_etl to None
[2022-01-28 21:32:32,954] {processor.py:171} INFO - Processing /home/data-eginner/Documents/Soccer_Data/env/lib/python3.8/site-packages/airflow/example_dags/tutorial_taskflow_api_etl.py took 0.534 seconds
[2022-01-28 21:33:14,146] {processor.py:163} INFO - Started process (PID=24374) to work on /home/data-eginner/Documents/Soccer_Data/env/lib/python3.8/site-packages/airflow/example_dags/tutorial_taskflow_api_etl.py
[2022-01-28 21:33:14,152] {processor.py:642} INFO - Processing file /home/data-eginner/Documents/Soccer_Data/env/lib/python3.8/site-packages/airflow/example_dags/tutorial_taskflow_api_etl.py for tasks to queue
[2022-01-28 21:33:14,157] {logging_mixin.py:109} INFO - [2022-01-28 21:33:14,157] {dagbag.py:500} INFO - Filling up the DagBag from /home/data-eginner/Documents/Soccer_Data/env/lib/python3.8/site-packages/airflow/example_dags/tutorial_taskflow_api_etl.py
[2022-01-28 21:33:14,189] {processor.py:654} INFO - DAG(s) dict_keys(['tutorial_taskflow_api_etl']) retrieved from /home/data-eginner/Documents/Soccer_Data/env/lib/python3.8/site-packages/airflow/example_dags/tutorial_taskflow_api_etl.py
[2022-01-28 21:33:14,441] {logging_mixin.py:109} INFO - [2022-01-28 21:33:14,441] {dag.py:2396} INFO - Sync 1 DAGs
[2022-01-28 21:33:14,456] {logging_mixin.py:109} INFO - [2022-01-28 21:33:14,456] {dag.py:2935} INFO - Setting next_dagrun for tutorial_taskflow_api_etl to None
[2022-01-28 21:33:14,483] {processor.py:171} INFO - Processing /home/data-eginner/Documents/Soccer_Data/env/lib/python3.8/site-packages/airflow/example_dags/tutorial_taskflow_api_etl.py took 0.340 seconds
[2022-01-28 21:33:49,795] {processor.py:163} INFO - Started process (PID=24516) to work on /home/data-eginner/Documents/Soccer_Data/env/lib/python3.8/site-packages/airflow/example_dags/tutorial_taskflow_api_etl.py
[2022-01-28 21:33:49,799] {processor.py:642} INFO - Processing file /home/data-eginner/Documents/Soccer_Data/env/lib/python3.8/site-packages/airflow/example_dags/tutorial_taskflow_api_etl.py for tasks to queue
[2022-01-28 21:33:49,800] {logging_mixin.py:109} INFO - [2022-01-28 21:33:49,799] {dagbag.py:500} INFO - Filling up the DagBag from /home/data-eginner/Documents/Soccer_Data/env/lib/python3.8/site-packages/airflow/example_dags/tutorial_taskflow_api_etl.py
[2022-01-28 21:33:49,835] {processor.py:654} INFO - DAG(s) dict_keys(['tutorial_taskflow_api_etl']) retrieved from /home/data-eginner/Documents/Soccer_Data/env/lib/python3.8/site-packages/airflow/example_dags/tutorial_taskflow_api_etl.py
[2022-01-28 21:33:50,153] {logging_mixin.py:109} INFO - [2022-01-28 21:33:50,153] {dag.py:2396} INFO - Sync 1 DAGs
[2022-01-28 21:33:50,165] {logging_mixin.py:109} INFO - [2022-01-28 21:33:50,165] {dag.py:2935} INFO - Setting next_dagrun for tutorial_taskflow_api_etl to None
[2022-01-28 21:33:50,183] {processor.py:171} INFO - Processing /home/data-eginner/Documents/Soccer_Data/env/lib/python3.8/site-packages/airflow/example_dags/tutorial_taskflow_api_etl.py took 0.402 seconds
[2022-01-28 21:34:35,038] {processor.py:163} INFO - Started process (PID=24687) to work on /home/data-eginner/Documents/Soccer_Data/env/lib/python3.8/site-packages/airflow/example_dags/tutorial_taskflow_api_etl.py
[2022-01-28 21:34:35,056] {processor.py:642} INFO - Processing file /home/data-eginner/Documents/Soccer_Data/env/lib/python3.8/site-packages/airflow/example_dags/tutorial_taskflow_api_etl.py for tasks to queue
[2022-01-28 21:34:35,058] {logging_mixin.py:109} INFO - [2022-01-28 21:34:35,058] {dagbag.py:500} INFO - Filling up the DagBag from /home/data-eginner/Documents/Soccer_Data/env/lib/python3.8/site-packages/airflow/example_dags/tutorial_taskflow_api_etl.py
[2022-01-28 21:34:35,092] {processor.py:654} INFO - DAG(s) dict_keys(['tutorial_taskflow_api_etl']) retrieved from /home/data-eginner/Documents/Soccer_Data/env/lib/python3.8/site-packages/airflow/example_dags/tutorial_taskflow_api_etl.py
[2022-01-28 21:34:35,430] {logging_mixin.py:109} INFO - [2022-01-28 21:34:35,430] {dag.py:2396} INFO - Sync 1 DAGs
[2022-01-28 21:34:35,445] {logging_mixin.py:109} INFO - [2022-01-28 21:34:35,445] {dag.py:2935} INFO - Setting next_dagrun for tutorial_taskflow_api_etl to None
[2022-01-28 21:34:35,471] {processor.py:171} INFO - Processing /home/data-eginner/Documents/Soccer_Data/env/lib/python3.8/site-packages/airflow/example_dags/tutorial_taskflow_api_etl.py took 0.436 seconds
[2022-01-28 21:55:54,178] {processor.py:163} INFO - Started process (PID=24973) to work on /home/data-eginner/Documents/Soccer_Data/env/lib/python3.8/site-packages/airflow/example_dags/tutorial_taskflow_api_etl.py
[2022-01-28 21:55:54,181] {processor.py:642} INFO - Processing file /home/data-eginner/Documents/Soccer_Data/env/lib/python3.8/site-packages/airflow/example_dags/tutorial_taskflow_api_etl.py for tasks to queue
[2022-01-28 21:55:54,182] {logging_mixin.py:109} INFO - [2022-01-28 21:55:54,181] {dagbag.py:500} INFO - Filling up the DagBag from /home/data-eginner/Documents/Soccer_Data/env/lib/python3.8/site-packages/airflow/example_dags/tutorial_taskflow_api_etl.py
[2022-01-28 21:55:54,253] {processor.py:654} INFO - DAG(s) dict_keys(['tutorial_taskflow_api_etl']) retrieved from /home/data-eginner/Documents/Soccer_Data/env/lib/python3.8/site-packages/airflow/example_dags/tutorial_taskflow_api_etl.py
[2022-01-28 21:55:55,016] {logging_mixin.py:109} INFO - [2022-01-28 21:55:55,016] {dag.py:2396} INFO - Sync 1 DAGs
[2022-01-28 21:55:55,081] {logging_mixin.py:109} INFO - [2022-01-28 21:55:55,081] {dag.py:2935} INFO - Setting next_dagrun for tutorial_taskflow_api_etl to None
[2022-01-28 21:55:55,134] {processor.py:171} INFO - Processing /home/data-eginner/Documents/Soccer_Data/env/lib/python3.8/site-packages/airflow/example_dags/tutorial_taskflow_api_etl.py took 0.972 seconds
[2022-01-28 21:56:43,942] {processor.py:163} INFO - Started process (PID=25161) to work on /home/data-eginner/Documents/Soccer_Data/env/lib/python3.8/site-packages/airflow/example_dags/tutorial_taskflow_api_etl.py
[2022-01-28 21:56:43,944] {processor.py:642} INFO - Processing file /home/data-eginner/Documents/Soccer_Data/env/lib/python3.8/site-packages/airflow/example_dags/tutorial_taskflow_api_etl.py for tasks to queue
[2022-01-28 21:56:43,945] {logging_mixin.py:109} INFO - [2022-01-28 21:56:43,945] {dagbag.py:500} INFO - Filling up the DagBag from /home/data-eginner/Documents/Soccer_Data/env/lib/python3.8/site-packages/airflow/example_dags/tutorial_taskflow_api_etl.py
[2022-01-28 21:56:44,016] {processor.py:654} INFO - DAG(s) dict_keys(['tutorial_taskflow_api_etl']) retrieved from /home/data-eginner/Documents/Soccer_Data/env/lib/python3.8/site-packages/airflow/example_dags/tutorial_taskflow_api_etl.py
[2022-01-28 21:56:44,760] {logging_mixin.py:109} INFO - [2022-01-28 21:56:44,759] {dag.py:2396} INFO - Sync 1 DAGs
[2022-01-28 21:56:44,791] {logging_mixin.py:109} INFO - [2022-01-28 21:56:44,791] {dag.py:2935} INFO - Setting next_dagrun for tutorial_taskflow_api_etl to None
[2022-01-28 21:56:44,842] {processor.py:171} INFO - Processing /home/data-eginner/Documents/Soccer_Data/env/lib/python3.8/site-packages/airflow/example_dags/tutorial_taskflow_api_etl.py took 0.902 seconds
[2022-01-28 21:57:28,118] {processor.py:163} INFO - Started process (PID=25323) to work on /home/data-eginner/Documents/Soccer_Data/env/lib/python3.8/site-packages/airflow/example_dags/tutorial_taskflow_api_etl.py
[2022-01-28 21:57:28,125] {processor.py:642} INFO - Processing file /home/data-eginner/Documents/Soccer_Data/env/lib/python3.8/site-packages/airflow/example_dags/tutorial_taskflow_api_etl.py for tasks to queue
[2022-01-28 21:57:28,126] {logging_mixin.py:109} INFO - [2022-01-28 21:57:28,126] {dagbag.py:500} INFO - Filling up the DagBag from /home/data-eginner/Documents/Soccer_Data/env/lib/python3.8/site-packages/airflow/example_dags/tutorial_taskflow_api_etl.py
[2022-01-28 21:57:28,157] {processor.py:654} INFO - DAG(s) dict_keys(['tutorial_taskflow_api_etl']) retrieved from /home/data-eginner/Documents/Soccer_Data/env/lib/python3.8/site-packages/airflow/example_dags/tutorial_taskflow_api_etl.py
[2022-01-28 21:57:28,465] {logging_mixin.py:109} INFO - [2022-01-28 21:57:28,465] {dag.py:2396} INFO - Sync 1 DAGs
[2022-01-28 21:57:28,483] {logging_mixin.py:109} INFO - [2022-01-28 21:57:28,483] {dag.py:2935} INFO - Setting next_dagrun for tutorial_taskflow_api_etl to None
[2022-01-28 21:57:28,512] {processor.py:171} INFO - Processing /home/data-eginner/Documents/Soccer_Data/env/lib/python3.8/site-packages/airflow/example_dags/tutorial_taskflow_api_etl.py took 0.397 seconds
[2022-01-28 21:58:03,524] {processor.py:163} INFO - Started process (PID=25467) to work on /home/data-eginner/Documents/Soccer_Data/env/lib/python3.8/site-packages/airflow/example_dags/tutorial_taskflow_api_etl.py
[2022-01-28 21:58:03,526] {processor.py:642} INFO - Processing file /home/data-eginner/Documents/Soccer_Data/env/lib/python3.8/site-packages/airflow/example_dags/tutorial_taskflow_api_etl.py for tasks to queue
[2022-01-28 21:58:03,526] {logging_mixin.py:109} INFO - [2022-01-28 21:58:03,526] {dagbag.py:500} INFO - Filling up the DagBag from /home/data-eginner/Documents/Soccer_Data/env/lib/python3.8/site-packages/airflow/example_dags/tutorial_taskflow_api_etl.py
[2022-01-28 21:58:03,572] {processor.py:654} INFO - DAG(s) dict_keys(['tutorial_taskflow_api_etl']) retrieved from /home/data-eginner/Documents/Soccer_Data/env/lib/python3.8/site-packages/airflow/example_dags/tutorial_taskflow_api_etl.py
[2022-01-28 21:58:03,982] {logging_mixin.py:109} INFO - [2022-01-28 21:58:03,981] {dag.py:2396} INFO - Sync 1 DAGs
[2022-01-28 21:58:04,002] {logging_mixin.py:109} INFO - [2022-01-28 21:58:04,002] {dag.py:2935} INFO - Setting next_dagrun for tutorial_taskflow_api_etl to None
[2022-01-28 21:58:04,056] {processor.py:171} INFO - Processing /home/data-eginner/Documents/Soccer_Data/env/lib/python3.8/site-packages/airflow/example_dags/tutorial_taskflow_api_etl.py took 0.558 seconds
[2022-01-28 21:58:42,781] {processor.py:163} INFO - Started process (PID=25620) to work on /home/data-eginner/Documents/Soccer_Data/env/lib/python3.8/site-packages/airflow/example_dags/tutorial_taskflow_api_etl.py
[2022-01-28 21:58:42,817] {processor.py:642} INFO - Processing file /home/data-eginner/Documents/Soccer_Data/env/lib/python3.8/site-packages/airflow/example_dags/tutorial_taskflow_api_etl.py for tasks to queue
[2022-01-28 21:58:42,817] {logging_mixin.py:109} INFO - [2022-01-28 21:58:42,817] {dagbag.py:500} INFO - Filling up the DagBag from /home/data-eginner/Documents/Soccer_Data/env/lib/python3.8/site-packages/airflow/example_dags/tutorial_taskflow_api_etl.py
[2022-01-28 21:58:42,854] {processor.py:654} INFO - DAG(s) dict_keys(['tutorial_taskflow_api_etl']) retrieved from /home/data-eginner/Documents/Soccer_Data/env/lib/python3.8/site-packages/airflow/example_dags/tutorial_taskflow_api_etl.py
[2022-01-28 21:58:43,232] {logging_mixin.py:109} INFO - [2022-01-28 21:58:43,231] {dag.py:2396} INFO - Sync 1 DAGs
[2022-01-28 21:58:43,241] {logging_mixin.py:109} INFO - [2022-01-28 21:58:43,241] {dag.py:2935} INFO - Setting next_dagrun for tutorial_taskflow_api_etl to None
[2022-01-28 21:58:43,260] {processor.py:171} INFO - Processing /home/data-eginner/Documents/Soccer_Data/env/lib/python3.8/site-packages/airflow/example_dags/tutorial_taskflow_api_etl.py took 0.482 seconds
[2022-01-28 21:59:21,767] {processor.py:163} INFO - Started process (PID=25768) to work on /home/data-eginner/Documents/Soccer_Data/env/lib/python3.8/site-packages/airflow/example_dags/tutorial_taskflow_api_etl.py
[2022-01-28 21:59:21,770] {processor.py:642} INFO - Processing file /home/data-eginner/Documents/Soccer_Data/env/lib/python3.8/site-packages/airflow/example_dags/tutorial_taskflow_api_etl.py for tasks to queue
[2022-01-28 21:59:21,771] {logging_mixin.py:109} INFO - [2022-01-28 21:59:21,770] {dagbag.py:500} INFO - Filling up the DagBag from /home/data-eginner/Documents/Soccer_Data/env/lib/python3.8/site-packages/airflow/example_dags/tutorial_taskflow_api_etl.py
[2022-01-28 21:59:21,795] {processor.py:654} INFO - DAG(s) dict_keys(['tutorial_taskflow_api_etl']) retrieved from /home/data-eginner/Documents/Soccer_Data/env/lib/python3.8/site-packages/airflow/example_dags/tutorial_taskflow_api_etl.py
[2022-01-28 21:59:21,986] {logging_mixin.py:109} INFO - [2022-01-28 21:59:21,986] {dag.py:2396} INFO - Sync 1 DAGs
[2022-01-28 21:59:22,000] {logging_mixin.py:109} INFO - [2022-01-28 21:59:21,999] {dag.py:2935} INFO - Setting next_dagrun for tutorial_taskflow_api_etl to None
[2022-01-28 21:59:22,101] {processor.py:171} INFO - Processing /home/data-eginner/Documents/Soccer_Data/env/lib/python3.8/site-packages/airflow/example_dags/tutorial_taskflow_api_etl.py took 0.337 seconds
[2022-01-28 21:59:59,096] {processor.py:163} INFO - Started process (PID=25917) to work on /home/data-eginner/Documents/Soccer_Data/env/lib/python3.8/site-packages/airflow/example_dags/tutorial_taskflow_api_etl.py
[2022-01-28 21:59:59,104] {processor.py:642} INFO - Processing file /home/data-eginner/Documents/Soccer_Data/env/lib/python3.8/site-packages/airflow/example_dags/tutorial_taskflow_api_etl.py for tasks to queue
[2022-01-28 21:59:59,104] {logging_mixin.py:109} INFO - [2022-01-28 21:59:59,104] {dagbag.py:500} INFO - Filling up the DagBag from /home/data-eginner/Documents/Soccer_Data/env/lib/python3.8/site-packages/airflow/example_dags/tutorial_taskflow_api_etl.py
[2022-01-28 21:59:59,129] {processor.py:654} INFO - DAG(s) dict_keys(['tutorial_taskflow_api_etl']) retrieved from /home/data-eginner/Documents/Soccer_Data/env/lib/python3.8/site-packages/airflow/example_dags/tutorial_taskflow_api_etl.py
[2022-01-28 21:59:59,320] {logging_mixin.py:109} INFO - [2022-01-28 21:59:59,320] {dag.py:2396} INFO - Sync 1 DAGs
[2022-01-28 21:59:59,331] {logging_mixin.py:109} INFO - [2022-01-28 21:59:59,331] {dag.py:2935} INFO - Setting next_dagrun for tutorial_taskflow_api_etl to None
[2022-01-28 21:59:59,347] {processor.py:171} INFO - Processing /home/data-eginner/Documents/Soccer_Data/env/lib/python3.8/site-packages/airflow/example_dags/tutorial_taskflow_api_etl.py took 0.255 seconds
[2022-01-28 22:00:38,900] {processor.py:163} INFO - Started process (PID=26077) to work on /home/data-eginner/Documents/Soccer_Data/env/lib/python3.8/site-packages/airflow/example_dags/tutorial_taskflow_api_etl.py
[2022-01-28 22:00:38,907] {processor.py:642} INFO - Processing file /home/data-eginner/Documents/Soccer_Data/env/lib/python3.8/site-packages/airflow/example_dags/tutorial_taskflow_api_etl.py for tasks to queue
[2022-01-28 22:00:38,908] {logging_mixin.py:109} INFO - [2022-01-28 22:00:38,908] {dagbag.py:500} INFO - Filling up the DagBag from /home/data-eginner/Documents/Soccer_Data/env/lib/python3.8/site-packages/airflow/example_dags/tutorial_taskflow_api_etl.py
[2022-01-28 22:00:38,957] {processor.py:654} INFO - DAG(s) dict_keys(['tutorial_taskflow_api_etl']) retrieved from /home/data-eginner/Documents/Soccer_Data/env/lib/python3.8/site-packages/airflow/example_dags/tutorial_taskflow_api_etl.py
[2022-01-28 22:00:39,141] {logging_mixin.py:109} INFO - [2022-01-28 22:00:39,141] {dag.py:2396} INFO - Sync 1 DAGs
[2022-01-28 22:00:39,152] {logging_mixin.py:109} INFO - [2022-01-28 22:00:39,152] {dag.py:2935} INFO - Setting next_dagrun for tutorial_taskflow_api_etl to None
[2022-01-28 22:00:39,168] {processor.py:171} INFO - Processing /home/data-eginner/Documents/Soccer_Data/env/lib/python3.8/site-packages/airflow/example_dags/tutorial_taskflow_api_etl.py took 0.284 seconds
[2022-01-28 22:01:14,722] {processor.py:163} INFO - Started process (PID=26219) to work on /home/data-eginner/Documents/Soccer_Data/env/lib/python3.8/site-packages/airflow/example_dags/tutorial_taskflow_api_etl.py
[2022-01-28 22:01:14,724] {processor.py:642} INFO - Processing file /home/data-eginner/Documents/Soccer_Data/env/lib/python3.8/site-packages/airflow/example_dags/tutorial_taskflow_api_etl.py for tasks to queue
[2022-01-28 22:01:14,724] {logging_mixin.py:109} INFO - [2022-01-28 22:01:14,724] {dagbag.py:500} INFO - Filling up the DagBag from /home/data-eginner/Documents/Soccer_Data/env/lib/python3.8/site-packages/airflow/example_dags/tutorial_taskflow_api_etl.py
[2022-01-28 22:01:14,746] {processor.py:654} INFO - DAG(s) dict_keys(['tutorial_taskflow_api_etl']) retrieved from /home/data-eginner/Documents/Soccer_Data/env/lib/python3.8/site-packages/airflow/example_dags/tutorial_taskflow_api_etl.py
[2022-01-28 22:01:14,939] {logging_mixin.py:109} INFO - [2022-01-28 22:01:14,938] {dag.py:2396} INFO - Sync 1 DAGs
[2022-01-28 22:01:14,951] {logging_mixin.py:109} INFO - [2022-01-28 22:01:14,951] {dag.py:2935} INFO - Setting next_dagrun for tutorial_taskflow_api_etl to None
[2022-01-28 22:01:14,988] {processor.py:171} INFO - Processing /home/data-eginner/Documents/Soccer_Data/env/lib/python3.8/site-packages/airflow/example_dags/tutorial_taskflow_api_etl.py took 0.268 seconds
[2022-01-28 22:01:53,558] {processor.py:163} INFO - Started process (PID=26369) to work on /home/data-eginner/Documents/Soccer_Data/env/lib/python3.8/site-packages/airflow/example_dags/tutorial_taskflow_api_etl.py
[2022-01-28 22:01:53,560] {processor.py:642} INFO - Processing file /home/data-eginner/Documents/Soccer_Data/env/lib/python3.8/site-packages/airflow/example_dags/tutorial_taskflow_api_etl.py for tasks to queue
[2022-01-28 22:01:53,561] {logging_mixin.py:109} INFO - [2022-01-28 22:01:53,561] {dagbag.py:500} INFO - Filling up the DagBag from /home/data-eginner/Documents/Soccer_Data/env/lib/python3.8/site-packages/airflow/example_dags/tutorial_taskflow_api_etl.py
[2022-01-28 22:01:53,584] {processor.py:654} INFO - DAG(s) dict_keys(['tutorial_taskflow_api_etl']) retrieved from /home/data-eginner/Documents/Soccer_Data/env/lib/python3.8/site-packages/airflow/example_dags/tutorial_taskflow_api_etl.py
[2022-01-28 22:01:54,052] {logging_mixin.py:109} INFO - [2022-01-28 22:01:54,052] {dag.py:2396} INFO - Sync 1 DAGs
[2022-01-28 22:01:54,068] {logging_mixin.py:109} INFO - [2022-01-28 22:01:54,068] {dag.py:2935} INFO - Setting next_dagrun for tutorial_taskflow_api_etl to None
[2022-01-28 22:01:54,186] {processor.py:171} INFO - Processing /home/data-eginner/Documents/Soccer_Data/env/lib/python3.8/site-packages/airflow/example_dags/tutorial_taskflow_api_etl.py took 0.631 seconds
[2022-01-28 22:04:04,043] {processor.py:163} INFO - Started process (PID=26505) to work on /home/data-eginner/Documents/Soccer_Data/env/lib/python3.8/site-packages/airflow/example_dags/tutorial_taskflow_api_etl.py
[2022-01-28 22:04:04,045] {processor.py:642} INFO - Processing file /home/data-eginner/Documents/Soccer_Data/env/lib/python3.8/site-packages/airflow/example_dags/tutorial_taskflow_api_etl.py for tasks to queue
[2022-01-28 22:04:04,045] {logging_mixin.py:109} INFO - [2022-01-28 22:04:04,045] {dagbag.py:500} INFO - Filling up the DagBag from /home/data-eginner/Documents/Soccer_Data/env/lib/python3.8/site-packages/airflow/example_dags/tutorial_taskflow_api_etl.py
[2022-01-28 22:04:04,078] {processor.py:654} INFO - DAG(s) dict_keys(['tutorial_taskflow_api_etl']) retrieved from /home/data-eginner/Documents/Soccer_Data/env/lib/python3.8/site-packages/airflow/example_dags/tutorial_taskflow_api_etl.py
[2022-01-28 22:04:04,466] {logging_mixin.py:109} INFO - [2022-01-28 22:04:04,466] {dag.py:2396} INFO - Sync 1 DAGs
[2022-01-28 22:04:04,486] {logging_mixin.py:109} INFO - [2022-01-28 22:04:04,486] {dag.py:2935} INFO - Setting next_dagrun for tutorial_taskflow_api_etl to None
[2022-01-28 22:04:04,516] {processor.py:171} INFO - Processing /home/data-eginner/Documents/Soccer_Data/env/lib/python3.8/site-packages/airflow/example_dags/tutorial_taskflow_api_etl.py took 0.486 seconds
[2022-01-28 22:04:46,066] {processor.py:163} INFO - Started process (PID=26671) to work on /home/data-eginner/Documents/Soccer_Data/env/lib/python3.8/site-packages/airflow/example_dags/tutorial_taskflow_api_etl.py
[2022-01-28 22:04:46,070] {processor.py:642} INFO - Processing file /home/data-eginner/Documents/Soccer_Data/env/lib/python3.8/site-packages/airflow/example_dags/tutorial_taskflow_api_etl.py for tasks to queue
[2022-01-28 22:04:46,071] {logging_mixin.py:109} INFO - [2022-01-28 22:04:46,071] {dagbag.py:500} INFO - Filling up the DagBag from /home/data-eginner/Documents/Soccer_Data/env/lib/python3.8/site-packages/airflow/example_dags/tutorial_taskflow_api_etl.py
[2022-01-28 22:04:46,123] {processor.py:654} INFO - DAG(s) dict_keys(['tutorial_taskflow_api_etl']) retrieved from /home/data-eginner/Documents/Soccer_Data/env/lib/python3.8/site-packages/airflow/example_dags/tutorial_taskflow_api_etl.py
[2022-01-28 22:04:46,522] {logging_mixin.py:109} INFO - [2022-01-28 22:04:46,522] {dag.py:2396} INFO - Sync 1 DAGs
[2022-01-28 22:04:46,539] {logging_mixin.py:109} INFO - [2022-01-28 22:04:46,538] {dag.py:2935} INFO - Setting next_dagrun for tutorial_taskflow_api_etl to None
[2022-01-28 22:04:46,584] {processor.py:171} INFO - Processing /home/data-eginner/Documents/Soccer_Data/env/lib/python3.8/site-packages/airflow/example_dags/tutorial_taskflow_api_etl.py took 0.526 seconds
[2022-01-28 22:05:28,700] {processor.py:163} INFO - Started process (PID=26839) to work on /home/data-eginner/Documents/Soccer_Data/env/lib/python3.8/site-packages/airflow/example_dags/tutorial_taskflow_api_etl.py
[2022-01-28 22:05:28,705] {processor.py:642} INFO - Processing file /home/data-eginner/Documents/Soccer_Data/env/lib/python3.8/site-packages/airflow/example_dags/tutorial_taskflow_api_etl.py for tasks to queue
[2022-01-28 22:05:28,706] {logging_mixin.py:109} INFO - [2022-01-28 22:05:28,706] {dagbag.py:500} INFO - Filling up the DagBag from /home/data-eginner/Documents/Soccer_Data/env/lib/python3.8/site-packages/airflow/example_dags/tutorial_taskflow_api_etl.py
[2022-01-28 22:05:28,760] {processor.py:654} INFO - DAG(s) dict_keys(['tutorial_taskflow_api_etl']) retrieved from /home/data-eginner/Documents/Soccer_Data/env/lib/python3.8/site-packages/airflow/example_dags/tutorial_taskflow_api_etl.py
[2022-01-28 22:05:29,192] {logging_mixin.py:109} INFO - [2022-01-28 22:05:29,192] {dag.py:2396} INFO - Sync 1 DAGs
[2022-01-28 22:05:29,206] {logging_mixin.py:109} INFO - [2022-01-28 22:05:29,206] {dag.py:2935} INFO - Setting next_dagrun for tutorial_taskflow_api_etl to None
[2022-01-28 22:05:29,229] {processor.py:171} INFO - Processing /home/data-eginner/Documents/Soccer_Data/env/lib/python3.8/site-packages/airflow/example_dags/tutorial_taskflow_api_etl.py took 0.533 seconds
[2022-01-28 22:06:10,146] {processor.py:163} INFO - Started process (PID=27002) to work on /home/data-eginner/Documents/Soccer_Data/env/lib/python3.8/site-packages/airflow/example_dags/tutorial_taskflow_api_etl.py
[2022-01-28 22:06:10,150] {processor.py:642} INFO - Processing file /home/data-eginner/Documents/Soccer_Data/env/lib/python3.8/site-packages/airflow/example_dags/tutorial_taskflow_api_etl.py for tasks to queue
[2022-01-28 22:06:10,150] {logging_mixin.py:109} INFO - [2022-01-28 22:06:10,150] {dagbag.py:500} INFO - Filling up the DagBag from /home/data-eginner/Documents/Soccer_Data/env/lib/python3.8/site-packages/airflow/example_dags/tutorial_taskflow_api_etl.py
[2022-01-28 22:06:10,173] {processor.py:654} INFO - DAG(s) dict_keys(['tutorial_taskflow_api_etl']) retrieved from /home/data-eginner/Documents/Soccer_Data/env/lib/python3.8/site-packages/airflow/example_dags/tutorial_taskflow_api_etl.py
[2022-01-28 22:06:10,431] {logging_mixin.py:109} INFO - [2022-01-28 22:06:10,431] {dag.py:2396} INFO - Sync 1 DAGs
[2022-01-28 22:06:10,444] {logging_mixin.py:109} INFO - [2022-01-28 22:06:10,444] {dag.py:2935} INFO - Setting next_dagrun for tutorial_taskflow_api_etl to None
[2022-01-28 22:06:10,461] {processor.py:171} INFO - Processing /home/data-eginner/Documents/Soccer_Data/env/lib/python3.8/site-packages/airflow/example_dags/tutorial_taskflow_api_etl.py took 0.322 seconds
[2022-01-28 22:06:42,069] {processor.py:163} INFO - Started process (PID=27134) to work on /home/data-eginner/Documents/Soccer_Data/env/lib/python3.8/site-packages/airflow/example_dags/tutorial_taskflow_api_etl.py
[2022-01-28 22:06:42,074] {processor.py:642} INFO - Processing file /home/data-eginner/Documents/Soccer_Data/env/lib/python3.8/site-packages/airflow/example_dags/tutorial_taskflow_api_etl.py for tasks to queue
[2022-01-28 22:06:42,074] {logging_mixin.py:109} INFO - [2022-01-28 22:06:42,074] {dagbag.py:500} INFO - Filling up the DagBag from /home/data-eginner/Documents/Soccer_Data/env/lib/python3.8/site-packages/airflow/example_dags/tutorial_taskflow_api_etl.py
[2022-01-28 22:06:42,109] {processor.py:654} INFO - DAG(s) dict_keys(['tutorial_taskflow_api_etl']) retrieved from /home/data-eginner/Documents/Soccer_Data/env/lib/python3.8/site-packages/airflow/example_dags/tutorial_taskflow_api_etl.py
[2022-01-28 22:06:42,438] {logging_mixin.py:109} INFO - [2022-01-28 22:06:42,438] {dag.py:2396} INFO - Sync 1 DAGs
[2022-01-28 22:06:42,449] {logging_mixin.py:109} INFO - [2022-01-28 22:06:42,449] {dag.py:2935} INFO - Setting next_dagrun for tutorial_taskflow_api_etl to None
[2022-01-28 22:06:42,465] {processor.py:171} INFO - Processing /home/data-eginner/Documents/Soccer_Data/env/lib/python3.8/site-packages/airflow/example_dags/tutorial_taskflow_api_etl.py took 0.404 seconds
[2022-01-28 22:07:23,565] {processor.py:163} INFO - Started process (PID=27303) to work on /home/data-eginner/Documents/Soccer_Data/env/lib/python3.8/site-packages/airflow/example_dags/tutorial_taskflow_api_etl.py
[2022-01-28 22:07:23,580] {processor.py:642} INFO - Processing file /home/data-eginner/Documents/Soccer_Data/env/lib/python3.8/site-packages/airflow/example_dags/tutorial_taskflow_api_etl.py for tasks to queue
[2022-01-28 22:07:23,580] {logging_mixin.py:109} INFO - [2022-01-28 22:07:23,580] {dagbag.py:500} INFO - Filling up the DagBag from /home/data-eginner/Documents/Soccer_Data/env/lib/python3.8/site-packages/airflow/example_dags/tutorial_taskflow_api_etl.py
[2022-01-28 22:07:23,618] {processor.py:654} INFO - DAG(s) dict_keys(['tutorial_taskflow_api_etl']) retrieved from /home/data-eginner/Documents/Soccer_Data/env/lib/python3.8/site-packages/airflow/example_dags/tutorial_taskflow_api_etl.py
[2022-01-28 22:07:24,155] {logging_mixin.py:109} INFO - [2022-01-28 22:07:24,155] {dag.py:2396} INFO - Sync 1 DAGs
[2022-01-28 22:07:24,175] {logging_mixin.py:109} INFO - [2022-01-28 22:07:24,175] {dag.py:2935} INFO - Setting next_dagrun for tutorial_taskflow_api_etl to None
[2022-01-28 22:07:24,340] {processor.py:171} INFO - Processing /home/data-eginner/Documents/Soccer_Data/env/lib/python3.8/site-packages/airflow/example_dags/tutorial_taskflow_api_etl.py took 0.777 seconds
[2022-01-28 22:08:21,453] {processor.py:163} INFO - Started process (PID=27534) to work on /home/data-eginner/Documents/Soccer_Data/env/lib/python3.8/site-packages/airflow/example_dags/tutorial_taskflow_api_etl.py
[2022-01-28 22:08:21,504] {processor.py:642} INFO - Processing file /home/data-eginner/Documents/Soccer_Data/env/lib/python3.8/site-packages/airflow/example_dags/tutorial_taskflow_api_etl.py for tasks to queue
[2022-01-28 22:08:21,504] {logging_mixin.py:109} INFO - [2022-01-28 22:08:21,504] {dagbag.py:500} INFO - Filling up the DagBag from /home/data-eginner/Documents/Soccer_Data/env/lib/python3.8/site-packages/airflow/example_dags/tutorial_taskflow_api_etl.py
[2022-01-28 22:08:21,556] {processor.py:654} INFO - DAG(s) dict_keys(['tutorial_taskflow_api_etl']) retrieved from /home/data-eginner/Documents/Soccer_Data/env/lib/python3.8/site-packages/airflow/example_dags/tutorial_taskflow_api_etl.py
[2022-01-28 22:08:22,075] {logging_mixin.py:109} INFO - [2022-01-28 22:08:22,075] {dag.py:2396} INFO - Sync 1 DAGs
[2022-01-28 22:08:22,107] {logging_mixin.py:109} INFO - [2022-01-28 22:08:22,107] {dag.py:2935} INFO - Setting next_dagrun for tutorial_taskflow_api_etl to None
[2022-01-28 22:08:22,138] {processor.py:171} INFO - Processing /home/data-eginner/Documents/Soccer_Data/env/lib/python3.8/site-packages/airflow/example_dags/tutorial_taskflow_api_etl.py took 0.695 seconds
[2022-01-28 22:08:59,688] {processor.py:163} INFO - Started process (PID=27684) to work on /home/data-eginner/Documents/Soccer_Data/env/lib/python3.8/site-packages/airflow/example_dags/tutorial_taskflow_api_etl.py
[2022-01-28 22:08:59,691] {processor.py:642} INFO - Processing file /home/data-eginner/Documents/Soccer_Data/env/lib/python3.8/site-packages/airflow/example_dags/tutorial_taskflow_api_etl.py for tasks to queue
[2022-01-28 22:08:59,693] {logging_mixin.py:109} INFO - [2022-01-28 22:08:59,692] {dagbag.py:500} INFO - Filling up the DagBag from /home/data-eginner/Documents/Soccer_Data/env/lib/python3.8/site-packages/airflow/example_dags/tutorial_taskflow_api_etl.py
[2022-01-28 22:08:59,733] {processor.py:654} INFO - DAG(s) dict_keys(['tutorial_taskflow_api_etl']) retrieved from /home/data-eginner/Documents/Soccer_Data/env/lib/python3.8/site-packages/airflow/example_dags/tutorial_taskflow_api_etl.py
[2022-01-28 22:09:00,090] {logging_mixin.py:109} INFO - [2022-01-28 22:09:00,090] {dag.py:2396} INFO - Sync 1 DAGs
[2022-01-28 22:09:00,106] {logging_mixin.py:109} INFO - [2022-01-28 22:09:00,106] {dag.py:2935} INFO - Setting next_dagrun for tutorial_taskflow_api_etl to None
[2022-01-28 22:09:00,132] {processor.py:171} INFO - Processing /home/data-eginner/Documents/Soccer_Data/env/lib/python3.8/site-packages/airflow/example_dags/tutorial_taskflow_api_etl.py took 0.448 seconds
[2022-01-28 22:09:35,191] {processor.py:163} INFO - Started process (PID=27832) to work on /home/data-eginner/Documents/Soccer_Data/env/lib/python3.8/site-packages/airflow/example_dags/tutorial_taskflow_api_etl.py
[2022-01-28 22:09:35,194] {processor.py:642} INFO - Processing file /home/data-eginner/Documents/Soccer_Data/env/lib/python3.8/site-packages/airflow/example_dags/tutorial_taskflow_api_etl.py for tasks to queue
[2022-01-28 22:09:35,195] {logging_mixin.py:109} INFO - [2022-01-28 22:09:35,194] {dagbag.py:500} INFO - Filling up the DagBag from /home/data-eginner/Documents/Soccer_Data/env/lib/python3.8/site-packages/airflow/example_dags/tutorial_taskflow_api_etl.py
[2022-01-28 22:09:35,242] {processor.py:654} INFO - DAG(s) dict_keys(['tutorial_taskflow_api_etl']) retrieved from /home/data-eginner/Documents/Soccer_Data/env/lib/python3.8/site-packages/airflow/example_dags/tutorial_taskflow_api_etl.py
[2022-01-28 22:09:35,667] {logging_mixin.py:109} INFO - [2022-01-28 22:09:35,667] {dag.py:2396} INFO - Sync 1 DAGs
[2022-01-28 22:09:35,682] {logging_mixin.py:109} INFO - [2022-01-28 22:09:35,682] {dag.py:2935} INFO - Setting next_dagrun for tutorial_taskflow_api_etl to None
[2022-01-28 22:09:35,712] {processor.py:171} INFO - Processing /home/data-eginner/Documents/Soccer_Data/env/lib/python3.8/site-packages/airflow/example_dags/tutorial_taskflow_api_etl.py took 0.533 seconds
[2022-01-28 22:10:17,112] {processor.py:163} INFO - Started process (PID=28001) to work on /home/data-eginner/Documents/Soccer_Data/env/lib/python3.8/site-packages/airflow/example_dags/tutorial_taskflow_api_etl.py
[2022-01-28 22:10:17,114] {processor.py:642} INFO - Processing file /home/data-eginner/Documents/Soccer_Data/env/lib/python3.8/site-packages/airflow/example_dags/tutorial_taskflow_api_etl.py for tasks to queue
[2022-01-28 22:10:17,115] {logging_mixin.py:109} INFO - [2022-01-28 22:10:17,115] {dagbag.py:500} INFO - Filling up the DagBag from /home/data-eginner/Documents/Soccer_Data/env/lib/python3.8/site-packages/airflow/example_dags/tutorial_taskflow_api_etl.py
[2022-01-28 22:10:17,146] {processor.py:654} INFO - DAG(s) dict_keys(['tutorial_taskflow_api_etl']) retrieved from /home/data-eginner/Documents/Soccer_Data/env/lib/python3.8/site-packages/airflow/example_dags/tutorial_taskflow_api_etl.py
[2022-01-28 22:10:17,499] {logging_mixin.py:109} INFO - [2022-01-28 22:10:17,499] {dag.py:2396} INFO - Sync 1 DAGs
[2022-01-28 22:10:17,520] {logging_mixin.py:109} INFO - [2022-01-28 22:10:17,520] {dag.py:2935} INFO - Setting next_dagrun for tutorial_taskflow_api_etl to None
[2022-01-28 22:10:17,550] {processor.py:171} INFO - Processing /home/data-eginner/Documents/Soccer_Data/env/lib/python3.8/site-packages/airflow/example_dags/tutorial_taskflow_api_etl.py took 0.441 seconds
[2022-01-28 22:10:55,916] {processor.py:163} INFO - Started process (PID=28172) to work on /home/data-eginner/Documents/Soccer_Data/env/lib/python3.8/site-packages/airflow/example_dags/tutorial_taskflow_api_etl.py
[2022-01-28 22:10:55,918] {processor.py:642} INFO - Processing file /home/data-eginner/Documents/Soccer_Data/env/lib/python3.8/site-packages/airflow/example_dags/tutorial_taskflow_api_etl.py for tasks to queue
[2022-01-28 22:10:55,919] {logging_mixin.py:109} INFO - [2022-01-28 22:10:55,919] {dagbag.py:500} INFO - Filling up the DagBag from /home/data-eginner/Documents/Soccer_Data/env/lib/python3.8/site-packages/airflow/example_dags/tutorial_taskflow_api_etl.py
[2022-01-28 22:10:55,942] {processor.py:654} INFO - DAG(s) dict_keys(['tutorial_taskflow_api_etl']) retrieved from /home/data-eginner/Documents/Soccer_Data/env/lib/python3.8/site-packages/airflow/example_dags/tutorial_taskflow_api_etl.py
[2022-01-28 22:10:56,126] {logging_mixin.py:109} INFO - [2022-01-28 22:10:56,126] {dag.py:2396} INFO - Sync 1 DAGs
[2022-01-28 22:10:56,136] {logging_mixin.py:109} INFO - [2022-01-28 22:10:56,136] {dag.py:2935} INFO - Setting next_dagrun for tutorial_taskflow_api_etl to None
[2022-01-28 22:10:56,157] {processor.py:171} INFO - Processing /home/data-eginner/Documents/Soccer_Data/env/lib/python3.8/site-packages/airflow/example_dags/tutorial_taskflow_api_etl.py took 0.252 seconds
[2022-01-28 22:11:34,365] {processor.py:163} INFO - Started process (PID=28332) to work on /home/data-eginner/Documents/Soccer_Data/env/lib/python3.8/site-packages/airflow/example_dags/tutorial_taskflow_api_etl.py
[2022-01-28 22:11:34,368] {processor.py:642} INFO - Processing file /home/data-eginner/Documents/Soccer_Data/env/lib/python3.8/site-packages/airflow/example_dags/tutorial_taskflow_api_etl.py for tasks to queue
[2022-01-28 22:11:34,369] {logging_mixin.py:109} INFO - [2022-01-28 22:11:34,369] {dagbag.py:500} INFO - Filling up the DagBag from /home/data-eginner/Documents/Soccer_Data/env/lib/python3.8/site-packages/airflow/example_dags/tutorial_taskflow_api_etl.py
[2022-01-28 22:11:34,398] {processor.py:654} INFO - DAG(s) dict_keys(['tutorial_taskflow_api_etl']) retrieved from /home/data-eginner/Documents/Soccer_Data/env/lib/python3.8/site-packages/airflow/example_dags/tutorial_taskflow_api_etl.py
[2022-01-28 22:11:34,580] {logging_mixin.py:109} INFO - [2022-01-28 22:11:34,579] {dag.py:2396} INFO - Sync 1 DAGs
[2022-01-28 22:11:34,589] {logging_mixin.py:109} INFO - [2022-01-28 22:11:34,589] {dag.py:2935} INFO - Setting next_dagrun for tutorial_taskflow_api_etl to None
[2022-01-28 22:11:34,622] {processor.py:171} INFO - Processing /home/data-eginner/Documents/Soccer_Data/env/lib/python3.8/site-packages/airflow/example_dags/tutorial_taskflow_api_etl.py took 0.261 seconds
[2022-01-28 22:12:13,677] {processor.py:163} INFO - Started process (PID=28508) to work on /home/data-eginner/Documents/Soccer_Data/env/lib/python3.8/site-packages/airflow/example_dags/tutorial_taskflow_api_etl.py
[2022-01-28 22:12:13,692] {processor.py:642} INFO - Processing file /home/data-eginner/Documents/Soccer_Data/env/lib/python3.8/site-packages/airflow/example_dags/tutorial_taskflow_api_etl.py for tasks to queue
[2022-01-28 22:12:13,693] {logging_mixin.py:109} INFO - [2022-01-28 22:12:13,693] {dagbag.py:500} INFO - Filling up the DagBag from /home/data-eginner/Documents/Soccer_Data/env/lib/python3.8/site-packages/airflow/example_dags/tutorial_taskflow_api_etl.py
[2022-01-28 22:12:13,742] {processor.py:654} INFO - DAG(s) dict_keys(['tutorial_taskflow_api_etl']) retrieved from /home/data-eginner/Documents/Soccer_Data/env/lib/python3.8/site-packages/airflow/example_dags/tutorial_taskflow_api_etl.py
[2022-01-28 22:12:14,182] {logging_mixin.py:109} INFO - [2022-01-28 22:12:14,182] {dag.py:2396} INFO - Sync 1 DAGs
[2022-01-28 22:12:14,216] {logging_mixin.py:109} INFO - [2022-01-28 22:12:14,216] {dag.py:2935} INFO - Setting next_dagrun for tutorial_taskflow_api_etl to None
[2022-01-28 22:12:14,250] {processor.py:171} INFO - Processing /home/data-eginner/Documents/Soccer_Data/env/lib/python3.8/site-packages/airflow/example_dags/tutorial_taskflow_api_etl.py took 0.576 seconds
[2022-01-28 22:12:52,277] {processor.py:163} INFO - Started process (PID=28652) to work on /home/data-eginner/Documents/Soccer_Data/env/lib/python3.8/site-packages/airflow/example_dags/tutorial_taskflow_api_etl.py
[2022-01-28 22:12:52,299] {processor.py:642} INFO - Processing file /home/data-eginner/Documents/Soccer_Data/env/lib/python3.8/site-packages/airflow/example_dags/tutorial_taskflow_api_etl.py for tasks to queue
[2022-01-28 22:12:52,300] {logging_mixin.py:109} INFO - [2022-01-28 22:12:52,300] {dagbag.py:500} INFO - Filling up the DagBag from /home/data-eginner/Documents/Soccer_Data/env/lib/python3.8/site-packages/airflow/example_dags/tutorial_taskflow_api_etl.py
[2022-01-28 22:12:52,364] {processor.py:654} INFO - DAG(s) dict_keys(['tutorial_taskflow_api_etl']) retrieved from /home/data-eginner/Documents/Soccer_Data/env/lib/python3.8/site-packages/airflow/example_dags/tutorial_taskflow_api_etl.py
[2022-01-28 22:12:53,013] {logging_mixin.py:109} INFO - [2022-01-28 22:12:53,012] {dag.py:2396} INFO - Sync 1 DAGs
[2022-01-28 22:12:53,052] {logging_mixin.py:109} INFO - [2022-01-28 22:12:53,052] {dag.py:2935} INFO - Setting next_dagrun for tutorial_taskflow_api_etl to None
[2022-01-28 22:12:53,093] {processor.py:171} INFO - Processing /home/data-eginner/Documents/Soccer_Data/env/lib/python3.8/site-packages/airflow/example_dags/tutorial_taskflow_api_etl.py took 0.819 seconds
[2022-01-28 22:13:33,156] {processor.py:163} INFO - Started process (PID=28814) to work on /home/data-eginner/Documents/Soccer_Data/env/lib/python3.8/site-packages/airflow/example_dags/tutorial_taskflow_api_etl.py
[2022-01-28 22:13:33,173] {processor.py:642} INFO - Processing file /home/data-eginner/Documents/Soccer_Data/env/lib/python3.8/site-packages/airflow/example_dags/tutorial_taskflow_api_etl.py for tasks to queue
[2022-01-28 22:13:33,173] {logging_mixin.py:109} INFO - [2022-01-28 22:13:33,173] {dagbag.py:500} INFO - Filling up the DagBag from /home/data-eginner/Documents/Soccer_Data/env/lib/python3.8/site-packages/airflow/example_dags/tutorial_taskflow_api_etl.py
[2022-01-28 22:13:33,200] {processor.py:654} INFO - DAG(s) dict_keys(['tutorial_taskflow_api_etl']) retrieved from /home/data-eginner/Documents/Soccer_Data/env/lib/python3.8/site-packages/airflow/example_dags/tutorial_taskflow_api_etl.py
[2022-01-28 22:13:33,663] {logging_mixin.py:109} INFO - [2022-01-28 22:13:33,663] {dag.py:2396} INFO - Sync 1 DAGs
[2022-01-28 22:13:33,696] {logging_mixin.py:109} INFO - [2022-01-28 22:13:33,696] {dag.py:2935} INFO - Setting next_dagrun for tutorial_taskflow_api_etl to None
[2022-01-28 22:13:33,740] {processor.py:171} INFO - Processing /home/data-eginner/Documents/Soccer_Data/env/lib/python3.8/site-packages/airflow/example_dags/tutorial_taskflow_api_etl.py took 0.586 seconds
[2022-01-28 22:14:25,476] {processor.py:163} INFO - Started process (PID=29021) to work on /home/data-eginner/Documents/Soccer_Data/env/lib/python3.8/site-packages/airflow/example_dags/tutorial_taskflow_api_etl.py
[2022-01-28 22:14:25,491] {processor.py:642} INFO - Processing file /home/data-eginner/Documents/Soccer_Data/env/lib/python3.8/site-packages/airflow/example_dags/tutorial_taskflow_api_etl.py for tasks to queue
[2022-01-28 22:14:25,492] {logging_mixin.py:109} INFO - [2022-01-28 22:14:25,492] {dagbag.py:500} INFO - Filling up the DagBag from /home/data-eginner/Documents/Soccer_Data/env/lib/python3.8/site-packages/airflow/example_dags/tutorial_taskflow_api_etl.py
[2022-01-28 22:14:25,539] {processor.py:654} INFO - DAG(s) dict_keys(['tutorial_taskflow_api_etl']) retrieved from /home/data-eginner/Documents/Soccer_Data/env/lib/python3.8/site-packages/airflow/example_dags/tutorial_taskflow_api_etl.py
[2022-01-28 22:14:26,073] {logging_mixin.py:109} INFO - [2022-01-28 22:14:26,073] {dag.py:2396} INFO - Sync 1 DAGs
[2022-01-28 22:14:26,104] {logging_mixin.py:109} INFO - [2022-01-28 22:14:26,104] {dag.py:2935} INFO - Setting next_dagrun for tutorial_taskflow_api_etl to None
[2022-01-28 22:14:26,186] {processor.py:171} INFO - Processing /home/data-eginner/Documents/Soccer_Data/env/lib/python3.8/site-packages/airflow/example_dags/tutorial_taskflow_api_etl.py took 0.713 seconds
[2022-01-28 22:15:11,202] {processor.py:163} INFO - Started process (PID=29198) to work on /home/data-eginner/Documents/Soccer_Data/env/lib/python3.8/site-packages/airflow/example_dags/tutorial_taskflow_api_etl.py
[2022-01-28 22:15:11,222] {processor.py:642} INFO - Processing file /home/data-eginner/Documents/Soccer_Data/env/lib/python3.8/site-packages/airflow/example_dags/tutorial_taskflow_api_etl.py for tasks to queue
[2022-01-28 22:15:11,223] {logging_mixin.py:109} INFO - [2022-01-28 22:15:11,223] {dagbag.py:500} INFO - Filling up the DagBag from /home/data-eginner/Documents/Soccer_Data/env/lib/python3.8/site-packages/airflow/example_dags/tutorial_taskflow_api_etl.py
[2022-01-28 22:15:11,372] {processor.py:654} INFO - DAG(s) dict_keys(['tutorial_taskflow_api_etl']) retrieved from /home/data-eginner/Documents/Soccer_Data/env/lib/python3.8/site-packages/airflow/example_dags/tutorial_taskflow_api_etl.py
[2022-01-28 22:15:12,760] {logging_mixin.py:109} INFO - [2022-01-28 22:15:12,760] {dag.py:2396} INFO - Sync 1 DAGs
[2022-01-28 22:15:12,804] {logging_mixin.py:109} INFO - [2022-01-28 22:15:12,804] {dag.py:2935} INFO - Setting next_dagrun for tutorial_taskflow_api_etl to None
[2022-01-28 22:15:12,920] {processor.py:171} INFO - Processing /home/data-eginner/Documents/Soccer_Data/env/lib/python3.8/site-packages/airflow/example_dags/tutorial_taskflow_api_etl.py took 1.727 seconds
[2022-01-28 22:15:58,244] {processor.py:163} INFO - Started process (PID=29352) to work on /home/data-eginner/Documents/Soccer_Data/env/lib/python3.8/site-packages/airflow/example_dags/tutorial_taskflow_api_etl.py
[2022-01-28 22:15:58,254] {processor.py:642} INFO - Processing file /home/data-eginner/Documents/Soccer_Data/env/lib/python3.8/site-packages/airflow/example_dags/tutorial_taskflow_api_etl.py for tasks to queue
[2022-01-28 22:15:58,255] {logging_mixin.py:109} INFO - [2022-01-28 22:15:58,255] {dagbag.py:500} INFO - Filling up the DagBag from /home/data-eginner/Documents/Soccer_Data/env/lib/python3.8/site-packages/airflow/example_dags/tutorial_taskflow_api_etl.py
[2022-01-28 22:15:58,332] {processor.py:654} INFO - DAG(s) dict_keys(['tutorial_taskflow_api_etl']) retrieved from /home/data-eginner/Documents/Soccer_Data/env/lib/python3.8/site-packages/airflow/example_dags/tutorial_taskflow_api_etl.py
[2022-01-28 22:15:58,915] {logging_mixin.py:109} INFO - [2022-01-28 22:15:58,915] {dag.py:2396} INFO - Sync 1 DAGs
[2022-01-28 22:15:58,947] {logging_mixin.py:109} INFO - [2022-01-28 22:15:58,947] {dag.py:2935} INFO - Setting next_dagrun for tutorial_taskflow_api_etl to None
[2022-01-28 22:15:58,984] {processor.py:171} INFO - Processing /home/data-eginner/Documents/Soccer_Data/env/lib/python3.8/site-packages/airflow/example_dags/tutorial_taskflow_api_etl.py took 0.754 seconds
[2022-01-28 22:16:36,249] {processor.py:163} INFO - Started process (PID=29498) to work on /home/data-eginner/Documents/Soccer_Data/env/lib/python3.8/site-packages/airflow/example_dags/tutorial_taskflow_api_etl.py
[2022-01-28 22:16:36,258] {processor.py:642} INFO - Processing file /home/data-eginner/Documents/Soccer_Data/env/lib/python3.8/site-packages/airflow/example_dags/tutorial_taskflow_api_etl.py for tasks to queue
[2022-01-28 22:16:36,259] {logging_mixin.py:109} INFO - [2022-01-28 22:16:36,259] {dagbag.py:500} INFO - Filling up the DagBag from /home/data-eginner/Documents/Soccer_Data/env/lib/python3.8/site-packages/airflow/example_dags/tutorial_taskflow_api_etl.py
[2022-01-28 22:16:36,324] {processor.py:654} INFO - DAG(s) dict_keys(['tutorial_taskflow_api_etl']) retrieved from /home/data-eginner/Documents/Soccer_Data/env/lib/python3.8/site-packages/airflow/example_dags/tutorial_taskflow_api_etl.py
[2022-01-28 22:16:36,789] {logging_mixin.py:109} INFO - [2022-01-28 22:16:36,789] {dag.py:2396} INFO - Sync 1 DAGs
[2022-01-28 22:16:36,831] {logging_mixin.py:109} INFO - [2022-01-28 22:16:36,831] {dag.py:2935} INFO - Setting next_dagrun for tutorial_taskflow_api_etl to None
[2022-01-28 22:16:36,874] {processor.py:171} INFO - Processing /home/data-eginner/Documents/Soccer_Data/env/lib/python3.8/site-packages/airflow/example_dags/tutorial_taskflow_api_etl.py took 0.628 seconds
[2022-01-28 22:17:41,409] {processor.py:163} INFO - Started process (PID=29740) to work on /home/data-eginner/Documents/Soccer_Data/env/lib/python3.8/site-packages/airflow/example_dags/tutorial_taskflow_api_etl.py
[2022-01-28 22:17:41,423] {processor.py:642} INFO - Processing file /home/data-eginner/Documents/Soccer_Data/env/lib/python3.8/site-packages/airflow/example_dags/tutorial_taskflow_api_etl.py for tasks to queue
[2022-01-28 22:17:41,423] {logging_mixin.py:109} INFO - [2022-01-28 22:17:41,423] {dagbag.py:500} INFO - Filling up the DagBag from /home/data-eginner/Documents/Soccer_Data/env/lib/python3.8/site-packages/airflow/example_dags/tutorial_taskflow_api_etl.py
[2022-01-28 22:17:41,511] {processor.py:654} INFO - DAG(s) dict_keys(['tutorial_taskflow_api_etl']) retrieved from /home/data-eginner/Documents/Soccer_Data/env/lib/python3.8/site-packages/airflow/example_dags/tutorial_taskflow_api_etl.py
[2022-01-28 22:17:41,828] {logging_mixin.py:109} INFO - [2022-01-28 22:17:41,828] {dag.py:2396} INFO - Sync 1 DAGs
[2022-01-28 22:17:41,837] {logging_mixin.py:109} INFO - [2022-01-28 22:17:41,837] {dag.py:2935} INFO - Setting next_dagrun for tutorial_taskflow_api_etl to None
[2022-01-28 22:17:41,866] {processor.py:171} INFO - Processing /home/data-eginner/Documents/Soccer_Data/env/lib/python3.8/site-packages/airflow/example_dags/tutorial_taskflow_api_etl.py took 0.487 seconds
[2022-01-28 22:18:16,121] {processor.py:163} INFO - Started process (PID=29888) to work on /home/data-eginner/Documents/Soccer_Data/env/lib/python3.8/site-packages/airflow/example_dags/tutorial_taskflow_api_etl.py
[2022-01-28 22:18:16,125] {processor.py:642} INFO - Processing file /home/data-eginner/Documents/Soccer_Data/env/lib/python3.8/site-packages/airflow/example_dags/tutorial_taskflow_api_etl.py for tasks to queue
[2022-01-28 22:18:16,125] {logging_mixin.py:109} INFO - [2022-01-28 22:18:16,125] {dagbag.py:500} INFO - Filling up the DagBag from /home/data-eginner/Documents/Soccer_Data/env/lib/python3.8/site-packages/airflow/example_dags/tutorial_taskflow_api_etl.py
[2022-01-28 22:18:16,151] {processor.py:654} INFO - DAG(s) dict_keys(['tutorial_taskflow_api_etl']) retrieved from /home/data-eginner/Documents/Soccer_Data/env/lib/python3.8/site-packages/airflow/example_dags/tutorial_taskflow_api_etl.py
[2022-01-28 22:18:16,500] {logging_mixin.py:109} INFO - [2022-01-28 22:18:16,500] {dag.py:2396} INFO - Sync 1 DAGs
[2022-01-28 22:18:16,513] {logging_mixin.py:109} INFO - [2022-01-28 22:18:16,513] {dag.py:2935} INFO - Setting next_dagrun for tutorial_taskflow_api_etl to None
[2022-01-28 22:18:16,558] {processor.py:171} INFO - Processing /home/data-eginner/Documents/Soccer_Data/env/lib/python3.8/site-packages/airflow/example_dags/tutorial_taskflow_api_etl.py took 0.439 seconds
[2022-01-28 22:18:53,314] {processor.py:163} INFO - Started process (PID=30032) to work on /home/data-eginner/Documents/Soccer_Data/env/lib/python3.8/site-packages/airflow/example_dags/tutorial_taskflow_api_etl.py
[2022-01-28 22:18:53,320] {processor.py:642} INFO - Processing file /home/data-eginner/Documents/Soccer_Data/env/lib/python3.8/site-packages/airflow/example_dags/tutorial_taskflow_api_etl.py for tasks to queue
[2022-01-28 22:18:53,320] {logging_mixin.py:109} INFO - [2022-01-28 22:18:53,320] {dagbag.py:500} INFO - Filling up the DagBag from /home/data-eginner/Documents/Soccer_Data/env/lib/python3.8/site-packages/airflow/example_dags/tutorial_taskflow_api_etl.py
[2022-01-28 22:18:53,371] {processor.py:654} INFO - DAG(s) dict_keys(['tutorial_taskflow_api_etl']) retrieved from /home/data-eginner/Documents/Soccer_Data/env/lib/python3.8/site-packages/airflow/example_dags/tutorial_taskflow_api_etl.py
[2022-01-28 22:18:53,892] {logging_mixin.py:109} INFO - [2022-01-28 22:18:53,891] {dag.py:2396} INFO - Sync 1 DAGs
[2022-01-28 22:18:53,911] {logging_mixin.py:109} INFO - [2022-01-28 22:18:53,909] {dag.py:2935} INFO - Setting next_dagrun for tutorial_taskflow_api_etl to None
[2022-01-28 22:18:53,936] {processor.py:171} INFO - Processing /home/data-eginner/Documents/Soccer_Data/env/lib/python3.8/site-packages/airflow/example_dags/tutorial_taskflow_api_etl.py took 0.625 seconds
[2022-01-28 22:19:34,929] {processor.py:163} INFO - Started process (PID=30206) to work on /home/data-eginner/Documents/Soccer_Data/env/lib/python3.8/site-packages/airflow/example_dags/tutorial_taskflow_api_etl.py
[2022-01-28 22:19:34,931] {processor.py:642} INFO - Processing file /home/data-eginner/Documents/Soccer_Data/env/lib/python3.8/site-packages/airflow/example_dags/tutorial_taskflow_api_etl.py for tasks to queue
[2022-01-28 22:19:34,932] {logging_mixin.py:109} INFO - [2022-01-28 22:19:34,932] {dagbag.py:500} INFO - Filling up the DagBag from /home/data-eginner/Documents/Soccer_Data/env/lib/python3.8/site-packages/airflow/example_dags/tutorial_taskflow_api_etl.py
[2022-01-28 22:19:34,978] {processor.py:654} INFO - DAG(s) dict_keys(['tutorial_taskflow_api_etl']) retrieved from /home/data-eginner/Documents/Soccer_Data/env/lib/python3.8/site-packages/airflow/example_dags/tutorial_taskflow_api_etl.py
[2022-01-28 22:19:35,280] {logging_mixin.py:109} INFO - [2022-01-28 22:19:35,280] {dag.py:2396} INFO - Sync 1 DAGs
[2022-01-28 22:19:35,290] {logging_mixin.py:109} INFO - [2022-01-28 22:19:35,290] {dag.py:2935} INFO - Setting next_dagrun for tutorial_taskflow_api_etl to None
[2022-01-28 22:19:35,322] {processor.py:171} INFO - Processing /home/data-eginner/Documents/Soccer_Data/env/lib/python3.8/site-packages/airflow/example_dags/tutorial_taskflow_api_etl.py took 0.396 seconds
[2022-01-28 22:20:13,460] {processor.py:163} INFO - Started process (PID=30349) to work on /home/data-eginner/Documents/Soccer_Data/env/lib/python3.8/site-packages/airflow/example_dags/tutorial_taskflow_api_etl.py
[2022-01-28 22:20:13,462] {processor.py:642} INFO - Processing file /home/data-eginner/Documents/Soccer_Data/env/lib/python3.8/site-packages/airflow/example_dags/tutorial_taskflow_api_etl.py for tasks to queue
[2022-01-28 22:20:13,463] {logging_mixin.py:109} INFO - [2022-01-28 22:20:13,463] {dagbag.py:500} INFO - Filling up the DagBag from /home/data-eginner/Documents/Soccer_Data/env/lib/python3.8/site-packages/airflow/example_dags/tutorial_taskflow_api_etl.py
[2022-01-28 22:20:13,510] {processor.py:654} INFO - DAG(s) dict_keys(['tutorial_taskflow_api_etl']) retrieved from /home/data-eginner/Documents/Soccer_Data/env/lib/python3.8/site-packages/airflow/example_dags/tutorial_taskflow_api_etl.py
[2022-01-28 22:20:13,850] {logging_mixin.py:109} INFO - [2022-01-28 22:20:13,850] {dag.py:2396} INFO - Sync 1 DAGs
[2022-01-28 22:20:13,860] {logging_mixin.py:109} INFO - [2022-01-28 22:20:13,860] {dag.py:2935} INFO - Setting next_dagrun for tutorial_taskflow_api_etl to None
[2022-01-28 22:20:13,988] {processor.py:171} INFO - Processing /home/data-eginner/Documents/Soccer_Data/env/lib/python3.8/site-packages/airflow/example_dags/tutorial_taskflow_api_etl.py took 0.534 seconds
[2022-01-28 22:20:54,061] {processor.py:163} INFO - Started process (PID=30525) to work on /home/data-eginner/Documents/Soccer_Data/env/lib/python3.8/site-packages/airflow/example_dags/tutorial_taskflow_api_etl.py
[2022-01-28 22:20:54,118] {processor.py:642} INFO - Processing file /home/data-eginner/Documents/Soccer_Data/env/lib/python3.8/site-packages/airflow/example_dags/tutorial_taskflow_api_etl.py for tasks to queue
[2022-01-28 22:20:54,121] {logging_mixin.py:109} INFO - [2022-01-28 22:20:54,121] {dagbag.py:500} INFO - Filling up the DagBag from /home/data-eginner/Documents/Soccer_Data/env/lib/python3.8/site-packages/airflow/example_dags/tutorial_taskflow_api_etl.py
[2022-01-28 22:20:54,153] {processor.py:654} INFO - DAG(s) dict_keys(['tutorial_taskflow_api_etl']) retrieved from /home/data-eginner/Documents/Soccer_Data/env/lib/python3.8/site-packages/airflow/example_dags/tutorial_taskflow_api_etl.py
[2022-01-28 22:20:54,329] {logging_mixin.py:109} INFO - [2022-01-28 22:20:54,329] {dag.py:2396} INFO - Sync 1 DAGs
[2022-01-28 22:20:54,339] {logging_mixin.py:109} INFO - [2022-01-28 22:20:54,339] {dag.py:2935} INFO - Setting next_dagrun for tutorial_taskflow_api_etl to None
[2022-01-28 22:20:54,356] {processor.py:171} INFO - Processing /home/data-eginner/Documents/Soccer_Data/env/lib/python3.8/site-packages/airflow/example_dags/tutorial_taskflow_api_etl.py took 0.298 seconds
[2022-01-28 22:21:31,702] {processor.py:163} INFO - Started process (PID=30683) to work on /home/data-eginner/Documents/Soccer_Data/env/lib/python3.8/site-packages/airflow/example_dags/tutorial_taskflow_api_etl.py
[2022-01-28 22:21:31,708] {processor.py:642} INFO - Processing file /home/data-eginner/Documents/Soccer_Data/env/lib/python3.8/site-packages/airflow/example_dags/tutorial_taskflow_api_etl.py for tasks to queue
[2022-01-28 22:21:31,710] {logging_mixin.py:109} INFO - [2022-01-28 22:21:31,710] {dagbag.py:500} INFO - Filling up the DagBag from /home/data-eginner/Documents/Soccer_Data/env/lib/python3.8/site-packages/airflow/example_dags/tutorial_taskflow_api_etl.py
[2022-01-28 22:21:31,736] {processor.py:654} INFO - DAG(s) dict_keys(['tutorial_taskflow_api_etl']) retrieved from /home/data-eginner/Documents/Soccer_Data/env/lib/python3.8/site-packages/airflow/example_dags/tutorial_taskflow_api_etl.py
[2022-01-28 22:21:31,919] {logging_mixin.py:109} INFO - [2022-01-28 22:21:31,919] {dag.py:2396} INFO - Sync 1 DAGs
[2022-01-28 22:21:31,928] {logging_mixin.py:109} INFO - [2022-01-28 22:21:31,928] {dag.py:2935} INFO - Setting next_dagrun for tutorial_taskflow_api_etl to None
[2022-01-28 22:21:31,950] {processor.py:171} INFO - Processing /home/data-eginner/Documents/Soccer_Data/env/lib/python3.8/site-packages/airflow/example_dags/tutorial_taskflow_api_etl.py took 0.255 seconds
[2022-01-28 22:22:04,691] {processor.py:163} INFO - Started process (PID=30831) to work on /home/data-eginner/Documents/Soccer_Data/env/lib/python3.8/site-packages/airflow/example_dags/tutorial_taskflow_api_etl.py
[2022-01-28 22:22:04,695] {processor.py:642} INFO - Processing file /home/data-eginner/Documents/Soccer_Data/env/lib/python3.8/site-packages/airflow/example_dags/tutorial_taskflow_api_etl.py for tasks to queue
[2022-01-28 22:22:04,696] {logging_mixin.py:109} INFO - [2022-01-28 22:22:04,695] {dagbag.py:500} INFO - Filling up the DagBag from /home/data-eginner/Documents/Soccer_Data/env/lib/python3.8/site-packages/airflow/example_dags/tutorial_taskflow_api_etl.py
[2022-01-28 22:22:04,726] {processor.py:654} INFO - DAG(s) dict_keys(['tutorial_taskflow_api_etl']) retrieved from /home/data-eginner/Documents/Soccer_Data/env/lib/python3.8/site-packages/airflow/example_dags/tutorial_taskflow_api_etl.py
[2022-01-28 22:22:04,911] {logging_mixin.py:109} INFO - [2022-01-28 22:22:04,911] {dag.py:2396} INFO - Sync 1 DAGs
[2022-01-28 22:22:04,920] {logging_mixin.py:109} INFO - [2022-01-28 22:22:04,920] {dag.py:2935} INFO - Setting next_dagrun for tutorial_taskflow_api_etl to None
[2022-01-28 22:22:04,938] {processor.py:171} INFO - Processing /home/data-eginner/Documents/Soccer_Data/env/lib/python3.8/site-packages/airflow/example_dags/tutorial_taskflow_api_etl.py took 0.253 seconds
