[2022-01-28 21:00:14,835] {processor.py:163} INFO - Started process (PID=18981) to work on /home/data-eginner/Documents/Soccer_Data/env/lib/python3.8/site-packages/airflow/example_dags/tutorial_etl_dag.py
[2022-01-28 21:00:14,836] {processor.py:642} INFO - Processing file /home/data-eginner/Documents/Soccer_Data/env/lib/python3.8/site-packages/airflow/example_dags/tutorial_etl_dag.py for tasks to queue
[2022-01-28 21:00:14,836] {logging_mixin.py:109} INFO - [2022-01-28 21:00:14,836] {dagbag.py:500} INFO - Filling up the DagBag from /home/data-eginner/Documents/Soccer_Data/env/lib/python3.8/site-packages/airflow/example_dags/tutorial_etl_dag.py
[2022-01-28 21:00:14,904] {processor.py:654} INFO - DAG(s) dict_keys(['tutorial_etl_dag']) retrieved from /home/data-eginner/Documents/Soccer_Data/env/lib/python3.8/site-packages/airflow/example_dags/tutorial_etl_dag.py
[2022-01-28 21:00:14,912] {logging_mixin.py:109} INFO - [2022-01-28 21:00:14,911] {dag.py:2396} INFO - Sync 1 DAGs
[2022-01-28 21:00:14,951] {logging_mixin.py:109} INFO - [2022-01-28 21:00:14,950] {dag.py:2935} INFO - Setting next_dagrun for tutorial_etl_dag to None
[2022-01-28 21:00:14,979] {processor.py:171} INFO - Processing /home/data-eginner/Documents/Soccer_Data/env/lib/python3.8/site-packages/airflow/example_dags/tutorial_etl_dag.py took 0.147 seconds
[2022-01-28 21:08:06,471] {processor.py:163} INFO - Started process (PID=19716) to work on /home/data-eginner/Documents/Soccer_Data/env/lib/python3.8/site-packages/airflow/example_dags/tutorial_etl_dag.py
[2022-01-28 21:08:06,478] {processor.py:642} INFO - Processing file /home/data-eginner/Documents/Soccer_Data/env/lib/python3.8/site-packages/airflow/example_dags/tutorial_etl_dag.py for tasks to queue
[2022-01-28 21:08:06,479] {logging_mixin.py:109} INFO - [2022-01-28 21:08:06,479] {dagbag.py:500} INFO - Filling up the DagBag from /home/data-eginner/Documents/Soccer_Data/env/lib/python3.8/site-packages/airflow/example_dags/tutorial_etl_dag.py
[2022-01-28 21:08:06,528] {processor.py:654} INFO - DAG(s) dict_keys(['tutorial_etl_dag']) retrieved from /home/data-eginner/Documents/Soccer_Data/env/lib/python3.8/site-packages/airflow/example_dags/tutorial_etl_dag.py
[2022-01-28 21:08:06,563] {logging_mixin.py:109} INFO - [2022-01-28 21:08:06,563] {dag.py:2396} INFO - Sync 1 DAGs
[2022-01-28 21:08:06,598] {logging_mixin.py:109} INFO - [2022-01-28 21:08:06,598] {dag.py:2935} INFO - Setting next_dagrun for tutorial_etl_dag to None
[2022-01-28 21:08:06,623] {processor.py:171} INFO - Processing /home/data-eginner/Documents/Soccer_Data/env/lib/python3.8/site-packages/airflow/example_dags/tutorial_etl_dag.py took 0.154 seconds
[2022-01-28 21:08:52,478] {processor.py:163} INFO - Started process (PID=19886) to work on /home/data-eginner/Documents/Soccer_Data/env/lib/python3.8/site-packages/airflow/example_dags/tutorial_etl_dag.py
[2022-01-28 21:08:52,488] {processor.py:642} INFO - Processing file /home/data-eginner/Documents/Soccer_Data/env/lib/python3.8/site-packages/airflow/example_dags/tutorial_etl_dag.py for tasks to queue
[2022-01-28 21:08:52,489] {logging_mixin.py:109} INFO - [2022-01-28 21:08:52,489] {dagbag.py:500} INFO - Filling up the DagBag from /home/data-eginner/Documents/Soccer_Data/env/lib/python3.8/site-packages/airflow/example_dags/tutorial_etl_dag.py
[2022-01-28 21:08:52,568] {processor.py:654} INFO - DAG(s) dict_keys(['tutorial_etl_dag']) retrieved from /home/data-eginner/Documents/Soccer_Data/env/lib/python3.8/site-packages/airflow/example_dags/tutorial_etl_dag.py
[2022-01-28 21:08:52,606] {logging_mixin.py:109} INFO - [2022-01-28 21:08:52,606] {dag.py:2396} INFO - Sync 1 DAGs
[2022-01-28 21:08:52,648] {logging_mixin.py:109} INFO - [2022-01-28 21:08:52,647] {dag.py:2935} INFO - Setting next_dagrun for tutorial_etl_dag to None
[2022-01-28 21:08:52,674] {processor.py:171} INFO - Processing /home/data-eginner/Documents/Soccer_Data/env/lib/python3.8/site-packages/airflow/example_dags/tutorial_etl_dag.py took 0.204 seconds
[2022-01-28 21:09:42,332] {processor.py:163} INFO - Started process (PID=20067) to work on /home/data-eginner/Documents/Soccer_Data/env/lib/python3.8/site-packages/airflow/example_dags/tutorial_etl_dag.py
[2022-01-28 21:09:42,355] {processor.py:642} INFO - Processing file /home/data-eginner/Documents/Soccer_Data/env/lib/python3.8/site-packages/airflow/example_dags/tutorial_etl_dag.py for tasks to queue
[2022-01-28 21:09:42,355] {logging_mixin.py:109} INFO - [2022-01-28 21:09:42,355] {dagbag.py:500} INFO - Filling up the DagBag from /home/data-eginner/Documents/Soccer_Data/env/lib/python3.8/site-packages/airflow/example_dags/tutorial_etl_dag.py
[2022-01-28 21:09:42,396] {processor.py:654} INFO - DAG(s) dict_keys(['tutorial_etl_dag']) retrieved from /home/data-eginner/Documents/Soccer_Data/env/lib/python3.8/site-packages/airflow/example_dags/tutorial_etl_dag.py
[2022-01-28 21:09:42,440] {logging_mixin.py:109} INFO - [2022-01-28 21:09:42,439] {dag.py:2396} INFO - Sync 1 DAGs
[2022-01-28 21:09:42,501] {logging_mixin.py:109} INFO - [2022-01-28 21:09:42,501] {dag.py:2935} INFO - Setting next_dagrun for tutorial_etl_dag to None
[2022-01-28 21:09:42,541] {processor.py:171} INFO - Processing /home/data-eginner/Documents/Soccer_Data/env/lib/python3.8/site-packages/airflow/example_dags/tutorial_etl_dag.py took 0.211 seconds
[2022-01-28 21:10:22,862] {processor.py:163} INFO - Started process (PID=20216) to work on /home/data-eginner/Documents/Soccer_Data/env/lib/python3.8/site-packages/airflow/example_dags/tutorial_etl_dag.py
[2022-01-28 21:10:22,881] {processor.py:642} INFO - Processing file /home/data-eginner/Documents/Soccer_Data/env/lib/python3.8/site-packages/airflow/example_dags/tutorial_etl_dag.py for tasks to queue
[2022-01-28 21:10:22,882] {logging_mixin.py:109} INFO - [2022-01-28 21:10:22,882] {dagbag.py:500} INFO - Filling up the DagBag from /home/data-eginner/Documents/Soccer_Data/env/lib/python3.8/site-packages/airflow/example_dags/tutorial_etl_dag.py
[2022-01-28 21:10:22,908] {processor.py:654} INFO - DAG(s) dict_keys(['tutorial_etl_dag']) retrieved from /home/data-eginner/Documents/Soccer_Data/env/lib/python3.8/site-packages/airflow/example_dags/tutorial_etl_dag.py
[2022-01-28 21:10:22,920] {logging_mixin.py:109} INFO - [2022-01-28 21:10:22,920] {dag.py:2396} INFO - Sync 1 DAGs
[2022-01-28 21:10:22,937] {logging_mixin.py:109} INFO - [2022-01-28 21:10:22,937] {dag.py:2935} INFO - Setting next_dagrun for tutorial_etl_dag to None
[2022-01-28 21:10:22,966] {processor.py:171} INFO - Processing /home/data-eginner/Documents/Soccer_Data/env/lib/python3.8/site-packages/airflow/example_dags/tutorial_etl_dag.py took 0.110 seconds
[2022-01-28 21:11:06,411] {processor.py:163} INFO - Started process (PID=20394) to work on /home/data-eginner/Documents/Soccer_Data/env/lib/python3.8/site-packages/airflow/example_dags/tutorial_etl_dag.py
[2022-01-28 21:11:06,418] {processor.py:642} INFO - Processing file /home/data-eginner/Documents/Soccer_Data/env/lib/python3.8/site-packages/airflow/example_dags/tutorial_etl_dag.py for tasks to queue
[2022-01-28 21:11:06,418] {logging_mixin.py:109} INFO - [2022-01-28 21:11:06,418] {dagbag.py:500} INFO - Filling up the DagBag from /home/data-eginner/Documents/Soccer_Data/env/lib/python3.8/site-packages/airflow/example_dags/tutorial_etl_dag.py
[2022-01-28 21:11:06,437] {processor.py:654} INFO - DAG(s) dict_keys(['tutorial_etl_dag']) retrieved from /home/data-eginner/Documents/Soccer_Data/env/lib/python3.8/site-packages/airflow/example_dags/tutorial_etl_dag.py
[2022-01-28 21:11:06,462] {logging_mixin.py:109} INFO - [2022-01-28 21:11:06,462] {dag.py:2396} INFO - Sync 1 DAGs
[2022-01-28 21:11:06,479] {logging_mixin.py:109} INFO - [2022-01-28 21:11:06,479] {dag.py:2935} INFO - Setting next_dagrun for tutorial_etl_dag to None
[2022-01-28 21:11:06,512] {processor.py:171} INFO - Processing /home/data-eginner/Documents/Soccer_Data/env/lib/python3.8/site-packages/airflow/example_dags/tutorial_etl_dag.py took 0.104 seconds
[2022-01-28 21:11:46,294] {processor.py:163} INFO - Started process (PID=20546) to work on /home/data-eginner/Documents/Soccer_Data/env/lib/python3.8/site-packages/airflow/example_dags/tutorial_etl_dag.py
[2022-01-28 21:11:46,303] {processor.py:642} INFO - Processing file /home/data-eginner/Documents/Soccer_Data/env/lib/python3.8/site-packages/airflow/example_dags/tutorial_etl_dag.py for tasks to queue
[2022-01-28 21:11:46,304] {logging_mixin.py:109} INFO - [2022-01-28 21:11:46,304] {dagbag.py:500} INFO - Filling up the DagBag from /home/data-eginner/Documents/Soccer_Data/env/lib/python3.8/site-packages/airflow/example_dags/tutorial_etl_dag.py
[2022-01-28 21:11:46,326] {processor.py:654} INFO - DAG(s) dict_keys(['tutorial_etl_dag']) retrieved from /home/data-eginner/Documents/Soccer_Data/env/lib/python3.8/site-packages/airflow/example_dags/tutorial_etl_dag.py
[2022-01-28 21:11:46,342] {logging_mixin.py:109} INFO - [2022-01-28 21:11:46,342] {dag.py:2396} INFO - Sync 1 DAGs
[2022-01-28 21:11:46,356] {logging_mixin.py:109} INFO - [2022-01-28 21:11:46,356] {dag.py:2935} INFO - Setting next_dagrun for tutorial_etl_dag to None
[2022-01-28 21:11:46,378] {processor.py:171} INFO - Processing /home/data-eginner/Documents/Soccer_Data/env/lib/python3.8/site-packages/airflow/example_dags/tutorial_etl_dag.py took 0.086 seconds
[2022-01-28 21:12:23,827] {processor.py:163} INFO - Started process (PID=20695) to work on /home/data-eginner/Documents/Soccer_Data/env/lib/python3.8/site-packages/airflow/example_dags/tutorial_etl_dag.py
[2022-01-28 21:12:23,839] {processor.py:642} INFO - Processing file /home/data-eginner/Documents/Soccer_Data/env/lib/python3.8/site-packages/airflow/example_dags/tutorial_etl_dag.py for tasks to queue
[2022-01-28 21:12:23,840] {logging_mixin.py:109} INFO - [2022-01-28 21:12:23,840] {dagbag.py:500} INFO - Filling up the DagBag from /home/data-eginner/Documents/Soccer_Data/env/lib/python3.8/site-packages/airflow/example_dags/tutorial_etl_dag.py
[2022-01-28 21:12:23,862] {processor.py:654} INFO - DAG(s) dict_keys(['tutorial_etl_dag']) retrieved from /home/data-eginner/Documents/Soccer_Data/env/lib/python3.8/site-packages/airflow/example_dags/tutorial_etl_dag.py
[2022-01-28 21:12:23,880] {logging_mixin.py:109} INFO - [2022-01-28 21:12:23,880] {dag.py:2396} INFO - Sync 1 DAGs
[2022-01-28 21:12:23,891] {logging_mixin.py:109} INFO - [2022-01-28 21:12:23,891] {dag.py:2935} INFO - Setting next_dagrun for tutorial_etl_dag to None
[2022-01-28 21:12:23,911] {processor.py:171} INFO - Processing /home/data-eginner/Documents/Soccer_Data/env/lib/python3.8/site-packages/airflow/example_dags/tutorial_etl_dag.py took 0.087 seconds
[2022-01-28 21:13:05,401] {processor.py:163} INFO - Started process (PID=20855) to work on /home/data-eginner/Documents/Soccer_Data/env/lib/python3.8/site-packages/airflow/example_dags/tutorial_etl_dag.py
[2022-01-28 21:13:05,422] {processor.py:642} INFO - Processing file /home/data-eginner/Documents/Soccer_Data/env/lib/python3.8/site-packages/airflow/example_dags/tutorial_etl_dag.py for tasks to queue
[2022-01-28 21:13:05,422] {logging_mixin.py:109} INFO - [2022-01-28 21:13:05,422] {dagbag.py:500} INFO - Filling up the DagBag from /home/data-eginner/Documents/Soccer_Data/env/lib/python3.8/site-packages/airflow/example_dags/tutorial_etl_dag.py
[2022-01-28 21:13:05,464] {processor.py:654} INFO - DAG(s) dict_keys(['tutorial_etl_dag']) retrieved from /home/data-eginner/Documents/Soccer_Data/env/lib/python3.8/site-packages/airflow/example_dags/tutorial_etl_dag.py
[2022-01-28 21:13:05,494] {logging_mixin.py:109} INFO - [2022-01-28 21:13:05,493] {dag.py:2396} INFO - Sync 1 DAGs
[2022-01-28 21:13:05,516] {logging_mixin.py:109} INFO - [2022-01-28 21:13:05,516] {dag.py:2935} INFO - Setting next_dagrun for tutorial_etl_dag to None
[2022-01-28 21:13:05,585] {processor.py:171} INFO - Processing /home/data-eginner/Documents/Soccer_Data/env/lib/python3.8/site-packages/airflow/example_dags/tutorial_etl_dag.py took 0.187 seconds
[2022-01-28 21:13:49,024] {processor.py:163} INFO - Started process (PID=21008) to work on /home/data-eginner/Documents/Soccer_Data/env/lib/python3.8/site-packages/airflow/example_dags/tutorial_etl_dag.py
[2022-01-28 21:13:49,030] {processor.py:642} INFO - Processing file /home/data-eginner/Documents/Soccer_Data/env/lib/python3.8/site-packages/airflow/example_dags/tutorial_etl_dag.py for tasks to queue
[2022-01-28 21:13:49,030] {logging_mixin.py:109} INFO - [2022-01-28 21:13:49,030] {dagbag.py:500} INFO - Filling up the DagBag from /home/data-eginner/Documents/Soccer_Data/env/lib/python3.8/site-packages/airflow/example_dags/tutorial_etl_dag.py
[2022-01-28 21:13:49,119] {processor.py:654} INFO - DAG(s) dict_keys(['tutorial_etl_dag']) retrieved from /home/data-eginner/Documents/Soccer_Data/env/lib/python3.8/site-packages/airflow/example_dags/tutorial_etl_dag.py
[2022-01-28 21:13:49,142] {logging_mixin.py:109} INFO - [2022-01-28 21:13:49,142] {dag.py:2396} INFO - Sync 1 DAGs
[2022-01-28 21:13:49,160] {logging_mixin.py:109} INFO - [2022-01-28 21:13:49,160] {dag.py:2935} INFO - Setting next_dagrun for tutorial_etl_dag to None
[2022-01-28 21:13:49,210] {processor.py:171} INFO - Processing /home/data-eginner/Documents/Soccer_Data/env/lib/python3.8/site-packages/airflow/example_dags/tutorial_etl_dag.py took 0.217 seconds
[2022-01-28 21:14:38,199] {processor.py:163} INFO - Started process (PID=21191) to work on /home/data-eginner/Documents/Soccer_Data/env/lib/python3.8/site-packages/airflow/example_dags/tutorial_etl_dag.py
[2022-01-28 21:14:38,230] {processor.py:642} INFO - Processing file /home/data-eginner/Documents/Soccer_Data/env/lib/python3.8/site-packages/airflow/example_dags/tutorial_etl_dag.py for tasks to queue
[2022-01-28 21:14:38,231] {logging_mixin.py:109} INFO - [2022-01-28 21:14:38,231] {dagbag.py:500} INFO - Filling up the DagBag from /home/data-eginner/Documents/Soccer_Data/env/lib/python3.8/site-packages/airflow/example_dags/tutorial_etl_dag.py
[2022-01-28 21:14:38,316] {processor.py:654} INFO - DAG(s) dict_keys(['tutorial_etl_dag']) retrieved from /home/data-eginner/Documents/Soccer_Data/env/lib/python3.8/site-packages/airflow/example_dags/tutorial_etl_dag.py
[2022-01-28 21:14:38,365] {logging_mixin.py:109} INFO - [2022-01-28 21:14:38,365] {dag.py:2396} INFO - Sync 1 DAGs
[2022-01-28 21:14:38,390] {logging_mixin.py:109} INFO - [2022-01-28 21:14:38,390] {dag.py:2935} INFO - Setting next_dagrun for tutorial_etl_dag to None
[2022-01-28 21:14:38,424] {processor.py:171} INFO - Processing /home/data-eginner/Documents/Soccer_Data/env/lib/python3.8/site-packages/airflow/example_dags/tutorial_etl_dag.py took 0.228 seconds
[2022-01-28 21:15:31,451] {processor.py:163} INFO - Started process (PID=21362) to work on /home/data-eginner/Documents/Soccer_Data/env/lib/python3.8/site-packages/airflow/example_dags/tutorial_etl_dag.py
[2022-01-28 21:15:31,455] {processor.py:642} INFO - Processing file /home/data-eginner/Documents/Soccer_Data/env/lib/python3.8/site-packages/airflow/example_dags/tutorial_etl_dag.py for tasks to queue
[2022-01-28 21:15:31,455] {logging_mixin.py:109} INFO - [2022-01-28 21:15:31,455] {dagbag.py:500} INFO - Filling up the DagBag from /home/data-eginner/Documents/Soccer_Data/env/lib/python3.8/site-packages/airflow/example_dags/tutorial_etl_dag.py
[2022-01-28 21:15:31,506] {processor.py:654} INFO - DAG(s) dict_keys(['tutorial_etl_dag']) retrieved from /home/data-eginner/Documents/Soccer_Data/env/lib/python3.8/site-packages/airflow/example_dags/tutorial_etl_dag.py
[2022-01-28 21:15:31,536] {logging_mixin.py:109} INFO - [2022-01-28 21:15:31,536] {dag.py:2396} INFO - Sync 1 DAGs
[2022-01-28 21:15:31,559] {logging_mixin.py:109} INFO - [2022-01-28 21:15:31,559] {dag.py:2935} INFO - Setting next_dagrun for tutorial_etl_dag to None
[2022-01-28 21:15:31,601] {processor.py:171} INFO - Processing /home/data-eginner/Documents/Soccer_Data/env/lib/python3.8/site-packages/airflow/example_dags/tutorial_etl_dag.py took 0.164 seconds
[2022-01-28 21:16:24,157] {processor.py:163} INFO - Started process (PID=21534) to work on /home/data-eginner/Documents/Soccer_Data/env/lib/python3.8/site-packages/airflow/example_dags/tutorial_etl_dag.py
[2022-01-28 21:16:24,167] {processor.py:642} INFO - Processing file /home/data-eginner/Documents/Soccer_Data/env/lib/python3.8/site-packages/airflow/example_dags/tutorial_etl_dag.py for tasks to queue
[2022-01-28 21:16:24,168] {logging_mixin.py:109} INFO - [2022-01-28 21:16:24,168] {dagbag.py:500} INFO - Filling up the DagBag from /home/data-eginner/Documents/Soccer_Data/env/lib/python3.8/site-packages/airflow/example_dags/tutorial_etl_dag.py
[2022-01-28 21:16:24,226] {processor.py:654} INFO - DAG(s) dict_keys(['tutorial_etl_dag']) retrieved from /home/data-eginner/Documents/Soccer_Data/env/lib/python3.8/site-packages/airflow/example_dags/tutorial_etl_dag.py
[2022-01-28 21:16:24,259] {logging_mixin.py:109} INFO - [2022-01-28 21:16:24,259] {dag.py:2396} INFO - Sync 1 DAGs
[2022-01-28 21:16:24,372] {logging_mixin.py:109} INFO - [2022-01-28 21:16:24,372] {dag.py:2935} INFO - Setting next_dagrun for tutorial_etl_dag to None
[2022-01-28 21:16:24,423] {processor.py:171} INFO - Processing /home/data-eginner/Documents/Soccer_Data/env/lib/python3.8/site-packages/airflow/example_dags/tutorial_etl_dag.py took 0.269 seconds
[2022-01-28 21:17:12,884] {processor.py:163} INFO - Started process (PID=21678) to work on /home/data-eginner/Documents/Soccer_Data/env/lib/python3.8/site-packages/airflow/example_dags/tutorial_etl_dag.py
[2022-01-28 21:17:12,902] {processor.py:642} INFO - Processing file /home/data-eginner/Documents/Soccer_Data/env/lib/python3.8/site-packages/airflow/example_dags/tutorial_etl_dag.py for tasks to queue
[2022-01-28 21:17:12,903] {logging_mixin.py:109} INFO - [2022-01-28 21:17:12,903] {dagbag.py:500} INFO - Filling up the DagBag from /home/data-eginner/Documents/Soccer_Data/env/lib/python3.8/site-packages/airflow/example_dags/tutorial_etl_dag.py
[2022-01-28 21:17:12,977] {processor.py:654} INFO - DAG(s) dict_keys(['tutorial_etl_dag']) retrieved from /home/data-eginner/Documents/Soccer_Data/env/lib/python3.8/site-packages/airflow/example_dags/tutorial_etl_dag.py
[2022-01-28 21:17:13,004] {logging_mixin.py:109} INFO - [2022-01-28 21:17:13,003] {dag.py:2396} INFO - Sync 1 DAGs
[2022-01-28 21:17:13,035] {logging_mixin.py:109} INFO - [2022-01-28 21:17:13,035] {dag.py:2935} INFO - Setting next_dagrun for tutorial_etl_dag to None
[2022-01-28 21:17:13,083] {processor.py:171} INFO - Processing /home/data-eginner/Documents/Soccer_Data/env/lib/python3.8/site-packages/airflow/example_dags/tutorial_etl_dag.py took 0.202 seconds
[2022-01-28 21:18:03,365] {processor.py:163} INFO - Started process (PID=21836) to work on /home/data-eginner/Documents/Soccer_Data/env/lib/python3.8/site-packages/airflow/example_dags/tutorial_etl_dag.py
[2022-01-28 21:18:03,367] {processor.py:642} INFO - Processing file /home/data-eginner/Documents/Soccer_Data/env/lib/python3.8/site-packages/airflow/example_dags/tutorial_etl_dag.py for tasks to queue
[2022-01-28 21:18:03,367] {logging_mixin.py:109} INFO - [2022-01-28 21:18:03,367] {dagbag.py:500} INFO - Filling up the DagBag from /home/data-eginner/Documents/Soccer_Data/env/lib/python3.8/site-packages/airflow/example_dags/tutorial_etl_dag.py
[2022-01-28 21:18:03,432] {processor.py:654} INFO - DAG(s) dict_keys(['tutorial_etl_dag']) retrieved from /home/data-eginner/Documents/Soccer_Data/env/lib/python3.8/site-packages/airflow/example_dags/tutorial_etl_dag.py
[2022-01-28 21:18:03,480] {logging_mixin.py:109} INFO - [2022-01-28 21:18:03,480] {dag.py:2396} INFO - Sync 1 DAGs
[2022-01-28 21:18:03,551] {logging_mixin.py:109} INFO - [2022-01-28 21:18:03,551] {dag.py:2935} INFO - Setting next_dagrun for tutorial_etl_dag to None
[2022-01-28 21:18:03,630] {processor.py:171} INFO - Processing /home/data-eginner/Documents/Soccer_Data/env/lib/python3.8/site-packages/airflow/example_dags/tutorial_etl_dag.py took 0.300 seconds
[2022-01-28 21:18:56,300] {processor.py:163} INFO - Started process (PID=21997) to work on /home/data-eginner/Documents/Soccer_Data/env/lib/python3.8/site-packages/airflow/example_dags/tutorial_etl_dag.py
[2022-01-28 21:18:56,342] {processor.py:642} INFO - Processing file /home/data-eginner/Documents/Soccer_Data/env/lib/python3.8/site-packages/airflow/example_dags/tutorial_etl_dag.py for tasks to queue
[2022-01-28 21:18:56,343] {logging_mixin.py:109} INFO - [2022-01-28 21:18:56,343] {dagbag.py:500} INFO - Filling up the DagBag from /home/data-eginner/Documents/Soccer_Data/env/lib/python3.8/site-packages/airflow/example_dags/tutorial_etl_dag.py
[2022-01-28 21:18:56,464] {processor.py:654} INFO - DAG(s) dict_keys(['tutorial_etl_dag']) retrieved from /home/data-eginner/Documents/Soccer_Data/env/lib/python3.8/site-packages/airflow/example_dags/tutorial_etl_dag.py
[2022-01-28 21:18:56,504] {logging_mixin.py:109} INFO - [2022-01-28 21:18:56,504] {dag.py:2396} INFO - Sync 1 DAGs
[2022-01-28 21:18:56,563] {logging_mixin.py:109} INFO - [2022-01-28 21:18:56,563] {dag.py:2935} INFO - Setting next_dagrun for tutorial_etl_dag to None
[2022-01-28 21:18:56,599] {processor.py:171} INFO - Processing /home/data-eginner/Documents/Soccer_Data/env/lib/python3.8/site-packages/airflow/example_dags/tutorial_etl_dag.py took 0.304 seconds
[2022-01-28 21:19:49,345] {processor.py:163} INFO - Started process (PID=22173) to work on /home/data-eginner/Documents/Soccer_Data/env/lib/python3.8/site-packages/airflow/example_dags/tutorial_etl_dag.py
[2022-01-28 21:19:49,353] {processor.py:642} INFO - Processing file /home/data-eginner/Documents/Soccer_Data/env/lib/python3.8/site-packages/airflow/example_dags/tutorial_etl_dag.py for tasks to queue
[2022-01-28 21:19:49,353] {logging_mixin.py:109} INFO - [2022-01-28 21:19:49,353] {dagbag.py:500} INFO - Filling up the DagBag from /home/data-eginner/Documents/Soccer_Data/env/lib/python3.8/site-packages/airflow/example_dags/tutorial_etl_dag.py
[2022-01-28 21:19:49,434] {processor.py:654} INFO - DAG(s) dict_keys(['tutorial_etl_dag']) retrieved from /home/data-eginner/Documents/Soccer_Data/env/lib/python3.8/site-packages/airflow/example_dags/tutorial_etl_dag.py
[2022-01-28 21:19:49,499] {logging_mixin.py:109} INFO - [2022-01-28 21:19:49,499] {dag.py:2396} INFO - Sync 1 DAGs
[2022-01-28 21:19:49,518] {logging_mixin.py:109} INFO - [2022-01-28 21:19:49,518] {dag.py:2935} INFO - Setting next_dagrun for tutorial_etl_dag to None
[2022-01-28 21:19:49,596] {processor.py:171} INFO - Processing /home/data-eginner/Documents/Soccer_Data/env/lib/python3.8/site-packages/airflow/example_dags/tutorial_etl_dag.py took 0.266 seconds
[2022-01-28 21:20:33,320] {processor.py:163} INFO - Started process (PID=22326) to work on /home/data-eginner/Documents/Soccer_Data/env/lib/python3.8/site-packages/airflow/example_dags/tutorial_etl_dag.py
[2022-01-28 21:20:33,330] {processor.py:642} INFO - Processing file /home/data-eginner/Documents/Soccer_Data/env/lib/python3.8/site-packages/airflow/example_dags/tutorial_etl_dag.py for tasks to queue
[2022-01-28 21:20:33,330] {logging_mixin.py:109} INFO - [2022-01-28 21:20:33,330] {dagbag.py:500} INFO - Filling up the DagBag from /home/data-eginner/Documents/Soccer_Data/env/lib/python3.8/site-packages/airflow/example_dags/tutorial_etl_dag.py
[2022-01-28 21:20:33,416] {processor.py:654} INFO - DAG(s) dict_keys(['tutorial_etl_dag']) retrieved from /home/data-eginner/Documents/Soccer_Data/env/lib/python3.8/site-packages/airflow/example_dags/tutorial_etl_dag.py
[2022-01-28 21:20:33,448] {logging_mixin.py:109} INFO - [2022-01-28 21:20:33,448] {dag.py:2396} INFO - Sync 1 DAGs
[2022-01-28 21:20:33,484] {logging_mixin.py:109} INFO - [2022-01-28 21:20:33,484] {dag.py:2935} INFO - Setting next_dagrun for tutorial_etl_dag to None
[2022-01-28 21:20:33,520] {processor.py:171} INFO - Processing /home/data-eginner/Documents/Soccer_Data/env/lib/python3.8/site-packages/airflow/example_dags/tutorial_etl_dag.py took 0.208 seconds
[2022-01-28 21:21:15,417] {processor.py:163} INFO - Started process (PID=22466) to work on /home/data-eginner/Documents/Soccer_Data/env/lib/python3.8/site-packages/airflow/example_dags/tutorial_etl_dag.py
[2022-01-28 21:21:15,419] {processor.py:642} INFO - Processing file /home/data-eginner/Documents/Soccer_Data/env/lib/python3.8/site-packages/airflow/example_dags/tutorial_etl_dag.py for tasks to queue
[2022-01-28 21:21:15,420] {logging_mixin.py:109} INFO - [2022-01-28 21:21:15,420] {dagbag.py:500} INFO - Filling up the DagBag from /home/data-eginner/Documents/Soccer_Data/env/lib/python3.8/site-packages/airflow/example_dags/tutorial_etl_dag.py
[2022-01-28 21:21:15,449] {processor.py:654} INFO - DAG(s) dict_keys(['tutorial_etl_dag']) retrieved from /home/data-eginner/Documents/Soccer_Data/env/lib/python3.8/site-packages/airflow/example_dags/tutorial_etl_dag.py
[2022-01-28 21:21:15,458] {logging_mixin.py:109} INFO - [2022-01-28 21:21:15,458] {dag.py:2396} INFO - Sync 1 DAGs
[2022-01-28 21:21:15,481] {logging_mixin.py:109} INFO - [2022-01-28 21:21:15,481] {dag.py:2935} INFO - Setting next_dagrun for tutorial_etl_dag to None
[2022-01-28 21:21:15,506] {processor.py:171} INFO - Processing /home/data-eginner/Documents/Soccer_Data/env/lib/python3.8/site-packages/airflow/example_dags/tutorial_etl_dag.py took 0.093 seconds
[2022-01-28 21:21:56,045] {processor.py:163} INFO - Started process (PID=22620) to work on /home/data-eginner/Documents/Soccer_Data/env/lib/python3.8/site-packages/airflow/example_dags/tutorial_etl_dag.py
[2022-01-28 21:21:56,120] {processor.py:642} INFO - Processing file /home/data-eginner/Documents/Soccer_Data/env/lib/python3.8/site-packages/airflow/example_dags/tutorial_etl_dag.py for tasks to queue
[2022-01-28 21:21:56,121] {logging_mixin.py:109} INFO - [2022-01-28 21:21:56,121] {dagbag.py:500} INFO - Filling up the DagBag from /home/data-eginner/Documents/Soccer_Data/env/lib/python3.8/site-packages/airflow/example_dags/tutorial_etl_dag.py
[2022-01-28 21:21:56,242] {processor.py:654} INFO - DAG(s) dict_keys(['tutorial_etl_dag']) retrieved from /home/data-eginner/Documents/Soccer_Data/env/lib/python3.8/site-packages/airflow/example_dags/tutorial_etl_dag.py
[2022-01-28 21:21:56,313] {logging_mixin.py:109} INFO - [2022-01-28 21:21:56,313] {dag.py:2396} INFO - Sync 1 DAGs
[2022-01-28 21:21:56,392] {logging_mixin.py:109} INFO - [2022-01-28 21:21:56,392] {dag.py:2935} INFO - Setting next_dagrun for tutorial_etl_dag to None
[2022-01-28 21:21:56,437] {processor.py:171} INFO - Processing /home/data-eginner/Documents/Soccer_Data/env/lib/python3.8/site-packages/airflow/example_dags/tutorial_etl_dag.py took 0.436 seconds
[2022-01-28 21:26:13,002] {processor.py:163} INFO - Started process (PID=22867) to work on /home/data-eginner/Documents/Soccer_Data/env/lib/python3.8/site-packages/airflow/example_dags/tutorial_etl_dag.py
[2022-01-28 21:26:13,017] {processor.py:642} INFO - Processing file /home/data-eginner/Documents/Soccer_Data/env/lib/python3.8/site-packages/airflow/example_dags/tutorial_etl_dag.py for tasks to queue
[2022-01-28 21:26:13,018] {logging_mixin.py:109} INFO - [2022-01-28 21:26:13,018] {dagbag.py:500} INFO - Filling up the DagBag from /home/data-eginner/Documents/Soccer_Data/env/lib/python3.8/site-packages/airflow/example_dags/tutorial_etl_dag.py
[2022-01-28 21:26:13,074] {processor.py:654} INFO - DAG(s) dict_keys(['tutorial_etl_dag']) retrieved from /home/data-eginner/Documents/Soccer_Data/env/lib/python3.8/site-packages/airflow/example_dags/tutorial_etl_dag.py
[2022-01-28 21:26:13,095] {logging_mixin.py:109} INFO - [2022-01-28 21:26:13,095] {dag.py:2396} INFO - Sync 1 DAGs
[2022-01-28 21:26:13,119] {logging_mixin.py:109} INFO - [2022-01-28 21:26:13,119] {dag.py:2935} INFO - Setting next_dagrun for tutorial_etl_dag to None
[2022-01-28 21:26:13,155] {processor.py:171} INFO - Processing /home/data-eginner/Documents/Soccer_Data/env/lib/python3.8/site-packages/airflow/example_dags/tutorial_etl_dag.py took 0.155 seconds
[2022-01-28 21:27:00,251] {processor.py:163} INFO - Started process (PID=23039) to work on /home/data-eginner/Documents/Soccer_Data/env/lib/python3.8/site-packages/airflow/example_dags/tutorial_etl_dag.py
[2022-01-28 21:27:00,260] {processor.py:642} INFO - Processing file /home/data-eginner/Documents/Soccer_Data/env/lib/python3.8/site-packages/airflow/example_dags/tutorial_etl_dag.py for tasks to queue
[2022-01-28 21:27:00,261] {logging_mixin.py:109} INFO - [2022-01-28 21:27:00,261] {dagbag.py:500} INFO - Filling up the DagBag from /home/data-eginner/Documents/Soccer_Data/env/lib/python3.8/site-packages/airflow/example_dags/tutorial_etl_dag.py
[2022-01-28 21:27:00,354] {processor.py:654} INFO - DAG(s) dict_keys(['tutorial_etl_dag']) retrieved from /home/data-eginner/Documents/Soccer_Data/env/lib/python3.8/site-packages/airflow/example_dags/tutorial_etl_dag.py
[2022-01-28 21:27:00,371] {logging_mixin.py:109} INFO - [2022-01-28 21:27:00,371] {dag.py:2396} INFO - Sync 1 DAGs
[2022-01-28 21:27:00,420] {logging_mixin.py:109} INFO - [2022-01-28 21:27:00,420] {dag.py:2935} INFO - Setting next_dagrun for tutorial_etl_dag to None
[2022-01-28 21:27:00,571] {processor.py:171} INFO - Processing /home/data-eginner/Documents/Soccer_Data/env/lib/python3.8/site-packages/airflow/example_dags/tutorial_etl_dag.py took 0.341 seconds
[2022-01-28 21:27:58,696] {processor.py:163} INFO - Started process (PID=23277) to work on /home/data-eginner/Documents/Soccer_Data/env/lib/python3.8/site-packages/airflow/example_dags/tutorial_etl_dag.py
[2022-01-28 21:27:58,718] {processor.py:642} INFO - Processing file /home/data-eginner/Documents/Soccer_Data/env/lib/python3.8/site-packages/airflow/example_dags/tutorial_etl_dag.py for tasks to queue
[2022-01-28 21:27:58,719] {logging_mixin.py:109} INFO - [2022-01-28 21:27:58,719] {dagbag.py:500} INFO - Filling up the DagBag from /home/data-eginner/Documents/Soccer_Data/env/lib/python3.8/site-packages/airflow/example_dags/tutorial_etl_dag.py
[2022-01-28 21:27:58,807] {processor.py:654} INFO - DAG(s) dict_keys(['tutorial_etl_dag']) retrieved from /home/data-eginner/Documents/Soccer_Data/env/lib/python3.8/site-packages/airflow/example_dags/tutorial_etl_dag.py
[2022-01-28 21:27:58,816] {logging_mixin.py:109} INFO - [2022-01-28 21:27:58,816] {dag.py:2396} INFO - Sync 1 DAGs
[2022-01-28 21:27:58,872] {logging_mixin.py:109} INFO - [2022-01-28 21:27:58,872] {dag.py:2935} INFO - Setting next_dagrun for tutorial_etl_dag to None
[2022-01-28 21:27:58,974] {processor.py:171} INFO - Processing /home/data-eginner/Documents/Soccer_Data/env/lib/python3.8/site-packages/airflow/example_dags/tutorial_etl_dag.py took 0.308 seconds
[2022-01-28 21:28:42,039] {processor.py:163} INFO - Started process (PID=23407) to work on /home/data-eginner/Documents/Soccer_Data/env/lib/python3.8/site-packages/airflow/example_dags/tutorial_etl_dag.py
[2022-01-28 21:28:42,068] {processor.py:642} INFO - Processing file /home/data-eginner/Documents/Soccer_Data/env/lib/python3.8/site-packages/airflow/example_dags/tutorial_etl_dag.py for tasks to queue
[2022-01-28 21:28:42,068] {logging_mixin.py:109} INFO - [2022-01-28 21:28:42,068] {dagbag.py:500} INFO - Filling up the DagBag from /home/data-eginner/Documents/Soccer_Data/env/lib/python3.8/site-packages/airflow/example_dags/tutorial_etl_dag.py
[2022-01-28 21:28:42,200] {processor.py:654} INFO - DAG(s) dict_keys(['tutorial_etl_dag']) retrieved from /home/data-eginner/Documents/Soccer_Data/env/lib/python3.8/site-packages/airflow/example_dags/tutorial_etl_dag.py
[2022-01-28 21:28:42,239] {logging_mixin.py:109} INFO - [2022-01-28 21:28:42,239] {dag.py:2396} INFO - Sync 1 DAGs
[2022-01-28 21:28:42,314] {logging_mixin.py:109} INFO - [2022-01-28 21:28:42,314] {dag.py:2935} INFO - Setting next_dagrun for tutorial_etl_dag to None
[2022-01-28 21:28:42,366] {processor.py:171} INFO - Processing /home/data-eginner/Documents/Soccer_Data/env/lib/python3.8/site-packages/airflow/example_dags/tutorial_etl_dag.py took 0.330 seconds
[2022-01-28 21:29:33,379] {processor.py:163} INFO - Started process (PID=23575) to work on /home/data-eginner/Documents/Soccer_Data/env/lib/python3.8/site-packages/airflow/example_dags/tutorial_etl_dag.py
[2022-01-28 21:29:33,385] {processor.py:642} INFO - Processing file /home/data-eginner/Documents/Soccer_Data/env/lib/python3.8/site-packages/airflow/example_dags/tutorial_etl_dag.py for tasks to queue
[2022-01-28 21:29:33,386] {logging_mixin.py:109} INFO - [2022-01-28 21:29:33,386] {dagbag.py:500} INFO - Filling up the DagBag from /home/data-eginner/Documents/Soccer_Data/env/lib/python3.8/site-packages/airflow/example_dags/tutorial_etl_dag.py
[2022-01-28 21:29:33,413] {processor.py:654} INFO - DAG(s) dict_keys(['tutorial_etl_dag']) retrieved from /home/data-eginner/Documents/Soccer_Data/env/lib/python3.8/site-packages/airflow/example_dags/tutorial_etl_dag.py
[2022-01-28 21:29:33,427] {logging_mixin.py:109} INFO - [2022-01-28 21:29:33,427] {dag.py:2396} INFO - Sync 1 DAGs
[2022-01-28 21:29:33,445] {logging_mixin.py:109} INFO - [2022-01-28 21:29:33,445] {dag.py:2935} INFO - Setting next_dagrun for tutorial_etl_dag to None
[2022-01-28 21:29:33,465] {processor.py:171} INFO - Processing /home/data-eginner/Documents/Soccer_Data/env/lib/python3.8/site-packages/airflow/example_dags/tutorial_etl_dag.py took 0.090 seconds
[2022-01-28 21:30:19,336] {processor.py:163} INFO - Started process (PID=23742) to work on /home/data-eginner/Documents/Soccer_Data/env/lib/python3.8/site-packages/airflow/example_dags/tutorial_etl_dag.py
[2022-01-28 21:30:19,338] {processor.py:642} INFO - Processing file /home/data-eginner/Documents/Soccer_Data/env/lib/python3.8/site-packages/airflow/example_dags/tutorial_etl_dag.py for tasks to queue
[2022-01-28 21:30:19,339] {logging_mixin.py:109} INFO - [2022-01-28 21:30:19,339] {dagbag.py:500} INFO - Filling up the DagBag from /home/data-eginner/Documents/Soccer_Data/env/lib/python3.8/site-packages/airflow/example_dags/tutorial_etl_dag.py
[2022-01-28 21:30:19,383] {processor.py:654} INFO - DAG(s) dict_keys(['tutorial_etl_dag']) retrieved from /home/data-eginner/Documents/Soccer_Data/env/lib/python3.8/site-packages/airflow/example_dags/tutorial_etl_dag.py
[2022-01-28 21:30:19,402] {logging_mixin.py:109} INFO - [2022-01-28 21:30:19,401] {dag.py:2396} INFO - Sync 1 DAGs
[2022-01-28 21:30:19,418] {logging_mixin.py:109} INFO - [2022-01-28 21:30:19,418] {dag.py:2935} INFO - Setting next_dagrun for tutorial_etl_dag to None
[2022-01-28 21:30:19,446] {processor.py:171} INFO - Processing /home/data-eginner/Documents/Soccer_Data/env/lib/python3.8/site-packages/airflow/example_dags/tutorial_etl_dag.py took 0.115 seconds
[2022-01-28 21:31:14,124] {processor.py:163} INFO - Started process (PID=23928) to work on /home/data-eginner/Documents/Soccer_Data/env/lib/python3.8/site-packages/airflow/example_dags/tutorial_etl_dag.py
[2022-01-28 21:31:14,127] {processor.py:642} INFO - Processing file /home/data-eginner/Documents/Soccer_Data/env/lib/python3.8/site-packages/airflow/example_dags/tutorial_etl_dag.py for tasks to queue
[2022-01-28 21:31:14,127] {logging_mixin.py:109} INFO - [2022-01-28 21:31:14,127] {dagbag.py:500} INFO - Filling up the DagBag from /home/data-eginner/Documents/Soccer_Data/env/lib/python3.8/site-packages/airflow/example_dags/tutorial_etl_dag.py
[2022-01-28 21:31:14,193] {processor.py:654} INFO - DAG(s) dict_keys(['tutorial_etl_dag']) retrieved from /home/data-eginner/Documents/Soccer_Data/env/lib/python3.8/site-packages/airflow/example_dags/tutorial_etl_dag.py
[2022-01-28 21:31:14,206] {logging_mixin.py:109} INFO - [2022-01-28 21:31:14,206] {dag.py:2396} INFO - Sync 1 DAGs
[2022-01-28 21:31:14,237] {logging_mixin.py:109} INFO - [2022-01-28 21:31:14,236] {dag.py:2935} INFO - Setting next_dagrun for tutorial_etl_dag to None
[2022-01-28 21:31:14,272] {processor.py:171} INFO - Processing /home/data-eginner/Documents/Soccer_Data/env/lib/python3.8/site-packages/airflow/example_dags/tutorial_etl_dag.py took 0.162 seconds
[2022-01-28 21:32:02,144] {processor.py:163} INFO - Started process (PID=24097) to work on /home/data-eginner/Documents/Soccer_Data/env/lib/python3.8/site-packages/airflow/example_dags/tutorial_etl_dag.py
[2022-01-28 21:32:02,159] {processor.py:642} INFO - Processing file /home/data-eginner/Documents/Soccer_Data/env/lib/python3.8/site-packages/airflow/example_dags/tutorial_etl_dag.py for tasks to queue
[2022-01-28 21:32:02,159] {logging_mixin.py:109} INFO - [2022-01-28 21:32:02,159] {dagbag.py:500} INFO - Filling up the DagBag from /home/data-eginner/Documents/Soccer_Data/env/lib/python3.8/site-packages/airflow/example_dags/tutorial_etl_dag.py
[2022-01-28 21:32:02,212] {processor.py:654} INFO - DAG(s) dict_keys(['tutorial_etl_dag']) retrieved from /home/data-eginner/Documents/Soccer_Data/env/lib/python3.8/site-packages/airflow/example_dags/tutorial_etl_dag.py
[2022-01-28 21:32:02,237] {logging_mixin.py:109} INFO - [2022-01-28 21:32:02,237] {dag.py:2396} INFO - Sync 1 DAGs
[2022-01-28 21:32:02,257] {logging_mixin.py:109} INFO - [2022-01-28 21:32:02,257] {dag.py:2935} INFO - Setting next_dagrun for tutorial_etl_dag to None
[2022-01-28 21:32:02,278] {processor.py:171} INFO - Processing /home/data-eginner/Documents/Soccer_Data/env/lib/python3.8/site-packages/airflow/example_dags/tutorial_etl_dag.py took 0.141 seconds
[2022-01-28 21:32:46,582] {processor.py:163} INFO - Started process (PID=24267) to work on /home/data-eginner/Documents/Soccer_Data/env/lib/python3.8/site-packages/airflow/example_dags/tutorial_etl_dag.py
[2022-01-28 21:32:46,583] {processor.py:642} INFO - Processing file /home/data-eginner/Documents/Soccer_Data/env/lib/python3.8/site-packages/airflow/example_dags/tutorial_etl_dag.py for tasks to queue
[2022-01-28 21:32:46,584] {logging_mixin.py:109} INFO - [2022-01-28 21:32:46,584] {dagbag.py:500} INFO - Filling up the DagBag from /home/data-eginner/Documents/Soccer_Data/env/lib/python3.8/site-packages/airflow/example_dags/tutorial_etl_dag.py
[2022-01-28 21:32:46,614] {processor.py:654} INFO - DAG(s) dict_keys(['tutorial_etl_dag']) retrieved from /home/data-eginner/Documents/Soccer_Data/env/lib/python3.8/site-packages/airflow/example_dags/tutorial_etl_dag.py
[2022-01-28 21:32:46,639] {logging_mixin.py:109} INFO - [2022-01-28 21:32:46,639] {dag.py:2396} INFO - Sync 1 DAGs
[2022-01-28 21:32:46,700] {logging_mixin.py:109} INFO - [2022-01-28 21:32:46,675] {dag.py:2935} INFO - Setting next_dagrun for tutorial_etl_dag to None
[2022-01-28 21:32:46,754] {processor.py:171} INFO - Processing /home/data-eginner/Documents/Soccer_Data/env/lib/python3.8/site-packages/airflow/example_dags/tutorial_etl_dag.py took 0.177 seconds
[2022-01-28 21:33:26,387] {processor.py:163} INFO - Started process (PID=24420) to work on /home/data-eginner/Documents/Soccer_Data/env/lib/python3.8/site-packages/airflow/example_dags/tutorial_etl_dag.py
[2022-01-28 21:33:26,476] {processor.py:642} INFO - Processing file /home/data-eginner/Documents/Soccer_Data/env/lib/python3.8/site-packages/airflow/example_dags/tutorial_etl_dag.py for tasks to queue
[2022-01-28 21:33:26,477] {logging_mixin.py:109} INFO - [2022-01-28 21:33:26,477] {dagbag.py:500} INFO - Filling up the DagBag from /home/data-eginner/Documents/Soccer_Data/env/lib/python3.8/site-packages/airflow/example_dags/tutorial_etl_dag.py
[2022-01-28 21:33:26,525] {processor.py:654} INFO - DAG(s) dict_keys(['tutorial_etl_dag']) retrieved from /home/data-eginner/Documents/Soccer_Data/env/lib/python3.8/site-packages/airflow/example_dags/tutorial_etl_dag.py
[2022-01-28 21:33:26,539] {logging_mixin.py:109} INFO - [2022-01-28 21:33:26,539] {dag.py:2396} INFO - Sync 1 DAGs
[2022-01-28 21:33:26,552] {logging_mixin.py:109} INFO - [2022-01-28 21:33:26,552] {dag.py:2935} INFO - Setting next_dagrun for tutorial_etl_dag to None
[2022-01-28 21:33:26,618] {processor.py:171} INFO - Processing /home/data-eginner/Documents/Soccer_Data/env/lib/python3.8/site-packages/airflow/example_dags/tutorial_etl_dag.py took 0.235 seconds
[2022-01-28 21:34:00,943] {processor.py:163} INFO - Started process (PID=24553) to work on /home/data-eginner/Documents/Soccer_Data/env/lib/python3.8/site-packages/airflow/example_dags/tutorial_etl_dag.py
[2022-01-28 21:34:00,957] {processor.py:642} INFO - Processing file /home/data-eginner/Documents/Soccer_Data/env/lib/python3.8/site-packages/airflow/example_dags/tutorial_etl_dag.py for tasks to queue
[2022-01-28 21:34:00,958] {logging_mixin.py:109} INFO - [2022-01-28 21:34:00,958] {dagbag.py:500} INFO - Filling up the DagBag from /home/data-eginner/Documents/Soccer_Data/env/lib/python3.8/site-packages/airflow/example_dags/tutorial_etl_dag.py
[2022-01-28 21:34:00,978] {processor.py:654} INFO - DAG(s) dict_keys(['tutorial_etl_dag']) retrieved from /home/data-eginner/Documents/Soccer_Data/env/lib/python3.8/site-packages/airflow/example_dags/tutorial_etl_dag.py
[2022-01-28 21:34:00,991] {logging_mixin.py:109} INFO - [2022-01-28 21:34:00,991] {dag.py:2396} INFO - Sync 1 DAGs
[2022-01-28 21:34:01,003] {logging_mixin.py:109} INFO - [2022-01-28 21:34:01,003] {dag.py:2935} INFO - Setting next_dagrun for tutorial_etl_dag to None
[2022-01-28 21:34:01,041] {processor.py:171} INFO - Processing /home/data-eginner/Documents/Soccer_Data/env/lib/python3.8/site-packages/airflow/example_dags/tutorial_etl_dag.py took 0.101 seconds
[2022-01-28 21:34:37,909] {processor.py:163} INFO - Started process (PID=24699) to work on /home/data-eginner/Documents/Soccer_Data/env/lib/python3.8/site-packages/airflow/example_dags/tutorial_etl_dag.py
[2022-01-28 21:34:37,912] {processor.py:642} INFO - Processing file /home/data-eginner/Documents/Soccer_Data/env/lib/python3.8/site-packages/airflow/example_dags/tutorial_etl_dag.py for tasks to queue
[2022-01-28 21:34:37,912] {logging_mixin.py:109} INFO - [2022-01-28 21:34:37,912] {dagbag.py:500} INFO - Filling up the DagBag from /home/data-eginner/Documents/Soccer_Data/env/lib/python3.8/site-packages/airflow/example_dags/tutorial_etl_dag.py
[2022-01-28 21:34:37,939] {processor.py:654} INFO - DAG(s) dict_keys(['tutorial_etl_dag']) retrieved from /home/data-eginner/Documents/Soccer_Data/env/lib/python3.8/site-packages/airflow/example_dags/tutorial_etl_dag.py
[2022-01-28 21:34:37,948] {logging_mixin.py:109} INFO - [2022-01-28 21:34:37,948] {dag.py:2396} INFO - Sync 1 DAGs
[2022-01-28 21:34:37,960] {logging_mixin.py:109} INFO - [2022-01-28 21:34:37,960] {dag.py:2935} INFO - Setting next_dagrun for tutorial_etl_dag to None
[2022-01-28 21:34:37,979] {processor.py:171} INFO - Processing /home/data-eginner/Documents/Soccer_Data/env/lib/python3.8/site-packages/airflow/example_dags/tutorial_etl_dag.py took 0.076 seconds
[2022-01-28 21:55:57,997] {processor.py:163} INFO - Started process (PID=24992) to work on /home/data-eginner/Documents/Soccer_Data/env/lib/python3.8/site-packages/airflow/example_dags/tutorial_etl_dag.py
[2022-01-28 21:55:58,018] {processor.py:642} INFO - Processing file /home/data-eginner/Documents/Soccer_Data/env/lib/python3.8/site-packages/airflow/example_dags/tutorial_etl_dag.py for tasks to queue
[2022-01-28 21:55:58,019] {logging_mixin.py:109} INFO - [2022-01-28 21:55:58,019] {dagbag.py:500} INFO - Filling up the DagBag from /home/data-eginner/Documents/Soccer_Data/env/lib/python3.8/site-packages/airflow/example_dags/tutorial_etl_dag.py
[2022-01-28 21:55:58,060] {processor.py:654} INFO - DAG(s) dict_keys(['tutorial_etl_dag']) retrieved from /home/data-eginner/Documents/Soccer_Data/env/lib/python3.8/site-packages/airflow/example_dags/tutorial_etl_dag.py
[2022-01-28 21:55:58,119] {logging_mixin.py:109} INFO - [2022-01-28 21:55:58,119] {dag.py:2396} INFO - Sync 1 DAGs
[2022-01-28 21:55:58,178] {logging_mixin.py:109} INFO - [2022-01-28 21:55:58,177] {dag.py:2935} INFO - Setting next_dagrun for tutorial_etl_dag to None
[2022-01-28 21:55:58,230] {processor.py:171} INFO - Processing /home/data-eginner/Documents/Soccer_Data/env/lib/python3.8/site-packages/airflow/example_dags/tutorial_etl_dag.py took 0.236 seconds
[2022-01-28 21:56:48,357] {processor.py:163} INFO - Started process (PID=25171) to work on /home/data-eginner/Documents/Soccer_Data/env/lib/python3.8/site-packages/airflow/example_dags/tutorial_etl_dag.py
[2022-01-28 21:56:48,363] {processor.py:642} INFO - Processing file /home/data-eginner/Documents/Soccer_Data/env/lib/python3.8/site-packages/airflow/example_dags/tutorial_etl_dag.py for tasks to queue
[2022-01-28 21:56:48,363] {logging_mixin.py:109} INFO - [2022-01-28 21:56:48,363] {dagbag.py:500} INFO - Filling up the DagBag from /home/data-eginner/Documents/Soccer_Data/env/lib/python3.8/site-packages/airflow/example_dags/tutorial_etl_dag.py
[2022-01-28 21:56:48,455] {processor.py:654} INFO - DAG(s) dict_keys(['tutorial_etl_dag']) retrieved from /home/data-eginner/Documents/Soccer_Data/env/lib/python3.8/site-packages/airflow/example_dags/tutorial_etl_dag.py
[2022-01-28 21:56:48,500] {logging_mixin.py:109} INFO - [2022-01-28 21:56:48,500] {dag.py:2396} INFO - Sync 1 DAGs
[2022-01-28 21:56:48,550] {logging_mixin.py:109} INFO - [2022-01-28 21:56:48,550] {dag.py:2935} INFO - Setting next_dagrun for tutorial_etl_dag to None
[2022-01-28 21:56:48,588] {processor.py:171} INFO - Processing /home/data-eginner/Documents/Soccer_Data/env/lib/python3.8/site-packages/airflow/example_dags/tutorial_etl_dag.py took 0.243 seconds
[2022-01-28 21:57:30,867] {processor.py:163} INFO - Started process (PID=25332) to work on /home/data-eginner/Documents/Soccer_Data/env/lib/python3.8/site-packages/airflow/example_dags/tutorial_etl_dag.py
[2022-01-28 21:57:30,878] {processor.py:642} INFO - Processing file /home/data-eginner/Documents/Soccer_Data/env/lib/python3.8/site-packages/airflow/example_dags/tutorial_etl_dag.py for tasks to queue
[2022-01-28 21:57:30,879] {logging_mixin.py:109} INFO - [2022-01-28 21:57:30,878] {dagbag.py:500} INFO - Filling up the DagBag from /home/data-eginner/Documents/Soccer_Data/env/lib/python3.8/site-packages/airflow/example_dags/tutorial_etl_dag.py
[2022-01-28 21:57:30,947] {processor.py:654} INFO - DAG(s) dict_keys(['tutorial_etl_dag']) retrieved from /home/data-eginner/Documents/Soccer_Data/env/lib/python3.8/site-packages/airflow/example_dags/tutorial_etl_dag.py
[2022-01-28 21:57:30,954] {logging_mixin.py:109} INFO - [2022-01-28 21:57:30,954] {dag.py:2396} INFO - Sync 1 DAGs
[2022-01-28 21:57:30,973] {logging_mixin.py:109} INFO - [2022-01-28 21:57:30,973] {dag.py:2935} INFO - Setting next_dagrun for tutorial_etl_dag to None
[2022-01-28 21:57:30,992] {processor.py:171} INFO - Processing /home/data-eginner/Documents/Soccer_Data/env/lib/python3.8/site-packages/airflow/example_dags/tutorial_etl_dag.py took 0.128 seconds
[2022-01-28 21:58:06,674] {processor.py:163} INFO - Started process (PID=25480) to work on /home/data-eginner/Documents/Soccer_Data/env/lib/python3.8/site-packages/airflow/example_dags/tutorial_etl_dag.py
[2022-01-28 21:58:06,676] {processor.py:642} INFO - Processing file /home/data-eginner/Documents/Soccer_Data/env/lib/python3.8/site-packages/airflow/example_dags/tutorial_etl_dag.py for tasks to queue
[2022-01-28 21:58:06,676] {logging_mixin.py:109} INFO - [2022-01-28 21:58:06,676] {dagbag.py:500} INFO - Filling up the DagBag from /home/data-eginner/Documents/Soccer_Data/env/lib/python3.8/site-packages/airflow/example_dags/tutorial_etl_dag.py
[2022-01-28 21:58:06,698] {processor.py:654} INFO - DAG(s) dict_keys(['tutorial_etl_dag']) retrieved from /home/data-eginner/Documents/Soccer_Data/env/lib/python3.8/site-packages/airflow/example_dags/tutorial_etl_dag.py
[2022-01-28 21:58:06,707] {logging_mixin.py:109} INFO - [2022-01-28 21:58:06,707] {dag.py:2396} INFO - Sync 1 DAGs
[2022-01-28 21:58:06,725] {logging_mixin.py:109} INFO - [2022-01-28 21:58:06,725] {dag.py:2935} INFO - Setting next_dagrun for tutorial_etl_dag to None
[2022-01-28 21:58:06,767] {processor.py:171} INFO - Processing /home/data-eginner/Documents/Soccer_Data/env/lib/python3.8/site-packages/airflow/example_dags/tutorial_etl_dag.py took 0.097 seconds
[2022-01-28 21:58:45,988] {processor.py:163} INFO - Started process (PID=25632) to work on /home/data-eginner/Documents/Soccer_Data/env/lib/python3.8/site-packages/airflow/example_dags/tutorial_etl_dag.py
[2022-01-28 21:58:46,004] {processor.py:642} INFO - Processing file /home/data-eginner/Documents/Soccer_Data/env/lib/python3.8/site-packages/airflow/example_dags/tutorial_etl_dag.py for tasks to queue
[2022-01-28 21:58:46,005] {logging_mixin.py:109} INFO - [2022-01-28 21:58:46,005] {dagbag.py:500} INFO - Filling up the DagBag from /home/data-eginner/Documents/Soccer_Data/env/lib/python3.8/site-packages/airflow/example_dags/tutorial_etl_dag.py
[2022-01-28 21:58:46,073] {processor.py:654} INFO - DAG(s) dict_keys(['tutorial_etl_dag']) retrieved from /home/data-eginner/Documents/Soccer_Data/env/lib/python3.8/site-packages/airflow/example_dags/tutorial_etl_dag.py
[2022-01-28 21:58:46,106] {logging_mixin.py:109} INFO - [2022-01-28 21:58:46,106] {dag.py:2396} INFO - Sync 1 DAGs
[2022-01-28 21:58:46,134] {logging_mixin.py:109} INFO - [2022-01-28 21:58:46,128] {dag.py:2935} INFO - Setting next_dagrun for tutorial_etl_dag to None
[2022-01-28 21:58:46,160] {processor.py:171} INFO - Processing /home/data-eginner/Documents/Soccer_Data/env/lib/python3.8/site-packages/airflow/example_dags/tutorial_etl_dag.py took 0.175 seconds
[2022-01-28 21:59:24,960] {processor.py:163} INFO - Started process (PID=25780) to work on /home/data-eginner/Documents/Soccer_Data/env/lib/python3.8/site-packages/airflow/example_dags/tutorial_etl_dag.py
[2022-01-28 21:59:24,966] {processor.py:642} INFO - Processing file /home/data-eginner/Documents/Soccer_Data/env/lib/python3.8/site-packages/airflow/example_dags/tutorial_etl_dag.py for tasks to queue
[2022-01-28 21:59:24,967] {logging_mixin.py:109} INFO - [2022-01-28 21:59:24,967] {dagbag.py:500} INFO - Filling up the DagBag from /home/data-eginner/Documents/Soccer_Data/env/lib/python3.8/site-packages/airflow/example_dags/tutorial_etl_dag.py
[2022-01-28 21:59:25,001] {processor.py:654} INFO - DAG(s) dict_keys(['tutorial_etl_dag']) retrieved from /home/data-eginner/Documents/Soccer_Data/env/lib/python3.8/site-packages/airflow/example_dags/tutorial_etl_dag.py
[2022-01-28 21:59:25,011] {logging_mixin.py:109} INFO - [2022-01-28 21:59:25,011] {dag.py:2396} INFO - Sync 1 DAGs
[2022-01-28 21:59:25,042] {logging_mixin.py:109} INFO - [2022-01-28 21:59:25,042] {dag.py:2935} INFO - Setting next_dagrun for tutorial_etl_dag to None
[2022-01-28 21:59:25,085] {processor.py:171} INFO - Processing /home/data-eginner/Documents/Soccer_Data/env/lib/python3.8/site-packages/airflow/example_dags/tutorial_etl_dag.py took 0.130 seconds
[2022-01-28 22:00:01,916] {processor.py:163} INFO - Started process (PID=25926) to work on /home/data-eginner/Documents/Soccer_Data/env/lib/python3.8/site-packages/airflow/example_dags/tutorial_etl_dag.py
[2022-01-28 22:00:01,918] {processor.py:642} INFO - Processing file /home/data-eginner/Documents/Soccer_Data/env/lib/python3.8/site-packages/airflow/example_dags/tutorial_etl_dag.py for tasks to queue
[2022-01-28 22:00:01,919] {logging_mixin.py:109} INFO - [2022-01-28 22:00:01,919] {dagbag.py:500} INFO - Filling up the DagBag from /home/data-eginner/Documents/Soccer_Data/env/lib/python3.8/site-packages/airflow/example_dags/tutorial_etl_dag.py
[2022-01-28 22:00:01,939] {processor.py:654} INFO - DAG(s) dict_keys(['tutorial_etl_dag']) retrieved from /home/data-eginner/Documents/Soccer_Data/env/lib/python3.8/site-packages/airflow/example_dags/tutorial_etl_dag.py
[2022-01-28 22:00:01,956] {logging_mixin.py:109} INFO - [2022-01-28 22:00:01,956] {dag.py:2396} INFO - Sync 1 DAGs
[2022-01-28 22:00:01,972] {logging_mixin.py:109} INFO - [2022-01-28 22:00:01,972] {dag.py:2935} INFO - Setting next_dagrun for tutorial_etl_dag to None
[2022-01-28 22:00:01,988] {processor.py:171} INFO - Processing /home/data-eginner/Documents/Soccer_Data/env/lib/python3.8/site-packages/airflow/example_dags/tutorial_etl_dag.py took 0.075 seconds
[2022-01-28 22:00:41,106] {processor.py:163} INFO - Started process (PID=26086) to work on /home/data-eginner/Documents/Soccer_Data/env/lib/python3.8/site-packages/airflow/example_dags/tutorial_etl_dag.py
[2022-01-28 22:00:41,108] {processor.py:642} INFO - Processing file /home/data-eginner/Documents/Soccer_Data/env/lib/python3.8/site-packages/airflow/example_dags/tutorial_etl_dag.py for tasks to queue
[2022-01-28 22:00:41,109] {logging_mixin.py:109} INFO - [2022-01-28 22:00:41,109] {dagbag.py:500} INFO - Filling up the DagBag from /home/data-eginner/Documents/Soccer_Data/env/lib/python3.8/site-packages/airflow/example_dags/tutorial_etl_dag.py
[2022-01-28 22:00:41,130] {processor.py:654} INFO - DAG(s) dict_keys(['tutorial_etl_dag']) retrieved from /home/data-eginner/Documents/Soccer_Data/env/lib/python3.8/site-packages/airflow/example_dags/tutorial_etl_dag.py
[2022-01-28 22:00:41,139] {logging_mixin.py:109} INFO - [2022-01-28 22:00:41,139] {dag.py:2396} INFO - Sync 1 DAGs
[2022-01-28 22:00:41,150] {logging_mixin.py:109} INFO - [2022-01-28 22:00:41,150] {dag.py:2935} INFO - Setting next_dagrun for tutorial_etl_dag to None
[2022-01-28 22:00:41,165] {processor.py:171} INFO - Processing /home/data-eginner/Documents/Soccer_Data/env/lib/python3.8/site-packages/airflow/example_dags/tutorial_etl_dag.py took 0.062 seconds
[2022-01-28 22:01:18,128] {processor.py:163} INFO - Started process (PID=26229) to work on /home/data-eginner/Documents/Soccer_Data/env/lib/python3.8/site-packages/airflow/example_dags/tutorial_etl_dag.py
[2022-01-28 22:01:18,147] {processor.py:642} INFO - Processing file /home/data-eginner/Documents/Soccer_Data/env/lib/python3.8/site-packages/airflow/example_dags/tutorial_etl_dag.py for tasks to queue
[2022-01-28 22:01:18,148] {logging_mixin.py:109} INFO - [2022-01-28 22:01:18,148] {dagbag.py:500} INFO - Filling up the DagBag from /home/data-eginner/Documents/Soccer_Data/env/lib/python3.8/site-packages/airflow/example_dags/tutorial_etl_dag.py
[2022-01-28 22:01:18,223] {processor.py:654} INFO - DAG(s) dict_keys(['tutorial_etl_dag']) retrieved from /home/data-eginner/Documents/Soccer_Data/env/lib/python3.8/site-packages/airflow/example_dags/tutorial_etl_dag.py
[2022-01-28 22:01:18,271] {logging_mixin.py:109} INFO - [2022-01-28 22:01:18,271] {dag.py:2396} INFO - Sync 1 DAGs
[2022-01-28 22:01:18,310] {logging_mixin.py:109} INFO - [2022-01-28 22:01:18,309] {dag.py:2935} INFO - Setting next_dagrun for tutorial_etl_dag to None
[2022-01-28 22:01:18,399] {processor.py:171} INFO - Processing /home/data-eginner/Documents/Soccer_Data/env/lib/python3.8/site-packages/airflow/example_dags/tutorial_etl_dag.py took 0.274 seconds
[2022-01-28 22:01:56,352] {processor.py:163} INFO - Started process (PID=26379) to work on /home/data-eginner/Documents/Soccer_Data/env/lib/python3.8/site-packages/airflow/example_dags/tutorial_etl_dag.py
[2022-01-28 22:01:56,356] {processor.py:642} INFO - Processing file /home/data-eginner/Documents/Soccer_Data/env/lib/python3.8/site-packages/airflow/example_dags/tutorial_etl_dag.py for tasks to queue
[2022-01-28 22:01:56,356] {logging_mixin.py:109} INFO - [2022-01-28 22:01:56,356] {dagbag.py:500} INFO - Filling up the DagBag from /home/data-eginner/Documents/Soccer_Data/env/lib/python3.8/site-packages/airflow/example_dags/tutorial_etl_dag.py
[2022-01-28 22:01:56,387] {processor.py:654} INFO - DAG(s) dict_keys(['tutorial_etl_dag']) retrieved from /home/data-eginner/Documents/Soccer_Data/env/lib/python3.8/site-packages/airflow/example_dags/tutorial_etl_dag.py
[2022-01-28 22:01:56,403] {logging_mixin.py:109} INFO - [2022-01-28 22:01:56,403] {dag.py:2396} INFO - Sync 1 DAGs
[2022-01-28 22:01:56,416] {logging_mixin.py:109} INFO - [2022-01-28 22:01:56,416] {dag.py:2935} INFO - Setting next_dagrun for tutorial_etl_dag to None
[2022-01-28 22:01:56,431] {processor.py:171} INFO - Processing /home/data-eginner/Documents/Soccer_Data/env/lib/python3.8/site-packages/airflow/example_dags/tutorial_etl_dag.py took 0.083 seconds
[2022-01-28 22:04:06,858] {processor.py:163} INFO - Started process (PID=26516) to work on /home/data-eginner/Documents/Soccer_Data/env/lib/python3.8/site-packages/airflow/example_dags/tutorial_etl_dag.py
[2022-01-28 22:04:06,860] {processor.py:642} INFO - Processing file /home/data-eginner/Documents/Soccer_Data/env/lib/python3.8/site-packages/airflow/example_dags/tutorial_etl_dag.py for tasks to queue
[2022-01-28 22:04:06,861] {logging_mixin.py:109} INFO - [2022-01-28 22:04:06,861] {dagbag.py:500} INFO - Filling up the DagBag from /home/data-eginner/Documents/Soccer_Data/env/lib/python3.8/site-packages/airflow/example_dags/tutorial_etl_dag.py
[2022-01-28 22:04:06,902] {processor.py:654} INFO - DAG(s) dict_keys(['tutorial_etl_dag']) retrieved from /home/data-eginner/Documents/Soccer_Data/env/lib/python3.8/site-packages/airflow/example_dags/tutorial_etl_dag.py
[2022-01-28 22:04:06,909] {logging_mixin.py:109} INFO - [2022-01-28 22:04:06,909] {dag.py:2396} INFO - Sync 1 DAGs
[2022-01-28 22:04:06,930] {logging_mixin.py:109} INFO - [2022-01-28 22:04:06,930] {dag.py:2935} INFO - Setting next_dagrun for tutorial_etl_dag to None
[2022-01-28 22:04:06,966] {processor.py:171} INFO - Processing /home/data-eginner/Documents/Soccer_Data/env/lib/python3.8/site-packages/airflow/example_dags/tutorial_etl_dag.py took 0.122 seconds
[2022-01-28 22:04:48,825] {processor.py:163} INFO - Started process (PID=26683) to work on /home/data-eginner/Documents/Soccer_Data/env/lib/python3.8/site-packages/airflow/example_dags/tutorial_etl_dag.py
[2022-01-28 22:04:48,826] {processor.py:642} INFO - Processing file /home/data-eginner/Documents/Soccer_Data/env/lib/python3.8/site-packages/airflow/example_dags/tutorial_etl_dag.py for tasks to queue
[2022-01-28 22:04:48,827] {logging_mixin.py:109} INFO - [2022-01-28 22:04:48,827] {dagbag.py:500} INFO - Filling up the DagBag from /home/data-eginner/Documents/Soccer_Data/env/lib/python3.8/site-packages/airflow/example_dags/tutorial_etl_dag.py
[2022-01-28 22:04:48,858] {processor.py:654} INFO - DAG(s) dict_keys(['tutorial_etl_dag']) retrieved from /home/data-eginner/Documents/Soccer_Data/env/lib/python3.8/site-packages/airflow/example_dags/tutorial_etl_dag.py
[2022-01-28 22:04:48,887] {logging_mixin.py:109} INFO - [2022-01-28 22:04:48,887] {dag.py:2396} INFO - Sync 1 DAGs
[2022-01-28 22:04:48,931] {logging_mixin.py:109} INFO - [2022-01-28 22:04:48,931] {dag.py:2935} INFO - Setting next_dagrun for tutorial_etl_dag to None
[2022-01-28 22:04:48,950] {processor.py:171} INFO - Processing /home/data-eginner/Documents/Soccer_Data/env/lib/python3.8/site-packages/airflow/example_dags/tutorial_etl_dag.py took 0.128 seconds
[2022-01-28 22:05:31,124] {processor.py:163} INFO - Started process (PID=26848) to work on /home/data-eginner/Documents/Soccer_Data/env/lib/python3.8/site-packages/airflow/example_dags/tutorial_etl_dag.py
[2022-01-28 22:05:31,126] {processor.py:642} INFO - Processing file /home/data-eginner/Documents/Soccer_Data/env/lib/python3.8/site-packages/airflow/example_dags/tutorial_etl_dag.py for tasks to queue
[2022-01-28 22:05:31,127] {logging_mixin.py:109} INFO - [2022-01-28 22:05:31,127] {dagbag.py:500} INFO - Filling up the DagBag from /home/data-eginner/Documents/Soccer_Data/env/lib/python3.8/site-packages/airflow/example_dags/tutorial_etl_dag.py
[2022-01-28 22:05:31,184] {processor.py:654} INFO - DAG(s) dict_keys(['tutorial_etl_dag']) retrieved from /home/data-eginner/Documents/Soccer_Data/env/lib/python3.8/site-packages/airflow/example_dags/tutorial_etl_dag.py
[2022-01-28 22:05:31,203] {logging_mixin.py:109} INFO - [2022-01-28 22:05:31,203] {dag.py:2396} INFO - Sync 1 DAGs
[2022-01-28 22:05:31,229] {logging_mixin.py:109} INFO - [2022-01-28 22:05:31,229] {dag.py:2935} INFO - Setting next_dagrun for tutorial_etl_dag to None
[2022-01-28 22:05:31,260] {processor.py:171} INFO - Processing /home/data-eginner/Documents/Soccer_Data/env/lib/python3.8/site-packages/airflow/example_dags/tutorial_etl_dag.py took 0.150 seconds
[2022-01-28 22:06:12,277] {processor.py:163} INFO - Started process (PID=27011) to work on /home/data-eginner/Documents/Soccer_Data/env/lib/python3.8/site-packages/airflow/example_dags/tutorial_etl_dag.py
[2022-01-28 22:06:12,280] {processor.py:642} INFO - Processing file /home/data-eginner/Documents/Soccer_Data/env/lib/python3.8/site-packages/airflow/example_dags/tutorial_etl_dag.py for tasks to queue
[2022-01-28 22:06:12,281] {logging_mixin.py:109} INFO - [2022-01-28 22:06:12,281] {dagbag.py:500} INFO - Filling up the DagBag from /home/data-eginner/Documents/Soccer_Data/env/lib/python3.8/site-packages/airflow/example_dags/tutorial_etl_dag.py
[2022-01-28 22:06:12,311] {processor.py:654} INFO - DAG(s) dict_keys(['tutorial_etl_dag']) retrieved from /home/data-eginner/Documents/Soccer_Data/env/lib/python3.8/site-packages/airflow/example_dags/tutorial_etl_dag.py
[2022-01-28 22:06:12,319] {logging_mixin.py:109} INFO - [2022-01-28 22:06:12,319] {dag.py:2396} INFO - Sync 1 DAGs
[2022-01-28 22:06:12,334] {logging_mixin.py:109} INFO - [2022-01-28 22:06:12,334] {dag.py:2935} INFO - Setting next_dagrun for tutorial_etl_dag to None
[2022-01-28 22:06:12,350] {processor.py:171} INFO - Processing /home/data-eginner/Documents/Soccer_Data/env/lib/python3.8/site-packages/airflow/example_dags/tutorial_etl_dag.py took 0.076 seconds
[2022-01-28 22:06:49,978] {processor.py:163} INFO - Started process (PID=27170) to work on /home/data-eginner/Documents/Soccer_Data/env/lib/python3.8/site-packages/airflow/example_dags/tutorial_etl_dag.py
[2022-01-28 22:06:49,985] {processor.py:642} INFO - Processing file /home/data-eginner/Documents/Soccer_Data/env/lib/python3.8/site-packages/airflow/example_dags/tutorial_etl_dag.py for tasks to queue
[2022-01-28 22:06:49,985] {logging_mixin.py:109} INFO - [2022-01-28 22:06:49,985] {dagbag.py:500} INFO - Filling up the DagBag from /home/data-eginner/Documents/Soccer_Data/env/lib/python3.8/site-packages/airflow/example_dags/tutorial_etl_dag.py
[2022-01-28 22:06:50,088] {processor.py:654} INFO - DAG(s) dict_keys(['tutorial_etl_dag']) retrieved from /home/data-eginner/Documents/Soccer_Data/env/lib/python3.8/site-packages/airflow/example_dags/tutorial_etl_dag.py
[2022-01-28 22:06:50,114] {logging_mixin.py:109} INFO - [2022-01-28 22:06:50,114] {dag.py:2396} INFO - Sync 1 DAGs
[2022-01-28 22:06:50,156] {logging_mixin.py:109} INFO - [2022-01-28 22:06:50,156] {dag.py:2935} INFO - Setting next_dagrun for tutorial_etl_dag to None
[2022-01-28 22:06:50,186] {processor.py:171} INFO - Processing /home/data-eginner/Documents/Soccer_Data/env/lib/python3.8/site-packages/airflow/example_dags/tutorial_etl_dag.py took 0.220 seconds
[2022-01-28 22:07:39,828] {processor.py:163} INFO - Started process (PID=27360) to work on /home/data-eginner/Documents/Soccer_Data/env/lib/python3.8/site-packages/airflow/example_dags/tutorial_etl_dag.py
[2022-01-28 22:07:39,855] {processor.py:642} INFO - Processing file /home/data-eginner/Documents/Soccer_Data/env/lib/python3.8/site-packages/airflow/example_dags/tutorial_etl_dag.py for tasks to queue
[2022-01-28 22:07:39,856] {logging_mixin.py:109} INFO - [2022-01-28 22:07:39,856] {dagbag.py:500} INFO - Filling up the DagBag from /home/data-eginner/Documents/Soccer_Data/env/lib/python3.8/site-packages/airflow/example_dags/tutorial_etl_dag.py
[2022-01-28 22:07:39,917] {processor.py:654} INFO - DAG(s) dict_keys(['tutorial_etl_dag']) retrieved from /home/data-eginner/Documents/Soccer_Data/env/lib/python3.8/site-packages/airflow/example_dags/tutorial_etl_dag.py
[2022-01-28 22:07:39,925] {logging_mixin.py:109} INFO - [2022-01-28 22:07:39,925] {dag.py:2396} INFO - Sync 1 DAGs
[2022-01-28 22:07:39,988] {logging_mixin.py:109} INFO - [2022-01-28 22:07:39,987] {dag.py:2935} INFO - Setting next_dagrun for tutorial_etl_dag to None
[2022-01-28 22:07:40,041] {processor.py:171} INFO - Processing /home/data-eginner/Documents/Soccer_Data/env/lib/python3.8/site-packages/airflow/example_dags/tutorial_etl_dag.py took 0.237 seconds
[2022-01-28 22:08:25,069] {processor.py:163} INFO - Started process (PID=27544) to work on /home/data-eginner/Documents/Soccer_Data/env/lib/python3.8/site-packages/airflow/example_dags/tutorial_etl_dag.py
[2022-01-28 22:08:25,075] {processor.py:642} INFO - Processing file /home/data-eginner/Documents/Soccer_Data/env/lib/python3.8/site-packages/airflow/example_dags/tutorial_etl_dag.py for tasks to queue
[2022-01-28 22:08:25,078] {logging_mixin.py:109} INFO - [2022-01-28 22:08:25,076] {dagbag.py:500} INFO - Filling up the DagBag from /home/data-eginner/Documents/Soccer_Data/env/lib/python3.8/site-packages/airflow/example_dags/tutorial_etl_dag.py
[2022-01-28 22:08:25,104] {processor.py:654} INFO - DAG(s) dict_keys(['tutorial_etl_dag']) retrieved from /home/data-eginner/Documents/Soccer_Data/env/lib/python3.8/site-packages/airflow/example_dags/tutorial_etl_dag.py
[2022-01-28 22:08:25,112] {logging_mixin.py:109} INFO - [2022-01-28 22:08:25,112] {dag.py:2396} INFO - Sync 1 DAGs
[2022-01-28 22:08:25,124] {logging_mixin.py:109} INFO - [2022-01-28 22:08:25,124] {dag.py:2935} INFO - Setting next_dagrun for tutorial_etl_dag to None
[2022-01-28 22:08:25,139] {processor.py:171} INFO - Processing /home/data-eginner/Documents/Soccer_Data/env/lib/python3.8/site-packages/airflow/example_dags/tutorial_etl_dag.py took 0.077 seconds
[2022-01-28 22:09:07,906] {processor.py:163} INFO - Started process (PID=27715) to work on /home/data-eginner/Documents/Soccer_Data/env/lib/python3.8/site-packages/airflow/example_dags/tutorial_etl_dag.py
[2022-01-28 22:09:07,913] {processor.py:642} INFO - Processing file /home/data-eginner/Documents/Soccer_Data/env/lib/python3.8/site-packages/airflow/example_dags/tutorial_etl_dag.py for tasks to queue
[2022-01-28 22:09:07,914] {logging_mixin.py:109} INFO - [2022-01-28 22:09:07,914] {dagbag.py:500} INFO - Filling up the DagBag from /home/data-eginner/Documents/Soccer_Data/env/lib/python3.8/site-packages/airflow/example_dags/tutorial_etl_dag.py
[2022-01-28 22:09:07,943] {processor.py:654} INFO - DAG(s) dict_keys(['tutorial_etl_dag']) retrieved from /home/data-eginner/Documents/Soccer_Data/env/lib/python3.8/site-packages/airflow/example_dags/tutorial_etl_dag.py
[2022-01-28 22:09:07,953] {logging_mixin.py:109} INFO - [2022-01-28 22:09:07,953] {dag.py:2396} INFO - Sync 1 DAGs
[2022-01-28 22:09:07,965] {logging_mixin.py:109} INFO - [2022-01-28 22:09:07,965] {dag.py:2935} INFO - Setting next_dagrun for tutorial_etl_dag to None
[2022-01-28 22:09:07,981] {processor.py:171} INFO - Processing /home/data-eginner/Documents/Soccer_Data/env/lib/python3.8/site-packages/airflow/example_dags/tutorial_etl_dag.py took 0.078 seconds
[2022-01-28 22:09:42,417] {processor.py:163} INFO - Started process (PID=27858) to work on /home/data-eginner/Documents/Soccer_Data/env/lib/python3.8/site-packages/airflow/example_dags/tutorial_etl_dag.py
[2022-01-28 22:09:42,419] {processor.py:642} INFO - Processing file /home/data-eginner/Documents/Soccer_Data/env/lib/python3.8/site-packages/airflow/example_dags/tutorial_etl_dag.py for tasks to queue
[2022-01-28 22:09:42,420] {logging_mixin.py:109} INFO - [2022-01-28 22:09:42,420] {dagbag.py:500} INFO - Filling up the DagBag from /home/data-eginner/Documents/Soccer_Data/env/lib/python3.8/site-packages/airflow/example_dags/tutorial_etl_dag.py
[2022-01-28 22:09:42,523] {processor.py:654} INFO - DAG(s) dict_keys(['tutorial_etl_dag']) retrieved from /home/data-eginner/Documents/Soccer_Data/env/lib/python3.8/site-packages/airflow/example_dags/tutorial_etl_dag.py
[2022-01-28 22:09:42,557] {logging_mixin.py:109} INFO - [2022-01-28 22:09:42,557] {dag.py:2396} INFO - Sync 1 DAGs
[2022-01-28 22:09:42,641] {logging_mixin.py:109} INFO - [2022-01-28 22:09:42,641] {dag.py:2935} INFO - Setting next_dagrun for tutorial_etl_dag to None
[2022-01-28 22:09:42,706] {processor.py:171} INFO - Processing /home/data-eginner/Documents/Soccer_Data/env/lib/python3.8/site-packages/airflow/example_dags/tutorial_etl_dag.py took 0.311 seconds
[2022-01-28 22:10:20,365] {processor.py:163} INFO - Started process (PID=28010) to work on /home/data-eginner/Documents/Soccer_Data/env/lib/python3.8/site-packages/airflow/example_dags/tutorial_etl_dag.py
[2022-01-28 22:10:20,369] {processor.py:642} INFO - Processing file /home/data-eginner/Documents/Soccer_Data/env/lib/python3.8/site-packages/airflow/example_dags/tutorial_etl_dag.py for tasks to queue
[2022-01-28 22:10:20,370] {logging_mixin.py:109} INFO - [2022-01-28 22:10:20,370] {dagbag.py:500} INFO - Filling up the DagBag from /home/data-eginner/Documents/Soccer_Data/env/lib/python3.8/site-packages/airflow/example_dags/tutorial_etl_dag.py
[2022-01-28 22:10:20,413] {processor.py:654} INFO - DAG(s) dict_keys(['tutorial_etl_dag']) retrieved from /home/data-eginner/Documents/Soccer_Data/env/lib/python3.8/site-packages/airflow/example_dags/tutorial_etl_dag.py
[2022-01-28 22:10:20,423] {logging_mixin.py:109} INFO - [2022-01-28 22:10:20,423] {dag.py:2396} INFO - Sync 1 DAGs
[2022-01-28 22:10:20,438] {logging_mixin.py:109} INFO - [2022-01-28 22:10:20,438] {dag.py:2935} INFO - Setting next_dagrun for tutorial_etl_dag to None
[2022-01-28 22:10:20,453] {processor.py:171} INFO - Processing /home/data-eginner/Documents/Soccer_Data/env/lib/python3.8/site-packages/airflow/example_dags/tutorial_etl_dag.py took 0.095 seconds
[2022-01-28 22:10:58,693] {processor.py:163} INFO - Started process (PID=28183) to work on /home/data-eginner/Documents/Soccer_Data/env/lib/python3.8/site-packages/airflow/example_dags/tutorial_etl_dag.py
[2022-01-28 22:10:58,696] {processor.py:642} INFO - Processing file /home/data-eginner/Documents/Soccer_Data/env/lib/python3.8/site-packages/airflow/example_dags/tutorial_etl_dag.py for tasks to queue
[2022-01-28 22:10:58,697] {logging_mixin.py:109} INFO - [2022-01-28 22:10:58,697] {dagbag.py:500} INFO - Filling up the DagBag from /home/data-eginner/Documents/Soccer_Data/env/lib/python3.8/site-packages/airflow/example_dags/tutorial_etl_dag.py
[2022-01-28 22:10:58,725] {processor.py:654} INFO - DAG(s) dict_keys(['tutorial_etl_dag']) retrieved from /home/data-eginner/Documents/Soccer_Data/env/lib/python3.8/site-packages/airflow/example_dags/tutorial_etl_dag.py
[2022-01-28 22:10:58,733] {logging_mixin.py:109} INFO - [2022-01-28 22:10:58,733] {dag.py:2396} INFO - Sync 1 DAGs
[2022-01-28 22:10:58,744] {logging_mixin.py:109} INFO - [2022-01-28 22:10:58,744] {dag.py:2935} INFO - Setting next_dagrun for tutorial_etl_dag to None
[2022-01-28 22:10:58,773] {processor.py:171} INFO - Processing /home/data-eginner/Documents/Soccer_Data/env/lib/python3.8/site-packages/airflow/example_dags/tutorial_etl_dag.py took 0.084 seconds
[2022-01-28 22:11:37,184] {processor.py:163} INFO - Started process (PID=28342) to work on /home/data-eginner/Documents/Soccer_Data/env/lib/python3.8/site-packages/airflow/example_dags/tutorial_etl_dag.py
[2022-01-28 22:11:37,188] {processor.py:642} INFO - Processing file /home/data-eginner/Documents/Soccer_Data/env/lib/python3.8/site-packages/airflow/example_dags/tutorial_etl_dag.py for tasks to queue
[2022-01-28 22:11:37,188] {logging_mixin.py:109} INFO - [2022-01-28 22:11:37,188] {dagbag.py:500} INFO - Filling up the DagBag from /home/data-eginner/Documents/Soccer_Data/env/lib/python3.8/site-packages/airflow/example_dags/tutorial_etl_dag.py
[2022-01-28 22:11:37,207] {processor.py:654} INFO - DAG(s) dict_keys(['tutorial_etl_dag']) retrieved from /home/data-eginner/Documents/Soccer_Data/env/lib/python3.8/site-packages/airflow/example_dags/tutorial_etl_dag.py
[2022-01-28 22:11:37,217] {logging_mixin.py:109} INFO - [2022-01-28 22:11:37,216] {dag.py:2396} INFO - Sync 1 DAGs
[2022-01-28 22:11:37,228] {logging_mixin.py:109} INFO - [2022-01-28 22:11:37,227] {dag.py:2935} INFO - Setting next_dagrun for tutorial_etl_dag to None
[2022-01-28 22:11:37,245] {processor.py:171} INFO - Processing /home/data-eginner/Documents/Soccer_Data/env/lib/python3.8/site-packages/airflow/example_dags/tutorial_etl_dag.py took 0.063 seconds
[2022-01-28 22:12:17,306] {processor.py:163} INFO - Started process (PID=28518) to work on /home/data-eginner/Documents/Soccer_Data/env/lib/python3.8/site-packages/airflow/example_dags/tutorial_etl_dag.py
[2022-01-28 22:12:17,320] {processor.py:642} INFO - Processing file /home/data-eginner/Documents/Soccer_Data/env/lib/python3.8/site-packages/airflow/example_dags/tutorial_etl_dag.py for tasks to queue
[2022-01-28 22:12:17,321] {logging_mixin.py:109} INFO - [2022-01-28 22:12:17,321] {dagbag.py:500} INFO - Filling up the DagBag from /home/data-eginner/Documents/Soccer_Data/env/lib/python3.8/site-packages/airflow/example_dags/tutorial_etl_dag.py
[2022-01-28 22:12:17,361] {processor.py:654} INFO - DAG(s) dict_keys(['tutorial_etl_dag']) retrieved from /home/data-eginner/Documents/Soccer_Data/env/lib/python3.8/site-packages/airflow/example_dags/tutorial_etl_dag.py
[2022-01-28 22:12:17,387] {logging_mixin.py:109} INFO - [2022-01-28 22:12:17,387] {dag.py:2396} INFO - Sync 1 DAGs
[2022-01-28 22:12:17,406] {logging_mixin.py:109} INFO - [2022-01-28 22:12:17,406] {dag.py:2935} INFO - Setting next_dagrun for tutorial_etl_dag to None
[2022-01-28 22:12:17,474] {processor.py:171} INFO - Processing /home/data-eginner/Documents/Soccer_Data/env/lib/python3.8/site-packages/airflow/example_dags/tutorial_etl_dag.py took 0.170 seconds
[2022-01-28 22:13:04,304] {processor.py:163} INFO - Started process (PID=28694) to work on /home/data-eginner/Documents/Soccer_Data/env/lib/python3.8/site-packages/airflow/example_dags/tutorial_etl_dag.py
[2022-01-28 22:13:04,311] {processor.py:642} INFO - Processing file /home/data-eginner/Documents/Soccer_Data/env/lib/python3.8/site-packages/airflow/example_dags/tutorial_etl_dag.py for tasks to queue
[2022-01-28 22:13:04,311] {logging_mixin.py:109} INFO - [2022-01-28 22:13:04,311] {dagbag.py:500} INFO - Filling up the DagBag from /home/data-eginner/Documents/Soccer_Data/env/lib/python3.8/site-packages/airflow/example_dags/tutorial_etl_dag.py
[2022-01-28 22:13:04,347] {processor.py:654} INFO - DAG(s) dict_keys(['tutorial_etl_dag']) retrieved from /home/data-eginner/Documents/Soccer_Data/env/lib/python3.8/site-packages/airflow/example_dags/tutorial_etl_dag.py
[2022-01-28 22:13:04,360] {logging_mixin.py:109} INFO - [2022-01-28 22:13:04,360] {dag.py:2396} INFO - Sync 1 DAGs
[2022-01-28 22:13:04,381] {logging_mixin.py:109} INFO - [2022-01-28 22:13:04,381] {dag.py:2935} INFO - Setting next_dagrun for tutorial_etl_dag to None
[2022-01-28 22:13:04,421] {processor.py:171} INFO - Processing /home/data-eginner/Documents/Soccer_Data/env/lib/python3.8/site-packages/airflow/example_dags/tutorial_etl_dag.py took 0.120 seconds
[2022-01-28 22:13:45,876] {processor.py:163} INFO - Started process (PID=28864) to work on /home/data-eginner/Documents/Soccer_Data/env/lib/python3.8/site-packages/airflow/example_dags/tutorial_etl_dag.py
[2022-01-28 22:13:45,882] {processor.py:642} INFO - Processing file /home/data-eginner/Documents/Soccer_Data/env/lib/python3.8/site-packages/airflow/example_dags/tutorial_etl_dag.py for tasks to queue
[2022-01-28 22:13:45,883] {logging_mixin.py:109} INFO - [2022-01-28 22:13:45,883] {dagbag.py:500} INFO - Filling up the DagBag from /home/data-eginner/Documents/Soccer_Data/env/lib/python3.8/site-packages/airflow/example_dags/tutorial_etl_dag.py
[2022-01-28 22:13:45,978] {processor.py:654} INFO - DAG(s) dict_keys(['tutorial_etl_dag']) retrieved from /home/data-eginner/Documents/Soccer_Data/env/lib/python3.8/site-packages/airflow/example_dags/tutorial_etl_dag.py
[2022-01-28 22:13:46,009] {logging_mixin.py:109} INFO - [2022-01-28 22:13:46,009] {dag.py:2396} INFO - Sync 1 DAGs
[2022-01-28 22:13:46,063] {logging_mixin.py:109} INFO - [2022-01-28 22:13:46,063] {dag.py:2935} INFO - Setting next_dagrun for tutorial_etl_dag to None
[2022-01-28 22:13:46,094] {processor.py:171} INFO - Processing /home/data-eginner/Documents/Soccer_Data/env/lib/python3.8/site-packages/airflow/example_dags/tutorial_etl_dag.py took 0.265 seconds
[2022-01-28 22:14:35,978] {processor.py:163} INFO - Started process (PID=29053) to work on /home/data-eginner/Documents/Soccer_Data/env/lib/python3.8/site-packages/airflow/example_dags/tutorial_etl_dag.py
[2022-01-28 22:14:35,989] {processor.py:642} INFO - Processing file /home/data-eginner/Documents/Soccer_Data/env/lib/python3.8/site-packages/airflow/example_dags/tutorial_etl_dag.py for tasks to queue
[2022-01-28 22:14:35,989] {logging_mixin.py:109} INFO - [2022-01-28 22:14:35,989] {dagbag.py:500} INFO - Filling up the DagBag from /home/data-eginner/Documents/Soccer_Data/env/lib/python3.8/site-packages/airflow/example_dags/tutorial_etl_dag.py
[2022-01-28 22:14:36,034] {processor.py:654} INFO - DAG(s) dict_keys(['tutorial_etl_dag']) retrieved from /home/data-eginner/Documents/Soccer_Data/env/lib/python3.8/site-packages/airflow/example_dags/tutorial_etl_dag.py
[2022-01-28 22:14:36,055] {logging_mixin.py:109} INFO - [2022-01-28 22:14:36,055] {dag.py:2396} INFO - Sync 1 DAGs
[2022-01-28 22:14:36,077] {logging_mixin.py:109} INFO - [2022-01-28 22:14:36,076] {dag.py:2935} INFO - Setting next_dagrun for tutorial_etl_dag to None
[2022-01-28 22:14:36,133] {processor.py:171} INFO - Processing /home/data-eginner/Documents/Soccer_Data/env/lib/python3.8/site-packages/airflow/example_dags/tutorial_etl_dag.py took 0.177 seconds
[2022-01-28 22:15:17,097] {processor.py:163} INFO - Started process (PID=29213) to work on /home/data-eginner/Documents/Soccer_Data/env/lib/python3.8/site-packages/airflow/example_dags/tutorial_etl_dag.py
[2022-01-28 22:15:17,111] {processor.py:642} INFO - Processing file /home/data-eginner/Documents/Soccer_Data/env/lib/python3.8/site-packages/airflow/example_dags/tutorial_etl_dag.py for tasks to queue
[2022-01-28 22:15:17,113] {logging_mixin.py:109} INFO - [2022-01-28 22:15:17,113] {dagbag.py:500} INFO - Filling up the DagBag from /home/data-eginner/Documents/Soccer_Data/env/lib/python3.8/site-packages/airflow/example_dags/tutorial_etl_dag.py
[2022-01-28 22:15:17,203] {processor.py:654} INFO - DAG(s) dict_keys(['tutorial_etl_dag']) retrieved from /home/data-eginner/Documents/Soccer_Data/env/lib/python3.8/site-packages/airflow/example_dags/tutorial_etl_dag.py
[2022-01-28 22:15:17,249] {logging_mixin.py:109} INFO - [2022-01-28 22:15:17,249] {dag.py:2396} INFO - Sync 1 DAGs
[2022-01-28 22:15:17,284] {logging_mixin.py:109} INFO - [2022-01-28 22:15:17,284] {dag.py:2935} INFO - Setting next_dagrun for tutorial_etl_dag to None
[2022-01-28 22:15:17,344] {processor.py:171} INFO - Processing /home/data-eginner/Documents/Soccer_Data/env/lib/python3.8/site-packages/airflow/example_dags/tutorial_etl_dag.py took 0.268 seconds
[2022-01-28 22:16:02,193] {processor.py:163} INFO - Started process (PID=29363) to work on /home/data-eginner/Documents/Soccer_Data/env/lib/python3.8/site-packages/airflow/example_dags/tutorial_etl_dag.py
[2022-01-28 22:16:02,223] {processor.py:642} INFO - Processing file /home/data-eginner/Documents/Soccer_Data/env/lib/python3.8/site-packages/airflow/example_dags/tutorial_etl_dag.py for tasks to queue
[2022-01-28 22:16:02,223] {logging_mixin.py:109} INFO - [2022-01-28 22:16:02,223] {dagbag.py:500} INFO - Filling up the DagBag from /home/data-eginner/Documents/Soccer_Data/env/lib/python3.8/site-packages/airflow/example_dags/tutorial_etl_dag.py
[2022-01-28 22:16:02,288] {processor.py:654} INFO - DAG(s) dict_keys(['tutorial_etl_dag']) retrieved from /home/data-eginner/Documents/Soccer_Data/env/lib/python3.8/site-packages/airflow/example_dags/tutorial_etl_dag.py
[2022-01-28 22:16:02,328] {logging_mixin.py:109} INFO - [2022-01-28 22:16:02,328] {dag.py:2396} INFO - Sync 1 DAGs
[2022-01-28 22:16:02,371] {logging_mixin.py:109} INFO - [2022-01-28 22:16:02,371] {dag.py:2935} INFO - Setting next_dagrun for tutorial_etl_dag to None
[2022-01-28 22:16:02,411] {processor.py:171} INFO - Processing /home/data-eginner/Documents/Soccer_Data/env/lib/python3.8/site-packages/airflow/example_dags/tutorial_etl_dag.py took 0.220 seconds
[2022-01-28 22:16:39,924] {processor.py:163} INFO - Started process (PID=29509) to work on /home/data-eginner/Documents/Soccer_Data/env/lib/python3.8/site-packages/airflow/example_dags/tutorial_etl_dag.py
[2022-01-28 22:16:39,942] {processor.py:642} INFO - Processing file /home/data-eginner/Documents/Soccer_Data/env/lib/python3.8/site-packages/airflow/example_dags/tutorial_etl_dag.py for tasks to queue
[2022-01-28 22:16:39,942] {logging_mixin.py:109} INFO - [2022-01-28 22:16:39,942] {dagbag.py:500} INFO - Filling up the DagBag from /home/data-eginner/Documents/Soccer_Data/env/lib/python3.8/site-packages/airflow/example_dags/tutorial_etl_dag.py
[2022-01-28 22:16:40,010] {processor.py:654} INFO - DAG(s) dict_keys(['tutorial_etl_dag']) retrieved from /home/data-eginner/Documents/Soccer_Data/env/lib/python3.8/site-packages/airflow/example_dags/tutorial_etl_dag.py
[2022-01-28 22:16:40,040] {logging_mixin.py:109} INFO - [2022-01-28 22:16:40,040] {dag.py:2396} INFO - Sync 1 DAGs
[2022-01-28 22:16:40,065] {logging_mixin.py:109} INFO - [2022-01-28 22:16:40,064] {dag.py:2935} INFO - Setting next_dagrun for tutorial_etl_dag to None
[2022-01-28 22:16:40,120] {processor.py:171} INFO - Processing /home/data-eginner/Documents/Soccer_Data/env/lib/python3.8/site-packages/airflow/example_dags/tutorial_etl_dag.py took 0.199 seconds
[2022-01-28 22:17:44,311] {processor.py:163} INFO - Started process (PID=29750) to work on /home/data-eginner/Documents/Soccer_Data/env/lib/python3.8/site-packages/airflow/example_dags/tutorial_etl_dag.py
[2022-01-28 22:17:44,331] {processor.py:642} INFO - Processing file /home/data-eginner/Documents/Soccer_Data/env/lib/python3.8/site-packages/airflow/example_dags/tutorial_etl_dag.py for tasks to queue
[2022-01-28 22:17:44,331] {logging_mixin.py:109} INFO - [2022-01-28 22:17:44,331] {dagbag.py:500} INFO - Filling up the DagBag from /home/data-eginner/Documents/Soccer_Data/env/lib/python3.8/site-packages/airflow/example_dags/tutorial_etl_dag.py
[2022-01-28 22:17:44,357] {processor.py:654} INFO - DAG(s) dict_keys(['tutorial_etl_dag']) retrieved from /home/data-eginner/Documents/Soccer_Data/env/lib/python3.8/site-packages/airflow/example_dags/tutorial_etl_dag.py
[2022-01-28 22:17:44,368] {logging_mixin.py:109} INFO - [2022-01-28 22:17:44,368] {dag.py:2396} INFO - Sync 1 DAGs
[2022-01-28 22:17:44,387] {logging_mixin.py:109} INFO - [2022-01-28 22:17:44,387] {dag.py:2935} INFO - Setting next_dagrun for tutorial_etl_dag to None
[2022-01-28 22:17:44,418] {processor.py:171} INFO - Processing /home/data-eginner/Documents/Soccer_Data/env/lib/python3.8/site-packages/airflow/example_dags/tutorial_etl_dag.py took 0.111 seconds
[2022-01-28 22:18:21,170] {processor.py:163} INFO - Started process (PID=29907) to work on /home/data-eginner/Documents/Soccer_Data/env/lib/python3.8/site-packages/airflow/example_dags/tutorial_etl_dag.py
[2022-01-28 22:18:21,172] {processor.py:642} INFO - Processing file /home/data-eginner/Documents/Soccer_Data/env/lib/python3.8/site-packages/airflow/example_dags/tutorial_etl_dag.py for tasks to queue
[2022-01-28 22:18:21,173] {logging_mixin.py:109} INFO - [2022-01-28 22:18:21,173] {dagbag.py:500} INFO - Filling up the DagBag from /home/data-eginner/Documents/Soccer_Data/env/lib/python3.8/site-packages/airflow/example_dags/tutorial_etl_dag.py
[2022-01-28 22:18:21,233] {processor.py:654} INFO - DAG(s) dict_keys(['tutorial_etl_dag']) retrieved from /home/data-eginner/Documents/Soccer_Data/env/lib/python3.8/site-packages/airflow/example_dags/tutorial_etl_dag.py
[2022-01-28 22:18:21,252] {logging_mixin.py:109} INFO - [2022-01-28 22:18:21,252] {dag.py:2396} INFO - Sync 1 DAGs
[2022-01-28 22:18:21,275] {logging_mixin.py:109} INFO - [2022-01-28 22:18:21,274] {dag.py:2935} INFO - Setting next_dagrun for tutorial_etl_dag to None
[2022-01-28 22:18:21,306] {processor.py:171} INFO - Processing /home/data-eginner/Documents/Soccer_Data/env/lib/python3.8/site-packages/airflow/example_dags/tutorial_etl_dag.py took 0.139 seconds
[2022-01-28 22:19:08,753] {processor.py:163} INFO - Started process (PID=30093) to work on /home/data-eginner/Documents/Soccer_Data/env/lib/python3.8/site-packages/airflow/example_dags/tutorial_etl_dag.py
[2022-01-28 22:19:08,776] {processor.py:642} INFO - Processing file /home/data-eginner/Documents/Soccer_Data/env/lib/python3.8/site-packages/airflow/example_dags/tutorial_etl_dag.py for tasks to queue
[2022-01-28 22:19:08,776] {logging_mixin.py:109} INFO - [2022-01-28 22:19:08,776] {dagbag.py:500} INFO - Filling up the DagBag from /home/data-eginner/Documents/Soccer_Data/env/lib/python3.8/site-packages/airflow/example_dags/tutorial_etl_dag.py
[2022-01-28 22:19:08,813] {processor.py:654} INFO - DAG(s) dict_keys(['tutorial_etl_dag']) retrieved from /home/data-eginner/Documents/Soccer_Data/env/lib/python3.8/site-packages/airflow/example_dags/tutorial_etl_dag.py
[2022-01-28 22:19:08,827] {logging_mixin.py:109} INFO - [2022-01-28 22:19:08,827] {dag.py:2396} INFO - Sync 1 DAGs
[2022-01-28 22:19:08,847] {logging_mixin.py:109} INFO - [2022-01-28 22:19:08,847] {dag.py:2935} INFO - Setting next_dagrun for tutorial_etl_dag to None
[2022-01-28 22:19:08,874] {processor.py:171} INFO - Processing /home/data-eginner/Documents/Soccer_Data/env/lib/python3.8/site-packages/airflow/example_dags/tutorial_etl_dag.py took 0.123 seconds
[2022-01-28 22:20:14,909] {processor.py:163} INFO - Started process (PID=30353) to work on /home/data-eginner/Documents/Soccer_Data/env/lib/python3.8/site-packages/airflow/example_dags/tutorial_etl_dag.py
[2022-01-28 22:20:14,917] {processor.py:642} INFO - Processing file /home/data-eginner/Documents/Soccer_Data/env/lib/python3.8/site-packages/airflow/example_dags/tutorial_etl_dag.py for tasks to queue
[2022-01-28 22:20:14,917] {logging_mixin.py:109} INFO - [2022-01-28 22:20:14,917] {dagbag.py:500} INFO - Filling up the DagBag from /home/data-eginner/Documents/Soccer_Data/env/lib/python3.8/site-packages/airflow/example_dags/tutorial_etl_dag.py
[2022-01-28 22:20:15,019] {processor.py:654} INFO - DAG(s) dict_keys(['tutorial_etl_dag']) retrieved from /home/data-eginner/Documents/Soccer_Data/env/lib/python3.8/site-packages/airflow/example_dags/tutorial_etl_dag.py
[2022-01-28 22:20:15,050] {logging_mixin.py:109} INFO - [2022-01-28 22:20:15,050] {dag.py:2396} INFO - Sync 1 DAGs
[2022-01-28 22:20:15,117] {logging_mixin.py:109} INFO - [2022-01-28 22:20:15,117] {dag.py:2935} INFO - Setting next_dagrun for tutorial_etl_dag to None
[2022-01-28 22:20:15,143] {processor.py:171} INFO - Processing /home/data-eginner/Documents/Soccer_Data/env/lib/python3.8/site-packages/airflow/example_dags/tutorial_etl_dag.py took 0.251 seconds
[2022-01-28 22:20:55,440] {processor.py:163} INFO - Started process (PID=30531) to work on /home/data-eginner/Documents/Soccer_Data/env/lib/python3.8/site-packages/airflow/example_dags/tutorial_etl_dag.py
[2022-01-28 22:20:55,443] {processor.py:642} INFO - Processing file /home/data-eginner/Documents/Soccer_Data/env/lib/python3.8/site-packages/airflow/example_dags/tutorial_etl_dag.py for tasks to queue
[2022-01-28 22:20:55,444] {logging_mixin.py:109} INFO - [2022-01-28 22:20:55,444] {dagbag.py:500} INFO - Filling up the DagBag from /home/data-eginner/Documents/Soccer_Data/env/lib/python3.8/site-packages/airflow/example_dags/tutorial_etl_dag.py
[2022-01-28 22:20:55,463] {processor.py:654} INFO - DAG(s) dict_keys(['tutorial_etl_dag']) retrieved from /home/data-eginner/Documents/Soccer_Data/env/lib/python3.8/site-packages/airflow/example_dags/tutorial_etl_dag.py
[2022-01-28 22:20:55,472] {logging_mixin.py:109} INFO - [2022-01-28 22:20:55,472] {dag.py:2396} INFO - Sync 1 DAGs
[2022-01-28 22:20:55,484] {logging_mixin.py:109} INFO - [2022-01-28 22:20:55,484] {dag.py:2935} INFO - Setting next_dagrun for tutorial_etl_dag to None
[2022-01-28 22:20:55,504] {processor.py:171} INFO - Processing /home/data-eginner/Documents/Soccer_Data/env/lib/python3.8/site-packages/airflow/example_dags/tutorial_etl_dag.py took 0.073 seconds
[2022-01-28 22:21:33,118] {processor.py:163} INFO - Started process (PID=30687) to work on /home/data-eginner/Documents/Soccer_Data/env/lib/python3.8/site-packages/airflow/example_dags/tutorial_etl_dag.py
[2022-01-28 22:21:33,132] {processor.py:642} INFO - Processing file /home/data-eginner/Documents/Soccer_Data/env/lib/python3.8/site-packages/airflow/example_dags/tutorial_etl_dag.py for tasks to queue
[2022-01-28 22:21:33,133] {logging_mixin.py:109} INFO - [2022-01-28 22:21:33,133] {dagbag.py:500} INFO - Filling up the DagBag from /home/data-eginner/Documents/Soccer_Data/env/lib/python3.8/site-packages/airflow/example_dags/tutorial_etl_dag.py
[2022-01-28 22:21:33,163] {processor.py:654} INFO - DAG(s) dict_keys(['tutorial_etl_dag']) retrieved from /home/data-eginner/Documents/Soccer_Data/env/lib/python3.8/site-packages/airflow/example_dags/tutorial_etl_dag.py
[2022-01-28 22:21:33,173] {logging_mixin.py:109} INFO - [2022-01-28 22:21:33,173] {dag.py:2396} INFO - Sync 1 DAGs
[2022-01-28 22:21:33,183] {logging_mixin.py:109} INFO - [2022-01-28 22:21:33,183] {dag.py:2935} INFO - Setting next_dagrun for tutorial_etl_dag to None
[2022-01-28 22:21:33,201] {processor.py:171} INFO - Processing /home/data-eginner/Documents/Soccer_Data/env/lib/python3.8/site-packages/airflow/example_dags/tutorial_etl_dag.py took 0.086 seconds
[2022-01-28 22:22:08,802] {processor.py:163} INFO - Started process (PID=30848) to work on /home/data-eginner/Documents/Soccer_Data/env/lib/python3.8/site-packages/airflow/example_dags/tutorial_etl_dag.py
[2022-01-28 22:22:08,827] {processor.py:642} INFO - Processing file /home/data-eginner/Documents/Soccer_Data/env/lib/python3.8/site-packages/airflow/example_dags/tutorial_etl_dag.py for tasks to queue
[2022-01-28 22:22:08,831] {logging_mixin.py:109} INFO - [2022-01-28 22:22:08,831] {dagbag.py:500} INFO - Filling up the DagBag from /home/data-eginner/Documents/Soccer_Data/env/lib/python3.8/site-packages/airflow/example_dags/tutorial_etl_dag.py
[2022-01-28 22:22:08,872] {processor.py:654} INFO - DAG(s) dict_keys(['tutorial_etl_dag']) retrieved from /home/data-eginner/Documents/Soccer_Data/env/lib/python3.8/site-packages/airflow/example_dags/tutorial_etl_dag.py
[2022-01-28 22:22:08,879] {logging_mixin.py:109} INFO - [2022-01-28 22:22:08,879] {dag.py:2396} INFO - Sync 1 DAGs
[2022-01-28 22:22:08,914] {logging_mixin.py:109} INFO - [2022-01-28 22:22:08,901] {dag.py:2935} INFO - Setting next_dagrun for tutorial_etl_dag to None
[2022-01-28 22:22:08,928] {processor.py:171} INFO - Processing /home/data-eginner/Documents/Soccer_Data/env/lib/python3.8/site-packages/airflow/example_dags/tutorial_etl_dag.py took 0.130 seconds
