[2022-01-28 21:07:58,792] {processor.py:163} INFO - Started process (PID=19677) to work on /home/data-eginner/Documents/Soccer_Data/env/lib/python3.8/site-packages/airflow/example_dags/tutorial.py
[2022-01-28 21:07:58,793] {processor.py:642} INFO - Processing file /home/data-eginner/Documents/Soccer_Data/env/lib/python3.8/site-packages/airflow/example_dags/tutorial.py for tasks to queue
[2022-01-28 21:07:58,793] {logging_mixin.py:109} INFO - [2022-01-28 21:07:58,793] {dagbag.py:500} INFO - Filling up the DagBag from /home/data-eginner/Documents/Soccer_Data/env/lib/python3.8/site-packages/airflow/example_dags/tutorial.py
[2022-01-28 21:07:58,898] {processor.py:654} INFO - DAG(s) dict_keys(['tutorial']) retrieved from /home/data-eginner/Documents/Soccer_Data/env/lib/python3.8/site-packages/airflow/example_dags/tutorial.py
[2022-01-28 21:07:58,931] {logging_mixin.py:109} INFO - [2022-01-28 21:07:58,931] {dag.py:2396} INFO - Sync 1 DAGs
[2022-01-28 21:07:58,975] {logging_mixin.py:109} INFO - [2022-01-28 21:07:58,974] {dag.py:2935} INFO - Setting next_dagrun for tutorial to 2022-01-28T00:07:58.974690+00:00
[2022-01-28 21:07:59,036] {processor.py:171} INFO - Processing /home/data-eginner/Documents/Soccer_Data/env/lib/python3.8/site-packages/airflow/example_dags/tutorial.py took 0.247 seconds
[2022-01-28 21:08:45,570] {processor.py:163} INFO - Started process (PID=19862) to work on /home/data-eginner/Documents/Soccer_Data/env/lib/python3.8/site-packages/airflow/example_dags/tutorial.py
[2022-01-28 21:08:45,590] {processor.py:642} INFO - Processing file /home/data-eginner/Documents/Soccer_Data/env/lib/python3.8/site-packages/airflow/example_dags/tutorial.py for tasks to queue
[2022-01-28 21:08:45,590] {logging_mixin.py:109} INFO - [2022-01-28 21:08:45,590] {dagbag.py:500} INFO - Filling up the DagBag from /home/data-eginner/Documents/Soccer_Data/env/lib/python3.8/site-packages/airflow/example_dags/tutorial.py
[2022-01-28 21:08:45,639] {processor.py:654} INFO - DAG(s) dict_keys(['tutorial']) retrieved from /home/data-eginner/Documents/Soccer_Data/env/lib/python3.8/site-packages/airflow/example_dags/tutorial.py
[2022-01-28 21:08:45,661] {logging_mixin.py:109} INFO - [2022-01-28 21:08:45,661] {dag.py:2396} INFO - Sync 1 DAGs
[2022-01-28 21:08:45,698] {logging_mixin.py:109} INFO - [2022-01-28 21:08:45,698] {dag.py:2935} INFO - Setting next_dagrun for tutorial to 2022-01-28T00:08:45.697849+00:00
[2022-01-28 21:08:45,735] {processor.py:171} INFO - Processing /home/data-eginner/Documents/Soccer_Data/env/lib/python3.8/site-packages/airflow/example_dags/tutorial.py took 0.168 seconds
[2022-01-28 21:09:34,515] {processor.py:163} INFO - Started process (PID=20041) to work on /home/data-eginner/Documents/Soccer_Data/env/lib/python3.8/site-packages/airflow/example_dags/tutorial.py
[2022-01-28 21:09:34,536] {processor.py:642} INFO - Processing file /home/data-eginner/Documents/Soccer_Data/env/lib/python3.8/site-packages/airflow/example_dags/tutorial.py for tasks to queue
[2022-01-28 21:09:34,537] {logging_mixin.py:109} INFO - [2022-01-28 21:09:34,537] {dagbag.py:500} INFO - Filling up the DagBag from /home/data-eginner/Documents/Soccer_Data/env/lib/python3.8/site-packages/airflow/example_dags/tutorial.py
[2022-01-28 21:09:34,619] {processor.py:654} INFO - DAG(s) dict_keys(['tutorial']) retrieved from /home/data-eginner/Documents/Soccer_Data/env/lib/python3.8/site-packages/airflow/example_dags/tutorial.py
[2022-01-28 21:09:34,662] {logging_mixin.py:109} INFO - [2022-01-28 21:09:34,662] {dag.py:2396} INFO - Sync 1 DAGs
[2022-01-28 21:09:34,711] {logging_mixin.py:109} INFO - [2022-01-28 21:09:34,711] {dag.py:2935} INFO - Setting next_dagrun for tutorial to 2022-01-28T00:09:34.710753+00:00
[2022-01-28 21:09:34,755] {processor.py:171} INFO - Processing /home/data-eginner/Documents/Soccer_Data/env/lib/python3.8/site-packages/airflow/example_dags/tutorial.py took 0.277 seconds
[2022-01-28 21:10:15,891] {processor.py:163} INFO - Started process (PID=20190) to work on /home/data-eginner/Documents/Soccer_Data/env/lib/python3.8/site-packages/airflow/example_dags/tutorial.py
[2022-01-28 21:10:15,942] {processor.py:642} INFO - Processing file /home/data-eginner/Documents/Soccer_Data/env/lib/python3.8/site-packages/airflow/example_dags/tutorial.py for tasks to queue
[2022-01-28 21:10:15,943] {logging_mixin.py:109} INFO - [2022-01-28 21:10:15,943] {dagbag.py:500} INFO - Filling up the DagBag from /home/data-eginner/Documents/Soccer_Data/env/lib/python3.8/site-packages/airflow/example_dags/tutorial.py
[2022-01-28 21:10:15,967] {processor.py:654} INFO - DAG(s) dict_keys(['tutorial']) retrieved from /home/data-eginner/Documents/Soccer_Data/env/lib/python3.8/site-packages/airflow/example_dags/tutorial.py
[2022-01-28 21:10:15,981] {logging_mixin.py:109} INFO - [2022-01-28 21:10:15,981] {dag.py:2396} INFO - Sync 1 DAGs
[2022-01-28 21:10:15,996] {logging_mixin.py:109} INFO - [2022-01-28 21:10:15,996] {dag.py:2935} INFO - Setting next_dagrun for tutorial to 2022-01-28T00:10:15.996236+00:00
[2022-01-28 21:10:16,044] {processor.py:171} INFO - Processing /home/data-eginner/Documents/Soccer_Data/env/lib/python3.8/site-packages/airflow/example_dags/tutorial.py took 0.161 seconds
[2022-01-28 21:10:54,104] {processor.py:163} INFO - Started process (PID=20353) to work on /home/data-eginner/Documents/Soccer_Data/env/lib/python3.8/site-packages/airflow/example_dags/tutorial.py
[2022-01-28 21:10:54,113] {processor.py:642} INFO - Processing file /home/data-eginner/Documents/Soccer_Data/env/lib/python3.8/site-packages/airflow/example_dags/tutorial.py for tasks to queue
[2022-01-28 21:10:54,113] {logging_mixin.py:109} INFO - [2022-01-28 21:10:54,113] {dagbag.py:500} INFO - Filling up the DagBag from /home/data-eginner/Documents/Soccer_Data/env/lib/python3.8/site-packages/airflow/example_dags/tutorial.py
[2022-01-28 21:10:54,168] {processor.py:654} INFO - DAG(s) dict_keys(['tutorial']) retrieved from /home/data-eginner/Documents/Soccer_Data/env/lib/python3.8/site-packages/airflow/example_dags/tutorial.py
[2022-01-28 21:10:54,176] {logging_mixin.py:109} INFO - [2022-01-28 21:10:54,176] {dag.py:2396} INFO - Sync 1 DAGs
[2022-01-28 21:10:54,199] {logging_mixin.py:109} INFO - [2022-01-28 21:10:54,199] {dag.py:2935} INFO - Setting next_dagrun for tutorial to 2022-01-28T00:10:54.199290+00:00
[2022-01-28 21:10:54,219] {processor.py:171} INFO - Processing /home/data-eginner/Documents/Soccer_Data/env/lib/python3.8/site-packages/airflow/example_dags/tutorial.py took 0.126 seconds
[2022-01-28 21:11:27,766] {processor.py:163} INFO - Started process (PID=20479) to work on /home/data-eginner/Documents/Soccer_Data/env/lib/python3.8/site-packages/airflow/example_dags/tutorial.py
[2022-01-28 21:11:27,769] {processor.py:642} INFO - Processing file /home/data-eginner/Documents/Soccer_Data/env/lib/python3.8/site-packages/airflow/example_dags/tutorial.py for tasks to queue
[2022-01-28 21:11:27,769] {logging_mixin.py:109} INFO - [2022-01-28 21:11:27,769] {dagbag.py:500} INFO - Filling up the DagBag from /home/data-eginner/Documents/Soccer_Data/env/lib/python3.8/site-packages/airflow/example_dags/tutorial.py
[2022-01-28 21:11:27,801] {processor.py:654} INFO - DAG(s) dict_keys(['tutorial']) retrieved from /home/data-eginner/Documents/Soccer_Data/env/lib/python3.8/site-packages/airflow/example_dags/tutorial.py
[2022-01-28 21:11:27,815] {logging_mixin.py:109} INFO - [2022-01-28 21:11:27,815] {dag.py:2396} INFO - Sync 1 DAGs
[2022-01-28 21:11:27,831] {logging_mixin.py:109} INFO - [2022-01-28 21:11:27,831] {dag.py:2935} INFO - Setting next_dagrun for tutorial to 2022-01-28T00:11:27.831248+00:00
[2022-01-28 21:11:27,853] {processor.py:171} INFO - Processing /home/data-eginner/Documents/Soccer_Data/env/lib/python3.8/site-packages/airflow/example_dags/tutorial.py took 0.089 seconds
[2022-01-28 21:12:06,522] {processor.py:163} INFO - Started process (PID=20634) to work on /home/data-eginner/Documents/Soccer_Data/env/lib/python3.8/site-packages/airflow/example_dags/tutorial.py
[2022-01-28 21:12:06,527] {processor.py:642} INFO - Processing file /home/data-eginner/Documents/Soccer_Data/env/lib/python3.8/site-packages/airflow/example_dags/tutorial.py for tasks to queue
[2022-01-28 21:12:06,528] {logging_mixin.py:109} INFO - [2022-01-28 21:12:06,528] {dagbag.py:500} INFO - Filling up the DagBag from /home/data-eginner/Documents/Soccer_Data/env/lib/python3.8/site-packages/airflow/example_dags/tutorial.py
[2022-01-28 21:12:06,554] {processor.py:654} INFO - DAG(s) dict_keys(['tutorial']) retrieved from /home/data-eginner/Documents/Soccer_Data/env/lib/python3.8/site-packages/airflow/example_dags/tutorial.py
[2022-01-28 21:12:06,565] {logging_mixin.py:109} INFO - [2022-01-28 21:12:06,565] {dag.py:2396} INFO - Sync 1 DAGs
[2022-01-28 21:12:06,577] {logging_mixin.py:109} INFO - [2022-01-28 21:12:06,577] {dag.py:2935} INFO - Setting next_dagrun for tutorial to 2022-01-28T00:12:06.577545+00:00
[2022-01-28 21:12:06,612] {processor.py:171} INFO - Processing /home/data-eginner/Documents/Soccer_Data/env/lib/python3.8/site-packages/airflow/example_dags/tutorial.py took 0.093 seconds
[2022-01-28 21:12:43,320] {processor.py:163} INFO - Started process (PID=20774) to work on /home/data-eginner/Documents/Soccer_Data/env/lib/python3.8/site-packages/airflow/example_dags/tutorial.py
[2022-01-28 21:12:43,343] {processor.py:642} INFO - Processing file /home/data-eginner/Documents/Soccer_Data/env/lib/python3.8/site-packages/airflow/example_dags/tutorial.py for tasks to queue
[2022-01-28 21:12:43,344] {logging_mixin.py:109} INFO - [2022-01-28 21:12:43,343] {dagbag.py:500} INFO - Filling up the DagBag from /home/data-eginner/Documents/Soccer_Data/env/lib/python3.8/site-packages/airflow/example_dags/tutorial.py
[2022-01-28 21:12:43,370] {processor.py:654} INFO - DAG(s) dict_keys(['tutorial']) retrieved from /home/data-eginner/Documents/Soccer_Data/env/lib/python3.8/site-packages/airflow/example_dags/tutorial.py
[2022-01-28 21:12:43,378] {logging_mixin.py:109} INFO - [2022-01-28 21:12:43,378] {dag.py:2396} INFO - Sync 1 DAGs
[2022-01-28 21:12:43,395] {logging_mixin.py:109} INFO - [2022-01-28 21:12:43,395] {dag.py:2935} INFO - Setting next_dagrun for tutorial to 2022-01-28T00:12:43.394827+00:00
[2022-01-28 21:12:43,445] {processor.py:171} INFO - Processing /home/data-eginner/Documents/Soccer_Data/env/lib/python3.8/site-packages/airflow/example_dags/tutorial.py took 0.128 seconds
[2022-01-28 21:13:19,671] {processor.py:163} INFO - Started process (PID=20912) to work on /home/data-eginner/Documents/Soccer_Data/env/lib/python3.8/site-packages/airflow/example_dags/tutorial.py
[2022-01-28 21:13:19,717] {processor.py:642} INFO - Processing file /home/data-eginner/Documents/Soccer_Data/env/lib/python3.8/site-packages/airflow/example_dags/tutorial.py for tasks to queue
[2022-01-28 21:13:19,717] {logging_mixin.py:109} INFO - [2022-01-28 21:13:19,717] {dagbag.py:500} INFO - Filling up the DagBag from /home/data-eginner/Documents/Soccer_Data/env/lib/python3.8/site-packages/airflow/example_dags/tutorial.py
[2022-01-28 21:13:19,766] {processor.py:654} INFO - DAG(s) dict_keys(['tutorial']) retrieved from /home/data-eginner/Documents/Soccer_Data/env/lib/python3.8/site-packages/airflow/example_dags/tutorial.py
[2022-01-28 21:13:19,789] {logging_mixin.py:109} INFO - [2022-01-28 21:13:19,783] {dag.py:2396} INFO - Sync 1 DAGs
[2022-01-28 21:13:19,802] {logging_mixin.py:109} INFO - [2022-01-28 21:13:19,802] {dag.py:2935} INFO - Setting next_dagrun for tutorial to 2022-01-28T00:13:19.802313+00:00
[2022-01-28 21:13:19,828] {processor.py:171} INFO - Processing /home/data-eginner/Documents/Soccer_Data/env/lib/python3.8/site-packages/airflow/example_dags/tutorial.py took 0.174 seconds
[2022-01-28 21:14:04,487] {processor.py:163} INFO - Started process (PID=21074) to work on /home/data-eginner/Documents/Soccer_Data/env/lib/python3.8/site-packages/airflow/example_dags/tutorial.py
[2022-01-28 21:14:04,505] {processor.py:642} INFO - Processing file /home/data-eginner/Documents/Soccer_Data/env/lib/python3.8/site-packages/airflow/example_dags/tutorial.py for tasks to queue
[2022-01-28 21:14:04,505] {logging_mixin.py:109} INFO - [2022-01-28 21:14:04,505] {dagbag.py:500} INFO - Filling up the DagBag from /home/data-eginner/Documents/Soccer_Data/env/lib/python3.8/site-packages/airflow/example_dags/tutorial.py
[2022-01-28 21:14:04,586] {processor.py:654} INFO - DAG(s) dict_keys(['tutorial']) retrieved from /home/data-eginner/Documents/Soccer_Data/env/lib/python3.8/site-packages/airflow/example_dags/tutorial.py
[2022-01-28 21:14:04,647] {logging_mixin.py:109} INFO - [2022-01-28 21:14:04,647] {dag.py:2396} INFO - Sync 1 DAGs
[2022-01-28 21:14:04,671] {logging_mixin.py:109} INFO - [2022-01-28 21:14:04,671] {dag.py:2935} INFO - Setting next_dagrun for tutorial to 2022-01-28T00:14:04.670811+00:00
[2022-01-28 21:14:04,718] {processor.py:171} INFO - Processing /home/data-eginner/Documents/Soccer_Data/env/lib/python3.8/site-packages/airflow/example_dags/tutorial.py took 0.234 seconds
[2022-01-28 21:15:08,645] {processor.py:163} INFO - Started process (PID=21289) to work on /home/data-eginner/Documents/Soccer_Data/env/lib/python3.8/site-packages/airflow/example_dags/tutorial.py
[2022-01-28 21:15:08,698] {processor.py:642} INFO - Processing file /home/data-eginner/Documents/Soccer_Data/env/lib/python3.8/site-packages/airflow/example_dags/tutorial.py for tasks to queue
[2022-01-28 21:15:08,699] {logging_mixin.py:109} INFO - [2022-01-28 21:15:08,698] {dagbag.py:500} INFO - Filling up the DagBag from /home/data-eginner/Documents/Soccer_Data/env/lib/python3.8/site-packages/airflow/example_dags/tutorial.py
[2022-01-28 21:15:08,749] {processor.py:654} INFO - DAG(s) dict_keys(['tutorial']) retrieved from /home/data-eginner/Documents/Soccer_Data/env/lib/python3.8/site-packages/airflow/example_dags/tutorial.py
[2022-01-28 21:15:08,803] {logging_mixin.py:109} INFO - [2022-01-28 21:15:08,803] {dag.py:2396} INFO - Sync 1 DAGs
[2022-01-28 21:15:08,874] {logging_mixin.py:109} INFO - [2022-01-28 21:15:08,874] {dag.py:2935} INFO - Setting next_dagrun for tutorial to 2022-01-28T00:15:08.849920+00:00
[2022-01-28 21:15:08,905] {processor.py:171} INFO - Processing /home/data-eginner/Documents/Soccer_Data/env/lib/python3.8/site-packages/airflow/example_dags/tutorial.py took 0.263 seconds
[2022-01-28 21:16:06,077] {processor.py:163} INFO - Started process (PID=21468) to work on /home/data-eginner/Documents/Soccer_Data/env/lib/python3.8/site-packages/airflow/example_dags/tutorial.py
[2022-01-28 21:16:06,096] {processor.py:642} INFO - Processing file /home/data-eginner/Documents/Soccer_Data/env/lib/python3.8/site-packages/airflow/example_dags/tutorial.py for tasks to queue
[2022-01-28 21:16:06,098] {logging_mixin.py:109} INFO - [2022-01-28 21:16:06,098] {dagbag.py:500} INFO - Filling up the DagBag from /home/data-eginner/Documents/Soccer_Data/env/lib/python3.8/site-packages/airflow/example_dags/tutorial.py
[2022-01-28 21:16:06,190] {processor.py:654} INFO - DAG(s) dict_keys(['tutorial']) retrieved from /home/data-eginner/Documents/Soccer_Data/env/lib/python3.8/site-packages/airflow/example_dags/tutorial.py
[2022-01-28 21:16:06,218] {logging_mixin.py:109} INFO - [2022-01-28 21:16:06,218] {dag.py:2396} INFO - Sync 1 DAGs
[2022-01-28 21:16:06,275] {logging_mixin.py:109} INFO - [2022-01-28 21:16:06,275] {dag.py:2935} INFO - Setting next_dagrun for tutorial to 2022-01-28T00:16:06.262575+00:00
[2022-01-28 21:16:06,327] {processor.py:171} INFO - Processing /home/data-eginner/Documents/Soccer_Data/env/lib/python3.8/site-packages/airflow/example_dags/tutorial.py took 0.259 seconds
[2022-01-28 21:16:54,085] {processor.py:163} INFO - Started process (PID=21619) to work on /home/data-eginner/Documents/Soccer_Data/env/lib/python3.8/site-packages/airflow/example_dags/tutorial.py
[2022-01-28 21:16:54,111] {processor.py:642} INFO - Processing file /home/data-eginner/Documents/Soccer_Data/env/lib/python3.8/site-packages/airflow/example_dags/tutorial.py for tasks to queue
[2022-01-28 21:16:54,112] {logging_mixin.py:109} INFO - [2022-01-28 21:16:54,112] {dagbag.py:500} INFO - Filling up the DagBag from /home/data-eginner/Documents/Soccer_Data/env/lib/python3.8/site-packages/airflow/example_dags/tutorial.py
[2022-01-28 21:16:54,167] {processor.py:654} INFO - DAG(s) dict_keys(['tutorial']) retrieved from /home/data-eginner/Documents/Soccer_Data/env/lib/python3.8/site-packages/airflow/example_dags/tutorial.py
[2022-01-28 21:16:54,237] {logging_mixin.py:109} INFO - [2022-01-28 21:16:54,237] {dag.py:2396} INFO - Sync 1 DAGs
[2022-01-28 21:16:54,265] {logging_mixin.py:109} INFO - [2022-01-28 21:16:54,265] {dag.py:2935} INFO - Setting next_dagrun for tutorial to 2022-01-28T00:16:54.265089+00:00
[2022-01-28 21:16:54,334] {processor.py:171} INFO - Processing /home/data-eginner/Documents/Soccer_Data/env/lib/python3.8/site-packages/airflow/example_dags/tutorial.py took 0.267 seconds
[2022-01-28 21:17:44,318] {processor.py:163} INFO - Started process (PID=21769) to work on /home/data-eginner/Documents/Soccer_Data/env/lib/python3.8/site-packages/airflow/example_dags/tutorial.py
[2022-01-28 21:17:44,337] {processor.py:642} INFO - Processing file /home/data-eginner/Documents/Soccer_Data/env/lib/python3.8/site-packages/airflow/example_dags/tutorial.py for tasks to queue
[2022-01-28 21:17:44,337] {logging_mixin.py:109} INFO - [2022-01-28 21:17:44,337] {dagbag.py:500} INFO - Filling up the DagBag from /home/data-eginner/Documents/Soccer_Data/env/lib/python3.8/site-packages/airflow/example_dags/tutorial.py
[2022-01-28 21:17:44,386] {processor.py:654} INFO - DAG(s) dict_keys(['tutorial']) retrieved from /home/data-eginner/Documents/Soccer_Data/env/lib/python3.8/site-packages/airflow/example_dags/tutorial.py
[2022-01-28 21:17:44,407] {logging_mixin.py:109} INFO - [2022-01-28 21:17:44,407] {dag.py:2396} INFO - Sync 1 DAGs
[2022-01-28 21:17:44,439] {logging_mixin.py:109} INFO - [2022-01-28 21:17:44,439] {dag.py:2935} INFO - Setting next_dagrun for tutorial to 2022-01-28T00:17:44.439552+00:00
[2022-01-28 21:17:44,470] {processor.py:171} INFO - Processing /home/data-eginner/Documents/Soccer_Data/env/lib/python3.8/site-packages/airflow/example_dags/tutorial.py took 0.188 seconds
[2022-01-28 21:18:36,308] {processor.py:163} INFO - Started process (PID=21931) to work on /home/data-eginner/Documents/Soccer_Data/env/lib/python3.8/site-packages/airflow/example_dags/tutorial.py
[2022-01-28 21:18:36,326] {processor.py:642} INFO - Processing file /home/data-eginner/Documents/Soccer_Data/env/lib/python3.8/site-packages/airflow/example_dags/tutorial.py for tasks to queue
[2022-01-28 21:18:36,327] {logging_mixin.py:109} INFO - [2022-01-28 21:18:36,326] {dagbag.py:500} INFO - Filling up the DagBag from /home/data-eginner/Documents/Soccer_Data/env/lib/python3.8/site-packages/airflow/example_dags/tutorial.py
[2022-01-28 21:18:36,373] {processor.py:654} INFO - DAG(s) dict_keys(['tutorial']) retrieved from /home/data-eginner/Documents/Soccer_Data/env/lib/python3.8/site-packages/airflow/example_dags/tutorial.py
[2022-01-28 21:18:36,450] {logging_mixin.py:109} INFO - [2022-01-28 21:18:36,450] {dag.py:2396} INFO - Sync 1 DAGs
[2022-01-28 21:18:36,488] {logging_mixin.py:109} INFO - [2022-01-28 21:18:36,488] {dag.py:2935} INFO - Setting next_dagrun for tutorial to 2022-01-28T00:18:36.487884+00:00
[2022-01-28 21:18:36,559] {processor.py:171} INFO - Processing /home/data-eginner/Documents/Soccer_Data/env/lib/python3.8/site-packages/airflow/example_dags/tutorial.py took 0.253 seconds
[2022-01-28 21:19:28,854] {processor.py:163} INFO - Started process (PID=22090) to work on /home/data-eginner/Documents/Soccer_Data/env/lib/python3.8/site-packages/airflow/example_dags/tutorial.py
[2022-01-28 21:19:28,875] {processor.py:642} INFO - Processing file /home/data-eginner/Documents/Soccer_Data/env/lib/python3.8/site-packages/airflow/example_dags/tutorial.py for tasks to queue
[2022-01-28 21:19:28,875] {logging_mixin.py:109} INFO - [2022-01-28 21:19:28,875] {dagbag.py:500} INFO - Filling up the DagBag from /home/data-eginner/Documents/Soccer_Data/env/lib/python3.8/site-packages/airflow/example_dags/tutorial.py
[2022-01-28 21:19:28,923] {processor.py:654} INFO - DAG(s) dict_keys(['tutorial']) retrieved from /home/data-eginner/Documents/Soccer_Data/env/lib/python3.8/site-packages/airflow/example_dags/tutorial.py
[2022-01-28 21:19:28,955] {logging_mixin.py:109} INFO - [2022-01-28 21:19:28,955] {dag.py:2396} INFO - Sync 1 DAGs
[2022-01-28 21:19:29,006] {logging_mixin.py:109} INFO - [2022-01-28 21:19:29,005] {dag.py:2935} INFO - Setting next_dagrun for tutorial to 2022-01-28T00:19:29.005594+00:00
[2022-01-28 21:19:29,041] {processor.py:171} INFO - Processing /home/data-eginner/Documents/Soccer_Data/env/lib/python3.8/site-packages/airflow/example_dags/tutorial.py took 0.196 seconds
[2022-01-28 21:20:17,164] {processor.py:163} INFO - Started process (PID=22262) to work on /home/data-eginner/Documents/Soccer_Data/env/lib/python3.8/site-packages/airflow/example_dags/tutorial.py
[2022-01-28 21:20:17,185] {processor.py:642} INFO - Processing file /home/data-eginner/Documents/Soccer_Data/env/lib/python3.8/site-packages/airflow/example_dags/tutorial.py for tasks to queue
[2022-01-28 21:20:17,186] {logging_mixin.py:109} INFO - [2022-01-28 21:20:17,186] {dagbag.py:500} INFO - Filling up the DagBag from /home/data-eginner/Documents/Soccer_Data/env/lib/python3.8/site-packages/airflow/example_dags/tutorial.py
[2022-01-28 21:20:17,257] {processor.py:654} INFO - DAG(s) dict_keys(['tutorial']) retrieved from /home/data-eginner/Documents/Soccer_Data/env/lib/python3.8/site-packages/airflow/example_dags/tutorial.py
[2022-01-28 21:20:17,304] {logging_mixin.py:109} INFO - [2022-01-28 21:20:17,304] {dag.py:2396} INFO - Sync 1 DAGs
[2022-01-28 21:20:17,355] {logging_mixin.py:109} INFO - [2022-01-28 21:20:17,354] {dag.py:2935} INFO - Setting next_dagrun for tutorial to 2022-01-28T00:20:17.354614+00:00
[2022-01-28 21:20:17,437] {processor.py:171} INFO - Processing /home/data-eginner/Documents/Soccer_Data/env/lib/python3.8/site-packages/airflow/example_dags/tutorial.py took 0.292 seconds
[2022-01-28 21:20:59,800] {processor.py:163} INFO - Started process (PID=22401) to work on /home/data-eginner/Documents/Soccer_Data/env/lib/python3.8/site-packages/airflow/example_dags/tutorial.py
[2022-01-28 21:20:59,816] {processor.py:642} INFO - Processing file /home/data-eginner/Documents/Soccer_Data/env/lib/python3.8/site-packages/airflow/example_dags/tutorial.py for tasks to queue
[2022-01-28 21:20:59,817] {logging_mixin.py:109} INFO - [2022-01-28 21:20:59,817] {dagbag.py:500} INFO - Filling up the DagBag from /home/data-eginner/Documents/Soccer_Data/env/lib/python3.8/site-packages/airflow/example_dags/tutorial.py
[2022-01-28 21:20:59,840] {processor.py:654} INFO - DAG(s) dict_keys(['tutorial']) retrieved from /home/data-eginner/Documents/Soccer_Data/env/lib/python3.8/site-packages/airflow/example_dags/tutorial.py
[2022-01-28 21:20:59,856] {logging_mixin.py:109} INFO - [2022-01-28 21:20:59,856] {dag.py:2396} INFO - Sync 1 DAGs
[2022-01-28 21:20:59,870] {logging_mixin.py:109} INFO - [2022-01-28 21:20:59,870] {dag.py:2935} INFO - Setting next_dagrun for tutorial to 2022-01-28T00:20:59.870362+00:00
[2022-01-28 21:20:59,896] {processor.py:171} INFO - Processing /home/data-eginner/Documents/Soccer_Data/env/lib/python3.8/site-packages/airflow/example_dags/tutorial.py took 0.099 seconds
[2022-01-28 21:21:43,877] {processor.py:163} INFO - Started process (PID=22575) to work on /home/data-eginner/Documents/Soccer_Data/env/lib/python3.8/site-packages/airflow/example_dags/tutorial.py
[2022-01-28 21:21:43,907] {processor.py:642} INFO - Processing file /home/data-eginner/Documents/Soccer_Data/env/lib/python3.8/site-packages/airflow/example_dags/tutorial.py for tasks to queue
[2022-01-28 21:21:43,908] {logging_mixin.py:109} INFO - [2022-01-28 21:21:43,908] {dagbag.py:500} INFO - Filling up the DagBag from /home/data-eginner/Documents/Soccer_Data/env/lib/python3.8/site-packages/airflow/example_dags/tutorial.py
[2022-01-28 21:21:43,952] {processor.py:654} INFO - DAG(s) dict_keys(['tutorial']) retrieved from /home/data-eginner/Documents/Soccer_Data/env/lib/python3.8/site-packages/airflow/example_dags/tutorial.py
[2022-01-28 21:21:43,976] {logging_mixin.py:109} INFO - [2022-01-28 21:21:43,976] {dag.py:2396} INFO - Sync 1 DAGs
[2022-01-28 21:21:43,998] {logging_mixin.py:109} INFO - [2022-01-28 21:21:43,998] {dag.py:2935} INFO - Setting next_dagrun for tutorial to 2022-01-28T00:21:43.997753+00:00
[2022-01-28 21:21:44,063] {processor.py:171} INFO - Processing /home/data-eginner/Documents/Soccer_Data/env/lib/python3.8/site-packages/airflow/example_dags/tutorial.py took 0.203 seconds
[2022-01-28 21:26:04,725] {processor.py:163} INFO - Started process (PID=22834) to work on /home/data-eginner/Documents/Soccer_Data/env/lib/python3.8/site-packages/airflow/example_dags/tutorial.py
[2022-01-28 21:26:04,763] {processor.py:642} INFO - Processing file /home/data-eginner/Documents/Soccer_Data/env/lib/python3.8/site-packages/airflow/example_dags/tutorial.py for tasks to queue
[2022-01-28 21:26:04,763] {logging_mixin.py:109} INFO - [2022-01-28 21:26:04,763] {dagbag.py:500} INFO - Filling up the DagBag from /home/data-eginner/Documents/Soccer_Data/env/lib/python3.8/site-packages/airflow/example_dags/tutorial.py
[2022-01-28 21:26:04,852] {processor.py:654} INFO - DAG(s) dict_keys(['tutorial']) retrieved from /home/data-eginner/Documents/Soccer_Data/env/lib/python3.8/site-packages/airflow/example_dags/tutorial.py
[2022-01-28 21:26:04,859] {logging_mixin.py:109} INFO - [2022-01-28 21:26:04,859] {dag.py:2396} INFO - Sync 1 DAGs
[2022-01-28 21:26:04,940] {logging_mixin.py:109} INFO - [2022-01-28 21:26:04,940] {dag.py:2935} INFO - Setting next_dagrun for tutorial to 2022-01-28T00:26:04.940377+00:00
[2022-01-28 21:26:05,013] {processor.py:171} INFO - Processing /home/data-eginner/Documents/Soccer_Data/env/lib/python3.8/site-packages/airflow/example_dags/tutorial.py took 0.315 seconds
[2022-01-28 21:26:51,887] {processor.py:163} INFO - Started process (PID=23010) to work on /home/data-eginner/Documents/Soccer_Data/env/lib/python3.8/site-packages/airflow/example_dags/tutorial.py
[2022-01-28 21:26:51,890] {processor.py:642} INFO - Processing file /home/data-eginner/Documents/Soccer_Data/env/lib/python3.8/site-packages/airflow/example_dags/tutorial.py for tasks to queue
[2022-01-28 21:26:51,890] {logging_mixin.py:109} INFO - [2022-01-28 21:26:51,890] {dagbag.py:500} INFO - Filling up the DagBag from /home/data-eginner/Documents/Soccer_Data/env/lib/python3.8/site-packages/airflow/example_dags/tutorial.py
[2022-01-28 21:26:51,945] {processor.py:654} INFO - DAG(s) dict_keys(['tutorial']) retrieved from /home/data-eginner/Documents/Soccer_Data/env/lib/python3.8/site-packages/airflow/example_dags/tutorial.py
[2022-01-28 21:26:51,967] {logging_mixin.py:109} INFO - [2022-01-28 21:26:51,967] {dag.py:2396} INFO - Sync 1 DAGs
[2022-01-28 21:26:52,009] {logging_mixin.py:109} INFO - [2022-01-28 21:26:52,009] {dag.py:2935} INFO - Setting next_dagrun for tutorial to 2022-01-28T00:26:52.009093+00:00
[2022-01-28 21:26:52,039] {processor.py:171} INFO - Processing /home/data-eginner/Documents/Soccer_Data/env/lib/python3.8/site-packages/airflow/example_dags/tutorial.py took 0.165 seconds
[2022-01-28 21:27:33,899] {processor.py:163} INFO - Started process (PID=23178) to work on /home/data-eginner/Documents/Soccer_Data/env/lib/python3.8/site-packages/airflow/example_dags/tutorial.py
[2022-01-28 21:27:33,967] {processor.py:642} INFO - Processing file /home/data-eginner/Documents/Soccer_Data/env/lib/python3.8/site-packages/airflow/example_dags/tutorial.py for tasks to queue
[2022-01-28 21:27:33,968] {logging_mixin.py:109} INFO - [2022-01-28 21:27:33,968] {dagbag.py:500} INFO - Filling up the DagBag from /home/data-eginner/Documents/Soccer_Data/env/lib/python3.8/site-packages/airflow/example_dags/tutorial.py
[2022-01-28 21:27:34,011] {processor.py:654} INFO - DAG(s) dict_keys(['tutorial']) retrieved from /home/data-eginner/Documents/Soccer_Data/env/lib/python3.8/site-packages/airflow/example_dags/tutorial.py
[2022-01-28 21:27:34,043] {logging_mixin.py:109} INFO - [2022-01-28 21:27:34,043] {dag.py:2396} INFO - Sync 1 DAGs
[2022-01-28 21:27:34,086] {logging_mixin.py:109} INFO - [2022-01-28 21:27:34,086] {dag.py:2935} INFO - Setting next_dagrun for tutorial to 2022-01-28T00:27:34.086041+00:00
[2022-01-28 21:27:34,123] {processor.py:171} INFO - Processing /home/data-eginner/Documents/Soccer_Data/env/lib/python3.8/site-packages/airflow/example_dags/tutorial.py took 0.227 seconds
[2022-01-28 21:28:29,982] {processor.py:163} INFO - Started process (PID=23382) to work on /home/data-eginner/Documents/Soccer_Data/env/lib/python3.8/site-packages/airflow/example_dags/tutorial.py
[2022-01-28 21:28:30,003] {processor.py:642} INFO - Processing file /home/data-eginner/Documents/Soccer_Data/env/lib/python3.8/site-packages/airflow/example_dags/tutorial.py for tasks to queue
[2022-01-28 21:28:30,004] {logging_mixin.py:109} INFO - [2022-01-28 21:28:30,004] {dagbag.py:500} INFO - Filling up the DagBag from /home/data-eginner/Documents/Soccer_Data/env/lib/python3.8/site-packages/airflow/example_dags/tutorial.py
[2022-01-28 21:28:30,262] {processor.py:654} INFO - DAG(s) dict_keys(['tutorial']) retrieved from /home/data-eginner/Documents/Soccer_Data/env/lib/python3.8/site-packages/airflow/example_dags/tutorial.py
[2022-01-28 21:28:30,398] {logging_mixin.py:109} INFO - [2022-01-28 21:28:30,397] {dag.py:2396} INFO - Sync 1 DAGs
[2022-01-28 21:28:30,645] {logging_mixin.py:109} INFO - [2022-01-28 21:28:30,645] {dag.py:2935} INFO - Setting next_dagrun for tutorial to 2022-01-28T00:28:30.644891+00:00
[2022-01-28 21:28:30,831] {processor.py:171} INFO - Processing /home/data-eginner/Documents/Soccer_Data/env/lib/python3.8/site-packages/airflow/example_dags/tutorial.py took 0.867 seconds
[2022-01-28 21:29:24,085] {processor.py:163} INFO - Started process (PID=23548) to work on /home/data-eginner/Documents/Soccer_Data/env/lib/python3.8/site-packages/airflow/example_dags/tutorial.py
[2022-01-28 21:29:24,099] {processor.py:642} INFO - Processing file /home/data-eginner/Documents/Soccer_Data/env/lib/python3.8/site-packages/airflow/example_dags/tutorial.py for tasks to queue
[2022-01-28 21:29:24,099] {logging_mixin.py:109} INFO - [2022-01-28 21:29:24,099] {dagbag.py:500} INFO - Filling up the DagBag from /home/data-eginner/Documents/Soccer_Data/env/lib/python3.8/site-packages/airflow/example_dags/tutorial.py
[2022-01-28 21:29:24,125] {processor.py:654} INFO - DAG(s) dict_keys(['tutorial']) retrieved from /home/data-eginner/Documents/Soccer_Data/env/lib/python3.8/site-packages/airflow/example_dags/tutorial.py
[2022-01-28 21:29:24,138] {logging_mixin.py:109} INFO - [2022-01-28 21:29:24,138] {dag.py:2396} INFO - Sync 1 DAGs
[2022-01-28 21:29:24,159] {logging_mixin.py:109} INFO - [2022-01-28 21:29:24,159] {dag.py:2935} INFO - Setting next_dagrun for tutorial to 2022-01-28T00:29:24.158992+00:00
[2022-01-28 21:29:24,210] {processor.py:171} INFO - Processing /home/data-eginner/Documents/Soccer_Data/env/lib/python3.8/site-packages/airflow/example_dags/tutorial.py took 0.128 seconds
[2022-01-28 21:30:02,014] {processor.py:163} INFO - Started process (PID=23680) to work on /home/data-eginner/Documents/Soccer_Data/env/lib/python3.8/site-packages/airflow/example_dags/tutorial.py
[2022-01-28 21:30:02,023] {processor.py:642} INFO - Processing file /home/data-eginner/Documents/Soccer_Data/env/lib/python3.8/site-packages/airflow/example_dags/tutorial.py for tasks to queue
[2022-01-28 21:30:02,024] {logging_mixin.py:109} INFO - [2022-01-28 21:30:02,024] {dagbag.py:500} INFO - Filling up the DagBag from /home/data-eginner/Documents/Soccer_Data/env/lib/python3.8/site-packages/airflow/example_dags/tutorial.py
[2022-01-28 21:30:02,121] {processor.py:654} INFO - DAG(s) dict_keys(['tutorial']) retrieved from /home/data-eginner/Documents/Soccer_Data/env/lib/python3.8/site-packages/airflow/example_dags/tutorial.py
[2022-01-28 21:30:02,169] {logging_mixin.py:109} INFO - [2022-01-28 21:30:02,166] {dag.py:2396} INFO - Sync 1 DAGs
[2022-01-28 21:30:02,219] {logging_mixin.py:109} INFO - [2022-01-28 21:30:02,219] {dag.py:2935} INFO - Setting next_dagrun for tutorial to 2022-01-28T00:30:02.218689+00:00
[2022-01-28 21:30:02,268] {processor.py:171} INFO - Processing /home/data-eginner/Documents/Soccer_Data/env/lib/python3.8/site-packages/airflow/example_dags/tutorial.py took 0.260 seconds
[2022-01-28 21:30:50,728] {processor.py:163} INFO - Started process (PID=23855) to work on /home/data-eginner/Documents/Soccer_Data/env/lib/python3.8/site-packages/airflow/example_dags/tutorial.py
[2022-01-28 21:30:50,746] {processor.py:642} INFO - Processing file /home/data-eginner/Documents/Soccer_Data/env/lib/python3.8/site-packages/airflow/example_dags/tutorial.py for tasks to queue
[2022-01-28 21:30:50,747] {logging_mixin.py:109} INFO - [2022-01-28 21:30:50,747] {dagbag.py:500} INFO - Filling up the DagBag from /home/data-eginner/Documents/Soccer_Data/env/lib/python3.8/site-packages/airflow/example_dags/tutorial.py
[2022-01-28 21:30:50,799] {processor.py:654} INFO - DAG(s) dict_keys(['tutorial']) retrieved from /home/data-eginner/Documents/Soccer_Data/env/lib/python3.8/site-packages/airflow/example_dags/tutorial.py
[2022-01-28 21:30:50,813] {logging_mixin.py:109} INFO - [2022-01-28 21:30:50,813] {dag.py:2396} INFO - Sync 1 DAGs
[2022-01-28 21:30:50,846] {logging_mixin.py:109} INFO - [2022-01-28 21:30:50,846] {dag.py:2935} INFO - Setting next_dagrun for tutorial to 2022-01-28T00:30:50.846098+00:00
[2022-01-28 21:30:50,880] {processor.py:171} INFO - Processing /home/data-eginner/Documents/Soccer_Data/env/lib/python3.8/site-packages/airflow/example_dags/tutorial.py took 0.156 seconds
[2022-01-28 21:31:30,297] {processor.py:163} INFO - Started process (PID=23991) to work on /home/data-eginner/Documents/Soccer_Data/env/lib/python3.8/site-packages/airflow/example_dags/tutorial.py
[2022-01-28 21:31:30,337] {processor.py:642} INFO - Processing file /home/data-eginner/Documents/Soccer_Data/env/lib/python3.8/site-packages/airflow/example_dags/tutorial.py for tasks to queue
[2022-01-28 21:31:30,337] {logging_mixin.py:109} INFO - [2022-01-28 21:31:30,337] {dagbag.py:500} INFO - Filling up the DagBag from /home/data-eginner/Documents/Soccer_Data/env/lib/python3.8/site-packages/airflow/example_dags/tutorial.py
[2022-01-28 21:31:30,393] {processor.py:654} INFO - DAG(s) dict_keys(['tutorial']) retrieved from /home/data-eginner/Documents/Soccer_Data/env/lib/python3.8/site-packages/airflow/example_dags/tutorial.py
[2022-01-28 21:31:30,414] {logging_mixin.py:109} INFO - [2022-01-28 21:31:30,414] {dag.py:2396} INFO - Sync 1 DAGs
[2022-01-28 21:31:30,484] {logging_mixin.py:109} INFO - [2022-01-28 21:31:30,484] {dag.py:2935} INFO - Setting next_dagrun for tutorial to 2022-01-28T00:31:30.484361+00:00
[2022-01-28 21:31:30,513] {processor.py:171} INFO - Processing /home/data-eginner/Documents/Soccer_Data/env/lib/python3.8/site-packages/airflow/example_dags/tutorial.py took 0.220 seconds
[2022-01-28 21:32:27,327] {processor.py:163} INFO - Started process (PID=24193) to work on /home/data-eginner/Documents/Soccer_Data/env/lib/python3.8/site-packages/airflow/example_dags/tutorial.py
[2022-01-28 21:32:27,344] {processor.py:642} INFO - Processing file /home/data-eginner/Documents/Soccer_Data/env/lib/python3.8/site-packages/airflow/example_dags/tutorial.py for tasks to queue
[2022-01-28 21:32:27,345] {logging_mixin.py:109} INFO - [2022-01-28 21:32:27,345] {dagbag.py:500} INFO - Filling up the DagBag from /home/data-eginner/Documents/Soccer_Data/env/lib/python3.8/site-packages/airflow/example_dags/tutorial.py
[2022-01-28 21:32:27,394] {processor.py:654} INFO - DAG(s) dict_keys(['tutorial']) retrieved from /home/data-eginner/Documents/Soccer_Data/env/lib/python3.8/site-packages/airflow/example_dags/tutorial.py
[2022-01-28 21:32:27,478] {logging_mixin.py:109} INFO - [2022-01-28 21:32:27,478] {dag.py:2396} INFO - Sync 1 DAGs
[2022-01-28 21:32:27,506] {logging_mixin.py:109} INFO - [2022-01-28 21:32:27,505] {dag.py:2935} INFO - Setting next_dagrun for tutorial to 2022-01-28T00:32:27.502803+00:00
[2022-01-28 21:32:27,558] {processor.py:171} INFO - Processing /home/data-eginner/Documents/Soccer_Data/env/lib/python3.8/site-packages/airflow/example_dags/tutorial.py took 0.236 seconds
[2022-01-28 21:32:59,558] {processor.py:163} INFO - Started process (PID=24316) to work on /home/data-eginner/Documents/Soccer_Data/env/lib/python3.8/site-packages/airflow/example_dags/tutorial.py
[2022-01-28 21:32:59,574] {processor.py:642} INFO - Processing file /home/data-eginner/Documents/Soccer_Data/env/lib/python3.8/site-packages/airflow/example_dags/tutorial.py for tasks to queue
[2022-01-28 21:32:59,575] {logging_mixin.py:109} INFO - [2022-01-28 21:32:59,575] {dagbag.py:500} INFO - Filling up the DagBag from /home/data-eginner/Documents/Soccer_Data/env/lib/python3.8/site-packages/airflow/example_dags/tutorial.py
[2022-01-28 21:32:59,613] {processor.py:654} INFO - DAG(s) dict_keys(['tutorial']) retrieved from /home/data-eginner/Documents/Soccer_Data/env/lib/python3.8/site-packages/airflow/example_dags/tutorial.py
[2022-01-28 21:32:59,625] {logging_mixin.py:109} INFO - [2022-01-28 21:32:59,625] {dag.py:2396} INFO - Sync 1 DAGs
[2022-01-28 21:32:59,637] {logging_mixin.py:109} INFO - [2022-01-28 21:32:59,637] {dag.py:2935} INFO - Setting next_dagrun for tutorial to 2022-01-28T00:32:59.637180+00:00
[2022-01-28 21:32:59,660] {processor.py:171} INFO - Processing /home/data-eginner/Documents/Soccer_Data/env/lib/python3.8/site-packages/airflow/example_dags/tutorial.py took 0.118 seconds
[2022-01-28 21:33:36,649] {processor.py:163} INFO - Started process (PID=24462) to work on /home/data-eginner/Documents/Soccer_Data/env/lib/python3.8/site-packages/airflow/example_dags/tutorial.py
[2022-01-28 21:33:36,668] {processor.py:642} INFO - Processing file /home/data-eginner/Documents/Soccer_Data/env/lib/python3.8/site-packages/airflow/example_dags/tutorial.py for tasks to queue
[2022-01-28 21:33:36,669] {logging_mixin.py:109} INFO - [2022-01-28 21:33:36,669] {dagbag.py:500} INFO - Filling up the DagBag from /home/data-eginner/Documents/Soccer_Data/env/lib/python3.8/site-packages/airflow/example_dags/tutorial.py
[2022-01-28 21:33:36,690] {processor.py:654} INFO - DAG(s) dict_keys(['tutorial']) retrieved from /home/data-eginner/Documents/Soccer_Data/env/lib/python3.8/site-packages/airflow/example_dags/tutorial.py
[2022-01-28 21:33:36,699] {logging_mixin.py:109} INFO - [2022-01-28 21:33:36,699] {dag.py:2396} INFO - Sync 1 DAGs
[2022-01-28 21:33:36,711] {logging_mixin.py:109} INFO - [2022-01-28 21:33:36,711] {dag.py:2935} INFO - Setting next_dagrun for tutorial to 2022-01-28T00:33:36.711413+00:00
[2022-01-28 21:33:36,758] {processor.py:171} INFO - Processing /home/data-eginner/Documents/Soccer_Data/env/lib/python3.8/site-packages/airflow/example_dags/tutorial.py took 0.112 seconds
[2022-01-28 21:34:08,995] {processor.py:163} INFO - Started process (PID=24588) to work on /home/data-eginner/Documents/Soccer_Data/env/lib/python3.8/site-packages/airflow/example_dags/tutorial.py
[2022-01-28 21:34:09,017] {processor.py:642} INFO - Processing file /home/data-eginner/Documents/Soccer_Data/env/lib/python3.8/site-packages/airflow/example_dags/tutorial.py for tasks to queue
[2022-01-28 21:34:09,020] {logging_mixin.py:109} INFO - [2022-01-28 21:34:09,020] {dagbag.py:500} INFO - Filling up the DagBag from /home/data-eginner/Documents/Soccer_Data/env/lib/python3.8/site-packages/airflow/example_dags/tutorial.py
[2022-01-28 21:34:09,063] {processor.py:654} INFO - DAG(s) dict_keys(['tutorial']) retrieved from /home/data-eginner/Documents/Soccer_Data/env/lib/python3.8/site-packages/airflow/example_dags/tutorial.py
[2022-01-28 21:34:09,079] {logging_mixin.py:109} INFO - [2022-01-28 21:34:09,079] {dag.py:2396} INFO - Sync 1 DAGs
[2022-01-28 21:34:09,096] {logging_mixin.py:109} INFO - [2022-01-28 21:34:09,096] {dag.py:2935} INFO - Setting next_dagrun for tutorial to 2022-01-28T00:34:09.096002+00:00
[2022-01-28 21:34:09,120] {processor.py:171} INFO - Processing /home/data-eginner/Documents/Soccer_Data/env/lib/python3.8/site-packages/airflow/example_dags/tutorial.py took 0.129 seconds
[2022-01-28 21:34:45,759] {processor.py:163} INFO - Started process (PID=24728) to work on /home/data-eginner/Documents/Soccer_Data/env/lib/python3.8/site-packages/airflow/example_dags/tutorial.py
[2022-01-28 21:34:45,774] {processor.py:642} INFO - Processing file /home/data-eginner/Documents/Soccer_Data/env/lib/python3.8/site-packages/airflow/example_dags/tutorial.py for tasks to queue
[2022-01-28 21:34:45,775] {logging_mixin.py:109} INFO - [2022-01-28 21:34:45,774] {dagbag.py:500} INFO - Filling up the DagBag from /home/data-eginner/Documents/Soccer_Data/env/lib/python3.8/site-packages/airflow/example_dags/tutorial.py
[2022-01-28 21:34:45,854] {processor.py:654} INFO - DAG(s) dict_keys(['tutorial']) retrieved from /home/data-eginner/Documents/Soccer_Data/env/lib/python3.8/site-packages/airflow/example_dags/tutorial.py
[2022-01-28 21:34:45,895] {logging_mixin.py:109} INFO - [2022-01-28 21:34:45,895] {dag.py:2396} INFO - Sync 1 DAGs
[2022-01-28 21:34:45,928] {logging_mixin.py:109} INFO - [2022-01-28 21:34:45,928] {dag.py:2935} INFO - Setting next_dagrun for tutorial to 2022-01-28T00:34:45.928321+00:00
[2022-01-28 21:34:45,973] {processor.py:171} INFO - Processing /home/data-eginner/Documents/Soccer_Data/env/lib/python3.8/site-packages/airflow/example_dags/tutorial.py took 0.236 seconds
[2022-01-28 21:55:48,820] {processor.py:163} INFO - Started process (PID=24958) to work on /home/data-eginner/Documents/Soccer_Data/env/lib/python3.8/site-packages/airflow/example_dags/tutorial.py
[2022-01-28 21:55:48,844] {processor.py:642} INFO - Processing file /home/data-eginner/Documents/Soccer_Data/env/lib/python3.8/site-packages/airflow/example_dags/tutorial.py for tasks to queue
[2022-01-28 21:55:48,844] {logging_mixin.py:109} INFO - [2022-01-28 21:55:48,844] {dagbag.py:500} INFO - Filling up the DagBag from /home/data-eginner/Documents/Soccer_Data/env/lib/python3.8/site-packages/airflow/example_dags/tutorial.py
[2022-01-28 21:55:48,979] {processor.py:654} INFO - DAG(s) dict_keys(['tutorial']) retrieved from /home/data-eginner/Documents/Soccer_Data/env/lib/python3.8/site-packages/airflow/example_dags/tutorial.py
[2022-01-28 21:55:49,022] {logging_mixin.py:109} INFO - [2022-01-28 21:55:49,022] {dag.py:2396} INFO - Sync 1 DAGs
[2022-01-28 21:55:49,117] {logging_mixin.py:109} INFO - [2022-01-28 21:55:49,117] {dag.py:2935} INFO - Setting next_dagrun for tutorial to 2022-01-28T00:55:49.116775+00:00
[2022-01-28 21:55:49,155] {processor.py:171} INFO - Processing /home/data-eginner/Documents/Soccer_Data/env/lib/python3.8/site-packages/airflow/example_dags/tutorial.py took 0.337 seconds
[2022-01-28 21:56:39,340] {processor.py:163} INFO - Started process (PID=25142) to work on /home/data-eginner/Documents/Soccer_Data/env/lib/python3.8/site-packages/airflow/example_dags/tutorial.py
[2022-01-28 21:56:39,363] {processor.py:642} INFO - Processing file /home/data-eginner/Documents/Soccer_Data/env/lib/python3.8/site-packages/airflow/example_dags/tutorial.py for tasks to queue
[2022-01-28 21:56:39,363] {logging_mixin.py:109} INFO - [2022-01-28 21:56:39,363] {dagbag.py:500} INFO - Filling up the DagBag from /home/data-eginner/Documents/Soccer_Data/env/lib/python3.8/site-packages/airflow/example_dags/tutorial.py
[2022-01-28 21:56:39,414] {processor.py:654} INFO - DAG(s) dict_keys(['tutorial']) retrieved from /home/data-eginner/Documents/Soccer_Data/env/lib/python3.8/site-packages/airflow/example_dags/tutorial.py
[2022-01-28 21:56:39,443] {logging_mixin.py:109} INFO - [2022-01-28 21:56:39,443] {dag.py:2396} INFO - Sync 1 DAGs
[2022-01-28 21:56:39,479] {logging_mixin.py:109} INFO - [2022-01-28 21:56:39,479] {dag.py:2935} INFO - Setting next_dagrun for tutorial to 2022-01-28T00:56:39.479081+00:00
[2022-01-28 21:56:39,526] {processor.py:171} INFO - Processing /home/data-eginner/Documents/Soccer_Data/env/lib/python3.8/site-packages/airflow/example_dags/tutorial.py took 0.196 seconds
[2022-01-28 21:57:14,985] {processor.py:163} INFO - Started process (PID=25272) to work on /home/data-eginner/Documents/Soccer_Data/env/lib/python3.8/site-packages/airflow/example_dags/tutorial.py
[2022-01-28 21:57:15,049] {processor.py:642} INFO - Processing file /home/data-eginner/Documents/Soccer_Data/env/lib/python3.8/site-packages/airflow/example_dags/tutorial.py for tasks to queue
[2022-01-28 21:57:15,051] {logging_mixin.py:109} INFO - [2022-01-28 21:57:15,051] {dagbag.py:500} INFO - Filling up the DagBag from /home/data-eginner/Documents/Soccer_Data/env/lib/python3.8/site-packages/airflow/example_dags/tutorial.py
[2022-01-28 21:57:15,112] {processor.py:654} INFO - DAG(s) dict_keys(['tutorial']) retrieved from /home/data-eginner/Documents/Soccer_Data/env/lib/python3.8/site-packages/airflow/example_dags/tutorial.py
[2022-01-28 21:57:15,125] {logging_mixin.py:109} INFO - [2022-01-28 21:57:15,125] {dag.py:2396} INFO - Sync 1 DAGs
[2022-01-28 21:57:15,138] {logging_mixin.py:109} INFO - [2022-01-28 21:57:15,137] {dag.py:2935} INFO - Setting next_dagrun for tutorial to 2022-01-28T00:57:15.137740+00:00
[2022-01-28 21:57:15,156] {processor.py:171} INFO - Processing /home/data-eginner/Documents/Soccer_Data/env/lib/python3.8/site-packages/airflow/example_dags/tutorial.py took 0.174 seconds
[2022-01-28 21:57:55,596] {processor.py:163} INFO - Started process (PID=25434) to work on /home/data-eginner/Documents/Soccer_Data/env/lib/python3.8/site-packages/airflow/example_dags/tutorial.py
[2022-01-28 21:57:55,607] {processor.py:642} INFO - Processing file /home/data-eginner/Documents/Soccer_Data/env/lib/python3.8/site-packages/airflow/example_dags/tutorial.py for tasks to queue
[2022-01-28 21:57:55,608] {logging_mixin.py:109} INFO - [2022-01-28 21:57:55,608] {dagbag.py:500} INFO - Filling up the DagBag from /home/data-eginner/Documents/Soccer_Data/env/lib/python3.8/site-packages/airflow/example_dags/tutorial.py
[2022-01-28 21:57:55,632] {processor.py:654} INFO - DAG(s) dict_keys(['tutorial']) retrieved from /home/data-eginner/Documents/Soccer_Data/env/lib/python3.8/site-packages/airflow/example_dags/tutorial.py
[2022-01-28 21:57:55,642] {logging_mixin.py:109} INFO - [2022-01-28 21:57:55,642] {dag.py:2396} INFO - Sync 1 DAGs
[2022-01-28 21:57:55,654] {logging_mixin.py:109} INFO - [2022-01-28 21:57:55,654] {dag.py:2935} INFO - Setting next_dagrun for tutorial to 2022-01-28T00:57:55.653918+00:00
[2022-01-28 21:57:55,681] {processor.py:171} INFO - Processing /home/data-eginner/Documents/Soccer_Data/env/lib/python3.8/site-packages/airflow/example_dags/tutorial.py took 0.103 seconds
[2022-01-28 21:58:34,951] {processor.py:163} INFO - Started process (PID=25589) to work on /home/data-eginner/Documents/Soccer_Data/env/lib/python3.8/site-packages/airflow/example_dags/tutorial.py
[2022-01-28 21:58:34,971] {processor.py:642} INFO - Processing file /home/data-eginner/Documents/Soccer_Data/env/lib/python3.8/site-packages/airflow/example_dags/tutorial.py for tasks to queue
[2022-01-28 21:58:34,972] {logging_mixin.py:109} INFO - [2022-01-28 21:58:34,972] {dagbag.py:500} INFO - Filling up the DagBag from /home/data-eginner/Documents/Soccer_Data/env/lib/python3.8/site-packages/airflow/example_dags/tutorial.py
[2022-01-28 21:58:35,015] {processor.py:654} INFO - DAG(s) dict_keys(['tutorial']) retrieved from /home/data-eginner/Documents/Soccer_Data/env/lib/python3.8/site-packages/airflow/example_dags/tutorial.py
[2022-01-28 21:58:35,046] {logging_mixin.py:109} INFO - [2022-01-28 21:58:35,046] {dag.py:2396} INFO - Sync 1 DAGs
[2022-01-28 21:58:35,087] {logging_mixin.py:109} INFO - [2022-01-28 21:58:35,087] {dag.py:2935} INFO - Setting next_dagrun for tutorial to 2022-01-28T00:58:35.087464+00:00
[2022-01-28 21:58:35,123] {processor.py:171} INFO - Processing /home/data-eginner/Documents/Soccer_Data/env/lib/python3.8/site-packages/airflow/example_dags/tutorial.py took 0.174 seconds
[2022-01-28 21:59:17,922] {processor.py:163} INFO - Started process (PID=25755) to work on /home/data-eginner/Documents/Soccer_Data/env/lib/python3.8/site-packages/airflow/example_dags/tutorial.py
[2022-01-28 21:59:17,929] {processor.py:642} INFO - Processing file /home/data-eginner/Documents/Soccer_Data/env/lib/python3.8/site-packages/airflow/example_dags/tutorial.py for tasks to queue
[2022-01-28 21:59:17,929] {logging_mixin.py:109} INFO - [2022-01-28 21:59:17,929] {dagbag.py:500} INFO - Filling up the DagBag from /home/data-eginner/Documents/Soccer_Data/env/lib/python3.8/site-packages/airflow/example_dags/tutorial.py
[2022-01-28 21:59:17,976] {processor.py:654} INFO - DAG(s) dict_keys(['tutorial']) retrieved from /home/data-eginner/Documents/Soccer_Data/env/lib/python3.8/site-packages/airflow/example_dags/tutorial.py
[2022-01-28 21:59:18,005] {logging_mixin.py:109} INFO - [2022-01-28 21:59:18,005] {dag.py:2396} INFO - Sync 1 DAGs
[2022-01-28 21:59:18,021] {logging_mixin.py:109} INFO - [2022-01-28 21:59:18,021] {dag.py:2935} INFO - Setting next_dagrun for tutorial to 2022-01-28T00:59:18.021367+00:00
[2022-01-28 21:59:18,046] {processor.py:171} INFO - Processing /home/data-eginner/Documents/Soccer_Data/env/lib/python3.8/site-packages/airflow/example_dags/tutorial.py took 0.127 seconds
[2022-01-28 21:59:56,115] {processor.py:163} INFO - Started process (PID=25903) to work on /home/data-eginner/Documents/Soccer_Data/env/lib/python3.8/site-packages/airflow/example_dags/tutorial.py
[2022-01-28 21:59:56,128] {processor.py:642} INFO - Processing file /home/data-eginner/Documents/Soccer_Data/env/lib/python3.8/site-packages/airflow/example_dags/tutorial.py for tasks to queue
[2022-01-28 21:59:56,128] {logging_mixin.py:109} INFO - [2022-01-28 21:59:56,128] {dagbag.py:500} INFO - Filling up the DagBag from /home/data-eginner/Documents/Soccer_Data/env/lib/python3.8/site-packages/airflow/example_dags/tutorial.py
[2022-01-28 21:59:56,149] {processor.py:654} INFO - DAG(s) dict_keys(['tutorial']) retrieved from /home/data-eginner/Documents/Soccer_Data/env/lib/python3.8/site-packages/airflow/example_dags/tutorial.py
[2022-01-28 21:59:56,158] {logging_mixin.py:109} INFO - [2022-01-28 21:59:56,158] {dag.py:2396} INFO - Sync 1 DAGs
[2022-01-28 21:59:56,169] {logging_mixin.py:109} INFO - [2022-01-28 21:59:56,169] {dag.py:2935} INFO - Setting next_dagrun for tutorial to 2022-01-28T00:59:56.168780+00:00
[2022-01-28 21:59:56,216] {processor.py:171} INFO - Processing /home/data-eginner/Documents/Soccer_Data/env/lib/python3.8/site-packages/airflow/example_dags/tutorial.py took 0.104 seconds
[2022-01-28 22:00:29,473] {processor.py:163} INFO - Started process (PID=26033) to work on /home/data-eginner/Documents/Soccer_Data/env/lib/python3.8/site-packages/airflow/example_dags/tutorial.py
[2022-01-28 22:00:29,475] {processor.py:642} INFO - Processing file /home/data-eginner/Documents/Soccer_Data/env/lib/python3.8/site-packages/airflow/example_dags/tutorial.py for tasks to queue
[2022-01-28 22:00:29,475] {logging_mixin.py:109} INFO - [2022-01-28 22:00:29,475] {dagbag.py:500} INFO - Filling up the DagBag from /home/data-eginner/Documents/Soccer_Data/env/lib/python3.8/site-packages/airflow/example_dags/tutorial.py
[2022-01-28 22:00:29,501] {processor.py:654} INFO - DAG(s) dict_keys(['tutorial']) retrieved from /home/data-eginner/Documents/Soccer_Data/env/lib/python3.8/site-packages/airflow/example_dags/tutorial.py
[2022-01-28 22:00:29,513] {logging_mixin.py:109} INFO - [2022-01-28 22:00:29,513] {dag.py:2396} INFO - Sync 1 DAGs
[2022-01-28 22:00:29,527] {logging_mixin.py:109} INFO - [2022-01-28 22:00:29,527] {dag.py:2935} INFO - Setting next_dagrun for tutorial to 2022-01-28T01:00:29.527419+00:00
[2022-01-28 22:00:29,557] {processor.py:171} INFO - Processing /home/data-eginner/Documents/Soccer_Data/env/lib/python3.8/site-packages/airflow/example_dags/tutorial.py took 0.088 seconds
[2022-01-28 22:01:06,021] {processor.py:163} INFO - Started process (PID=26187) to work on /home/data-eginner/Documents/Soccer_Data/env/lib/python3.8/site-packages/airflow/example_dags/tutorial.py
[2022-01-28 22:01:06,023] {processor.py:642} INFO - Processing file /home/data-eginner/Documents/Soccer_Data/env/lib/python3.8/site-packages/airflow/example_dags/tutorial.py for tasks to queue
[2022-01-28 22:01:06,023] {logging_mixin.py:109} INFO - [2022-01-28 22:01:06,023] {dagbag.py:500} INFO - Filling up the DagBag from /home/data-eginner/Documents/Soccer_Data/env/lib/python3.8/site-packages/airflow/example_dags/tutorial.py
[2022-01-28 22:01:06,044] {processor.py:654} INFO - DAG(s) dict_keys(['tutorial']) retrieved from /home/data-eginner/Documents/Soccer_Data/env/lib/python3.8/site-packages/airflow/example_dags/tutorial.py
[2022-01-28 22:01:06,052] {logging_mixin.py:109} INFO - [2022-01-28 22:01:06,052] {dag.py:2396} INFO - Sync 1 DAGs
[2022-01-28 22:01:06,063] {logging_mixin.py:109} INFO - [2022-01-28 22:01:06,063] {dag.py:2935} INFO - Setting next_dagrun for tutorial to 2022-01-28T01:01:06.063025+00:00
[2022-01-28 22:01:06,086] {processor.py:171} INFO - Processing /home/data-eginner/Documents/Soccer_Data/env/lib/python3.8/site-packages/airflow/example_dags/tutorial.py took 0.067 seconds
[2022-01-28 22:01:41,702] {processor.py:163} INFO - Started process (PID=26320) to work on /home/data-eginner/Documents/Soccer_Data/env/lib/python3.8/site-packages/airflow/example_dags/tutorial.py
[2022-01-28 22:01:41,718] {processor.py:642} INFO - Processing file /home/data-eginner/Documents/Soccer_Data/env/lib/python3.8/site-packages/airflow/example_dags/tutorial.py for tasks to queue
[2022-01-28 22:01:41,719] {logging_mixin.py:109} INFO - [2022-01-28 22:01:41,719] {dagbag.py:500} INFO - Filling up the DagBag from /home/data-eginner/Documents/Soccer_Data/env/lib/python3.8/site-packages/airflow/example_dags/tutorial.py
[2022-01-28 22:01:41,759] {processor.py:654} INFO - DAG(s) dict_keys(['tutorial']) retrieved from /home/data-eginner/Documents/Soccer_Data/env/lib/python3.8/site-packages/airflow/example_dags/tutorial.py
[2022-01-28 22:01:41,777] {logging_mixin.py:109} INFO - [2022-01-28 22:01:41,777] {dag.py:2396} INFO - Sync 1 DAGs
[2022-01-28 22:01:41,790] {logging_mixin.py:109} INFO - [2022-01-28 22:01:41,790] {dag.py:2935} INFO - Setting next_dagrun for tutorial to 2022-01-28T01:01:41.789687+00:00
[2022-01-28 22:01:41,809] {processor.py:171} INFO - Processing /home/data-eginner/Documents/Soccer_Data/env/lib/python3.8/site-packages/airflow/example_dags/tutorial.py took 0.111 seconds
[2022-01-28 22:03:59,839] {processor.py:163} INFO - Started process (PID=26493) to work on /home/data-eginner/Documents/Soccer_Data/env/lib/python3.8/site-packages/airflow/example_dags/tutorial.py
[2022-01-28 22:03:59,878] {processor.py:642} INFO - Processing file /home/data-eginner/Documents/Soccer_Data/env/lib/python3.8/site-packages/airflow/example_dags/tutorial.py for tasks to queue
[2022-01-28 22:03:59,879] {logging_mixin.py:109} INFO - [2022-01-28 22:03:59,879] {dagbag.py:500} INFO - Filling up the DagBag from /home/data-eginner/Documents/Soccer_Data/env/lib/python3.8/site-packages/airflow/example_dags/tutorial.py
[2022-01-28 22:03:59,921] {processor.py:654} INFO - DAG(s) dict_keys(['tutorial']) retrieved from /home/data-eginner/Documents/Soccer_Data/env/lib/python3.8/site-packages/airflow/example_dags/tutorial.py
[2022-01-28 22:03:59,940] {logging_mixin.py:109} INFO - [2022-01-28 22:03:59,928] {dag.py:2396} INFO - Sync 1 DAGs
[2022-01-28 22:03:59,963] {logging_mixin.py:109} INFO - [2022-01-28 22:03:59,963] {dag.py:2935} INFO - Setting next_dagrun for tutorial to 2022-01-28T01:03:59.962830+00:00
[2022-01-28 22:04:00,011] {processor.py:171} INFO - Processing /home/data-eginner/Documents/Soccer_Data/env/lib/python3.8/site-packages/airflow/example_dags/tutorial.py took 0.174 seconds
[2022-01-28 22:04:41,530] {processor.py:163} INFO - Started process (PID=26654) to work on /home/data-eginner/Documents/Soccer_Data/env/lib/python3.8/site-packages/airflow/example_dags/tutorial.py
[2022-01-28 22:04:41,553] {processor.py:642} INFO - Processing file /home/data-eginner/Documents/Soccer_Data/env/lib/python3.8/site-packages/airflow/example_dags/tutorial.py for tasks to queue
[2022-01-28 22:04:41,554] {logging_mixin.py:109} INFO - [2022-01-28 22:04:41,554] {dagbag.py:500} INFO - Filling up the DagBag from /home/data-eginner/Documents/Soccer_Data/env/lib/python3.8/site-packages/airflow/example_dags/tutorial.py
[2022-01-28 22:04:41,590] {processor.py:654} INFO - DAG(s) dict_keys(['tutorial']) retrieved from /home/data-eginner/Documents/Soccer_Data/env/lib/python3.8/site-packages/airflow/example_dags/tutorial.py
[2022-01-28 22:04:41,599] {logging_mixin.py:109} INFO - [2022-01-28 22:04:41,598] {dag.py:2396} INFO - Sync 1 DAGs
[2022-01-28 22:04:41,615] {logging_mixin.py:109} INFO - [2022-01-28 22:04:41,614] {dag.py:2935} INFO - Setting next_dagrun for tutorial to 2022-01-28T01:04:41.614669+00:00
[2022-01-28 22:04:41,658] {processor.py:171} INFO - Processing /home/data-eginner/Documents/Soccer_Data/env/lib/python3.8/site-packages/airflow/example_dags/tutorial.py took 0.132 seconds
[2022-01-28 22:05:20,425] {processor.py:163} INFO - Started process (PID=26807) to work on /home/data-eginner/Documents/Soccer_Data/env/lib/python3.8/site-packages/airflow/example_dags/tutorial.py
[2022-01-28 22:05:20,497] {processor.py:642} INFO - Processing file /home/data-eginner/Documents/Soccer_Data/env/lib/python3.8/site-packages/airflow/example_dags/tutorial.py for tasks to queue
[2022-01-28 22:05:20,499] {logging_mixin.py:109} INFO - [2022-01-28 22:05:20,498] {dagbag.py:500} INFO - Filling up the DagBag from /home/data-eginner/Documents/Soccer_Data/env/lib/python3.8/site-packages/airflow/example_dags/tutorial.py
[2022-01-28 22:05:20,546] {processor.py:654} INFO - DAG(s) dict_keys(['tutorial']) retrieved from /home/data-eginner/Documents/Soccer_Data/env/lib/python3.8/site-packages/airflow/example_dags/tutorial.py
[2022-01-28 22:05:20,554] {logging_mixin.py:109} INFO - [2022-01-28 22:05:20,554] {dag.py:2396} INFO - Sync 1 DAGs
[2022-01-28 22:05:20,568] {logging_mixin.py:109} INFO - [2022-01-28 22:05:20,568] {dag.py:2935} INFO - Setting next_dagrun for tutorial to 2022-01-28T01:05:20.568152+00:00
[2022-01-28 22:05:20,585] {processor.py:171} INFO - Processing /home/data-eginner/Documents/Soccer_Data/env/lib/python3.8/site-packages/airflow/example_dags/tutorial.py took 0.164 seconds
[2022-01-28 22:06:00,663] {processor.py:163} INFO - Started process (PID=26963) to work on /home/data-eginner/Documents/Soccer_Data/env/lib/python3.8/site-packages/airflow/example_dags/tutorial.py
[2022-01-28 22:06:00,676] {processor.py:642} INFO - Processing file /home/data-eginner/Documents/Soccer_Data/env/lib/python3.8/site-packages/airflow/example_dags/tutorial.py for tasks to queue
[2022-01-28 22:06:00,677] {logging_mixin.py:109} INFO - [2022-01-28 22:06:00,677] {dagbag.py:500} INFO - Filling up the DagBag from /home/data-eginner/Documents/Soccer_Data/env/lib/python3.8/site-packages/airflow/example_dags/tutorial.py
[2022-01-28 22:06:00,698] {processor.py:654} INFO - DAG(s) dict_keys(['tutorial']) retrieved from /home/data-eginner/Documents/Soccer_Data/env/lib/python3.8/site-packages/airflow/example_dags/tutorial.py
[2022-01-28 22:06:00,717] {logging_mixin.py:109} INFO - [2022-01-28 22:06:00,716] {dag.py:2396} INFO - Sync 1 DAGs
[2022-01-28 22:06:00,742] {logging_mixin.py:109} INFO - [2022-01-28 22:06:00,742] {dag.py:2935} INFO - Setting next_dagrun for tutorial to 2022-01-28T01:06:00.741369+00:00
[2022-01-28 22:06:00,796] {processor.py:171} INFO - Processing /home/data-eginner/Documents/Soccer_Data/env/lib/python3.8/site-packages/airflow/example_dags/tutorial.py took 0.173 seconds
[2022-01-28 22:06:36,688] {processor.py:163} INFO - Started process (PID=27114) to work on /home/data-eginner/Documents/Soccer_Data/env/lib/python3.8/site-packages/airflow/example_dags/tutorial.py
[2022-01-28 22:06:36,700] {processor.py:642} INFO - Processing file /home/data-eginner/Documents/Soccer_Data/env/lib/python3.8/site-packages/airflow/example_dags/tutorial.py for tasks to queue
[2022-01-28 22:06:36,700] {logging_mixin.py:109} INFO - [2022-01-28 22:06:36,700] {dagbag.py:500} INFO - Filling up the DagBag from /home/data-eginner/Documents/Soccer_Data/env/lib/python3.8/site-packages/airflow/example_dags/tutorial.py
[2022-01-28 22:06:36,758] {processor.py:654} INFO - DAG(s) dict_keys(['tutorial']) retrieved from /home/data-eginner/Documents/Soccer_Data/env/lib/python3.8/site-packages/airflow/example_dags/tutorial.py
[2022-01-28 22:06:36,765] {logging_mixin.py:109} INFO - [2022-01-28 22:06:36,765] {dag.py:2396} INFO - Sync 1 DAGs
[2022-01-28 22:06:36,787] {logging_mixin.py:109} INFO - [2022-01-28 22:06:36,787] {dag.py:2935} INFO - Setting next_dagrun for tutorial to 2022-01-28T01:06:36.787000+00:00
[2022-01-28 22:06:36,851] {processor.py:171} INFO - Processing /home/data-eginner/Documents/Soccer_Data/env/lib/python3.8/site-packages/airflow/example_dags/tutorial.py took 0.166 seconds
[2022-01-28 22:07:19,525] {processor.py:163} INFO - Started process (PID=27290) to work on /home/data-eginner/Documents/Soccer_Data/env/lib/python3.8/site-packages/airflow/example_dags/tutorial.py
[2022-01-28 22:07:19,541] {processor.py:642} INFO - Processing file /home/data-eginner/Documents/Soccer_Data/env/lib/python3.8/site-packages/airflow/example_dags/tutorial.py for tasks to queue
[2022-01-28 22:07:19,542] {logging_mixin.py:109} INFO - [2022-01-28 22:07:19,542] {dagbag.py:500} INFO - Filling up the DagBag from /home/data-eginner/Documents/Soccer_Data/env/lib/python3.8/site-packages/airflow/example_dags/tutorial.py
[2022-01-28 22:07:19,571] {processor.py:654} INFO - DAG(s) dict_keys(['tutorial']) retrieved from /home/data-eginner/Documents/Soccer_Data/env/lib/python3.8/site-packages/airflow/example_dags/tutorial.py
[2022-01-28 22:07:19,600] {logging_mixin.py:109} INFO - [2022-01-28 22:07:19,600] {dag.py:2396} INFO - Sync 1 DAGs
[2022-01-28 22:07:19,632] {logging_mixin.py:109} INFO - [2022-01-28 22:07:19,632] {dag.py:2935} INFO - Setting next_dagrun for tutorial to 2022-01-28T01:07:19.631981+00:00
[2022-01-28 22:07:19,671] {processor.py:171} INFO - Processing /home/data-eginner/Documents/Soccer_Data/env/lib/python3.8/site-packages/airflow/example_dags/tutorial.py took 0.149 seconds
[2022-01-28 22:07:57,337] {processor.py:163} INFO - Started process (PID=27434) to work on /home/data-eginner/Documents/Soccer_Data/env/lib/python3.8/site-packages/airflow/example_dags/tutorial.py
[2022-01-28 22:07:57,358] {processor.py:642} INFO - Processing file /home/data-eginner/Documents/Soccer_Data/env/lib/python3.8/site-packages/airflow/example_dags/tutorial.py for tasks to queue
[2022-01-28 22:07:57,359] {logging_mixin.py:109} INFO - [2022-01-28 22:07:57,359] {dagbag.py:500} INFO - Filling up the DagBag from /home/data-eginner/Documents/Soccer_Data/env/lib/python3.8/site-packages/airflow/example_dags/tutorial.py
[2022-01-28 22:07:57,483] {processor.py:654} INFO - DAG(s) dict_keys(['tutorial']) retrieved from /home/data-eginner/Documents/Soccer_Data/env/lib/python3.8/site-packages/airflow/example_dags/tutorial.py
[2022-01-28 22:07:57,527] {logging_mixin.py:109} INFO - [2022-01-28 22:07:57,527] {dag.py:2396} INFO - Sync 1 DAGs
[2022-01-28 22:07:57,621] {logging_mixin.py:109} INFO - [2022-01-28 22:07:57,620] {dag.py:2935} INFO - Setting next_dagrun for tutorial to 2022-01-28T01:07:57.620638+00:00
[2022-01-28 22:07:57,683] {processor.py:171} INFO - Processing /home/data-eginner/Documents/Soccer_Data/env/lib/python3.8/site-packages/airflow/example_dags/tutorial.py took 0.375 seconds
[2022-01-28 22:08:42,675] {processor.py:163} INFO - Started process (PID=27621) to work on /home/data-eginner/Documents/Soccer_Data/env/lib/python3.8/site-packages/airflow/example_dags/tutorial.py
[2022-01-28 22:08:42,697] {processor.py:642} INFO - Processing file /home/data-eginner/Documents/Soccer_Data/env/lib/python3.8/site-packages/airflow/example_dags/tutorial.py for tasks to queue
[2022-01-28 22:08:42,698] {logging_mixin.py:109} INFO - [2022-01-28 22:08:42,697] {dagbag.py:500} INFO - Filling up the DagBag from /home/data-eginner/Documents/Soccer_Data/env/lib/python3.8/site-packages/airflow/example_dags/tutorial.py
[2022-01-28 22:08:42,724] {processor.py:654} INFO - DAG(s) dict_keys(['tutorial']) retrieved from /home/data-eginner/Documents/Soccer_Data/env/lib/python3.8/site-packages/airflow/example_dags/tutorial.py
[2022-01-28 22:08:42,766] {logging_mixin.py:109} INFO - [2022-01-28 22:08:42,766] {dag.py:2396} INFO - Sync 1 DAGs
[2022-01-28 22:08:42,819] {logging_mixin.py:109} INFO - [2022-01-28 22:08:42,819] {dag.py:2935} INFO - Setting next_dagrun for tutorial to 2022-01-28T01:08:42.818757+00:00
[2022-01-28 22:08:42,853] {processor.py:171} INFO - Processing /home/data-eginner/Documents/Soccer_Data/env/lib/python3.8/site-packages/airflow/example_dags/tutorial.py took 0.181 seconds
[2022-01-28 22:09:21,813] {processor.py:163} INFO - Started process (PID=27777) to work on /home/data-eginner/Documents/Soccer_Data/env/lib/python3.8/site-packages/airflow/example_dags/tutorial.py
[2022-01-28 22:09:21,838] {processor.py:642} INFO - Processing file /home/data-eginner/Documents/Soccer_Data/env/lib/python3.8/site-packages/airflow/example_dags/tutorial.py for tasks to queue
[2022-01-28 22:09:21,839] {logging_mixin.py:109} INFO - [2022-01-28 22:09:21,839] {dagbag.py:500} INFO - Filling up the DagBag from /home/data-eginner/Documents/Soccer_Data/env/lib/python3.8/site-packages/airflow/example_dags/tutorial.py
[2022-01-28 22:09:21,870] {processor.py:654} INFO - DAG(s) dict_keys(['tutorial']) retrieved from /home/data-eginner/Documents/Soccer_Data/env/lib/python3.8/site-packages/airflow/example_dags/tutorial.py
[2022-01-28 22:09:21,894] {logging_mixin.py:109} INFO - [2022-01-28 22:09:21,894] {dag.py:2396} INFO - Sync 1 DAGs
[2022-01-28 22:09:21,931] {logging_mixin.py:109} INFO - [2022-01-28 22:09:21,931] {dag.py:2935} INFO - Setting next_dagrun for tutorial to 2022-01-28T01:09:21.930710+00:00
[2022-01-28 22:09:21,960] {processor.py:171} INFO - Processing /home/data-eginner/Documents/Soccer_Data/env/lib/python3.8/site-packages/airflow/example_dags/tutorial.py took 0.155 seconds
[2022-01-28 22:10:02,484] {processor.py:163} INFO - Started process (PID=27941) to work on /home/data-eginner/Documents/Soccer_Data/env/lib/python3.8/site-packages/airflow/example_dags/tutorial.py
[2022-01-28 22:10:02,520] {processor.py:642} INFO - Processing file /home/data-eginner/Documents/Soccer_Data/env/lib/python3.8/site-packages/airflow/example_dags/tutorial.py for tasks to queue
[2022-01-28 22:10:02,521] {logging_mixin.py:109} INFO - [2022-01-28 22:10:02,521] {dagbag.py:500} INFO - Filling up the DagBag from /home/data-eginner/Documents/Soccer_Data/env/lib/python3.8/site-packages/airflow/example_dags/tutorial.py
[2022-01-28 22:10:02,550] {processor.py:654} INFO - DAG(s) dict_keys(['tutorial']) retrieved from /home/data-eginner/Documents/Soccer_Data/env/lib/python3.8/site-packages/airflow/example_dags/tutorial.py
[2022-01-28 22:10:02,563] {logging_mixin.py:109} INFO - [2022-01-28 22:10:02,563] {dag.py:2396} INFO - Sync 1 DAGs
[2022-01-28 22:10:02,581] {logging_mixin.py:109} INFO - [2022-01-28 22:10:02,580] {dag.py:2935} INFO - Setting next_dagrun for tutorial to 2022-01-28T01:10:02.580370+00:00
[2022-01-28 22:10:02,616] {processor.py:171} INFO - Processing /home/data-eginner/Documents/Soccer_Data/env/lib/python3.8/site-packages/airflow/example_dags/tutorial.py took 0.136 seconds
[2022-01-28 22:10:38,971] {processor.py:163} INFO - Started process (PID=28100) to work on /home/data-eginner/Documents/Soccer_Data/env/lib/python3.8/site-packages/airflow/example_dags/tutorial.py
[2022-01-28 22:10:38,982] {processor.py:642} INFO - Processing file /home/data-eginner/Documents/Soccer_Data/env/lib/python3.8/site-packages/airflow/example_dags/tutorial.py for tasks to queue
[2022-01-28 22:10:38,982] {logging_mixin.py:109} INFO - [2022-01-28 22:10:38,982] {dagbag.py:500} INFO - Filling up the DagBag from /home/data-eginner/Documents/Soccer_Data/env/lib/python3.8/site-packages/airflow/example_dags/tutorial.py
[2022-01-28 22:10:39,025] {processor.py:654} INFO - DAG(s) dict_keys(['tutorial']) retrieved from /home/data-eginner/Documents/Soccer_Data/env/lib/python3.8/site-packages/airflow/example_dags/tutorial.py
[2022-01-28 22:10:39,033] {logging_mixin.py:109} INFO - [2022-01-28 22:10:39,033] {dag.py:2396} INFO - Sync 1 DAGs
[2022-01-28 22:10:39,067] {logging_mixin.py:109} INFO - [2022-01-28 22:10:39,067] {dag.py:2935} INFO - Setting next_dagrun for tutorial to 2022-01-28T01:10:39.067005+00:00
[2022-01-28 22:10:39,102] {processor.py:171} INFO - Processing /home/data-eginner/Documents/Soccer_Data/env/lib/python3.8/site-packages/airflow/example_dags/tutorial.py took 0.144 seconds
[2022-01-28 22:11:12,964] {processor.py:163} INFO - Started process (PID=28244) to work on /home/data-eginner/Documents/Soccer_Data/env/lib/python3.8/site-packages/airflow/example_dags/tutorial.py
[2022-01-28 22:11:13,021] {processor.py:642} INFO - Processing file /home/data-eginner/Documents/Soccer_Data/env/lib/python3.8/site-packages/airflow/example_dags/tutorial.py for tasks to queue
[2022-01-28 22:11:13,023] {logging_mixin.py:109} INFO - [2022-01-28 22:11:13,023] {dagbag.py:500} INFO - Filling up the DagBag from /home/data-eginner/Documents/Soccer_Data/env/lib/python3.8/site-packages/airflow/example_dags/tutorial.py
[2022-01-28 22:11:13,064] {processor.py:654} INFO - DAG(s) dict_keys(['tutorial']) retrieved from /home/data-eginner/Documents/Soccer_Data/env/lib/python3.8/site-packages/airflow/example_dags/tutorial.py
[2022-01-28 22:11:13,074] {logging_mixin.py:109} INFO - [2022-01-28 22:11:13,072] {dag.py:2396} INFO - Sync 1 DAGs
[2022-01-28 22:11:13,084] {logging_mixin.py:109} INFO - [2022-01-28 22:11:13,084] {dag.py:2935} INFO - Setting next_dagrun for tutorial to 2022-01-28T01:11:13.084047+00:00
[2022-01-28 22:11:13,102] {processor.py:171} INFO - Processing /home/data-eginner/Documents/Soccer_Data/env/lib/python3.8/site-packages/airflow/example_dags/tutorial.py took 0.144 seconds
[2022-01-28 22:11:48,653] {processor.py:163} INFO - Started process (PID=28390) to work on /home/data-eginner/Documents/Soccer_Data/env/lib/python3.8/site-packages/airflow/example_dags/tutorial.py
[2022-01-28 22:11:48,666] {processor.py:642} INFO - Processing file /home/data-eginner/Documents/Soccer_Data/env/lib/python3.8/site-packages/airflow/example_dags/tutorial.py for tasks to queue
[2022-01-28 22:11:48,667] {logging_mixin.py:109} INFO - [2022-01-28 22:11:48,667] {dagbag.py:500} INFO - Filling up the DagBag from /home/data-eginner/Documents/Soccer_Data/env/lib/python3.8/site-packages/airflow/example_dags/tutorial.py
[2022-01-28 22:11:48,687] {processor.py:654} INFO - DAG(s) dict_keys(['tutorial']) retrieved from /home/data-eginner/Documents/Soccer_Data/env/lib/python3.8/site-packages/airflow/example_dags/tutorial.py
[2022-01-28 22:11:48,694] {logging_mixin.py:109} INFO - [2022-01-28 22:11:48,694] {dag.py:2396} INFO - Sync 1 DAGs
[2022-01-28 22:11:48,705] {logging_mixin.py:109} INFO - [2022-01-28 22:11:48,705] {dag.py:2935} INFO - Setting next_dagrun for tutorial to 2022-01-28T01:11:48.705308+00:00
[2022-01-28 22:11:48,723] {processor.py:171} INFO - Processing /home/data-eginner/Documents/Soccer_Data/env/lib/python3.8/site-packages/airflow/example_dags/tutorial.py took 0.076 seconds
[2022-01-28 22:12:22,061] {processor.py:163} INFO - Started process (PID=28539) to work on /home/data-eginner/Documents/Soccer_Data/env/lib/python3.8/site-packages/airflow/example_dags/tutorial.py
[2022-01-28 22:12:22,065] {processor.py:642} INFO - Processing file /home/data-eginner/Documents/Soccer_Data/env/lib/python3.8/site-packages/airflow/example_dags/tutorial.py for tasks to queue
[2022-01-28 22:12:22,065] {logging_mixin.py:109} INFO - [2022-01-28 22:12:22,065] {dagbag.py:500} INFO - Filling up the DagBag from /home/data-eginner/Documents/Soccer_Data/env/lib/python3.8/site-packages/airflow/example_dags/tutorial.py
[2022-01-28 22:12:22,180] {processor.py:654} INFO - DAG(s) dict_keys(['tutorial']) retrieved from /home/data-eginner/Documents/Soccer_Data/env/lib/python3.8/site-packages/airflow/example_dags/tutorial.py
[2022-01-28 22:12:22,276] {logging_mixin.py:109} INFO - [2022-01-28 22:12:22,275] {dag.py:2396} INFO - Sync 1 DAGs
[2022-01-28 22:12:22,407] {logging_mixin.py:109} INFO - [2022-01-28 22:12:22,407] {dag.py:2935} INFO - Setting next_dagrun for tutorial to 2022-01-28T01:12:22.407137+00:00
[2022-01-28 22:12:22,510] {processor.py:171} INFO - Processing /home/data-eginner/Documents/Soccer_Data/env/lib/python3.8/site-packages/airflow/example_dags/tutorial.py took 0.482 seconds
[2022-01-28 22:13:01,470] {processor.py:163} INFO - Started process (PID=28683) to work on /home/data-eginner/Documents/Soccer_Data/env/lib/python3.8/site-packages/airflow/example_dags/tutorial.py
[2022-01-28 22:13:01,478] {processor.py:642} INFO - Processing file /home/data-eginner/Documents/Soccer_Data/env/lib/python3.8/site-packages/airflow/example_dags/tutorial.py for tasks to queue
[2022-01-28 22:13:01,478] {logging_mixin.py:109} INFO - [2022-01-28 22:13:01,478] {dagbag.py:500} INFO - Filling up the DagBag from /home/data-eginner/Documents/Soccer_Data/env/lib/python3.8/site-packages/airflow/example_dags/tutorial.py
[2022-01-28 22:13:01,540] {processor.py:654} INFO - DAG(s) dict_keys(['tutorial']) retrieved from /home/data-eginner/Documents/Soccer_Data/env/lib/python3.8/site-packages/airflow/example_dags/tutorial.py
[2022-01-28 22:13:01,548] {logging_mixin.py:109} INFO - [2022-01-28 22:13:01,548] {dag.py:2396} INFO - Sync 1 DAGs
[2022-01-28 22:13:01,581] {logging_mixin.py:109} INFO - [2022-01-28 22:13:01,581] {dag.py:2935} INFO - Setting next_dagrun for tutorial to 2022-01-28T01:13:01.581005+00:00
[2022-01-28 22:13:01,610] {processor.py:171} INFO - Processing /home/data-eginner/Documents/Soccer_Data/env/lib/python3.8/site-packages/airflow/example_dags/tutorial.py took 0.149 seconds
[2022-01-28 22:13:42,001] {processor.py:163} INFO - Started process (PID=28850) to work on /home/data-eginner/Documents/Soccer_Data/env/lib/python3.8/site-packages/airflow/example_dags/tutorial.py
[2022-01-28 22:13:42,008] {processor.py:642} INFO - Processing file /home/data-eginner/Documents/Soccer_Data/env/lib/python3.8/site-packages/airflow/example_dags/tutorial.py for tasks to queue
[2022-01-28 22:13:42,009] {logging_mixin.py:109} INFO - [2022-01-28 22:13:42,009] {dagbag.py:500} INFO - Filling up the DagBag from /home/data-eginner/Documents/Soccer_Data/env/lib/python3.8/site-packages/airflow/example_dags/tutorial.py
[2022-01-28 22:13:42,073] {processor.py:654} INFO - DAG(s) dict_keys(['tutorial']) retrieved from /home/data-eginner/Documents/Soccer_Data/env/lib/python3.8/site-packages/airflow/example_dags/tutorial.py
[2022-01-28 22:13:42,083] {logging_mixin.py:109} INFO - [2022-01-28 22:13:42,083] {dag.py:2396} INFO - Sync 1 DAGs
[2022-01-28 22:13:42,178] {logging_mixin.py:109} INFO - [2022-01-28 22:13:42,178] {dag.py:2935} INFO - Setting next_dagrun for tutorial to 2022-01-28T01:13:42.178363+00:00
[2022-01-28 22:13:42,207] {processor.py:171} INFO - Processing /home/data-eginner/Documents/Soccer_Data/env/lib/python3.8/site-packages/airflow/example_dags/tutorial.py took 0.232 seconds
[2022-01-28 22:14:20,879] {processor.py:163} INFO - Started process (PID=29000) to work on /home/data-eginner/Documents/Soccer_Data/env/lib/python3.8/site-packages/airflow/example_dags/tutorial.py
[2022-01-28 22:14:20,894] {processor.py:642} INFO - Processing file /home/data-eginner/Documents/Soccer_Data/env/lib/python3.8/site-packages/airflow/example_dags/tutorial.py for tasks to queue
[2022-01-28 22:14:20,895] {logging_mixin.py:109} INFO - [2022-01-28 22:14:20,894] {dagbag.py:500} INFO - Filling up the DagBag from /home/data-eginner/Documents/Soccer_Data/env/lib/python3.8/site-packages/airflow/example_dags/tutorial.py
[2022-01-28 22:14:20,941] {processor.py:654} INFO - DAG(s) dict_keys(['tutorial']) retrieved from /home/data-eginner/Documents/Soccer_Data/env/lib/python3.8/site-packages/airflow/example_dags/tutorial.py
[2022-01-28 22:14:20,971] {logging_mixin.py:109} INFO - [2022-01-28 22:14:20,971] {dag.py:2396} INFO - Sync 1 DAGs
[2022-01-28 22:14:20,998] {logging_mixin.py:109} INFO - [2022-01-28 22:14:20,998] {dag.py:2935} INFO - Setting next_dagrun for tutorial to 2022-01-28T01:14:20.998151+00:00
[2022-01-28 22:14:21,048] {processor.py:171} INFO - Processing /home/data-eginner/Documents/Soccer_Data/env/lib/python3.8/site-packages/airflow/example_dags/tutorial.py took 0.173 seconds
[2022-01-28 22:14:58,711] {processor.py:163} INFO - Started process (PID=29152) to work on /home/data-eginner/Documents/Soccer_Data/env/lib/python3.8/site-packages/airflow/example_dags/tutorial.py
[2022-01-28 22:14:58,725] {processor.py:642} INFO - Processing file /home/data-eginner/Documents/Soccer_Data/env/lib/python3.8/site-packages/airflow/example_dags/tutorial.py for tasks to queue
[2022-01-28 22:14:58,726] {logging_mixin.py:109} INFO - [2022-01-28 22:14:58,725] {dagbag.py:500} INFO - Filling up the DagBag from /home/data-eginner/Documents/Soccer_Data/env/lib/python3.8/site-packages/airflow/example_dags/tutorial.py
[2022-01-28 22:14:58,759] {processor.py:654} INFO - DAG(s) dict_keys(['tutorial']) retrieved from /home/data-eginner/Documents/Soccer_Data/env/lib/python3.8/site-packages/airflow/example_dags/tutorial.py
[2022-01-28 22:14:58,777] {logging_mixin.py:109} INFO - [2022-01-28 22:14:58,777] {dag.py:2396} INFO - Sync 1 DAGs
[2022-01-28 22:14:58,800] {logging_mixin.py:109} INFO - [2022-01-28 22:14:58,800] {dag.py:2935} INFO - Setting next_dagrun for tutorial to 2022-01-28T01:14:58.798143+00:00
[2022-01-28 22:14:58,823] {processor.py:171} INFO - Processing /home/data-eginner/Documents/Soccer_Data/env/lib/python3.8/site-packages/airflow/example_dags/tutorial.py took 0.116 seconds
[2022-01-28 22:15:38,906] {processor.py:163} INFO - Started process (PID=29283) to work on /home/data-eginner/Documents/Soccer_Data/env/lib/python3.8/site-packages/airflow/example_dags/tutorial.py
[2022-01-28 22:15:38,923] {processor.py:642} INFO - Processing file /home/data-eginner/Documents/Soccer_Data/env/lib/python3.8/site-packages/airflow/example_dags/tutorial.py for tasks to queue
[2022-01-28 22:15:38,927] {logging_mixin.py:109} INFO - [2022-01-28 22:15:38,927] {dagbag.py:500} INFO - Filling up the DagBag from /home/data-eginner/Documents/Soccer_Data/env/lib/python3.8/site-packages/airflow/example_dags/tutorial.py
[2022-01-28 22:15:39,002] {processor.py:654} INFO - DAG(s) dict_keys(['tutorial']) retrieved from /home/data-eginner/Documents/Soccer_Data/env/lib/python3.8/site-packages/airflow/example_dags/tutorial.py
[2022-01-28 22:15:39,058] {logging_mixin.py:109} INFO - [2022-01-28 22:15:39,058] {dag.py:2396} INFO - Sync 1 DAGs
[2022-01-28 22:15:39,115] {logging_mixin.py:109} INFO - [2022-01-28 22:15:39,114] {dag.py:2935} INFO - Setting next_dagrun for tutorial to 2022-01-28T01:15:39.114655+00:00
[2022-01-28 22:15:39,168] {processor.py:171} INFO - Processing /home/data-eginner/Documents/Soccer_Data/env/lib/python3.8/site-packages/airflow/example_dags/tutorial.py took 0.265 seconds
[2022-01-28 22:16:23,431] {processor.py:163} INFO - Started process (PID=29446) to work on /home/data-eginner/Documents/Soccer_Data/env/lib/python3.8/site-packages/airflow/example_dags/tutorial.py
[2022-01-28 22:16:23,439] {processor.py:642} INFO - Processing file /home/data-eginner/Documents/Soccer_Data/env/lib/python3.8/site-packages/airflow/example_dags/tutorial.py for tasks to queue
[2022-01-28 22:16:23,439] {logging_mixin.py:109} INFO - [2022-01-28 22:16:23,439] {dagbag.py:500} INFO - Filling up the DagBag from /home/data-eginner/Documents/Soccer_Data/env/lib/python3.8/site-packages/airflow/example_dags/tutorial.py
[2022-01-28 22:16:23,480] {processor.py:654} INFO - DAG(s) dict_keys(['tutorial']) retrieved from /home/data-eginner/Documents/Soccer_Data/env/lib/python3.8/site-packages/airflow/example_dags/tutorial.py
[2022-01-28 22:16:23,499] {logging_mixin.py:109} INFO - [2022-01-28 22:16:23,499] {dag.py:2396} INFO - Sync 1 DAGs
[2022-01-28 22:16:23,522] {logging_mixin.py:109} INFO - [2022-01-28 22:16:23,521] {dag.py:2935} INFO - Setting next_dagrun for tutorial to 2022-01-28T01:16:23.521720+00:00
[2022-01-28 22:16:23,570] {processor.py:171} INFO - Processing /home/data-eginner/Documents/Soccer_Data/env/lib/python3.8/site-packages/airflow/example_dags/tutorial.py took 0.164 seconds
[2022-01-28 22:17:10,524] {processor.py:163} INFO - Started process (PID=29622) to work on /home/data-eginner/Documents/Soccer_Data/env/lib/python3.8/site-packages/airflow/example_dags/tutorial.py
[2022-01-28 22:17:10,545] {processor.py:642} INFO - Processing file /home/data-eginner/Documents/Soccer_Data/env/lib/python3.8/site-packages/airflow/example_dags/tutorial.py for tasks to queue
[2022-01-28 22:17:10,546] {logging_mixin.py:109} INFO - [2022-01-28 22:17:10,545] {dagbag.py:500} INFO - Filling up the DagBag from /home/data-eginner/Documents/Soccer_Data/env/lib/python3.8/site-packages/airflow/example_dags/tutorial.py
[2022-01-28 22:17:10,566] {processor.py:654} INFO - DAG(s) dict_keys(['tutorial']) retrieved from /home/data-eginner/Documents/Soccer_Data/env/lib/python3.8/site-packages/airflow/example_dags/tutorial.py
[2022-01-28 22:17:10,576] {logging_mixin.py:109} INFO - [2022-01-28 22:17:10,576] {dag.py:2396} INFO - Sync 1 DAGs
[2022-01-28 22:17:10,586] {logging_mixin.py:109} INFO - [2022-01-28 22:17:10,586] {dag.py:2935} INFO - Setting next_dagrun for tutorial to 2022-01-28T01:17:10.586610+00:00
[2022-01-28 22:17:10,703] {processor.py:171} INFO - Processing /home/data-eginner/Documents/Soccer_Data/env/lib/python3.8/site-packages/airflow/example_dags/tutorial.py took 0.182 seconds
[2022-01-28 22:17:54,380] {processor.py:163} INFO - Started process (PID=29793) to work on /home/data-eginner/Documents/Soccer_Data/env/lib/python3.8/site-packages/airflow/example_dags/tutorial.py
[2022-01-28 22:17:54,394] {processor.py:642} INFO - Processing file /home/data-eginner/Documents/Soccer_Data/env/lib/python3.8/site-packages/airflow/example_dags/tutorial.py for tasks to queue
[2022-01-28 22:17:54,395] {logging_mixin.py:109} INFO - [2022-01-28 22:17:54,395] {dagbag.py:500} INFO - Filling up the DagBag from /home/data-eginner/Documents/Soccer_Data/env/lib/python3.8/site-packages/airflow/example_dags/tutorial.py
[2022-01-28 22:17:54,417] {processor.py:654} INFO - DAG(s) dict_keys(['tutorial']) retrieved from /home/data-eginner/Documents/Soccer_Data/env/lib/python3.8/site-packages/airflow/example_dags/tutorial.py
[2022-01-28 22:17:54,425] {logging_mixin.py:109} INFO - [2022-01-28 22:17:54,425] {dag.py:2396} INFO - Sync 1 DAGs
[2022-01-28 22:17:54,441] {logging_mixin.py:109} INFO - [2022-01-28 22:17:54,441] {dag.py:2935} INFO - Setting next_dagrun for tutorial to 2022-01-28T01:17:54.440882+00:00
[2022-01-28 22:17:54,483] {processor.py:171} INFO - Processing /home/data-eginner/Documents/Soccer_Data/env/lib/python3.8/site-packages/airflow/example_dags/tutorial.py took 0.106 seconds
[2022-01-28 22:18:32,291] {processor.py:163} INFO - Started process (PID=29948) to work on /home/data-eginner/Documents/Soccer_Data/env/lib/python3.8/site-packages/airflow/example_dags/tutorial.py
[2022-01-28 22:18:32,310] {processor.py:642} INFO - Processing file /home/data-eginner/Documents/Soccer_Data/env/lib/python3.8/site-packages/airflow/example_dags/tutorial.py for tasks to queue
[2022-01-28 22:18:32,310] {logging_mixin.py:109} INFO - [2022-01-28 22:18:32,310] {dagbag.py:500} INFO - Filling up the DagBag from /home/data-eginner/Documents/Soccer_Data/env/lib/python3.8/site-packages/airflow/example_dags/tutorial.py
[2022-01-28 22:18:32,328] {processor.py:654} INFO - DAG(s) dict_keys(['tutorial']) retrieved from /home/data-eginner/Documents/Soccer_Data/env/lib/python3.8/site-packages/airflow/example_dags/tutorial.py
[2022-01-28 22:18:32,336] {logging_mixin.py:109} INFO - [2022-01-28 22:18:32,336] {dag.py:2396} INFO - Sync 1 DAGs
[2022-01-28 22:18:32,347] {logging_mixin.py:109} INFO - [2022-01-28 22:18:32,346] {dag.py:2935} INFO - Setting next_dagrun for tutorial to 2022-01-28T01:18:32.346644+00:00
[2022-01-28 22:18:32,424] {processor.py:171} INFO - Processing /home/data-eginner/Documents/Soccer_Data/env/lib/python3.8/site-packages/airflow/example_dags/tutorial.py took 0.135 seconds
[2022-01-28 22:19:05,794] {processor.py:163} INFO - Started process (PID=30083) to work on /home/data-eginner/Documents/Soccer_Data/env/lib/python3.8/site-packages/airflow/example_dags/tutorial.py
[2022-01-28 22:19:05,817] {processor.py:642} INFO - Processing file /home/data-eginner/Documents/Soccer_Data/env/lib/python3.8/site-packages/airflow/example_dags/tutorial.py for tasks to queue
[2022-01-28 22:19:05,820] {logging_mixin.py:109} INFO - [2022-01-28 22:19:05,819] {dagbag.py:500} INFO - Filling up the DagBag from /home/data-eginner/Documents/Soccer_Data/env/lib/python3.8/site-packages/airflow/example_dags/tutorial.py
[2022-01-28 22:19:05,847] {processor.py:654} INFO - DAG(s) dict_keys(['tutorial']) retrieved from /home/data-eginner/Documents/Soccer_Data/env/lib/python3.8/site-packages/airflow/example_dags/tutorial.py
[2022-01-28 22:19:05,877] {logging_mixin.py:109} INFO - [2022-01-28 22:19:05,877] {dag.py:2396} INFO - Sync 1 DAGs
[2022-01-28 22:19:05,918] {logging_mixin.py:109} INFO - [2022-01-28 22:19:05,918] {dag.py:2935} INFO - Setting next_dagrun for tutorial to 2022-01-28T01:19:05.918183+00:00
[2022-01-28 22:19:05,953] {processor.py:171} INFO - Processing /home/data-eginner/Documents/Soccer_Data/env/lib/python3.8/site-packages/airflow/example_dags/tutorial.py took 0.161 seconds
[2022-01-28 22:20:09,528] {processor.py:163} INFO - Started process (PID=30335) to work on /home/data-eginner/Documents/Soccer_Data/env/lib/python3.8/site-packages/airflow/example_dags/tutorial.py
[2022-01-28 22:20:09,547] {processor.py:642} INFO - Processing file /home/data-eginner/Documents/Soccer_Data/env/lib/python3.8/site-packages/airflow/example_dags/tutorial.py for tasks to queue
[2022-01-28 22:20:09,548] {logging_mixin.py:109} INFO - [2022-01-28 22:20:09,548] {dagbag.py:500} INFO - Filling up the DagBag from /home/data-eginner/Documents/Soccer_Data/env/lib/python3.8/site-packages/airflow/example_dags/tutorial.py
[2022-01-28 22:20:09,570] {processor.py:654} INFO - DAG(s) dict_keys(['tutorial']) retrieved from /home/data-eginner/Documents/Soccer_Data/env/lib/python3.8/site-packages/airflow/example_dags/tutorial.py
[2022-01-28 22:20:09,587] {logging_mixin.py:109} INFO - [2022-01-28 22:20:09,586] {dag.py:2396} INFO - Sync 1 DAGs
[2022-01-28 22:20:09,599] {logging_mixin.py:109} INFO - [2022-01-28 22:20:09,599] {dag.py:2935} INFO - Setting next_dagrun for tutorial to 2022-01-28T01:20:09.599566+00:00
[2022-01-28 22:20:09,649] {processor.py:171} INFO - Processing /home/data-eginner/Documents/Soccer_Data/env/lib/python3.8/site-packages/airflow/example_dags/tutorial.py took 0.124 seconds
[2022-01-28 22:20:51,021] {processor.py:163} INFO - Started process (PID=30508) to work on /home/data-eginner/Documents/Soccer_Data/env/lib/python3.8/site-packages/airflow/example_dags/tutorial.py
[2022-01-28 22:20:51,046] {processor.py:642} INFO - Processing file /home/data-eginner/Documents/Soccer_Data/env/lib/python3.8/site-packages/airflow/example_dags/tutorial.py for tasks to queue
[2022-01-28 22:20:51,047] {logging_mixin.py:109} INFO - [2022-01-28 22:20:51,047] {dagbag.py:500} INFO - Filling up the DagBag from /home/data-eginner/Documents/Soccer_Data/env/lib/python3.8/site-packages/airflow/example_dags/tutorial.py
[2022-01-28 22:20:51,066] {processor.py:654} INFO - DAG(s) dict_keys(['tutorial']) retrieved from /home/data-eginner/Documents/Soccer_Data/env/lib/python3.8/site-packages/airflow/example_dags/tutorial.py
[2022-01-28 22:20:51,074] {logging_mixin.py:109} INFO - [2022-01-28 22:20:51,074] {dag.py:2396} INFO - Sync 1 DAGs
[2022-01-28 22:20:51,084] {logging_mixin.py:109} INFO - [2022-01-28 22:20:51,084] {dag.py:2935} INFO - Setting next_dagrun for tutorial to 2022-01-28T01:20:51.084196+00:00
[2022-01-28 22:20:51,127] {processor.py:171} INFO - Processing /home/data-eginner/Documents/Soccer_Data/env/lib/python3.8/site-packages/airflow/example_dags/tutorial.py took 0.109 seconds
[2022-01-28 22:21:25,351] {processor.py:163} INFO - Started process (PID=30658) to work on /home/data-eginner/Documents/Soccer_Data/env/lib/python3.8/site-packages/airflow/example_dags/tutorial.py
[2022-01-28 22:21:25,362] {processor.py:642} INFO - Processing file /home/data-eginner/Documents/Soccer_Data/env/lib/python3.8/site-packages/airflow/example_dags/tutorial.py for tasks to queue
[2022-01-28 22:21:25,363] {logging_mixin.py:109} INFO - [2022-01-28 22:21:25,363] {dagbag.py:500} INFO - Filling up the DagBag from /home/data-eginner/Documents/Soccer_Data/env/lib/python3.8/site-packages/airflow/example_dags/tutorial.py
[2022-01-28 22:21:25,394] {processor.py:654} INFO - DAG(s) dict_keys(['tutorial']) retrieved from /home/data-eginner/Documents/Soccer_Data/env/lib/python3.8/site-packages/airflow/example_dags/tutorial.py
[2022-01-28 22:21:25,402] {logging_mixin.py:109} INFO - [2022-01-28 22:21:25,402] {dag.py:2396} INFO - Sync 1 DAGs
[2022-01-28 22:21:25,415] {logging_mixin.py:109} INFO - [2022-01-28 22:21:25,415] {dag.py:2935} INFO - Setting next_dagrun for tutorial to 2022-01-28T01:21:25.415549+00:00
[2022-01-28 22:21:25,436] {processor.py:171} INFO - Processing /home/data-eginner/Documents/Soccer_Data/env/lib/python3.8/site-packages/airflow/example_dags/tutorial.py took 0.102 seconds
[2022-01-28 22:21:58,963] {processor.py:163} INFO - Started process (PID=30804) to work on /home/data-eginner/Documents/Soccer_Data/env/lib/python3.8/site-packages/airflow/example_dags/tutorial.py
[2022-01-28 22:21:58,980] {processor.py:642} INFO - Processing file /home/data-eginner/Documents/Soccer_Data/env/lib/python3.8/site-packages/airflow/example_dags/tutorial.py for tasks to queue
[2022-01-28 22:21:58,981] {logging_mixin.py:109} INFO - [2022-01-28 22:21:58,981] {dagbag.py:500} INFO - Filling up the DagBag from /home/data-eginner/Documents/Soccer_Data/env/lib/python3.8/site-packages/airflow/example_dags/tutorial.py
[2022-01-28 22:21:59,002] {processor.py:654} INFO - DAG(s) dict_keys(['tutorial']) retrieved from /home/data-eginner/Documents/Soccer_Data/env/lib/python3.8/site-packages/airflow/example_dags/tutorial.py
[2022-01-28 22:21:59,011] {logging_mixin.py:109} INFO - [2022-01-28 22:21:59,011] {dag.py:2396} INFO - Sync 1 DAGs
[2022-01-28 22:21:59,022] {logging_mixin.py:109} INFO - [2022-01-28 22:21:59,021] {dag.py:2935} INFO - Setting next_dagrun for tutorial to 2022-01-28T01:21:59.021645+00:00
[2022-01-28 22:21:59,057] {processor.py:171} INFO - Processing /home/data-eginner/Documents/Soccer_Data/env/lib/python3.8/site-packages/airflow/example_dags/tutorial.py took 0.097 seconds
[2022-01-28 22:22:32,497] {processor.py:163} INFO - Started process (PID=30960) to work on /home/data-eginner/Documents/Soccer_Data/env/lib/python3.8/site-packages/airflow/example_dags/tutorial.py
[2022-01-28 22:22:32,513] {processor.py:642} INFO - Processing file /home/data-eginner/Documents/Soccer_Data/env/lib/python3.8/site-packages/airflow/example_dags/tutorial.py for tasks to queue
[2022-01-28 22:22:32,514] {logging_mixin.py:109} INFO - [2022-01-28 22:22:32,514] {dagbag.py:500} INFO - Filling up the DagBag from /home/data-eginner/Documents/Soccer_Data/env/lib/python3.8/site-packages/airflow/example_dags/tutorial.py
[2022-01-28 22:22:32,550] {processor.py:654} INFO - DAG(s) dict_keys(['tutorial']) retrieved from /home/data-eginner/Documents/Soccer_Data/env/lib/python3.8/site-packages/airflow/example_dags/tutorial.py
[2022-01-28 22:22:32,561] {logging_mixin.py:109} INFO - [2022-01-28 22:22:32,560] {dag.py:2396} INFO - Sync 1 DAGs
[2022-01-28 22:22:32,577] {logging_mixin.py:109} INFO - [2022-01-28 22:22:32,576] {dag.py:2935} INFO - Setting next_dagrun for tutorial to 2022-01-28T01:22:32.576711+00:00
[2022-01-28 22:22:32,633] {processor.py:171} INFO - Processing /home/data-eginner/Documents/Soccer_Data/env/lib/python3.8/site-packages/airflow/example_dags/tutorial.py took 0.139 seconds
