[2022-01-28 21:00:13,056] {processor.py:163} INFO - Started process (PID=18970) to work on /home/data-eginner/Documents/Soccer_Data/env/lib/python3.8/site-packages/airflow/example_dags/subdags/subdag.py
[2022-01-28 21:00:13,057] {processor.py:642} INFO - Processing file /home/data-eginner/Documents/Soccer_Data/env/lib/python3.8/site-packages/airflow/example_dags/subdags/subdag.py for tasks to queue
[2022-01-28 21:00:13,058] {logging_mixin.py:109} INFO - [2022-01-28 21:00:13,058] {dagbag.py:500} INFO - Filling up the DagBag from /home/data-eginner/Documents/Soccer_Data/env/lib/python3.8/site-packages/airflow/example_dags/subdags/subdag.py
[2022-01-28 21:00:13,115] {processor.py:656} WARNING - No viable dags retrieved from /home/data-eginner/Documents/Soccer_Data/env/lib/python3.8/site-packages/airflow/example_dags/subdags/subdag.py
[2022-01-28 21:00:13,122] {processor.py:171} INFO - Processing /home/data-eginner/Documents/Soccer_Data/env/lib/python3.8/site-packages/airflow/example_dags/subdags/subdag.py took 0.096 seconds
[2022-01-28 21:07:56,309] {processor.py:163} INFO - Started process (PID=19666) to work on /home/data-eginner/Documents/Soccer_Data/env/lib/python3.8/site-packages/airflow/example_dags/subdags/subdag.py
[2022-01-28 21:07:56,328] {processor.py:642} INFO - Processing file /home/data-eginner/Documents/Soccer_Data/env/lib/python3.8/site-packages/airflow/example_dags/subdags/subdag.py for tasks to queue
[2022-01-28 21:07:56,329] {logging_mixin.py:109} INFO - [2022-01-28 21:07:56,329] {dagbag.py:500} INFO - Filling up the DagBag from /home/data-eginner/Documents/Soccer_Data/env/lib/python3.8/site-packages/airflow/example_dags/subdags/subdag.py
[2022-01-28 21:07:56,401] {processor.py:656} WARNING - No viable dags retrieved from /home/data-eginner/Documents/Soccer_Data/env/lib/python3.8/site-packages/airflow/example_dags/subdags/subdag.py
[2022-01-28 21:07:56,403] {processor.py:171} INFO - Processing /home/data-eginner/Documents/Soccer_Data/env/lib/python3.8/site-packages/airflow/example_dags/subdags/subdag.py took 0.124 seconds
[2022-01-28 21:08:43,132] {processor.py:163} INFO - Started process (PID=19856) to work on /home/data-eginner/Documents/Soccer_Data/env/lib/python3.8/site-packages/airflow/example_dags/subdags/subdag.py
[2022-01-28 21:08:43,159] {processor.py:642} INFO - Processing file /home/data-eginner/Documents/Soccer_Data/env/lib/python3.8/site-packages/airflow/example_dags/subdags/subdag.py for tasks to queue
[2022-01-28 21:08:43,160] {logging_mixin.py:109} INFO - [2022-01-28 21:08:43,160] {dagbag.py:500} INFO - Filling up the DagBag from /home/data-eginner/Documents/Soccer_Data/env/lib/python3.8/site-packages/airflow/example_dags/subdags/subdag.py
[2022-01-28 21:08:43,183] {processor.py:656} WARNING - No viable dags retrieved from /home/data-eginner/Documents/Soccer_Data/env/lib/python3.8/site-packages/airflow/example_dags/subdags/subdag.py
[2022-01-28 21:08:43,185] {processor.py:171} INFO - Processing /home/data-eginner/Documents/Soccer_Data/env/lib/python3.8/site-packages/airflow/example_dags/subdags/subdag.py took 0.057 seconds
[2022-01-28 21:09:32,188] {processor.py:163} INFO - Started process (PID=20034) to work on /home/data-eginner/Documents/Soccer_Data/env/lib/python3.8/site-packages/airflow/example_dags/subdags/subdag.py
[2022-01-28 21:09:32,208] {processor.py:642} INFO - Processing file /home/data-eginner/Documents/Soccer_Data/env/lib/python3.8/site-packages/airflow/example_dags/subdags/subdag.py for tasks to queue
[2022-01-28 21:09:32,209] {logging_mixin.py:109} INFO - [2022-01-28 21:09:32,208] {dagbag.py:500} INFO - Filling up the DagBag from /home/data-eginner/Documents/Soccer_Data/env/lib/python3.8/site-packages/airflow/example_dags/subdags/subdag.py
[2022-01-28 21:09:32,232] {processor.py:656} WARNING - No viable dags retrieved from /home/data-eginner/Documents/Soccer_Data/env/lib/python3.8/site-packages/airflow/example_dags/subdags/subdag.py
[2022-01-28 21:09:32,234] {processor.py:171} INFO - Processing /home/data-eginner/Documents/Soccer_Data/env/lib/python3.8/site-packages/airflow/example_dags/subdags/subdag.py took 0.049 seconds
[2022-01-28 21:10:13,518] {processor.py:163} INFO - Started process (PID=20181) to work on /home/data-eginner/Documents/Soccer_Data/env/lib/python3.8/site-packages/airflow/example_dags/subdags/subdag.py
[2022-01-28 21:10:13,524] {processor.py:642} INFO - Processing file /home/data-eginner/Documents/Soccer_Data/env/lib/python3.8/site-packages/airflow/example_dags/subdags/subdag.py for tasks to queue
[2022-01-28 21:10:13,525] {logging_mixin.py:109} INFO - [2022-01-28 21:10:13,524] {dagbag.py:500} INFO - Filling up the DagBag from /home/data-eginner/Documents/Soccer_Data/env/lib/python3.8/site-packages/airflow/example_dags/subdags/subdag.py
[2022-01-28 21:10:13,541] {processor.py:656} WARNING - No viable dags retrieved from /home/data-eginner/Documents/Soccer_Data/env/lib/python3.8/site-packages/airflow/example_dags/subdags/subdag.py
[2022-01-28 21:10:13,544] {processor.py:171} INFO - Processing /home/data-eginner/Documents/Soccer_Data/env/lib/python3.8/site-packages/airflow/example_dags/subdags/subdag.py took 0.028 seconds
[2022-01-28 21:10:52,110] {processor.py:163} INFO - Started process (PID=20343) to work on /home/data-eginner/Documents/Soccer_Data/env/lib/python3.8/site-packages/airflow/example_dags/subdags/subdag.py
[2022-01-28 21:10:52,113] {processor.py:642} INFO - Processing file /home/data-eginner/Documents/Soccer_Data/env/lib/python3.8/site-packages/airflow/example_dags/subdags/subdag.py for tasks to queue
[2022-01-28 21:10:52,114] {logging_mixin.py:109} INFO - [2022-01-28 21:10:52,114] {dagbag.py:500} INFO - Filling up the DagBag from /home/data-eginner/Documents/Soccer_Data/env/lib/python3.8/site-packages/airflow/example_dags/subdags/subdag.py
[2022-01-28 21:10:52,128] {processor.py:656} WARNING - No viable dags retrieved from /home/data-eginner/Documents/Soccer_Data/env/lib/python3.8/site-packages/airflow/example_dags/subdags/subdag.py
[2022-01-28 21:10:52,146] {processor.py:171} INFO - Processing /home/data-eginner/Documents/Soccer_Data/env/lib/python3.8/site-packages/airflow/example_dags/subdags/subdag.py took 0.062 seconds
[2022-01-28 21:11:25,842] {processor.py:163} INFO - Started process (PID=20472) to work on /home/data-eginner/Documents/Soccer_Data/env/lib/python3.8/site-packages/airflow/example_dags/subdags/subdag.py
[2022-01-28 21:11:25,851] {processor.py:642} INFO - Processing file /home/data-eginner/Documents/Soccer_Data/env/lib/python3.8/site-packages/airflow/example_dags/subdags/subdag.py for tasks to queue
[2022-01-28 21:11:25,852] {logging_mixin.py:109} INFO - [2022-01-28 21:11:25,852] {dagbag.py:500} INFO - Filling up the DagBag from /home/data-eginner/Documents/Soccer_Data/env/lib/python3.8/site-packages/airflow/example_dags/subdags/subdag.py
[2022-01-28 21:11:25,873] {processor.py:656} WARNING - No viable dags retrieved from /home/data-eginner/Documents/Soccer_Data/env/lib/python3.8/site-packages/airflow/example_dags/subdags/subdag.py
[2022-01-28 21:11:25,880] {processor.py:171} INFO - Processing /home/data-eginner/Documents/Soccer_Data/env/lib/python3.8/site-packages/airflow/example_dags/subdags/subdag.py took 0.042 seconds
[2022-01-28 21:12:04,208] {processor.py:163} INFO - Started process (PID=20626) to work on /home/data-eginner/Documents/Soccer_Data/env/lib/python3.8/site-packages/airflow/example_dags/subdags/subdag.py
[2022-01-28 21:12:04,216] {processor.py:642} INFO - Processing file /home/data-eginner/Documents/Soccer_Data/env/lib/python3.8/site-packages/airflow/example_dags/subdags/subdag.py for tasks to queue
[2022-01-28 21:12:04,216] {logging_mixin.py:109} INFO - [2022-01-28 21:12:04,216] {dagbag.py:500} INFO - Filling up the DagBag from /home/data-eginner/Documents/Soccer_Data/env/lib/python3.8/site-packages/airflow/example_dags/subdags/subdag.py
[2022-01-28 21:12:04,235] {processor.py:656} WARNING - No viable dags retrieved from /home/data-eginner/Documents/Soccer_Data/env/lib/python3.8/site-packages/airflow/example_dags/subdags/subdag.py
[2022-01-28 21:12:04,237] {processor.py:171} INFO - Processing /home/data-eginner/Documents/Soccer_Data/env/lib/python3.8/site-packages/airflow/example_dags/subdags/subdag.py took 0.034 seconds
[2022-01-28 21:12:41,039] {processor.py:163} INFO - Started process (PID=20768) to work on /home/data-eginner/Documents/Soccer_Data/env/lib/python3.8/site-packages/airflow/example_dags/subdags/subdag.py
[2022-01-28 21:12:41,042] {processor.py:642} INFO - Processing file /home/data-eginner/Documents/Soccer_Data/env/lib/python3.8/site-packages/airflow/example_dags/subdags/subdag.py for tasks to queue
[2022-01-28 21:12:41,042] {logging_mixin.py:109} INFO - [2022-01-28 21:12:41,042] {dagbag.py:500} INFO - Filling up the DagBag from /home/data-eginner/Documents/Soccer_Data/env/lib/python3.8/site-packages/airflow/example_dags/subdags/subdag.py
[2022-01-28 21:12:41,057] {processor.py:656} WARNING - No viable dags retrieved from /home/data-eginner/Documents/Soccer_Data/env/lib/python3.8/site-packages/airflow/example_dags/subdags/subdag.py
[2022-01-28 21:12:41,063] {processor.py:171} INFO - Processing /home/data-eginner/Documents/Soccer_Data/env/lib/python3.8/site-packages/airflow/example_dags/subdags/subdag.py took 0.027 seconds
[2022-01-28 21:13:17,211] {processor.py:163} INFO - Started process (PID=20904) to work on /home/data-eginner/Documents/Soccer_Data/env/lib/python3.8/site-packages/airflow/example_dags/subdags/subdag.py
[2022-01-28 21:13:17,219] {processor.py:642} INFO - Processing file /home/data-eginner/Documents/Soccer_Data/env/lib/python3.8/site-packages/airflow/example_dags/subdags/subdag.py for tasks to queue
[2022-01-28 21:13:17,219] {logging_mixin.py:109} INFO - [2022-01-28 21:13:17,219] {dagbag.py:500} INFO - Filling up the DagBag from /home/data-eginner/Documents/Soccer_Data/env/lib/python3.8/site-packages/airflow/example_dags/subdags/subdag.py
[2022-01-28 21:13:17,262] {processor.py:656} WARNING - No viable dags retrieved from /home/data-eginner/Documents/Soccer_Data/env/lib/python3.8/site-packages/airflow/example_dags/subdags/subdag.py
[2022-01-28 21:13:17,264] {processor.py:171} INFO - Processing /home/data-eginner/Documents/Soccer_Data/env/lib/python3.8/site-packages/airflow/example_dags/subdags/subdag.py took 0.069 seconds
[2022-01-28 21:14:02,079] {processor.py:163} INFO - Started process (PID=21066) to work on /home/data-eginner/Documents/Soccer_Data/env/lib/python3.8/site-packages/airflow/example_dags/subdags/subdag.py
[2022-01-28 21:14:02,083] {processor.py:642} INFO - Processing file /home/data-eginner/Documents/Soccer_Data/env/lib/python3.8/site-packages/airflow/example_dags/subdags/subdag.py for tasks to queue
[2022-01-28 21:14:02,086] {logging_mixin.py:109} INFO - [2022-01-28 21:14:02,086] {dagbag.py:500} INFO - Filling up the DagBag from /home/data-eginner/Documents/Soccer_Data/env/lib/python3.8/site-packages/airflow/example_dags/subdags/subdag.py
[2022-01-28 21:14:02,121] {processor.py:656} WARNING - No viable dags retrieved from /home/data-eginner/Documents/Soccer_Data/env/lib/python3.8/site-packages/airflow/example_dags/subdags/subdag.py
[2022-01-28 21:14:02,137] {processor.py:171} INFO - Processing /home/data-eginner/Documents/Soccer_Data/env/lib/python3.8/site-packages/airflow/example_dags/subdags/subdag.py took 0.067 seconds
[2022-01-28 21:14:33,674] {processor.py:163} INFO - Started process (PID=21175) to work on /home/data-eginner/Documents/Soccer_Data/env/lib/python3.8/site-packages/airflow/example_dags/subdags/subdag.py
[2022-01-28 21:14:33,690] {processor.py:642} INFO - Processing file /home/data-eginner/Documents/Soccer_Data/env/lib/python3.8/site-packages/airflow/example_dags/subdags/subdag.py for tasks to queue
[2022-01-28 21:14:33,691] {logging_mixin.py:109} INFO - [2022-01-28 21:14:33,690] {dagbag.py:500} INFO - Filling up the DagBag from /home/data-eginner/Documents/Soccer_Data/env/lib/python3.8/site-packages/airflow/example_dags/subdags/subdag.py
[2022-01-28 21:14:33,749] {processor.py:656} WARNING - No viable dags retrieved from /home/data-eginner/Documents/Soccer_Data/env/lib/python3.8/site-packages/airflow/example_dags/subdags/subdag.py
[2022-01-28 21:14:33,783] {processor.py:171} INFO - Processing /home/data-eginner/Documents/Soccer_Data/env/lib/python3.8/site-packages/airflow/example_dags/subdags/subdag.py took 0.129 seconds
[2022-01-28 21:15:26,508] {processor.py:163} INFO - Started process (PID=21346) to work on /home/data-eginner/Documents/Soccer_Data/env/lib/python3.8/site-packages/airflow/example_dags/subdags/subdag.py
[2022-01-28 21:15:26,514] {processor.py:642} INFO - Processing file /home/data-eginner/Documents/Soccer_Data/env/lib/python3.8/site-packages/airflow/example_dags/subdags/subdag.py for tasks to queue
[2022-01-28 21:15:26,515] {logging_mixin.py:109} INFO - [2022-01-28 21:15:26,515] {dagbag.py:500} INFO - Filling up the DagBag from /home/data-eginner/Documents/Soccer_Data/env/lib/python3.8/site-packages/airflow/example_dags/subdags/subdag.py
[2022-01-28 21:15:26,547] {processor.py:656} WARNING - No viable dags retrieved from /home/data-eginner/Documents/Soccer_Data/env/lib/python3.8/site-packages/airflow/example_dags/subdags/subdag.py
[2022-01-28 21:15:26,594] {processor.py:171} INFO - Processing /home/data-eginner/Documents/Soccer_Data/env/lib/python3.8/site-packages/airflow/example_dags/subdags/subdag.py took 0.121 seconds
[2022-01-28 21:16:04,841] {processor.py:163} INFO - Started process (PID=21463) to work on /home/data-eginner/Documents/Soccer_Data/env/lib/python3.8/site-packages/airflow/example_dags/subdags/subdag.py
[2022-01-28 21:16:04,852] {processor.py:642} INFO - Processing file /home/data-eginner/Documents/Soccer_Data/env/lib/python3.8/site-packages/airflow/example_dags/subdags/subdag.py for tasks to queue
[2022-01-28 21:16:04,853] {logging_mixin.py:109} INFO - [2022-01-28 21:16:04,853] {dagbag.py:500} INFO - Filling up the DagBag from /home/data-eginner/Documents/Soccer_Data/env/lib/python3.8/site-packages/airflow/example_dags/subdags/subdag.py
[2022-01-28 21:16:04,914] {processor.py:656} WARNING - No viable dags retrieved from /home/data-eginner/Documents/Soccer_Data/env/lib/python3.8/site-packages/airflow/example_dags/subdags/subdag.py
[2022-01-28 21:16:04,918] {processor.py:171} INFO - Processing /home/data-eginner/Documents/Soccer_Data/env/lib/python3.8/site-packages/airflow/example_dags/subdags/subdag.py took 0.079 seconds
[2022-01-28 21:16:52,828] {processor.py:163} INFO - Started process (PID=21613) to work on /home/data-eginner/Documents/Soccer_Data/env/lib/python3.8/site-packages/airflow/example_dags/subdags/subdag.py
[2022-01-28 21:16:52,851] {processor.py:642} INFO - Processing file /home/data-eginner/Documents/Soccer_Data/env/lib/python3.8/site-packages/airflow/example_dags/subdags/subdag.py for tasks to queue
[2022-01-28 21:16:52,852] {logging_mixin.py:109} INFO - [2022-01-28 21:16:52,852] {dagbag.py:500} INFO - Filling up the DagBag from /home/data-eginner/Documents/Soccer_Data/env/lib/python3.8/site-packages/airflow/example_dags/subdags/subdag.py
[2022-01-28 21:16:52,874] {processor.py:656} WARNING - No viable dags retrieved from /home/data-eginner/Documents/Soccer_Data/env/lib/python3.8/site-packages/airflow/example_dags/subdags/subdag.py
[2022-01-28 21:16:52,877] {processor.py:171} INFO - Processing /home/data-eginner/Documents/Soccer_Data/env/lib/python3.8/site-packages/airflow/example_dags/subdags/subdag.py took 0.051 seconds
[2022-01-28 21:17:43,089] {processor.py:163} INFO - Started process (PID=21765) to work on /home/data-eginner/Documents/Soccer_Data/env/lib/python3.8/site-packages/airflow/example_dags/subdags/subdag.py
[2022-01-28 21:17:43,094] {processor.py:642} INFO - Processing file /home/data-eginner/Documents/Soccer_Data/env/lib/python3.8/site-packages/airflow/example_dags/subdags/subdag.py for tasks to queue
[2022-01-28 21:17:43,095] {logging_mixin.py:109} INFO - [2022-01-28 21:17:43,095] {dagbag.py:500} INFO - Filling up the DagBag from /home/data-eginner/Documents/Soccer_Data/env/lib/python3.8/site-packages/airflow/example_dags/subdags/subdag.py
[2022-01-28 21:17:43,122] {processor.py:656} WARNING - No viable dags retrieved from /home/data-eginner/Documents/Soccer_Data/env/lib/python3.8/site-packages/airflow/example_dags/subdags/subdag.py
[2022-01-28 21:17:43,138] {processor.py:171} INFO - Processing /home/data-eginner/Documents/Soccer_Data/env/lib/python3.8/site-packages/airflow/example_dags/subdags/subdag.py took 0.057 seconds
[2022-01-28 21:18:34,618] {processor.py:163} INFO - Started process (PID=21927) to work on /home/data-eginner/Documents/Soccer_Data/env/lib/python3.8/site-packages/airflow/example_dags/subdags/subdag.py
[2022-01-28 21:18:34,693] {processor.py:642} INFO - Processing file /home/data-eginner/Documents/Soccer_Data/env/lib/python3.8/site-packages/airflow/example_dags/subdags/subdag.py for tasks to queue
[2022-01-28 21:18:34,695] {logging_mixin.py:109} INFO - [2022-01-28 21:18:34,694] {dagbag.py:500} INFO - Filling up the DagBag from /home/data-eginner/Documents/Soccer_Data/env/lib/python3.8/site-packages/airflow/example_dags/subdags/subdag.py
[2022-01-28 21:18:34,773] {processor.py:656} WARNING - No viable dags retrieved from /home/data-eginner/Documents/Soccer_Data/env/lib/python3.8/site-packages/airflow/example_dags/subdags/subdag.py
[2022-01-28 21:18:34,789] {processor.py:171} INFO - Processing /home/data-eginner/Documents/Soccer_Data/env/lib/python3.8/site-packages/airflow/example_dags/subdags/subdag.py took 0.200 seconds
[2022-01-28 21:19:27,657] {processor.py:163} INFO - Started process (PID=22088) to work on /home/data-eginner/Documents/Soccer_Data/env/lib/python3.8/site-packages/airflow/example_dags/subdags/subdag.py
[2022-01-28 21:19:27,683] {processor.py:642} INFO - Processing file /home/data-eginner/Documents/Soccer_Data/env/lib/python3.8/site-packages/airflow/example_dags/subdags/subdag.py for tasks to queue
[2022-01-28 21:19:27,684] {logging_mixin.py:109} INFO - [2022-01-28 21:19:27,683] {dagbag.py:500} INFO - Filling up the DagBag from /home/data-eginner/Documents/Soccer_Data/env/lib/python3.8/site-packages/airflow/example_dags/subdags/subdag.py
[2022-01-28 21:19:27,711] {processor.py:656} WARNING - No viable dags retrieved from /home/data-eginner/Documents/Soccer_Data/env/lib/python3.8/site-packages/airflow/example_dags/subdags/subdag.py
[2022-01-28 21:19:27,717] {processor.py:171} INFO - Processing /home/data-eginner/Documents/Soccer_Data/env/lib/python3.8/site-packages/airflow/example_dags/subdags/subdag.py took 0.062 seconds
[2022-01-28 21:20:15,942] {processor.py:163} INFO - Started process (PID=22260) to work on /home/data-eginner/Documents/Soccer_Data/env/lib/python3.8/site-packages/airflow/example_dags/subdags/subdag.py
[2022-01-28 21:20:15,957] {processor.py:642} INFO - Processing file /home/data-eginner/Documents/Soccer_Data/env/lib/python3.8/site-packages/airflow/example_dags/subdags/subdag.py for tasks to queue
[2022-01-28 21:20:15,958] {logging_mixin.py:109} INFO - [2022-01-28 21:20:15,957] {dagbag.py:500} INFO - Filling up the DagBag from /home/data-eginner/Documents/Soccer_Data/env/lib/python3.8/site-packages/airflow/example_dags/subdags/subdag.py
[2022-01-28 21:20:15,979] {processor.py:656} WARNING - No viable dags retrieved from /home/data-eginner/Documents/Soccer_Data/env/lib/python3.8/site-packages/airflow/example_dags/subdags/subdag.py
[2022-01-28 21:20:15,982] {processor.py:171} INFO - Processing /home/data-eginner/Documents/Soccer_Data/env/lib/python3.8/site-packages/airflow/example_dags/subdags/subdag.py took 0.042 seconds
[2022-01-28 21:20:58,415] {processor.py:163} INFO - Started process (PID=22397) to work on /home/data-eginner/Documents/Soccer_Data/env/lib/python3.8/site-packages/airflow/example_dags/subdags/subdag.py
[2022-01-28 21:20:58,443] {processor.py:642} INFO - Processing file /home/data-eginner/Documents/Soccer_Data/env/lib/python3.8/site-packages/airflow/example_dags/subdags/subdag.py for tasks to queue
[2022-01-28 21:20:58,443] {logging_mixin.py:109} INFO - [2022-01-28 21:20:58,443] {dagbag.py:500} INFO - Filling up the DagBag from /home/data-eginner/Documents/Soccer_Data/env/lib/python3.8/site-packages/airflow/example_dags/subdags/subdag.py
[2022-01-28 21:20:58,484] {processor.py:656} WARNING - No viable dags retrieved from /home/data-eginner/Documents/Soccer_Data/env/lib/python3.8/site-packages/airflow/example_dags/subdags/subdag.py
[2022-01-28 21:20:58,518] {processor.py:171} INFO - Processing /home/data-eginner/Documents/Soccer_Data/env/lib/python3.8/site-packages/airflow/example_dags/subdags/subdag.py took 0.107 seconds
[2022-01-28 21:21:42,656] {processor.py:163} INFO - Started process (PID=22571) to work on /home/data-eginner/Documents/Soccer_Data/env/lib/python3.8/site-packages/airflow/example_dags/subdags/subdag.py
[2022-01-28 21:21:42,670] {processor.py:642} INFO - Processing file /home/data-eginner/Documents/Soccer_Data/env/lib/python3.8/site-packages/airflow/example_dags/subdags/subdag.py for tasks to queue
[2022-01-28 21:21:42,671] {logging_mixin.py:109} INFO - [2022-01-28 21:21:42,671] {dagbag.py:500} INFO - Filling up the DagBag from /home/data-eginner/Documents/Soccer_Data/env/lib/python3.8/site-packages/airflow/example_dags/subdags/subdag.py
[2022-01-28 21:21:42,694] {processor.py:656} WARNING - No viable dags retrieved from /home/data-eginner/Documents/Soccer_Data/env/lib/python3.8/site-packages/airflow/example_dags/subdags/subdag.py
[2022-01-28 21:21:42,696] {processor.py:171} INFO - Processing /home/data-eginner/Documents/Soccer_Data/env/lib/python3.8/site-packages/airflow/example_dags/subdags/subdag.py took 0.043 seconds
[2022-01-28 21:22:34,253] {processor.py:163} INFO - Started process (PID=22749) to work on /home/data-eginner/Documents/Soccer_Data/env/lib/python3.8/site-packages/airflow/example_dags/subdags/subdag.py
[2022-01-28 21:22:34,267] {processor.py:642} INFO - Processing file /home/data-eginner/Documents/Soccer_Data/env/lib/python3.8/site-packages/airflow/example_dags/subdags/subdag.py for tasks to queue
[2022-01-28 21:22:34,267] {logging_mixin.py:109} INFO - [2022-01-28 21:22:34,267] {dagbag.py:500} INFO - Filling up the DagBag from /home/data-eginner/Documents/Soccer_Data/env/lib/python3.8/site-packages/airflow/example_dags/subdags/subdag.py
[2022-01-28 21:22:34,295] {processor.py:656} WARNING - No viable dags retrieved from /home/data-eginner/Documents/Soccer_Data/env/lib/python3.8/site-packages/airflow/example_dags/subdags/subdag.py
[2022-01-28 21:22:34,317] {processor.py:171} INFO - Processing /home/data-eginner/Documents/Soccer_Data/env/lib/python3.8/site-packages/airflow/example_dags/subdags/subdag.py took 0.067 seconds
[2022-01-28 21:26:02,892] {processor.py:163} INFO - Started process (PID=22825) to work on /home/data-eginner/Documents/Soccer_Data/env/lib/python3.8/site-packages/airflow/example_dags/subdags/subdag.py
[2022-01-28 21:26:02,911] {processor.py:642} INFO - Processing file /home/data-eginner/Documents/Soccer_Data/env/lib/python3.8/site-packages/airflow/example_dags/subdags/subdag.py for tasks to queue
[2022-01-28 21:26:02,912] {logging_mixin.py:109} INFO - [2022-01-28 21:26:02,912] {dagbag.py:500} INFO - Filling up the DagBag from /home/data-eginner/Documents/Soccer_Data/env/lib/python3.8/site-packages/airflow/example_dags/subdags/subdag.py
[2022-01-28 21:26:02,924] {processor.py:656} WARNING - No viable dags retrieved from /home/data-eginner/Documents/Soccer_Data/env/lib/python3.8/site-packages/airflow/example_dags/subdags/subdag.py
[2022-01-28 21:26:02,926] {processor.py:171} INFO - Processing /home/data-eginner/Documents/Soccer_Data/env/lib/python3.8/site-packages/airflow/example_dags/subdags/subdag.py took 0.037 seconds
[2022-01-28 21:26:49,511] {processor.py:163} INFO - Started process (PID=23004) to work on /home/data-eginner/Documents/Soccer_Data/env/lib/python3.8/site-packages/airflow/example_dags/subdags/subdag.py
[2022-01-28 21:26:49,542] {processor.py:642} INFO - Processing file /home/data-eginner/Documents/Soccer_Data/env/lib/python3.8/site-packages/airflow/example_dags/subdags/subdag.py for tasks to queue
[2022-01-28 21:26:49,542] {logging_mixin.py:109} INFO - [2022-01-28 21:26:49,542] {dagbag.py:500} INFO - Filling up the DagBag from /home/data-eginner/Documents/Soccer_Data/env/lib/python3.8/site-packages/airflow/example_dags/subdags/subdag.py
[2022-01-28 21:26:49,552] {processor.py:656} WARNING - No viable dags retrieved from /home/data-eginner/Documents/Soccer_Data/env/lib/python3.8/site-packages/airflow/example_dags/subdags/subdag.py
[2022-01-28 21:26:49,554] {processor.py:171} INFO - Processing /home/data-eginner/Documents/Soccer_Data/env/lib/python3.8/site-packages/airflow/example_dags/subdags/subdag.py took 0.045 seconds
[2022-01-28 21:27:31,121] {processor.py:163} INFO - Started process (PID=23171) to work on /home/data-eginner/Documents/Soccer_Data/env/lib/python3.8/site-packages/airflow/example_dags/subdags/subdag.py
[2022-01-28 21:27:31,130] {processor.py:642} INFO - Processing file /home/data-eginner/Documents/Soccer_Data/env/lib/python3.8/site-packages/airflow/example_dags/subdags/subdag.py for tasks to queue
[2022-01-28 21:27:31,142] {logging_mixin.py:109} INFO - [2022-01-28 21:27:31,142] {dagbag.py:500} INFO - Filling up the DagBag from /home/data-eginner/Documents/Soccer_Data/env/lib/python3.8/site-packages/airflow/example_dags/subdags/subdag.py
[2022-01-28 21:27:31,184] {processor.py:656} WARNING - No viable dags retrieved from /home/data-eginner/Documents/Soccer_Data/env/lib/python3.8/site-packages/airflow/example_dags/subdags/subdag.py
[2022-01-28 21:27:31,186] {processor.py:171} INFO - Processing /home/data-eginner/Documents/Soccer_Data/env/lib/python3.8/site-packages/airflow/example_dags/subdags/subdag.py took 0.073 seconds
[2022-01-28 21:28:26,820] {processor.py:163} INFO - Started process (PID=23371) to work on /home/data-eginner/Documents/Soccer_Data/env/lib/python3.8/site-packages/airflow/example_dags/subdags/subdag.py
[2022-01-28 21:28:26,839] {processor.py:642} INFO - Processing file /home/data-eginner/Documents/Soccer_Data/env/lib/python3.8/site-packages/airflow/example_dags/subdags/subdag.py for tasks to queue
[2022-01-28 21:28:26,840] {logging_mixin.py:109} INFO - [2022-01-28 21:28:26,840] {dagbag.py:500} INFO - Filling up the DagBag from /home/data-eginner/Documents/Soccer_Data/env/lib/python3.8/site-packages/airflow/example_dags/subdags/subdag.py
[2022-01-28 21:28:26,912] {processor.py:656} WARNING - No viable dags retrieved from /home/data-eginner/Documents/Soccer_Data/env/lib/python3.8/site-packages/airflow/example_dags/subdags/subdag.py
[2022-01-28 21:28:26,915] {processor.py:171} INFO - Processing /home/data-eginner/Documents/Soccer_Data/env/lib/python3.8/site-packages/airflow/example_dags/subdags/subdag.py took 0.117 seconds
[2022-01-28 21:29:22,402] {processor.py:163} INFO - Started process (PID=23543) to work on /home/data-eginner/Documents/Soccer_Data/env/lib/python3.8/site-packages/airflow/example_dags/subdags/subdag.py
[2022-01-28 21:29:22,404] {processor.py:642} INFO - Processing file /home/data-eginner/Documents/Soccer_Data/env/lib/python3.8/site-packages/airflow/example_dags/subdags/subdag.py for tasks to queue
[2022-01-28 21:29:22,405] {logging_mixin.py:109} INFO - [2022-01-28 21:29:22,405] {dagbag.py:500} INFO - Filling up the DagBag from /home/data-eginner/Documents/Soccer_Data/env/lib/python3.8/site-packages/airflow/example_dags/subdags/subdag.py
[2022-01-28 21:29:22,423] {processor.py:656} WARNING - No viable dags retrieved from /home/data-eginner/Documents/Soccer_Data/env/lib/python3.8/site-packages/airflow/example_dags/subdags/subdag.py
[2022-01-28 21:29:22,429] {processor.py:171} INFO - Processing /home/data-eginner/Documents/Soccer_Data/env/lib/python3.8/site-packages/airflow/example_dags/subdags/subdag.py took 0.031 seconds
[2022-01-28 21:29:59,686] {processor.py:163} INFO - Started process (PID=23670) to work on /home/data-eginner/Documents/Soccer_Data/env/lib/python3.8/site-packages/airflow/example_dags/subdags/subdag.py
[2022-01-28 21:29:59,693] {processor.py:642} INFO - Processing file /home/data-eginner/Documents/Soccer_Data/env/lib/python3.8/site-packages/airflow/example_dags/subdags/subdag.py for tasks to queue
[2022-01-28 21:29:59,694] {logging_mixin.py:109} INFO - [2022-01-28 21:29:59,694] {dagbag.py:500} INFO - Filling up the DagBag from /home/data-eginner/Documents/Soccer_Data/env/lib/python3.8/site-packages/airflow/example_dags/subdags/subdag.py
[2022-01-28 21:29:59,718] {processor.py:656} WARNING - No viable dags retrieved from /home/data-eginner/Documents/Soccer_Data/env/lib/python3.8/site-packages/airflow/example_dags/subdags/subdag.py
[2022-01-28 21:29:59,724] {processor.py:171} INFO - Processing /home/data-eginner/Documents/Soccer_Data/env/lib/python3.8/site-packages/airflow/example_dags/subdags/subdag.py took 0.042 seconds
[2022-01-28 21:30:34,653] {processor.py:163} INFO - Started process (PID=23795) to work on /home/data-eginner/Documents/Soccer_Data/env/lib/python3.8/site-packages/airflow/example_dags/subdags/subdag.py
[2022-01-28 21:30:34,680] {processor.py:642} INFO - Processing file /home/data-eginner/Documents/Soccer_Data/env/lib/python3.8/site-packages/airflow/example_dags/subdags/subdag.py for tasks to queue
[2022-01-28 21:30:34,681] {logging_mixin.py:109} INFO - [2022-01-28 21:30:34,681] {dagbag.py:500} INFO - Filling up the DagBag from /home/data-eginner/Documents/Soccer_Data/env/lib/python3.8/site-packages/airflow/example_dags/subdags/subdag.py
[2022-01-28 21:30:34,696] {processor.py:656} WARNING - No viable dags retrieved from /home/data-eginner/Documents/Soccer_Data/env/lib/python3.8/site-packages/airflow/example_dags/subdags/subdag.py
[2022-01-28 21:30:34,699] {processor.py:171} INFO - Processing /home/data-eginner/Documents/Soccer_Data/env/lib/python3.8/site-packages/airflow/example_dags/subdags/subdag.py took 0.049 seconds
[2022-01-28 21:31:12,779] {processor.py:163} INFO - Started process (PID=23925) to work on /home/data-eginner/Documents/Soccer_Data/env/lib/python3.8/site-packages/airflow/example_dags/subdags/subdag.py
[2022-01-28 21:31:12,806] {processor.py:642} INFO - Processing file /home/data-eginner/Documents/Soccer_Data/env/lib/python3.8/site-packages/airflow/example_dags/subdags/subdag.py for tasks to queue
[2022-01-28 21:31:12,807] {logging_mixin.py:109} INFO - [2022-01-28 21:31:12,807] {dagbag.py:500} INFO - Filling up the DagBag from /home/data-eginner/Documents/Soccer_Data/env/lib/python3.8/site-packages/airflow/example_dags/subdags/subdag.py
[2022-01-28 21:31:12,852] {processor.py:656} WARNING - No viable dags retrieved from /home/data-eginner/Documents/Soccer_Data/env/lib/python3.8/site-packages/airflow/example_dags/subdags/subdag.py
[2022-01-28 21:31:12,854] {processor.py:171} INFO - Processing /home/data-eginner/Documents/Soccer_Data/env/lib/python3.8/site-packages/airflow/example_dags/subdags/subdag.py took 0.095 seconds
[2022-01-28 21:32:00,722] {processor.py:163} INFO - Started process (PID=24092) to work on /home/data-eginner/Documents/Soccer_Data/env/lib/python3.8/site-packages/airflow/example_dags/subdags/subdag.py
[2022-01-28 21:32:00,728] {processor.py:642} INFO - Processing file /home/data-eginner/Documents/Soccer_Data/env/lib/python3.8/site-packages/airflow/example_dags/subdags/subdag.py for tasks to queue
[2022-01-28 21:32:00,729] {logging_mixin.py:109} INFO - [2022-01-28 21:32:00,729] {dagbag.py:500} INFO - Filling up the DagBag from /home/data-eginner/Documents/Soccer_Data/env/lib/python3.8/site-packages/airflow/example_dags/subdags/subdag.py
[2022-01-28 21:32:00,751] {processor.py:656} WARNING - No viable dags retrieved from /home/data-eginner/Documents/Soccer_Data/env/lib/python3.8/site-packages/airflow/example_dags/subdags/subdag.py
[2022-01-28 21:32:00,761] {processor.py:171} INFO - Processing /home/data-eginner/Documents/Soccer_Data/env/lib/python3.8/site-packages/airflow/example_dags/subdags/subdag.py took 0.046 seconds
[2022-01-28 21:32:45,449] {processor.py:163} INFO - Started process (PID=24257) to work on /home/data-eginner/Documents/Soccer_Data/env/lib/python3.8/site-packages/airflow/example_dags/subdags/subdag.py
[2022-01-28 21:32:45,451] {processor.py:642} INFO - Processing file /home/data-eginner/Documents/Soccer_Data/env/lib/python3.8/site-packages/airflow/example_dags/subdags/subdag.py for tasks to queue
[2022-01-28 21:32:45,451] {logging_mixin.py:109} INFO - [2022-01-28 21:32:45,451] {dagbag.py:500} INFO - Filling up the DagBag from /home/data-eginner/Documents/Soccer_Data/env/lib/python3.8/site-packages/airflow/example_dags/subdags/subdag.py
[2022-01-28 21:32:45,464] {processor.py:656} WARNING - No viable dags retrieved from /home/data-eginner/Documents/Soccer_Data/env/lib/python3.8/site-packages/airflow/example_dags/subdags/subdag.py
[2022-01-28 21:32:45,466] {processor.py:171} INFO - Processing /home/data-eginner/Documents/Soccer_Data/env/lib/python3.8/site-packages/airflow/example_dags/subdags/subdag.py took 0.029 seconds
[2022-01-28 21:33:25,424] {processor.py:163} INFO - Started process (PID=24417) to work on /home/data-eginner/Documents/Soccer_Data/env/lib/python3.8/site-packages/airflow/example_dags/subdags/subdag.py
[2022-01-28 21:33:25,440] {processor.py:642} INFO - Processing file /home/data-eginner/Documents/Soccer_Data/env/lib/python3.8/site-packages/airflow/example_dags/subdags/subdag.py for tasks to queue
[2022-01-28 21:33:25,441] {logging_mixin.py:109} INFO - [2022-01-28 21:33:25,440] {dagbag.py:500} INFO - Filling up the DagBag from /home/data-eginner/Documents/Soccer_Data/env/lib/python3.8/site-packages/airflow/example_dags/subdags/subdag.py
[2022-01-28 21:33:25,456] {processor.py:656} WARNING - No viable dags retrieved from /home/data-eginner/Documents/Soccer_Data/env/lib/python3.8/site-packages/airflow/example_dags/subdags/subdag.py
[2022-01-28 21:33:25,461] {processor.py:171} INFO - Processing /home/data-eginner/Documents/Soccer_Data/env/lib/python3.8/site-packages/airflow/example_dags/subdags/subdag.py took 0.040 seconds
[2022-01-28 21:33:59,770] {processor.py:163} INFO - Started process (PID=24549) to work on /home/data-eginner/Documents/Soccer_Data/env/lib/python3.8/site-packages/airflow/example_dags/subdags/subdag.py
[2022-01-28 21:33:59,772] {processor.py:642} INFO - Processing file /home/data-eginner/Documents/Soccer_Data/env/lib/python3.8/site-packages/airflow/example_dags/subdags/subdag.py for tasks to queue
[2022-01-28 21:33:59,773] {logging_mixin.py:109} INFO - [2022-01-28 21:33:59,773] {dagbag.py:500} INFO - Filling up the DagBag from /home/data-eginner/Documents/Soccer_Data/env/lib/python3.8/site-packages/airflow/example_dags/subdags/subdag.py
[2022-01-28 21:33:59,790] {processor.py:656} WARNING - No viable dags retrieved from /home/data-eginner/Documents/Soccer_Data/env/lib/python3.8/site-packages/airflow/example_dags/subdags/subdag.py
[2022-01-28 21:33:59,799] {processor.py:171} INFO - Processing /home/data-eginner/Documents/Soccer_Data/env/lib/python3.8/site-packages/airflow/example_dags/subdags/subdag.py took 0.032 seconds
[2022-01-28 21:34:33,896] {processor.py:163} INFO - Started process (PID=24681) to work on /home/data-eginner/Documents/Soccer_Data/env/lib/python3.8/site-packages/airflow/example_dags/subdags/subdag.py
[2022-01-28 21:34:33,898] {processor.py:642} INFO - Processing file /home/data-eginner/Documents/Soccer_Data/env/lib/python3.8/site-packages/airflow/example_dags/subdags/subdag.py for tasks to queue
[2022-01-28 21:34:33,899] {logging_mixin.py:109} INFO - [2022-01-28 21:34:33,899] {dagbag.py:500} INFO - Filling up the DagBag from /home/data-eginner/Documents/Soccer_Data/env/lib/python3.8/site-packages/airflow/example_dags/subdags/subdag.py
[2022-01-28 21:34:33,911] {processor.py:656} WARNING - No viable dags retrieved from /home/data-eginner/Documents/Soccer_Data/env/lib/python3.8/site-packages/airflow/example_dags/subdags/subdag.py
[2022-01-28 21:34:33,913] {processor.py:171} INFO - Processing /home/data-eginner/Documents/Soccer_Data/env/lib/python3.8/site-packages/airflow/example_dags/subdags/subdag.py took 0.021 seconds
[2022-01-28 21:55:46,086] {processor.py:163} INFO - Started process (PID=24948) to work on /home/data-eginner/Documents/Soccer_Data/env/lib/python3.8/site-packages/airflow/example_dags/subdags/subdag.py
[2022-01-28 21:55:46,120] {processor.py:642} INFO - Processing file /home/data-eginner/Documents/Soccer_Data/env/lib/python3.8/site-packages/airflow/example_dags/subdags/subdag.py for tasks to queue
[2022-01-28 21:55:46,121] {logging_mixin.py:109} INFO - [2022-01-28 21:55:46,121] {dagbag.py:500} INFO - Filling up the DagBag from /home/data-eginner/Documents/Soccer_Data/env/lib/python3.8/site-packages/airflow/example_dags/subdags/subdag.py
[2022-01-28 21:55:46,218] {processor.py:656} WARNING - No viable dags retrieved from /home/data-eginner/Documents/Soccer_Data/env/lib/python3.8/site-packages/airflow/example_dags/subdags/subdag.py
[2022-01-28 21:55:46,220] {processor.py:171} INFO - Processing /home/data-eginner/Documents/Soccer_Data/env/lib/python3.8/site-packages/airflow/example_dags/subdags/subdag.py took 0.137 seconds
[2022-01-28 21:56:36,903] {processor.py:163} INFO - Started process (PID=25136) to work on /home/data-eginner/Documents/Soccer_Data/env/lib/python3.8/site-packages/airflow/example_dags/subdags/subdag.py
[2022-01-28 21:56:36,920] {processor.py:642} INFO - Processing file /home/data-eginner/Documents/Soccer_Data/env/lib/python3.8/site-packages/airflow/example_dags/subdags/subdag.py for tasks to queue
[2022-01-28 21:56:36,920] {logging_mixin.py:109} INFO - [2022-01-28 21:56:36,920] {dagbag.py:500} INFO - Filling up the DagBag from /home/data-eginner/Documents/Soccer_Data/env/lib/python3.8/site-packages/airflow/example_dags/subdags/subdag.py
[2022-01-28 21:56:36,945] {processor.py:656} WARNING - No viable dags retrieved from /home/data-eginner/Documents/Soccer_Data/env/lib/python3.8/site-packages/airflow/example_dags/subdags/subdag.py
[2022-01-28 21:56:36,970] {processor.py:171} INFO - Processing /home/data-eginner/Documents/Soccer_Data/env/lib/python3.8/site-packages/airflow/example_dags/subdags/subdag.py took 0.070 seconds
[2022-01-28 21:57:13,010] {processor.py:163} INFO - Started process (PID=25266) to work on /home/data-eginner/Documents/Soccer_Data/env/lib/python3.8/site-packages/airflow/example_dags/subdags/subdag.py
[2022-01-28 21:57:13,013] {processor.py:642} INFO - Processing file /home/data-eginner/Documents/Soccer_Data/env/lib/python3.8/site-packages/airflow/example_dags/subdags/subdag.py for tasks to queue
[2022-01-28 21:57:13,016] {logging_mixin.py:109} INFO - [2022-01-28 21:57:13,016] {dagbag.py:500} INFO - Filling up the DagBag from /home/data-eginner/Documents/Soccer_Data/env/lib/python3.8/site-packages/airflow/example_dags/subdags/subdag.py
[2022-01-28 21:57:13,038] {processor.py:656} WARNING - No viable dags retrieved from /home/data-eginner/Documents/Soccer_Data/env/lib/python3.8/site-packages/airflow/example_dags/subdags/subdag.py
[2022-01-28 21:57:13,042] {processor.py:171} INFO - Processing /home/data-eginner/Documents/Soccer_Data/env/lib/python3.8/site-packages/airflow/example_dags/subdags/subdag.py took 0.041 seconds
[2022-01-28 21:57:53,234] {processor.py:163} INFO - Started process (PID=25424) to work on /home/data-eginner/Documents/Soccer_Data/env/lib/python3.8/site-packages/airflow/example_dags/subdags/subdag.py
[2022-01-28 21:57:53,243] {processor.py:642} INFO - Processing file /home/data-eginner/Documents/Soccer_Data/env/lib/python3.8/site-packages/airflow/example_dags/subdags/subdag.py for tasks to queue
[2022-01-28 21:57:53,243] {logging_mixin.py:109} INFO - [2022-01-28 21:57:53,243] {dagbag.py:500} INFO - Filling up the DagBag from /home/data-eginner/Documents/Soccer_Data/env/lib/python3.8/site-packages/airflow/example_dags/subdags/subdag.py
[2022-01-28 21:57:53,261] {processor.py:656} WARNING - No viable dags retrieved from /home/data-eginner/Documents/Soccer_Data/env/lib/python3.8/site-packages/airflow/example_dags/subdags/subdag.py
[2022-01-28 21:57:53,264] {processor.py:171} INFO - Processing /home/data-eginner/Documents/Soccer_Data/env/lib/python3.8/site-packages/airflow/example_dags/subdags/subdag.py took 0.034 seconds
[2022-01-28 21:58:33,254] {processor.py:163} INFO - Started process (PID=25582) to work on /home/data-eginner/Documents/Soccer_Data/env/lib/python3.8/site-packages/airflow/example_dags/subdags/subdag.py
[2022-01-28 21:58:33,256] {processor.py:642} INFO - Processing file /home/data-eginner/Documents/Soccer_Data/env/lib/python3.8/site-packages/airflow/example_dags/subdags/subdag.py for tasks to queue
[2022-01-28 21:58:33,256] {logging_mixin.py:109} INFO - [2022-01-28 21:58:33,256] {dagbag.py:500} INFO - Filling up the DagBag from /home/data-eginner/Documents/Soccer_Data/env/lib/python3.8/site-packages/airflow/example_dags/subdags/subdag.py
[2022-01-28 21:58:33,272] {processor.py:656} WARNING - No viable dags retrieved from /home/data-eginner/Documents/Soccer_Data/env/lib/python3.8/site-packages/airflow/example_dags/subdags/subdag.py
[2022-01-28 21:58:33,275] {processor.py:171} INFO - Processing /home/data-eginner/Documents/Soccer_Data/env/lib/python3.8/site-packages/airflow/example_dags/subdags/subdag.py took 0.024 seconds
[2022-01-28 21:59:08,681] {processor.py:163} INFO - Started process (PID=25715) to work on /home/data-eginner/Documents/Soccer_Data/env/lib/python3.8/site-packages/airflow/example_dags/subdags/subdag.py
[2022-01-28 21:59:08,682] {processor.py:642} INFO - Processing file /home/data-eginner/Documents/Soccer_Data/env/lib/python3.8/site-packages/airflow/example_dags/subdags/subdag.py for tasks to queue
[2022-01-28 21:59:08,683] {logging_mixin.py:109} INFO - [2022-01-28 21:59:08,683] {dagbag.py:500} INFO - Filling up the DagBag from /home/data-eginner/Documents/Soccer_Data/env/lib/python3.8/site-packages/airflow/example_dags/subdags/subdag.py
[2022-01-28 21:59:08,693] {processor.py:656} WARNING - No viable dags retrieved from /home/data-eginner/Documents/Soccer_Data/env/lib/python3.8/site-packages/airflow/example_dags/subdags/subdag.py
[2022-01-28 21:59:08,700] {processor.py:171} INFO - Processing /home/data-eginner/Documents/Soccer_Data/env/lib/python3.8/site-packages/airflow/example_dags/subdags/subdag.py took 0.022 seconds
[2022-01-28 21:59:47,172] {processor.py:163} INFO - Started process (PID=25866) to work on /home/data-eginner/Documents/Soccer_Data/env/lib/python3.8/site-packages/airflow/example_dags/subdags/subdag.py
[2022-01-28 21:59:47,175] {processor.py:642} INFO - Processing file /home/data-eginner/Documents/Soccer_Data/env/lib/python3.8/site-packages/airflow/example_dags/subdags/subdag.py for tasks to queue
[2022-01-28 21:59:47,175] {logging_mixin.py:109} INFO - [2022-01-28 21:59:47,175] {dagbag.py:500} INFO - Filling up the DagBag from /home/data-eginner/Documents/Soccer_Data/env/lib/python3.8/site-packages/airflow/example_dags/subdags/subdag.py
[2022-01-28 21:59:47,193] {processor.py:656} WARNING - No viable dags retrieved from /home/data-eginner/Documents/Soccer_Data/env/lib/python3.8/site-packages/airflow/example_dags/subdags/subdag.py
[2022-01-28 21:59:47,196] {processor.py:171} INFO - Processing /home/data-eginner/Documents/Soccer_Data/env/lib/python3.8/site-packages/airflow/example_dags/subdags/subdag.py took 0.029 seconds
[2022-01-28 22:00:20,405] {processor.py:163} INFO - Started process (PID=25995) to work on /home/data-eginner/Documents/Soccer_Data/env/lib/python3.8/site-packages/airflow/example_dags/subdags/subdag.py
[2022-01-28 22:00:20,406] {processor.py:642} INFO - Processing file /home/data-eginner/Documents/Soccer_Data/env/lib/python3.8/site-packages/airflow/example_dags/subdags/subdag.py for tasks to queue
[2022-01-28 22:00:20,407] {logging_mixin.py:109} INFO - [2022-01-28 22:00:20,407] {dagbag.py:500} INFO - Filling up the DagBag from /home/data-eginner/Documents/Soccer_Data/env/lib/python3.8/site-packages/airflow/example_dags/subdags/subdag.py
[2022-01-28 22:00:20,421] {processor.py:656} WARNING - No viable dags retrieved from /home/data-eginner/Documents/Soccer_Data/env/lib/python3.8/site-packages/airflow/example_dags/subdags/subdag.py
[2022-01-28 22:00:20,423] {processor.py:171} INFO - Processing /home/data-eginner/Documents/Soccer_Data/env/lib/python3.8/site-packages/airflow/example_dags/subdags/subdag.py took 0.024 seconds
[2022-01-28 22:00:58,940] {processor.py:163} INFO - Started process (PID=26158) to work on /home/data-eginner/Documents/Soccer_Data/env/lib/python3.8/site-packages/airflow/example_dags/subdags/subdag.py
[2022-01-28 22:00:58,964] {processor.py:642} INFO - Processing file /home/data-eginner/Documents/Soccer_Data/env/lib/python3.8/site-packages/airflow/example_dags/subdags/subdag.py for tasks to queue
[2022-01-28 22:00:58,964] {logging_mixin.py:109} INFO - [2022-01-28 22:00:58,964] {dagbag.py:500} INFO - Filling up the DagBag from /home/data-eginner/Documents/Soccer_Data/env/lib/python3.8/site-packages/airflow/example_dags/subdags/subdag.py
[2022-01-28 22:00:58,985] {processor.py:656} WARNING - No viable dags retrieved from /home/data-eginner/Documents/Soccer_Data/env/lib/python3.8/site-packages/airflow/example_dags/subdags/subdag.py
[2022-01-28 22:00:58,987] {processor.py:171} INFO - Processing /home/data-eginner/Documents/Soccer_Data/env/lib/python3.8/site-packages/airflow/example_dags/subdags/subdag.py took 0.052 seconds
[2022-01-28 22:01:39,619] {processor.py:163} INFO - Started process (PID=26313) to work on /home/data-eginner/Documents/Soccer_Data/env/lib/python3.8/site-packages/airflow/example_dags/subdags/subdag.py
[2022-01-28 22:01:39,625] {processor.py:642} INFO - Processing file /home/data-eginner/Documents/Soccer_Data/env/lib/python3.8/site-packages/airflow/example_dags/subdags/subdag.py for tasks to queue
[2022-01-28 22:01:39,626] {logging_mixin.py:109} INFO - [2022-01-28 22:01:39,626] {dagbag.py:500} INFO - Filling up the DagBag from /home/data-eginner/Documents/Soccer_Data/env/lib/python3.8/site-packages/airflow/example_dags/subdags/subdag.py
[2022-01-28 22:01:39,652] {processor.py:656} WARNING - No viable dags retrieved from /home/data-eginner/Documents/Soccer_Data/env/lib/python3.8/site-packages/airflow/example_dags/subdags/subdag.py
[2022-01-28 22:01:39,656] {processor.py:171} INFO - Processing /home/data-eginner/Documents/Soccer_Data/env/lib/python3.8/site-packages/airflow/example_dags/subdags/subdag.py took 0.047 seconds
[2022-01-28 22:03:57,336] {processor.py:163} INFO - Started process (PID=26467) to work on /home/data-eginner/Documents/Soccer_Data/env/lib/python3.8/site-packages/airflow/example_dags/subdags/subdag.py
[2022-01-28 22:03:57,376] {processor.py:642} INFO - Processing file /home/data-eginner/Documents/Soccer_Data/env/lib/python3.8/site-packages/airflow/example_dags/subdags/subdag.py for tasks to queue
[2022-01-28 22:03:57,376] {logging_mixin.py:109} INFO - [2022-01-28 22:03:57,376] {dagbag.py:500} INFO - Filling up the DagBag from /home/data-eginner/Documents/Soccer_Data/env/lib/python3.8/site-packages/airflow/example_dags/subdags/subdag.py
[2022-01-28 22:03:57,430] {processor.py:656} WARNING - No viable dags retrieved from /home/data-eginner/Documents/Soccer_Data/env/lib/python3.8/site-packages/airflow/example_dags/subdags/subdag.py
[2022-01-28 22:03:57,432] {processor.py:171} INFO - Processing /home/data-eginner/Documents/Soccer_Data/env/lib/python3.8/site-packages/airflow/example_dags/subdags/subdag.py took 0.099 seconds
[2022-01-28 22:04:39,453] {processor.py:163} INFO - Started process (PID=26647) to work on /home/data-eginner/Documents/Soccer_Data/env/lib/python3.8/site-packages/airflow/example_dags/subdags/subdag.py
[2022-01-28 22:04:39,461] {processor.py:642} INFO - Processing file /home/data-eginner/Documents/Soccer_Data/env/lib/python3.8/site-packages/airflow/example_dags/subdags/subdag.py for tasks to queue
[2022-01-28 22:04:39,461] {logging_mixin.py:109} INFO - [2022-01-28 22:04:39,461] {dagbag.py:500} INFO - Filling up the DagBag from /home/data-eginner/Documents/Soccer_Data/env/lib/python3.8/site-packages/airflow/example_dags/subdags/subdag.py
[2022-01-28 22:04:39,477] {processor.py:656} WARNING - No viable dags retrieved from /home/data-eginner/Documents/Soccer_Data/env/lib/python3.8/site-packages/airflow/example_dags/subdags/subdag.py
[2022-01-28 22:04:39,479] {processor.py:171} INFO - Processing /home/data-eginner/Documents/Soccer_Data/env/lib/python3.8/site-packages/airflow/example_dags/subdags/subdag.py took 0.029 seconds
[2022-01-28 22:05:18,044] {processor.py:163} INFO - Started process (PID=26800) to work on /home/data-eginner/Documents/Soccer_Data/env/lib/python3.8/site-packages/airflow/example_dags/subdags/subdag.py
[2022-01-28 22:05:18,046] {processor.py:642} INFO - Processing file /home/data-eginner/Documents/Soccer_Data/env/lib/python3.8/site-packages/airflow/example_dags/subdags/subdag.py for tasks to queue
[2022-01-28 22:05:18,047] {logging_mixin.py:109} INFO - [2022-01-28 22:05:18,047] {dagbag.py:500} INFO - Filling up the DagBag from /home/data-eginner/Documents/Soccer_Data/env/lib/python3.8/site-packages/airflow/example_dags/subdags/subdag.py
[2022-01-28 22:05:18,063] {processor.py:656} WARNING - No viable dags retrieved from /home/data-eginner/Documents/Soccer_Data/env/lib/python3.8/site-packages/airflow/example_dags/subdags/subdag.py
[2022-01-28 22:05:18,065] {processor.py:171} INFO - Processing /home/data-eginner/Documents/Soccer_Data/env/lib/python3.8/site-packages/airflow/example_dags/subdags/subdag.py took 0.024 seconds
[2022-01-28 22:05:58,262] {processor.py:163} INFO - Started process (PID=26953) to work on /home/data-eginner/Documents/Soccer_Data/env/lib/python3.8/site-packages/airflow/example_dags/subdags/subdag.py
[2022-01-28 22:05:58,264] {processor.py:642} INFO - Processing file /home/data-eginner/Documents/Soccer_Data/env/lib/python3.8/site-packages/airflow/example_dags/subdags/subdag.py for tasks to queue
[2022-01-28 22:05:58,265] {logging_mixin.py:109} INFO - [2022-01-28 22:05:58,265] {dagbag.py:500} INFO - Filling up the DagBag from /home/data-eginner/Documents/Soccer_Data/env/lib/python3.8/site-packages/airflow/example_dags/subdags/subdag.py
[2022-01-28 22:05:58,290] {processor.py:656} WARNING - No viable dags retrieved from /home/data-eginner/Documents/Soccer_Data/env/lib/python3.8/site-packages/airflow/example_dags/subdags/subdag.py
[2022-01-28 22:05:58,297] {processor.py:171} INFO - Processing /home/data-eginner/Documents/Soccer_Data/env/lib/python3.8/site-packages/airflow/example_dags/subdags/subdag.py took 0.039 seconds
[2022-01-28 22:06:30,315] {processor.py:163} INFO - Started process (PID=27087) to work on /home/data-eginner/Documents/Soccer_Data/env/lib/python3.8/site-packages/airflow/example_dags/subdags/subdag.py
[2022-01-28 22:06:30,316] {processor.py:642} INFO - Processing file /home/data-eginner/Documents/Soccer_Data/env/lib/python3.8/site-packages/airflow/example_dags/subdags/subdag.py for tasks to queue
[2022-01-28 22:06:30,317] {logging_mixin.py:109} INFO - [2022-01-28 22:06:30,317] {dagbag.py:500} INFO - Filling up the DagBag from /home/data-eginner/Documents/Soccer_Data/env/lib/python3.8/site-packages/airflow/example_dags/subdags/subdag.py
[2022-01-28 22:06:30,329] {processor.py:656} WARNING - No viable dags retrieved from /home/data-eginner/Documents/Soccer_Data/env/lib/python3.8/site-packages/airflow/example_dags/subdags/subdag.py
[2022-01-28 22:06:30,331] {processor.py:171} INFO - Processing /home/data-eginner/Documents/Soccer_Data/env/lib/python3.8/site-packages/airflow/example_dags/subdags/subdag.py took 0.019 seconds
[2022-01-28 22:07:05,033] {processor.py:163} INFO - Started process (PID=27236) to work on /home/data-eginner/Documents/Soccer_Data/env/lib/python3.8/site-packages/airflow/example_dags/subdags/subdag.py
[2022-01-28 22:07:05,051] {processor.py:642} INFO - Processing file /home/data-eginner/Documents/Soccer_Data/env/lib/python3.8/site-packages/airflow/example_dags/subdags/subdag.py for tasks to queue
[2022-01-28 22:07:05,052] {logging_mixin.py:109} INFO - [2022-01-28 22:07:05,052] {dagbag.py:500} INFO - Filling up the DagBag from /home/data-eginner/Documents/Soccer_Data/env/lib/python3.8/site-packages/airflow/example_dags/subdags/subdag.py
[2022-01-28 22:07:05,089] {processor.py:656} WARNING - No viable dags retrieved from /home/data-eginner/Documents/Soccer_Data/env/lib/python3.8/site-packages/airflow/example_dags/subdags/subdag.py
[2022-01-28 22:07:05,092] {processor.py:171} INFO - Processing /home/data-eginner/Documents/Soccer_Data/env/lib/python3.8/site-packages/airflow/example_dags/subdags/subdag.py took 0.062 seconds
[2022-01-28 22:07:38,538] {processor.py:163} INFO - Started process (PID=27355) to work on /home/data-eginner/Documents/Soccer_Data/env/lib/python3.8/site-packages/airflow/example_dags/subdags/subdag.py
[2022-01-28 22:07:38,552] {processor.py:642} INFO - Processing file /home/data-eginner/Documents/Soccer_Data/env/lib/python3.8/site-packages/airflow/example_dags/subdags/subdag.py for tasks to queue
[2022-01-28 22:07:38,553] {logging_mixin.py:109} INFO - [2022-01-28 22:07:38,553] {dagbag.py:500} INFO - Filling up the DagBag from /home/data-eginner/Documents/Soccer_Data/env/lib/python3.8/site-packages/airflow/example_dags/subdags/subdag.py
[2022-01-28 22:07:38,570] {processor.py:656} WARNING - No viable dags retrieved from /home/data-eginner/Documents/Soccer_Data/env/lib/python3.8/site-packages/airflow/example_dags/subdags/subdag.py
[2022-01-28 22:07:38,572] {processor.py:171} INFO - Processing /home/data-eginner/Documents/Soccer_Data/env/lib/python3.8/site-packages/airflow/example_dags/subdags/subdag.py took 0.036 seconds
[2022-01-28 22:08:19,519] {processor.py:163} INFO - Started process (PID=27527) to work on /home/data-eginner/Documents/Soccer_Data/env/lib/python3.8/site-packages/airflow/example_dags/subdags/subdag.py
[2022-01-28 22:08:19,532] {processor.py:642} INFO - Processing file /home/data-eginner/Documents/Soccer_Data/env/lib/python3.8/site-packages/airflow/example_dags/subdags/subdag.py for tasks to queue
[2022-01-28 22:08:19,533] {logging_mixin.py:109} INFO - [2022-01-28 22:08:19,533] {dagbag.py:500} INFO - Filling up the DagBag from /home/data-eginner/Documents/Soccer_Data/env/lib/python3.8/site-packages/airflow/example_dags/subdags/subdag.py
[2022-01-28 22:08:19,561] {processor.py:656} WARNING - No viable dags retrieved from /home/data-eginner/Documents/Soccer_Data/env/lib/python3.8/site-packages/airflow/example_dags/subdags/subdag.py
[2022-01-28 22:08:19,563] {processor.py:171} INFO - Processing /home/data-eginner/Documents/Soccer_Data/env/lib/python3.8/site-packages/airflow/example_dags/subdags/subdag.py took 0.047 seconds
[2022-01-28 22:08:57,360] {processor.py:163} INFO - Started process (PID=27677) to work on /home/data-eginner/Documents/Soccer_Data/env/lib/python3.8/site-packages/airflow/example_dags/subdags/subdag.py
[2022-01-28 22:08:57,365] {processor.py:642} INFO - Processing file /home/data-eginner/Documents/Soccer_Data/env/lib/python3.8/site-packages/airflow/example_dags/subdags/subdag.py for tasks to queue
[2022-01-28 22:08:57,366] {logging_mixin.py:109} INFO - [2022-01-28 22:08:57,366] {dagbag.py:500} INFO - Filling up the DagBag from /home/data-eginner/Documents/Soccer_Data/env/lib/python3.8/site-packages/airflow/example_dags/subdags/subdag.py
[2022-01-28 22:08:57,378] {processor.py:656} WARNING - No viable dags retrieved from /home/data-eginner/Documents/Soccer_Data/env/lib/python3.8/site-packages/airflow/example_dags/subdags/subdag.py
[2022-01-28 22:08:57,385] {processor.py:171} INFO - Processing /home/data-eginner/Documents/Soccer_Data/env/lib/python3.8/site-packages/airflow/example_dags/subdags/subdag.py took 0.028 seconds
[2022-01-28 22:09:33,600] {processor.py:163} INFO - Started process (PID=27824) to work on /home/data-eginner/Documents/Soccer_Data/env/lib/python3.8/site-packages/airflow/example_dags/subdags/subdag.py
[2022-01-28 22:09:33,609] {processor.py:642} INFO - Processing file /home/data-eginner/Documents/Soccer_Data/env/lib/python3.8/site-packages/airflow/example_dags/subdags/subdag.py for tasks to queue
[2022-01-28 22:09:33,610] {logging_mixin.py:109} INFO - [2022-01-28 22:09:33,609] {dagbag.py:500} INFO - Filling up the DagBag from /home/data-eginner/Documents/Soccer_Data/env/lib/python3.8/site-packages/airflow/example_dags/subdags/subdag.py
[2022-01-28 22:09:33,643] {processor.py:656} WARNING - No viable dags retrieved from /home/data-eginner/Documents/Soccer_Data/env/lib/python3.8/site-packages/airflow/example_dags/subdags/subdag.py
[2022-01-28 22:09:33,645] {processor.py:171} INFO - Processing /home/data-eginner/Documents/Soccer_Data/env/lib/python3.8/site-packages/airflow/example_dags/subdags/subdag.py took 0.048 seconds
[2022-01-28 22:10:15,371] {processor.py:163} INFO - Started process (PID=27994) to work on /home/data-eginner/Documents/Soccer_Data/env/lib/python3.8/site-packages/airflow/example_dags/subdags/subdag.py
[2022-01-28 22:10:15,383] {processor.py:642} INFO - Processing file /home/data-eginner/Documents/Soccer_Data/env/lib/python3.8/site-packages/airflow/example_dags/subdags/subdag.py for tasks to queue
[2022-01-28 22:10:15,385] {logging_mixin.py:109} INFO - [2022-01-28 22:10:15,385] {dagbag.py:500} INFO - Filling up the DagBag from /home/data-eginner/Documents/Soccer_Data/env/lib/python3.8/site-packages/airflow/example_dags/subdags/subdag.py
[2022-01-28 22:10:15,402] {processor.py:656} WARNING - No viable dags retrieved from /home/data-eginner/Documents/Soccer_Data/env/lib/python3.8/site-packages/airflow/example_dags/subdags/subdag.py
[2022-01-28 22:10:15,406] {processor.py:171} INFO - Processing /home/data-eginner/Documents/Soccer_Data/env/lib/python3.8/site-packages/airflow/example_dags/subdags/subdag.py took 0.040 seconds
[2022-01-28 22:10:53,600] {processor.py:163} INFO - Started process (PID=28164) to work on /home/data-eginner/Documents/Soccer_Data/env/lib/python3.8/site-packages/airflow/example_dags/subdags/subdag.py
[2022-01-28 22:10:53,604] {processor.py:642} INFO - Processing file /home/data-eginner/Documents/Soccer_Data/env/lib/python3.8/site-packages/airflow/example_dags/subdags/subdag.py for tasks to queue
[2022-01-28 22:10:53,605] {logging_mixin.py:109} INFO - [2022-01-28 22:10:53,605] {dagbag.py:500} INFO - Filling up the DagBag from /home/data-eginner/Documents/Soccer_Data/env/lib/python3.8/site-packages/airflow/example_dags/subdags/subdag.py
[2022-01-28 22:10:53,622] {processor.py:656} WARNING - No viable dags retrieved from /home/data-eginner/Documents/Soccer_Data/env/lib/python3.8/site-packages/airflow/example_dags/subdags/subdag.py
[2022-01-28 22:10:53,623] {processor.py:171} INFO - Processing /home/data-eginner/Documents/Soccer_Data/env/lib/python3.8/site-packages/airflow/example_dags/subdags/subdag.py took 0.028 seconds
[2022-01-28 22:11:31,900] {processor.py:163} INFO - Started process (PID=28326) to work on /home/data-eginner/Documents/Soccer_Data/env/lib/python3.8/site-packages/airflow/example_dags/subdags/subdag.py
[2022-01-28 22:11:31,949] {processor.py:642} INFO - Processing file /home/data-eginner/Documents/Soccer_Data/env/lib/python3.8/site-packages/airflow/example_dags/subdags/subdag.py for tasks to queue
[2022-01-28 22:11:31,951] {logging_mixin.py:109} INFO - [2022-01-28 22:11:31,950] {dagbag.py:500} INFO - Filling up the DagBag from /home/data-eginner/Documents/Soccer_Data/env/lib/python3.8/site-packages/airflow/example_dags/subdags/subdag.py
[2022-01-28 22:11:32,006] {processor.py:656} WARNING - No viable dags retrieved from /home/data-eginner/Documents/Soccer_Data/env/lib/python3.8/site-packages/airflow/example_dags/subdags/subdag.py
[2022-01-28 22:11:32,012] {processor.py:171} INFO - Processing /home/data-eginner/Documents/Soccer_Data/env/lib/python3.8/site-packages/airflow/example_dags/subdags/subdag.py took 0.114 seconds
[2022-01-28 22:12:06,867] {processor.py:163} INFO - Started process (PID=28478) to work on /home/data-eginner/Documents/Soccer_Data/env/lib/python3.8/site-packages/airflow/example_dags/subdags/subdag.py
[2022-01-28 22:12:06,879] {processor.py:642} INFO - Processing file /home/data-eginner/Documents/Soccer_Data/env/lib/python3.8/site-packages/airflow/example_dags/subdags/subdag.py for tasks to queue
[2022-01-28 22:12:06,879] {logging_mixin.py:109} INFO - [2022-01-28 22:12:06,879] {dagbag.py:500} INFO - Filling up the DagBag from /home/data-eginner/Documents/Soccer_Data/env/lib/python3.8/site-packages/airflow/example_dags/subdags/subdag.py
[2022-01-28 22:12:06,889] {processor.py:656} WARNING - No viable dags retrieved from /home/data-eginner/Documents/Soccer_Data/env/lib/python3.8/site-packages/airflow/example_dags/subdags/subdag.py
[2022-01-28 22:12:06,891] {processor.py:171} INFO - Processing /home/data-eginner/Documents/Soccer_Data/env/lib/python3.8/site-packages/airflow/example_dags/subdags/subdag.py took 0.027 seconds
[2022-01-28 22:12:49,566] {processor.py:163} INFO - Started process (PID=28643) to work on /home/data-eginner/Documents/Soccer_Data/env/lib/python3.8/site-packages/airflow/example_dags/subdags/subdag.py
[2022-01-28 22:12:49,577] {processor.py:642} INFO - Processing file /home/data-eginner/Documents/Soccer_Data/env/lib/python3.8/site-packages/airflow/example_dags/subdags/subdag.py for tasks to queue
[2022-01-28 22:12:49,577] {logging_mixin.py:109} INFO - [2022-01-28 22:12:49,577] {dagbag.py:500} INFO - Filling up the DagBag from /home/data-eginner/Documents/Soccer_Data/env/lib/python3.8/site-packages/airflow/example_dags/subdags/subdag.py
[2022-01-28 22:12:49,589] {processor.py:656} WARNING - No viable dags retrieved from /home/data-eginner/Documents/Soccer_Data/env/lib/python3.8/site-packages/airflow/example_dags/subdags/subdag.py
[2022-01-28 22:12:49,597] {processor.py:171} INFO - Processing /home/data-eginner/Documents/Soccer_Data/env/lib/python3.8/site-packages/airflow/example_dags/subdags/subdag.py took 0.034 seconds
[2022-01-28 22:13:29,594] {processor.py:163} INFO - Started process (PID=28796) to work on /home/data-eginner/Documents/Soccer_Data/env/lib/python3.8/site-packages/airflow/example_dags/subdags/subdag.py
[2022-01-28 22:13:29,601] {processor.py:642} INFO - Processing file /home/data-eginner/Documents/Soccer_Data/env/lib/python3.8/site-packages/airflow/example_dags/subdags/subdag.py for tasks to queue
[2022-01-28 22:13:29,601] {logging_mixin.py:109} INFO - [2022-01-28 22:13:29,601] {dagbag.py:500} INFO - Filling up the DagBag from /home/data-eginner/Documents/Soccer_Data/env/lib/python3.8/site-packages/airflow/example_dags/subdags/subdag.py
[2022-01-28 22:13:29,613] {processor.py:656} WARNING - No viable dags retrieved from /home/data-eginner/Documents/Soccer_Data/env/lib/python3.8/site-packages/airflow/example_dags/subdags/subdag.py
[2022-01-28 22:13:29,614] {processor.py:171} INFO - Processing /home/data-eginner/Documents/Soccer_Data/env/lib/python3.8/site-packages/airflow/example_dags/subdags/subdag.py took 0.023 seconds
[2022-01-28 22:14:18,425] {processor.py:163} INFO - Started process (PID=28993) to work on /home/data-eginner/Documents/Soccer_Data/env/lib/python3.8/site-packages/airflow/example_dags/subdags/subdag.py
[2022-01-28 22:14:18,438] {processor.py:642} INFO - Processing file /home/data-eginner/Documents/Soccer_Data/env/lib/python3.8/site-packages/airflow/example_dags/subdags/subdag.py for tasks to queue
[2022-01-28 22:14:18,439] {logging_mixin.py:109} INFO - [2022-01-28 22:14:18,439] {dagbag.py:500} INFO - Filling up the DagBag from /home/data-eginner/Documents/Soccer_Data/env/lib/python3.8/site-packages/airflow/example_dags/subdags/subdag.py
[2022-01-28 22:14:18,484] {processor.py:656} WARNING - No viable dags retrieved from /home/data-eginner/Documents/Soccer_Data/env/lib/python3.8/site-packages/airflow/example_dags/subdags/subdag.py
[2022-01-28 22:14:18,501] {processor.py:171} INFO - Processing /home/data-eginner/Documents/Soccer_Data/env/lib/python3.8/site-packages/airflow/example_dags/subdags/subdag.py took 0.078 seconds
[2022-01-28 22:14:56,991] {processor.py:163} INFO - Started process (PID=29143) to work on /home/data-eginner/Documents/Soccer_Data/env/lib/python3.8/site-packages/airflow/example_dags/subdags/subdag.py
[2022-01-28 22:14:57,003] {processor.py:642} INFO - Processing file /home/data-eginner/Documents/Soccer_Data/env/lib/python3.8/site-packages/airflow/example_dags/subdags/subdag.py for tasks to queue
[2022-01-28 22:14:57,004] {logging_mixin.py:109} INFO - [2022-01-28 22:14:57,004] {dagbag.py:500} INFO - Filling up the DagBag from /home/data-eginner/Documents/Soccer_Data/env/lib/python3.8/site-packages/airflow/example_dags/subdags/subdag.py
[2022-01-28 22:14:57,066] {processor.py:656} WARNING - No viable dags retrieved from /home/data-eginner/Documents/Soccer_Data/env/lib/python3.8/site-packages/airflow/example_dags/subdags/subdag.py
[2022-01-28 22:14:57,098] {processor.py:171} INFO - Processing /home/data-eginner/Documents/Soccer_Data/env/lib/python3.8/site-packages/airflow/example_dags/subdags/subdag.py took 0.135 seconds
[2022-01-28 22:15:36,160] {processor.py:163} INFO - Started process (PID=29277) to work on /home/data-eginner/Documents/Soccer_Data/env/lib/python3.8/site-packages/airflow/example_dags/subdags/subdag.py
[2022-01-28 22:15:36,177] {processor.py:642} INFO - Processing file /home/data-eginner/Documents/Soccer_Data/env/lib/python3.8/site-packages/airflow/example_dags/subdags/subdag.py for tasks to queue
[2022-01-28 22:15:36,177] {logging_mixin.py:109} INFO - [2022-01-28 22:15:36,177] {dagbag.py:500} INFO - Filling up the DagBag from /home/data-eginner/Documents/Soccer_Data/env/lib/python3.8/site-packages/airflow/example_dags/subdags/subdag.py
[2022-01-28 22:15:36,226] {processor.py:656} WARNING - No viable dags retrieved from /home/data-eginner/Documents/Soccer_Data/env/lib/python3.8/site-packages/airflow/example_dags/subdags/subdag.py
[2022-01-28 22:15:36,228] {processor.py:171} INFO - Processing /home/data-eginner/Documents/Soccer_Data/env/lib/python3.8/site-packages/airflow/example_dags/subdags/subdag.py took 0.083 seconds
[2022-01-28 22:16:21,046] {processor.py:163} INFO - Started process (PID=29435) to work on /home/data-eginner/Documents/Soccer_Data/env/lib/python3.8/site-packages/airflow/example_dags/subdags/subdag.py
[2022-01-28 22:16:21,047] {processor.py:642} INFO - Processing file /home/data-eginner/Documents/Soccer_Data/env/lib/python3.8/site-packages/airflow/example_dags/subdags/subdag.py for tasks to queue
[2022-01-28 22:16:21,048] {logging_mixin.py:109} INFO - [2022-01-28 22:16:21,048] {dagbag.py:500} INFO - Filling up the DagBag from /home/data-eginner/Documents/Soccer_Data/env/lib/python3.8/site-packages/airflow/example_dags/subdags/subdag.py
[2022-01-28 22:16:21,079] {processor.py:656} WARNING - No viable dags retrieved from /home/data-eginner/Documents/Soccer_Data/env/lib/python3.8/site-packages/airflow/example_dags/subdags/subdag.py
[2022-01-28 22:16:21,081] {processor.py:171} INFO - Processing /home/data-eginner/Documents/Soccer_Data/env/lib/python3.8/site-packages/airflow/example_dags/subdags/subdag.py took 0.049 seconds
[2022-01-28 22:17:08,207] {processor.py:163} INFO - Started process (PID=29616) to work on /home/data-eginner/Documents/Soccer_Data/env/lib/python3.8/site-packages/airflow/example_dags/subdags/subdag.py
[2022-01-28 22:17:08,215] {processor.py:642} INFO - Processing file /home/data-eginner/Documents/Soccer_Data/env/lib/python3.8/site-packages/airflow/example_dags/subdags/subdag.py for tasks to queue
[2022-01-28 22:17:08,216] {logging_mixin.py:109} INFO - [2022-01-28 22:17:08,216] {dagbag.py:500} INFO - Filling up the DagBag from /home/data-eginner/Documents/Soccer_Data/env/lib/python3.8/site-packages/airflow/example_dags/subdags/subdag.py
[2022-01-28 22:17:08,249] {processor.py:656} WARNING - No viable dags retrieved from /home/data-eginner/Documents/Soccer_Data/env/lib/python3.8/site-packages/airflow/example_dags/subdags/subdag.py
[2022-01-28 22:17:08,251] {processor.py:171} INFO - Processing /home/data-eginner/Documents/Soccer_Data/env/lib/python3.8/site-packages/airflow/example_dags/subdags/subdag.py took 0.081 seconds
[2022-01-28 22:17:52,061] {processor.py:163} INFO - Started process (PID=29784) to work on /home/data-eginner/Documents/Soccer_Data/env/lib/python3.8/site-packages/airflow/example_dags/subdags/subdag.py
[2022-01-28 22:17:52,064] {processor.py:642} INFO - Processing file /home/data-eginner/Documents/Soccer_Data/env/lib/python3.8/site-packages/airflow/example_dags/subdags/subdag.py for tasks to queue
[2022-01-28 22:17:52,065] {logging_mixin.py:109} INFO - [2022-01-28 22:17:52,065] {dagbag.py:500} INFO - Filling up the DagBag from /home/data-eginner/Documents/Soccer_Data/env/lib/python3.8/site-packages/airflow/example_dags/subdags/subdag.py
[2022-01-28 22:17:52,086] {processor.py:656} WARNING - No viable dags retrieved from /home/data-eginner/Documents/Soccer_Data/env/lib/python3.8/site-packages/airflow/example_dags/subdags/subdag.py
[2022-01-28 22:17:52,088] {processor.py:171} INFO - Processing /home/data-eginner/Documents/Soccer_Data/env/lib/python3.8/site-packages/airflow/example_dags/subdags/subdag.py took 0.032 seconds
[2022-01-28 22:18:29,924] {processor.py:163} INFO - Started process (PID=29942) to work on /home/data-eginner/Documents/Soccer_Data/env/lib/python3.8/site-packages/airflow/example_dags/subdags/subdag.py
[2022-01-28 22:18:29,927] {processor.py:642} INFO - Processing file /home/data-eginner/Documents/Soccer_Data/env/lib/python3.8/site-packages/airflow/example_dags/subdags/subdag.py for tasks to queue
[2022-01-28 22:18:29,928] {logging_mixin.py:109} INFO - [2022-01-28 22:18:29,927] {dagbag.py:500} INFO - Filling up the DagBag from /home/data-eginner/Documents/Soccer_Data/env/lib/python3.8/site-packages/airflow/example_dags/subdags/subdag.py
[2022-01-28 22:18:29,946] {processor.py:656} WARNING - No viable dags retrieved from /home/data-eginner/Documents/Soccer_Data/env/lib/python3.8/site-packages/airflow/example_dags/subdags/subdag.py
[2022-01-28 22:18:29,948] {processor.py:171} INFO - Processing /home/data-eginner/Documents/Soccer_Data/env/lib/python3.8/site-packages/airflow/example_dags/subdags/subdag.py took 0.029 seconds
[2022-01-28 22:19:03,460] {processor.py:163} INFO - Started process (PID=30075) to work on /home/data-eginner/Documents/Soccer_Data/env/lib/python3.8/site-packages/airflow/example_dags/subdags/subdag.py
[2022-01-28 22:19:03,462] {processor.py:642} INFO - Processing file /home/data-eginner/Documents/Soccer_Data/env/lib/python3.8/site-packages/airflow/example_dags/subdags/subdag.py for tasks to queue
[2022-01-28 22:19:03,463] {logging_mixin.py:109} INFO - [2022-01-28 22:19:03,463] {dagbag.py:500} INFO - Filling up the DagBag from /home/data-eginner/Documents/Soccer_Data/env/lib/python3.8/site-packages/airflow/example_dags/subdags/subdag.py
[2022-01-28 22:19:03,482] {processor.py:656} WARNING - No viable dags retrieved from /home/data-eginner/Documents/Soccer_Data/env/lib/python3.8/site-packages/airflow/example_dags/subdags/subdag.py
[2022-01-28 22:19:03,489] {processor.py:171} INFO - Processing /home/data-eginner/Documents/Soccer_Data/env/lib/python3.8/site-packages/airflow/example_dags/subdags/subdag.py took 0.033 seconds
[2022-01-28 22:20:08,113] {processor.py:163} INFO - Started process (PID=30328) to work on /home/data-eginner/Documents/Soccer_Data/env/lib/python3.8/site-packages/airflow/example_dags/subdags/subdag.py
[2022-01-28 22:20:08,116] {processor.py:642} INFO - Processing file /home/data-eginner/Documents/Soccer_Data/env/lib/python3.8/site-packages/airflow/example_dags/subdags/subdag.py for tasks to queue
[2022-01-28 22:20:08,117] {logging_mixin.py:109} INFO - [2022-01-28 22:20:08,117] {dagbag.py:500} INFO - Filling up the DagBag from /home/data-eginner/Documents/Soccer_Data/env/lib/python3.8/site-packages/airflow/example_dags/subdags/subdag.py
[2022-01-28 22:20:08,135] {processor.py:656} WARNING - No viable dags retrieved from /home/data-eginner/Documents/Soccer_Data/env/lib/python3.8/site-packages/airflow/example_dags/subdags/subdag.py
[2022-01-28 22:20:08,138] {processor.py:171} INFO - Processing /home/data-eginner/Documents/Soccer_Data/env/lib/python3.8/site-packages/airflow/example_dags/subdags/subdag.py took 0.029 seconds
[2022-01-28 22:20:48,701] {processor.py:163} INFO - Started process (PID=30501) to work on /home/data-eginner/Documents/Soccer_Data/env/lib/python3.8/site-packages/airflow/example_dags/subdags/subdag.py
[2022-01-28 22:20:48,705] {processor.py:642} INFO - Processing file /home/data-eginner/Documents/Soccer_Data/env/lib/python3.8/site-packages/airflow/example_dags/subdags/subdag.py for tasks to queue
[2022-01-28 22:20:48,706] {logging_mixin.py:109} INFO - [2022-01-28 22:20:48,706] {dagbag.py:500} INFO - Filling up the DagBag from /home/data-eginner/Documents/Soccer_Data/env/lib/python3.8/site-packages/airflow/example_dags/subdags/subdag.py
[2022-01-28 22:20:48,717] {processor.py:656} WARNING - No viable dags retrieved from /home/data-eginner/Documents/Soccer_Data/env/lib/python3.8/site-packages/airflow/example_dags/subdags/subdag.py
[2022-01-28 22:20:48,720] {processor.py:171} INFO - Processing /home/data-eginner/Documents/Soccer_Data/env/lib/python3.8/site-packages/airflow/example_dags/subdags/subdag.py took 0.022 seconds
[2022-01-28 22:21:22,936] {processor.py:163} INFO - Started process (PID=30651) to work on /home/data-eginner/Documents/Soccer_Data/env/lib/python3.8/site-packages/airflow/example_dags/subdags/subdag.py
[2022-01-28 22:21:22,939] {processor.py:642} INFO - Processing file /home/data-eginner/Documents/Soccer_Data/env/lib/python3.8/site-packages/airflow/example_dags/subdags/subdag.py for tasks to queue
[2022-01-28 22:21:22,940] {logging_mixin.py:109} INFO - [2022-01-28 22:21:22,940] {dagbag.py:500} INFO - Filling up the DagBag from /home/data-eginner/Documents/Soccer_Data/env/lib/python3.8/site-packages/airflow/example_dags/subdags/subdag.py
[2022-01-28 22:21:22,957] {processor.py:656} WARNING - No viable dags retrieved from /home/data-eginner/Documents/Soccer_Data/env/lib/python3.8/site-packages/airflow/example_dags/subdags/subdag.py
[2022-01-28 22:21:22,959] {processor.py:171} INFO - Processing /home/data-eginner/Documents/Soccer_Data/env/lib/python3.8/site-packages/airflow/example_dags/subdags/subdag.py took 0.027 seconds
[2022-01-28 22:21:56,670] {processor.py:163} INFO - Started process (PID=30796) to work on /home/data-eginner/Documents/Soccer_Data/env/lib/python3.8/site-packages/airflow/example_dags/subdags/subdag.py
[2022-01-28 22:21:56,679] {processor.py:642} INFO - Processing file /home/data-eginner/Documents/Soccer_Data/env/lib/python3.8/site-packages/airflow/example_dags/subdags/subdag.py for tasks to queue
[2022-01-28 22:21:56,680] {logging_mixin.py:109} INFO - [2022-01-28 22:21:56,680] {dagbag.py:500} INFO - Filling up the DagBag from /home/data-eginner/Documents/Soccer_Data/env/lib/python3.8/site-packages/airflow/example_dags/subdags/subdag.py
[2022-01-28 22:21:56,692] {processor.py:656} WARNING - No viable dags retrieved from /home/data-eginner/Documents/Soccer_Data/env/lib/python3.8/site-packages/airflow/example_dags/subdags/subdag.py
[2022-01-28 22:21:56,694] {processor.py:171} INFO - Processing /home/data-eginner/Documents/Soccer_Data/env/lib/python3.8/site-packages/airflow/example_dags/subdags/subdag.py took 0.046 seconds
[2022-01-28 22:22:30,041] {processor.py:163} INFO - Started process (PID=30947) to work on /home/data-eginner/Documents/Soccer_Data/env/lib/python3.8/site-packages/airflow/example_dags/subdags/subdag.py
[2022-01-28 22:22:30,053] {processor.py:642} INFO - Processing file /home/data-eginner/Documents/Soccer_Data/env/lib/python3.8/site-packages/airflow/example_dags/subdags/subdag.py for tasks to queue
[2022-01-28 22:22:30,054] {logging_mixin.py:109} INFO - [2022-01-28 22:22:30,054] {dagbag.py:500} INFO - Filling up the DagBag from /home/data-eginner/Documents/Soccer_Data/env/lib/python3.8/site-packages/airflow/example_dags/subdags/subdag.py
[2022-01-28 22:22:30,075] {processor.py:656} WARNING - No viable dags retrieved from /home/data-eginner/Documents/Soccer_Data/env/lib/python3.8/site-packages/airflow/example_dags/subdags/subdag.py
[2022-01-28 22:22:30,077] {processor.py:171} INFO - Processing /home/data-eginner/Documents/Soccer_Data/env/lib/python3.8/site-packages/airflow/example_dags/subdags/subdag.py took 0.045 seconds
