[2022-01-28 20:49:41,703] {processor.py:163} INFO - Started process (PID=16414) to work on /home/data-eginner/Documents/Soccer_Data/env/lib/python3.8/site-packages/airflow/example_dags/example_time_delta_sensor_async.py
[2022-01-28 20:49:41,704] {processor.py:642} INFO - Processing file /home/data-eginner/Documents/Soccer_Data/env/lib/python3.8/site-packages/airflow/example_dags/example_time_delta_sensor_async.py for tasks to queue
[2022-01-28 20:49:41,705] {logging_mixin.py:109} INFO - [2022-01-28 20:49:41,705] {dagbag.py:500} INFO - Filling up the DagBag from /home/data-eginner/Documents/Soccer_Data/env/lib/python3.8/site-packages/airflow/example_dags/example_time_delta_sensor_async.py
[2022-01-28 20:49:41,761] {processor.py:654} INFO - DAG(s) dict_keys(['example_time_delta_sensor_async']) retrieved from /home/data-eginner/Documents/Soccer_Data/env/lib/python3.8/site-packages/airflow/example_dags/example_time_delta_sensor_async.py
[2022-01-28 20:49:41,769] {logging_mixin.py:109} INFO - [2022-01-28 20:49:41,769] {dag.py:2396} INFO - Sync 1 DAGs
[2022-01-28 20:49:41,784] {logging_mixin.py:109} INFO - [2022-01-28 20:49:41,784] {dag.py:2935} INFO - Setting next_dagrun for example_time_delta_sensor_async to None
[2022-01-28 20:49:41,801] {processor.py:171} INFO - Processing /home/data-eginner/Documents/Soccer_Data/env/lib/python3.8/site-packages/airflow/example_dags/example_time_delta_sensor_async.py took 0.116 seconds
[2022-01-28 20:50:21,042] {processor.py:163} INFO - Started process (PID=16621) to work on /home/data-eginner/Documents/Soccer_Data/env/lib/python3.8/site-packages/airflow/example_dags/example_time_delta_sensor_async.py
[2022-01-28 20:50:21,047] {processor.py:642} INFO - Processing file /home/data-eginner/Documents/Soccer_Data/env/lib/python3.8/site-packages/airflow/example_dags/example_time_delta_sensor_async.py for tasks to queue
[2022-01-28 20:50:21,048] {logging_mixin.py:109} INFO - [2022-01-28 20:50:21,048] {dagbag.py:500} INFO - Filling up the DagBag from /home/data-eginner/Documents/Soccer_Data/env/lib/python3.8/site-packages/airflow/example_dags/example_time_delta_sensor_async.py
[2022-01-28 20:50:21,081] {processor.py:654} INFO - DAG(s) dict_keys(['example_time_delta_sensor_async']) retrieved from /home/data-eginner/Documents/Soccer_Data/env/lib/python3.8/site-packages/airflow/example_dags/example_time_delta_sensor_async.py
[2022-01-28 20:50:21,088] {logging_mixin.py:109} INFO - [2022-01-28 20:50:21,088] {dag.py:2396} INFO - Sync 1 DAGs
[2022-01-28 20:50:21,103] {logging_mixin.py:109} INFO - [2022-01-28 20:50:21,103] {dag.py:2935} INFO - Setting next_dagrun for example_time_delta_sensor_async to None
[2022-01-28 20:50:21,119] {processor.py:171} INFO - Processing /home/data-eginner/Documents/Soccer_Data/env/lib/python3.8/site-packages/airflow/example_dags/example_time_delta_sensor_async.py took 0.098 seconds
[2022-01-28 20:51:00,741] {processor.py:163} INFO - Started process (PID=16793) to work on /home/data-eginner/Documents/Soccer_Data/env/lib/python3.8/site-packages/airflow/example_dags/example_time_delta_sensor_async.py
[2022-01-28 20:51:00,743] {processor.py:642} INFO - Processing file /home/data-eginner/Documents/Soccer_Data/env/lib/python3.8/site-packages/airflow/example_dags/example_time_delta_sensor_async.py for tasks to queue
[2022-01-28 20:51:00,744] {logging_mixin.py:109} INFO - [2022-01-28 20:51:00,744] {dagbag.py:500} INFO - Filling up the DagBag from /home/data-eginner/Documents/Soccer_Data/env/lib/python3.8/site-packages/airflow/example_dags/example_time_delta_sensor_async.py
[2022-01-28 20:51:00,770] {processor.py:654} INFO - DAG(s) dict_keys(['example_time_delta_sensor_async']) retrieved from /home/data-eginner/Documents/Soccer_Data/env/lib/python3.8/site-packages/airflow/example_dags/example_time_delta_sensor_async.py
[2022-01-28 20:51:00,798] {logging_mixin.py:109} INFO - [2022-01-28 20:51:00,797] {dag.py:2396} INFO - Sync 1 DAGs
[2022-01-28 20:51:00,819] {logging_mixin.py:109} INFO - [2022-01-28 20:51:00,819] {dag.py:2935} INFO - Setting next_dagrun for example_time_delta_sensor_async to None
[2022-01-28 20:51:00,843] {processor.py:171} INFO - Processing /home/data-eginner/Documents/Soccer_Data/env/lib/python3.8/site-packages/airflow/example_dags/example_time_delta_sensor_async.py took 0.107 seconds
[2022-01-28 20:51:37,663] {processor.py:163} INFO - Started process (PID=16955) to work on /home/data-eginner/Documents/Soccer_Data/env/lib/python3.8/site-packages/airflow/example_dags/example_time_delta_sensor_async.py
[2022-01-28 20:51:37,664] {processor.py:642} INFO - Processing file /home/data-eginner/Documents/Soccer_Data/env/lib/python3.8/site-packages/airflow/example_dags/example_time_delta_sensor_async.py for tasks to queue
[2022-01-28 20:51:37,665] {logging_mixin.py:109} INFO - [2022-01-28 20:51:37,665] {dagbag.py:500} INFO - Filling up the DagBag from /home/data-eginner/Documents/Soccer_Data/env/lib/python3.8/site-packages/airflow/example_dags/example_time_delta_sensor_async.py
[2022-01-28 20:51:37,699] {processor.py:654} INFO - DAG(s) dict_keys(['example_time_delta_sensor_async']) retrieved from /home/data-eginner/Documents/Soccer_Data/env/lib/python3.8/site-packages/airflow/example_dags/example_time_delta_sensor_async.py
[2022-01-28 20:51:37,709] {logging_mixin.py:109} INFO - [2022-01-28 20:51:37,709] {dag.py:2396} INFO - Sync 1 DAGs
[2022-01-28 20:51:37,720] {logging_mixin.py:109} INFO - [2022-01-28 20:51:37,720] {dag.py:2935} INFO - Setting next_dagrun for example_time_delta_sensor_async to None
[2022-01-28 20:51:37,735] {processor.py:171} INFO - Processing /home/data-eginner/Documents/Soccer_Data/env/lib/python3.8/site-packages/airflow/example_dags/example_time_delta_sensor_async.py took 0.075 seconds
[2022-01-28 20:52:17,189] {processor.py:163} INFO - Started process (PID=17345) to work on /home/data-eginner/Documents/Soccer_Data/env/lib/python3.8/site-packages/airflow/example_dags/example_time_delta_sensor_async.py
[2022-01-28 20:52:17,216] {processor.py:642} INFO - Processing file /home/data-eginner/Documents/Soccer_Data/env/lib/python3.8/site-packages/airflow/example_dags/example_time_delta_sensor_async.py for tasks to queue
[2022-01-28 20:52:17,216] {logging_mixin.py:109} INFO - [2022-01-28 20:52:17,216] {dagbag.py:500} INFO - Filling up the DagBag from /home/data-eginner/Documents/Soccer_Data/env/lib/python3.8/site-packages/airflow/example_dags/example_time_delta_sensor_async.py
[2022-01-28 20:52:17,251] {processor.py:654} INFO - DAG(s) dict_keys(['example_time_delta_sensor_async']) retrieved from /home/data-eginner/Documents/Soccer_Data/env/lib/python3.8/site-packages/airflow/example_dags/example_time_delta_sensor_async.py
[2022-01-28 20:52:17,270] {logging_mixin.py:109} INFO - [2022-01-28 20:52:17,270] {dag.py:2396} INFO - Sync 1 DAGs
[2022-01-28 20:52:17,291] {logging_mixin.py:109} INFO - [2022-01-28 20:52:17,291] {dag.py:2935} INFO - Setting next_dagrun for example_time_delta_sensor_async to None
[2022-01-28 20:52:17,402] {processor.py:171} INFO - Processing /home/data-eginner/Documents/Soccer_Data/env/lib/python3.8/site-packages/airflow/example_dags/example_time_delta_sensor_async.py took 0.224 seconds
[2022-01-28 20:52:58,091] {processor.py:163} INFO - Started process (PID=17513) to work on /home/data-eginner/Documents/Soccer_Data/env/lib/python3.8/site-packages/airflow/example_dags/example_time_delta_sensor_async.py
[2022-01-28 20:52:58,113] {processor.py:642} INFO - Processing file /home/data-eginner/Documents/Soccer_Data/env/lib/python3.8/site-packages/airflow/example_dags/example_time_delta_sensor_async.py for tasks to queue
[2022-01-28 20:52:58,113] {logging_mixin.py:109} INFO - [2022-01-28 20:52:58,113] {dagbag.py:500} INFO - Filling up the DagBag from /home/data-eginner/Documents/Soccer_Data/env/lib/python3.8/site-packages/airflow/example_dags/example_time_delta_sensor_async.py
[2022-01-28 20:52:58,161] {processor.py:654} INFO - DAG(s) dict_keys(['example_time_delta_sensor_async']) retrieved from /home/data-eginner/Documents/Soccer_Data/env/lib/python3.8/site-packages/airflow/example_dags/example_time_delta_sensor_async.py
[2022-01-28 20:52:58,202] {logging_mixin.py:109} INFO - [2022-01-28 20:52:58,201] {dag.py:2396} INFO - Sync 1 DAGs
[2022-01-28 20:52:58,211] {logging_mixin.py:109} INFO - [2022-01-28 20:52:58,211] {dag.py:2935} INFO - Setting next_dagrun for example_time_delta_sensor_async to None
[2022-01-28 20:52:58,275] {processor.py:171} INFO - Processing /home/data-eginner/Documents/Soccer_Data/env/lib/python3.8/site-packages/airflow/example_dags/example_time_delta_sensor_async.py took 0.187 seconds
[2022-01-28 20:53:48,835] {processor.py:163} INFO - Started process (PID=17713) to work on /home/data-eginner/Documents/Soccer_Data/env/lib/python3.8/site-packages/airflow/example_dags/example_time_delta_sensor_async.py
[2022-01-28 20:53:48,853] {processor.py:642} INFO - Processing file /home/data-eginner/Documents/Soccer_Data/env/lib/python3.8/site-packages/airflow/example_dags/example_time_delta_sensor_async.py for tasks to queue
[2022-01-28 20:53:48,854] {logging_mixin.py:109} INFO - [2022-01-28 20:53:48,854] {dagbag.py:500} INFO - Filling up the DagBag from /home/data-eginner/Documents/Soccer_Data/env/lib/python3.8/site-packages/airflow/example_dags/example_time_delta_sensor_async.py
[2022-01-28 20:53:48,917] {processor.py:654} INFO - DAG(s) dict_keys(['example_time_delta_sensor_async']) retrieved from /home/data-eginner/Documents/Soccer_Data/env/lib/python3.8/site-packages/airflow/example_dags/example_time_delta_sensor_async.py
[2022-01-28 20:53:48,951] {logging_mixin.py:109} INFO - [2022-01-28 20:53:48,951] {dag.py:2396} INFO - Sync 1 DAGs
[2022-01-28 20:53:48,965] {logging_mixin.py:109} INFO - [2022-01-28 20:53:48,964] {dag.py:2935} INFO - Setting next_dagrun for example_time_delta_sensor_async to None
[2022-01-28 20:53:49,015] {processor.py:171} INFO - Processing /home/data-eginner/Documents/Soccer_Data/env/lib/python3.8/site-packages/airflow/example_dags/example_time_delta_sensor_async.py took 0.183 seconds
[2022-01-28 20:54:32,104] {processor.py:163} INFO - Started process (PID=17861) to work on /home/data-eginner/Documents/Soccer_Data/env/lib/python3.8/site-packages/airflow/example_dags/example_time_delta_sensor_async.py
[2022-01-28 20:54:32,143] {processor.py:642} INFO - Processing file /home/data-eginner/Documents/Soccer_Data/env/lib/python3.8/site-packages/airflow/example_dags/example_time_delta_sensor_async.py for tasks to queue
[2022-01-28 20:54:32,143] {logging_mixin.py:109} INFO - [2022-01-28 20:54:32,143] {dagbag.py:500} INFO - Filling up the DagBag from /home/data-eginner/Documents/Soccer_Data/env/lib/python3.8/site-packages/airflow/example_dags/example_time_delta_sensor_async.py
[2022-01-28 20:54:32,243] {processor.py:654} INFO - DAG(s) dict_keys(['example_time_delta_sensor_async']) retrieved from /home/data-eginner/Documents/Soccer_Data/env/lib/python3.8/site-packages/airflow/example_dags/example_time_delta_sensor_async.py
[2022-01-28 20:54:32,276] {logging_mixin.py:109} INFO - [2022-01-28 20:54:32,276] {dag.py:2396} INFO - Sync 1 DAGs
[2022-01-28 20:54:32,322] {logging_mixin.py:109} INFO - [2022-01-28 20:54:32,321] {dag.py:2935} INFO - Setting next_dagrun for example_time_delta_sensor_async to None
[2022-01-28 20:54:32,381] {processor.py:171} INFO - Processing /home/data-eginner/Documents/Soccer_Data/env/lib/python3.8/site-packages/airflow/example_dags/example_time_delta_sensor_async.py took 0.280 seconds
[2022-01-28 20:55:15,518] {processor.py:163} INFO - Started process (PID=18005) to work on /home/data-eginner/Documents/Soccer_Data/env/lib/python3.8/site-packages/airflow/example_dags/example_time_delta_sensor_async.py
[2022-01-28 20:55:15,522] {processor.py:642} INFO - Processing file /home/data-eginner/Documents/Soccer_Data/env/lib/python3.8/site-packages/airflow/example_dags/example_time_delta_sensor_async.py for tasks to queue
[2022-01-28 20:55:15,524] {logging_mixin.py:109} INFO - [2022-01-28 20:55:15,524] {dagbag.py:500} INFO - Filling up the DagBag from /home/data-eginner/Documents/Soccer_Data/env/lib/python3.8/site-packages/airflow/example_dags/example_time_delta_sensor_async.py
[2022-01-28 20:55:15,565] {processor.py:654} INFO - DAG(s) dict_keys(['example_time_delta_sensor_async']) retrieved from /home/data-eginner/Documents/Soccer_Data/env/lib/python3.8/site-packages/airflow/example_dags/example_time_delta_sensor_async.py
[2022-01-28 20:55:15,585] {logging_mixin.py:109} INFO - [2022-01-28 20:55:15,585] {dag.py:2396} INFO - Sync 1 DAGs
[2022-01-28 20:55:15,642] {logging_mixin.py:109} INFO - [2022-01-28 20:55:15,642] {dag.py:2935} INFO - Setting next_dagrun for example_time_delta_sensor_async to None
[2022-01-28 20:55:15,667] {processor.py:171} INFO - Processing /home/data-eginner/Documents/Soccer_Data/env/lib/python3.8/site-packages/airflow/example_dags/example_time_delta_sensor_async.py took 0.178 seconds
[2022-01-28 20:56:03,522] {processor.py:163} INFO - Started process (PID=18167) to work on /home/data-eginner/Documents/Soccer_Data/env/lib/python3.8/site-packages/airflow/example_dags/example_time_delta_sensor_async.py
[2022-01-28 20:56:03,528] {processor.py:642} INFO - Processing file /home/data-eginner/Documents/Soccer_Data/env/lib/python3.8/site-packages/airflow/example_dags/example_time_delta_sensor_async.py for tasks to queue
[2022-01-28 20:56:03,529] {logging_mixin.py:109} INFO - [2022-01-28 20:56:03,529] {dagbag.py:500} INFO - Filling up the DagBag from /home/data-eginner/Documents/Soccer_Data/env/lib/python3.8/site-packages/airflow/example_dags/example_time_delta_sensor_async.py
[2022-01-28 20:56:03,638] {processor.py:654} INFO - DAG(s) dict_keys(['example_time_delta_sensor_async']) retrieved from /home/data-eginner/Documents/Soccer_Data/env/lib/python3.8/site-packages/airflow/example_dags/example_time_delta_sensor_async.py
[2022-01-28 20:56:03,692] {logging_mixin.py:109} INFO - [2022-01-28 20:56:03,692] {dag.py:2396} INFO - Sync 1 DAGs
[2022-01-28 20:56:03,740] {logging_mixin.py:109} INFO - [2022-01-28 20:56:03,740] {dag.py:2935} INFO - Setting next_dagrun for example_time_delta_sensor_async to None
[2022-01-28 20:56:03,797] {processor.py:171} INFO - Processing /home/data-eginner/Documents/Soccer_Data/env/lib/python3.8/site-packages/airflow/example_dags/example_time_delta_sensor_async.py took 0.289 seconds
[2022-01-28 20:56:54,788] {processor.py:163} INFO - Started process (PID=18334) to work on /home/data-eginner/Documents/Soccer_Data/env/lib/python3.8/site-packages/airflow/example_dags/example_time_delta_sensor_async.py
[2022-01-28 20:56:54,791] {processor.py:642} INFO - Processing file /home/data-eginner/Documents/Soccer_Data/env/lib/python3.8/site-packages/airflow/example_dags/example_time_delta_sensor_async.py for tasks to queue
[2022-01-28 20:56:54,791] {logging_mixin.py:109} INFO - [2022-01-28 20:56:54,791] {dagbag.py:500} INFO - Filling up the DagBag from /home/data-eginner/Documents/Soccer_Data/env/lib/python3.8/site-packages/airflow/example_dags/example_time_delta_sensor_async.py
[2022-01-28 20:56:54,844] {processor.py:654} INFO - DAG(s) dict_keys(['example_time_delta_sensor_async']) retrieved from /home/data-eginner/Documents/Soccer_Data/env/lib/python3.8/site-packages/airflow/example_dags/example_time_delta_sensor_async.py
[2022-01-28 20:56:54,922] {logging_mixin.py:109} INFO - [2022-01-28 20:56:54,921] {dag.py:2396} INFO - Sync 1 DAGs
[2022-01-28 20:56:54,946] {logging_mixin.py:109} INFO - [2022-01-28 20:56:54,946] {dag.py:2935} INFO - Setting next_dagrun for example_time_delta_sensor_async to None
[2022-01-28 20:56:54,987] {processor.py:171} INFO - Processing /home/data-eginner/Documents/Soccer_Data/env/lib/python3.8/site-packages/airflow/example_dags/example_time_delta_sensor_async.py took 0.218 seconds
[2022-01-28 20:57:52,603] {processor.py:163} INFO - Started process (PID=18537) to work on /home/data-eginner/Documents/Soccer_Data/env/lib/python3.8/site-packages/airflow/example_dags/example_time_delta_sensor_async.py
[2022-01-28 20:57:52,630] {processor.py:642} INFO - Processing file /home/data-eginner/Documents/Soccer_Data/env/lib/python3.8/site-packages/airflow/example_dags/example_time_delta_sensor_async.py for tasks to queue
[2022-01-28 20:57:52,630] {logging_mixin.py:109} INFO - [2022-01-28 20:57:52,630] {dagbag.py:500} INFO - Filling up the DagBag from /home/data-eginner/Documents/Soccer_Data/env/lib/python3.8/site-packages/airflow/example_dags/example_time_delta_sensor_async.py
[2022-01-28 20:57:52,719] {processor.py:654} INFO - DAG(s) dict_keys(['example_time_delta_sensor_async']) retrieved from /home/data-eginner/Documents/Soccer_Data/env/lib/python3.8/site-packages/airflow/example_dags/example_time_delta_sensor_async.py
[2022-01-28 20:57:52,753] {logging_mixin.py:109} INFO - [2022-01-28 20:57:52,753] {dag.py:2396} INFO - Sync 1 DAGs
[2022-01-28 20:57:52,815] {logging_mixin.py:109} INFO - [2022-01-28 20:57:52,815] {dag.py:2935} INFO - Setting next_dagrun for example_time_delta_sensor_async to None
[2022-01-28 20:57:52,866] {processor.py:171} INFO - Processing /home/data-eginner/Documents/Soccer_Data/env/lib/python3.8/site-packages/airflow/example_dags/example_time_delta_sensor_async.py took 0.266 seconds
[2022-01-28 20:58:42,295] {processor.py:163} INFO - Started process (PID=18706) to work on /home/data-eginner/Documents/Soccer_Data/env/lib/python3.8/site-packages/airflow/example_dags/example_time_delta_sensor_async.py
[2022-01-28 20:58:42,298] {processor.py:642} INFO - Processing file /home/data-eginner/Documents/Soccer_Data/env/lib/python3.8/site-packages/airflow/example_dags/example_time_delta_sensor_async.py for tasks to queue
[2022-01-28 20:58:42,299] {logging_mixin.py:109} INFO - [2022-01-28 20:58:42,299] {dagbag.py:500} INFO - Filling up the DagBag from /home/data-eginner/Documents/Soccer_Data/env/lib/python3.8/site-packages/airflow/example_dags/example_time_delta_sensor_async.py
[2022-01-28 20:58:42,366] {processor.py:654} INFO - DAG(s) dict_keys(['example_time_delta_sensor_async']) retrieved from /home/data-eginner/Documents/Soccer_Data/env/lib/python3.8/site-packages/airflow/example_dags/example_time_delta_sensor_async.py
[2022-01-28 20:58:42,423] {logging_mixin.py:109} INFO - [2022-01-28 20:58:42,423] {dag.py:2396} INFO - Sync 1 DAGs
[2022-01-28 20:58:42,489] {logging_mixin.py:109} INFO - [2022-01-28 20:58:42,489] {dag.py:2935} INFO - Setting next_dagrun for example_time_delta_sensor_async to None
[2022-01-28 20:58:42,571] {processor.py:171} INFO - Processing /home/data-eginner/Documents/Soccer_Data/env/lib/python3.8/site-packages/airflow/example_dags/example_time_delta_sensor_async.py took 0.323 seconds
[2022-01-28 20:59:54,478] {processor.py:163} INFO - Started process (PID=18895) to work on /home/data-eginner/Documents/Soccer_Data/env/lib/python3.8/site-packages/airflow/example_dags/example_time_delta_sensor_async.py
[2022-01-28 20:59:54,520] {processor.py:642} INFO - Processing file /home/data-eginner/Documents/Soccer_Data/env/lib/python3.8/site-packages/airflow/example_dags/example_time_delta_sensor_async.py for tasks to queue
[2022-01-28 20:59:54,520] {logging_mixin.py:109} INFO - [2022-01-28 20:59:54,520] {dagbag.py:500} INFO - Filling up the DagBag from /home/data-eginner/Documents/Soccer_Data/env/lib/python3.8/site-packages/airflow/example_dags/example_time_delta_sensor_async.py
[2022-01-28 20:59:54,583] {processor.py:654} INFO - DAG(s) dict_keys(['example_time_delta_sensor_async']) retrieved from /home/data-eginner/Documents/Soccer_Data/env/lib/python3.8/site-packages/airflow/example_dags/example_time_delta_sensor_async.py
[2022-01-28 20:59:54,612] {logging_mixin.py:109} INFO - [2022-01-28 20:59:54,612] {dag.py:2396} INFO - Sync 1 DAGs
[2022-01-28 20:59:54,662] {logging_mixin.py:109} INFO - [2022-01-28 20:59:54,662] {dag.py:2935} INFO - Setting next_dagrun for example_time_delta_sensor_async to None
[2022-01-28 20:59:54,679] {processor.py:171} INFO - Processing /home/data-eginner/Documents/Soccer_Data/env/lib/python3.8/site-packages/airflow/example_dags/example_time_delta_sensor_async.py took 0.204 seconds
