[2022-01-28 20:49:55,811] {processor.py:163} INFO - Started process (PID=16498) to work on /home/data-eginner/Documents/Soccer_Data/env/lib/python3.8/site-packages/airflow/example_dags/example_task_group.py
[2022-01-28 20:49:55,812] {processor.py:642} INFO - Processing file /home/data-eginner/Documents/Soccer_Data/env/lib/python3.8/site-packages/airflow/example_dags/example_task_group.py for tasks to queue
[2022-01-28 20:49:55,813] {logging_mixin.py:109} INFO - [2022-01-28 20:49:55,813] {dagbag.py:500} INFO - Filling up the DagBag from /home/data-eginner/Documents/Soccer_Data/env/lib/python3.8/site-packages/airflow/example_dags/example_task_group.py
[2022-01-28 20:49:55,838] {processor.py:654} INFO - DAG(s) dict_keys(['example_task_group']) retrieved from /home/data-eginner/Documents/Soccer_Data/env/lib/python3.8/site-packages/airflow/example_dags/example_task_group.py
[2022-01-28 20:49:55,846] {logging_mixin.py:109} INFO - [2022-01-28 20:49:55,846] {dag.py:2396} INFO - Sync 1 DAGs
[2022-01-28 20:49:55,859] {logging_mixin.py:109} INFO - [2022-01-28 20:49:55,859] {dag.py:2935} INFO - Setting next_dagrun for example_task_group to 2022-01-27T23:49:55.859188+00:00
[2022-01-28 20:49:55,878] {processor.py:171} INFO - Processing /home/data-eginner/Documents/Soccer_Data/env/lib/python3.8/site-packages/airflow/example_dags/example_task_group.py took 0.072 seconds
[2022-01-28 20:50:34,247] {processor.py:163} INFO - Started process (PID=16678) to work on /home/data-eginner/Documents/Soccer_Data/env/lib/python3.8/site-packages/airflow/example_dags/example_task_group.py
[2022-01-28 20:50:34,262] {processor.py:642} INFO - Processing file /home/data-eginner/Documents/Soccer_Data/env/lib/python3.8/site-packages/airflow/example_dags/example_task_group.py for tasks to queue
[2022-01-28 20:50:34,263] {logging_mixin.py:109} INFO - [2022-01-28 20:50:34,263] {dagbag.py:500} INFO - Filling up the DagBag from /home/data-eginner/Documents/Soccer_Data/env/lib/python3.8/site-packages/airflow/example_dags/example_task_group.py
[2022-01-28 20:50:34,308] {processor.py:654} INFO - DAG(s) dict_keys(['example_task_group']) retrieved from /home/data-eginner/Documents/Soccer_Data/env/lib/python3.8/site-packages/airflow/example_dags/example_task_group.py
[2022-01-28 20:50:34,316] {logging_mixin.py:109} INFO - [2022-01-28 20:50:34,316] {dag.py:2396} INFO - Sync 1 DAGs
[2022-01-28 20:50:34,339] {logging_mixin.py:109} INFO - [2022-01-28 20:50:34,339] {dag.py:2935} INFO - Setting next_dagrun for example_task_group to 2022-01-27T23:50:34.339608+00:00
[2022-01-28 20:50:34,387] {processor.py:171} INFO - Processing /home/data-eginner/Documents/Soccer_Data/env/lib/python3.8/site-packages/airflow/example_dags/example_task_group.py took 0.154 seconds
[2022-01-28 20:51:12,828] {processor.py:163} INFO - Started process (PID=16847) to work on /home/data-eginner/Documents/Soccer_Data/env/lib/python3.8/site-packages/airflow/example_dags/example_task_group.py
[2022-01-28 20:51:12,836] {processor.py:642} INFO - Processing file /home/data-eginner/Documents/Soccer_Data/env/lib/python3.8/site-packages/airflow/example_dags/example_task_group.py for tasks to queue
[2022-01-28 20:51:12,836] {logging_mixin.py:109} INFO - [2022-01-28 20:51:12,836] {dagbag.py:500} INFO - Filling up the DagBag from /home/data-eginner/Documents/Soccer_Data/env/lib/python3.8/site-packages/airflow/example_dags/example_task_group.py
[2022-01-28 20:51:12,882] {processor.py:654} INFO - DAG(s) dict_keys(['example_task_group']) retrieved from /home/data-eginner/Documents/Soccer_Data/env/lib/python3.8/site-packages/airflow/example_dags/example_task_group.py
[2022-01-28 20:51:12,901] {logging_mixin.py:109} INFO - [2022-01-28 20:51:12,890] {dag.py:2396} INFO - Sync 1 DAGs
[2022-01-28 20:51:12,911] {logging_mixin.py:109} INFO - [2022-01-28 20:51:12,911] {dag.py:2935} INFO - Setting next_dagrun for example_task_group to 2022-01-27T23:51:12.911500+00:00
[2022-01-28 20:51:12,942] {processor.py:171} INFO - Processing /home/data-eginner/Documents/Soccer_Data/env/lib/python3.8/site-packages/airflow/example_dags/example_task_group.py took 0.119 seconds
[2022-01-28 20:51:52,944] {processor.py:163} INFO - Started process (PID=17142) to work on /home/data-eginner/Documents/Soccer_Data/env/lib/python3.8/site-packages/airflow/example_dags/example_task_group.py
[2022-01-28 20:51:52,964] {processor.py:642} INFO - Processing file /home/data-eginner/Documents/Soccer_Data/env/lib/python3.8/site-packages/airflow/example_dags/example_task_group.py for tasks to queue
[2022-01-28 20:51:52,965] {logging_mixin.py:109} INFO - [2022-01-28 20:51:52,965] {dagbag.py:500} INFO - Filling up the DagBag from /home/data-eginner/Documents/Soccer_Data/env/lib/python3.8/site-packages/airflow/example_dags/example_task_group.py
[2022-01-28 20:51:53,031] {processor.py:654} INFO - DAG(s) dict_keys(['example_task_group']) retrieved from /home/data-eginner/Documents/Soccer_Data/env/lib/python3.8/site-packages/airflow/example_dags/example_task_group.py
[2022-01-28 20:51:53,072] {logging_mixin.py:109} INFO - [2022-01-28 20:51:53,072] {dag.py:2396} INFO - Sync 1 DAGs
[2022-01-28 20:51:53,154] {logging_mixin.py:109} INFO - [2022-01-28 20:51:53,154] {dag.py:2935} INFO - Setting next_dagrun for example_task_group to 2022-01-27T23:51:53.154585+00:00
[2022-01-28 20:51:53,804] {processor.py:171} INFO - Processing /home/data-eginner/Documents/Soccer_Data/env/lib/python3.8/site-packages/airflow/example_dags/example_task_group.py took 0.862 seconds
[2022-01-28 20:52:42,352] {processor.py:163} INFO - Started process (PID=17450) to work on /home/data-eginner/Documents/Soccer_Data/env/lib/python3.8/site-packages/airflow/example_dags/example_task_group.py
[2022-01-28 20:52:42,359] {processor.py:642} INFO - Processing file /home/data-eginner/Documents/Soccer_Data/env/lib/python3.8/site-packages/airflow/example_dags/example_task_group.py for tasks to queue
[2022-01-28 20:52:42,360] {logging_mixin.py:109} INFO - [2022-01-28 20:52:42,360] {dagbag.py:500} INFO - Filling up the DagBag from /home/data-eginner/Documents/Soccer_Data/env/lib/python3.8/site-packages/airflow/example_dags/example_task_group.py
[2022-01-28 20:52:42,417] {processor.py:654} INFO - DAG(s) dict_keys(['example_task_group']) retrieved from /home/data-eginner/Documents/Soccer_Data/env/lib/python3.8/site-packages/airflow/example_dags/example_task_group.py
[2022-01-28 20:52:42,440] {logging_mixin.py:109} INFO - [2022-01-28 20:52:42,440] {dag.py:2396} INFO - Sync 1 DAGs
[2022-01-28 20:52:42,473] {logging_mixin.py:109} INFO - [2022-01-28 20:52:42,473] {dag.py:2935} INFO - Setting next_dagrun for example_task_group to 2022-01-27T23:52:42.472969+00:00
[2022-01-28 20:52:42,503] {processor.py:171} INFO - Processing /home/data-eginner/Documents/Soccer_Data/env/lib/python3.8/site-packages/airflow/example_dags/example_task_group.py took 0.164 seconds
[2022-01-28 20:53:31,369] {processor.py:163} INFO - Started process (PID=17647) to work on /home/data-eginner/Documents/Soccer_Data/env/lib/python3.8/site-packages/airflow/example_dags/example_task_group.py
[2022-01-28 20:53:31,374] {processor.py:642} INFO - Processing file /home/data-eginner/Documents/Soccer_Data/env/lib/python3.8/site-packages/airflow/example_dags/example_task_group.py for tasks to queue
[2022-01-28 20:53:31,375] {logging_mixin.py:109} INFO - [2022-01-28 20:53:31,375] {dagbag.py:500} INFO - Filling up the DagBag from /home/data-eginner/Documents/Soccer_Data/env/lib/python3.8/site-packages/airflow/example_dags/example_task_group.py
[2022-01-28 20:53:31,411] {processor.py:654} INFO - DAG(s) dict_keys(['example_task_group']) retrieved from /home/data-eginner/Documents/Soccer_Data/env/lib/python3.8/site-packages/airflow/example_dags/example_task_group.py
[2022-01-28 20:53:31,454] {logging_mixin.py:109} INFO - [2022-01-28 20:53:31,454] {dag.py:2396} INFO - Sync 1 DAGs
[2022-01-28 20:53:31,483] {logging_mixin.py:109} INFO - [2022-01-28 20:53:31,483] {dag.py:2935} INFO - Setting next_dagrun for example_task_group to 2022-01-27T23:53:31.482841+00:00
[2022-01-28 20:53:31,539] {processor.py:171} INFO - Processing /home/data-eginner/Documents/Soccer_Data/env/lib/python3.8/site-packages/airflow/example_dags/example_task_group.py took 0.173 seconds
[2022-01-28 20:54:36,773] {processor.py:163} INFO - Started process (PID=17876) to work on /home/data-eginner/Documents/Soccer_Data/env/lib/python3.8/site-packages/airflow/example_dags/example_task_group.py
[2022-01-28 20:54:36,776] {processor.py:642} INFO - Processing file /home/data-eginner/Documents/Soccer_Data/env/lib/python3.8/site-packages/airflow/example_dags/example_task_group.py for tasks to queue
[2022-01-28 20:54:36,777] {logging_mixin.py:109} INFO - [2022-01-28 20:54:36,776] {dagbag.py:500} INFO - Filling up the DagBag from /home/data-eginner/Documents/Soccer_Data/env/lib/python3.8/site-packages/airflow/example_dags/example_task_group.py
[2022-01-28 20:54:36,896] {processor.py:654} INFO - DAG(s) dict_keys(['example_task_group']) retrieved from /home/data-eginner/Documents/Soccer_Data/env/lib/python3.8/site-packages/airflow/example_dags/example_task_group.py
[2022-01-28 20:54:36,951] {logging_mixin.py:109} INFO - [2022-01-28 20:54:36,951] {dag.py:2396} INFO - Sync 1 DAGs
[2022-01-28 20:54:37,026] {logging_mixin.py:109} INFO - [2022-01-28 20:54:37,026] {dag.py:2935} INFO - Setting next_dagrun for example_task_group to 2022-01-27T23:54:37.026556+00:00
[2022-01-28 20:54:37,077] {processor.py:171} INFO - Processing /home/data-eginner/Documents/Soccer_Data/env/lib/python3.8/site-packages/airflow/example_dags/example_task_group.py took 0.332 seconds
[2022-01-28 20:55:42,734] {processor.py:163} INFO - Started process (PID=18095) to work on /home/data-eginner/Documents/Soccer_Data/env/lib/python3.8/site-packages/airflow/example_dags/example_task_group.py
[2022-01-28 20:55:42,760] {processor.py:642} INFO - Processing file /home/data-eginner/Documents/Soccer_Data/env/lib/python3.8/site-packages/airflow/example_dags/example_task_group.py for tasks to queue
[2022-01-28 20:55:42,761] {logging_mixin.py:109} INFO - [2022-01-28 20:55:42,761] {dagbag.py:500} INFO - Filling up the DagBag from /home/data-eginner/Documents/Soccer_Data/env/lib/python3.8/site-packages/airflow/example_dags/example_task_group.py
[2022-01-28 20:55:42,915] {processor.py:654} INFO - DAG(s) dict_keys(['example_task_group']) retrieved from /home/data-eginner/Documents/Soccer_Data/env/lib/python3.8/site-packages/airflow/example_dags/example_task_group.py
[2022-01-28 20:55:42,969] {logging_mixin.py:109} INFO - [2022-01-28 20:55:42,969] {dag.py:2396} INFO - Sync 1 DAGs
[2022-01-28 20:55:43,038] {logging_mixin.py:109} INFO - [2022-01-28 20:55:43,038] {dag.py:2935} INFO - Setting next_dagrun for example_task_group to 2022-01-27T23:55:43.038029+00:00
[2022-01-28 20:55:43,120] {processor.py:171} INFO - Processing /home/data-eginner/Documents/Soccer_Data/env/lib/python3.8/site-packages/airflow/example_dags/example_task_group.py took 0.479 seconds
[2022-01-28 20:56:33,878] {processor.py:163} INFO - Started process (PID=18261) to work on /home/data-eginner/Documents/Soccer_Data/env/lib/python3.8/site-packages/airflow/example_dags/example_task_group.py
[2022-01-28 20:56:33,880] {processor.py:642} INFO - Processing file /home/data-eginner/Documents/Soccer_Data/env/lib/python3.8/site-packages/airflow/example_dags/example_task_group.py for tasks to queue
[2022-01-28 20:56:33,880] {logging_mixin.py:109} INFO - [2022-01-28 20:56:33,880] {dagbag.py:500} INFO - Filling up the DagBag from /home/data-eginner/Documents/Soccer_Data/env/lib/python3.8/site-packages/airflow/example_dags/example_task_group.py
[2022-01-28 20:56:33,978] {processor.py:654} INFO - DAG(s) dict_keys(['example_task_group']) retrieved from /home/data-eginner/Documents/Soccer_Data/env/lib/python3.8/site-packages/airflow/example_dags/example_task_group.py
[2022-01-28 20:56:34,017] {logging_mixin.py:109} INFO - [2022-01-28 20:56:34,017] {dag.py:2396} INFO - Sync 1 DAGs
[2022-01-28 20:56:34,087] {logging_mixin.py:109} INFO - [2022-01-28 20:56:34,087] {dag.py:2935} INFO - Setting next_dagrun for example_task_group to 2022-01-27T23:56:34.087519+00:00
[2022-01-28 20:56:34,168] {processor.py:171} INFO - Processing /home/data-eginner/Documents/Soccer_Data/env/lib/python3.8/site-packages/airflow/example_dags/example_task_group.py took 0.331 seconds
[2022-01-28 20:57:17,301] {processor.py:163} INFO - Started process (PID=18419) to work on /home/data-eginner/Documents/Soccer_Data/env/lib/python3.8/site-packages/airflow/example_dags/example_task_group.py
[2022-01-28 20:57:17,314] {processor.py:642} INFO - Processing file /home/data-eginner/Documents/Soccer_Data/env/lib/python3.8/site-packages/airflow/example_dags/example_task_group.py for tasks to queue
[2022-01-28 20:57:17,314] {logging_mixin.py:109} INFO - [2022-01-28 20:57:17,314] {dagbag.py:500} INFO - Filling up the DagBag from /home/data-eginner/Documents/Soccer_Data/env/lib/python3.8/site-packages/airflow/example_dags/example_task_group.py
[2022-01-28 20:57:17,385] {processor.py:654} INFO - DAG(s) dict_keys(['example_task_group']) retrieved from /home/data-eginner/Documents/Soccer_Data/env/lib/python3.8/site-packages/airflow/example_dags/example_task_group.py
[2022-01-28 20:57:17,412] {logging_mixin.py:109} INFO - [2022-01-28 20:57:17,412] {dag.py:2396} INFO - Sync 1 DAGs
[2022-01-28 20:57:17,441] {logging_mixin.py:109} INFO - [2022-01-28 20:57:17,441] {dag.py:2935} INFO - Setting next_dagrun for example_task_group to 2022-01-27T23:57:17.441067+00:00
[2022-01-28 20:57:17,487] {processor.py:171} INFO - Processing /home/data-eginner/Documents/Soccer_Data/env/lib/python3.8/site-packages/airflow/example_dags/example_task_group.py took 0.188 seconds
[2022-01-28 20:58:22,116] {processor.py:163} INFO - Started process (PID=18641) to work on /home/data-eginner/Documents/Soccer_Data/env/lib/python3.8/site-packages/airflow/example_dags/example_task_group.py
[2022-01-28 20:58:22,133] {processor.py:642} INFO - Processing file /home/data-eginner/Documents/Soccer_Data/env/lib/python3.8/site-packages/airflow/example_dags/example_task_group.py for tasks to queue
[2022-01-28 20:58:22,133] {logging_mixin.py:109} INFO - [2022-01-28 20:58:22,133] {dagbag.py:500} INFO - Filling up the DagBag from /home/data-eginner/Documents/Soccer_Data/env/lib/python3.8/site-packages/airflow/example_dags/example_task_group.py
[2022-01-28 20:58:22,205] {processor.py:654} INFO - DAG(s) dict_keys(['example_task_group']) retrieved from /home/data-eginner/Documents/Soccer_Data/env/lib/python3.8/site-packages/airflow/example_dags/example_task_group.py
[2022-01-28 20:58:22,391] {logging_mixin.py:109} INFO - [2022-01-28 20:58:22,391] {dag.py:2396} INFO - Sync 1 DAGs
[2022-01-28 20:58:22,490] {logging_mixin.py:109} INFO - [2022-01-28 20:58:22,489] {dag.py:2935} INFO - Setting next_dagrun for example_task_group to 2022-01-27T23:58:22.489673+00:00
[2022-01-28 20:58:22,532] {processor.py:171} INFO - Processing /home/data-eginner/Documents/Soccer_Data/env/lib/python3.8/site-packages/airflow/example_dags/example_task_group.py took 0.422 seconds
[2022-01-28 20:59:24,849] {processor.py:163} INFO - Started process (PID=18819) to work on /home/data-eginner/Documents/Soccer_Data/env/lib/python3.8/site-packages/airflow/example_dags/example_task_group.py
[2022-01-28 20:59:24,879] {processor.py:642} INFO - Processing file /home/data-eginner/Documents/Soccer_Data/env/lib/python3.8/site-packages/airflow/example_dags/example_task_group.py for tasks to queue
[2022-01-28 20:59:24,879] {logging_mixin.py:109} INFO - [2022-01-28 20:59:24,879] {dagbag.py:500} INFO - Filling up the DagBag from /home/data-eginner/Documents/Soccer_Data/env/lib/python3.8/site-packages/airflow/example_dags/example_task_group.py
[2022-01-28 20:59:24,993] {processor.py:654} INFO - DAG(s) dict_keys(['example_task_group']) retrieved from /home/data-eginner/Documents/Soccer_Data/env/lib/python3.8/site-packages/airflow/example_dags/example_task_group.py
[2022-01-28 20:59:25,076] {logging_mixin.py:109} INFO - [2022-01-28 20:59:25,076] {dag.py:2396} INFO - Sync 1 DAGs
[2022-01-28 20:59:25,162] {logging_mixin.py:109} INFO - [2022-01-28 20:59:25,161] {dag.py:2935} INFO - Setting next_dagrun for example_task_group to 2022-01-27T23:59:25.161472+00:00
[2022-01-28 20:59:25,422] {processor.py:171} INFO - Processing /home/data-eginner/Documents/Soccer_Data/env/lib/python3.8/site-packages/airflow/example_dags/example_task_group.py took 0.598 seconds
