[2022-01-28 20:49:44,286] {processor.py:163} INFO - Started process (PID=16433) to work on /home/data-eginner/Documents/Soccer_Data/env/lib/python3.8/site-packages/airflow/example_dags/example_branch_python_dop_operator_3.py
[2022-01-28 20:49:44,287] {processor.py:642} INFO - Processing file /home/data-eginner/Documents/Soccer_Data/env/lib/python3.8/site-packages/airflow/example_dags/example_branch_python_dop_operator_3.py for tasks to queue
[2022-01-28 20:49:44,287] {logging_mixin.py:109} INFO - [2022-01-28 20:49:44,287] {dagbag.py:500} INFO - Filling up the DagBag from /home/data-eginner/Documents/Soccer_Data/env/lib/python3.8/site-packages/airflow/example_dags/example_branch_python_dop_operator_3.py
[2022-01-28 20:49:44,318] {processor.py:654} INFO - DAG(s) dict_keys(['example_branch_dop_operator_v3']) retrieved from /home/data-eginner/Documents/Soccer_Data/env/lib/python3.8/site-packages/airflow/example_dags/example_branch_python_dop_operator_3.py
[2022-01-28 20:49:44,327] {logging_mixin.py:109} INFO - [2022-01-28 20:49:44,327] {dag.py:2396} INFO - Sync 1 DAGs
[2022-01-28 20:49:44,342] {logging_mixin.py:109} INFO - [2022-01-28 20:49:44,342] {dag.py:2935} INFO - Setting next_dagrun for example_branch_dop_operator_v3 to 2022-01-28T23:48:00+00:00
[2022-01-28 20:49:44,361] {processor.py:171} INFO - Processing /home/data-eginner/Documents/Soccer_Data/env/lib/python3.8/site-packages/airflow/example_dags/example_branch_python_dop_operator_3.py took 0.078 seconds
[2022-01-28 20:50:23,607] {processor.py:163} INFO - Started process (PID=16632) to work on /home/data-eginner/Documents/Soccer_Data/env/lib/python3.8/site-packages/airflow/example_dags/example_branch_python_dop_operator_3.py
[2022-01-28 20:50:23,611] {processor.py:642} INFO - Processing file /home/data-eginner/Documents/Soccer_Data/env/lib/python3.8/site-packages/airflow/example_dags/example_branch_python_dop_operator_3.py for tasks to queue
[2022-01-28 20:50:23,612] {logging_mixin.py:109} INFO - [2022-01-28 20:50:23,612] {dagbag.py:500} INFO - Filling up the DagBag from /home/data-eginner/Documents/Soccer_Data/env/lib/python3.8/site-packages/airflow/example_dags/example_branch_python_dop_operator_3.py
[2022-01-28 20:50:23,645] {processor.py:654} INFO - DAG(s) dict_keys(['example_branch_dop_operator_v3']) retrieved from /home/data-eginner/Documents/Soccer_Data/env/lib/python3.8/site-packages/airflow/example_dags/example_branch_python_dop_operator_3.py
[2022-01-28 20:50:23,655] {logging_mixin.py:109} INFO - [2022-01-28 20:50:23,655] {dag.py:2396} INFO - Sync 1 DAGs
[2022-01-28 20:50:23,669] {logging_mixin.py:109} INFO - [2022-01-28 20:50:23,669] {dag.py:2935} INFO - Setting next_dagrun for example_branch_dop_operator_v3 to 2022-01-28T23:49:00+00:00
[2022-01-28 20:50:23,688] {processor.py:171} INFO - Processing /home/data-eginner/Documents/Soccer_Data/env/lib/python3.8/site-packages/airflow/example_dags/example_branch_python_dop_operator_3.py took 0.088 seconds
[2022-01-28 20:51:03,350] {processor.py:163} INFO - Started process (PID=16804) to work on /home/data-eginner/Documents/Soccer_Data/env/lib/python3.8/site-packages/airflow/example_dags/example_branch_python_dop_operator_3.py
[2022-01-28 20:51:03,353] {processor.py:642} INFO - Processing file /home/data-eginner/Documents/Soccer_Data/env/lib/python3.8/site-packages/airflow/example_dags/example_branch_python_dop_operator_3.py for tasks to queue
[2022-01-28 20:51:03,353] {logging_mixin.py:109} INFO - [2022-01-28 20:51:03,353] {dagbag.py:500} INFO - Filling up the DagBag from /home/data-eginner/Documents/Soccer_Data/env/lib/python3.8/site-packages/airflow/example_dags/example_branch_python_dop_operator_3.py
[2022-01-28 20:51:03,382] {processor.py:654} INFO - DAG(s) dict_keys(['example_branch_dop_operator_v3']) retrieved from /home/data-eginner/Documents/Soccer_Data/env/lib/python3.8/site-packages/airflow/example_dags/example_branch_python_dop_operator_3.py
[2022-01-28 20:51:03,393] {logging_mixin.py:109} INFO - [2022-01-28 20:51:03,393] {dag.py:2396} INFO - Sync 1 DAGs
[2022-01-28 20:51:03,412] {logging_mixin.py:109} INFO - [2022-01-28 20:51:03,412] {dag.py:2935} INFO - Setting next_dagrun for example_branch_dop_operator_v3 to 2022-01-28T23:50:00+00:00
[2022-01-28 20:51:03,430] {processor.py:171} INFO - Processing /home/data-eginner/Documents/Soccer_Data/env/lib/python3.8/site-packages/airflow/example_dags/example_branch_python_dop_operator_3.py took 0.083 seconds
[2022-01-28 20:51:40,183] {processor.py:163} INFO - Started process (PID=16969) to work on /home/data-eginner/Documents/Soccer_Data/env/lib/python3.8/site-packages/airflow/example_dags/example_branch_python_dop_operator_3.py
[2022-01-28 20:51:40,186] {processor.py:642} INFO - Processing file /home/data-eginner/Documents/Soccer_Data/env/lib/python3.8/site-packages/airflow/example_dags/example_branch_python_dop_operator_3.py for tasks to queue
[2022-01-28 20:51:40,187] {logging_mixin.py:109} INFO - [2022-01-28 20:51:40,187] {dagbag.py:500} INFO - Filling up the DagBag from /home/data-eginner/Documents/Soccer_Data/env/lib/python3.8/site-packages/airflow/example_dags/example_branch_python_dop_operator_3.py
[2022-01-28 20:51:40,236] {processor.py:654} INFO - DAG(s) dict_keys(['example_branch_dop_operator_v3']) retrieved from /home/data-eginner/Documents/Soccer_Data/env/lib/python3.8/site-packages/airflow/example_dags/example_branch_python_dop_operator_3.py
[2022-01-28 20:51:40,252] {logging_mixin.py:109} INFO - [2022-01-28 20:51:40,252] {dag.py:2396} INFO - Sync 1 DAGs
[2022-01-28 20:51:40,281] {logging_mixin.py:109} INFO - [2022-01-28 20:51:40,281] {dag.py:2935} INFO - Setting next_dagrun for example_branch_dop_operator_v3 to 2022-01-28T23:50:00+00:00
[2022-01-28 20:51:40,374] {processor.py:171} INFO - Processing /home/data-eginner/Documents/Soccer_Data/env/lib/python3.8/site-packages/airflow/example_dags/example_branch_python_dop_operator_3.py took 0.208 seconds
[2022-01-28 20:52:23,786] {processor.py:163} INFO - Started process (PID=17378) to work on /home/data-eginner/Documents/Soccer_Data/env/lib/python3.8/site-packages/airflow/example_dags/example_branch_python_dop_operator_3.py
[2022-01-28 20:52:23,798] {processor.py:642} INFO - Processing file /home/data-eginner/Documents/Soccer_Data/env/lib/python3.8/site-packages/airflow/example_dags/example_branch_python_dop_operator_3.py for tasks to queue
[2022-01-28 20:52:23,799] {logging_mixin.py:109} INFO - [2022-01-28 20:52:23,799] {dagbag.py:500} INFO - Filling up the DagBag from /home/data-eginner/Documents/Soccer_Data/env/lib/python3.8/site-packages/airflow/example_dags/example_branch_python_dop_operator_3.py
[2022-01-28 20:52:23,845] {processor.py:654} INFO - DAG(s) dict_keys(['example_branch_dop_operator_v3']) retrieved from /home/data-eginner/Documents/Soccer_Data/env/lib/python3.8/site-packages/airflow/example_dags/example_branch_python_dop_operator_3.py
[2022-01-28 20:52:23,889] {logging_mixin.py:109} INFO - [2022-01-28 20:52:23,889] {dag.py:2396} INFO - Sync 1 DAGs
[2022-01-28 20:52:23,936] {logging_mixin.py:109} INFO - [2022-01-28 20:52:23,936] {dag.py:2935} INFO - Setting next_dagrun for example_branch_dop_operator_v3 to 2022-01-28T23:51:00+00:00
[2022-01-28 20:52:24,024] {processor.py:171} INFO - Processing /home/data-eginner/Documents/Soccer_Data/env/lib/python3.8/site-packages/airflow/example_dags/example_branch_python_dop_operator_3.py took 0.241 seconds
[2022-01-28 20:53:04,995] {processor.py:163} INFO - Started process (PID=17550) to work on /home/data-eginner/Documents/Soccer_Data/env/lib/python3.8/site-packages/airflow/example_dags/example_branch_python_dop_operator_3.py
[2022-01-28 20:53:05,009] {processor.py:642} INFO - Processing file /home/data-eginner/Documents/Soccer_Data/env/lib/python3.8/site-packages/airflow/example_dags/example_branch_python_dop_operator_3.py for tasks to queue
[2022-01-28 20:53:05,009] {logging_mixin.py:109} INFO - [2022-01-28 20:53:05,009] {dagbag.py:500} INFO - Filling up the DagBag from /home/data-eginner/Documents/Soccer_Data/env/lib/python3.8/site-packages/airflow/example_dags/example_branch_python_dop_operator_3.py
[2022-01-28 20:53:05,089] {processor.py:654} INFO - DAG(s) dict_keys(['example_branch_dop_operator_v3']) retrieved from /home/data-eginner/Documents/Soccer_Data/env/lib/python3.8/site-packages/airflow/example_dags/example_branch_python_dop_operator_3.py
[2022-01-28 20:53:05,129] {logging_mixin.py:109} INFO - [2022-01-28 20:53:05,124] {dag.py:2396} INFO - Sync 1 DAGs
[2022-01-28 20:53:05,159] {logging_mixin.py:109} INFO - [2022-01-28 20:53:05,156] {dag.py:2935} INFO - Setting next_dagrun for example_branch_dop_operator_v3 to 2022-01-28T23:52:00+00:00
[2022-01-28 20:53:05,184] {processor.py:171} INFO - Processing /home/data-eginner/Documents/Soccer_Data/env/lib/python3.8/site-packages/airflow/example_dags/example_branch_python_dop_operator_3.py took 0.214 seconds
[2022-01-28 20:53:51,491] {processor.py:163} INFO - Started process (PID=17723) to work on /home/data-eginner/Documents/Soccer_Data/env/lib/python3.8/site-packages/airflow/example_dags/example_branch_python_dop_operator_3.py
[2022-01-28 20:53:51,498] {processor.py:642} INFO - Processing file /home/data-eginner/Documents/Soccer_Data/env/lib/python3.8/site-packages/airflow/example_dags/example_branch_python_dop_operator_3.py for tasks to queue
[2022-01-28 20:53:51,499] {logging_mixin.py:109} INFO - [2022-01-28 20:53:51,498] {dagbag.py:500} INFO - Filling up the DagBag from /home/data-eginner/Documents/Soccer_Data/env/lib/python3.8/site-packages/airflow/example_dags/example_branch_python_dop_operator_3.py
[2022-01-28 20:53:51,577] {processor.py:654} INFO - DAG(s) dict_keys(['example_branch_dop_operator_v3']) retrieved from /home/data-eginner/Documents/Soccer_Data/env/lib/python3.8/site-packages/airflow/example_dags/example_branch_python_dop_operator_3.py
[2022-01-28 20:53:51,627] {logging_mixin.py:109} INFO - [2022-01-28 20:53:51,627] {dag.py:2396} INFO - Sync 1 DAGs
[2022-01-28 20:53:51,679] {logging_mixin.py:109} INFO - [2022-01-28 20:53:51,679] {dag.py:2935} INFO - Setting next_dagrun for example_branch_dop_operator_v3 to 2022-01-28T23:52:00+00:00
[2022-01-28 20:53:51,715] {processor.py:171} INFO - Processing /home/data-eginner/Documents/Soccer_Data/env/lib/python3.8/site-packages/airflow/example_dags/example_branch_python_dop_operator_3.py took 0.227 seconds
[2022-01-28 20:54:35,204] {processor.py:163} INFO - Started process (PID=17872) to work on /home/data-eginner/Documents/Soccer_Data/env/lib/python3.8/site-packages/airflow/example_dags/example_branch_python_dop_operator_3.py
[2022-01-28 20:54:35,220] {processor.py:642} INFO - Processing file /home/data-eginner/Documents/Soccer_Data/env/lib/python3.8/site-packages/airflow/example_dags/example_branch_python_dop_operator_3.py for tasks to queue
[2022-01-28 20:54:35,221] {logging_mixin.py:109} INFO - [2022-01-28 20:54:35,221] {dagbag.py:500} INFO - Filling up the DagBag from /home/data-eginner/Documents/Soccer_Data/env/lib/python3.8/site-packages/airflow/example_dags/example_branch_python_dop_operator_3.py
[2022-01-28 20:54:35,315] {processor.py:654} INFO - DAG(s) dict_keys(['example_branch_dop_operator_v3']) retrieved from /home/data-eginner/Documents/Soccer_Data/env/lib/python3.8/site-packages/airflow/example_dags/example_branch_python_dop_operator_3.py
[2022-01-28 20:54:35,365] {logging_mixin.py:109} INFO - [2022-01-28 20:54:35,365] {dag.py:2396} INFO - Sync 1 DAGs
[2022-01-28 20:54:35,456] {logging_mixin.py:109} INFO - [2022-01-28 20:54:35,456] {dag.py:2935} INFO - Setting next_dagrun for example_branch_dop_operator_v3 to 2022-01-28T23:53:00+00:00
[2022-01-28 20:54:35,510] {processor.py:171} INFO - Processing /home/data-eginner/Documents/Soccer_Data/env/lib/python3.8/site-packages/airflow/example_dags/example_branch_python_dop_operator_3.py took 0.311 seconds
[2022-01-28 20:55:18,433] {processor.py:163} INFO - Started process (PID=18019) to work on /home/data-eginner/Documents/Soccer_Data/env/lib/python3.8/site-packages/airflow/example_dags/example_branch_python_dop_operator_3.py
[2022-01-28 20:55:18,441] {processor.py:642} INFO - Processing file /home/data-eginner/Documents/Soccer_Data/env/lib/python3.8/site-packages/airflow/example_dags/example_branch_python_dop_operator_3.py for tasks to queue
[2022-01-28 20:55:18,442] {logging_mixin.py:109} INFO - [2022-01-28 20:55:18,442] {dagbag.py:500} INFO - Filling up the DagBag from /home/data-eginner/Documents/Soccer_Data/env/lib/python3.8/site-packages/airflow/example_dags/example_branch_python_dop_operator_3.py
[2022-01-28 20:55:18,514] {processor.py:654} INFO - DAG(s) dict_keys(['example_branch_dop_operator_v3']) retrieved from /home/data-eginner/Documents/Soccer_Data/env/lib/python3.8/site-packages/airflow/example_dags/example_branch_python_dop_operator_3.py
[2022-01-28 20:55:18,545] {logging_mixin.py:109} INFO - [2022-01-28 20:55:18,545] {dag.py:2396} INFO - Sync 1 DAGs
[2022-01-28 20:55:18,610] {logging_mixin.py:109} INFO - [2022-01-28 20:55:18,610] {dag.py:2935} INFO - Setting next_dagrun for example_branch_dop_operator_v3 to 2022-01-28T23:54:00+00:00
[2022-01-28 20:55:18,644] {processor.py:171} INFO - Processing /home/data-eginner/Documents/Soccer_Data/env/lib/python3.8/site-packages/airflow/example_dags/example_branch_python_dop_operator_3.py took 0.215 seconds
[2022-01-28 20:56:05,761] {processor.py:163} INFO - Started process (PID=18176) to work on /home/data-eginner/Documents/Soccer_Data/env/lib/python3.8/site-packages/airflow/example_dags/example_branch_python_dop_operator_3.py
[2022-01-28 20:56:05,792] {processor.py:642} INFO - Processing file /home/data-eginner/Documents/Soccer_Data/env/lib/python3.8/site-packages/airflow/example_dags/example_branch_python_dop_operator_3.py for tasks to queue
[2022-01-28 20:56:05,792] {logging_mixin.py:109} INFO - [2022-01-28 20:56:05,792] {dagbag.py:500} INFO - Filling up the DagBag from /home/data-eginner/Documents/Soccer_Data/env/lib/python3.8/site-packages/airflow/example_dags/example_branch_python_dop_operator_3.py
[2022-01-28 20:56:06,013] {processor.py:654} INFO - DAG(s) dict_keys(['example_branch_dop_operator_v3']) retrieved from /home/data-eginner/Documents/Soccer_Data/env/lib/python3.8/site-packages/airflow/example_dags/example_branch_python_dop_operator_3.py
[2022-01-28 20:56:06,065] {logging_mixin.py:109} INFO - [2022-01-28 20:56:06,044] {dag.py:2396} INFO - Sync 1 DAGs
[2022-01-28 20:56:06,129] {logging_mixin.py:109} INFO - [2022-01-28 20:56:06,129] {dag.py:2935} INFO - Setting next_dagrun for example_branch_dop_operator_v3 to 2022-01-28T23:55:00+00:00
[2022-01-28 20:56:06,166] {processor.py:171} INFO - Processing /home/data-eginner/Documents/Soccer_Data/env/lib/python3.8/site-packages/airflow/example_dags/example_branch_python_dop_operator_3.py took 0.408 seconds
[2022-01-28 20:56:57,572] {processor.py:163} INFO - Started process (PID=18345) to work on /home/data-eginner/Documents/Soccer_Data/env/lib/python3.8/site-packages/airflow/example_dags/example_branch_python_dop_operator_3.py
[2022-01-28 20:56:57,586] {processor.py:642} INFO - Processing file /home/data-eginner/Documents/Soccer_Data/env/lib/python3.8/site-packages/airflow/example_dags/example_branch_python_dop_operator_3.py for tasks to queue
[2022-01-28 20:56:57,587] {logging_mixin.py:109} INFO - [2022-01-28 20:56:57,587] {dagbag.py:500} INFO - Filling up the DagBag from /home/data-eginner/Documents/Soccer_Data/env/lib/python3.8/site-packages/airflow/example_dags/example_branch_python_dop_operator_3.py
[2022-01-28 20:56:57,652] {processor.py:654} INFO - DAG(s) dict_keys(['example_branch_dop_operator_v3']) retrieved from /home/data-eginner/Documents/Soccer_Data/env/lib/python3.8/site-packages/airflow/example_dags/example_branch_python_dop_operator_3.py
[2022-01-28 20:56:57,672] {logging_mixin.py:109} INFO - [2022-01-28 20:56:57,672] {dag.py:2396} INFO - Sync 1 DAGs
[2022-01-28 20:56:57,706] {logging_mixin.py:109} INFO - [2022-01-28 20:56:57,705] {dag.py:2935} INFO - Setting next_dagrun for example_branch_dop_operator_v3 to 2022-01-28T23:55:00+00:00
[2022-01-28 20:56:57,727] {processor.py:171} INFO - Processing /home/data-eginner/Documents/Soccer_Data/env/lib/python3.8/site-packages/airflow/example_dags/example_branch_python_dop_operator_3.py took 0.158 seconds
[2022-01-28 20:57:55,182] {processor.py:163} INFO - Started process (PID=18549) to work on /home/data-eginner/Documents/Soccer_Data/env/lib/python3.8/site-packages/airflow/example_dags/example_branch_python_dop_operator_3.py
[2022-01-28 20:57:55,186] {processor.py:642} INFO - Processing file /home/data-eginner/Documents/Soccer_Data/env/lib/python3.8/site-packages/airflow/example_dags/example_branch_python_dop_operator_3.py for tasks to queue
[2022-01-28 20:57:55,187] {logging_mixin.py:109} INFO - [2022-01-28 20:57:55,187] {dagbag.py:500} INFO - Filling up the DagBag from /home/data-eginner/Documents/Soccer_Data/env/lib/python3.8/site-packages/airflow/example_dags/example_branch_python_dop_operator_3.py
[2022-01-28 20:57:55,264] {processor.py:654} INFO - DAG(s) dict_keys(['example_branch_dop_operator_v3']) retrieved from /home/data-eginner/Documents/Soccer_Data/env/lib/python3.8/site-packages/airflow/example_dags/example_branch_python_dop_operator_3.py
[2022-01-28 20:57:55,380] {logging_mixin.py:109} INFO - [2022-01-28 20:57:55,379] {dag.py:2396} INFO - Sync 1 DAGs
[2022-01-28 20:57:55,441] {logging_mixin.py:109} INFO - [2022-01-28 20:57:55,441] {dag.py:2935} INFO - Setting next_dagrun for example_branch_dop_operator_v3 to 2022-01-28T23:56:00+00:00
[2022-01-28 20:57:55,516] {processor.py:171} INFO - Processing /home/data-eginner/Documents/Soccer_Data/env/lib/python3.8/site-packages/airflow/example_dags/example_branch_python_dop_operator_3.py took 0.361 seconds
[2022-01-28 20:58:44,927] {processor.py:163} INFO - Started process (PID=18715) to work on /home/data-eginner/Documents/Soccer_Data/env/lib/python3.8/site-packages/airflow/example_dags/example_branch_python_dop_operator_3.py
[2022-01-28 20:58:44,947] {processor.py:642} INFO - Processing file /home/data-eginner/Documents/Soccer_Data/env/lib/python3.8/site-packages/airflow/example_dags/example_branch_python_dop_operator_3.py for tasks to queue
[2022-01-28 20:58:44,947] {logging_mixin.py:109} INFO - [2022-01-28 20:58:44,947] {dagbag.py:500} INFO - Filling up the DagBag from /home/data-eginner/Documents/Soccer_Data/env/lib/python3.8/site-packages/airflow/example_dags/example_branch_python_dop_operator_3.py
[2022-01-28 20:58:45,024] {processor.py:654} INFO - DAG(s) dict_keys(['example_branch_dop_operator_v3']) retrieved from /home/data-eginner/Documents/Soccer_Data/env/lib/python3.8/site-packages/airflow/example_dags/example_branch_python_dop_operator_3.py
[2022-01-28 20:58:45,083] {logging_mixin.py:109} INFO - [2022-01-28 20:58:45,083] {dag.py:2396} INFO - Sync 1 DAGs
[2022-01-28 20:58:45,140] {logging_mixin.py:109} INFO - [2022-01-28 20:58:45,140] {dag.py:2935} INFO - Setting next_dagrun for example_branch_dop_operator_v3 to 2022-01-28T23:57:00+00:00
[2022-01-28 20:58:45,177] {processor.py:171} INFO - Processing /home/data-eginner/Documents/Soccer_Data/env/lib/python3.8/site-packages/airflow/example_dags/example_branch_python_dop_operator_3.py took 0.279 seconds
[2022-01-28 20:59:57,408] {processor.py:163} INFO - Started process (PID=18905) to work on /home/data-eginner/Documents/Soccer_Data/env/lib/python3.8/site-packages/airflow/example_dags/example_branch_python_dop_operator_3.py
[2022-01-28 20:59:57,411] {processor.py:642} INFO - Processing file /home/data-eginner/Documents/Soccer_Data/env/lib/python3.8/site-packages/airflow/example_dags/example_branch_python_dop_operator_3.py for tasks to queue
[2022-01-28 20:59:57,411] {logging_mixin.py:109} INFO - [2022-01-28 20:59:57,411] {dagbag.py:500} INFO - Filling up the DagBag from /home/data-eginner/Documents/Soccer_Data/env/lib/python3.8/site-packages/airflow/example_dags/example_branch_python_dop_operator_3.py
[2022-01-28 20:59:57,525] {processor.py:654} INFO - DAG(s) dict_keys(['example_branch_dop_operator_v3']) retrieved from /home/data-eginner/Documents/Soccer_Data/env/lib/python3.8/site-packages/airflow/example_dags/example_branch_python_dop_operator_3.py
[2022-01-28 20:59:57,556] {logging_mixin.py:109} INFO - [2022-01-28 20:59:57,556] {dag.py:2396} INFO - Sync 1 DAGs
[2022-01-28 20:59:57,603] {logging_mixin.py:109} INFO - [2022-01-28 20:59:57,603] {dag.py:2935} INFO - Setting next_dagrun for example_branch_dop_operator_v3 to 2022-01-28T23:58:00+00:00
[2022-01-28 20:59:57,636] {processor.py:171} INFO - Processing /home/data-eginner/Documents/Soccer_Data/env/lib/python3.8/site-packages/airflow/example_dags/example_branch_python_dop_operator_3.py took 0.263 seconds
