[2022-01-28 20:49:45,538] {processor.py:163} INFO - Started process (PID=16439) to work on /home/data-eginner/Documents/Soccer_Data/env/lib/python3.8/site-packages/airflow/example_dags/example_subdag_operator.py
[2022-01-28 20:49:45,539] {processor.py:642} INFO - Processing file /home/data-eginner/Documents/Soccer_Data/env/lib/python3.8/site-packages/airflow/example_dags/example_subdag_operator.py for tasks to queue
[2022-01-28 20:49:45,540] {logging_mixin.py:109} INFO - [2022-01-28 20:49:45,540] {dagbag.py:500} INFO - Filling up the DagBag from /home/data-eginner/Documents/Soccer_Data/env/lib/python3.8/site-packages/airflow/example_dags/example_subdag_operator.py
[2022-01-28 20:49:45,598] {processor.py:654} INFO - DAG(s) dict_keys(['example_subdag_operator.section-1', 'example_subdag_operator.section-2', 'example_subdag_operator']) retrieved from /home/data-eginner/Documents/Soccer_Data/env/lib/python3.8/site-packages/airflow/example_dags/example_subdag_operator.py
[2022-01-28 20:49:45,791] {logging_mixin.py:109} INFO - [2022-01-28 20:49:45,791] {dag.py:2396} INFO - Sync 3 DAGs
[2022-01-28 20:49:45,802] {logging_mixin.py:109} INFO - [2022-01-28 20:49:45,802] {dag.py:2935} INFO - Setting next_dagrun for example_subdag_operator to 2022-01-26T00:00:00+00:00
[2022-01-28 20:49:45,802] {logging_mixin.py:109} INFO - [2022-01-28 20:49:45,802] {dag.py:2935} INFO - Setting next_dagrun for example_subdag_operator.section-1 to None
[2022-01-28 20:49:45,802] {logging_mixin.py:109} INFO - [2022-01-28 20:49:45,802] {dag.py:2935} INFO - Setting next_dagrun for example_subdag_operator.section-2 to None
[2022-01-28 20:49:45,813] {logging_mixin.py:109} INFO - [2022-01-28 20:49:45,813] {dag.py:2396} INFO - Sync 2 DAGs
[2022-01-28 20:49:45,818] {logging_mixin.py:109} INFO - [2022-01-28 20:49:45,818] {dag.py:2935} INFO - Setting next_dagrun for example_subdag_operator.section-1 to None
[2022-01-28 20:49:45,819] {logging_mixin.py:109} INFO - [2022-01-28 20:49:45,818] {dag.py:2935} INFO - Setting next_dagrun for example_subdag_operator.section-2 to None
[2022-01-28 20:49:45,837] {processor.py:171} INFO - Processing /home/data-eginner/Documents/Soccer_Data/env/lib/python3.8/site-packages/airflow/example_dags/example_subdag_operator.py took 0.320 seconds
[2022-01-28 20:50:24,769] {processor.py:163} INFO - Started process (PID=16636) to work on /home/data-eginner/Documents/Soccer_Data/env/lib/python3.8/site-packages/airflow/example_dags/example_subdag_operator.py
[2022-01-28 20:50:24,771] {processor.py:642} INFO - Processing file /home/data-eginner/Documents/Soccer_Data/env/lib/python3.8/site-packages/airflow/example_dags/example_subdag_operator.py for tasks to queue
[2022-01-28 20:50:24,772] {logging_mixin.py:109} INFO - [2022-01-28 20:50:24,771] {dagbag.py:500} INFO - Filling up the DagBag from /home/data-eginner/Documents/Soccer_Data/env/lib/python3.8/site-packages/airflow/example_dags/example_subdag_operator.py
[2022-01-28 20:50:24,809] {processor.py:654} INFO - DAG(s) dict_keys(['example_subdag_operator.section-1', 'example_subdag_operator.section-2', 'example_subdag_operator']) retrieved from /home/data-eginner/Documents/Soccer_Data/env/lib/python3.8/site-packages/airflow/example_dags/example_subdag_operator.py
[2022-01-28 20:50:24,819] {logging_mixin.py:109} INFO - [2022-01-28 20:50:24,818] {dag.py:2396} INFO - Sync 3 DAGs
[2022-01-28 20:50:24,830] {logging_mixin.py:109} INFO - [2022-01-28 20:50:24,830] {dag.py:2935} INFO - Setting next_dagrun for example_subdag_operator to 2022-01-26T00:00:00+00:00
[2022-01-28 20:50:24,830] {logging_mixin.py:109} INFO - [2022-01-28 20:50:24,830] {dag.py:2935} INFO - Setting next_dagrun for example_subdag_operator.section-1 to None
[2022-01-28 20:50:24,830] {logging_mixin.py:109} INFO - [2022-01-28 20:50:24,830] {dag.py:2935} INFO - Setting next_dagrun for example_subdag_operator.section-2 to None
[2022-01-28 20:50:24,834] {logging_mixin.py:109} INFO - [2022-01-28 20:50:24,834] {dag.py:2396} INFO - Sync 2 DAGs
[2022-01-28 20:50:24,839] {logging_mixin.py:109} INFO - [2022-01-28 20:50:24,839] {dag.py:2935} INFO - Setting next_dagrun for example_subdag_operator.section-1 to None
[2022-01-28 20:50:24,840] {logging_mixin.py:109} INFO - [2022-01-28 20:50:24,840] {dag.py:2935} INFO - Setting next_dagrun for example_subdag_operator.section-2 to None
[2022-01-28 20:50:24,852] {processor.py:171} INFO - Processing /home/data-eginner/Documents/Soccer_Data/env/lib/python3.8/site-packages/airflow/example_dags/example_subdag_operator.py took 0.087 seconds
[2022-01-28 20:51:04,489] {processor.py:163} INFO - Started process (PID=16809) to work on /home/data-eginner/Documents/Soccer_Data/env/lib/python3.8/site-packages/airflow/example_dags/example_subdag_operator.py
[2022-01-28 20:51:04,508] {processor.py:642} INFO - Processing file /home/data-eginner/Documents/Soccer_Data/env/lib/python3.8/site-packages/airflow/example_dags/example_subdag_operator.py for tasks to queue
[2022-01-28 20:51:04,509] {logging_mixin.py:109} INFO - [2022-01-28 20:51:04,509] {dagbag.py:500} INFO - Filling up the DagBag from /home/data-eginner/Documents/Soccer_Data/env/lib/python3.8/site-packages/airflow/example_dags/example_subdag_operator.py
[2022-01-28 20:51:04,570] {processor.py:654} INFO - DAG(s) dict_keys(['example_subdag_operator.section-1', 'example_subdag_operator.section-2', 'example_subdag_operator']) retrieved from /home/data-eginner/Documents/Soccer_Data/env/lib/python3.8/site-packages/airflow/example_dags/example_subdag_operator.py
[2022-01-28 20:51:04,600] {logging_mixin.py:109} INFO - [2022-01-28 20:51:04,600] {dag.py:2396} INFO - Sync 3 DAGs
[2022-01-28 20:51:04,617] {logging_mixin.py:109} INFO - [2022-01-28 20:51:04,617] {dag.py:2935} INFO - Setting next_dagrun for example_subdag_operator to 2022-01-26T00:00:00+00:00
[2022-01-28 20:51:04,617] {logging_mixin.py:109} INFO - [2022-01-28 20:51:04,617] {dag.py:2935} INFO - Setting next_dagrun for example_subdag_operator.section-1 to None
[2022-01-28 20:51:04,617] {logging_mixin.py:109} INFO - [2022-01-28 20:51:04,617] {dag.py:2935} INFO - Setting next_dagrun for example_subdag_operator.section-2 to None
[2022-01-28 20:51:04,621] {logging_mixin.py:109} INFO - [2022-01-28 20:51:04,621] {dag.py:2396} INFO - Sync 2 DAGs
[2022-01-28 20:51:04,628] {logging_mixin.py:109} INFO - [2022-01-28 20:51:04,628] {dag.py:2935} INFO - Setting next_dagrun for example_subdag_operator.section-1 to None
[2022-01-28 20:51:04,628] {logging_mixin.py:109} INFO - [2022-01-28 20:51:04,628] {dag.py:2935} INFO - Setting next_dagrun for example_subdag_operator.section-2 to None
[2022-01-28 20:51:04,659] {processor.py:171} INFO - Processing /home/data-eginner/Documents/Soccer_Data/env/lib/python3.8/site-packages/airflow/example_dags/example_subdag_operator.py took 0.173 seconds
[2022-01-28 20:51:41,549] {processor.py:163} INFO - Started process (PID=16982) to work on /home/data-eginner/Documents/Soccer_Data/env/lib/python3.8/site-packages/airflow/example_dags/example_subdag_operator.py
[2022-01-28 20:51:41,583] {processor.py:642} INFO - Processing file /home/data-eginner/Documents/Soccer_Data/env/lib/python3.8/site-packages/airflow/example_dags/example_subdag_operator.py for tasks to queue
[2022-01-28 20:51:41,584] {logging_mixin.py:109} INFO - [2022-01-28 20:51:41,583] {dagbag.py:500} INFO - Filling up the DagBag from /home/data-eginner/Documents/Soccer_Data/env/lib/python3.8/site-packages/airflow/example_dags/example_subdag_operator.py
[2022-01-28 20:51:41,642] {processor.py:654} INFO - DAG(s) dict_keys(['example_subdag_operator.section-1', 'example_subdag_operator.section-2', 'example_subdag_operator']) retrieved from /home/data-eginner/Documents/Soccer_Data/env/lib/python3.8/site-packages/airflow/example_dags/example_subdag_operator.py
[2022-01-28 20:51:41,660] {logging_mixin.py:109} INFO - [2022-01-28 20:51:41,660] {dag.py:2396} INFO - Sync 3 DAGs
[2022-01-28 20:51:41,692] {logging_mixin.py:109} INFO - [2022-01-28 20:51:41,692] {dag.py:2935} INFO - Setting next_dagrun for example_subdag_operator to 2022-01-26T00:00:00+00:00
[2022-01-28 20:51:41,692] {logging_mixin.py:109} INFO - [2022-01-28 20:51:41,692] {dag.py:2935} INFO - Setting next_dagrun for example_subdag_operator.section-1 to None
[2022-01-28 20:51:41,693] {logging_mixin.py:109} INFO - [2022-01-28 20:51:41,692] {dag.py:2935} INFO - Setting next_dagrun for example_subdag_operator.section-2 to None
[2022-01-28 20:51:41,715] {logging_mixin.py:109} INFO - [2022-01-28 20:51:41,715] {dag.py:2396} INFO - Sync 2 DAGs
[2022-01-28 20:51:41,729] {logging_mixin.py:109} INFO - [2022-01-28 20:51:41,729] {dag.py:2935} INFO - Setting next_dagrun for example_subdag_operator.section-1 to None
[2022-01-28 20:51:41,730] {logging_mixin.py:109} INFO - [2022-01-28 20:51:41,730] {dag.py:2935} INFO - Setting next_dagrun for example_subdag_operator.section-2 to None
[2022-01-28 20:51:41,932] {processor.py:171} INFO - Processing /home/data-eginner/Documents/Soccer_Data/env/lib/python3.8/site-packages/airflow/example_dags/example_subdag_operator.py took 0.387 seconds
[2022-01-28 20:52:25,248] {processor.py:163} INFO - Started process (PID=17383) to work on /home/data-eginner/Documents/Soccer_Data/env/lib/python3.8/site-packages/airflow/example_dags/example_subdag_operator.py
[2022-01-28 20:52:25,250] {processor.py:642} INFO - Processing file /home/data-eginner/Documents/Soccer_Data/env/lib/python3.8/site-packages/airflow/example_dags/example_subdag_operator.py for tasks to queue
[2022-01-28 20:52:25,251] {logging_mixin.py:109} INFO - [2022-01-28 20:52:25,251] {dagbag.py:500} INFO - Filling up the DagBag from /home/data-eginner/Documents/Soccer_Data/env/lib/python3.8/site-packages/airflow/example_dags/example_subdag_operator.py
[2022-01-28 20:52:25,395] {processor.py:654} INFO - DAG(s) dict_keys(['example_subdag_operator.section-1', 'example_subdag_operator.section-2', 'example_subdag_operator']) retrieved from /home/data-eginner/Documents/Soccer_Data/env/lib/python3.8/site-packages/airflow/example_dags/example_subdag_operator.py
[2022-01-28 20:52:25,432] {logging_mixin.py:109} INFO - [2022-01-28 20:52:25,432] {dag.py:2396} INFO - Sync 3 DAGs
[2022-01-28 20:52:25,472] {logging_mixin.py:109} INFO - [2022-01-28 20:52:25,472] {dag.py:2935} INFO - Setting next_dagrun for example_subdag_operator to 2022-01-26T00:00:00+00:00
[2022-01-28 20:52:25,472] {logging_mixin.py:109} INFO - [2022-01-28 20:52:25,472] {dag.py:2935} INFO - Setting next_dagrun for example_subdag_operator.section-1 to None
[2022-01-28 20:52:25,473] {logging_mixin.py:109} INFO - [2022-01-28 20:52:25,473] {dag.py:2935} INFO - Setting next_dagrun for example_subdag_operator.section-2 to None
[2022-01-28 20:52:25,483] {logging_mixin.py:109} INFO - [2022-01-28 20:52:25,483] {dag.py:2396} INFO - Sync 2 DAGs
[2022-01-28 20:52:25,496] {logging_mixin.py:109} INFO - [2022-01-28 20:52:25,496] {dag.py:2935} INFO - Setting next_dagrun for example_subdag_operator.section-1 to None
[2022-01-28 20:52:25,496] {logging_mixin.py:109} INFO - [2022-01-28 20:52:25,496] {dag.py:2935} INFO - Setting next_dagrun for example_subdag_operator.section-2 to None
[2022-01-28 20:52:25,572] {processor.py:171} INFO - Processing /home/data-eginner/Documents/Soccer_Data/env/lib/python3.8/site-packages/airflow/example_dags/example_subdag_operator.py took 0.338 seconds
[2022-01-28 20:53:06,358] {processor.py:163} INFO - Started process (PID=17555) to work on /home/data-eginner/Documents/Soccer_Data/env/lib/python3.8/site-packages/airflow/example_dags/example_subdag_operator.py
[2022-01-28 20:53:06,364] {processor.py:642} INFO - Processing file /home/data-eginner/Documents/Soccer_Data/env/lib/python3.8/site-packages/airflow/example_dags/example_subdag_operator.py for tasks to queue
[2022-01-28 20:53:06,364] {logging_mixin.py:109} INFO - [2022-01-28 20:53:06,364] {dagbag.py:500} INFO - Filling up the DagBag from /home/data-eginner/Documents/Soccer_Data/env/lib/python3.8/site-packages/airflow/example_dags/example_subdag_operator.py
[2022-01-28 20:53:06,420] {processor.py:654} INFO - DAG(s) dict_keys(['example_subdag_operator.section-1', 'example_subdag_operator.section-2', 'example_subdag_operator']) retrieved from /home/data-eginner/Documents/Soccer_Data/env/lib/python3.8/site-packages/airflow/example_dags/example_subdag_operator.py
[2022-01-28 20:53:06,435] {logging_mixin.py:109} INFO - [2022-01-28 20:53:06,435] {dag.py:2396} INFO - Sync 3 DAGs
[2022-01-28 20:53:06,452] {logging_mixin.py:109} INFO - [2022-01-28 20:53:06,452] {dag.py:2935} INFO - Setting next_dagrun for example_subdag_operator to 2022-01-26T00:00:00+00:00
[2022-01-28 20:53:06,453] {logging_mixin.py:109} INFO - [2022-01-28 20:53:06,453] {dag.py:2935} INFO - Setting next_dagrun for example_subdag_operator.section-1 to None
[2022-01-28 20:53:06,453] {logging_mixin.py:109} INFO - [2022-01-28 20:53:06,453] {dag.py:2935} INFO - Setting next_dagrun for example_subdag_operator.section-2 to None
[2022-01-28 20:53:06,457] {logging_mixin.py:109} INFO - [2022-01-28 20:53:06,456] {dag.py:2396} INFO - Sync 2 DAGs
[2022-01-28 20:53:06,467] {logging_mixin.py:109} INFO - [2022-01-28 20:53:06,467] {dag.py:2935} INFO - Setting next_dagrun for example_subdag_operator.section-1 to None
[2022-01-28 20:53:06,467] {logging_mixin.py:109} INFO - [2022-01-28 20:53:06,467] {dag.py:2935} INFO - Setting next_dagrun for example_subdag_operator.section-2 to None
[2022-01-28 20:53:06,485] {processor.py:171} INFO - Processing /home/data-eginner/Documents/Soccer_Data/env/lib/python3.8/site-packages/airflow/example_dags/example_subdag_operator.py took 0.130 seconds
[2022-01-28 20:53:52,960] {processor.py:163} INFO - Started process (PID=17728) to work on /home/data-eginner/Documents/Soccer_Data/env/lib/python3.8/site-packages/airflow/example_dags/example_subdag_operator.py
[2022-01-28 20:53:53,054] {processor.py:642} INFO - Processing file /home/data-eginner/Documents/Soccer_Data/env/lib/python3.8/site-packages/airflow/example_dags/example_subdag_operator.py for tasks to queue
[2022-01-28 20:53:53,054] {logging_mixin.py:109} INFO - [2022-01-28 20:53:53,054] {dagbag.py:500} INFO - Filling up the DagBag from /home/data-eginner/Documents/Soccer_Data/env/lib/python3.8/site-packages/airflow/example_dags/example_subdag_operator.py
[2022-01-28 20:53:53,118] {processor.py:654} INFO - DAG(s) dict_keys(['example_subdag_operator.section-1', 'example_subdag_operator.section-2', 'example_subdag_operator']) retrieved from /home/data-eginner/Documents/Soccer_Data/env/lib/python3.8/site-packages/airflow/example_dags/example_subdag_operator.py
[2022-01-28 20:53:53,133] {logging_mixin.py:109} INFO - [2022-01-28 20:53:53,133] {dag.py:2396} INFO - Sync 3 DAGs
[2022-01-28 20:53:53,170] {logging_mixin.py:109} INFO - [2022-01-28 20:53:53,170] {dag.py:2935} INFO - Setting next_dagrun for example_subdag_operator to 2022-01-26T00:00:00+00:00
[2022-01-28 20:53:53,170] {logging_mixin.py:109} INFO - [2022-01-28 20:53:53,170] {dag.py:2935} INFO - Setting next_dagrun for example_subdag_operator.section-1 to None
[2022-01-28 20:53:53,170] {logging_mixin.py:109} INFO - [2022-01-28 20:53:53,170] {dag.py:2935} INFO - Setting next_dagrun for example_subdag_operator.section-2 to None
[2022-01-28 20:53:53,188] {logging_mixin.py:109} INFO - [2022-01-28 20:53:53,188] {dag.py:2396} INFO - Sync 2 DAGs
[2022-01-28 20:53:53,205] {logging_mixin.py:109} INFO - [2022-01-28 20:53:53,205] {dag.py:2935} INFO - Setting next_dagrun for example_subdag_operator.section-1 to None
[2022-01-28 20:53:53,205] {logging_mixin.py:109} INFO - [2022-01-28 20:53:53,205] {dag.py:2935} INFO - Setting next_dagrun for example_subdag_operator.section-2 to None
[2022-01-28 20:53:53,241] {processor.py:171} INFO - Processing /home/data-eginner/Documents/Soccer_Data/env/lib/python3.8/site-packages/airflow/example_dags/example_subdag_operator.py took 0.283 seconds
[2022-01-28 20:54:55,248] {processor.py:163} INFO - Started process (PID=17928) to work on /home/data-eginner/Documents/Soccer_Data/env/lib/python3.8/site-packages/airflow/example_dags/example_subdag_operator.py
[2022-01-28 20:54:55,267] {processor.py:642} INFO - Processing file /home/data-eginner/Documents/Soccer_Data/env/lib/python3.8/site-packages/airflow/example_dags/example_subdag_operator.py for tasks to queue
[2022-01-28 20:54:55,268] {logging_mixin.py:109} INFO - [2022-01-28 20:54:55,268] {dagbag.py:500} INFO - Filling up the DagBag from /home/data-eginner/Documents/Soccer_Data/env/lib/python3.8/site-packages/airflow/example_dags/example_subdag_operator.py
[2022-01-28 20:54:55,415] {processor.py:654} INFO - DAG(s) dict_keys(['example_subdag_operator.section-1', 'example_subdag_operator.section-2', 'example_subdag_operator']) retrieved from /home/data-eginner/Documents/Soccer_Data/env/lib/python3.8/site-packages/airflow/example_dags/example_subdag_operator.py
[2022-01-28 20:54:55,447] {logging_mixin.py:109} INFO - [2022-01-28 20:54:55,447] {dag.py:2396} INFO - Sync 3 DAGs
[2022-01-28 20:54:55,497] {logging_mixin.py:109} INFO - [2022-01-28 20:54:55,497] {dag.py:2935} INFO - Setting next_dagrun for example_subdag_operator to 2022-01-26T00:00:00+00:00
[2022-01-28 20:54:55,497] {logging_mixin.py:109} INFO - [2022-01-28 20:54:55,497] {dag.py:2935} INFO - Setting next_dagrun for example_subdag_operator.section-1 to None
[2022-01-28 20:54:55,497] {logging_mixin.py:109} INFO - [2022-01-28 20:54:55,497] {dag.py:2935} INFO - Setting next_dagrun for example_subdag_operator.section-2 to None
[2022-01-28 20:54:55,524] {logging_mixin.py:109} INFO - [2022-01-28 20:54:55,524] {dag.py:2396} INFO - Sync 2 DAGs
[2022-01-28 20:54:55,529] {logging_mixin.py:109} INFO - [2022-01-28 20:54:55,529] {dag.py:2935} INFO - Setting next_dagrun for example_subdag_operator.section-1 to None
[2022-01-28 20:54:55,529] {logging_mixin.py:109} INFO - [2022-01-28 20:54:55,529] {dag.py:2935} INFO - Setting next_dagrun for example_subdag_operator.section-2 to None
[2022-01-28 20:54:55,560] {processor.py:171} INFO - Processing /home/data-eginner/Documents/Soccer_Data/env/lib/python3.8/site-packages/airflow/example_dags/example_subdag_operator.py took 0.315 seconds
[2022-01-28 20:55:38,608] {processor.py:163} INFO - Started process (PID=18086) to work on /home/data-eginner/Documents/Soccer_Data/env/lib/python3.8/site-packages/airflow/example_dags/example_subdag_operator.py
[2022-01-28 20:55:38,618] {processor.py:642} INFO - Processing file /home/data-eginner/Documents/Soccer_Data/env/lib/python3.8/site-packages/airflow/example_dags/example_subdag_operator.py for tasks to queue
[2022-01-28 20:55:38,620] {logging_mixin.py:109} INFO - [2022-01-28 20:55:38,620] {dagbag.py:500} INFO - Filling up the DagBag from /home/data-eginner/Documents/Soccer_Data/env/lib/python3.8/site-packages/airflow/example_dags/example_subdag_operator.py
[2022-01-28 20:55:38,765] {processor.py:654} INFO - DAG(s) dict_keys(['example_subdag_operator.section-1', 'example_subdag_operator.section-2', 'example_subdag_operator']) retrieved from /home/data-eginner/Documents/Soccer_Data/env/lib/python3.8/site-packages/airflow/example_dags/example_subdag_operator.py
[2022-01-28 20:55:38,827] {logging_mixin.py:109} INFO - [2022-01-28 20:55:38,827] {dag.py:2396} INFO - Sync 3 DAGs
[2022-01-28 20:55:38,988] {logging_mixin.py:109} INFO - [2022-01-28 20:55:38,988] {dag.py:2935} INFO - Setting next_dagrun for example_subdag_operator to 2022-01-26T00:00:00+00:00
[2022-01-28 20:55:38,989] {logging_mixin.py:109} INFO - [2022-01-28 20:55:38,989] {dag.py:2935} INFO - Setting next_dagrun for example_subdag_operator.section-1 to None
[2022-01-28 20:55:38,990] {logging_mixin.py:109} INFO - [2022-01-28 20:55:38,990] {dag.py:2935} INFO - Setting next_dagrun for example_subdag_operator.section-2 to None
[2022-01-28 20:55:39,064] {logging_mixin.py:109} INFO - [2022-01-28 20:55:39,064] {dag.py:2396} INFO - Sync 2 DAGs
[2022-01-28 20:55:39,176] {logging_mixin.py:109} INFO - [2022-01-28 20:55:39,175] {dag.py:2935} INFO - Setting next_dagrun for example_subdag_operator.section-1 to None
[2022-01-28 20:55:39,176] {logging_mixin.py:109} INFO - [2022-01-28 20:55:39,176] {dag.py:2935} INFO - Setting next_dagrun for example_subdag_operator.section-2 to None
[2022-01-28 20:55:39,335] {processor.py:171} INFO - Processing /home/data-eginner/Documents/Soccer_Data/env/lib/python3.8/site-packages/airflow/example_dags/example_subdag_operator.py took 0.771 seconds
[2022-01-28 20:56:29,863] {processor.py:163} INFO - Started process (PID=18247) to work on /home/data-eginner/Documents/Soccer_Data/env/lib/python3.8/site-packages/airflow/example_dags/example_subdag_operator.py
[2022-01-28 20:56:29,882] {processor.py:642} INFO - Processing file /home/data-eginner/Documents/Soccer_Data/env/lib/python3.8/site-packages/airflow/example_dags/example_subdag_operator.py for tasks to queue
[2022-01-28 20:56:29,883] {logging_mixin.py:109} INFO - [2022-01-28 20:56:29,883] {dagbag.py:500} INFO - Filling up the DagBag from /home/data-eginner/Documents/Soccer_Data/env/lib/python3.8/site-packages/airflow/example_dags/example_subdag_operator.py
[2022-01-28 20:56:30,040] {processor.py:654} INFO - DAG(s) dict_keys(['example_subdag_operator.section-1', 'example_subdag_operator.section-2', 'example_subdag_operator']) retrieved from /home/data-eginner/Documents/Soccer_Data/env/lib/python3.8/site-packages/airflow/example_dags/example_subdag_operator.py
[2022-01-28 20:56:30,082] {logging_mixin.py:109} INFO - [2022-01-28 20:56:30,081] {dag.py:2396} INFO - Sync 3 DAGs
[2022-01-28 20:56:30,102] {logging_mixin.py:109} INFO - [2022-01-28 20:56:30,101] {dag.py:2935} INFO - Setting next_dagrun for example_subdag_operator to 2022-01-26T00:00:00+00:00
[2022-01-28 20:56:30,102] {logging_mixin.py:109} INFO - [2022-01-28 20:56:30,102] {dag.py:2935} INFO - Setting next_dagrun for example_subdag_operator.section-1 to None
[2022-01-28 20:56:30,102] {logging_mixin.py:109} INFO - [2022-01-28 20:56:30,102] {dag.py:2935} INFO - Setting next_dagrun for example_subdag_operator.section-2 to None
[2022-01-28 20:56:30,142] {logging_mixin.py:109} INFO - [2022-01-28 20:56:30,142] {dag.py:2396} INFO - Sync 2 DAGs
[2022-01-28 20:56:30,147] {logging_mixin.py:109} INFO - [2022-01-28 20:56:30,147] {dag.py:2935} INFO - Setting next_dagrun for example_subdag_operator.section-1 to None
[2022-01-28 20:56:30,156] {logging_mixin.py:109} INFO - [2022-01-28 20:56:30,156] {dag.py:2935} INFO - Setting next_dagrun for example_subdag_operator.section-2 to None
[2022-01-28 20:56:30,196] {processor.py:171} INFO - Processing /home/data-eginner/Documents/Soccer_Data/env/lib/python3.8/site-packages/airflow/example_dags/example_subdag_operator.py took 0.336 seconds
[2022-01-28 20:57:13,303] {processor.py:163} INFO - Started process (PID=18403) to work on /home/data-eginner/Documents/Soccer_Data/env/lib/python3.8/site-packages/airflow/example_dags/example_subdag_operator.py
[2022-01-28 20:57:13,309] {processor.py:642} INFO - Processing file /home/data-eginner/Documents/Soccer_Data/env/lib/python3.8/site-packages/airflow/example_dags/example_subdag_operator.py for tasks to queue
[2022-01-28 20:57:13,309] {logging_mixin.py:109} INFO - [2022-01-28 20:57:13,309] {dagbag.py:500} INFO - Filling up the DagBag from /home/data-eginner/Documents/Soccer_Data/env/lib/python3.8/site-packages/airflow/example_dags/example_subdag_operator.py
[2022-01-28 20:57:13,470] {processor.py:654} INFO - DAG(s) dict_keys(['example_subdag_operator.section-1', 'example_subdag_operator.section-2', 'example_subdag_operator']) retrieved from /home/data-eginner/Documents/Soccer_Data/env/lib/python3.8/site-packages/airflow/example_dags/example_subdag_operator.py
[2022-01-28 20:57:13,512] {logging_mixin.py:109} INFO - [2022-01-28 20:57:13,512] {dag.py:2396} INFO - Sync 3 DAGs
[2022-01-28 20:57:13,545] {logging_mixin.py:109} INFO - [2022-01-28 20:57:13,545] {dag.py:2935} INFO - Setting next_dagrun for example_subdag_operator to 2022-01-26T00:00:00+00:00
[2022-01-28 20:57:13,546] {logging_mixin.py:109} INFO - [2022-01-28 20:57:13,546] {dag.py:2935} INFO - Setting next_dagrun for example_subdag_operator.section-1 to None
[2022-01-28 20:57:13,570] {logging_mixin.py:109} INFO - [2022-01-28 20:57:13,569] {dag.py:2935} INFO - Setting next_dagrun for example_subdag_operator.section-2 to None
[2022-01-28 20:57:13,574] {logging_mixin.py:109} INFO - [2022-01-28 20:57:13,573] {dag.py:2396} INFO - Sync 2 DAGs
[2022-01-28 20:57:13,579] {logging_mixin.py:109} INFO - [2022-01-28 20:57:13,579] {dag.py:2935} INFO - Setting next_dagrun for example_subdag_operator.section-1 to None
[2022-01-28 20:57:13,580] {logging_mixin.py:109} INFO - [2022-01-28 20:57:13,580] {dag.py:2935} INFO - Setting next_dagrun for example_subdag_operator.section-2 to None
[2022-01-28 20:57:13,733] {processor.py:171} INFO - Processing /home/data-eginner/Documents/Soccer_Data/env/lib/python3.8/site-packages/airflow/example_dags/example_subdag_operator.py took 0.434 seconds
[2022-01-28 20:58:17,952] {processor.py:163} INFO - Started process (PID=18624) to work on /home/data-eginner/Documents/Soccer_Data/env/lib/python3.8/site-packages/airflow/example_dags/example_subdag_operator.py
[2022-01-28 20:58:17,966] {processor.py:642} INFO - Processing file /home/data-eginner/Documents/Soccer_Data/env/lib/python3.8/site-packages/airflow/example_dags/example_subdag_operator.py for tasks to queue
[2022-01-28 20:58:17,966] {logging_mixin.py:109} INFO - [2022-01-28 20:58:17,966] {dagbag.py:500} INFO - Filling up the DagBag from /home/data-eginner/Documents/Soccer_Data/env/lib/python3.8/site-packages/airflow/example_dags/example_subdag_operator.py
[2022-01-28 20:58:18,117] {processor.py:654} INFO - DAG(s) dict_keys(['example_subdag_operator.section-1', 'example_subdag_operator.section-2', 'example_subdag_operator']) retrieved from /home/data-eginner/Documents/Soccer_Data/env/lib/python3.8/site-packages/airflow/example_dags/example_subdag_operator.py
[2022-01-28 20:58:18,153] {logging_mixin.py:109} INFO - [2022-01-28 20:58:18,152] {dag.py:2396} INFO - Sync 3 DAGs
[2022-01-28 20:58:18,217] {logging_mixin.py:109} INFO - [2022-01-28 20:58:18,217] {dag.py:2935} INFO - Setting next_dagrun for example_subdag_operator to 2022-01-26T00:00:00+00:00
[2022-01-28 20:58:18,218] {logging_mixin.py:109} INFO - [2022-01-28 20:58:18,218] {dag.py:2935} INFO - Setting next_dagrun for example_subdag_operator.section-1 to None
[2022-01-28 20:58:18,218] {logging_mixin.py:109} INFO - [2022-01-28 20:58:18,218] {dag.py:2935} INFO - Setting next_dagrun for example_subdag_operator.section-2 to None
[2022-01-28 20:58:18,248] {logging_mixin.py:109} INFO - [2022-01-28 20:58:18,248] {dag.py:2396} INFO - Sync 2 DAGs
[2022-01-28 20:58:18,254] {logging_mixin.py:109} INFO - [2022-01-28 20:58:18,253] {dag.py:2935} INFO - Setting next_dagrun for example_subdag_operator.section-1 to None
[2022-01-28 20:58:18,256] {logging_mixin.py:109} INFO - [2022-01-28 20:58:18,256] {dag.py:2935} INFO - Setting next_dagrun for example_subdag_operator.section-2 to None
[2022-01-28 20:58:18,330] {processor.py:171} INFO - Processing /home/data-eginner/Documents/Soccer_Data/env/lib/python3.8/site-packages/airflow/example_dags/example_subdag_operator.py took 0.380 seconds
[2022-01-28 20:59:13,724] {processor.py:163} INFO - Started process (PID=18784) to work on /home/data-eginner/Documents/Soccer_Data/env/lib/python3.8/site-packages/airflow/example_dags/example_subdag_operator.py
[2022-01-28 20:59:13,738] {processor.py:642} INFO - Processing file /home/data-eginner/Documents/Soccer_Data/env/lib/python3.8/site-packages/airflow/example_dags/example_subdag_operator.py for tasks to queue
[2022-01-28 20:59:13,739] {logging_mixin.py:109} INFO - [2022-01-28 20:59:13,739] {dagbag.py:500} INFO - Filling up the DagBag from /home/data-eginner/Documents/Soccer_Data/env/lib/python3.8/site-packages/airflow/example_dags/example_subdag_operator.py
[2022-01-28 20:59:14,073] {processor.py:654} INFO - DAG(s) dict_keys(['example_subdag_operator.section-1', 'example_subdag_operator.section-2', 'example_subdag_operator']) retrieved from /home/data-eginner/Documents/Soccer_Data/env/lib/python3.8/site-packages/airflow/example_dags/example_subdag_operator.py
[2022-01-28 20:59:14,204] {logging_mixin.py:109} INFO - [2022-01-28 20:59:14,203] {dag.py:2396} INFO - Sync 3 DAGs
[2022-01-28 20:59:14,300] {logging_mixin.py:109} INFO - [2022-01-28 20:59:14,300] {dag.py:2935} INFO - Setting next_dagrun for example_subdag_operator to 2022-01-26T00:00:00+00:00
[2022-01-28 20:59:14,300] {logging_mixin.py:109} INFO - [2022-01-28 20:59:14,300] {dag.py:2935} INFO - Setting next_dagrun for example_subdag_operator.section-1 to None
[2022-01-28 20:59:14,300] {logging_mixin.py:109} INFO - [2022-01-28 20:59:14,300] {dag.py:2935} INFO - Setting next_dagrun for example_subdag_operator.section-2 to None
[2022-01-28 20:59:14,342] {logging_mixin.py:109} INFO - [2022-01-28 20:59:14,342] {dag.py:2396} INFO - Sync 2 DAGs
[2022-01-28 20:59:14,405] {logging_mixin.py:109} INFO - [2022-01-28 20:59:14,405] {dag.py:2935} INFO - Setting next_dagrun for example_subdag_operator.section-1 to None
[2022-01-28 20:59:14,406] {logging_mixin.py:109} INFO - [2022-01-28 20:59:14,406] {dag.py:2935} INFO - Setting next_dagrun for example_subdag_operator.section-2 to None
[2022-01-28 20:59:14,454] {processor.py:171} INFO - Processing /home/data-eginner/Documents/Soccer_Data/env/lib/python3.8/site-packages/airflow/example_dags/example_subdag_operator.py took 0.733 seconds
