[2022-01-28 20:49:48,407] {processor.py:163} INFO - Started process (PID=16452) to work on /home/data-eginner/Documents/Soccer_Data/env/lib/python3.8/site-packages/airflow/example_dags/example_complex.py
[2022-01-28 20:49:48,409] {processor.py:642} INFO - Processing file /home/data-eginner/Documents/Soccer_Data/env/lib/python3.8/site-packages/airflow/example_dags/example_complex.py for tasks to queue
[2022-01-28 20:49:48,409] {logging_mixin.py:109} INFO - [2022-01-28 20:49:48,409] {dagbag.py:500} INFO - Filling up the DagBag from /home/data-eginner/Documents/Soccer_Data/env/lib/python3.8/site-packages/airflow/example_dags/example_complex.py
[2022-01-28 20:49:48,459] {processor.py:654} INFO - DAG(s) dict_keys(['example_complex']) retrieved from /home/data-eginner/Documents/Soccer_Data/env/lib/python3.8/site-packages/airflow/example_dags/example_complex.py
[2022-01-28 20:49:48,471] {logging_mixin.py:109} INFO - [2022-01-28 20:49:48,471] {dag.py:2396} INFO - Sync 1 DAGs
[2022-01-28 20:49:48,482] {logging_mixin.py:109} INFO - [2022-01-28 20:49:48,481] {dag.py:2935} INFO - Setting next_dagrun for example_complex to None
[2022-01-28 20:49:48,662] {processor.py:171} INFO - Processing /home/data-eginner/Documents/Soccer_Data/env/lib/python3.8/site-packages/airflow/example_dags/example_complex.py took 0.258 seconds
[2022-01-28 20:50:26,546] {processor.py:163} INFO - Started process (PID=16645) to work on /home/data-eginner/Documents/Soccer_Data/env/lib/python3.8/site-packages/airflow/example_dags/example_complex.py
[2022-01-28 20:50:26,564] {processor.py:642} INFO - Processing file /home/data-eginner/Documents/Soccer_Data/env/lib/python3.8/site-packages/airflow/example_dags/example_complex.py for tasks to queue
[2022-01-28 20:50:26,564] {logging_mixin.py:109} INFO - [2022-01-28 20:50:26,564] {dagbag.py:500} INFO - Filling up the DagBag from /home/data-eginner/Documents/Soccer_Data/env/lib/python3.8/site-packages/airflow/example_dags/example_complex.py
[2022-01-28 20:50:26,611] {processor.py:654} INFO - DAG(s) dict_keys(['example_complex']) retrieved from /home/data-eginner/Documents/Soccer_Data/env/lib/python3.8/site-packages/airflow/example_dags/example_complex.py
[2022-01-28 20:50:26,634] {logging_mixin.py:109} INFO - [2022-01-28 20:50:26,634] {dag.py:2396} INFO - Sync 1 DAGs
[2022-01-28 20:50:26,655] {logging_mixin.py:109} INFO - [2022-01-28 20:50:26,655] {dag.py:2935} INFO - Setting next_dagrun for example_complex to None
[2022-01-28 20:50:26,674] {processor.py:171} INFO - Processing /home/data-eginner/Documents/Soccer_Data/env/lib/python3.8/site-packages/airflow/example_dags/example_complex.py took 0.130 seconds
[2022-01-28 20:51:06,109] {processor.py:163} INFO - Started process (PID=16819) to work on /home/data-eginner/Documents/Soccer_Data/env/lib/python3.8/site-packages/airflow/example_dags/example_complex.py
[2022-01-28 20:51:06,115] {processor.py:642} INFO - Processing file /home/data-eginner/Documents/Soccer_Data/env/lib/python3.8/site-packages/airflow/example_dags/example_complex.py for tasks to queue
[2022-01-28 20:51:06,116] {logging_mixin.py:109} INFO - [2022-01-28 20:51:06,116] {dagbag.py:500} INFO - Filling up the DagBag from /home/data-eginner/Documents/Soccer_Data/env/lib/python3.8/site-packages/airflow/example_dags/example_complex.py
[2022-01-28 20:51:06,159] {processor.py:654} INFO - DAG(s) dict_keys(['example_complex']) retrieved from /home/data-eginner/Documents/Soccer_Data/env/lib/python3.8/site-packages/airflow/example_dags/example_complex.py
[2022-01-28 20:51:06,175] {logging_mixin.py:109} INFO - [2022-01-28 20:51:06,175] {dag.py:2396} INFO - Sync 1 DAGs
[2022-01-28 20:51:06,194] {logging_mixin.py:109} INFO - [2022-01-28 20:51:06,194] {dag.py:2935} INFO - Setting next_dagrun for example_complex to None
[2022-01-28 20:51:06,218] {processor.py:171} INFO - Processing /home/data-eginner/Documents/Soccer_Data/env/lib/python3.8/site-packages/airflow/example_dags/example_complex.py took 0.118 seconds
[2022-01-28 20:51:44,407] {processor.py:163} INFO - Started process (PID=17012) to work on /home/data-eginner/Documents/Soccer_Data/env/lib/python3.8/site-packages/airflow/example_dags/example_complex.py
[2022-01-28 20:51:44,410] {processor.py:642} INFO - Processing file /home/data-eginner/Documents/Soccer_Data/env/lib/python3.8/site-packages/airflow/example_dags/example_complex.py for tasks to queue
[2022-01-28 20:51:44,411] {logging_mixin.py:109} INFO - [2022-01-28 20:51:44,411] {dagbag.py:500} INFO - Filling up the DagBag from /home/data-eginner/Documents/Soccer_Data/env/lib/python3.8/site-packages/airflow/example_dags/example_complex.py
[2022-01-28 20:51:44,459] {processor.py:654} INFO - DAG(s) dict_keys(['example_complex']) retrieved from /home/data-eginner/Documents/Soccer_Data/env/lib/python3.8/site-packages/airflow/example_dags/example_complex.py
[2022-01-28 20:51:44,492] {logging_mixin.py:109} INFO - [2022-01-28 20:51:44,492] {dag.py:2396} INFO - Sync 1 DAGs
[2022-01-28 20:51:44,533] {logging_mixin.py:109} INFO - [2022-01-28 20:51:44,533] {dag.py:2935} INFO - Setting next_dagrun for example_complex to None
[2022-01-28 20:51:44,658] {processor.py:171} INFO - Processing /home/data-eginner/Documents/Soccer_Data/env/lib/python3.8/site-packages/airflow/example_dags/example_complex.py took 0.261 seconds
[2022-01-28 20:52:27,671] {processor.py:163} INFO - Started process (PID=17393) to work on /home/data-eginner/Documents/Soccer_Data/env/lib/python3.8/site-packages/airflow/example_dags/example_complex.py
[2022-01-28 20:52:27,694] {processor.py:642} INFO - Processing file /home/data-eginner/Documents/Soccer_Data/env/lib/python3.8/site-packages/airflow/example_dags/example_complex.py for tasks to queue
[2022-01-28 20:52:27,695] {logging_mixin.py:109} INFO - [2022-01-28 20:52:27,695] {dagbag.py:500} INFO - Filling up the DagBag from /home/data-eginner/Documents/Soccer_Data/env/lib/python3.8/site-packages/airflow/example_dags/example_complex.py
[2022-01-28 20:52:27,794] {processor.py:654} INFO - DAG(s) dict_keys(['example_complex']) retrieved from /home/data-eginner/Documents/Soccer_Data/env/lib/python3.8/site-packages/airflow/example_dags/example_complex.py
[2022-01-28 20:52:27,839] {logging_mixin.py:109} INFO - [2022-01-28 20:52:27,839] {dag.py:2396} INFO - Sync 1 DAGs
[2022-01-28 20:52:27,870] {logging_mixin.py:109} INFO - [2022-01-28 20:52:27,870] {dag.py:2935} INFO - Setting next_dagrun for example_complex to None
[2022-01-28 20:52:27,931] {processor.py:171} INFO - Processing /home/data-eginner/Documents/Soccer_Data/env/lib/python3.8/site-packages/airflow/example_dags/example_complex.py took 0.263 seconds
[2022-01-28 20:53:09,033] {processor.py:163} INFO - Started process (PID=17568) to work on /home/data-eginner/Documents/Soccer_Data/env/lib/python3.8/site-packages/airflow/example_dags/example_complex.py
[2022-01-28 20:53:09,055] {processor.py:642} INFO - Processing file /home/data-eginner/Documents/Soccer_Data/env/lib/python3.8/site-packages/airflow/example_dags/example_complex.py for tasks to queue
[2022-01-28 20:53:09,055] {logging_mixin.py:109} INFO - [2022-01-28 20:53:09,055] {dagbag.py:500} INFO - Filling up the DagBag from /home/data-eginner/Documents/Soccer_Data/env/lib/python3.8/site-packages/airflow/example_dags/example_complex.py
[2022-01-28 20:53:09,132] {processor.py:654} INFO - DAG(s) dict_keys(['example_complex']) retrieved from /home/data-eginner/Documents/Soccer_Data/env/lib/python3.8/site-packages/airflow/example_dags/example_complex.py
[2022-01-28 20:53:09,174] {logging_mixin.py:109} INFO - [2022-01-28 20:53:09,174] {dag.py:2396} INFO - Sync 1 DAGs
[2022-01-28 20:53:09,223] {logging_mixin.py:109} INFO - [2022-01-28 20:53:09,223] {dag.py:2935} INFO - Setting next_dagrun for example_complex to None
[2022-01-28 20:53:09,257] {processor.py:171} INFO - Processing /home/data-eginner/Documents/Soccer_Data/env/lib/python3.8/site-packages/airflow/example_dags/example_complex.py took 0.245 seconds
[2022-01-28 20:53:55,751] {processor.py:163} INFO - Started process (PID=17740) to work on /home/data-eginner/Documents/Soccer_Data/env/lib/python3.8/site-packages/airflow/example_dags/example_complex.py
[2022-01-28 20:53:55,760] {processor.py:642} INFO - Processing file /home/data-eginner/Documents/Soccer_Data/env/lib/python3.8/site-packages/airflow/example_dags/example_complex.py for tasks to queue
[2022-01-28 20:53:55,761] {logging_mixin.py:109} INFO - [2022-01-28 20:53:55,761] {dagbag.py:500} INFO - Filling up the DagBag from /home/data-eginner/Documents/Soccer_Data/env/lib/python3.8/site-packages/airflow/example_dags/example_complex.py
[2022-01-28 20:53:55,829] {processor.py:654} INFO - DAG(s) dict_keys(['example_complex']) retrieved from /home/data-eginner/Documents/Soccer_Data/env/lib/python3.8/site-packages/airflow/example_dags/example_complex.py
[2022-01-28 20:53:55,877] {logging_mixin.py:109} INFO - [2022-01-28 20:53:55,874] {dag.py:2396} INFO - Sync 1 DAGs
[2022-01-28 20:53:55,905] {logging_mixin.py:109} INFO - [2022-01-28 20:53:55,905] {dag.py:2935} INFO - Setting next_dagrun for example_complex to None
[2022-01-28 20:53:55,945] {processor.py:171} INFO - Processing /home/data-eginner/Documents/Soccer_Data/env/lib/python3.8/site-packages/airflow/example_dags/example_complex.py took 0.197 seconds
[2022-01-28 20:54:58,237] {processor.py:163} INFO - Started process (PID=17937) to work on /home/data-eginner/Documents/Soccer_Data/env/lib/python3.8/site-packages/airflow/example_dags/example_complex.py
[2022-01-28 20:54:58,244] {processor.py:642} INFO - Processing file /home/data-eginner/Documents/Soccer_Data/env/lib/python3.8/site-packages/airflow/example_dags/example_complex.py for tasks to queue
[2022-01-28 20:54:58,249] {logging_mixin.py:109} INFO - [2022-01-28 20:54:58,248] {dagbag.py:500} INFO - Filling up the DagBag from /home/data-eginner/Documents/Soccer_Data/env/lib/python3.8/site-packages/airflow/example_dags/example_complex.py
[2022-01-28 20:54:58,321] {processor.py:654} INFO - DAG(s) dict_keys(['example_complex']) retrieved from /home/data-eginner/Documents/Soccer_Data/env/lib/python3.8/site-packages/airflow/example_dags/example_complex.py
[2022-01-28 20:54:58,375] {logging_mixin.py:109} INFO - [2022-01-28 20:54:58,374] {dag.py:2396} INFO - Sync 1 DAGs
[2022-01-28 20:54:58,404] {logging_mixin.py:109} INFO - [2022-01-28 20:54:58,403] {dag.py:2935} INFO - Setting next_dagrun for example_complex to None
[2022-01-28 20:54:58,440] {processor.py:171} INFO - Processing /home/data-eginner/Documents/Soccer_Data/env/lib/python3.8/site-packages/airflow/example_dags/example_complex.py took 0.212 seconds
[2022-01-28 20:56:07,450] {processor.py:163} INFO - Started process (PID=18181) to work on /home/data-eginner/Documents/Soccer_Data/env/lib/python3.8/site-packages/airflow/example_dags/example_complex.py
[2022-01-28 20:56:07,459] {processor.py:642} INFO - Processing file /home/data-eginner/Documents/Soccer_Data/env/lib/python3.8/site-packages/airflow/example_dags/example_complex.py for tasks to queue
[2022-01-28 20:56:07,460] {logging_mixin.py:109} INFO - [2022-01-28 20:56:07,460] {dagbag.py:500} INFO - Filling up the DagBag from /home/data-eginner/Documents/Soccer_Data/env/lib/python3.8/site-packages/airflow/example_dags/example_complex.py
[2022-01-28 20:56:07,561] {processor.py:654} INFO - DAG(s) dict_keys(['example_complex']) retrieved from /home/data-eginner/Documents/Soccer_Data/env/lib/python3.8/site-packages/airflow/example_dags/example_complex.py
[2022-01-28 20:56:07,596] {logging_mixin.py:109} INFO - [2022-01-28 20:56:07,596] {dag.py:2396} INFO - Sync 1 DAGs
[2022-01-28 20:56:07,631] {logging_mixin.py:109} INFO - [2022-01-28 20:56:07,631] {dag.py:2935} INFO - Setting next_dagrun for example_complex to None
[2022-01-28 20:56:07,669] {processor.py:171} INFO - Processing /home/data-eginner/Documents/Soccer_Data/env/lib/python3.8/site-packages/airflow/example_dags/example_complex.py took 0.221 seconds
[2022-01-28 20:56:58,965] {processor.py:163} INFO - Started process (PID=18349) to work on /home/data-eginner/Documents/Soccer_Data/env/lib/python3.8/site-packages/airflow/example_dags/example_complex.py
[2022-01-28 20:56:58,996] {processor.py:642} INFO - Processing file /home/data-eginner/Documents/Soccer_Data/env/lib/python3.8/site-packages/airflow/example_dags/example_complex.py for tasks to queue
[2022-01-28 20:56:58,996] {logging_mixin.py:109} INFO - [2022-01-28 20:56:58,996] {dagbag.py:500} INFO - Filling up the DagBag from /home/data-eginner/Documents/Soccer_Data/env/lib/python3.8/site-packages/airflow/example_dags/example_complex.py
[2022-01-28 20:56:59,044] {processor.py:654} INFO - DAG(s) dict_keys(['example_complex']) retrieved from /home/data-eginner/Documents/Soccer_Data/env/lib/python3.8/site-packages/airflow/example_dags/example_complex.py
[2022-01-28 20:56:59,077] {logging_mixin.py:109} INFO - [2022-01-28 20:56:59,076] {dag.py:2396} INFO - Sync 1 DAGs
[2022-01-28 20:56:59,112] {logging_mixin.py:109} INFO - [2022-01-28 20:56:59,112] {dag.py:2935} INFO - Setting next_dagrun for example_complex to None
[2022-01-28 20:56:59,143] {processor.py:171} INFO - Processing /home/data-eginner/Documents/Soccer_Data/env/lib/python3.8/site-packages/airflow/example_dags/example_complex.py took 0.182 seconds
[2022-01-28 20:57:56,875] {processor.py:163} INFO - Started process (PID=18557) to work on /home/data-eginner/Documents/Soccer_Data/env/lib/python3.8/site-packages/airflow/example_dags/example_complex.py
[2022-01-28 20:57:56,889] {processor.py:642} INFO - Processing file /home/data-eginner/Documents/Soccer_Data/env/lib/python3.8/site-packages/airflow/example_dags/example_complex.py for tasks to queue
[2022-01-28 20:57:56,890] {logging_mixin.py:109} INFO - [2022-01-28 20:57:56,890] {dagbag.py:500} INFO - Filling up the DagBag from /home/data-eginner/Documents/Soccer_Data/env/lib/python3.8/site-packages/airflow/example_dags/example_complex.py
[2022-01-28 20:57:57,040] {processor.py:654} INFO - DAG(s) dict_keys(['example_complex']) retrieved from /home/data-eginner/Documents/Soccer_Data/env/lib/python3.8/site-packages/airflow/example_dags/example_complex.py
[2022-01-28 20:57:57,112] {logging_mixin.py:109} INFO - [2022-01-28 20:57:57,112] {dag.py:2396} INFO - Sync 1 DAGs
[2022-01-28 20:57:57,156] {logging_mixin.py:109} INFO - [2022-01-28 20:57:57,156] {dag.py:2935} INFO - Setting next_dagrun for example_complex to None
[2022-01-28 20:57:57,192] {processor.py:171} INFO - Processing /home/data-eginner/Documents/Soccer_Data/env/lib/python3.8/site-packages/airflow/example_dags/example_complex.py took 0.341 seconds
[2022-01-28 20:58:46,434] {processor.py:163} INFO - Started process (PID=18720) to work on /home/data-eginner/Documents/Soccer_Data/env/lib/python3.8/site-packages/airflow/example_dags/example_complex.py
[2022-01-28 20:58:46,440] {processor.py:642} INFO - Processing file /home/data-eginner/Documents/Soccer_Data/env/lib/python3.8/site-packages/airflow/example_dags/example_complex.py for tasks to queue
[2022-01-28 20:58:46,441] {logging_mixin.py:109} INFO - [2022-01-28 20:58:46,440] {dagbag.py:500} INFO - Filling up the DagBag from /home/data-eginner/Documents/Soccer_Data/env/lib/python3.8/site-packages/airflow/example_dags/example_complex.py
[2022-01-28 20:58:46,569] {processor.py:654} INFO - DAG(s) dict_keys(['example_complex']) retrieved from /home/data-eginner/Documents/Soccer_Data/env/lib/python3.8/site-packages/airflow/example_dags/example_complex.py
[2022-01-28 20:58:46,633] {logging_mixin.py:109} INFO - [2022-01-28 20:58:46,633] {dag.py:2396} INFO - Sync 1 DAGs
[2022-01-28 20:58:46,657] {logging_mixin.py:109} INFO - [2022-01-28 20:58:46,657] {dag.py:2935} INFO - Setting next_dagrun for example_complex to None
[2022-01-28 20:58:46,754] {processor.py:171} INFO - Processing /home/data-eginner/Documents/Soccer_Data/env/lib/python3.8/site-packages/airflow/example_dags/example_complex.py took 0.346 seconds
[2022-01-28 20:59:58,525] {processor.py:163} INFO - Started process (PID=18909) to work on /home/data-eginner/Documents/Soccer_Data/env/lib/python3.8/site-packages/airflow/example_dags/example_complex.py
[2022-01-28 20:59:58,535] {processor.py:642} INFO - Processing file /home/data-eginner/Documents/Soccer_Data/env/lib/python3.8/site-packages/airflow/example_dags/example_complex.py for tasks to queue
[2022-01-28 20:59:58,536] {logging_mixin.py:109} INFO - [2022-01-28 20:59:58,535] {dagbag.py:500} INFO - Filling up the DagBag from /home/data-eginner/Documents/Soccer_Data/env/lib/python3.8/site-packages/airflow/example_dags/example_complex.py
[2022-01-28 20:59:58,622] {processor.py:654} INFO - DAG(s) dict_keys(['example_complex']) retrieved from /home/data-eginner/Documents/Soccer_Data/env/lib/python3.8/site-packages/airflow/example_dags/example_complex.py
[2022-01-28 20:59:58,656] {logging_mixin.py:109} INFO - [2022-01-28 20:59:58,656] {dag.py:2396} INFO - Sync 1 DAGs
[2022-01-28 20:59:58,695] {logging_mixin.py:109} INFO - [2022-01-28 20:59:58,695] {dag.py:2935} INFO - Setting next_dagrun for example_complex to None
[2022-01-28 20:59:58,815] {processor.py:171} INFO - Processing /home/data-eginner/Documents/Soccer_Data/env/lib/python3.8/site-packages/airflow/example_dags/example_complex.py took 0.338 seconds
