[2022-01-28 20:49:57,592] {processor.py:163} INFO - Started process (PID=16511) to work on /home/data-eginner/Documents/Soccer_Data/env/lib/python3.8/site-packages/airflow/example_dags/example_latest_only_with_trigger.py
[2022-01-28 20:49:57,593] {processor.py:642} INFO - Processing file /home/data-eginner/Documents/Soccer_Data/env/lib/python3.8/site-packages/airflow/example_dags/example_latest_only_with_trigger.py for tasks to queue
[2022-01-28 20:49:57,593] {logging_mixin.py:109} INFO - [2022-01-28 20:49:57,593] {dagbag.py:500} INFO - Filling up the DagBag from /home/data-eginner/Documents/Soccer_Data/env/lib/python3.8/site-packages/airflow/example_dags/example_latest_only_with_trigger.py
[2022-01-28 20:49:57,629] {processor.py:654} INFO - DAG(s) dict_keys(['latest_only_with_trigger']) retrieved from /home/data-eginner/Documents/Soccer_Data/env/lib/python3.8/site-packages/airflow/example_dags/example_latest_only_with_trigger.py
[2022-01-28 20:49:57,637] {logging_mixin.py:109} INFO - [2022-01-28 20:49:57,637] {dag.py:2396} INFO - Sync 1 DAGs
[2022-01-28 20:49:57,648] {logging_mixin.py:109} INFO - [2022-01-28 20:49:57,648] {dag.py:2935} INFO - Setting next_dagrun for latest_only_with_trigger to 2022-01-28T19:49:57.647875+00:00
[2022-01-28 20:49:57,668] {processor.py:171} INFO - Processing /home/data-eginner/Documents/Soccer_Data/env/lib/python3.8/site-packages/airflow/example_dags/example_latest_only_with_trigger.py took 0.079 seconds
[2022-01-28 20:50:36,840] {processor.py:163} INFO - Started process (PID=16690) to work on /home/data-eginner/Documents/Soccer_Data/env/lib/python3.8/site-packages/airflow/example_dags/example_latest_only_with_trigger.py
[2022-01-28 20:50:36,846] {processor.py:642} INFO - Processing file /home/data-eginner/Documents/Soccer_Data/env/lib/python3.8/site-packages/airflow/example_dags/example_latest_only_with_trigger.py for tasks to queue
[2022-01-28 20:50:36,846] {logging_mixin.py:109} INFO - [2022-01-28 20:50:36,846] {dagbag.py:500} INFO - Filling up the DagBag from /home/data-eginner/Documents/Soccer_Data/env/lib/python3.8/site-packages/airflow/example_dags/example_latest_only_with_trigger.py
[2022-01-28 20:50:36,896] {processor.py:654} INFO - DAG(s) dict_keys(['latest_only_with_trigger']) retrieved from /home/data-eginner/Documents/Soccer_Data/env/lib/python3.8/site-packages/airflow/example_dags/example_latest_only_with_trigger.py
[2022-01-28 20:50:36,915] {logging_mixin.py:109} INFO - [2022-01-28 20:50:36,915] {dag.py:2396} INFO - Sync 1 DAGs
[2022-01-28 20:50:36,970] {logging_mixin.py:109} INFO - [2022-01-28 20:50:36,970] {dag.py:2935} INFO - Setting next_dagrun for latest_only_with_trigger to 2022-01-28T19:50:36.969778+00:00
[2022-01-28 20:50:36,985] {processor.py:171} INFO - Processing /home/data-eginner/Documents/Soccer_Data/env/lib/python3.8/site-packages/airflow/example_dags/example_latest_only_with_trigger.py took 0.153 seconds
[2022-01-28 20:51:15,382] {processor.py:163} INFO - Started process (PID=16858) to work on /home/data-eginner/Documents/Soccer_Data/env/lib/python3.8/site-packages/airflow/example_dags/example_latest_only_with_trigger.py
[2022-01-28 20:51:15,387] {processor.py:642} INFO - Processing file /home/data-eginner/Documents/Soccer_Data/env/lib/python3.8/site-packages/airflow/example_dags/example_latest_only_with_trigger.py for tasks to queue
[2022-01-28 20:51:15,388] {logging_mixin.py:109} INFO - [2022-01-28 20:51:15,388] {dagbag.py:500} INFO - Filling up the DagBag from /home/data-eginner/Documents/Soccer_Data/env/lib/python3.8/site-packages/airflow/example_dags/example_latest_only_with_trigger.py
[2022-01-28 20:51:15,415] {processor.py:654} INFO - DAG(s) dict_keys(['latest_only_with_trigger']) retrieved from /home/data-eginner/Documents/Soccer_Data/env/lib/python3.8/site-packages/airflow/example_dags/example_latest_only_with_trigger.py
[2022-01-28 20:51:15,424] {logging_mixin.py:109} INFO - [2022-01-28 20:51:15,424] {dag.py:2396} INFO - Sync 1 DAGs
[2022-01-28 20:51:15,436] {logging_mixin.py:109} INFO - [2022-01-28 20:51:15,436] {dag.py:2935} INFO - Setting next_dagrun for latest_only_with_trigger to 2022-01-28T19:51:15.435888+00:00
[2022-01-28 20:51:15,468] {processor.py:171} INFO - Processing /home/data-eginner/Documents/Soccer_Data/env/lib/python3.8/site-packages/airflow/example_dags/example_latest_only_with_trigger.py took 0.091 seconds
[2022-01-28 20:51:56,652] {processor.py:163} INFO - Started process (PID=17193) to work on /home/data-eginner/Documents/Soccer_Data/env/lib/python3.8/site-packages/airflow/example_dags/example_latest_only_with_trigger.py
[2022-01-28 20:51:56,667] {processor.py:642} INFO - Processing file /home/data-eginner/Documents/Soccer_Data/env/lib/python3.8/site-packages/airflow/example_dags/example_latest_only_with_trigger.py for tasks to queue
[2022-01-28 20:51:56,668] {logging_mixin.py:109} INFO - [2022-01-28 20:51:56,668] {dagbag.py:500} INFO - Filling up the DagBag from /home/data-eginner/Documents/Soccer_Data/env/lib/python3.8/site-packages/airflow/example_dags/example_latest_only_with_trigger.py
[2022-01-28 20:51:56,722] {processor.py:654} INFO - DAG(s) dict_keys(['latest_only_with_trigger']) retrieved from /home/data-eginner/Documents/Soccer_Data/env/lib/python3.8/site-packages/airflow/example_dags/example_latest_only_with_trigger.py
[2022-01-28 20:51:56,750] {logging_mixin.py:109} INFO - [2022-01-28 20:51:56,750] {dag.py:2396} INFO - Sync 1 DAGs
[2022-01-28 20:51:56,794] {logging_mixin.py:109} INFO - [2022-01-28 20:51:56,794] {dag.py:2935} INFO - Setting next_dagrun for latest_only_with_trigger to 2022-01-28T19:51:56.793846+00:00
[2022-01-28 20:51:56,846] {processor.py:171} INFO - Processing /home/data-eginner/Documents/Soccer_Data/env/lib/python3.8/site-packages/airflow/example_dags/example_latest_only_with_trigger.py took 0.197 seconds
[2022-01-28 20:52:44,441] {processor.py:163} INFO - Started process (PID=17459) to work on /home/data-eginner/Documents/Soccer_Data/env/lib/python3.8/site-packages/airflow/example_dags/example_latest_only_with_trigger.py
[2022-01-28 20:52:44,447] {processor.py:642} INFO - Processing file /home/data-eginner/Documents/Soccer_Data/env/lib/python3.8/site-packages/airflow/example_dags/example_latest_only_with_trigger.py for tasks to queue
[2022-01-28 20:52:44,447] {logging_mixin.py:109} INFO - [2022-01-28 20:52:44,447] {dagbag.py:500} INFO - Filling up the DagBag from /home/data-eginner/Documents/Soccer_Data/env/lib/python3.8/site-packages/airflow/example_dags/example_latest_only_with_trigger.py
[2022-01-28 20:52:44,496] {processor.py:654} INFO - DAG(s) dict_keys(['latest_only_with_trigger']) retrieved from /home/data-eginner/Documents/Soccer_Data/env/lib/python3.8/site-packages/airflow/example_dags/example_latest_only_with_trigger.py
[2022-01-28 20:52:44,525] {logging_mixin.py:109} INFO - [2022-01-28 20:52:44,524] {dag.py:2396} INFO - Sync 1 DAGs
[2022-01-28 20:52:44,553] {logging_mixin.py:109} INFO - [2022-01-28 20:52:44,553] {dag.py:2935} INFO - Setting next_dagrun for latest_only_with_trigger to 2022-01-28T19:52:44.553439+00:00
[2022-01-28 20:52:44,582] {processor.py:171} INFO - Processing /home/data-eginner/Documents/Soccer_Data/env/lib/python3.8/site-packages/airflow/example_dags/example_latest_only_with_trigger.py took 0.154 seconds
[2022-01-28 20:53:34,200] {processor.py:163} INFO - Started process (PID=17661) to work on /home/data-eginner/Documents/Soccer_Data/env/lib/python3.8/site-packages/airflow/example_dags/example_latest_only_with_trigger.py
[2022-01-28 20:53:34,211] {processor.py:642} INFO - Processing file /home/data-eginner/Documents/Soccer_Data/env/lib/python3.8/site-packages/airflow/example_dags/example_latest_only_with_trigger.py for tasks to queue
[2022-01-28 20:53:34,212] {logging_mixin.py:109} INFO - [2022-01-28 20:53:34,212] {dagbag.py:500} INFO - Filling up the DagBag from /home/data-eginner/Documents/Soccer_Data/env/lib/python3.8/site-packages/airflow/example_dags/example_latest_only_with_trigger.py
[2022-01-28 20:53:34,301] {processor.py:654} INFO - DAG(s) dict_keys(['latest_only_with_trigger']) retrieved from /home/data-eginner/Documents/Soccer_Data/env/lib/python3.8/site-packages/airflow/example_dags/example_latest_only_with_trigger.py
[2022-01-28 20:53:34,330] {logging_mixin.py:109} INFO - [2022-01-28 20:53:34,330] {dag.py:2396} INFO - Sync 1 DAGs
[2022-01-28 20:53:34,385] {logging_mixin.py:109} INFO - [2022-01-28 20:53:34,385] {dag.py:2935} INFO - Setting next_dagrun for latest_only_with_trigger to 2022-01-28T19:53:34.384712+00:00
[2022-01-28 20:53:34,475] {processor.py:171} INFO - Processing /home/data-eginner/Documents/Soccer_Data/env/lib/python3.8/site-packages/airflow/example_dags/example_latest_only_with_trigger.py took 0.311 seconds
[2022-01-28 20:54:39,337] {processor.py:163} INFO - Started process (PID=17888) to work on /home/data-eginner/Documents/Soccer_Data/env/lib/python3.8/site-packages/airflow/example_dags/example_latest_only_with_trigger.py
[2022-01-28 20:54:39,342] {processor.py:642} INFO - Processing file /home/data-eginner/Documents/Soccer_Data/env/lib/python3.8/site-packages/airflow/example_dags/example_latest_only_with_trigger.py for tasks to queue
[2022-01-28 20:54:39,343] {logging_mixin.py:109} INFO - [2022-01-28 20:54:39,343] {dagbag.py:500} INFO - Filling up the DagBag from /home/data-eginner/Documents/Soccer_Data/env/lib/python3.8/site-packages/airflow/example_dags/example_latest_only_with_trigger.py
[2022-01-28 20:54:39,437] {processor.py:654} INFO - DAG(s) dict_keys(['latest_only_with_trigger']) retrieved from /home/data-eginner/Documents/Soccer_Data/env/lib/python3.8/site-packages/airflow/example_dags/example_latest_only_with_trigger.py
[2022-01-28 20:54:39,483] {logging_mixin.py:109} INFO - [2022-01-28 20:54:39,482] {dag.py:2396} INFO - Sync 1 DAGs
[2022-01-28 20:54:39,565] {logging_mixin.py:109} INFO - [2022-01-28 20:54:39,565] {dag.py:2935} INFO - Setting next_dagrun for latest_only_with_trigger to 2022-01-28T19:54:39.564492+00:00
[2022-01-28 20:54:39,696] {processor.py:171} INFO - Processing /home/data-eginner/Documents/Soccer_Data/env/lib/python3.8/site-packages/airflow/example_dags/example_latest_only_with_trigger.py took 0.383 seconds
[2022-01-28 20:55:46,444] {processor.py:163} INFO - Started process (PID=18107) to work on /home/data-eginner/Documents/Soccer_Data/env/lib/python3.8/site-packages/airflow/example_dags/example_latest_only_with_trigger.py
[2022-01-28 20:55:46,466] {processor.py:642} INFO - Processing file /home/data-eginner/Documents/Soccer_Data/env/lib/python3.8/site-packages/airflow/example_dags/example_latest_only_with_trigger.py for tasks to queue
[2022-01-28 20:55:46,467] {logging_mixin.py:109} INFO - [2022-01-28 20:55:46,467] {dagbag.py:500} INFO - Filling up the DagBag from /home/data-eginner/Documents/Soccer_Data/env/lib/python3.8/site-packages/airflow/example_dags/example_latest_only_with_trigger.py
[2022-01-28 20:55:46,563] {processor.py:654} INFO - DAG(s) dict_keys(['latest_only_with_trigger']) retrieved from /home/data-eginner/Documents/Soccer_Data/env/lib/python3.8/site-packages/airflow/example_dags/example_latest_only_with_trigger.py
[2022-01-28 20:55:46,618] {logging_mixin.py:109} INFO - [2022-01-28 20:55:46,618] {dag.py:2396} INFO - Sync 1 DAGs
[2022-01-28 20:55:46,692] {logging_mixin.py:109} INFO - [2022-01-28 20:55:46,692] {dag.py:2935} INFO - Setting next_dagrun for latest_only_with_trigger to 2022-01-28T19:55:46.692536+00:00
[2022-01-28 20:55:46,742] {processor.py:171} INFO - Processing /home/data-eginner/Documents/Soccer_Data/env/lib/python3.8/site-packages/airflow/example_dags/example_latest_only_with_trigger.py took 0.329 seconds
[2022-01-28 20:56:36,393] {processor.py:163} INFO - Started process (PID=18271) to work on /home/data-eginner/Documents/Soccer_Data/env/lib/python3.8/site-packages/airflow/example_dags/example_latest_only_with_trigger.py
[2022-01-28 20:56:36,423] {processor.py:642} INFO - Processing file /home/data-eginner/Documents/Soccer_Data/env/lib/python3.8/site-packages/airflow/example_dags/example_latest_only_with_trigger.py for tasks to queue
[2022-01-28 20:56:36,424] {logging_mixin.py:109} INFO - [2022-01-28 20:56:36,424] {dagbag.py:500} INFO - Filling up the DagBag from /home/data-eginner/Documents/Soccer_Data/env/lib/python3.8/site-packages/airflow/example_dags/example_latest_only_with_trigger.py
[2022-01-28 20:56:36,635] {processor.py:654} INFO - DAG(s) dict_keys(['latest_only_with_trigger']) retrieved from /home/data-eginner/Documents/Soccer_Data/env/lib/python3.8/site-packages/airflow/example_dags/example_latest_only_with_trigger.py
[2022-01-28 20:56:36,706] {logging_mixin.py:109} INFO - [2022-01-28 20:56:36,706] {dag.py:2396} INFO - Sync 1 DAGs
[2022-01-28 20:56:36,783] {logging_mixin.py:109} INFO - [2022-01-28 20:56:36,783] {dag.py:2935} INFO - Setting next_dagrun for latest_only_with_trigger to 2022-01-28T19:56:36.783083+00:00
[2022-01-28 20:56:36,821] {processor.py:171} INFO - Processing /home/data-eginner/Documents/Soccer_Data/env/lib/python3.8/site-packages/airflow/example_dags/example_latest_only_with_trigger.py took 0.467 seconds
[2022-01-28 20:57:34,942] {processor.py:163} INFO - Started process (PID=18477) to work on /home/data-eginner/Documents/Soccer_Data/env/lib/python3.8/site-packages/airflow/example_dags/example_latest_only_with_trigger.py
[2022-01-28 20:57:35,036] {processor.py:642} INFO - Processing file /home/data-eginner/Documents/Soccer_Data/env/lib/python3.8/site-packages/airflow/example_dags/example_latest_only_with_trigger.py for tasks to queue
[2022-01-28 20:57:35,037] {logging_mixin.py:109} INFO - [2022-01-28 20:57:35,037] {dagbag.py:500} INFO - Filling up the DagBag from /home/data-eginner/Documents/Soccer_Data/env/lib/python3.8/site-packages/airflow/example_dags/example_latest_only_with_trigger.py
[2022-01-28 20:57:35,090] {processor.py:654} INFO - DAG(s) dict_keys(['latest_only_with_trigger']) retrieved from /home/data-eginner/Documents/Soccer_Data/env/lib/python3.8/site-packages/airflow/example_dags/example_latest_only_with_trigger.py
[2022-01-28 20:57:35,115] {logging_mixin.py:109} INFO - [2022-01-28 20:57:35,115] {dag.py:2396} INFO - Sync 1 DAGs
[2022-01-28 20:57:35,152] {logging_mixin.py:109} INFO - [2022-01-28 20:57:35,152] {dag.py:2935} INFO - Setting next_dagrun for latest_only_with_trigger to 2022-01-28T19:57:35.151779+00:00
[2022-01-28 20:57:35,187] {processor.py:171} INFO - Processing /home/data-eginner/Documents/Soccer_Data/env/lib/python3.8/site-packages/airflow/example_dags/example_latest_only_with_trigger.py took 0.250 seconds
[2022-01-28 20:58:49,683] {processor.py:163} INFO - Started process (PID=18729) to work on /home/data-eginner/Documents/Soccer_Data/env/lib/python3.8/site-packages/airflow/example_dags/example_latest_only_with_trigger.py
[2022-01-28 20:58:49,692] {processor.py:642} INFO - Processing file /home/data-eginner/Documents/Soccer_Data/env/lib/python3.8/site-packages/airflow/example_dags/example_latest_only_with_trigger.py for tasks to queue
[2022-01-28 20:58:49,692] {logging_mixin.py:109} INFO - [2022-01-28 20:58:49,692] {dagbag.py:500} INFO - Filling up the DagBag from /home/data-eginner/Documents/Soccer_Data/env/lib/python3.8/site-packages/airflow/example_dags/example_latest_only_with_trigger.py
[2022-01-28 20:58:49,773] {processor.py:654} INFO - DAG(s) dict_keys(['latest_only_with_trigger']) retrieved from /home/data-eginner/Documents/Soccer_Data/env/lib/python3.8/site-packages/airflow/example_dags/example_latest_only_with_trigger.py
[2022-01-28 20:58:49,808] {logging_mixin.py:109} INFO - [2022-01-28 20:58:49,808] {dag.py:2396} INFO - Sync 1 DAGs
[2022-01-28 20:58:49,862] {logging_mixin.py:109} INFO - [2022-01-28 20:58:49,862] {dag.py:2935} INFO - Setting next_dagrun for latest_only_with_trigger to 2022-01-28T19:58:49.861849+00:00
[2022-01-28 20:58:49,920] {processor.py:171} INFO - Processing /home/data-eginner/Documents/Soccer_Data/env/lib/python3.8/site-packages/airflow/example_dags/example_latest_only_with_trigger.py took 0.277 seconds
