[2022-01-28 20:49:39,267] {processor.py:163} INFO - Started process (PID=16402) to work on /home/data-eginner/Documents/Soccer_Data/env/lib/python3.8/site-packages/airflow/example_dags/example_trigger_controller_dag.py
[2022-01-28 20:49:39,268] {processor.py:642} INFO - Processing file /home/data-eginner/Documents/Soccer_Data/env/lib/python3.8/site-packages/airflow/example_dags/example_trigger_controller_dag.py for tasks to queue
[2022-01-28 20:49:39,269] {logging_mixin.py:109} INFO - [2022-01-28 20:49:39,269] {dagbag.py:500} INFO - Filling up the DagBag from /home/data-eginner/Documents/Soccer_Data/env/lib/python3.8/site-packages/airflow/example_dags/example_trigger_controller_dag.py
[2022-01-28 20:49:39,315] {processor.py:654} INFO - DAG(s) dict_keys(['example_trigger_controller_dag']) retrieved from /home/data-eginner/Documents/Soccer_Data/env/lib/python3.8/site-packages/airflow/example_dags/example_trigger_controller_dag.py
[2022-01-28 20:49:39,323] {logging_mixin.py:109} INFO - [2022-01-28 20:49:39,323] {dag.py:2396} INFO - Sync 1 DAGs
[2022-01-28 20:49:39,335] {logging_mixin.py:109} INFO - [2022-01-28 20:49:39,335] {dag.py:2935} INFO - Setting next_dagrun for example_trigger_controller_dag to 2021-01-01T00:00:00+00:00
[2022-01-28 20:49:39,371] {processor.py:171} INFO - Processing /home/data-eginner/Documents/Soccer_Data/env/lib/python3.8/site-packages/airflow/example_dags/example_trigger_controller_dag.py took 0.130 seconds
[2022-01-28 20:50:18,530] {processor.py:163} INFO - Started process (PID=16607) to work on /home/data-eginner/Documents/Soccer_Data/env/lib/python3.8/site-packages/airflow/example_dags/example_trigger_controller_dag.py
[2022-01-28 20:50:18,532] {processor.py:642} INFO - Processing file /home/data-eginner/Documents/Soccer_Data/env/lib/python3.8/site-packages/airflow/example_dags/example_trigger_controller_dag.py for tasks to queue
[2022-01-28 20:50:18,533] {logging_mixin.py:109} INFO - [2022-01-28 20:50:18,533] {dagbag.py:500} INFO - Filling up the DagBag from /home/data-eginner/Documents/Soccer_Data/env/lib/python3.8/site-packages/airflow/example_dags/example_trigger_controller_dag.py
[2022-01-28 20:50:18,548] {processor.py:654} INFO - DAG(s) dict_keys(['example_trigger_controller_dag']) retrieved from /home/data-eginner/Documents/Soccer_Data/env/lib/python3.8/site-packages/airflow/example_dags/example_trigger_controller_dag.py
[2022-01-28 20:50:18,558] {logging_mixin.py:109} INFO - [2022-01-28 20:50:18,558] {dag.py:2396} INFO - Sync 1 DAGs
[2022-01-28 20:50:18,573] {logging_mixin.py:109} INFO - [2022-01-28 20:50:18,573] {dag.py:2935} INFO - Setting next_dagrun for example_trigger_controller_dag to 2021-01-01T00:00:00+00:00
[2022-01-28 20:50:18,587] {processor.py:171} INFO - Processing /home/data-eginner/Documents/Soccer_Data/env/lib/python3.8/site-packages/airflow/example_dags/example_trigger_controller_dag.py took 0.060 seconds
[2022-01-28 20:50:58,644] {processor.py:163} INFO - Started process (PID=16780) to work on /home/data-eginner/Documents/Soccer_Data/env/lib/python3.8/site-packages/airflow/example_dags/example_trigger_controller_dag.py
[2022-01-28 20:50:58,647] {processor.py:642} INFO - Processing file /home/data-eginner/Documents/Soccer_Data/env/lib/python3.8/site-packages/airflow/example_dags/example_trigger_controller_dag.py for tasks to queue
[2022-01-28 20:50:58,648] {logging_mixin.py:109} INFO - [2022-01-28 20:50:58,648] {dagbag.py:500} INFO - Filling up the DagBag from /home/data-eginner/Documents/Soccer_Data/env/lib/python3.8/site-packages/airflow/example_dags/example_trigger_controller_dag.py
[2022-01-28 20:50:58,688] {processor.py:654} INFO - DAG(s) dict_keys(['example_trigger_controller_dag']) retrieved from /home/data-eginner/Documents/Soccer_Data/env/lib/python3.8/site-packages/airflow/example_dags/example_trigger_controller_dag.py
[2022-01-28 20:50:58,708] {logging_mixin.py:109} INFO - [2022-01-28 20:50:58,708] {dag.py:2396} INFO - Sync 1 DAGs
[2022-01-28 20:50:58,736] {logging_mixin.py:109} INFO - [2022-01-28 20:50:58,736] {dag.py:2935} INFO - Setting next_dagrun for example_trigger_controller_dag to 2021-01-01T00:00:00+00:00
[2022-01-28 20:50:58,763] {processor.py:171} INFO - Processing /home/data-eginner/Documents/Soccer_Data/env/lib/python3.8/site-packages/airflow/example_dags/example_trigger_controller_dag.py took 0.124 seconds
[2022-01-28 20:51:33,664] {processor.py:163} INFO - Started process (PID=16934) to work on /home/data-eginner/Documents/Soccer_Data/env/lib/python3.8/site-packages/airflow/example_dags/example_trigger_controller_dag.py
[2022-01-28 20:51:33,667] {processor.py:642} INFO - Processing file /home/data-eginner/Documents/Soccer_Data/env/lib/python3.8/site-packages/airflow/example_dags/example_trigger_controller_dag.py for tasks to queue
[2022-01-28 20:51:33,667] {logging_mixin.py:109} INFO - [2022-01-28 20:51:33,667] {dagbag.py:500} INFO - Filling up the DagBag from /home/data-eginner/Documents/Soccer_Data/env/lib/python3.8/site-packages/airflow/example_dags/example_trigger_controller_dag.py
[2022-01-28 20:51:33,705] {processor.py:654} INFO - DAG(s) dict_keys(['example_trigger_controller_dag']) retrieved from /home/data-eginner/Documents/Soccer_Data/env/lib/python3.8/site-packages/airflow/example_dags/example_trigger_controller_dag.py
[2022-01-28 20:51:33,716] {logging_mixin.py:109} INFO - [2022-01-28 20:51:33,716] {dag.py:2396} INFO - Sync 1 DAGs
[2022-01-28 20:51:33,728] {logging_mixin.py:109} INFO - [2022-01-28 20:51:33,728] {dag.py:2935} INFO - Setting next_dagrun for example_trigger_controller_dag to 2021-01-01T00:00:00+00:00
[2022-01-28 20:51:33,744] {processor.py:171} INFO - Processing /home/data-eginner/Documents/Soccer_Data/env/lib/python3.8/site-packages/airflow/example_dags/example_trigger_controller_dag.py took 0.082 seconds
[2022-01-28 20:52:15,253] {processor.py:163} INFO - Started process (PID=17323) to work on /home/data-eginner/Documents/Soccer_Data/env/lib/python3.8/site-packages/airflow/example_dags/example_trigger_controller_dag.py
[2022-01-28 20:52:15,274] {processor.py:642} INFO - Processing file /home/data-eginner/Documents/Soccer_Data/env/lib/python3.8/site-packages/airflow/example_dags/example_trigger_controller_dag.py for tasks to queue
[2022-01-28 20:52:15,275] {logging_mixin.py:109} INFO - [2022-01-28 20:52:15,275] {dagbag.py:500} INFO - Filling up the DagBag from /home/data-eginner/Documents/Soccer_Data/env/lib/python3.8/site-packages/airflow/example_dags/example_trigger_controller_dag.py
[2022-01-28 20:52:15,316] {processor.py:654} INFO - DAG(s) dict_keys(['example_trigger_controller_dag']) retrieved from /home/data-eginner/Documents/Soccer_Data/env/lib/python3.8/site-packages/airflow/example_dags/example_trigger_controller_dag.py
[2022-01-28 20:52:15,369] {logging_mixin.py:109} INFO - [2022-01-28 20:52:15,369] {dag.py:2396} INFO - Sync 1 DAGs
[2022-01-28 20:52:15,383] {logging_mixin.py:109} INFO - [2022-01-28 20:52:15,383] {dag.py:2935} INFO - Setting next_dagrun for example_trigger_controller_dag to 2021-01-01T00:00:00+00:00
[2022-01-28 20:52:15,461] {processor.py:171} INFO - Processing /home/data-eginner/Documents/Soccer_Data/env/lib/python3.8/site-packages/airflow/example_dags/example_trigger_controller_dag.py took 0.210 seconds
[2022-01-28 20:52:56,041] {processor.py:163} INFO - Started process (PID=17504) to work on /home/data-eginner/Documents/Soccer_Data/env/lib/python3.8/site-packages/airflow/example_dags/example_trigger_controller_dag.py
[2022-01-28 20:52:56,054] {processor.py:642} INFO - Processing file /home/data-eginner/Documents/Soccer_Data/env/lib/python3.8/site-packages/airflow/example_dags/example_trigger_controller_dag.py for tasks to queue
[2022-01-28 20:52:56,055] {logging_mixin.py:109} INFO - [2022-01-28 20:52:56,055] {dagbag.py:500} INFO - Filling up the DagBag from /home/data-eginner/Documents/Soccer_Data/env/lib/python3.8/site-packages/airflow/example_dags/example_trigger_controller_dag.py
[2022-01-28 20:52:56,085] {processor.py:654} INFO - DAG(s) dict_keys(['example_trigger_controller_dag']) retrieved from /home/data-eginner/Documents/Soccer_Data/env/lib/python3.8/site-packages/airflow/example_dags/example_trigger_controller_dag.py
[2022-01-28 20:52:56,099] {logging_mixin.py:109} INFO - [2022-01-28 20:52:56,098] {dag.py:2396} INFO - Sync 1 DAGs
[2022-01-28 20:52:56,115] {logging_mixin.py:109} INFO - [2022-01-28 20:52:56,115] {dag.py:2935} INFO - Setting next_dagrun for example_trigger_controller_dag to 2021-01-01T00:00:00+00:00
[2022-01-28 20:52:56,135] {processor.py:171} INFO - Processing /home/data-eginner/Documents/Soccer_Data/env/lib/python3.8/site-packages/airflow/example_dags/example_trigger_controller_dag.py took 0.108 seconds
[2022-01-28 20:53:46,120] {processor.py:163} INFO - Started process (PID=17703) to work on /home/data-eginner/Documents/Soccer_Data/env/lib/python3.8/site-packages/airflow/example_dags/example_trigger_controller_dag.py
[2022-01-28 20:53:46,135] {processor.py:642} INFO - Processing file /home/data-eginner/Documents/Soccer_Data/env/lib/python3.8/site-packages/airflow/example_dags/example_trigger_controller_dag.py for tasks to queue
[2022-01-28 20:53:46,136] {logging_mixin.py:109} INFO - [2022-01-28 20:53:46,136] {dagbag.py:500} INFO - Filling up the DagBag from /home/data-eginner/Documents/Soccer_Data/env/lib/python3.8/site-packages/airflow/example_dags/example_trigger_controller_dag.py
[2022-01-28 20:53:46,205] {processor.py:654} INFO - DAG(s) dict_keys(['example_trigger_controller_dag']) retrieved from /home/data-eginner/Documents/Soccer_Data/env/lib/python3.8/site-packages/airflow/example_dags/example_trigger_controller_dag.py
[2022-01-28 20:53:46,225] {logging_mixin.py:109} INFO - [2022-01-28 20:53:46,224] {dag.py:2396} INFO - Sync 1 DAGs
[2022-01-28 20:53:46,257] {logging_mixin.py:109} INFO - [2022-01-28 20:53:46,257] {dag.py:2935} INFO - Setting next_dagrun for example_trigger_controller_dag to 2021-01-01T00:00:00+00:00
[2022-01-28 20:53:46,295] {processor.py:171} INFO - Processing /home/data-eginner/Documents/Soccer_Data/env/lib/python3.8/site-packages/airflow/example_dags/example_trigger_controller_dag.py took 0.178 seconds
[2022-01-28 20:54:30,304] {processor.py:163} INFO - Started process (PID=17852) to work on /home/data-eginner/Documents/Soccer_Data/env/lib/python3.8/site-packages/airflow/example_dags/example_trigger_controller_dag.py
[2022-01-28 20:54:30,326] {processor.py:642} INFO - Processing file /home/data-eginner/Documents/Soccer_Data/env/lib/python3.8/site-packages/airflow/example_dags/example_trigger_controller_dag.py for tasks to queue
[2022-01-28 20:54:30,327] {logging_mixin.py:109} INFO - [2022-01-28 20:54:30,327] {dagbag.py:500} INFO - Filling up the DagBag from /home/data-eginner/Documents/Soccer_Data/env/lib/python3.8/site-packages/airflow/example_dags/example_trigger_controller_dag.py
[2022-01-28 20:54:30,390] {processor.py:654} INFO - DAG(s) dict_keys(['example_trigger_controller_dag']) retrieved from /home/data-eginner/Documents/Soccer_Data/env/lib/python3.8/site-packages/airflow/example_dags/example_trigger_controller_dag.py
[2022-01-28 20:54:30,452] {logging_mixin.py:109} INFO - [2022-01-28 20:54:30,452] {dag.py:2396} INFO - Sync 1 DAGs
[2022-01-28 20:54:30,499] {logging_mixin.py:109} INFO - [2022-01-28 20:54:30,499] {dag.py:2935} INFO - Setting next_dagrun for example_trigger_controller_dag to 2021-01-01T00:00:00+00:00
[2022-01-28 20:54:30,561] {processor.py:171} INFO - Processing /home/data-eginner/Documents/Soccer_Data/env/lib/python3.8/site-packages/airflow/example_dags/example_trigger_controller_dag.py took 0.276 seconds
[2022-01-28 20:55:13,611] {processor.py:163} INFO - Started process (PID=17998) to work on /home/data-eginner/Documents/Soccer_Data/env/lib/python3.8/site-packages/airflow/example_dags/example_trigger_controller_dag.py
[2022-01-28 20:55:13,619] {processor.py:642} INFO - Processing file /home/data-eginner/Documents/Soccer_Data/env/lib/python3.8/site-packages/airflow/example_dags/example_trigger_controller_dag.py for tasks to queue
[2022-01-28 20:55:13,620] {logging_mixin.py:109} INFO - [2022-01-28 20:55:13,620] {dagbag.py:500} INFO - Filling up the DagBag from /home/data-eginner/Documents/Soccer_Data/env/lib/python3.8/site-packages/airflow/example_dags/example_trigger_controller_dag.py
[2022-01-28 20:55:13,664] {processor.py:654} INFO - DAG(s) dict_keys(['example_trigger_controller_dag']) retrieved from /home/data-eginner/Documents/Soccer_Data/env/lib/python3.8/site-packages/airflow/example_dags/example_trigger_controller_dag.py
[2022-01-28 20:55:13,692] {logging_mixin.py:109} INFO - [2022-01-28 20:55:13,692] {dag.py:2396} INFO - Sync 1 DAGs
[2022-01-28 20:55:13,739] {logging_mixin.py:109} INFO - [2022-01-28 20:55:13,739] {dag.py:2935} INFO - Setting next_dagrun for example_trigger_controller_dag to 2021-01-01T00:00:00+00:00
[2022-01-28 20:55:13,777] {processor.py:171} INFO - Processing /home/data-eginner/Documents/Soccer_Data/env/lib/python3.8/site-packages/airflow/example_dags/example_trigger_controller_dag.py took 0.169 seconds
[2022-01-28 20:56:00,303] {processor.py:163} INFO - Started process (PID=18154) to work on /home/data-eginner/Documents/Soccer_Data/env/lib/python3.8/site-packages/airflow/example_dags/example_trigger_controller_dag.py
[2022-01-28 20:56:00,316] {processor.py:642} INFO - Processing file /home/data-eginner/Documents/Soccer_Data/env/lib/python3.8/site-packages/airflow/example_dags/example_trigger_controller_dag.py for tasks to queue
[2022-01-28 20:56:00,317] {logging_mixin.py:109} INFO - [2022-01-28 20:56:00,316] {dagbag.py:500} INFO - Filling up the DagBag from /home/data-eginner/Documents/Soccer_Data/env/lib/python3.8/site-packages/airflow/example_dags/example_trigger_controller_dag.py
[2022-01-28 20:56:00,357] {processor.py:654} INFO - DAG(s) dict_keys(['example_trigger_controller_dag']) retrieved from /home/data-eginner/Documents/Soccer_Data/env/lib/python3.8/site-packages/airflow/example_dags/example_trigger_controller_dag.py
[2022-01-28 20:56:00,431] {logging_mixin.py:109} INFO - [2022-01-28 20:56:00,431] {dag.py:2396} INFO - Sync 1 DAGs
[2022-01-28 20:56:00,533] {logging_mixin.py:109} INFO - [2022-01-28 20:56:00,533] {dag.py:2935} INFO - Setting next_dagrun for example_trigger_controller_dag to 2021-01-01T00:00:00+00:00
[2022-01-28 20:56:00,583] {processor.py:171} INFO - Processing /home/data-eginner/Documents/Soccer_Data/env/lib/python3.8/site-packages/airflow/example_dags/example_trigger_controller_dag.py took 0.283 seconds
[2022-01-28 20:56:52,112] {processor.py:163} INFO - Started process (PID=18321) to work on /home/data-eginner/Documents/Soccer_Data/env/lib/python3.8/site-packages/airflow/example_dags/example_trigger_controller_dag.py
[2022-01-28 20:56:52,130] {processor.py:642} INFO - Processing file /home/data-eginner/Documents/Soccer_Data/env/lib/python3.8/site-packages/airflow/example_dags/example_trigger_controller_dag.py for tasks to queue
[2022-01-28 20:56:52,130] {logging_mixin.py:109} INFO - [2022-01-28 20:56:52,130] {dagbag.py:500} INFO - Filling up the DagBag from /home/data-eginner/Documents/Soccer_Data/env/lib/python3.8/site-packages/airflow/example_dags/example_trigger_controller_dag.py
[2022-01-28 20:56:52,163] {processor.py:654} INFO - DAG(s) dict_keys(['example_trigger_controller_dag']) retrieved from /home/data-eginner/Documents/Soccer_Data/env/lib/python3.8/site-packages/airflow/example_dags/example_trigger_controller_dag.py
[2022-01-28 20:56:52,182] {logging_mixin.py:109} INFO - [2022-01-28 20:56:52,182] {dag.py:2396} INFO - Sync 1 DAGs
[2022-01-28 20:56:52,211] {logging_mixin.py:109} INFO - [2022-01-28 20:56:52,211] {dag.py:2935} INFO - Setting next_dagrun for example_trigger_controller_dag to 2021-01-01T00:00:00+00:00
[2022-01-28 20:56:52,252] {processor.py:171} INFO - Processing /home/data-eginner/Documents/Soccer_Data/env/lib/python3.8/site-packages/airflow/example_dags/example_trigger_controller_dag.py took 0.148 seconds
[2022-01-28 20:57:31,776] {processor.py:163} INFO - Started process (PID=18465) to work on /home/data-eginner/Documents/Soccer_Data/env/lib/python3.8/site-packages/airflow/example_dags/example_trigger_controller_dag.py
[2022-01-28 20:57:31,779] {processor.py:642} INFO - Processing file /home/data-eginner/Documents/Soccer_Data/env/lib/python3.8/site-packages/airflow/example_dags/example_trigger_controller_dag.py for tasks to queue
[2022-01-28 20:57:31,800] {logging_mixin.py:109} INFO - [2022-01-28 20:57:31,800] {dagbag.py:500} INFO - Filling up the DagBag from /home/data-eginner/Documents/Soccer_Data/env/lib/python3.8/site-packages/airflow/example_dags/example_trigger_controller_dag.py
[2022-01-28 20:57:31,880] {processor.py:654} INFO - DAG(s) dict_keys(['example_trigger_controller_dag']) retrieved from /home/data-eginner/Documents/Soccer_Data/env/lib/python3.8/site-packages/airflow/example_dags/example_trigger_controller_dag.py
[2022-01-28 20:57:31,928] {logging_mixin.py:109} INFO - [2022-01-28 20:57:31,928] {dag.py:2396} INFO - Sync 1 DAGs
[2022-01-28 20:57:32,015] {logging_mixin.py:109} INFO - [2022-01-28 20:57:32,015] {dag.py:2935} INFO - Setting next_dagrun for example_trigger_controller_dag to 2021-01-01T00:00:00+00:00
[2022-01-28 20:57:32,106] {processor.py:171} INFO - Processing /home/data-eginner/Documents/Soccer_Data/env/lib/python3.8/site-packages/airflow/example_dags/example_trigger_controller_dag.py took 0.358 seconds
[2022-01-28 20:58:15,020] {processor.py:163} INFO - Started process (PID=18613) to work on /home/data-eginner/Documents/Soccer_Data/env/lib/python3.8/site-packages/airflow/example_dags/example_trigger_controller_dag.py
[2022-01-28 20:58:15,022] {processor.py:642} INFO - Processing file /home/data-eginner/Documents/Soccer_Data/env/lib/python3.8/site-packages/airflow/example_dags/example_trigger_controller_dag.py for tasks to queue
[2022-01-28 20:58:15,023] {logging_mixin.py:109} INFO - [2022-01-28 20:58:15,023] {dagbag.py:500} INFO - Filling up the DagBag from /home/data-eginner/Documents/Soccer_Data/env/lib/python3.8/site-packages/airflow/example_dags/example_trigger_controller_dag.py
[2022-01-28 20:58:15,078] {processor.py:654} INFO - DAG(s) dict_keys(['example_trigger_controller_dag']) retrieved from /home/data-eginner/Documents/Soccer_Data/env/lib/python3.8/site-packages/airflow/example_dags/example_trigger_controller_dag.py
[2022-01-28 20:58:15,091] {logging_mixin.py:109} INFO - [2022-01-28 20:58:15,091] {dag.py:2396} INFO - Sync 1 DAGs
[2022-01-28 20:58:15,146] {logging_mixin.py:109} INFO - [2022-01-28 20:58:15,146] {dag.py:2935} INFO - Setting next_dagrun for example_trigger_controller_dag to 2021-01-01T00:00:00+00:00
[2022-01-28 20:58:15,230] {processor.py:171} INFO - Processing /home/data-eginner/Documents/Soccer_Data/env/lib/python3.8/site-packages/airflow/example_dags/example_trigger_controller_dag.py took 0.225 seconds
[2022-01-28 20:59:10,379] {processor.py:163} INFO - Started process (PID=18774) to work on /home/data-eginner/Documents/Soccer_Data/env/lib/python3.8/site-packages/airflow/example_dags/example_trigger_controller_dag.py
[2022-01-28 20:59:10,405] {processor.py:642} INFO - Processing file /home/data-eginner/Documents/Soccer_Data/env/lib/python3.8/site-packages/airflow/example_dags/example_trigger_controller_dag.py for tasks to queue
[2022-01-28 20:59:10,407] {logging_mixin.py:109} INFO - [2022-01-28 20:59:10,406] {dagbag.py:500} INFO - Filling up the DagBag from /home/data-eginner/Documents/Soccer_Data/env/lib/python3.8/site-packages/airflow/example_dags/example_trigger_controller_dag.py
[2022-01-28 20:59:10,542] {processor.py:654} INFO - DAG(s) dict_keys(['example_trigger_controller_dag']) retrieved from /home/data-eginner/Documents/Soccer_Data/env/lib/python3.8/site-packages/airflow/example_dags/example_trigger_controller_dag.py
[2022-01-28 20:59:10,594] {logging_mixin.py:109} INFO - [2022-01-28 20:59:10,594] {dag.py:2396} INFO - Sync 1 DAGs
[2022-01-28 20:59:10,726] {logging_mixin.py:109} INFO - [2022-01-28 20:59:10,726] {dag.py:2935} INFO - Setting next_dagrun for example_trigger_controller_dag to 2021-01-01T00:00:00+00:00
[2022-01-28 20:59:10,776] {processor.py:171} INFO - Processing /home/data-eginner/Documents/Soccer_Data/env/lib/python3.8/site-packages/airflow/example_dags/example_trigger_controller_dag.py took 0.439 seconds
