[2022-01-28 20:49:49,802] {processor.py:163} INFO - Started process (PID=16469) to work on /home/data-eginner/Documents/Soccer_Data/env/lib/python3.8/site-packages/airflow/example_dags/example_kubernetes_executor.py
[2022-01-28 20:49:49,803] {processor.py:642} INFO - Processing file /home/data-eginner/Documents/Soccer_Data/env/lib/python3.8/site-packages/airflow/example_dags/example_kubernetes_executor.py for tasks to queue
[2022-01-28 20:49:49,804] {logging_mixin.py:109} INFO - [2022-01-28 20:49:49,803] {dagbag.py:500} INFO - Filling up the DagBag from /home/data-eginner/Documents/Soccer_Data/env/lib/python3.8/site-packages/airflow/example_dags/example_kubernetes_executor.py
[2022-01-28 20:49:49,823] {logging_mixin.py:109} INFO - [2022-01-28 20:49:49,823] {example_kubernetes_executor.py:38} WARNING - The example_kubernetes_executor example DAG requires the kubernetes provider. Please install it with: pip install apache-airflow[cncf.kubernetes]
[2022-01-28 20:49:49,830] {processor.py:656} WARNING - No viable dags retrieved from /home/data-eginner/Documents/Soccer_Data/env/lib/python3.8/site-packages/airflow/example_dags/example_kubernetes_executor.py
[2022-01-28 20:49:49,832] {processor.py:171} INFO - Processing /home/data-eginner/Documents/Soccer_Data/env/lib/python3.8/site-packages/airflow/example_dags/example_kubernetes_executor.py took 0.055 seconds
[2022-01-28 20:50:27,871] {processor.py:163} INFO - Started process (PID=16651) to work on /home/data-eginner/Documents/Soccer_Data/env/lib/python3.8/site-packages/airflow/example_dags/example_kubernetes_executor.py
[2022-01-28 20:50:27,880] {processor.py:642} INFO - Processing file /home/data-eginner/Documents/Soccer_Data/env/lib/python3.8/site-packages/airflow/example_dags/example_kubernetes_executor.py for tasks to queue
[2022-01-28 20:50:27,881] {logging_mixin.py:109} INFO - [2022-01-28 20:50:27,881] {dagbag.py:500} INFO - Filling up the DagBag from /home/data-eginner/Documents/Soccer_Data/env/lib/python3.8/site-packages/airflow/example_dags/example_kubernetes_executor.py
[2022-01-28 20:50:27,922] {logging_mixin.py:109} INFO - [2022-01-28 20:50:27,922] {example_kubernetes_executor.py:38} WARNING - The example_kubernetes_executor example DAG requires the kubernetes provider. Please install it with: pip install apache-airflow[cncf.kubernetes]
[2022-01-28 20:50:27,976] {processor.py:656} WARNING - No viable dags retrieved from /home/data-eginner/Documents/Soccer_Data/env/lib/python3.8/site-packages/airflow/example_dags/example_kubernetes_executor.py
[2022-01-28 20:50:27,978] {processor.py:171} INFO - Processing /home/data-eginner/Documents/Soccer_Data/env/lib/python3.8/site-packages/airflow/example_dags/example_kubernetes_executor.py took 0.122 seconds
[2022-01-28 20:51:07,406] {processor.py:163} INFO - Started process (PID=16823) to work on /home/data-eginner/Documents/Soccer_Data/env/lib/python3.8/site-packages/airflow/example_dags/example_kubernetes_executor.py
[2022-01-28 20:51:07,417] {processor.py:642} INFO - Processing file /home/data-eginner/Documents/Soccer_Data/env/lib/python3.8/site-packages/airflow/example_dags/example_kubernetes_executor.py for tasks to queue
[2022-01-28 20:51:07,418] {logging_mixin.py:109} INFO - [2022-01-28 20:51:07,417] {dagbag.py:500} INFO - Filling up the DagBag from /home/data-eginner/Documents/Soccer_Data/env/lib/python3.8/site-packages/airflow/example_dags/example_kubernetes_executor.py
[2022-01-28 20:51:07,428] {logging_mixin.py:109} INFO - [2022-01-28 20:51:07,428] {example_kubernetes_executor.py:38} WARNING - The example_kubernetes_executor example DAG requires the kubernetes provider. Please install it with: pip install apache-airflow[cncf.kubernetes]
[2022-01-28 20:51:07,440] {processor.py:656} WARNING - No viable dags retrieved from /home/data-eginner/Documents/Soccer_Data/env/lib/python3.8/site-packages/airflow/example_dags/example_kubernetes_executor.py
[2022-01-28 20:51:07,443] {processor.py:171} INFO - Processing /home/data-eginner/Documents/Soccer_Data/env/lib/python3.8/site-packages/airflow/example_dags/example_kubernetes_executor.py took 0.040 seconds
[2022-01-28 20:51:45,899] {processor.py:163} INFO - Started process (PID=17019) to work on /home/data-eginner/Documents/Soccer_Data/env/lib/python3.8/site-packages/airflow/example_dags/example_kubernetes_executor.py
[2022-01-28 20:51:45,917] {processor.py:642} INFO - Processing file /home/data-eginner/Documents/Soccer_Data/env/lib/python3.8/site-packages/airflow/example_dags/example_kubernetes_executor.py for tasks to queue
[2022-01-28 20:51:45,917] {logging_mixin.py:109} INFO - [2022-01-28 20:51:45,917] {dagbag.py:500} INFO - Filling up the DagBag from /home/data-eginner/Documents/Soccer_Data/env/lib/python3.8/site-packages/airflow/example_dags/example_kubernetes_executor.py
[2022-01-28 20:51:45,950] {logging_mixin.py:109} INFO - [2022-01-28 20:51:45,950] {example_kubernetes_executor.py:38} WARNING - The example_kubernetes_executor example DAG requires the kubernetes provider. Please install it with: pip install apache-airflow[cncf.kubernetes]
[2022-01-28 20:51:46,011] {processor.py:656} WARNING - No viable dags retrieved from /home/data-eginner/Documents/Soccer_Data/env/lib/python3.8/site-packages/airflow/example_dags/example_kubernetes_executor.py
[2022-01-28 20:51:46,013] {processor.py:171} INFO - Processing /home/data-eginner/Documents/Soccer_Data/env/lib/python3.8/site-packages/airflow/example_dags/example_kubernetes_executor.py took 0.152 seconds
[2022-01-28 20:52:29,135] {processor.py:163} INFO - Started process (PID=17398) to work on /home/data-eginner/Documents/Soccer_Data/env/lib/python3.8/site-packages/airflow/example_dags/example_kubernetes_executor.py
[2022-01-28 20:52:29,147] {processor.py:642} INFO - Processing file /home/data-eginner/Documents/Soccer_Data/env/lib/python3.8/site-packages/airflow/example_dags/example_kubernetes_executor.py for tasks to queue
[2022-01-28 20:52:29,148] {logging_mixin.py:109} INFO - [2022-01-28 20:52:29,148] {dagbag.py:500} INFO - Filling up the DagBag from /home/data-eginner/Documents/Soccer_Data/env/lib/python3.8/site-packages/airflow/example_dags/example_kubernetes_executor.py
[2022-01-28 20:52:29,172] {logging_mixin.py:109} INFO - [2022-01-28 20:52:29,172] {example_kubernetes_executor.py:38} WARNING - The example_kubernetes_executor example DAG requires the kubernetes provider. Please install it with: pip install apache-airflow[cncf.kubernetes]
[2022-01-28 20:52:29,196] {processor.py:656} WARNING - No viable dags retrieved from /home/data-eginner/Documents/Soccer_Data/env/lib/python3.8/site-packages/airflow/example_dags/example_kubernetes_executor.py
[2022-01-28 20:52:29,212] {processor.py:171} INFO - Processing /home/data-eginner/Documents/Soccer_Data/env/lib/python3.8/site-packages/airflow/example_dags/example_kubernetes_executor.py took 0.082 seconds
[2022-01-28 20:53:10,501] {processor.py:163} INFO - Started process (PID=17573) to work on /home/data-eginner/Documents/Soccer_Data/env/lib/python3.8/site-packages/airflow/example_dags/example_kubernetes_executor.py
[2022-01-28 20:53:10,513] {processor.py:642} INFO - Processing file /home/data-eginner/Documents/Soccer_Data/env/lib/python3.8/site-packages/airflow/example_dags/example_kubernetes_executor.py for tasks to queue
[2022-01-28 20:53:10,513] {logging_mixin.py:109} INFO - [2022-01-28 20:53:10,513] {dagbag.py:500} INFO - Filling up the DagBag from /home/data-eginner/Documents/Soccer_Data/env/lib/python3.8/site-packages/airflow/example_dags/example_kubernetes_executor.py
[2022-01-28 20:53:10,553] {logging_mixin.py:109} INFO - [2022-01-28 20:53:10,553] {example_kubernetes_executor.py:38} WARNING - The example_kubernetes_executor example DAG requires the kubernetes provider. Please install it with: pip install apache-airflow[cncf.kubernetes]
[2022-01-28 20:53:10,580] {processor.py:656} WARNING - No viable dags retrieved from /home/data-eginner/Documents/Soccer_Data/env/lib/python3.8/site-packages/airflow/example_dags/example_kubernetes_executor.py
[2022-01-28 20:53:10,601] {processor.py:171} INFO - Processing /home/data-eginner/Documents/Soccer_Data/env/lib/python3.8/site-packages/airflow/example_dags/example_kubernetes_executor.py took 0.108 seconds
[2022-01-28 20:54:10,405] {processor.py:163} INFO - Started process (PID=17789) to work on /home/data-eginner/Documents/Soccer_Data/env/lib/python3.8/site-packages/airflow/example_dags/example_kubernetes_executor.py
[2022-01-28 20:54:10,410] {processor.py:642} INFO - Processing file /home/data-eginner/Documents/Soccer_Data/env/lib/python3.8/site-packages/airflow/example_dags/example_kubernetes_executor.py for tasks to queue
[2022-01-28 20:54:10,410] {logging_mixin.py:109} INFO - [2022-01-28 20:54:10,410] {dagbag.py:500} INFO - Filling up the DagBag from /home/data-eginner/Documents/Soccer_Data/env/lib/python3.8/site-packages/airflow/example_dags/example_kubernetes_executor.py
[2022-01-28 20:54:10,422] {logging_mixin.py:109} INFO - [2022-01-28 20:54:10,422] {example_kubernetes_executor.py:38} WARNING - The example_kubernetes_executor example DAG requires the kubernetes provider. Please install it with: pip install apache-airflow[cncf.kubernetes]
[2022-01-28 20:54:10,429] {processor.py:656} WARNING - No viable dags retrieved from /home/data-eginner/Documents/Soccer_Data/env/lib/python3.8/site-packages/airflow/example_dags/example_kubernetes_executor.py
[2022-01-28 20:54:10,435] {processor.py:171} INFO - Processing /home/data-eginner/Documents/Soccer_Data/env/lib/python3.8/site-packages/airflow/example_dags/example_kubernetes_executor.py took 0.033 seconds
[2022-01-28 20:54:59,269] {processor.py:163} INFO - Started process (PID=17942) to work on /home/data-eginner/Documents/Soccer_Data/env/lib/python3.8/site-packages/airflow/example_dags/example_kubernetes_executor.py
[2022-01-28 20:54:59,282] {processor.py:642} INFO - Processing file /home/data-eginner/Documents/Soccer_Data/env/lib/python3.8/site-packages/airflow/example_dags/example_kubernetes_executor.py for tasks to queue
[2022-01-28 20:54:59,284] {logging_mixin.py:109} INFO - [2022-01-28 20:54:59,283] {dagbag.py:500} INFO - Filling up the DagBag from /home/data-eginner/Documents/Soccer_Data/env/lib/python3.8/site-packages/airflow/example_dags/example_kubernetes_executor.py
[2022-01-28 20:54:59,322] {logging_mixin.py:109} INFO - [2022-01-28 20:54:59,322] {example_kubernetes_executor.py:38} WARNING - The example_kubernetes_executor example DAG requires the kubernetes provider. Please install it with: pip install apache-airflow[cncf.kubernetes]
[2022-01-28 20:54:59,356] {processor.py:656} WARNING - No viable dags retrieved from /home/data-eginner/Documents/Soccer_Data/env/lib/python3.8/site-packages/airflow/example_dags/example_kubernetes_executor.py
[2022-01-28 20:54:59,378] {processor.py:171} INFO - Processing /home/data-eginner/Documents/Soccer_Data/env/lib/python3.8/site-packages/airflow/example_dags/example_kubernetes_executor.py took 0.134 seconds
[2022-01-28 20:56:08,937] {processor.py:163} INFO - Started process (PID=18188) to work on /home/data-eginner/Documents/Soccer_Data/env/lib/python3.8/site-packages/airflow/example_dags/example_kubernetes_executor.py
[2022-01-28 20:56:08,955] {processor.py:642} INFO - Processing file /home/data-eginner/Documents/Soccer_Data/env/lib/python3.8/site-packages/airflow/example_dags/example_kubernetes_executor.py for tasks to queue
[2022-01-28 20:56:08,955] {logging_mixin.py:109} INFO - [2022-01-28 20:56:08,955] {dagbag.py:500} INFO - Filling up the DagBag from /home/data-eginner/Documents/Soccer_Data/env/lib/python3.8/site-packages/airflow/example_dags/example_kubernetes_executor.py
[2022-01-28 20:56:08,996] {logging_mixin.py:109} INFO - [2022-01-28 20:56:08,996] {example_kubernetes_executor.py:38} WARNING - The example_kubernetes_executor example DAG requires the kubernetes provider. Please install it with: pip install apache-airflow[cncf.kubernetes]
[2022-01-28 20:56:09,057] {processor.py:656} WARNING - No viable dags retrieved from /home/data-eginner/Documents/Soccer_Data/env/lib/python3.8/site-packages/airflow/example_dags/example_kubernetes_executor.py
[2022-01-28 20:56:09,062] {processor.py:171} INFO - Processing /home/data-eginner/Documents/Soccer_Data/env/lib/python3.8/site-packages/airflow/example_dags/example_kubernetes_executor.py took 0.131 seconds
[2022-01-28 20:57:00,277] {processor.py:163} INFO - Started process (PID=18355) to work on /home/data-eginner/Documents/Soccer_Data/env/lib/python3.8/site-packages/airflow/example_dags/example_kubernetes_executor.py
[2022-01-28 20:57:00,297] {processor.py:642} INFO - Processing file /home/data-eginner/Documents/Soccer_Data/env/lib/python3.8/site-packages/airflow/example_dags/example_kubernetes_executor.py for tasks to queue
[2022-01-28 20:57:00,298] {logging_mixin.py:109} INFO - [2022-01-28 20:57:00,298] {dagbag.py:500} INFO - Filling up the DagBag from /home/data-eginner/Documents/Soccer_Data/env/lib/python3.8/site-packages/airflow/example_dags/example_kubernetes_executor.py
[2022-01-28 20:57:00,320] {logging_mixin.py:109} INFO - [2022-01-28 20:57:00,320] {example_kubernetes_executor.py:38} WARNING - The example_kubernetes_executor example DAG requires the kubernetes provider. Please install it with: pip install apache-airflow[cncf.kubernetes]
[2022-01-28 20:57:00,340] {processor.py:656} WARNING - No viable dags retrieved from /home/data-eginner/Documents/Soccer_Data/env/lib/python3.8/site-packages/airflow/example_dags/example_kubernetes_executor.py
[2022-01-28 20:57:00,344] {processor.py:171} INFO - Processing /home/data-eginner/Documents/Soccer_Data/env/lib/python3.8/site-packages/airflow/example_dags/example_kubernetes_executor.py took 0.073 seconds
[2022-01-28 20:57:58,448] {processor.py:163} INFO - Started process (PID=18562) to work on /home/data-eginner/Documents/Soccer_Data/env/lib/python3.8/site-packages/airflow/example_dags/example_kubernetes_executor.py
[2022-01-28 20:57:58,452] {processor.py:642} INFO - Processing file /home/data-eginner/Documents/Soccer_Data/env/lib/python3.8/site-packages/airflow/example_dags/example_kubernetes_executor.py for tasks to queue
[2022-01-28 20:57:58,453] {logging_mixin.py:109} INFO - [2022-01-28 20:57:58,453] {dagbag.py:500} INFO - Filling up the DagBag from /home/data-eginner/Documents/Soccer_Data/env/lib/python3.8/site-packages/airflow/example_dags/example_kubernetes_executor.py
[2022-01-28 20:57:58,508] {logging_mixin.py:109} INFO - [2022-01-28 20:57:58,508] {example_kubernetes_executor.py:38} WARNING - The example_kubernetes_executor example DAG requires the kubernetes provider. Please install it with: pip install apache-airflow[cncf.kubernetes]
[2022-01-28 20:57:58,548] {processor.py:656} WARNING - No viable dags retrieved from /home/data-eginner/Documents/Soccer_Data/env/lib/python3.8/site-packages/airflow/example_dags/example_kubernetes_executor.py
[2022-01-28 20:57:58,551] {processor.py:171} INFO - Processing /home/data-eginner/Documents/Soccer_Data/env/lib/python3.8/site-packages/airflow/example_dags/example_kubernetes_executor.py took 0.170 seconds
[2022-01-28 20:58:48,207] {processor.py:163} INFO - Started process (PID=18724) to work on /home/data-eginner/Documents/Soccer_Data/env/lib/python3.8/site-packages/airflow/example_dags/example_kubernetes_executor.py
[2022-01-28 20:58:48,231] {processor.py:642} INFO - Processing file /home/data-eginner/Documents/Soccer_Data/env/lib/python3.8/site-packages/airflow/example_dags/example_kubernetes_executor.py for tasks to queue
[2022-01-28 20:58:48,232] {logging_mixin.py:109} INFO - [2022-01-28 20:58:48,232] {dagbag.py:500} INFO - Filling up the DagBag from /home/data-eginner/Documents/Soccer_Data/env/lib/python3.8/site-packages/airflow/example_dags/example_kubernetes_executor.py
[2022-01-28 20:58:48,314] {logging_mixin.py:109} INFO - [2022-01-28 20:58:48,314] {example_kubernetes_executor.py:38} WARNING - The example_kubernetes_executor example DAG requires the kubernetes provider. Please install it with: pip install apache-airflow[cncf.kubernetes]
[2022-01-28 20:58:48,369] {processor.py:656} WARNING - No viable dags retrieved from /home/data-eginner/Documents/Soccer_Data/env/lib/python3.8/site-packages/airflow/example_dags/example_kubernetes_executor.py
[2022-01-28 20:58:48,402] {processor.py:171} INFO - Processing /home/data-eginner/Documents/Soccer_Data/env/lib/python3.8/site-packages/airflow/example_dags/example_kubernetes_executor.py took 0.212 seconds
