[2022-01-28 20:49:40,560] {processor.py:163} INFO - Started process (PID=16407) to work on /home/data-eginner/Documents/Soccer_Data/env/lib/python3.8/site-packages/airflow/example_dags/example_trigger_target_dag.py
[2022-01-28 20:49:40,561] {processor.py:642} INFO - Processing file /home/data-eginner/Documents/Soccer_Data/env/lib/python3.8/site-packages/airflow/example_dags/example_trigger_target_dag.py for tasks to queue
[2022-01-28 20:49:40,562] {logging_mixin.py:109} INFO - [2022-01-28 20:49:40,561] {dagbag.py:500} INFO - Filling up the DagBag from /home/data-eginner/Documents/Soccer_Data/env/lib/python3.8/site-packages/airflow/example_dags/example_trigger_target_dag.py
[2022-01-28 20:49:40,631] {processor.py:654} INFO - DAG(s) dict_keys(['example_trigger_target_dag']) retrieved from /home/data-eginner/Documents/Soccer_Data/env/lib/python3.8/site-packages/airflow/example_dags/example_trigger_target_dag.py
[2022-01-28 20:49:40,649] {logging_mixin.py:109} INFO - [2022-01-28 20:49:40,649] {dag.py:2396} INFO - Sync 1 DAGs
[2022-01-28 20:49:40,675] {logging_mixin.py:109} INFO - [2022-01-28 20:49:40,674] {dag.py:2935} INFO - Setting next_dagrun for example_trigger_target_dag to None
[2022-01-28 20:49:40,698] {processor.py:171} INFO - Processing /home/data-eginner/Documents/Soccer_Data/env/lib/python3.8/site-packages/airflow/example_dags/example_trigger_target_dag.py took 0.161 seconds
[2022-01-28 20:50:19,728] {processor.py:163} INFO - Started process (PID=16616) to work on /home/data-eginner/Documents/Soccer_Data/env/lib/python3.8/site-packages/airflow/example_dags/example_trigger_target_dag.py
[2022-01-28 20:50:19,731] {processor.py:642} INFO - Processing file /home/data-eginner/Documents/Soccer_Data/env/lib/python3.8/site-packages/airflow/example_dags/example_trigger_target_dag.py for tasks to queue
[2022-01-28 20:50:19,732] {logging_mixin.py:109} INFO - [2022-01-28 20:50:19,732] {dagbag.py:500} INFO - Filling up the DagBag from /home/data-eginner/Documents/Soccer_Data/env/lib/python3.8/site-packages/airflow/example_dags/example_trigger_target_dag.py
[2022-01-28 20:50:19,762] {processor.py:654} INFO - DAG(s) dict_keys(['example_trigger_target_dag']) retrieved from /home/data-eginner/Documents/Soccer_Data/env/lib/python3.8/site-packages/airflow/example_dags/example_trigger_target_dag.py
[2022-01-28 20:50:19,769] {logging_mixin.py:109} INFO - [2022-01-28 20:50:19,769] {dag.py:2396} INFO - Sync 1 DAGs
[2022-01-28 20:50:19,786] {logging_mixin.py:109} INFO - [2022-01-28 20:50:19,785] {dag.py:2935} INFO - Setting next_dagrun for example_trigger_target_dag to None
[2022-01-28 20:50:19,828] {processor.py:171} INFO - Processing /home/data-eginner/Documents/Soccer_Data/env/lib/python3.8/site-packages/airflow/example_dags/example_trigger_target_dag.py took 0.103 seconds
[2022-01-28 20:50:59,936] {processor.py:163} INFO - Started process (PID=16788) to work on /home/data-eginner/Documents/Soccer_Data/env/lib/python3.8/site-packages/airflow/example_dags/example_trigger_target_dag.py
[2022-01-28 20:50:59,939] {processor.py:642} INFO - Processing file /home/data-eginner/Documents/Soccer_Data/env/lib/python3.8/site-packages/airflow/example_dags/example_trigger_target_dag.py for tasks to queue
[2022-01-28 20:50:59,940] {logging_mixin.py:109} INFO - [2022-01-28 20:50:59,940] {dagbag.py:500} INFO - Filling up the DagBag from /home/data-eginner/Documents/Soccer_Data/env/lib/python3.8/site-packages/airflow/example_dags/example_trigger_target_dag.py
[2022-01-28 20:50:59,979] {processor.py:654} INFO - DAG(s) dict_keys(['example_trigger_target_dag']) retrieved from /home/data-eginner/Documents/Soccer_Data/env/lib/python3.8/site-packages/airflow/example_dags/example_trigger_target_dag.py
[2022-01-28 20:50:59,990] {logging_mixin.py:109} INFO - [2022-01-28 20:50:59,990] {dag.py:2396} INFO - Sync 1 DAGs
[2022-01-28 20:51:00,013] {logging_mixin.py:109} INFO - [2022-01-28 20:51:00,013] {dag.py:2935} INFO - Setting next_dagrun for example_trigger_target_dag to None
[2022-01-28 20:51:00,056] {processor.py:171} INFO - Processing /home/data-eginner/Documents/Soccer_Data/env/lib/python3.8/site-packages/airflow/example_dags/example_trigger_target_dag.py took 0.124 seconds
[2022-01-28 20:51:37,413] {processor.py:163} INFO - Started process (PID=16951) to work on /home/data-eginner/Documents/Soccer_Data/env/lib/python3.8/site-packages/airflow/example_dags/example_trigger_target_dag.py
[2022-01-28 20:51:37,417] {processor.py:642} INFO - Processing file /home/data-eginner/Documents/Soccer_Data/env/lib/python3.8/site-packages/airflow/example_dags/example_trigger_target_dag.py for tasks to queue
[2022-01-28 20:51:37,418] {logging_mixin.py:109} INFO - [2022-01-28 20:51:37,418] {dagbag.py:500} INFO - Filling up the DagBag from /home/data-eginner/Documents/Soccer_Data/env/lib/python3.8/site-packages/airflow/example_dags/example_trigger_target_dag.py
[2022-01-28 20:51:37,445] {processor.py:654} INFO - DAG(s) dict_keys(['example_trigger_target_dag']) retrieved from /home/data-eginner/Documents/Soccer_Data/env/lib/python3.8/site-packages/airflow/example_dags/example_trigger_target_dag.py
[2022-01-28 20:51:37,453] {logging_mixin.py:109} INFO - [2022-01-28 20:51:37,453] {dag.py:2396} INFO - Sync 1 DAGs
[2022-01-28 20:51:37,463] {logging_mixin.py:109} INFO - [2022-01-28 20:51:37,463] {dag.py:2935} INFO - Setting next_dagrun for example_trigger_target_dag to None
[2022-01-28 20:51:37,480] {processor.py:171} INFO - Processing /home/data-eginner/Documents/Soccer_Data/env/lib/python3.8/site-packages/airflow/example_dags/example_trigger_target_dag.py took 0.072 seconds
[2022-01-28 20:52:15,765] {processor.py:163} INFO - Started process (PID=17327) to work on /home/data-eginner/Documents/Soccer_Data/env/lib/python3.8/site-packages/airflow/example_dags/example_trigger_target_dag.py
[2022-01-28 20:52:15,775] {processor.py:642} INFO - Processing file /home/data-eginner/Documents/Soccer_Data/env/lib/python3.8/site-packages/airflow/example_dags/example_trigger_target_dag.py for tasks to queue
[2022-01-28 20:52:15,776] {logging_mixin.py:109} INFO - [2022-01-28 20:52:15,775] {dagbag.py:500} INFO - Filling up the DagBag from /home/data-eginner/Documents/Soccer_Data/env/lib/python3.8/site-packages/airflow/example_dags/example_trigger_target_dag.py
[2022-01-28 20:52:15,834] {processor.py:654} INFO - DAG(s) dict_keys(['example_trigger_target_dag']) retrieved from /home/data-eginner/Documents/Soccer_Data/env/lib/python3.8/site-packages/airflow/example_dags/example_trigger_target_dag.py
[2022-01-28 20:52:15,899] {logging_mixin.py:109} INFO - [2022-01-28 20:52:15,899] {dag.py:2396} INFO - Sync 1 DAGs
[2022-01-28 20:52:15,937] {logging_mixin.py:109} INFO - [2022-01-28 20:52:15,937] {dag.py:2935} INFO - Setting next_dagrun for example_trigger_target_dag to None
[2022-01-28 20:52:15,981] {processor.py:171} INFO - Processing /home/data-eginner/Documents/Soccer_Data/env/lib/python3.8/site-packages/airflow/example_dags/example_trigger_target_dag.py took 0.218 seconds
[2022-01-28 20:52:57,316] {processor.py:163} INFO - Started process (PID=17509) to work on /home/data-eginner/Documents/Soccer_Data/env/lib/python3.8/site-packages/airflow/example_dags/example_trigger_target_dag.py
[2022-01-28 20:52:57,328] {processor.py:642} INFO - Processing file /home/data-eginner/Documents/Soccer_Data/env/lib/python3.8/site-packages/airflow/example_dags/example_trigger_target_dag.py for tasks to queue
[2022-01-28 20:52:57,329] {logging_mixin.py:109} INFO - [2022-01-28 20:52:57,329] {dagbag.py:500} INFO - Filling up the DagBag from /home/data-eginner/Documents/Soccer_Data/env/lib/python3.8/site-packages/airflow/example_dags/example_trigger_target_dag.py
[2022-01-28 20:52:57,419] {processor.py:654} INFO - DAG(s) dict_keys(['example_trigger_target_dag']) retrieved from /home/data-eginner/Documents/Soccer_Data/env/lib/python3.8/site-packages/airflow/example_dags/example_trigger_target_dag.py
[2022-01-28 20:52:57,456] {logging_mixin.py:109} INFO - [2022-01-28 20:52:57,456] {dag.py:2396} INFO - Sync 1 DAGs
[2022-01-28 20:52:57,480] {logging_mixin.py:109} INFO - [2022-01-28 20:52:57,480] {dag.py:2935} INFO - Setting next_dagrun for example_trigger_target_dag to None
[2022-01-28 20:52:57,508] {processor.py:171} INFO - Processing /home/data-eginner/Documents/Soccer_Data/env/lib/python3.8/site-packages/airflow/example_dags/example_trigger_target_dag.py took 0.194 seconds
[2022-01-28 20:53:47,468] {processor.py:163} INFO - Started process (PID=17708) to work on /home/data-eginner/Documents/Soccer_Data/env/lib/python3.8/site-packages/airflow/example_dags/example_trigger_target_dag.py
[2022-01-28 20:53:47,472] {processor.py:642} INFO - Processing file /home/data-eginner/Documents/Soccer_Data/env/lib/python3.8/site-packages/airflow/example_dags/example_trigger_target_dag.py for tasks to queue
[2022-01-28 20:53:47,473] {logging_mixin.py:109} INFO - [2022-01-28 20:53:47,473] {dagbag.py:500} INFO - Filling up the DagBag from /home/data-eginner/Documents/Soccer_Data/env/lib/python3.8/site-packages/airflow/example_dags/example_trigger_target_dag.py
[2022-01-28 20:53:47,578] {processor.py:654} INFO - DAG(s) dict_keys(['example_trigger_target_dag']) retrieved from /home/data-eginner/Documents/Soccer_Data/env/lib/python3.8/site-packages/airflow/example_dags/example_trigger_target_dag.py
[2022-01-28 20:53:47,633] {logging_mixin.py:109} INFO - [2022-01-28 20:53:47,633] {dag.py:2396} INFO - Sync 1 DAGs
[2022-01-28 20:53:47,681] {logging_mixin.py:109} INFO - [2022-01-28 20:53:47,680] {dag.py:2935} INFO - Setting next_dagrun for example_trigger_target_dag to None
[2022-01-28 20:53:47,725] {processor.py:171} INFO - Processing /home/data-eginner/Documents/Soccer_Data/env/lib/python3.8/site-packages/airflow/example_dags/example_trigger_target_dag.py took 0.275 seconds
[2022-01-28 20:54:30,864] {processor.py:163} INFO - Started process (PID=17856) to work on /home/data-eginner/Documents/Soccer_Data/env/lib/python3.8/site-packages/airflow/example_dags/example_trigger_target_dag.py
[2022-01-28 20:54:30,889] {processor.py:642} INFO - Processing file /home/data-eginner/Documents/Soccer_Data/env/lib/python3.8/site-packages/airflow/example_dags/example_trigger_target_dag.py for tasks to queue
[2022-01-28 20:54:30,890] {logging_mixin.py:109} INFO - [2022-01-28 20:54:30,890] {dagbag.py:500} INFO - Filling up the DagBag from /home/data-eginner/Documents/Soccer_Data/env/lib/python3.8/site-packages/airflow/example_dags/example_trigger_target_dag.py
[2022-01-28 20:54:31,012] {processor.py:654} INFO - DAG(s) dict_keys(['example_trigger_target_dag']) retrieved from /home/data-eginner/Documents/Soccer_Data/env/lib/python3.8/site-packages/airflow/example_dags/example_trigger_target_dag.py
[2022-01-28 20:54:31,072] {logging_mixin.py:109} INFO - [2022-01-28 20:54:31,072] {dag.py:2396} INFO - Sync 1 DAGs
[2022-01-28 20:54:31,141] {logging_mixin.py:109} INFO - [2022-01-28 20:54:31,141] {dag.py:2935} INFO - Setting next_dagrun for example_trigger_target_dag to None
[2022-01-28 20:54:31,202] {processor.py:171} INFO - Processing /home/data-eginner/Documents/Soccer_Data/env/lib/python3.8/site-packages/airflow/example_dags/example_trigger_target_dag.py took 0.341 seconds
[2022-01-28 20:55:14,991] {processor.py:163} INFO - Started process (PID=18001) to work on /home/data-eginner/Documents/Soccer_Data/env/lib/python3.8/site-packages/airflow/example_dags/example_trigger_target_dag.py
[2022-01-28 20:55:14,994] {processor.py:642} INFO - Processing file /home/data-eginner/Documents/Soccer_Data/env/lib/python3.8/site-packages/airflow/example_dags/example_trigger_target_dag.py for tasks to queue
[2022-01-28 20:55:14,995] {logging_mixin.py:109} INFO - [2022-01-28 20:55:14,995] {dagbag.py:500} INFO - Filling up the DagBag from /home/data-eginner/Documents/Soccer_Data/env/lib/python3.8/site-packages/airflow/example_dags/example_trigger_target_dag.py
[2022-01-28 20:55:15,027] {processor.py:654} INFO - DAG(s) dict_keys(['example_trigger_target_dag']) retrieved from /home/data-eginner/Documents/Soccer_Data/env/lib/python3.8/site-packages/airflow/example_dags/example_trigger_target_dag.py
[2022-01-28 20:55:15,036] {logging_mixin.py:109} INFO - [2022-01-28 20:55:15,036] {dag.py:2396} INFO - Sync 1 DAGs
[2022-01-28 20:55:15,066] {logging_mixin.py:109} INFO - [2022-01-28 20:55:15,066] {dag.py:2935} INFO - Setting next_dagrun for example_trigger_target_dag to None
[2022-01-28 20:55:15,130] {processor.py:171} INFO - Processing /home/data-eginner/Documents/Soccer_Data/env/lib/python3.8/site-packages/airflow/example_dags/example_trigger_target_dag.py took 0.146 seconds
[2022-01-28 20:56:01,904] {processor.py:163} INFO - Started process (PID=18161) to work on /home/data-eginner/Documents/Soccer_Data/env/lib/python3.8/site-packages/airflow/example_dags/example_trigger_target_dag.py
[2022-01-28 20:56:01,917] {processor.py:642} INFO - Processing file /home/data-eginner/Documents/Soccer_Data/env/lib/python3.8/site-packages/airflow/example_dags/example_trigger_target_dag.py for tasks to queue
[2022-01-28 20:56:01,918] {logging_mixin.py:109} INFO - [2022-01-28 20:56:01,918] {dagbag.py:500} INFO - Filling up the DagBag from /home/data-eginner/Documents/Soccer_Data/env/lib/python3.8/site-packages/airflow/example_dags/example_trigger_target_dag.py
[2022-01-28 20:56:02,003] {processor.py:654} INFO - DAG(s) dict_keys(['example_trigger_target_dag']) retrieved from /home/data-eginner/Documents/Soccer_Data/env/lib/python3.8/site-packages/airflow/example_dags/example_trigger_target_dag.py
[2022-01-28 20:56:02,027] {logging_mixin.py:109} INFO - [2022-01-28 20:56:02,027] {dag.py:2396} INFO - Sync 1 DAGs
[2022-01-28 20:56:02,121] {logging_mixin.py:109} INFO - [2022-01-28 20:56:02,121] {dag.py:2935} INFO - Setting next_dagrun for example_trigger_target_dag to None
[2022-01-28 20:56:02,229] {processor.py:171} INFO - Processing /home/data-eginner/Documents/Soccer_Data/env/lib/python3.8/site-packages/airflow/example_dags/example_trigger_target_dag.py took 0.354 seconds
[2022-01-28 20:56:53,415] {processor.py:163} INFO - Started process (PID=18329) to work on /home/data-eginner/Documents/Soccer_Data/env/lib/python3.8/site-packages/airflow/example_dags/example_trigger_target_dag.py
[2022-01-28 20:56:53,430] {processor.py:642} INFO - Processing file /home/data-eginner/Documents/Soccer_Data/env/lib/python3.8/site-packages/airflow/example_dags/example_trigger_target_dag.py for tasks to queue
[2022-01-28 20:56:53,431] {logging_mixin.py:109} INFO - [2022-01-28 20:56:53,431] {dagbag.py:500} INFO - Filling up the DagBag from /home/data-eginner/Documents/Soccer_Data/env/lib/python3.8/site-packages/airflow/example_dags/example_trigger_target_dag.py
[2022-01-28 20:56:53,486] {processor.py:654} INFO - DAG(s) dict_keys(['example_trigger_target_dag']) retrieved from /home/data-eginner/Documents/Soccer_Data/env/lib/python3.8/site-packages/airflow/example_dags/example_trigger_target_dag.py
[2022-01-28 20:56:53,506] {logging_mixin.py:109} INFO - [2022-01-28 20:56:53,505] {dag.py:2396} INFO - Sync 1 DAGs
[2022-01-28 20:56:53,553] {logging_mixin.py:109} INFO - [2022-01-28 20:56:53,553] {dag.py:2935} INFO - Setting next_dagrun for example_trigger_target_dag to None
[2022-01-28 20:56:53,598] {processor.py:171} INFO - Processing /home/data-eginner/Documents/Soccer_Data/env/lib/python3.8/site-packages/airflow/example_dags/example_trigger_target_dag.py took 0.185 seconds
[2022-01-28 20:57:33,356] {processor.py:163} INFO - Started process (PID=18470) to work on /home/data-eginner/Documents/Soccer_Data/env/lib/python3.8/site-packages/airflow/example_dags/example_trigger_target_dag.py
[2022-01-28 20:57:33,372] {processor.py:642} INFO - Processing file /home/data-eginner/Documents/Soccer_Data/env/lib/python3.8/site-packages/airflow/example_dags/example_trigger_target_dag.py for tasks to queue
[2022-01-28 20:57:33,373] {logging_mixin.py:109} INFO - [2022-01-28 20:57:33,373] {dagbag.py:500} INFO - Filling up the DagBag from /home/data-eginner/Documents/Soccer_Data/env/lib/python3.8/site-packages/airflow/example_dags/example_trigger_target_dag.py
[2022-01-28 20:57:33,519] {processor.py:654} INFO - DAG(s) dict_keys(['example_trigger_target_dag']) retrieved from /home/data-eginner/Documents/Soccer_Data/env/lib/python3.8/site-packages/airflow/example_dags/example_trigger_target_dag.py
[2022-01-28 20:57:33,557] {logging_mixin.py:109} INFO - [2022-01-28 20:57:33,557] {dag.py:2396} INFO - Sync 1 DAGs
[2022-01-28 20:57:33,618] {logging_mixin.py:109} INFO - [2022-01-28 20:57:33,618] {dag.py:2935} INFO - Setting next_dagrun for example_trigger_target_dag to None
[2022-01-28 20:57:33,699] {processor.py:171} INFO - Processing /home/data-eginner/Documents/Soccer_Data/env/lib/python3.8/site-packages/airflow/example_dags/example_trigger_target_dag.py took 0.351 seconds
[2022-01-28 20:58:16,443] {processor.py:163} INFO - Started process (PID=18618) to work on /home/data-eginner/Documents/Soccer_Data/env/lib/python3.8/site-packages/airflow/example_dags/example_trigger_target_dag.py
[2022-01-28 20:58:16,506] {processor.py:642} INFO - Processing file /home/data-eginner/Documents/Soccer_Data/env/lib/python3.8/site-packages/airflow/example_dags/example_trigger_target_dag.py for tasks to queue
[2022-01-28 20:58:16,507] {logging_mixin.py:109} INFO - [2022-01-28 20:58:16,506] {dagbag.py:500} INFO - Filling up the DagBag from /home/data-eginner/Documents/Soccer_Data/env/lib/python3.8/site-packages/airflow/example_dags/example_trigger_target_dag.py
[2022-01-28 20:58:16,580] {processor.py:654} INFO - DAG(s) dict_keys(['example_trigger_target_dag']) retrieved from /home/data-eginner/Documents/Soccer_Data/env/lib/python3.8/site-packages/airflow/example_dags/example_trigger_target_dag.py
[2022-01-28 20:58:16,628] {logging_mixin.py:109} INFO - [2022-01-28 20:58:16,628] {dag.py:2396} INFO - Sync 1 DAGs
[2022-01-28 20:58:16,663] {logging_mixin.py:109} INFO - [2022-01-28 20:58:16,663] {dag.py:2935} INFO - Setting next_dagrun for example_trigger_target_dag to None
[2022-01-28 20:58:16,741] {processor.py:171} INFO - Processing /home/data-eginner/Documents/Soccer_Data/env/lib/python3.8/site-packages/airflow/example_dags/example_trigger_target_dag.py took 0.300 seconds
[2022-01-28 20:59:11,878] {processor.py:163} INFO - Started process (PID=18777) to work on /home/data-eginner/Documents/Soccer_Data/env/lib/python3.8/site-packages/airflow/example_dags/example_trigger_target_dag.py
[2022-01-28 20:59:11,898] {processor.py:642} INFO - Processing file /home/data-eginner/Documents/Soccer_Data/env/lib/python3.8/site-packages/airflow/example_dags/example_trigger_target_dag.py for tasks to queue
[2022-01-28 20:59:11,899] {logging_mixin.py:109} INFO - [2022-01-28 20:59:11,898] {dagbag.py:500} INFO - Filling up the DagBag from /home/data-eginner/Documents/Soccer_Data/env/lib/python3.8/site-packages/airflow/example_dags/example_trigger_target_dag.py
[2022-01-28 20:59:12,235] {processor.py:654} INFO - DAG(s) dict_keys(['example_trigger_target_dag']) retrieved from /home/data-eginner/Documents/Soccer_Data/env/lib/python3.8/site-packages/airflow/example_dags/example_trigger_target_dag.py
[2022-01-28 20:59:12,321] {logging_mixin.py:109} INFO - [2022-01-28 20:59:12,321] {dag.py:2396} INFO - Sync 1 DAGs
[2022-01-28 20:59:12,406] {logging_mixin.py:109} INFO - [2022-01-28 20:59:12,406] {dag.py:2935} INFO - Setting next_dagrun for example_trigger_target_dag to None
[2022-01-28 20:59:12,520] {processor.py:171} INFO - Processing /home/data-eginner/Documents/Soccer_Data/env/lib/python3.8/site-packages/airflow/example_dags/example_trigger_target_dag.py took 0.645 seconds
