[2022-01-28 20:49:58,744] {processor.py:163} INFO - Started process (PID=16515) to work on /home/data-eginner/Documents/Soccer_Data/env/lib/python3.8/site-packages/airflow/example_dags/example_skip_dag.py
[2022-01-28 20:49:58,745] {processor.py:642} INFO - Processing file /home/data-eginner/Documents/Soccer_Data/env/lib/python3.8/site-packages/airflow/example_dags/example_skip_dag.py for tasks to queue
[2022-01-28 20:49:58,745] {logging_mixin.py:109} INFO - [2022-01-28 20:49:58,745] {dagbag.py:500} INFO - Filling up the DagBag from /home/data-eginner/Documents/Soccer_Data/env/lib/python3.8/site-packages/airflow/example_dags/example_skip_dag.py
[2022-01-28 20:49:58,784] {processor.py:654} INFO - DAG(s) dict_keys(['example_skip_dag']) retrieved from /home/data-eginner/Documents/Soccer_Data/env/lib/python3.8/site-packages/airflow/example_dags/example_skip_dag.py
[2022-01-28 20:49:58,793] {logging_mixin.py:109} INFO - [2022-01-28 20:49:58,793] {dag.py:2396} INFO - Sync 1 DAGs
[2022-01-28 20:49:58,815] {logging_mixin.py:109} INFO - [2022-01-28 20:49:58,815] {dag.py:2935} INFO - Setting next_dagrun for example_skip_dag to 2022-01-27T23:49:58.814667+00:00
[2022-01-28 20:49:58,838] {processor.py:171} INFO - Processing /home/data-eginner/Documents/Soccer_Data/env/lib/python3.8/site-packages/airflow/example_dags/example_skip_dag.py took 0.110 seconds
[2022-01-28 20:50:38,179] {processor.py:163} INFO - Started process (PID=16699) to work on /home/data-eginner/Documents/Soccer_Data/env/lib/python3.8/site-packages/airflow/example_dags/example_skip_dag.py
[2022-01-28 20:50:38,180] {processor.py:642} INFO - Processing file /home/data-eginner/Documents/Soccer_Data/env/lib/python3.8/site-packages/airflow/example_dags/example_skip_dag.py for tasks to queue
[2022-01-28 20:50:38,180] {logging_mixin.py:109} INFO - [2022-01-28 20:50:38,180] {dagbag.py:500} INFO - Filling up the DagBag from /home/data-eginner/Documents/Soccer_Data/env/lib/python3.8/site-packages/airflow/example_dags/example_skip_dag.py
[2022-01-28 20:50:38,229] {processor.py:654} INFO - DAG(s) dict_keys(['example_skip_dag']) retrieved from /home/data-eginner/Documents/Soccer_Data/env/lib/python3.8/site-packages/airflow/example_dags/example_skip_dag.py
[2022-01-28 20:50:38,248] {logging_mixin.py:109} INFO - [2022-01-28 20:50:38,248] {dag.py:2396} INFO - Sync 1 DAGs
[2022-01-28 20:50:38,291] {logging_mixin.py:109} INFO - [2022-01-28 20:50:38,291] {dag.py:2935} INFO - Setting next_dagrun for example_skip_dag to 2022-01-27T23:50:38.291555+00:00
[2022-01-28 20:50:38,325] {processor.py:171} INFO - Processing /home/data-eginner/Documents/Soccer_Data/env/lib/python3.8/site-packages/airflow/example_dags/example_skip_dag.py took 0.161 seconds
[2022-01-28 20:51:16,529] {processor.py:163} INFO - Started process (PID=16863) to work on /home/data-eginner/Documents/Soccer_Data/env/lib/python3.8/site-packages/airflow/example_dags/example_skip_dag.py
[2022-01-28 20:51:16,532] {processor.py:642} INFO - Processing file /home/data-eginner/Documents/Soccer_Data/env/lib/python3.8/site-packages/airflow/example_dags/example_skip_dag.py for tasks to queue
[2022-01-28 20:51:16,533] {logging_mixin.py:109} INFO - [2022-01-28 20:51:16,533] {dagbag.py:500} INFO - Filling up the DagBag from /home/data-eginner/Documents/Soccer_Data/env/lib/python3.8/site-packages/airflow/example_dags/example_skip_dag.py
[2022-01-28 20:51:16,566] {processor.py:654} INFO - DAG(s) dict_keys(['example_skip_dag']) retrieved from /home/data-eginner/Documents/Soccer_Data/env/lib/python3.8/site-packages/airflow/example_dags/example_skip_dag.py
[2022-01-28 20:51:16,578] {logging_mixin.py:109} INFO - [2022-01-28 20:51:16,578] {dag.py:2396} INFO - Sync 1 DAGs
[2022-01-28 20:51:16,590] {logging_mixin.py:109} INFO - [2022-01-28 20:51:16,590] {dag.py:2935} INFO - Setting next_dagrun for example_skip_dag to 2022-01-27T23:51:16.590109+00:00
[2022-01-28 20:51:16,605] {processor.py:171} INFO - Processing /home/data-eginner/Documents/Soccer_Data/env/lib/python3.8/site-packages/airflow/example_dags/example_skip_dag.py took 0.083 seconds
[2022-01-28 20:52:04,528] {processor.py:163} INFO - Started process (PID=17275) to work on /home/data-eginner/Documents/Soccer_Data/env/lib/python3.8/site-packages/airflow/example_dags/example_skip_dag.py
[2022-01-28 20:52:04,548] {processor.py:642} INFO - Processing file /home/data-eginner/Documents/Soccer_Data/env/lib/python3.8/site-packages/airflow/example_dags/example_skip_dag.py for tasks to queue
[2022-01-28 20:52:04,549] {logging_mixin.py:109} INFO - [2022-01-28 20:52:04,549] {dagbag.py:500} INFO - Filling up the DagBag from /home/data-eginner/Documents/Soccer_Data/env/lib/python3.8/site-packages/airflow/example_dags/example_skip_dag.py
[2022-01-28 20:52:04,568] {processor.py:654} INFO - DAG(s) dict_keys(['example_skip_dag']) retrieved from /home/data-eginner/Documents/Soccer_Data/env/lib/python3.8/site-packages/airflow/example_dags/example_skip_dag.py
[2022-01-28 20:52:04,584] {logging_mixin.py:109} INFO - [2022-01-28 20:52:04,583] {dag.py:2396} INFO - Sync 1 DAGs
[2022-01-28 20:52:04,601] {logging_mixin.py:109} INFO - [2022-01-28 20:52:04,601] {dag.py:2935} INFO - Setting next_dagrun for example_skip_dag to 2022-01-27T23:52:04.600845+00:00
[2022-01-28 20:52:04,620] {processor.py:171} INFO - Processing /home/data-eginner/Documents/Soccer_Data/env/lib/python3.8/site-packages/airflow/example_dags/example_skip_dag.py took 0.094 seconds
[2022-01-28 20:52:45,755] {processor.py:163} INFO - Started process (PID=17465) to work on /home/data-eginner/Documents/Soccer_Data/env/lib/python3.8/site-packages/airflow/example_dags/example_skip_dag.py
[2022-01-28 20:52:45,770] {processor.py:642} INFO - Processing file /home/data-eginner/Documents/Soccer_Data/env/lib/python3.8/site-packages/airflow/example_dags/example_skip_dag.py for tasks to queue
[2022-01-28 20:52:45,770] {logging_mixin.py:109} INFO - [2022-01-28 20:52:45,770] {dagbag.py:500} INFO - Filling up the DagBag from /home/data-eginner/Documents/Soccer_Data/env/lib/python3.8/site-packages/airflow/example_dags/example_skip_dag.py
[2022-01-28 20:52:45,812] {processor.py:654} INFO - DAG(s) dict_keys(['example_skip_dag']) retrieved from /home/data-eginner/Documents/Soccer_Data/env/lib/python3.8/site-packages/airflow/example_dags/example_skip_dag.py
[2022-01-28 20:52:45,831] {logging_mixin.py:109} INFO - [2022-01-28 20:52:45,831] {dag.py:2396} INFO - Sync 1 DAGs
[2022-01-28 20:52:45,864] {logging_mixin.py:109} INFO - [2022-01-28 20:52:45,864] {dag.py:2935} INFO - Setting next_dagrun for example_skip_dag to 2022-01-27T23:52:45.863911+00:00
[2022-01-28 20:52:45,895] {processor.py:171} INFO - Processing /home/data-eginner/Documents/Soccer_Data/env/lib/python3.8/site-packages/airflow/example_dags/example_skip_dag.py took 0.142 seconds
[2022-01-28 20:53:35,681] {processor.py:163} INFO - Started process (PID=17667) to work on /home/data-eginner/Documents/Soccer_Data/env/lib/python3.8/site-packages/airflow/example_dags/example_skip_dag.py
[2022-01-28 20:53:35,700] {processor.py:642} INFO - Processing file /home/data-eginner/Documents/Soccer_Data/env/lib/python3.8/site-packages/airflow/example_dags/example_skip_dag.py for tasks to queue
[2022-01-28 20:53:35,702] {logging_mixin.py:109} INFO - [2022-01-28 20:53:35,702] {dagbag.py:500} INFO - Filling up the DagBag from /home/data-eginner/Documents/Soccer_Data/env/lib/python3.8/site-packages/airflow/example_dags/example_skip_dag.py
[2022-01-28 20:53:35,968] {processor.py:654} INFO - DAG(s) dict_keys(['example_skip_dag']) retrieved from /home/data-eginner/Documents/Soccer_Data/env/lib/python3.8/site-packages/airflow/example_dags/example_skip_dag.py
[2022-01-28 20:53:36,014] {logging_mixin.py:109} INFO - [2022-01-28 20:53:36,014] {dag.py:2396} INFO - Sync 1 DAGs
[2022-01-28 20:53:36,029] {logging_mixin.py:109} INFO - [2022-01-28 20:53:36,029] {dag.py:2935} INFO - Setting next_dagrun for example_skip_dag to 2022-01-27T23:53:36.029035+00:00
[2022-01-28 20:53:36,078] {processor.py:171} INFO - Processing /home/data-eginner/Documents/Soccer_Data/env/lib/python3.8/site-packages/airflow/example_dags/example_skip_dag.py took 0.424 seconds
[2022-01-28 20:54:41,032] {processor.py:163} INFO - Started process (PID=17893) to work on /home/data-eginner/Documents/Soccer_Data/env/lib/python3.8/site-packages/airflow/example_dags/example_skip_dag.py
[2022-01-28 20:54:41,035] {processor.py:642} INFO - Processing file /home/data-eginner/Documents/Soccer_Data/env/lib/python3.8/site-packages/airflow/example_dags/example_skip_dag.py for tasks to queue
[2022-01-28 20:54:41,036] {logging_mixin.py:109} INFO - [2022-01-28 20:54:41,035] {dagbag.py:500} INFO - Filling up the DagBag from /home/data-eginner/Documents/Soccer_Data/env/lib/python3.8/site-packages/airflow/example_dags/example_skip_dag.py
[2022-01-28 20:54:41,178] {processor.py:654} INFO - DAG(s) dict_keys(['example_skip_dag']) retrieved from /home/data-eginner/Documents/Soccer_Data/env/lib/python3.8/site-packages/airflow/example_dags/example_skip_dag.py
[2022-01-28 20:54:41,301] {logging_mixin.py:109} INFO - [2022-01-28 20:54:41,301] {dag.py:2396} INFO - Sync 1 DAGs
[2022-01-28 20:54:41,368] {logging_mixin.py:109} INFO - [2022-01-28 20:54:41,368] {dag.py:2935} INFO - Setting next_dagrun for example_skip_dag to 2022-01-27T23:54:41.367618+00:00
[2022-01-28 20:54:41,445] {processor.py:171} INFO - Processing /home/data-eginner/Documents/Soccer_Data/env/lib/python3.8/site-packages/airflow/example_dags/example_skip_dag.py took 0.429 seconds
[2022-01-28 20:55:47,960] {processor.py:163} INFO - Started process (PID=18112) to work on /home/data-eginner/Documents/Soccer_Data/env/lib/python3.8/site-packages/airflow/example_dags/example_skip_dag.py
[2022-01-28 20:55:47,981] {processor.py:642} INFO - Processing file /home/data-eginner/Documents/Soccer_Data/env/lib/python3.8/site-packages/airflow/example_dags/example_skip_dag.py for tasks to queue
[2022-01-28 20:55:47,991] {logging_mixin.py:109} INFO - [2022-01-28 20:55:47,981] {dagbag.py:500} INFO - Filling up the DagBag from /home/data-eginner/Documents/Soccer_Data/env/lib/python3.8/site-packages/airflow/example_dags/example_skip_dag.py
[2022-01-28 20:55:48,123] {processor.py:654} INFO - DAG(s) dict_keys(['example_skip_dag']) retrieved from /home/data-eginner/Documents/Soccer_Data/env/lib/python3.8/site-packages/airflow/example_dags/example_skip_dag.py
[2022-01-28 20:55:48,192] {logging_mixin.py:109} INFO - [2022-01-28 20:55:48,192] {dag.py:2396} INFO - Sync 1 DAGs
[2022-01-28 20:55:48,278] {logging_mixin.py:109} INFO - [2022-01-28 20:55:48,278] {dag.py:2935} INFO - Setting next_dagrun for example_skip_dag to 2022-01-27T23:55:48.277744+00:00
[2022-01-28 20:55:48,364] {processor.py:171} INFO - Processing /home/data-eginner/Documents/Soccer_Data/env/lib/python3.8/site-packages/airflow/example_dags/example_skip_dag.py took 0.408 seconds
[2022-01-28 20:56:38,060] {processor.py:163} INFO - Started process (PID=18276) to work on /home/data-eginner/Documents/Soccer_Data/env/lib/python3.8/site-packages/airflow/example_dags/example_skip_dag.py
[2022-01-28 20:56:38,089] {processor.py:642} INFO - Processing file /home/data-eginner/Documents/Soccer_Data/env/lib/python3.8/site-packages/airflow/example_dags/example_skip_dag.py for tasks to queue
[2022-01-28 20:56:38,090] {logging_mixin.py:109} INFO - [2022-01-28 20:56:38,090] {dagbag.py:500} INFO - Filling up the DagBag from /home/data-eginner/Documents/Soccer_Data/env/lib/python3.8/site-packages/airflow/example_dags/example_skip_dag.py
[2022-01-28 20:56:38,144] {processor.py:654} INFO - DAG(s) dict_keys(['example_skip_dag']) retrieved from /home/data-eginner/Documents/Soccer_Data/env/lib/python3.8/site-packages/airflow/example_dags/example_skip_dag.py
[2022-01-28 20:56:38,225] {logging_mixin.py:109} INFO - [2022-01-28 20:56:38,213] {dag.py:2396} INFO - Sync 1 DAGs
[2022-01-28 20:56:38,260] {logging_mixin.py:109} INFO - [2022-01-28 20:56:38,260] {dag.py:2935} INFO - Setting next_dagrun for example_skip_dag to 2022-01-27T23:56:38.260334+00:00
[2022-01-28 20:56:38,367] {processor.py:171} INFO - Processing /home/data-eginner/Documents/Soccer_Data/env/lib/python3.8/site-packages/airflow/example_dags/example_skip_dag.py took 0.310 seconds
[2022-01-28 20:57:36,396] {processor.py:163} INFO - Started process (PID=18482) to work on /home/data-eginner/Documents/Soccer_Data/env/lib/python3.8/site-packages/airflow/example_dags/example_skip_dag.py
[2022-01-28 20:57:36,424] {processor.py:642} INFO - Processing file /home/data-eginner/Documents/Soccer_Data/env/lib/python3.8/site-packages/airflow/example_dags/example_skip_dag.py for tasks to queue
[2022-01-28 20:57:36,428] {logging_mixin.py:109} INFO - [2022-01-28 20:57:36,428] {dagbag.py:500} INFO - Filling up the DagBag from /home/data-eginner/Documents/Soccer_Data/env/lib/python3.8/site-packages/airflow/example_dags/example_skip_dag.py
[2022-01-28 20:57:36,516] {processor.py:654} INFO - DAG(s) dict_keys(['example_skip_dag']) retrieved from /home/data-eginner/Documents/Soccer_Data/env/lib/python3.8/site-packages/airflow/example_dags/example_skip_dag.py
[2022-01-28 20:57:36,540] {logging_mixin.py:109} INFO - [2022-01-28 20:57:36,540] {dag.py:2396} INFO - Sync 1 DAGs
[2022-01-28 20:57:36,599] {logging_mixin.py:109} INFO - [2022-01-28 20:57:36,599] {dag.py:2935} INFO - Setting next_dagrun for example_skip_dag to 2022-01-27T23:57:36.599058+00:00
[2022-01-28 20:57:36,664] {processor.py:171} INFO - Processing /home/data-eginner/Documents/Soccer_Data/env/lib/python3.8/site-packages/airflow/example_dags/example_skip_dag.py took 0.285 seconds
[2022-01-28 20:58:50,408] {processor.py:163} INFO - Started process (PID=18733) to work on /home/data-eginner/Documents/Soccer_Data/env/lib/python3.8/site-packages/airflow/example_dags/example_skip_dag.py
[2022-01-28 20:58:50,426] {processor.py:642} INFO - Processing file /home/data-eginner/Documents/Soccer_Data/env/lib/python3.8/site-packages/airflow/example_dags/example_skip_dag.py for tasks to queue
[2022-01-28 20:58:50,426] {logging_mixin.py:109} INFO - [2022-01-28 20:58:50,426] {dagbag.py:500} INFO - Filling up the DagBag from /home/data-eginner/Documents/Soccer_Data/env/lib/python3.8/site-packages/airflow/example_dags/example_skip_dag.py
[2022-01-28 20:58:50,492] {processor.py:654} INFO - DAG(s) dict_keys(['example_skip_dag']) retrieved from /home/data-eginner/Documents/Soccer_Data/env/lib/python3.8/site-packages/airflow/example_dags/example_skip_dag.py
[2022-01-28 20:58:50,546] {logging_mixin.py:109} INFO - [2022-01-28 20:58:50,546] {dag.py:2396} INFO - Sync 1 DAGs
[2022-01-28 20:58:50,624] {logging_mixin.py:109} INFO - [2022-01-28 20:58:50,624] {dag.py:2935} INFO - Setting next_dagrun for example_skip_dag to 2022-01-27T23:58:50.624021+00:00
[2022-01-28 20:58:50,674] {processor.py:171} INFO - Processing /home/data-eginner/Documents/Soccer_Data/env/lib/python3.8/site-packages/airflow/example_dags/example_skip_dag.py took 0.268 seconds
