[2022-01-28 20:50:02,744] {processor.py:163} INFO - Started process (PID=16538) to work on /home/data-eginner/Documents/Soccer_Data/env/lib/python3.8/site-packages/airflow/example_dags/example_external_task_marker_dag.py
[2022-01-28 20:50:02,745] {processor.py:642} INFO - Processing file /home/data-eginner/Documents/Soccer_Data/env/lib/python3.8/site-packages/airflow/example_dags/example_external_task_marker_dag.py for tasks to queue
[2022-01-28 20:50:02,745] {logging_mixin.py:109} INFO - [2022-01-28 20:50:02,745] {dagbag.py:500} INFO - Filling up the DagBag from /home/data-eginner/Documents/Soccer_Data/env/lib/python3.8/site-packages/airflow/example_dags/example_external_task_marker_dag.py
[2022-01-28 20:50:02,790] {processor.py:654} INFO - DAG(s) dict_keys(['example_external_task_marker_parent', 'example_external_task_marker_child']) retrieved from /home/data-eginner/Documents/Soccer_Data/env/lib/python3.8/site-packages/airflow/example_dags/example_external_task_marker_dag.py
[2022-01-28 20:50:02,801] {logging_mixin.py:109} INFO - [2022-01-28 20:50:02,801] {dag.py:2396} INFO - Sync 2 DAGs
[2022-01-28 20:50:02,812] {logging_mixin.py:109} INFO - [2022-01-28 20:50:02,812] {dag.py:2935} INFO - Setting next_dagrun for example_external_task_marker_child to None
[2022-01-28 20:50:02,812] {logging_mixin.py:109} INFO - [2022-01-28 20:50:02,812] {dag.py:2935} INFO - Setting next_dagrun for example_external_task_marker_parent to None
[2022-01-28 20:50:02,831] {processor.py:171} INFO - Processing /home/data-eginner/Documents/Soccer_Data/env/lib/python3.8/site-packages/airflow/example_dags/example_external_task_marker_dag.py took 0.101 seconds
[2022-01-28 20:50:43,154] {processor.py:163} INFO - Started process (PID=16722) to work on /home/data-eginner/Documents/Soccer_Data/env/lib/python3.8/site-packages/airflow/example_dags/example_external_task_marker_dag.py
[2022-01-28 20:50:43,156] {processor.py:642} INFO - Processing file /home/data-eginner/Documents/Soccer_Data/env/lib/python3.8/site-packages/airflow/example_dags/example_external_task_marker_dag.py for tasks to queue
[2022-01-28 20:50:43,156] {logging_mixin.py:109} INFO - [2022-01-28 20:50:43,156] {dagbag.py:500} INFO - Filling up the DagBag from /home/data-eginner/Documents/Soccer_Data/env/lib/python3.8/site-packages/airflow/example_dags/example_external_task_marker_dag.py
[2022-01-28 20:50:43,197] {processor.py:654} INFO - DAG(s) dict_keys(['example_external_task_marker_parent', 'example_external_task_marker_child']) retrieved from /home/data-eginner/Documents/Soccer_Data/env/lib/python3.8/site-packages/airflow/example_dags/example_external_task_marker_dag.py
[2022-01-28 20:50:43,219] {logging_mixin.py:109} INFO - [2022-01-28 20:50:43,219] {dag.py:2396} INFO - Sync 2 DAGs
[2022-01-28 20:50:43,241] {logging_mixin.py:109} INFO - [2022-01-28 20:50:43,241] {dag.py:2935} INFO - Setting next_dagrun for example_external_task_marker_child to None
[2022-01-28 20:50:43,241] {logging_mixin.py:109} INFO - [2022-01-28 20:50:43,241] {dag.py:2935} INFO - Setting next_dagrun for example_external_task_marker_parent to None
[2022-01-28 20:50:43,260] {processor.py:171} INFO - Processing /home/data-eginner/Documents/Soccer_Data/env/lib/python3.8/site-packages/airflow/example_dags/example_external_task_marker_dag.py took 0.108 seconds
[2022-01-28 20:51:20,573] {processor.py:163} INFO - Started process (PID=16879) to work on /home/data-eginner/Documents/Soccer_Data/env/lib/python3.8/site-packages/airflow/example_dags/example_external_task_marker_dag.py
[2022-01-28 20:51:20,577] {processor.py:642} INFO - Processing file /home/data-eginner/Documents/Soccer_Data/env/lib/python3.8/site-packages/airflow/example_dags/example_external_task_marker_dag.py for tasks to queue
[2022-01-28 20:51:20,578] {logging_mixin.py:109} INFO - [2022-01-28 20:51:20,578] {dagbag.py:500} INFO - Filling up the DagBag from /home/data-eginner/Documents/Soccer_Data/env/lib/python3.8/site-packages/airflow/example_dags/example_external_task_marker_dag.py
[2022-01-28 20:51:20,604] {processor.py:654} INFO - DAG(s) dict_keys(['example_external_task_marker_parent', 'example_external_task_marker_child']) retrieved from /home/data-eginner/Documents/Soccer_Data/env/lib/python3.8/site-packages/airflow/example_dags/example_external_task_marker_dag.py
[2022-01-28 20:51:20,615] {logging_mixin.py:109} INFO - [2022-01-28 20:51:20,615] {dag.py:2396} INFO - Sync 2 DAGs
[2022-01-28 20:51:20,627] {logging_mixin.py:109} INFO - [2022-01-28 20:51:20,627] {dag.py:2935} INFO - Setting next_dagrun for example_external_task_marker_child to None
[2022-01-28 20:51:20,627] {logging_mixin.py:109} INFO - [2022-01-28 20:51:20,627] {dag.py:2935} INFO - Setting next_dagrun for example_external_task_marker_parent to None
[2022-01-28 20:51:20,649] {processor.py:171} INFO - Processing /home/data-eginner/Documents/Soccer_Data/env/lib/python3.8/site-packages/airflow/example_dags/example_external_task_marker_dag.py took 0.081 seconds
[2022-01-28 20:52:08,900] {processor.py:163} INFO - Started process (PID=17294) to work on /home/data-eginner/Documents/Soccer_Data/env/lib/python3.8/site-packages/airflow/example_dags/example_external_task_marker_dag.py
[2022-01-28 20:52:08,907] {processor.py:642} INFO - Processing file /home/data-eginner/Documents/Soccer_Data/env/lib/python3.8/site-packages/airflow/example_dags/example_external_task_marker_dag.py for tasks to queue
[2022-01-28 20:52:08,908] {logging_mixin.py:109} INFO - [2022-01-28 20:52:08,908] {dagbag.py:500} INFO - Filling up the DagBag from /home/data-eginner/Documents/Soccer_Data/env/lib/python3.8/site-packages/airflow/example_dags/example_external_task_marker_dag.py
[2022-01-28 20:52:08,926] {processor.py:654} INFO - DAG(s) dict_keys(['example_external_task_marker_parent', 'example_external_task_marker_child']) retrieved from /home/data-eginner/Documents/Soccer_Data/env/lib/python3.8/site-packages/airflow/example_dags/example_external_task_marker_dag.py
[2022-01-28 20:52:08,938] {logging_mixin.py:109} INFO - [2022-01-28 20:52:08,937] {dag.py:2396} INFO - Sync 2 DAGs
[2022-01-28 20:52:08,949] {logging_mixin.py:109} INFO - [2022-01-28 20:52:08,949] {dag.py:2935} INFO - Setting next_dagrun for example_external_task_marker_child to None
[2022-01-28 20:52:08,949] {logging_mixin.py:109} INFO - [2022-01-28 20:52:08,949] {dag.py:2935} INFO - Setting next_dagrun for example_external_task_marker_parent to None
[2022-01-28 20:52:08,964] {processor.py:171} INFO - Processing /home/data-eginner/Documents/Soccer_Data/env/lib/python3.8/site-packages/airflow/example_dags/example_external_task_marker_dag.py took 0.080 seconds
[2022-01-28 20:53:02,305] {processor.py:163} INFO - Started process (PID=17537) to work on /home/data-eginner/Documents/Soccer_Data/env/lib/python3.8/site-packages/airflow/example_dags/example_external_task_marker_dag.py
[2022-01-28 20:53:02,307] {processor.py:642} INFO - Processing file /home/data-eginner/Documents/Soccer_Data/env/lib/python3.8/site-packages/airflow/example_dags/example_external_task_marker_dag.py for tasks to queue
[2022-01-28 20:53:02,308] {logging_mixin.py:109} INFO - [2022-01-28 20:53:02,307] {dagbag.py:500} INFO - Filling up the DagBag from /home/data-eginner/Documents/Soccer_Data/env/lib/python3.8/site-packages/airflow/example_dags/example_external_task_marker_dag.py
[2022-01-28 20:53:02,390] {processor.py:654} INFO - DAG(s) dict_keys(['example_external_task_marker_parent', 'example_external_task_marker_child']) retrieved from /home/data-eginner/Documents/Soccer_Data/env/lib/python3.8/site-packages/airflow/example_dags/example_external_task_marker_dag.py
[2022-01-28 20:53:02,433] {logging_mixin.py:109} INFO - [2022-01-28 20:53:02,433] {dag.py:2396} INFO - Sync 2 DAGs
[2022-01-28 20:53:02,485] {logging_mixin.py:109} INFO - [2022-01-28 20:53:02,485] {dag.py:2935} INFO - Setting next_dagrun for example_external_task_marker_child to None
[2022-01-28 20:53:02,485] {logging_mixin.py:109} INFO - [2022-01-28 20:53:02,485] {dag.py:2935} INFO - Setting next_dagrun for example_external_task_marker_parent to None
[2022-01-28 20:53:02,537] {processor.py:171} INFO - Processing /home/data-eginner/Documents/Soccer_Data/env/lib/python3.8/site-packages/airflow/example_dags/example_external_task_marker_dag.py took 0.254 seconds
[2022-01-28 20:53:59,737] {processor.py:163} INFO - Started process (PID=17754) to work on /home/data-eginner/Documents/Soccer_Data/env/lib/python3.8/site-packages/airflow/example_dags/example_external_task_marker_dag.py
[2022-01-28 20:53:59,757] {processor.py:642} INFO - Processing file /home/data-eginner/Documents/Soccer_Data/env/lib/python3.8/site-packages/airflow/example_dags/example_external_task_marker_dag.py for tasks to queue
[2022-01-28 20:53:59,758] {logging_mixin.py:109} INFO - [2022-01-28 20:53:59,758] {dagbag.py:500} INFO - Filling up the DagBag from /home/data-eginner/Documents/Soccer_Data/env/lib/python3.8/site-packages/airflow/example_dags/example_external_task_marker_dag.py
[2022-01-28 20:53:59,824] {processor.py:654} INFO - DAG(s) dict_keys(['example_external_task_marker_parent', 'example_external_task_marker_child']) retrieved from /home/data-eginner/Documents/Soccer_Data/env/lib/python3.8/site-packages/airflow/example_dags/example_external_task_marker_dag.py
[2022-01-28 20:53:59,868] {logging_mixin.py:109} INFO - [2022-01-28 20:53:59,868] {dag.py:2396} INFO - Sync 2 DAGs
[2022-01-28 20:53:59,907] {logging_mixin.py:109} INFO - [2022-01-28 20:53:59,907] {dag.py:2935} INFO - Setting next_dagrun for example_external_task_marker_child to None
[2022-01-28 20:53:59,908] {logging_mixin.py:109} INFO - [2022-01-28 20:53:59,907] {dag.py:2935} INFO - Setting next_dagrun for example_external_task_marker_parent to None
[2022-01-28 20:53:59,941] {processor.py:171} INFO - Processing /home/data-eginner/Documents/Soccer_Data/env/lib/python3.8/site-packages/airflow/example_dags/example_external_task_marker_dag.py took 0.206 seconds
[2022-01-28 20:55:04,609] {processor.py:163} INFO - Started process (PID=17965) to work on /home/data-eginner/Documents/Soccer_Data/env/lib/python3.8/site-packages/airflow/example_dags/example_external_task_marker_dag.py
[2022-01-28 20:55:04,627] {processor.py:642} INFO - Processing file /home/data-eginner/Documents/Soccer_Data/env/lib/python3.8/site-packages/airflow/example_dags/example_external_task_marker_dag.py for tasks to queue
[2022-01-28 20:55:04,627] {logging_mixin.py:109} INFO - [2022-01-28 20:55:04,627] {dagbag.py:500} INFO - Filling up the DagBag from /home/data-eginner/Documents/Soccer_Data/env/lib/python3.8/site-packages/airflow/example_dags/example_external_task_marker_dag.py
[2022-01-28 20:55:04,664] {processor.py:654} INFO - DAG(s) dict_keys(['example_external_task_marker_parent', 'example_external_task_marker_child']) retrieved from /home/data-eginner/Documents/Soccer_Data/env/lib/python3.8/site-packages/airflow/example_dags/example_external_task_marker_dag.py
[2022-01-28 20:55:04,699] {logging_mixin.py:109} INFO - [2022-01-28 20:55:04,699] {dag.py:2396} INFO - Sync 2 DAGs
[2022-01-28 20:55:04,748] {logging_mixin.py:109} INFO - [2022-01-28 20:55:04,748] {dag.py:2935} INFO - Setting next_dagrun for example_external_task_marker_child to None
[2022-01-28 20:55:04,748] {logging_mixin.py:109} INFO - [2022-01-28 20:55:04,748] {dag.py:2935} INFO - Setting next_dagrun for example_external_task_marker_parent to None
[2022-01-28 20:55:04,792] {processor.py:171} INFO - Processing /home/data-eginner/Documents/Soccer_Data/env/lib/python3.8/site-packages/airflow/example_dags/example_external_task_marker_dag.py took 0.190 seconds
[2022-01-28 20:56:19,015] {processor.py:163} INFO - Started process (PID=18218) to work on /home/data-eginner/Documents/Soccer_Data/env/lib/python3.8/site-packages/airflow/example_dags/example_external_task_marker_dag.py
[2022-01-28 20:56:19,032] {processor.py:642} INFO - Processing file /home/data-eginner/Documents/Soccer_Data/env/lib/python3.8/site-packages/airflow/example_dags/example_external_task_marker_dag.py for tasks to queue
[2022-01-28 20:56:19,032] {logging_mixin.py:109} INFO - [2022-01-28 20:56:19,032] {dagbag.py:500} INFO - Filling up the DagBag from /home/data-eginner/Documents/Soccer_Data/env/lib/python3.8/site-packages/airflow/example_dags/example_external_task_marker_dag.py
[2022-01-28 20:56:19,155] {processor.py:654} INFO - DAG(s) dict_keys(['example_external_task_marker_parent', 'example_external_task_marker_child']) retrieved from /home/data-eginner/Documents/Soccer_Data/env/lib/python3.8/site-packages/airflow/example_dags/example_external_task_marker_dag.py
[2022-01-28 20:56:19,234] {logging_mixin.py:109} INFO - [2022-01-28 20:56:19,234] {dag.py:2396} INFO - Sync 2 DAGs
[2022-01-28 20:56:19,393] {logging_mixin.py:109} INFO - [2022-01-28 20:56:19,393] {dag.py:2935} INFO - Setting next_dagrun for example_external_task_marker_child to None
[2022-01-28 20:56:19,395] {logging_mixin.py:109} INFO - [2022-01-28 20:56:19,395] {dag.py:2935} INFO - Setting next_dagrun for example_external_task_marker_parent to None
[2022-01-28 20:56:19,499] {processor.py:171} INFO - Processing /home/data-eginner/Documents/Soccer_Data/env/lib/python3.8/site-packages/airflow/example_dags/example_external_task_marker_dag.py took 0.505 seconds
[2022-01-28 20:57:22,697] {processor.py:163} INFO - Started process (PID=18439) to work on /home/data-eginner/Documents/Soccer_Data/env/lib/python3.8/site-packages/airflow/example_dags/example_external_task_marker_dag.py
[2022-01-28 20:57:22,722] {processor.py:642} INFO - Processing file /home/data-eginner/Documents/Soccer_Data/env/lib/python3.8/site-packages/airflow/example_dags/example_external_task_marker_dag.py for tasks to queue
[2022-01-28 20:57:22,723] {logging_mixin.py:109} INFO - [2022-01-28 20:57:22,723] {dagbag.py:500} INFO - Filling up the DagBag from /home/data-eginner/Documents/Soccer_Data/env/lib/python3.8/site-packages/airflow/example_dags/example_external_task_marker_dag.py
[2022-01-28 20:57:22,922] {processor.py:654} INFO - DAG(s) dict_keys(['example_external_task_marker_parent', 'example_external_task_marker_child']) retrieved from /home/data-eginner/Documents/Soccer_Data/env/lib/python3.8/site-packages/airflow/example_dags/example_external_task_marker_dag.py
[2022-01-28 20:57:22,962] {logging_mixin.py:109} INFO - [2022-01-28 20:57:22,962] {dag.py:2396} INFO - Sync 2 DAGs
[2022-01-28 20:57:23,020] {logging_mixin.py:109} INFO - [2022-01-28 20:57:23,020] {dag.py:2935} INFO - Setting next_dagrun for example_external_task_marker_child to None
[2022-01-28 20:57:23,023] {logging_mixin.py:109} INFO - [2022-01-28 20:57:23,021] {dag.py:2935} INFO - Setting next_dagrun for example_external_task_marker_parent to None
[2022-01-28 20:57:23,057] {processor.py:171} INFO - Processing /home/data-eginner/Documents/Soccer_Data/env/lib/python3.8/site-packages/airflow/example_dags/example_external_task_marker_dag.py took 0.366 seconds
[2022-01-28 20:58:28,550] {processor.py:163} INFO - Started process (PID=18666) to work on /home/data-eginner/Documents/Soccer_Data/env/lib/python3.8/site-packages/airflow/example_dags/example_external_task_marker_dag.py
[2022-01-28 20:58:28,553] {processor.py:642} INFO - Processing file /home/data-eginner/Documents/Soccer_Data/env/lib/python3.8/site-packages/airflow/example_dags/example_external_task_marker_dag.py for tasks to queue
[2022-01-28 20:58:28,553] {logging_mixin.py:109} INFO - [2022-01-28 20:58:28,553] {dagbag.py:500} INFO - Filling up the DagBag from /home/data-eginner/Documents/Soccer_Data/env/lib/python3.8/site-packages/airflow/example_dags/example_external_task_marker_dag.py
[2022-01-28 20:58:28,633] {processor.py:654} INFO - DAG(s) dict_keys(['example_external_task_marker_parent', 'example_external_task_marker_child']) retrieved from /home/data-eginner/Documents/Soccer_Data/env/lib/python3.8/site-packages/airflow/example_dags/example_external_task_marker_dag.py
[2022-01-28 20:58:28,667] {logging_mixin.py:109} INFO - [2022-01-28 20:58:28,666] {dag.py:2396} INFO - Sync 2 DAGs
[2022-01-28 20:58:28,736] {logging_mixin.py:109} INFO - [2022-01-28 20:58:28,735] {dag.py:2935} INFO - Setting next_dagrun for example_external_task_marker_child to None
[2022-01-28 20:58:28,763] {logging_mixin.py:109} INFO - [2022-01-28 20:58:28,763] {dag.py:2935} INFO - Setting next_dagrun for example_external_task_marker_parent to None
[2022-01-28 20:58:28,822] {processor.py:171} INFO - Processing /home/data-eginner/Documents/Soccer_Data/env/lib/python3.8/site-packages/airflow/example_dags/example_external_task_marker_dag.py took 0.344 seconds
[2022-01-28 20:59:30,823] {processor.py:163} INFO - Started process (PID=18837) to work on /home/data-eginner/Documents/Soccer_Data/env/lib/python3.8/site-packages/airflow/example_dags/example_external_task_marker_dag.py
[2022-01-28 20:59:30,848] {processor.py:642} INFO - Processing file /home/data-eginner/Documents/Soccer_Data/env/lib/python3.8/site-packages/airflow/example_dags/example_external_task_marker_dag.py for tasks to queue
[2022-01-28 20:59:30,849] {logging_mixin.py:109} INFO - [2022-01-28 20:59:30,849] {dagbag.py:500} INFO - Filling up the DagBag from /home/data-eginner/Documents/Soccer_Data/env/lib/python3.8/site-packages/airflow/example_dags/example_external_task_marker_dag.py
[2022-01-28 20:59:30,953] {processor.py:654} INFO - DAG(s) dict_keys(['example_external_task_marker_parent', 'example_external_task_marker_child']) retrieved from /home/data-eginner/Documents/Soccer_Data/env/lib/python3.8/site-packages/airflow/example_dags/example_external_task_marker_dag.py
[2022-01-28 20:59:31,432] {logging_mixin.py:109} INFO - [2022-01-28 20:59:31,431] {dag.py:2396} INFO - Sync 2 DAGs
[2022-01-28 20:59:31,488] {logging_mixin.py:109} INFO - [2022-01-28 20:59:31,488] {dag.py:2935} INFO - Setting next_dagrun for example_external_task_marker_child to None
[2022-01-28 20:59:31,488] {logging_mixin.py:109} INFO - [2022-01-28 20:59:31,488] {dag.py:2935} INFO - Setting next_dagrun for example_external_task_marker_parent to None
[2022-01-28 20:59:32,016] {processor.py:171} INFO - Processing /home/data-eginner/Documents/Soccer_Data/env/lib/python3.8/site-packages/airflow/example_dags/example_external_task_marker_dag.py took 1.196 seconds
