[2022-01-28 20:50:00,089] {processor.py:163} INFO - Started process (PID=16522) to work on /home/data-eginner/Documents/Soccer_Data/env/lib/python3.8/site-packages/airflow/example_dags/example_bash_operator.py
[2022-01-28 20:50:00,094] {processor.py:642} INFO - Processing file /home/data-eginner/Documents/Soccer_Data/env/lib/python3.8/site-packages/airflow/example_dags/example_bash_operator.py for tasks to queue
[2022-01-28 20:50:00,095] {logging_mixin.py:109} INFO - [2022-01-28 20:50:00,095] {dagbag.py:500} INFO - Filling up the DagBag from /home/data-eginner/Documents/Soccer_Data/env/lib/python3.8/site-packages/airflow/example_dags/example_bash_operator.py
[2022-01-28 20:50:00,125] {processor.py:654} INFO - DAG(s) dict_keys(['example_bash_operator']) retrieved from /home/data-eginner/Documents/Soccer_Data/env/lib/python3.8/site-packages/airflow/example_dags/example_bash_operator.py
[2022-01-28 20:50:00,136] {logging_mixin.py:109} INFO - [2022-01-28 20:50:00,136] {dag.py:2396} INFO - Sync 1 DAGs
[2022-01-28 20:50:00,151] {logging_mixin.py:109} INFO - [2022-01-28 20:50:00,151] {dag.py:2935} INFO - Setting next_dagrun for example_bash_operator to 2022-01-27 00:00:00+00:00
[2022-01-28 20:50:00,171] {processor.py:171} INFO - Processing /home/data-eginner/Documents/Soccer_Data/env/lib/python3.8/site-packages/airflow/example_dags/example_bash_operator.py took 0.105 seconds
[2022-01-28 20:50:39,514] {processor.py:163} INFO - Started process (PID=16704) to work on /home/data-eginner/Documents/Soccer_Data/env/lib/python3.8/site-packages/airflow/example_dags/example_bash_operator.py
[2022-01-28 20:50:39,526] {processor.py:642} INFO - Processing file /home/data-eginner/Documents/Soccer_Data/env/lib/python3.8/site-packages/airflow/example_dags/example_bash_operator.py for tasks to queue
[2022-01-28 20:50:39,526] {logging_mixin.py:109} INFO - [2022-01-28 20:50:39,526] {dagbag.py:500} INFO - Filling up the DagBag from /home/data-eginner/Documents/Soccer_Data/env/lib/python3.8/site-packages/airflow/example_dags/example_bash_operator.py
[2022-01-28 20:50:39,564] {processor.py:654} INFO - DAG(s) dict_keys(['example_bash_operator']) retrieved from /home/data-eginner/Documents/Soccer_Data/env/lib/python3.8/site-packages/airflow/example_dags/example_bash_operator.py
[2022-01-28 20:50:39,578] {logging_mixin.py:109} INFO - [2022-01-28 20:50:39,578] {dag.py:2396} INFO - Sync 1 DAGs
[2022-01-28 20:50:39,618] {logging_mixin.py:109} INFO - [2022-01-28 20:50:39,618] {dag.py:2935} INFO - Setting next_dagrun for example_bash_operator to 2022-01-27 00:00:00+00:00
[2022-01-28 20:50:39,637] {processor.py:171} INFO - Processing /home/data-eginner/Documents/Soccer_Data/env/lib/python3.8/site-packages/airflow/example_dags/example_bash_operator.py took 0.126 seconds
[2022-01-28 20:51:16,775] {processor.py:163} INFO - Started process (PID=16867) to work on /home/data-eginner/Documents/Soccer_Data/env/lib/python3.8/site-packages/airflow/example_dags/example_bash_operator.py
[2022-01-28 20:51:16,777] {processor.py:642} INFO - Processing file /home/data-eginner/Documents/Soccer_Data/env/lib/python3.8/site-packages/airflow/example_dags/example_bash_operator.py for tasks to queue
[2022-01-28 20:51:16,778] {logging_mixin.py:109} INFO - [2022-01-28 20:51:16,778] {dagbag.py:500} INFO - Filling up the DagBag from /home/data-eginner/Documents/Soccer_Data/env/lib/python3.8/site-packages/airflow/example_dags/example_bash_operator.py
[2022-01-28 20:51:16,801] {processor.py:654} INFO - DAG(s) dict_keys(['example_bash_operator']) retrieved from /home/data-eginner/Documents/Soccer_Data/env/lib/python3.8/site-packages/airflow/example_dags/example_bash_operator.py
[2022-01-28 20:51:16,811] {logging_mixin.py:109} INFO - [2022-01-28 20:51:16,811] {dag.py:2396} INFO - Sync 1 DAGs
[2022-01-28 20:51:16,823] {logging_mixin.py:109} INFO - [2022-01-28 20:51:16,823] {dag.py:2935} INFO - Setting next_dagrun for example_bash_operator to 2022-01-27 00:00:00+00:00
[2022-01-28 20:51:16,839] {processor.py:171} INFO - Processing /home/data-eginner/Documents/Soccer_Data/env/lib/python3.8/site-packages/airflow/example_dags/example_bash_operator.py took 0.066 seconds
[2022-01-28 20:52:04,862] {processor.py:163} INFO - Started process (PID=17280) to work on /home/data-eginner/Documents/Soccer_Data/env/lib/python3.8/site-packages/airflow/example_dags/example_bash_operator.py
[2022-01-28 20:52:04,866] {processor.py:642} INFO - Processing file /home/data-eginner/Documents/Soccer_Data/env/lib/python3.8/site-packages/airflow/example_dags/example_bash_operator.py for tasks to queue
[2022-01-28 20:52:04,874] {logging_mixin.py:109} INFO - [2022-01-28 20:52:04,874] {dagbag.py:500} INFO - Filling up the DagBag from /home/data-eginner/Documents/Soccer_Data/env/lib/python3.8/site-packages/airflow/example_dags/example_bash_operator.py
[2022-01-28 20:52:04,937] {processor.py:654} INFO - DAG(s) dict_keys(['example_bash_operator']) retrieved from /home/data-eginner/Documents/Soccer_Data/env/lib/python3.8/site-packages/airflow/example_dags/example_bash_operator.py
[2022-01-28 20:52:04,955] {logging_mixin.py:109} INFO - [2022-01-28 20:52:04,954] {dag.py:2396} INFO - Sync 1 DAGs
[2022-01-28 20:52:04,990] {logging_mixin.py:109} INFO - [2022-01-28 20:52:04,990] {dag.py:2935} INFO - Setting next_dagrun for example_bash_operator to 2022-01-27 00:00:00+00:00
[2022-01-28 20:52:05,084] {processor.py:171} INFO - Processing /home/data-eginner/Documents/Soccer_Data/env/lib/python3.8/site-packages/airflow/example_dags/example_bash_operator.py took 0.226 seconds
[2022-01-28 20:52:47,070] {processor.py:163} INFO - Started process (PID=17470) to work on /home/data-eginner/Documents/Soccer_Data/env/lib/python3.8/site-packages/airflow/example_dags/example_bash_operator.py
[2022-01-28 20:52:47,072] {processor.py:642} INFO - Processing file /home/data-eginner/Documents/Soccer_Data/env/lib/python3.8/site-packages/airflow/example_dags/example_bash_operator.py for tasks to queue
[2022-01-28 20:52:47,073] {logging_mixin.py:109} INFO - [2022-01-28 20:52:47,073] {dagbag.py:500} INFO - Filling up the DagBag from /home/data-eginner/Documents/Soccer_Data/env/lib/python3.8/site-packages/airflow/example_dags/example_bash_operator.py
[2022-01-28 20:52:47,118] {processor.py:654} INFO - DAG(s) dict_keys(['example_bash_operator']) retrieved from /home/data-eginner/Documents/Soccer_Data/env/lib/python3.8/site-packages/airflow/example_dags/example_bash_operator.py
[2022-01-28 20:52:47,146] {logging_mixin.py:109} INFO - [2022-01-28 20:52:47,146] {dag.py:2396} INFO - Sync 1 DAGs
[2022-01-28 20:52:47,172] {logging_mixin.py:109} INFO - [2022-01-28 20:52:47,172] {dag.py:2935} INFO - Setting next_dagrun for example_bash_operator to 2022-01-27 00:00:00+00:00
[2022-01-28 20:52:47,208] {processor.py:171} INFO - Processing /home/data-eginner/Documents/Soccer_Data/env/lib/python3.8/site-packages/airflow/example_dags/example_bash_operator.py took 0.141 seconds
[2022-01-28 20:53:37,687] {processor.py:163} INFO - Started process (PID=17676) to work on /home/data-eginner/Documents/Soccer_Data/env/lib/python3.8/site-packages/airflow/example_dags/example_bash_operator.py
[2022-01-28 20:53:37,696] {processor.py:642} INFO - Processing file /home/data-eginner/Documents/Soccer_Data/env/lib/python3.8/site-packages/airflow/example_dags/example_bash_operator.py for tasks to queue
[2022-01-28 20:53:37,697] {logging_mixin.py:109} INFO - [2022-01-28 20:53:37,697] {dagbag.py:500} INFO - Filling up the DagBag from /home/data-eginner/Documents/Soccer_Data/env/lib/python3.8/site-packages/airflow/example_dags/example_bash_operator.py
[2022-01-28 20:53:37,800] {processor.py:654} INFO - DAG(s) dict_keys(['example_bash_operator']) retrieved from /home/data-eginner/Documents/Soccer_Data/env/lib/python3.8/site-packages/airflow/example_dags/example_bash_operator.py
[2022-01-28 20:53:37,860] {logging_mixin.py:109} INFO - [2022-01-28 20:53:37,860] {dag.py:2396} INFO - Sync 1 DAGs
[2022-01-28 20:53:37,884] {logging_mixin.py:109} INFO - [2022-01-28 20:53:37,884] {dag.py:2935} INFO - Setting next_dagrun for example_bash_operator to 2022-01-27 00:00:00+00:00
[2022-01-28 20:53:38,064] {processor.py:171} INFO - Processing /home/data-eginner/Documents/Soccer_Data/env/lib/python3.8/site-packages/airflow/example_dags/example_bash_operator.py took 0.401 seconds
[2022-01-28 20:54:42,882] {processor.py:163} INFO - Started process (PID=17897) to work on /home/data-eginner/Documents/Soccer_Data/env/lib/python3.8/site-packages/airflow/example_dags/example_bash_operator.py
[2022-01-28 20:54:42,899] {processor.py:642} INFO - Processing file /home/data-eginner/Documents/Soccer_Data/env/lib/python3.8/site-packages/airflow/example_dags/example_bash_operator.py for tasks to queue
[2022-01-28 20:54:42,900] {logging_mixin.py:109} INFO - [2022-01-28 20:54:42,900] {dagbag.py:500} INFO - Filling up the DagBag from /home/data-eginner/Documents/Soccer_Data/env/lib/python3.8/site-packages/airflow/example_dags/example_bash_operator.py
[2022-01-28 20:54:43,008] {processor.py:654} INFO - DAG(s) dict_keys(['example_bash_operator']) retrieved from /home/data-eginner/Documents/Soccer_Data/env/lib/python3.8/site-packages/airflow/example_dags/example_bash_operator.py
[2022-01-28 20:54:43,108] {logging_mixin.py:109} INFO - [2022-01-28 20:54:43,108] {dag.py:2396} INFO - Sync 1 DAGs
[2022-01-28 20:54:43,237] {logging_mixin.py:109} INFO - [2022-01-28 20:54:43,237] {dag.py:2935} INFO - Setting next_dagrun for example_bash_operator to 2022-01-27 00:00:00+00:00
[2022-01-28 20:54:43,309] {processor.py:171} INFO - Processing /home/data-eginner/Documents/Soccer_Data/env/lib/python3.8/site-packages/airflow/example_dags/example_bash_operator.py took 0.470 seconds
[2022-01-28 20:55:49,749] {processor.py:163} INFO - Started process (PID=18117) to work on /home/data-eginner/Documents/Soccer_Data/env/lib/python3.8/site-packages/airflow/example_dags/example_bash_operator.py
[2022-01-28 20:55:49,767] {processor.py:642} INFO - Processing file /home/data-eginner/Documents/Soccer_Data/env/lib/python3.8/site-packages/airflow/example_dags/example_bash_operator.py for tasks to queue
[2022-01-28 20:55:49,768] {logging_mixin.py:109} INFO - [2022-01-28 20:55:49,768] {dagbag.py:500} INFO - Filling up the DagBag from /home/data-eginner/Documents/Soccer_Data/env/lib/python3.8/site-packages/airflow/example_dags/example_bash_operator.py
[2022-01-28 20:55:49,876] {processor.py:654} INFO - DAG(s) dict_keys(['example_bash_operator']) retrieved from /home/data-eginner/Documents/Soccer_Data/env/lib/python3.8/site-packages/airflow/example_dags/example_bash_operator.py
[2022-01-28 20:55:49,934] {logging_mixin.py:109} INFO - [2022-01-28 20:55:49,934] {dag.py:2396} INFO - Sync 1 DAGs
[2022-01-28 20:55:49,985] {logging_mixin.py:109} INFO - [2022-01-28 20:55:49,985] {dag.py:2935} INFO - Setting next_dagrun for example_bash_operator to 2022-01-27 00:00:00+00:00
[2022-01-28 20:55:50,057] {processor.py:171} INFO - Processing /home/data-eginner/Documents/Soccer_Data/env/lib/python3.8/site-packages/airflow/example_dags/example_bash_operator.py took 0.310 seconds
[2022-01-28 20:56:39,360] {processor.py:163} INFO - Started process (PID=18282) to work on /home/data-eginner/Documents/Soccer_Data/env/lib/python3.8/site-packages/airflow/example_dags/example_bash_operator.py
[2022-01-28 20:56:39,374] {processor.py:642} INFO - Processing file /home/data-eginner/Documents/Soccer_Data/env/lib/python3.8/site-packages/airflow/example_dags/example_bash_operator.py for tasks to queue
[2022-01-28 20:56:39,375] {logging_mixin.py:109} INFO - [2022-01-28 20:56:39,375] {dagbag.py:500} INFO - Filling up the DagBag from /home/data-eginner/Documents/Soccer_Data/env/lib/python3.8/site-packages/airflow/example_dags/example_bash_operator.py
[2022-01-28 20:56:39,419] {processor.py:654} INFO - DAG(s) dict_keys(['example_bash_operator']) retrieved from /home/data-eginner/Documents/Soccer_Data/env/lib/python3.8/site-packages/airflow/example_dags/example_bash_operator.py
[2022-01-28 20:56:39,434] {logging_mixin.py:109} INFO - [2022-01-28 20:56:39,427] {dag.py:2396} INFO - Sync 1 DAGs
[2022-01-28 20:56:39,447] {logging_mixin.py:109} INFO - [2022-01-28 20:56:39,447] {dag.py:2935} INFO - Setting next_dagrun for example_bash_operator to 2022-01-27 00:00:00+00:00
[2022-01-28 20:56:39,473] {processor.py:171} INFO - Processing /home/data-eginner/Documents/Soccer_Data/env/lib/python3.8/site-packages/airflow/example_dags/example_bash_operator.py took 0.115 seconds
[2022-01-28 20:57:37,102] {processor.py:163} INFO - Started process (PID=18485) to work on /home/data-eginner/Documents/Soccer_Data/env/lib/python3.8/site-packages/airflow/example_dags/example_bash_operator.py
[2022-01-28 20:57:37,114] {processor.py:642} INFO - Processing file /home/data-eginner/Documents/Soccer_Data/env/lib/python3.8/site-packages/airflow/example_dags/example_bash_operator.py for tasks to queue
[2022-01-28 20:57:37,115] {logging_mixin.py:109} INFO - [2022-01-28 20:57:37,115] {dagbag.py:500} INFO - Filling up the DagBag from /home/data-eginner/Documents/Soccer_Data/env/lib/python3.8/site-packages/airflow/example_dags/example_bash_operator.py
[2022-01-28 20:57:37,186] {processor.py:654} INFO - DAG(s) dict_keys(['example_bash_operator']) retrieved from /home/data-eginner/Documents/Soccer_Data/env/lib/python3.8/site-packages/airflow/example_dags/example_bash_operator.py
[2022-01-28 20:57:37,259] {logging_mixin.py:109} INFO - [2022-01-28 20:57:37,259] {dag.py:2396} INFO - Sync 1 DAGs
[2022-01-28 20:57:37,322] {logging_mixin.py:109} INFO - [2022-01-28 20:57:37,322] {dag.py:2935} INFO - Setting next_dagrun for example_bash_operator to 2022-01-27 00:00:00+00:00
[2022-01-28 20:57:37,362] {processor.py:171} INFO - Processing /home/data-eginner/Documents/Soccer_Data/env/lib/python3.8/site-packages/airflow/example_dags/example_bash_operator.py took 0.287 seconds
[2022-01-28 20:58:52,218] {processor.py:163} INFO - Started process (PID=18738) to work on /home/data-eginner/Documents/Soccer_Data/env/lib/python3.8/site-packages/airflow/example_dags/example_bash_operator.py
[2022-01-28 20:58:52,235] {processor.py:642} INFO - Processing file /home/data-eginner/Documents/Soccer_Data/env/lib/python3.8/site-packages/airflow/example_dags/example_bash_operator.py for tasks to queue
[2022-01-28 20:58:52,239] {logging_mixin.py:109} INFO - [2022-01-28 20:58:52,239] {dagbag.py:500} INFO - Filling up the DagBag from /home/data-eginner/Documents/Soccer_Data/env/lib/python3.8/site-packages/airflow/example_dags/example_bash_operator.py
[2022-01-28 20:58:52,477] {processor.py:654} INFO - DAG(s) dict_keys(['example_bash_operator']) retrieved from /home/data-eginner/Documents/Soccer_Data/env/lib/python3.8/site-packages/airflow/example_dags/example_bash_operator.py
[2022-01-28 20:58:52,595] {logging_mixin.py:109} INFO - [2022-01-28 20:58:52,595] {dag.py:2396} INFO - Sync 1 DAGs
[2022-01-28 20:58:52,662] {logging_mixin.py:109} INFO - [2022-01-28 20:58:52,662] {dag.py:2935} INFO - Setting next_dagrun for example_bash_operator to 2022-01-27 00:00:00+00:00
[2022-01-28 20:58:52,796] {processor.py:171} INFO - Processing /home/data-eginner/Documents/Soccer_Data/env/lib/python3.8/site-packages/airflow/example_dags/example_bash_operator.py took 0.630 seconds
