[2022-01-28 20:49:42,994] {processor.py:163} INFO - Started process (PID=16423) to work on /home/data-eginner/Documents/Soccer_Data/env/lib/python3.8/site-packages/airflow/example_dags/example_sla_dag.py
[2022-01-28 20:49:42,995] {processor.py:642} INFO - Processing file /home/data-eginner/Documents/Soccer_Data/env/lib/python3.8/site-packages/airflow/example_dags/example_sla_dag.py for tasks to queue
[2022-01-28 20:49:42,996] {logging_mixin.py:109} INFO - [2022-01-28 20:49:42,996] {dagbag.py:500} INFO - Filling up the DagBag from /home/data-eginner/Documents/Soccer_Data/env/lib/python3.8/site-packages/airflow/example_dags/example_sla_dag.py
[2022-01-28 20:49:43,023] {processor.py:654} INFO - DAG(s) dict_keys(['example_sla_dag']) retrieved from /home/data-eginner/Documents/Soccer_Data/env/lib/python3.8/site-packages/airflow/example_dags/example_sla_dag.py
[2022-01-28 20:49:43,032] {logging_mixin.py:109} INFO - [2022-01-28 20:49:43,032] {dag.py:2396} INFO - Sync 1 DAGs
[2022-01-28 20:49:43,056] {logging_mixin.py:109} INFO - [2022-01-28 20:49:43,056] {dag.py:2935} INFO - Setting next_dagrun for example_sla_dag to 2022-01-28T23:46:00+00:00
[2022-01-28 20:49:43,152] {processor.py:171} INFO - Processing /home/data-eginner/Documents/Soccer_Data/env/lib/python3.8/site-packages/airflow/example_dags/example_sla_dag.py took 0.160 seconds
[2022-01-28 20:50:22,342] {processor.py:163} INFO - Started process (PID=16627) to work on /home/data-eginner/Documents/Soccer_Data/env/lib/python3.8/site-packages/airflow/example_dags/example_sla_dag.py
[2022-01-28 20:50:22,363] {processor.py:642} INFO - Processing file /home/data-eginner/Documents/Soccer_Data/env/lib/python3.8/site-packages/airflow/example_dags/example_sla_dag.py for tasks to queue
[2022-01-28 20:50:22,364] {logging_mixin.py:109} INFO - [2022-01-28 20:50:22,364] {dagbag.py:500} INFO - Filling up the DagBag from /home/data-eginner/Documents/Soccer_Data/env/lib/python3.8/site-packages/airflow/example_dags/example_sla_dag.py
[2022-01-28 20:50:22,403] {processor.py:654} INFO - DAG(s) dict_keys(['example_sla_dag']) retrieved from /home/data-eginner/Documents/Soccer_Data/env/lib/python3.8/site-packages/airflow/example_dags/example_sla_dag.py
[2022-01-28 20:50:22,411] {logging_mixin.py:109} INFO - [2022-01-28 20:50:22,411] {dag.py:2396} INFO - Sync 1 DAGs
[2022-01-28 20:50:22,425] {logging_mixin.py:109} INFO - [2022-01-28 20:50:22,425] {dag.py:2935} INFO - Setting next_dagrun for example_sla_dag to 2022-01-28T23:48:00+00:00
[2022-01-28 20:50:22,462] {processor.py:171} INFO - Processing /home/data-eginner/Documents/Soccer_Data/env/lib/python3.8/site-packages/airflow/example_dags/example_sla_dag.py took 0.125 seconds
[2022-01-28 20:51:02,078] {processor.py:163} INFO - Started process (PID=16799) to work on /home/data-eginner/Documents/Soccer_Data/env/lib/python3.8/site-packages/airflow/example_dags/example_sla_dag.py
[2022-01-28 20:51:02,081] {processor.py:642} INFO - Processing file /home/data-eginner/Documents/Soccer_Data/env/lib/python3.8/site-packages/airflow/example_dags/example_sla_dag.py for tasks to queue
[2022-01-28 20:51:02,082] {logging_mixin.py:109} INFO - [2022-01-28 20:51:02,082] {dagbag.py:500} INFO - Filling up the DagBag from /home/data-eginner/Documents/Soccer_Data/env/lib/python3.8/site-packages/airflow/example_dags/example_sla_dag.py
[2022-01-28 20:51:02,121] {processor.py:654} INFO - DAG(s) dict_keys(['example_sla_dag']) retrieved from /home/data-eginner/Documents/Soccer_Data/env/lib/python3.8/site-packages/airflow/example_dags/example_sla_dag.py
[2022-01-28 20:51:02,134] {logging_mixin.py:109} INFO - [2022-01-28 20:51:02,134] {dag.py:2396} INFO - Sync 1 DAGs
[2022-01-28 20:51:02,158] {logging_mixin.py:109} INFO - [2022-01-28 20:51:02,158] {dag.py:2935} INFO - Setting next_dagrun for example_sla_dag to 2022-01-28T23:48:00+00:00
[2022-01-28 20:51:02,177] {processor.py:171} INFO - Processing /home/data-eginner/Documents/Soccer_Data/env/lib/python3.8/site-packages/airflow/example_dags/example_sla_dag.py took 0.102 seconds
[2022-01-28 20:51:38,844] {processor.py:163} INFO - Started process (PID=16958) to work on /home/data-eginner/Documents/Soccer_Data/env/lib/python3.8/site-packages/airflow/example_dags/example_sla_dag.py
[2022-01-28 20:51:38,847] {processor.py:642} INFO - Processing file /home/data-eginner/Documents/Soccer_Data/env/lib/python3.8/site-packages/airflow/example_dags/example_sla_dag.py for tasks to queue
[2022-01-28 20:51:38,848] {logging_mixin.py:109} INFO - [2022-01-28 20:51:38,848] {dagbag.py:500} INFO - Filling up the DagBag from /home/data-eginner/Documents/Soccer_Data/env/lib/python3.8/site-packages/airflow/example_dags/example_sla_dag.py
[2022-01-28 20:51:38,892] {processor.py:654} INFO - DAG(s) dict_keys(['example_sla_dag']) retrieved from /home/data-eginner/Documents/Soccer_Data/env/lib/python3.8/site-packages/airflow/example_dags/example_sla_dag.py
[2022-01-28 20:51:38,906] {logging_mixin.py:109} INFO - [2022-01-28 20:51:38,905] {dag.py:2396} INFO - Sync 1 DAGs
[2022-01-28 20:51:38,932] {logging_mixin.py:109} INFO - [2022-01-28 20:51:38,932] {dag.py:2935} INFO - Setting next_dagrun for example_sla_dag to 2022-01-28T23:48:00+00:00
[2022-01-28 20:51:38,987] {processor.py:171} INFO - Processing /home/data-eginner/Documents/Soccer_Data/env/lib/python3.8/site-packages/airflow/example_dags/example_sla_dag.py took 0.152 seconds
[2022-01-28 20:52:18,584] {processor.py:163} INFO - Started process (PID=17362) to work on /home/data-eginner/Documents/Soccer_Data/env/lib/python3.8/site-packages/airflow/example_dags/example_sla_dag.py
[2022-01-28 20:52:18,601] {processor.py:642} INFO - Processing file /home/data-eginner/Documents/Soccer_Data/env/lib/python3.8/site-packages/airflow/example_dags/example_sla_dag.py for tasks to queue
[2022-01-28 20:52:18,601] {logging_mixin.py:109} INFO - [2022-01-28 20:52:18,601] {dagbag.py:500} INFO - Filling up the DagBag from /home/data-eginner/Documents/Soccer_Data/env/lib/python3.8/site-packages/airflow/example_dags/example_sla_dag.py
[2022-01-28 20:52:18,711] {processor.py:654} INFO - DAG(s) dict_keys(['example_sla_dag']) retrieved from /home/data-eginner/Documents/Soccer_Data/env/lib/python3.8/site-packages/airflow/example_dags/example_sla_dag.py
[2022-01-28 20:52:18,734] {logging_mixin.py:109} INFO - [2022-01-28 20:52:18,734] {dag.py:2396} INFO - Sync 1 DAGs
[2022-01-28 20:52:18,794] {logging_mixin.py:109} INFO - [2022-01-28 20:52:18,794] {dag.py:2935} INFO - Setting next_dagrun for example_sla_dag to 2022-01-28T23:50:00+00:00
[2022-01-28 20:52:19,033] {processor.py:171} INFO - Processing /home/data-eginner/Documents/Soccer_Data/env/lib/python3.8/site-packages/airflow/example_dags/example_sla_dag.py took 0.452 seconds
[2022-01-28 20:53:03,516] {processor.py:163} INFO - Started process (PID=17543) to work on /home/data-eginner/Documents/Soccer_Data/env/lib/python3.8/site-packages/airflow/example_dags/example_sla_dag.py
[2022-01-28 20:53:03,537] {processor.py:642} INFO - Processing file /home/data-eginner/Documents/Soccer_Data/env/lib/python3.8/site-packages/airflow/example_dags/example_sla_dag.py for tasks to queue
[2022-01-28 20:53:03,537] {logging_mixin.py:109} INFO - [2022-01-28 20:53:03,537] {dagbag.py:500} INFO - Filling up the DagBag from /home/data-eginner/Documents/Soccer_Data/env/lib/python3.8/site-packages/airflow/example_dags/example_sla_dag.py
[2022-01-28 20:53:03,601] {processor.py:654} INFO - DAG(s) dict_keys(['example_sla_dag']) retrieved from /home/data-eginner/Documents/Soccer_Data/env/lib/python3.8/site-packages/airflow/example_dags/example_sla_dag.py
[2022-01-28 20:53:03,623] {logging_mixin.py:109} INFO - [2022-01-28 20:53:03,623] {dag.py:2396} INFO - Sync 1 DAGs
[2022-01-28 20:53:03,672] {logging_mixin.py:109} INFO - [2022-01-28 20:53:03,671] {dag.py:2935} INFO - Setting next_dagrun for example_sla_dag to 2022-01-28T23:50:00+00:00
[2022-01-28 20:53:03,737] {processor.py:171} INFO - Processing /home/data-eginner/Documents/Soccer_Data/env/lib/python3.8/site-packages/airflow/example_dags/example_sla_dag.py took 0.223 seconds
[2022-01-28 20:53:50,210] {processor.py:163} INFO - Started process (PID=17718) to work on /home/data-eginner/Documents/Soccer_Data/env/lib/python3.8/site-packages/airflow/example_dags/example_sla_dag.py
[2022-01-28 20:53:50,227] {processor.py:642} INFO - Processing file /home/data-eginner/Documents/Soccer_Data/env/lib/python3.8/site-packages/airflow/example_dags/example_sla_dag.py for tasks to queue
[2022-01-28 20:53:50,227] {logging_mixin.py:109} INFO - [2022-01-28 20:53:50,227] {dagbag.py:500} INFO - Filling up the DagBag from /home/data-eginner/Documents/Soccer_Data/env/lib/python3.8/site-packages/airflow/example_dags/example_sla_dag.py
[2022-01-28 20:53:50,287] {processor.py:654} INFO - DAG(s) dict_keys(['example_sla_dag']) retrieved from /home/data-eginner/Documents/Soccer_Data/env/lib/python3.8/site-packages/airflow/example_dags/example_sla_dag.py
[2022-01-28 20:53:50,323] {logging_mixin.py:109} INFO - [2022-01-28 20:53:50,323] {dag.py:2396} INFO - Sync 1 DAGs
[2022-01-28 20:53:50,352] {logging_mixin.py:109} INFO - [2022-01-28 20:53:50,351] {dag.py:2935} INFO - Setting next_dagrun for example_sla_dag to 2022-01-28T23:50:00+00:00
[2022-01-28 20:53:50,387] {processor.py:171} INFO - Processing /home/data-eginner/Documents/Soccer_Data/env/lib/python3.8/site-packages/airflow/example_dags/example_sla_dag.py took 0.181 seconds
[2022-01-28 20:54:33,631] {processor.py:163} INFO - Started process (PID=17867) to work on /home/data-eginner/Documents/Soccer_Data/env/lib/python3.8/site-packages/airflow/example_dags/example_sla_dag.py
[2022-01-28 20:54:33,680] {processor.py:642} INFO - Processing file /home/data-eginner/Documents/Soccer_Data/env/lib/python3.8/site-packages/airflow/example_dags/example_sla_dag.py for tasks to queue
[2022-01-28 20:54:33,682] {logging_mixin.py:109} INFO - [2022-01-28 20:54:33,681] {dagbag.py:500} INFO - Filling up the DagBag from /home/data-eginner/Documents/Soccer_Data/env/lib/python3.8/site-packages/airflow/example_dags/example_sla_dag.py
[2022-01-28 20:54:33,755] {processor.py:654} INFO - DAG(s) dict_keys(['example_sla_dag']) retrieved from /home/data-eginner/Documents/Soccer_Data/env/lib/python3.8/site-packages/airflow/example_dags/example_sla_dag.py
[2022-01-28 20:54:33,790] {logging_mixin.py:109} INFO - [2022-01-28 20:54:33,790] {dag.py:2396} INFO - Sync 1 DAGs
[2022-01-28 20:54:33,861] {logging_mixin.py:109} INFO - [2022-01-28 20:54:33,861] {dag.py:2935} INFO - Setting next_dagrun for example_sla_dag to 2022-01-28T23:52:00+00:00
[2022-01-28 20:54:33,929] {processor.py:171} INFO - Processing /home/data-eginner/Documents/Soccer_Data/env/lib/python3.8/site-packages/airflow/example_dags/example_sla_dag.py took 0.303 seconds
[2022-01-28 20:55:16,880] {processor.py:163} INFO - Started process (PID=18013) to work on /home/data-eginner/Documents/Soccer_Data/env/lib/python3.8/site-packages/airflow/example_dags/example_sla_dag.py
[2022-01-28 20:55:16,960] {processor.py:642} INFO - Processing file /home/data-eginner/Documents/Soccer_Data/env/lib/python3.8/site-packages/airflow/example_dags/example_sla_dag.py for tasks to queue
[2022-01-28 20:55:16,967] {logging_mixin.py:109} INFO - [2022-01-28 20:55:16,966] {dagbag.py:500} INFO - Filling up the DagBag from /home/data-eginner/Documents/Soccer_Data/env/lib/python3.8/site-packages/airflow/example_dags/example_sla_dag.py
[2022-01-28 20:55:17,107] {processor.py:654} INFO - DAG(s) dict_keys(['example_sla_dag']) retrieved from /home/data-eginner/Documents/Soccer_Data/env/lib/python3.8/site-packages/airflow/example_dags/example_sla_dag.py
[2022-01-28 20:55:17,150] {logging_mixin.py:109} INFO - [2022-01-28 20:55:17,150] {dag.py:2396} INFO - Sync 1 DAGs
[2022-01-28 20:55:17,183] {logging_mixin.py:109} INFO - [2022-01-28 20:55:17,183] {dag.py:2935} INFO - Setting next_dagrun for example_sla_dag to 2022-01-28T23:52:00+00:00
[2022-01-28 20:55:17,216] {processor.py:171} INFO - Processing /home/data-eginner/Documents/Soccer_Data/env/lib/python3.8/site-packages/airflow/example_dags/example_sla_dag.py took 0.349 seconds
[2022-01-28 20:56:05,060] {processor.py:163} INFO - Started process (PID=18172) to work on /home/data-eginner/Documents/Soccer_Data/env/lib/python3.8/site-packages/airflow/example_dags/example_sla_dag.py
[2022-01-28 20:56:05,077] {processor.py:642} INFO - Processing file /home/data-eginner/Documents/Soccer_Data/env/lib/python3.8/site-packages/airflow/example_dags/example_sla_dag.py for tasks to queue
[2022-01-28 20:56:05,078] {logging_mixin.py:109} INFO - [2022-01-28 20:56:05,078] {dagbag.py:500} INFO - Filling up the DagBag from /home/data-eginner/Documents/Soccer_Data/env/lib/python3.8/site-packages/airflow/example_dags/example_sla_dag.py
[2022-01-28 20:56:05,182] {processor.py:654} INFO - DAG(s) dict_keys(['example_sla_dag']) retrieved from /home/data-eginner/Documents/Soccer_Data/env/lib/python3.8/site-packages/airflow/example_dags/example_sla_dag.py
[2022-01-28 20:56:05,222] {logging_mixin.py:109} INFO - [2022-01-28 20:56:05,222] {dag.py:2396} INFO - Sync 1 DAGs
[2022-01-28 20:56:05,276] {logging_mixin.py:109} INFO - [2022-01-28 20:56:05,276] {dag.py:2935} INFO - Setting next_dagrun for example_sla_dag to 2022-01-28T23:54:00+00:00
[2022-01-28 20:56:05,331] {processor.py:171} INFO - Processing /home/data-eginner/Documents/Soccer_Data/env/lib/python3.8/site-packages/airflow/example_dags/example_sla_dag.py took 0.321 seconds
[2022-01-28 20:56:56,124] {processor.py:163} INFO - Started process (PID=18340) to work on /home/data-eginner/Documents/Soccer_Data/env/lib/python3.8/site-packages/airflow/example_dags/example_sla_dag.py
[2022-01-28 20:56:56,126] {processor.py:642} INFO - Processing file /home/data-eginner/Documents/Soccer_Data/env/lib/python3.8/site-packages/airflow/example_dags/example_sla_dag.py for tasks to queue
[2022-01-28 20:56:56,127] {logging_mixin.py:109} INFO - [2022-01-28 20:56:56,127] {dagbag.py:500} INFO - Filling up the DagBag from /home/data-eginner/Documents/Soccer_Data/env/lib/python3.8/site-packages/airflow/example_dags/example_sla_dag.py
[2022-01-28 20:56:56,191] {processor.py:654} INFO - DAG(s) dict_keys(['example_sla_dag']) retrieved from /home/data-eginner/Documents/Soccer_Data/env/lib/python3.8/site-packages/airflow/example_dags/example_sla_dag.py
[2022-01-28 20:56:56,212] {logging_mixin.py:109} INFO - [2022-01-28 20:56:56,211] {dag.py:2396} INFO - Sync 1 DAGs
[2022-01-28 20:56:56,257] {logging_mixin.py:109} INFO - [2022-01-28 20:56:56,256] {dag.py:2935} INFO - Setting next_dagrun for example_sla_dag to 2022-01-28T23:54:00+00:00
[2022-01-28 20:56:56,278] {processor.py:171} INFO - Processing /home/data-eginner/Documents/Soccer_Data/env/lib/python3.8/site-packages/airflow/example_dags/example_sla_dag.py took 0.168 seconds
[2022-01-28 20:57:54,049] {processor.py:163} INFO - Started process (PID=18543) to work on /home/data-eginner/Documents/Soccer_Data/env/lib/python3.8/site-packages/airflow/example_dags/example_sla_dag.py
[2022-01-28 20:57:54,052] {processor.py:642} INFO - Processing file /home/data-eginner/Documents/Soccer_Data/env/lib/python3.8/site-packages/airflow/example_dags/example_sla_dag.py for tasks to queue
[2022-01-28 20:57:54,053] {logging_mixin.py:109} INFO - [2022-01-28 20:57:54,053] {dagbag.py:500} INFO - Filling up the DagBag from /home/data-eginner/Documents/Soccer_Data/env/lib/python3.8/site-packages/airflow/example_dags/example_sla_dag.py
[2022-01-28 20:57:54,199] {processor.py:654} INFO - DAG(s) dict_keys(['example_sla_dag']) retrieved from /home/data-eginner/Documents/Soccer_Data/env/lib/python3.8/site-packages/airflow/example_dags/example_sla_dag.py
[2022-01-28 20:57:54,266] {logging_mixin.py:109} INFO - [2022-01-28 20:57:54,265] {dag.py:2396} INFO - Sync 1 DAGs
[2022-01-28 20:57:54,425] {logging_mixin.py:109} INFO - [2022-01-28 20:57:54,425] {dag.py:2935} INFO - Setting next_dagrun for example_sla_dag to 2022-01-28T23:54:00+00:00
[2022-01-28 20:57:54,540] {processor.py:171} INFO - Processing /home/data-eginner/Documents/Soccer_Data/env/lib/python3.8/site-packages/airflow/example_dags/example_sla_dag.py took 0.518 seconds
[2022-01-28 20:58:43,773] {processor.py:163} INFO - Started process (PID=18710) to work on /home/data-eginner/Documents/Soccer_Data/env/lib/python3.8/site-packages/airflow/example_dags/example_sla_dag.py
[2022-01-28 20:58:43,872] {processor.py:642} INFO - Processing file /home/data-eginner/Documents/Soccer_Data/env/lib/python3.8/site-packages/airflow/example_dags/example_sla_dag.py for tasks to queue
[2022-01-28 20:58:43,872] {logging_mixin.py:109} INFO - [2022-01-28 20:58:43,872] {dagbag.py:500} INFO - Filling up the DagBag from /home/data-eginner/Documents/Soccer_Data/env/lib/python3.8/site-packages/airflow/example_dags/example_sla_dag.py
[2022-01-28 20:58:43,992] {processor.py:654} INFO - DAG(s) dict_keys(['example_sla_dag']) retrieved from /home/data-eginner/Documents/Soccer_Data/env/lib/python3.8/site-packages/airflow/example_dags/example_sla_dag.py
[2022-01-28 20:58:44,065] {logging_mixin.py:109} INFO - [2022-01-28 20:58:44,065] {dag.py:2396} INFO - Sync 1 DAGs
[2022-01-28 20:58:44,104] {logging_mixin.py:109} INFO - [2022-01-28 20:58:44,104] {dag.py:2935} INFO - Setting next_dagrun for example_sla_dag to 2022-01-28T23:56:00+00:00
[2022-01-28 20:58:44,178] {processor.py:171} INFO - Processing /home/data-eginner/Documents/Soccer_Data/env/lib/python3.8/site-packages/airflow/example_dags/example_sla_dag.py took 0.411 seconds
[2022-01-28 20:59:55,903] {processor.py:163} INFO - Started process (PID=18901) to work on /home/data-eginner/Documents/Soccer_Data/env/lib/python3.8/site-packages/airflow/example_dags/example_sla_dag.py
[2022-01-28 20:59:55,909] {processor.py:642} INFO - Processing file /home/data-eginner/Documents/Soccer_Data/env/lib/python3.8/site-packages/airflow/example_dags/example_sla_dag.py for tasks to queue
[2022-01-28 20:59:55,910] {logging_mixin.py:109} INFO - [2022-01-28 20:59:55,910] {dagbag.py:500} INFO - Filling up the DagBag from /home/data-eginner/Documents/Soccer_Data/env/lib/python3.8/site-packages/airflow/example_dags/example_sla_dag.py
[2022-01-28 20:59:55,986] {processor.py:654} INFO - DAG(s) dict_keys(['example_sla_dag']) retrieved from /home/data-eginner/Documents/Soccer_Data/env/lib/python3.8/site-packages/airflow/example_dags/example_sla_dag.py
[2022-01-28 20:59:56,018] {logging_mixin.py:109} INFO - [2022-01-28 20:59:56,018] {dag.py:2396} INFO - Sync 1 DAGs
[2022-01-28 20:59:56,060] {logging_mixin.py:109} INFO - [2022-01-28 20:59:56,060] {dag.py:2935} INFO - Setting next_dagrun for example_sla_dag to 2022-01-28T23:56:00+00:00
[2022-01-28 20:59:56,101] {processor.py:171} INFO - Processing /home/data-eginner/Documents/Soccer_Data/env/lib/python3.8/site-packages/airflow/example_dags/example_sla_dag.py took 0.200 seconds
