[2022-01-28 20:49:37,747] {processor.py:163} INFO - Started process (PID=16395) to work on /home/data-eginner/Documents/Soccer_Data/env/lib/python3.8/site-packages/airflow/example_dags/example_task_group_decorator.py
[2022-01-28 20:49:37,749] {processor.py:642} INFO - Processing file /home/data-eginner/Documents/Soccer_Data/env/lib/python3.8/site-packages/airflow/example_dags/example_task_group_decorator.py for tasks to queue
[2022-01-28 20:49:37,750] {logging_mixin.py:109} INFO - [2022-01-28 20:49:37,749] {dagbag.py:500} INFO - Filling up the DagBag from /home/data-eginner/Documents/Soccer_Data/env/lib/python3.8/site-packages/airflow/example_dags/example_task_group_decorator.py
[2022-01-28 20:49:37,788] {processor.py:654} INFO - DAG(s) dict_keys(['example_task_group_decorator']) retrieved from /home/data-eginner/Documents/Soccer_Data/env/lib/python3.8/site-packages/airflow/example_dags/example_task_group_decorator.py
[2022-01-28 20:49:38,018] {logging_mixin.py:109} INFO - [2022-01-28 20:49:38,018] {dag.py:2396} INFO - Sync 1 DAGs
[2022-01-28 20:49:38,028] {logging_mixin.py:109} INFO - [2022-01-28 20:49:38,028] {dag.py:2935} INFO - Setting next_dagrun for example_task_group_decorator to 2022-01-27T23:49:38.028284+00:00
[2022-01-28 20:49:38,047] {processor.py:171} INFO - Processing /home/data-eginner/Documents/Soccer_Data/env/lib/python3.8/site-packages/airflow/example_dags/example_task_group_decorator.py took 0.339 seconds
[2022-01-28 20:50:17,275] {processor.py:163} INFO - Started process (PID=16603) to work on /home/data-eginner/Documents/Soccer_Data/env/lib/python3.8/site-packages/airflow/example_dags/example_task_group_decorator.py
[2022-01-28 20:50:17,278] {processor.py:642} INFO - Processing file /home/data-eginner/Documents/Soccer_Data/env/lib/python3.8/site-packages/airflow/example_dags/example_task_group_decorator.py for tasks to queue
[2022-01-28 20:50:17,279] {logging_mixin.py:109} INFO - [2022-01-28 20:50:17,279] {dagbag.py:500} INFO - Filling up the DagBag from /home/data-eginner/Documents/Soccer_Data/env/lib/python3.8/site-packages/airflow/example_dags/example_task_group_decorator.py
[2022-01-28 20:50:17,313] {processor.py:654} INFO - DAG(s) dict_keys(['example_task_group_decorator']) retrieved from /home/data-eginner/Documents/Soccer_Data/env/lib/python3.8/site-packages/airflow/example_dags/example_task_group_decorator.py
[2022-01-28 20:50:17,497] {logging_mixin.py:109} INFO - [2022-01-28 20:50:17,497] {dag.py:2396} INFO - Sync 1 DAGs
[2022-01-28 20:50:17,507] {logging_mixin.py:109} INFO - [2022-01-28 20:50:17,507] {dag.py:2935} INFO - Setting next_dagrun for example_task_group_decorator to 2022-01-27T23:50:17.507411+00:00
[2022-01-28 20:50:17,533] {processor.py:171} INFO - Processing /home/data-eginner/Documents/Soccer_Data/env/lib/python3.8/site-packages/airflow/example_dags/example_task_group_decorator.py took 0.263 seconds
[2022-01-28 20:50:56,987] {processor.py:163} INFO - Started process (PID=16775) to work on /home/data-eginner/Documents/Soccer_Data/env/lib/python3.8/site-packages/airflow/example_dags/example_task_group_decorator.py
[2022-01-28 20:50:56,995] {processor.py:642} INFO - Processing file /home/data-eginner/Documents/Soccer_Data/env/lib/python3.8/site-packages/airflow/example_dags/example_task_group_decorator.py for tasks to queue
[2022-01-28 20:50:56,996] {logging_mixin.py:109} INFO - [2022-01-28 20:50:56,995] {dagbag.py:500} INFO - Filling up the DagBag from /home/data-eginner/Documents/Soccer_Data/env/lib/python3.8/site-packages/airflow/example_dags/example_task_group_decorator.py
[2022-01-28 20:50:57,057] {processor.py:654} INFO - DAG(s) dict_keys(['example_task_group_decorator']) retrieved from /home/data-eginner/Documents/Soccer_Data/env/lib/python3.8/site-packages/airflow/example_dags/example_task_group_decorator.py
[2022-01-28 20:50:57,430] {logging_mixin.py:109} INFO - [2022-01-28 20:50:57,430] {dag.py:2396} INFO - Sync 1 DAGs
[2022-01-28 20:50:57,450] {logging_mixin.py:109} INFO - [2022-01-28 20:50:57,449] {dag.py:2935} INFO - Setting next_dagrun for example_task_group_decorator to 2022-01-27T23:50:57.449762+00:00
[2022-01-28 20:50:57,471] {processor.py:171} INFO - Processing /home/data-eginner/Documents/Soccer_Data/env/lib/python3.8/site-packages/airflow/example_dags/example_task_group_decorator.py took 0.487 seconds
[2022-01-28 20:51:32,184] {processor.py:163} INFO - Started process (PID=16929) to work on /home/data-eginner/Documents/Soccer_Data/env/lib/python3.8/site-packages/airflow/example_dags/example_task_group_decorator.py
[2022-01-28 20:51:32,186] {processor.py:642} INFO - Processing file /home/data-eginner/Documents/Soccer_Data/env/lib/python3.8/site-packages/airflow/example_dags/example_task_group_decorator.py for tasks to queue
[2022-01-28 20:51:32,187] {logging_mixin.py:109} INFO - [2022-01-28 20:51:32,187] {dagbag.py:500} INFO - Filling up the DagBag from /home/data-eginner/Documents/Soccer_Data/env/lib/python3.8/site-packages/airflow/example_dags/example_task_group_decorator.py
[2022-01-28 20:51:32,237] {processor.py:654} INFO - DAG(s) dict_keys(['example_task_group_decorator']) retrieved from /home/data-eginner/Documents/Soccer_Data/env/lib/python3.8/site-packages/airflow/example_dags/example_task_group_decorator.py
[2022-01-28 20:51:32,515] {logging_mixin.py:109} INFO - [2022-01-28 20:51:32,515] {dag.py:2396} INFO - Sync 1 DAGs
[2022-01-28 20:51:32,531] {logging_mixin.py:109} INFO - [2022-01-28 20:51:32,531] {dag.py:2935} INFO - Setting next_dagrun for example_task_group_decorator to 2022-01-27T23:51:32.531149+00:00
[2022-01-28 20:51:32,558] {processor.py:171} INFO - Processing /home/data-eginner/Documents/Soccer_Data/env/lib/python3.8/site-packages/airflow/example_dags/example_task_group_decorator.py took 0.377 seconds
[2022-01-28 20:52:13,693] {processor.py:163} INFO - Started process (PID=17317) to work on /home/data-eginner/Documents/Soccer_Data/env/lib/python3.8/site-packages/airflow/example_dags/example_task_group_decorator.py
[2022-01-28 20:52:13,701] {processor.py:642} INFO - Processing file /home/data-eginner/Documents/Soccer_Data/env/lib/python3.8/site-packages/airflow/example_dags/example_task_group_decorator.py for tasks to queue
[2022-01-28 20:52:13,703] {logging_mixin.py:109} INFO - [2022-01-28 20:52:13,703] {dagbag.py:500} INFO - Filling up the DagBag from /home/data-eginner/Documents/Soccer_Data/env/lib/python3.8/site-packages/airflow/example_dags/example_task_group_decorator.py
[2022-01-28 20:52:13,780] {processor.py:654} INFO - DAG(s) dict_keys(['example_task_group_decorator']) retrieved from /home/data-eginner/Documents/Soccer_Data/env/lib/python3.8/site-packages/airflow/example_dags/example_task_group_decorator.py
[2022-01-28 20:52:13,981] {logging_mixin.py:109} INFO - [2022-01-28 20:52:13,981] {dag.py:2396} INFO - Sync 1 DAGs
[2022-01-28 20:52:13,992] {logging_mixin.py:109} INFO - [2022-01-28 20:52:13,992] {dag.py:2935} INFO - Setting next_dagrun for example_task_group_decorator to 2022-01-27T23:52:13.991929+00:00
[2022-01-28 20:52:14,008] {processor.py:171} INFO - Processing /home/data-eginner/Documents/Soccer_Data/env/lib/python3.8/site-packages/airflow/example_dags/example_task_group_decorator.py took 0.326 seconds
[2022-01-28 20:52:54,069] {processor.py:163} INFO - Started process (PID=17498) to work on /home/data-eginner/Documents/Soccer_Data/env/lib/python3.8/site-packages/airflow/example_dags/example_task_group_decorator.py
[2022-01-28 20:52:54,088] {processor.py:642} INFO - Processing file /home/data-eginner/Documents/Soccer_Data/env/lib/python3.8/site-packages/airflow/example_dags/example_task_group_decorator.py for tasks to queue
[2022-01-28 20:52:54,088] {logging_mixin.py:109} INFO - [2022-01-28 20:52:54,088] {dagbag.py:500} INFO - Filling up the DagBag from /home/data-eginner/Documents/Soccer_Data/env/lib/python3.8/site-packages/airflow/example_dags/example_task_group_decorator.py
[2022-01-28 20:52:54,253] {processor.py:654} INFO - DAG(s) dict_keys(['example_task_group_decorator']) retrieved from /home/data-eginner/Documents/Soccer_Data/env/lib/python3.8/site-packages/airflow/example_dags/example_task_group_decorator.py
[2022-01-28 20:52:54,771] {logging_mixin.py:109} INFO - [2022-01-28 20:52:54,771] {dag.py:2396} INFO - Sync 1 DAGs
[2022-01-28 20:52:54,795] {logging_mixin.py:109} INFO - [2022-01-28 20:52:54,795] {dag.py:2935} INFO - Setting next_dagrun for example_task_group_decorator to 2022-01-27T23:52:54.795243+00:00
[2022-01-28 20:52:54,825] {processor.py:171} INFO - Processing /home/data-eginner/Documents/Soccer_Data/env/lib/python3.8/site-packages/airflow/example_dags/example_task_group_decorator.py took 0.774 seconds
[2022-01-28 20:53:44,037] {processor.py:163} INFO - Started process (PID=17695) to work on /home/data-eginner/Documents/Soccer_Data/env/lib/python3.8/site-packages/airflow/example_dags/example_task_group_decorator.py
[2022-01-28 20:53:44,063] {processor.py:642} INFO - Processing file /home/data-eginner/Documents/Soccer_Data/env/lib/python3.8/site-packages/airflow/example_dags/example_task_group_decorator.py for tasks to queue
[2022-01-28 20:53:44,064] {logging_mixin.py:109} INFO - [2022-01-28 20:53:44,064] {dagbag.py:500} INFO - Filling up the DagBag from /home/data-eginner/Documents/Soccer_Data/env/lib/python3.8/site-packages/airflow/example_dags/example_task_group_decorator.py
[2022-01-28 20:53:44,143] {processor.py:654} INFO - DAG(s) dict_keys(['example_task_group_decorator']) retrieved from /home/data-eginner/Documents/Soccer_Data/env/lib/python3.8/site-packages/airflow/example_dags/example_task_group_decorator.py
[2022-01-28 20:53:44,830] {logging_mixin.py:109} INFO - [2022-01-28 20:53:44,830] {dag.py:2396} INFO - Sync 1 DAGs
[2022-01-28 20:53:44,856] {logging_mixin.py:109} INFO - [2022-01-28 20:53:44,856] {dag.py:2935} INFO - Setting next_dagrun for example_task_group_decorator to 2022-01-27T23:53:44.856658+00:00
[2022-01-28 20:53:44,909] {processor.py:171} INFO - Processing /home/data-eginner/Documents/Soccer_Data/env/lib/python3.8/site-packages/airflow/example_dags/example_task_group_decorator.py took 0.885 seconds
[2022-01-28 20:54:28,096] {processor.py:163} INFO - Started process (PID=17847) to work on /home/data-eginner/Documents/Soccer_Data/env/lib/python3.8/site-packages/airflow/example_dags/example_task_group_decorator.py
[2022-01-28 20:54:28,123] {processor.py:642} INFO - Processing file /home/data-eginner/Documents/Soccer_Data/env/lib/python3.8/site-packages/airflow/example_dags/example_task_group_decorator.py for tasks to queue
[2022-01-28 20:54:28,123] {logging_mixin.py:109} INFO - [2022-01-28 20:54:28,123] {dagbag.py:500} INFO - Filling up the DagBag from /home/data-eginner/Documents/Soccer_Data/env/lib/python3.8/site-packages/airflow/example_dags/example_task_group_decorator.py
[2022-01-28 20:54:28,215] {processor.py:654} INFO - DAG(s) dict_keys(['example_task_group_decorator']) retrieved from /home/data-eginner/Documents/Soccer_Data/env/lib/python3.8/site-packages/airflow/example_dags/example_task_group_decorator.py
[2022-01-28 20:54:28,913] {logging_mixin.py:109} INFO - [2022-01-28 20:54:28,913] {dag.py:2396} INFO - Sync 1 DAGs
[2022-01-28 20:54:28,961] {logging_mixin.py:109} INFO - [2022-01-28 20:54:28,961] {dag.py:2935} INFO - Setting next_dagrun for example_task_group_decorator to 2022-01-27T23:54:28.961385+00:00
[2022-01-28 20:54:29,115] {processor.py:171} INFO - Processing /home/data-eginner/Documents/Soccer_Data/env/lib/python3.8/site-packages/airflow/example_dags/example_task_group_decorator.py took 1.022 seconds
[2022-01-28 20:55:11,538] {processor.py:163} INFO - Started process (PID=17993) to work on /home/data-eginner/Documents/Soccer_Data/env/lib/python3.8/site-packages/airflow/example_dags/example_task_group_decorator.py
[2022-01-28 20:55:11,560] {processor.py:642} INFO - Processing file /home/data-eginner/Documents/Soccer_Data/env/lib/python3.8/site-packages/airflow/example_dags/example_task_group_decorator.py for tasks to queue
[2022-01-28 20:55:11,560] {logging_mixin.py:109} INFO - [2022-01-28 20:55:11,560] {dagbag.py:500} INFO - Filling up the DagBag from /home/data-eginner/Documents/Soccer_Data/env/lib/python3.8/site-packages/airflow/example_dags/example_task_group_decorator.py
[2022-01-28 20:55:11,690] {processor.py:654} INFO - DAG(s) dict_keys(['example_task_group_decorator']) retrieved from /home/data-eginner/Documents/Soccer_Data/env/lib/python3.8/site-packages/airflow/example_dags/example_task_group_decorator.py
[2022-01-28 20:55:12,363] {logging_mixin.py:109} INFO - [2022-01-28 20:55:12,363] {dag.py:2396} INFO - Sync 1 DAGs
[2022-01-28 20:55:12,389] {logging_mixin.py:109} INFO - [2022-01-28 20:55:12,389] {dag.py:2935} INFO - Setting next_dagrun for example_task_group_decorator to 2022-01-27T23:55:12.389403+00:00
[2022-01-28 20:55:12,425] {processor.py:171} INFO - Processing /home/data-eginner/Documents/Soccer_Data/env/lib/python3.8/site-packages/airflow/example_dags/example_task_group_decorator.py took 0.902 seconds
[2022-01-28 20:55:57,933] {processor.py:163} INFO - Started process (PID=18143) to work on /home/data-eginner/Documents/Soccer_Data/env/lib/python3.8/site-packages/airflow/example_dags/example_task_group_decorator.py
[2022-01-28 20:55:57,937] {processor.py:642} INFO - Processing file /home/data-eginner/Documents/Soccer_Data/env/lib/python3.8/site-packages/airflow/example_dags/example_task_group_decorator.py for tasks to queue
[2022-01-28 20:55:57,942] {logging_mixin.py:109} INFO - [2022-01-28 20:55:57,942] {dagbag.py:500} INFO - Filling up the DagBag from /home/data-eginner/Documents/Soccer_Data/env/lib/python3.8/site-packages/airflow/example_dags/example_task_group_decorator.py
[2022-01-28 20:55:58,270] {processor.py:654} INFO - DAG(s) dict_keys(['example_task_group_decorator']) retrieved from /home/data-eginner/Documents/Soccer_Data/env/lib/python3.8/site-packages/airflow/example_dags/example_task_group_decorator.py
[2022-01-28 20:55:59,601] {logging_mixin.py:109} INFO - [2022-01-28 20:55:59,601] {dag.py:2396} INFO - Sync 1 DAGs
[2022-01-28 20:55:59,723] {logging_mixin.py:109} INFO - [2022-01-28 20:55:59,722] {dag.py:2935} INFO - Setting next_dagrun for example_task_group_decorator to 2022-01-27T23:55:59.722645+00:00
[2022-01-28 20:55:59,836] {processor.py:171} INFO - Processing /home/data-eginner/Documents/Soccer_Data/env/lib/python3.8/site-packages/airflow/example_dags/example_task_group_decorator.py took 1.907 seconds
[2022-01-28 20:56:50,344] {processor.py:163} INFO - Started process (PID=18316) to work on /home/data-eginner/Documents/Soccer_Data/env/lib/python3.8/site-packages/airflow/example_dags/example_task_group_decorator.py
[2022-01-28 20:56:50,360] {processor.py:642} INFO - Processing file /home/data-eginner/Documents/Soccer_Data/env/lib/python3.8/site-packages/airflow/example_dags/example_task_group_decorator.py for tasks to queue
[2022-01-28 20:56:50,361] {logging_mixin.py:109} INFO - [2022-01-28 20:56:50,361] {dagbag.py:500} INFO - Filling up the DagBag from /home/data-eginner/Documents/Soccer_Data/env/lib/python3.8/site-packages/airflow/example_dags/example_task_group_decorator.py
[2022-01-28 20:56:50,443] {processor.py:654} INFO - DAG(s) dict_keys(['example_task_group_decorator']) retrieved from /home/data-eginner/Documents/Soccer_Data/env/lib/python3.8/site-packages/airflow/example_dags/example_task_group_decorator.py
[2022-01-28 20:56:50,918] {logging_mixin.py:109} INFO - [2022-01-28 20:56:50,918] {dag.py:2396} INFO - Sync 1 DAGs
[2022-01-28 20:56:50,949] {logging_mixin.py:109} INFO - [2022-01-28 20:56:50,949] {dag.py:2935} INFO - Setting next_dagrun for example_task_group_decorator to 2022-01-27T23:56:50.949308+00:00
[2022-01-28 20:56:50,980] {processor.py:171} INFO - Processing /home/data-eginner/Documents/Soccer_Data/env/lib/python3.8/site-packages/airflow/example_dags/example_task_group_decorator.py took 0.648 seconds
[2022-01-28 20:57:29,855] {processor.py:163} INFO - Started process (PID=18459) to work on /home/data-eginner/Documents/Soccer_Data/env/lib/python3.8/site-packages/airflow/example_dags/example_task_group_decorator.py
[2022-01-28 20:57:29,858] {processor.py:642} INFO - Processing file /home/data-eginner/Documents/Soccer_Data/env/lib/python3.8/site-packages/airflow/example_dags/example_task_group_decorator.py for tasks to queue
[2022-01-28 20:57:29,858] {logging_mixin.py:109} INFO - [2022-01-28 20:57:29,858] {dagbag.py:500} INFO - Filling up the DagBag from /home/data-eginner/Documents/Soccer_Data/env/lib/python3.8/site-packages/airflow/example_dags/example_task_group_decorator.py
[2022-01-28 20:57:29,969] {processor.py:654} INFO - DAG(s) dict_keys(['example_task_group_decorator']) retrieved from /home/data-eginner/Documents/Soccer_Data/env/lib/python3.8/site-packages/airflow/example_dags/example_task_group_decorator.py
[2022-01-28 20:57:30,543] {logging_mixin.py:109} INFO - [2022-01-28 20:57:30,543] {dag.py:2396} INFO - Sync 1 DAGs
[2022-01-28 20:57:30,588] {logging_mixin.py:109} INFO - [2022-01-28 20:57:30,588] {dag.py:2935} INFO - Setting next_dagrun for example_task_group_decorator to 2022-01-27T23:57:30.588338+00:00
[2022-01-28 20:57:30,621] {processor.py:171} INFO - Processing /home/data-eginner/Documents/Soccer_Data/env/lib/python3.8/site-packages/airflow/example_dags/example_task_group_decorator.py took 0.792 seconds
[2022-01-28 20:58:11,849] {processor.py:163} INFO - Started process (PID=18605) to work on /home/data-eginner/Documents/Soccer_Data/env/lib/python3.8/site-packages/airflow/example_dags/example_task_group_decorator.py
[2022-01-28 20:58:11,861] {processor.py:642} INFO - Processing file /home/data-eginner/Documents/Soccer_Data/env/lib/python3.8/site-packages/airflow/example_dags/example_task_group_decorator.py for tasks to queue
[2022-01-28 20:58:11,862] {logging_mixin.py:109} INFO - [2022-01-28 20:58:11,861] {dagbag.py:500} INFO - Filling up the DagBag from /home/data-eginner/Documents/Soccer_Data/env/lib/python3.8/site-packages/airflow/example_dags/example_task_group_decorator.py
[2022-01-28 20:58:12,079] {processor.py:654} INFO - DAG(s) dict_keys(['example_task_group_decorator']) retrieved from /home/data-eginner/Documents/Soccer_Data/env/lib/python3.8/site-packages/airflow/example_dags/example_task_group_decorator.py
[2022-01-28 20:58:13,520] {logging_mixin.py:109} INFO - [2022-01-28 20:58:13,520] {dag.py:2396} INFO - Sync 1 DAGs
[2022-01-28 20:58:13,575] {logging_mixin.py:109} INFO - [2022-01-28 20:58:13,575] {dag.py:2935} INFO - Setting next_dagrun for example_task_group_decorator to 2022-01-27T23:58:13.575536+00:00
[2022-01-28 20:58:13,655] {processor.py:171} INFO - Processing /home/data-eginner/Documents/Soccer_Data/env/lib/python3.8/site-packages/airflow/example_dags/example_task_group_decorator.py took 1.809 seconds
[2022-01-28 20:59:06,699] {processor.py:163} INFO - Started process (PID=18770) to work on /home/data-eginner/Documents/Soccer_Data/env/lib/python3.8/site-packages/airflow/example_dags/example_task_group_decorator.py
[2022-01-28 20:59:06,717] {processor.py:642} INFO - Processing file /home/data-eginner/Documents/Soccer_Data/env/lib/python3.8/site-packages/airflow/example_dags/example_task_group_decorator.py for tasks to queue
[2022-01-28 20:59:06,719] {logging_mixin.py:109} INFO - [2022-01-28 20:59:06,719] {dagbag.py:500} INFO - Filling up the DagBag from /home/data-eginner/Documents/Soccer_Data/env/lib/python3.8/site-packages/airflow/example_dags/example_task_group_decorator.py
[2022-01-28 20:59:06,988] {processor.py:654} INFO - DAG(s) dict_keys(['example_task_group_decorator']) retrieved from /home/data-eginner/Documents/Soccer_Data/env/lib/python3.8/site-packages/airflow/example_dags/example_task_group_decorator.py
[2022-01-28 20:59:08,449] {logging_mixin.py:109} INFO - [2022-01-28 20:59:08,448] {dag.py:2396} INFO - Sync 1 DAGs
[2022-01-28 20:59:08,532] {logging_mixin.py:109} INFO - [2022-01-28 20:59:08,532] {dag.py:2935} INFO - Setting next_dagrun for example_task_group_decorator to 2022-01-27T23:59:08.532065+00:00
[2022-01-28 20:59:08,680] {processor.py:171} INFO - Processing /home/data-eginner/Documents/Soccer_Data/env/lib/python3.8/site-packages/airflow/example_dags/example_task_group_decorator.py took 2.015 seconds
