[2022-01-28 20:50:02,549] {processor.py:163} INFO - Started process (PID=16534) to work on /home/data-eginner/Documents/Soccer_Data/env/lib/python3.8/site-packages/airflow/example_dags/example_nested_branch_dag.py
[2022-01-28 20:50:02,550] {processor.py:642} INFO - Processing file /home/data-eginner/Documents/Soccer_Data/env/lib/python3.8/site-packages/airflow/example_dags/example_nested_branch_dag.py for tasks to queue
[2022-01-28 20:50:02,551] {logging_mixin.py:109} INFO - [2022-01-28 20:50:02,551] {dagbag.py:500} INFO - Filling up the DagBag from /home/data-eginner/Documents/Soccer_Data/env/lib/python3.8/site-packages/airflow/example_dags/example_nested_branch_dag.py
[2022-01-28 20:50:02,574] {processor.py:654} INFO - DAG(s) dict_keys(['example_nested_branch_dag']) retrieved from /home/data-eginner/Documents/Soccer_Data/env/lib/python3.8/site-packages/airflow/example_dags/example_nested_branch_dag.py
[2022-01-28 20:50:02,581] {logging_mixin.py:109} INFO - [2022-01-28 20:50:02,581] {dag.py:2396} INFO - Sync 1 DAGs
[2022-01-28 20:50:02,594] {logging_mixin.py:109} INFO - [2022-01-28 20:50:02,594] {dag.py:2935} INFO - Setting next_dagrun for example_nested_branch_dag to 2022-01-27 00:00:00+00:00
[2022-01-28 20:50:02,614] {processor.py:171} INFO - Processing /home/data-eginner/Documents/Soccer_Data/env/lib/python3.8/site-packages/airflow/example_dags/example_nested_branch_dag.py took 0.089 seconds
[2022-01-28 20:50:41,863] {processor.py:163} INFO - Started process (PID=16718) to work on /home/data-eginner/Documents/Soccer_Data/env/lib/python3.8/site-packages/airflow/example_dags/example_nested_branch_dag.py
[2022-01-28 20:50:41,866] {processor.py:642} INFO - Processing file /home/data-eginner/Documents/Soccer_Data/env/lib/python3.8/site-packages/airflow/example_dags/example_nested_branch_dag.py for tasks to queue
[2022-01-28 20:50:41,867] {logging_mixin.py:109} INFO - [2022-01-28 20:50:41,867] {dagbag.py:500} INFO - Filling up the DagBag from /home/data-eginner/Documents/Soccer_Data/env/lib/python3.8/site-packages/airflow/example_dags/example_nested_branch_dag.py
[2022-01-28 20:50:41,908] {processor.py:654} INFO - DAG(s) dict_keys(['example_nested_branch_dag']) retrieved from /home/data-eginner/Documents/Soccer_Data/env/lib/python3.8/site-packages/airflow/example_dags/example_nested_branch_dag.py
[2022-01-28 20:50:41,928] {logging_mixin.py:109} INFO - [2022-01-28 20:50:41,928] {dag.py:2396} INFO - Sync 1 DAGs
[2022-01-28 20:50:41,952] {logging_mixin.py:109} INFO - [2022-01-28 20:50:41,951] {dag.py:2935} INFO - Setting next_dagrun for example_nested_branch_dag to 2022-01-27 00:00:00+00:00
[2022-01-28 20:50:41,994] {processor.py:171} INFO - Processing /home/data-eginner/Documents/Soccer_Data/env/lib/python3.8/site-packages/airflow/example_dags/example_nested_branch_dag.py took 0.145 seconds
[2022-01-28 20:51:19,283] {processor.py:163} INFO - Started process (PID=16874) to work on /home/data-eginner/Documents/Soccer_Data/env/lib/python3.8/site-packages/airflow/example_dags/example_nested_branch_dag.py
[2022-01-28 20:51:19,292] {processor.py:642} INFO - Processing file /home/data-eginner/Documents/Soccer_Data/env/lib/python3.8/site-packages/airflow/example_dags/example_nested_branch_dag.py for tasks to queue
[2022-01-28 20:51:19,295] {logging_mixin.py:109} INFO - [2022-01-28 20:51:19,294] {dagbag.py:500} INFO - Filling up the DagBag from /home/data-eginner/Documents/Soccer_Data/env/lib/python3.8/site-packages/airflow/example_dags/example_nested_branch_dag.py
[2022-01-28 20:51:19,342] {processor.py:654} INFO - DAG(s) dict_keys(['example_nested_branch_dag']) retrieved from /home/data-eginner/Documents/Soccer_Data/env/lib/python3.8/site-packages/airflow/example_dags/example_nested_branch_dag.py
[2022-01-28 20:51:19,350] {logging_mixin.py:109} INFO - [2022-01-28 20:51:19,350] {dag.py:2396} INFO - Sync 1 DAGs
[2022-01-28 20:51:19,362] {logging_mixin.py:109} INFO - [2022-01-28 20:51:19,362] {dag.py:2935} INFO - Setting next_dagrun for example_nested_branch_dag to 2022-01-27 00:00:00+00:00
[2022-01-28 20:51:19,378] {processor.py:171} INFO - Processing /home/data-eginner/Documents/Soccer_Data/env/lib/python3.8/site-packages/airflow/example_dags/example_nested_branch_dag.py took 0.107 seconds
[2022-01-28 20:52:07,604] {processor.py:163} INFO - Started process (PID=17290) to work on /home/data-eginner/Documents/Soccer_Data/env/lib/python3.8/site-packages/airflow/example_dags/example_nested_branch_dag.py
[2022-01-28 20:52:07,620] {processor.py:642} INFO - Processing file /home/data-eginner/Documents/Soccer_Data/env/lib/python3.8/site-packages/airflow/example_dags/example_nested_branch_dag.py for tasks to queue
[2022-01-28 20:52:07,620] {logging_mixin.py:109} INFO - [2022-01-28 20:52:07,620] {dagbag.py:500} INFO - Filling up the DagBag from /home/data-eginner/Documents/Soccer_Data/env/lib/python3.8/site-packages/airflow/example_dags/example_nested_branch_dag.py
[2022-01-28 20:52:07,651] {processor.py:654} INFO - DAG(s) dict_keys(['example_nested_branch_dag']) retrieved from /home/data-eginner/Documents/Soccer_Data/env/lib/python3.8/site-packages/airflow/example_dags/example_nested_branch_dag.py
[2022-01-28 20:52:07,660] {logging_mixin.py:109} INFO - [2022-01-28 20:52:07,660] {dag.py:2396} INFO - Sync 1 DAGs
[2022-01-28 20:52:07,673] {logging_mixin.py:109} INFO - [2022-01-28 20:52:07,673] {dag.py:2935} INFO - Setting next_dagrun for example_nested_branch_dag to 2022-01-27 00:00:00+00:00
[2022-01-28 20:52:07,716] {processor.py:171} INFO - Processing /home/data-eginner/Documents/Soccer_Data/env/lib/python3.8/site-packages/airflow/example_dags/example_nested_branch_dag.py took 0.120 seconds
[2022-01-28 20:53:00,849] {processor.py:163} INFO - Started process (PID=17532) to work on /home/data-eginner/Documents/Soccer_Data/env/lib/python3.8/site-packages/airflow/example_dags/example_nested_branch_dag.py
[2022-01-28 20:53:00,863] {processor.py:642} INFO - Processing file /home/data-eginner/Documents/Soccer_Data/env/lib/python3.8/site-packages/airflow/example_dags/example_nested_branch_dag.py for tasks to queue
[2022-01-28 20:53:00,871] {logging_mixin.py:109} INFO - [2022-01-28 20:53:00,863] {dagbag.py:500} INFO - Filling up the DagBag from /home/data-eginner/Documents/Soccer_Data/env/lib/python3.8/site-packages/airflow/example_dags/example_nested_branch_dag.py
[2022-01-28 20:53:00,934] {processor.py:654} INFO - DAG(s) dict_keys(['example_nested_branch_dag']) retrieved from /home/data-eginner/Documents/Soccer_Data/env/lib/python3.8/site-packages/airflow/example_dags/example_nested_branch_dag.py
[2022-01-28 20:53:00,967] {logging_mixin.py:109} INFO - [2022-01-28 20:53:00,967] {dag.py:2396} INFO - Sync 1 DAGs
[2022-01-28 20:53:01,013] {logging_mixin.py:109} INFO - [2022-01-28 20:53:01,013] {dag.py:2935} INFO - Setting next_dagrun for example_nested_branch_dag to 2022-01-27 00:00:00+00:00
[2022-01-28 20:53:01,071] {processor.py:171} INFO - Processing /home/data-eginner/Documents/Soccer_Data/env/lib/python3.8/site-packages/airflow/example_dags/example_nested_branch_dag.py took 0.225 seconds
[2022-01-28 20:53:58,450] {processor.py:163} INFO - Started process (PID=17749) to work on /home/data-eginner/Documents/Soccer_Data/env/lib/python3.8/site-packages/airflow/example_dags/example_nested_branch_dag.py
[2022-01-28 20:53:58,464] {processor.py:642} INFO - Processing file /home/data-eginner/Documents/Soccer_Data/env/lib/python3.8/site-packages/airflow/example_dags/example_nested_branch_dag.py for tasks to queue
[2022-01-28 20:53:58,464] {logging_mixin.py:109} INFO - [2022-01-28 20:53:58,464] {dagbag.py:500} INFO - Filling up the DagBag from /home/data-eginner/Documents/Soccer_Data/env/lib/python3.8/site-packages/airflow/example_dags/example_nested_branch_dag.py
[2022-01-28 20:53:58,504] {processor.py:654} INFO - DAG(s) dict_keys(['example_nested_branch_dag']) retrieved from /home/data-eginner/Documents/Soccer_Data/env/lib/python3.8/site-packages/airflow/example_dags/example_nested_branch_dag.py
[2022-01-28 20:53:58,536] {logging_mixin.py:109} INFO - [2022-01-28 20:53:58,536] {dag.py:2396} INFO - Sync 1 DAGs
[2022-01-28 20:53:58,580] {logging_mixin.py:109} INFO - [2022-01-28 20:53:58,580] {dag.py:2935} INFO - Setting next_dagrun for example_nested_branch_dag to 2022-01-27 00:00:00+00:00
[2022-01-28 20:53:58,613] {processor.py:171} INFO - Processing /home/data-eginner/Documents/Soccer_Data/env/lib/python3.8/site-packages/airflow/example_dags/example_nested_branch_dag.py took 0.165 seconds
[2022-01-28 20:55:03,282] {processor.py:163} INFO - Started process (PID=17961) to work on /home/data-eginner/Documents/Soccer_Data/env/lib/python3.8/site-packages/airflow/example_dags/example_nested_branch_dag.py
[2022-01-28 20:55:03,307] {processor.py:642} INFO - Processing file /home/data-eginner/Documents/Soccer_Data/env/lib/python3.8/site-packages/airflow/example_dags/example_nested_branch_dag.py for tasks to queue
[2022-01-28 20:55:03,308] {logging_mixin.py:109} INFO - [2022-01-28 20:55:03,308] {dagbag.py:500} INFO - Filling up the DagBag from /home/data-eginner/Documents/Soccer_Data/env/lib/python3.8/site-packages/airflow/example_dags/example_nested_branch_dag.py
[2022-01-28 20:55:03,391] {processor.py:654} INFO - DAG(s) dict_keys(['example_nested_branch_dag']) retrieved from /home/data-eginner/Documents/Soccer_Data/env/lib/python3.8/site-packages/airflow/example_dags/example_nested_branch_dag.py
[2022-01-28 20:55:03,443] {logging_mixin.py:109} INFO - [2022-01-28 20:55:03,443] {dag.py:2396} INFO - Sync 1 DAGs
[2022-01-28 20:55:03,490] {logging_mixin.py:109} INFO - [2022-01-28 20:55:03,490] {dag.py:2935} INFO - Setting next_dagrun for example_nested_branch_dag to 2022-01-27 00:00:00+00:00
[2022-01-28 20:55:03,527] {processor.py:171} INFO - Processing /home/data-eginner/Documents/Soccer_Data/env/lib/python3.8/site-packages/airflow/example_dags/example_nested_branch_dag.py took 0.248 seconds
[2022-01-28 20:56:17,565] {processor.py:163} INFO - Started process (PID=18212) to work on /home/data-eginner/Documents/Soccer_Data/env/lib/python3.8/site-packages/airflow/example_dags/example_nested_branch_dag.py
[2022-01-28 20:56:17,608] {processor.py:642} INFO - Processing file /home/data-eginner/Documents/Soccer_Data/env/lib/python3.8/site-packages/airflow/example_dags/example_nested_branch_dag.py for tasks to queue
[2022-01-28 20:56:17,620] {logging_mixin.py:109} INFO - [2022-01-28 20:56:17,620] {dagbag.py:500} INFO - Filling up the DagBag from /home/data-eginner/Documents/Soccer_Data/env/lib/python3.8/site-packages/airflow/example_dags/example_nested_branch_dag.py
[2022-01-28 20:56:17,697] {processor.py:654} INFO - DAG(s) dict_keys(['example_nested_branch_dag']) retrieved from /home/data-eginner/Documents/Soccer_Data/env/lib/python3.8/site-packages/airflow/example_dags/example_nested_branch_dag.py
[2022-01-28 20:56:17,729] {logging_mixin.py:109} INFO - [2022-01-28 20:56:17,729] {dag.py:2396} INFO - Sync 1 DAGs
[2022-01-28 20:56:17,840] {logging_mixin.py:109} INFO - [2022-01-28 20:56:17,840] {dag.py:2935} INFO - Setting next_dagrun for example_nested_branch_dag to 2022-01-27 00:00:00+00:00
[2022-01-28 20:56:17,868] {processor.py:171} INFO - Processing /home/data-eginner/Documents/Soccer_Data/env/lib/python3.8/site-packages/airflow/example_dags/example_nested_branch_dag.py took 0.344 seconds
[2022-01-28 20:57:21,544] {processor.py:163} INFO - Started process (PID=18434) to work on /home/data-eginner/Documents/Soccer_Data/env/lib/python3.8/site-packages/airflow/example_dags/example_nested_branch_dag.py
[2022-01-28 20:57:21,562] {processor.py:642} INFO - Processing file /home/data-eginner/Documents/Soccer_Data/env/lib/python3.8/site-packages/airflow/example_dags/example_nested_branch_dag.py for tasks to queue
[2022-01-28 20:57:21,563] {logging_mixin.py:109} INFO - [2022-01-28 20:57:21,563] {dagbag.py:500} INFO - Filling up the DagBag from /home/data-eginner/Documents/Soccer_Data/env/lib/python3.8/site-packages/airflow/example_dags/example_nested_branch_dag.py
[2022-01-28 20:57:21,617] {processor.py:654} INFO - DAG(s) dict_keys(['example_nested_branch_dag']) retrieved from /home/data-eginner/Documents/Soccer_Data/env/lib/python3.8/site-packages/airflow/example_dags/example_nested_branch_dag.py
[2022-01-28 20:57:21,642] {logging_mixin.py:109} INFO - [2022-01-28 20:57:21,642] {dag.py:2396} INFO - Sync 1 DAGs
[2022-01-28 20:57:21,685] {logging_mixin.py:109} INFO - [2022-01-28 20:57:21,685] {dag.py:2935} INFO - Setting next_dagrun for example_nested_branch_dag to 2022-01-27 00:00:00+00:00
[2022-01-28 20:57:21,850] {processor.py:171} INFO - Processing /home/data-eginner/Documents/Soccer_Data/env/lib/python3.8/site-packages/airflow/example_dags/example_nested_branch_dag.py took 0.308 seconds
[2022-01-28 20:58:26,843] {processor.py:163} INFO - Started process (PID=18661) to work on /home/data-eginner/Documents/Soccer_Data/env/lib/python3.8/site-packages/airflow/example_dags/example_nested_branch_dag.py
[2022-01-28 20:58:26,851] {processor.py:642} INFO - Processing file /home/data-eginner/Documents/Soccer_Data/env/lib/python3.8/site-packages/airflow/example_dags/example_nested_branch_dag.py for tasks to queue
[2022-01-28 20:58:26,852] {logging_mixin.py:109} INFO - [2022-01-28 20:58:26,852] {dagbag.py:500} INFO - Filling up the DagBag from /home/data-eginner/Documents/Soccer_Data/env/lib/python3.8/site-packages/airflow/example_dags/example_nested_branch_dag.py
[2022-01-28 20:58:26,934] {processor.py:654} INFO - DAG(s) dict_keys(['example_nested_branch_dag']) retrieved from /home/data-eginner/Documents/Soccer_Data/env/lib/python3.8/site-packages/airflow/example_dags/example_nested_branch_dag.py
[2022-01-28 20:58:26,984] {logging_mixin.py:109} INFO - [2022-01-28 20:58:26,984] {dag.py:2396} INFO - Sync 1 DAGs
[2022-01-28 20:58:27,107] {logging_mixin.py:109} INFO - [2022-01-28 20:58:27,106] {dag.py:2935} INFO - Setting next_dagrun for example_nested_branch_dag to 2022-01-27 00:00:00+00:00
[2022-01-28 20:58:27,161] {processor.py:171} INFO - Processing /home/data-eginner/Documents/Soccer_Data/env/lib/python3.8/site-packages/airflow/example_dags/example_nested_branch_dag.py took 0.345 seconds
[2022-01-28 20:59:29,645] {processor.py:163} INFO - Started process (PID=18833) to work on /home/data-eginner/Documents/Soccer_Data/env/lib/python3.8/site-packages/airflow/example_dags/example_nested_branch_dag.py
[2022-01-28 20:59:29,663] {processor.py:642} INFO - Processing file /home/data-eginner/Documents/Soccer_Data/env/lib/python3.8/site-packages/airflow/example_dags/example_nested_branch_dag.py for tasks to queue
[2022-01-28 20:59:29,664] {logging_mixin.py:109} INFO - [2022-01-28 20:59:29,664] {dagbag.py:500} INFO - Filling up the DagBag from /home/data-eginner/Documents/Soccer_Data/env/lib/python3.8/site-packages/airflow/example_dags/example_nested_branch_dag.py
[2022-01-28 20:59:29,787] {processor.py:654} INFO - DAG(s) dict_keys(['example_nested_branch_dag']) retrieved from /home/data-eginner/Documents/Soccer_Data/env/lib/python3.8/site-packages/airflow/example_dags/example_nested_branch_dag.py
[2022-01-28 20:59:29,850] {logging_mixin.py:109} INFO - [2022-01-28 20:59:29,850] {dag.py:2396} INFO - Sync 1 DAGs
[2022-01-28 20:59:29,901] {logging_mixin.py:109} INFO - [2022-01-28 20:59:29,901] {dag.py:2935} INFO - Setting next_dagrun for example_nested_branch_dag to 2022-01-27 00:00:00+00:00
[2022-01-28 20:59:29,953] {processor.py:171} INFO - Processing /home/data-eginner/Documents/Soccer_Data/env/lib/python3.8/site-packages/airflow/example_dags/example_nested_branch_dag.py took 0.364 seconds
