[2022-01-28 20:50:05,505] {processor.py:163} INFO - Started process (PID=16549) to work on /home/data-eginner/Documents/Soccer_Data/env/lib/python3.8/site-packages/airflow/example_dags/example_latest_only.py
[2022-01-28 20:50:05,506] {processor.py:642} INFO - Processing file /home/data-eginner/Documents/Soccer_Data/env/lib/python3.8/site-packages/airflow/example_dags/example_latest_only.py for tasks to queue
[2022-01-28 20:50:05,506] {logging_mixin.py:109} INFO - [2022-01-28 20:50:05,506] {dagbag.py:500} INFO - Filling up the DagBag from /home/data-eginner/Documents/Soccer_Data/env/lib/python3.8/site-packages/airflow/example_dags/example_latest_only.py
[2022-01-28 20:50:05,534] {processor.py:654} INFO - DAG(s) dict_keys(['latest_only']) retrieved from /home/data-eginner/Documents/Soccer_Data/env/lib/python3.8/site-packages/airflow/example_dags/example_latest_only.py
[2022-01-28 20:50:05,542] {logging_mixin.py:109} INFO - [2022-01-28 20:50:05,541] {dag.py:2396} INFO - Sync 1 DAGs
[2022-01-28 20:50:05,552] {logging_mixin.py:109} INFO - [2022-01-28 20:50:05,552] {dag.py:2935} INFO - Setting next_dagrun for latest_only to 2022-01-28T19:50:05.552461+00:00
[2022-01-28 20:50:05,569] {processor.py:171} INFO - Processing /home/data-eginner/Documents/Soccer_Data/env/lib/python3.8/site-packages/airflow/example_dags/example_latest_only.py took 0.081 seconds
[2022-01-28 20:50:54,299] {processor.py:163} INFO - Started process (PID=16764) to work on /home/data-eginner/Documents/Soccer_Data/env/lib/python3.8/site-packages/airflow/example_dags/example_latest_only.py
[2022-01-28 20:50:54,304] {processor.py:642} INFO - Processing file /home/data-eginner/Documents/Soccer_Data/env/lib/python3.8/site-packages/airflow/example_dags/example_latest_only.py for tasks to queue
[2022-01-28 20:50:54,307] {logging_mixin.py:109} INFO - [2022-01-28 20:50:54,305] {dagbag.py:500} INFO - Filling up the DagBag from /home/data-eginner/Documents/Soccer_Data/env/lib/python3.8/site-packages/airflow/example_dags/example_latest_only.py
[2022-01-28 20:50:54,341] {processor.py:654} INFO - DAG(s) dict_keys(['latest_only']) retrieved from /home/data-eginner/Documents/Soccer_Data/env/lib/python3.8/site-packages/airflow/example_dags/example_latest_only.py
[2022-01-28 20:50:54,349] {logging_mixin.py:109} INFO - [2022-01-28 20:50:54,348] {dag.py:2396} INFO - Sync 1 DAGs
[2022-01-28 20:50:54,361] {logging_mixin.py:109} INFO - [2022-01-28 20:50:54,361] {dag.py:2935} INFO - Setting next_dagrun for latest_only to 2022-01-28T19:50:54.361603+00:00
[2022-01-28 20:50:54,377] {processor.py:171} INFO - Processing /home/data-eginner/Documents/Soccer_Data/env/lib/python3.8/site-packages/airflow/example_dags/example_latest_only.py took 0.087 seconds
[2022-01-28 20:51:36,271] {processor.py:163} INFO - Started process (PID=16946) to work on /home/data-eginner/Documents/Soccer_Data/env/lib/python3.8/site-packages/airflow/example_dags/example_latest_only.py
[2022-01-28 20:51:36,275] {processor.py:642} INFO - Processing file /home/data-eginner/Documents/Soccer_Data/env/lib/python3.8/site-packages/airflow/example_dags/example_latest_only.py for tasks to queue
[2022-01-28 20:51:36,276] {logging_mixin.py:109} INFO - [2022-01-28 20:51:36,276] {dagbag.py:500} INFO - Filling up the DagBag from /home/data-eginner/Documents/Soccer_Data/env/lib/python3.8/site-packages/airflow/example_dags/example_latest_only.py
[2022-01-28 20:51:36,302] {processor.py:654} INFO - DAG(s) dict_keys(['latest_only']) retrieved from /home/data-eginner/Documents/Soccer_Data/env/lib/python3.8/site-packages/airflow/example_dags/example_latest_only.py
[2022-01-28 20:51:36,310] {logging_mixin.py:109} INFO - [2022-01-28 20:51:36,310] {dag.py:2396} INFO - Sync 1 DAGs
[2022-01-28 20:51:36,321] {logging_mixin.py:109} INFO - [2022-01-28 20:51:36,321] {dag.py:2935} INFO - Setting next_dagrun for latest_only to 2022-01-28T19:51:36.320820+00:00
[2022-01-28 20:51:36,339] {processor.py:171} INFO - Processing /home/data-eginner/Documents/Soccer_Data/env/lib/python3.8/site-packages/airflow/example_dags/example_latest_only.py took 0.074 seconds
[2022-01-28 20:52:22,479] {processor.py:163} INFO - Started process (PID=17373) to work on /home/data-eginner/Documents/Soccer_Data/env/lib/python3.8/site-packages/airflow/example_dags/example_latest_only.py
[2022-01-28 20:52:22,490] {processor.py:642} INFO - Processing file /home/data-eginner/Documents/Soccer_Data/env/lib/python3.8/site-packages/airflow/example_dags/example_latest_only.py for tasks to queue
[2022-01-28 20:52:22,490] {logging_mixin.py:109} INFO - [2022-01-28 20:52:22,490] {dagbag.py:500} INFO - Filling up the DagBag from /home/data-eginner/Documents/Soccer_Data/env/lib/python3.8/site-packages/airflow/example_dags/example_latest_only.py
[2022-01-28 20:52:22,526] {processor.py:654} INFO - DAG(s) dict_keys(['latest_only']) retrieved from /home/data-eginner/Documents/Soccer_Data/env/lib/python3.8/site-packages/airflow/example_dags/example_latest_only.py
[2022-01-28 20:52:22,545] {logging_mixin.py:109} INFO - [2022-01-28 20:52:22,544] {dag.py:2396} INFO - Sync 1 DAGs
[2022-01-28 20:52:22,568] {logging_mixin.py:109} INFO - [2022-01-28 20:52:22,568] {dag.py:2935} INFO - Setting next_dagrun for latest_only to 2022-01-28T19:52:22.567825+00:00
[2022-01-28 20:52:22,601] {processor.py:171} INFO - Processing /home/data-eginner/Documents/Soccer_Data/env/lib/python3.8/site-packages/airflow/example_dags/example_latest_only.py took 0.129 seconds
[2022-01-28 20:53:17,860] {processor.py:163} INFO - Started process (PID=17602) to work on /home/data-eginner/Documents/Soccer_Data/env/lib/python3.8/site-packages/airflow/example_dags/example_latest_only.py
[2022-01-28 20:53:17,866] {processor.py:642} INFO - Processing file /home/data-eginner/Documents/Soccer_Data/env/lib/python3.8/site-packages/airflow/example_dags/example_latest_only.py for tasks to queue
[2022-01-28 20:53:17,866] {logging_mixin.py:109} INFO - [2022-01-28 20:53:17,866] {dagbag.py:500} INFO - Filling up the DagBag from /home/data-eginner/Documents/Soccer_Data/env/lib/python3.8/site-packages/airflow/example_dags/example_latest_only.py
[2022-01-28 20:53:17,890] {processor.py:654} INFO - DAG(s) dict_keys(['latest_only']) retrieved from /home/data-eginner/Documents/Soccer_Data/env/lib/python3.8/site-packages/airflow/example_dags/example_latest_only.py
[2022-01-28 20:53:17,903] {logging_mixin.py:109} INFO - [2022-01-28 20:53:17,903] {dag.py:2396} INFO - Sync 1 DAGs
[2022-01-28 20:53:17,919] {logging_mixin.py:109} INFO - [2022-01-28 20:53:17,919] {dag.py:2935} INFO - Setting next_dagrun for latest_only to 2022-01-28T19:53:17.919309+00:00
[2022-01-28 20:53:17,942] {processor.py:171} INFO - Processing /home/data-eginner/Documents/Soccer_Data/env/lib/python3.8/site-packages/airflow/example_dags/example_latest_only.py took 0.086 seconds
[2022-01-28 20:54:20,915] {processor.py:163} INFO - Started process (PID=17826) to work on /home/data-eginner/Documents/Soccer_Data/env/lib/python3.8/site-packages/airflow/example_dags/example_latest_only.py
[2022-01-28 20:54:20,920] {processor.py:642} INFO - Processing file /home/data-eginner/Documents/Soccer_Data/env/lib/python3.8/site-packages/airflow/example_dags/example_latest_only.py for tasks to queue
[2022-01-28 20:54:20,921] {logging_mixin.py:109} INFO - [2022-01-28 20:54:20,921] {dagbag.py:500} INFO - Filling up the DagBag from /home/data-eginner/Documents/Soccer_Data/env/lib/python3.8/site-packages/airflow/example_dags/example_latest_only.py
[2022-01-28 20:54:21,010] {processor.py:654} INFO - DAG(s) dict_keys(['latest_only']) retrieved from /home/data-eginner/Documents/Soccer_Data/env/lib/python3.8/site-packages/airflow/example_dags/example_latest_only.py
[2022-01-28 20:54:21,032] {logging_mixin.py:109} INFO - [2022-01-28 20:54:21,032] {dag.py:2396} INFO - Sync 1 DAGs
[2022-01-28 20:54:21,077] {logging_mixin.py:109} INFO - [2022-01-28 20:54:21,077] {dag.py:2935} INFO - Setting next_dagrun for latest_only to 2022-01-28T19:54:21.077136+00:00
[2022-01-28 20:54:21,110] {processor.py:171} INFO - Processing /home/data-eginner/Documents/Soccer_Data/env/lib/python3.8/site-packages/airflow/example_dags/example_latest_only.py took 0.226 seconds
[2022-01-28 20:55:25,847] {processor.py:163} INFO - Started process (PID=18048) to work on /home/data-eginner/Documents/Soccer_Data/env/lib/python3.8/site-packages/airflow/example_dags/example_latest_only.py
[2022-01-28 20:55:25,852] {processor.py:642} INFO - Processing file /home/data-eginner/Documents/Soccer_Data/env/lib/python3.8/site-packages/airflow/example_dags/example_latest_only.py for tasks to queue
[2022-01-28 20:55:25,853] {logging_mixin.py:109} INFO - [2022-01-28 20:55:25,853] {dagbag.py:500} INFO - Filling up the DagBag from /home/data-eginner/Documents/Soccer_Data/env/lib/python3.8/site-packages/airflow/example_dags/example_latest_only.py
[2022-01-28 20:55:25,918] {processor.py:654} INFO - DAG(s) dict_keys(['latest_only']) retrieved from /home/data-eginner/Documents/Soccer_Data/env/lib/python3.8/site-packages/airflow/example_dags/example_latest_only.py
[2022-01-28 20:55:25,957] {logging_mixin.py:109} INFO - [2022-01-28 20:55:25,956] {dag.py:2396} INFO - Sync 1 DAGs
[2022-01-28 20:55:26,024] {logging_mixin.py:109} INFO - [2022-01-28 20:55:26,024] {dag.py:2935} INFO - Setting next_dagrun for latest_only to 2022-01-28T19:55:26.023889+00:00
[2022-01-28 20:55:26,152] {processor.py:171} INFO - Processing /home/data-eginner/Documents/Soccer_Data/env/lib/python3.8/site-packages/airflow/example_dags/example_latest_only.py took 0.319 seconds
[2022-01-28 20:56:42,402] {processor.py:163} INFO - Started process (PID=18292) to work on /home/data-eginner/Documents/Soccer_Data/env/lib/python3.8/site-packages/airflow/example_dags/example_latest_only.py
[2022-01-28 20:56:42,470] {processor.py:642} INFO - Processing file /home/data-eginner/Documents/Soccer_Data/env/lib/python3.8/site-packages/airflow/example_dags/example_latest_only.py for tasks to queue
[2022-01-28 20:56:42,472] {logging_mixin.py:109} INFO - [2022-01-28 20:56:42,471] {dagbag.py:500} INFO - Filling up the DagBag from /home/data-eginner/Documents/Soccer_Data/env/lib/python3.8/site-packages/airflow/example_dags/example_latest_only.py
[2022-01-28 20:56:42,652] {processor.py:654} INFO - DAG(s) dict_keys(['latest_only']) retrieved from /home/data-eginner/Documents/Soccer_Data/env/lib/python3.8/site-packages/airflow/example_dags/example_latest_only.py
[2022-01-28 20:56:42,757] {logging_mixin.py:109} INFO - [2022-01-28 20:56:42,757] {dag.py:2396} INFO - Sync 1 DAGs
[2022-01-28 20:56:42,826] {logging_mixin.py:109} INFO - [2022-01-28 20:56:42,826] {dag.py:2935} INFO - Setting next_dagrun for latest_only to 2022-01-28T19:56:42.824944+00:00
[2022-01-28 20:56:42,956] {processor.py:171} INFO - Processing /home/data-eginner/Documents/Soccer_Data/env/lib/python3.8/site-packages/airflow/example_dags/example_latest_only.py took 0.618 seconds
[2022-01-28 20:57:40,943] {processor.py:163} INFO - Started process (PID=18501) to work on /home/data-eginner/Documents/Soccer_Data/env/lib/python3.8/site-packages/airflow/example_dags/example_latest_only.py
[2022-01-28 20:57:40,956] {processor.py:642} INFO - Processing file /home/data-eginner/Documents/Soccer_Data/env/lib/python3.8/site-packages/airflow/example_dags/example_latest_only.py for tasks to queue
[2022-01-28 20:57:40,957] {logging_mixin.py:109} INFO - [2022-01-28 20:57:40,957] {dagbag.py:500} INFO - Filling up the DagBag from /home/data-eginner/Documents/Soccer_Data/env/lib/python3.8/site-packages/airflow/example_dags/example_latest_only.py
[2022-01-28 20:57:41,026] {processor.py:654} INFO - DAG(s) dict_keys(['latest_only']) retrieved from /home/data-eginner/Documents/Soccer_Data/env/lib/python3.8/site-packages/airflow/example_dags/example_latest_only.py
[2022-01-28 20:57:41,059] {logging_mixin.py:109} INFO - [2022-01-28 20:57:41,059] {dag.py:2396} INFO - Sync 1 DAGs
[2022-01-28 20:57:41,120] {logging_mixin.py:109} INFO - [2022-01-28 20:57:41,119] {dag.py:2935} INFO - Setting next_dagrun for latest_only to 2022-01-28T19:57:41.118807+00:00
[2022-01-28 20:57:41,149] {processor.py:171} INFO - Processing /home/data-eginner/Documents/Soccer_Data/env/lib/python3.8/site-packages/airflow/example_dags/example_latest_only.py took 0.209 seconds
[2022-01-28 20:58:57,888] {processor.py:163} INFO - Started process (PID=18749) to work on /home/data-eginner/Documents/Soccer_Data/env/lib/python3.8/site-packages/airflow/example_dags/example_latest_only.py
[2022-01-28 20:58:57,904] {processor.py:642} INFO - Processing file /home/data-eginner/Documents/Soccer_Data/env/lib/python3.8/site-packages/airflow/example_dags/example_latest_only.py for tasks to queue
[2022-01-28 20:58:57,904] {logging_mixin.py:109} INFO - [2022-01-28 20:58:57,904] {dagbag.py:500} INFO - Filling up the DagBag from /home/data-eginner/Documents/Soccer_Data/env/lib/python3.8/site-packages/airflow/example_dags/example_latest_only.py
[2022-01-28 20:58:57,983] {processor.py:654} INFO - DAG(s) dict_keys(['latest_only']) retrieved from /home/data-eginner/Documents/Soccer_Data/env/lib/python3.8/site-packages/airflow/example_dags/example_latest_only.py
[2022-01-28 20:58:58,025] {logging_mixin.py:109} INFO - [2022-01-28 20:58:58,025] {dag.py:2396} INFO - Sync 1 DAGs
[2022-01-28 20:58:58,142] {logging_mixin.py:109} INFO - [2022-01-28 20:58:58,142] {dag.py:2935} INFO - Setting next_dagrun for latest_only to 2022-01-28T19:58:58.141954+00:00
[2022-01-28 20:58:58,183] {processor.py:171} INFO - Processing /home/data-eginner/Documents/Soccer_Data/env/lib/python3.8/site-packages/airflow/example_dags/example_latest_only.py took 0.323 seconds
