[2022-01-28 20:50:04,025] {processor.py:163} INFO - Started process (PID=16543) to work on /home/data-eginner/Documents/Soccer_Data/env/lib/python3.8/site-packages/airflow/example_dags/example_dag_decorator.py
[2022-01-28 20:50:04,026] {processor.py:642} INFO - Processing file /home/data-eginner/Documents/Soccer_Data/env/lib/python3.8/site-packages/airflow/example_dags/example_dag_decorator.py for tasks to queue
[2022-01-28 20:50:04,027] {logging_mixin.py:109} INFO - [2022-01-28 20:50:04,027] {dagbag.py:500} INFO - Filling up the DagBag from /home/data-eginner/Documents/Soccer_Data/env/lib/python3.8/site-packages/airflow/example_dags/example_dag_decorator.py
[2022-01-28 20:50:04,070] {processor.py:654} INFO - DAG(s) dict_keys(['example_dag_decorator']) retrieved from /home/data-eginner/Documents/Soccer_Data/env/lib/python3.8/site-packages/airflow/example_dags/example_dag_decorator.py
[2022-01-28 20:50:04,274] {logging_mixin.py:109} INFO - [2022-01-28 20:50:04,274] {dag.py:2396} INFO - Sync 1 DAGs
[2022-01-28 20:50:04,287] {logging_mixin.py:109} INFO - [2022-01-28 20:50:04,287] {dag.py:2935} INFO - Setting next_dagrun for example_dag_decorator to None
[2022-01-28 20:50:04,306] {processor.py:171} INFO - Processing /home/data-eginner/Documents/Soccer_Data/env/lib/python3.8/site-packages/airflow/example_dags/example_dag_decorator.py took 0.284 seconds
[2022-01-28 20:50:52,907] {processor.py:163} INFO - Started process (PID=16759) to work on /home/data-eginner/Documents/Soccer_Data/env/lib/python3.8/site-packages/airflow/example_dags/example_dag_decorator.py
[2022-01-28 20:50:52,917] {processor.py:642} INFO - Processing file /home/data-eginner/Documents/Soccer_Data/env/lib/python3.8/site-packages/airflow/example_dags/example_dag_decorator.py for tasks to queue
[2022-01-28 20:50:52,918] {logging_mixin.py:109} INFO - [2022-01-28 20:50:52,918] {dagbag.py:500} INFO - Filling up the DagBag from /home/data-eginner/Documents/Soccer_Data/env/lib/python3.8/site-packages/airflow/example_dags/example_dag_decorator.py
[2022-01-28 20:50:52,955] {processor.py:654} INFO - DAG(s) dict_keys(['example_dag_decorator']) retrieved from /home/data-eginner/Documents/Soccer_Data/env/lib/python3.8/site-packages/airflow/example_dags/example_dag_decorator.py
[2022-01-28 20:50:53,137] {logging_mixin.py:109} INFO - [2022-01-28 20:50:53,136] {dag.py:2396} INFO - Sync 1 DAGs
[2022-01-28 20:50:53,150] {logging_mixin.py:109} INFO - [2022-01-28 20:50:53,149] {dag.py:2935} INFO - Setting next_dagrun for example_dag_decorator to None
[2022-01-28 20:50:53,167] {processor.py:171} INFO - Processing /home/data-eginner/Documents/Soccer_Data/env/lib/python3.8/site-packages/airflow/example_dags/example_dag_decorator.py took 0.267 seconds
[2022-01-28 20:51:34,806] {processor.py:163} INFO - Started process (PID=16940) to work on /home/data-eginner/Documents/Soccer_Data/env/lib/python3.8/site-packages/airflow/example_dags/example_dag_decorator.py
[2022-01-28 20:51:34,828] {processor.py:642} INFO - Processing file /home/data-eginner/Documents/Soccer_Data/env/lib/python3.8/site-packages/airflow/example_dags/example_dag_decorator.py for tasks to queue
[2022-01-28 20:51:34,828] {logging_mixin.py:109} INFO - [2022-01-28 20:51:34,828] {dagbag.py:500} INFO - Filling up the DagBag from /home/data-eginner/Documents/Soccer_Data/env/lib/python3.8/site-packages/airflow/example_dags/example_dag_decorator.py
[2022-01-28 20:51:34,878] {processor.py:654} INFO - DAG(s) dict_keys(['example_dag_decorator']) retrieved from /home/data-eginner/Documents/Soccer_Data/env/lib/python3.8/site-packages/airflow/example_dags/example_dag_decorator.py
[2022-01-28 20:51:35,077] {logging_mixin.py:109} INFO - [2022-01-28 20:51:35,077] {dag.py:2396} INFO - Sync 1 DAGs
[2022-01-28 20:51:35,088] {logging_mixin.py:109} INFO - [2022-01-28 20:51:35,088] {dag.py:2935} INFO - Setting next_dagrun for example_dag_decorator to None
[2022-01-28 20:51:35,118] {processor.py:171} INFO - Processing /home/data-eginner/Documents/Soccer_Data/env/lib/python3.8/site-packages/airflow/example_dags/example_dag_decorator.py took 0.319 seconds
[2022-01-28 20:52:20,252] {processor.py:163} INFO - Started process (PID=17368) to work on /home/data-eginner/Documents/Soccer_Data/env/lib/python3.8/site-packages/airflow/example_dags/example_dag_decorator.py
[2022-01-28 20:52:20,266] {processor.py:642} INFO - Processing file /home/data-eginner/Documents/Soccer_Data/env/lib/python3.8/site-packages/airflow/example_dags/example_dag_decorator.py for tasks to queue
[2022-01-28 20:52:20,267] {logging_mixin.py:109} INFO - [2022-01-28 20:52:20,267] {dagbag.py:500} INFO - Filling up the DagBag from /home/data-eginner/Documents/Soccer_Data/env/lib/python3.8/site-packages/airflow/example_dags/example_dag_decorator.py
[2022-01-28 20:52:20,362] {processor.py:654} INFO - DAG(s) dict_keys(['example_dag_decorator']) retrieved from /home/data-eginner/Documents/Soccer_Data/env/lib/python3.8/site-packages/airflow/example_dags/example_dag_decorator.py
[2022-01-28 20:52:21,129] {logging_mixin.py:109} INFO - [2022-01-28 20:52:21,129] {dag.py:2396} INFO - Sync 1 DAGs
[2022-01-28 20:52:21,188] {logging_mixin.py:109} INFO - [2022-01-28 20:52:21,188] {dag.py:2935} INFO - Setting next_dagrun for example_dag_decorator to None
[2022-01-28 20:52:21,251] {processor.py:171} INFO - Processing /home/data-eginner/Documents/Soccer_Data/env/lib/python3.8/site-packages/airflow/example_dags/example_dag_decorator.py took 1.015 seconds
[2022-01-28 20:53:15,939] {processor.py:163} INFO - Started process (PID=17596) to work on /home/data-eginner/Documents/Soccer_Data/env/lib/python3.8/site-packages/airflow/example_dags/example_dag_decorator.py
[2022-01-28 20:53:15,961] {processor.py:642} INFO - Processing file /home/data-eginner/Documents/Soccer_Data/env/lib/python3.8/site-packages/airflow/example_dags/example_dag_decorator.py for tasks to queue
[2022-01-28 20:53:15,961] {logging_mixin.py:109} INFO - [2022-01-28 20:53:15,961] {dagbag.py:500} INFO - Filling up the DagBag from /home/data-eginner/Documents/Soccer_Data/env/lib/python3.8/site-packages/airflow/example_dags/example_dag_decorator.py
[2022-01-28 20:53:16,037] {processor.py:654} INFO - DAG(s) dict_keys(['example_dag_decorator']) retrieved from /home/data-eginner/Documents/Soccer_Data/env/lib/python3.8/site-packages/airflow/example_dags/example_dag_decorator.py
[2022-01-28 20:53:16,627] {logging_mixin.py:109} INFO - [2022-01-28 20:53:16,627] {dag.py:2396} INFO - Sync 1 DAGs
[2022-01-28 20:53:16,660] {logging_mixin.py:109} INFO - [2022-01-28 20:53:16,660] {dag.py:2935} INFO - Setting next_dagrun for example_dag_decorator to None
[2022-01-28 20:53:16,699] {processor.py:171} INFO - Processing /home/data-eginner/Documents/Soccer_Data/env/lib/python3.8/site-packages/airflow/example_dags/example_dag_decorator.py took 0.762 seconds
[2022-01-28 20:54:18,576] {processor.py:163} INFO - Started process (PID=17819) to work on /home/data-eginner/Documents/Soccer_Data/env/lib/python3.8/site-packages/airflow/example_dags/example_dag_decorator.py
[2022-01-28 20:54:18,596] {processor.py:642} INFO - Processing file /home/data-eginner/Documents/Soccer_Data/env/lib/python3.8/site-packages/airflow/example_dags/example_dag_decorator.py for tasks to queue
[2022-01-28 20:54:18,598] {logging_mixin.py:109} INFO - [2022-01-28 20:54:18,598] {dagbag.py:500} INFO - Filling up the DagBag from /home/data-eginner/Documents/Soccer_Data/env/lib/python3.8/site-packages/airflow/example_dags/example_dag_decorator.py
[2022-01-28 20:54:18,678] {processor.py:654} INFO - DAG(s) dict_keys(['example_dag_decorator']) retrieved from /home/data-eginner/Documents/Soccer_Data/env/lib/python3.8/site-packages/airflow/example_dags/example_dag_decorator.py
[2022-01-28 20:54:19,596] {logging_mixin.py:109} INFO - [2022-01-28 20:54:19,596] {dag.py:2396} INFO - Sync 1 DAGs
[2022-01-28 20:54:19,637] {logging_mixin.py:109} INFO - [2022-01-28 20:54:19,637] {dag.py:2935} INFO - Setting next_dagrun for example_dag_decorator to None
[2022-01-28 20:54:19,709] {processor.py:171} INFO - Processing /home/data-eginner/Documents/Soccer_Data/env/lib/python3.8/site-packages/airflow/example_dags/example_dag_decorator.py took 1.144 seconds
[2022-01-28 20:55:23,643] {processor.py:163} INFO - Started process (PID=18043) to work on /home/data-eginner/Documents/Soccer_Data/env/lib/python3.8/site-packages/airflow/example_dags/example_dag_decorator.py
[2022-01-28 20:55:23,674] {processor.py:642} INFO - Processing file /home/data-eginner/Documents/Soccer_Data/env/lib/python3.8/site-packages/airflow/example_dags/example_dag_decorator.py for tasks to queue
[2022-01-28 20:55:23,675] {logging_mixin.py:109} INFO - [2022-01-28 20:55:23,675] {dagbag.py:500} INFO - Filling up the DagBag from /home/data-eginner/Documents/Soccer_Data/env/lib/python3.8/site-packages/airflow/example_dags/example_dag_decorator.py
[2022-01-28 20:55:23,800] {processor.py:654} INFO - DAG(s) dict_keys(['example_dag_decorator']) retrieved from /home/data-eginner/Documents/Soccer_Data/env/lib/python3.8/site-packages/airflow/example_dags/example_dag_decorator.py
[2022-01-28 20:55:24,479] {logging_mixin.py:109} INFO - [2022-01-28 20:55:24,479] {dag.py:2396} INFO - Sync 1 DAGs
[2022-01-28 20:55:24,535] {logging_mixin.py:109} INFO - [2022-01-28 20:55:24,534] {dag.py:2935} INFO - Setting next_dagrun for example_dag_decorator to None
[2022-01-28 20:55:24,618] {processor.py:171} INFO - Processing /home/data-eginner/Documents/Soccer_Data/env/lib/python3.8/site-packages/airflow/example_dags/example_dag_decorator.py took 0.977 seconds
[2022-01-28 20:56:40,661] {processor.py:163} INFO - Started process (PID=18287) to work on /home/data-eginner/Documents/Soccer_Data/env/lib/python3.8/site-packages/airflow/example_dags/example_dag_decorator.py
[2022-01-28 20:56:40,743] {processor.py:642} INFO - Processing file /home/data-eginner/Documents/Soccer_Data/env/lib/python3.8/site-packages/airflow/example_dags/example_dag_decorator.py for tasks to queue
[2022-01-28 20:56:40,744] {logging_mixin.py:109} INFO - [2022-01-28 20:56:40,743] {dagbag.py:500} INFO - Filling up the DagBag from /home/data-eginner/Documents/Soccer_Data/env/lib/python3.8/site-packages/airflow/example_dags/example_dag_decorator.py
[2022-01-28 20:56:40,800] {processor.py:654} INFO - DAG(s) dict_keys(['example_dag_decorator']) retrieved from /home/data-eginner/Documents/Soccer_Data/env/lib/python3.8/site-packages/airflow/example_dags/example_dag_decorator.py
[2022-01-28 20:56:41,072] {logging_mixin.py:109} INFO - [2022-01-28 20:56:41,072] {dag.py:2396} INFO - Sync 1 DAGs
[2022-01-28 20:56:41,087] {logging_mixin.py:109} INFO - [2022-01-28 20:56:41,087] {dag.py:2935} INFO - Setting next_dagrun for example_dag_decorator to None
[2022-01-28 20:56:41,125] {processor.py:171} INFO - Processing /home/data-eginner/Documents/Soccer_Data/env/lib/python3.8/site-packages/airflow/example_dags/example_dag_decorator.py took 0.468 seconds
[2022-01-28 20:57:38,577] {processor.py:163} INFO - Started process (PID=18494) to work on /home/data-eginner/Documents/Soccer_Data/env/lib/python3.8/site-packages/airflow/example_dags/example_dag_decorator.py
[2022-01-28 20:57:38,585] {processor.py:642} INFO - Processing file /home/data-eginner/Documents/Soccer_Data/env/lib/python3.8/site-packages/airflow/example_dags/example_dag_decorator.py for tasks to queue
[2022-01-28 20:57:38,586] {logging_mixin.py:109} INFO - [2022-01-28 20:57:38,586] {dagbag.py:500} INFO - Filling up the DagBag from /home/data-eginner/Documents/Soccer_Data/env/lib/python3.8/site-packages/airflow/example_dags/example_dag_decorator.py
[2022-01-28 20:57:38,639] {processor.py:654} INFO - DAG(s) dict_keys(['example_dag_decorator']) retrieved from /home/data-eginner/Documents/Soccer_Data/env/lib/python3.8/site-packages/airflow/example_dags/example_dag_decorator.py
[2022-01-28 20:57:39,458] {logging_mixin.py:109} INFO - [2022-01-28 20:57:39,458] {dag.py:2396} INFO - Sync 1 DAGs
[2022-01-28 20:57:39,509] {logging_mixin.py:109} INFO - [2022-01-28 20:57:39,509] {dag.py:2935} INFO - Setting next_dagrun for example_dag_decorator to None
[2022-01-28 20:57:39,577] {processor.py:171} INFO - Processing /home/data-eginner/Documents/Soccer_Data/env/lib/python3.8/site-packages/airflow/example_dags/example_dag_decorator.py took 1.003 seconds
[2022-01-28 20:58:54,128] {processor.py:163} INFO - Started process (PID=18745) to work on /home/data-eginner/Documents/Soccer_Data/env/lib/python3.8/site-packages/airflow/example_dags/example_dag_decorator.py
[2022-01-28 20:58:54,153] {processor.py:642} INFO - Processing file /home/data-eginner/Documents/Soccer_Data/env/lib/python3.8/site-packages/airflow/example_dags/example_dag_decorator.py for tasks to queue
[2022-01-28 20:58:54,154] {logging_mixin.py:109} INFO - [2022-01-28 20:58:54,154] {dagbag.py:500} INFO - Filling up the DagBag from /home/data-eginner/Documents/Soccer_Data/env/lib/python3.8/site-packages/airflow/example_dags/example_dag_decorator.py
[2022-01-28 20:58:54,549] {processor.py:654} INFO - DAG(s) dict_keys(['example_dag_decorator']) retrieved from /home/data-eginner/Documents/Soccer_Data/env/lib/python3.8/site-packages/airflow/example_dags/example_dag_decorator.py
[2022-01-28 20:58:56,289] {logging_mixin.py:109} INFO - [2022-01-28 20:58:56,289] {dag.py:2396} INFO - Sync 1 DAGs
[2022-01-28 20:58:56,413] {logging_mixin.py:109} INFO - [2022-01-28 20:58:56,413] {dag.py:2935} INFO - Setting next_dagrun for example_dag_decorator to None
[2022-01-28 20:58:56,510] {processor.py:171} INFO - Processing /home/data-eginner/Documents/Soccer_Data/env/lib/python3.8/site-packages/airflow/example_dags/example_dag_decorator.py took 2.436 seconds
