[2022-01-28 20:49:54,551] {processor.py:163} INFO - Started process (PID=16493) to work on /home/data-eginner/Documents/Soccer_Data/env/lib/python3.8/site-packages/airflow/example_dags/example_branch_datetime_operator.py
[2022-01-28 20:49:54,553] {processor.py:642} INFO - Processing file /home/data-eginner/Documents/Soccer_Data/env/lib/python3.8/site-packages/airflow/example_dags/example_branch_datetime_operator.py for tasks to queue
[2022-01-28 20:49:54,554] {logging_mixin.py:109} INFO - [2022-01-28 20:49:54,554] {dagbag.py:500} INFO - Filling up the DagBag from /home/data-eginner/Documents/Soccer_Data/env/lib/python3.8/site-packages/airflow/example_dags/example_branch_datetime_operator.py
[2022-01-28 20:49:54,595] {processor.py:654} INFO - DAG(s) dict_keys(['example_branch_datetime_operator_2']) retrieved from /home/data-eginner/Documents/Soccer_Data/env/lib/python3.8/site-packages/airflow/example_dags/example_branch_datetime_operator.py
[2022-01-28 20:49:54,610] {logging_mixin.py:109} INFO - [2022-01-28 20:49:54,610] {dag.py:2396} INFO - Sync 1 DAGs
[2022-01-28 20:49:54,621] {logging_mixin.py:109} INFO - [2022-01-28 20:49:54,621] {dag.py:2935} INFO - Setting next_dagrun for example_branch_datetime_operator_2 to 2022-01-27 00:00:00+00:00
[2022-01-28 20:49:54,640] {processor.py:171} INFO - Processing /home/data-eginner/Documents/Soccer_Data/env/lib/python3.8/site-packages/airflow/example_dags/example_branch_datetime_operator.py took 0.111 seconds
[2022-01-28 20:50:33,099] {processor.py:163} INFO - Started process (PID=16673) to work on /home/data-eginner/Documents/Soccer_Data/env/lib/python3.8/site-packages/airflow/example_dags/example_branch_datetime_operator.py
[2022-01-28 20:50:33,106] {processor.py:642} INFO - Processing file /home/data-eginner/Documents/Soccer_Data/env/lib/python3.8/site-packages/airflow/example_dags/example_branch_datetime_operator.py for tasks to queue
[2022-01-28 20:50:33,107] {logging_mixin.py:109} INFO - [2022-01-28 20:50:33,107] {dagbag.py:500} INFO - Filling up the DagBag from /home/data-eginner/Documents/Soccer_Data/env/lib/python3.8/site-packages/airflow/example_dags/example_branch_datetime_operator.py
[2022-01-28 20:50:33,163] {processor.py:654} INFO - DAG(s) dict_keys(['example_branch_datetime_operator_2']) retrieved from /home/data-eginner/Documents/Soccer_Data/env/lib/python3.8/site-packages/airflow/example_dags/example_branch_datetime_operator.py
[2022-01-28 20:50:33,170] {logging_mixin.py:109} INFO - [2022-01-28 20:50:33,170] {dag.py:2396} INFO - Sync 1 DAGs
[2022-01-28 20:50:33,191] {logging_mixin.py:109} INFO - [2022-01-28 20:50:33,191] {dag.py:2935} INFO - Setting next_dagrun for example_branch_datetime_operator_2 to 2022-01-27 00:00:00+00:00
[2022-01-28 20:50:33,240] {processor.py:171} INFO - Processing /home/data-eginner/Documents/Soccer_Data/env/lib/python3.8/site-packages/airflow/example_dags/example_branch_datetime_operator.py took 0.144 seconds
[2022-01-28 20:51:11,411] {processor.py:163} INFO - Started process (PID=16840) to work on /home/data-eginner/Documents/Soccer_Data/env/lib/python3.8/site-packages/airflow/example_dags/example_branch_datetime_operator.py
[2022-01-28 20:51:11,426] {processor.py:642} INFO - Processing file /home/data-eginner/Documents/Soccer_Data/env/lib/python3.8/site-packages/airflow/example_dags/example_branch_datetime_operator.py for tasks to queue
[2022-01-28 20:51:11,426] {logging_mixin.py:109} INFO - [2022-01-28 20:51:11,426] {dagbag.py:500} INFO - Filling up the DagBag from /home/data-eginner/Documents/Soccer_Data/env/lib/python3.8/site-packages/airflow/example_dags/example_branch_datetime_operator.py
[2022-01-28 20:51:11,466] {processor.py:654} INFO - DAG(s) dict_keys(['example_branch_datetime_operator_2']) retrieved from /home/data-eginner/Documents/Soccer_Data/env/lib/python3.8/site-packages/airflow/example_dags/example_branch_datetime_operator.py
[2022-01-28 20:51:11,480] {logging_mixin.py:109} INFO - [2022-01-28 20:51:11,479] {dag.py:2396} INFO - Sync 1 DAGs
[2022-01-28 20:51:11,515] {logging_mixin.py:109} INFO - [2022-01-28 20:51:11,514] {dag.py:2935} INFO - Setting next_dagrun for example_branch_datetime_operator_2 to 2022-01-27 00:00:00+00:00
[2022-01-28 20:51:11,540] {processor.py:171} INFO - Processing /home/data-eginner/Documents/Soccer_Data/env/lib/python3.8/site-packages/airflow/example_dags/example_branch_datetime_operator.py took 0.132 seconds
[2022-01-28 20:51:51,499] {processor.py:163} INFO - Started process (PID=17112) to work on /home/data-eginner/Documents/Soccer_Data/env/lib/python3.8/site-packages/airflow/example_dags/example_branch_datetime_operator.py
[2022-01-28 20:51:51,550] {processor.py:642} INFO - Processing file /home/data-eginner/Documents/Soccer_Data/env/lib/python3.8/site-packages/airflow/example_dags/example_branch_datetime_operator.py for tasks to queue
[2022-01-28 20:51:51,550] {logging_mixin.py:109} INFO - [2022-01-28 20:51:51,550] {dagbag.py:500} INFO - Filling up the DagBag from /home/data-eginner/Documents/Soccer_Data/env/lib/python3.8/site-packages/airflow/example_dags/example_branch_datetime_operator.py
[2022-01-28 20:51:51,623] {processor.py:654} INFO - DAG(s) dict_keys(['example_branch_datetime_operator_2']) retrieved from /home/data-eginner/Documents/Soccer_Data/env/lib/python3.8/site-packages/airflow/example_dags/example_branch_datetime_operator.py
[2022-01-28 20:51:51,655] {logging_mixin.py:109} INFO - [2022-01-28 20:51:51,655] {dag.py:2396} INFO - Sync 1 DAGs
[2022-01-28 20:51:51,686] {logging_mixin.py:109} INFO - [2022-01-28 20:51:51,686] {dag.py:2935} INFO - Setting next_dagrun for example_branch_datetime_operator_2 to 2022-01-27 00:00:00+00:00
[2022-01-28 20:51:51,819] {processor.py:171} INFO - Processing /home/data-eginner/Documents/Soccer_Data/env/lib/python3.8/site-packages/airflow/example_dags/example_branch_datetime_operator.py took 0.342 seconds
[2022-01-28 20:52:34,500] {processor.py:163} INFO - Started process (PID=17419) to work on /home/data-eginner/Documents/Soccer_Data/env/lib/python3.8/site-packages/airflow/example_dags/example_branch_datetime_operator.py
[2022-01-28 20:52:34,528] {processor.py:642} INFO - Processing file /home/data-eginner/Documents/Soccer_Data/env/lib/python3.8/site-packages/airflow/example_dags/example_branch_datetime_operator.py for tasks to queue
[2022-01-28 20:52:34,529] {logging_mixin.py:109} INFO - [2022-01-28 20:52:34,529] {dagbag.py:500} INFO - Filling up the DagBag from /home/data-eginner/Documents/Soccer_Data/env/lib/python3.8/site-packages/airflow/example_dags/example_branch_datetime_operator.py
[2022-01-28 20:52:34,577] {processor.py:654} INFO - DAG(s) dict_keys(['example_branch_datetime_operator_2']) retrieved from /home/data-eginner/Documents/Soccer_Data/env/lib/python3.8/site-packages/airflow/example_dags/example_branch_datetime_operator.py
[2022-01-28 20:52:34,618] {logging_mixin.py:109} INFO - [2022-01-28 20:52:34,618] {dag.py:2396} INFO - Sync 1 DAGs
[2022-01-28 20:52:34,669] {logging_mixin.py:109} INFO - [2022-01-28 20:52:34,669] {dag.py:2935} INFO - Setting next_dagrun for example_branch_datetime_operator_2 to 2022-01-27 00:00:00+00:00
[2022-01-28 20:52:34,699] {processor.py:171} INFO - Processing /home/data-eginner/Documents/Soccer_Data/env/lib/python3.8/site-packages/airflow/example_dags/example_branch_datetime_operator.py took 0.208 seconds
[2022-01-28 20:53:30,076] {processor.py:163} INFO - Started process (PID=17643) to work on /home/data-eginner/Documents/Soccer_Data/env/lib/python3.8/site-packages/airflow/example_dags/example_branch_datetime_operator.py
[2022-01-28 20:53:30,093] {processor.py:642} INFO - Processing file /home/data-eginner/Documents/Soccer_Data/env/lib/python3.8/site-packages/airflow/example_dags/example_branch_datetime_operator.py for tasks to queue
[2022-01-28 20:53:30,093] {logging_mixin.py:109} INFO - [2022-01-28 20:53:30,093] {dagbag.py:500} INFO - Filling up the DagBag from /home/data-eginner/Documents/Soccer_Data/env/lib/python3.8/site-packages/airflow/example_dags/example_branch_datetime_operator.py
[2022-01-28 20:53:30,169] {processor.py:654} INFO - DAG(s) dict_keys(['example_branch_datetime_operator_2']) retrieved from /home/data-eginner/Documents/Soccer_Data/env/lib/python3.8/site-packages/airflow/example_dags/example_branch_datetime_operator.py
[2022-01-28 20:53:30,189] {logging_mixin.py:109} INFO - [2022-01-28 20:53:30,189] {dag.py:2396} INFO - Sync 1 DAGs
[2022-01-28 20:53:30,226] {logging_mixin.py:109} INFO - [2022-01-28 20:53:30,225] {dag.py:2935} INFO - Setting next_dagrun for example_branch_datetime_operator_2 to 2022-01-27 00:00:00+00:00
[2022-01-28 20:53:30,266] {processor.py:171} INFO - Processing /home/data-eginner/Documents/Soccer_Data/env/lib/python3.8/site-packages/airflow/example_dags/example_branch_datetime_operator.py took 0.193 seconds
[2022-01-28 20:54:16,902] {processor.py:163} INFO - Started process (PID=17809) to work on /home/data-eginner/Documents/Soccer_Data/env/lib/python3.8/site-packages/airflow/example_dags/example_branch_datetime_operator.py
[2022-01-28 20:54:16,919] {processor.py:642} INFO - Processing file /home/data-eginner/Documents/Soccer_Data/env/lib/python3.8/site-packages/airflow/example_dags/example_branch_datetime_operator.py for tasks to queue
[2022-01-28 20:54:16,920] {logging_mixin.py:109} INFO - [2022-01-28 20:54:16,920] {dagbag.py:500} INFO - Filling up the DagBag from /home/data-eginner/Documents/Soccer_Data/env/lib/python3.8/site-packages/airflow/example_dags/example_branch_datetime_operator.py
[2022-01-28 20:54:17,037] {processor.py:654} INFO - DAG(s) dict_keys(['example_branch_datetime_operator_2']) retrieved from /home/data-eginner/Documents/Soccer_Data/env/lib/python3.8/site-packages/airflow/example_dags/example_branch_datetime_operator.py
[2022-01-28 20:54:17,076] {logging_mixin.py:109} INFO - [2022-01-28 20:54:17,075] {dag.py:2396} INFO - Sync 1 DAGs
[2022-01-28 20:54:17,156] {logging_mixin.py:109} INFO - [2022-01-28 20:54:17,156] {dag.py:2935} INFO - Setting next_dagrun for example_branch_datetime_operator_2 to 2022-01-27 00:00:00+00:00
[2022-01-28 20:54:17,220] {processor.py:171} INFO - Processing /home/data-eginner/Documents/Soccer_Data/env/lib/python3.8/site-packages/airflow/example_dags/example_branch_datetime_operator.py took 0.321 seconds
[2022-01-28 20:55:22,250] {processor.py:163} INFO - Started process (PID=18038) to work on /home/data-eginner/Documents/Soccer_Data/env/lib/python3.8/site-packages/airflow/example_dags/example_branch_datetime_operator.py
[2022-01-28 20:55:22,254] {processor.py:642} INFO - Processing file /home/data-eginner/Documents/Soccer_Data/env/lib/python3.8/site-packages/airflow/example_dags/example_branch_datetime_operator.py for tasks to queue
[2022-01-28 20:55:22,255] {logging_mixin.py:109} INFO - [2022-01-28 20:55:22,254] {dagbag.py:500} INFO - Filling up the DagBag from /home/data-eginner/Documents/Soccer_Data/env/lib/python3.8/site-packages/airflow/example_dags/example_branch_datetime_operator.py
[2022-01-28 20:55:22,337] {processor.py:654} INFO - DAG(s) dict_keys(['example_branch_datetime_operator_2']) retrieved from /home/data-eginner/Documents/Soccer_Data/env/lib/python3.8/site-packages/airflow/example_dags/example_branch_datetime_operator.py
[2022-01-28 20:55:22,402] {logging_mixin.py:109} INFO - [2022-01-28 20:55:22,402] {dag.py:2396} INFO - Sync 1 DAGs
[2022-01-28 20:55:22,445] {logging_mixin.py:109} INFO - [2022-01-28 20:55:22,445] {dag.py:2935} INFO - Setting next_dagrun for example_branch_datetime_operator_2 to 2022-01-27 00:00:00+00:00
[2022-01-28 20:55:22,511] {processor.py:171} INFO - Processing /home/data-eginner/Documents/Soccer_Data/env/lib/python3.8/site-packages/airflow/example_dags/example_branch_datetime_operator.py took 0.299 seconds
[2022-01-28 20:56:32,897] {processor.py:163} INFO - Started process (PID=18256) to work on /home/data-eginner/Documents/Soccer_Data/env/lib/python3.8/site-packages/airflow/example_dags/example_branch_datetime_operator.py
[2022-01-28 20:56:32,915] {processor.py:642} INFO - Processing file /home/data-eginner/Documents/Soccer_Data/env/lib/python3.8/site-packages/airflow/example_dags/example_branch_datetime_operator.py for tasks to queue
[2022-01-28 20:56:32,916] {logging_mixin.py:109} INFO - [2022-01-28 20:56:32,916] {dagbag.py:500} INFO - Filling up the DagBag from /home/data-eginner/Documents/Soccer_Data/env/lib/python3.8/site-packages/airflow/example_dags/example_branch_datetime_operator.py
[2022-01-28 20:56:32,970] {processor.py:654} INFO - DAG(s) dict_keys(['example_branch_datetime_operator_2']) retrieved from /home/data-eginner/Documents/Soccer_Data/env/lib/python3.8/site-packages/airflow/example_dags/example_branch_datetime_operator.py
[2022-01-28 20:56:32,991] {logging_mixin.py:109} INFO - [2022-01-28 20:56:32,991] {dag.py:2396} INFO - Sync 1 DAGs
[2022-01-28 20:56:33,025] {logging_mixin.py:109} INFO - [2022-01-28 20:56:33,025] {dag.py:2935} INFO - Setting next_dagrun for example_branch_datetime_operator_2 to 2022-01-27 00:00:00+00:00
[2022-01-28 20:56:33,083] {processor.py:171} INFO - Processing /home/data-eginner/Documents/Soccer_Data/env/lib/python3.8/site-packages/airflow/example_dags/example_branch_datetime_operator.py took 0.188 seconds
[2022-01-28 20:57:16,429] {processor.py:163} INFO - Started process (PID=18412) to work on /home/data-eginner/Documents/Soccer_Data/env/lib/python3.8/site-packages/airflow/example_dags/example_branch_datetime_operator.py
[2022-01-28 20:57:16,439] {processor.py:642} INFO - Processing file /home/data-eginner/Documents/Soccer_Data/env/lib/python3.8/site-packages/airflow/example_dags/example_branch_datetime_operator.py for tasks to queue
[2022-01-28 20:57:16,440] {logging_mixin.py:109} INFO - [2022-01-28 20:57:16,440] {dagbag.py:500} INFO - Filling up the DagBag from /home/data-eginner/Documents/Soccer_Data/env/lib/python3.8/site-packages/airflow/example_dags/example_branch_datetime_operator.py
[2022-01-28 20:57:16,496] {processor.py:654} INFO - DAG(s) dict_keys(['example_branch_datetime_operator_2']) retrieved from /home/data-eginner/Documents/Soccer_Data/env/lib/python3.8/site-packages/airflow/example_dags/example_branch_datetime_operator.py
[2022-01-28 20:57:16,546] {logging_mixin.py:109} INFO - [2022-01-28 20:57:16,545] {dag.py:2396} INFO - Sync 1 DAGs
[2022-01-28 20:57:16,607] {logging_mixin.py:109} INFO - [2022-01-28 20:57:16,607] {dag.py:2935} INFO - Setting next_dagrun for example_branch_datetime_operator_2 to 2022-01-27 00:00:00+00:00
[2022-01-28 20:57:16,644] {processor.py:171} INFO - Processing /home/data-eginner/Documents/Soccer_Data/env/lib/python3.8/site-packages/airflow/example_dags/example_branch_datetime_operator.py took 0.217 seconds
[2022-01-28 20:58:20,657] {processor.py:163} INFO - Started process (PID=18635) to work on /home/data-eginner/Documents/Soccer_Data/env/lib/python3.8/site-packages/airflow/example_dags/example_branch_datetime_operator.py
[2022-01-28 20:58:20,662] {processor.py:642} INFO - Processing file /home/data-eginner/Documents/Soccer_Data/env/lib/python3.8/site-packages/airflow/example_dags/example_branch_datetime_operator.py for tasks to queue
[2022-01-28 20:58:20,663] {logging_mixin.py:109} INFO - [2022-01-28 20:58:20,663] {dagbag.py:500} INFO - Filling up the DagBag from /home/data-eginner/Documents/Soccer_Data/env/lib/python3.8/site-packages/airflow/example_dags/example_branch_datetime_operator.py
[2022-01-28 20:58:20,719] {processor.py:654} INFO - DAG(s) dict_keys(['example_branch_datetime_operator_2']) retrieved from /home/data-eginner/Documents/Soccer_Data/env/lib/python3.8/site-packages/airflow/example_dags/example_branch_datetime_operator.py
[2022-01-28 20:58:20,751] {logging_mixin.py:109} INFO - [2022-01-28 20:58:20,751] {dag.py:2396} INFO - Sync 1 DAGs
[2022-01-28 20:58:20,797] {logging_mixin.py:109} INFO - [2022-01-28 20:58:20,797] {dag.py:2935} INFO - Setting next_dagrun for example_branch_datetime_operator_2 to 2022-01-27 00:00:00+00:00
[2022-01-28 20:58:20,889] {processor.py:171} INFO - Processing /home/data-eginner/Documents/Soccer_Data/env/lib/python3.8/site-packages/airflow/example_dags/example_branch_datetime_operator.py took 0.235 seconds
[2022-01-28 20:59:22,826] {processor.py:163} INFO - Started process (PID=18813) to work on /home/data-eginner/Documents/Soccer_Data/env/lib/python3.8/site-packages/airflow/example_dags/example_branch_datetime_operator.py
[2022-01-28 20:59:22,843] {processor.py:642} INFO - Processing file /home/data-eginner/Documents/Soccer_Data/env/lib/python3.8/site-packages/airflow/example_dags/example_branch_datetime_operator.py for tasks to queue
[2022-01-28 20:59:22,847] {logging_mixin.py:109} INFO - [2022-01-28 20:59:22,845] {dagbag.py:500} INFO - Filling up the DagBag from /home/data-eginner/Documents/Soccer_Data/env/lib/python3.8/site-packages/airflow/example_dags/example_branch_datetime_operator.py
[2022-01-28 20:59:22,989] {processor.py:654} INFO - DAG(s) dict_keys(['example_branch_datetime_operator_2']) retrieved from /home/data-eginner/Documents/Soccer_Data/env/lib/python3.8/site-packages/airflow/example_dags/example_branch_datetime_operator.py
[2022-01-28 20:59:23,042] {logging_mixin.py:109} INFO - [2022-01-28 20:59:23,042] {dag.py:2396} INFO - Sync 1 DAGs
[2022-01-28 20:59:23,151] {logging_mixin.py:109} INFO - [2022-01-28 20:59:23,150] {dag.py:2935} INFO - Setting next_dagrun for example_branch_datetime_operator_2 to 2022-01-27 00:00:00+00:00
[2022-01-28 20:59:23,266] {processor.py:171} INFO - Processing /home/data-eginner/Documents/Soccer_Data/env/lib/python3.8/site-packages/airflow/example_dags/example_branch_datetime_operator.py took 0.443 seconds
