[2022-01-28 20:49:47,071] {processor.py:163} INFO - Started process (PID=16446) to work on /home/data-eginner/Documents/Soccer_Data/env/lib/python3.8/site-packages/airflow/example_dags/example_branch_operator.py
[2022-01-28 20:49:47,072] {processor.py:642} INFO - Processing file /home/data-eginner/Documents/Soccer_Data/env/lib/python3.8/site-packages/airflow/example_dags/example_branch_operator.py for tasks to queue
[2022-01-28 20:49:47,073] {logging_mixin.py:109} INFO - [2022-01-28 20:49:47,072] {dagbag.py:500} INFO - Filling up the DagBag from /home/data-eginner/Documents/Soccer_Data/env/lib/python3.8/site-packages/airflow/example_dags/example_branch_operator.py
[2022-01-28 20:49:47,138] {processor.py:654} INFO - DAG(s) dict_keys(['example_branch_operator']) retrieved from /home/data-eginner/Documents/Soccer_Data/env/lib/python3.8/site-packages/airflow/example_dags/example_branch_operator.py
[2022-01-28 20:49:47,147] {logging_mixin.py:109} INFO - [2022-01-28 20:49:47,147] {dag.py:2396} INFO - Sync 1 DAGs
[2022-01-28 20:49:47,158] {logging_mixin.py:109} INFO - [2022-01-28 20:49:47,158] {dag.py:2935} INFO - Setting next_dagrun for example_branch_operator to 2022-01-27 00:00:00+00:00
[2022-01-28 20:49:47,177] {processor.py:171} INFO - Processing /home/data-eginner/Documents/Soccer_Data/env/lib/python3.8/site-packages/airflow/example_dags/example_branch_operator.py took 0.109 seconds
[2022-01-28 20:50:25,237] {processor.py:163} INFO - Started process (PID=16640) to work on /home/data-eginner/Documents/Soccer_Data/env/lib/python3.8/site-packages/airflow/example_dags/example_branch_operator.py
[2022-01-28 20:50:25,242] {processor.py:642} INFO - Processing file /home/data-eginner/Documents/Soccer_Data/env/lib/python3.8/site-packages/airflow/example_dags/example_branch_operator.py for tasks to queue
[2022-01-28 20:50:25,243] {logging_mixin.py:109} INFO - [2022-01-28 20:50:25,243] {dagbag.py:500} INFO - Filling up the DagBag from /home/data-eginner/Documents/Soccer_Data/env/lib/python3.8/site-packages/airflow/example_dags/example_branch_operator.py
[2022-01-28 20:50:25,267] {processor.py:654} INFO - DAG(s) dict_keys(['example_branch_operator']) retrieved from /home/data-eginner/Documents/Soccer_Data/env/lib/python3.8/site-packages/airflow/example_dags/example_branch_operator.py
[2022-01-28 20:50:25,275] {logging_mixin.py:109} INFO - [2022-01-28 20:50:25,275] {dag.py:2396} INFO - Sync 1 DAGs
[2022-01-28 20:50:25,289] {logging_mixin.py:109} INFO - [2022-01-28 20:50:25,289] {dag.py:2935} INFO - Setting next_dagrun for example_branch_operator to 2022-01-27 00:00:00+00:00
[2022-01-28 20:50:25,304] {processor.py:171} INFO - Processing /home/data-eginner/Documents/Soccer_Data/env/lib/python3.8/site-packages/airflow/example_dags/example_branch_operator.py took 0.075 seconds
[2022-01-28 20:51:05,790] {processor.py:163} INFO - Started process (PID=16815) to work on /home/data-eginner/Documents/Soccer_Data/env/lib/python3.8/site-packages/airflow/example_dags/example_branch_operator.py
[2022-01-28 20:51:05,793] {processor.py:642} INFO - Processing file /home/data-eginner/Documents/Soccer_Data/env/lib/python3.8/site-packages/airflow/example_dags/example_branch_operator.py for tasks to queue
[2022-01-28 20:51:05,794] {logging_mixin.py:109} INFO - [2022-01-28 20:51:05,794] {dagbag.py:500} INFO - Filling up the DagBag from /home/data-eginner/Documents/Soccer_Data/env/lib/python3.8/site-packages/airflow/example_dags/example_branch_operator.py
[2022-01-28 20:51:05,824] {processor.py:654} INFO - DAG(s) dict_keys(['example_branch_operator']) retrieved from /home/data-eginner/Documents/Soccer_Data/env/lib/python3.8/site-packages/airflow/example_dags/example_branch_operator.py
[2022-01-28 20:51:05,834] {logging_mixin.py:109} INFO - [2022-01-28 20:51:05,834] {dag.py:2396} INFO - Sync 1 DAGs
[2022-01-28 20:51:05,848] {logging_mixin.py:109} INFO - [2022-01-28 20:51:05,848] {dag.py:2935} INFO - Setting next_dagrun for example_branch_operator to 2022-01-27 00:00:00+00:00
[2022-01-28 20:51:05,864] {processor.py:171} INFO - Processing /home/data-eginner/Documents/Soccer_Data/env/lib/python3.8/site-packages/airflow/example_dags/example_branch_operator.py took 0.085 seconds
[2022-01-28 20:51:42,901] {processor.py:163} INFO - Started process (PID=16995) to work on /home/data-eginner/Documents/Soccer_Data/env/lib/python3.8/site-packages/airflow/example_dags/example_branch_operator.py
[2022-01-28 20:51:42,929] {processor.py:642} INFO - Processing file /home/data-eginner/Documents/Soccer_Data/env/lib/python3.8/site-packages/airflow/example_dags/example_branch_operator.py for tasks to queue
[2022-01-28 20:51:42,929] {logging_mixin.py:109} INFO - [2022-01-28 20:51:42,929] {dagbag.py:500} INFO - Filling up the DagBag from /home/data-eginner/Documents/Soccer_Data/env/lib/python3.8/site-packages/airflow/example_dags/example_branch_operator.py
[2022-01-28 20:51:42,991] {processor.py:654} INFO - DAG(s) dict_keys(['example_branch_operator']) retrieved from /home/data-eginner/Documents/Soccer_Data/env/lib/python3.8/site-packages/airflow/example_dags/example_branch_operator.py
[2022-01-28 20:51:43,025] {logging_mixin.py:109} INFO - [2022-01-28 20:51:43,025] {dag.py:2396} INFO - Sync 1 DAGs
[2022-01-28 20:51:43,095] {logging_mixin.py:109} INFO - [2022-01-28 20:51:43,095] {dag.py:2935} INFO - Setting next_dagrun for example_branch_operator to 2022-01-27 00:00:00+00:00
[2022-01-28 20:51:43,193] {processor.py:171} INFO - Processing /home/data-eginner/Documents/Soccer_Data/env/lib/python3.8/site-packages/airflow/example_dags/example_branch_operator.py took 0.311 seconds
[2022-01-28 20:52:26,520] {processor.py:163} INFO - Started process (PID=17388) to work on /home/data-eginner/Documents/Soccer_Data/env/lib/python3.8/site-packages/airflow/example_dags/example_branch_operator.py
[2022-01-28 20:52:26,523] {processor.py:642} INFO - Processing file /home/data-eginner/Documents/Soccer_Data/env/lib/python3.8/site-packages/airflow/example_dags/example_branch_operator.py for tasks to queue
[2022-01-28 20:52:26,523] {logging_mixin.py:109} INFO - [2022-01-28 20:52:26,523] {dagbag.py:500} INFO - Filling up the DagBag from /home/data-eginner/Documents/Soccer_Data/env/lib/python3.8/site-packages/airflow/example_dags/example_branch_operator.py
[2022-01-28 20:52:26,580] {processor.py:654} INFO - DAG(s) dict_keys(['example_branch_operator']) retrieved from /home/data-eginner/Documents/Soccer_Data/env/lib/python3.8/site-packages/airflow/example_dags/example_branch_operator.py
[2022-01-28 20:52:26,596] {logging_mixin.py:109} INFO - [2022-01-28 20:52:26,596] {dag.py:2396} INFO - Sync 1 DAGs
[2022-01-28 20:52:26,637] {logging_mixin.py:109} INFO - [2022-01-28 20:52:26,637] {dag.py:2935} INFO - Setting next_dagrun for example_branch_operator to 2022-01-27 00:00:00+00:00
[2022-01-28 20:52:26,667] {processor.py:171} INFO - Processing /home/data-eginner/Documents/Soccer_Data/env/lib/python3.8/site-packages/airflow/example_dags/example_branch_operator.py took 0.168 seconds
[2022-01-28 20:53:07,665] {processor.py:163} INFO - Started process (PID=17559) to work on /home/data-eginner/Documents/Soccer_Data/env/lib/python3.8/site-packages/airflow/example_dags/example_branch_operator.py
[2022-01-28 20:53:07,698] {processor.py:642} INFO - Processing file /home/data-eginner/Documents/Soccer_Data/env/lib/python3.8/site-packages/airflow/example_dags/example_branch_operator.py for tasks to queue
[2022-01-28 20:53:07,699] {logging_mixin.py:109} INFO - [2022-01-28 20:53:07,698] {dagbag.py:500} INFO - Filling up the DagBag from /home/data-eginner/Documents/Soccer_Data/env/lib/python3.8/site-packages/airflow/example_dags/example_branch_operator.py
[2022-01-28 20:53:07,756] {processor.py:654} INFO - DAG(s) dict_keys(['example_branch_operator']) retrieved from /home/data-eginner/Documents/Soccer_Data/env/lib/python3.8/site-packages/airflow/example_dags/example_branch_operator.py
[2022-01-28 20:53:07,785] {logging_mixin.py:109} INFO - [2022-01-28 20:53:07,785] {dag.py:2396} INFO - Sync 1 DAGs
[2022-01-28 20:53:07,820] {logging_mixin.py:109} INFO - [2022-01-28 20:53:07,820] {dag.py:2935} INFO - Setting next_dagrun for example_branch_operator to 2022-01-27 00:00:00+00:00
[2022-01-28 20:53:07,881] {processor.py:171} INFO - Processing /home/data-eginner/Documents/Soccer_Data/env/lib/python3.8/site-packages/airflow/example_dags/example_branch_operator.py took 0.219 seconds
[2022-01-28 20:53:54,218] {processor.py:163} INFO - Started process (PID=17732) to work on /home/data-eginner/Documents/Soccer_Data/env/lib/python3.8/site-packages/airflow/example_dags/example_branch_operator.py
[2022-01-28 20:53:54,249] {processor.py:642} INFO - Processing file /home/data-eginner/Documents/Soccer_Data/env/lib/python3.8/site-packages/airflow/example_dags/example_branch_operator.py for tasks to queue
[2022-01-28 20:53:54,249] {logging_mixin.py:109} INFO - [2022-01-28 20:53:54,249] {dagbag.py:500} INFO - Filling up the DagBag from /home/data-eginner/Documents/Soccer_Data/env/lib/python3.8/site-packages/airflow/example_dags/example_branch_operator.py
[2022-01-28 20:53:54,334] {processor.py:654} INFO - DAG(s) dict_keys(['example_branch_operator']) retrieved from /home/data-eginner/Documents/Soccer_Data/env/lib/python3.8/site-packages/airflow/example_dags/example_branch_operator.py
[2022-01-28 20:53:54,386] {logging_mixin.py:109} INFO - [2022-01-28 20:53:54,386] {dag.py:2396} INFO - Sync 1 DAGs
[2022-01-28 20:53:54,420] {logging_mixin.py:109} INFO - [2022-01-28 20:53:54,420] {dag.py:2935} INFO - Setting next_dagrun for example_branch_operator to 2022-01-27 00:00:00+00:00
[2022-01-28 20:53:54,485] {processor.py:171} INFO - Processing /home/data-eginner/Documents/Soccer_Data/env/lib/python3.8/site-packages/airflow/example_dags/example_branch_operator.py took 0.271 seconds
[2022-01-28 20:54:56,810] {processor.py:163} INFO - Started process (PID=17933) to work on /home/data-eginner/Documents/Soccer_Data/env/lib/python3.8/site-packages/airflow/example_dags/example_branch_operator.py
[2022-01-28 20:54:56,812] {processor.py:642} INFO - Processing file /home/data-eginner/Documents/Soccer_Data/env/lib/python3.8/site-packages/airflow/example_dags/example_branch_operator.py for tasks to queue
[2022-01-28 20:54:56,813] {logging_mixin.py:109} INFO - [2022-01-28 20:54:56,813] {dagbag.py:500} INFO - Filling up the DagBag from /home/data-eginner/Documents/Soccer_Data/env/lib/python3.8/site-packages/airflow/example_dags/example_branch_operator.py
[2022-01-28 20:54:56,898] {processor.py:654} INFO - DAG(s) dict_keys(['example_branch_operator']) retrieved from /home/data-eginner/Documents/Soccer_Data/env/lib/python3.8/site-packages/airflow/example_dags/example_branch_operator.py
[2022-01-28 20:54:56,929] {logging_mixin.py:109} INFO - [2022-01-28 20:54:56,929] {dag.py:2396} INFO - Sync 1 DAGs
[2022-01-28 20:54:56,964] {logging_mixin.py:109} INFO - [2022-01-28 20:54:56,964] {dag.py:2935} INFO - Setting next_dagrun for example_branch_operator to 2022-01-27 00:00:00+00:00
[2022-01-28 20:54:57,002] {processor.py:171} INFO - Processing /home/data-eginner/Documents/Soccer_Data/env/lib/python3.8/site-packages/airflow/example_dags/example_branch_operator.py took 0.207 seconds
[2022-01-28 20:55:40,781] {processor.py:163} INFO - Started process (PID=18092) to work on /home/data-eginner/Documents/Soccer_Data/env/lib/python3.8/site-packages/airflow/example_dags/example_branch_operator.py
[2022-01-28 20:55:40,785] {processor.py:642} INFO - Processing file /home/data-eginner/Documents/Soccer_Data/env/lib/python3.8/site-packages/airflow/example_dags/example_branch_operator.py for tasks to queue
[2022-01-28 20:55:40,786] {logging_mixin.py:109} INFO - [2022-01-28 20:55:40,786] {dagbag.py:500} INFO - Filling up the DagBag from /home/data-eginner/Documents/Soccer_Data/env/lib/python3.8/site-packages/airflow/example_dags/example_branch_operator.py
[2022-01-28 20:55:40,930] {processor.py:654} INFO - DAG(s) dict_keys(['example_branch_operator']) retrieved from /home/data-eginner/Documents/Soccer_Data/env/lib/python3.8/site-packages/airflow/example_dags/example_branch_operator.py
[2022-01-28 20:55:40,984] {logging_mixin.py:109} INFO - [2022-01-28 20:55:40,984] {dag.py:2396} INFO - Sync 1 DAGs
[2022-01-28 20:55:41,051] {logging_mixin.py:109} INFO - [2022-01-28 20:55:41,051] {dag.py:2935} INFO - Setting next_dagrun for example_branch_operator to 2022-01-27 00:00:00+00:00
[2022-01-28 20:55:41,198] {processor.py:171} INFO - Processing /home/data-eginner/Documents/Soccer_Data/env/lib/python3.8/site-packages/airflow/example_dags/example_branch_operator.py took 0.476 seconds
[2022-01-28 20:56:31,454] {processor.py:163} INFO - Started process (PID=18252) to work on /home/data-eginner/Documents/Soccer_Data/env/lib/python3.8/site-packages/airflow/example_dags/example_branch_operator.py
[2022-01-28 20:56:31,471] {processor.py:642} INFO - Processing file /home/data-eginner/Documents/Soccer_Data/env/lib/python3.8/site-packages/airflow/example_dags/example_branch_operator.py for tasks to queue
[2022-01-28 20:56:31,472] {logging_mixin.py:109} INFO - [2022-01-28 20:56:31,472] {dagbag.py:500} INFO - Filling up the DagBag from /home/data-eginner/Documents/Soccer_Data/env/lib/python3.8/site-packages/airflow/example_dags/example_branch_operator.py
[2022-01-28 20:56:31,531] {processor.py:654} INFO - DAG(s) dict_keys(['example_branch_operator']) retrieved from /home/data-eginner/Documents/Soccer_Data/env/lib/python3.8/site-packages/airflow/example_dags/example_branch_operator.py
[2022-01-28 20:56:31,562] {logging_mixin.py:109} INFO - [2022-01-28 20:56:31,562] {dag.py:2396} INFO - Sync 1 DAGs
[2022-01-28 20:56:31,607] {logging_mixin.py:109} INFO - [2022-01-28 20:56:31,607] {dag.py:2935} INFO - Setting next_dagrun for example_branch_operator to 2022-01-27 00:00:00+00:00
[2022-01-28 20:56:31,690] {processor.py:171} INFO - Processing /home/data-eginner/Documents/Soccer_Data/env/lib/python3.8/site-packages/airflow/example_dags/example_branch_operator.py took 0.266 seconds
[2022-01-28 20:57:14,983] {processor.py:163} INFO - Started process (PID=18407) to work on /home/data-eginner/Documents/Soccer_Data/env/lib/python3.8/site-packages/airflow/example_dags/example_branch_operator.py
[2022-01-28 20:57:14,998] {processor.py:642} INFO - Processing file /home/data-eginner/Documents/Soccer_Data/env/lib/python3.8/site-packages/airflow/example_dags/example_branch_operator.py for tasks to queue
[2022-01-28 20:57:14,999] {logging_mixin.py:109} INFO - [2022-01-28 20:57:14,999] {dagbag.py:500} INFO - Filling up the DagBag from /home/data-eginner/Documents/Soccer_Data/env/lib/python3.8/site-packages/airflow/example_dags/example_branch_operator.py
[2022-01-28 20:57:15,078] {processor.py:654} INFO - DAG(s) dict_keys(['example_branch_operator']) retrieved from /home/data-eginner/Documents/Soccer_Data/env/lib/python3.8/site-packages/airflow/example_dags/example_branch_operator.py
[2022-01-28 20:57:15,089] {logging_mixin.py:109} INFO - [2022-01-28 20:57:15,089] {dag.py:2396} INFO - Sync 1 DAGs
[2022-01-28 20:57:15,174] {logging_mixin.py:109} INFO - [2022-01-28 20:57:15,174] {dag.py:2935} INFO - Setting next_dagrun for example_branch_operator to 2022-01-27 00:00:00+00:00
[2022-01-28 20:57:15,214] {processor.py:171} INFO - Processing /home/data-eginner/Documents/Soccer_Data/env/lib/python3.8/site-packages/airflow/example_dags/example_branch_operator.py took 0.234 seconds
[2022-01-28 20:58:18,943] {processor.py:163} INFO - Started process (PID=18628) to work on /home/data-eginner/Documents/Soccer_Data/env/lib/python3.8/site-packages/airflow/example_dags/example_branch_operator.py
[2022-01-28 20:58:18,963] {processor.py:642} INFO - Processing file /home/data-eginner/Documents/Soccer_Data/env/lib/python3.8/site-packages/airflow/example_dags/example_branch_operator.py for tasks to queue
[2022-01-28 20:58:19,011] {logging_mixin.py:109} INFO - [2022-01-28 20:58:19,011] {dagbag.py:500} INFO - Filling up the DagBag from /home/data-eginner/Documents/Soccer_Data/env/lib/python3.8/site-packages/airflow/example_dags/example_branch_operator.py
[2022-01-28 20:58:19,230] {processor.py:654} INFO - DAG(s) dict_keys(['example_branch_operator']) retrieved from /home/data-eginner/Documents/Soccer_Data/env/lib/python3.8/site-packages/airflow/example_dags/example_branch_operator.py
[2022-01-28 20:58:19,267] {logging_mixin.py:109} INFO - [2022-01-28 20:58:19,267] {dag.py:2396} INFO - Sync 1 DAGs
[2022-01-28 20:58:19,303] {logging_mixin.py:109} INFO - [2022-01-28 20:58:19,303] {dag.py:2935} INFO - Setting next_dagrun for example_branch_operator to 2022-01-27 00:00:00+00:00
[2022-01-28 20:58:19,362] {processor.py:171} INFO - Processing /home/data-eginner/Documents/Soccer_Data/env/lib/python3.8/site-packages/airflow/example_dags/example_branch_operator.py took 0.463 seconds
[2022-01-28 20:59:15,758] {processor.py:163} INFO - Started process (PID=18791) to work on /home/data-eginner/Documents/Soccer_Data/env/lib/python3.8/site-packages/airflow/example_dags/example_branch_operator.py
[2022-01-28 20:59:15,811] {processor.py:642} INFO - Processing file /home/data-eginner/Documents/Soccer_Data/env/lib/python3.8/site-packages/airflow/example_dags/example_branch_operator.py for tasks to queue
[2022-01-28 20:59:15,811] {logging_mixin.py:109} INFO - [2022-01-28 20:59:15,811] {dagbag.py:500} INFO - Filling up the DagBag from /home/data-eginner/Documents/Soccer_Data/env/lib/python3.8/site-packages/airflow/example_dags/example_branch_operator.py
[2022-01-28 20:59:15,944] {processor.py:654} INFO - DAG(s) dict_keys(['example_branch_operator']) retrieved from /home/data-eginner/Documents/Soccer_Data/env/lib/python3.8/site-packages/airflow/example_dags/example_branch_operator.py
[2022-01-28 20:59:16,011] {logging_mixin.py:109} INFO - [2022-01-28 20:59:16,011] {dag.py:2396} INFO - Sync 1 DAGs
[2022-01-28 20:59:16,061] {logging_mixin.py:109} INFO - [2022-01-28 20:59:16,060] {dag.py:2935} INFO - Setting next_dagrun for example_branch_operator to 2022-01-27 00:00:00+00:00
[2022-01-28 20:59:16,146] {processor.py:171} INFO - Processing /home/data-eginner/Documents/Soccer_Data/env/lib/python3.8/site-packages/airflow/example_dags/example_branch_operator.py took 0.390 seconds
