[2022-01-28 20:49:35,805] {processor.py:163} INFO - Started process (PID=16386) to work on /home/data-eginner/Documents/Soccer_Data/env/lib/python3.8/site-packages/airflow/example_dags/example_xcomargs.py
[2022-01-28 20:49:35,818] {processor.py:642} INFO - Processing file /home/data-eginner/Documents/Soccer_Data/env/lib/python3.8/site-packages/airflow/example_dags/example_xcomargs.py for tasks to queue
[2022-01-28 20:49:35,818] {logging_mixin.py:109} INFO - [2022-01-28 20:49:35,818] {dagbag.py:500} INFO - Filling up the DagBag from /home/data-eginner/Documents/Soccer_Data/env/lib/python3.8/site-packages/airflow/example_dags/example_xcomargs.py
[2022-01-28 20:49:35,845] {processor.py:654} INFO - DAG(s) dict_keys(['example_xcom_args', 'example_xcom_args_with_operators']) retrieved from /home/data-eginner/Documents/Soccer_Data/env/lib/python3.8/site-packages/airflow/example_dags/example_xcomargs.py
[2022-01-28 20:49:36,066] {logging_mixin.py:109} INFO - [2022-01-28 20:49:36,066] {dag.py:2396} INFO - Sync 2 DAGs
[2022-01-28 20:49:36,078] {logging_mixin.py:109} INFO - [2022-01-28 20:49:36,078] {dag.py:2935} INFO - Setting next_dagrun for example_xcom_args to None
[2022-01-28 20:49:36,079] {logging_mixin.py:109} INFO - [2022-01-28 20:49:36,079] {dag.py:2935} INFO - Setting next_dagrun for example_xcom_args_with_operators to None
[2022-01-28 20:49:36,095] {processor.py:171} INFO - Processing /home/data-eginner/Documents/Soccer_Data/env/lib/python3.8/site-packages/airflow/example_dags/example_xcomargs.py took 0.292 seconds
[2022-01-28 20:50:14,478] {processor.py:163} INFO - Started process (PID=16593) to work on /home/data-eginner/Documents/Soccer_Data/env/lib/python3.8/site-packages/airflow/example_dags/example_xcomargs.py
[2022-01-28 20:50:14,480] {processor.py:642} INFO - Processing file /home/data-eginner/Documents/Soccer_Data/env/lib/python3.8/site-packages/airflow/example_dags/example_xcomargs.py for tasks to queue
[2022-01-28 20:50:14,481] {logging_mixin.py:109} INFO - [2022-01-28 20:50:14,481] {dagbag.py:500} INFO - Filling up the DagBag from /home/data-eginner/Documents/Soccer_Data/env/lib/python3.8/site-packages/airflow/example_dags/example_xcomargs.py
[2022-01-28 20:50:14,511] {processor.py:654} INFO - DAG(s) dict_keys(['example_xcom_args', 'example_xcom_args_with_operators']) retrieved from /home/data-eginner/Documents/Soccer_Data/env/lib/python3.8/site-packages/airflow/example_dags/example_xcomargs.py
[2022-01-28 20:50:14,760] {logging_mixin.py:109} INFO - [2022-01-28 20:50:14,760] {dag.py:2396} INFO - Sync 2 DAGs
[2022-01-28 20:50:14,772] {logging_mixin.py:109} INFO - [2022-01-28 20:50:14,771] {dag.py:2935} INFO - Setting next_dagrun for example_xcom_args to None
[2022-01-28 20:50:14,772] {logging_mixin.py:109} INFO - [2022-01-28 20:50:14,772] {dag.py:2935} INFO - Setting next_dagrun for example_xcom_args_with_operators to None
[2022-01-28 20:50:14,829] {processor.py:171} INFO - Processing /home/data-eginner/Documents/Soccer_Data/env/lib/python3.8/site-packages/airflow/example_dags/example_xcomargs.py took 0.353 seconds
[2022-01-28 20:50:55,264] {processor.py:163} INFO - Started process (PID=16768) to work on /home/data-eginner/Documents/Soccer_Data/env/lib/python3.8/site-packages/airflow/example_dags/example_xcomargs.py
[2022-01-28 20:50:55,278] {processor.py:642} INFO - Processing file /home/data-eginner/Documents/Soccer_Data/env/lib/python3.8/site-packages/airflow/example_dags/example_xcomargs.py for tasks to queue
[2022-01-28 20:50:55,279] {logging_mixin.py:109} INFO - [2022-01-28 20:50:55,279] {dagbag.py:500} INFO - Filling up the DagBag from /home/data-eginner/Documents/Soccer_Data/env/lib/python3.8/site-packages/airflow/example_dags/example_xcomargs.py
[2022-01-28 20:50:55,306] {processor.py:654} INFO - DAG(s) dict_keys(['example_xcom_args', 'example_xcom_args_with_operators']) retrieved from /home/data-eginner/Documents/Soccer_Data/env/lib/python3.8/site-packages/airflow/example_dags/example_xcomargs.py
[2022-01-28 20:50:55,496] {logging_mixin.py:109} INFO - [2022-01-28 20:50:55,496] {dag.py:2396} INFO - Sync 2 DAGs
[2022-01-28 20:50:55,507] {logging_mixin.py:109} INFO - [2022-01-28 20:50:55,507] {dag.py:2935} INFO - Setting next_dagrun for example_xcom_args to None
[2022-01-28 20:50:55,507] {logging_mixin.py:109} INFO - [2022-01-28 20:50:55,507] {dag.py:2935} INFO - Setting next_dagrun for example_xcom_args_with_operators to None
[2022-01-28 20:50:55,636] {processor.py:171} INFO - Processing /home/data-eginner/Documents/Soccer_Data/env/lib/python3.8/site-packages/airflow/example_dags/example_xcomargs.py took 0.378 seconds
[2022-01-28 20:51:29,556] {processor.py:163} INFO - Started process (PID=16917) to work on /home/data-eginner/Documents/Soccer_Data/env/lib/python3.8/site-packages/airflow/example_dags/example_xcomargs.py
[2022-01-28 20:51:29,565] {processor.py:642} INFO - Processing file /home/data-eginner/Documents/Soccer_Data/env/lib/python3.8/site-packages/airflow/example_dags/example_xcomargs.py for tasks to queue
[2022-01-28 20:51:29,567] {logging_mixin.py:109} INFO - [2022-01-28 20:51:29,567] {dagbag.py:500} INFO - Filling up the DagBag from /home/data-eginner/Documents/Soccer_Data/env/lib/python3.8/site-packages/airflow/example_dags/example_xcomargs.py
[2022-01-28 20:51:29,621] {processor.py:654} INFO - DAG(s) dict_keys(['example_xcom_args', 'example_xcom_args_with_operators']) retrieved from /home/data-eginner/Documents/Soccer_Data/env/lib/python3.8/site-packages/airflow/example_dags/example_xcomargs.py
[2022-01-28 20:51:29,814] {logging_mixin.py:109} INFO - [2022-01-28 20:51:29,814] {dag.py:2396} INFO - Sync 2 DAGs
[2022-01-28 20:51:29,826] {logging_mixin.py:109} INFO - [2022-01-28 20:51:29,826] {dag.py:2935} INFO - Setting next_dagrun for example_xcom_args to None
[2022-01-28 20:51:29,826] {logging_mixin.py:109} INFO - [2022-01-28 20:51:29,826] {dag.py:2935} INFO - Setting next_dagrun for example_xcom_args_with_operators to None
[2022-01-28 20:51:29,862] {processor.py:171} INFO - Processing /home/data-eginner/Documents/Soccer_Data/env/lib/python3.8/site-packages/airflow/example_dags/example_xcomargs.py took 0.319 seconds
[2022-01-28 20:52:11,812] {processor.py:163} INFO - Started process (PID=17309) to work on /home/data-eginner/Documents/Soccer_Data/env/lib/python3.8/site-packages/airflow/example_dags/example_xcomargs.py
[2022-01-28 20:52:11,827] {processor.py:642} INFO - Processing file /home/data-eginner/Documents/Soccer_Data/env/lib/python3.8/site-packages/airflow/example_dags/example_xcomargs.py for tasks to queue
[2022-01-28 20:52:11,828] {logging_mixin.py:109} INFO - [2022-01-28 20:52:11,828] {dagbag.py:500} INFO - Filling up the DagBag from /home/data-eginner/Documents/Soccer_Data/env/lib/python3.8/site-packages/airflow/example_dags/example_xcomargs.py
[2022-01-28 20:52:11,869] {processor.py:654} INFO - DAG(s) dict_keys(['example_xcom_args', 'example_xcom_args_with_operators']) retrieved from /home/data-eginner/Documents/Soccer_Data/env/lib/python3.8/site-packages/airflow/example_dags/example_xcomargs.py
[2022-01-28 20:52:12,053] {logging_mixin.py:109} INFO - [2022-01-28 20:52:12,053] {dag.py:2396} INFO - Sync 2 DAGs
[2022-01-28 20:52:12,065] {logging_mixin.py:109} INFO - [2022-01-28 20:52:12,064] {dag.py:2935} INFO - Setting next_dagrun for example_xcom_args to None
[2022-01-28 20:52:12,065] {logging_mixin.py:109} INFO - [2022-01-28 20:52:12,065] {dag.py:2935} INFO - Setting next_dagrun for example_xcom_args_with_operators to None
[2022-01-28 20:52:12,090] {processor.py:171} INFO - Processing /home/data-eginner/Documents/Soccer_Data/env/lib/python3.8/site-packages/airflow/example_dags/example_xcomargs.py took 0.285 seconds
[2022-01-28 20:52:50,886] {processor.py:163} INFO - Started process (PID=17485) to work on /home/data-eginner/Documents/Soccer_Data/env/lib/python3.8/site-packages/airflow/example_dags/example_xcomargs.py
[2022-01-28 20:52:50,896] {processor.py:642} INFO - Processing file /home/data-eginner/Documents/Soccer_Data/env/lib/python3.8/site-packages/airflow/example_dags/example_xcomargs.py for tasks to queue
[2022-01-28 20:52:50,897] {logging_mixin.py:109} INFO - [2022-01-28 20:52:50,897] {dagbag.py:500} INFO - Filling up the DagBag from /home/data-eginner/Documents/Soccer_Data/env/lib/python3.8/site-packages/airflow/example_dags/example_xcomargs.py
[2022-01-28 20:52:50,943] {processor.py:654} INFO - DAG(s) dict_keys(['example_xcom_args', 'example_xcom_args_with_operators']) retrieved from /home/data-eginner/Documents/Soccer_Data/env/lib/python3.8/site-packages/airflow/example_dags/example_xcomargs.py
[2022-01-28 20:52:51,482] {logging_mixin.py:109} INFO - [2022-01-28 20:52:51,482] {dag.py:2396} INFO - Sync 2 DAGs
[2022-01-28 20:52:51,514] {logging_mixin.py:109} INFO - [2022-01-28 20:52:51,514] {dag.py:2935} INFO - Setting next_dagrun for example_xcom_args to None
[2022-01-28 20:52:51,514] {logging_mixin.py:109} INFO - [2022-01-28 20:52:51,514] {dag.py:2935} INFO - Setting next_dagrun for example_xcom_args_with_operators to None
[2022-01-28 20:52:51,576] {processor.py:171} INFO - Processing /home/data-eginner/Documents/Soccer_Data/env/lib/python3.8/site-packages/airflow/example_dags/example_xcomargs.py took 0.696 seconds
[2022-01-28 20:53:41,725] {processor.py:163} INFO - Started process (PID=17686) to work on /home/data-eginner/Documents/Soccer_Data/env/lib/python3.8/site-packages/airflow/example_dags/example_xcomargs.py
[2022-01-28 20:53:41,753] {processor.py:642} INFO - Processing file /home/data-eginner/Documents/Soccer_Data/env/lib/python3.8/site-packages/airflow/example_dags/example_xcomargs.py for tasks to queue
[2022-01-28 20:53:41,754] {logging_mixin.py:109} INFO - [2022-01-28 20:53:41,754] {dagbag.py:500} INFO - Filling up the DagBag from /home/data-eginner/Documents/Soccer_Data/env/lib/python3.8/site-packages/airflow/example_dags/example_xcomargs.py
[2022-01-28 20:53:41,867] {processor.py:654} INFO - DAG(s) dict_keys(['example_xcom_args', 'example_xcom_args_with_operators']) retrieved from /home/data-eginner/Documents/Soccer_Data/env/lib/python3.8/site-packages/airflow/example_dags/example_xcomargs.py
[2022-01-28 20:53:42,602] {logging_mixin.py:109} INFO - [2022-01-28 20:53:42,587] {dag.py:2396} INFO - Sync 2 DAGs
[2022-01-28 20:53:42,616] {logging_mixin.py:109} INFO - [2022-01-28 20:53:42,615] {dag.py:2935} INFO - Setting next_dagrun for example_xcom_args to None
[2022-01-28 20:53:42,616] {logging_mixin.py:109} INFO - [2022-01-28 20:53:42,616] {dag.py:2935} INFO - Setting next_dagrun for example_xcom_args_with_operators to None
[2022-01-28 20:53:42,657] {processor.py:171} INFO - Processing /home/data-eginner/Documents/Soccer_Data/env/lib/python3.8/site-packages/airflow/example_dags/example_xcomargs.py took 0.934 seconds
[2022-01-28 20:54:24,649] {processor.py:163} INFO - Started process (PID=17836) to work on /home/data-eginner/Documents/Soccer_Data/env/lib/python3.8/site-packages/airflow/example_dags/example_xcomargs.py
[2022-01-28 20:54:24,662] {processor.py:642} INFO - Processing file /home/data-eginner/Documents/Soccer_Data/env/lib/python3.8/site-packages/airflow/example_dags/example_xcomargs.py for tasks to queue
[2022-01-28 20:54:24,664] {logging_mixin.py:109} INFO - [2022-01-28 20:54:24,664] {dagbag.py:500} INFO - Filling up the DagBag from /home/data-eginner/Documents/Soccer_Data/env/lib/python3.8/site-packages/airflow/example_dags/example_xcomargs.py
[2022-01-28 20:54:24,753] {processor.py:654} INFO - DAG(s) dict_keys(['example_xcom_args', 'example_xcom_args_with_operators']) retrieved from /home/data-eginner/Documents/Soccer_Data/env/lib/python3.8/site-packages/airflow/example_dags/example_xcomargs.py
[2022-01-28 20:54:25,588] {logging_mixin.py:109} INFO - [2022-01-28 20:54:25,588] {dag.py:2396} INFO - Sync 2 DAGs
[2022-01-28 20:54:25,630] {logging_mixin.py:109} INFO - [2022-01-28 20:54:25,630] {dag.py:2935} INFO - Setting next_dagrun for example_xcom_args to None
[2022-01-28 20:54:25,630] {logging_mixin.py:109} INFO - [2022-01-28 20:54:25,630] {dag.py:2935} INFO - Setting next_dagrun for example_xcom_args_with_operators to None
[2022-01-28 20:54:25,674] {processor.py:171} INFO - Processing /home/data-eginner/Documents/Soccer_Data/env/lib/python3.8/site-packages/airflow/example_dags/example_xcomargs.py took 1.047 seconds
[2022-01-28 20:55:08,485] {processor.py:163} INFO - Started process (PID=17981) to work on /home/data-eginner/Documents/Soccer_Data/env/lib/python3.8/site-packages/airflow/example_dags/example_xcomargs.py
[2022-01-28 20:55:08,499] {processor.py:642} INFO - Processing file /home/data-eginner/Documents/Soccer_Data/env/lib/python3.8/site-packages/airflow/example_dags/example_xcomargs.py for tasks to queue
[2022-01-28 20:55:08,499] {logging_mixin.py:109} INFO - [2022-01-28 20:55:08,499] {dagbag.py:500} INFO - Filling up the DagBag from /home/data-eginner/Documents/Soccer_Data/env/lib/python3.8/site-packages/airflow/example_dags/example_xcomargs.py
[2022-01-28 20:55:08,568] {processor.py:654} INFO - DAG(s) dict_keys(['example_xcom_args', 'example_xcom_args_with_operators']) retrieved from /home/data-eginner/Documents/Soccer_Data/env/lib/python3.8/site-packages/airflow/example_dags/example_xcomargs.py
[2022-01-28 20:55:09,126] {logging_mixin.py:109} INFO - [2022-01-28 20:55:09,126] {dag.py:2396} INFO - Sync 2 DAGs
[2022-01-28 20:55:09,148] {logging_mixin.py:109} INFO - [2022-01-28 20:55:09,148] {dag.py:2935} INFO - Setting next_dagrun for example_xcom_args to None
[2022-01-28 20:55:09,148] {logging_mixin.py:109} INFO - [2022-01-28 20:55:09,148] {dag.py:2935} INFO - Setting next_dagrun for example_xcom_args_with_operators to None
[2022-01-28 20:55:09,229] {processor.py:171} INFO - Processing /home/data-eginner/Documents/Soccer_Data/env/lib/python3.8/site-packages/airflow/example_dags/example_xcomargs.py took 0.764 seconds
[2022-01-28 20:55:53,749] {processor.py:163} INFO - Started process (PID=18131) to work on /home/data-eginner/Documents/Soccer_Data/env/lib/python3.8/site-packages/airflow/example_dags/example_xcomargs.py
[2022-01-28 20:55:53,756] {processor.py:642} INFO - Processing file /home/data-eginner/Documents/Soccer_Data/env/lib/python3.8/site-packages/airflow/example_dags/example_xcomargs.py for tasks to queue
[2022-01-28 20:55:53,757] {logging_mixin.py:109} INFO - [2022-01-28 20:55:53,757] {dagbag.py:500} INFO - Filling up the DagBag from /home/data-eginner/Documents/Soccer_Data/env/lib/python3.8/site-packages/airflow/example_dags/example_xcomargs.py
[2022-01-28 20:55:53,858] {processor.py:654} INFO - DAG(s) dict_keys(['example_xcom_args', 'example_xcom_args_with_operators']) retrieved from /home/data-eginner/Documents/Soccer_Data/env/lib/python3.8/site-packages/airflow/example_dags/example_xcomargs.py
[2022-01-28 20:55:54,937] {logging_mixin.py:109} INFO - [2022-01-28 20:55:54,937] {dag.py:2396} INFO - Sync 2 DAGs
[2022-01-28 20:55:54,989] {logging_mixin.py:109} INFO - [2022-01-28 20:55:54,989] {dag.py:2935} INFO - Setting next_dagrun for example_xcom_args to None
[2022-01-28 20:55:54,989] {logging_mixin.py:109} INFO - [2022-01-28 20:55:54,989] {dag.py:2935} INFO - Setting next_dagrun for example_xcom_args_with_operators to None
[2022-01-28 20:55:55,024] {processor.py:171} INFO - Processing /home/data-eginner/Documents/Soccer_Data/env/lib/python3.8/site-packages/airflow/example_dags/example_xcomargs.py took 1.296 seconds
[2022-01-28 20:56:46,608] {processor.py:163} INFO - Started process (PID=18303) to work on /home/data-eginner/Documents/Soccer_Data/env/lib/python3.8/site-packages/airflow/example_dags/example_xcomargs.py
[2022-01-28 20:56:46,610] {processor.py:642} INFO - Processing file /home/data-eginner/Documents/Soccer_Data/env/lib/python3.8/site-packages/airflow/example_dags/example_xcomargs.py for tasks to queue
[2022-01-28 20:56:46,611] {logging_mixin.py:109} INFO - [2022-01-28 20:56:46,610] {dagbag.py:500} INFO - Filling up the DagBag from /home/data-eginner/Documents/Soccer_Data/env/lib/python3.8/site-packages/airflow/example_dags/example_xcomargs.py
[2022-01-28 20:56:46,751] {processor.py:654} INFO - DAG(s) dict_keys(['example_xcom_args', 'example_xcom_args_with_operators']) retrieved from /home/data-eginner/Documents/Soccer_Data/env/lib/python3.8/site-packages/airflow/example_dags/example_xcomargs.py
[2022-01-28 20:56:47,753] {logging_mixin.py:109} INFO - [2022-01-28 20:56:47,753] {dag.py:2396} INFO - Sync 2 DAGs
[2022-01-28 20:56:47,796] {logging_mixin.py:109} INFO - [2022-01-28 20:56:47,796] {dag.py:2935} INFO - Setting next_dagrun for example_xcom_args to None
[2022-01-28 20:56:47,796] {logging_mixin.py:109} INFO - [2022-01-28 20:56:47,796] {dag.py:2935} INFO - Setting next_dagrun for example_xcom_args_with_operators to None
[2022-01-28 20:56:47,878] {processor.py:171} INFO - Processing /home/data-eginner/Documents/Soccer_Data/env/lib/python3.8/site-packages/airflow/example_dags/example_xcomargs.py took 1.318 seconds
[2022-01-28 20:57:26,369] {processor.py:163} INFO - Started process (PID=18448) to work on /home/data-eginner/Documents/Soccer_Data/env/lib/python3.8/site-packages/airflow/example_dags/example_xcomargs.py
[2022-01-28 20:57:26,377] {processor.py:642} INFO - Processing file /home/data-eginner/Documents/Soccer_Data/env/lib/python3.8/site-packages/airflow/example_dags/example_xcomargs.py for tasks to queue
[2022-01-28 20:57:26,378] {logging_mixin.py:109} INFO - [2022-01-28 20:57:26,378] {dagbag.py:500} INFO - Filling up the DagBag from /home/data-eginner/Documents/Soccer_Data/env/lib/python3.8/site-packages/airflow/example_dags/example_xcomargs.py
[2022-01-28 20:57:26,460] {processor.py:654} INFO - DAG(s) dict_keys(['example_xcom_args', 'example_xcom_args_with_operators']) retrieved from /home/data-eginner/Documents/Soccer_Data/env/lib/python3.8/site-packages/airflow/example_dags/example_xcomargs.py
[2022-01-28 20:57:27,330] {logging_mixin.py:109} INFO - [2022-01-28 20:57:27,330] {dag.py:2396} INFO - Sync 2 DAGs
[2022-01-28 20:57:27,403] {logging_mixin.py:109} INFO - [2022-01-28 20:57:27,403] {dag.py:2935} INFO - Setting next_dagrun for example_xcom_args to None
[2022-01-28 20:57:27,404] {logging_mixin.py:109} INFO - [2022-01-28 20:57:27,404] {dag.py:2935} INFO - Setting next_dagrun for example_xcom_args_with_operators to None
[2022-01-28 20:57:27,445] {processor.py:171} INFO - Processing /home/data-eginner/Documents/Soccer_Data/env/lib/python3.8/site-packages/airflow/example_dags/example_xcomargs.py took 1.093 seconds
[2022-01-28 20:58:07,815] {processor.py:163} INFO - Started process (PID=18594) to work on /home/data-eginner/Documents/Soccer_Data/env/lib/python3.8/site-packages/airflow/example_dags/example_xcomargs.py
[2022-01-28 20:58:07,836] {processor.py:642} INFO - Processing file /home/data-eginner/Documents/Soccer_Data/env/lib/python3.8/site-packages/airflow/example_dags/example_xcomargs.py for tasks to queue
[2022-01-28 20:58:07,837] {logging_mixin.py:109} INFO - [2022-01-28 20:58:07,837] {dagbag.py:500} INFO - Filling up the DagBag from /home/data-eginner/Documents/Soccer_Data/env/lib/python3.8/site-packages/airflow/example_dags/example_xcomargs.py
[2022-01-28 20:58:07,980] {processor.py:654} INFO - DAG(s) dict_keys(['example_xcom_args', 'example_xcom_args_with_operators']) retrieved from /home/data-eginner/Documents/Soccer_Data/env/lib/python3.8/site-packages/airflow/example_dags/example_xcomargs.py
[2022-01-28 20:58:09,386] {logging_mixin.py:109} INFO - [2022-01-28 20:58:09,386] {dag.py:2396} INFO - Sync 2 DAGs
[2022-01-28 20:58:09,515] {logging_mixin.py:109} INFO - [2022-01-28 20:58:09,515] {dag.py:2935} INFO - Setting next_dagrun for example_xcom_args to None
[2022-01-28 20:58:09,515] {logging_mixin.py:109} INFO - [2022-01-28 20:58:09,515] {dag.py:2935} INFO - Setting next_dagrun for example_xcom_args_with_operators to None
[2022-01-28 20:58:09,570] {processor.py:171} INFO - Processing /home/data-eginner/Documents/Soccer_Data/env/lib/python3.8/site-packages/airflow/example_dags/example_xcomargs.py took 1.781 seconds
[2022-01-28 20:59:01,879] {processor.py:163} INFO - Started process (PID=18757) to work on /home/data-eginner/Documents/Soccer_Data/env/lib/python3.8/site-packages/airflow/example_dags/example_xcomargs.py
[2022-01-28 20:59:01,891] {processor.py:642} INFO - Processing file /home/data-eginner/Documents/Soccer_Data/env/lib/python3.8/site-packages/airflow/example_dags/example_xcomargs.py for tasks to queue
[2022-01-28 20:59:01,892] {logging_mixin.py:109} INFO - [2022-01-28 20:59:01,892] {dagbag.py:500} INFO - Filling up the DagBag from /home/data-eginner/Documents/Soccer_Data/env/lib/python3.8/site-packages/airflow/example_dags/example_xcomargs.py
[2022-01-28 20:59:02,069] {processor.py:654} INFO - DAG(s) dict_keys(['example_xcom_args', 'example_xcom_args_with_operators']) retrieved from /home/data-eginner/Documents/Soccer_Data/env/lib/python3.8/site-packages/airflow/example_dags/example_xcomargs.py
[2022-01-28 20:59:03,301] {logging_mixin.py:109} INFO - [2022-01-28 20:59:03,301] {dag.py:2396} INFO - Sync 2 DAGs
[2022-01-28 20:59:03,355] {logging_mixin.py:109} INFO - [2022-01-28 20:59:03,355] {dag.py:2935} INFO - Setting next_dagrun for example_xcom_args to None
[2022-01-28 20:59:03,355] {logging_mixin.py:109} INFO - [2022-01-28 20:59:03,355] {dag.py:2935} INFO - Setting next_dagrun for example_xcom_args_with_operators to None
[2022-01-28 20:59:03,438] {processor.py:171} INFO - Processing /home/data-eginner/Documents/Soccer_Data/env/lib/python3.8/site-packages/airflow/example_dags/example_xcomargs.py took 1.574 seconds
[2022-01-28 20:59:51,525] {processor.py:163} INFO - Started process (PID=18890) to work on /home/data-eginner/Documents/Soccer_Data/env/lib/python3.8/site-packages/airflow/example_dags/example_xcomargs.py
[2022-01-28 20:59:51,537] {processor.py:642} INFO - Processing file /home/data-eginner/Documents/Soccer_Data/env/lib/python3.8/site-packages/airflow/example_dags/example_xcomargs.py for tasks to queue
[2022-01-28 20:59:51,537] {logging_mixin.py:109} INFO - [2022-01-28 20:59:51,537] {dagbag.py:500} INFO - Filling up the DagBag from /home/data-eginner/Documents/Soccer_Data/env/lib/python3.8/site-packages/airflow/example_dags/example_xcomargs.py
[2022-01-28 20:59:51,688] {processor.py:654} INFO - DAG(s) dict_keys(['example_xcom_args', 'example_xcom_args_with_operators']) retrieved from /home/data-eginner/Documents/Soccer_Data/env/lib/python3.8/site-packages/airflow/example_dags/example_xcomargs.py
[2022-01-28 20:59:52,996] {logging_mixin.py:109} INFO - [2022-01-28 20:59:52,995] {dag.py:2396} INFO - Sync 2 DAGs
[2022-01-28 20:59:53,060] {logging_mixin.py:109} INFO - [2022-01-28 20:59:53,060] {dag.py:2935} INFO - Setting next_dagrun for example_xcom_args to None
[2022-01-28 20:59:53,061] {logging_mixin.py:109} INFO - [2022-01-28 20:59:53,061] {dag.py:2935} INFO - Setting next_dagrun for example_xcom_args_with_operators to None
[2022-01-28 20:59:53,155] {processor.py:171} INFO - Processing /home/data-eginner/Documents/Soccer_Data/env/lib/python3.8/site-packages/airflow/example_dags/example_xcomargs.py took 1.633 seconds
