[2022-01-28 20:49:53,606] {processor.py:163} INFO - Started process (PID=16487) to work on /home/data-eginner/Documents/Soccer_Data/env/lib/python3.8/site-packages/airflow/example_dags/example_branch_day_of_week_operator.py
[2022-01-28 20:49:53,608] {processor.py:642} INFO - Processing file /home/data-eginner/Documents/Soccer_Data/env/lib/python3.8/site-packages/airflow/example_dags/example_branch_day_of_week_operator.py for tasks to queue
[2022-01-28 20:49:53,609] {logging_mixin.py:109} INFO - [2022-01-28 20:49:53,609] {dagbag.py:500} INFO - Filling up the DagBag from /home/data-eginner/Documents/Soccer_Data/env/lib/python3.8/site-packages/airflow/example_dags/example_branch_day_of_week_operator.py
[2022-01-28 20:49:53,727] {processor.py:654} INFO - DAG(s) dict_keys(['example_weekday_branch_operator']) retrieved from /home/data-eginner/Documents/Soccer_Data/env/lib/python3.8/site-packages/airflow/example_dags/example_branch_day_of_week_operator.py
[2022-01-28 20:49:53,736] {logging_mixin.py:109} INFO - [2022-01-28 20:49:53,736] {dag.py:2396} INFO - Sync 1 DAGs
[2022-01-28 20:49:53,750] {logging_mixin.py:109} INFO - [2022-01-28 20:49:53,750] {dag.py:2935} INFO - Setting next_dagrun for example_weekday_branch_operator to 2022-01-27 00:00:00+00:00
[2022-01-28 20:49:53,767] {processor.py:171} INFO - Processing /home/data-eginner/Documents/Soccer_Data/env/lib/python3.8/site-packages/airflow/example_dags/example_branch_day_of_week_operator.py took 0.189 seconds
[2022-01-28 20:50:31,796] {processor.py:163} INFO - Started process (PID=16669) to work on /home/data-eginner/Documents/Soccer_Data/env/lib/python3.8/site-packages/airflow/example_dags/example_branch_day_of_week_operator.py
[2022-01-28 20:50:31,819] {processor.py:642} INFO - Processing file /home/data-eginner/Documents/Soccer_Data/env/lib/python3.8/site-packages/airflow/example_dags/example_branch_day_of_week_operator.py for tasks to queue
[2022-01-28 20:50:31,820] {logging_mixin.py:109} INFO - [2022-01-28 20:50:31,820] {dagbag.py:500} INFO - Filling up the DagBag from /home/data-eginner/Documents/Soccer_Data/env/lib/python3.8/site-packages/airflow/example_dags/example_branch_day_of_week_operator.py
[2022-01-28 20:50:31,860] {processor.py:654} INFO - DAG(s) dict_keys(['example_weekday_branch_operator']) retrieved from /home/data-eginner/Documents/Soccer_Data/env/lib/python3.8/site-packages/airflow/example_dags/example_branch_day_of_week_operator.py
[2022-01-28 20:50:31,908] {logging_mixin.py:109} INFO - [2022-01-28 20:50:31,908] {dag.py:2396} INFO - Sync 1 DAGs
[2022-01-28 20:50:31,941] {logging_mixin.py:109} INFO - [2022-01-28 20:50:31,941] {dag.py:2935} INFO - Setting next_dagrun for example_weekday_branch_operator to 2022-01-27 00:00:00+00:00
[2022-01-28 20:50:31,981] {processor.py:171} INFO - Processing /home/data-eginner/Documents/Soccer_Data/env/lib/python3.8/site-packages/airflow/example_dags/example_branch_day_of_week_operator.py took 0.188 seconds
[2022-01-28 20:51:10,855] {processor.py:163} INFO - Started process (PID=16836) to work on /home/data-eginner/Documents/Soccer_Data/env/lib/python3.8/site-packages/airflow/example_dags/example_branch_day_of_week_operator.py
[2022-01-28 20:51:10,857] {processor.py:642} INFO - Processing file /home/data-eginner/Documents/Soccer_Data/env/lib/python3.8/site-packages/airflow/example_dags/example_branch_day_of_week_operator.py for tasks to queue
[2022-01-28 20:51:10,857] {logging_mixin.py:109} INFO - [2022-01-28 20:51:10,857] {dagbag.py:500} INFO - Filling up the DagBag from /home/data-eginner/Documents/Soccer_Data/env/lib/python3.8/site-packages/airflow/example_dags/example_branch_day_of_week_operator.py
[2022-01-28 20:51:10,875] {processor.py:654} INFO - DAG(s) dict_keys(['example_weekday_branch_operator']) retrieved from /home/data-eginner/Documents/Soccer_Data/env/lib/python3.8/site-packages/airflow/example_dags/example_branch_day_of_week_operator.py
[2022-01-28 20:51:10,885] {logging_mixin.py:109} INFO - [2022-01-28 20:51:10,885] {dag.py:2396} INFO - Sync 1 DAGs
[2022-01-28 20:51:10,897] {logging_mixin.py:109} INFO - [2022-01-28 20:51:10,897] {dag.py:2935} INFO - Setting next_dagrun for example_weekday_branch_operator to 2022-01-27 00:00:00+00:00
[2022-01-28 20:51:10,916] {processor.py:171} INFO - Processing /home/data-eginner/Documents/Soccer_Data/env/lib/python3.8/site-packages/airflow/example_dags/example_branch_day_of_week_operator.py took 0.063 seconds
[2022-01-28 20:51:49,939] {processor.py:163} INFO - Started process (PID=17079) to work on /home/data-eginner/Documents/Soccer_Data/env/lib/python3.8/site-packages/airflow/example_dags/example_branch_day_of_week_operator.py
[2022-01-28 20:51:49,970] {processor.py:642} INFO - Processing file /home/data-eginner/Documents/Soccer_Data/env/lib/python3.8/site-packages/airflow/example_dags/example_branch_day_of_week_operator.py for tasks to queue
[2022-01-28 20:51:49,970] {logging_mixin.py:109} INFO - [2022-01-28 20:51:49,970] {dagbag.py:500} INFO - Filling up the DagBag from /home/data-eginner/Documents/Soccer_Data/env/lib/python3.8/site-packages/airflow/example_dags/example_branch_day_of_week_operator.py
[2022-01-28 20:51:50,074] {processor.py:654} INFO - DAG(s) dict_keys(['example_weekday_branch_operator']) retrieved from /home/data-eginner/Documents/Soccer_Data/env/lib/python3.8/site-packages/airflow/example_dags/example_branch_day_of_week_operator.py
[2022-01-28 20:51:50,104] {logging_mixin.py:109} INFO - [2022-01-28 20:51:50,104] {dag.py:2396} INFO - Sync 1 DAGs
[2022-01-28 20:51:50,142] {logging_mixin.py:109} INFO - [2022-01-28 20:51:50,142] {dag.py:2935} INFO - Setting next_dagrun for example_weekday_branch_operator to 2022-01-27 00:00:00+00:00
[2022-01-28 20:51:50,307] {processor.py:171} INFO - Processing /home/data-eginner/Documents/Soccer_Data/env/lib/python3.8/site-packages/airflow/example_dags/example_branch_day_of_week_operator.py took 0.371 seconds
[2022-01-28 20:52:33,091] {processor.py:163} INFO - Started process (PID=17413) to work on /home/data-eginner/Documents/Soccer_Data/env/lib/python3.8/site-packages/airflow/example_dags/example_branch_day_of_week_operator.py
[2022-01-28 20:52:33,106] {processor.py:642} INFO - Processing file /home/data-eginner/Documents/Soccer_Data/env/lib/python3.8/site-packages/airflow/example_dags/example_branch_day_of_week_operator.py for tasks to queue
[2022-01-28 20:52:33,106] {logging_mixin.py:109} INFO - [2022-01-28 20:52:33,106] {dagbag.py:500} INFO - Filling up the DagBag from /home/data-eginner/Documents/Soccer_Data/env/lib/python3.8/site-packages/airflow/example_dags/example_branch_day_of_week_operator.py
[2022-01-28 20:52:33,149] {processor.py:654} INFO - DAG(s) dict_keys(['example_weekday_branch_operator']) retrieved from /home/data-eginner/Documents/Soccer_Data/env/lib/python3.8/site-packages/airflow/example_dags/example_branch_day_of_week_operator.py
[2022-01-28 20:52:33,167] {logging_mixin.py:109} INFO - [2022-01-28 20:52:33,166] {dag.py:2396} INFO - Sync 1 DAGs
[2022-01-28 20:52:33,204] {logging_mixin.py:109} INFO - [2022-01-28 20:52:33,204] {dag.py:2935} INFO - Setting next_dagrun for example_weekday_branch_operator to 2022-01-27 00:00:00+00:00
[2022-01-28 20:52:33,317] {processor.py:171} INFO - Processing /home/data-eginner/Documents/Soccer_Data/env/lib/python3.8/site-packages/airflow/example_dags/example_branch_day_of_week_operator.py took 0.244 seconds
[2022-01-28 20:53:14,509] {processor.py:163} INFO - Started process (PID=17590) to work on /home/data-eginner/Documents/Soccer_Data/env/lib/python3.8/site-packages/airflow/example_dags/example_branch_day_of_week_operator.py
[2022-01-28 20:53:14,517] {processor.py:642} INFO - Processing file /home/data-eginner/Documents/Soccer_Data/env/lib/python3.8/site-packages/airflow/example_dags/example_branch_day_of_week_operator.py for tasks to queue
[2022-01-28 20:53:14,517] {logging_mixin.py:109} INFO - [2022-01-28 20:53:14,517] {dagbag.py:500} INFO - Filling up the DagBag from /home/data-eginner/Documents/Soccer_Data/env/lib/python3.8/site-packages/airflow/example_dags/example_branch_day_of_week_operator.py
[2022-01-28 20:53:14,613] {processor.py:654} INFO - DAG(s) dict_keys(['example_weekday_branch_operator']) retrieved from /home/data-eginner/Documents/Soccer_Data/env/lib/python3.8/site-packages/airflow/example_dags/example_branch_day_of_week_operator.py
[2022-01-28 20:53:14,650] {logging_mixin.py:109} INFO - [2022-01-28 20:53:14,649] {dag.py:2396} INFO - Sync 1 DAGs
[2022-01-28 20:53:14,705] {logging_mixin.py:109} INFO - [2022-01-28 20:53:14,705] {dag.py:2935} INFO - Setting next_dagrun for example_weekday_branch_operator to 2022-01-27 00:00:00+00:00
[2022-01-28 20:53:14,773] {processor.py:171} INFO - Processing /home/data-eginner/Documents/Soccer_Data/env/lib/python3.8/site-packages/airflow/example_dags/example_branch_day_of_week_operator.py took 0.267 seconds
[2022-01-28 20:54:15,190] {processor.py:163} INFO - Started process (PID=17801) to work on /home/data-eginner/Documents/Soccer_Data/env/lib/python3.8/site-packages/airflow/example_dags/example_branch_day_of_week_operator.py
[2022-01-28 20:54:15,214] {processor.py:642} INFO - Processing file /home/data-eginner/Documents/Soccer_Data/env/lib/python3.8/site-packages/airflow/example_dags/example_branch_day_of_week_operator.py for tasks to queue
[2022-01-28 20:54:15,215] {logging_mixin.py:109} INFO - [2022-01-28 20:54:15,215] {dagbag.py:500} INFO - Filling up the DagBag from /home/data-eginner/Documents/Soccer_Data/env/lib/python3.8/site-packages/airflow/example_dags/example_branch_day_of_week_operator.py
[2022-01-28 20:54:15,287] {processor.py:654} INFO - DAG(s) dict_keys(['example_weekday_branch_operator']) retrieved from /home/data-eginner/Documents/Soccer_Data/env/lib/python3.8/site-packages/airflow/example_dags/example_branch_day_of_week_operator.py
[2022-01-28 20:54:15,349] {logging_mixin.py:109} INFO - [2022-01-28 20:54:15,349] {dag.py:2396} INFO - Sync 1 DAGs
[2022-01-28 20:54:15,403] {logging_mixin.py:109} INFO - [2022-01-28 20:54:15,403] {dag.py:2935} INFO - Setting next_dagrun for example_weekday_branch_operator to 2022-01-27 00:00:00+00:00
[2022-01-28 20:54:15,480] {processor.py:171} INFO - Processing /home/data-eginner/Documents/Soccer_Data/env/lib/python3.8/site-packages/airflow/example_dags/example_branch_day_of_week_operator.py took 0.319 seconds
[2022-01-28 20:55:20,867] {processor.py:163} INFO - Started process (PID=18030) to work on /home/data-eginner/Documents/Soccer_Data/env/lib/python3.8/site-packages/airflow/example_dags/example_branch_day_of_week_operator.py
[2022-01-28 20:55:20,870] {processor.py:642} INFO - Processing file /home/data-eginner/Documents/Soccer_Data/env/lib/python3.8/site-packages/airflow/example_dags/example_branch_day_of_week_operator.py for tasks to queue
[2022-01-28 20:55:20,871] {logging_mixin.py:109} INFO - [2022-01-28 20:55:20,871] {dagbag.py:500} INFO - Filling up the DagBag from /home/data-eginner/Documents/Soccer_Data/env/lib/python3.8/site-packages/airflow/example_dags/example_branch_day_of_week_operator.py
[2022-01-28 20:55:20,932] {processor.py:654} INFO - DAG(s) dict_keys(['example_weekday_branch_operator']) retrieved from /home/data-eginner/Documents/Soccer_Data/env/lib/python3.8/site-packages/airflow/example_dags/example_branch_day_of_week_operator.py
[2022-01-28 20:55:20,962] {logging_mixin.py:109} INFO - [2022-01-28 20:55:20,962] {dag.py:2396} INFO - Sync 1 DAGs
[2022-01-28 20:55:21,003] {logging_mixin.py:109} INFO - [2022-01-28 20:55:21,003] {dag.py:2935} INFO - Setting next_dagrun for example_weekday_branch_operator to 2022-01-27 00:00:00+00:00
[2022-01-28 20:55:21,040] {processor.py:171} INFO - Processing /home/data-eginner/Documents/Soccer_Data/env/lib/python3.8/site-packages/airflow/example_dags/example_branch_day_of_week_operator.py took 0.191 seconds
[2022-01-28 20:56:13,718] {processor.py:163} INFO - Started process (PID=18199) to work on /home/data-eginner/Documents/Soccer_Data/env/lib/python3.8/site-packages/airflow/example_dags/example_branch_day_of_week_operator.py
[2022-01-28 20:56:13,738] {processor.py:642} INFO - Processing file /home/data-eginner/Documents/Soccer_Data/env/lib/python3.8/site-packages/airflow/example_dags/example_branch_day_of_week_operator.py for tasks to queue
[2022-01-28 20:56:13,739] {logging_mixin.py:109} INFO - [2022-01-28 20:56:13,739] {dagbag.py:500} INFO - Filling up the DagBag from /home/data-eginner/Documents/Soccer_Data/env/lib/python3.8/site-packages/airflow/example_dags/example_branch_day_of_week_operator.py
[2022-01-28 20:56:13,872] {processor.py:654} INFO - DAG(s) dict_keys(['example_weekday_branch_operator']) retrieved from /home/data-eginner/Documents/Soccer_Data/env/lib/python3.8/site-packages/airflow/example_dags/example_branch_day_of_week_operator.py
[2022-01-28 20:56:13,920] {logging_mixin.py:109} INFO - [2022-01-28 20:56:13,920] {dag.py:2396} INFO - Sync 1 DAGs
[2022-01-28 20:56:13,997] {logging_mixin.py:109} INFO - [2022-01-28 20:56:13,997] {dag.py:2935} INFO - Setting next_dagrun for example_weekday_branch_operator to 2022-01-27 00:00:00+00:00
[2022-01-28 20:56:14,044] {processor.py:171} INFO - Processing /home/data-eginner/Documents/Soccer_Data/env/lib/python3.8/site-packages/airflow/example_dags/example_branch_day_of_week_operator.py took 0.374 seconds
[2022-01-28 20:57:04,080] {processor.py:163} INFO - Started process (PID=18370) to work on /home/data-eginner/Documents/Soccer_Data/env/lib/python3.8/site-packages/airflow/example_dags/example_branch_day_of_week_operator.py
[2022-01-28 20:57:04,087] {processor.py:642} INFO - Processing file /home/data-eginner/Documents/Soccer_Data/env/lib/python3.8/site-packages/airflow/example_dags/example_branch_day_of_week_operator.py for tasks to queue
[2022-01-28 20:57:04,088] {logging_mixin.py:109} INFO - [2022-01-28 20:57:04,088] {dagbag.py:500} INFO - Filling up the DagBag from /home/data-eginner/Documents/Soccer_Data/env/lib/python3.8/site-packages/airflow/example_dags/example_branch_day_of_week_operator.py
[2022-01-28 20:57:04,150] {processor.py:654} INFO - DAG(s) dict_keys(['example_weekday_branch_operator']) retrieved from /home/data-eginner/Documents/Soccer_Data/env/lib/python3.8/site-packages/airflow/example_dags/example_branch_day_of_week_operator.py
[2022-01-28 20:57:04,158] {logging_mixin.py:109} INFO - [2022-01-28 20:57:04,157] {dag.py:2396} INFO - Sync 1 DAGs
[2022-01-28 20:57:04,178] {logging_mixin.py:109} INFO - [2022-01-28 20:57:04,178] {dag.py:2935} INFO - Setting next_dagrun for example_weekday_branch_operator to 2022-01-27 00:00:00+00:00
[2022-01-28 20:57:04,227] {processor.py:171} INFO - Processing /home/data-eginner/Documents/Soccer_Data/env/lib/python3.8/site-packages/airflow/example_dags/example_branch_day_of_week_operator.py took 0.150 seconds
[2022-01-28 20:58:02,739] {processor.py:163} INFO - Started process (PID=18579) to work on /home/data-eginner/Documents/Soccer_Data/env/lib/python3.8/site-packages/airflow/example_dags/example_branch_day_of_week_operator.py
[2022-01-28 20:58:02,763] {processor.py:642} INFO - Processing file /home/data-eginner/Documents/Soccer_Data/env/lib/python3.8/site-packages/airflow/example_dags/example_branch_day_of_week_operator.py for tasks to queue
[2022-01-28 20:58:02,764] {logging_mixin.py:109} INFO - [2022-01-28 20:58:02,764] {dagbag.py:500} INFO - Filling up the DagBag from /home/data-eginner/Documents/Soccer_Data/env/lib/python3.8/site-packages/airflow/example_dags/example_branch_day_of_week_operator.py
[2022-01-28 20:58:02,865] {processor.py:654} INFO - DAG(s) dict_keys(['example_weekday_branch_operator']) retrieved from /home/data-eginner/Documents/Soccer_Data/env/lib/python3.8/site-packages/airflow/example_dags/example_branch_day_of_week_operator.py
[2022-01-28 20:58:02,915] {logging_mixin.py:109} INFO - [2022-01-28 20:58:02,915] {dag.py:2396} INFO - Sync 1 DAGs
[2022-01-28 20:58:02,985] {logging_mixin.py:109} INFO - [2022-01-28 20:58:02,985] {dag.py:2935} INFO - Setting next_dagrun for example_weekday_branch_operator to 2022-01-27 00:00:00+00:00
[2022-01-28 20:58:03,047] {processor.py:171} INFO - Processing /home/data-eginner/Documents/Soccer_Data/env/lib/python3.8/site-packages/airflow/example_dags/example_branch_day_of_week_operator.py took 0.311 seconds
[2022-01-28 20:59:21,054] {processor.py:163} INFO - Started process (PID=18807) to work on /home/data-eginner/Documents/Soccer_Data/env/lib/python3.8/site-packages/airflow/example_dags/example_branch_day_of_week_operator.py
[2022-01-28 20:59:21,067] {processor.py:642} INFO - Processing file /home/data-eginner/Documents/Soccer_Data/env/lib/python3.8/site-packages/airflow/example_dags/example_branch_day_of_week_operator.py for tasks to queue
[2022-01-28 20:59:21,068] {logging_mixin.py:109} INFO - [2022-01-28 20:59:21,068] {dagbag.py:500} INFO - Filling up the DagBag from /home/data-eginner/Documents/Soccer_Data/env/lib/python3.8/site-packages/airflow/example_dags/example_branch_day_of_week_operator.py
[2022-01-28 20:59:21,153] {processor.py:654} INFO - DAG(s) dict_keys(['example_weekday_branch_operator']) retrieved from /home/data-eginner/Documents/Soccer_Data/env/lib/python3.8/site-packages/airflow/example_dags/example_branch_day_of_week_operator.py
[2022-01-28 20:59:21,249] {logging_mixin.py:109} INFO - [2022-01-28 20:59:21,249] {dag.py:2396} INFO - Sync 1 DAGs
[2022-01-28 20:59:21,384] {logging_mixin.py:109} INFO - [2022-01-28 20:59:21,384] {dag.py:2935} INFO - Setting next_dagrun for example_weekday_branch_operator to 2022-01-27 00:00:00+00:00
[2022-01-28 20:59:21,454] {processor.py:171} INFO - Processing /home/data-eginner/Documents/Soccer_Data/env/lib/python3.8/site-packages/airflow/example_dags/example_branch_day_of_week_operator.py took 0.448 seconds
