[2022-01-28 20:49:36,412] {processor.py:163} INFO - Started process (PID=16392) to work on /home/data-eginner/Documents/Soccer_Data/env/lib/python3.8/site-packages/airflow/example_dags/tutorial_etl_dag.py
[2022-01-28 20:49:36,413] {processor.py:642} INFO - Processing file /home/data-eginner/Documents/Soccer_Data/env/lib/python3.8/site-packages/airflow/example_dags/tutorial_etl_dag.py for tasks to queue
[2022-01-28 20:49:36,414] {logging_mixin.py:109} INFO - [2022-01-28 20:49:36,414] {dagbag.py:500} INFO - Filling up the DagBag from /home/data-eginner/Documents/Soccer_Data/env/lib/python3.8/site-packages/airflow/example_dags/tutorial_etl_dag.py
[2022-01-28 20:49:36,457] {processor.py:654} INFO - DAG(s) dict_keys(['tutorial_etl_dag']) retrieved from /home/data-eginner/Documents/Soccer_Data/env/lib/python3.8/site-packages/airflow/example_dags/tutorial_etl_dag.py
[2022-01-28 20:49:36,475] {logging_mixin.py:109} INFO - [2022-01-28 20:49:36,475] {dag.py:2396} INFO - Sync 1 DAGs
[2022-01-28 20:49:36,488] {logging_mixin.py:109} INFO - [2022-01-28 20:49:36,488] {dag.py:2935} INFO - Setting next_dagrun for tutorial_etl_dag to None
[2022-01-28 20:49:36,505] {processor.py:171} INFO - Processing /home/data-eginner/Documents/Soccer_Data/env/lib/python3.8/site-packages/airflow/example_dags/tutorial_etl_dag.py took 0.112 seconds
[2022-01-28 20:50:15,953] {processor.py:163} INFO - Started process (PID=16598) to work on /home/data-eginner/Documents/Soccer_Data/env/lib/python3.8/site-packages/airflow/example_dags/tutorial_etl_dag.py
[2022-01-28 20:50:15,955] {processor.py:642} INFO - Processing file /home/data-eginner/Documents/Soccer_Data/env/lib/python3.8/site-packages/airflow/example_dags/tutorial_etl_dag.py for tasks to queue
[2022-01-28 20:50:15,955] {logging_mixin.py:109} INFO - [2022-01-28 20:50:15,955] {dagbag.py:500} INFO - Filling up the DagBag from /home/data-eginner/Documents/Soccer_Data/env/lib/python3.8/site-packages/airflow/example_dags/tutorial_etl_dag.py
[2022-01-28 20:50:15,989] {processor.py:654} INFO - DAG(s) dict_keys(['tutorial_etl_dag']) retrieved from /home/data-eginner/Documents/Soccer_Data/env/lib/python3.8/site-packages/airflow/example_dags/tutorial_etl_dag.py
[2022-01-28 20:50:16,005] {logging_mixin.py:109} INFO - [2022-01-28 20:50:16,004] {dag.py:2396} INFO - Sync 1 DAGs
[2022-01-28 20:50:16,021] {logging_mixin.py:109} INFO - [2022-01-28 20:50:16,021] {dag.py:2935} INFO - Setting next_dagrun for tutorial_etl_dag to None
[2022-01-28 20:50:16,050] {processor.py:171} INFO - Processing /home/data-eginner/Documents/Soccer_Data/env/lib/python3.8/site-packages/airflow/example_dags/tutorial_etl_dag.py took 0.099 seconds
[2022-01-28 20:50:55,842] {processor.py:163} INFO - Started process (PID=16772) to work on /home/data-eginner/Documents/Soccer_Data/env/lib/python3.8/site-packages/airflow/example_dags/tutorial_etl_dag.py
[2022-01-28 20:50:55,844] {processor.py:642} INFO - Processing file /home/data-eginner/Documents/Soccer_Data/env/lib/python3.8/site-packages/airflow/example_dags/tutorial_etl_dag.py for tasks to queue
[2022-01-28 20:50:55,845] {logging_mixin.py:109} INFO - [2022-01-28 20:50:55,845] {dagbag.py:500} INFO - Filling up the DagBag from /home/data-eginner/Documents/Soccer_Data/env/lib/python3.8/site-packages/airflow/example_dags/tutorial_etl_dag.py
[2022-01-28 20:50:55,884] {processor.py:654} INFO - DAG(s) dict_keys(['tutorial_etl_dag']) retrieved from /home/data-eginner/Documents/Soccer_Data/env/lib/python3.8/site-packages/airflow/example_dags/tutorial_etl_dag.py
[2022-01-28 20:50:55,895] {logging_mixin.py:109} INFO - [2022-01-28 20:50:55,895] {dag.py:2396} INFO - Sync 1 DAGs
[2022-01-28 20:50:55,910] {logging_mixin.py:109} INFO - [2022-01-28 20:50:55,910] {dag.py:2935} INFO - Setting next_dagrun for tutorial_etl_dag to None
[2022-01-28 20:50:55,923] {processor.py:171} INFO - Processing /home/data-eginner/Documents/Soccer_Data/env/lib/python3.8/site-packages/airflow/example_dags/tutorial_etl_dag.py took 0.084 seconds
[2022-01-28 20:51:31,044] {processor.py:163} INFO - Started process (PID=16924) to work on /home/data-eginner/Documents/Soccer_Data/env/lib/python3.8/site-packages/airflow/example_dags/tutorial_etl_dag.py
[2022-01-28 20:51:31,047] {processor.py:642} INFO - Processing file /home/data-eginner/Documents/Soccer_Data/env/lib/python3.8/site-packages/airflow/example_dags/tutorial_etl_dag.py for tasks to queue
[2022-01-28 20:51:31,048] {logging_mixin.py:109} INFO - [2022-01-28 20:51:31,048] {dagbag.py:500} INFO - Filling up the DagBag from /home/data-eginner/Documents/Soccer_Data/env/lib/python3.8/site-packages/airflow/example_dags/tutorial_etl_dag.py
[2022-01-28 20:51:31,075] {processor.py:654} INFO - DAG(s) dict_keys(['tutorial_etl_dag']) retrieved from /home/data-eginner/Documents/Soccer_Data/env/lib/python3.8/site-packages/airflow/example_dags/tutorial_etl_dag.py
[2022-01-28 20:51:31,084] {logging_mixin.py:109} INFO - [2022-01-28 20:51:31,083] {dag.py:2396} INFO - Sync 1 DAGs
[2022-01-28 20:51:31,093] {logging_mixin.py:109} INFO - [2022-01-28 20:51:31,093] {dag.py:2935} INFO - Setting next_dagrun for tutorial_etl_dag to None
[2022-01-28 20:51:31,112] {processor.py:171} INFO - Processing /home/data-eginner/Documents/Soccer_Data/env/lib/python3.8/site-packages/airflow/example_dags/tutorial_etl_dag.py took 0.073 seconds
[2022-01-28 20:52:12,363] {processor.py:163} INFO - Started process (PID=17313) to work on /home/data-eginner/Documents/Soccer_Data/env/lib/python3.8/site-packages/airflow/example_dags/tutorial_etl_dag.py
[2022-01-28 20:52:12,370] {processor.py:642} INFO - Processing file /home/data-eginner/Documents/Soccer_Data/env/lib/python3.8/site-packages/airflow/example_dags/tutorial_etl_dag.py for tasks to queue
[2022-01-28 20:52:12,371] {logging_mixin.py:109} INFO - [2022-01-28 20:52:12,370] {dagbag.py:500} INFO - Filling up the DagBag from /home/data-eginner/Documents/Soccer_Data/env/lib/python3.8/site-packages/airflow/example_dags/tutorial_etl_dag.py
[2022-01-28 20:52:12,426] {processor.py:654} INFO - DAG(s) dict_keys(['tutorial_etl_dag']) retrieved from /home/data-eginner/Documents/Soccer_Data/env/lib/python3.8/site-packages/airflow/example_dags/tutorial_etl_dag.py
[2022-01-28 20:52:12,451] {logging_mixin.py:109} INFO - [2022-01-28 20:52:12,450] {dag.py:2396} INFO - Sync 1 DAGs
[2022-01-28 20:52:12,481] {logging_mixin.py:109} INFO - [2022-01-28 20:52:12,480] {dag.py:2935} INFO - Setting next_dagrun for tutorial_etl_dag to None
[2022-01-28 20:52:12,515] {processor.py:171} INFO - Processing /home/data-eginner/Documents/Soccer_Data/env/lib/python3.8/site-packages/airflow/example_dags/tutorial_etl_dag.py took 0.154 seconds
[2022-01-28 20:52:52,713] {processor.py:163} INFO - Started process (PID=17490) to work on /home/data-eginner/Documents/Soccer_Data/env/lib/python3.8/site-packages/airflow/example_dags/tutorial_etl_dag.py
[2022-01-28 20:52:52,719] {processor.py:642} INFO - Processing file /home/data-eginner/Documents/Soccer_Data/env/lib/python3.8/site-packages/airflow/example_dags/tutorial_etl_dag.py for tasks to queue
[2022-01-28 20:52:52,720] {logging_mixin.py:109} INFO - [2022-01-28 20:52:52,720] {dagbag.py:500} INFO - Filling up the DagBag from /home/data-eginner/Documents/Soccer_Data/env/lib/python3.8/site-packages/airflow/example_dags/tutorial_etl_dag.py
[2022-01-28 20:52:52,772] {processor.py:654} INFO - DAG(s) dict_keys(['tutorial_etl_dag']) retrieved from /home/data-eginner/Documents/Soccer_Data/env/lib/python3.8/site-packages/airflow/example_dags/tutorial_etl_dag.py
[2022-01-28 20:52:52,802] {logging_mixin.py:109} INFO - [2022-01-28 20:52:52,802] {dag.py:2396} INFO - Sync 1 DAGs
[2022-01-28 20:52:52,823] {logging_mixin.py:109} INFO - [2022-01-28 20:52:52,823] {dag.py:2935} INFO - Setting next_dagrun for tutorial_etl_dag to None
[2022-01-28 20:52:52,844] {processor.py:171} INFO - Processing /home/data-eginner/Documents/Soccer_Data/env/lib/python3.8/site-packages/airflow/example_dags/tutorial_etl_dag.py took 0.145 seconds
[2022-01-28 20:53:43,369] {processor.py:163} INFO - Started process (PID=17690) to work on /home/data-eginner/Documents/Soccer_Data/env/lib/python3.8/site-packages/airflow/example_dags/tutorial_etl_dag.py
[2022-01-28 20:53:43,387] {processor.py:642} INFO - Processing file /home/data-eginner/Documents/Soccer_Data/env/lib/python3.8/site-packages/airflow/example_dags/tutorial_etl_dag.py for tasks to queue
[2022-01-28 20:53:43,388] {logging_mixin.py:109} INFO - [2022-01-28 20:53:43,388] {dagbag.py:500} INFO - Filling up the DagBag from /home/data-eginner/Documents/Soccer_Data/env/lib/python3.8/site-packages/airflow/example_dags/tutorial_etl_dag.py
[2022-01-28 20:53:43,454] {processor.py:654} INFO - DAG(s) dict_keys(['tutorial_etl_dag']) retrieved from /home/data-eginner/Documents/Soccer_Data/env/lib/python3.8/site-packages/airflow/example_dags/tutorial_etl_dag.py
[2022-01-28 20:53:43,476] {logging_mixin.py:109} INFO - [2022-01-28 20:53:43,476] {dag.py:2396} INFO - Sync 1 DAGs
[2022-01-28 20:53:43,499] {logging_mixin.py:109} INFO - [2022-01-28 20:53:43,499] {dag.py:2935} INFO - Setting next_dagrun for tutorial_etl_dag to None
[2022-01-28 20:53:43,581] {processor.py:171} INFO - Processing /home/data-eginner/Documents/Soccer_Data/env/lib/python3.8/site-packages/airflow/example_dags/tutorial_etl_dag.py took 0.215 seconds
[2022-01-28 20:54:26,390] {processor.py:163} INFO - Started process (PID=17840) to work on /home/data-eginner/Documents/Soccer_Data/env/lib/python3.8/site-packages/airflow/example_dags/tutorial_etl_dag.py
[2022-01-28 20:54:26,392] {processor.py:642} INFO - Processing file /home/data-eginner/Documents/Soccer_Data/env/lib/python3.8/site-packages/airflow/example_dags/tutorial_etl_dag.py for tasks to queue
[2022-01-28 20:54:26,392] {logging_mixin.py:109} INFO - [2022-01-28 20:54:26,392] {dagbag.py:500} INFO - Filling up the DagBag from /home/data-eginner/Documents/Soccer_Data/env/lib/python3.8/site-packages/airflow/example_dags/tutorial_etl_dag.py
[2022-01-28 20:54:26,474] {processor.py:654} INFO - DAG(s) dict_keys(['tutorial_etl_dag']) retrieved from /home/data-eginner/Documents/Soccer_Data/env/lib/python3.8/site-packages/airflow/example_dags/tutorial_etl_dag.py
[2022-01-28 20:54:26,509] {logging_mixin.py:109} INFO - [2022-01-28 20:54:26,509] {dag.py:2396} INFO - Sync 1 DAGs
[2022-01-28 20:54:26,573] {logging_mixin.py:109} INFO - [2022-01-28 20:54:26,573] {dag.py:2935} INFO - Setting next_dagrun for tutorial_etl_dag to None
[2022-01-28 20:54:26,638] {processor.py:171} INFO - Processing /home/data-eginner/Documents/Soccer_Data/env/lib/python3.8/site-packages/airflow/example_dags/tutorial_etl_dag.py took 0.252 seconds
[2022-01-28 20:55:10,040] {processor.py:163} INFO - Started process (PID=17986) to work on /home/data-eginner/Documents/Soccer_Data/env/lib/python3.8/site-packages/airflow/example_dags/tutorial_etl_dag.py
[2022-01-28 20:55:10,074] {processor.py:642} INFO - Processing file /home/data-eginner/Documents/Soccer_Data/env/lib/python3.8/site-packages/airflow/example_dags/tutorial_etl_dag.py for tasks to queue
[2022-01-28 20:55:10,074] {logging_mixin.py:109} INFO - [2022-01-28 20:55:10,074] {dagbag.py:500} INFO - Filling up the DagBag from /home/data-eginner/Documents/Soccer_Data/env/lib/python3.8/site-packages/airflow/example_dags/tutorial_etl_dag.py
[2022-01-28 20:55:10,140] {processor.py:654} INFO - DAG(s) dict_keys(['tutorial_etl_dag']) retrieved from /home/data-eginner/Documents/Soccer_Data/env/lib/python3.8/site-packages/airflow/example_dags/tutorial_etl_dag.py
[2022-01-28 20:55:10,168] {logging_mixin.py:109} INFO - [2022-01-28 20:55:10,168] {dag.py:2396} INFO - Sync 1 DAGs
[2022-01-28 20:55:10,210] {logging_mixin.py:109} INFO - [2022-01-28 20:55:10,210] {dag.py:2935} INFO - Setting next_dagrun for tutorial_etl_dag to None
[2022-01-28 20:55:10,305] {processor.py:171} INFO - Processing /home/data-eginner/Documents/Soccer_Data/env/lib/python3.8/site-packages/airflow/example_dags/tutorial_etl_dag.py took 0.267 seconds
[2022-01-28 20:55:56,356] {processor.py:163} INFO - Started process (PID=18137) to work on /home/data-eginner/Documents/Soccer_Data/env/lib/python3.8/site-packages/airflow/example_dags/tutorial_etl_dag.py
[2022-01-28 20:55:56,358] {processor.py:642} INFO - Processing file /home/data-eginner/Documents/Soccer_Data/env/lib/python3.8/site-packages/airflow/example_dags/tutorial_etl_dag.py for tasks to queue
[2022-01-28 20:55:56,359] {logging_mixin.py:109} INFO - [2022-01-28 20:55:56,359] {dagbag.py:500} INFO - Filling up the DagBag from /home/data-eginner/Documents/Soccer_Data/env/lib/python3.8/site-packages/airflow/example_dags/tutorial_etl_dag.py
[2022-01-28 20:55:56,475] {processor.py:654} INFO - DAG(s) dict_keys(['tutorial_etl_dag']) retrieved from /home/data-eginner/Documents/Soccer_Data/env/lib/python3.8/site-packages/airflow/example_dags/tutorial_etl_dag.py
[2022-01-28 20:55:56,526] {logging_mixin.py:109} INFO - [2022-01-28 20:55:56,526] {dag.py:2396} INFO - Sync 1 DAGs
[2022-01-28 20:55:56,549] {logging_mixin.py:109} INFO - [2022-01-28 20:55:56,549] {dag.py:2935} INFO - Setting next_dagrun for tutorial_etl_dag to None
[2022-01-28 20:55:56,599] {processor.py:171} INFO - Processing /home/data-eginner/Documents/Soccer_Data/env/lib/python3.8/site-packages/airflow/example_dags/tutorial_etl_dag.py took 0.254 seconds
[2022-01-28 20:56:49,068] {processor.py:163} INFO - Started process (PID=18309) to work on /home/data-eginner/Documents/Soccer_Data/env/lib/python3.8/site-packages/airflow/example_dags/tutorial_etl_dag.py
[2022-01-28 20:56:49,081] {processor.py:642} INFO - Processing file /home/data-eginner/Documents/Soccer_Data/env/lib/python3.8/site-packages/airflow/example_dags/tutorial_etl_dag.py for tasks to queue
[2022-01-28 20:56:49,082] {logging_mixin.py:109} INFO - [2022-01-28 20:56:49,082] {dagbag.py:500} INFO - Filling up the DagBag from /home/data-eginner/Documents/Soccer_Data/env/lib/python3.8/site-packages/airflow/example_dags/tutorial_etl_dag.py
[2022-01-28 20:56:49,166] {processor.py:654} INFO - DAG(s) dict_keys(['tutorial_etl_dag']) retrieved from /home/data-eginner/Documents/Soccer_Data/env/lib/python3.8/site-packages/airflow/example_dags/tutorial_etl_dag.py
[2022-01-28 20:56:49,262] {logging_mixin.py:109} INFO - [2022-01-28 20:56:49,262] {dag.py:2396} INFO - Sync 1 DAGs
[2022-01-28 20:56:49,309] {logging_mixin.py:109} INFO - [2022-01-28 20:56:49,309] {dag.py:2935} INFO - Setting next_dagrun for tutorial_etl_dag to None
[2022-01-28 20:56:49,392] {processor.py:171} INFO - Processing /home/data-eginner/Documents/Soccer_Data/env/lib/python3.8/site-packages/airflow/example_dags/tutorial_etl_dag.py took 0.338 seconds
[2022-01-28 20:57:28,307] {processor.py:163} INFO - Started process (PID=18453) to work on /home/data-eginner/Documents/Soccer_Data/env/lib/python3.8/site-packages/airflow/example_dags/tutorial_etl_dag.py
[2022-01-28 20:57:28,313] {processor.py:642} INFO - Processing file /home/data-eginner/Documents/Soccer_Data/env/lib/python3.8/site-packages/airflow/example_dags/tutorial_etl_dag.py for tasks to queue
[2022-01-28 20:57:28,314] {logging_mixin.py:109} INFO - [2022-01-28 20:57:28,314] {dagbag.py:500} INFO - Filling up the DagBag from /home/data-eginner/Documents/Soccer_Data/env/lib/python3.8/site-packages/airflow/example_dags/tutorial_etl_dag.py
[2022-01-28 20:57:28,389] {processor.py:654} INFO - DAG(s) dict_keys(['tutorial_etl_dag']) retrieved from /home/data-eginner/Documents/Soccer_Data/env/lib/python3.8/site-packages/airflow/example_dags/tutorial_etl_dag.py
[2022-01-28 20:57:28,411] {logging_mixin.py:109} INFO - [2022-01-28 20:57:28,410] {dag.py:2396} INFO - Sync 1 DAGs
[2022-01-28 20:57:28,467] {logging_mixin.py:109} INFO - [2022-01-28 20:57:28,467] {dag.py:2935} INFO - Setting next_dagrun for tutorial_etl_dag to None
[2022-01-28 20:57:28,512] {processor.py:171} INFO - Processing /home/data-eginner/Documents/Soccer_Data/env/lib/python3.8/site-packages/airflow/example_dags/tutorial_etl_dag.py took 0.218 seconds
[2022-01-28 20:58:10,940] {processor.py:163} INFO - Started process (PID=18601) to work on /home/data-eginner/Documents/Soccer_Data/env/lib/python3.8/site-packages/airflow/example_dags/tutorial_etl_dag.py
[2022-01-28 20:58:10,965] {processor.py:642} INFO - Processing file /home/data-eginner/Documents/Soccer_Data/env/lib/python3.8/site-packages/airflow/example_dags/tutorial_etl_dag.py for tasks to queue
[2022-01-28 20:58:10,965] {logging_mixin.py:109} INFO - [2022-01-28 20:58:10,965] {dagbag.py:500} INFO - Filling up the DagBag from /home/data-eginner/Documents/Soccer_Data/env/lib/python3.8/site-packages/airflow/example_dags/tutorial_etl_dag.py
[2022-01-28 20:58:11,062] {processor.py:654} INFO - DAG(s) dict_keys(['tutorial_etl_dag']) retrieved from /home/data-eginner/Documents/Soccer_Data/env/lib/python3.8/site-packages/airflow/example_dags/tutorial_etl_dag.py
[2022-01-28 20:58:11,071] {logging_mixin.py:109} INFO - [2022-01-28 20:58:11,071] {dag.py:2396} INFO - Sync 1 DAGs
[2022-01-28 20:58:11,187] {logging_mixin.py:109} INFO - [2022-01-28 20:58:11,187] {dag.py:2935} INFO - Setting next_dagrun for tutorial_etl_dag to None
[2022-01-28 20:58:11,247] {processor.py:171} INFO - Processing /home/data-eginner/Documents/Soccer_Data/env/lib/python3.8/site-packages/airflow/example_dags/tutorial_etl_dag.py took 0.346 seconds
[2022-01-28 20:59:04,864] {processor.py:163} INFO - Started process (PID=18764) to work on /home/data-eginner/Documents/Soccer_Data/env/lib/python3.8/site-packages/airflow/example_dags/tutorial_etl_dag.py
[2022-01-28 20:59:04,948] {processor.py:642} INFO - Processing file /home/data-eginner/Documents/Soccer_Data/env/lib/python3.8/site-packages/airflow/example_dags/tutorial_etl_dag.py for tasks to queue
[2022-01-28 20:59:04,949] {logging_mixin.py:109} INFO - [2022-01-28 20:59:04,948] {dagbag.py:500} INFO - Filling up the DagBag from /home/data-eginner/Documents/Soccer_Data/env/lib/python3.8/site-packages/airflow/example_dags/tutorial_etl_dag.py
[2022-01-28 20:59:05,088] {processor.py:654} INFO - DAG(s) dict_keys(['tutorial_etl_dag']) retrieved from /home/data-eginner/Documents/Soccer_Data/env/lib/python3.8/site-packages/airflow/example_dags/tutorial_etl_dag.py
[2022-01-28 20:59:05,104] {logging_mixin.py:109} INFO - [2022-01-28 20:59:05,104] {dag.py:2396} INFO - Sync 1 DAGs
[2022-01-28 20:59:05,239] {logging_mixin.py:109} INFO - [2022-01-28 20:59:05,239] {dag.py:2935} INFO - Setting next_dagrun for tutorial_etl_dag to None
[2022-01-28 20:59:05,319] {processor.py:171} INFO - Processing /home/data-eginner/Documents/Soccer_Data/env/lib/python3.8/site-packages/airflow/example_dags/tutorial_etl_dag.py took 0.495 seconds
