[2022-01-21 21:00:20,532] {processor.py:163} INFO - Started process (PID=110549) to work on /home/data-eginner/Documents/Soccer_Data/env/lib/python3.8/site-packages/airflow/example_dags/plugins/workday.py
[2022-01-21 21:00:20,532] {processor.py:642} INFO - Processing file /home/data-eginner/Documents/Soccer_Data/env/lib/python3.8/site-packages/airflow/example_dags/plugins/workday.py for tasks to queue
[2022-01-21 21:00:20,533] {logging_mixin.py:109} INFO - [2022-01-21 21:00:20,533] {dagbag.py:500} INFO - Filling up the DagBag from /home/data-eginner/Documents/Soccer_Data/env/lib/python3.8/site-packages/airflow/example_dags/plugins/workday.py
[2022-01-21 21:00:20,630] {processor.py:656} WARNING - No viable dags retrieved from /home/data-eginner/Documents/Soccer_Data/env/lib/python3.8/site-packages/airflow/example_dags/plugins/workday.py
[2022-01-21 21:00:20,646] {processor.py:171} INFO - Processing /home/data-eginner/Documents/Soccer_Data/env/lib/python3.8/site-packages/airflow/example_dags/plugins/workday.py took 0.117 seconds
[2022-01-21 21:01:01,712] {processor.py:163} INFO - Started process (PID=110756) to work on /home/data-eginner/Documents/Soccer_Data/env/lib/python3.8/site-packages/airflow/example_dags/plugins/workday.py
[2022-01-21 21:01:01,730] {processor.py:642} INFO - Processing file /home/data-eginner/Documents/Soccer_Data/env/lib/python3.8/site-packages/airflow/example_dags/plugins/workday.py for tasks to queue
[2022-01-21 21:01:01,731] {logging_mixin.py:109} INFO - [2022-01-21 21:01:01,730] {dagbag.py:500} INFO - Filling up the DagBag from /home/data-eginner/Documents/Soccer_Data/env/lib/python3.8/site-packages/airflow/example_dags/plugins/workday.py
[2022-01-21 21:01:01,769] {processor.py:656} WARNING - No viable dags retrieved from /home/data-eginner/Documents/Soccer_Data/env/lib/python3.8/site-packages/airflow/example_dags/plugins/workday.py
[2022-01-21 21:01:01,826] {processor.py:171} INFO - Processing /home/data-eginner/Documents/Soccer_Data/env/lib/python3.8/site-packages/airflow/example_dags/plugins/workday.py took 0.130 seconds
[2022-01-21 21:01:35,848] {processor.py:163} INFO - Started process (PID=110919) to work on /home/data-eginner/Documents/Soccer_Data/env/lib/python3.8/site-packages/airflow/example_dags/plugins/workday.py
[2022-01-21 21:01:35,853] {processor.py:642} INFO - Processing file /home/data-eginner/Documents/Soccer_Data/env/lib/python3.8/site-packages/airflow/example_dags/plugins/workday.py for tasks to queue
[2022-01-21 21:01:35,853] {logging_mixin.py:109} INFO - [2022-01-21 21:01:35,853] {dagbag.py:500} INFO - Filling up the DagBag from /home/data-eginner/Documents/Soccer_Data/env/lib/python3.8/site-packages/airflow/example_dags/plugins/workday.py
[2022-01-21 21:01:35,980] {processor.py:656} WARNING - No viable dags retrieved from /home/data-eginner/Documents/Soccer_Data/env/lib/python3.8/site-packages/airflow/example_dags/plugins/workday.py
[2022-01-21 21:01:36,001] {processor.py:171} INFO - Processing /home/data-eginner/Documents/Soccer_Data/env/lib/python3.8/site-packages/airflow/example_dags/plugins/workday.py took 0.184 seconds
[2022-01-21 21:02:21,456] {processor.py:163} INFO - Started process (PID=111135) to work on /home/data-eginner/Documents/Soccer_Data/env/lib/python3.8/site-packages/airflow/example_dags/plugins/workday.py
[2022-01-21 21:02:21,461] {processor.py:642} INFO - Processing file /home/data-eginner/Documents/Soccer_Data/env/lib/python3.8/site-packages/airflow/example_dags/plugins/workday.py for tasks to queue
[2022-01-21 21:02:21,466] {logging_mixin.py:109} INFO - [2022-01-21 21:02:21,466] {dagbag.py:500} INFO - Filling up the DagBag from /home/data-eginner/Documents/Soccer_Data/env/lib/python3.8/site-packages/airflow/example_dags/plugins/workday.py
[2022-01-21 21:02:21,489] {processor.py:656} WARNING - No viable dags retrieved from /home/data-eginner/Documents/Soccer_Data/env/lib/python3.8/site-packages/airflow/example_dags/plugins/workday.py
[2022-01-21 21:02:21,491] {processor.py:171} INFO - Processing /home/data-eginner/Documents/Soccer_Data/env/lib/python3.8/site-packages/airflow/example_dags/plugins/workday.py took 0.041 seconds
[2022-01-21 21:03:03,483] {processor.py:163} INFO - Started process (PID=111320) to work on /home/data-eginner/Documents/Soccer_Data/env/lib/python3.8/site-packages/airflow/example_dags/plugins/workday.py
[2022-01-21 21:03:03,525] {processor.py:642} INFO - Processing file /home/data-eginner/Documents/Soccer_Data/env/lib/python3.8/site-packages/airflow/example_dags/plugins/workday.py for tasks to queue
[2022-01-21 21:03:03,526] {logging_mixin.py:109} INFO - [2022-01-21 21:03:03,526] {dagbag.py:500} INFO - Filling up the DagBag from /home/data-eginner/Documents/Soccer_Data/env/lib/python3.8/site-packages/airflow/example_dags/plugins/workday.py
[2022-01-21 21:03:03,584] {processor.py:656} WARNING - No viable dags retrieved from /home/data-eginner/Documents/Soccer_Data/env/lib/python3.8/site-packages/airflow/example_dags/plugins/workday.py
[2022-01-21 21:03:03,586] {processor.py:171} INFO - Processing /home/data-eginner/Documents/Soccer_Data/env/lib/python3.8/site-packages/airflow/example_dags/plugins/workday.py took 0.105 seconds
[2022-01-21 21:03:47,588] {processor.py:163} INFO - Started process (PID=111532) to work on /home/data-eginner/Documents/Soccer_Data/env/lib/python3.8/site-packages/airflow/example_dags/plugins/workday.py
[2022-01-21 21:03:47,590] {processor.py:642} INFO - Processing file /home/data-eginner/Documents/Soccer_Data/env/lib/python3.8/site-packages/airflow/example_dags/plugins/workday.py for tasks to queue
[2022-01-21 21:03:47,591] {logging_mixin.py:109} INFO - [2022-01-21 21:03:47,591] {dagbag.py:500} INFO - Filling up the DagBag from /home/data-eginner/Documents/Soccer_Data/env/lib/python3.8/site-packages/airflow/example_dags/plugins/workday.py
[2022-01-21 21:03:47,612] {processor.py:656} WARNING - No viable dags retrieved from /home/data-eginner/Documents/Soccer_Data/env/lib/python3.8/site-packages/airflow/example_dags/plugins/workday.py
[2022-01-21 21:03:47,614] {processor.py:171} INFO - Processing /home/data-eginner/Documents/Soccer_Data/env/lib/python3.8/site-packages/airflow/example_dags/plugins/workday.py took 0.041 seconds
[2022-01-21 21:04:19,507] {processor.py:163} INFO - Started process (PID=111707) to work on /home/data-eginner/Documents/Soccer_Data/env/lib/python3.8/site-packages/airflow/example_dags/plugins/workday.py
[2022-01-21 21:04:19,524] {processor.py:642} INFO - Processing file /home/data-eginner/Documents/Soccer_Data/env/lib/python3.8/site-packages/airflow/example_dags/plugins/workday.py for tasks to queue
[2022-01-21 21:04:19,525] {logging_mixin.py:109} INFO - [2022-01-21 21:04:19,525] {dagbag.py:500} INFO - Filling up the DagBag from /home/data-eginner/Documents/Soccer_Data/env/lib/python3.8/site-packages/airflow/example_dags/plugins/workday.py
[2022-01-21 21:04:19,538] {processor.py:656} WARNING - No viable dags retrieved from /home/data-eginner/Documents/Soccer_Data/env/lib/python3.8/site-packages/airflow/example_dags/plugins/workday.py
[2022-01-21 21:04:19,541] {processor.py:171} INFO - Processing /home/data-eginner/Documents/Soccer_Data/env/lib/python3.8/site-packages/airflow/example_dags/plugins/workday.py took 0.039 seconds
[2022-01-21 21:04:53,226] {processor.py:163} INFO - Started process (PID=111884) to work on /home/data-eginner/Documents/Soccer_Data/env/lib/python3.8/site-packages/airflow/example_dags/plugins/workday.py
[2022-01-21 21:04:53,229] {processor.py:642} INFO - Processing file /home/data-eginner/Documents/Soccer_Data/env/lib/python3.8/site-packages/airflow/example_dags/plugins/workday.py for tasks to queue
[2022-01-21 21:04:53,230] {logging_mixin.py:109} INFO - [2022-01-21 21:04:53,230] {dagbag.py:500} INFO - Filling up the DagBag from /home/data-eginner/Documents/Soccer_Data/env/lib/python3.8/site-packages/airflow/example_dags/plugins/workday.py
[2022-01-21 21:04:53,245] {processor.py:656} WARNING - No viable dags retrieved from /home/data-eginner/Documents/Soccer_Data/env/lib/python3.8/site-packages/airflow/example_dags/plugins/workday.py
[2022-01-21 21:04:53,247] {processor.py:171} INFO - Processing /home/data-eginner/Documents/Soccer_Data/env/lib/python3.8/site-packages/airflow/example_dags/plugins/workday.py took 0.024 seconds
[2022-01-21 21:05:27,126] {processor.py:163} INFO - Started process (PID=112056) to work on /home/data-eginner/Documents/Soccer_Data/env/lib/python3.8/site-packages/airflow/example_dags/plugins/workday.py
[2022-01-21 21:05:27,136] {processor.py:642} INFO - Processing file /home/data-eginner/Documents/Soccer_Data/env/lib/python3.8/site-packages/airflow/example_dags/plugins/workday.py for tasks to queue
[2022-01-21 21:05:27,137] {logging_mixin.py:109} INFO - [2022-01-21 21:05:27,137] {dagbag.py:500} INFO - Filling up the DagBag from /home/data-eginner/Documents/Soccer_Data/env/lib/python3.8/site-packages/airflow/example_dags/plugins/workday.py
[2022-01-21 21:05:27,150] {processor.py:656} WARNING - No viable dags retrieved from /home/data-eginner/Documents/Soccer_Data/env/lib/python3.8/site-packages/airflow/example_dags/plugins/workday.py
[2022-01-21 21:05:27,152] {processor.py:171} INFO - Processing /home/data-eginner/Documents/Soccer_Data/env/lib/python3.8/site-packages/airflow/example_dags/plugins/workday.py took 0.028 seconds
[2022-01-21 21:06:05,897] {processor.py:163} INFO - Started process (PID=112257) to work on /home/data-eginner/Documents/Soccer_Data/env/lib/python3.8/site-packages/airflow/example_dags/plugins/workday.py
[2022-01-21 21:06:05,913] {processor.py:642} INFO - Processing file /home/data-eginner/Documents/Soccer_Data/env/lib/python3.8/site-packages/airflow/example_dags/plugins/workday.py for tasks to queue
[2022-01-21 21:06:05,913] {logging_mixin.py:109} INFO - [2022-01-21 21:06:05,913] {dagbag.py:500} INFO - Filling up the DagBag from /home/data-eginner/Documents/Soccer_Data/env/lib/python3.8/site-packages/airflow/example_dags/plugins/workday.py
[2022-01-21 21:06:05,925] {processor.py:656} WARNING - No viable dags retrieved from /home/data-eginner/Documents/Soccer_Data/env/lib/python3.8/site-packages/airflow/example_dags/plugins/workday.py
[2022-01-21 21:06:05,927] {processor.py:171} INFO - Processing /home/data-eginner/Documents/Soccer_Data/env/lib/python3.8/site-packages/airflow/example_dags/plugins/workday.py took 0.036 seconds
[2022-01-21 21:06:41,907] {processor.py:163} INFO - Started process (PID=112447) to work on /home/data-eginner/Documents/Soccer_Data/env/lib/python3.8/site-packages/airflow/example_dags/plugins/workday.py
[2022-01-21 21:06:41,910] {processor.py:642} INFO - Processing file /home/data-eginner/Documents/Soccer_Data/env/lib/python3.8/site-packages/airflow/example_dags/plugins/workday.py for tasks to queue
[2022-01-21 21:06:41,911] {logging_mixin.py:109} INFO - [2022-01-21 21:06:41,911] {dagbag.py:500} INFO - Filling up the DagBag from /home/data-eginner/Documents/Soccer_Data/env/lib/python3.8/site-packages/airflow/example_dags/plugins/workday.py
[2022-01-21 21:06:41,922] {processor.py:656} WARNING - No viable dags retrieved from /home/data-eginner/Documents/Soccer_Data/env/lib/python3.8/site-packages/airflow/example_dags/plugins/workday.py
[2022-01-21 21:06:41,925] {processor.py:171} INFO - Processing /home/data-eginner/Documents/Soccer_Data/env/lib/python3.8/site-packages/airflow/example_dags/plugins/workday.py took 0.027 seconds
[2022-01-21 21:07:18,129] {processor.py:163} INFO - Started process (PID=112628) to work on /home/data-eginner/Documents/Soccer_Data/env/lib/python3.8/site-packages/airflow/example_dags/plugins/workday.py
[2022-01-21 21:07:18,132] {processor.py:642} INFO - Processing file /home/data-eginner/Documents/Soccer_Data/env/lib/python3.8/site-packages/airflow/example_dags/plugins/workday.py for tasks to queue
[2022-01-21 21:07:18,133] {logging_mixin.py:109} INFO - [2022-01-21 21:07:18,133] {dagbag.py:500} INFO - Filling up the DagBag from /home/data-eginner/Documents/Soccer_Data/env/lib/python3.8/site-packages/airflow/example_dags/plugins/workday.py
[2022-01-21 21:07:18,150] {processor.py:656} WARNING - No viable dags retrieved from /home/data-eginner/Documents/Soccer_Data/env/lib/python3.8/site-packages/airflow/example_dags/plugins/workday.py
[2022-01-21 21:07:18,152] {processor.py:171} INFO - Processing /home/data-eginner/Documents/Soccer_Data/env/lib/python3.8/site-packages/airflow/example_dags/plugins/workday.py took 0.029 seconds
[2022-01-21 21:07:51,408] {processor.py:163} INFO - Started process (PID=112829) to work on /home/data-eginner/Documents/Soccer_Data/env/lib/python3.8/site-packages/airflow/example_dags/plugins/workday.py
[2022-01-21 21:07:51,414] {processor.py:642} INFO - Processing file /home/data-eginner/Documents/Soccer_Data/env/lib/python3.8/site-packages/airflow/example_dags/plugins/workday.py for tasks to queue
[2022-01-21 21:07:51,415] {logging_mixin.py:109} INFO - [2022-01-21 21:07:51,415] {dagbag.py:500} INFO - Filling up the DagBag from /home/data-eginner/Documents/Soccer_Data/env/lib/python3.8/site-packages/airflow/example_dags/plugins/workday.py
[2022-01-21 21:07:51,437] {processor.py:656} WARNING - No viable dags retrieved from /home/data-eginner/Documents/Soccer_Data/env/lib/python3.8/site-packages/airflow/example_dags/plugins/workday.py
[2022-01-21 21:07:51,440] {processor.py:171} INFO - Processing /home/data-eginner/Documents/Soccer_Data/env/lib/python3.8/site-packages/airflow/example_dags/plugins/workday.py took 0.041 seconds
