[2022-01-13 23:04:19,256] {processor.py:163} INFO - Started process (PID=23985) to work on /home/data-eginner/Documents/Soccer_Data/env/lib/python3.8/site-packages/airflow/example_dags/example_subdag_operator.py
[2022-01-13 23:04:19,257] {processor.py:642} INFO - Processing file /home/data-eginner/Documents/Soccer_Data/env/lib/python3.8/site-packages/airflow/example_dags/example_subdag_operator.py for tasks to queue
[2022-01-13 23:04:19,367] {logging_mixin.py:109} INFO - [2022-01-13 23:04:19,366] {dagbag.py:500} INFO - Filling up the DagBag from /home/data-eginner/Documents/Soccer_Data/env/lib/python3.8/site-packages/airflow/example_dags/example_subdag_operator.py
[2022-01-13 23:04:19,513] {processor.py:654} INFO - DAG(s) dict_keys(['example_subdag_operator.section-1', 'example_subdag_operator.section-2', 'example_subdag_operator']) retrieved from /home/data-eginner/Documents/Soccer_Data/env/lib/python3.8/site-packages/airflow/example_dags/example_subdag_operator.py
[2022-01-13 23:04:19,553] {logging_mixin.py:109} INFO - [2022-01-13 23:04:19,553] {dag.py:2396} INFO - Sync 3 DAGs
[2022-01-13 23:04:19,617] {logging_mixin.py:109} INFO - [2022-01-13 23:04:19,617] {dag.py:2935} INFO - Setting next_dagrun for example_subdag_operator to 2022-01-12T00:00:00+00:00
[2022-01-13 23:04:19,617] {logging_mixin.py:109} INFO - [2022-01-13 23:04:19,617] {dag.py:2935} INFO - Setting next_dagrun for example_subdag_operator.section-1 to None
[2022-01-13 23:04:19,617] {logging_mixin.py:109} INFO - [2022-01-13 23:04:19,617] {dag.py:2935} INFO - Setting next_dagrun for example_subdag_operator.section-2 to None
[2022-01-13 23:04:19,621] {logging_mixin.py:109} INFO - [2022-01-13 23:04:19,621] {dag.py:2396} INFO - Sync 2 DAGs
[2022-01-13 23:04:19,671] {logging_mixin.py:109} INFO - [2022-01-13 23:04:19,671] {dag.py:2935} INFO - Setting next_dagrun for example_subdag_operator.section-1 to None
[2022-01-13 23:04:19,672] {logging_mixin.py:109} INFO - [2022-01-13 23:04:19,672] {dag.py:2935} INFO - Setting next_dagrun for example_subdag_operator.section-2 to None
[2022-01-13 23:04:19,693] {processor.py:171} INFO - Processing /home/data-eginner/Documents/Soccer_Data/env/lib/python3.8/site-packages/airflow/example_dags/example_subdag_operator.py took 0.440 seconds
[2022-01-13 23:04:58,299] {processor.py:163} INFO - Started process (PID=24175) to work on /home/data-eginner/Documents/Soccer_Data/env/lib/python3.8/site-packages/airflow/example_dags/example_subdag_operator.py
[2022-01-13 23:04:58,301] {processor.py:642} INFO - Processing file /home/data-eginner/Documents/Soccer_Data/env/lib/python3.8/site-packages/airflow/example_dags/example_subdag_operator.py for tasks to queue
[2022-01-13 23:04:58,302] {logging_mixin.py:109} INFO - [2022-01-13 23:04:58,302] {dagbag.py:500} INFO - Filling up the DagBag from /home/data-eginner/Documents/Soccer_Data/env/lib/python3.8/site-packages/airflow/example_dags/example_subdag_operator.py
[2022-01-13 23:04:58,329] {processor.py:654} INFO - DAG(s) dict_keys(['example_subdag_operator.section-1', 'example_subdag_operator.section-2', 'example_subdag_operator']) retrieved from /home/data-eginner/Documents/Soccer_Data/env/lib/python3.8/site-packages/airflow/example_dags/example_subdag_operator.py
[2022-01-13 23:04:58,341] {logging_mixin.py:109} INFO - [2022-01-13 23:04:58,341] {dag.py:2396} INFO - Sync 3 DAGs
[2022-01-13 23:04:58,355] {logging_mixin.py:109} INFO - [2022-01-13 23:04:58,354] {dag.py:2935} INFO - Setting next_dagrun for example_subdag_operator to 2022-01-12T00:00:00+00:00
[2022-01-13 23:04:58,355] {logging_mixin.py:109} INFO - [2022-01-13 23:04:58,355] {dag.py:2935} INFO - Setting next_dagrun for example_subdag_operator.section-1 to None
[2022-01-13 23:04:58,355] {logging_mixin.py:109} INFO - [2022-01-13 23:04:58,355] {dag.py:2935} INFO - Setting next_dagrun for example_subdag_operator.section-2 to None
[2022-01-13 23:04:58,360] {logging_mixin.py:109} INFO - [2022-01-13 23:04:58,360] {dag.py:2396} INFO - Sync 2 DAGs
[2022-01-13 23:04:58,366] {logging_mixin.py:109} INFO - [2022-01-13 23:04:58,366] {dag.py:2935} INFO - Setting next_dagrun for example_subdag_operator.section-1 to None
[2022-01-13 23:04:58,368] {logging_mixin.py:109} INFO - [2022-01-13 23:04:58,368] {dag.py:2935} INFO - Setting next_dagrun for example_subdag_operator.section-2 to None
[2022-01-13 23:04:58,385] {processor.py:171} INFO - Processing /home/data-eginner/Documents/Soccer_Data/env/lib/python3.8/site-packages/airflow/example_dags/example_subdag_operator.py took 0.089 seconds
[2022-01-13 23:05:40,934] {processor.py:163} INFO - Started process (PID=24574) to work on /home/data-eginner/Documents/Soccer_Data/env/lib/python3.8/site-packages/airflow/example_dags/example_subdag_operator.py
[2022-01-13 23:05:40,937] {processor.py:642} INFO - Processing file /home/data-eginner/Documents/Soccer_Data/env/lib/python3.8/site-packages/airflow/example_dags/example_subdag_operator.py for tasks to queue
[2022-01-13 23:05:40,938] {logging_mixin.py:109} INFO - [2022-01-13 23:05:40,937] {dagbag.py:500} INFO - Filling up the DagBag from /home/data-eginner/Documents/Soccer_Data/env/lib/python3.8/site-packages/airflow/example_dags/example_subdag_operator.py
[2022-01-13 23:05:40,974] {processor.py:654} INFO - DAG(s) dict_keys(['example_subdag_operator.section-1', 'example_subdag_operator.section-2', 'example_subdag_operator']) retrieved from /home/data-eginner/Documents/Soccer_Data/env/lib/python3.8/site-packages/airflow/example_dags/example_subdag_operator.py
[2022-01-13 23:05:40,987] {logging_mixin.py:109} INFO - [2022-01-13 23:05:40,987] {dag.py:2396} INFO - Sync 3 DAGs
[2022-01-13 23:05:41,002] {logging_mixin.py:109} INFO - [2022-01-13 23:05:41,002] {dag.py:2935} INFO - Setting next_dagrun for example_subdag_operator to 2022-01-12T00:00:00+00:00
[2022-01-13 23:05:41,002] {logging_mixin.py:109} INFO - [2022-01-13 23:05:41,002] {dag.py:2935} INFO - Setting next_dagrun for example_subdag_operator.section-1 to None
[2022-01-13 23:05:41,002] {logging_mixin.py:109} INFO - [2022-01-13 23:05:41,002] {dag.py:2935} INFO - Setting next_dagrun for example_subdag_operator.section-2 to None
[2022-01-13 23:05:41,008] {logging_mixin.py:109} INFO - [2022-01-13 23:05:41,008] {dag.py:2396} INFO - Sync 2 DAGs
[2022-01-13 23:05:41,014] {logging_mixin.py:109} INFO - [2022-01-13 23:05:41,014] {dag.py:2935} INFO - Setting next_dagrun for example_subdag_operator.section-1 to None
[2022-01-13 23:05:41,014] {logging_mixin.py:109} INFO - [2022-01-13 23:05:41,014] {dag.py:2935} INFO - Setting next_dagrun for example_subdag_operator.section-2 to None
[2022-01-13 23:05:41,029] {processor.py:171} INFO - Processing /home/data-eginner/Documents/Soccer_Data/env/lib/python3.8/site-packages/airflow/example_dags/example_subdag_operator.py took 0.103 seconds
[2022-01-13 23:06:20,554] {processor.py:163} INFO - Started process (PID=24756) to work on /home/data-eginner/Documents/Soccer_Data/env/lib/python3.8/site-packages/airflow/example_dags/example_subdag_operator.py
[2022-01-13 23:06:20,561] {processor.py:642} INFO - Processing file /home/data-eginner/Documents/Soccer_Data/env/lib/python3.8/site-packages/airflow/example_dags/example_subdag_operator.py for tasks to queue
[2022-01-13 23:06:20,577] {logging_mixin.py:109} INFO - [2022-01-13 23:06:20,562] {dagbag.py:500} INFO - Filling up the DagBag from /home/data-eginner/Documents/Soccer_Data/env/lib/python3.8/site-packages/airflow/example_dags/example_subdag_operator.py
[2022-01-13 23:06:20,769] {processor.py:654} INFO - DAG(s) dict_keys(['example_subdag_operator.section-1', 'example_subdag_operator.section-2', 'example_subdag_operator']) retrieved from /home/data-eginner/Documents/Soccer_Data/env/lib/python3.8/site-packages/airflow/example_dags/example_subdag_operator.py
[2022-01-13 23:06:20,827] {logging_mixin.py:109} INFO - [2022-01-13 23:06:20,827] {dag.py:2396} INFO - Sync 3 DAGs
[2022-01-13 23:06:20,879] {logging_mixin.py:109} INFO - [2022-01-13 23:06:20,878] {dag.py:2935} INFO - Setting next_dagrun for example_subdag_operator to 2022-01-12T00:00:00+00:00
[2022-01-13 23:06:20,886] {logging_mixin.py:109} INFO - [2022-01-13 23:06:20,886] {dag.py:2935} INFO - Setting next_dagrun for example_subdag_operator.section-1 to None
[2022-01-13 23:06:20,886] {logging_mixin.py:109} INFO - [2022-01-13 23:06:20,886] {dag.py:2935} INFO - Setting next_dagrun for example_subdag_operator.section-2 to None
[2022-01-13 23:06:20,891] {logging_mixin.py:109} INFO - [2022-01-13 23:06:20,891] {dag.py:2396} INFO - Sync 2 DAGs
[2022-01-13 23:06:20,896] {logging_mixin.py:109} INFO - [2022-01-13 23:06:20,896] {dag.py:2935} INFO - Setting next_dagrun for example_subdag_operator.section-1 to None
[2022-01-13 23:06:20,896] {logging_mixin.py:109} INFO - [2022-01-13 23:06:20,896] {dag.py:2935} INFO - Setting next_dagrun for example_subdag_operator.section-2 to None
[2022-01-13 23:06:20,936] {processor.py:171} INFO - Processing /home/data-eginner/Documents/Soccer_Data/env/lib/python3.8/site-packages/airflow/example_dags/example_subdag_operator.py took 0.412 seconds
[2022-01-13 23:07:02,842] {processor.py:163} INFO - Started process (PID=24932) to work on /home/data-eginner/Documents/Soccer_Data/env/lib/python3.8/site-packages/airflow/example_dags/example_subdag_operator.py
[2022-01-13 23:07:02,858] {processor.py:642} INFO - Processing file /home/data-eginner/Documents/Soccer_Data/env/lib/python3.8/site-packages/airflow/example_dags/example_subdag_operator.py for tasks to queue
[2022-01-13 23:07:02,859] {logging_mixin.py:109} INFO - [2022-01-13 23:07:02,859] {dagbag.py:500} INFO - Filling up the DagBag from /home/data-eginner/Documents/Soccer_Data/env/lib/python3.8/site-packages/airflow/example_dags/example_subdag_operator.py
[2022-01-13 23:07:02,910] {processor.py:654} INFO - DAG(s) dict_keys(['example_subdag_operator.section-1', 'example_subdag_operator.section-2', 'example_subdag_operator']) retrieved from /home/data-eginner/Documents/Soccer_Data/env/lib/python3.8/site-packages/airflow/example_dags/example_subdag_operator.py
[2022-01-13 23:07:02,925] {logging_mixin.py:109} INFO - [2022-01-13 23:07:02,925] {dag.py:2396} INFO - Sync 3 DAGs
[2022-01-13 23:07:02,940] {logging_mixin.py:109} INFO - [2022-01-13 23:07:02,940] {dag.py:2935} INFO - Setting next_dagrun for example_subdag_operator to 2022-01-12T00:00:00+00:00
[2022-01-13 23:07:02,940] {logging_mixin.py:109} INFO - [2022-01-13 23:07:02,940] {dag.py:2935} INFO - Setting next_dagrun for example_subdag_operator.section-1 to None
[2022-01-13 23:07:02,940] {logging_mixin.py:109} INFO - [2022-01-13 23:07:02,940] {dag.py:2935} INFO - Setting next_dagrun for example_subdag_operator.section-2 to None
[2022-01-13 23:07:02,944] {logging_mixin.py:109} INFO - [2022-01-13 23:07:02,944] {dag.py:2396} INFO - Sync 2 DAGs
[2022-01-13 23:07:02,949] {logging_mixin.py:109} INFO - [2022-01-13 23:07:02,949] {dag.py:2935} INFO - Setting next_dagrun for example_subdag_operator.section-1 to None
[2022-01-13 23:07:02,949] {logging_mixin.py:109} INFO - [2022-01-13 23:07:02,949] {dag.py:2935} INFO - Setting next_dagrun for example_subdag_operator.section-2 to None
[2022-01-13 23:07:02,961] {processor.py:171} INFO - Processing /home/data-eginner/Documents/Soccer_Data/env/lib/python3.8/site-packages/airflow/example_dags/example_subdag_operator.py took 0.121 seconds
[2022-01-13 23:10:30,901] {processor.py:163} INFO - Started process (PID=25221) to work on /home/data-eginner/Documents/Soccer_Data/env/lib/python3.8/site-packages/airflow/example_dags/example_subdag_operator.py
[2022-01-13 23:10:31,013] {processor.py:642} INFO - Processing file /home/data-eginner/Documents/Soccer_Data/env/lib/python3.8/site-packages/airflow/example_dags/example_subdag_operator.py for tasks to queue
[2022-01-13 23:10:31,013] {logging_mixin.py:109} INFO - [2022-01-13 23:10:31,013] {dagbag.py:500} INFO - Filling up the DagBag from /home/data-eginner/Documents/Soccer_Data/env/lib/python3.8/site-packages/airflow/example_dags/example_subdag_operator.py
[2022-01-13 23:10:31,278] {processor.py:654} INFO - DAG(s) dict_keys(['example_subdag_operator.section-1', 'example_subdag_operator.section-2', 'example_subdag_operator']) retrieved from /home/data-eginner/Documents/Soccer_Data/env/lib/python3.8/site-packages/airflow/example_dags/example_subdag_operator.py
[2022-01-13 23:10:31,355] {logging_mixin.py:109} INFO - [2022-01-13 23:10:31,354] {dag.py:2396} INFO - Sync 3 DAGs
[2022-01-13 23:10:31,466] {logging_mixin.py:109} INFO - [2022-01-13 23:10:31,466] {dag.py:2935} INFO - Setting next_dagrun for example_subdag_operator to 2022-01-12T00:00:00+00:00
[2022-01-13 23:10:31,466] {logging_mixin.py:109} INFO - [2022-01-13 23:10:31,466] {dag.py:2935} INFO - Setting next_dagrun for example_subdag_operator.section-1 to None
[2022-01-13 23:10:31,466] {logging_mixin.py:109} INFO - [2022-01-13 23:10:31,466] {dag.py:2935} INFO - Setting next_dagrun for example_subdag_operator.section-2 to None
[2022-01-13 23:10:31,470] {logging_mixin.py:109} INFO - [2022-01-13 23:10:31,470] {dag.py:2396} INFO - Sync 2 DAGs
[2022-01-13 23:10:31,529] {logging_mixin.py:109} INFO - [2022-01-13 23:10:31,529] {dag.py:2935} INFO - Setting next_dagrun for example_subdag_operator.section-1 to None
[2022-01-13 23:10:31,529] {logging_mixin.py:109} INFO - [2022-01-13 23:10:31,529] {dag.py:2935} INFO - Setting next_dagrun for example_subdag_operator.section-2 to None
[2022-01-13 23:10:31,553] {processor.py:171} INFO - Processing /home/data-eginner/Documents/Soccer_Data/env/lib/python3.8/site-packages/airflow/example_dags/example_subdag_operator.py took 0.655 seconds
[2022-01-13 23:11:19,790] {processor.py:163} INFO - Started process (PID=25412) to work on /home/data-eginner/Documents/Soccer_Data/env/lib/python3.8/site-packages/airflow/example_dags/example_subdag_operator.py
[2022-01-13 23:11:19,792] {processor.py:642} INFO - Processing file /home/data-eginner/Documents/Soccer_Data/env/lib/python3.8/site-packages/airflow/example_dags/example_subdag_operator.py for tasks to queue
[2022-01-13 23:11:19,793] {logging_mixin.py:109} INFO - [2022-01-13 23:11:19,792] {dagbag.py:500} INFO - Filling up the DagBag from /home/data-eginner/Documents/Soccer_Data/env/lib/python3.8/site-packages/airflow/example_dags/example_subdag_operator.py
[2022-01-13 23:11:19,818] {processor.py:654} INFO - DAG(s) dict_keys(['example_subdag_operator.section-1', 'example_subdag_operator.section-2', 'example_subdag_operator']) retrieved from /home/data-eginner/Documents/Soccer_Data/env/lib/python3.8/site-packages/airflow/example_dags/example_subdag_operator.py
[2022-01-13 23:11:19,826] {logging_mixin.py:109} INFO - [2022-01-13 23:11:19,826] {dag.py:2396} INFO - Sync 3 DAGs
[2022-01-13 23:11:19,837] {logging_mixin.py:109} INFO - [2022-01-13 23:11:19,837] {dag.py:2935} INFO - Setting next_dagrun for example_subdag_operator to 2022-01-12T00:00:00+00:00
[2022-01-13 23:11:19,839] {logging_mixin.py:109} INFO - [2022-01-13 23:11:19,839] {dag.py:2935} INFO - Setting next_dagrun for example_subdag_operator.section-1 to None
[2022-01-13 23:11:19,840] {logging_mixin.py:109} INFO - [2022-01-13 23:11:19,840] {dag.py:2935} INFO - Setting next_dagrun for example_subdag_operator.section-2 to None
[2022-01-13 23:11:19,843] {logging_mixin.py:109} INFO - [2022-01-13 23:11:19,843] {dag.py:2396} INFO - Sync 2 DAGs
[2022-01-13 23:11:19,848] {logging_mixin.py:109} INFO - [2022-01-13 23:11:19,848] {dag.py:2935} INFO - Setting next_dagrun for example_subdag_operator.section-1 to None
[2022-01-13 23:11:19,849] {logging_mixin.py:109} INFO - [2022-01-13 23:11:19,849] {dag.py:2935} INFO - Setting next_dagrun for example_subdag_operator.section-2 to None
[2022-01-13 23:11:19,861] {processor.py:171} INFO - Processing /home/data-eginner/Documents/Soccer_Data/env/lib/python3.8/site-packages/airflow/example_dags/example_subdag_operator.py took 0.074 seconds
[2022-01-13 23:13:51,245] {processor.py:163} INFO - Started process (PID=25624) to work on /home/data-eginner/Documents/Soccer_Data/env/lib/python3.8/site-packages/airflow/example_dags/example_subdag_operator.py
[2022-01-13 23:13:51,300] {processor.py:642} INFO - Processing file /home/data-eginner/Documents/Soccer_Data/env/lib/python3.8/site-packages/airflow/example_dags/example_subdag_operator.py for tasks to queue
[2022-01-13 23:13:51,301] {logging_mixin.py:109} INFO - [2022-01-13 23:13:51,301] {dagbag.py:500} INFO - Filling up the DagBag from /home/data-eginner/Documents/Soccer_Data/env/lib/python3.8/site-packages/airflow/example_dags/example_subdag_operator.py
[2022-01-13 23:13:51,499] {processor.py:654} INFO - DAG(s) dict_keys(['example_subdag_operator.section-1', 'example_subdag_operator.section-2', 'example_subdag_operator']) retrieved from /home/data-eginner/Documents/Soccer_Data/env/lib/python3.8/site-packages/airflow/example_dags/example_subdag_operator.py
[2022-01-13 23:13:51,762] {logging_mixin.py:109} INFO - [2022-01-13 23:13:51,762] {dag.py:2396} INFO - Sync 3 DAGs
[2022-01-13 23:13:51,842] {logging_mixin.py:109} INFO - [2022-01-13 23:13:51,842] {dag.py:2935} INFO - Setting next_dagrun for example_subdag_operator to 2022-01-12T00:00:00+00:00
[2022-01-13 23:13:51,842] {logging_mixin.py:109} INFO - [2022-01-13 23:13:51,842] {dag.py:2935} INFO - Setting next_dagrun for example_subdag_operator.section-1 to None
[2022-01-13 23:13:51,842] {logging_mixin.py:109} INFO - [2022-01-13 23:13:51,842] {dag.py:2935} INFO - Setting next_dagrun for example_subdag_operator.section-2 to None
[2022-01-13 23:13:51,846] {logging_mixin.py:109} INFO - [2022-01-13 23:13:51,846] {dag.py:2396} INFO - Sync 2 DAGs
[2022-01-13 23:13:51,896] {logging_mixin.py:109} INFO - [2022-01-13 23:13:51,896] {dag.py:2935} INFO - Setting next_dagrun for example_subdag_operator.section-1 to None
[2022-01-13 23:13:51,896] {logging_mixin.py:109} INFO - [2022-01-13 23:13:51,896] {dag.py:2935} INFO - Setting next_dagrun for example_subdag_operator.section-2 to None
[2022-01-13 23:13:51,952] {processor.py:171} INFO - Processing /home/data-eginner/Documents/Soccer_Data/env/lib/python3.8/site-packages/airflow/example_dags/example_subdag_operator.py took 0.709 seconds
[2022-01-13 23:14:47,315] {processor.py:163} INFO - Started process (PID=25813) to work on /home/data-eginner/Documents/Soccer_Data/env/lib/python3.8/site-packages/airflow/example_dags/example_subdag_operator.py
[2022-01-13 23:14:47,330] {processor.py:642} INFO - Processing file /home/data-eginner/Documents/Soccer_Data/env/lib/python3.8/site-packages/airflow/example_dags/example_subdag_operator.py for tasks to queue
[2022-01-13 23:14:47,331] {logging_mixin.py:109} INFO - [2022-01-13 23:14:47,331] {dagbag.py:500} INFO - Filling up the DagBag from /home/data-eginner/Documents/Soccer_Data/env/lib/python3.8/site-packages/airflow/example_dags/example_subdag_operator.py
[2022-01-13 23:14:47,468] {processor.py:654} INFO - DAG(s) dict_keys(['example_subdag_operator.section-1', 'example_subdag_operator.section-2', 'example_subdag_operator']) retrieved from /home/data-eginner/Documents/Soccer_Data/env/lib/python3.8/site-packages/airflow/example_dags/example_subdag_operator.py
[2022-01-13 23:14:47,510] {logging_mixin.py:109} INFO - [2022-01-13 23:14:47,509] {dag.py:2396} INFO - Sync 3 DAGs
[2022-01-13 23:14:47,574] {logging_mixin.py:109} INFO - [2022-01-13 23:14:47,574] {dag.py:2935} INFO - Setting next_dagrun for example_subdag_operator to 2022-01-12T00:00:00+00:00
[2022-01-13 23:14:47,597] {logging_mixin.py:109} INFO - [2022-01-13 23:14:47,575] {dag.py:2935} INFO - Setting next_dagrun for example_subdag_operator.section-1 to None
[2022-01-13 23:14:47,598] {logging_mixin.py:109} INFO - [2022-01-13 23:14:47,597] {dag.py:2935} INFO - Setting next_dagrun for example_subdag_operator.section-2 to None
[2022-01-13 23:14:47,601] {logging_mixin.py:109} INFO - [2022-01-13 23:14:47,601] {dag.py:2396} INFO - Sync 2 DAGs
[2022-01-13 23:14:47,606] {logging_mixin.py:109} INFO - [2022-01-13 23:14:47,606] {dag.py:2935} INFO - Setting next_dagrun for example_subdag_operator.section-1 to None
[2022-01-13 23:14:47,606] {logging_mixin.py:109} INFO - [2022-01-13 23:14:47,606] {dag.py:2935} INFO - Setting next_dagrun for example_subdag_operator.section-2 to None
[2022-01-13 23:14:47,673] {processor.py:171} INFO - Processing /home/data-eginner/Documents/Soccer_Data/env/lib/python3.8/site-packages/airflow/example_dags/example_subdag_operator.py took 0.390 seconds
[2022-01-13 23:16:00,262] {processor.py:163} INFO - Started process (PID=26128) to work on /home/data-eginner/Documents/Soccer_Data/env/lib/python3.8/site-packages/airflow/example_dags/example_subdag_operator.py
[2022-01-13 23:16:00,266] {processor.py:642} INFO - Processing file /home/data-eginner/Documents/Soccer_Data/env/lib/python3.8/site-packages/airflow/example_dags/example_subdag_operator.py for tasks to queue
[2022-01-13 23:16:00,266] {logging_mixin.py:109} INFO - [2022-01-13 23:16:00,266] {dagbag.py:500} INFO - Filling up the DagBag from /home/data-eginner/Documents/Soccer_Data/env/lib/python3.8/site-packages/airflow/example_dags/example_subdag_operator.py
[2022-01-13 23:16:00,324] {processor.py:654} INFO - DAG(s) dict_keys(['example_subdag_operator.section-1', 'example_subdag_operator.section-2', 'example_subdag_operator']) retrieved from /home/data-eginner/Documents/Soccer_Data/env/lib/python3.8/site-packages/airflow/example_dags/example_subdag_operator.py
[2022-01-13 23:16:00,344] {logging_mixin.py:109} INFO - [2022-01-13 23:16:00,344] {dag.py:2396} INFO - Sync 3 DAGs
[2022-01-13 23:16:00,368] {logging_mixin.py:109} INFO - [2022-01-13 23:16:00,368] {dag.py:2935} INFO - Setting next_dagrun for example_subdag_operator to 2022-01-12T00:00:00+00:00
[2022-01-13 23:16:00,368] {logging_mixin.py:109} INFO - [2022-01-13 23:16:00,368] {dag.py:2935} INFO - Setting next_dagrun for example_subdag_operator.section-1 to None
[2022-01-13 23:16:00,368] {logging_mixin.py:109} INFO - [2022-01-13 23:16:00,368] {dag.py:2935} INFO - Setting next_dagrun for example_subdag_operator.section-2 to None
[2022-01-13 23:16:00,382] {logging_mixin.py:109} INFO - [2022-01-13 23:16:00,382] {dag.py:2396} INFO - Sync 2 DAGs
[2022-01-13 23:16:00,387] {logging_mixin.py:109} INFO - [2022-01-13 23:16:00,387] {dag.py:2935} INFO - Setting next_dagrun for example_subdag_operator.section-1 to None
[2022-01-13 23:16:00,387] {logging_mixin.py:109} INFO - [2022-01-13 23:16:00,387] {dag.py:2935} INFO - Setting next_dagrun for example_subdag_operator.section-2 to None
[2022-01-13 23:16:00,415] {processor.py:171} INFO - Processing /home/data-eginner/Documents/Soccer_Data/env/lib/python3.8/site-packages/airflow/example_dags/example_subdag_operator.py took 0.164 seconds
