[2022-01-13 23:04:09,743] {processor.py:163} INFO - Started process (PID=23945) to work on /home/data-eginner/Documents/Soccer_Data/env/lib/python3.8/site-packages/airflow/example_dags/example_task_group_decorator.py
[2022-01-13 23:04:09,744] {processor.py:642} INFO - Processing file /home/data-eginner/Documents/Soccer_Data/env/lib/python3.8/site-packages/airflow/example_dags/example_task_group_decorator.py for tasks to queue
[2022-01-13 23:04:09,745] {logging_mixin.py:109} INFO - [2022-01-13 23:04:09,745] {dagbag.py:500} INFO - Filling up the DagBag from /home/data-eginner/Documents/Soccer_Data/env/lib/python3.8/site-packages/airflow/example_dags/example_task_group_decorator.py
[2022-01-13 23:04:09,924] {processor.py:654} INFO - DAG(s) dict_keys(['example_task_group_decorator']) retrieved from /home/data-eginner/Documents/Soccer_Data/env/lib/python3.8/site-packages/airflow/example_dags/example_task_group_decorator.py
[2022-01-13 23:04:09,931] {logging_mixin.py:109} INFO - [2022-01-13 23:04:09,931] {dag.py:2396} INFO - Sync 1 DAGs
[2022-01-13 23:04:09,996] {logging_mixin.py:109} INFO - [2022-01-13 23:04:09,996] {dag.py:2935} INFO - Setting next_dagrun for example_task_group_decorator to 2022-01-13T02:04:09.995872+00:00
[2022-01-13 23:04:10,094] {processor.py:171} INFO - Processing /home/data-eginner/Documents/Soccer_Data/env/lib/python3.8/site-packages/airflow/example_dags/example_task_group_decorator.py took 0.463 seconds
[2022-01-13 23:04:51,692] {processor.py:163} INFO - Started process (PID=24145) to work on /home/data-eginner/Documents/Soccer_Data/env/lib/python3.8/site-packages/airflow/example_dags/example_task_group_decorator.py
[2022-01-13 23:04:51,694] {processor.py:642} INFO - Processing file /home/data-eginner/Documents/Soccer_Data/env/lib/python3.8/site-packages/airflow/example_dags/example_task_group_decorator.py for tasks to queue
[2022-01-13 23:04:51,694] {logging_mixin.py:109} INFO - [2022-01-13 23:04:51,694] {dagbag.py:500} INFO - Filling up the DagBag from /home/data-eginner/Documents/Soccer_Data/env/lib/python3.8/site-packages/airflow/example_dags/example_task_group_decorator.py
[2022-01-13 23:04:51,725] {processor.py:654} INFO - DAG(s) dict_keys(['example_task_group_decorator']) retrieved from /home/data-eginner/Documents/Soccer_Data/env/lib/python3.8/site-packages/airflow/example_dags/example_task_group_decorator.py
[2022-01-13 23:04:51,902] {logging_mixin.py:109} INFO - [2022-01-13 23:04:51,902] {dag.py:2396} INFO - Sync 1 DAGs
[2022-01-13 23:04:51,913] {logging_mixin.py:109} INFO - [2022-01-13 23:04:51,913] {dag.py:2935} INFO - Setting next_dagrun for example_task_group_decorator to 2022-01-13T02:04:51.912863+00:00
[2022-01-13 23:04:51,929] {processor.py:171} INFO - Processing /home/data-eginner/Documents/Soccer_Data/env/lib/python3.8/site-packages/airflow/example_dags/example_task_group_decorator.py took 0.239 seconds
[2022-01-13 23:05:33,455] {processor.py:163} INFO - Started process (PID=24533) to work on /home/data-eginner/Documents/Soccer_Data/env/lib/python3.8/site-packages/airflow/example_dags/example_task_group_decorator.py
[2022-01-13 23:05:33,473] {processor.py:642} INFO - Processing file /home/data-eginner/Documents/Soccer_Data/env/lib/python3.8/site-packages/airflow/example_dags/example_task_group_decorator.py for tasks to queue
[2022-01-13 23:05:33,474] {logging_mixin.py:109} INFO - [2022-01-13 23:05:33,473] {dagbag.py:500} INFO - Filling up the DagBag from /home/data-eginner/Documents/Soccer_Data/env/lib/python3.8/site-packages/airflow/example_dags/example_task_group_decorator.py
[2022-01-13 23:05:33,630] {processor.py:654} INFO - DAG(s) dict_keys(['example_task_group_decorator']) retrieved from /home/data-eginner/Documents/Soccer_Data/env/lib/python3.8/site-packages/airflow/example_dags/example_task_group_decorator.py
[2022-01-13 23:05:34,083] {logging_mixin.py:109} INFO - [2022-01-13 23:05:34,083] {dag.py:2396} INFO - Sync 1 DAGs
[2022-01-13 23:05:34,093] {logging_mixin.py:109} INFO - [2022-01-13 23:05:34,093] {dag.py:2935} INFO - Setting next_dagrun for example_task_group_decorator to 2022-01-13T02:05:34.093356+00:00
[2022-01-13 23:05:34,126] {processor.py:171} INFO - Processing /home/data-eginner/Documents/Soccer_Data/env/lib/python3.8/site-packages/airflow/example_dags/example_task_group_decorator.py took 0.673 seconds
[2022-01-13 23:06:11,018] {processor.py:163} INFO - Started process (PID=24715) to work on /home/data-eginner/Documents/Soccer_Data/env/lib/python3.8/site-packages/airflow/example_dags/example_task_group_decorator.py
[2022-01-13 23:06:11,040] {processor.py:642} INFO - Processing file /home/data-eginner/Documents/Soccer_Data/env/lib/python3.8/site-packages/airflow/example_dags/example_task_group_decorator.py for tasks to queue
[2022-01-13 23:06:11,041] {logging_mixin.py:109} INFO - [2022-01-13 23:06:11,041] {dagbag.py:500} INFO - Filling up the DagBag from /home/data-eginner/Documents/Soccer_Data/env/lib/python3.8/site-packages/airflow/example_dags/example_task_group_decorator.py
[2022-01-13 23:06:11,117] {processor.py:654} INFO - DAG(s) dict_keys(['example_task_group_decorator']) retrieved from /home/data-eginner/Documents/Soccer_Data/env/lib/python3.8/site-packages/airflow/example_dags/example_task_group_decorator.py
[2022-01-13 23:06:11,811] {logging_mixin.py:109} INFO - [2022-01-13 23:06:11,811] {dag.py:2396} INFO - Sync 1 DAGs
[2022-01-13 23:06:11,831] {logging_mixin.py:109} INFO - [2022-01-13 23:06:11,831] {dag.py:2935} INFO - Setting next_dagrun for example_task_group_decorator to 2022-01-13T02:06:11.831554+00:00
[2022-01-13 23:06:11,853] {processor.py:171} INFO - Processing /home/data-eginner/Documents/Soccer_Data/env/lib/python3.8/site-packages/airflow/example_dags/example_task_group_decorator.py took 0.837 seconds
[2022-01-13 23:06:54,857] {processor.py:163} INFO - Started process (PID=24897) to work on /home/data-eginner/Documents/Soccer_Data/env/lib/python3.8/site-packages/airflow/example_dags/example_task_group_decorator.py
[2022-01-13 23:06:54,873] {processor.py:642} INFO - Processing file /home/data-eginner/Documents/Soccer_Data/env/lib/python3.8/site-packages/airflow/example_dags/example_task_group_decorator.py for tasks to queue
[2022-01-13 23:06:54,873] {logging_mixin.py:109} INFO - [2022-01-13 23:06:54,873] {dagbag.py:500} INFO - Filling up the DagBag from /home/data-eginner/Documents/Soccer_Data/env/lib/python3.8/site-packages/airflow/example_dags/example_task_group_decorator.py
[2022-01-13 23:06:54,929] {processor.py:654} INFO - DAG(s) dict_keys(['example_task_group_decorator']) retrieved from /home/data-eginner/Documents/Soccer_Data/env/lib/python3.8/site-packages/airflow/example_dags/example_task_group_decorator.py
[2022-01-13 23:06:55,236] {logging_mixin.py:109} INFO - [2022-01-13 23:06:55,235] {dag.py:2396} INFO - Sync 1 DAGs
[2022-01-13 23:06:55,246] {logging_mixin.py:109} INFO - [2022-01-13 23:06:55,246] {dag.py:2935} INFO - Setting next_dagrun for example_task_group_decorator to 2022-01-13T02:06:55.246417+00:00
[2022-01-13 23:06:55,262] {processor.py:171} INFO - Processing /home/data-eginner/Documents/Soccer_Data/env/lib/python3.8/site-packages/airflow/example_dags/example_task_group_decorator.py took 0.410 seconds
[2022-01-13 23:10:18,668] {processor.py:163} INFO - Started process (PID=25186) to work on /home/data-eginner/Documents/Soccer_Data/env/lib/python3.8/site-packages/airflow/example_dags/example_task_group_decorator.py
[2022-01-13 23:10:18,693] {processor.py:642} INFO - Processing file /home/data-eginner/Documents/Soccer_Data/env/lib/python3.8/site-packages/airflow/example_dags/example_task_group_decorator.py for tasks to queue
[2022-01-13 23:10:18,693] {logging_mixin.py:109} INFO - [2022-01-13 23:10:18,693] {dagbag.py:500} INFO - Filling up the DagBag from /home/data-eginner/Documents/Soccer_Data/env/lib/python3.8/site-packages/airflow/example_dags/example_task_group_decorator.py
[2022-01-13 23:10:18,827] {processor.py:654} INFO - DAG(s) dict_keys(['example_task_group_decorator']) retrieved from /home/data-eginner/Documents/Soccer_Data/env/lib/python3.8/site-packages/airflow/example_dags/example_task_group_decorator.py
[2022-01-13 23:10:18,831] {logging_mixin.py:109} INFO - [2022-01-13 23:10:18,831] {dag.py:2396} INFO - Sync 1 DAGs
[2022-01-13 23:10:19,053] {logging_mixin.py:109} INFO - [2022-01-13 23:10:19,052] {dag.py:2935} INFO - Setting next_dagrun for example_task_group_decorator to 2022-01-13T02:10:19.052679+00:00
[2022-01-13 23:10:19,131] {processor.py:171} INFO - Processing /home/data-eginner/Documents/Soccer_Data/env/lib/python3.8/site-packages/airflow/example_dags/example_task_group_decorator.py took 0.465 seconds
[2022-01-13 23:11:12,136] {processor.py:163} INFO - Started process (PID=25380) to work on /home/data-eginner/Documents/Soccer_Data/env/lib/python3.8/site-packages/airflow/example_dags/example_task_group_decorator.py
[2022-01-13 23:11:12,158] {processor.py:642} INFO - Processing file /home/data-eginner/Documents/Soccer_Data/env/lib/python3.8/site-packages/airflow/example_dags/example_task_group_decorator.py for tasks to queue
[2022-01-13 23:11:12,159] {logging_mixin.py:109} INFO - [2022-01-13 23:11:12,159] {dagbag.py:500} INFO - Filling up the DagBag from /home/data-eginner/Documents/Soccer_Data/env/lib/python3.8/site-packages/airflow/example_dags/example_task_group_decorator.py
[2022-01-13 23:11:12,225] {processor.py:654} INFO - DAG(s) dict_keys(['example_task_group_decorator']) retrieved from /home/data-eginner/Documents/Soccer_Data/env/lib/python3.8/site-packages/airflow/example_dags/example_task_group_decorator.py
[2022-01-13 23:11:12,654] {logging_mixin.py:109} INFO - [2022-01-13 23:11:12,653] {dag.py:2396} INFO - Sync 1 DAGs
[2022-01-13 23:11:12,701] {logging_mixin.py:109} INFO - [2022-01-13 23:11:12,701] {dag.py:2935} INFO - Setting next_dagrun for example_task_group_decorator to 2022-01-13T02:11:12.700845+00:00
[2022-01-13 23:11:12,730] {processor.py:171} INFO - Processing /home/data-eginner/Documents/Soccer_Data/env/lib/python3.8/site-packages/airflow/example_dags/example_task_group_decorator.py took 0.597 seconds
[2022-01-13 23:13:39,396] {processor.py:163} INFO - Started process (PID=25576) to work on /home/data-eginner/Documents/Soccer_Data/env/lib/python3.8/site-packages/airflow/example_dags/example_task_group_decorator.py
[2022-01-13 23:13:39,453] {processor.py:642} INFO - Processing file /home/data-eginner/Documents/Soccer_Data/env/lib/python3.8/site-packages/airflow/example_dags/example_task_group_decorator.py for tasks to queue
[2022-01-13 23:13:39,453] {logging_mixin.py:109} INFO - [2022-01-13 23:13:39,453] {dagbag.py:500} INFO - Filling up the DagBag from /home/data-eginner/Documents/Soccer_Data/env/lib/python3.8/site-packages/airflow/example_dags/example_task_group_decorator.py
[2022-01-13 23:13:39,617] {processor.py:654} INFO - DAG(s) dict_keys(['example_task_group_decorator']) retrieved from /home/data-eginner/Documents/Soccer_Data/env/lib/python3.8/site-packages/airflow/example_dags/example_task_group_decorator.py
[2022-01-13 23:13:39,620] {logging_mixin.py:109} INFO - [2022-01-13 23:13:39,620] {dag.py:2396} INFO - Sync 1 DAGs
[2022-01-13 23:13:39,706] {logging_mixin.py:109} INFO - [2022-01-13 23:13:39,706] {dag.py:2935} INFO - Setting next_dagrun for example_task_group_decorator to 2022-01-13T02:13:39.706493+00:00
[2022-01-13 23:13:39,774] {processor.py:171} INFO - Processing /home/data-eginner/Documents/Soccer_Data/env/lib/python3.8/site-packages/airflow/example_dags/example_task_group_decorator.py took 0.381 seconds
[2022-01-13 23:14:38,711] {processor.py:163} INFO - Started process (PID=25781) to work on /home/data-eginner/Documents/Soccer_Data/env/lib/python3.8/site-packages/airflow/example_dags/example_task_group_decorator.py
[2022-01-13 23:14:38,726] {processor.py:642} INFO - Processing file /home/data-eginner/Documents/Soccer_Data/env/lib/python3.8/site-packages/airflow/example_dags/example_task_group_decorator.py for tasks to queue
[2022-01-13 23:14:38,727] {logging_mixin.py:109} INFO - [2022-01-13 23:14:38,726] {dagbag.py:500} INFO - Filling up the DagBag from /home/data-eginner/Documents/Soccer_Data/env/lib/python3.8/site-packages/airflow/example_dags/example_task_group_decorator.py
[2022-01-13 23:14:38,831] {processor.py:654} INFO - DAG(s) dict_keys(['example_task_group_decorator']) retrieved from /home/data-eginner/Documents/Soccer_Data/env/lib/python3.8/site-packages/airflow/example_dags/example_task_group_decorator.py
[2022-01-13 23:14:39,554] {logging_mixin.py:109} INFO - [2022-01-13 23:14:39,554] {dag.py:2396} INFO - Sync 1 DAGs
[2022-01-13 23:14:39,588] {logging_mixin.py:109} INFO - [2022-01-13 23:14:39,588] {dag.py:2935} INFO - Setting next_dagrun for example_task_group_decorator to 2022-01-13T02:14:39.587974+00:00
[2022-01-13 23:14:39,630] {processor.py:171} INFO - Processing /home/data-eginner/Documents/Soccer_Data/env/lib/python3.8/site-packages/airflow/example_dags/example_task_group_decorator.py took 0.922 seconds
[2022-01-13 23:15:51,731] {processor.py:163} INFO - Started process (PID=26094) to work on /home/data-eginner/Documents/Soccer_Data/env/lib/python3.8/site-packages/airflow/example_dags/example_task_group_decorator.py
[2022-01-13 23:15:51,744] {processor.py:642} INFO - Processing file /home/data-eginner/Documents/Soccer_Data/env/lib/python3.8/site-packages/airflow/example_dags/example_task_group_decorator.py for tasks to queue
[2022-01-13 23:15:51,745] {logging_mixin.py:109} INFO - [2022-01-13 23:15:51,745] {dagbag.py:500} INFO - Filling up the DagBag from /home/data-eginner/Documents/Soccer_Data/env/lib/python3.8/site-packages/airflow/example_dags/example_task_group_decorator.py
[2022-01-13 23:15:51,853] {processor.py:654} INFO - DAG(s) dict_keys(['example_task_group_decorator']) retrieved from /home/data-eginner/Documents/Soccer_Data/env/lib/python3.8/site-packages/airflow/example_dags/example_task_group_decorator.py
[2022-01-13 23:15:52,637] {logging_mixin.py:109} INFO - [2022-01-13 23:15:52,637] {dag.py:2396} INFO - Sync 1 DAGs
[2022-01-13 23:15:52,690] {logging_mixin.py:109} INFO - [2022-01-13 23:15:52,690] {dag.py:2935} INFO - Setting next_dagrun for example_task_group_decorator to 2022-01-13T02:15:52.690057+00:00
[2022-01-13 23:15:52,754] {processor.py:171} INFO - Processing /home/data-eginner/Documents/Soccer_Data/env/lib/python3.8/site-packages/airflow/example_dags/example_task_group_decorator.py took 1.027 seconds
