[2022-01-13 23:04:33,083] {processor.py:163} INFO - Started process (PID=24057) to work on /home/data-eginner/Documents/Soccer_Data/env/lib/python3.8/site-packages/airflow/example_dags/example_skip_dag.py
[2022-01-13 23:04:33,084] {processor.py:642} INFO - Processing file /home/data-eginner/Documents/Soccer_Data/env/lib/python3.8/site-packages/airflow/example_dags/example_skip_dag.py for tasks to queue
[2022-01-13 23:04:33,084] {logging_mixin.py:109} INFO - [2022-01-13 23:04:33,084] {dagbag.py:500} INFO - Filling up the DagBag from /home/data-eginner/Documents/Soccer_Data/env/lib/python3.8/site-packages/airflow/example_dags/example_skip_dag.py
[2022-01-13 23:04:33,113] {processor.py:654} INFO - DAG(s) dict_keys(['example_skip_dag']) retrieved from /home/data-eginner/Documents/Soccer_Data/env/lib/python3.8/site-packages/airflow/example_dags/example_skip_dag.py
[2022-01-13 23:04:33,132] {logging_mixin.py:109} INFO - [2022-01-13 23:04:33,121] {dag.py:2396} INFO - Sync 1 DAGs
[2022-01-13 23:04:33,142] {logging_mixin.py:109} INFO - [2022-01-13 23:04:33,142] {dag.py:2935} INFO - Setting next_dagrun for example_skip_dag to 2022-01-13T02:04:33.141746+00:00
[2022-01-13 23:04:33,173] {processor.py:171} INFO - Processing /home/data-eginner/Documents/Soccer_Data/env/lib/python3.8/site-packages/airflow/example_dags/example_skip_dag.py took 0.117 seconds
[2022-01-13 23:05:11,231] {processor.py:163} INFO - Started process (PID=24282) to work on /home/data-eginner/Documents/Soccer_Data/env/lib/python3.8/site-packages/airflow/example_dags/example_skip_dag.py
[2022-01-13 23:05:11,256] {processor.py:642} INFO - Processing file /home/data-eginner/Documents/Soccer_Data/env/lib/python3.8/site-packages/airflow/example_dags/example_skip_dag.py for tasks to queue
[2022-01-13 23:05:11,257] {logging_mixin.py:109} INFO - [2022-01-13 23:05:11,257] {dagbag.py:500} INFO - Filling up the DagBag from /home/data-eginner/Documents/Soccer_Data/env/lib/python3.8/site-packages/airflow/example_dags/example_skip_dag.py
[2022-01-13 23:05:11,339] {processor.py:654} INFO - DAG(s) dict_keys(['example_skip_dag']) retrieved from /home/data-eginner/Documents/Soccer_Data/env/lib/python3.8/site-packages/airflow/example_dags/example_skip_dag.py
[2022-01-13 23:05:11,366] {logging_mixin.py:109} INFO - [2022-01-13 23:05:11,351] {dag.py:2396} INFO - Sync 1 DAGs
[2022-01-13 23:05:11,404] {logging_mixin.py:109} INFO - [2022-01-13 23:05:11,403] {dag.py:2935} INFO - Setting next_dagrun for example_skip_dag to 2022-01-13T02:05:11.392702+00:00
[2022-01-13 23:05:11,436] {processor.py:171} INFO - Processing /home/data-eginner/Documents/Soccer_Data/env/lib/python3.8/site-packages/airflow/example_dags/example_skip_dag.py took 0.208 seconds
[2022-01-13 23:05:53,070] {processor.py:163} INFO - Started process (PID=24630) to work on /home/data-eginner/Documents/Soccer_Data/env/lib/python3.8/site-packages/airflow/example_dags/example_skip_dag.py
[2022-01-13 23:05:53,075] {processor.py:642} INFO - Processing file /home/data-eginner/Documents/Soccer_Data/env/lib/python3.8/site-packages/airflow/example_dags/example_skip_dag.py for tasks to queue
[2022-01-13 23:05:53,076] {logging_mixin.py:109} INFO - [2022-01-13 23:05:53,076] {dagbag.py:500} INFO - Filling up the DagBag from /home/data-eginner/Documents/Soccer_Data/env/lib/python3.8/site-packages/airflow/example_dags/example_skip_dag.py
[2022-01-13 23:05:53,094] {processor.py:654} INFO - DAG(s) dict_keys(['example_skip_dag']) retrieved from /home/data-eginner/Documents/Soccer_Data/env/lib/python3.8/site-packages/airflow/example_dags/example_skip_dag.py
[2022-01-13 23:05:53,104] {logging_mixin.py:109} INFO - [2022-01-13 23:05:53,104] {dag.py:2396} INFO - Sync 1 DAGs
[2022-01-13 23:05:53,117] {logging_mixin.py:109} INFO - [2022-01-13 23:05:53,116] {dag.py:2935} INFO - Setting next_dagrun for example_skip_dag to 2022-01-13T02:05:53.116710+00:00
[2022-01-13 23:05:53,161] {processor.py:171} INFO - Processing /home/data-eginner/Documents/Soccer_Data/env/lib/python3.8/site-packages/airflow/example_dags/example_skip_dag.py took 0.097 seconds
[2022-01-13 23:06:34,938] {processor.py:163} INFO - Started process (PID=24818) to work on /home/data-eginner/Documents/Soccer_Data/env/lib/python3.8/site-packages/airflow/example_dags/example_skip_dag.py
[2022-01-13 23:06:34,947] {processor.py:642} INFO - Processing file /home/data-eginner/Documents/Soccer_Data/env/lib/python3.8/site-packages/airflow/example_dags/example_skip_dag.py for tasks to queue
[2022-01-13 23:06:34,948] {logging_mixin.py:109} INFO - [2022-01-13 23:06:34,948] {dagbag.py:500} INFO - Filling up the DagBag from /home/data-eginner/Documents/Soccer_Data/env/lib/python3.8/site-packages/airflow/example_dags/example_skip_dag.py
[2022-01-13 23:06:35,012] {processor.py:654} INFO - DAG(s) dict_keys(['example_skip_dag']) retrieved from /home/data-eginner/Documents/Soccer_Data/env/lib/python3.8/site-packages/airflow/example_dags/example_skip_dag.py
[2022-01-13 23:06:35,056] {logging_mixin.py:109} INFO - [2022-01-13 23:06:35,056] {dag.py:2396} INFO - Sync 1 DAGs
[2022-01-13 23:06:35,066] {logging_mixin.py:109} INFO - [2022-01-13 23:06:35,066] {dag.py:2935} INFO - Setting next_dagrun for example_skip_dag to 2022-01-13T02:06:35.065895+00:00
[2022-01-13 23:06:35,082] {processor.py:171} INFO - Processing /home/data-eginner/Documents/Soccer_Data/env/lib/python3.8/site-packages/airflow/example_dags/example_skip_dag.py took 0.147 seconds
[2022-01-13 23:10:51,573] {processor.py:163} INFO - Started process (PID=25291) to work on /home/data-eginner/Documents/Soccer_Data/env/lib/python3.8/site-packages/airflow/example_dags/example_skip_dag.py
[2022-01-13 23:10:51,589] {processor.py:642} INFO - Processing file /home/data-eginner/Documents/Soccer_Data/env/lib/python3.8/site-packages/airflow/example_dags/example_skip_dag.py for tasks to queue
[2022-01-13 23:10:51,589] {logging_mixin.py:109} INFO - [2022-01-13 23:10:51,589] {dagbag.py:500} INFO - Filling up the DagBag from /home/data-eginner/Documents/Soccer_Data/env/lib/python3.8/site-packages/airflow/example_dags/example_skip_dag.py
[2022-01-13 23:10:51,637] {processor.py:654} INFO - DAG(s) dict_keys(['example_skip_dag']) retrieved from /home/data-eginner/Documents/Soccer_Data/env/lib/python3.8/site-packages/airflow/example_dags/example_skip_dag.py
[2022-01-13 23:10:51,679] {logging_mixin.py:109} INFO - [2022-01-13 23:10:51,679] {dag.py:2396} INFO - Sync 1 DAGs
[2022-01-13 23:10:51,701] {logging_mixin.py:109} INFO - [2022-01-13 23:10:51,701] {dag.py:2935} INFO - Setting next_dagrun for example_skip_dag to 2022-01-13T02:10:51.701317+00:00
[2022-01-13 23:10:51,727] {processor.py:171} INFO - Processing /home/data-eginner/Documents/Soccer_Data/env/lib/python3.8/site-packages/airflow/example_dags/example_skip_dag.py took 0.157 seconds
[2022-01-13 23:14:13,048] {processor.py:163} INFO - Started process (PID=25702) to work on /home/data-eginner/Documents/Soccer_Data/env/lib/python3.8/site-packages/airflow/example_dags/example_skip_dag.py
[2022-01-13 23:14:13,050] {processor.py:642} INFO - Processing file /home/data-eginner/Documents/Soccer_Data/env/lib/python3.8/site-packages/airflow/example_dags/example_skip_dag.py for tasks to queue
[2022-01-13 23:14:13,050] {logging_mixin.py:109} INFO - [2022-01-13 23:14:13,050] {dagbag.py:500} INFO - Filling up the DagBag from /home/data-eginner/Documents/Soccer_Data/env/lib/python3.8/site-packages/airflow/example_dags/example_skip_dag.py
[2022-01-13 23:14:13,166] {processor.py:654} INFO - DAG(s) dict_keys(['example_skip_dag']) retrieved from /home/data-eginner/Documents/Soccer_Data/env/lib/python3.8/site-packages/airflow/example_dags/example_skip_dag.py
[2022-01-13 23:14:13,232] {logging_mixin.py:109} INFO - [2022-01-13 23:14:13,232] {dag.py:2396} INFO - Sync 1 DAGs
[2022-01-13 23:14:13,297] {logging_mixin.py:109} INFO - [2022-01-13 23:14:13,297] {dag.py:2935} INFO - Setting next_dagrun for example_skip_dag to 2022-01-13T02:14:13.296782+00:00
[2022-01-13 23:14:13,367] {processor.py:171} INFO - Processing /home/data-eginner/Documents/Soccer_Data/env/lib/python3.8/site-packages/airflow/example_dags/example_skip_dag.py took 0.350 seconds
[2022-01-13 23:15:34,137] {processor.py:163} INFO - Started process (PID=26004) to work on /home/data-eginner/Documents/Soccer_Data/env/lib/python3.8/site-packages/airflow/example_dags/example_skip_dag.py
[2022-01-13 23:15:34,145] {processor.py:642} INFO - Processing file /home/data-eginner/Documents/Soccer_Data/env/lib/python3.8/site-packages/airflow/example_dags/example_skip_dag.py for tasks to queue
[2022-01-13 23:15:34,145] {logging_mixin.py:109} INFO - [2022-01-13 23:15:34,145] {dagbag.py:500} INFO - Filling up the DagBag from /home/data-eginner/Documents/Soccer_Data/env/lib/python3.8/site-packages/airflow/example_dags/example_skip_dag.py
[2022-01-13 23:15:34,168] {processor.py:654} INFO - DAG(s) dict_keys(['example_skip_dag']) retrieved from /home/data-eginner/Documents/Soccer_Data/env/lib/python3.8/site-packages/airflow/example_dags/example_skip_dag.py
[2022-01-13 23:15:34,179] {logging_mixin.py:109} INFO - [2022-01-13 23:15:34,179] {dag.py:2396} INFO - Sync 1 DAGs
[2022-01-13 23:15:34,195] {logging_mixin.py:109} INFO - [2022-01-13 23:15:34,195] {dag.py:2935} INFO - Setting next_dagrun for example_skip_dag to 2022-01-13T02:15:34.195129+00:00
[2022-01-13 23:15:34,250] {processor.py:171} INFO - Processing /home/data-eginner/Documents/Soccer_Data/env/lib/python3.8/site-packages/airflow/example_dags/example_skip_dag.py took 0.118 seconds
[2022-01-13 23:16:21,430] {processor.py:163} INFO - Started process (PID=26215) to work on /home/data-eginner/Documents/Soccer_Data/env/lib/python3.8/site-packages/airflow/example_dags/example_skip_dag.py
[2022-01-13 23:16:21,452] {processor.py:642} INFO - Processing file /home/data-eginner/Documents/Soccer_Data/env/lib/python3.8/site-packages/airflow/example_dags/example_skip_dag.py for tasks to queue
[2022-01-13 23:16:21,452] {logging_mixin.py:109} INFO - [2022-01-13 23:16:21,452] {dagbag.py:500} INFO - Filling up the DagBag from /home/data-eginner/Documents/Soccer_Data/env/lib/python3.8/site-packages/airflow/example_dags/example_skip_dag.py
[2022-01-13 23:16:21,497] {processor.py:654} INFO - DAG(s) dict_keys(['example_skip_dag']) retrieved from /home/data-eginner/Documents/Soccer_Data/env/lib/python3.8/site-packages/airflow/example_dags/example_skip_dag.py
[2022-01-13 23:16:21,528] {logging_mixin.py:109} INFO - [2022-01-13 23:16:21,527] {dag.py:2396} INFO - Sync 1 DAGs
[2022-01-13 23:16:21,563] {logging_mixin.py:109} INFO - [2022-01-13 23:16:21,563] {dag.py:2935} INFO - Setting next_dagrun for example_skip_dag to 2022-01-13T02:16:21.562678+00:00
[2022-01-13 23:16:21,613] {processor.py:171} INFO - Processing /home/data-eginner/Documents/Soccer_Data/env/lib/python3.8/site-packages/airflow/example_dags/example_skip_dag.py took 0.186 seconds
