[2022-01-13 23:04:22,657] {processor.py:163} INFO - Started process (PID=23998) to work on /home/data-eginner/Documents/Soccer_Data/env/lib/python3.8/site-packages/airflow/example_dags/example_complex.py
[2022-01-13 23:04:22,657] {processor.py:642} INFO - Processing file /home/data-eginner/Documents/Soccer_Data/env/lib/python3.8/site-packages/airflow/example_dags/example_complex.py for tasks to queue
[2022-01-13 23:04:22,692] {logging_mixin.py:109} INFO - [2022-01-13 23:04:22,692] {dagbag.py:500} INFO - Filling up the DagBag from /home/data-eginner/Documents/Soccer_Data/env/lib/python3.8/site-packages/airflow/example_dags/example_complex.py
[2022-01-13 23:04:22,780] {processor.py:654} INFO - DAG(s) dict_keys(['example_complex']) retrieved from /home/data-eginner/Documents/Soccer_Data/env/lib/python3.8/site-packages/airflow/example_dags/example_complex.py
[2022-01-13 23:04:22,823] {logging_mixin.py:109} INFO - [2022-01-13 23:04:22,822] {dag.py:2396} INFO - Sync 1 DAGs
[2022-01-13 23:04:22,854] {logging_mixin.py:109} INFO - [2022-01-13 23:04:22,854] {dag.py:2935} INFO - Setting next_dagrun for example_complex to None
[2022-01-13 23:04:22,882] {processor.py:171} INFO - Processing /home/data-eginner/Documents/Soccer_Data/env/lib/python3.8/site-packages/airflow/example_dags/example_complex.py took 0.228 seconds
[2022-01-13 23:05:00,024] {processor.py:163} INFO - Started process (PID=24184) to work on /home/data-eginner/Documents/Soccer_Data/env/lib/python3.8/site-packages/airflow/example_dags/example_complex.py
[2022-01-13 23:05:00,029] {processor.py:642} INFO - Processing file /home/data-eginner/Documents/Soccer_Data/env/lib/python3.8/site-packages/airflow/example_dags/example_complex.py for tasks to queue
[2022-01-13 23:05:00,030] {logging_mixin.py:109} INFO - [2022-01-13 23:05:00,030] {dagbag.py:500} INFO - Filling up the DagBag from /home/data-eginner/Documents/Soccer_Data/env/lib/python3.8/site-packages/airflow/example_dags/example_complex.py
[2022-01-13 23:05:00,118] {processor.py:654} INFO - DAG(s) dict_keys(['example_complex']) retrieved from /home/data-eginner/Documents/Soccer_Data/env/lib/python3.8/site-packages/airflow/example_dags/example_complex.py
[2022-01-13 23:05:00,142] {logging_mixin.py:109} INFO - [2022-01-13 23:05:00,142] {dag.py:2396} INFO - Sync 1 DAGs
[2022-01-13 23:05:00,160] {logging_mixin.py:109} INFO - [2022-01-13 23:05:00,160] {dag.py:2935} INFO - Setting next_dagrun for example_complex to None
[2022-01-13 23:05:00,174] {processor.py:171} INFO - Processing /home/data-eginner/Documents/Soccer_Data/env/lib/python3.8/site-packages/airflow/example_dags/example_complex.py took 0.156 seconds
[2022-01-13 23:05:43,436] {processor.py:163} INFO - Started process (PID=24585) to work on /home/data-eginner/Documents/Soccer_Data/env/lib/python3.8/site-packages/airflow/example_dags/example_complex.py
[2022-01-13 23:05:43,438] {processor.py:642} INFO - Processing file /home/data-eginner/Documents/Soccer_Data/env/lib/python3.8/site-packages/airflow/example_dags/example_complex.py for tasks to queue
[2022-01-13 23:05:43,438] {logging_mixin.py:109} INFO - [2022-01-13 23:05:43,438] {dagbag.py:500} INFO - Filling up the DagBag from /home/data-eginner/Documents/Soccer_Data/env/lib/python3.8/site-packages/airflow/example_dags/example_complex.py
[2022-01-13 23:05:43,467] {processor.py:654} INFO - DAG(s) dict_keys(['example_complex']) retrieved from /home/data-eginner/Documents/Soccer_Data/env/lib/python3.8/site-packages/airflow/example_dags/example_complex.py
[2022-01-13 23:05:43,491] {logging_mixin.py:109} INFO - [2022-01-13 23:05:43,491] {dag.py:2396} INFO - Sync 1 DAGs
[2022-01-13 23:05:43,513] {logging_mixin.py:109} INFO - [2022-01-13 23:05:43,513] {dag.py:2935} INFO - Setting next_dagrun for example_complex to None
[2022-01-13 23:05:43,547] {processor.py:171} INFO - Processing /home/data-eginner/Documents/Soccer_Data/env/lib/python3.8/site-packages/airflow/example_dags/example_complex.py took 0.115 seconds
[2022-01-13 23:06:23,642] {processor.py:163} INFO - Started process (PID=24768) to work on /home/data-eginner/Documents/Soccer_Data/env/lib/python3.8/site-packages/airflow/example_dags/example_complex.py
[2022-01-13 23:06:23,693] {processor.py:642} INFO - Processing file /home/data-eginner/Documents/Soccer_Data/env/lib/python3.8/site-packages/airflow/example_dags/example_complex.py for tasks to queue
[2022-01-13 23:06:23,694] {logging_mixin.py:109} INFO - [2022-01-13 23:06:23,694] {dagbag.py:500} INFO - Filling up the DagBag from /home/data-eginner/Documents/Soccer_Data/env/lib/python3.8/site-packages/airflow/example_dags/example_complex.py
[2022-01-13 23:06:23,862] {processor.py:654} INFO - DAG(s) dict_keys(['example_complex']) retrieved from /home/data-eginner/Documents/Soccer_Data/env/lib/python3.8/site-packages/airflow/example_dags/example_complex.py
[2022-01-13 23:06:23,912] {logging_mixin.py:109} INFO - [2022-01-13 23:06:23,912] {dag.py:2396} INFO - Sync 1 DAGs
[2022-01-13 23:06:23,948] {logging_mixin.py:109} INFO - [2022-01-13 23:06:23,948] {dag.py:2935} INFO - Setting next_dagrun for example_complex to None
[2022-01-13 23:06:23,997] {processor.py:171} INFO - Processing /home/data-eginner/Documents/Soccer_Data/env/lib/python3.8/site-packages/airflow/example_dags/example_complex.py took 0.433 seconds
[2022-01-13 23:07:05,456] {processor.py:163} INFO - Started process (PID=24943) to work on /home/data-eginner/Documents/Soccer_Data/env/lib/python3.8/site-packages/airflow/example_dags/example_complex.py
[2022-01-13 23:07:05,468] {processor.py:642} INFO - Processing file /home/data-eginner/Documents/Soccer_Data/env/lib/python3.8/site-packages/airflow/example_dags/example_complex.py for tasks to queue
[2022-01-13 23:07:05,468] {logging_mixin.py:109} INFO - [2022-01-13 23:07:05,468] {dagbag.py:500} INFO - Filling up the DagBag from /home/data-eginner/Documents/Soccer_Data/env/lib/python3.8/site-packages/airflow/example_dags/example_complex.py
[2022-01-13 23:07:05,495] {processor.py:654} INFO - DAG(s) dict_keys(['example_complex']) retrieved from /home/data-eginner/Documents/Soccer_Data/env/lib/python3.8/site-packages/airflow/example_dags/example_complex.py
[2022-01-13 23:07:05,506] {logging_mixin.py:109} INFO - [2022-01-13 23:07:05,506] {dag.py:2396} INFO - Sync 1 DAGs
[2022-01-13 23:07:05,516] {logging_mixin.py:109} INFO - [2022-01-13 23:07:05,516] {dag.py:2935} INFO - Setting next_dagrun for example_complex to None
[2022-01-13 23:07:05,548] {processor.py:171} INFO - Processing /home/data-eginner/Documents/Soccer_Data/env/lib/python3.8/site-packages/airflow/example_dags/example_complex.py took 0.097 seconds
[2022-01-13 23:10:36,145] {processor.py:163} INFO - Started process (PID=25237) to work on /home/data-eginner/Documents/Soccer_Data/env/lib/python3.8/site-packages/airflow/example_dags/example_complex.py
[2022-01-13 23:10:36,202] {processor.py:642} INFO - Processing file /home/data-eginner/Documents/Soccer_Data/env/lib/python3.8/site-packages/airflow/example_dags/example_complex.py for tasks to queue
[2022-01-13 23:10:36,202] {logging_mixin.py:109} INFO - [2022-01-13 23:10:36,202] {dagbag.py:500} INFO - Filling up the DagBag from /home/data-eginner/Documents/Soccer_Data/env/lib/python3.8/site-packages/airflow/example_dags/example_complex.py
[2022-01-13 23:10:36,335] {processor.py:654} INFO - DAG(s) dict_keys(['example_complex']) retrieved from /home/data-eginner/Documents/Soccer_Data/env/lib/python3.8/site-packages/airflow/example_dags/example_complex.py
[2022-01-13 23:10:36,410] {logging_mixin.py:109} INFO - [2022-01-13 23:10:36,410] {dag.py:2396} INFO - Sync 1 DAGs
[2022-01-13 23:10:36,474] {logging_mixin.py:109} INFO - [2022-01-13 23:10:36,474] {dag.py:2935} INFO - Setting next_dagrun for example_complex to None
[2022-01-13 23:10:36,580] {processor.py:171} INFO - Processing /home/data-eginner/Documents/Soccer_Data/env/lib/python3.8/site-packages/airflow/example_dags/example_complex.py took 0.438 seconds
[2022-01-13 23:13:55,252] {processor.py:163} INFO - Started process (PID=25646) to work on /home/data-eginner/Documents/Soccer_Data/env/lib/python3.8/site-packages/airflow/example_dags/example_complex.py
[2022-01-13 23:13:55,312] {processor.py:642} INFO - Processing file /home/data-eginner/Documents/Soccer_Data/env/lib/python3.8/site-packages/airflow/example_dags/example_complex.py for tasks to queue
[2022-01-13 23:13:55,313] {logging_mixin.py:109} INFO - [2022-01-13 23:13:55,313] {dagbag.py:500} INFO - Filling up the DagBag from /home/data-eginner/Documents/Soccer_Data/env/lib/python3.8/site-packages/airflow/example_dags/example_complex.py
[2022-01-13 23:13:55,899] {processor.py:654} INFO - DAG(s) dict_keys(['example_complex']) retrieved from /home/data-eginner/Documents/Soccer_Data/env/lib/python3.8/site-packages/airflow/example_dags/example_complex.py
[2022-01-13 23:13:56,196] {logging_mixin.py:109} INFO - [2022-01-13 23:13:56,196] {dag.py:2396} INFO - Sync 1 DAGs
[2022-01-13 23:13:56,509] {logging_mixin.py:109} INFO - [2022-01-13 23:13:56,509] {dag.py:2935} INFO - Setting next_dagrun for example_complex to None
[2022-01-13 23:13:56,902] {processor.py:171} INFO - Processing /home/data-eginner/Documents/Soccer_Data/env/lib/python3.8/site-packages/airflow/example_dags/example_complex.py took 1.653 seconds
[2022-01-13 23:14:50,172] {processor.py:163} INFO - Started process (PID=25823) to work on /home/data-eginner/Documents/Soccer_Data/env/lib/python3.8/site-packages/airflow/example_dags/example_complex.py
[2022-01-13 23:14:50,186] {processor.py:642} INFO - Processing file /home/data-eginner/Documents/Soccer_Data/env/lib/python3.8/site-packages/airflow/example_dags/example_complex.py for tasks to queue
[2022-01-13 23:14:50,187] {logging_mixin.py:109} INFO - [2022-01-13 23:14:50,187] {dagbag.py:500} INFO - Filling up the DagBag from /home/data-eginner/Documents/Soccer_Data/env/lib/python3.8/site-packages/airflow/example_dags/example_complex.py
[2022-01-13 23:14:50,266] {processor.py:654} INFO - DAG(s) dict_keys(['example_complex']) retrieved from /home/data-eginner/Documents/Soccer_Data/env/lib/python3.8/site-packages/airflow/example_dags/example_complex.py
[2022-01-13 23:14:50,299] {logging_mixin.py:109} INFO - [2022-01-13 23:14:50,299] {dag.py:2396} INFO - Sync 1 DAGs
[2022-01-13 23:14:50,506] {logging_mixin.py:109} INFO - [2022-01-13 23:14:50,506] {dag.py:2935} INFO - Setting next_dagrun for example_complex to None
[2022-01-13 23:14:50,571] {processor.py:171} INFO - Processing /home/data-eginner/Documents/Soccer_Data/env/lib/python3.8/site-packages/airflow/example_dags/example_complex.py took 0.406 seconds
[2022-01-13 23:16:02,416] {processor.py:163} INFO - Started process (PID=26138) to work on /home/data-eginner/Documents/Soccer_Data/env/lib/python3.8/site-packages/airflow/example_dags/example_complex.py
[2022-01-13 23:16:02,420] {processor.py:642} INFO - Processing file /home/data-eginner/Documents/Soccer_Data/env/lib/python3.8/site-packages/airflow/example_dags/example_complex.py for tasks to queue
[2022-01-13 23:16:02,421] {logging_mixin.py:109} INFO - [2022-01-13 23:16:02,421] {dagbag.py:500} INFO - Filling up the DagBag from /home/data-eginner/Documents/Soccer_Data/env/lib/python3.8/site-packages/airflow/example_dags/example_complex.py
[2022-01-13 23:16:02,489] {processor.py:654} INFO - DAG(s) dict_keys(['example_complex']) retrieved from /home/data-eginner/Documents/Soccer_Data/env/lib/python3.8/site-packages/airflow/example_dags/example_complex.py
[2022-01-13 23:16:02,523] {logging_mixin.py:109} INFO - [2022-01-13 23:16:02,523] {dag.py:2396} INFO - Sync 1 DAGs
[2022-01-13 23:16:02,546] {logging_mixin.py:109} INFO - [2022-01-13 23:16:02,546] {dag.py:2935} INFO - Setting next_dagrun for example_complex to None
[2022-01-13 23:16:02,586] {processor.py:171} INFO - Processing /home/data-eginner/Documents/Soccer_Data/env/lib/python3.8/site-packages/airflow/example_dags/example_complex.py took 0.178 seconds
