[2022-01-13 23:04:37,080] {processor.py:163} INFO - Started process (PID=24080) to work on /home/data-eginner/Documents/Soccer_Data/env/lib/python3.8/site-packages/airflow/example_dags/example_nested_branch_dag.py
[2022-01-13 23:04:37,093] {processor.py:642} INFO - Processing file /home/data-eginner/Documents/Soccer_Data/env/lib/python3.8/site-packages/airflow/example_dags/example_nested_branch_dag.py for tasks to queue
[2022-01-13 23:04:37,093] {logging_mixin.py:109} INFO - [2022-01-13 23:04:37,093] {dagbag.py:500} INFO - Filling up the DagBag from /home/data-eginner/Documents/Soccer_Data/env/lib/python3.8/site-packages/airflow/example_dags/example_nested_branch_dag.py
[2022-01-13 23:04:37,157] {processor.py:654} INFO - DAG(s) dict_keys(['example_nested_branch_dag']) retrieved from /home/data-eginner/Documents/Soccer_Data/env/lib/python3.8/site-packages/airflow/example_dags/example_nested_branch_dag.py
[2022-01-13 23:04:37,165] {logging_mixin.py:109} INFO - [2022-01-13 23:04:37,165] {dag.py:2396} INFO - Sync 1 DAGs
[2022-01-13 23:04:37,201] {logging_mixin.py:109} INFO - [2022-01-13 23:04:37,201] {dag.py:2935} INFO - Setting next_dagrun for example_nested_branch_dag to 2022-01-13 00:00:00+00:00
[2022-01-13 23:04:37,214] {processor.py:171} INFO - Processing /home/data-eginner/Documents/Soccer_Data/env/lib/python3.8/site-packages/airflow/example_dags/example_nested_branch_dag.py took 0.137 seconds
[2022-01-13 23:05:15,593] {processor.py:163} INFO - Started process (PID=24361) to work on /home/data-eginner/Documents/Soccer_Data/env/lib/python3.8/site-packages/airflow/example_dags/example_nested_branch_dag.py
[2022-01-13 23:05:15,612] {processor.py:642} INFO - Processing file /home/data-eginner/Documents/Soccer_Data/env/lib/python3.8/site-packages/airflow/example_dags/example_nested_branch_dag.py for tasks to queue
[2022-01-13 23:05:15,613] {logging_mixin.py:109} INFO - [2022-01-13 23:05:15,613] {dagbag.py:500} INFO - Filling up the DagBag from /home/data-eginner/Documents/Soccer_Data/env/lib/python3.8/site-packages/airflow/example_dags/example_nested_branch_dag.py
[2022-01-13 23:05:15,736] {processor.py:654} INFO - DAG(s) dict_keys(['example_nested_branch_dag']) retrieved from /home/data-eginner/Documents/Soccer_Data/env/lib/python3.8/site-packages/airflow/example_dags/example_nested_branch_dag.py
[2022-01-13 23:05:15,781] {logging_mixin.py:109} INFO - [2022-01-13 23:05:15,781] {dag.py:2396} INFO - Sync 1 DAGs
[2022-01-13 23:05:15,868] {logging_mixin.py:109} INFO - [2022-01-13 23:05:15,867] {dag.py:2935} INFO - Setting next_dagrun for example_nested_branch_dag to 2022-01-13 00:00:00+00:00
[2022-01-13 23:05:15,910] {processor.py:171} INFO - Processing /home/data-eginner/Documents/Soccer_Data/env/lib/python3.8/site-packages/airflow/example_dags/example_nested_branch_dag.py took 0.320 seconds
[2022-01-13 23:06:00,686] {processor.py:163} INFO - Started process (PID=24663) to work on /home/data-eginner/Documents/Soccer_Data/env/lib/python3.8/site-packages/airflow/example_dags/example_nested_branch_dag.py
[2022-01-13 23:06:00,698] {processor.py:642} INFO - Processing file /home/data-eginner/Documents/Soccer_Data/env/lib/python3.8/site-packages/airflow/example_dags/example_nested_branch_dag.py for tasks to queue
[2022-01-13 23:06:00,698] {logging_mixin.py:109} INFO - [2022-01-13 23:06:00,698] {dagbag.py:500} INFO - Filling up the DagBag from /home/data-eginner/Documents/Soccer_Data/env/lib/python3.8/site-packages/airflow/example_dags/example_nested_branch_dag.py
[2022-01-13 23:06:00,761] {processor.py:654} INFO - DAG(s) dict_keys(['example_nested_branch_dag']) retrieved from /home/data-eginner/Documents/Soccer_Data/env/lib/python3.8/site-packages/airflow/example_dags/example_nested_branch_dag.py
[2022-01-13 23:06:00,782] {logging_mixin.py:109} INFO - [2022-01-13 23:06:00,782] {dag.py:2396} INFO - Sync 1 DAGs
[2022-01-13 23:06:00,818] {logging_mixin.py:109} INFO - [2022-01-13 23:06:00,818] {dag.py:2935} INFO - Setting next_dagrun for example_nested_branch_dag to 2022-01-13 00:00:00+00:00
[2022-01-13 23:06:00,844] {processor.py:171} INFO - Processing /home/data-eginner/Documents/Soccer_Data/env/lib/python3.8/site-packages/airflow/example_dags/example_nested_branch_dag.py took 0.161 seconds
[2022-01-13 23:06:45,811] {processor.py:163} INFO - Started process (PID=24860) to work on /home/data-eginner/Documents/Soccer_Data/env/lib/python3.8/site-packages/airflow/example_dags/example_nested_branch_dag.py
[2022-01-13 23:06:45,813] {processor.py:642} INFO - Processing file /home/data-eginner/Documents/Soccer_Data/env/lib/python3.8/site-packages/airflow/example_dags/example_nested_branch_dag.py for tasks to queue
[2022-01-13 23:06:45,814] {logging_mixin.py:109} INFO - [2022-01-13 23:06:45,814] {dagbag.py:500} INFO - Filling up the DagBag from /home/data-eginner/Documents/Soccer_Data/env/lib/python3.8/site-packages/airflow/example_dags/example_nested_branch_dag.py
[2022-01-13 23:06:45,836] {processor.py:654} INFO - DAG(s) dict_keys(['example_nested_branch_dag']) retrieved from /home/data-eginner/Documents/Soccer_Data/env/lib/python3.8/site-packages/airflow/example_dags/example_nested_branch_dag.py
[2022-01-13 23:06:45,849] {logging_mixin.py:109} INFO - [2022-01-13 23:06:45,849] {dag.py:2396} INFO - Sync 1 DAGs
[2022-01-13 23:06:45,862] {logging_mixin.py:109} INFO - [2022-01-13 23:06:45,862] {dag.py:2935} INFO - Setting next_dagrun for example_nested_branch_dag to 2022-01-13 00:00:00+00:00
[2022-01-13 23:06:45,877] {processor.py:171} INFO - Processing /home/data-eginner/Documents/Soccer_Data/env/lib/python3.8/site-packages/airflow/example_dags/example_nested_branch_dag.py took 0.069 seconds
[2022-01-13 23:10:54,869] {processor.py:163} INFO - Started process (PID=25309) to work on /home/data-eginner/Documents/Soccer_Data/env/lib/python3.8/site-packages/airflow/example_dags/example_nested_branch_dag.py
[2022-01-13 23:10:54,872] {processor.py:642} INFO - Processing file /home/data-eginner/Documents/Soccer_Data/env/lib/python3.8/site-packages/airflow/example_dags/example_nested_branch_dag.py for tasks to queue
[2022-01-13 23:10:54,873] {logging_mixin.py:109} INFO - [2022-01-13 23:10:54,873] {dagbag.py:500} INFO - Filling up the DagBag from /home/data-eginner/Documents/Soccer_Data/env/lib/python3.8/site-packages/airflow/example_dags/example_nested_branch_dag.py
[2022-01-13 23:10:54,901] {processor.py:654} INFO - DAG(s) dict_keys(['example_nested_branch_dag']) retrieved from /home/data-eginner/Documents/Soccer_Data/env/lib/python3.8/site-packages/airflow/example_dags/example_nested_branch_dag.py
[2022-01-13 23:10:54,916] {logging_mixin.py:109} INFO - [2022-01-13 23:10:54,916] {dag.py:2396} INFO - Sync 1 DAGs
[2022-01-13 23:10:54,937] {logging_mixin.py:109} INFO - [2022-01-13 23:10:54,937] {dag.py:2935} INFO - Setting next_dagrun for example_nested_branch_dag to 2022-01-13 00:00:00+00:00
[2022-01-13 23:10:54,955] {processor.py:171} INFO - Processing /home/data-eginner/Documents/Soccer_Data/env/lib/python3.8/site-packages/airflow/example_dags/example_nested_branch_dag.py took 0.090 seconds
[2022-01-13 23:14:16,301] {processor.py:163} INFO - Started process (PID=25718) to work on /home/data-eginner/Documents/Soccer_Data/env/lib/python3.8/site-packages/airflow/example_dags/example_nested_branch_dag.py
[2022-01-13 23:14:16,309] {processor.py:642} INFO - Processing file /home/data-eginner/Documents/Soccer_Data/env/lib/python3.8/site-packages/airflow/example_dags/example_nested_branch_dag.py for tasks to queue
[2022-01-13 23:14:16,310] {logging_mixin.py:109} INFO - [2022-01-13 23:14:16,310] {dagbag.py:500} INFO - Filling up the DagBag from /home/data-eginner/Documents/Soccer_Data/env/lib/python3.8/site-packages/airflow/example_dags/example_nested_branch_dag.py
[2022-01-13 23:14:16,470] {processor.py:654} INFO - DAG(s) dict_keys(['example_nested_branch_dag']) retrieved from /home/data-eginner/Documents/Soccer_Data/env/lib/python3.8/site-packages/airflow/example_dags/example_nested_branch_dag.py
[2022-01-13 23:14:16,502] {logging_mixin.py:109} INFO - [2022-01-13 23:14:16,502] {dag.py:2396} INFO - Sync 1 DAGs
[2022-01-13 23:14:16,551] {logging_mixin.py:109} INFO - [2022-01-13 23:14:16,551] {dag.py:2935} INFO - Setting next_dagrun for example_nested_branch_dag to 2022-01-13 00:00:00+00:00
[2022-01-13 23:14:16,627] {processor.py:171} INFO - Processing /home/data-eginner/Documents/Soccer_Data/env/lib/python3.8/site-packages/airflow/example_dags/example_nested_branch_dag.py took 0.354 seconds
[2022-01-13 23:15:37,340] {processor.py:163} INFO - Started process (PID=26020) to work on /home/data-eginner/Documents/Soccer_Data/env/lib/python3.8/site-packages/airflow/example_dags/example_nested_branch_dag.py
[2022-01-13 23:15:37,349] {processor.py:642} INFO - Processing file /home/data-eginner/Documents/Soccer_Data/env/lib/python3.8/site-packages/airflow/example_dags/example_nested_branch_dag.py for tasks to queue
[2022-01-13 23:15:37,350] {logging_mixin.py:109} INFO - [2022-01-13 23:15:37,350] {dagbag.py:500} INFO - Filling up the DagBag from /home/data-eginner/Documents/Soccer_Data/env/lib/python3.8/site-packages/airflow/example_dags/example_nested_branch_dag.py
[2022-01-13 23:15:37,431] {processor.py:654} INFO - DAG(s) dict_keys(['example_nested_branch_dag']) retrieved from /home/data-eginner/Documents/Soccer_Data/env/lib/python3.8/site-packages/airflow/example_dags/example_nested_branch_dag.py
[2022-01-13 23:15:37,458] {logging_mixin.py:109} INFO - [2022-01-13 23:15:37,458] {dag.py:2396} INFO - Sync 1 DAGs
[2022-01-13 23:15:37,477] {logging_mixin.py:109} INFO - [2022-01-13 23:15:37,477] {dag.py:2935} INFO - Setting next_dagrun for example_nested_branch_dag to 2022-01-13 00:00:00+00:00
[2022-01-13 23:15:37,492] {processor.py:171} INFO - Processing /home/data-eginner/Documents/Soccer_Data/env/lib/python3.8/site-packages/airflow/example_dags/example_nested_branch_dag.py took 0.160 seconds
[2022-01-13 23:16:25,502] {processor.py:163} INFO - Started process (PID=26238) to work on /home/data-eginner/Documents/Soccer_Data/env/lib/python3.8/site-packages/airflow/example_dags/example_nested_branch_dag.py
[2022-01-13 23:16:25,505] {processor.py:642} INFO - Processing file /home/data-eginner/Documents/Soccer_Data/env/lib/python3.8/site-packages/airflow/example_dags/example_nested_branch_dag.py for tasks to queue
[2022-01-13 23:16:25,506] {logging_mixin.py:109} INFO - [2022-01-13 23:16:25,506] {dagbag.py:500} INFO - Filling up the DagBag from /home/data-eginner/Documents/Soccer_Data/env/lib/python3.8/site-packages/airflow/example_dags/example_nested_branch_dag.py
[2022-01-13 23:16:25,539] {processor.py:654} INFO - DAG(s) dict_keys(['example_nested_branch_dag']) retrieved from /home/data-eginner/Documents/Soccer_Data/env/lib/python3.8/site-packages/airflow/example_dags/example_nested_branch_dag.py
[2022-01-13 23:16:25,551] {logging_mixin.py:109} INFO - [2022-01-13 23:16:25,551] {dag.py:2396} INFO - Sync 1 DAGs
[2022-01-13 23:16:25,572] {logging_mixin.py:109} INFO - [2022-01-13 23:16:25,572] {dag.py:2935} INFO - Setting next_dagrun for example_nested_branch_dag to 2022-01-13 00:00:00+00:00
[2022-01-13 23:16:25,595] {processor.py:171} INFO - Processing /home/data-eginner/Documents/Soccer_Data/env/lib/python3.8/site-packages/airflow/example_dags/example_nested_branch_dag.py took 0.098 seconds
