[2022-01-13 23:04:12,852] {processor.py:163} INFO - Started process (PID=23958) to work on /home/data-eginner/Documents/Soccer_Data/env/lib/python3.8/site-packages/airflow/example_dags/example_trigger_target_dag.py
[2022-01-13 23:04:12,853] {processor.py:642} INFO - Processing file /home/data-eginner/Documents/Soccer_Data/env/lib/python3.8/site-packages/airflow/example_dags/example_trigger_target_dag.py for tasks to queue
[2022-01-13 23:04:12,853] {logging_mixin.py:109} INFO - [2022-01-13 23:04:12,853] {dagbag.py:500} INFO - Filling up the DagBag from /home/data-eginner/Documents/Soccer_Data/env/lib/python3.8/site-packages/airflow/example_dags/example_trigger_target_dag.py
[2022-01-13 23:04:13,099] {processor.py:654} INFO - DAG(s) dict_keys(['example_trigger_target_dag']) retrieved from /home/data-eginner/Documents/Soccer_Data/env/lib/python3.8/site-packages/airflow/example_dags/example_trigger_target_dag.py
[2022-01-13 23:04:13,102] {logging_mixin.py:109} INFO - [2022-01-13 23:04:13,102] {dag.py:2396} INFO - Sync 1 DAGs
[2022-01-13 23:04:13,200] {logging_mixin.py:109} INFO - [2022-01-13 23:04:13,200] {dag.py:2935} INFO - Setting next_dagrun for example_trigger_target_dag to None
[2022-01-13 23:04:13,220] {processor.py:171} INFO - Processing /home/data-eginner/Documents/Soccer_Data/env/lib/python3.8/site-packages/airflow/example_dags/example_trigger_target_dag.py took 0.371 seconds
[2022-01-13 23:04:54,325] {processor.py:163} INFO - Started process (PID=24156) to work on /home/data-eginner/Documents/Soccer_Data/env/lib/python3.8/site-packages/airflow/example_dags/example_trigger_target_dag.py
[2022-01-13 23:04:54,330] {processor.py:642} INFO - Processing file /home/data-eginner/Documents/Soccer_Data/env/lib/python3.8/site-packages/airflow/example_dags/example_trigger_target_dag.py for tasks to queue
[2022-01-13 23:04:54,331] {logging_mixin.py:109} INFO - [2022-01-13 23:04:54,331] {dagbag.py:500} INFO - Filling up the DagBag from /home/data-eginner/Documents/Soccer_Data/env/lib/python3.8/site-packages/airflow/example_dags/example_trigger_target_dag.py
[2022-01-13 23:04:54,367] {processor.py:654} INFO - DAG(s) dict_keys(['example_trigger_target_dag']) retrieved from /home/data-eginner/Documents/Soccer_Data/env/lib/python3.8/site-packages/airflow/example_dags/example_trigger_target_dag.py
[2022-01-13 23:04:54,377] {logging_mixin.py:109} INFO - [2022-01-13 23:04:54,376] {dag.py:2396} INFO - Sync 1 DAGs
[2022-01-13 23:04:54,387] {logging_mixin.py:109} INFO - [2022-01-13 23:04:54,387] {dag.py:2935} INFO - Setting next_dagrun for example_trigger_target_dag to None
[2022-01-13 23:04:54,401] {processor.py:171} INFO - Processing /home/data-eginner/Documents/Soccer_Data/env/lib/python3.8/site-packages/airflow/example_dags/example_trigger_target_dag.py took 0.083 seconds
[2022-01-13 23:05:35,974] {processor.py:163} INFO - Started process (PID=24550) to work on /home/data-eginner/Documents/Soccer_Data/env/lib/python3.8/site-packages/airflow/example_dags/example_trigger_target_dag.py
[2022-01-13 23:05:35,977] {processor.py:642} INFO - Processing file /home/data-eginner/Documents/Soccer_Data/env/lib/python3.8/site-packages/airflow/example_dags/example_trigger_target_dag.py for tasks to queue
[2022-01-13 23:05:35,977] {logging_mixin.py:109} INFO - [2022-01-13 23:05:35,977] {dagbag.py:500} INFO - Filling up the DagBag from /home/data-eginner/Documents/Soccer_Data/env/lib/python3.8/site-packages/airflow/example_dags/example_trigger_target_dag.py
[2022-01-13 23:05:35,998] {processor.py:654} INFO - DAG(s) dict_keys(['example_trigger_target_dag']) retrieved from /home/data-eginner/Documents/Soccer_Data/env/lib/python3.8/site-packages/airflow/example_dags/example_trigger_target_dag.py
[2022-01-13 23:05:36,008] {logging_mixin.py:109} INFO - [2022-01-13 23:05:36,008] {dag.py:2396} INFO - Sync 1 DAGs
[2022-01-13 23:05:36,024] {logging_mixin.py:109} INFO - [2022-01-13 23:05:36,024] {dag.py:2935} INFO - Setting next_dagrun for example_trigger_target_dag to None
[2022-01-13 23:05:36,040] {processor.py:171} INFO - Processing /home/data-eginner/Documents/Soccer_Data/env/lib/python3.8/site-packages/airflow/example_dags/example_trigger_target_dag.py took 0.069 seconds
[2022-01-13 23:06:15,350] {processor.py:163} INFO - Started process (PID=24735) to work on /home/data-eginner/Documents/Soccer_Data/env/lib/python3.8/site-packages/airflow/example_dags/example_trigger_target_dag.py
[2022-01-13 23:06:15,380] {processor.py:642} INFO - Processing file /home/data-eginner/Documents/Soccer_Data/env/lib/python3.8/site-packages/airflow/example_dags/example_trigger_target_dag.py for tasks to queue
[2022-01-13 23:06:15,381] {logging_mixin.py:109} INFO - [2022-01-13 23:06:15,381] {dagbag.py:500} INFO - Filling up the DagBag from /home/data-eginner/Documents/Soccer_Data/env/lib/python3.8/site-packages/airflow/example_dags/example_trigger_target_dag.py
[2022-01-13 23:06:15,459] {processor.py:654} INFO - DAG(s) dict_keys(['example_trigger_target_dag']) retrieved from /home/data-eginner/Documents/Soccer_Data/env/lib/python3.8/site-packages/airflow/example_dags/example_trigger_target_dag.py
[2022-01-13 23:06:15,504] {logging_mixin.py:109} INFO - [2022-01-13 23:06:15,504] {dag.py:2396} INFO - Sync 1 DAGs
[2022-01-13 23:06:15,542] {logging_mixin.py:109} INFO - [2022-01-13 23:06:15,542] {dag.py:2935} INFO - Setting next_dagrun for example_trigger_target_dag to None
[2022-01-13 23:06:15,590] {processor.py:171} INFO - Processing /home/data-eginner/Documents/Soccer_Data/env/lib/python3.8/site-packages/airflow/example_dags/example_trigger_target_dag.py took 0.242 seconds
[2022-01-13 23:06:57,471] {processor.py:163} INFO - Started process (PID=24907) to work on /home/data-eginner/Documents/Soccer_Data/env/lib/python3.8/site-packages/airflow/example_dags/example_trigger_target_dag.py
[2022-01-13 23:06:57,525] {processor.py:642} INFO - Processing file /home/data-eginner/Documents/Soccer_Data/env/lib/python3.8/site-packages/airflow/example_dags/example_trigger_target_dag.py for tasks to queue
[2022-01-13 23:06:57,526] {logging_mixin.py:109} INFO - [2022-01-13 23:06:57,526] {dagbag.py:500} INFO - Filling up the DagBag from /home/data-eginner/Documents/Soccer_Data/env/lib/python3.8/site-packages/airflow/example_dags/example_trigger_target_dag.py
[2022-01-13 23:06:57,595] {processor.py:654} INFO - DAG(s) dict_keys(['example_trigger_target_dag']) retrieved from /home/data-eginner/Documents/Soccer_Data/env/lib/python3.8/site-packages/airflow/example_dags/example_trigger_target_dag.py
[2022-01-13 23:06:57,606] {logging_mixin.py:109} INFO - [2022-01-13 23:06:57,605] {dag.py:2396} INFO - Sync 1 DAGs
[2022-01-13 23:06:57,630] {logging_mixin.py:109} INFO - [2022-01-13 23:06:57,629] {dag.py:2935} INFO - Setting next_dagrun for example_trigger_target_dag to None
[2022-01-13 23:06:57,654] {processor.py:171} INFO - Processing /home/data-eginner/Documents/Soccer_Data/env/lib/python3.8/site-packages/airflow/example_dags/example_trigger_target_dag.py took 0.185 seconds
[2022-01-13 23:10:22,642] {processor.py:163} INFO - Started process (PID=25198) to work on /home/data-eginner/Documents/Soccer_Data/env/lib/python3.8/site-packages/airflow/example_dags/example_trigger_target_dag.py
[2022-01-13 23:10:22,700] {processor.py:642} INFO - Processing file /home/data-eginner/Documents/Soccer_Data/env/lib/python3.8/site-packages/airflow/example_dags/example_trigger_target_dag.py for tasks to queue
[2022-01-13 23:10:22,700] {logging_mixin.py:109} INFO - [2022-01-13 23:10:22,700] {dagbag.py:500} INFO - Filling up the DagBag from /home/data-eginner/Documents/Soccer_Data/env/lib/python3.8/site-packages/airflow/example_dags/example_trigger_target_dag.py
[2022-01-13 23:10:23,008] {processor.py:654} INFO - DAG(s) dict_keys(['example_trigger_target_dag']) retrieved from /home/data-eginner/Documents/Soccer_Data/env/lib/python3.8/site-packages/airflow/example_dags/example_trigger_target_dag.py
[2022-01-13 23:10:23,082] {logging_mixin.py:109} INFO - [2022-01-13 23:10:23,082] {dag.py:2396} INFO - Sync 1 DAGs
[2022-01-13 23:10:23,137] {logging_mixin.py:109} INFO - [2022-01-13 23:10:23,137] {dag.py:2935} INFO - Setting next_dagrun for example_trigger_target_dag to None
[2022-01-13 23:10:23,252] {processor.py:171} INFO - Processing /home/data-eginner/Documents/Soccer_Data/env/lib/python3.8/site-packages/airflow/example_dags/example_trigger_target_dag.py took 0.640 seconds
[2022-01-13 23:11:14,650] {processor.py:163} INFO - Started process (PID=25390) to work on /home/data-eginner/Documents/Soccer_Data/env/lib/python3.8/site-packages/airflow/example_dags/example_trigger_target_dag.py
[2022-01-13 23:11:14,654] {processor.py:642} INFO - Processing file /home/data-eginner/Documents/Soccer_Data/env/lib/python3.8/site-packages/airflow/example_dags/example_trigger_target_dag.py for tasks to queue
[2022-01-13 23:11:14,654] {logging_mixin.py:109} INFO - [2022-01-13 23:11:14,654] {dagbag.py:500} INFO - Filling up the DagBag from /home/data-eginner/Documents/Soccer_Data/env/lib/python3.8/site-packages/airflow/example_dags/example_trigger_target_dag.py
[2022-01-13 23:11:14,738] {processor.py:654} INFO - DAG(s) dict_keys(['example_trigger_target_dag']) retrieved from /home/data-eginner/Documents/Soccer_Data/env/lib/python3.8/site-packages/airflow/example_dags/example_trigger_target_dag.py
[2022-01-13 23:11:14,760] {logging_mixin.py:109} INFO - [2022-01-13 23:11:14,759] {dag.py:2396} INFO - Sync 1 DAGs
[2022-01-13 23:11:14,810] {logging_mixin.py:109} INFO - [2022-01-13 23:11:14,810] {dag.py:2935} INFO - Setting next_dagrun for example_trigger_target_dag to None
[2022-01-13 23:11:14,853] {processor.py:171} INFO - Processing /home/data-eginner/Documents/Soccer_Data/env/lib/python3.8/site-packages/airflow/example_dags/example_trigger_target_dag.py took 0.221 seconds
[2022-01-13 23:13:42,846] {processor.py:163} INFO - Started process (PID=25600) to work on /home/data-eginner/Documents/Soccer_Data/env/lib/python3.8/site-packages/airflow/example_dags/example_trigger_target_dag.py
[2022-01-13 23:13:42,956] {processor.py:642} INFO - Processing file /home/data-eginner/Documents/Soccer_Data/env/lib/python3.8/site-packages/airflow/example_dags/example_trigger_target_dag.py for tasks to queue
[2022-01-13 23:13:42,957] {logging_mixin.py:109} INFO - [2022-01-13 23:13:42,957] {dagbag.py:500} INFO - Filling up the DagBag from /home/data-eginner/Documents/Soccer_Data/env/lib/python3.8/site-packages/airflow/example_dags/example_trigger_target_dag.py
[2022-01-13 23:13:43,253] {processor.py:654} INFO - DAG(s) dict_keys(['example_trigger_target_dag']) retrieved from /home/data-eginner/Documents/Soccer_Data/env/lib/python3.8/site-packages/airflow/example_dags/example_trigger_target_dag.py
[2022-01-13 23:13:43,506] {logging_mixin.py:109} INFO - [2022-01-13 23:13:43,506] {dag.py:2396} INFO - Sync 1 DAGs
[2022-01-13 23:13:43,652] {logging_mixin.py:109} INFO - [2022-01-13 23:13:43,652] {dag.py:2935} INFO - Setting next_dagrun for example_trigger_target_dag to None
[2022-01-13 23:13:43,797] {processor.py:171} INFO - Processing /home/data-eginner/Documents/Soccer_Data/env/lib/python3.8/site-packages/airflow/example_dags/example_trigger_target_dag.py took 0.954 seconds
[2022-01-13 23:14:42,411] {processor.py:163} INFO - Started process (PID=25791) to work on /home/data-eginner/Documents/Soccer_Data/env/lib/python3.8/site-packages/airflow/example_dags/example_trigger_target_dag.py
[2022-01-13 23:14:42,421] {processor.py:642} INFO - Processing file /home/data-eginner/Documents/Soccer_Data/env/lib/python3.8/site-packages/airflow/example_dags/example_trigger_target_dag.py for tasks to queue
[2022-01-13 23:14:42,422] {logging_mixin.py:109} INFO - [2022-01-13 23:14:42,422] {dagbag.py:500} INFO - Filling up the DagBag from /home/data-eginner/Documents/Soccer_Data/env/lib/python3.8/site-packages/airflow/example_dags/example_trigger_target_dag.py
[2022-01-13 23:14:42,557] {processor.py:654} INFO - DAG(s) dict_keys(['example_trigger_target_dag']) retrieved from /home/data-eginner/Documents/Soccer_Data/env/lib/python3.8/site-packages/airflow/example_dags/example_trigger_target_dag.py
[2022-01-13 23:14:42,633] {logging_mixin.py:109} INFO - [2022-01-13 23:14:42,633] {dag.py:2396} INFO - Sync 1 DAGs
[2022-01-13 23:14:42,684] {logging_mixin.py:109} INFO - [2022-01-13 23:14:42,684] {dag.py:2935} INFO - Setting next_dagrun for example_trigger_target_dag to None
[2022-01-13 23:14:42,722] {processor.py:171} INFO - Processing /home/data-eginner/Documents/Soccer_Data/env/lib/python3.8/site-packages/airflow/example_dags/example_trigger_target_dag.py took 0.313 seconds
[2022-01-13 23:15:55,322] {processor.py:163} INFO - Started process (PID=26106) to work on /home/data-eginner/Documents/Soccer_Data/env/lib/python3.8/site-packages/airflow/example_dags/example_trigger_target_dag.py
[2022-01-13 23:15:55,340] {processor.py:642} INFO - Processing file /home/data-eginner/Documents/Soccer_Data/env/lib/python3.8/site-packages/airflow/example_dags/example_trigger_target_dag.py for tasks to queue
[2022-01-13 23:15:55,341] {logging_mixin.py:109} INFO - [2022-01-13 23:15:55,341] {dagbag.py:500} INFO - Filling up the DagBag from /home/data-eginner/Documents/Soccer_Data/env/lib/python3.8/site-packages/airflow/example_dags/example_trigger_target_dag.py
[2022-01-13 23:15:55,437] {processor.py:654} INFO - DAG(s) dict_keys(['example_trigger_target_dag']) retrieved from /home/data-eginner/Documents/Soccer_Data/env/lib/python3.8/site-packages/airflow/example_dags/example_trigger_target_dag.py
[2022-01-13 23:15:55,468] {logging_mixin.py:109} INFO - [2022-01-13 23:15:55,468] {dag.py:2396} INFO - Sync 1 DAGs
[2022-01-13 23:15:55,502] {logging_mixin.py:109} INFO - [2022-01-13 23:15:55,502] {dag.py:2935} INFO - Setting next_dagrun for example_trigger_target_dag to None
[2022-01-13 23:15:55,574] {processor.py:171} INFO - Processing /home/data-eginner/Documents/Soccer_Data/env/lib/python3.8/site-packages/airflow/example_dags/example_trigger_target_dag.py took 0.255 seconds
