[2022-01-13 23:04:30,353] {processor.py:163} INFO - Started process (PID=24044) to work on /home/data-eginner/Documents/Soccer_Data/env/lib/python3.8/site-packages/airflow/example_dags/example_short_circuit_operator.py
[2022-01-13 23:04:30,354] {processor.py:642} INFO - Processing file /home/data-eginner/Documents/Soccer_Data/env/lib/python3.8/site-packages/airflow/example_dags/example_short_circuit_operator.py for tasks to queue
[2022-01-13 23:04:30,355] {logging_mixin.py:109} INFO - [2022-01-13 23:04:30,355] {dagbag.py:500} INFO - Filling up the DagBag from /home/data-eginner/Documents/Soccer_Data/env/lib/python3.8/site-packages/airflow/example_dags/example_short_circuit_operator.py
[2022-01-13 23:04:30,394] {processor.py:654} INFO - DAG(s) dict_keys(['example_short_circuit_operator']) retrieved from /home/data-eginner/Documents/Soccer_Data/env/lib/python3.8/site-packages/airflow/example_dags/example_short_circuit_operator.py
[2022-01-13 23:04:30,424] {logging_mixin.py:109} INFO - [2022-01-13 23:04:30,424] {dag.py:2396} INFO - Sync 1 DAGs
[2022-01-13 23:04:30,456] {logging_mixin.py:109} INFO - [2022-01-13 23:04:30,456] {dag.py:2935} INFO - Setting next_dagrun for example_short_circuit_operator to 2022-01-13T02:04:30.456605+00:00
[2022-01-13 23:04:30,526] {processor.py:171} INFO - Processing /home/data-eginner/Documents/Soccer_Data/env/lib/python3.8/site-packages/airflow/example_dags/example_short_circuit_operator.py took 0.209 seconds
[2022-01-13 23:05:08,611] {processor.py:163} INFO - Started process (PID=24222) to work on /home/data-eginner/Documents/Soccer_Data/env/lib/python3.8/site-packages/airflow/example_dags/example_short_circuit_operator.py
[2022-01-13 23:05:08,614] {processor.py:642} INFO - Processing file /home/data-eginner/Documents/Soccer_Data/env/lib/python3.8/site-packages/airflow/example_dags/example_short_circuit_operator.py for tasks to queue
[2022-01-13 23:05:08,615] {logging_mixin.py:109} INFO - [2022-01-13 23:05:08,615] {dagbag.py:500} INFO - Filling up the DagBag from /home/data-eginner/Documents/Soccer_Data/env/lib/python3.8/site-packages/airflow/example_dags/example_short_circuit_operator.py
[2022-01-13 23:05:08,651] {processor.py:654} INFO - DAG(s) dict_keys(['example_short_circuit_operator']) retrieved from /home/data-eginner/Documents/Soccer_Data/env/lib/python3.8/site-packages/airflow/example_dags/example_short_circuit_operator.py
[2022-01-13 23:05:08,659] {logging_mixin.py:109} INFO - [2022-01-13 23:05:08,659] {dag.py:2396} INFO - Sync 1 DAGs
[2022-01-13 23:05:08,671] {logging_mixin.py:109} INFO - [2022-01-13 23:05:08,671] {dag.py:2935} INFO - Setting next_dagrun for example_short_circuit_operator to 2022-01-13T02:05:08.671569+00:00
[2022-01-13 23:05:08,687] {processor.py:171} INFO - Processing /home/data-eginner/Documents/Soccer_Data/env/lib/python3.8/site-packages/airflow/example_dags/example_short_circuit_operator.py took 0.083 seconds
[2022-01-13 23:05:51,017] {processor.py:163} INFO - Started process (PID=24620) to work on /home/data-eginner/Documents/Soccer_Data/env/lib/python3.8/site-packages/airflow/example_dags/example_short_circuit_operator.py
[2022-01-13 23:05:51,020] {processor.py:642} INFO - Processing file /home/data-eginner/Documents/Soccer_Data/env/lib/python3.8/site-packages/airflow/example_dags/example_short_circuit_operator.py for tasks to queue
[2022-01-13 23:05:51,021] {logging_mixin.py:109} INFO - [2022-01-13 23:05:51,021] {dagbag.py:500} INFO - Filling up the DagBag from /home/data-eginner/Documents/Soccer_Data/env/lib/python3.8/site-packages/airflow/example_dags/example_short_circuit_operator.py
[2022-01-13 23:05:51,054] {processor.py:654} INFO - DAG(s) dict_keys(['example_short_circuit_operator']) retrieved from /home/data-eginner/Documents/Soccer_Data/env/lib/python3.8/site-packages/airflow/example_dags/example_short_circuit_operator.py
[2022-01-13 23:05:51,074] {logging_mixin.py:109} INFO - [2022-01-13 23:05:51,071] {dag.py:2396} INFO - Sync 1 DAGs
[2022-01-13 23:05:51,093] {logging_mixin.py:109} INFO - [2022-01-13 23:05:51,093] {dag.py:2935} INFO - Setting next_dagrun for example_short_circuit_operator to 2022-01-13T02:05:51.092925+00:00
[2022-01-13 23:05:51,110] {processor.py:171} INFO - Processing /home/data-eginner/Documents/Soccer_Data/env/lib/python3.8/site-packages/airflow/example_dags/example_short_circuit_operator.py took 0.098 seconds
[2022-01-13 23:06:32,634] {processor.py:163} INFO - Started process (PID=24807) to work on /home/data-eginner/Documents/Soccer_Data/env/lib/python3.8/site-packages/airflow/example_dags/example_short_circuit_operator.py
[2022-01-13 23:06:32,645] {processor.py:642} INFO - Processing file /home/data-eginner/Documents/Soccer_Data/env/lib/python3.8/site-packages/airflow/example_dags/example_short_circuit_operator.py for tasks to queue
[2022-01-13 23:06:32,646] {logging_mixin.py:109} INFO - [2022-01-13 23:06:32,646] {dagbag.py:500} INFO - Filling up the DagBag from /home/data-eginner/Documents/Soccer_Data/env/lib/python3.8/site-packages/airflow/example_dags/example_short_circuit_operator.py
[2022-01-13 23:06:32,677] {processor.py:654} INFO - DAG(s) dict_keys(['example_short_circuit_operator']) retrieved from /home/data-eginner/Documents/Soccer_Data/env/lib/python3.8/site-packages/airflow/example_dags/example_short_circuit_operator.py
[2022-01-13 23:06:32,689] {logging_mixin.py:109} INFO - [2022-01-13 23:06:32,689] {dag.py:2396} INFO - Sync 1 DAGs
[2022-01-13 23:06:32,705] {logging_mixin.py:109} INFO - [2022-01-13 23:06:32,705] {dag.py:2935} INFO - Setting next_dagrun for example_short_circuit_operator to 2022-01-13T02:06:32.705315+00:00
[2022-01-13 23:06:32,724] {processor.py:171} INFO - Processing /home/data-eginner/Documents/Soccer_Data/env/lib/python3.8/site-packages/airflow/example_dags/example_short_circuit_operator.py took 0.093 seconds
[2022-01-13 23:07:15,012] {processor.py:163} INFO - Started process (PID=24984) to work on /home/data-eginner/Documents/Soccer_Data/env/lib/python3.8/site-packages/airflow/example_dags/example_short_circuit_operator.py
[2022-01-13 23:07:15,014] {processor.py:642} INFO - Processing file /home/data-eginner/Documents/Soccer_Data/env/lib/python3.8/site-packages/airflow/example_dags/example_short_circuit_operator.py for tasks to queue
[2022-01-13 23:07:15,018] {logging_mixin.py:109} INFO - [2022-01-13 23:07:15,018] {dagbag.py:500} INFO - Filling up the DagBag from /home/data-eginner/Documents/Soccer_Data/env/lib/python3.8/site-packages/airflow/example_dags/example_short_circuit_operator.py
[2022-01-13 23:07:15,069] {processor.py:654} INFO - DAG(s) dict_keys(['example_short_circuit_operator']) retrieved from /home/data-eginner/Documents/Soccer_Data/env/lib/python3.8/site-packages/airflow/example_dags/example_short_circuit_operator.py
[2022-01-13 23:07:15,102] {logging_mixin.py:109} INFO - [2022-01-13 23:07:15,101] {dag.py:2396} INFO - Sync 1 DAGs
[2022-01-13 23:07:15,149] {logging_mixin.py:109} INFO - [2022-01-13 23:07:15,134] {dag.py:2935} INFO - Setting next_dagrun for example_short_circuit_operator to 2022-01-13T02:07:15.134589+00:00
[2022-01-13 23:07:15,313] {processor.py:171} INFO - Processing /home/data-eginner/Documents/Soccer_Data/env/lib/python3.8/site-packages/airflow/example_dags/example_short_circuit_operator.py took 0.308 seconds
[2022-01-13 23:10:49,239] {processor.py:163} INFO - Started process (PID=25280) to work on /home/data-eginner/Documents/Soccer_Data/env/lib/python3.8/site-packages/airflow/example_dags/example_short_circuit_operator.py
[2022-01-13 23:10:49,242] {processor.py:642} INFO - Processing file /home/data-eginner/Documents/Soccer_Data/env/lib/python3.8/site-packages/airflow/example_dags/example_short_circuit_operator.py for tasks to queue
[2022-01-13 23:10:49,243] {logging_mixin.py:109} INFO - [2022-01-13 23:10:49,243] {dagbag.py:500} INFO - Filling up the DagBag from /home/data-eginner/Documents/Soccer_Data/env/lib/python3.8/site-packages/airflow/example_dags/example_short_circuit_operator.py
[2022-01-13 23:10:49,268] {processor.py:654} INFO - DAG(s) dict_keys(['example_short_circuit_operator']) retrieved from /home/data-eginner/Documents/Soccer_Data/env/lib/python3.8/site-packages/airflow/example_dags/example_short_circuit_operator.py
[2022-01-13 23:10:49,278] {logging_mixin.py:109} INFO - [2022-01-13 23:10:49,277] {dag.py:2396} INFO - Sync 1 DAGs
[2022-01-13 23:10:49,313] {logging_mixin.py:109} INFO - [2022-01-13 23:10:49,313] {dag.py:2935} INFO - Setting next_dagrun for example_short_circuit_operator to 2022-01-13T02:10:49.312887+00:00
[2022-01-13 23:10:49,329] {processor.py:171} INFO - Processing /home/data-eginner/Documents/Soccer_Data/env/lib/python3.8/site-packages/airflow/example_dags/example_short_circuit_operator.py took 0.092 seconds
[2022-01-13 23:14:09,881] {processor.py:163} INFO - Started process (PID=25692) to work on /home/data-eginner/Documents/Soccer_Data/env/lib/python3.8/site-packages/airflow/example_dags/example_short_circuit_operator.py
[2022-01-13 23:14:09,895] {processor.py:642} INFO - Processing file /home/data-eginner/Documents/Soccer_Data/env/lib/python3.8/site-packages/airflow/example_dags/example_short_circuit_operator.py for tasks to queue
[2022-01-13 23:14:09,896] {logging_mixin.py:109} INFO - [2022-01-13 23:14:09,896] {dagbag.py:500} INFO - Filling up the DagBag from /home/data-eginner/Documents/Soccer_Data/env/lib/python3.8/site-packages/airflow/example_dags/example_short_circuit_operator.py
[2022-01-13 23:14:09,994] {processor.py:654} INFO - DAG(s) dict_keys(['example_short_circuit_operator']) retrieved from /home/data-eginner/Documents/Soccer_Data/env/lib/python3.8/site-packages/airflow/example_dags/example_short_circuit_operator.py
[2022-01-13 23:14:10,067] {logging_mixin.py:109} INFO - [2022-01-13 23:14:10,067] {dag.py:2396} INFO - Sync 1 DAGs
[2022-01-13 23:14:10,112] {logging_mixin.py:109} INFO - [2022-01-13 23:14:10,112] {dag.py:2935} INFO - Setting next_dagrun for example_short_circuit_operator to 2022-01-13T02:14:10.112301+00:00
[2022-01-13 23:14:10,258] {processor.py:171} INFO - Processing /home/data-eginner/Documents/Soccer_Data/env/lib/python3.8/site-packages/airflow/example_dags/example_short_circuit_operator.py took 0.415 seconds
[2022-01-13 23:15:31,429] {processor.py:163} INFO - Started process (PID=25993) to work on /home/data-eginner/Documents/Soccer_Data/env/lib/python3.8/site-packages/airflow/example_dags/example_short_circuit_operator.py
[2022-01-13 23:15:31,433] {processor.py:642} INFO - Processing file /home/data-eginner/Documents/Soccer_Data/env/lib/python3.8/site-packages/airflow/example_dags/example_short_circuit_operator.py for tasks to queue
[2022-01-13 23:15:31,434] {logging_mixin.py:109} INFO - [2022-01-13 23:15:31,434] {dagbag.py:500} INFO - Filling up the DagBag from /home/data-eginner/Documents/Soccer_Data/env/lib/python3.8/site-packages/airflow/example_dags/example_short_circuit_operator.py
[2022-01-13 23:15:31,466] {processor.py:654} INFO - DAG(s) dict_keys(['example_short_circuit_operator']) retrieved from /home/data-eginner/Documents/Soccer_Data/env/lib/python3.8/site-packages/airflow/example_dags/example_short_circuit_operator.py
[2022-01-13 23:15:31,485] {logging_mixin.py:109} INFO - [2022-01-13 23:15:31,485] {dag.py:2396} INFO - Sync 1 DAGs
[2022-01-13 23:15:31,505] {logging_mixin.py:109} INFO - [2022-01-13 23:15:31,505] {dag.py:2935} INFO - Setting next_dagrun for example_short_circuit_operator to 2022-01-13T02:15:31.505313+00:00
[2022-01-13 23:15:31,527] {processor.py:171} INFO - Processing /home/data-eginner/Documents/Soccer_Data/env/lib/python3.8/site-packages/airflow/example_dags/example_short_circuit_operator.py took 0.102 seconds
[2022-01-13 23:16:18,680] {processor.py:163} INFO - Started process (PID=26202) to work on /home/data-eginner/Documents/Soccer_Data/env/lib/python3.8/site-packages/airflow/example_dags/example_short_circuit_operator.py
[2022-01-13 23:16:18,699] {processor.py:642} INFO - Processing file /home/data-eginner/Documents/Soccer_Data/env/lib/python3.8/site-packages/airflow/example_dags/example_short_circuit_operator.py for tasks to queue
[2022-01-13 23:16:18,700] {logging_mixin.py:109} INFO - [2022-01-13 23:16:18,700] {dagbag.py:500} INFO - Filling up the DagBag from /home/data-eginner/Documents/Soccer_Data/env/lib/python3.8/site-packages/airflow/example_dags/example_short_circuit_operator.py
[2022-01-13 23:16:18,745] {processor.py:654} INFO - DAG(s) dict_keys(['example_short_circuit_operator']) retrieved from /home/data-eginner/Documents/Soccer_Data/env/lib/python3.8/site-packages/airflow/example_dags/example_short_circuit_operator.py
[2022-01-13 23:16:18,775] {logging_mixin.py:109} INFO - [2022-01-13 23:16:18,775] {dag.py:2396} INFO - Sync 1 DAGs
[2022-01-13 23:16:18,799] {logging_mixin.py:109} INFO - [2022-01-13 23:16:18,799] {dag.py:2935} INFO - Setting next_dagrun for example_short_circuit_operator to 2022-01-13T02:16:18.799553+00:00
[2022-01-13 23:16:18,826] {processor.py:171} INFO - Processing /home/data-eginner/Documents/Soccer_Data/env/lib/python3.8/site-packages/airflow/example_dags/example_short_circuit_operator.py took 0.149 seconds
