[2022-01-13 23:04:24,084] {processor.py:163} INFO - Started process (PID=24007) to work on /home/data-eginner/Documents/Soccer_Data/env/lib/python3.8/site-packages/airflow/example_dags/example_kubernetes_executor.py
[2022-01-13 23:04:24,086] {processor.py:642} INFO - Processing file /home/data-eginner/Documents/Soccer_Data/env/lib/python3.8/site-packages/airflow/example_dags/example_kubernetes_executor.py for tasks to queue
[2022-01-13 23:04:24,086] {logging_mixin.py:109} INFO - [2022-01-13 23:04:24,086] {dagbag.py:500} INFO - Filling up the DagBag from /home/data-eginner/Documents/Soccer_Data/env/lib/python3.8/site-packages/airflow/example_dags/example_kubernetes_executor.py
[2022-01-13 23:04:24,107] {logging_mixin.py:109} INFO - [2022-01-13 23:04:24,107] {example_kubernetes_executor.py:38} WARNING - The example_kubernetes_executor example DAG requires the kubernetes provider. Please install it with: pip install apache-airflow[cncf.kubernetes]
[2022-01-13 23:04:24,127] {processor.py:656} WARNING - No viable dags retrieved from /home/data-eginner/Documents/Soccer_Data/env/lib/python3.8/site-packages/airflow/example_dags/example_kubernetes_executor.py
[2022-01-13 23:04:24,129] {processor.py:171} INFO - Processing /home/data-eginner/Documents/Soccer_Data/env/lib/python3.8/site-packages/airflow/example_dags/example_kubernetes_executor.py took 0.083 seconds
[2022-01-13 23:05:01,291] {processor.py:163} INFO - Started process (PID=24190) to work on /home/data-eginner/Documents/Soccer_Data/env/lib/python3.8/site-packages/airflow/example_dags/example_kubernetes_executor.py
[2022-01-13 23:05:01,297] {processor.py:642} INFO - Processing file /home/data-eginner/Documents/Soccer_Data/env/lib/python3.8/site-packages/airflow/example_dags/example_kubernetes_executor.py for tasks to queue
[2022-01-13 23:05:01,298] {logging_mixin.py:109} INFO - [2022-01-13 23:05:01,298] {dagbag.py:500} INFO - Filling up the DagBag from /home/data-eginner/Documents/Soccer_Data/env/lib/python3.8/site-packages/airflow/example_dags/example_kubernetes_executor.py
[2022-01-13 23:05:01,335] {logging_mixin.py:109} INFO - [2022-01-13 23:05:01,335] {example_kubernetes_executor.py:38} WARNING - The example_kubernetes_executor example DAG requires the kubernetes provider. Please install it with: pip install apache-airflow[cncf.kubernetes]
[2022-01-13 23:05:01,422] {processor.py:656} WARNING - No viable dags retrieved from /home/data-eginner/Documents/Soccer_Data/env/lib/python3.8/site-packages/airflow/example_dags/example_kubernetes_executor.py
[2022-01-13 23:05:01,469] {processor.py:171} INFO - Processing /home/data-eginner/Documents/Soccer_Data/env/lib/python3.8/site-packages/airflow/example_dags/example_kubernetes_executor.py took 0.192 seconds
[2022-01-13 23:05:44,797] {processor.py:163} INFO - Started process (PID=24590) to work on /home/data-eginner/Documents/Soccer_Data/env/lib/python3.8/site-packages/airflow/example_dags/example_kubernetes_executor.py
[2022-01-13 23:05:44,801] {processor.py:642} INFO - Processing file /home/data-eginner/Documents/Soccer_Data/env/lib/python3.8/site-packages/airflow/example_dags/example_kubernetes_executor.py for tasks to queue
[2022-01-13 23:05:44,802] {logging_mixin.py:109} INFO - [2022-01-13 23:05:44,802] {dagbag.py:500} INFO - Filling up the DagBag from /home/data-eginner/Documents/Soccer_Data/env/lib/python3.8/site-packages/airflow/example_dags/example_kubernetes_executor.py
[2022-01-13 23:05:44,815] {logging_mixin.py:109} INFO - [2022-01-13 23:05:44,815] {example_kubernetes_executor.py:38} WARNING - The example_kubernetes_executor example DAG requires the kubernetes provider. Please install it with: pip install apache-airflow[cncf.kubernetes]
[2022-01-13 23:05:44,828] {processor.py:656} WARNING - No viable dags retrieved from /home/data-eginner/Documents/Soccer_Data/env/lib/python3.8/site-packages/airflow/example_dags/example_kubernetes_executor.py
[2022-01-13 23:05:44,830] {processor.py:171} INFO - Processing /home/data-eginner/Documents/Soccer_Data/env/lib/python3.8/site-packages/airflow/example_dags/example_kubernetes_executor.py took 0.043 seconds
[2022-01-13 23:06:24,528] {processor.py:163} INFO - Started process (PID=24772) to work on /home/data-eginner/Documents/Soccer_Data/env/lib/python3.8/site-packages/airflow/example_dags/example_kubernetes_executor.py
[2022-01-13 23:06:24,541] {processor.py:642} INFO - Processing file /home/data-eginner/Documents/Soccer_Data/env/lib/python3.8/site-packages/airflow/example_dags/example_kubernetes_executor.py for tasks to queue
[2022-01-13 23:06:24,542] {logging_mixin.py:109} INFO - [2022-01-13 23:06:24,542] {dagbag.py:500} INFO - Filling up the DagBag from /home/data-eginner/Documents/Soccer_Data/env/lib/python3.8/site-packages/airflow/example_dags/example_kubernetes_executor.py
[2022-01-13 23:06:24,571] {logging_mixin.py:109} INFO - [2022-01-13 23:06:24,571] {example_kubernetes_executor.py:38} WARNING - The example_kubernetes_executor example DAG requires the kubernetes provider. Please install it with: pip install apache-airflow[cncf.kubernetes]
[2022-01-13 23:06:24,608] {processor.py:656} WARNING - No viable dags retrieved from /home/data-eginner/Documents/Soccer_Data/env/lib/python3.8/site-packages/airflow/example_dags/example_kubernetes_executor.py
[2022-01-13 23:06:24,610] {processor.py:171} INFO - Processing /home/data-eginner/Documents/Soccer_Data/env/lib/python3.8/site-packages/airflow/example_dags/example_kubernetes_executor.py took 0.085 seconds
[2022-01-13 23:07:06,639] {processor.py:163} INFO - Started process (PID=24949) to work on /home/data-eginner/Documents/Soccer_Data/env/lib/python3.8/site-packages/airflow/example_dags/example_kubernetes_executor.py
[2022-01-13 23:07:06,641] {processor.py:642} INFO - Processing file /home/data-eginner/Documents/Soccer_Data/env/lib/python3.8/site-packages/airflow/example_dags/example_kubernetes_executor.py for tasks to queue
[2022-01-13 23:07:06,641] {logging_mixin.py:109} INFO - [2022-01-13 23:07:06,641] {dagbag.py:500} INFO - Filling up the DagBag from /home/data-eginner/Documents/Soccer_Data/env/lib/python3.8/site-packages/airflow/example_dags/example_kubernetes_executor.py
[2022-01-13 23:07:06,660] {logging_mixin.py:109} INFO - [2022-01-13 23:07:06,660] {example_kubernetes_executor.py:38} WARNING - The example_kubernetes_executor example DAG requires the kubernetes provider. Please install it with: pip install apache-airflow[cncf.kubernetes]
[2022-01-13 23:07:06,680] {processor.py:656} WARNING - No viable dags retrieved from /home/data-eginner/Documents/Soccer_Data/env/lib/python3.8/site-packages/airflow/example_dags/example_kubernetes_executor.py
[2022-01-13 23:07:06,681] {processor.py:171} INFO - Processing /home/data-eginner/Documents/Soccer_Data/env/lib/python3.8/site-packages/airflow/example_dags/example_kubernetes_executor.py took 0.045 seconds
[2022-01-13 23:10:37,983] {processor.py:163} INFO - Started process (PID=25241) to work on /home/data-eginner/Documents/Soccer_Data/env/lib/python3.8/site-packages/airflow/example_dags/example_kubernetes_executor.py
[2022-01-13 23:10:38,049] {processor.py:642} INFO - Processing file /home/data-eginner/Documents/Soccer_Data/env/lib/python3.8/site-packages/airflow/example_dags/example_kubernetes_executor.py for tasks to queue
[2022-01-13 23:10:38,050] {logging_mixin.py:109} INFO - [2022-01-13 23:10:38,050] {dagbag.py:500} INFO - Filling up the DagBag from /home/data-eginner/Documents/Soccer_Data/env/lib/python3.8/site-packages/airflow/example_dags/example_kubernetes_executor.py
[2022-01-13 23:10:38,058] {logging_mixin.py:109} INFO - [2022-01-13 23:10:38,058] {example_kubernetes_executor.py:38} WARNING - The example_kubernetes_executor example DAG requires the kubernetes provider. Please install it with: pip install apache-airflow[cncf.kubernetes]
[2022-01-13 23:10:38,259] {processor.py:656} WARNING - No viable dags retrieved from /home/data-eginner/Documents/Soccer_Data/env/lib/python3.8/site-packages/airflow/example_dags/example_kubernetes_executor.py
[2022-01-13 23:10:38,261] {processor.py:171} INFO - Processing /home/data-eginner/Documents/Soccer_Data/env/lib/python3.8/site-packages/airflow/example_dags/example_kubernetes_executor.py took 0.280 seconds
[2022-01-13 23:13:58,826] {processor.py:163} INFO - Started process (PID=25656) to work on /home/data-eginner/Documents/Soccer_Data/env/lib/python3.8/site-packages/airflow/example_dags/example_kubernetes_executor.py
[2022-01-13 23:13:58,842] {processor.py:642} INFO - Processing file /home/data-eginner/Documents/Soccer_Data/env/lib/python3.8/site-packages/airflow/example_dags/example_kubernetes_executor.py for tasks to queue
[2022-01-13 23:13:58,842] {logging_mixin.py:109} INFO - [2022-01-13 23:13:58,842] {dagbag.py:500} INFO - Filling up the DagBag from /home/data-eginner/Documents/Soccer_Data/env/lib/python3.8/site-packages/airflow/example_dags/example_kubernetes_executor.py
[2022-01-13 23:13:58,851] {logging_mixin.py:109} INFO - [2022-01-13 23:13:58,851] {example_kubernetes_executor.py:38} WARNING - The example_kubernetes_executor example DAG requires the kubernetes provider. Please install it with: pip install apache-airflow[cncf.kubernetes]
[2022-01-13 23:13:58,950] {processor.py:656} WARNING - No viable dags retrieved from /home/data-eginner/Documents/Soccer_Data/env/lib/python3.8/site-packages/airflow/example_dags/example_kubernetes_executor.py
[2022-01-13 23:13:58,961] {processor.py:171} INFO - Processing /home/data-eginner/Documents/Soccer_Data/env/lib/python3.8/site-packages/airflow/example_dags/example_kubernetes_executor.py took 0.137 seconds
[2022-01-13 23:14:51,872] {processor.py:163} INFO - Started process (PID=25830) to work on /home/data-eginner/Documents/Soccer_Data/env/lib/python3.8/site-packages/airflow/example_dags/example_kubernetes_executor.py
[2022-01-13 23:14:51,876] {processor.py:642} INFO - Processing file /home/data-eginner/Documents/Soccer_Data/env/lib/python3.8/site-packages/airflow/example_dags/example_kubernetes_executor.py for tasks to queue
[2022-01-13 23:14:51,877] {logging_mixin.py:109} INFO - [2022-01-13 23:14:51,877] {dagbag.py:500} INFO - Filling up the DagBag from /home/data-eginner/Documents/Soccer_Data/env/lib/python3.8/site-packages/airflow/example_dags/example_kubernetes_executor.py
[2022-01-13 23:14:51,940] {logging_mixin.py:109} INFO - [2022-01-13 23:14:51,940] {example_kubernetes_executor.py:38} WARNING - The example_kubernetes_executor example DAG requires the kubernetes provider. Please install it with: pip install apache-airflow[cncf.kubernetes]
[2022-01-13 23:14:52,004] {processor.py:656} WARNING - No viable dags retrieved from /home/data-eginner/Documents/Soccer_Data/env/lib/python3.8/site-packages/airflow/example_dags/example_kubernetes_executor.py
[2022-01-13 23:14:52,015] {processor.py:171} INFO - Processing /home/data-eginner/Documents/Soccer_Data/env/lib/python3.8/site-packages/airflow/example_dags/example_kubernetes_executor.py took 0.169 seconds
[2022-01-13 23:16:03,796] {processor.py:163} INFO - Started process (PID=26143) to work on /home/data-eginner/Documents/Soccer_Data/env/lib/python3.8/site-packages/airflow/example_dags/example_kubernetes_executor.py
[2022-01-13 23:16:03,812] {processor.py:642} INFO - Processing file /home/data-eginner/Documents/Soccer_Data/env/lib/python3.8/site-packages/airflow/example_dags/example_kubernetes_executor.py for tasks to queue
[2022-01-13 23:16:03,813] {logging_mixin.py:109} INFO - [2022-01-13 23:16:03,813] {dagbag.py:500} INFO - Filling up the DagBag from /home/data-eginner/Documents/Soccer_Data/env/lib/python3.8/site-packages/airflow/example_dags/example_kubernetes_executor.py
[2022-01-13 23:16:03,848] {logging_mixin.py:109} INFO - [2022-01-13 23:16:03,848] {example_kubernetes_executor.py:38} WARNING - The example_kubernetes_executor example DAG requires the kubernetes provider. Please install it with: pip install apache-airflow[cncf.kubernetes]
[2022-01-13 23:16:03,893] {processor.py:656} WARNING - No viable dags retrieved from /home/data-eginner/Documents/Soccer_Data/env/lib/python3.8/site-packages/airflow/example_dags/example_kubernetes_executor.py
[2022-01-13 23:16:03,899] {processor.py:171} INFO - Processing /home/data-eginner/Documents/Soccer_Data/env/lib/python3.8/site-packages/airflow/example_dags/example_kubernetes_executor.py took 0.105 seconds
