[2022-01-13 23:04:38,365] {processor.py:163} INFO - Started process (PID=24086) to work on /home/data-eginner/Documents/Soccer_Data/env/lib/python3.8/site-packages/airflow/example_dags/example_external_task_marker_dag.py
[2022-01-13 23:04:38,366] {processor.py:642} INFO - Processing file /home/data-eginner/Documents/Soccer_Data/env/lib/python3.8/site-packages/airflow/example_dags/example_external_task_marker_dag.py for tasks to queue
[2022-01-13 23:04:38,366] {logging_mixin.py:109} INFO - [2022-01-13 23:04:38,366] {dagbag.py:500} INFO - Filling up the DagBag from /home/data-eginner/Documents/Soccer_Data/env/lib/python3.8/site-packages/airflow/example_dags/example_external_task_marker_dag.py
[2022-01-13 23:04:38,411] {processor.py:654} INFO - DAG(s) dict_keys(['example_external_task_marker_parent', 'example_external_task_marker_child']) retrieved from /home/data-eginner/Documents/Soccer_Data/env/lib/python3.8/site-packages/airflow/example_dags/example_external_task_marker_dag.py
[2022-01-13 23:04:38,435] {logging_mixin.py:109} INFO - [2022-01-13 23:04:38,434] {dag.py:2396} INFO - Sync 2 DAGs
[2022-01-13 23:04:38,473] {logging_mixin.py:109} INFO - [2022-01-13 23:04:38,473] {dag.py:2935} INFO - Setting next_dagrun for example_external_task_marker_child to None
[2022-01-13 23:04:38,473] {logging_mixin.py:109} INFO - [2022-01-13 23:04:38,473] {dag.py:2935} INFO - Setting next_dagrun for example_external_task_marker_parent to None
[2022-01-13 23:04:38,503] {processor.py:171} INFO - Processing /home/data-eginner/Documents/Soccer_Data/env/lib/python3.8/site-packages/airflow/example_dags/example_external_task_marker_dag.py took 0.166 seconds
[2022-01-13 23:05:17,021] {processor.py:163} INFO - Started process (PID=24396) to work on /home/data-eginner/Documents/Soccer_Data/env/lib/python3.8/site-packages/airflow/example_dags/example_external_task_marker_dag.py
[2022-01-13 23:05:17,047] {processor.py:642} INFO - Processing file /home/data-eginner/Documents/Soccer_Data/env/lib/python3.8/site-packages/airflow/example_dags/example_external_task_marker_dag.py for tasks to queue
[2022-01-13 23:05:17,047] {logging_mixin.py:109} INFO - [2022-01-13 23:05:17,047] {dagbag.py:500} INFO - Filling up the DagBag from /home/data-eginner/Documents/Soccer_Data/env/lib/python3.8/site-packages/airflow/example_dags/example_external_task_marker_dag.py
[2022-01-13 23:05:17,109] {processor.py:654} INFO - DAG(s) dict_keys(['example_external_task_marker_parent', 'example_external_task_marker_child']) retrieved from /home/data-eginner/Documents/Soccer_Data/env/lib/python3.8/site-packages/airflow/example_dags/example_external_task_marker_dag.py
[2022-01-13 23:05:17,148] {logging_mixin.py:109} INFO - [2022-01-13 23:05:17,148] {dag.py:2396} INFO - Sync 2 DAGs
[2022-01-13 23:05:17,191] {logging_mixin.py:109} INFO - [2022-01-13 23:05:17,190] {dag.py:2935} INFO - Setting next_dagrun for example_external_task_marker_child to None
[2022-01-13 23:05:17,191] {logging_mixin.py:109} INFO - [2022-01-13 23:05:17,191] {dag.py:2935} INFO - Setting next_dagrun for example_external_task_marker_parent to None
[2022-01-13 23:05:17,245] {processor.py:171} INFO - Processing /home/data-eginner/Documents/Soccer_Data/env/lib/python3.8/site-packages/airflow/example_dags/example_external_task_marker_dag.py took 0.226 seconds
[2022-01-13 23:06:02,019] {processor.py:163} INFO - Started process (PID=24670) to work on /home/data-eginner/Documents/Soccer_Data/env/lib/python3.8/site-packages/airflow/example_dags/example_external_task_marker_dag.py
[2022-01-13 23:06:02,050] {processor.py:642} INFO - Processing file /home/data-eginner/Documents/Soccer_Data/env/lib/python3.8/site-packages/airflow/example_dags/example_external_task_marker_dag.py for tasks to queue
[2022-01-13 23:06:02,051] {logging_mixin.py:109} INFO - [2022-01-13 23:06:02,051] {dagbag.py:500} INFO - Filling up the DagBag from /home/data-eginner/Documents/Soccer_Data/env/lib/python3.8/site-packages/airflow/example_dags/example_external_task_marker_dag.py
[2022-01-13 23:06:02,218] {processor.py:654} INFO - DAG(s) dict_keys(['example_external_task_marker_parent', 'example_external_task_marker_child']) retrieved from /home/data-eginner/Documents/Soccer_Data/env/lib/python3.8/site-packages/airflow/example_dags/example_external_task_marker_dag.py
[2022-01-13 23:06:02,301] {logging_mixin.py:109} INFO - [2022-01-13 23:06:02,301] {dag.py:2396} INFO - Sync 2 DAGs
[2022-01-13 23:06:02,337] {logging_mixin.py:109} INFO - [2022-01-13 23:06:02,337] {dag.py:2935} INFO - Setting next_dagrun for example_external_task_marker_child to None
[2022-01-13 23:06:02,337] {logging_mixin.py:109} INFO - [2022-01-13 23:06:02,337] {dag.py:2935} INFO - Setting next_dagrun for example_external_task_marker_parent to None
[2022-01-13 23:06:02,379] {processor.py:171} INFO - Processing /home/data-eginner/Documents/Soccer_Data/env/lib/python3.8/site-packages/airflow/example_dags/example_external_task_marker_dag.py took 0.363 seconds
[2022-01-13 23:06:46,648] {processor.py:163} INFO - Started process (PID=24865) to work on /home/data-eginner/Documents/Soccer_Data/env/lib/python3.8/site-packages/airflow/example_dags/example_external_task_marker_dag.py
[2022-01-13 23:06:46,659] {processor.py:642} INFO - Processing file /home/data-eginner/Documents/Soccer_Data/env/lib/python3.8/site-packages/airflow/example_dags/example_external_task_marker_dag.py for tasks to queue
[2022-01-13 23:06:46,659] {logging_mixin.py:109} INFO - [2022-01-13 23:06:46,659] {dagbag.py:500} INFO - Filling up the DagBag from /home/data-eginner/Documents/Soccer_Data/env/lib/python3.8/site-packages/airflow/example_dags/example_external_task_marker_dag.py
[2022-01-13 23:06:46,721] {processor.py:654} INFO - DAG(s) dict_keys(['example_external_task_marker_parent', 'example_external_task_marker_child']) retrieved from /home/data-eginner/Documents/Soccer_Data/env/lib/python3.8/site-packages/airflow/example_dags/example_external_task_marker_dag.py
[2022-01-13 23:06:46,852] {logging_mixin.py:109} INFO - [2022-01-13 23:06:46,852] {dag.py:2396} INFO - Sync 2 DAGs
[2022-01-13 23:06:46,920] {logging_mixin.py:109} INFO - [2022-01-13 23:06:46,920] {dag.py:2935} INFO - Setting next_dagrun for example_external_task_marker_child to None
[2022-01-13 23:06:46,921] {logging_mixin.py:109} INFO - [2022-01-13 23:06:46,921] {dag.py:2935} INFO - Setting next_dagrun for example_external_task_marker_parent to None
[2022-01-13 23:06:46,951] {processor.py:171} INFO - Processing /home/data-eginner/Documents/Soccer_Data/env/lib/python3.8/site-packages/airflow/example_dags/example_external_task_marker_dag.py took 0.328 seconds
[2022-01-13 23:10:56,015] {processor.py:163} INFO - Started process (PID=25316) to work on /home/data-eginner/Documents/Soccer_Data/env/lib/python3.8/site-packages/airflow/example_dags/example_external_task_marker_dag.py
[2022-01-13 23:10:56,023] {processor.py:642} INFO - Processing file /home/data-eginner/Documents/Soccer_Data/env/lib/python3.8/site-packages/airflow/example_dags/example_external_task_marker_dag.py for tasks to queue
[2022-01-13 23:10:56,024] {logging_mixin.py:109} INFO - [2022-01-13 23:10:56,024] {dagbag.py:500} INFO - Filling up the DagBag from /home/data-eginner/Documents/Soccer_Data/env/lib/python3.8/site-packages/airflow/example_dags/example_external_task_marker_dag.py
[2022-01-13 23:10:56,044] {processor.py:654} INFO - DAG(s) dict_keys(['example_external_task_marker_parent', 'example_external_task_marker_child']) retrieved from /home/data-eginner/Documents/Soccer_Data/env/lib/python3.8/site-packages/airflow/example_dags/example_external_task_marker_dag.py
[2022-01-13 23:10:56,057] {logging_mixin.py:109} INFO - [2022-01-13 23:10:56,056] {dag.py:2396} INFO - Sync 2 DAGs
[2022-01-13 23:10:56,067] {logging_mixin.py:109} INFO - [2022-01-13 23:10:56,067] {dag.py:2935} INFO - Setting next_dagrun for example_external_task_marker_child to None
[2022-01-13 23:10:56,067] {logging_mixin.py:109} INFO - [2022-01-13 23:10:56,067] {dag.py:2935} INFO - Setting next_dagrun for example_external_task_marker_parent to None
[2022-01-13 23:10:56,099] {processor.py:171} INFO - Processing /home/data-eginner/Documents/Soccer_Data/env/lib/python3.8/site-packages/airflow/example_dags/example_external_task_marker_dag.py took 0.087 seconds
[2022-01-13 23:14:17,882] {processor.py:163} INFO - Started process (PID=25722) to work on /home/data-eginner/Documents/Soccer_Data/env/lib/python3.8/site-packages/airflow/example_dags/example_external_task_marker_dag.py
[2022-01-13 23:14:17,916] {processor.py:642} INFO - Processing file /home/data-eginner/Documents/Soccer_Data/env/lib/python3.8/site-packages/airflow/example_dags/example_external_task_marker_dag.py for tasks to queue
[2022-01-13 23:14:17,916] {logging_mixin.py:109} INFO - [2022-01-13 23:14:17,916] {dagbag.py:500} INFO - Filling up the DagBag from /home/data-eginner/Documents/Soccer_Data/env/lib/python3.8/site-packages/airflow/example_dags/example_external_task_marker_dag.py
[2022-01-13 23:14:18,000] {processor.py:654} INFO - DAG(s) dict_keys(['example_external_task_marker_parent', 'example_external_task_marker_child']) retrieved from /home/data-eginner/Documents/Soccer_Data/env/lib/python3.8/site-packages/airflow/example_dags/example_external_task_marker_dag.py
[2022-01-13 23:14:18,155] {logging_mixin.py:109} INFO - [2022-01-13 23:14:18,155] {dag.py:2396} INFO - Sync 2 DAGs
[2022-01-13 23:14:18,193] {logging_mixin.py:109} INFO - [2022-01-13 23:14:18,164] {dag.py:2935} INFO - Setting next_dagrun for example_external_task_marker_child to None
[2022-01-13 23:14:18,194] {logging_mixin.py:109} INFO - [2022-01-13 23:14:18,194] {dag.py:2935} INFO - Setting next_dagrun for example_external_task_marker_parent to None
[2022-01-13 23:14:18,261] {processor.py:171} INFO - Processing /home/data-eginner/Documents/Soccer_Data/env/lib/python3.8/site-packages/airflow/example_dags/example_external_task_marker_dag.py took 0.400 seconds
[2022-01-13 23:15:38,579] {processor.py:163} INFO - Started process (PID=26037) to work on /home/data-eginner/Documents/Soccer_Data/env/lib/python3.8/site-packages/airflow/example_dags/example_external_task_marker_dag.py
[2022-01-13 23:15:38,588] {processor.py:642} INFO - Processing file /home/data-eginner/Documents/Soccer_Data/env/lib/python3.8/site-packages/airflow/example_dags/example_external_task_marker_dag.py for tasks to queue
[2022-01-13 23:15:38,589] {logging_mixin.py:109} INFO - [2022-01-13 23:15:38,589] {dagbag.py:500} INFO - Filling up the DagBag from /home/data-eginner/Documents/Soccer_Data/env/lib/python3.8/site-packages/airflow/example_dags/example_external_task_marker_dag.py
[2022-01-13 23:15:38,665] {processor.py:654} INFO - DAG(s) dict_keys(['example_external_task_marker_parent', 'example_external_task_marker_child']) retrieved from /home/data-eginner/Documents/Soccer_Data/env/lib/python3.8/site-packages/airflow/example_dags/example_external_task_marker_dag.py
[2022-01-13 23:15:38,693] {logging_mixin.py:109} INFO - [2022-01-13 23:15:38,693] {dag.py:2396} INFO - Sync 2 DAGs
[2022-01-13 23:15:38,725] {logging_mixin.py:109} INFO - [2022-01-13 23:15:38,725] {dag.py:2935} INFO - Setting next_dagrun for example_external_task_marker_child to None
[2022-01-13 23:15:38,725] {logging_mixin.py:109} INFO - [2022-01-13 23:15:38,725] {dag.py:2935} INFO - Setting next_dagrun for example_external_task_marker_parent to None
[2022-01-13 23:15:38,757] {processor.py:171} INFO - Processing /home/data-eginner/Documents/Soccer_Data/env/lib/python3.8/site-packages/airflow/example_dags/example_external_task_marker_dag.py took 0.187 seconds
[2022-01-13 23:16:26,769] {processor.py:163} INFO - Started process (PID=26243) to work on /home/data-eginner/Documents/Soccer_Data/env/lib/python3.8/site-packages/airflow/example_dags/example_external_task_marker_dag.py
[2022-01-13 23:16:26,787] {processor.py:642} INFO - Processing file /home/data-eginner/Documents/Soccer_Data/env/lib/python3.8/site-packages/airflow/example_dags/example_external_task_marker_dag.py for tasks to queue
[2022-01-13 23:16:26,788] {logging_mixin.py:109} INFO - [2022-01-13 23:16:26,788] {dagbag.py:500} INFO - Filling up the DagBag from /home/data-eginner/Documents/Soccer_Data/env/lib/python3.8/site-packages/airflow/example_dags/example_external_task_marker_dag.py
[2022-01-13 23:16:26,897] {processor.py:654} INFO - DAG(s) dict_keys(['example_external_task_marker_parent', 'example_external_task_marker_child']) retrieved from /home/data-eginner/Documents/Soccer_Data/env/lib/python3.8/site-packages/airflow/example_dags/example_external_task_marker_dag.py
[2022-01-13 23:16:26,971] {logging_mixin.py:109} INFO - [2022-01-13 23:16:26,971] {dag.py:2396} INFO - Sync 2 DAGs
[2022-01-13 23:16:27,024] {logging_mixin.py:109} INFO - [2022-01-13 23:16:27,024] {dag.py:2935} INFO - Setting next_dagrun for example_external_task_marker_child to None
[2022-01-13 23:16:27,024] {logging_mixin.py:109} INFO - [2022-01-13 23:16:27,024] {dag.py:2935} INFO - Setting next_dagrun for example_external_task_marker_parent to None
[2022-01-13 23:16:27,116] {processor.py:171} INFO - Processing /home/data-eginner/Documents/Soccer_Data/env/lib/python3.8/site-packages/airflow/example_dags/example_external_task_marker_dag.py took 0.353 seconds
