[2022-01-13 23:04:06,195] {processor.py:163} INFO - Started process (PID=23932) to work on /home/data-eginner/Documents/Soccer_Data/env/lib/python3.8/site-packages/airflow/example_dags/example_xcomargs.py
[2022-01-13 23:04:06,304] {processor.py:642} INFO - Processing file /home/data-eginner/Documents/Soccer_Data/env/lib/python3.8/site-packages/airflow/example_dags/example_xcomargs.py for tasks to queue
[2022-01-13 23:04:06,305] {logging_mixin.py:109} INFO - [2022-01-13 23:04:06,305] {dagbag.py:500} INFO - Filling up the DagBag from /home/data-eginner/Documents/Soccer_Data/env/lib/python3.8/site-packages/airflow/example_dags/example_xcomargs.py
[2022-01-13 23:04:06,448] {processor.py:654} INFO - DAG(s) dict_keys(['example_xcom_args', 'example_xcom_args_with_operators']) retrieved from /home/data-eginner/Documents/Soccer_Data/env/lib/python3.8/site-packages/airflow/example_dags/example_xcomargs.py
[2022-01-13 23:04:06,452] {logging_mixin.py:109} INFO - [2022-01-13 23:04:06,452] {dag.py:2396} INFO - Sync 2 DAGs
[2022-01-13 23:04:06,506] {logging_mixin.py:109} INFO - [2022-01-13 23:04:06,506] {dag.py:2935} INFO - Setting next_dagrun for example_xcom_args to None
[2022-01-13 23:04:06,507] {logging_mixin.py:109} INFO - [2022-01-13 23:04:06,506] {dag.py:2935} INFO - Setting next_dagrun for example_xcom_args_with_operators to None
[2022-01-13 23:04:06,576] {processor.py:171} INFO - Processing /home/data-eginner/Documents/Soccer_Data/env/lib/python3.8/site-packages/airflow/example_dags/example_xcomargs.py took 0.384 seconds
[2022-01-13 23:04:49,089] {processor.py:163} INFO - Started process (PID=24133) to work on /home/data-eginner/Documents/Soccer_Data/env/lib/python3.8/site-packages/airflow/example_dags/example_xcomargs.py
[2022-01-13 23:04:49,092] {processor.py:642} INFO - Processing file /home/data-eginner/Documents/Soccer_Data/env/lib/python3.8/site-packages/airflow/example_dags/example_xcomargs.py for tasks to queue
[2022-01-13 23:04:49,093] {logging_mixin.py:109} INFO - [2022-01-13 23:04:49,093] {dagbag.py:500} INFO - Filling up the DagBag from /home/data-eginner/Documents/Soccer_Data/env/lib/python3.8/site-packages/airflow/example_dags/example_xcomargs.py
[2022-01-13 23:04:49,152] {processor.py:654} INFO - DAG(s) dict_keys(['example_xcom_args', 'example_xcom_args_with_operators']) retrieved from /home/data-eginner/Documents/Soccer_Data/env/lib/python3.8/site-packages/airflow/example_dags/example_xcomargs.py
[2022-01-13 23:04:49,458] {logging_mixin.py:109} INFO - [2022-01-13 23:04:49,458] {dag.py:2396} INFO - Sync 2 DAGs
[2022-01-13 23:04:49,479] {logging_mixin.py:109} INFO - [2022-01-13 23:04:49,479] {dag.py:2935} INFO - Setting next_dagrun for example_xcom_args to None
[2022-01-13 23:04:49,480] {logging_mixin.py:109} INFO - [2022-01-13 23:04:49,480] {dag.py:2935} INFO - Setting next_dagrun for example_xcom_args_with_operators to None
[2022-01-13 23:04:49,495] {processor.py:171} INFO - Processing /home/data-eginner/Documents/Soccer_Data/env/lib/python3.8/site-packages/airflow/example_dags/example_xcomargs.py took 0.409 seconds
[2022-01-13 23:05:29,601] {processor.py:163} INFO - Started process (PID=24514) to work on /home/data-eginner/Documents/Soccer_Data/env/lib/python3.8/site-packages/airflow/example_dags/example_xcomargs.py
[2022-01-13 23:05:29,616] {processor.py:642} INFO - Processing file /home/data-eginner/Documents/Soccer_Data/env/lib/python3.8/site-packages/airflow/example_dags/example_xcomargs.py for tasks to queue
[2022-01-13 23:05:29,617] {logging_mixin.py:109} INFO - [2022-01-13 23:05:29,617] {dagbag.py:500} INFO - Filling up the DagBag from /home/data-eginner/Documents/Soccer_Data/env/lib/python3.8/site-packages/airflow/example_dags/example_xcomargs.py
[2022-01-13 23:05:29,671] {processor.py:654} INFO - DAG(s) dict_keys(['example_xcom_args', 'example_xcom_args_with_operators']) retrieved from /home/data-eginner/Documents/Soccer_Data/env/lib/python3.8/site-packages/airflow/example_dags/example_xcomargs.py
[2022-01-13 23:05:30,220] {logging_mixin.py:109} INFO - [2022-01-13 23:05:30,220] {dag.py:2396} INFO - Sync 2 DAGs
[2022-01-13 23:05:30,269] {logging_mixin.py:109} INFO - [2022-01-13 23:05:30,269] {dag.py:2935} INFO - Setting next_dagrun for example_xcom_args to None
[2022-01-13 23:05:30,269] {logging_mixin.py:109} INFO - [2022-01-13 23:05:30,269] {dag.py:2935} INFO - Setting next_dagrun for example_xcom_args_with_operators to None
[2022-01-13 23:05:30,298] {processor.py:171} INFO - Processing /home/data-eginner/Documents/Soccer_Data/env/lib/python3.8/site-packages/airflow/example_dags/example_xcomargs.py took 0.700 seconds
[2022-01-13 23:06:07,803] {processor.py:163} INFO - Started process (PID=24703) to work on /home/data-eginner/Documents/Soccer_Data/env/lib/python3.8/site-packages/airflow/example_dags/example_xcomargs.py
[2022-01-13 23:06:07,817] {processor.py:642} INFO - Processing file /home/data-eginner/Documents/Soccer_Data/env/lib/python3.8/site-packages/airflow/example_dags/example_xcomargs.py for tasks to queue
[2022-01-13 23:06:07,817] {logging_mixin.py:109} INFO - [2022-01-13 23:06:07,817] {dagbag.py:500} INFO - Filling up the DagBag from /home/data-eginner/Documents/Soccer_Data/env/lib/python3.8/site-packages/airflow/example_dags/example_xcomargs.py
[2022-01-13 23:06:07,995] {processor.py:654} INFO - DAG(s) dict_keys(['example_xcom_args', 'example_xcom_args_with_operators']) retrieved from /home/data-eginner/Documents/Soccer_Data/env/lib/python3.8/site-packages/airflow/example_dags/example_xcomargs.py
[2022-01-13 23:06:08,600] {logging_mixin.py:109} INFO - [2022-01-13 23:06:08,600] {dag.py:2396} INFO - Sync 2 DAGs
[2022-01-13 23:06:08,609] {logging_mixin.py:109} INFO - [2022-01-13 23:06:08,609] {dag.py:2935} INFO - Setting next_dagrun for example_xcom_args to None
[2022-01-13 23:06:08,610] {logging_mixin.py:109} INFO - [2022-01-13 23:06:08,610] {dag.py:2935} INFO - Setting next_dagrun for example_xcom_args_with_operators to None
[2022-01-13 23:06:08,643] {processor.py:171} INFO - Processing /home/data-eginner/Documents/Soccer_Data/env/lib/python3.8/site-packages/airflow/example_dags/example_xcomargs.py took 0.842 seconds
[2022-01-13 23:06:50,699] {processor.py:163} INFO - Started process (PID=24878) to work on /home/data-eginner/Documents/Soccer_Data/env/lib/python3.8/site-packages/airflow/example_dags/example_xcomargs.py
[2022-01-13 23:06:50,708] {processor.py:642} INFO - Processing file /home/data-eginner/Documents/Soccer_Data/env/lib/python3.8/site-packages/airflow/example_dags/example_xcomargs.py for tasks to queue
[2022-01-13 23:06:50,709] {logging_mixin.py:109} INFO - [2022-01-13 23:06:50,709] {dagbag.py:500} INFO - Filling up the DagBag from /home/data-eginner/Documents/Soccer_Data/env/lib/python3.8/site-packages/airflow/example_dags/example_xcomargs.py
[2022-01-13 23:06:50,873] {processor.py:654} INFO - DAG(s) dict_keys(['example_xcom_args', 'example_xcom_args_with_operators']) retrieved from /home/data-eginner/Documents/Soccer_Data/env/lib/python3.8/site-packages/airflow/example_dags/example_xcomargs.py
[2022-01-13 23:06:52,127] {logging_mixin.py:109} INFO - [2022-01-13 23:06:52,126] {dag.py:2396} INFO - Sync 2 DAGs
[2022-01-13 23:06:52,164] {logging_mixin.py:109} INFO - [2022-01-13 23:06:52,164] {dag.py:2935} INFO - Setting next_dagrun for example_xcom_args to None
[2022-01-13 23:06:52,164] {logging_mixin.py:109} INFO - [2022-01-13 23:06:52,164] {dag.py:2935} INFO - Setting next_dagrun for example_xcom_args_with_operators to None
[2022-01-13 23:06:52,267] {processor.py:171} INFO - Processing /home/data-eginner/Documents/Soccer_Data/env/lib/python3.8/site-packages/airflow/example_dags/example_xcomargs.py took 1.583 seconds
[2022-01-13 23:10:13,752] {processor.py:163} INFO - Started process (PID=25166) to work on /home/data-eginner/Documents/Soccer_Data/env/lib/python3.8/site-packages/airflow/example_dags/example_xcomargs.py
[2022-01-13 23:10:13,754] {processor.py:642} INFO - Processing file /home/data-eginner/Documents/Soccer_Data/env/lib/python3.8/site-packages/airflow/example_dags/example_xcomargs.py for tasks to queue
[2022-01-13 23:10:13,754] {logging_mixin.py:109} INFO - [2022-01-13 23:10:13,754] {dagbag.py:500} INFO - Filling up the DagBag from /home/data-eginner/Documents/Soccer_Data/env/lib/python3.8/site-packages/airflow/example_dags/example_xcomargs.py
[2022-01-13 23:10:13,860] {processor.py:654} INFO - DAG(s) dict_keys(['example_xcom_args', 'example_xcom_args_with_operators']) retrieved from /home/data-eginner/Documents/Soccer_Data/env/lib/python3.8/site-packages/airflow/example_dags/example_xcomargs.py
[2022-01-13 23:10:13,868] {logging_mixin.py:109} INFO - [2022-01-13 23:10:13,868] {dag.py:2396} INFO - Sync 2 DAGs
[2022-01-13 23:10:13,893] {logging_mixin.py:109} INFO - [2022-01-13 23:10:13,893] {dag.py:2935} INFO - Setting next_dagrun for example_xcom_args to None
[2022-01-13 23:10:13,893] {logging_mixin.py:109} INFO - [2022-01-13 23:10:13,893] {dag.py:2935} INFO - Setting next_dagrun for example_xcom_args_with_operators to None
[2022-01-13 23:10:14,092] {processor.py:171} INFO - Processing /home/data-eginner/Documents/Soccer_Data/env/lib/python3.8/site-packages/airflow/example_dags/example_xcomargs.py took 0.408 seconds
[2022-01-13 23:11:09,497] {processor.py:163} INFO - Started process (PID=25367) to work on /home/data-eginner/Documents/Soccer_Data/env/lib/python3.8/site-packages/airflow/example_dags/example_xcomargs.py
[2022-01-13 23:11:09,505] {processor.py:642} INFO - Processing file /home/data-eginner/Documents/Soccer_Data/env/lib/python3.8/site-packages/airflow/example_dags/example_xcomargs.py for tasks to queue
[2022-01-13 23:11:09,506] {logging_mixin.py:109} INFO - [2022-01-13 23:11:09,506] {dagbag.py:500} INFO - Filling up the DagBag from /home/data-eginner/Documents/Soccer_Data/env/lib/python3.8/site-packages/airflow/example_dags/example_xcomargs.py
[2022-01-13 23:11:09,594] {processor.py:654} INFO - DAG(s) dict_keys(['example_xcom_args', 'example_xcom_args_with_operators']) retrieved from /home/data-eginner/Documents/Soccer_Data/env/lib/python3.8/site-packages/airflow/example_dags/example_xcomargs.py
[2022-01-13 23:11:09,888] {logging_mixin.py:109} INFO - [2022-01-13 23:11:09,888] {dag.py:2396} INFO - Sync 2 DAGs
[2022-01-13 23:11:09,900] {logging_mixin.py:109} INFO - [2022-01-13 23:11:09,900] {dag.py:2935} INFO - Setting next_dagrun for example_xcom_args to None
[2022-01-13 23:11:09,904] {logging_mixin.py:109} INFO - [2022-01-13 23:11:09,904] {dag.py:2935} INFO - Setting next_dagrun for example_xcom_args_with_operators to None
[2022-01-13 23:11:09,922] {processor.py:171} INFO - Processing /home/data-eginner/Documents/Soccer_Data/env/lib/python3.8/site-packages/airflow/example_dags/example_xcomargs.py took 0.429 seconds
[2022-01-13 23:13:35,817] {processor.py:163} INFO - Started process (PID=25563) to work on /home/data-eginner/Documents/Soccer_Data/env/lib/python3.8/site-packages/airflow/example_dags/example_xcomargs.py
[2022-01-13 23:13:35,852] {processor.py:642} INFO - Processing file /home/data-eginner/Documents/Soccer_Data/env/lib/python3.8/site-packages/airflow/example_dags/example_xcomargs.py for tasks to queue
[2022-01-13 23:13:35,853] {logging_mixin.py:109} INFO - [2022-01-13 23:13:35,852] {dagbag.py:500} INFO - Filling up the DagBag from /home/data-eginner/Documents/Soccer_Data/env/lib/python3.8/site-packages/airflow/example_dags/example_xcomargs.py
[2022-01-13 23:13:36,116] {processor.py:654} INFO - DAG(s) dict_keys(['example_xcom_args', 'example_xcom_args_with_operators']) retrieved from /home/data-eginner/Documents/Soccer_Data/env/lib/python3.8/site-packages/airflow/example_dags/example_xcomargs.py
[2022-01-13 23:13:36,202] {logging_mixin.py:109} INFO - [2022-01-13 23:13:36,201] {dag.py:2396} INFO - Sync 2 DAGs
[2022-01-13 23:13:36,267] {logging_mixin.py:109} INFO - [2022-01-13 23:13:36,267] {dag.py:2935} INFO - Setting next_dagrun for example_xcom_args to None
[2022-01-13 23:13:36,268] {logging_mixin.py:109} INFO - [2022-01-13 23:13:36,267] {dag.py:2935} INFO - Setting next_dagrun for example_xcom_args_with_operators to None
[2022-01-13 23:13:36,318] {processor.py:171} INFO - Processing /home/data-eginner/Documents/Soccer_Data/env/lib/python3.8/site-packages/airflow/example_dags/example_xcomargs.py took 0.610 seconds
[2022-01-13 23:14:34,727] {processor.py:163} INFO - Started process (PID=25770) to work on /home/data-eginner/Documents/Soccer_Data/env/lib/python3.8/site-packages/airflow/example_dags/example_xcomargs.py
[2022-01-13 23:14:34,756] {processor.py:642} INFO - Processing file /home/data-eginner/Documents/Soccer_Data/env/lib/python3.8/site-packages/airflow/example_dags/example_xcomargs.py for tasks to queue
[2022-01-13 23:14:34,757] {logging_mixin.py:109} INFO - [2022-01-13 23:14:34,757] {dagbag.py:500} INFO - Filling up the DagBag from /home/data-eginner/Documents/Soccer_Data/env/lib/python3.8/site-packages/airflow/example_dags/example_xcomargs.py
[2022-01-13 23:14:34,899] {processor.py:654} INFO - DAG(s) dict_keys(['example_xcom_args', 'example_xcom_args_with_operators']) retrieved from /home/data-eginner/Documents/Soccer_Data/env/lib/python3.8/site-packages/airflow/example_dags/example_xcomargs.py
[2022-01-13 23:14:35,928] {logging_mixin.py:109} INFO - [2022-01-13 23:14:35,928] {dag.py:2396} INFO - Sync 2 DAGs
[2022-01-13 23:14:35,950] {logging_mixin.py:109} INFO - [2022-01-13 23:14:35,950] {dag.py:2935} INFO - Setting next_dagrun for example_xcom_args to None
[2022-01-13 23:14:35,950] {logging_mixin.py:109} INFO - [2022-01-13 23:14:35,950] {dag.py:2935} INFO - Setting next_dagrun for example_xcom_args_with_operators to None
[2022-01-13 23:14:36,009] {processor.py:171} INFO - Processing /home/data-eginner/Documents/Soccer_Data/env/lib/python3.8/site-packages/airflow/example_dags/example_xcomargs.py took 1.285 seconds
[2022-01-13 23:15:49,343] {processor.py:163} INFO - Started process (PID=26086) to work on /home/data-eginner/Documents/Soccer_Data/env/lib/python3.8/site-packages/airflow/example_dags/example_xcomargs.py
[2022-01-13 23:15:49,349] {processor.py:642} INFO - Processing file /home/data-eginner/Documents/Soccer_Data/env/lib/python3.8/site-packages/airflow/example_dags/example_xcomargs.py for tasks to queue
[2022-01-13 23:15:49,350] {logging_mixin.py:109} INFO - [2022-01-13 23:15:49,350] {dagbag.py:500} INFO - Filling up the DagBag from /home/data-eginner/Documents/Soccer_Data/env/lib/python3.8/site-packages/airflow/example_dags/example_xcomargs.py
[2022-01-13 23:15:49,409] {processor.py:654} INFO - DAG(s) dict_keys(['example_xcom_args', 'example_xcom_args_with_operators']) retrieved from /home/data-eginner/Documents/Soccer_Data/env/lib/python3.8/site-packages/airflow/example_dags/example_xcomargs.py
[2022-01-13 23:15:49,984] {logging_mixin.py:109} INFO - [2022-01-13 23:15:49,979] {dag.py:2396} INFO - Sync 2 DAGs
[2022-01-13 23:15:50,003] {logging_mixin.py:109} INFO - [2022-01-13 23:15:50,003] {dag.py:2935} INFO - Setting next_dagrun for example_xcom_args to None
[2022-01-13 23:15:50,004] {logging_mixin.py:109} INFO - [2022-01-13 23:15:50,004] {dag.py:2935} INFO - Setting next_dagrun for example_xcom_args_with_operators to None
[2022-01-13 23:15:50,034] {processor.py:171} INFO - Processing /home/data-eginner/Documents/Soccer_Data/env/lib/python3.8/site-packages/airflow/example_dags/example_xcomargs.py took 0.707 seconds
