[2022-01-13 23:04:27,613] {processor.py:163} INFO - Started process (PID=24026) to work on /home/data-eginner/Documents/Soccer_Data/env/lib/python3.8/site-packages/airflow/example_dags/example_branch_day_of_week_operator.py
[2022-01-13 23:04:27,614] {processor.py:642} INFO - Processing file /home/data-eginner/Documents/Soccer_Data/env/lib/python3.8/site-packages/airflow/example_dags/example_branch_day_of_week_operator.py for tasks to queue
[2022-01-13 23:04:27,614] {logging_mixin.py:109} INFO - [2022-01-13 23:04:27,614] {dagbag.py:500} INFO - Filling up the DagBag from /home/data-eginner/Documents/Soccer_Data/env/lib/python3.8/site-packages/airflow/example_dags/example_branch_day_of_week_operator.py
[2022-01-13 23:04:27,667] {processor.py:654} INFO - DAG(s) dict_keys(['example_weekday_branch_operator']) retrieved from /home/data-eginner/Documents/Soccer_Data/env/lib/python3.8/site-packages/airflow/example_dags/example_branch_day_of_week_operator.py
[2022-01-13 23:04:27,687] {logging_mixin.py:109} INFO - [2022-01-13 23:04:27,687] {dag.py:2396} INFO - Sync 1 DAGs
[2022-01-13 23:04:27,709] {logging_mixin.py:109} INFO - [2022-01-13 23:04:27,709] {dag.py:2935} INFO - Setting next_dagrun for example_weekday_branch_operator to 2022-01-13 00:00:00+00:00
[2022-01-13 23:04:27,734] {processor.py:171} INFO - Processing /home/data-eginner/Documents/Soccer_Data/env/lib/python3.8/site-packages/airflow/example_dags/example_branch_day_of_week_operator.py took 0.124 seconds
[2022-01-13 23:05:04,639] {processor.py:163} INFO - Started process (PID=24204) to work on /home/data-eginner/Documents/Soccer_Data/env/lib/python3.8/site-packages/airflow/example_dags/example_branch_day_of_week_operator.py
[2022-01-13 23:05:04,653] {processor.py:642} INFO - Processing file /home/data-eginner/Documents/Soccer_Data/env/lib/python3.8/site-packages/airflow/example_dags/example_branch_day_of_week_operator.py for tasks to queue
[2022-01-13 23:05:04,654] {logging_mixin.py:109} INFO - [2022-01-13 23:05:04,654] {dagbag.py:500} INFO - Filling up the DagBag from /home/data-eginner/Documents/Soccer_Data/env/lib/python3.8/site-packages/airflow/example_dags/example_branch_day_of_week_operator.py
[2022-01-13 23:05:04,693] {processor.py:654} INFO - DAG(s) dict_keys(['example_weekday_branch_operator']) retrieved from /home/data-eginner/Documents/Soccer_Data/env/lib/python3.8/site-packages/airflow/example_dags/example_branch_day_of_week_operator.py
[2022-01-13 23:05:04,704] {logging_mixin.py:109} INFO - [2022-01-13 23:05:04,704] {dag.py:2396} INFO - Sync 1 DAGs
[2022-01-13 23:05:04,723] {logging_mixin.py:109} INFO - [2022-01-13 23:05:04,723] {dag.py:2935} INFO - Setting next_dagrun for example_weekday_branch_operator to 2022-01-13 00:00:00+00:00
[2022-01-13 23:05:04,740] {processor.py:171} INFO - Processing /home/data-eginner/Documents/Soccer_Data/env/lib/python3.8/site-packages/airflow/example_dags/example_branch_day_of_week_operator.py took 0.105 seconds
[2022-01-13 23:05:47,458] {processor.py:163} INFO - Started process (PID=24603) to work on /home/data-eginner/Documents/Soccer_Data/env/lib/python3.8/site-packages/airflow/example_dags/example_branch_day_of_week_operator.py
[2022-01-13 23:05:47,463] {processor.py:642} INFO - Processing file /home/data-eginner/Documents/Soccer_Data/env/lib/python3.8/site-packages/airflow/example_dags/example_branch_day_of_week_operator.py for tasks to queue
[2022-01-13 23:05:47,464] {logging_mixin.py:109} INFO - [2022-01-13 23:05:47,464] {dagbag.py:500} INFO - Filling up the DagBag from /home/data-eginner/Documents/Soccer_Data/env/lib/python3.8/site-packages/airflow/example_dags/example_branch_day_of_week_operator.py
[2022-01-13 23:05:47,496] {processor.py:654} INFO - DAG(s) dict_keys(['example_weekday_branch_operator']) retrieved from /home/data-eginner/Documents/Soccer_Data/env/lib/python3.8/site-packages/airflow/example_dags/example_branch_day_of_week_operator.py
[2022-01-13 23:05:47,508] {logging_mixin.py:109} INFO - [2022-01-13 23:05:47,508] {dag.py:2396} INFO - Sync 1 DAGs
[2022-01-13 23:05:47,536] {logging_mixin.py:109} INFO - [2022-01-13 23:05:47,536] {dag.py:2935} INFO - Setting next_dagrun for example_weekday_branch_operator to 2022-01-13 00:00:00+00:00
[2022-01-13 23:05:47,575] {processor.py:171} INFO - Processing /home/data-eginner/Documents/Soccer_Data/env/lib/python3.8/site-packages/airflow/example_dags/example_branch_day_of_week_operator.py took 0.122 seconds
[2022-01-13 23:06:28,788] {processor.py:163} INFO - Started process (PID=24790) to work on /home/data-eginner/Documents/Soccer_Data/env/lib/python3.8/site-packages/airflow/example_dags/example_branch_day_of_week_operator.py
[2022-01-13 23:06:28,809] {processor.py:642} INFO - Processing file /home/data-eginner/Documents/Soccer_Data/env/lib/python3.8/site-packages/airflow/example_dags/example_branch_day_of_week_operator.py for tasks to queue
[2022-01-13 23:06:28,810] {logging_mixin.py:109} INFO - [2022-01-13 23:06:28,810] {dagbag.py:500} INFO - Filling up the DagBag from /home/data-eginner/Documents/Soccer_Data/env/lib/python3.8/site-packages/airflow/example_dags/example_branch_day_of_week_operator.py
[2022-01-13 23:06:28,866] {processor.py:654} INFO - DAG(s) dict_keys(['example_weekday_branch_operator']) retrieved from /home/data-eginner/Documents/Soccer_Data/env/lib/python3.8/site-packages/airflow/example_dags/example_branch_day_of_week_operator.py
[2022-01-13 23:06:28,888] {logging_mixin.py:109} INFO - [2022-01-13 23:06:28,888] {dag.py:2396} INFO - Sync 1 DAGs
[2022-01-13 23:06:28,988] {logging_mixin.py:109} INFO - [2022-01-13 23:06:28,975] {dag.py:2935} INFO - Setting next_dagrun for example_weekday_branch_operator to 2022-01-13 00:00:00+00:00
[2022-01-13 23:06:29,075] {processor.py:171} INFO - Processing /home/data-eginner/Documents/Soccer_Data/env/lib/python3.8/site-packages/airflow/example_dags/example_branch_day_of_week_operator.py took 0.289 seconds
[2022-01-13 23:07:10,970] {processor.py:163} INFO - Started process (PID=24964) to work on /home/data-eginner/Documents/Soccer_Data/env/lib/python3.8/site-packages/airflow/example_dags/example_branch_day_of_week_operator.py
[2022-01-13 23:07:10,978] {processor.py:642} INFO - Processing file /home/data-eginner/Documents/Soccer_Data/env/lib/python3.8/site-packages/airflow/example_dags/example_branch_day_of_week_operator.py for tasks to queue
[2022-01-13 23:07:10,979] {logging_mixin.py:109} INFO - [2022-01-13 23:07:10,979] {dagbag.py:500} INFO - Filling up the DagBag from /home/data-eginner/Documents/Soccer_Data/env/lib/python3.8/site-packages/airflow/example_dags/example_branch_day_of_week_operator.py
[2022-01-13 23:07:11,097] {processor.py:654} INFO - DAG(s) dict_keys(['example_weekday_branch_operator']) retrieved from /home/data-eginner/Documents/Soccer_Data/env/lib/python3.8/site-packages/airflow/example_dags/example_branch_day_of_week_operator.py
[2022-01-13 23:07:11,236] {logging_mixin.py:109} INFO - [2022-01-13 23:07:11,236] {dag.py:2396} INFO - Sync 1 DAGs
[2022-01-13 23:07:11,302] {logging_mixin.py:109} INFO - [2022-01-13 23:07:11,302] {dag.py:2935} INFO - Setting next_dagrun for example_weekday_branch_operator to 2022-01-13 00:00:00+00:00
[2022-01-13 23:07:11,421] {processor.py:171} INFO - Processing /home/data-eginner/Documents/Soccer_Data/env/lib/python3.8/site-packages/airflow/example_dags/example_branch_day_of_week_operator.py took 0.473 seconds
[2022-01-13 23:10:43,565] {processor.py:163} INFO - Started process (PID=25262) to work on /home/data-eginner/Documents/Soccer_Data/env/lib/python3.8/site-packages/airflow/example_dags/example_branch_day_of_week_operator.py
[2022-01-13 23:10:43,567] {processor.py:642} INFO - Processing file /home/data-eginner/Documents/Soccer_Data/env/lib/python3.8/site-packages/airflow/example_dags/example_branch_day_of_week_operator.py for tasks to queue
[2022-01-13 23:10:43,568] {logging_mixin.py:109} INFO - [2022-01-13 23:10:43,567] {dagbag.py:500} INFO - Filling up the DagBag from /home/data-eginner/Documents/Soccer_Data/env/lib/python3.8/site-packages/airflow/example_dags/example_branch_day_of_week_operator.py
[2022-01-13 23:10:43,686] {processor.py:654} INFO - DAG(s) dict_keys(['example_weekday_branch_operator']) retrieved from /home/data-eginner/Documents/Soccer_Data/env/lib/python3.8/site-packages/airflow/example_dags/example_branch_day_of_week_operator.py
[2022-01-13 23:10:43,810] {logging_mixin.py:109} INFO - [2022-01-13 23:10:43,810] {dag.py:2396} INFO - Sync 1 DAGs
[2022-01-13 23:10:43,890] {logging_mixin.py:109} INFO - [2022-01-13 23:10:43,890] {dag.py:2935} INFO - Setting next_dagrun for example_weekday_branch_operator to 2022-01-13 00:00:00+00:00
[2022-01-13 23:10:43,975] {processor.py:171} INFO - Processing /home/data-eginner/Documents/Soccer_Data/env/lib/python3.8/site-packages/airflow/example_dags/example_branch_day_of_week_operator.py took 0.462 seconds
[2022-01-13 23:14:04,819] {processor.py:163} INFO - Started process (PID=25676) to work on /home/data-eginner/Documents/Soccer_Data/env/lib/python3.8/site-packages/airflow/example_dags/example_branch_day_of_week_operator.py
[2022-01-13 23:14:04,885] {processor.py:642} INFO - Processing file /home/data-eginner/Documents/Soccer_Data/env/lib/python3.8/site-packages/airflow/example_dags/example_branch_day_of_week_operator.py for tasks to queue
[2022-01-13 23:14:04,886] {logging_mixin.py:109} INFO - [2022-01-13 23:14:04,886] {dagbag.py:500} INFO - Filling up the DagBag from /home/data-eginner/Documents/Soccer_Data/env/lib/python3.8/site-packages/airflow/example_dags/example_branch_day_of_week_operator.py
[2022-01-13 23:14:05,226] {processor.py:654} INFO - DAG(s) dict_keys(['example_weekday_branch_operator']) retrieved from /home/data-eginner/Documents/Soccer_Data/env/lib/python3.8/site-packages/airflow/example_dags/example_branch_day_of_week_operator.py
[2022-01-13 23:14:05,240] {logging_mixin.py:109} INFO - [2022-01-13 23:14:05,240] {dag.py:2396} INFO - Sync 1 DAGs
[2022-01-13 23:14:05,310] {logging_mixin.py:109} INFO - [2022-01-13 23:14:05,310] {dag.py:2935} INFO - Setting next_dagrun for example_weekday_branch_operator to 2022-01-13 00:00:00+00:00
[2022-01-13 23:14:05,343] {processor.py:171} INFO - Processing /home/data-eginner/Documents/Soccer_Data/env/lib/python3.8/site-packages/airflow/example_dags/example_branch_day_of_week_operator.py took 0.526 seconds
[2022-01-13 23:14:55,722] {processor.py:163} INFO - Started process (PID=25844) to work on /home/data-eginner/Documents/Soccer_Data/env/lib/python3.8/site-packages/airflow/example_dags/example_branch_day_of_week_operator.py
[2022-01-13 23:14:55,736] {processor.py:642} INFO - Processing file /home/data-eginner/Documents/Soccer_Data/env/lib/python3.8/site-packages/airflow/example_dags/example_branch_day_of_week_operator.py for tasks to queue
[2022-01-13 23:14:55,775] {logging_mixin.py:109} INFO - [2022-01-13 23:14:55,775] {dagbag.py:500} INFO - Filling up the DagBag from /home/data-eginner/Documents/Soccer_Data/env/lib/python3.8/site-packages/airflow/example_dags/example_branch_day_of_week_operator.py
[2022-01-13 23:14:55,914] {processor.py:654} INFO - DAG(s) dict_keys(['example_weekday_branch_operator']) retrieved from /home/data-eginner/Documents/Soccer_Data/env/lib/python3.8/site-packages/airflow/example_dags/example_branch_day_of_week_operator.py
[2022-01-13 23:14:55,991] {logging_mixin.py:109} INFO - [2022-01-13 23:14:55,921] {dag.py:2396} INFO - Sync 1 DAGs
[2022-01-13 23:14:56,162] {logging_mixin.py:109} INFO - [2022-01-13 23:14:56,162] {dag.py:2935} INFO - Setting next_dagrun for example_weekday_branch_operator to 2022-01-13 00:00:00+00:00
[2022-01-13 23:14:56,206] {processor.py:171} INFO - Processing /home/data-eginner/Documents/Soccer_Data/env/lib/python3.8/site-packages/airflow/example_dags/example_branch_day_of_week_operator.py took 0.491 seconds
[2022-01-13 23:16:07,879] {processor.py:163} INFO - Started process (PID=26159) to work on /home/data-eginner/Documents/Soccer_Data/env/lib/python3.8/site-packages/airflow/example_dags/example_branch_day_of_week_operator.py
[2022-01-13 23:16:07,881] {processor.py:642} INFO - Processing file /home/data-eginner/Documents/Soccer_Data/env/lib/python3.8/site-packages/airflow/example_dags/example_branch_day_of_week_operator.py for tasks to queue
[2022-01-13 23:16:07,882] {logging_mixin.py:109} INFO - [2022-01-13 23:16:07,881] {dagbag.py:500} INFO - Filling up the DagBag from /home/data-eginner/Documents/Soccer_Data/env/lib/python3.8/site-packages/airflow/example_dags/example_branch_day_of_week_operator.py
[2022-01-13 23:16:07,950] {processor.py:654} INFO - DAG(s) dict_keys(['example_weekday_branch_operator']) retrieved from /home/data-eginner/Documents/Soccer_Data/env/lib/python3.8/site-packages/airflow/example_dags/example_branch_day_of_week_operator.py
[2022-01-13 23:16:07,964] {logging_mixin.py:109} INFO - [2022-01-13 23:16:07,964] {dag.py:2396} INFO - Sync 1 DAGs
[2022-01-13 23:16:08,002] {logging_mixin.py:109} INFO - [2022-01-13 23:16:08,002] {dag.py:2935} INFO - Setting next_dagrun for example_weekday_branch_operator to 2022-01-13 00:00:00+00:00
[2022-01-13 23:16:08,042] {processor.py:171} INFO - Processing /home/data-eginner/Documents/Soccer_Data/env/lib/python3.8/site-packages/airflow/example_dags/example_branch_day_of_week_operator.py took 0.173 seconds
