[2022-01-13 23:04:02,164] {processor.py:163} INFO - Started process (PID=23909) to work on /home/data-eginner/Documents/Soccer_Data/env/lib/python3.8/site-packages/airflow/example_dags/example_xcom.py
[2022-01-13 23:04:02,165] {processor.py:642} INFO - Processing file /home/data-eginner/Documents/Soccer_Data/env/lib/python3.8/site-packages/airflow/example_dags/example_xcom.py for tasks to queue
[2022-01-13 23:04:02,166] {logging_mixin.py:109} INFO - [2022-01-13 23:04:02,166] {dagbag.py:500} INFO - Filling up the DagBag from /home/data-eginner/Documents/Soccer_Data/env/lib/python3.8/site-packages/airflow/example_dags/example_xcom.py
[2022-01-13 23:04:02,295] {processor.py:654} INFO - DAG(s) dict_keys(['example_xcom']) retrieved from /home/data-eginner/Documents/Soccer_Data/env/lib/python3.8/site-packages/airflow/example_dags/example_xcom.py
[2022-01-13 23:04:02,341] {logging_mixin.py:109} INFO - [2022-01-13 23:04:02,341] {dag.py:2396} INFO - Sync 1 DAGs
[2022-01-13 23:04:02,366] {logging_mixin.py:109} INFO - [2022-01-13 23:04:02,366] {dag.py:2935} INFO - Setting next_dagrun for example_xcom to 2021-01-01T00:00:00+00:00
[2022-01-13 23:04:02,394] {processor.py:171} INFO - Processing /home/data-eginner/Documents/Soccer_Data/env/lib/python3.8/site-packages/airflow/example_dags/example_xcom.py took 0.232 seconds
[2022-01-13 23:04:46,128] {processor.py:163} INFO - Started process (PID=24121) to work on /home/data-eginner/Documents/Soccer_Data/env/lib/python3.8/site-packages/airflow/example_dags/example_xcom.py
[2022-01-13 23:04:46,131] {processor.py:642} INFO - Processing file /home/data-eginner/Documents/Soccer_Data/env/lib/python3.8/site-packages/airflow/example_dags/example_xcom.py for tasks to queue
[2022-01-13 23:04:46,131] {logging_mixin.py:109} INFO - [2022-01-13 23:04:46,131] {dagbag.py:500} INFO - Filling up the DagBag from /home/data-eginner/Documents/Soccer_Data/env/lib/python3.8/site-packages/airflow/example_dags/example_xcom.py
[2022-01-13 23:04:46,171] {processor.py:654} INFO - DAG(s) dict_keys(['example_xcom']) retrieved from /home/data-eginner/Documents/Soccer_Data/env/lib/python3.8/site-packages/airflow/example_dags/example_xcom.py
[2022-01-13 23:04:46,364] {logging_mixin.py:109} INFO - [2022-01-13 23:04:46,364] {dag.py:2396} INFO - Sync 1 DAGs
[2022-01-13 23:04:46,375] {logging_mixin.py:109} INFO - [2022-01-13 23:04:46,375] {dag.py:2935} INFO - Setting next_dagrun for example_xcom to 2021-01-01T00:00:00+00:00
[2022-01-13 23:04:46,391] {processor.py:171} INFO - Processing /home/data-eginner/Documents/Soccer_Data/env/lib/python3.8/site-packages/airflow/example_dags/example_xcom.py took 0.265 seconds
[2022-01-13 23:05:24,685] {processor.py:163} INFO - Started process (PID=24456) to work on /home/data-eginner/Documents/Soccer_Data/env/lib/python3.8/site-packages/airflow/example_dags/example_xcom.py
[2022-01-13 23:05:24,702] {processor.py:642} INFO - Processing file /home/data-eginner/Documents/Soccer_Data/env/lib/python3.8/site-packages/airflow/example_dags/example_xcom.py for tasks to queue
[2022-01-13 23:05:24,702] {logging_mixin.py:109} INFO - [2022-01-13 23:05:24,702] {dagbag.py:500} INFO - Filling up the DagBag from /home/data-eginner/Documents/Soccer_Data/env/lib/python3.8/site-packages/airflow/example_dags/example_xcom.py
[2022-01-13 23:05:24,783] {processor.py:654} INFO - DAG(s) dict_keys(['example_xcom']) retrieved from /home/data-eginner/Documents/Soccer_Data/env/lib/python3.8/site-packages/airflow/example_dags/example_xcom.py
[2022-01-13 23:05:25,357] {logging_mixin.py:109} INFO - [2022-01-13 23:05:25,357] {dag.py:2396} INFO - Sync 1 DAGs
[2022-01-13 23:05:25,416] {logging_mixin.py:109} INFO - [2022-01-13 23:05:25,416] {dag.py:2935} INFO - Setting next_dagrun for example_xcom to 2021-01-01T00:00:00+00:00
[2022-01-13 23:05:25,441] {processor.py:171} INFO - Processing /home/data-eginner/Documents/Soccer_Data/env/lib/python3.8/site-packages/airflow/example_dags/example_xcom.py took 0.759 seconds
[2022-01-13 23:05:59,661] {processor.py:163} INFO - Started process (PID=24658) to work on /home/data-eginner/Documents/Soccer_Data/env/lib/python3.8/site-packages/airflow/example_dags/example_xcom.py
[2022-01-13 23:05:59,662] {processor.py:642} INFO - Processing file /home/data-eginner/Documents/Soccer_Data/env/lib/python3.8/site-packages/airflow/example_dags/example_xcom.py for tasks to queue
[2022-01-13 23:05:59,663] {logging_mixin.py:109} INFO - [2022-01-13 23:05:59,663] {dagbag.py:500} INFO - Filling up the DagBag from /home/data-eginner/Documents/Soccer_Data/env/lib/python3.8/site-packages/airflow/example_dags/example_xcom.py
[2022-01-13 23:05:59,716] {processor.py:654} INFO - DAG(s) dict_keys(['example_xcom']) retrieved from /home/data-eginner/Documents/Soccer_Data/env/lib/python3.8/site-packages/airflow/example_dags/example_xcom.py
[2022-01-13 23:05:59,914] {logging_mixin.py:109} INFO - [2022-01-13 23:05:59,913] {dag.py:2396} INFO - Sync 1 DAGs
[2022-01-13 23:05:59,924] {logging_mixin.py:109} INFO - [2022-01-13 23:05:59,924] {dag.py:2935} INFO - Setting next_dagrun for example_xcom to 2021-01-01T00:00:00+00:00
[2022-01-13 23:05:59,940] {processor.py:171} INFO - Processing /home/data-eginner/Documents/Soccer_Data/env/lib/python3.8/site-packages/airflow/example_dags/example_xcom.py took 0.304 seconds
[2022-01-13 23:06:41,821] {processor.py:163} INFO - Started process (PID=24847) to work on /home/data-eginner/Documents/Soccer_Data/env/lib/python3.8/site-packages/airflow/example_dags/example_xcom.py
[2022-01-13 23:06:41,827] {processor.py:642} INFO - Processing file /home/data-eginner/Documents/Soccer_Data/env/lib/python3.8/site-packages/airflow/example_dags/example_xcom.py for tasks to queue
[2022-01-13 23:06:41,829] {logging_mixin.py:109} INFO - [2022-01-13 23:06:41,829] {dagbag.py:500} INFO - Filling up the DagBag from /home/data-eginner/Documents/Soccer_Data/env/lib/python3.8/site-packages/airflow/example_dags/example_xcom.py
[2022-01-13 23:06:41,881] {processor.py:654} INFO - DAG(s) dict_keys(['example_xcom']) retrieved from /home/data-eginner/Documents/Soccer_Data/env/lib/python3.8/site-packages/airflow/example_dags/example_xcom.py
[2022-01-13 23:06:42,107] {logging_mixin.py:109} INFO - [2022-01-13 23:06:42,107] {dag.py:2396} INFO - Sync 1 DAGs
[2022-01-13 23:06:42,117] {logging_mixin.py:109} INFO - [2022-01-13 23:06:42,117] {dag.py:2935} INFO - Setting next_dagrun for example_xcom to 2021-01-01T00:00:00+00:00
[2022-01-13 23:06:42,132] {processor.py:171} INFO - Processing /home/data-eginner/Documents/Soccer_Data/env/lib/python3.8/site-packages/airflow/example_dags/example_xcom.py took 0.320 seconds
[2022-01-13 23:07:20,390] {processor.py:163} INFO - Started process (PID=25004) to work on /home/data-eginner/Documents/Soccer_Data/env/lib/python3.8/site-packages/airflow/example_dags/example_xcom.py
[2022-01-13 23:07:20,393] {processor.py:642} INFO - Processing file /home/data-eginner/Documents/Soccer_Data/env/lib/python3.8/site-packages/airflow/example_dags/example_xcom.py for tasks to queue
[2022-01-13 23:07:20,394] {logging_mixin.py:109} INFO - [2022-01-13 23:07:20,394] {dagbag.py:500} INFO - Filling up the DagBag from /home/data-eginner/Documents/Soccer_Data/env/lib/python3.8/site-packages/airflow/example_dags/example_xcom.py
[2022-01-13 23:07:20,604] {processor.py:654} INFO - DAG(s) dict_keys(['example_xcom']) retrieved from /home/data-eginner/Documents/Soccer_Data/env/lib/python3.8/site-packages/airflow/example_dags/example_xcom.py
[2022-01-13 23:07:21,104] {logging_mixin.py:109} INFO - [2022-01-13 23:07:21,104] {dag.py:2396} INFO - Sync 1 DAGs
[2022-01-13 23:07:21,113] {logging_mixin.py:109} INFO - [2022-01-13 23:07:21,113] {dag.py:2935} INFO - Setting next_dagrun for example_xcom to 2021-01-01T00:00:00+00:00
[2022-01-13 23:07:21,161] {processor.py:171} INFO - Processing /home/data-eginner/Documents/Soccer_Data/env/lib/python3.8/site-packages/airflow/example_dags/example_xcom.py took 0.798 seconds
[2022-01-13 23:10:09,621] {processor.py:163} INFO - Started process (PID=25146) to work on /home/data-eginner/Documents/Soccer_Data/env/lib/python3.8/site-packages/airflow/example_dags/example_xcom.py
[2022-01-13 23:10:09,638] {processor.py:642} INFO - Processing file /home/data-eginner/Documents/Soccer_Data/env/lib/python3.8/site-packages/airflow/example_dags/example_xcom.py for tasks to queue
[2022-01-13 23:10:09,639] {logging_mixin.py:109} INFO - [2022-01-13 23:10:09,638] {dagbag.py:500} INFO - Filling up the DagBag from /home/data-eginner/Documents/Soccer_Data/env/lib/python3.8/site-packages/airflow/example_dags/example_xcom.py
[2022-01-13 23:10:09,781] {processor.py:654} INFO - DAG(s) dict_keys(['example_xcom']) retrieved from /home/data-eginner/Documents/Soccer_Data/env/lib/python3.8/site-packages/airflow/example_dags/example_xcom.py
[2022-01-13 23:10:09,795] {logging_mixin.py:109} INFO - [2022-01-13 23:10:09,795] {dag.py:2396} INFO - Sync 1 DAGs
[2022-01-13 23:10:09,838] {logging_mixin.py:109} INFO - [2022-01-13 23:10:09,838] {dag.py:2935} INFO - Setting next_dagrun for example_xcom to 2021-01-01T00:00:00+00:00
[2022-01-13 23:10:09,856] {processor.py:171} INFO - Processing /home/data-eginner/Documents/Soccer_Data/env/lib/python3.8/site-packages/airflow/example_dags/example_xcom.py took 0.237 seconds
[2022-01-13 23:11:03,937] {processor.py:163} INFO - Started process (PID=25350) to work on /home/data-eginner/Documents/Soccer_Data/env/lib/python3.8/site-packages/airflow/example_dags/example_xcom.py
[2022-01-13 23:11:03,952] {processor.py:642} INFO - Processing file /home/data-eginner/Documents/Soccer_Data/env/lib/python3.8/site-packages/airflow/example_dags/example_xcom.py for tasks to queue
[2022-01-13 23:11:03,953] {logging_mixin.py:109} INFO - [2022-01-13 23:11:03,953] {dagbag.py:500} INFO - Filling up the DagBag from /home/data-eginner/Documents/Soccer_Data/env/lib/python3.8/site-packages/airflow/example_dags/example_xcom.py
[2022-01-13 23:11:03,999] {processor.py:654} INFO - DAG(s) dict_keys(['example_xcom']) retrieved from /home/data-eginner/Documents/Soccer_Data/env/lib/python3.8/site-packages/airflow/example_dags/example_xcom.py
[2022-01-13 23:11:04,246] {logging_mixin.py:109} INFO - [2022-01-13 23:11:04,246] {dag.py:2396} INFO - Sync 1 DAGs
[2022-01-13 23:11:04,262] {logging_mixin.py:109} INFO - [2022-01-13 23:11:04,262] {dag.py:2935} INFO - Setting next_dagrun for example_xcom to 2021-01-01T00:00:00+00:00
[2022-01-13 23:11:04,302] {processor.py:171} INFO - Processing /home/data-eginner/Documents/Soccer_Data/env/lib/python3.8/site-packages/airflow/example_dags/example_xcom.py took 0.368 seconds
[2022-01-13 23:13:32,024] {processor.py:163} INFO - Started process (PID=25545) to work on /home/data-eginner/Documents/Soccer_Data/env/lib/python3.8/site-packages/airflow/example_dags/example_xcom.py
[2022-01-13 23:13:32,026] {processor.py:642} INFO - Processing file /home/data-eginner/Documents/Soccer_Data/env/lib/python3.8/site-packages/airflow/example_dags/example_xcom.py for tasks to queue
[2022-01-13 23:13:32,027] {logging_mixin.py:109} INFO - [2022-01-13 23:13:32,027] {dagbag.py:500} INFO - Filling up the DagBag from /home/data-eginner/Documents/Soccer_Data/env/lib/python3.8/site-packages/airflow/example_dags/example_xcom.py
[2022-01-13 23:13:32,118] {processor.py:654} INFO - DAG(s) dict_keys(['example_xcom']) retrieved from /home/data-eginner/Documents/Soccer_Data/env/lib/python3.8/site-packages/airflow/example_dags/example_xcom.py
[2022-01-13 23:13:32,121] {logging_mixin.py:109} INFO - [2022-01-13 23:13:32,121] {dag.py:2396} INFO - Sync 1 DAGs
[2022-01-13 23:13:32,185] {logging_mixin.py:109} INFO - [2022-01-13 23:13:32,185] {dag.py:2935} INFO - Setting next_dagrun for example_xcom to 2021-01-01T00:00:00+00:00
[2022-01-13 23:13:32,220] {processor.py:171} INFO - Processing /home/data-eginner/Documents/Soccer_Data/env/lib/python3.8/site-packages/airflow/example_dags/example_xcom.py took 0.215 seconds
[2022-01-13 23:14:28,076] {processor.py:163} INFO - Started process (PID=25753) to work on /home/data-eginner/Documents/Soccer_Data/env/lib/python3.8/site-packages/airflow/example_dags/example_xcom.py
[2022-01-13 23:14:28,079] {processor.py:642} INFO - Processing file /home/data-eginner/Documents/Soccer_Data/env/lib/python3.8/site-packages/airflow/example_dags/example_xcom.py for tasks to queue
[2022-01-13 23:14:28,079] {logging_mixin.py:109} INFO - [2022-01-13 23:14:28,079] {dagbag.py:500} INFO - Filling up the DagBag from /home/data-eginner/Documents/Soccer_Data/env/lib/python3.8/site-packages/airflow/example_dags/example_xcom.py
[2022-01-13 23:14:28,225] {processor.py:654} INFO - DAG(s) dict_keys(['example_xcom']) retrieved from /home/data-eginner/Documents/Soccer_Data/env/lib/python3.8/site-packages/airflow/example_dags/example_xcom.py
[2022-01-13 23:14:29,389] {logging_mixin.py:109} INFO - [2022-01-13 23:14:29,389] {dag.py:2396} INFO - Sync 1 DAGs
[2022-01-13 23:14:29,464] {logging_mixin.py:109} INFO - [2022-01-13 23:14:29,464] {dag.py:2935} INFO - Setting next_dagrun for example_xcom to 2021-01-01T00:00:00+00:00
[2022-01-13 23:14:29,537] {processor.py:171} INFO - Processing /home/data-eginner/Documents/Soccer_Data/env/lib/python3.8/site-packages/airflow/example_dags/example_xcom.py took 1.483 seconds
[2022-01-13 23:15:43,958] {processor.py:163} INFO - Started process (PID=26068) to work on /home/data-eginner/Documents/Soccer_Data/env/lib/python3.8/site-packages/airflow/example_dags/example_xcom.py
[2022-01-13 23:15:43,979] {processor.py:642} INFO - Processing file /home/data-eginner/Documents/Soccer_Data/env/lib/python3.8/site-packages/airflow/example_dags/example_xcom.py for tasks to queue
[2022-01-13 23:15:43,980] {logging_mixin.py:109} INFO - [2022-01-13 23:15:43,979] {dagbag.py:500} INFO - Filling up the DagBag from /home/data-eginner/Documents/Soccer_Data/env/lib/python3.8/site-packages/airflow/example_dags/example_xcom.py
[2022-01-13 23:15:44,043] {processor.py:654} INFO - DAG(s) dict_keys(['example_xcom']) retrieved from /home/data-eginner/Documents/Soccer_Data/env/lib/python3.8/site-packages/airflow/example_dags/example_xcom.py
[2022-01-13 23:15:44,993] {logging_mixin.py:109} INFO - [2022-01-13 23:15:44,993] {dag.py:2396} INFO - Sync 1 DAGs
[2022-01-13 23:15:45,013] {logging_mixin.py:109} INFO - [2022-01-13 23:15:45,013] {dag.py:2935} INFO - Setting next_dagrun for example_xcom to 2021-01-01T00:00:00+00:00
[2022-01-13 23:15:45,056] {processor.py:171} INFO - Processing /home/data-eginner/Documents/Soccer_Data/env/lib/python3.8/site-packages/airflow/example_dags/example_xcom.py took 1.109 seconds
[2022-01-13 23:16:28,010] {processor.py:163} INFO - Started process (PID=26249) to work on /home/data-eginner/Documents/Soccer_Data/env/lib/python3.8/site-packages/airflow/example_dags/example_xcom.py
[2022-01-13 23:16:28,083] {processor.py:642} INFO - Processing file /home/data-eginner/Documents/Soccer_Data/env/lib/python3.8/site-packages/airflow/example_dags/example_xcom.py for tasks to queue
[2022-01-13 23:16:28,083] {logging_mixin.py:109} INFO - [2022-01-13 23:16:28,083] {dagbag.py:500} INFO - Filling up the DagBag from /home/data-eginner/Documents/Soccer_Data/env/lib/python3.8/site-packages/airflow/example_dags/example_xcom.py
[2022-01-13 23:16:28,234] {processor.py:654} INFO - DAG(s) dict_keys(['example_xcom']) retrieved from /home/data-eginner/Documents/Soccer_Data/env/lib/python3.8/site-packages/airflow/example_dags/example_xcom.py
[2022-01-13 23:16:28,783] {logging_mixin.py:109} INFO - [2022-01-13 23:16:28,782] {dag.py:2396} INFO - Sync 1 DAGs
[2022-01-13 23:16:28,798] {logging_mixin.py:109} INFO - [2022-01-13 23:16:28,798] {dag.py:2935} INFO - Setting next_dagrun for example_xcom to 2021-01-01T00:00:00+00:00
[2022-01-13 23:16:28,818] {processor.py:171} INFO - Processing /home/data-eginner/Documents/Soccer_Data/env/lib/python3.8/site-packages/airflow/example_dags/example_xcom.py took 0.811 seconds
