[2022-01-13 23:04:31,779] {processor.py:163} INFO - Started process (PID=24051) to work on /home/data-eginner/Documents/Soccer_Data/env/lib/python3.8/site-packages/airflow/example_dags/example_latest_only_with_trigger.py
[2022-01-13 23:04:31,780] {processor.py:642} INFO - Processing file /home/data-eginner/Documents/Soccer_Data/env/lib/python3.8/site-packages/airflow/example_dags/example_latest_only_with_trigger.py for tasks to queue
[2022-01-13 23:04:31,780] {logging_mixin.py:109} INFO - [2022-01-13 23:04:31,780] {dagbag.py:500} INFO - Filling up the DagBag from /home/data-eginner/Documents/Soccer_Data/env/lib/python3.8/site-packages/airflow/example_dags/example_latest_only_with_trigger.py
[2022-01-13 23:04:31,830] {processor.py:654} INFO - DAG(s) dict_keys(['latest_only_with_trigger']) retrieved from /home/data-eginner/Documents/Soccer_Data/env/lib/python3.8/site-packages/airflow/example_dags/example_latest_only_with_trigger.py
[2022-01-13 23:04:31,839] {logging_mixin.py:109} INFO - [2022-01-13 23:04:31,839] {dag.py:2396} INFO - Sync 1 DAGs
[2022-01-13 23:04:31,861] {logging_mixin.py:109} INFO - [2022-01-13 23:04:31,861] {dag.py:2935} INFO - Setting next_dagrun for latest_only_with_trigger to 2022-01-13T22:04:31.861085+00:00
[2022-01-13 23:04:31,891] {processor.py:171} INFO - Processing /home/data-eginner/Documents/Soccer_Data/env/lib/python3.8/site-packages/airflow/example_dags/example_latest_only_with_trigger.py took 0.115 seconds
[2022-01-13 23:05:09,749] {processor.py:163} INFO - Started process (PID=24252) to work on /home/data-eginner/Documents/Soccer_Data/env/lib/python3.8/site-packages/airflow/example_dags/example_latest_only_with_trigger.py
[2022-01-13 23:05:09,768] {processor.py:642} INFO - Processing file /home/data-eginner/Documents/Soccer_Data/env/lib/python3.8/site-packages/airflow/example_dags/example_latest_only_with_trigger.py for tasks to queue
[2022-01-13 23:05:09,768] {logging_mixin.py:109} INFO - [2022-01-13 23:05:09,768] {dagbag.py:500} INFO - Filling up the DagBag from /home/data-eginner/Documents/Soccer_Data/env/lib/python3.8/site-packages/airflow/example_dags/example_latest_only_with_trigger.py
[2022-01-13 23:05:09,809] {processor.py:654} INFO - DAG(s) dict_keys(['latest_only_with_trigger']) retrieved from /home/data-eginner/Documents/Soccer_Data/env/lib/python3.8/site-packages/airflow/example_dags/example_latest_only_with_trigger.py
[2022-01-13 23:05:09,833] {logging_mixin.py:109} INFO - [2022-01-13 23:05:09,833] {dag.py:2396} INFO - Sync 1 DAGs
[2022-01-13 23:05:09,871] {logging_mixin.py:109} INFO - [2022-01-13 23:05:09,871] {dag.py:2935} INFO - Setting next_dagrun for latest_only_with_trigger to 2022-01-13T22:05:09.871355+00:00
[2022-01-13 23:05:09,938] {processor.py:171} INFO - Processing /home/data-eginner/Documents/Soccer_Data/env/lib/python3.8/site-packages/airflow/example_dags/example_latest_only_with_trigger.py took 0.191 seconds
[2022-01-13 23:05:51,457] {processor.py:163} INFO - Started process (PID=24624) to work on /home/data-eginner/Documents/Soccer_Data/env/lib/python3.8/site-packages/airflow/example_dags/example_latest_only_with_trigger.py
[2022-01-13 23:05:51,485] {processor.py:642} INFO - Processing file /home/data-eginner/Documents/Soccer_Data/env/lib/python3.8/site-packages/airflow/example_dags/example_latest_only_with_trigger.py for tasks to queue
[2022-01-13 23:05:51,486] {logging_mixin.py:109} INFO - [2022-01-13 23:05:51,485] {dagbag.py:500} INFO - Filling up the DagBag from /home/data-eginner/Documents/Soccer_Data/env/lib/python3.8/site-packages/airflow/example_dags/example_latest_only_with_trigger.py
[2022-01-13 23:05:51,585] {processor.py:654} INFO - DAG(s) dict_keys(['latest_only_with_trigger']) retrieved from /home/data-eginner/Documents/Soccer_Data/env/lib/python3.8/site-packages/airflow/example_dags/example_latest_only_with_trigger.py
[2022-01-13 23:05:51,660] {logging_mixin.py:109} INFO - [2022-01-13 23:05:51,660] {dag.py:2396} INFO - Sync 1 DAGs
[2022-01-13 23:05:51,761] {logging_mixin.py:109} INFO - [2022-01-13 23:05:51,761] {dag.py:2935} INFO - Setting next_dagrun for latest_only_with_trigger to 2022-01-13T22:05:51.761183+00:00
[2022-01-13 23:05:51,790] {processor.py:171} INFO - Processing /home/data-eginner/Documents/Soccer_Data/env/lib/python3.8/site-packages/airflow/example_dags/example_latest_only_with_trigger.py took 0.337 seconds
[2022-01-13 23:06:33,782] {processor.py:163} INFO - Started process (PID=24814) to work on /home/data-eginner/Documents/Soccer_Data/env/lib/python3.8/site-packages/airflow/example_dags/example_latest_only_with_trigger.py
[2022-01-13 23:06:33,785] {processor.py:642} INFO - Processing file /home/data-eginner/Documents/Soccer_Data/env/lib/python3.8/site-packages/airflow/example_dags/example_latest_only_with_trigger.py for tasks to queue
[2022-01-13 23:06:33,785] {logging_mixin.py:109} INFO - [2022-01-13 23:06:33,785] {dagbag.py:500} INFO - Filling up the DagBag from /home/data-eginner/Documents/Soccer_Data/env/lib/python3.8/site-packages/airflow/example_dags/example_latest_only_with_trigger.py
[2022-01-13 23:06:33,813] {processor.py:654} INFO - DAG(s) dict_keys(['latest_only_with_trigger']) retrieved from /home/data-eginner/Documents/Soccer_Data/env/lib/python3.8/site-packages/airflow/example_dags/example_latest_only_with_trigger.py
[2022-01-13 23:06:33,841] {logging_mixin.py:109} INFO - [2022-01-13 23:06:33,841] {dag.py:2396} INFO - Sync 1 DAGs
[2022-01-13 23:06:33,852] {logging_mixin.py:109} INFO - [2022-01-13 23:06:33,852] {dag.py:2935} INFO - Setting next_dagrun for latest_only_with_trigger to 2022-01-13T22:06:33.851853+00:00
[2022-01-13 23:06:33,866] {processor.py:171} INFO - Processing /home/data-eginner/Documents/Soccer_Data/env/lib/python3.8/site-packages/airflow/example_dags/example_latest_only_with_trigger.py took 0.087 seconds
[2022-01-13 23:07:25,448] {processor.py:163} INFO - Started process (PID=25019) to work on /home/data-eginner/Documents/Soccer_Data/env/lib/python3.8/site-packages/airflow/example_dags/example_latest_only_with_trigger.py
[2022-01-13 23:07:25,450] {processor.py:642} INFO - Processing file /home/data-eginner/Documents/Soccer_Data/env/lib/python3.8/site-packages/airflow/example_dags/example_latest_only_with_trigger.py for tasks to queue
[2022-01-13 23:07:25,450] {logging_mixin.py:109} INFO - [2022-01-13 23:07:25,450] {dagbag.py:500} INFO - Filling up the DagBag from /home/data-eginner/Documents/Soccer_Data/env/lib/python3.8/site-packages/airflow/example_dags/example_latest_only_with_trigger.py
[2022-01-13 23:07:25,473] {processor.py:654} INFO - DAG(s) dict_keys(['latest_only_with_trigger']) retrieved from /home/data-eginner/Documents/Soccer_Data/env/lib/python3.8/site-packages/airflow/example_dags/example_latest_only_with_trigger.py
[2022-01-13 23:07:25,483] {logging_mixin.py:109} INFO - [2022-01-13 23:07:25,483] {dag.py:2396} INFO - Sync 1 DAGs
[2022-01-13 23:07:25,498] {logging_mixin.py:109} INFO - [2022-01-13 23:07:25,497] {dag.py:2935} INFO - Setting next_dagrun for latest_only_with_trigger to 2022-01-13T22:07:25.497633+00:00
[2022-01-13 23:07:25,523] {processor.py:171} INFO - Processing /home/data-eginner/Documents/Soccer_Data/env/lib/python3.8/site-packages/airflow/example_dags/example_latest_only_with_trigger.py took 0.081 seconds
[2022-01-13 23:10:50,403] {processor.py:163} INFO - Started process (PID=25287) to work on /home/data-eginner/Documents/Soccer_Data/env/lib/python3.8/site-packages/airflow/example_dags/example_latest_only_with_trigger.py
[2022-01-13 23:10:50,417] {processor.py:642} INFO - Processing file /home/data-eginner/Documents/Soccer_Data/env/lib/python3.8/site-packages/airflow/example_dags/example_latest_only_with_trigger.py for tasks to queue
[2022-01-13 23:10:50,418] {logging_mixin.py:109} INFO - [2022-01-13 23:10:50,418] {dagbag.py:500} INFO - Filling up the DagBag from /home/data-eginner/Documents/Soccer_Data/env/lib/python3.8/site-packages/airflow/example_dags/example_latest_only_with_trigger.py
[2022-01-13 23:10:50,455] {processor.py:654} INFO - DAG(s) dict_keys(['latest_only_with_trigger']) retrieved from /home/data-eginner/Documents/Soccer_Data/env/lib/python3.8/site-packages/airflow/example_dags/example_latest_only_with_trigger.py
[2022-01-13 23:10:50,464] {logging_mixin.py:109} INFO - [2022-01-13 23:10:50,464] {dag.py:2396} INFO - Sync 1 DAGs
[2022-01-13 23:10:50,475] {logging_mixin.py:109} INFO - [2022-01-13 23:10:50,475] {dag.py:2935} INFO - Setting next_dagrun for latest_only_with_trigger to 2022-01-13T22:10:50.475560+00:00
[2022-01-13 23:10:50,490] {processor.py:171} INFO - Processing /home/data-eginner/Documents/Soccer_Data/env/lib/python3.8/site-packages/airflow/example_dags/example_latest_only_with_trigger.py took 0.090 seconds
[2022-01-13 23:14:11,492] {processor.py:163} INFO - Started process (PID=25697) to work on /home/data-eginner/Documents/Soccer_Data/env/lib/python3.8/site-packages/airflow/example_dags/example_latest_only_with_trigger.py
[2022-01-13 23:14:11,518] {processor.py:642} INFO - Processing file /home/data-eginner/Documents/Soccer_Data/env/lib/python3.8/site-packages/airflow/example_dags/example_latest_only_with_trigger.py for tasks to queue
[2022-01-13 23:14:11,519] {logging_mixin.py:109} INFO - [2022-01-13 23:14:11,519] {dagbag.py:500} INFO - Filling up the DagBag from /home/data-eginner/Documents/Soccer_Data/env/lib/python3.8/site-packages/airflow/example_dags/example_latest_only_with_trigger.py
[2022-01-13 23:14:11,640] {processor.py:654} INFO - DAG(s) dict_keys(['latest_only_with_trigger']) retrieved from /home/data-eginner/Documents/Soccer_Data/env/lib/python3.8/site-packages/airflow/example_dags/example_latest_only_with_trigger.py
[2022-01-13 23:14:11,685] {logging_mixin.py:109} INFO - [2022-01-13 23:14:11,685] {dag.py:2396} INFO - Sync 1 DAGs
[2022-01-13 23:14:11,718] {logging_mixin.py:109} INFO - [2022-01-13 23:14:11,717] {dag.py:2935} INFO - Setting next_dagrun for latest_only_with_trigger to 2022-01-13T22:14:11.717651+00:00
[2022-01-13 23:14:11,791] {processor.py:171} INFO - Processing /home/data-eginner/Documents/Soccer_Data/env/lib/python3.8/site-packages/airflow/example_dags/example_latest_only_with_trigger.py took 0.301 seconds
[2022-01-13 23:15:32,722] {processor.py:163} INFO - Started process (PID=25999) to work on /home/data-eginner/Documents/Soccer_Data/env/lib/python3.8/site-packages/airflow/example_dags/example_latest_only_with_trigger.py
[2022-01-13 23:15:32,742] {processor.py:642} INFO - Processing file /home/data-eginner/Documents/Soccer_Data/env/lib/python3.8/site-packages/airflow/example_dags/example_latest_only_with_trigger.py for tasks to queue
[2022-01-13 23:15:32,742] {logging_mixin.py:109} INFO - [2022-01-13 23:15:32,742] {dagbag.py:500} INFO - Filling up the DagBag from /home/data-eginner/Documents/Soccer_Data/env/lib/python3.8/site-packages/airflow/example_dags/example_latest_only_with_trigger.py
[2022-01-13 23:15:32,788] {processor.py:654} INFO - DAG(s) dict_keys(['latest_only_with_trigger']) retrieved from /home/data-eginner/Documents/Soccer_Data/env/lib/python3.8/site-packages/airflow/example_dags/example_latest_only_with_trigger.py
[2022-01-13 23:15:32,827] {logging_mixin.py:109} INFO - [2022-01-13 23:15:32,827] {dag.py:2396} INFO - Sync 1 DAGs
[2022-01-13 23:15:32,882] {logging_mixin.py:109} INFO - [2022-01-13 23:15:32,882] {dag.py:2935} INFO - Setting next_dagrun for latest_only_with_trigger to 2022-01-13T22:15:32.882520+00:00
[2022-01-13 23:15:32,925] {processor.py:171} INFO - Processing /home/data-eginner/Documents/Soccer_Data/env/lib/python3.8/site-packages/airflow/example_dags/example_latest_only_with_trigger.py took 0.206 seconds
[2022-01-13 23:16:20,005] {processor.py:163} INFO - Started process (PID=26206) to work on /home/data-eginner/Documents/Soccer_Data/env/lib/python3.8/site-packages/airflow/example_dags/example_latest_only_with_trigger.py
[2022-01-13 23:16:20,033] {processor.py:642} INFO - Processing file /home/data-eginner/Documents/Soccer_Data/env/lib/python3.8/site-packages/airflow/example_dags/example_latest_only_with_trigger.py for tasks to queue
[2022-01-13 23:16:20,033] {logging_mixin.py:109} INFO - [2022-01-13 23:16:20,033] {dagbag.py:500} INFO - Filling up the DagBag from /home/data-eginner/Documents/Soccer_Data/env/lib/python3.8/site-packages/airflow/example_dags/example_latest_only_with_trigger.py
[2022-01-13 23:16:20,117] {processor.py:654} INFO - DAG(s) dict_keys(['latest_only_with_trigger']) retrieved from /home/data-eginner/Documents/Soccer_Data/env/lib/python3.8/site-packages/airflow/example_dags/example_latest_only_with_trigger.py
[2022-01-13 23:16:20,158] {logging_mixin.py:109} INFO - [2022-01-13 23:16:20,158] {dag.py:2396} INFO - Sync 1 DAGs
[2022-01-13 23:16:20,187] {logging_mixin.py:109} INFO - [2022-01-13 23:16:20,187] {dag.py:2935} INFO - Setting next_dagrun for latest_only_with_trigger to 2022-01-13T22:16:20.187482+00:00
[2022-01-13 23:16:20,225] {processor.py:171} INFO - Processing /home/data-eginner/Documents/Soccer_Data/env/lib/python3.8/site-packages/airflow/example_dags/example_latest_only_with_trigger.py took 0.223 seconds
