[2022-01-13 23:04:11,446] {processor.py:163} INFO - Started process (PID=23951) to work on /home/data-eginner/Documents/Soccer_Data/env/lib/python3.8/site-packages/airflow/example_dags/example_trigger_controller_dag.py
[2022-01-13 23:04:11,447] {processor.py:642} INFO - Processing file /home/data-eginner/Documents/Soccer_Data/env/lib/python3.8/site-packages/airflow/example_dags/example_trigger_controller_dag.py for tasks to queue
[2022-01-13 23:04:11,448] {logging_mixin.py:109} INFO - [2022-01-13 23:04:11,448] {dagbag.py:500} INFO - Filling up the DagBag from /home/data-eginner/Documents/Soccer_Data/env/lib/python3.8/site-packages/airflow/example_dags/example_trigger_controller_dag.py
[2022-01-13 23:04:11,744] {processor.py:654} INFO - DAG(s) dict_keys(['example_trigger_controller_dag']) retrieved from /home/data-eginner/Documents/Soccer_Data/env/lib/python3.8/site-packages/airflow/example_dags/example_trigger_controller_dag.py
[2022-01-13 23:04:11,753] {logging_mixin.py:109} INFO - [2022-01-13 23:04:11,753] {dag.py:2396} INFO - Sync 1 DAGs
[2022-01-13 23:04:11,835] {logging_mixin.py:109} INFO - [2022-01-13 23:04:11,834] {dag.py:2935} INFO - Setting next_dagrun for example_trigger_controller_dag to 2021-01-01T00:00:00+00:00
[2022-01-13 23:04:11,898] {processor.py:171} INFO - Processing /home/data-eginner/Documents/Soccer_Data/env/lib/python3.8/site-packages/airflow/example_dags/example_trigger_controller_dag.py took 0.455 seconds
[2022-01-13 23:04:53,172] {processor.py:163} INFO - Started process (PID=24151) to work on /home/data-eginner/Documents/Soccer_Data/env/lib/python3.8/site-packages/airflow/example_dags/example_trigger_controller_dag.py
[2022-01-13 23:04:53,173] {processor.py:642} INFO - Processing file /home/data-eginner/Documents/Soccer_Data/env/lib/python3.8/site-packages/airflow/example_dags/example_trigger_controller_dag.py for tasks to queue
[2022-01-13 23:04:53,174] {logging_mixin.py:109} INFO - [2022-01-13 23:04:53,174] {dagbag.py:500} INFO - Filling up the DagBag from /home/data-eginner/Documents/Soccer_Data/env/lib/python3.8/site-packages/airflow/example_dags/example_trigger_controller_dag.py
[2022-01-13 23:04:53,192] {processor.py:654} INFO - DAG(s) dict_keys(['example_trigger_controller_dag']) retrieved from /home/data-eginner/Documents/Soccer_Data/env/lib/python3.8/site-packages/airflow/example_dags/example_trigger_controller_dag.py
[2022-01-13 23:04:53,199] {logging_mixin.py:109} INFO - [2022-01-13 23:04:53,199] {dag.py:2396} INFO - Sync 1 DAGs
[2022-01-13 23:04:53,210] {logging_mixin.py:109} INFO - [2022-01-13 23:04:53,209] {dag.py:2935} INFO - Setting next_dagrun for example_trigger_controller_dag to 2021-01-01T00:00:00+00:00
[2022-01-13 23:04:53,227] {processor.py:171} INFO - Processing /home/data-eginner/Documents/Soccer_Data/env/lib/python3.8/site-packages/airflow/example_dags/example_trigger_controller_dag.py took 0.059 seconds
[2022-01-13 23:05:35,240] {processor.py:163} INFO - Started process (PID=24545) to work on /home/data-eginner/Documents/Soccer_Data/env/lib/python3.8/site-packages/airflow/example_dags/example_trigger_controller_dag.py
[2022-01-13 23:05:35,258] {processor.py:642} INFO - Processing file /home/data-eginner/Documents/Soccer_Data/env/lib/python3.8/site-packages/airflow/example_dags/example_trigger_controller_dag.py for tasks to queue
[2022-01-13 23:05:35,259] {logging_mixin.py:109} INFO - [2022-01-13 23:05:35,259] {dagbag.py:500} INFO - Filling up the DagBag from /home/data-eginner/Documents/Soccer_Data/env/lib/python3.8/site-packages/airflow/example_dags/example_trigger_controller_dag.py
[2022-01-13 23:05:35,284] {processor.py:654} INFO - DAG(s) dict_keys(['example_trigger_controller_dag']) retrieved from /home/data-eginner/Documents/Soccer_Data/env/lib/python3.8/site-packages/airflow/example_dags/example_trigger_controller_dag.py
[2022-01-13 23:05:35,298] {logging_mixin.py:109} INFO - [2022-01-13 23:05:35,298] {dag.py:2396} INFO - Sync 1 DAGs
[2022-01-13 23:05:35,314] {logging_mixin.py:109} INFO - [2022-01-13 23:05:35,314] {dag.py:2935} INFO - Setting next_dagrun for example_trigger_controller_dag to 2021-01-01T00:00:00+00:00
[2022-01-13 23:05:35,340] {processor.py:171} INFO - Processing /home/data-eginner/Documents/Soccer_Data/env/lib/python3.8/site-packages/airflow/example_dags/example_trigger_controller_dag.py took 0.104 seconds
[2022-01-13 23:06:13,044] {processor.py:163} INFO - Started process (PID=24722) to work on /home/data-eginner/Documents/Soccer_Data/env/lib/python3.8/site-packages/airflow/example_dags/example_trigger_controller_dag.py
[2022-01-13 23:06:13,065] {processor.py:642} INFO - Processing file /home/data-eginner/Documents/Soccer_Data/env/lib/python3.8/site-packages/airflow/example_dags/example_trigger_controller_dag.py for tasks to queue
[2022-01-13 23:06:13,066] {logging_mixin.py:109} INFO - [2022-01-13 23:06:13,066] {dagbag.py:500} INFO - Filling up the DagBag from /home/data-eginner/Documents/Soccer_Data/env/lib/python3.8/site-packages/airflow/example_dags/example_trigger_controller_dag.py
[2022-01-13 23:06:13,125] {processor.py:654} INFO - DAG(s) dict_keys(['example_trigger_controller_dag']) retrieved from /home/data-eginner/Documents/Soccer_Data/env/lib/python3.8/site-packages/airflow/example_dags/example_trigger_controller_dag.py
[2022-01-13 23:06:13,133] {logging_mixin.py:109} INFO - [2022-01-13 23:06:13,133] {dag.py:2396} INFO - Sync 1 DAGs
[2022-01-13 23:06:13,193] {logging_mixin.py:109} INFO - [2022-01-13 23:06:13,192] {dag.py:2935} INFO - Setting next_dagrun for example_trigger_controller_dag to 2021-01-01T00:00:00+00:00
[2022-01-13 23:06:13,225] {processor.py:171} INFO - Processing /home/data-eginner/Documents/Soccer_Data/env/lib/python3.8/site-packages/airflow/example_dags/example_trigger_controller_dag.py took 0.183 seconds
[2022-01-13 23:06:56,364] {processor.py:163} INFO - Started process (PID=24902) to work on /home/data-eginner/Documents/Soccer_Data/env/lib/python3.8/site-packages/airflow/example_dags/example_trigger_controller_dag.py
[2022-01-13 23:06:56,383] {processor.py:642} INFO - Processing file /home/data-eginner/Documents/Soccer_Data/env/lib/python3.8/site-packages/airflow/example_dags/example_trigger_controller_dag.py for tasks to queue
[2022-01-13 23:06:56,384] {logging_mixin.py:109} INFO - [2022-01-13 23:06:56,383] {dagbag.py:500} INFO - Filling up the DagBag from /home/data-eginner/Documents/Soccer_Data/env/lib/python3.8/site-packages/airflow/example_dags/example_trigger_controller_dag.py
[2022-01-13 23:06:56,469] {processor.py:654} INFO - DAG(s) dict_keys(['example_trigger_controller_dag']) retrieved from /home/data-eginner/Documents/Soccer_Data/env/lib/python3.8/site-packages/airflow/example_dags/example_trigger_controller_dag.py
[2022-01-13 23:06:56,494] {logging_mixin.py:109} INFO - [2022-01-13 23:06:56,494] {dag.py:2396} INFO - Sync 1 DAGs
[2022-01-13 23:06:56,529] {logging_mixin.py:109} INFO - [2022-01-13 23:06:56,528] {dag.py:2935} INFO - Setting next_dagrun for example_trigger_controller_dag to 2021-01-01T00:00:00+00:00
[2022-01-13 23:06:56,611] {processor.py:171} INFO - Processing /home/data-eginner/Documents/Soccer_Data/env/lib/python3.8/site-packages/airflow/example_dags/example_trigger_controller_dag.py took 0.262 seconds
[2022-01-13 23:10:20,289] {processor.py:163} INFO - Started process (PID=25190) to work on /home/data-eginner/Documents/Soccer_Data/env/lib/python3.8/site-packages/airflow/example_dags/example_trigger_controller_dag.py
[2022-01-13 23:10:20,293] {processor.py:642} INFO - Processing file /home/data-eginner/Documents/Soccer_Data/env/lib/python3.8/site-packages/airflow/example_dags/example_trigger_controller_dag.py for tasks to queue
[2022-01-13 23:10:20,294] {logging_mixin.py:109} INFO - [2022-01-13 23:10:20,294] {dagbag.py:500} INFO - Filling up the DagBag from /home/data-eginner/Documents/Soccer_Data/env/lib/python3.8/site-packages/airflow/example_dags/example_trigger_controller_dag.py
[2022-01-13 23:10:20,416] {processor.py:654} INFO - DAG(s) dict_keys(['example_trigger_controller_dag']) retrieved from /home/data-eginner/Documents/Soccer_Data/env/lib/python3.8/site-packages/airflow/example_dags/example_trigger_controller_dag.py
[2022-01-13 23:10:20,554] {logging_mixin.py:109} INFO - [2022-01-13 23:10:20,553] {dag.py:2396} INFO - Sync 1 DAGs
[2022-01-13 23:10:20,684] {logging_mixin.py:109} INFO - [2022-01-13 23:10:20,683] {dag.py:2935} INFO - Setting next_dagrun for example_trigger_controller_dag to 2021-01-01T00:00:00+00:00
[2022-01-13 23:10:20,936] {processor.py:171} INFO - Processing /home/data-eginner/Documents/Soccer_Data/env/lib/python3.8/site-packages/airflow/example_dags/example_trigger_controller_dag.py took 0.691 seconds
[2022-01-13 23:11:13,492] {processor.py:163} INFO - Started process (PID=25384) to work on /home/data-eginner/Documents/Soccer_Data/env/lib/python3.8/site-packages/airflow/example_dags/example_trigger_controller_dag.py
[2022-01-13 23:11:13,498] {processor.py:642} INFO - Processing file /home/data-eginner/Documents/Soccer_Data/env/lib/python3.8/site-packages/airflow/example_dags/example_trigger_controller_dag.py for tasks to queue
[2022-01-13 23:11:13,499] {logging_mixin.py:109} INFO - [2022-01-13 23:11:13,499] {dagbag.py:500} INFO - Filling up the DagBag from /home/data-eginner/Documents/Soccer_Data/env/lib/python3.8/site-packages/airflow/example_dags/example_trigger_controller_dag.py
[2022-01-13 23:11:13,519] {processor.py:654} INFO - DAG(s) dict_keys(['example_trigger_controller_dag']) retrieved from /home/data-eginner/Documents/Soccer_Data/env/lib/python3.8/site-packages/airflow/example_dags/example_trigger_controller_dag.py
[2022-01-13 23:11:13,529] {logging_mixin.py:109} INFO - [2022-01-13 23:11:13,529] {dag.py:2396} INFO - Sync 1 DAGs
[2022-01-13 23:11:13,540] {logging_mixin.py:109} INFO - [2022-01-13 23:11:13,540] {dag.py:2935} INFO - Setting next_dagrun for example_trigger_controller_dag to 2021-01-01T00:00:00+00:00
[2022-01-13 23:11:13,554] {processor.py:171} INFO - Processing /home/data-eginner/Documents/Soccer_Data/env/lib/python3.8/site-packages/airflow/example_dags/example_trigger_controller_dag.py took 0.068 seconds
[2022-01-13 23:13:41,082] {processor.py:163} INFO - Started process (PID=25581) to work on /home/data-eginner/Documents/Soccer_Data/env/lib/python3.8/site-packages/airflow/example_dags/example_trigger_controller_dag.py
[2022-01-13 23:13:41,152] {processor.py:642} INFO - Processing file /home/data-eginner/Documents/Soccer_Data/env/lib/python3.8/site-packages/airflow/example_dags/example_trigger_controller_dag.py for tasks to queue
[2022-01-13 23:13:41,153] {logging_mixin.py:109} INFO - [2022-01-13 23:13:41,153] {dagbag.py:500} INFO - Filling up the DagBag from /home/data-eginner/Documents/Soccer_Data/env/lib/python3.8/site-packages/airflow/example_dags/example_trigger_controller_dag.py
[2022-01-13 23:13:41,356] {processor.py:654} INFO - DAG(s) dict_keys(['example_trigger_controller_dag']) retrieved from /home/data-eginner/Documents/Soccer_Data/env/lib/python3.8/site-packages/airflow/example_dags/example_trigger_controller_dag.py
[2022-01-13 23:13:41,395] {logging_mixin.py:109} INFO - [2022-01-13 23:13:41,394] {dag.py:2396} INFO - Sync 1 DAGs
[2022-01-13 23:13:41,492] {logging_mixin.py:109} INFO - [2022-01-13 23:13:41,492] {dag.py:2935} INFO - Setting next_dagrun for example_trigger_controller_dag to 2021-01-01T00:00:00+00:00
[2022-01-13 23:13:41,569] {processor.py:171} INFO - Processing /home/data-eginner/Documents/Soccer_Data/env/lib/python3.8/site-packages/airflow/example_dags/example_trigger_controller_dag.py took 0.489 seconds
[2022-01-13 23:14:40,915] {processor.py:163} INFO - Started process (PID=25786) to work on /home/data-eginner/Documents/Soccer_Data/env/lib/python3.8/site-packages/airflow/example_dags/example_trigger_controller_dag.py
[2022-01-13 23:14:40,938] {processor.py:642} INFO - Processing file /home/data-eginner/Documents/Soccer_Data/env/lib/python3.8/site-packages/airflow/example_dags/example_trigger_controller_dag.py for tasks to queue
[2022-01-13 23:14:40,938] {logging_mixin.py:109} INFO - [2022-01-13 23:14:40,938] {dagbag.py:500} INFO - Filling up the DagBag from /home/data-eginner/Documents/Soccer_Data/env/lib/python3.8/site-packages/airflow/example_dags/example_trigger_controller_dag.py
[2022-01-13 23:14:40,996] {processor.py:654} INFO - DAG(s) dict_keys(['example_trigger_controller_dag']) retrieved from /home/data-eginner/Documents/Soccer_Data/env/lib/python3.8/site-packages/airflow/example_dags/example_trigger_controller_dag.py
[2022-01-13 23:14:41,037] {logging_mixin.py:109} INFO - [2022-01-13 23:14:41,037] {dag.py:2396} INFO - Sync 1 DAGs
[2022-01-13 23:14:41,084] {logging_mixin.py:109} INFO - [2022-01-13 23:14:41,084] {dag.py:2935} INFO - Setting next_dagrun for example_trigger_controller_dag to 2021-01-01T00:00:00+00:00
[2022-01-13 23:14:41,241] {processor.py:171} INFO - Processing /home/data-eginner/Documents/Soccer_Data/env/lib/python3.8/site-packages/airflow/example_dags/example_trigger_controller_dag.py took 0.329 seconds
[2022-01-13 23:15:53,991] {processor.py:163} INFO - Started process (PID=26101) to work on /home/data-eginner/Documents/Soccer_Data/env/lib/python3.8/site-packages/airflow/example_dags/example_trigger_controller_dag.py
[2022-01-13 23:15:54,004] {processor.py:642} INFO - Processing file /home/data-eginner/Documents/Soccer_Data/env/lib/python3.8/site-packages/airflow/example_dags/example_trigger_controller_dag.py for tasks to queue
[2022-01-13 23:15:54,004] {logging_mixin.py:109} INFO - [2022-01-13 23:15:54,004] {dagbag.py:500} INFO - Filling up the DagBag from /home/data-eginner/Documents/Soccer_Data/env/lib/python3.8/site-packages/airflow/example_dags/example_trigger_controller_dag.py
[2022-01-13 23:15:54,044] {processor.py:654} INFO - DAG(s) dict_keys(['example_trigger_controller_dag']) retrieved from /home/data-eginner/Documents/Soccer_Data/env/lib/python3.8/site-packages/airflow/example_dags/example_trigger_controller_dag.py
[2022-01-13 23:15:54,064] {logging_mixin.py:109} INFO - [2022-01-13 23:15:54,064] {dag.py:2396} INFO - Sync 1 DAGs
[2022-01-13 23:15:54,091] {logging_mixin.py:109} INFO - [2022-01-13 23:15:54,091] {dag.py:2935} INFO - Setting next_dagrun for example_trigger_controller_dag to 2021-01-01T00:00:00+00:00
[2022-01-13 23:15:54,131] {processor.py:171} INFO - Processing /home/data-eginner/Documents/Soccer_Data/env/lib/python3.8/site-packages/airflow/example_dags/example_trigger_controller_dag.py took 0.143 seconds
