[2022-01-13 23:04:13,628] {processor.py:163} INFO - Started process (PID=23963) to work on /home/data-eginner/Documents/Soccer_Data/env/lib/python3.8/site-packages/airflow/example_dags/example_time_delta_sensor_async.py
[2022-01-13 23:04:13,629] {processor.py:642} INFO - Processing file /home/data-eginner/Documents/Soccer_Data/env/lib/python3.8/site-packages/airflow/example_dags/example_time_delta_sensor_async.py for tasks to queue
[2022-01-13 23:04:13,792] {logging_mixin.py:109} INFO - [2022-01-13 23:04:13,792] {dagbag.py:500} INFO - Filling up the DagBag from /home/data-eginner/Documents/Soccer_Data/env/lib/python3.8/site-packages/airflow/example_dags/example_time_delta_sensor_async.py
[2022-01-13 23:04:13,939] {processor.py:654} INFO - DAG(s) dict_keys(['example_time_delta_sensor_async']) retrieved from /home/data-eginner/Documents/Soccer_Data/env/lib/python3.8/site-packages/airflow/example_dags/example_time_delta_sensor_async.py
[2022-01-13 23:04:14,041] {logging_mixin.py:109} INFO - [2022-01-13 23:04:14,041] {dag.py:2396} INFO - Sync 1 DAGs
[2022-01-13 23:04:14,051] {logging_mixin.py:109} INFO - [2022-01-13 23:04:14,051] {dag.py:2935} INFO - Setting next_dagrun for example_time_delta_sensor_async to None
[2022-01-13 23:04:14,181] {processor.py:171} INFO - Processing /home/data-eginner/Documents/Soccer_Data/env/lib/python3.8/site-packages/airflow/example_dags/example_time_delta_sensor_async.py took 0.555 seconds
[2022-01-13 23:04:55,450] {processor.py:163} INFO - Started process (PID=24164) to work on /home/data-eginner/Documents/Soccer_Data/env/lib/python3.8/site-packages/airflow/example_dags/example_time_delta_sensor_async.py
[2022-01-13 23:04:55,453] {processor.py:642} INFO - Processing file /home/data-eginner/Documents/Soccer_Data/env/lib/python3.8/site-packages/airflow/example_dags/example_time_delta_sensor_async.py for tasks to queue
[2022-01-13 23:04:55,453] {logging_mixin.py:109} INFO - [2022-01-13 23:04:55,453] {dagbag.py:500} INFO - Filling up the DagBag from /home/data-eginner/Documents/Soccer_Data/env/lib/python3.8/site-packages/airflow/example_dags/example_time_delta_sensor_async.py
[2022-01-13 23:04:55,476] {processor.py:654} INFO - DAG(s) dict_keys(['example_time_delta_sensor_async']) retrieved from /home/data-eginner/Documents/Soccer_Data/env/lib/python3.8/site-packages/airflow/example_dags/example_time_delta_sensor_async.py
[2022-01-13 23:04:55,493] {logging_mixin.py:109} INFO - [2022-01-13 23:04:55,493] {dag.py:2396} INFO - Sync 1 DAGs
[2022-01-13 23:04:55,508] {logging_mixin.py:109} INFO - [2022-01-13 23:04:55,508] {dag.py:2935} INFO - Setting next_dagrun for example_time_delta_sensor_async to None
[2022-01-13 23:04:55,528] {processor.py:171} INFO - Processing /home/data-eginner/Documents/Soccer_Data/env/lib/python3.8/site-packages/airflow/example_dags/example_time_delta_sensor_async.py took 0.081 seconds
[2022-01-13 23:05:37,141] {processor.py:163} INFO - Started process (PID=24555) to work on /home/data-eginner/Documents/Soccer_Data/env/lib/python3.8/site-packages/airflow/example_dags/example_time_delta_sensor_async.py
[2022-01-13 23:05:37,144] {processor.py:642} INFO - Processing file /home/data-eginner/Documents/Soccer_Data/env/lib/python3.8/site-packages/airflow/example_dags/example_time_delta_sensor_async.py for tasks to queue
[2022-01-13 23:05:37,145] {logging_mixin.py:109} INFO - [2022-01-13 23:05:37,145] {dagbag.py:500} INFO - Filling up the DagBag from /home/data-eginner/Documents/Soccer_Data/env/lib/python3.8/site-packages/airflow/example_dags/example_time_delta_sensor_async.py
[2022-01-13 23:05:37,163] {processor.py:654} INFO - DAG(s) dict_keys(['example_time_delta_sensor_async']) retrieved from /home/data-eginner/Documents/Soccer_Data/env/lib/python3.8/site-packages/airflow/example_dags/example_time_delta_sensor_async.py
[2022-01-13 23:05:37,172] {logging_mixin.py:109} INFO - [2022-01-13 23:05:37,172] {dag.py:2396} INFO - Sync 1 DAGs
[2022-01-13 23:05:37,189] {logging_mixin.py:109} INFO - [2022-01-13 23:05:37,189] {dag.py:2935} INFO - Setting next_dagrun for example_time_delta_sensor_async to None
[2022-01-13 23:05:37,344] {processor.py:171} INFO - Processing /home/data-eginner/Documents/Soccer_Data/env/lib/python3.8/site-packages/airflow/example_dags/example_time_delta_sensor_async.py took 0.206 seconds
[2022-01-13 23:06:16,034] {processor.py:163} INFO - Started process (PID=24739) to work on /home/data-eginner/Documents/Soccer_Data/env/lib/python3.8/site-packages/airflow/example_dags/example_time_delta_sensor_async.py
[2022-01-13 23:06:16,037] {processor.py:642} INFO - Processing file /home/data-eginner/Documents/Soccer_Data/env/lib/python3.8/site-packages/airflow/example_dags/example_time_delta_sensor_async.py for tasks to queue
[2022-01-13 23:06:16,037] {logging_mixin.py:109} INFO - [2022-01-13 23:06:16,037] {dagbag.py:500} INFO - Filling up the DagBag from /home/data-eginner/Documents/Soccer_Data/env/lib/python3.8/site-packages/airflow/example_dags/example_time_delta_sensor_async.py
[2022-01-13 23:06:16,121] {processor.py:654} INFO - DAG(s) dict_keys(['example_time_delta_sensor_async']) retrieved from /home/data-eginner/Documents/Soccer_Data/env/lib/python3.8/site-packages/airflow/example_dags/example_time_delta_sensor_async.py
[2022-01-13 23:06:16,129] {logging_mixin.py:109} INFO - [2022-01-13 23:06:16,129] {dag.py:2396} INFO - Sync 1 DAGs
[2022-01-13 23:06:16,161] {logging_mixin.py:109} INFO - [2022-01-13 23:06:16,161] {dag.py:2935} INFO - Setting next_dagrun for example_time_delta_sensor_async to None
[2022-01-13 23:06:16,196] {processor.py:171} INFO - Processing /home/data-eginner/Documents/Soccer_Data/env/lib/python3.8/site-packages/airflow/example_dags/example_time_delta_sensor_async.py took 0.177 seconds
[2022-01-13 23:06:58,810] {processor.py:163} INFO - Started process (PID=24913) to work on /home/data-eginner/Documents/Soccer_Data/env/lib/python3.8/site-packages/airflow/example_dags/example_time_delta_sensor_async.py
[2022-01-13 23:06:58,817] {processor.py:642} INFO - Processing file /home/data-eginner/Documents/Soccer_Data/env/lib/python3.8/site-packages/airflow/example_dags/example_time_delta_sensor_async.py for tasks to queue
[2022-01-13 23:06:58,818] {logging_mixin.py:109} INFO - [2022-01-13 23:06:58,818] {dagbag.py:500} INFO - Filling up the DagBag from /home/data-eginner/Documents/Soccer_Data/env/lib/python3.8/site-packages/airflow/example_dags/example_time_delta_sensor_async.py
[2022-01-13 23:06:58,837] {processor.py:654} INFO - DAG(s) dict_keys(['example_time_delta_sensor_async']) retrieved from /home/data-eginner/Documents/Soccer_Data/env/lib/python3.8/site-packages/airflow/example_dags/example_time_delta_sensor_async.py
[2022-01-13 23:06:58,845] {logging_mixin.py:109} INFO - [2022-01-13 23:06:58,845] {dag.py:2396} INFO - Sync 1 DAGs
[2022-01-13 23:06:58,857] {logging_mixin.py:109} INFO - [2022-01-13 23:06:58,857] {dag.py:2935} INFO - Setting next_dagrun for example_time_delta_sensor_async to None
[2022-01-13 23:06:58,873] {processor.py:171} INFO - Processing /home/data-eginner/Documents/Soccer_Data/env/lib/python3.8/site-packages/airflow/example_dags/example_time_delta_sensor_async.py took 0.067 seconds
[2022-01-13 23:10:24,833] {processor.py:163} INFO - Started process (PID=25204) to work on /home/data-eginner/Documents/Soccer_Data/env/lib/python3.8/site-packages/airflow/example_dags/example_time_delta_sensor_async.py
[2022-01-13 23:10:24,877] {processor.py:642} INFO - Processing file /home/data-eginner/Documents/Soccer_Data/env/lib/python3.8/site-packages/airflow/example_dags/example_time_delta_sensor_async.py for tasks to queue
[2022-01-13 23:10:24,877] {logging_mixin.py:109} INFO - [2022-01-13 23:10:24,877] {dagbag.py:500} INFO - Filling up the DagBag from /home/data-eginner/Documents/Soccer_Data/env/lib/python3.8/site-packages/airflow/example_dags/example_time_delta_sensor_async.py
[2022-01-13 23:10:25,044] {processor.py:654} INFO - DAG(s) dict_keys(['example_time_delta_sensor_async']) retrieved from /home/data-eginner/Documents/Soccer_Data/env/lib/python3.8/site-packages/airflow/example_dags/example_time_delta_sensor_async.py
[2022-01-13 23:10:25,091] {logging_mixin.py:109} INFO - [2022-01-13 23:10:25,090] {dag.py:2396} INFO - Sync 1 DAGs
[2022-01-13 23:10:25,136] {logging_mixin.py:109} INFO - [2022-01-13 23:10:25,136] {dag.py:2935} INFO - Setting next_dagrun for example_time_delta_sensor_async to None
[2022-01-13 23:10:25,216] {processor.py:171} INFO - Processing /home/data-eginner/Documents/Soccer_Data/env/lib/python3.8/site-packages/airflow/example_dags/example_time_delta_sensor_async.py took 0.385 seconds
[2022-01-13 23:11:16,099] {processor.py:163} INFO - Started process (PID=25396) to work on /home/data-eginner/Documents/Soccer_Data/env/lib/python3.8/site-packages/airflow/example_dags/example_time_delta_sensor_async.py
[2022-01-13 23:11:16,133] {processor.py:642} INFO - Processing file /home/data-eginner/Documents/Soccer_Data/env/lib/python3.8/site-packages/airflow/example_dags/example_time_delta_sensor_async.py for tasks to queue
[2022-01-13 23:11:16,135] {logging_mixin.py:109} INFO - [2022-01-13 23:11:16,134] {dagbag.py:500} INFO - Filling up the DagBag from /home/data-eginner/Documents/Soccer_Data/env/lib/python3.8/site-packages/airflow/example_dags/example_time_delta_sensor_async.py
[2022-01-13 23:11:16,152] {processor.py:654} INFO - DAG(s) dict_keys(['example_time_delta_sensor_async']) retrieved from /home/data-eginner/Documents/Soccer_Data/env/lib/python3.8/site-packages/airflow/example_dags/example_time_delta_sensor_async.py
[2022-01-13 23:11:16,160] {logging_mixin.py:109} INFO - [2022-01-13 23:11:16,160] {dag.py:2396} INFO - Sync 1 DAGs
[2022-01-13 23:11:16,174] {logging_mixin.py:109} INFO - [2022-01-13 23:11:16,174] {dag.py:2935} INFO - Setting next_dagrun for example_time_delta_sensor_async to None
[2022-01-13 23:11:16,242] {processor.py:171} INFO - Processing /home/data-eginner/Documents/Soccer_Data/env/lib/python3.8/site-packages/airflow/example_dags/example_time_delta_sensor_async.py took 0.146 seconds
[2022-01-13 23:13:45,754] {processor.py:163} INFO - Started process (PID=25607) to work on /home/data-eginner/Documents/Soccer_Data/env/lib/python3.8/site-packages/airflow/example_dags/example_time_delta_sensor_async.py
[2022-01-13 23:13:45,770] {processor.py:642} INFO - Processing file /home/data-eginner/Documents/Soccer_Data/env/lib/python3.8/site-packages/airflow/example_dags/example_time_delta_sensor_async.py for tasks to queue
[2022-01-13 23:13:45,770] {logging_mixin.py:109} INFO - [2022-01-13 23:13:45,770] {dagbag.py:500} INFO - Filling up the DagBag from /home/data-eginner/Documents/Soccer_Data/env/lib/python3.8/site-packages/airflow/example_dags/example_time_delta_sensor_async.py
[2022-01-13 23:13:45,905] {processor.py:654} INFO - DAG(s) dict_keys(['example_time_delta_sensor_async']) retrieved from /home/data-eginner/Documents/Soccer_Data/env/lib/python3.8/site-packages/airflow/example_dags/example_time_delta_sensor_async.py
[2022-01-13 23:13:46,096] {logging_mixin.py:109} INFO - [2022-01-13 23:13:46,068] {dag.py:2396} INFO - Sync 1 DAGs
[2022-01-13 23:13:46,150] {logging_mixin.py:109} INFO - [2022-01-13 23:13:46,149] {dag.py:2935} INFO - Setting next_dagrun for example_time_delta_sensor_async to None
[2022-01-13 23:13:46,236] {processor.py:171} INFO - Processing /home/data-eginner/Documents/Soccer_Data/env/lib/python3.8/site-packages/airflow/example_dags/example_time_delta_sensor_async.py took 0.485 seconds
[2022-01-13 23:14:43,994] {processor.py:163} INFO - Started process (PID=25798) to work on /home/data-eginner/Documents/Soccer_Data/env/lib/python3.8/site-packages/airflow/example_dags/example_time_delta_sensor_async.py
[2022-01-13 23:14:44,015] {processor.py:642} INFO - Processing file /home/data-eginner/Documents/Soccer_Data/env/lib/python3.8/site-packages/airflow/example_dags/example_time_delta_sensor_async.py for tasks to queue
[2022-01-13 23:14:44,016] {logging_mixin.py:109} INFO - [2022-01-13 23:14:44,016] {dagbag.py:500} INFO - Filling up the DagBag from /home/data-eginner/Documents/Soccer_Data/env/lib/python3.8/site-packages/airflow/example_dags/example_time_delta_sensor_async.py
[2022-01-13 23:14:44,135] {processor.py:654} INFO - DAG(s) dict_keys(['example_time_delta_sensor_async']) retrieved from /home/data-eginner/Documents/Soccer_Data/env/lib/python3.8/site-packages/airflow/example_dags/example_time_delta_sensor_async.py
[2022-01-13 23:14:44,145] {logging_mixin.py:109} INFO - [2022-01-13 23:14:44,145] {dag.py:2396} INFO - Sync 1 DAGs
[2022-01-13 23:14:44,185] {logging_mixin.py:109} INFO - [2022-01-13 23:14:44,185] {dag.py:2935} INFO - Setting next_dagrun for example_time_delta_sensor_async to None
[2022-01-13 23:14:44,217] {processor.py:171} INFO - Processing /home/data-eginner/Documents/Soccer_Data/env/lib/python3.8/site-packages/airflow/example_dags/example_time_delta_sensor_async.py took 0.226 seconds
[2022-01-13 23:15:56,783] {processor.py:163} INFO - Started process (PID=26112) to work on /home/data-eginner/Documents/Soccer_Data/env/lib/python3.8/site-packages/airflow/example_dags/example_time_delta_sensor_async.py
[2022-01-13 23:15:56,785] {processor.py:642} INFO - Processing file /home/data-eginner/Documents/Soccer_Data/env/lib/python3.8/site-packages/airflow/example_dags/example_time_delta_sensor_async.py for tasks to queue
[2022-01-13 23:15:56,786] {logging_mixin.py:109} INFO - [2022-01-13 23:15:56,786] {dagbag.py:500} INFO - Filling up the DagBag from /home/data-eginner/Documents/Soccer_Data/env/lib/python3.8/site-packages/airflow/example_dags/example_time_delta_sensor_async.py
[2022-01-13 23:15:56,874] {processor.py:654} INFO - DAG(s) dict_keys(['example_time_delta_sensor_async']) retrieved from /home/data-eginner/Documents/Soccer_Data/env/lib/python3.8/site-packages/airflow/example_dags/example_time_delta_sensor_async.py
[2022-01-13 23:15:56,906] {logging_mixin.py:109} INFO - [2022-01-13 23:15:56,906] {dag.py:2396} INFO - Sync 1 DAGs
[2022-01-13 23:15:56,933] {logging_mixin.py:109} INFO - [2022-01-13 23:15:56,933] {dag.py:2935} INFO - Setting next_dagrun for example_time_delta_sensor_async to None
[2022-01-13 23:15:57,011] {processor.py:171} INFO - Processing /home/data-eginner/Documents/Soccer_Data/env/lib/python3.8/site-packages/airflow/example_dags/example_time_delta_sensor_async.py took 0.242 seconds
