[2022-01-13 23:04:15,494] {processor.py:163} INFO - Started process (PID=23970) to work on /home/data-eginner/Documents/Soccer_Data/env/lib/python3.8/site-packages/airflow/example_dags/example_sla_dag.py
[2022-01-13 23:04:15,494] {processor.py:642} INFO - Processing file /home/data-eginner/Documents/Soccer_Data/env/lib/python3.8/site-packages/airflow/example_dags/example_sla_dag.py for tasks to queue
[2022-01-13 23:04:15,495] {logging_mixin.py:109} INFO - [2022-01-13 23:04:15,495] {dagbag.py:500} INFO - Filling up the DagBag from /home/data-eginner/Documents/Soccer_Data/env/lib/python3.8/site-packages/airflow/example_dags/example_sla_dag.py
[2022-01-13 23:04:15,754] {processor.py:654} INFO - DAG(s) dict_keys(['example_sla_dag']) retrieved from /home/data-eginner/Documents/Soccer_Data/env/lib/python3.8/site-packages/airflow/example_dags/example_sla_dag.py
[2022-01-13 23:04:15,785] {logging_mixin.py:109} INFO - [2022-01-13 23:04:15,785] {dag.py:2396} INFO - Sync 1 DAGs
[2022-01-13 23:04:15,912] {logging_mixin.py:109} INFO - [2022-01-13 23:04:15,912] {dag.py:2935} INFO - Setting next_dagrun for example_sla_dag to 2022-01-14T02:02:00+00:00
[2022-01-13 23:04:16,005] {processor.py:171} INFO - Processing /home/data-eginner/Documents/Soccer_Data/env/lib/python3.8/site-packages/airflow/example_dags/example_sla_dag.py took 0.513 seconds
[2022-01-13 23:04:56,649] {processor.py:163} INFO - Started process (PID=24168) to work on /home/data-eginner/Documents/Soccer_Data/env/lib/python3.8/site-packages/airflow/example_dags/example_sla_dag.py
[2022-01-13 23:04:56,651] {processor.py:642} INFO - Processing file /home/data-eginner/Documents/Soccer_Data/env/lib/python3.8/site-packages/airflow/example_dags/example_sla_dag.py for tasks to queue
[2022-01-13 23:04:56,652] {logging_mixin.py:109} INFO - [2022-01-13 23:04:56,652] {dagbag.py:500} INFO - Filling up the DagBag from /home/data-eginner/Documents/Soccer_Data/env/lib/python3.8/site-packages/airflow/example_dags/example_sla_dag.py
[2022-01-13 23:04:56,700] {processor.py:654} INFO - DAG(s) dict_keys(['example_sla_dag']) retrieved from /home/data-eginner/Documents/Soccer_Data/env/lib/python3.8/site-packages/airflow/example_dags/example_sla_dag.py
[2022-01-13 23:04:56,716] {logging_mixin.py:109} INFO - [2022-01-13 23:04:56,715] {dag.py:2396} INFO - Sync 1 DAGs
[2022-01-13 23:04:56,738] {logging_mixin.py:109} INFO - [2022-01-13 23:04:56,738] {dag.py:2935} INFO - Setting next_dagrun for example_sla_dag to 2022-01-14T02:02:00+00:00
[2022-01-13 23:04:56,758] {processor.py:171} INFO - Processing /home/data-eginner/Documents/Soccer_Data/env/lib/python3.8/site-packages/airflow/example_dags/example_sla_dag.py took 0.132 seconds
[2022-01-13 23:05:38,452] {processor.py:163} INFO - Started process (PID=24564) to work on /home/data-eginner/Documents/Soccer_Data/env/lib/python3.8/site-packages/airflow/example_dags/example_sla_dag.py
[2022-01-13 23:05:38,460] {processor.py:642} INFO - Processing file /home/data-eginner/Documents/Soccer_Data/env/lib/python3.8/site-packages/airflow/example_dags/example_sla_dag.py for tasks to queue
[2022-01-13 23:05:38,462] {logging_mixin.py:109} INFO - [2022-01-13 23:05:38,462] {dagbag.py:500} INFO - Filling up the DagBag from /home/data-eginner/Documents/Soccer_Data/env/lib/python3.8/site-packages/airflow/example_dags/example_sla_dag.py
[2022-01-13 23:05:38,499] {processor.py:654} INFO - DAG(s) dict_keys(['example_sla_dag']) retrieved from /home/data-eginner/Documents/Soccer_Data/env/lib/python3.8/site-packages/airflow/example_dags/example_sla_dag.py
[2022-01-13 23:05:38,510] {logging_mixin.py:109} INFO - [2022-01-13 23:05:38,510] {dag.py:2396} INFO - Sync 1 DAGs
[2022-01-13 23:05:38,525] {logging_mixin.py:109} INFO - [2022-01-13 23:05:38,525] {dag.py:2935} INFO - Setting next_dagrun for example_sla_dag to 2022-01-14T02:02:00+00:00
[2022-01-13 23:05:38,545] {processor.py:171} INFO - Processing /home/data-eginner/Documents/Soccer_Data/env/lib/python3.8/site-packages/airflow/example_dags/example_sla_dag.py took 0.100 seconds
[2022-01-13 23:06:17,364] {processor.py:163} INFO - Started process (PID=24744) to work on /home/data-eginner/Documents/Soccer_Data/env/lib/python3.8/site-packages/airflow/example_dags/example_sla_dag.py
[2022-01-13 23:06:17,382] {processor.py:642} INFO - Processing file /home/data-eginner/Documents/Soccer_Data/env/lib/python3.8/site-packages/airflow/example_dags/example_sla_dag.py for tasks to queue
[2022-01-13 23:06:17,382] {logging_mixin.py:109} INFO - [2022-01-13 23:06:17,382] {dagbag.py:500} INFO - Filling up the DagBag from /home/data-eginner/Documents/Soccer_Data/env/lib/python3.8/site-packages/airflow/example_dags/example_sla_dag.py
[2022-01-13 23:06:17,424] {processor.py:654} INFO - DAG(s) dict_keys(['example_sla_dag']) retrieved from /home/data-eginner/Documents/Soccer_Data/env/lib/python3.8/site-packages/airflow/example_dags/example_sla_dag.py
[2022-01-13 23:06:17,455] {logging_mixin.py:109} INFO - [2022-01-13 23:06:17,455] {dag.py:2396} INFO - Sync 1 DAGs
[2022-01-13 23:06:17,479] {logging_mixin.py:109} INFO - [2022-01-13 23:06:17,479] {dag.py:2935} INFO - Setting next_dagrun for example_sla_dag to 2022-01-14T02:04:00+00:00
[2022-01-13 23:06:17,510] {processor.py:171} INFO - Processing /home/data-eginner/Documents/Soccer_Data/env/lib/python3.8/site-packages/airflow/example_dags/example_sla_dag.py took 0.149 seconds
[2022-01-13 23:06:59,955] {processor.py:163} INFO - Started process (PID=24917) to work on /home/data-eginner/Documents/Soccer_Data/env/lib/python3.8/site-packages/airflow/example_dags/example_sla_dag.py
[2022-01-13 23:06:59,958] {processor.py:642} INFO - Processing file /home/data-eginner/Documents/Soccer_Data/env/lib/python3.8/site-packages/airflow/example_dags/example_sla_dag.py for tasks to queue
[2022-01-13 23:06:59,959] {logging_mixin.py:109} INFO - [2022-01-13 23:06:59,959] {dagbag.py:500} INFO - Filling up the DagBag from /home/data-eginner/Documents/Soccer_Data/env/lib/python3.8/site-packages/airflow/example_dags/example_sla_dag.py
[2022-01-13 23:07:00,034] {processor.py:654} INFO - DAG(s) dict_keys(['example_sla_dag']) retrieved from /home/data-eginner/Documents/Soccer_Data/env/lib/python3.8/site-packages/airflow/example_dags/example_sla_dag.py
[2022-01-13 23:07:00,087] {logging_mixin.py:109} INFO - [2022-01-13 23:07:00,087] {dag.py:2396} INFO - Sync 1 DAGs
[2022-01-13 23:07:00,139] {logging_mixin.py:109} INFO - [2022-01-13 23:07:00,139] {dag.py:2935} INFO - Setting next_dagrun for example_sla_dag to 2022-01-14T02:04:00+00:00
[2022-01-13 23:07:00,205] {processor.py:171} INFO - Processing /home/data-eginner/Documents/Soccer_Data/env/lib/python3.8/site-packages/airflow/example_dags/example_sla_dag.py took 0.255 seconds
[2022-01-13 23:10:26,600] {processor.py:163} INFO - Started process (PID=25208) to work on /home/data-eginner/Documents/Soccer_Data/env/lib/python3.8/site-packages/airflow/example_dags/example_sla_dag.py
[2022-01-13 23:10:26,643] {processor.py:642} INFO - Processing file /home/data-eginner/Documents/Soccer_Data/env/lib/python3.8/site-packages/airflow/example_dags/example_sla_dag.py for tasks to queue
[2022-01-13 23:10:26,644] {logging_mixin.py:109} INFO - [2022-01-13 23:10:26,644] {dagbag.py:500} INFO - Filling up the DagBag from /home/data-eginner/Documents/Soccer_Data/env/lib/python3.8/site-packages/airflow/example_dags/example_sla_dag.py
[2022-01-13 23:10:27,023] {processor.py:654} INFO - DAG(s) dict_keys(['example_sla_dag']) retrieved from /home/data-eginner/Documents/Soccer_Data/env/lib/python3.8/site-packages/airflow/example_dags/example_sla_dag.py
[2022-01-13 23:10:27,065] {logging_mixin.py:109} INFO - [2022-01-13 23:10:27,064] {dag.py:2396} INFO - Sync 1 DAGs
[2022-01-13 23:10:27,134] {logging_mixin.py:109} INFO - [2022-01-13 23:10:27,134] {dag.py:2935} INFO - Setting next_dagrun for example_sla_dag to 2022-01-14T02:08:00+00:00
[2022-01-13 23:10:27,366] {processor.py:171} INFO - Processing /home/data-eginner/Documents/Soccer_Data/env/lib/python3.8/site-packages/airflow/example_dags/example_sla_dag.py took 0.791 seconds
[2022-01-13 23:11:17,505] {processor.py:163} INFO - Started process (PID=25402) to work on /home/data-eginner/Documents/Soccer_Data/env/lib/python3.8/site-packages/airflow/example_dags/example_sla_dag.py
[2022-01-13 23:11:17,518] {processor.py:642} INFO - Processing file /home/data-eginner/Documents/Soccer_Data/env/lib/python3.8/site-packages/airflow/example_dags/example_sla_dag.py for tasks to queue
[2022-01-13 23:11:17,519] {logging_mixin.py:109} INFO - [2022-01-13 23:11:17,519] {dagbag.py:500} INFO - Filling up the DagBag from /home/data-eginner/Documents/Soccer_Data/env/lib/python3.8/site-packages/airflow/example_dags/example_sla_dag.py
[2022-01-13 23:11:17,569] {processor.py:654} INFO - DAG(s) dict_keys(['example_sla_dag']) retrieved from /home/data-eginner/Documents/Soccer_Data/env/lib/python3.8/site-packages/airflow/example_dags/example_sla_dag.py
[2022-01-13 23:11:17,579] {logging_mixin.py:109} INFO - [2022-01-13 23:11:17,579] {dag.py:2396} INFO - Sync 1 DAGs
[2022-01-13 23:11:17,595] {logging_mixin.py:109} INFO - [2022-01-13 23:11:17,594] {dag.py:2935} INFO - Setting next_dagrun for example_sla_dag to 2022-01-14T02:08:00+00:00
[2022-01-13 23:11:17,609] {processor.py:171} INFO - Processing /home/data-eginner/Documents/Soccer_Data/env/lib/python3.8/site-packages/airflow/example_dags/example_sla_dag.py took 0.106 seconds
[2022-01-13 23:13:47,730] {processor.py:163} INFO - Started process (PID=25612) to work on /home/data-eginner/Documents/Soccer_Data/env/lib/python3.8/site-packages/airflow/example_dags/example_sla_dag.py
[2022-01-13 23:13:47,747] {processor.py:642} INFO - Processing file /home/data-eginner/Documents/Soccer_Data/env/lib/python3.8/site-packages/airflow/example_dags/example_sla_dag.py for tasks to queue
[2022-01-13 23:13:47,747] {logging_mixin.py:109} INFO - [2022-01-13 23:13:47,747] {dagbag.py:500} INFO - Filling up the DagBag from /home/data-eginner/Documents/Soccer_Data/env/lib/python3.8/site-packages/airflow/example_dags/example_sla_dag.py
[2022-01-13 23:13:47,867] {processor.py:654} INFO - DAG(s) dict_keys(['example_sla_dag']) retrieved from /home/data-eginner/Documents/Soccer_Data/env/lib/python3.8/site-packages/airflow/example_dags/example_sla_dag.py
[2022-01-13 23:13:47,918] {logging_mixin.py:109} INFO - [2022-01-13 23:13:47,918] {dag.py:2396} INFO - Sync 1 DAGs
[2022-01-13 23:13:47,975] {logging_mixin.py:109} INFO - [2022-01-13 23:13:47,975] {dag.py:2935} INFO - Setting next_dagrun for example_sla_dag to 2022-01-14T02:10:00+00:00
[2022-01-13 23:13:48,027] {processor.py:171} INFO - Processing /home/data-eginner/Documents/Soccer_Data/env/lib/python3.8/site-packages/airflow/example_dags/example_sla_dag.py took 0.299 seconds
[2022-01-13 23:14:45,199] {processor.py:163} INFO - Started process (PID=25802) to work on /home/data-eginner/Documents/Soccer_Data/env/lib/python3.8/site-packages/airflow/example_dags/example_sla_dag.py
[2022-01-13 23:14:45,201] {processor.py:642} INFO - Processing file /home/data-eginner/Documents/Soccer_Data/env/lib/python3.8/site-packages/airflow/example_dags/example_sla_dag.py for tasks to queue
[2022-01-13 23:14:45,201] {logging_mixin.py:109} INFO - [2022-01-13 23:14:45,201] {dagbag.py:500} INFO - Filling up the DagBag from /home/data-eginner/Documents/Soccer_Data/env/lib/python3.8/site-packages/airflow/example_dags/example_sla_dag.py
[2022-01-13 23:14:45,242] {processor.py:654} INFO - DAG(s) dict_keys(['example_sla_dag']) retrieved from /home/data-eginner/Documents/Soccer_Data/env/lib/python3.8/site-packages/airflow/example_dags/example_sla_dag.py
[2022-01-13 23:14:45,275] {logging_mixin.py:109} INFO - [2022-01-13 23:14:45,275] {dag.py:2396} INFO - Sync 1 DAGs
[2022-01-13 23:14:45,339] {logging_mixin.py:109} INFO - [2022-01-13 23:14:45,339] {dag.py:2935} INFO - Setting next_dagrun for example_sla_dag to 2022-01-14T02:12:00+00:00
[2022-01-13 23:14:45,428] {processor.py:171} INFO - Processing /home/data-eginner/Documents/Soccer_Data/env/lib/python3.8/site-packages/airflow/example_dags/example_sla_dag.py took 0.250 seconds
[2022-01-13 23:15:58,251] {processor.py:163} INFO - Started process (PID=26118) to work on /home/data-eginner/Documents/Soccer_Data/env/lib/python3.8/site-packages/airflow/example_dags/example_sla_dag.py
[2022-01-13 23:15:58,256] {processor.py:642} INFO - Processing file /home/data-eginner/Documents/Soccer_Data/env/lib/python3.8/site-packages/airflow/example_dags/example_sla_dag.py for tasks to queue
[2022-01-13 23:15:58,257] {logging_mixin.py:109} INFO - [2022-01-13 23:15:58,257] {dagbag.py:500} INFO - Filling up the DagBag from /home/data-eginner/Documents/Soccer_Data/env/lib/python3.8/site-packages/airflow/example_dags/example_sla_dag.py
[2022-01-13 23:15:58,316] {processor.py:654} INFO - DAG(s) dict_keys(['example_sla_dag']) retrieved from /home/data-eginner/Documents/Soccer_Data/env/lib/python3.8/site-packages/airflow/example_dags/example_sla_dag.py
[2022-01-13 23:15:58,341] {logging_mixin.py:109} INFO - [2022-01-13 23:15:58,341] {dag.py:2396} INFO - Sync 1 DAGs
[2022-01-13 23:15:58,369] {logging_mixin.py:109} INFO - [2022-01-13 23:15:58,369] {dag.py:2935} INFO - Setting next_dagrun for example_sla_dag to 2022-01-14T02:12:00+00:00
[2022-01-13 23:15:58,396] {processor.py:171} INFO - Processing /home/data-eginner/Documents/Soccer_Data/env/lib/python3.8/site-packages/airflow/example_dags/example_sla_dag.py took 0.154 seconds
