[2022-01-13 23:04:28,572] {processor.py:163} INFO - Started process (PID=24032) to work on /home/data-eginner/Documents/Soccer_Data/env/lib/python3.8/site-packages/airflow/example_dags/example_branch_datetime_operator.py
[2022-01-13 23:04:28,574] {processor.py:642} INFO - Processing file /home/data-eginner/Documents/Soccer_Data/env/lib/python3.8/site-packages/airflow/example_dags/example_branch_datetime_operator.py for tasks to queue
[2022-01-13 23:04:28,575] {logging_mixin.py:109} INFO - [2022-01-13 23:04:28,575] {dagbag.py:500} INFO - Filling up the DagBag from /home/data-eginner/Documents/Soccer_Data/env/lib/python3.8/site-packages/airflow/example_dags/example_branch_datetime_operator.py
[2022-01-13 23:04:28,622] {processor.py:654} INFO - DAG(s) dict_keys(['example_branch_datetime_operator_2']) retrieved from /home/data-eginner/Documents/Soccer_Data/env/lib/python3.8/site-packages/airflow/example_dags/example_branch_datetime_operator.py
[2022-01-13 23:04:28,645] {logging_mixin.py:109} INFO - [2022-01-13 23:04:28,645] {dag.py:2396} INFO - Sync 1 DAGs
[2022-01-13 23:04:28,659] {logging_mixin.py:109} INFO - [2022-01-13 23:04:28,659] {dag.py:2935} INFO - Setting next_dagrun for example_branch_datetime_operator_2 to 2022-01-13 00:00:00+00:00
[2022-01-13 23:04:28,689] {processor.py:171} INFO - Processing /home/data-eginner/Documents/Soccer_Data/env/lib/python3.8/site-packages/airflow/example_dags/example_branch_datetime_operator.py took 0.151 seconds
[2022-01-13 23:05:06,008] {processor.py:163} INFO - Started process (PID=24211) to work on /home/data-eginner/Documents/Soccer_Data/env/lib/python3.8/site-packages/airflow/example_dags/example_branch_datetime_operator.py
[2022-01-13 23:05:06,011] {processor.py:642} INFO - Processing file /home/data-eginner/Documents/Soccer_Data/env/lib/python3.8/site-packages/airflow/example_dags/example_branch_datetime_operator.py for tasks to queue
[2022-01-13 23:05:06,011] {logging_mixin.py:109} INFO - [2022-01-13 23:05:06,011] {dagbag.py:500} INFO - Filling up the DagBag from /home/data-eginner/Documents/Soccer_Data/env/lib/python3.8/site-packages/airflow/example_dags/example_branch_datetime_operator.py
[2022-01-13 23:05:06,059] {processor.py:654} INFO - DAG(s) dict_keys(['example_branch_datetime_operator_2']) retrieved from /home/data-eginner/Documents/Soccer_Data/env/lib/python3.8/site-packages/airflow/example_dags/example_branch_datetime_operator.py
[2022-01-13 23:05:06,067] {logging_mixin.py:109} INFO - [2022-01-13 23:05:06,067] {dag.py:2396} INFO - Sync 1 DAGs
[2022-01-13 23:05:06,113] {logging_mixin.py:109} INFO - [2022-01-13 23:05:06,111] {dag.py:2935} INFO - Setting next_dagrun for example_branch_datetime_operator_2 to 2022-01-13 00:00:00+00:00
[2022-01-13 23:05:06,158] {processor.py:171} INFO - Processing /home/data-eginner/Documents/Soccer_Data/env/lib/python3.8/site-packages/airflow/example_dags/example_branch_datetime_operator.py took 0.190 seconds
[2022-01-13 23:05:48,725] {processor.py:163} INFO - Started process (PID=24610) to work on /home/data-eginner/Documents/Soccer_Data/env/lib/python3.8/site-packages/airflow/example_dags/example_branch_datetime_operator.py
[2022-01-13 23:05:48,730] {processor.py:642} INFO - Processing file /home/data-eginner/Documents/Soccer_Data/env/lib/python3.8/site-packages/airflow/example_dags/example_branch_datetime_operator.py for tasks to queue
[2022-01-13 23:05:48,731] {logging_mixin.py:109} INFO - [2022-01-13 23:05:48,731] {dagbag.py:500} INFO - Filling up the DagBag from /home/data-eginner/Documents/Soccer_Data/env/lib/python3.8/site-packages/airflow/example_dags/example_branch_datetime_operator.py
[2022-01-13 23:05:48,761] {processor.py:654} INFO - DAG(s) dict_keys(['example_branch_datetime_operator_2']) retrieved from /home/data-eginner/Documents/Soccer_Data/env/lib/python3.8/site-packages/airflow/example_dags/example_branch_datetime_operator.py
[2022-01-13 23:05:48,769] {logging_mixin.py:109} INFO - [2022-01-13 23:05:48,769] {dag.py:2396} INFO - Sync 1 DAGs
[2022-01-13 23:05:48,788] {logging_mixin.py:109} INFO - [2022-01-13 23:05:48,788] {dag.py:2935} INFO - Setting next_dagrun for example_branch_datetime_operator_2 to 2022-01-13 00:00:00+00:00
[2022-01-13 23:05:48,806] {processor.py:171} INFO - Processing /home/data-eginner/Documents/Soccer_Data/env/lib/python3.8/site-packages/airflow/example_dags/example_branch_datetime_operator.py took 0.087 seconds
[2022-01-13 23:06:29,768] {processor.py:163} INFO - Started process (PID=24794) to work on /home/data-eginner/Documents/Soccer_Data/env/lib/python3.8/site-packages/airflow/example_dags/example_branch_datetime_operator.py
[2022-01-13 23:06:29,783] {processor.py:642} INFO - Processing file /home/data-eginner/Documents/Soccer_Data/env/lib/python3.8/site-packages/airflow/example_dags/example_branch_datetime_operator.py for tasks to queue
[2022-01-13 23:06:29,783] {logging_mixin.py:109} INFO - [2022-01-13 23:06:29,783] {dagbag.py:500} INFO - Filling up the DagBag from /home/data-eginner/Documents/Soccer_Data/env/lib/python3.8/site-packages/airflow/example_dags/example_branch_datetime_operator.py
[2022-01-13 23:06:29,846] {processor.py:654} INFO - DAG(s) dict_keys(['example_branch_datetime_operator_2']) retrieved from /home/data-eginner/Documents/Soccer_Data/env/lib/python3.8/site-packages/airflow/example_dags/example_branch_datetime_operator.py
[2022-01-13 23:06:29,883] {logging_mixin.py:109} INFO - [2022-01-13 23:06:29,883] {dag.py:2396} INFO - Sync 1 DAGs
[2022-01-13 23:06:29,937] {logging_mixin.py:109} INFO - [2022-01-13 23:06:29,937] {dag.py:2935} INFO - Setting next_dagrun for example_branch_datetime_operator_2 to 2022-01-13 00:00:00+00:00
[2022-01-13 23:06:30,037] {processor.py:171} INFO - Processing /home/data-eginner/Documents/Soccer_Data/env/lib/python3.8/site-packages/airflow/example_dags/example_branch_datetime_operator.py took 0.271 seconds
[2022-01-13 23:07:12,817] {processor.py:163} INFO - Started process (PID=24974) to work on /home/data-eginner/Documents/Soccer_Data/env/lib/python3.8/site-packages/airflow/example_dags/example_branch_datetime_operator.py
[2022-01-13 23:07:12,858] {processor.py:642} INFO - Processing file /home/data-eginner/Documents/Soccer_Data/env/lib/python3.8/site-packages/airflow/example_dags/example_branch_datetime_operator.py for tasks to queue
[2022-01-13 23:07:12,858] {logging_mixin.py:109} INFO - [2022-01-13 23:07:12,858] {dagbag.py:500} INFO - Filling up the DagBag from /home/data-eginner/Documents/Soccer_Data/env/lib/python3.8/site-packages/airflow/example_dags/example_branch_datetime_operator.py
[2022-01-13 23:07:12,963] {processor.py:654} INFO - DAG(s) dict_keys(['example_branch_datetime_operator_2']) retrieved from /home/data-eginner/Documents/Soccer_Data/env/lib/python3.8/site-packages/airflow/example_dags/example_branch_datetime_operator.py
[2022-01-13 23:07:13,028] {logging_mixin.py:109} INFO - [2022-01-13 23:07:13,028] {dag.py:2396} INFO - Sync 1 DAGs
[2022-01-13 23:07:13,086] {logging_mixin.py:109} INFO - [2022-01-13 23:07:13,086] {dag.py:2935} INFO - Setting next_dagrun for example_branch_datetime_operator_2 to 2022-01-13 00:00:00+00:00
[2022-01-13 23:07:13,180] {processor.py:171} INFO - Processing /home/data-eginner/Documents/Soccer_Data/env/lib/python3.8/site-packages/airflow/example_dags/example_branch_datetime_operator.py took 0.366 seconds
[2022-01-13 23:10:45,661] {processor.py:163} INFO - Started process (PID=25269) to work on /home/data-eginner/Documents/Soccer_Data/env/lib/python3.8/site-packages/airflow/example_dags/example_branch_datetime_operator.py
[2022-01-13 23:10:45,665] {processor.py:642} INFO - Processing file /home/data-eginner/Documents/Soccer_Data/env/lib/python3.8/site-packages/airflow/example_dags/example_branch_datetime_operator.py for tasks to queue
[2022-01-13 23:10:45,666] {logging_mixin.py:109} INFO - [2022-01-13 23:10:45,666] {dagbag.py:500} INFO - Filling up the DagBag from /home/data-eginner/Documents/Soccer_Data/env/lib/python3.8/site-packages/airflow/example_dags/example_branch_datetime_operator.py
[2022-01-13 23:10:45,852] {processor.py:654} INFO - DAG(s) dict_keys(['example_branch_datetime_operator_2']) retrieved from /home/data-eginner/Documents/Soccer_Data/env/lib/python3.8/site-packages/airflow/example_dags/example_branch_datetime_operator.py
[2022-01-13 23:10:45,917] {logging_mixin.py:109} INFO - [2022-01-13 23:10:45,917] {dag.py:2396} INFO - Sync 1 DAGs
[2022-01-13 23:10:45,983] {logging_mixin.py:109} INFO - [2022-01-13 23:10:45,983] {dag.py:2935} INFO - Setting next_dagrun for example_branch_datetime_operator_2 to 2022-01-13 00:00:00+00:00
[2022-01-13 23:10:46,073] {processor.py:171} INFO - Processing /home/data-eginner/Documents/Soccer_Data/env/lib/python3.8/site-packages/airflow/example_dags/example_branch_datetime_operator.py took 0.464 seconds
[2022-01-13 23:14:06,583] {processor.py:163} INFO - Started process (PID=25681) to work on /home/data-eginner/Documents/Soccer_Data/env/lib/python3.8/site-packages/airflow/example_dags/example_branch_datetime_operator.py
[2022-01-13 23:14:06,619] {processor.py:642} INFO - Processing file /home/data-eginner/Documents/Soccer_Data/env/lib/python3.8/site-packages/airflow/example_dags/example_branch_datetime_operator.py for tasks to queue
[2022-01-13 23:14:06,620] {logging_mixin.py:109} INFO - [2022-01-13 23:14:06,620] {dagbag.py:500} INFO - Filling up the DagBag from /home/data-eginner/Documents/Soccer_Data/env/lib/python3.8/site-packages/airflow/example_dags/example_branch_datetime_operator.py
[2022-01-13 23:14:06,726] {processor.py:654} INFO - DAG(s) dict_keys(['example_branch_datetime_operator_2']) retrieved from /home/data-eginner/Documents/Soccer_Data/env/lib/python3.8/site-packages/airflow/example_dags/example_branch_datetime_operator.py
[2022-01-13 23:14:06,770] {logging_mixin.py:109} INFO - [2022-01-13 23:14:06,770] {dag.py:2396} INFO - Sync 1 DAGs
[2022-01-13 23:14:06,827] {logging_mixin.py:109} INFO - [2022-01-13 23:14:06,826] {dag.py:2935} INFO - Setting next_dagrun for example_branch_datetime_operator_2 to 2022-01-13 00:00:00+00:00
[2022-01-13 23:14:06,877] {processor.py:171} INFO - Processing /home/data-eginner/Documents/Soccer_Data/env/lib/python3.8/site-packages/airflow/example_dags/example_branch_datetime_operator.py took 0.296 seconds
[2022-01-13 23:15:05,147] {processor.py:163} INFO - Started process (PID=25871) to work on /home/data-eginner/Documents/Soccer_Data/env/lib/python3.8/site-packages/airflow/example_dags/example_branch_datetime_operator.py
[2022-01-13 23:15:05,150] {processor.py:642} INFO - Processing file /home/data-eginner/Documents/Soccer_Data/env/lib/python3.8/site-packages/airflow/example_dags/example_branch_datetime_operator.py for tasks to queue
[2022-01-13 23:15:05,151] {logging_mixin.py:109} INFO - [2022-01-13 23:15:05,151] {dagbag.py:500} INFO - Filling up the DagBag from /home/data-eginner/Documents/Soccer_Data/env/lib/python3.8/site-packages/airflow/example_dags/example_branch_datetime_operator.py
[2022-01-13 23:15:05,188] {processor.py:654} INFO - DAG(s) dict_keys(['example_branch_datetime_operator_2']) retrieved from /home/data-eginner/Documents/Soccer_Data/env/lib/python3.8/site-packages/airflow/example_dags/example_branch_datetime_operator.py
[2022-01-13 23:15:05,196] {logging_mixin.py:109} INFO - [2022-01-13 23:15:05,196] {dag.py:2396} INFO - Sync 1 DAGs
[2022-01-13 23:15:05,208] {logging_mixin.py:109} INFO - [2022-01-13 23:15:05,208] {dag.py:2935} INFO - Setting next_dagrun for example_branch_datetime_operator_2 to 2022-01-13 00:00:00+00:00
[2022-01-13 23:15:05,235] {processor.py:171} INFO - Processing /home/data-eginner/Documents/Soccer_Data/env/lib/python3.8/site-packages/airflow/example_dags/example_branch_datetime_operator.py took 0.091 seconds
[2022-01-13 23:16:09,174] {processor.py:163} INFO - Started process (PID=26164) to work on /home/data-eginner/Documents/Soccer_Data/env/lib/python3.8/site-packages/airflow/example_dags/example_branch_datetime_operator.py
[2022-01-13 23:16:09,195] {processor.py:642} INFO - Processing file /home/data-eginner/Documents/Soccer_Data/env/lib/python3.8/site-packages/airflow/example_dags/example_branch_datetime_operator.py for tasks to queue
[2022-01-13 23:16:09,196] {logging_mixin.py:109} INFO - [2022-01-13 23:16:09,196] {dagbag.py:500} INFO - Filling up the DagBag from /home/data-eginner/Documents/Soccer_Data/env/lib/python3.8/site-packages/airflow/example_dags/example_branch_datetime_operator.py
[2022-01-13 23:16:09,309] {processor.py:654} INFO - DAG(s) dict_keys(['example_branch_datetime_operator_2']) retrieved from /home/data-eginner/Documents/Soccer_Data/env/lib/python3.8/site-packages/airflow/example_dags/example_branch_datetime_operator.py
[2022-01-13 23:16:09,355] {logging_mixin.py:109} INFO - [2022-01-13 23:16:09,355] {dag.py:2396} INFO - Sync 1 DAGs
[2022-01-13 23:16:09,378] {logging_mixin.py:109} INFO - [2022-01-13 23:16:09,378] {dag.py:2935} INFO - Setting next_dagrun for example_branch_datetime_operator_2 to 2022-01-13 00:00:00+00:00
[2022-01-13 23:16:09,425] {processor.py:171} INFO - Processing /home/data-eginner/Documents/Soccer_Data/env/lib/python3.8/site-packages/airflow/example_dags/example_branch_datetime_operator.py took 0.253 seconds
