[2022-01-13 23:04:26,318] {processor.py:163} INFO - Started process (PID=24020) to work on /home/data-eginner/Documents/Soccer_Data/env/lib/python3.8/site-packages/airflow/example_dags/example_python_operator.py
[2022-01-13 23:04:26,319] {processor.py:642} INFO - Processing file /home/data-eginner/Documents/Soccer_Data/env/lib/python3.8/site-packages/airflow/example_dags/example_python_operator.py for tasks to queue
[2022-01-13 23:04:26,352] {logging_mixin.py:109} INFO - [2022-01-13 23:04:26,352] {dagbag.py:500} INFO - Filling up the DagBag from /home/data-eginner/Documents/Soccer_Data/env/lib/python3.8/site-packages/airflow/example_dags/example_python_operator.py
[2022-01-13 23:04:26,362] {logging_mixin.py:109} INFO - [2022-01-13 23:04:26,362] {example_python_operator.py:67} WARNING - The virtalenv_python example task requires virtualenv, please install it.
[2022-01-13 23:04:26,399] {processor.py:654} INFO - DAG(s) dict_keys(['example_python_operator']) retrieved from /home/data-eginner/Documents/Soccer_Data/env/lib/python3.8/site-packages/airflow/example_dags/example_python_operator.py
[2022-01-13 23:04:26,417] {logging_mixin.py:109} INFO - [2022-01-13 23:04:26,417] {dag.py:2396} INFO - Sync 1 DAGs
[2022-01-13 23:04:26,439] {logging_mixin.py:109} INFO - [2022-01-13 23:04:26,427] {dag.py:2935} INFO - Setting next_dagrun for example_python_operator to None
[2022-01-13 23:04:26,460] {processor.py:171} INFO - Processing /home/data-eginner/Documents/Soccer_Data/env/lib/python3.8/site-packages/airflow/example_dags/example_python_operator.py took 0.146 seconds
[2022-01-13 23:05:03,469] {processor.py:163} INFO - Started process (PID=24199) to work on /home/data-eginner/Documents/Soccer_Data/env/lib/python3.8/site-packages/airflow/example_dags/example_python_operator.py
[2022-01-13 23:05:03,471] {processor.py:642} INFO - Processing file /home/data-eginner/Documents/Soccer_Data/env/lib/python3.8/site-packages/airflow/example_dags/example_python_operator.py for tasks to queue
[2022-01-13 23:05:03,472] {logging_mixin.py:109} INFO - [2022-01-13 23:05:03,471] {dagbag.py:500} INFO - Filling up the DagBag from /home/data-eginner/Documents/Soccer_Data/env/lib/python3.8/site-packages/airflow/example_dags/example_python_operator.py
[2022-01-13 23:05:03,484] {logging_mixin.py:109} INFO - [2022-01-13 23:05:03,484] {example_python_operator.py:67} WARNING - The virtalenv_python example task requires virtualenv, please install it.
[2022-01-13 23:05:03,494] {processor.py:654} INFO - DAG(s) dict_keys(['example_python_operator']) retrieved from /home/data-eginner/Documents/Soccer_Data/env/lib/python3.8/site-packages/airflow/example_dags/example_python_operator.py
[2022-01-13 23:05:03,503] {logging_mixin.py:109} INFO - [2022-01-13 23:05:03,503] {dag.py:2396} INFO - Sync 1 DAGs
[2022-01-13 23:05:03,515] {logging_mixin.py:109} INFO - [2022-01-13 23:05:03,515] {dag.py:2935} INFO - Setting next_dagrun for example_python_operator to None
[2022-01-13 23:05:03,544] {processor.py:171} INFO - Processing /home/data-eginner/Documents/Soccer_Data/env/lib/python3.8/site-packages/airflow/example_dags/example_python_operator.py took 0.078 seconds
[2022-01-13 23:05:46,304] {processor.py:163} INFO - Started process (PID=24598) to work on /home/data-eginner/Documents/Soccer_Data/env/lib/python3.8/site-packages/airflow/example_dags/example_python_operator.py
[2022-01-13 23:05:46,306] {processor.py:642} INFO - Processing file /home/data-eginner/Documents/Soccer_Data/env/lib/python3.8/site-packages/airflow/example_dags/example_python_operator.py for tasks to queue
[2022-01-13 23:05:46,307] {logging_mixin.py:109} INFO - [2022-01-13 23:05:46,307] {dagbag.py:500} INFO - Filling up the DagBag from /home/data-eginner/Documents/Soccer_Data/env/lib/python3.8/site-packages/airflow/example_dags/example_python_operator.py
[2022-01-13 23:05:46,319] {logging_mixin.py:109} INFO - [2022-01-13 23:05:46,319] {example_python_operator.py:67} WARNING - The virtalenv_python example task requires virtualenv, please install it.
[2022-01-13 23:05:46,334] {processor.py:654} INFO - DAG(s) dict_keys(['example_python_operator']) retrieved from /home/data-eginner/Documents/Soccer_Data/env/lib/python3.8/site-packages/airflow/example_dags/example_python_operator.py
[2022-01-13 23:05:46,342] {logging_mixin.py:109} INFO - [2022-01-13 23:05:46,342] {dag.py:2396} INFO - Sync 1 DAGs
[2022-01-13 23:05:46,352] {logging_mixin.py:109} INFO - [2022-01-13 23:05:46,352] {dag.py:2935} INFO - Setting next_dagrun for example_python_operator to None
[2022-01-13 23:05:46,368] {processor.py:171} INFO - Processing /home/data-eginner/Documents/Soccer_Data/env/lib/python3.8/site-packages/airflow/example_dags/example_python_operator.py took 0.068 seconds
[2022-01-13 23:06:27,266] {processor.py:163} INFO - Started process (PID=24783) to work on /home/data-eginner/Documents/Soccer_Data/env/lib/python3.8/site-packages/airflow/example_dags/example_python_operator.py
[2022-01-13 23:06:27,297] {processor.py:642} INFO - Processing file /home/data-eginner/Documents/Soccer_Data/env/lib/python3.8/site-packages/airflow/example_dags/example_python_operator.py for tasks to queue
[2022-01-13 23:06:27,298] {logging_mixin.py:109} INFO - [2022-01-13 23:06:27,298] {dagbag.py:500} INFO - Filling up the DagBag from /home/data-eginner/Documents/Soccer_Data/env/lib/python3.8/site-packages/airflow/example_dags/example_python_operator.py
[2022-01-13 23:06:27,362] {logging_mixin.py:109} INFO - [2022-01-13 23:06:27,361] {example_python_operator.py:67} WARNING - The virtalenv_python example task requires virtualenv, please install it.
[2022-01-13 23:06:27,431] {processor.py:654} INFO - DAG(s) dict_keys(['example_python_operator']) retrieved from /home/data-eginner/Documents/Soccer_Data/env/lib/python3.8/site-packages/airflow/example_dags/example_python_operator.py
[2022-01-13 23:06:27,438] {logging_mixin.py:109} INFO - [2022-01-13 23:06:27,438] {dag.py:2396} INFO - Sync 1 DAGs
[2022-01-13 23:06:27,509] {logging_mixin.py:109} INFO - [2022-01-13 23:06:27,509] {dag.py:2935} INFO - Setting next_dagrun for example_python_operator to None
[2022-01-13 23:06:27,581] {processor.py:171} INFO - Processing /home/data-eginner/Documents/Soccer_Data/env/lib/python3.8/site-packages/airflow/example_dags/example_python_operator.py took 0.329 seconds
[2022-01-13 23:07:09,401] {processor.py:163} INFO - Started process (PID=24960) to work on /home/data-eginner/Documents/Soccer_Data/env/lib/python3.8/site-packages/airflow/example_dags/example_python_operator.py
[2022-01-13 23:07:09,472] {processor.py:642} INFO - Processing file /home/data-eginner/Documents/Soccer_Data/env/lib/python3.8/site-packages/airflow/example_dags/example_python_operator.py for tasks to queue
[2022-01-13 23:07:09,473] {logging_mixin.py:109} INFO - [2022-01-13 23:07:09,473] {dagbag.py:500} INFO - Filling up the DagBag from /home/data-eginner/Documents/Soccer_Data/env/lib/python3.8/site-packages/airflow/example_dags/example_python_operator.py
[2022-01-13 23:07:09,509] {logging_mixin.py:109} INFO - [2022-01-13 23:07:09,509] {example_python_operator.py:67} WARNING - The virtalenv_python example task requires virtualenv, please install it.
[2022-01-13 23:07:09,613] {processor.py:654} INFO - DAG(s) dict_keys(['example_python_operator']) retrieved from /home/data-eginner/Documents/Soccer_Data/env/lib/python3.8/site-packages/airflow/example_dags/example_python_operator.py
[2022-01-13 23:07:09,670] {logging_mixin.py:109} INFO - [2022-01-13 23:07:09,670] {dag.py:2396} INFO - Sync 1 DAGs
[2022-01-13 23:07:09,703] {logging_mixin.py:109} INFO - [2022-01-13 23:07:09,703] {dag.py:2935} INFO - Setting next_dagrun for example_python_operator to None
[2022-01-13 23:07:09,807] {processor.py:171} INFO - Processing /home/data-eginner/Documents/Soccer_Data/env/lib/python3.8/site-packages/airflow/example_dags/example_python_operator.py took 0.408 seconds
[2022-01-13 23:10:41,779] {processor.py:163} INFO - Started process (PID=25256) to work on /home/data-eginner/Documents/Soccer_Data/env/lib/python3.8/site-packages/airflow/example_dags/example_python_operator.py
[2022-01-13 23:10:41,781] {processor.py:642} INFO - Processing file /home/data-eginner/Documents/Soccer_Data/env/lib/python3.8/site-packages/airflow/example_dags/example_python_operator.py for tasks to queue
[2022-01-13 23:10:41,781] {logging_mixin.py:109} INFO - [2022-01-13 23:10:41,781] {dagbag.py:500} INFO - Filling up the DagBag from /home/data-eginner/Documents/Soccer_Data/env/lib/python3.8/site-packages/airflow/example_dags/example_python_operator.py
[2022-01-13 23:10:41,867] {logging_mixin.py:109} INFO - [2022-01-13 23:10:41,867] {example_python_operator.py:67} WARNING - The virtalenv_python example task requires virtualenv, please install it.
[2022-01-13 23:10:41,924] {processor.py:654} INFO - DAG(s) dict_keys(['example_python_operator']) retrieved from /home/data-eginner/Documents/Soccer_Data/env/lib/python3.8/site-packages/airflow/example_dags/example_python_operator.py
[2022-01-13 23:10:41,987] {logging_mixin.py:109} INFO - [2022-01-13 23:10:41,987] {dag.py:2396} INFO - Sync 1 DAGs
[2022-01-13 23:10:42,141] {logging_mixin.py:109} INFO - [2022-01-13 23:10:42,140] {dag.py:2935} INFO - Setting next_dagrun for example_python_operator to None
[2022-01-13 23:10:42,183] {processor.py:171} INFO - Processing /home/data-eginner/Documents/Soccer_Data/env/lib/python3.8/site-packages/airflow/example_dags/example_python_operator.py took 0.474 seconds
[2022-01-13 23:14:02,490] {processor.py:163} INFO - Started process (PID=25667) to work on /home/data-eginner/Documents/Soccer_Data/env/lib/python3.8/site-packages/airflow/example_dags/example_python_operator.py
[2022-01-13 23:14:02,509] {processor.py:642} INFO - Processing file /home/data-eginner/Documents/Soccer_Data/env/lib/python3.8/site-packages/airflow/example_dags/example_python_operator.py for tasks to queue
[2022-01-13 23:14:02,509] {logging_mixin.py:109} INFO - [2022-01-13 23:14:02,509] {dagbag.py:500} INFO - Filling up the DagBag from /home/data-eginner/Documents/Soccer_Data/env/lib/python3.8/site-packages/airflow/example_dags/example_python_operator.py
[2022-01-13 23:14:02,553] {logging_mixin.py:109} INFO - [2022-01-13 23:14:02,553] {example_python_operator.py:67} WARNING - The virtalenv_python example task requires virtualenv, please install it.
[2022-01-13 23:14:02,598] {processor.py:654} INFO - DAG(s) dict_keys(['example_python_operator']) retrieved from /home/data-eginner/Documents/Soccer_Data/env/lib/python3.8/site-packages/airflow/example_dags/example_python_operator.py
[2022-01-13 23:14:03,034] {logging_mixin.py:109} INFO - [2022-01-13 23:14:03,033] {dag.py:2396} INFO - Sync 1 DAGs
[2022-01-13 23:14:03,181] {logging_mixin.py:109} INFO - [2022-01-13 23:14:03,181] {dag.py:2935} INFO - Setting next_dagrun for example_python_operator to None
[2022-01-13 23:14:03,219] {processor.py:171} INFO - Processing /home/data-eginner/Documents/Soccer_Data/env/lib/python3.8/site-packages/airflow/example_dags/example_python_operator.py took 0.731 seconds
[2022-01-13 23:14:54,408] {processor.py:163} INFO - Started process (PID=25839) to work on /home/data-eginner/Documents/Soccer_Data/env/lib/python3.8/site-packages/airflow/example_dags/example_python_operator.py
[2022-01-13 23:14:54,411] {processor.py:642} INFO - Processing file /home/data-eginner/Documents/Soccer_Data/env/lib/python3.8/site-packages/airflow/example_dags/example_python_operator.py for tasks to queue
[2022-01-13 23:14:54,411] {logging_mixin.py:109} INFO - [2022-01-13 23:14:54,411] {dagbag.py:500} INFO - Filling up the DagBag from /home/data-eginner/Documents/Soccer_Data/env/lib/python3.8/site-packages/airflow/example_dags/example_python_operator.py
[2022-01-13 23:14:54,424] {logging_mixin.py:109} INFO - [2022-01-13 23:14:54,424] {example_python_operator.py:67} WARNING - The virtalenv_python example task requires virtualenv, please install it.
[2022-01-13 23:14:54,436] {processor.py:654} INFO - DAG(s) dict_keys(['example_python_operator']) retrieved from /home/data-eginner/Documents/Soccer_Data/env/lib/python3.8/site-packages/airflow/example_dags/example_python_operator.py
[2022-01-13 23:14:54,445] {logging_mixin.py:109} INFO - [2022-01-13 23:14:54,445] {dag.py:2396} INFO - Sync 1 DAGs
[2022-01-13 23:14:54,461] {logging_mixin.py:109} INFO - [2022-01-13 23:14:54,461] {dag.py:2935} INFO - Setting next_dagrun for example_python_operator to None
[2022-01-13 23:14:54,476] {processor.py:171} INFO - Processing /home/data-eginner/Documents/Soccer_Data/env/lib/python3.8/site-packages/airflow/example_dags/example_python_operator.py took 0.071 seconds
[2022-01-13 23:16:06,385] {processor.py:163} INFO - Started process (PID=26153) to work on /home/data-eginner/Documents/Soccer_Data/env/lib/python3.8/site-packages/airflow/example_dags/example_python_operator.py
[2022-01-13 23:16:06,388] {processor.py:642} INFO - Processing file /home/data-eginner/Documents/Soccer_Data/env/lib/python3.8/site-packages/airflow/example_dags/example_python_operator.py for tasks to queue
[2022-01-13 23:16:06,389] {logging_mixin.py:109} INFO - [2022-01-13 23:16:06,388] {dagbag.py:500} INFO - Filling up the DagBag from /home/data-eginner/Documents/Soccer_Data/env/lib/python3.8/site-packages/airflow/example_dags/example_python_operator.py
[2022-01-13 23:16:06,456] {logging_mixin.py:109} INFO - [2022-01-13 23:16:06,456] {example_python_operator.py:67} WARNING - The virtalenv_python example task requires virtualenv, please install it.
[2022-01-13 23:16:06,509] {processor.py:654} INFO - DAG(s) dict_keys(['example_python_operator']) retrieved from /home/data-eginner/Documents/Soccer_Data/env/lib/python3.8/site-packages/airflow/example_dags/example_python_operator.py
[2022-01-13 23:16:06,542] {logging_mixin.py:109} INFO - [2022-01-13 23:16:06,542] {dag.py:2396} INFO - Sync 1 DAGs
[2022-01-13 23:16:06,577] {logging_mixin.py:109} INFO - [2022-01-13 23:16:06,576] {dag.py:2935} INFO - Setting next_dagrun for example_python_operator to None
[2022-01-13 23:16:06,628] {processor.py:171} INFO - Processing /home/data-eginner/Documents/Soccer_Data/env/lib/python3.8/site-packages/airflow/example_dags/example_python_operator.py took 0.246 seconds
