[2022-01-13 23:04:34,336] {processor.py:163} INFO - Started process (PID=24064) to work on /home/data-eginner/Documents/Soccer_Data/env/lib/python3.8/site-packages/airflow/example_dags/example_bash_operator.py
[2022-01-13 23:04:34,337] {processor.py:642} INFO - Processing file /home/data-eginner/Documents/Soccer_Data/env/lib/python3.8/site-packages/airflow/example_dags/example_bash_operator.py for tasks to queue
[2022-01-13 23:04:34,338] {logging_mixin.py:109} INFO - [2022-01-13 23:04:34,338] {dagbag.py:500} INFO - Filling up the DagBag from /home/data-eginner/Documents/Soccer_Data/env/lib/python3.8/site-packages/airflow/example_dags/example_bash_operator.py
[2022-01-13 23:04:34,371] {processor.py:654} INFO - DAG(s) dict_keys(['example_bash_operator']) retrieved from /home/data-eginner/Documents/Soccer_Data/env/lib/python3.8/site-packages/airflow/example_dags/example_bash_operator.py
[2022-01-13 23:04:34,391] {logging_mixin.py:109} INFO - [2022-01-13 23:04:34,391] {dag.py:2396} INFO - Sync 1 DAGs
[2022-01-13 23:04:34,433] {logging_mixin.py:109} INFO - [2022-01-13 23:04:34,433] {dag.py:2935} INFO - Setting next_dagrun for example_bash_operator to 2022-01-13 00:00:00+00:00
[2022-01-13 23:04:34,465] {processor.py:171} INFO - Processing /home/data-eginner/Documents/Soccer_Data/env/lib/python3.8/site-packages/airflow/example_dags/example_bash_operator.py took 0.157 seconds
[2022-01-13 23:05:12,620] {processor.py:163} INFO - Started process (PID=24304) to work on /home/data-eginner/Documents/Soccer_Data/env/lib/python3.8/site-packages/airflow/example_dags/example_bash_operator.py
[2022-01-13 23:05:12,642] {processor.py:642} INFO - Processing file /home/data-eginner/Documents/Soccer_Data/env/lib/python3.8/site-packages/airflow/example_dags/example_bash_operator.py for tasks to queue
[2022-01-13 23:05:12,649] {logging_mixin.py:109} INFO - [2022-01-13 23:05:12,649] {dagbag.py:500} INFO - Filling up the DagBag from /home/data-eginner/Documents/Soccer_Data/env/lib/python3.8/site-packages/airflow/example_dags/example_bash_operator.py
[2022-01-13 23:05:12,708] {processor.py:654} INFO - DAG(s) dict_keys(['example_bash_operator']) retrieved from /home/data-eginner/Documents/Soccer_Data/env/lib/python3.8/site-packages/airflow/example_dags/example_bash_operator.py
[2022-01-13 23:05:12,737] {logging_mixin.py:109} INFO - [2022-01-13 23:05:12,737] {dag.py:2396} INFO - Sync 1 DAGs
[2022-01-13 23:05:12,762] {logging_mixin.py:109} INFO - [2022-01-13 23:05:12,762] {dag.py:2935} INFO - Setting next_dagrun for example_bash_operator to 2022-01-13 00:00:00+00:00
[2022-01-13 23:05:12,788] {processor.py:171} INFO - Processing /home/data-eginner/Documents/Soccer_Data/env/lib/python3.8/site-packages/airflow/example_dags/example_bash_operator.py took 0.170 seconds
[2022-01-13 23:05:54,340] {processor.py:163} INFO - Started process (PID=24635) to work on /home/data-eginner/Documents/Soccer_Data/env/lib/python3.8/site-packages/airflow/example_dags/example_bash_operator.py
[2022-01-13 23:05:54,343] {processor.py:642} INFO - Processing file /home/data-eginner/Documents/Soccer_Data/env/lib/python3.8/site-packages/airflow/example_dags/example_bash_operator.py for tasks to queue
[2022-01-13 23:05:54,344] {logging_mixin.py:109} INFO - [2022-01-13 23:05:54,343] {dagbag.py:500} INFO - Filling up the DagBag from /home/data-eginner/Documents/Soccer_Data/env/lib/python3.8/site-packages/airflow/example_dags/example_bash_operator.py
[2022-01-13 23:05:54,373] {processor.py:654} INFO - DAG(s) dict_keys(['example_bash_operator']) retrieved from /home/data-eginner/Documents/Soccer_Data/env/lib/python3.8/site-packages/airflow/example_dags/example_bash_operator.py
[2022-01-13 23:05:54,381] {logging_mixin.py:109} INFO - [2022-01-13 23:05:54,381] {dag.py:2396} INFO - Sync 1 DAGs
[2022-01-13 23:05:54,395] {logging_mixin.py:109} INFO - [2022-01-13 23:05:54,395] {dag.py:2935} INFO - Setting next_dagrun for example_bash_operator to 2022-01-13 00:00:00+00:00
[2022-01-13 23:05:54,412] {processor.py:171} INFO - Processing /home/data-eginner/Documents/Soccer_Data/env/lib/python3.8/site-packages/airflow/example_dags/example_bash_operator.py took 0.076 seconds
[2022-01-13 23:06:35,354] {processor.py:163} INFO - Started process (PID=24822) to work on /home/data-eginner/Documents/Soccer_Data/env/lib/python3.8/site-packages/airflow/example_dags/example_bash_operator.py
[2022-01-13 23:06:35,357] {processor.py:642} INFO - Processing file /home/data-eginner/Documents/Soccer_Data/env/lib/python3.8/site-packages/airflow/example_dags/example_bash_operator.py for tasks to queue
[2022-01-13 23:06:35,357] {logging_mixin.py:109} INFO - [2022-01-13 23:06:35,357] {dagbag.py:500} INFO - Filling up the DagBag from /home/data-eginner/Documents/Soccer_Data/env/lib/python3.8/site-packages/airflow/example_dags/example_bash_operator.py
[2022-01-13 23:06:35,408] {processor.py:654} INFO - DAG(s) dict_keys(['example_bash_operator']) retrieved from /home/data-eginner/Documents/Soccer_Data/env/lib/python3.8/site-packages/airflow/example_dags/example_bash_operator.py
[2022-01-13 23:06:35,426] {logging_mixin.py:109} INFO - [2022-01-13 23:06:35,426] {dag.py:2396} INFO - Sync 1 DAGs
[2022-01-13 23:06:35,442] {logging_mixin.py:109} INFO - [2022-01-13 23:06:35,442] {dag.py:2935} INFO - Setting next_dagrun for example_bash_operator to 2022-01-13 00:00:00+00:00
[2022-01-13 23:06:35,459] {processor.py:171} INFO - Processing /home/data-eginner/Documents/Soccer_Data/env/lib/python3.8/site-packages/airflow/example_dags/example_bash_operator.py took 0.109 seconds
[2022-01-13 23:10:52,004] {processor.py:163} INFO - Started process (PID=25293) to work on /home/data-eginner/Documents/Soccer_Data/env/lib/python3.8/site-packages/airflow/example_dags/example_bash_operator.py
[2022-01-13 23:10:52,021] {processor.py:642} INFO - Processing file /home/data-eginner/Documents/Soccer_Data/env/lib/python3.8/site-packages/airflow/example_dags/example_bash_operator.py for tasks to queue
[2022-01-13 23:10:52,021] {logging_mixin.py:109} INFO - [2022-01-13 23:10:52,021] {dagbag.py:500} INFO - Filling up the DagBag from /home/data-eginner/Documents/Soccer_Data/env/lib/python3.8/site-packages/airflow/example_dags/example_bash_operator.py
[2022-01-13 23:10:52,245] {processor.py:654} INFO - DAG(s) dict_keys(['example_bash_operator']) retrieved from /home/data-eginner/Documents/Soccer_Data/env/lib/python3.8/site-packages/airflow/example_dags/example_bash_operator.py
[2022-01-13 23:10:52,285] {logging_mixin.py:109} INFO - [2022-01-13 23:10:52,285] {dag.py:2396} INFO - Sync 1 DAGs
[2022-01-13 23:10:52,357] {logging_mixin.py:109} INFO - [2022-01-13 23:10:52,357] {dag.py:2935} INFO - Setting next_dagrun for example_bash_operator to 2022-01-13 00:00:00+00:00
[2022-01-13 23:10:52,413] {processor.py:171} INFO - Processing /home/data-eginner/Documents/Soccer_Data/env/lib/python3.8/site-packages/airflow/example_dags/example_bash_operator.py took 0.419 seconds
[2022-01-13 23:14:13,874] {processor.py:163} INFO - Started process (PID=25708) to work on /home/data-eginner/Documents/Soccer_Data/env/lib/python3.8/site-packages/airflow/example_dags/example_bash_operator.py
[2022-01-13 23:14:13,877] {processor.py:642} INFO - Processing file /home/data-eginner/Documents/Soccer_Data/env/lib/python3.8/site-packages/airflow/example_dags/example_bash_operator.py for tasks to queue
[2022-01-13 23:14:13,878] {logging_mixin.py:109} INFO - [2022-01-13 23:14:13,878] {dagbag.py:500} INFO - Filling up the DagBag from /home/data-eginner/Documents/Soccer_Data/env/lib/python3.8/site-packages/airflow/example_dags/example_bash_operator.py
[2022-01-13 23:14:14,003] {processor.py:654} INFO - DAG(s) dict_keys(['example_bash_operator']) retrieved from /home/data-eginner/Documents/Soccer_Data/env/lib/python3.8/site-packages/airflow/example_dags/example_bash_operator.py
[2022-01-13 23:14:14,038] {logging_mixin.py:109} INFO - [2022-01-13 23:14:14,038] {dag.py:2396} INFO - Sync 1 DAGs
[2022-01-13 23:14:14,111] {logging_mixin.py:109} INFO - [2022-01-13 23:14:14,111] {dag.py:2935} INFO - Setting next_dagrun for example_bash_operator to 2022-01-13 00:00:00+00:00
[2022-01-13 23:14:14,156] {processor.py:171} INFO - Processing /home/data-eginner/Documents/Soccer_Data/env/lib/python3.8/site-packages/airflow/example_dags/example_bash_operator.py took 0.322 seconds
[2022-01-13 23:15:34,778] {processor.py:163} INFO - Started process (PID=26011) to work on /home/data-eginner/Documents/Soccer_Data/env/lib/python3.8/site-packages/airflow/example_dags/example_bash_operator.py
[2022-01-13 23:15:34,788] {processor.py:642} INFO - Processing file /home/data-eginner/Documents/Soccer_Data/env/lib/python3.8/site-packages/airflow/example_dags/example_bash_operator.py for tasks to queue
[2022-01-13 23:15:34,789] {logging_mixin.py:109} INFO - [2022-01-13 23:15:34,789] {dagbag.py:500} INFO - Filling up the DagBag from /home/data-eginner/Documents/Soccer_Data/env/lib/python3.8/site-packages/airflow/example_dags/example_bash_operator.py
[2022-01-13 23:15:34,885] {processor.py:654} INFO - DAG(s) dict_keys(['example_bash_operator']) retrieved from /home/data-eginner/Documents/Soccer_Data/env/lib/python3.8/site-packages/airflow/example_dags/example_bash_operator.py
[2022-01-13 23:15:34,893] {logging_mixin.py:109} INFO - [2022-01-13 23:15:34,893] {dag.py:2396} INFO - Sync 1 DAGs
[2022-01-13 23:15:34,929] {logging_mixin.py:109} INFO - [2022-01-13 23:15:34,928] {dag.py:2935} INFO - Setting next_dagrun for example_bash_operator to 2022-01-13 00:00:00+00:00
[2022-01-13 23:15:34,945] {processor.py:171} INFO - Processing /home/data-eginner/Documents/Soccer_Data/env/lib/python3.8/site-packages/airflow/example_dags/example_bash_operator.py took 0.182 seconds
[2022-01-13 23:16:22,719] {processor.py:163} INFO - Started process (PID=26221) to work on /home/data-eginner/Documents/Soccer_Data/env/lib/python3.8/site-packages/airflow/example_dags/example_bash_operator.py
[2022-01-13 23:16:22,727] {processor.py:642} INFO - Processing file /home/data-eginner/Documents/Soccer_Data/env/lib/python3.8/site-packages/airflow/example_dags/example_bash_operator.py for tasks to queue
[2022-01-13 23:16:22,728] {logging_mixin.py:109} INFO - [2022-01-13 23:16:22,728] {dagbag.py:500} INFO - Filling up the DagBag from /home/data-eginner/Documents/Soccer_Data/env/lib/python3.8/site-packages/airflow/example_dags/example_bash_operator.py
[2022-01-13 23:16:22,812] {processor.py:654} INFO - DAG(s) dict_keys(['example_bash_operator']) retrieved from /home/data-eginner/Documents/Soccer_Data/env/lib/python3.8/site-packages/airflow/example_dags/example_bash_operator.py
[2022-01-13 23:16:22,819] {logging_mixin.py:109} INFO - [2022-01-13 23:16:22,819] {dag.py:2396} INFO - Sync 1 DAGs
[2022-01-13 23:16:22,854] {logging_mixin.py:109} INFO - [2022-01-13 23:16:22,854] {dag.py:2935} INFO - Setting next_dagrun for example_bash_operator to 2022-01-13 00:00:00+00:00
[2022-01-13 23:16:22,886] {processor.py:171} INFO - Processing /home/data-eginner/Documents/Soccer_Data/env/lib/python3.8/site-packages/airflow/example_dags/example_bash_operator.py took 0.169 seconds
