[2022-01-13 23:04:17,354] {processor.py:163} INFO - Started process (PID=23977) to work on /home/data-eginner/Documents/Soccer_Data/env/lib/python3.8/site-packages/airflow/example_dags/example_branch_python_dop_operator_3.py
[2022-01-13 23:04:17,355] {processor.py:642} INFO - Processing file /home/data-eginner/Documents/Soccer_Data/env/lib/python3.8/site-packages/airflow/example_dags/example_branch_python_dop_operator_3.py for tasks to queue
[2022-01-13 23:04:17,355] {logging_mixin.py:109} INFO - [2022-01-13 23:04:17,355] {dagbag.py:500} INFO - Filling up the DagBag from /home/data-eginner/Documents/Soccer_Data/env/lib/python3.8/site-packages/airflow/example_dags/example_branch_python_dop_operator_3.py
[2022-01-13 23:04:17,536] {processor.py:654} INFO - DAG(s) dict_keys(['example_branch_dop_operator_v3']) retrieved from /home/data-eginner/Documents/Soccer_Data/env/lib/python3.8/site-packages/airflow/example_dags/example_branch_python_dop_operator_3.py
[2022-01-13 23:04:17,592] {logging_mixin.py:109} INFO - [2022-01-13 23:04:17,592] {dag.py:2396} INFO - Sync 1 DAGs
[2022-01-13 23:04:17,822] {logging_mixin.py:109} INFO - [2022-01-13 23:04:17,822] {dag.py:2935} INFO - Setting next_dagrun for example_branch_dop_operator_v3 to 2022-01-14T02:03:00+00:00
[2022-01-13 23:04:17,894] {processor.py:171} INFO - Processing /home/data-eginner/Documents/Soccer_Data/env/lib/python3.8/site-packages/airflow/example_dags/example_branch_python_dop_operator_3.py took 0.543 seconds
[2022-01-13 23:04:57,160] {processor.py:163} INFO - Started process (PID=24172) to work on /home/data-eginner/Documents/Soccer_Data/env/lib/python3.8/site-packages/airflow/example_dags/example_branch_python_dop_operator_3.py
[2022-01-13 23:04:57,162] {processor.py:642} INFO - Processing file /home/data-eginner/Documents/Soccer_Data/env/lib/python3.8/site-packages/airflow/example_dags/example_branch_python_dop_operator_3.py for tasks to queue
[2022-01-13 23:04:57,163] {logging_mixin.py:109} INFO - [2022-01-13 23:04:57,163] {dagbag.py:500} INFO - Filling up the DagBag from /home/data-eginner/Documents/Soccer_Data/env/lib/python3.8/site-packages/airflow/example_dags/example_branch_python_dop_operator_3.py
[2022-01-13 23:04:57,187] {processor.py:654} INFO - DAG(s) dict_keys(['example_branch_dop_operator_v3']) retrieved from /home/data-eginner/Documents/Soccer_Data/env/lib/python3.8/site-packages/airflow/example_dags/example_branch_python_dop_operator_3.py
[2022-01-13 23:04:57,197] {logging_mixin.py:109} INFO - [2022-01-13 23:04:57,197] {dag.py:2396} INFO - Sync 1 DAGs
[2022-01-13 23:04:57,210] {logging_mixin.py:109} INFO - [2022-01-13 23:04:57,210] {dag.py:2935} INFO - Setting next_dagrun for example_branch_dop_operator_v3 to 2022-01-14T02:03:00+00:00
[2022-01-13 23:04:57,226] {processor.py:171} INFO - Processing /home/data-eginner/Documents/Soccer_Data/env/lib/python3.8/site-packages/airflow/example_dags/example_branch_python_dop_operator_3.py took 0.071 seconds
[2022-01-13 23:05:39,788] {processor.py:163} INFO - Started process (PID=24569) to work on /home/data-eginner/Documents/Soccer_Data/env/lib/python3.8/site-packages/airflow/example_dags/example_branch_python_dop_operator_3.py
[2022-01-13 23:05:39,790] {processor.py:642} INFO - Processing file /home/data-eginner/Documents/Soccer_Data/env/lib/python3.8/site-packages/airflow/example_dags/example_branch_python_dop_operator_3.py for tasks to queue
[2022-01-13 23:05:39,790] {logging_mixin.py:109} INFO - [2022-01-13 23:05:39,790] {dagbag.py:500} INFO - Filling up the DagBag from /home/data-eginner/Documents/Soccer_Data/env/lib/python3.8/site-packages/airflow/example_dags/example_branch_python_dop_operator_3.py
[2022-01-13 23:05:39,834] {processor.py:654} INFO - DAG(s) dict_keys(['example_branch_dop_operator_v3']) retrieved from /home/data-eginner/Documents/Soccer_Data/env/lib/python3.8/site-packages/airflow/example_dags/example_branch_python_dop_operator_3.py
[2022-01-13 23:05:39,844] {logging_mixin.py:109} INFO - [2022-01-13 23:05:39,844] {dag.py:2396} INFO - Sync 1 DAGs
[2022-01-13 23:05:39,860] {logging_mixin.py:109} INFO - [2022-01-13 23:05:39,859] {dag.py:2935} INFO - Setting next_dagrun for example_branch_dop_operator_v3 to 2022-01-14T02:04:00+00:00
[2022-01-13 23:05:39,877] {processor.py:171} INFO - Processing /home/data-eginner/Documents/Soccer_Data/env/lib/python3.8/site-packages/airflow/example_dags/example_branch_python_dop_operator_3.py took 0.091 seconds
[2022-01-13 23:06:18,769] {processor.py:163} INFO - Started process (PID=24749) to work on /home/data-eginner/Documents/Soccer_Data/env/lib/python3.8/site-packages/airflow/example_dags/example_branch_python_dop_operator_3.py
[2022-01-13 23:06:18,776] {processor.py:642} INFO - Processing file /home/data-eginner/Documents/Soccer_Data/env/lib/python3.8/site-packages/airflow/example_dags/example_branch_python_dop_operator_3.py for tasks to queue
[2022-01-13 23:06:18,777] {logging_mixin.py:109} INFO - [2022-01-13 23:06:18,777] {dagbag.py:500} INFO - Filling up the DagBag from /home/data-eginner/Documents/Soccer_Data/env/lib/python3.8/site-packages/airflow/example_dags/example_branch_python_dop_operator_3.py
[2022-01-13 23:06:18,890] {processor.py:654} INFO - DAG(s) dict_keys(['example_branch_dop_operator_v3']) retrieved from /home/data-eginner/Documents/Soccer_Data/env/lib/python3.8/site-packages/airflow/example_dags/example_branch_python_dop_operator_3.py
[2022-01-13 23:06:18,921] {logging_mixin.py:109} INFO - [2022-01-13 23:06:18,921] {dag.py:2396} INFO - Sync 1 DAGs
[2022-01-13 23:06:18,983] {logging_mixin.py:109} INFO - [2022-01-13 23:06:18,983] {dag.py:2935} INFO - Setting next_dagrun for example_branch_dop_operator_v3 to 2022-01-14T02:05:00+00:00
[2022-01-13 23:06:19,089] {processor.py:171} INFO - Processing /home/data-eginner/Documents/Soccer_Data/env/lib/python3.8/site-packages/airflow/example_dags/example_branch_python_dop_operator_3.py took 0.324 seconds
[2022-01-13 23:07:01,376] {processor.py:163} INFO - Started process (PID=24923) to work on /home/data-eginner/Documents/Soccer_Data/env/lib/python3.8/site-packages/airflow/example_dags/example_branch_python_dop_operator_3.py
[2022-01-13 23:07:01,401] {processor.py:642} INFO - Processing file /home/data-eginner/Documents/Soccer_Data/env/lib/python3.8/site-packages/airflow/example_dags/example_branch_python_dop_operator_3.py for tasks to queue
[2022-01-13 23:07:01,401] {logging_mixin.py:109} INFO - [2022-01-13 23:07:01,401] {dagbag.py:500} INFO - Filling up the DagBag from /home/data-eginner/Documents/Soccer_Data/env/lib/python3.8/site-packages/airflow/example_dags/example_branch_python_dop_operator_3.py
[2022-01-13 23:07:01,445] {processor.py:654} INFO - DAG(s) dict_keys(['example_branch_dop_operator_v3']) retrieved from /home/data-eginner/Documents/Soccer_Data/env/lib/python3.8/site-packages/airflow/example_dags/example_branch_python_dop_operator_3.py
[2022-01-13 23:07:01,462] {logging_mixin.py:109} INFO - [2022-01-13 23:07:01,461] {dag.py:2396} INFO - Sync 1 DAGs
[2022-01-13 23:07:01,476] {logging_mixin.py:109} INFO - [2022-01-13 23:07:01,476] {dag.py:2935} INFO - Setting next_dagrun for example_branch_dop_operator_v3 to 2022-01-14T02:06:00+00:00
[2022-01-13 23:07:01,491] {processor.py:171} INFO - Processing /home/data-eginner/Documents/Soccer_Data/env/lib/python3.8/site-packages/airflow/example_dags/example_branch_python_dop_operator_3.py took 0.129 seconds
[2022-01-13 23:10:28,831] {processor.py:163} INFO - Started process (PID=25215) to work on /home/data-eginner/Documents/Soccer_Data/env/lib/python3.8/site-packages/airflow/example_dags/example_branch_python_dop_operator_3.py
[2022-01-13 23:10:28,870] {processor.py:642} INFO - Processing file /home/data-eginner/Documents/Soccer_Data/env/lib/python3.8/site-packages/airflow/example_dags/example_branch_python_dop_operator_3.py for tasks to queue
[2022-01-13 23:10:28,871] {logging_mixin.py:109} INFO - [2022-01-13 23:10:28,871] {dagbag.py:500} INFO - Filling up the DagBag from /home/data-eginner/Documents/Soccer_Data/env/lib/python3.8/site-packages/airflow/example_dags/example_branch_python_dop_operator_3.py
[2022-01-13 23:10:29,014] {processor.py:654} INFO - DAG(s) dict_keys(['example_branch_dop_operator_v3']) retrieved from /home/data-eginner/Documents/Soccer_Data/env/lib/python3.8/site-packages/airflow/example_dags/example_branch_python_dop_operator_3.py
[2022-01-13 23:10:29,055] {logging_mixin.py:109} INFO - [2022-01-13 23:10:29,055] {dag.py:2396} INFO - Sync 1 DAGs
[2022-01-13 23:10:29,179] {logging_mixin.py:109} INFO - [2022-01-13 23:10:29,179] {dag.py:2935} INFO - Setting next_dagrun for example_branch_dop_operator_v3 to 2022-01-14T02:09:00+00:00
[2022-01-13 23:10:29,271] {processor.py:171} INFO - Processing /home/data-eginner/Documents/Soccer_Data/env/lib/python3.8/site-packages/airflow/example_dags/example_branch_python_dop_operator_3.py took 0.443 seconds
[2022-01-13 23:11:18,640] {processor.py:163} INFO - Started process (PID=25407) to work on /home/data-eginner/Documents/Soccer_Data/env/lib/python3.8/site-packages/airflow/example_dags/example_branch_python_dop_operator_3.py
[2022-01-13 23:11:18,663] {processor.py:642} INFO - Processing file /home/data-eginner/Documents/Soccer_Data/env/lib/python3.8/site-packages/airflow/example_dags/example_branch_python_dop_operator_3.py for tasks to queue
[2022-01-13 23:11:18,664] {logging_mixin.py:109} INFO - [2022-01-13 23:11:18,663] {dagbag.py:500} INFO - Filling up the DagBag from /home/data-eginner/Documents/Soccer_Data/env/lib/python3.8/site-packages/airflow/example_dags/example_branch_python_dop_operator_3.py
[2022-01-13 23:11:18,683] {processor.py:654} INFO - DAG(s) dict_keys(['example_branch_dop_operator_v3']) retrieved from /home/data-eginner/Documents/Soccer_Data/env/lib/python3.8/site-packages/airflow/example_dags/example_branch_python_dop_operator_3.py
[2022-01-13 23:11:18,691] {logging_mixin.py:109} INFO - [2022-01-13 23:11:18,691] {dag.py:2396} INFO - Sync 1 DAGs
[2022-01-13 23:11:18,707] {logging_mixin.py:109} INFO - [2022-01-13 23:11:18,707] {dag.py:2935} INFO - Setting next_dagrun for example_branch_dop_operator_v3 to 2022-01-14T02:10:00+00:00
[2022-01-13 23:11:18,722] {processor.py:171} INFO - Processing /home/data-eginner/Documents/Soccer_Data/env/lib/python3.8/site-packages/airflow/example_dags/example_branch_python_dop_operator_3.py took 0.085 seconds
[2022-01-13 23:13:49,451] {processor.py:163} INFO - Started process (PID=25617) to work on /home/data-eginner/Documents/Soccer_Data/env/lib/python3.8/site-packages/airflow/example_dags/example_branch_python_dop_operator_3.py
[2022-01-13 23:13:49,486] {processor.py:642} INFO - Processing file /home/data-eginner/Documents/Soccer_Data/env/lib/python3.8/site-packages/airflow/example_dags/example_branch_python_dop_operator_3.py for tasks to queue
[2022-01-13 23:13:49,486] {logging_mixin.py:109} INFO - [2022-01-13 23:13:49,486] {dagbag.py:500} INFO - Filling up the DagBag from /home/data-eginner/Documents/Soccer_Data/env/lib/python3.8/site-packages/airflow/example_dags/example_branch_python_dop_operator_3.py
[2022-01-13 23:13:49,566] {processor.py:654} INFO - DAG(s) dict_keys(['example_branch_dop_operator_v3']) retrieved from /home/data-eginner/Documents/Soccer_Data/env/lib/python3.8/site-packages/airflow/example_dags/example_branch_python_dop_operator_3.py
[2022-01-13 23:13:49,619] {logging_mixin.py:109} INFO - [2022-01-13 23:13:49,619] {dag.py:2396} INFO - Sync 1 DAGs
[2022-01-13 23:13:49,707] {logging_mixin.py:109} INFO - [2022-01-13 23:13:49,707] {dag.py:2935} INFO - Setting next_dagrun for example_branch_dop_operator_v3 to 2022-01-14T02:12:00+00:00
[2022-01-13 23:13:49,830] {processor.py:171} INFO - Processing /home/data-eginner/Documents/Soccer_Data/env/lib/python3.8/site-packages/airflow/example_dags/example_branch_python_dop_operator_3.py took 0.382 seconds
[2022-01-13 23:14:45,685] {processor.py:163} INFO - Started process (PID=25803) to work on /home/data-eginner/Documents/Soccer_Data/env/lib/python3.8/site-packages/airflow/example_dags/example_branch_python_dop_operator_3.py
[2022-01-13 23:14:45,706] {processor.py:642} INFO - Processing file /home/data-eginner/Documents/Soccer_Data/env/lib/python3.8/site-packages/airflow/example_dags/example_branch_python_dop_operator_3.py for tasks to queue
[2022-01-13 23:14:45,707] {logging_mixin.py:109} INFO - [2022-01-13 23:14:45,706] {dagbag.py:500} INFO - Filling up the DagBag from /home/data-eginner/Documents/Soccer_Data/env/lib/python3.8/site-packages/airflow/example_dags/example_branch_python_dop_operator_3.py
[2022-01-13 23:14:45,780] {processor.py:654} INFO - DAG(s) dict_keys(['example_branch_dop_operator_v3']) retrieved from /home/data-eginner/Documents/Soccer_Data/env/lib/python3.8/site-packages/airflow/example_dags/example_branch_python_dop_operator_3.py
[2022-01-13 23:14:45,937] {logging_mixin.py:109} INFO - [2022-01-13 23:14:45,937] {dag.py:2396} INFO - Sync 1 DAGs
[2022-01-13 23:14:46,001] {logging_mixin.py:109} INFO - [2022-01-13 23:14:46,001] {dag.py:2935} INFO - Setting next_dagrun for example_branch_dop_operator_v3 to 2022-01-14T02:13:00+00:00
[2022-01-13 23:14:46,063] {processor.py:171} INFO - Processing /home/data-eginner/Documents/Soccer_Data/env/lib/python3.8/site-packages/airflow/example_dags/example_branch_python_dop_operator_3.py took 0.424 seconds
[2022-01-13 23:15:59,563] {processor.py:163} INFO - Started process (PID=26122) to work on /home/data-eginner/Documents/Soccer_Data/env/lib/python3.8/site-packages/airflow/example_dags/example_branch_python_dop_operator_3.py
[2022-01-13 23:15:59,580] {processor.py:642} INFO - Processing file /home/data-eginner/Documents/Soccer_Data/env/lib/python3.8/site-packages/airflow/example_dags/example_branch_python_dop_operator_3.py for tasks to queue
[2022-01-13 23:15:59,581] {logging_mixin.py:109} INFO - [2022-01-13 23:15:59,581] {dagbag.py:500} INFO - Filling up the DagBag from /home/data-eginner/Documents/Soccer_Data/env/lib/python3.8/site-packages/airflow/example_dags/example_branch_python_dop_operator_3.py
[2022-01-13 23:15:59,634] {processor.py:654} INFO - DAG(s) dict_keys(['example_branch_dop_operator_v3']) retrieved from /home/data-eginner/Documents/Soccer_Data/env/lib/python3.8/site-packages/airflow/example_dags/example_branch_python_dop_operator_3.py
[2022-01-13 23:15:59,666] {logging_mixin.py:109} INFO - [2022-01-13 23:15:59,666] {dag.py:2396} INFO - Sync 1 DAGs
[2022-01-13 23:15:59,704] {logging_mixin.py:109} INFO - [2022-01-13 23:15:59,704] {dag.py:2935} INFO - Setting next_dagrun for example_branch_dop_operator_v3 to 2022-01-14T02:14:00+00:00
[2022-01-13 23:15:59,755] {processor.py:171} INFO - Processing /home/data-eginner/Documents/Soccer_Data/env/lib/python3.8/site-packages/airflow/example_dags/example_branch_python_dop_operator_3.py took 0.211 seconds
