[2022-01-13 23:04:35,620] {processor.py:163} INFO - Started process (PID=24072) to work on /home/data-eginner/Documents/Soccer_Data/env/lib/python3.8/site-packages/airflow/example_dags/example_branch_labels.py
[2022-01-13 23:04:35,676] {processor.py:642} INFO - Processing file /home/data-eginner/Documents/Soccer_Data/env/lib/python3.8/site-packages/airflow/example_dags/example_branch_labels.py for tasks to queue
[2022-01-13 23:04:35,676] {logging_mixin.py:109} INFO - [2022-01-13 23:04:35,676] {dagbag.py:500} INFO - Filling up the DagBag from /home/data-eginner/Documents/Soccer_Data/env/lib/python3.8/site-packages/airflow/example_dags/example_branch_labels.py
[2022-01-13 23:04:35,716] {processor.py:654} INFO - DAG(s) dict_keys(['example_branch_labels']) retrieved from /home/data-eginner/Documents/Soccer_Data/env/lib/python3.8/site-packages/airflow/example_dags/example_branch_labels.py
[2022-01-13 23:04:35,759] {logging_mixin.py:109} INFO - [2022-01-13 23:04:35,758] {dag.py:2396} INFO - Sync 1 DAGs
[2022-01-13 23:04:35,780] {logging_mixin.py:109} INFO - [2022-01-13 23:04:35,780] {dag.py:2935} INFO - Setting next_dagrun for example_branch_labels to 2022-01-13 00:00:00+00:00
[2022-01-13 23:04:35,864] {processor.py:171} INFO - Processing /home/data-eginner/Documents/Soccer_Data/env/lib/python3.8/site-packages/airflow/example_dags/example_branch_labels.py took 0.247 seconds
[2022-01-13 23:05:14,098] {processor.py:163} INFO - Started process (PID=24331) to work on /home/data-eginner/Documents/Soccer_Data/env/lib/python3.8/site-packages/airflow/example_dags/example_branch_labels.py
[2022-01-13 23:05:14,118] {processor.py:642} INFO - Processing file /home/data-eginner/Documents/Soccer_Data/env/lib/python3.8/site-packages/airflow/example_dags/example_branch_labels.py for tasks to queue
[2022-01-13 23:05:14,119] {logging_mixin.py:109} INFO - [2022-01-13 23:05:14,118] {dagbag.py:500} INFO - Filling up the DagBag from /home/data-eginner/Documents/Soccer_Data/env/lib/python3.8/site-packages/airflow/example_dags/example_branch_labels.py
[2022-01-13 23:05:14,180] {processor.py:654} INFO - DAG(s) dict_keys(['example_branch_labels']) retrieved from /home/data-eginner/Documents/Soccer_Data/env/lib/python3.8/site-packages/airflow/example_dags/example_branch_labels.py
[2022-01-13 23:05:14,207] {logging_mixin.py:109} INFO - [2022-01-13 23:05:14,207] {dag.py:2396} INFO - Sync 1 DAGs
[2022-01-13 23:05:14,269] {logging_mixin.py:109} INFO - [2022-01-13 23:05:14,269] {dag.py:2935} INFO - Setting next_dagrun for example_branch_labels to 2022-01-13 00:00:00+00:00
[2022-01-13 23:05:14,379] {processor.py:171} INFO - Processing /home/data-eginner/Documents/Soccer_Data/env/lib/python3.8/site-packages/airflow/example_dags/example_branch_labels.py took 0.283 seconds
[2022-01-13 23:05:55,481] {processor.py:163} INFO - Started process (PID=24640) to work on /home/data-eginner/Documents/Soccer_Data/env/lib/python3.8/site-packages/airflow/example_dags/example_branch_labels.py
[2022-01-13 23:05:55,484] {processor.py:642} INFO - Processing file /home/data-eginner/Documents/Soccer_Data/env/lib/python3.8/site-packages/airflow/example_dags/example_branch_labels.py for tasks to queue
[2022-01-13 23:05:55,485] {logging_mixin.py:109} INFO - [2022-01-13 23:05:55,485] {dagbag.py:500} INFO - Filling up the DagBag from /home/data-eginner/Documents/Soccer_Data/env/lib/python3.8/site-packages/airflow/example_dags/example_branch_labels.py
[2022-01-13 23:05:55,510] {processor.py:654} INFO - DAG(s) dict_keys(['example_branch_labels']) retrieved from /home/data-eginner/Documents/Soccer_Data/env/lib/python3.8/site-packages/airflow/example_dags/example_branch_labels.py
[2022-01-13 23:05:55,524] {logging_mixin.py:109} INFO - [2022-01-13 23:05:55,524] {dag.py:2396} INFO - Sync 1 DAGs
[2022-01-13 23:05:55,541] {logging_mixin.py:109} INFO - [2022-01-13 23:05:55,541] {dag.py:2935} INFO - Setting next_dagrun for example_branch_labels to 2022-01-13 00:00:00+00:00
[2022-01-13 23:05:55,593] {processor.py:171} INFO - Processing /home/data-eginner/Documents/Soccer_Data/env/lib/python3.8/site-packages/airflow/example_dags/example_branch_labels.py took 0.115 seconds
[2022-01-13 23:06:36,669] {processor.py:163} INFO - Started process (PID=24827) to work on /home/data-eginner/Documents/Soccer_Data/env/lib/python3.8/site-packages/airflow/example_dags/example_branch_labels.py
[2022-01-13 23:06:36,682] {processor.py:642} INFO - Processing file /home/data-eginner/Documents/Soccer_Data/env/lib/python3.8/site-packages/airflow/example_dags/example_branch_labels.py for tasks to queue
[2022-01-13 23:06:36,682] {logging_mixin.py:109} INFO - [2022-01-13 23:06:36,682] {dagbag.py:500} INFO - Filling up the DagBag from /home/data-eginner/Documents/Soccer_Data/env/lib/python3.8/site-packages/airflow/example_dags/example_branch_labels.py
[2022-01-13 23:06:36,704] {processor.py:654} INFO - DAG(s) dict_keys(['example_branch_labels']) retrieved from /home/data-eginner/Documents/Soccer_Data/env/lib/python3.8/site-packages/airflow/example_dags/example_branch_labels.py
[2022-01-13 23:06:36,713] {logging_mixin.py:109} INFO - [2022-01-13 23:06:36,713] {dag.py:2396} INFO - Sync 1 DAGs
[2022-01-13 23:06:36,724] {logging_mixin.py:109} INFO - [2022-01-13 23:06:36,724] {dag.py:2935} INFO - Setting next_dagrun for example_branch_labels to 2022-01-13 00:00:00+00:00
[2022-01-13 23:06:36,740] {processor.py:171} INFO - Processing /home/data-eginner/Documents/Soccer_Data/env/lib/python3.8/site-packages/airflow/example_dags/example_branch_labels.py took 0.074 seconds
[2022-01-13 23:10:53,589] {processor.py:163} INFO - Started process (PID=25304) to work on /home/data-eginner/Documents/Soccer_Data/env/lib/python3.8/site-packages/airflow/example_dags/example_branch_labels.py
[2022-01-13 23:10:53,598] {processor.py:642} INFO - Processing file /home/data-eginner/Documents/Soccer_Data/env/lib/python3.8/site-packages/airflow/example_dags/example_branch_labels.py for tasks to queue
[2022-01-13 23:10:53,598] {logging_mixin.py:109} INFO - [2022-01-13 23:10:53,598] {dagbag.py:500} INFO - Filling up the DagBag from /home/data-eginner/Documents/Soccer_Data/env/lib/python3.8/site-packages/airflow/example_dags/example_branch_labels.py
[2022-01-13 23:10:53,623] {processor.py:654} INFO - DAG(s) dict_keys(['example_branch_labels']) retrieved from /home/data-eginner/Documents/Soccer_Data/env/lib/python3.8/site-packages/airflow/example_dags/example_branch_labels.py
[2022-01-13 23:10:53,644] {logging_mixin.py:109} INFO - [2022-01-13 23:10:53,644] {dag.py:2396} INFO - Sync 1 DAGs
[2022-01-13 23:10:53,667] {logging_mixin.py:109} INFO - [2022-01-13 23:10:53,667] {dag.py:2935} INFO - Setting next_dagrun for example_branch_labels to 2022-01-13 00:00:00+00:00
[2022-01-13 23:10:53,683] {processor.py:171} INFO - Processing /home/data-eginner/Documents/Soccer_Data/env/lib/python3.8/site-packages/airflow/example_dags/example_branch_labels.py took 0.097 seconds
[2022-01-13 23:14:14,649] {processor.py:163} INFO - Started process (PID=25711) to work on /home/data-eginner/Documents/Soccer_Data/env/lib/python3.8/site-packages/airflow/example_dags/example_branch_labels.py
[2022-01-13 23:14:14,665] {processor.py:642} INFO - Processing file /home/data-eginner/Documents/Soccer_Data/env/lib/python3.8/site-packages/airflow/example_dags/example_branch_labels.py for tasks to queue
[2022-01-13 23:14:14,665] {logging_mixin.py:109} INFO - [2022-01-13 23:14:14,665] {dagbag.py:500} INFO - Filling up the DagBag from /home/data-eginner/Documents/Soccer_Data/env/lib/python3.8/site-packages/airflow/example_dags/example_branch_labels.py
[2022-01-13 23:14:14,776] {processor.py:654} INFO - DAG(s) dict_keys(['example_branch_labels']) retrieved from /home/data-eginner/Documents/Soccer_Data/env/lib/python3.8/site-packages/airflow/example_dags/example_branch_labels.py
[2022-01-13 23:14:14,821] {logging_mixin.py:109} INFO - [2022-01-13 23:14:14,820] {dag.py:2396} INFO - Sync 1 DAGs
[2022-01-13 23:14:14,899] {logging_mixin.py:109} INFO - [2022-01-13 23:14:14,899] {dag.py:2935} INFO - Setting next_dagrun for example_branch_labels to 2022-01-13 00:00:00+00:00
[2022-01-13 23:14:15,024] {processor.py:171} INFO - Processing /home/data-eginner/Documents/Soccer_Data/env/lib/python3.8/site-packages/airflow/example_dags/example_branch_labels.py took 0.378 seconds
[2022-01-13 23:15:36,049] {processor.py:163} INFO - Started process (PID=26015) to work on /home/data-eginner/Documents/Soccer_Data/env/lib/python3.8/site-packages/airflow/example_dags/example_branch_labels.py
[2022-01-13 23:15:36,063] {processor.py:642} INFO - Processing file /home/data-eginner/Documents/Soccer_Data/env/lib/python3.8/site-packages/airflow/example_dags/example_branch_labels.py for tasks to queue
[2022-01-13 23:15:36,065] {logging_mixin.py:109} INFO - [2022-01-13 23:15:36,065] {dagbag.py:500} INFO - Filling up the DagBag from /home/data-eginner/Documents/Soccer_Data/env/lib/python3.8/site-packages/airflow/example_dags/example_branch_labels.py
[2022-01-13 23:15:36,105] {processor.py:654} INFO - DAG(s) dict_keys(['example_branch_labels']) retrieved from /home/data-eginner/Documents/Soccer_Data/env/lib/python3.8/site-packages/airflow/example_dags/example_branch_labels.py
[2022-01-13 23:15:36,123] {logging_mixin.py:109} INFO - [2022-01-13 23:15:36,123] {dag.py:2396} INFO - Sync 1 DAGs
[2022-01-13 23:15:36,138] {logging_mixin.py:109} INFO - [2022-01-13 23:15:36,137] {dag.py:2935} INFO - Setting next_dagrun for example_branch_labels to 2022-01-13 00:00:00+00:00
[2022-01-13 23:15:36,156] {processor.py:171} INFO - Processing /home/data-eginner/Documents/Soccer_Data/env/lib/python3.8/site-packages/airflow/example_dags/example_branch_labels.py took 0.109 seconds
[2022-01-13 23:16:24,028] {processor.py:163} INFO - Started process (PID=26227) to work on /home/data-eginner/Documents/Soccer_Data/env/lib/python3.8/site-packages/airflow/example_dags/example_branch_labels.py
[2022-01-13 23:16:24,050] {processor.py:642} INFO - Processing file /home/data-eginner/Documents/Soccer_Data/env/lib/python3.8/site-packages/airflow/example_dags/example_branch_labels.py for tasks to queue
[2022-01-13 23:16:24,050] {logging_mixin.py:109} INFO - [2022-01-13 23:16:24,050] {dagbag.py:500} INFO - Filling up the DagBag from /home/data-eginner/Documents/Soccer_Data/env/lib/python3.8/site-packages/airflow/example_dags/example_branch_labels.py
[2022-01-13 23:16:24,187] {processor.py:654} INFO - DAG(s) dict_keys(['example_branch_labels']) retrieved from /home/data-eginner/Documents/Soccer_Data/env/lib/python3.8/site-packages/airflow/example_dags/example_branch_labels.py
[2022-01-13 23:16:24,213] {logging_mixin.py:109} INFO - [2022-01-13 23:16:24,213] {dag.py:2396} INFO - Sync 1 DAGs
[2022-01-13 23:16:24,243] {logging_mixin.py:109} INFO - [2022-01-13 23:16:24,243] {dag.py:2935} INFO - Setting next_dagrun for example_branch_labels to 2022-01-13 00:00:00+00:00
[2022-01-13 23:16:24,267] {processor.py:171} INFO - Processing /home/data-eginner/Documents/Soccer_Data/env/lib/python3.8/site-packages/airflow/example_dags/example_branch_labels.py took 0.247 seconds
