[2022-01-13 23:04:04,184] {processor.py:163} INFO - Started process (PID=23925) to work on /home/data-eginner/Documents/Soccer_Data/env/lib/python3.8/site-packages/airflow/example_dags/tutorial_taskflow_api_etl.py
[2022-01-13 23:04:04,185] {processor.py:642} INFO - Processing file /home/data-eginner/Documents/Soccer_Data/env/lib/python3.8/site-packages/airflow/example_dags/tutorial_taskflow_api_etl.py for tasks to queue
[2022-01-13 23:04:04,185] {logging_mixin.py:109} INFO - [2022-01-13 23:04:04,185] {dagbag.py:500} INFO - Filling up the DagBag from /home/data-eginner/Documents/Soccer_Data/env/lib/python3.8/site-packages/airflow/example_dags/tutorial_taskflow_api_etl.py
[2022-01-13 23:04:04,517] {processor.py:654} INFO - DAG(s) dict_keys(['tutorial_taskflow_api_etl']) retrieved from /home/data-eginner/Documents/Soccer_Data/env/lib/python3.8/site-packages/airflow/example_dags/tutorial_taskflow_api_etl.py
[2022-01-13 23:04:04,626] {logging_mixin.py:109} INFO - [2022-01-13 23:04:04,626] {dag.py:2396} INFO - Sync 1 DAGs
[2022-01-13 23:04:04,730] {logging_mixin.py:109} INFO - [2022-01-13 23:04:04,730] {dag.py:2935} INFO - Setting next_dagrun for tutorial_taskflow_api_etl to None
[2022-01-13 23:04:04,846] {processor.py:171} INFO - Processing /home/data-eginner/Documents/Soccer_Data/env/lib/python3.8/site-packages/airflow/example_dags/tutorial_taskflow_api_etl.py took 0.665 seconds
[2022-01-13 23:04:47,721] {processor.py:163} INFO - Started process (PID=24129) to work on /home/data-eginner/Documents/Soccer_Data/env/lib/python3.8/site-packages/airflow/example_dags/tutorial_taskflow_api_etl.py
[2022-01-13 23:04:47,746] {processor.py:642} INFO - Processing file /home/data-eginner/Documents/Soccer_Data/env/lib/python3.8/site-packages/airflow/example_dags/tutorial_taskflow_api_etl.py for tasks to queue
[2022-01-13 23:04:47,747] {logging_mixin.py:109} INFO - [2022-01-13 23:04:47,747] {dagbag.py:500} INFO - Filling up the DagBag from /home/data-eginner/Documents/Soccer_Data/env/lib/python3.8/site-packages/airflow/example_dags/tutorial_taskflow_api_etl.py
[2022-01-13 23:04:47,769] {processor.py:654} INFO - DAG(s) dict_keys(['tutorial_taskflow_api_etl']) retrieved from /home/data-eginner/Documents/Soccer_Data/env/lib/python3.8/site-packages/airflow/example_dags/tutorial_taskflow_api_etl.py
[2022-01-13 23:04:47,993] {logging_mixin.py:109} INFO - [2022-01-13 23:04:47,993] {dag.py:2396} INFO - Sync 1 DAGs
[2022-01-13 23:04:48,002] {logging_mixin.py:109} INFO - [2022-01-13 23:04:48,002] {dag.py:2935} INFO - Setting next_dagrun for tutorial_taskflow_api_etl to None
[2022-01-13 23:04:48,019] {processor.py:171} INFO - Processing /home/data-eginner/Documents/Soccer_Data/env/lib/python3.8/site-packages/airflow/example_dags/tutorial_taskflow_api_etl.py took 0.305 seconds
[2022-01-13 23:05:28,026] {processor.py:163} INFO - Started process (PID=24481) to work on /home/data-eginner/Documents/Soccer_Data/env/lib/python3.8/site-packages/airflow/example_dags/tutorial_taskflow_api_etl.py
[2022-01-13 23:05:28,053] {processor.py:642} INFO - Processing file /home/data-eginner/Documents/Soccer_Data/env/lib/python3.8/site-packages/airflow/example_dags/tutorial_taskflow_api_etl.py for tasks to queue
[2022-01-13 23:05:28,054] {logging_mixin.py:109} INFO - [2022-01-13 23:05:28,054] {dagbag.py:500} INFO - Filling up the DagBag from /home/data-eginner/Documents/Soccer_Data/env/lib/python3.8/site-packages/airflow/example_dags/tutorial_taskflow_api_etl.py
[2022-01-13 23:05:28,120] {processor.py:654} INFO - DAG(s) dict_keys(['tutorial_taskflow_api_etl']) retrieved from /home/data-eginner/Documents/Soccer_Data/env/lib/python3.8/site-packages/airflow/example_dags/tutorial_taskflow_api_etl.py
[2022-01-13 23:05:28,706] {logging_mixin.py:109} INFO - [2022-01-13 23:05:28,706] {dag.py:2396} INFO - Sync 1 DAGs
[2022-01-13 23:05:28,728] {logging_mixin.py:109} INFO - [2022-01-13 23:05:28,728] {dag.py:2935} INFO - Setting next_dagrun for tutorial_taskflow_api_etl to None
[2022-01-13 23:05:28,792] {processor.py:171} INFO - Processing /home/data-eginner/Documents/Soccer_Data/env/lib/python3.8/site-packages/airflow/example_dags/tutorial_taskflow_api_etl.py took 0.769 seconds
[2022-01-13 23:06:07,027] {processor.py:163} INFO - Started process (PID=24699) to work on /home/data-eginner/Documents/Soccer_Data/env/lib/python3.8/site-packages/airflow/example_dags/tutorial_taskflow_api_etl.py
[2022-01-13 23:06:07,043] {processor.py:642} INFO - Processing file /home/data-eginner/Documents/Soccer_Data/env/lib/python3.8/site-packages/airflow/example_dags/tutorial_taskflow_api_etl.py for tasks to queue
[2022-01-13 23:06:07,044] {logging_mixin.py:109} INFO - [2022-01-13 23:06:07,043] {dagbag.py:500} INFO - Filling up the DagBag from /home/data-eginner/Documents/Soccer_Data/env/lib/python3.8/site-packages/airflow/example_dags/tutorial_taskflow_api_etl.py
[2022-01-13 23:06:07,077] {processor.py:654} INFO - DAG(s) dict_keys(['tutorial_taskflow_api_etl']) retrieved from /home/data-eginner/Documents/Soccer_Data/env/lib/python3.8/site-packages/airflow/example_dags/tutorial_taskflow_api_etl.py
[2022-01-13 23:06:07,323] {logging_mixin.py:109} INFO - [2022-01-13 23:06:07,323] {dag.py:2396} INFO - Sync 1 DAGs
[2022-01-13 23:06:07,340] {logging_mixin.py:109} INFO - [2022-01-13 23:06:07,340] {dag.py:2935} INFO - Setting next_dagrun for tutorial_taskflow_api_etl to None
[2022-01-13 23:06:07,429] {processor.py:171} INFO - Processing /home/data-eginner/Documents/Soccer_Data/env/lib/python3.8/site-packages/airflow/example_dags/tutorial_taskflow_api_etl.py took 0.410 seconds
[2022-01-13 23:06:44,446] {processor.py:163} INFO - Started process (PID=24856) to work on /home/data-eginner/Documents/Soccer_Data/env/lib/python3.8/site-packages/airflow/example_dags/tutorial_taskflow_api_etl.py
[2022-01-13 23:06:44,465] {processor.py:642} INFO - Processing file /home/data-eginner/Documents/Soccer_Data/env/lib/python3.8/site-packages/airflow/example_dags/tutorial_taskflow_api_etl.py for tasks to queue
[2022-01-13 23:06:44,466] {logging_mixin.py:109} INFO - [2022-01-13 23:06:44,466] {dagbag.py:500} INFO - Filling up the DagBag from /home/data-eginner/Documents/Soccer_Data/env/lib/python3.8/site-packages/airflow/example_dags/tutorial_taskflow_api_etl.py
[2022-01-13 23:06:44,504] {processor.py:654} INFO - DAG(s) dict_keys(['tutorial_taskflow_api_etl']) retrieved from /home/data-eginner/Documents/Soccer_Data/env/lib/python3.8/site-packages/airflow/example_dags/tutorial_taskflow_api_etl.py
[2022-01-13 23:06:45,046] {logging_mixin.py:109} INFO - [2022-01-13 23:06:45,046] {dag.py:2396} INFO - Sync 1 DAGs
[2022-01-13 23:06:45,078] {logging_mixin.py:109} INFO - [2022-01-13 23:06:45,078] {dag.py:2935} INFO - Setting next_dagrun for tutorial_taskflow_api_etl to None
[2022-01-13 23:06:45,107] {processor.py:171} INFO - Processing /home/data-eginner/Documents/Soccer_Data/env/lib/python3.8/site-packages/airflow/example_dags/tutorial_taskflow_api_etl.py took 0.663 seconds
[2022-01-13 23:07:23,739] {processor.py:163} INFO - Started process (PID=25013) to work on /home/data-eginner/Documents/Soccer_Data/env/lib/python3.8/site-packages/airflow/example_dags/tutorial_taskflow_api_etl.py
[2022-01-13 23:07:23,772] {processor.py:642} INFO - Processing file /home/data-eginner/Documents/Soccer_Data/env/lib/python3.8/site-packages/airflow/example_dags/tutorial_taskflow_api_etl.py for tasks to queue
[2022-01-13 23:07:23,773] {logging_mixin.py:109} INFO - [2022-01-13 23:07:23,773] {dagbag.py:500} INFO - Filling up the DagBag from /home/data-eginner/Documents/Soccer_Data/env/lib/python3.8/site-packages/airflow/example_dags/tutorial_taskflow_api_etl.py
[2022-01-13 23:07:23,853] {processor.py:654} INFO - DAG(s) dict_keys(['tutorial_taskflow_api_etl']) retrieved from /home/data-eginner/Documents/Soccer_Data/env/lib/python3.8/site-packages/airflow/example_dags/tutorial_taskflow_api_etl.py
[2022-01-13 23:07:24,144] {logging_mixin.py:109} INFO - [2022-01-13 23:07:24,144] {dag.py:2396} INFO - Sync 1 DAGs
[2022-01-13 23:07:24,153] {logging_mixin.py:109} INFO - [2022-01-13 23:07:24,153] {dag.py:2935} INFO - Setting next_dagrun for tutorial_taskflow_api_etl to None
[2022-01-13 23:07:24,183] {processor.py:171} INFO - Processing /home/data-eginner/Documents/Soccer_Data/env/lib/python3.8/site-packages/airflow/example_dags/tutorial_taskflow_api_etl.py took 0.459 seconds
[2022-01-13 23:10:11,620] {processor.py:163} INFO - Started process (PID=25158) to work on /home/data-eginner/Documents/Soccer_Data/env/lib/python3.8/site-packages/airflow/example_dags/tutorial_taskflow_api_etl.py
[2022-01-13 23:10:11,681] {processor.py:642} INFO - Processing file /home/data-eginner/Documents/Soccer_Data/env/lib/python3.8/site-packages/airflow/example_dags/tutorial_taskflow_api_etl.py for tasks to queue
[2022-01-13 23:10:11,682] {logging_mixin.py:109} INFO - [2022-01-13 23:10:11,682] {dagbag.py:500} INFO - Filling up the DagBag from /home/data-eginner/Documents/Soccer_Data/env/lib/python3.8/site-packages/airflow/example_dags/tutorial_taskflow_api_etl.py
[2022-01-13 23:10:11,866] {processor.py:654} INFO - DAG(s) dict_keys(['tutorial_taskflow_api_etl']) retrieved from /home/data-eginner/Documents/Soccer_Data/env/lib/python3.8/site-packages/airflow/example_dags/tutorial_taskflow_api_etl.py
[2022-01-13 23:10:11,869] {logging_mixin.py:109} INFO - [2022-01-13 23:10:11,869] {dag.py:2396} INFO - Sync 1 DAGs
[2022-01-13 23:10:11,983] {logging_mixin.py:109} INFO - [2022-01-13 23:10:11,983] {dag.py:2935} INFO - Setting next_dagrun for tutorial_taskflow_api_etl to None
[2022-01-13 23:10:12,058] {processor.py:171} INFO - Processing /home/data-eginner/Documents/Soccer_Data/env/lib/python3.8/site-packages/airflow/example_dags/tutorial_taskflow_api_etl.py took 0.440 seconds
[2022-01-13 23:11:06,708] {processor.py:163} INFO - Started process (PID=25361) to work on /home/data-eginner/Documents/Soccer_Data/env/lib/python3.8/site-packages/airflow/example_dags/tutorial_taskflow_api_etl.py
[2022-01-13 23:11:06,735] {processor.py:642} INFO - Processing file /home/data-eginner/Documents/Soccer_Data/env/lib/python3.8/site-packages/airflow/example_dags/tutorial_taskflow_api_etl.py for tasks to queue
[2022-01-13 23:11:06,736] {logging_mixin.py:109} INFO - [2022-01-13 23:11:06,736] {dagbag.py:500} INFO - Filling up the DagBag from /home/data-eginner/Documents/Soccer_Data/env/lib/python3.8/site-packages/airflow/example_dags/tutorial_taskflow_api_etl.py
[2022-01-13 23:11:06,802] {processor.py:654} INFO - DAG(s) dict_keys(['tutorial_taskflow_api_etl']) retrieved from /home/data-eginner/Documents/Soccer_Data/env/lib/python3.8/site-packages/airflow/example_dags/tutorial_taskflow_api_etl.py
[2022-01-13 23:11:08,156] {logging_mixin.py:109} INFO - [2022-01-13 23:11:08,156] {dag.py:2396} INFO - Sync 1 DAGs
[2022-01-13 23:11:08,181] {logging_mixin.py:109} INFO - [2022-01-13 23:11:08,180] {dag.py:2935} INFO - Setting next_dagrun for tutorial_taskflow_api_etl to None
[2022-01-13 23:11:08,231] {processor.py:171} INFO - Processing /home/data-eginner/Documents/Soccer_Data/env/lib/python3.8/site-packages/airflow/example_dags/tutorial_taskflow_api_etl.py took 1.526 seconds
[2022-01-13 23:13:34,024] {processor.py:163} INFO - Started process (PID=25554) to work on /home/data-eginner/Documents/Soccer_Data/env/lib/python3.8/site-packages/airflow/example_dags/tutorial_taskflow_api_etl.py
[2022-01-13 23:13:34,042] {processor.py:642} INFO - Processing file /home/data-eginner/Documents/Soccer_Data/env/lib/python3.8/site-packages/airflow/example_dags/tutorial_taskflow_api_etl.py for tasks to queue
[2022-01-13 23:13:34,042] {logging_mixin.py:109} INFO - [2022-01-13 23:13:34,042] {dagbag.py:500} INFO - Filling up the DagBag from /home/data-eginner/Documents/Soccer_Data/env/lib/python3.8/site-packages/airflow/example_dags/tutorial_taskflow_api_etl.py
[2022-01-13 23:13:34,091] {processor.py:654} INFO - DAG(s) dict_keys(['tutorial_taskflow_api_etl']) retrieved from /home/data-eginner/Documents/Soccer_Data/env/lib/python3.8/site-packages/airflow/example_dags/tutorial_taskflow_api_etl.py
[2022-01-13 23:13:34,107] {logging_mixin.py:109} INFO - [2022-01-13 23:13:34,107] {dag.py:2396} INFO - Sync 1 DAGs
[2022-01-13 23:13:34,192] {logging_mixin.py:109} INFO - [2022-01-13 23:13:34,191] {dag.py:2935} INFO - Setting next_dagrun for tutorial_taskflow_api_etl to None
[2022-01-13 23:13:34,389] {processor.py:171} INFO - Processing /home/data-eginner/Documents/Soccer_Data/env/lib/python3.8/site-packages/airflow/example_dags/tutorial_taskflow_api_etl.py took 0.367 seconds
[2022-01-13 23:14:31,804] {processor.py:163} INFO - Started process (PID=25762) to work on /home/data-eginner/Documents/Soccer_Data/env/lib/python3.8/site-packages/airflow/example_dags/tutorial_taskflow_api_etl.py
[2022-01-13 23:14:32,016] {processor.py:642} INFO - Processing file /home/data-eginner/Documents/Soccer_Data/env/lib/python3.8/site-packages/airflow/example_dags/tutorial_taskflow_api_etl.py for tasks to queue
[2022-01-13 23:14:32,017] {logging_mixin.py:109} INFO - [2022-01-13 23:14:32,017] {dagbag.py:500} INFO - Filling up the DagBag from /home/data-eginner/Documents/Soccer_Data/env/lib/python3.8/site-packages/airflow/example_dags/tutorial_taskflow_api_etl.py
[2022-01-13 23:14:32,358] {processor.py:654} INFO - DAG(s) dict_keys(['tutorial_taskflow_api_etl']) retrieved from /home/data-eginner/Documents/Soccer_Data/env/lib/python3.8/site-packages/airflow/example_dags/tutorial_taskflow_api_etl.py
[2022-01-13 23:14:33,337] {logging_mixin.py:109} INFO - [2022-01-13 23:14:33,337] {dag.py:2396} INFO - Sync 1 DAGs
[2022-01-13 23:14:33,406] {logging_mixin.py:109} INFO - [2022-01-13 23:14:33,406] {dag.py:2935} INFO - Setting next_dagrun for tutorial_taskflow_api_etl to None
[2022-01-13 23:14:33,471] {processor.py:171} INFO - Processing /home/data-eginner/Documents/Soccer_Data/env/lib/python3.8/site-packages/airflow/example_dags/tutorial_taskflow_api_etl.py took 1.670 seconds
[2022-01-13 23:15:47,498] {processor.py:163} INFO - Started process (PID=26081) to work on /home/data-eginner/Documents/Soccer_Data/env/lib/python3.8/site-packages/airflow/example_dags/tutorial_taskflow_api_etl.py
[2022-01-13 23:15:47,514] {processor.py:642} INFO - Processing file /home/data-eginner/Documents/Soccer_Data/env/lib/python3.8/site-packages/airflow/example_dags/tutorial_taskflow_api_etl.py for tasks to queue
[2022-01-13 23:15:47,528] {logging_mixin.py:109} INFO - [2022-01-13 23:15:47,528] {dagbag.py:500} INFO - Filling up the DagBag from /home/data-eginner/Documents/Soccer_Data/env/lib/python3.8/site-packages/airflow/example_dags/tutorial_taskflow_api_etl.py
[2022-01-13 23:15:47,664] {processor.py:654} INFO - DAG(s) dict_keys(['tutorial_taskflow_api_etl']) retrieved from /home/data-eginner/Documents/Soccer_Data/env/lib/python3.8/site-packages/airflow/example_dags/tutorial_taskflow_api_etl.py
[2022-01-13 23:15:48,096] {logging_mixin.py:109} INFO - [2022-01-13 23:15:48,094] {dag.py:2396} INFO - Sync 1 DAGs
[2022-01-13 23:15:48,109] {logging_mixin.py:109} INFO - [2022-01-13 23:15:48,109] {dag.py:2935} INFO - Setting next_dagrun for tutorial_taskflow_api_etl to None
[2022-01-13 23:15:48,152] {processor.py:171} INFO - Processing /home/data-eginner/Documents/Soccer_Data/env/lib/python3.8/site-packages/airflow/example_dags/tutorial_taskflow_api_etl.py took 0.656 seconds
[2022-01-13 23:16:30,997] {processor.py:163} INFO - Started process (PID=26260) to work on /home/data-eginner/Documents/Soccer_Data/env/lib/python3.8/site-packages/airflow/example_dags/tutorial_taskflow_api_etl.py
[2022-01-13 23:16:31,005] {processor.py:642} INFO - Processing file /home/data-eginner/Documents/Soccer_Data/env/lib/python3.8/site-packages/airflow/example_dags/tutorial_taskflow_api_etl.py for tasks to queue
[2022-01-13 23:16:31,006] {logging_mixin.py:109} INFO - [2022-01-13 23:16:31,006] {dagbag.py:500} INFO - Filling up the DagBag from /home/data-eginner/Documents/Soccer_Data/env/lib/python3.8/site-packages/airflow/example_dags/tutorial_taskflow_api_etl.py
[2022-01-13 23:16:31,038] {processor.py:654} INFO - DAG(s) dict_keys(['tutorial_taskflow_api_etl']) retrieved from /home/data-eginner/Documents/Soccer_Data/env/lib/python3.8/site-packages/airflow/example_dags/tutorial_taskflow_api_etl.py
[2022-01-13 23:16:31,291] {logging_mixin.py:109} INFO - [2022-01-13 23:16:31,291] {dag.py:2396} INFO - Sync 1 DAGs
[2022-01-13 23:16:31,301] {logging_mixin.py:109} INFO - [2022-01-13 23:16:31,301] {dag.py:2935} INFO - Setting next_dagrun for tutorial_taskflow_api_etl to None
[2022-01-13 23:16:31,343] {processor.py:171} INFO - Processing /home/data-eginner/Documents/Soccer_Data/env/lib/python3.8/site-packages/airflow/example_dags/tutorial_taskflow_api_etl.py took 0.353 seconds
