[2022-01-13 23:04:07,858] {processor.py:163} INFO - Started process (PID=23938) to work on /home/data-eginner/Documents/Soccer_Data/env/lib/python3.8/site-packages/airflow/example_dags/tutorial_etl_dag.py
[2022-01-13 23:04:07,859] {processor.py:642} INFO - Processing file /home/data-eginner/Documents/Soccer_Data/env/lib/python3.8/site-packages/airflow/example_dags/tutorial_etl_dag.py for tasks to queue
[2022-01-13 23:04:07,859] {logging_mixin.py:109} INFO - [2022-01-13 23:04:07,859] {dagbag.py:500} INFO - Filling up the DagBag from /home/data-eginner/Documents/Soccer_Data/env/lib/python3.8/site-packages/airflow/example_dags/tutorial_etl_dag.py
[2022-01-13 23:04:08,164] {processor.py:654} INFO - DAG(s) dict_keys(['tutorial_etl_dag']) retrieved from /home/data-eginner/Documents/Soccer_Data/env/lib/python3.8/site-packages/airflow/example_dags/tutorial_etl_dag.py
[2022-01-13 23:04:08,167] {logging_mixin.py:109} INFO - [2022-01-13 23:04:08,167] {dag.py:2396} INFO - Sync 1 DAGs
[2022-01-13 23:04:08,210] {logging_mixin.py:109} INFO - [2022-01-13 23:04:08,210] {dag.py:2935} INFO - Setting next_dagrun for tutorial_etl_dag to None
[2022-01-13 23:04:08,239] {processor.py:171} INFO - Processing /home/data-eginner/Documents/Soccer_Data/env/lib/python3.8/site-packages/airflow/example_dags/tutorial_etl_dag.py took 0.383 seconds
[2022-01-13 23:04:50,558] {processor.py:163} INFO - Started process (PID=24140) to work on /home/data-eginner/Documents/Soccer_Data/env/lib/python3.8/site-packages/airflow/example_dags/tutorial_etl_dag.py
[2022-01-13 23:04:50,560] {processor.py:642} INFO - Processing file /home/data-eginner/Documents/Soccer_Data/env/lib/python3.8/site-packages/airflow/example_dags/tutorial_etl_dag.py for tasks to queue
[2022-01-13 23:04:50,561] {logging_mixin.py:109} INFO - [2022-01-13 23:04:50,560] {dagbag.py:500} INFO - Filling up the DagBag from /home/data-eginner/Documents/Soccer_Data/env/lib/python3.8/site-packages/airflow/example_dags/tutorial_etl_dag.py
[2022-01-13 23:04:50,587] {processor.py:654} INFO - DAG(s) dict_keys(['tutorial_etl_dag']) retrieved from /home/data-eginner/Documents/Soccer_Data/env/lib/python3.8/site-packages/airflow/example_dags/tutorial_etl_dag.py
[2022-01-13 23:04:50,601] {logging_mixin.py:109} INFO - [2022-01-13 23:04:50,601] {dag.py:2396} INFO - Sync 1 DAGs
[2022-01-13 23:04:50,616] {logging_mixin.py:109} INFO - [2022-01-13 23:04:50,616] {dag.py:2935} INFO - Setting next_dagrun for tutorial_etl_dag to None
[2022-01-13 23:04:50,640] {processor.py:171} INFO - Processing /home/data-eginner/Documents/Soccer_Data/env/lib/python3.8/site-packages/airflow/example_dags/tutorial_etl_dag.py took 0.086 seconds
[2022-01-13 23:05:31,974] {processor.py:163} INFO - Started process (PID=24529) to work on /home/data-eginner/Documents/Soccer_Data/env/lib/python3.8/site-packages/airflow/example_dags/tutorial_etl_dag.py
[2022-01-13 23:05:31,988] {processor.py:642} INFO - Processing file /home/data-eginner/Documents/Soccer_Data/env/lib/python3.8/site-packages/airflow/example_dags/tutorial_etl_dag.py for tasks to queue
[2022-01-13 23:05:31,988] {logging_mixin.py:109} INFO - [2022-01-13 23:05:31,988] {dagbag.py:500} INFO - Filling up the DagBag from /home/data-eginner/Documents/Soccer_Data/env/lib/python3.8/site-packages/airflow/example_dags/tutorial_etl_dag.py
[2022-01-13 23:05:32,037] {processor.py:654} INFO - DAG(s) dict_keys(['tutorial_etl_dag']) retrieved from /home/data-eginner/Documents/Soccer_Data/env/lib/python3.8/site-packages/airflow/example_dags/tutorial_etl_dag.py
[2022-01-13 23:05:32,067] {logging_mixin.py:109} INFO - [2022-01-13 23:05:32,067] {dag.py:2396} INFO - Sync 1 DAGs
[2022-01-13 23:05:32,111] {logging_mixin.py:109} INFO - [2022-01-13 23:05:32,111] {dag.py:2935} INFO - Setting next_dagrun for tutorial_etl_dag to None
[2022-01-13 23:05:32,202] {processor.py:171} INFO - Processing /home/data-eginner/Documents/Soccer_Data/env/lib/python3.8/site-packages/airflow/example_dags/tutorial_etl_dag.py took 0.230 seconds
[2022-01-13 23:06:09,855] {processor.py:163} INFO - Started process (PID=24711) to work on /home/data-eginner/Documents/Soccer_Data/env/lib/python3.8/site-packages/airflow/example_dags/tutorial_etl_dag.py
[2022-01-13 23:06:09,858] {processor.py:642} INFO - Processing file /home/data-eginner/Documents/Soccer_Data/env/lib/python3.8/site-packages/airflow/example_dags/tutorial_etl_dag.py for tasks to queue
[2022-01-13 23:06:09,860] {logging_mixin.py:109} INFO - [2022-01-13 23:06:09,858] {dagbag.py:500} INFO - Filling up the DagBag from /home/data-eginner/Documents/Soccer_Data/env/lib/python3.8/site-packages/airflow/example_dags/tutorial_etl_dag.py
[2022-01-13 23:06:09,886] {processor.py:654} INFO - DAG(s) dict_keys(['tutorial_etl_dag']) retrieved from /home/data-eginner/Documents/Soccer_Data/env/lib/python3.8/site-packages/airflow/example_dags/tutorial_etl_dag.py
[2022-01-13 23:06:09,895] {logging_mixin.py:109} INFO - [2022-01-13 23:06:09,895] {dag.py:2396} INFO - Sync 1 DAGs
[2022-01-13 23:06:09,907] {logging_mixin.py:109} INFO - [2022-01-13 23:06:09,907] {dag.py:2935} INFO - Setting next_dagrun for tutorial_etl_dag to None
[2022-01-13 23:06:09,924] {processor.py:171} INFO - Processing /home/data-eginner/Documents/Soccer_Data/env/lib/python3.8/site-packages/airflow/example_dags/tutorial_etl_dag.py took 0.072 seconds
[2022-01-13 23:06:53,474] {processor.py:163} INFO - Started process (PID=24891) to work on /home/data-eginner/Documents/Soccer_Data/env/lib/python3.8/site-packages/airflow/example_dags/tutorial_etl_dag.py
[2022-01-13 23:06:53,513] {processor.py:642} INFO - Processing file /home/data-eginner/Documents/Soccer_Data/env/lib/python3.8/site-packages/airflow/example_dags/tutorial_etl_dag.py for tasks to queue
[2022-01-13 23:06:53,514] {logging_mixin.py:109} INFO - [2022-01-13 23:06:53,514] {dagbag.py:500} INFO - Filling up the DagBag from /home/data-eginner/Documents/Soccer_Data/env/lib/python3.8/site-packages/airflow/example_dags/tutorial_etl_dag.py
[2022-01-13 23:06:53,581] {processor.py:654} INFO - DAG(s) dict_keys(['tutorial_etl_dag']) retrieved from /home/data-eginner/Documents/Soccer_Data/env/lib/python3.8/site-packages/airflow/example_dags/tutorial_etl_dag.py
[2022-01-13 23:06:53,622] {logging_mixin.py:109} INFO - [2022-01-13 23:06:53,622] {dag.py:2396} INFO - Sync 1 DAGs
[2022-01-13 23:06:53,672] {logging_mixin.py:109} INFO - [2022-01-13 23:06:53,672] {dag.py:2935} INFO - Setting next_dagrun for tutorial_etl_dag to None
[2022-01-13 23:06:53,689] {processor.py:171} INFO - Processing /home/data-eginner/Documents/Soccer_Data/env/lib/python3.8/site-packages/airflow/example_dags/tutorial_etl_dag.py took 0.218 seconds
[2022-01-13 23:10:15,420] {processor.py:163} INFO - Started process (PID=25172) to work on /home/data-eginner/Documents/Soccer_Data/env/lib/python3.8/site-packages/airflow/example_dags/tutorial_etl_dag.py
[2022-01-13 23:10:15,477] {processor.py:642} INFO - Processing file /home/data-eginner/Documents/Soccer_Data/env/lib/python3.8/site-packages/airflow/example_dags/tutorial_etl_dag.py for tasks to queue
[2022-01-13 23:10:15,477] {logging_mixin.py:109} INFO - [2022-01-13 23:10:15,477] {dagbag.py:500} INFO - Filling up the DagBag from /home/data-eginner/Documents/Soccer_Data/env/lib/python3.8/site-packages/airflow/example_dags/tutorial_etl_dag.py
[2022-01-13 23:10:15,851] {processor.py:654} INFO - DAG(s) dict_keys(['tutorial_etl_dag']) retrieved from /home/data-eginner/Documents/Soccer_Data/env/lib/python3.8/site-packages/airflow/example_dags/tutorial_etl_dag.py
[2022-01-13 23:10:15,979] {logging_mixin.py:109} INFO - [2022-01-13 23:10:15,979] {dag.py:2396} INFO - Sync 1 DAGs
[2022-01-13 23:10:16,207] {logging_mixin.py:109} INFO - [2022-01-13 23:10:16,207] {dag.py:2935} INFO - Setting next_dagrun for tutorial_etl_dag to None
[2022-01-13 23:10:16,498] {processor.py:171} INFO - Processing /home/data-eginner/Documents/Soccer_Data/env/lib/python3.8/site-packages/airflow/example_dags/tutorial_etl_dag.py took 1.094 seconds
[2022-01-13 23:11:10,973] {processor.py:163} INFO - Started process (PID=25374) to work on /home/data-eginner/Documents/Soccer_Data/env/lib/python3.8/site-packages/airflow/example_dags/tutorial_etl_dag.py
[2022-01-13 23:11:10,984] {processor.py:642} INFO - Processing file /home/data-eginner/Documents/Soccer_Data/env/lib/python3.8/site-packages/airflow/example_dags/tutorial_etl_dag.py for tasks to queue
[2022-01-13 23:11:10,985] {logging_mixin.py:109} INFO - [2022-01-13 23:11:10,985] {dagbag.py:500} INFO - Filling up the DagBag from /home/data-eginner/Documents/Soccer_Data/env/lib/python3.8/site-packages/airflow/example_dags/tutorial_etl_dag.py
[2022-01-13 23:11:11,019] {processor.py:654} INFO - DAG(s) dict_keys(['tutorial_etl_dag']) retrieved from /home/data-eginner/Documents/Soccer_Data/env/lib/python3.8/site-packages/airflow/example_dags/tutorial_etl_dag.py
[2022-01-13 23:11:11,027] {logging_mixin.py:109} INFO - [2022-01-13 23:11:11,027] {dag.py:2396} INFO - Sync 1 DAGs
[2022-01-13 23:11:11,040] {logging_mixin.py:109} INFO - [2022-01-13 23:11:11,040] {dag.py:2935} INFO - Setting next_dagrun for tutorial_etl_dag to None
[2022-01-13 23:11:11,057] {processor.py:171} INFO - Processing /home/data-eginner/Documents/Soccer_Data/env/lib/python3.8/site-packages/airflow/example_dags/tutorial_etl_dag.py took 0.086 seconds
[2022-01-13 23:13:37,600] {processor.py:163} INFO - Started process (PID=25569) to work on /home/data-eginner/Documents/Soccer_Data/env/lib/python3.8/site-packages/airflow/example_dags/tutorial_etl_dag.py
[2022-01-13 23:13:37,674] {processor.py:642} INFO - Processing file /home/data-eginner/Documents/Soccer_Data/env/lib/python3.8/site-packages/airflow/example_dags/tutorial_etl_dag.py for tasks to queue
[2022-01-13 23:13:37,679] {logging_mixin.py:109} INFO - [2022-01-13 23:13:37,679] {dagbag.py:500} INFO - Filling up the DagBag from /home/data-eginner/Documents/Soccer_Data/env/lib/python3.8/site-packages/airflow/example_dags/tutorial_etl_dag.py
[2022-01-13 23:13:37,783] {processor.py:654} INFO - DAG(s) dict_keys(['tutorial_etl_dag']) retrieved from /home/data-eginner/Documents/Soccer_Data/env/lib/python3.8/site-packages/airflow/example_dags/tutorial_etl_dag.py
[2022-01-13 23:13:37,835] {logging_mixin.py:109} INFO - [2022-01-13 23:13:37,835] {dag.py:2396} INFO - Sync 1 DAGs
[2022-01-13 23:13:37,888] {logging_mixin.py:109} INFO - [2022-01-13 23:13:37,888] {dag.py:2935} INFO - Setting next_dagrun for tutorial_etl_dag to None
[2022-01-13 23:13:37,937] {processor.py:171} INFO - Processing /home/data-eginner/Documents/Soccer_Data/env/lib/python3.8/site-packages/airflow/example_dags/tutorial_etl_dag.py took 0.339 seconds
[2022-01-13 23:14:37,369] {processor.py:163} INFO - Started process (PID=25776) to work on /home/data-eginner/Documents/Soccer_Data/env/lib/python3.8/site-packages/airflow/example_dags/tutorial_etl_dag.py
[2022-01-13 23:14:37,443] {processor.py:642} INFO - Processing file /home/data-eginner/Documents/Soccer_Data/env/lib/python3.8/site-packages/airflow/example_dags/tutorial_etl_dag.py for tasks to queue
[2022-01-13 23:14:37,444] {logging_mixin.py:109} INFO - [2022-01-13 23:14:37,444] {dagbag.py:500} INFO - Filling up the DagBag from /home/data-eginner/Documents/Soccer_Data/env/lib/python3.8/site-packages/airflow/example_dags/tutorial_etl_dag.py
[2022-01-13 23:14:37,551] {processor.py:654} INFO - DAG(s) dict_keys(['tutorial_etl_dag']) retrieved from /home/data-eginner/Documents/Soccer_Data/env/lib/python3.8/site-packages/airflow/example_dags/tutorial_etl_dag.py
[2022-01-13 23:14:37,653] {logging_mixin.py:109} INFO - [2022-01-13 23:14:37,653] {dag.py:2396} INFO - Sync 1 DAGs
[2022-01-13 23:14:37,698] {logging_mixin.py:109} INFO - [2022-01-13 23:14:37,698] {dag.py:2935} INFO - Setting next_dagrun for tutorial_etl_dag to None
[2022-01-13 23:14:37,751] {processor.py:171} INFO - Processing /home/data-eginner/Documents/Soccer_Data/env/lib/python3.8/site-packages/airflow/example_dags/tutorial_etl_dag.py took 0.393 seconds
[2022-01-13 23:15:50,313] {processor.py:163} INFO - Started process (PID=26088) to work on /home/data-eginner/Documents/Soccer_Data/env/lib/python3.8/site-packages/airflow/example_dags/tutorial_etl_dag.py
[2022-01-13 23:15:50,336] {processor.py:642} INFO - Processing file /home/data-eginner/Documents/Soccer_Data/env/lib/python3.8/site-packages/airflow/example_dags/tutorial_etl_dag.py for tasks to queue
[2022-01-13 23:15:50,336] {logging_mixin.py:109} INFO - [2022-01-13 23:15:50,336] {dagbag.py:500} INFO - Filling up the DagBag from /home/data-eginner/Documents/Soccer_Data/env/lib/python3.8/site-packages/airflow/example_dags/tutorial_etl_dag.py
[2022-01-13 23:15:50,399] {processor.py:654} INFO - DAG(s) dict_keys(['tutorial_etl_dag']) retrieved from /home/data-eginner/Documents/Soccer_Data/env/lib/python3.8/site-packages/airflow/example_dags/tutorial_etl_dag.py
[2022-01-13 23:15:50,415] {logging_mixin.py:109} INFO - [2022-01-13 23:15:50,415] {dag.py:2396} INFO - Sync 1 DAGs
[2022-01-13 23:15:50,460] {logging_mixin.py:109} INFO - [2022-01-13 23:15:50,460] {dag.py:2935} INFO - Setting next_dagrun for tutorial_etl_dag to None
[2022-01-13 23:15:50,499] {processor.py:171} INFO - Processing /home/data-eginner/Documents/Soccer_Data/env/lib/python3.8/site-packages/airflow/example_dags/tutorial_etl_dag.py took 0.188 seconds
