[2022-01-13 23:04:00,627] {processor.py:163} INFO - Started process (PID=23901) to work on /home/data-eginner/Documents/Soccer_Data/env/lib/python3.8/site-packages/airflow/example_dags/tutorial.py
[2022-01-13 23:04:00,628] {processor.py:642} INFO - Processing file /home/data-eginner/Documents/Soccer_Data/env/lib/python3.8/site-packages/airflow/example_dags/tutorial.py for tasks to queue
[2022-01-13 23:04:00,629] {logging_mixin.py:109} INFO - [2022-01-13 23:04:00,629] {dagbag.py:500} INFO - Filling up the DagBag from /home/data-eginner/Documents/Soccer_Data/env/lib/python3.8/site-packages/airflow/example_dags/tutorial.py
[2022-01-13 23:04:00,712] {processor.py:654} INFO - DAG(s) dict_keys(['tutorial']) retrieved from /home/data-eginner/Documents/Soccer_Data/env/lib/python3.8/site-packages/airflow/example_dags/tutorial.py
[2022-01-13 23:04:00,716] {logging_mixin.py:109} INFO - [2022-01-13 23:04:00,715] {dag.py:2396} INFO - Sync 1 DAGs
[2022-01-13 23:04:00,760] {logging_mixin.py:109} INFO - [2022-01-13 23:04:00,760] {dag.py:2935} INFO - Setting next_dagrun for tutorial to 2022-01-13T02:04:00.759797+00:00
[2022-01-13 23:04:00,832] {processor.py:171} INFO - Processing /home/data-eginner/Documents/Soccer_Data/env/lib/python3.8/site-packages/airflow/example_dags/tutorial.py took 0.207 seconds
[2022-01-13 23:04:44,845] {processor.py:163} INFO - Started process (PID=24117) to work on /home/data-eginner/Documents/Soccer_Data/env/lib/python3.8/site-packages/airflow/example_dags/tutorial.py
[2022-01-13 23:04:44,858] {processor.py:642} INFO - Processing file /home/data-eginner/Documents/Soccer_Data/env/lib/python3.8/site-packages/airflow/example_dags/tutorial.py for tasks to queue
[2022-01-13 23:04:44,858] {logging_mixin.py:109} INFO - [2022-01-13 23:04:44,858] {dagbag.py:500} INFO - Filling up the DagBag from /home/data-eginner/Documents/Soccer_Data/env/lib/python3.8/site-packages/airflow/example_dags/tutorial.py
[2022-01-13 23:04:44,889] {processor.py:654} INFO - DAG(s) dict_keys(['tutorial']) retrieved from /home/data-eginner/Documents/Soccer_Data/env/lib/python3.8/site-packages/airflow/example_dags/tutorial.py
[2022-01-13 23:04:44,930] {logging_mixin.py:109} INFO - [2022-01-13 23:04:44,929] {dag.py:2396} INFO - Sync 1 DAGs
[2022-01-13 23:04:44,940] {logging_mixin.py:109} INFO - [2022-01-13 23:04:44,940] {dag.py:2935} INFO - Setting next_dagrun for tutorial to 2022-01-13T02:04:44.939950+00:00
[2022-01-13 23:04:44,955] {processor.py:171} INFO - Processing /home/data-eginner/Documents/Soccer_Data/env/lib/python3.8/site-packages/airflow/example_dags/tutorial.py took 0.112 seconds
[2022-01-13 23:05:23,252] {processor.py:163} INFO - Started process (PID=24448) to work on /home/data-eginner/Documents/Soccer_Data/env/lib/python3.8/site-packages/airflow/example_dags/tutorial.py
[2022-01-13 23:05:23,258] {processor.py:642} INFO - Processing file /home/data-eginner/Documents/Soccer_Data/env/lib/python3.8/site-packages/airflow/example_dags/tutorial.py for tasks to queue
[2022-01-13 23:05:23,259] {logging_mixin.py:109} INFO - [2022-01-13 23:05:23,259] {dagbag.py:500} INFO - Filling up the DagBag from /home/data-eginner/Documents/Soccer_Data/env/lib/python3.8/site-packages/airflow/example_dags/tutorial.py
[2022-01-13 23:05:23,398] {processor.py:654} INFO - DAG(s) dict_keys(['tutorial']) retrieved from /home/data-eginner/Documents/Soccer_Data/env/lib/python3.8/site-packages/airflow/example_dags/tutorial.py
[2022-01-13 23:05:23,450] {logging_mixin.py:109} INFO - [2022-01-13 23:05:23,449] {dag.py:2396} INFO - Sync 1 DAGs
[2022-01-13 23:05:23,495] {logging_mixin.py:109} INFO - [2022-01-13 23:05:23,495] {dag.py:2935} INFO - Setting next_dagrun for tutorial to 2022-01-13T02:05:23.495414+00:00
[2022-01-13 23:05:23,534] {processor.py:171} INFO - Processing /home/data-eginner/Documents/Soccer_Data/env/lib/python3.8/site-packages/airflow/example_dags/tutorial.py took 0.307 seconds
[2022-01-13 23:05:58,299] {processor.py:163} INFO - Started process (PID=24652) to work on /home/data-eginner/Documents/Soccer_Data/env/lib/python3.8/site-packages/airflow/example_dags/tutorial.py
[2022-01-13 23:05:58,302] {processor.py:642} INFO - Processing file /home/data-eginner/Documents/Soccer_Data/env/lib/python3.8/site-packages/airflow/example_dags/tutorial.py for tasks to queue
[2022-01-13 23:05:58,302] {logging_mixin.py:109} INFO - [2022-01-13 23:05:58,302] {dagbag.py:500} INFO - Filling up the DagBag from /home/data-eginner/Documents/Soccer_Data/env/lib/python3.8/site-packages/airflow/example_dags/tutorial.py
[2022-01-13 23:05:58,419] {processor.py:654} INFO - DAG(s) dict_keys(['tutorial']) retrieved from /home/data-eginner/Documents/Soccer_Data/env/lib/python3.8/site-packages/airflow/example_dags/tutorial.py
[2022-01-13 23:05:58,434] {logging_mixin.py:109} INFO - [2022-01-13 23:05:58,434] {dag.py:2396} INFO - Sync 1 DAGs
[2022-01-13 23:05:58,446] {logging_mixin.py:109} INFO - [2022-01-13 23:05:58,446] {dag.py:2935} INFO - Setting next_dagrun for tutorial to 2022-01-13T02:05:58.446131+00:00
[2022-01-13 23:05:58,462] {processor.py:171} INFO - Processing /home/data-eginner/Documents/Soccer_Data/env/lib/python3.8/site-packages/airflow/example_dags/tutorial.py took 0.181 seconds
[2022-01-13 23:06:40,421] {processor.py:163} INFO - Started process (PID=24840) to work on /home/data-eginner/Documents/Soccer_Data/env/lib/python3.8/site-packages/airflow/example_dags/tutorial.py
[2022-01-13 23:06:40,435] {processor.py:642} INFO - Processing file /home/data-eginner/Documents/Soccer_Data/env/lib/python3.8/site-packages/airflow/example_dags/tutorial.py for tasks to queue
[2022-01-13 23:06:40,435] {logging_mixin.py:109} INFO - [2022-01-13 23:06:40,435] {dagbag.py:500} INFO - Filling up the DagBag from /home/data-eginner/Documents/Soccer_Data/env/lib/python3.8/site-packages/airflow/example_dags/tutorial.py
[2022-01-13 23:06:40,465] {processor.py:654} INFO - DAG(s) dict_keys(['tutorial']) retrieved from /home/data-eginner/Documents/Soccer_Data/env/lib/python3.8/site-packages/airflow/example_dags/tutorial.py
[2022-01-13 23:06:40,483] {logging_mixin.py:109} INFO - [2022-01-13 23:06:40,483] {dag.py:2396} INFO - Sync 1 DAGs
[2022-01-13 23:06:40,506] {logging_mixin.py:109} INFO - [2022-01-13 23:06:40,506] {dag.py:2935} INFO - Setting next_dagrun for tutorial to 2022-01-13T02:06:40.506054+00:00
[2022-01-13 23:06:40,638] {processor.py:171} INFO - Processing /home/data-eginner/Documents/Soccer_Data/env/lib/python3.8/site-packages/airflow/example_dags/tutorial.py took 0.219 seconds
[2022-01-13 23:07:18,821] {processor.py:163} INFO - Started process (PID=24998) to work on /home/data-eginner/Documents/Soccer_Data/env/lib/python3.8/site-packages/airflow/example_dags/tutorial.py
[2022-01-13 23:07:18,825] {processor.py:642} INFO - Processing file /home/data-eginner/Documents/Soccer_Data/env/lib/python3.8/site-packages/airflow/example_dags/tutorial.py for tasks to queue
[2022-01-13 23:07:18,826] {logging_mixin.py:109} INFO - [2022-01-13 23:07:18,825] {dagbag.py:500} INFO - Filling up the DagBag from /home/data-eginner/Documents/Soccer_Data/env/lib/python3.8/site-packages/airflow/example_dags/tutorial.py
[2022-01-13 23:07:18,910] {processor.py:654} INFO - DAG(s) dict_keys(['tutorial']) retrieved from /home/data-eginner/Documents/Soccer_Data/env/lib/python3.8/site-packages/airflow/example_dags/tutorial.py
[2022-01-13 23:07:18,930] {logging_mixin.py:109} INFO - [2022-01-13 23:07:18,930] {dag.py:2396} INFO - Sync 1 DAGs
[2022-01-13 23:07:18,955] {logging_mixin.py:109} INFO - [2022-01-13 23:07:18,955] {dag.py:2935} INFO - Setting next_dagrun for tutorial to 2022-01-13T02:07:18.955246+00:00
[2022-01-13 23:07:19,100] {processor.py:171} INFO - Processing /home/data-eginner/Documents/Soccer_Data/env/lib/python3.8/site-packages/airflow/example_dags/tutorial.py took 0.293 seconds
[2022-01-13 23:10:08,190] {processor.py:163} INFO - Started process (PID=25140) to work on /home/data-eginner/Documents/Soccer_Data/env/lib/python3.8/site-packages/airflow/example_dags/tutorial.py
[2022-01-13 23:10:08,220] {processor.py:642} INFO - Processing file /home/data-eginner/Documents/Soccer_Data/env/lib/python3.8/site-packages/airflow/example_dags/tutorial.py for tasks to queue
[2022-01-13 23:10:08,221] {logging_mixin.py:109} INFO - [2022-01-13 23:10:08,221] {dagbag.py:500} INFO - Filling up the DagBag from /home/data-eginner/Documents/Soccer_Data/env/lib/python3.8/site-packages/airflow/example_dags/tutorial.py
[2022-01-13 23:10:08,284] {processor.py:654} INFO - DAG(s) dict_keys(['tutorial']) retrieved from /home/data-eginner/Documents/Soccer_Data/env/lib/python3.8/site-packages/airflow/example_dags/tutorial.py
[2022-01-13 23:10:08,291] {logging_mixin.py:109} INFO - [2022-01-13 23:10:08,291] {dag.py:2396} INFO - Sync 1 DAGs
[2022-01-13 23:10:08,330] {logging_mixin.py:109} INFO - [2022-01-13 23:10:08,330] {dag.py:2935} INFO - Setting next_dagrun for tutorial to 2022-01-13T02:10:08.330196+00:00
[2022-01-13 23:10:08,362] {processor.py:171} INFO - Processing /home/data-eginner/Documents/Soccer_Data/env/lib/python3.8/site-packages/airflow/example_dags/tutorial.py took 0.174 seconds
[2022-01-13 23:11:02,404] {processor.py:163} INFO - Started process (PID=25342) to work on /home/data-eginner/Documents/Soccer_Data/env/lib/python3.8/site-packages/airflow/example_dags/tutorial.py
[2022-01-13 23:11:02,417] {processor.py:642} INFO - Processing file /home/data-eginner/Documents/Soccer_Data/env/lib/python3.8/site-packages/airflow/example_dags/tutorial.py for tasks to queue
[2022-01-13 23:11:02,418] {logging_mixin.py:109} INFO - [2022-01-13 23:11:02,418] {dagbag.py:500} INFO - Filling up the DagBag from /home/data-eginner/Documents/Soccer_Data/env/lib/python3.8/site-packages/airflow/example_dags/tutorial.py
[2022-01-13 23:11:02,536] {processor.py:654} INFO - DAG(s) dict_keys(['tutorial']) retrieved from /home/data-eginner/Documents/Soccer_Data/env/lib/python3.8/site-packages/airflow/example_dags/tutorial.py
[2022-01-13 23:11:02,568] {logging_mixin.py:109} INFO - [2022-01-13 23:11:02,568] {dag.py:2396} INFO - Sync 1 DAGs
[2022-01-13 23:11:02,605] {logging_mixin.py:109} INFO - [2022-01-13 23:11:02,605] {dag.py:2935} INFO - Setting next_dagrun for tutorial to 2022-01-13T02:11:02.605456+00:00
[2022-01-13 23:11:02,678] {processor.py:171} INFO - Processing /home/data-eginner/Documents/Soccer_Data/env/lib/python3.8/site-packages/airflow/example_dags/tutorial.py took 0.278 seconds
[2022-01-13 23:13:30,715] {processor.py:163} INFO - Started process (PID=25540) to work on /home/data-eginner/Documents/Soccer_Data/env/lib/python3.8/site-packages/airflow/example_dags/tutorial.py
[2022-01-13 23:13:30,733] {processor.py:642} INFO - Processing file /home/data-eginner/Documents/Soccer_Data/env/lib/python3.8/site-packages/airflow/example_dags/tutorial.py for tasks to queue
[2022-01-13 23:13:30,733] {logging_mixin.py:109} INFO - [2022-01-13 23:13:30,733] {dagbag.py:500} INFO - Filling up the DagBag from /home/data-eginner/Documents/Soccer_Data/env/lib/python3.8/site-packages/airflow/example_dags/tutorial.py
[2022-01-13 23:13:30,802] {processor.py:654} INFO - DAG(s) dict_keys(['tutorial']) retrieved from /home/data-eginner/Documents/Soccer_Data/env/lib/python3.8/site-packages/airflow/example_dags/tutorial.py
[2022-01-13 23:13:30,821] {logging_mixin.py:109} INFO - [2022-01-13 23:13:30,820] {dag.py:2396} INFO - Sync 1 DAGs
[2022-01-13 23:13:30,844] {logging_mixin.py:109} INFO - [2022-01-13 23:13:30,844] {dag.py:2935} INFO - Setting next_dagrun for tutorial to 2022-01-13T02:13:30.844304+00:00
[2022-01-13 23:13:30,860] {processor.py:171} INFO - Processing /home/data-eginner/Documents/Soccer_Data/env/lib/python3.8/site-packages/airflow/example_dags/tutorial.py took 0.147 seconds
[2022-01-13 23:14:26,044] {processor.py:163} INFO - Started process (PID=25747) to work on /home/data-eginner/Documents/Soccer_Data/env/lib/python3.8/site-packages/airflow/example_dags/tutorial.py
[2022-01-13 23:14:26,106] {processor.py:642} INFO - Processing file /home/data-eginner/Documents/Soccer_Data/env/lib/python3.8/site-packages/airflow/example_dags/tutorial.py for tasks to queue
[2022-01-13 23:14:26,106] {logging_mixin.py:109} INFO - [2022-01-13 23:14:26,106] {dagbag.py:500} INFO - Filling up the DagBag from /home/data-eginner/Documents/Soccer_Data/env/lib/python3.8/site-packages/airflow/example_dags/tutorial.py
[2022-01-13 23:14:26,278] {processor.py:654} INFO - DAG(s) dict_keys(['tutorial']) retrieved from /home/data-eginner/Documents/Soccer_Data/env/lib/python3.8/site-packages/airflow/example_dags/tutorial.py
[2022-01-13 23:14:26,491] {logging_mixin.py:109} INFO - [2022-01-13 23:14:26,491] {dag.py:2396} INFO - Sync 1 DAGs
[2022-01-13 23:14:26,603] {logging_mixin.py:109} INFO - [2022-01-13 23:14:26,603] {dag.py:2935} INFO - Setting next_dagrun for tutorial to 2022-01-13T02:14:26.603329+00:00
[2022-01-13 23:14:26,726] {processor.py:171} INFO - Processing /home/data-eginner/Documents/Soccer_Data/env/lib/python3.8/site-packages/airflow/example_dags/tutorial.py took 0.684 seconds
[2022-01-13 23:15:42,465] {processor.py:163} INFO - Started process (PID=26054) to work on /home/data-eginner/Documents/Soccer_Data/env/lib/python3.8/site-packages/airflow/example_dags/tutorial.py
[2022-01-13 23:15:42,513] {processor.py:642} INFO - Processing file /home/data-eginner/Documents/Soccer_Data/env/lib/python3.8/site-packages/airflow/example_dags/tutorial.py for tasks to queue
[2022-01-13 23:15:42,513] {logging_mixin.py:109} INFO - [2022-01-13 23:15:42,513] {dagbag.py:500} INFO - Filling up the DagBag from /home/data-eginner/Documents/Soccer_Data/env/lib/python3.8/site-packages/airflow/example_dags/tutorial.py
[2022-01-13 23:15:42,572] {processor.py:654} INFO - DAG(s) dict_keys(['tutorial']) retrieved from /home/data-eginner/Documents/Soccer_Data/env/lib/python3.8/site-packages/airflow/example_dags/tutorial.py
[2022-01-13 23:15:42,596] {logging_mixin.py:109} INFO - [2022-01-13 23:15:42,596] {dag.py:2396} INFO - Sync 1 DAGs
[2022-01-13 23:15:42,628] {logging_mixin.py:109} INFO - [2022-01-13 23:15:42,628] {dag.py:2935} INFO - Setting next_dagrun for tutorial to 2022-01-13T02:15:42.628516+00:00
[2022-01-13 23:15:42,693] {processor.py:171} INFO - Processing /home/data-eginner/Documents/Soccer_Data/env/lib/python3.8/site-packages/airflow/example_dags/tutorial.py took 0.242 seconds
[2022-01-13 23:16:15,604] {processor.py:163} INFO - Started process (PID=26190) to work on /home/data-eginner/Documents/Soccer_Data/env/lib/python3.8/site-packages/airflow/example_dags/tutorial.py
[2022-01-13 23:16:15,607] {processor.py:642} INFO - Processing file /home/data-eginner/Documents/Soccer_Data/env/lib/python3.8/site-packages/airflow/example_dags/tutorial.py for tasks to queue
[2022-01-13 23:16:15,608] {logging_mixin.py:109} INFO - [2022-01-13 23:16:15,608] {dagbag.py:500} INFO - Filling up the DagBag from /home/data-eginner/Documents/Soccer_Data/env/lib/python3.8/site-packages/airflow/example_dags/tutorial.py
[2022-01-13 23:16:15,654] {processor.py:654} INFO - DAG(s) dict_keys(['tutorial']) retrieved from /home/data-eginner/Documents/Soccer_Data/env/lib/python3.8/site-packages/airflow/example_dags/tutorial.py
[2022-01-13 23:16:15,671] {logging_mixin.py:109} INFO - [2022-01-13 23:16:15,671] {dag.py:2396} INFO - Sync 1 DAGs
[2022-01-13 23:16:15,696] {logging_mixin.py:109} INFO - [2022-01-13 23:16:15,696] {dag.py:2935} INFO - Setting next_dagrun for tutorial to 2022-01-13T02:16:15.696185+00:00
[2022-01-13 23:16:15,742] {processor.py:171} INFO - Processing /home/data-eginner/Documents/Soccer_Data/env/lib/python3.8/site-packages/airflow/example_dags/tutorial.py took 0.154 seconds
