[2022-01-13 23:15:02,968] {taskinstance.py:1032} INFO - Dependencies all met for <TaskInstance: example_python_operator.print_the_context manual__2022-01-14T02:14:55.376887+00:00 [queued]>
[2022-01-13 23:15:03,012] {taskinstance.py:1032} INFO - Dependencies all met for <TaskInstance: example_python_operator.print_the_context manual__2022-01-14T02:14:55.376887+00:00 [queued]>
[2022-01-13 23:15:03,012] {taskinstance.py:1238} INFO - 
--------------------------------------------------------------------------------
[2022-01-13 23:15:03,012] {taskinstance.py:1239} INFO - Starting attempt 1 of 1
[2022-01-13 23:15:03,013] {taskinstance.py:1240} INFO - 
--------------------------------------------------------------------------------
[2022-01-13 23:15:03,065] {taskinstance.py:1259} INFO - Executing <Task(_PythonDecoratedOperator): print_the_context> on 2022-01-14 02:14:55.376887+00:00
[2022-01-13 23:15:03,067] {standard_task_runner.py:52} INFO - Started process 25861 to run task
[2022-01-13 23:15:03,090] {standard_task_runner.py:76} INFO - Running: ['airflow', 'tasks', 'run', 'example_python_operator', 'print_the_context', 'manual__2022-01-14T02:14:55.376887+00:00', '--job-id', '7', '--raw', '--subdir', '/home/data-eginner/Documents/Soccer_Data/env/lib/python3.8/site-packages/airflow/example_dags/example_python_operator.py', '--cfg-path', '/tmp/tmpnrx0o9s1', '--error-file', '/tmp/tmp1a1corql']
[2022-01-13 23:15:03,091] {standard_task_runner.py:77} INFO - Job 7: Subtask print_the_context
[2022-01-13 23:15:03,421] {logging_mixin.py:109} INFO - Running <TaskInstance: example_python_operator.print_the_context manual__2022-01-14T02:14:55.376887+00:00 [running]> on host dataeginner-VirtualBox
[2022-01-13 23:15:03,557] {taskinstance.py:1424} INFO - Exporting the following env vars:
AIRFLOW_CTX_DAG_OWNER=airflow
AIRFLOW_CTX_DAG_ID=example_python_operator
AIRFLOW_CTX_TASK_ID=print_the_context
AIRFLOW_CTX_EXECUTION_DATE=2022-01-14T02:14:55.376887+00:00
AIRFLOW_CTX_DAG_RUN_ID=manual__2022-01-14T02:14:55.376887+00:00
[2022-01-13 23:15:03,576] {logging_mixin.py:109} WARNING - /home/data-eginner/Documents/Soccer_Data/env/lib/python3.8/site-packages/airflow/utils/context.py:152 AirflowContextDeprecationWarning: Accessing 'execution_date' from the template is deprecated and will be removed in a future version. Please use 'data_interval_start' or 'logical_date' instead.
[2022-01-13 23:15:03,577] {logging_mixin.py:109} WARNING - /home/data-eginner/Documents/Soccer_Data/env/lib/python3.8/site-packages/airflow/utils/context.py:152 AirflowContextDeprecationWarning: Accessing 'next_ds' from the template is deprecated and will be removed in a future version. Please use '{{ data_interval_end | ds }}' instead.
[2022-01-13 23:15:03,577] {logging_mixin.py:109} WARNING - /home/data-eginner/Documents/Soccer_Data/env/lib/python3.8/site-packages/airflow/utils/context.py:152 AirflowContextDeprecationWarning: Accessing 'next_ds_nodash' from the template is deprecated and will be removed in a future version. Please use '{{ data_interval_end | ds_nodash }}' instead.
[2022-01-13 23:15:03,578] {logging_mixin.py:109} WARNING - /home/data-eginner/Documents/Soccer_Data/env/lib/python3.8/site-packages/airflow/utils/context.py:152 AirflowContextDeprecationWarning: Accessing 'next_execution_date' from the template is deprecated and will be removed in a future version. Please use 'data_interval_end' instead.
[2022-01-13 23:15:03,578] {logging_mixin.py:109} WARNING - /home/data-eginner/Documents/Soccer_Data/env/lib/python3.8/site-packages/airflow/utils/context.py:152 AirflowContextDeprecationWarning: Accessing 'prev_ds' from the template is deprecated and will be removed in a future version.
[2022-01-13 23:15:03,579] {logging_mixin.py:109} WARNING - /home/data-eginner/Documents/Soccer_Data/env/lib/python3.8/site-packages/airflow/utils/context.py:152 AirflowContextDeprecationWarning: Accessing 'prev_ds_nodash' from the template is deprecated and will be removed in a future version.
[2022-01-13 23:15:03,580] {logging_mixin.py:109} WARNING - /home/data-eginner/Documents/Soccer_Data/env/lib/python3.8/site-packages/airflow/utils/context.py:152 AirflowContextDeprecationWarning: Accessing 'prev_execution_date' from the template is deprecated and will be removed in a future version.
[2022-01-13 23:15:03,580] {logging_mixin.py:109} WARNING - /home/data-eginner/Documents/Soccer_Data/env/lib/python3.8/site-packages/airflow/utils/context.py:152 AirflowContextDeprecationWarning: Accessing 'prev_execution_date_success' from the template is deprecated and will be removed in a future version. Please use 'prev_data_interval_start_success' instead.
[2022-01-13 23:15:03,618] {logging_mixin.py:109} WARNING - /home/data-eginner/Documents/Soccer_Data/env/lib/python3.8/site-packages/airflow/utils/context.py:152 AirflowContextDeprecationWarning: Accessing 'tomorrow_ds' from the template is deprecated and will be removed in a future version.
[2022-01-13 23:15:03,619] {logging_mixin.py:109} WARNING - /home/data-eginner/Documents/Soccer_Data/env/lib/python3.8/site-packages/airflow/utils/context.py:152 AirflowContextDeprecationWarning: Accessing 'tomorrow_ds_nodash' from the template is deprecated and will be removed in a future version.
[2022-01-13 23:15:03,619] {logging_mixin.py:109} WARNING - /home/data-eginner/Documents/Soccer_Data/env/lib/python3.8/site-packages/airflow/utils/context.py:152 AirflowContextDeprecationWarning: Accessing 'yesterday_ds' from the template is deprecated and will be removed in a future version.
[2022-01-13 23:15:03,620] {logging_mixin.py:109} WARNING - /home/data-eginner/Documents/Soccer_Data/env/lib/python3.8/site-packages/airflow/utils/context.py:152 AirflowContextDeprecationWarning: Accessing 'yesterday_ds_nodash' from the template is deprecated and will be removed in a future version.
[2022-01-13 23:15:03,621] {logging_mixin.py:109} INFO - {'conf': <airflow.configuration.AirflowConfigParser object at 0x7f8c26e6b610>,
 'conn': None,
 'dag': <DAG: example_python_operator>,
 'dag_run': <DagRun example_python_operator @ 2022-01-14 02:14:55.376887+00:00: manual__2022-01-14T02:14:55.376887+00:00, externally triggered: True>,
 'data_interval_end': DateTime(2022, 1, 14, 2, 14, 55, 376887, tzinfo=Timezone('UTC')),
 'data_interval_start': DateTime(2022, 1, 14, 2, 14, 55, 376887, tzinfo=Timezone('UTC')),
 'ds_nodash': '20220114',
 'execution_date': DateTime(2022, 1, 14, 2, 14, 55, 376887, tzinfo=Timezone('UTC')),
 'inlets': [],
 'logical_date': DateTime(2022, 1, 14, 2, 14, 55, 376887, tzinfo=Timezone('UTC')),
 'macros': <module 'airflow.macros' from '/home/data-eginner/Documents/Soccer_Data/env/lib/python3.8/site-packages/airflow/macros/__init__.py'>,
 'next_ds': '2022-01-14',
 'next_ds_nodash': '20220114',
 'next_execution_date': DateTime(2022, 1, 14, 2, 14, 55, 376887, tzinfo=Timezone('UTC')),
 'outlets': [],
 'params': {},
 'prev_data_interval_end_success': None,
 'prev_data_interval_start_success': None,
 'prev_ds': '2022-01-14',
 'prev_ds_nodash': '20220114',
 'prev_execution_date': DateTime(2022, 1, 14, 2, 14, 55, 376887, tzinfo=Timezone('UTC')),
 'prev_execution_date_success': None,
 'prev_start_date_success': None,
 'run_id': 'manual__2022-01-14T02:14:55.376887+00:00',
 'task': <Task(_PythonDecoratedOperator): print_the_context>,
 'task_instance': <TaskInstance: example_python_operator.print_the_context manual__2022-01-14T02:14:55.376887+00:00 [running]>,
 'task_instance_key_str': 'example_python_operator__print_the_context__20220114',
 'templates_dict': None,
 'test_mode': False,
 'ti': <TaskInstance: example_python_operator.print_the_context manual__2022-01-14T02:14:55.376887+00:00 [running]>,
 'tomorrow_ds': '2022-01-15',
 'tomorrow_ds_nodash': '20220115',
 'ts': '2022-01-14T02:14:55.376887+00:00',
 'ts_nodash': '20220114T021455',
 'ts_nodash_with_tz': '20220114T021455.376887+0000',
 'var': {'json': None, 'value': None},
 'yesterday_ds': '2022-01-13',
 'yesterday_ds_nodash': '20220113'}
[2022-01-13 23:15:03,621] {logging_mixin.py:109} INFO - 2022-01-14
[2022-01-13 23:15:03,621] {python.py:175} INFO - Done. Returned value was: Whatever you return gets printed in the logs
[2022-01-13 23:15:03,660] {taskinstance.py:1267} INFO - Marking task as SUCCESS. dag_id=example_python_operator, task_id=print_the_context, execution_date=20220114T021455, start_date=20220114T021502, end_date=20220114T021503
[2022-01-13 23:15:03,734] {local_task_job.py:154} INFO - Task exited with return code 0
[2022-01-13 23:15:03,837] {local_task_job.py:264} INFO - 5 downstream tasks scheduled from follow-on schedule check
