[2022-01-28 22:07:55,938] {taskinstance.py:1032} INFO - Dependencies all met for <TaskInstance: extract_stat_players.push_func manual__2022-01-29T01:07:51.466568+00:00 [queued]>
[2022-01-28 22:07:55,948] {taskinstance.py:1032} INFO - Dependencies all met for <TaskInstance: extract_stat_players.push_func manual__2022-01-29T01:07:51.466568+00:00 [queued]>
[2022-01-28 22:07:55,948] {taskinstance.py:1238} INFO - 
--------------------------------------------------------------------------------
[2022-01-28 22:07:55,949] {taskinstance.py:1239} INFO - Starting attempt 1 of 2
[2022-01-28 22:07:55,949] {taskinstance.py:1240} INFO - 
--------------------------------------------------------------------------------
[2022-01-28 22:07:55,967] {taskinstance.py:1259} INFO - Executing <Task(PythonOperator): push_func> on 2022-01-29 01:07:51.466568+00:00
[2022-01-28 22:07:55,970] {standard_task_runner.py:52} INFO - Started process 27423 to run task
[2022-01-28 22:07:55,976] {standard_task_runner.py:76} INFO - Running: ['airflow', 'tasks', 'run', 'extract_stat_players', 'push_func', 'manual__2022-01-29T01:07:51.466568+00:00', '--job-id', '63', '--raw', '--subdir', '/home/data-eginner/Documents/Soccer_Data/airflow/dags/teste.py', '--cfg-path', '/tmp/tmpbo64ahhu', '--error-file', '/tmp/tmpipgl4bd5']
[2022-01-28 22:07:55,976] {standard_task_runner.py:77} INFO - Job 63: Subtask push_func
[2022-01-28 22:07:56,111] {logging_mixin.py:109} INFO - Running <TaskInstance: extract_stat_players.push_func manual__2022-01-29T01:07:51.466568+00:00 [running]> on host dataeginner-VirtualBox
[2022-01-28 22:07:56,210] {taskinstance.py:1424} INFO - Exporting the following env vars:
AIRFLOW_CTX_DAG_EMAIL=airflow@example.com
AIRFLOW_CTX_DAG_OWNER=airflow
AIRFLOW_CTX_DAG_ID=extract_stat_players
AIRFLOW_CTX_TASK_ID=push_func
AIRFLOW_CTX_EXECUTION_DATE=2022-01-29T01:07:51.466568+00:00
AIRFLOW_CTX_DAG_RUN_ID=manual__2022-01-29T01:07:51.466568+00:00
[2022-01-28 22:07:56,210] {python.py:175} INFO - Done. Returned value was: [{'code_ligue': 9, 'name_ligue': 'Premier-League-Stats', 'table_name': 'premier_ligue_players'}]
[2022-01-28 22:07:56,245] {taskinstance.py:1267} INFO - Marking task as SUCCESS. dag_id=extract_stat_players, task_id=push_func, execution_date=20220129T010751, start_date=20220129T010755, end_date=20220129T010756
[2022-01-28 22:07:56,310] {local_task_job.py:154} INFO - Task exited with return code 0
[2022-01-28 22:07:56,366] {local_task_job.py:264} INFO - 1 downstream tasks scheduled from follow-on schedule check
