[2022-01-21 21:00:03,130] {processor.py:163} INFO - Started process (PID=110438) to work on /home/data-eginner/Documents/Soccer_Data/env/lib/python3.8/site-packages/airflow/example_dags/subdags/subdag.py
[2022-01-21 21:00:03,131] {processor.py:642} INFO - Processing file /home/data-eginner/Documents/Soccer_Data/env/lib/python3.8/site-packages/airflow/example_dags/subdags/subdag.py for tasks to queue
[2022-01-21 21:00:03,132] {logging_mixin.py:109} INFO - [2022-01-21 21:00:03,131] {dagbag.py:500} INFO - Filling up the DagBag from /home/data-eginner/Documents/Soccer_Data/env/lib/python3.8/site-packages/airflow/example_dags/subdags/subdag.py
[2022-01-21 21:00:03,201] {processor.py:656} WARNING - No viable dags retrieved from /home/data-eginner/Documents/Soccer_Data/env/lib/python3.8/site-packages/airflow/example_dags/subdags/subdag.py
[2022-01-21 21:00:03,203] {processor.py:171} INFO - Processing /home/data-eginner/Documents/Soccer_Data/env/lib/python3.8/site-packages/airflow/example_dags/subdags/subdag.py took 0.077 seconds
[2022-01-21 21:00:44,636] {processor.py:163} INFO - Started process (PID=110674) to work on /home/data-eginner/Documents/Soccer_Data/env/lib/python3.8/site-packages/airflow/example_dags/subdags/subdag.py
[2022-01-21 21:00:44,681] {processor.py:642} INFO - Processing file /home/data-eginner/Documents/Soccer_Data/env/lib/python3.8/site-packages/airflow/example_dags/subdags/subdag.py for tasks to queue
[2022-01-21 21:00:44,682] {logging_mixin.py:109} INFO - [2022-01-21 21:00:44,682] {dagbag.py:500} INFO - Filling up the DagBag from /home/data-eginner/Documents/Soccer_Data/env/lib/python3.8/site-packages/airflow/example_dags/subdags/subdag.py
[2022-01-21 21:00:44,760] {processor.py:656} WARNING - No viable dags retrieved from /home/data-eginner/Documents/Soccer_Data/env/lib/python3.8/site-packages/airflow/example_dags/subdags/subdag.py
[2022-01-21 21:00:44,763] {processor.py:171} INFO - Processing /home/data-eginner/Documents/Soccer_Data/env/lib/python3.8/site-packages/airflow/example_dags/subdags/subdag.py took 0.130 seconds
[2022-01-21 21:01:23,646] {processor.py:163} INFO - Started process (PID=110860) to work on /home/data-eginner/Documents/Soccer_Data/env/lib/python3.8/site-packages/airflow/example_dags/subdags/subdag.py
[2022-01-21 21:01:23,668] {processor.py:642} INFO - Processing file /home/data-eginner/Documents/Soccer_Data/env/lib/python3.8/site-packages/airflow/example_dags/subdags/subdag.py for tasks to queue
[2022-01-21 21:01:23,668] {logging_mixin.py:109} INFO - [2022-01-21 21:01:23,668] {dagbag.py:500} INFO - Filling up the DagBag from /home/data-eginner/Documents/Soccer_Data/env/lib/python3.8/site-packages/airflow/example_dags/subdags/subdag.py
[2022-01-21 21:01:23,681] {processor.py:656} WARNING - No viable dags retrieved from /home/data-eginner/Documents/Soccer_Data/env/lib/python3.8/site-packages/airflow/example_dags/subdags/subdag.py
[2022-01-21 21:01:23,683] {processor.py:171} INFO - Processing /home/data-eginner/Documents/Soccer_Data/env/lib/python3.8/site-packages/airflow/example_dags/subdags/subdag.py took 0.039 seconds
[2022-01-21 21:02:00,263] {processor.py:163} INFO - Started process (PID=111022) to work on /home/data-eginner/Documents/Soccer_Data/env/lib/python3.8/site-packages/airflow/example_dags/subdags/subdag.py
[2022-01-21 21:02:00,293] {processor.py:642} INFO - Processing file /home/data-eginner/Documents/Soccer_Data/env/lib/python3.8/site-packages/airflow/example_dags/subdags/subdag.py for tasks to queue
[2022-01-21 21:02:00,293] {logging_mixin.py:109} INFO - [2022-01-21 21:02:00,293] {dagbag.py:500} INFO - Filling up the DagBag from /home/data-eginner/Documents/Soccer_Data/env/lib/python3.8/site-packages/airflow/example_dags/subdags/subdag.py
[2022-01-21 21:02:00,334] {processor.py:656} WARNING - No viable dags retrieved from /home/data-eginner/Documents/Soccer_Data/env/lib/python3.8/site-packages/airflow/example_dags/subdags/subdag.py
[2022-01-21 21:02:00,337] {processor.py:171} INFO - Processing /home/data-eginner/Documents/Soccer_Data/env/lib/python3.8/site-packages/airflow/example_dags/subdags/subdag.py took 0.086 seconds
[2022-01-21 21:02:39,408] {processor.py:163} INFO - Started process (PID=111224) to work on /home/data-eginner/Documents/Soccer_Data/env/lib/python3.8/site-packages/airflow/example_dags/subdags/subdag.py
[2022-01-21 21:02:39,435] {processor.py:642} INFO - Processing file /home/data-eginner/Documents/Soccer_Data/env/lib/python3.8/site-packages/airflow/example_dags/subdags/subdag.py for tasks to queue
[2022-01-21 21:02:39,435] {logging_mixin.py:109} INFO - [2022-01-21 21:02:39,435] {dagbag.py:500} INFO - Filling up the DagBag from /home/data-eginner/Documents/Soccer_Data/env/lib/python3.8/site-packages/airflow/example_dags/subdags/subdag.py
[2022-01-21 21:02:39,496] {processor.py:656} WARNING - No viable dags retrieved from /home/data-eginner/Documents/Soccer_Data/env/lib/python3.8/site-packages/airflow/example_dags/subdags/subdag.py
[2022-01-21 21:02:39,512] {processor.py:171} INFO - Processing /home/data-eginner/Documents/Soccer_Data/env/lib/python3.8/site-packages/airflow/example_dags/subdags/subdag.py took 0.107 seconds
[2022-01-21 21:03:35,122] {processor.py:163} INFO - Started process (PID=111466) to work on /home/data-eginner/Documents/Soccer_Data/env/lib/python3.8/site-packages/airflow/example_dags/subdags/subdag.py
[2022-01-21 21:03:35,125] {processor.py:642} INFO - Processing file /home/data-eginner/Documents/Soccer_Data/env/lib/python3.8/site-packages/airflow/example_dags/subdags/subdag.py for tasks to queue
[2022-01-21 21:03:35,126] {logging_mixin.py:109} INFO - [2022-01-21 21:03:35,125] {dagbag.py:500} INFO - Filling up the DagBag from /home/data-eginner/Documents/Soccer_Data/env/lib/python3.8/site-packages/airflow/example_dags/subdags/subdag.py
[2022-01-21 21:03:35,138] {processor.py:656} WARNING - No viable dags retrieved from /home/data-eginner/Documents/Soccer_Data/env/lib/python3.8/site-packages/airflow/example_dags/subdags/subdag.py
[2022-01-21 21:03:35,140] {processor.py:171} INFO - Processing /home/data-eginner/Documents/Soccer_Data/env/lib/python3.8/site-packages/airflow/example_dags/subdags/subdag.py took 0.023 seconds
[2022-01-21 21:04:11,715] {processor.py:163} INFO - Started process (PID=111664) to work on /home/data-eginner/Documents/Soccer_Data/env/lib/python3.8/site-packages/airflow/example_dags/subdags/subdag.py
[2022-01-21 21:04:11,722] {processor.py:642} INFO - Processing file /home/data-eginner/Documents/Soccer_Data/env/lib/python3.8/site-packages/airflow/example_dags/subdags/subdag.py for tasks to queue
[2022-01-21 21:04:11,723] {logging_mixin.py:109} INFO - [2022-01-21 21:04:11,723] {dagbag.py:500} INFO - Filling up the DagBag from /home/data-eginner/Documents/Soccer_Data/env/lib/python3.8/site-packages/airflow/example_dags/subdags/subdag.py
[2022-01-21 21:04:11,757] {processor.py:656} WARNING - No viable dags retrieved from /home/data-eginner/Documents/Soccer_Data/env/lib/python3.8/site-packages/airflow/example_dags/subdags/subdag.py
[2022-01-21 21:04:11,762] {processor.py:171} INFO - Processing /home/data-eginner/Documents/Soccer_Data/env/lib/python3.8/site-packages/airflow/example_dags/subdags/subdag.py took 0.054 seconds
[2022-01-21 21:04:52,775] {processor.py:163} INFO - Started process (PID=111879) to work on /home/data-eginner/Documents/Soccer_Data/env/lib/python3.8/site-packages/airflow/example_dags/subdags/subdag.py
[2022-01-21 21:04:52,776] {processor.py:642} INFO - Processing file /home/data-eginner/Documents/Soccer_Data/env/lib/python3.8/site-packages/airflow/example_dags/subdags/subdag.py for tasks to queue
[2022-01-21 21:04:52,777] {logging_mixin.py:109} INFO - [2022-01-21 21:04:52,777] {dagbag.py:500} INFO - Filling up the DagBag from /home/data-eginner/Documents/Soccer_Data/env/lib/python3.8/site-packages/airflow/example_dags/subdags/subdag.py
[2022-01-21 21:04:52,789] {processor.py:656} WARNING - No viable dags retrieved from /home/data-eginner/Documents/Soccer_Data/env/lib/python3.8/site-packages/airflow/example_dags/subdags/subdag.py
[2022-01-21 21:04:52,790] {processor.py:171} INFO - Processing /home/data-eginner/Documents/Soccer_Data/env/lib/python3.8/site-packages/airflow/example_dags/subdags/subdag.py took 0.019 seconds
[2022-01-21 21:05:25,954] {processor.py:163} INFO - Started process (PID=112052) to work on /home/data-eginner/Documents/Soccer_Data/env/lib/python3.8/site-packages/airflow/example_dags/subdags/subdag.py
[2022-01-21 21:05:25,957] {processor.py:642} INFO - Processing file /home/data-eginner/Documents/Soccer_Data/env/lib/python3.8/site-packages/airflow/example_dags/subdags/subdag.py for tasks to queue
[2022-01-21 21:05:25,957] {logging_mixin.py:109} INFO - [2022-01-21 21:05:25,957] {dagbag.py:500} INFO - Filling up the DagBag from /home/data-eginner/Documents/Soccer_Data/env/lib/python3.8/site-packages/airflow/example_dags/subdags/subdag.py
[2022-01-21 21:05:25,974] {processor.py:656} WARNING - No viable dags retrieved from /home/data-eginner/Documents/Soccer_Data/env/lib/python3.8/site-packages/airflow/example_dags/subdags/subdag.py
[2022-01-21 21:05:25,976] {processor.py:171} INFO - Processing /home/data-eginner/Documents/Soccer_Data/env/lib/python3.8/site-packages/airflow/example_dags/subdags/subdag.py took 0.027 seconds
[2022-01-21 21:06:04,744] {processor.py:163} INFO - Started process (PID=112249) to work on /home/data-eginner/Documents/Soccer_Data/env/lib/python3.8/site-packages/airflow/example_dags/subdags/subdag.py
[2022-01-21 21:06:04,747] {processor.py:642} INFO - Processing file /home/data-eginner/Documents/Soccer_Data/env/lib/python3.8/site-packages/airflow/example_dags/subdags/subdag.py for tasks to queue
[2022-01-21 21:06:04,747] {logging_mixin.py:109} INFO - [2022-01-21 21:06:04,747] {dagbag.py:500} INFO - Filling up the DagBag from /home/data-eginner/Documents/Soccer_Data/env/lib/python3.8/site-packages/airflow/example_dags/subdags/subdag.py
[2022-01-21 21:06:04,760] {processor.py:656} WARNING - No viable dags retrieved from /home/data-eginner/Documents/Soccer_Data/env/lib/python3.8/site-packages/airflow/example_dags/subdags/subdag.py
[2022-01-21 21:06:04,762] {processor.py:171} INFO - Processing /home/data-eginner/Documents/Soccer_Data/env/lib/python3.8/site-packages/airflow/example_dags/subdags/subdag.py took 0.024 seconds
[2022-01-21 21:06:40,745] {processor.py:163} INFO - Started process (PID=112441) to work on /home/data-eginner/Documents/Soccer_Data/env/lib/python3.8/site-packages/airflow/example_dags/subdags/subdag.py
[2022-01-21 21:06:40,748] {processor.py:642} INFO - Processing file /home/data-eginner/Documents/Soccer_Data/env/lib/python3.8/site-packages/airflow/example_dags/subdags/subdag.py for tasks to queue
[2022-01-21 21:06:40,749] {logging_mixin.py:109} INFO - [2022-01-21 21:06:40,749] {dagbag.py:500} INFO - Filling up the DagBag from /home/data-eginner/Documents/Soccer_Data/env/lib/python3.8/site-packages/airflow/example_dags/subdags/subdag.py
[2022-01-21 21:06:40,766] {processor.py:656} WARNING - No viable dags retrieved from /home/data-eginner/Documents/Soccer_Data/env/lib/python3.8/site-packages/airflow/example_dags/subdags/subdag.py
[2022-01-21 21:06:40,770] {processor.py:171} INFO - Processing /home/data-eginner/Documents/Soccer_Data/env/lib/python3.8/site-packages/airflow/example_dags/subdags/subdag.py took 0.030 seconds
[2022-01-21 21:07:16,927] {processor.py:163} INFO - Started process (PID=112624) to work on /home/data-eginner/Documents/Soccer_Data/env/lib/python3.8/site-packages/airflow/example_dags/subdags/subdag.py
[2022-01-21 21:07:16,934] {processor.py:642} INFO - Processing file /home/data-eginner/Documents/Soccer_Data/env/lib/python3.8/site-packages/airflow/example_dags/subdags/subdag.py for tasks to queue
[2022-01-21 21:07:16,936] {logging_mixin.py:109} INFO - [2022-01-21 21:07:16,936] {dagbag.py:500} INFO - Filling up the DagBag from /home/data-eginner/Documents/Soccer_Data/env/lib/python3.8/site-packages/airflow/example_dags/subdags/subdag.py
[2022-01-21 21:07:16,973] {processor.py:656} WARNING - No viable dags retrieved from /home/data-eginner/Documents/Soccer_Data/env/lib/python3.8/site-packages/airflow/example_dags/subdags/subdag.py
[2022-01-21 21:07:16,977] {processor.py:171} INFO - Processing /home/data-eginner/Documents/Soccer_Data/env/lib/python3.8/site-packages/airflow/example_dags/subdags/subdag.py took 0.064 seconds
[2022-01-21 21:07:50,257] {processor.py:163} INFO - Started process (PID=112825) to work on /home/data-eginner/Documents/Soccer_Data/env/lib/python3.8/site-packages/airflow/example_dags/subdags/subdag.py
[2022-01-21 21:07:50,277] {processor.py:642} INFO - Processing file /home/data-eginner/Documents/Soccer_Data/env/lib/python3.8/site-packages/airflow/example_dags/subdags/subdag.py for tasks to queue
[2022-01-21 21:07:50,278] {logging_mixin.py:109} INFO - [2022-01-21 21:07:50,278] {dagbag.py:500} INFO - Filling up the DagBag from /home/data-eginner/Documents/Soccer_Data/env/lib/python3.8/site-packages/airflow/example_dags/subdags/subdag.py
[2022-01-21 21:07:50,291] {processor.py:656} WARNING - No viable dags retrieved from /home/data-eginner/Documents/Soccer_Data/env/lib/python3.8/site-packages/airflow/example_dags/subdags/subdag.py
[2022-01-21 21:07:50,293] {processor.py:171} INFO - Processing /home/data-eginner/Documents/Soccer_Data/env/lib/python3.8/site-packages/airflow/example_dags/subdags/subdag.py took 0.040 seconds
