[2022-01-13 23:03:58,062] {processor.py:163} INFO - Started process (PID=23887) to work on /home/data-eginner/Documents/Soccer_Data/env/lib/python3.8/site-packages/airflow/example_dags/subdags/subdag.py
[2022-01-13 23:03:58,063] {processor.py:642} INFO - Processing file /home/data-eginner/Documents/Soccer_Data/env/lib/python3.8/site-packages/airflow/example_dags/subdags/subdag.py for tasks to queue
[2022-01-13 23:03:58,063] {logging_mixin.py:109} INFO - [2022-01-13 23:03:58,063] {dagbag.py:500} INFO - Filling up the DagBag from /home/data-eginner/Documents/Soccer_Data/env/lib/python3.8/site-packages/airflow/example_dags/subdags/subdag.py
[2022-01-13 23:03:58,072] {processor.py:656} WARNING - No viable dags retrieved from /home/data-eginner/Documents/Soccer_Data/env/lib/python3.8/site-packages/airflow/example_dags/subdags/subdag.py
[2022-01-13 23:03:58,073] {processor.py:171} INFO - Processing /home/data-eginner/Documents/Soccer_Data/env/lib/python3.8/site-packages/airflow/example_dags/subdags/subdag.py took 0.014 seconds
[2022-01-13 23:04:42,530] {processor.py:163} INFO - Started process (PID=24107) to work on /home/data-eginner/Documents/Soccer_Data/env/lib/python3.8/site-packages/airflow/example_dags/subdags/subdag.py
[2022-01-13 23:04:42,535] {processor.py:642} INFO - Processing file /home/data-eginner/Documents/Soccer_Data/env/lib/python3.8/site-packages/airflow/example_dags/subdags/subdag.py for tasks to queue
[2022-01-13 23:04:42,535] {logging_mixin.py:109} INFO - [2022-01-13 23:04:42,535] {dagbag.py:500} INFO - Filling up the DagBag from /home/data-eginner/Documents/Soccer_Data/env/lib/python3.8/site-packages/airflow/example_dags/subdags/subdag.py
[2022-01-13 23:04:42,545] {processor.py:656} WARNING - No viable dags retrieved from /home/data-eginner/Documents/Soccer_Data/env/lib/python3.8/site-packages/airflow/example_dags/subdags/subdag.py
[2022-01-13 23:04:42,547] {processor.py:171} INFO - Processing /home/data-eginner/Documents/Soccer_Data/env/lib/python3.8/site-packages/airflow/example_dags/subdags/subdag.py took 0.021 seconds
[2022-01-13 23:05:20,612] {processor.py:163} INFO - Started process (PID=24437) to work on /home/data-eginner/Documents/Soccer_Data/env/lib/python3.8/site-packages/airflow/example_dags/subdags/subdag.py
[2022-01-13 23:05:20,625] {processor.py:642} INFO - Processing file /home/data-eginner/Documents/Soccer_Data/env/lib/python3.8/site-packages/airflow/example_dags/subdags/subdag.py for tasks to queue
[2022-01-13 23:05:20,625] {logging_mixin.py:109} INFO - [2022-01-13 23:05:20,625] {dagbag.py:500} INFO - Filling up the DagBag from /home/data-eginner/Documents/Soccer_Data/env/lib/python3.8/site-packages/airflow/example_dags/subdags/subdag.py
[2022-01-13 23:05:20,663] {processor.py:656} WARNING - No viable dags retrieved from /home/data-eginner/Documents/Soccer_Data/env/lib/python3.8/site-packages/airflow/example_dags/subdags/subdag.py
[2022-01-13 23:05:20,730] {processor.py:171} INFO - Processing /home/data-eginner/Documents/Soccer_Data/env/lib/python3.8/site-packages/airflow/example_dags/subdags/subdag.py took 0.144 seconds
[2022-01-13 23:05:56,747] {processor.py:163} INFO - Started process (PID=24645) to work on /home/data-eginner/Documents/Soccer_Data/env/lib/python3.8/site-packages/airflow/example_dags/subdags/subdag.py
[2022-01-13 23:05:56,749] {processor.py:642} INFO - Processing file /home/data-eginner/Documents/Soccer_Data/env/lib/python3.8/site-packages/airflow/example_dags/subdags/subdag.py for tasks to queue
[2022-01-13 23:05:56,750] {logging_mixin.py:109} INFO - [2022-01-13 23:05:56,750] {dagbag.py:500} INFO - Filling up the DagBag from /home/data-eginner/Documents/Soccer_Data/env/lib/python3.8/site-packages/airflow/example_dags/subdags/subdag.py
[2022-01-13 23:05:56,763] {processor.py:656} WARNING - No viable dags retrieved from /home/data-eginner/Documents/Soccer_Data/env/lib/python3.8/site-packages/airflow/example_dags/subdags/subdag.py
[2022-01-13 23:05:56,766] {processor.py:171} INFO - Processing /home/data-eginner/Documents/Soccer_Data/env/lib/python3.8/site-packages/airflow/example_dags/subdags/subdag.py took 0.021 seconds
[2022-01-13 23:06:37,813] {processor.py:163} INFO - Started process (PID=24831) to work on /home/data-eginner/Documents/Soccer_Data/env/lib/python3.8/site-packages/airflow/example_dags/subdags/subdag.py
[2022-01-13 23:06:37,816] {processor.py:642} INFO - Processing file /home/data-eginner/Documents/Soccer_Data/env/lib/python3.8/site-packages/airflow/example_dags/subdags/subdag.py for tasks to queue
[2022-01-13 23:06:37,818] {logging_mixin.py:109} INFO - [2022-01-13 23:06:37,817] {dagbag.py:500} INFO - Filling up the DagBag from /home/data-eginner/Documents/Soccer_Data/env/lib/python3.8/site-packages/airflow/example_dags/subdags/subdag.py
[2022-01-13 23:06:37,881] {processor.py:656} WARNING - No viable dags retrieved from /home/data-eginner/Documents/Soccer_Data/env/lib/python3.8/site-packages/airflow/example_dags/subdags/subdag.py
[2022-01-13 23:06:37,907] {processor.py:171} INFO - Processing /home/data-eginner/Documents/Soccer_Data/env/lib/python3.8/site-packages/airflow/example_dags/subdags/subdag.py took 0.099 seconds
[2022-01-13 23:07:16,645] {processor.py:163} INFO - Started process (PID=24990) to work on /home/data-eginner/Documents/Soccer_Data/env/lib/python3.8/site-packages/airflow/example_dags/subdags/subdag.py
[2022-01-13 23:07:16,647] {processor.py:642} INFO - Processing file /home/data-eginner/Documents/Soccer_Data/env/lib/python3.8/site-packages/airflow/example_dags/subdags/subdag.py for tasks to queue
[2022-01-13 23:07:16,648] {logging_mixin.py:109} INFO - [2022-01-13 23:07:16,648] {dagbag.py:500} INFO - Filling up the DagBag from /home/data-eginner/Documents/Soccer_Data/env/lib/python3.8/site-packages/airflow/example_dags/subdags/subdag.py
[2022-01-13 23:07:16,666] {processor.py:656} WARNING - No viable dags retrieved from /home/data-eginner/Documents/Soccer_Data/env/lib/python3.8/site-packages/airflow/example_dags/subdags/subdag.py
[2022-01-13 23:07:16,668] {processor.py:171} INFO - Processing /home/data-eginner/Documents/Soccer_Data/env/lib/python3.8/site-packages/airflow/example_dags/subdags/subdag.py took 0.039 seconds
[2022-01-13 23:10:05,520] {processor.py:163} INFO - Started process (PID=25114) to work on /home/data-eginner/Documents/Soccer_Data/env/lib/python3.8/site-packages/airflow/example_dags/subdags/subdag.py
[2022-01-13 23:10:05,556] {processor.py:642} INFO - Processing file /home/data-eginner/Documents/Soccer_Data/env/lib/python3.8/site-packages/airflow/example_dags/subdags/subdag.py for tasks to queue
[2022-01-13 23:10:05,557] {logging_mixin.py:109} INFO - [2022-01-13 23:10:05,557] {dagbag.py:500} INFO - Filling up the DagBag from /home/data-eginner/Documents/Soccer_Data/env/lib/python3.8/site-packages/airflow/example_dags/subdags/subdag.py
[2022-01-13 23:10:05,579] {processor.py:656} WARNING - No viable dags retrieved from /home/data-eginner/Documents/Soccer_Data/env/lib/python3.8/site-packages/airflow/example_dags/subdags/subdag.py
[2022-01-13 23:10:05,581] {processor.py:171} INFO - Processing /home/data-eginner/Documents/Soccer_Data/env/lib/python3.8/site-packages/airflow/example_dags/subdags/subdag.py took 0.064 seconds
[2022-01-13 23:11:00,063] {processor.py:163} INFO - Started process (PID=25332) to work on /home/data-eginner/Documents/Soccer_Data/env/lib/python3.8/site-packages/airflow/example_dags/subdags/subdag.py
[2022-01-13 23:11:00,065] {processor.py:642} INFO - Processing file /home/data-eginner/Documents/Soccer_Data/env/lib/python3.8/site-packages/airflow/example_dags/subdags/subdag.py for tasks to queue
[2022-01-13 23:11:00,065] {logging_mixin.py:109} INFO - [2022-01-13 23:11:00,065] {dagbag.py:500} INFO - Filling up the DagBag from /home/data-eginner/Documents/Soccer_Data/env/lib/python3.8/site-packages/airflow/example_dags/subdags/subdag.py
[2022-01-13 23:11:00,118] {processor.py:656} WARNING - No viable dags retrieved from /home/data-eginner/Documents/Soccer_Data/env/lib/python3.8/site-packages/airflow/example_dags/subdags/subdag.py
[2022-01-13 23:11:00,137] {processor.py:171} INFO - Processing /home/data-eginner/Documents/Soccer_Data/env/lib/python3.8/site-packages/airflow/example_dags/subdags/subdag.py took 0.092 seconds
[2022-01-13 23:13:28,086] {processor.py:163} INFO - Started process (PID=25513) to work on /home/data-eginner/Documents/Soccer_Data/env/lib/python3.8/site-packages/airflow/example_dags/subdags/subdag.py
[2022-01-13 23:13:28,116] {processor.py:642} INFO - Processing file /home/data-eginner/Documents/Soccer_Data/env/lib/python3.8/site-packages/airflow/example_dags/subdags/subdag.py for tasks to queue
[2022-01-13 23:13:28,116] {logging_mixin.py:109} INFO - [2022-01-13 23:13:28,116] {dagbag.py:500} INFO - Filling up the DagBag from /home/data-eginner/Documents/Soccer_Data/env/lib/python3.8/site-packages/airflow/example_dags/subdags/subdag.py
[2022-01-13 23:13:28,137] {processor.py:656} WARNING - No viable dags retrieved from /home/data-eginner/Documents/Soccer_Data/env/lib/python3.8/site-packages/airflow/example_dags/subdags/subdag.py
[2022-01-13 23:13:28,139] {processor.py:171} INFO - Processing /home/data-eginner/Documents/Soccer_Data/env/lib/python3.8/site-packages/airflow/example_dags/subdags/subdag.py took 0.056 seconds
[2022-01-13 23:14:23,619] {processor.py:163} INFO - Started process (PID=25739) to work on /home/data-eginner/Documents/Soccer_Data/env/lib/python3.8/site-packages/airflow/example_dags/subdags/subdag.py
[2022-01-13 23:14:23,637] {processor.py:642} INFO - Processing file /home/data-eginner/Documents/Soccer_Data/env/lib/python3.8/site-packages/airflow/example_dags/subdags/subdag.py for tasks to queue
[2022-01-13 23:14:23,637] {logging_mixin.py:109} INFO - [2022-01-13 23:14:23,637] {dagbag.py:500} INFO - Filling up the DagBag from /home/data-eginner/Documents/Soccer_Data/env/lib/python3.8/site-packages/airflow/example_dags/subdags/subdag.py
[2022-01-13 23:14:23,671] {processor.py:656} WARNING - No viable dags retrieved from /home/data-eginner/Documents/Soccer_Data/env/lib/python3.8/site-packages/airflow/example_dags/subdags/subdag.py
[2022-01-13 23:14:23,673] {processor.py:171} INFO - Processing /home/data-eginner/Documents/Soccer_Data/env/lib/python3.8/site-packages/airflow/example_dags/subdags/subdag.py took 0.086 seconds
[2022-01-13 23:15:39,975] {processor.py:163} INFO - Started process (PID=26045) to work on /home/data-eginner/Documents/Soccer_Data/env/lib/python3.8/site-packages/airflow/example_dags/subdags/subdag.py
[2022-01-13 23:15:39,983] {processor.py:642} INFO - Processing file /home/data-eginner/Documents/Soccer_Data/env/lib/python3.8/site-packages/airflow/example_dags/subdags/subdag.py for tasks to queue
[2022-01-13 23:15:39,983] {logging_mixin.py:109} INFO - [2022-01-13 23:15:39,983] {dagbag.py:500} INFO - Filling up the DagBag from /home/data-eginner/Documents/Soccer_Data/env/lib/python3.8/site-packages/airflow/example_dags/subdags/subdag.py
[2022-01-13 23:15:40,006] {processor.py:656} WARNING - No viable dags retrieved from /home/data-eginner/Documents/Soccer_Data/env/lib/python3.8/site-packages/airflow/example_dags/subdags/subdag.py
[2022-01-13 23:15:40,008] {processor.py:171} INFO - Processing /home/data-eginner/Documents/Soccer_Data/env/lib/python3.8/site-packages/airflow/example_dags/subdags/subdag.py took 0.036 seconds
[2022-01-13 23:16:13,355] {processor.py:163} INFO - Started process (PID=26179) to work on /home/data-eginner/Documents/Soccer_Data/env/lib/python3.8/site-packages/airflow/example_dags/subdags/subdag.py
[2022-01-13 23:16:13,373] {processor.py:642} INFO - Processing file /home/data-eginner/Documents/Soccer_Data/env/lib/python3.8/site-packages/airflow/example_dags/subdags/subdag.py for tasks to queue
[2022-01-13 23:16:13,374] {logging_mixin.py:109} INFO - [2022-01-13 23:16:13,374] {dagbag.py:500} INFO - Filling up the DagBag from /home/data-eginner/Documents/Soccer_Data/env/lib/python3.8/site-packages/airflow/example_dags/subdags/subdag.py
[2022-01-13 23:16:13,420] {processor.py:656} WARNING - No viable dags retrieved from /home/data-eginner/Documents/Soccer_Data/env/lib/python3.8/site-packages/airflow/example_dags/subdags/subdag.py
[2022-01-13 23:16:13,429] {processor.py:171} INFO - Processing /home/data-eginner/Documents/Soccer_Data/env/lib/python3.8/site-packages/airflow/example_dags/subdags/subdag.py took 0.077 seconds
