[2022-01-28 21:00:14,280] {processor.py:163} INFO - Started process (PID=18976) to work on /home/data-eginner/Documents/Soccer_Data/env/lib/python3.8/site-packages/airflow/example_dags/plugins/workday.py
[2022-01-28 21:00:14,281] {processor.py:642} INFO - Processing file /home/data-eginner/Documents/Soccer_Data/env/lib/python3.8/site-packages/airflow/example_dags/plugins/workday.py for tasks to queue
[2022-01-28 21:00:14,282] {logging_mixin.py:109} INFO - [2022-01-28 21:00:14,282] {dagbag.py:500} INFO - Filling up the DagBag from /home/data-eginner/Documents/Soccer_Data/env/lib/python3.8/site-packages/airflow/example_dags/plugins/workday.py
[2022-01-28 21:00:14,305] {processor.py:656} WARNING - No viable dags retrieved from /home/data-eginner/Documents/Soccer_Data/env/lib/python3.8/site-packages/airflow/example_dags/plugins/workday.py
[2022-01-28 21:00:14,307] {processor.py:171} INFO - Processing /home/data-eginner/Documents/Soccer_Data/env/lib/python3.8/site-packages/airflow/example_dags/plugins/workday.py took 0.062 seconds
[2022-01-28 21:07:57,589] {processor.py:163} INFO - Started process (PID=19673) to work on /home/data-eginner/Documents/Soccer_Data/env/lib/python3.8/site-packages/airflow/example_dags/plugins/workday.py
[2022-01-28 21:07:57,605] {processor.py:642} INFO - Processing file /home/data-eginner/Documents/Soccer_Data/env/lib/python3.8/site-packages/airflow/example_dags/plugins/workday.py for tasks to queue
[2022-01-28 21:07:57,606] {logging_mixin.py:109} INFO - [2022-01-28 21:07:57,606] {dagbag.py:500} INFO - Filling up the DagBag from /home/data-eginner/Documents/Soccer_Data/env/lib/python3.8/site-packages/airflow/example_dags/plugins/workday.py
[2022-01-28 21:07:57,631] {processor.py:656} WARNING - No viable dags retrieved from /home/data-eginner/Documents/Soccer_Data/env/lib/python3.8/site-packages/airflow/example_dags/plugins/workday.py
[2022-01-28 21:07:57,633] {processor.py:171} INFO - Processing /home/data-eginner/Documents/Soccer_Data/env/lib/python3.8/site-packages/airflow/example_dags/plugins/workday.py took 0.046 seconds
[2022-01-28 21:08:44,328] {processor.py:163} INFO - Started process (PID=19858) to work on /home/data-eginner/Documents/Soccer_Data/env/lib/python3.8/site-packages/airflow/example_dags/plugins/workday.py
[2022-01-28 21:08:44,342] {processor.py:642} INFO - Processing file /home/data-eginner/Documents/Soccer_Data/env/lib/python3.8/site-packages/airflow/example_dags/plugins/workday.py for tasks to queue
[2022-01-28 21:08:44,342] {logging_mixin.py:109} INFO - [2022-01-28 21:08:44,342] {dagbag.py:500} INFO - Filling up the DagBag from /home/data-eginner/Documents/Soccer_Data/env/lib/python3.8/site-packages/airflow/example_dags/plugins/workday.py
[2022-01-28 21:08:44,382] {processor.py:656} WARNING - No viable dags retrieved from /home/data-eginner/Documents/Soccer_Data/env/lib/python3.8/site-packages/airflow/example_dags/plugins/workday.py
[2022-01-28 21:08:44,385] {processor.py:171} INFO - Processing /home/data-eginner/Documents/Soccer_Data/env/lib/python3.8/site-packages/airflow/example_dags/plugins/workday.py took 0.070 seconds
[2022-01-28 21:09:33,204] {processor.py:163} INFO - Started process (PID=20038) to work on /home/data-eginner/Documents/Soccer_Data/env/lib/python3.8/site-packages/airflow/example_dags/plugins/workday.py
[2022-01-28 21:09:33,210] {processor.py:642} INFO - Processing file /home/data-eginner/Documents/Soccer_Data/env/lib/python3.8/site-packages/airflow/example_dags/plugins/workday.py for tasks to queue
[2022-01-28 21:09:33,211] {logging_mixin.py:109} INFO - [2022-01-28 21:09:33,210] {dagbag.py:500} INFO - Filling up the DagBag from /home/data-eginner/Documents/Soccer_Data/env/lib/python3.8/site-packages/airflow/example_dags/plugins/workday.py
[2022-01-28 21:09:33,236] {processor.py:656} WARNING - No viable dags retrieved from /home/data-eginner/Documents/Soccer_Data/env/lib/python3.8/site-packages/airflow/example_dags/plugins/workday.py
[2022-01-28 21:09:33,238] {processor.py:171} INFO - Processing /home/data-eginner/Documents/Soccer_Data/env/lib/python3.8/site-packages/airflow/example_dags/plugins/workday.py took 0.058 seconds
[2022-01-28 21:10:14,723] {processor.py:163} INFO - Started process (PID=20186) to work on /home/data-eginner/Documents/Soccer_Data/env/lib/python3.8/site-packages/airflow/example_dags/plugins/workday.py
[2022-01-28 21:10:14,734] {processor.py:642} INFO - Processing file /home/data-eginner/Documents/Soccer_Data/env/lib/python3.8/site-packages/airflow/example_dags/plugins/workday.py for tasks to queue
[2022-01-28 21:10:14,735] {logging_mixin.py:109} INFO - [2022-01-28 21:10:14,735] {dagbag.py:500} INFO - Filling up the DagBag from /home/data-eginner/Documents/Soccer_Data/env/lib/python3.8/site-packages/airflow/example_dags/plugins/workday.py
[2022-01-28 21:10:14,753] {processor.py:656} WARNING - No viable dags retrieved from /home/data-eginner/Documents/Soccer_Data/env/lib/python3.8/site-packages/airflow/example_dags/plugins/workday.py
[2022-01-28 21:10:14,757] {processor.py:171} INFO - Processing /home/data-eginner/Documents/Soccer_Data/env/lib/python3.8/site-packages/airflow/example_dags/plugins/workday.py took 0.037 seconds
[2022-01-28 21:10:53,328] {processor.py:163} INFO - Started process (PID=20350) to work on /home/data-eginner/Documents/Soccer_Data/env/lib/python3.8/site-packages/airflow/example_dags/plugins/workday.py
[2022-01-28 21:10:53,336] {processor.py:642} INFO - Processing file /home/data-eginner/Documents/Soccer_Data/env/lib/python3.8/site-packages/airflow/example_dags/plugins/workday.py for tasks to queue
[2022-01-28 21:10:53,337] {logging_mixin.py:109} INFO - [2022-01-28 21:10:53,337] {dagbag.py:500} INFO - Filling up the DagBag from /home/data-eginner/Documents/Soccer_Data/env/lib/python3.8/site-packages/airflow/example_dags/plugins/workday.py
[2022-01-28 21:10:53,356] {processor.py:656} WARNING - No viable dags retrieved from /home/data-eginner/Documents/Soccer_Data/env/lib/python3.8/site-packages/airflow/example_dags/plugins/workday.py
[2022-01-28 21:10:53,358] {processor.py:171} INFO - Processing /home/data-eginner/Documents/Soccer_Data/env/lib/python3.8/site-packages/airflow/example_dags/plugins/workday.py took 0.034 seconds
[2022-01-28 21:11:26,555] {processor.py:163} INFO - Started process (PID=20474) to work on /home/data-eginner/Documents/Soccer_Data/env/lib/python3.8/site-packages/airflow/example_dags/plugins/workday.py
[2022-01-28 21:11:26,563] {processor.py:642} INFO - Processing file /home/data-eginner/Documents/Soccer_Data/env/lib/python3.8/site-packages/airflow/example_dags/plugins/workday.py for tasks to queue
[2022-01-28 21:11:26,563] {logging_mixin.py:109} INFO - [2022-01-28 21:11:26,563] {dagbag.py:500} INFO - Filling up the DagBag from /home/data-eginner/Documents/Soccer_Data/env/lib/python3.8/site-packages/airflow/example_dags/plugins/workday.py
[2022-01-28 21:11:26,578] {processor.py:656} WARNING - No viable dags retrieved from /home/data-eginner/Documents/Soccer_Data/env/lib/python3.8/site-packages/airflow/example_dags/plugins/workday.py
[2022-01-28 21:11:26,580] {processor.py:171} INFO - Processing /home/data-eginner/Documents/Soccer_Data/env/lib/python3.8/site-packages/airflow/example_dags/plugins/workday.py took 0.027 seconds
[2022-01-28 21:12:05,383] {processor.py:163} INFO - Started process (PID=20630) to work on /home/data-eginner/Documents/Soccer_Data/env/lib/python3.8/site-packages/airflow/example_dags/plugins/workday.py
[2022-01-28 21:12:05,388] {processor.py:642} INFO - Processing file /home/data-eginner/Documents/Soccer_Data/env/lib/python3.8/site-packages/airflow/example_dags/plugins/workday.py for tasks to queue
[2022-01-28 21:12:05,389] {logging_mixin.py:109} INFO - [2022-01-28 21:12:05,389] {dagbag.py:500} INFO - Filling up the DagBag from /home/data-eginner/Documents/Soccer_Data/env/lib/python3.8/site-packages/airflow/example_dags/plugins/workday.py
[2022-01-28 21:12:05,404] {processor.py:656} WARNING - No viable dags retrieved from /home/data-eginner/Documents/Soccer_Data/env/lib/python3.8/site-packages/airflow/example_dags/plugins/workday.py
[2022-01-28 21:12:05,405] {processor.py:171} INFO - Processing /home/data-eginner/Documents/Soccer_Data/env/lib/python3.8/site-packages/airflow/example_dags/plugins/workday.py took 0.025 seconds
[2022-01-28 21:12:42,177] {processor.py:163} INFO - Started process (PID=20770) to work on /home/data-eginner/Documents/Soccer_Data/env/lib/python3.8/site-packages/airflow/example_dags/plugins/workday.py
[2022-01-28 21:12:42,183] {processor.py:642} INFO - Processing file /home/data-eginner/Documents/Soccer_Data/env/lib/python3.8/site-packages/airflow/example_dags/plugins/workday.py for tasks to queue
[2022-01-28 21:12:42,184] {logging_mixin.py:109} INFO - [2022-01-28 21:12:42,183] {dagbag.py:500} INFO - Filling up the DagBag from /home/data-eginner/Documents/Soccer_Data/env/lib/python3.8/site-packages/airflow/example_dags/plugins/workday.py
[2022-01-28 21:12:42,197] {processor.py:656} WARNING - No viable dags retrieved from /home/data-eginner/Documents/Soccer_Data/env/lib/python3.8/site-packages/airflow/example_dags/plugins/workday.py
[2022-01-28 21:12:42,199] {processor.py:171} INFO - Processing /home/data-eginner/Documents/Soccer_Data/env/lib/python3.8/site-packages/airflow/example_dags/plugins/workday.py took 0.024 seconds
[2022-01-28 21:13:18,467] {processor.py:163} INFO - Started process (PID=20910) to work on /home/data-eginner/Documents/Soccer_Data/env/lib/python3.8/site-packages/airflow/example_dags/plugins/workday.py
[2022-01-28 21:13:18,488] {processor.py:642} INFO - Processing file /home/data-eginner/Documents/Soccer_Data/env/lib/python3.8/site-packages/airflow/example_dags/plugins/workday.py for tasks to queue
[2022-01-28 21:13:18,489] {logging_mixin.py:109} INFO - [2022-01-28 21:13:18,489] {dagbag.py:500} INFO - Filling up the DagBag from /home/data-eginner/Documents/Soccer_Data/env/lib/python3.8/site-packages/airflow/example_dags/plugins/workday.py
[2022-01-28 21:13:18,505] {processor.py:656} WARNING - No viable dags retrieved from /home/data-eginner/Documents/Soccer_Data/env/lib/python3.8/site-packages/airflow/example_dags/plugins/workday.py
[2022-01-28 21:13:18,521] {processor.py:171} INFO - Processing /home/data-eginner/Documents/Soccer_Data/env/lib/python3.8/site-packages/airflow/example_dags/plugins/workday.py took 0.057 seconds
[2022-01-28 21:14:03,285] {processor.py:163} INFO - Started process (PID=21070) to work on /home/data-eginner/Documents/Soccer_Data/env/lib/python3.8/site-packages/airflow/example_dags/plugins/workday.py
[2022-01-28 21:14:03,294] {processor.py:642} INFO - Processing file /home/data-eginner/Documents/Soccer_Data/env/lib/python3.8/site-packages/airflow/example_dags/plugins/workday.py for tasks to queue
[2022-01-28 21:14:03,295] {logging_mixin.py:109} INFO - [2022-01-28 21:14:03,295] {dagbag.py:500} INFO - Filling up the DagBag from /home/data-eginner/Documents/Soccer_Data/env/lib/python3.8/site-packages/airflow/example_dags/plugins/workday.py
[2022-01-28 21:14:03,306] {processor.py:656} WARNING - No viable dags retrieved from /home/data-eginner/Documents/Soccer_Data/env/lib/python3.8/site-packages/airflow/example_dags/plugins/workday.py
[2022-01-28 21:14:03,307] {processor.py:171} INFO - Processing /home/data-eginner/Documents/Soccer_Data/env/lib/python3.8/site-packages/airflow/example_dags/plugins/workday.py took 0.025 seconds
[2022-01-28 21:14:35,051] {processor.py:163} INFO - Started process (PID=21180) to work on /home/data-eginner/Documents/Soccer_Data/env/lib/python3.8/site-packages/airflow/example_dags/plugins/workday.py
[2022-01-28 21:14:35,061] {processor.py:642} INFO - Processing file /home/data-eginner/Documents/Soccer_Data/env/lib/python3.8/site-packages/airflow/example_dags/plugins/workday.py for tasks to queue
[2022-01-28 21:14:35,062] {logging_mixin.py:109} INFO - [2022-01-28 21:14:35,062] {dagbag.py:500} INFO - Filling up the DagBag from /home/data-eginner/Documents/Soccer_Data/env/lib/python3.8/site-packages/airflow/example_dags/plugins/workday.py
[2022-01-28 21:14:35,114] {processor.py:656} WARNING - No viable dags retrieved from /home/data-eginner/Documents/Soccer_Data/env/lib/python3.8/site-packages/airflow/example_dags/plugins/workday.py
[2022-01-28 21:14:35,116] {processor.py:171} INFO - Processing /home/data-eginner/Documents/Soccer_Data/env/lib/python3.8/site-packages/airflow/example_dags/plugins/workday.py took 0.068 seconds
[2022-01-28 21:15:27,804] {processor.py:163} INFO - Started process (PID=21351) to work on /home/data-eginner/Documents/Soccer_Data/env/lib/python3.8/site-packages/airflow/example_dags/plugins/workday.py
[2022-01-28 21:15:27,842] {processor.py:642} INFO - Processing file /home/data-eginner/Documents/Soccer_Data/env/lib/python3.8/site-packages/airflow/example_dags/plugins/workday.py for tasks to queue
[2022-01-28 21:15:27,843] {logging_mixin.py:109} INFO - [2022-01-28 21:15:27,843] {dagbag.py:500} INFO - Filling up the DagBag from /home/data-eginner/Documents/Soccer_Data/env/lib/python3.8/site-packages/airflow/example_dags/plugins/workday.py
[2022-01-28 21:15:27,858] {processor.py:656} WARNING - No viable dags retrieved from /home/data-eginner/Documents/Soccer_Data/env/lib/python3.8/site-packages/airflow/example_dags/plugins/workday.py
[2022-01-28 21:15:27,894] {processor.py:171} INFO - Processing /home/data-eginner/Documents/Soccer_Data/env/lib/python3.8/site-packages/airflow/example_dags/plugins/workday.py took 0.093 seconds
[2022-01-28 21:16:21,042] {processor.py:163} INFO - Started process (PID=21527) to work on /home/data-eginner/Documents/Soccer_Data/env/lib/python3.8/site-packages/airflow/example_dags/plugins/workday.py
[2022-01-28 21:16:21,047] {processor.py:642} INFO - Processing file /home/data-eginner/Documents/Soccer_Data/env/lib/python3.8/site-packages/airflow/example_dags/plugins/workday.py for tasks to queue
[2022-01-28 21:16:21,047] {logging_mixin.py:109} INFO - [2022-01-28 21:16:21,047] {dagbag.py:500} INFO - Filling up the DagBag from /home/data-eginner/Documents/Soccer_Data/env/lib/python3.8/site-packages/airflow/example_dags/plugins/workday.py
[2022-01-28 21:16:21,070] {processor.py:656} WARNING - No viable dags retrieved from /home/data-eginner/Documents/Soccer_Data/env/lib/python3.8/site-packages/airflow/example_dags/plugins/workday.py
[2022-01-28 21:16:21,072] {processor.py:171} INFO - Processing /home/data-eginner/Documents/Soccer_Data/env/lib/python3.8/site-packages/airflow/example_dags/plugins/workday.py took 0.034 seconds
[2022-01-28 21:17:10,406] {processor.py:163} INFO - Started process (PID=21673) to work on /home/data-eginner/Documents/Soccer_Data/env/lib/python3.8/site-packages/airflow/example_dags/plugins/workday.py
[2022-01-28 21:17:10,413] {processor.py:642} INFO - Processing file /home/data-eginner/Documents/Soccer_Data/env/lib/python3.8/site-packages/airflow/example_dags/plugins/workday.py for tasks to queue
[2022-01-28 21:17:10,414] {logging_mixin.py:109} INFO - [2022-01-28 21:17:10,414] {dagbag.py:500} INFO - Filling up the DagBag from /home/data-eginner/Documents/Soccer_Data/env/lib/python3.8/site-packages/airflow/example_dags/plugins/workday.py
[2022-01-28 21:17:10,481] {processor.py:656} WARNING - No viable dags retrieved from /home/data-eginner/Documents/Soccer_Data/env/lib/python3.8/site-packages/airflow/example_dags/plugins/workday.py
[2022-01-28 21:17:10,499] {processor.py:171} INFO - Processing /home/data-eginner/Documents/Soccer_Data/env/lib/python3.8/site-packages/airflow/example_dags/plugins/workday.py took 0.096 seconds
[2022-01-28 21:17:59,941] {processor.py:163} INFO - Started process (PID=21828) to work on /home/data-eginner/Documents/Soccer_Data/env/lib/python3.8/site-packages/airflow/example_dags/plugins/workday.py
[2022-01-28 21:17:59,955] {processor.py:642} INFO - Processing file /home/data-eginner/Documents/Soccer_Data/env/lib/python3.8/site-packages/airflow/example_dags/plugins/workday.py for tasks to queue
[2022-01-28 21:17:59,955] {logging_mixin.py:109} INFO - [2022-01-28 21:17:59,955] {dagbag.py:500} INFO - Filling up the DagBag from /home/data-eginner/Documents/Soccer_Data/env/lib/python3.8/site-packages/airflow/example_dags/plugins/workday.py
[2022-01-28 21:17:59,972] {processor.py:656} WARNING - No viable dags retrieved from /home/data-eginner/Documents/Soccer_Data/env/lib/python3.8/site-packages/airflow/example_dags/plugins/workday.py
[2022-01-28 21:17:59,974] {processor.py:171} INFO - Processing /home/data-eginner/Documents/Soccer_Data/env/lib/python3.8/site-packages/airflow/example_dags/plugins/workday.py took 0.036 seconds
[2022-01-28 21:18:52,264] {processor.py:163} INFO - Started process (PID=21988) to work on /home/data-eginner/Documents/Soccer_Data/env/lib/python3.8/site-packages/airflow/example_dags/plugins/workday.py
[2022-01-28 21:18:52,267] {processor.py:642} INFO - Processing file /home/data-eginner/Documents/Soccer_Data/env/lib/python3.8/site-packages/airflow/example_dags/plugins/workday.py for tasks to queue
[2022-01-28 21:18:52,268] {logging_mixin.py:109} INFO - [2022-01-28 21:18:52,268] {dagbag.py:500} INFO - Filling up the DagBag from /home/data-eginner/Documents/Soccer_Data/env/lib/python3.8/site-packages/airflow/example_dags/plugins/workday.py
[2022-01-28 21:18:52,317] {processor.py:656} WARNING - No viable dags retrieved from /home/data-eginner/Documents/Soccer_Data/env/lib/python3.8/site-packages/airflow/example_dags/plugins/workday.py
[2022-01-28 21:18:52,321] {processor.py:171} INFO - Processing /home/data-eginner/Documents/Soccer_Data/env/lib/python3.8/site-packages/airflow/example_dags/plugins/workday.py took 0.076 seconds
[2022-01-28 21:19:47,375] {processor.py:163} INFO - Started process (PID=22162) to work on /home/data-eginner/Documents/Soccer_Data/env/lib/python3.8/site-packages/airflow/example_dags/plugins/workday.py
[2022-01-28 21:19:47,439] {processor.py:642} INFO - Processing file /home/data-eginner/Documents/Soccer_Data/env/lib/python3.8/site-packages/airflow/example_dags/plugins/workday.py for tasks to queue
[2022-01-28 21:19:47,439] {logging_mixin.py:109} INFO - [2022-01-28 21:19:47,439] {dagbag.py:500} INFO - Filling up the DagBag from /home/data-eginner/Documents/Soccer_Data/env/lib/python3.8/site-packages/airflow/example_dags/plugins/workday.py
[2022-01-28 21:19:47,462] {processor.py:656} WARNING - No viable dags retrieved from /home/data-eginner/Documents/Soccer_Data/env/lib/python3.8/site-packages/airflow/example_dags/plugins/workday.py
[2022-01-28 21:19:47,475] {processor.py:171} INFO - Processing /home/data-eginner/Documents/Soccer_Data/env/lib/python3.8/site-packages/airflow/example_dags/plugins/workday.py took 0.103 seconds
[2022-01-28 21:20:30,276] {processor.py:163} INFO - Started process (PID=22316) to work on /home/data-eginner/Documents/Soccer_Data/env/lib/python3.8/site-packages/airflow/example_dags/plugins/workday.py
[2022-01-28 21:20:30,287] {processor.py:642} INFO - Processing file /home/data-eginner/Documents/Soccer_Data/env/lib/python3.8/site-packages/airflow/example_dags/plugins/workday.py for tasks to queue
[2022-01-28 21:20:30,288] {logging_mixin.py:109} INFO - [2022-01-28 21:20:30,288] {dagbag.py:500} INFO - Filling up the DagBag from /home/data-eginner/Documents/Soccer_Data/env/lib/python3.8/site-packages/airflow/example_dags/plugins/workday.py
[2022-01-28 21:20:30,351] {processor.py:656} WARNING - No viable dags retrieved from /home/data-eginner/Documents/Soccer_Data/env/lib/python3.8/site-packages/airflow/example_dags/plugins/workday.py
[2022-01-28 21:20:30,370] {processor.py:171} INFO - Processing /home/data-eginner/Documents/Soccer_Data/env/lib/python3.8/site-packages/airflow/example_dags/plugins/workday.py took 0.097 seconds
[2022-01-28 21:21:11,207] {processor.py:163} INFO - Started process (PID=22453) to work on /home/data-eginner/Documents/Soccer_Data/env/lib/python3.8/site-packages/airflow/example_dags/plugins/workday.py
[2022-01-28 21:21:11,210] {processor.py:642} INFO - Processing file /home/data-eginner/Documents/Soccer_Data/env/lib/python3.8/site-packages/airflow/example_dags/plugins/workday.py for tasks to queue
[2022-01-28 21:21:11,211] {logging_mixin.py:109} INFO - [2022-01-28 21:21:11,211] {dagbag.py:500} INFO - Filling up the DagBag from /home/data-eginner/Documents/Soccer_Data/env/lib/python3.8/site-packages/airflow/example_dags/plugins/workday.py
[2022-01-28 21:21:11,221] {processor.py:656} WARNING - No viable dags retrieved from /home/data-eginner/Documents/Soccer_Data/env/lib/python3.8/site-packages/airflow/example_dags/plugins/workday.py
[2022-01-28 21:21:11,223] {processor.py:171} INFO - Processing /home/data-eginner/Documents/Soccer_Data/env/lib/python3.8/site-packages/airflow/example_dags/plugins/workday.py took 0.023 seconds
[2022-01-28 21:21:50,954] {processor.py:163} INFO - Started process (PID=22604) to work on /home/data-eginner/Documents/Soccer_Data/env/lib/python3.8/site-packages/airflow/example_dags/plugins/workday.py
[2022-01-28 21:21:50,961] {processor.py:642} INFO - Processing file /home/data-eginner/Documents/Soccer_Data/env/lib/python3.8/site-packages/airflow/example_dags/plugins/workday.py for tasks to queue
[2022-01-28 21:21:50,962] {logging_mixin.py:109} INFO - [2022-01-28 21:21:50,962] {dagbag.py:500} INFO - Filling up the DagBag from /home/data-eginner/Documents/Soccer_Data/env/lib/python3.8/site-packages/airflow/example_dags/plugins/workday.py
[2022-01-28 21:21:51,030] {processor.py:656} WARNING - No viable dags retrieved from /home/data-eginner/Documents/Soccer_Data/env/lib/python3.8/site-packages/airflow/example_dags/plugins/workday.py
[2022-01-28 21:21:51,032] {processor.py:171} INFO - Processing /home/data-eginner/Documents/Soccer_Data/env/lib/python3.8/site-packages/airflow/example_dags/plugins/workday.py took 0.120 seconds
[2022-01-28 21:22:35,457] {processor.py:163} INFO - Started process (PID=22751) to work on /home/data-eginner/Documents/Soccer_Data/env/lib/python3.8/site-packages/airflow/example_dags/plugins/workday.py
[2022-01-28 21:22:35,460] {processor.py:642} INFO - Processing file /home/data-eginner/Documents/Soccer_Data/env/lib/python3.8/site-packages/airflow/example_dags/plugins/workday.py for tasks to queue
[2022-01-28 21:22:35,460] {logging_mixin.py:109} INFO - [2022-01-28 21:22:35,460] {dagbag.py:500} INFO - Filling up the DagBag from /home/data-eginner/Documents/Soccer_Data/env/lib/python3.8/site-packages/airflow/example_dags/plugins/workday.py
[2022-01-28 21:22:35,495] {processor.py:656} WARNING - No viable dags retrieved from /home/data-eginner/Documents/Soccer_Data/env/lib/python3.8/site-packages/airflow/example_dags/plugins/workday.py
[2022-01-28 21:22:35,498] {processor.py:171} INFO - Processing /home/data-eginner/Documents/Soccer_Data/env/lib/python3.8/site-packages/airflow/example_dags/plugins/workday.py took 0.065 seconds
[2022-01-28 21:26:04,106] {processor.py:163} INFO - Started process (PID=22832) to work on /home/data-eginner/Documents/Soccer_Data/env/lib/python3.8/site-packages/airflow/example_dags/plugins/workday.py
[2022-01-28 21:26:04,114] {processor.py:642} INFO - Processing file /home/data-eginner/Documents/Soccer_Data/env/lib/python3.8/site-packages/airflow/example_dags/plugins/workday.py for tasks to queue
[2022-01-28 21:26:04,115] {logging_mixin.py:109} INFO - [2022-01-28 21:26:04,115] {dagbag.py:500} INFO - Filling up the DagBag from /home/data-eginner/Documents/Soccer_Data/env/lib/python3.8/site-packages/airflow/example_dags/plugins/workday.py
[2022-01-28 21:26:04,139] {processor.py:656} WARNING - No viable dags retrieved from /home/data-eginner/Documents/Soccer_Data/env/lib/python3.8/site-packages/airflow/example_dags/plugins/workday.py
[2022-01-28 21:26:04,148] {processor.py:171} INFO - Processing /home/data-eginner/Documents/Soccer_Data/env/lib/python3.8/site-packages/airflow/example_dags/plugins/workday.py took 0.044 seconds
[2022-01-28 21:26:50,699] {processor.py:163} INFO - Started process (PID=23006) to work on /home/data-eginner/Documents/Soccer_Data/env/lib/python3.8/site-packages/airflow/example_dags/plugins/workday.py
[2022-01-28 21:26:50,716] {processor.py:642} INFO - Processing file /home/data-eginner/Documents/Soccer_Data/env/lib/python3.8/site-packages/airflow/example_dags/plugins/workday.py for tasks to queue
[2022-01-28 21:26:50,717] {logging_mixin.py:109} INFO - [2022-01-28 21:26:50,717] {dagbag.py:500} INFO - Filling up the DagBag from /home/data-eginner/Documents/Soccer_Data/env/lib/python3.8/site-packages/airflow/example_dags/plugins/workday.py
[2022-01-28 21:26:50,728] {processor.py:656} WARNING - No viable dags retrieved from /home/data-eginner/Documents/Soccer_Data/env/lib/python3.8/site-packages/airflow/example_dags/plugins/workday.py
[2022-01-28 21:26:50,730] {processor.py:171} INFO - Processing /home/data-eginner/Documents/Soccer_Data/env/lib/python3.8/site-packages/airflow/example_dags/plugins/workday.py took 0.033 seconds
[2022-01-28 21:27:32,595] {processor.py:163} INFO - Started process (PID=23176) to work on /home/data-eginner/Documents/Soccer_Data/env/lib/python3.8/site-packages/airflow/example_dags/plugins/workday.py
[2022-01-28 21:27:32,622] {processor.py:642} INFO - Processing file /home/data-eginner/Documents/Soccer_Data/env/lib/python3.8/site-packages/airflow/example_dags/plugins/workday.py for tasks to queue
[2022-01-28 21:27:32,622] {logging_mixin.py:109} INFO - [2022-01-28 21:27:32,622] {dagbag.py:500} INFO - Filling up the DagBag from /home/data-eginner/Documents/Soccer_Data/env/lib/python3.8/site-packages/airflow/example_dags/plugins/workday.py
[2022-01-28 21:27:32,665] {processor.py:656} WARNING - No viable dags retrieved from /home/data-eginner/Documents/Soccer_Data/env/lib/python3.8/site-packages/airflow/example_dags/plugins/workday.py
[2022-01-28 21:27:32,667] {processor.py:171} INFO - Processing /home/data-eginner/Documents/Soccer_Data/env/lib/python3.8/site-packages/airflow/example_dags/plugins/workday.py took 0.075 seconds
[2022-01-28 21:28:28,566] {processor.py:163} INFO - Started process (PID=23377) to work on /home/data-eginner/Documents/Soccer_Data/env/lib/python3.8/site-packages/airflow/example_dags/plugins/workday.py
[2022-01-28 21:28:28,584] {processor.py:642} INFO - Processing file /home/data-eginner/Documents/Soccer_Data/env/lib/python3.8/site-packages/airflow/example_dags/plugins/workday.py for tasks to queue
[2022-01-28 21:28:28,585] {logging_mixin.py:109} INFO - [2022-01-28 21:28:28,585] {dagbag.py:500} INFO - Filling up the DagBag from /home/data-eginner/Documents/Soccer_Data/env/lib/python3.8/site-packages/airflow/example_dags/plugins/workday.py
[2022-01-28 21:28:28,674] {processor.py:656} WARNING - No viable dags retrieved from /home/data-eginner/Documents/Soccer_Data/env/lib/python3.8/site-packages/airflow/example_dags/plugins/workday.py
[2022-01-28 21:28:28,693] {processor.py:171} INFO - Processing /home/data-eginner/Documents/Soccer_Data/env/lib/python3.8/site-packages/airflow/example_dags/plugins/workday.py took 0.174 seconds
[2022-01-28 21:29:23,290] {processor.py:163} INFO - Started process (PID=23545) to work on /home/data-eginner/Documents/Soccer_Data/env/lib/python3.8/site-packages/airflow/example_dags/plugins/workday.py
[2022-01-28 21:29:23,297] {processor.py:642} INFO - Processing file /home/data-eginner/Documents/Soccer_Data/env/lib/python3.8/site-packages/airflow/example_dags/plugins/workday.py for tasks to queue
[2022-01-28 21:29:23,297] {logging_mixin.py:109} INFO - [2022-01-28 21:29:23,297] {dagbag.py:500} INFO - Filling up the DagBag from /home/data-eginner/Documents/Soccer_Data/env/lib/python3.8/site-packages/airflow/example_dags/plugins/workday.py
[2022-01-28 21:29:23,314] {processor.py:656} WARNING - No viable dags retrieved from /home/data-eginner/Documents/Soccer_Data/env/lib/python3.8/site-packages/airflow/example_dags/plugins/workday.py
[2022-01-28 21:29:23,319] {processor.py:171} INFO - Processing /home/data-eginner/Documents/Soccer_Data/env/lib/python3.8/site-packages/airflow/example_dags/plugins/workday.py took 0.037 seconds
[2022-01-28 21:30:00,853] {processor.py:163} INFO - Started process (PID=23674) to work on /home/data-eginner/Documents/Soccer_Data/env/lib/python3.8/site-packages/airflow/example_dags/plugins/workday.py
[2022-01-28 21:30:00,855] {processor.py:642} INFO - Processing file /home/data-eginner/Documents/Soccer_Data/env/lib/python3.8/site-packages/airflow/example_dags/plugins/workday.py for tasks to queue
[2022-01-28 21:30:00,856] {logging_mixin.py:109} INFO - [2022-01-28 21:30:00,856] {dagbag.py:500} INFO - Filling up the DagBag from /home/data-eginner/Documents/Soccer_Data/env/lib/python3.8/site-packages/airflow/example_dags/plugins/workday.py
[2022-01-28 21:30:00,873] {processor.py:656} WARNING - No viable dags retrieved from /home/data-eginner/Documents/Soccer_Data/env/lib/python3.8/site-packages/airflow/example_dags/plugins/workday.py
[2022-01-28 21:30:00,877] {processor.py:171} INFO - Processing /home/data-eginner/Documents/Soccer_Data/env/lib/python3.8/site-packages/airflow/example_dags/plugins/workday.py took 0.031 seconds
[2022-01-28 21:30:49,490] {processor.py:163} INFO - Started process (PID=23850) to work on /home/data-eginner/Documents/Soccer_Data/env/lib/python3.8/site-packages/airflow/example_dags/plugins/workday.py
[2022-01-28 21:30:49,492] {processor.py:642} INFO - Processing file /home/data-eginner/Documents/Soccer_Data/env/lib/python3.8/site-packages/airflow/example_dags/plugins/workday.py for tasks to queue
[2022-01-28 21:30:49,492] {logging_mixin.py:109} INFO - [2022-01-28 21:30:49,492] {dagbag.py:500} INFO - Filling up the DagBag from /home/data-eginner/Documents/Soccer_Data/env/lib/python3.8/site-packages/airflow/example_dags/plugins/workday.py
[2022-01-28 21:30:49,516] {processor.py:656} WARNING - No viable dags retrieved from /home/data-eginner/Documents/Soccer_Data/env/lib/python3.8/site-packages/airflow/example_dags/plugins/workday.py
[2022-01-28 21:30:49,543] {processor.py:171} INFO - Processing /home/data-eginner/Documents/Soccer_Data/env/lib/python3.8/site-packages/airflow/example_dags/plugins/workday.py took 0.069 seconds
[2022-01-28 21:31:28,901] {processor.py:163} INFO - Started process (PID=23983) to work on /home/data-eginner/Documents/Soccer_Data/env/lib/python3.8/site-packages/airflow/example_dags/plugins/workday.py
[2022-01-28 21:31:28,902] {processor.py:642} INFO - Processing file /home/data-eginner/Documents/Soccer_Data/env/lib/python3.8/site-packages/airflow/example_dags/plugins/workday.py for tasks to queue
[2022-01-28 21:31:28,903] {logging_mixin.py:109} INFO - [2022-01-28 21:31:28,903] {dagbag.py:500} INFO - Filling up the DagBag from /home/data-eginner/Documents/Soccer_Data/env/lib/python3.8/site-packages/airflow/example_dags/plugins/workday.py
[2022-01-28 21:31:28,928] {processor.py:656} WARNING - No viable dags retrieved from /home/data-eginner/Documents/Soccer_Data/env/lib/python3.8/site-packages/airflow/example_dags/plugins/workday.py
[2022-01-28 21:31:28,930] {processor.py:171} INFO - Processing /home/data-eginner/Documents/Soccer_Data/env/lib/python3.8/site-packages/airflow/example_dags/plugins/workday.py took 0.032 seconds
[2022-01-28 21:32:26,039] {processor.py:163} INFO - Started process (PID=24189) to work on /home/data-eginner/Documents/Soccer_Data/env/lib/python3.8/site-packages/airflow/example_dags/plugins/workday.py
[2022-01-28 21:32:26,047] {processor.py:642} INFO - Processing file /home/data-eginner/Documents/Soccer_Data/env/lib/python3.8/site-packages/airflow/example_dags/plugins/workday.py for tasks to queue
[2022-01-28 21:32:26,055] {logging_mixin.py:109} INFO - [2022-01-28 21:32:26,055] {dagbag.py:500} INFO - Filling up the DagBag from /home/data-eginner/Documents/Soccer_Data/env/lib/python3.8/site-packages/airflow/example_dags/plugins/workday.py
[2022-01-28 21:32:26,096] {processor.py:656} WARNING - No viable dags retrieved from /home/data-eginner/Documents/Soccer_Data/env/lib/python3.8/site-packages/airflow/example_dags/plugins/workday.py
[2022-01-28 21:32:26,114] {processor.py:171} INFO - Processing /home/data-eginner/Documents/Soccer_Data/env/lib/python3.8/site-packages/airflow/example_dags/plugins/workday.py took 0.081 seconds
[2022-01-28 21:32:58,413] {processor.py:163} INFO - Started process (PID=24312) to work on /home/data-eginner/Documents/Soccer_Data/env/lib/python3.8/site-packages/airflow/example_dags/plugins/workday.py
[2022-01-28 21:32:58,423] {processor.py:642} INFO - Processing file /home/data-eginner/Documents/Soccer_Data/env/lib/python3.8/site-packages/airflow/example_dags/plugins/workday.py for tasks to queue
[2022-01-28 21:32:58,424] {logging_mixin.py:109} INFO - [2022-01-28 21:32:58,424] {dagbag.py:500} INFO - Filling up the DagBag from /home/data-eginner/Documents/Soccer_Data/env/lib/python3.8/site-packages/airflow/example_dags/plugins/workday.py
[2022-01-28 21:32:58,442] {processor.py:656} WARNING - No viable dags retrieved from /home/data-eginner/Documents/Soccer_Data/env/lib/python3.8/site-packages/airflow/example_dags/plugins/workday.py
[2022-01-28 21:32:58,444] {processor.py:171} INFO - Processing /home/data-eginner/Documents/Soccer_Data/env/lib/python3.8/site-packages/airflow/example_dags/plugins/workday.py took 0.039 seconds
[2022-01-28 21:33:35,475] {processor.py:163} INFO - Started process (PID=24458) to work on /home/data-eginner/Documents/Soccer_Data/env/lib/python3.8/site-packages/airflow/example_dags/plugins/workday.py
[2022-01-28 21:33:35,481] {processor.py:642} INFO - Processing file /home/data-eginner/Documents/Soccer_Data/env/lib/python3.8/site-packages/airflow/example_dags/plugins/workday.py for tasks to queue
[2022-01-28 21:33:35,481] {logging_mixin.py:109} INFO - [2022-01-28 21:33:35,481] {dagbag.py:500} INFO - Filling up the DagBag from /home/data-eginner/Documents/Soccer_Data/env/lib/python3.8/site-packages/airflow/example_dags/plugins/workday.py
[2022-01-28 21:33:35,493] {processor.py:656} WARNING - No viable dags retrieved from /home/data-eginner/Documents/Soccer_Data/env/lib/python3.8/site-packages/airflow/example_dags/plugins/workday.py
[2022-01-28 21:33:35,495] {processor.py:171} INFO - Processing /home/data-eginner/Documents/Soccer_Data/env/lib/python3.8/site-packages/airflow/example_dags/plugins/workday.py took 0.022 seconds
[2022-01-28 21:34:08,718] {processor.py:163} INFO - Started process (PID=24585) to work on /home/data-eginner/Documents/Soccer_Data/env/lib/python3.8/site-packages/airflow/example_dags/plugins/workday.py
[2022-01-28 21:34:08,720] {processor.py:642} INFO - Processing file /home/data-eginner/Documents/Soccer_Data/env/lib/python3.8/site-packages/airflow/example_dags/plugins/workday.py for tasks to queue
[2022-01-28 21:34:08,721] {logging_mixin.py:109} INFO - [2022-01-28 21:34:08,721] {dagbag.py:500} INFO - Filling up the DagBag from /home/data-eginner/Documents/Soccer_Data/env/lib/python3.8/site-packages/airflow/example_dags/plugins/workday.py
[2022-01-28 21:34:08,736] {processor.py:656} WARNING - No viable dags retrieved from /home/data-eginner/Documents/Soccer_Data/env/lib/python3.8/site-packages/airflow/example_dags/plugins/workday.py
[2022-01-28 21:34:08,738] {processor.py:171} INFO - Processing /home/data-eginner/Documents/Soccer_Data/env/lib/python3.8/site-packages/airflow/example_dags/plugins/workday.py took 0.023 seconds
[2022-01-28 21:34:44,933] {processor.py:163} INFO - Started process (PID=24726) to work on /home/data-eginner/Documents/Soccer_Data/env/lib/python3.8/site-packages/airflow/example_dags/plugins/workday.py
[2022-01-28 21:34:44,943] {processor.py:642} INFO - Processing file /home/data-eginner/Documents/Soccer_Data/env/lib/python3.8/site-packages/airflow/example_dags/plugins/workday.py for tasks to queue
[2022-01-28 21:34:44,944] {logging_mixin.py:109} INFO - [2022-01-28 21:34:44,944] {dagbag.py:500} INFO - Filling up the DagBag from /home/data-eginner/Documents/Soccer_Data/env/lib/python3.8/site-packages/airflow/example_dags/plugins/workday.py
[2022-01-28 21:34:45,029] {processor.py:656} WARNING - No viable dags retrieved from /home/data-eginner/Documents/Soccer_Data/env/lib/python3.8/site-packages/airflow/example_dags/plugins/workday.py
[2022-01-28 21:34:45,031] {processor.py:171} INFO - Processing /home/data-eginner/Documents/Soccer_Data/env/lib/python3.8/site-packages/airflow/example_dags/plugins/workday.py took 0.113 seconds
[2022-01-28 21:55:47,438] {processor.py:163} INFO - Started process (PID=24952) to work on /home/data-eginner/Documents/Soccer_Data/env/lib/python3.8/site-packages/airflow/example_dags/plugins/workday.py
[2022-01-28 21:55:47,464] {processor.py:642} INFO - Processing file /home/data-eginner/Documents/Soccer_Data/env/lib/python3.8/site-packages/airflow/example_dags/plugins/workday.py for tasks to queue
[2022-01-28 21:55:47,466] {logging_mixin.py:109} INFO - [2022-01-28 21:55:47,466] {dagbag.py:500} INFO - Filling up the DagBag from /home/data-eginner/Documents/Soccer_Data/env/lib/python3.8/site-packages/airflow/example_dags/plugins/workday.py
[2022-01-28 21:55:47,523] {processor.py:656} WARNING - No viable dags retrieved from /home/data-eginner/Documents/Soccer_Data/env/lib/python3.8/site-packages/airflow/example_dags/plugins/workday.py
[2022-01-28 21:55:47,584] {processor.py:171} INFO - Processing /home/data-eginner/Documents/Soccer_Data/env/lib/python3.8/site-packages/airflow/example_dags/plugins/workday.py took 0.149 seconds
[2022-01-28 21:56:38,090] {processor.py:163} INFO - Started process (PID=25138) to work on /home/data-eginner/Documents/Soccer_Data/env/lib/python3.8/site-packages/airflow/example_dags/plugins/workday.py
[2022-01-28 21:56:38,095] {processor.py:642} INFO - Processing file /home/data-eginner/Documents/Soccer_Data/env/lib/python3.8/site-packages/airflow/example_dags/plugins/workday.py for tasks to queue
[2022-01-28 21:56:38,107] {logging_mixin.py:109} INFO - [2022-01-28 21:56:38,107] {dagbag.py:500} INFO - Filling up the DagBag from /home/data-eginner/Documents/Soccer_Data/env/lib/python3.8/site-packages/airflow/example_dags/plugins/workday.py
[2022-01-28 21:56:38,141] {processor.py:656} WARNING - No viable dags retrieved from /home/data-eginner/Documents/Soccer_Data/env/lib/python3.8/site-packages/airflow/example_dags/plugins/workday.py
[2022-01-28 21:56:38,145] {processor.py:171} INFO - Processing /home/data-eginner/Documents/Soccer_Data/env/lib/python3.8/site-packages/airflow/example_dags/plugins/workday.py took 0.073 seconds
[2022-01-28 21:57:13,762] {processor.py:163} INFO - Started process (PID=25268) to work on /home/data-eginner/Documents/Soccer_Data/env/lib/python3.8/site-packages/airflow/example_dags/plugins/workday.py
[2022-01-28 21:57:13,783] {processor.py:642} INFO - Processing file /home/data-eginner/Documents/Soccer_Data/env/lib/python3.8/site-packages/airflow/example_dags/plugins/workday.py for tasks to queue
[2022-01-28 21:57:13,783] {logging_mixin.py:109} INFO - [2022-01-28 21:57:13,783] {dagbag.py:500} INFO - Filling up the DagBag from /home/data-eginner/Documents/Soccer_Data/env/lib/python3.8/site-packages/airflow/example_dags/plugins/workday.py
[2022-01-28 21:57:13,798] {processor.py:656} WARNING - No viable dags retrieved from /home/data-eginner/Documents/Soccer_Data/env/lib/python3.8/site-packages/airflow/example_dags/plugins/workday.py
[2022-01-28 21:57:13,801] {processor.py:171} INFO - Processing /home/data-eginner/Documents/Soccer_Data/env/lib/python3.8/site-packages/airflow/example_dags/plugins/workday.py took 0.044 seconds
[2022-01-28 21:57:54,415] {processor.py:163} INFO - Started process (PID=25428) to work on /home/data-eginner/Documents/Soccer_Data/env/lib/python3.8/site-packages/airflow/example_dags/plugins/workday.py
[2022-01-28 21:57:54,423] {processor.py:642} INFO - Processing file /home/data-eginner/Documents/Soccer_Data/env/lib/python3.8/site-packages/airflow/example_dags/plugins/workday.py for tasks to queue
[2022-01-28 21:57:54,424] {logging_mixin.py:109} INFO - [2022-01-28 21:57:54,423] {dagbag.py:500} INFO - Filling up the DagBag from /home/data-eginner/Documents/Soccer_Data/env/lib/python3.8/site-packages/airflow/example_dags/plugins/workday.py
[2022-01-28 21:57:54,447] {processor.py:656} WARNING - No viable dags retrieved from /home/data-eginner/Documents/Soccer_Data/env/lib/python3.8/site-packages/airflow/example_dags/plugins/workday.py
[2022-01-28 21:57:54,450] {processor.py:171} INFO - Processing /home/data-eginner/Documents/Soccer_Data/env/lib/python3.8/site-packages/airflow/example_dags/plugins/workday.py took 0.038 seconds
[2022-01-28 21:58:33,764] {processor.py:163} INFO - Started process (PID=25584) to work on /home/data-eginner/Documents/Soccer_Data/env/lib/python3.8/site-packages/airflow/example_dags/plugins/workday.py
[2022-01-28 21:58:33,777] {processor.py:642} INFO - Processing file /home/data-eginner/Documents/Soccer_Data/env/lib/python3.8/site-packages/airflow/example_dags/plugins/workday.py for tasks to queue
[2022-01-28 21:58:33,781] {logging_mixin.py:109} INFO - [2022-01-28 21:58:33,780] {dagbag.py:500} INFO - Filling up the DagBag from /home/data-eginner/Documents/Soccer_Data/env/lib/python3.8/site-packages/airflow/example_dags/plugins/workday.py
[2022-01-28 21:58:33,815] {processor.py:656} WARNING - No viable dags retrieved from /home/data-eginner/Documents/Soccer_Data/env/lib/python3.8/site-packages/airflow/example_dags/plugins/workday.py
[2022-01-28 21:58:33,818] {processor.py:171} INFO - Processing /home/data-eginner/Documents/Soccer_Data/env/lib/python3.8/site-packages/airflow/example_dags/plugins/workday.py took 0.056 seconds
[2022-01-28 21:59:09,832] {processor.py:163} INFO - Started process (PID=25719) to work on /home/data-eginner/Documents/Soccer_Data/env/lib/python3.8/site-packages/airflow/example_dags/plugins/workday.py
[2022-01-28 21:59:09,838] {processor.py:642} INFO - Processing file /home/data-eginner/Documents/Soccer_Data/env/lib/python3.8/site-packages/airflow/example_dags/plugins/workday.py for tasks to queue
[2022-01-28 21:59:09,839] {logging_mixin.py:109} INFO - [2022-01-28 21:59:09,838] {dagbag.py:500} INFO - Filling up the DagBag from /home/data-eginner/Documents/Soccer_Data/env/lib/python3.8/site-packages/airflow/example_dags/plugins/workday.py
[2022-01-28 21:59:09,861] {processor.py:656} WARNING - No viable dags retrieved from /home/data-eginner/Documents/Soccer_Data/env/lib/python3.8/site-packages/airflow/example_dags/plugins/workday.py
[2022-01-28 21:59:09,863] {processor.py:171} INFO - Processing /home/data-eginner/Documents/Soccer_Data/env/lib/python3.8/site-packages/airflow/example_dags/plugins/workday.py took 0.034 seconds
[2022-01-28 21:59:48,339] {processor.py:163} INFO - Started process (PID=25868) to work on /home/data-eginner/Documents/Soccer_Data/env/lib/python3.8/site-packages/airflow/example_dags/plugins/workday.py
[2022-01-28 21:59:48,344] {processor.py:642} INFO - Processing file /home/data-eginner/Documents/Soccer_Data/env/lib/python3.8/site-packages/airflow/example_dags/plugins/workday.py for tasks to queue
[2022-01-28 21:59:48,346] {logging_mixin.py:109} INFO - [2022-01-28 21:59:48,344] {dagbag.py:500} INFO - Filling up the DagBag from /home/data-eginner/Documents/Soccer_Data/env/lib/python3.8/site-packages/airflow/example_dags/plugins/workday.py
[2022-01-28 21:59:48,372] {processor.py:656} WARNING - No viable dags retrieved from /home/data-eginner/Documents/Soccer_Data/env/lib/python3.8/site-packages/airflow/example_dags/plugins/workday.py
[2022-01-28 21:59:48,375] {processor.py:171} INFO - Processing /home/data-eginner/Documents/Soccer_Data/env/lib/python3.8/site-packages/airflow/example_dags/plugins/workday.py took 0.054 seconds
[2022-01-28 22:00:28,334] {processor.py:163} INFO - Started process (PID=26031) to work on /home/data-eginner/Documents/Soccer_Data/env/lib/python3.8/site-packages/airflow/example_dags/plugins/workday.py
[2022-01-28 22:00:28,356] {processor.py:642} INFO - Processing file /home/data-eginner/Documents/Soccer_Data/env/lib/python3.8/site-packages/airflow/example_dags/plugins/workday.py for tasks to queue
[2022-01-28 22:00:28,356] {logging_mixin.py:109} INFO - [2022-01-28 22:00:28,356] {dagbag.py:500} INFO - Filling up the DagBag from /home/data-eginner/Documents/Soccer_Data/env/lib/python3.8/site-packages/airflow/example_dags/plugins/workday.py
[2022-01-28 22:00:28,368] {processor.py:656} WARNING - No viable dags retrieved from /home/data-eginner/Documents/Soccer_Data/env/lib/python3.8/site-packages/airflow/example_dags/plugins/workday.py
[2022-01-28 22:00:28,370] {processor.py:171} INFO - Processing /home/data-eginner/Documents/Soccer_Data/env/lib/python3.8/site-packages/airflow/example_dags/plugins/workday.py took 0.044 seconds
[2022-01-28 22:01:04,832] {processor.py:163} INFO - Started process (PID=26184) to work on /home/data-eginner/Documents/Soccer_Data/env/lib/python3.8/site-packages/airflow/example_dags/plugins/workday.py
[2022-01-28 22:01:04,836] {processor.py:642} INFO - Processing file /home/data-eginner/Documents/Soccer_Data/env/lib/python3.8/site-packages/airflow/example_dags/plugins/workday.py for tasks to queue
[2022-01-28 22:01:04,837] {logging_mixin.py:109} INFO - [2022-01-28 22:01:04,837] {dagbag.py:500} INFO - Filling up the DagBag from /home/data-eginner/Documents/Soccer_Data/env/lib/python3.8/site-packages/airflow/example_dags/plugins/workday.py
[2022-01-28 22:01:04,859] {processor.py:656} WARNING - No viable dags retrieved from /home/data-eginner/Documents/Soccer_Data/env/lib/python3.8/site-packages/airflow/example_dags/plugins/workday.py
[2022-01-28 22:01:04,864] {processor.py:171} INFO - Processing /home/data-eginner/Documents/Soccer_Data/env/lib/python3.8/site-packages/airflow/example_dags/plugins/workday.py took 0.038 seconds
[2022-01-28 22:01:40,511] {processor.py:163} INFO - Started process (PID=26315) to work on /home/data-eginner/Documents/Soccer_Data/env/lib/python3.8/site-packages/airflow/example_dags/plugins/workday.py
[2022-01-28 22:01:40,516] {processor.py:642} INFO - Processing file /home/data-eginner/Documents/Soccer_Data/env/lib/python3.8/site-packages/airflow/example_dags/plugins/workday.py for tasks to queue
[2022-01-28 22:01:40,517] {logging_mixin.py:109} INFO - [2022-01-28 22:01:40,517] {dagbag.py:500} INFO - Filling up the DagBag from /home/data-eginner/Documents/Soccer_Data/env/lib/python3.8/site-packages/airflow/example_dags/plugins/workday.py
[2022-01-28 22:01:40,544] {processor.py:656} WARNING - No viable dags retrieved from /home/data-eginner/Documents/Soccer_Data/env/lib/python3.8/site-packages/airflow/example_dags/plugins/workday.py
[2022-01-28 22:01:40,548] {processor.py:171} INFO - Processing /home/data-eginner/Documents/Soccer_Data/env/lib/python3.8/site-packages/airflow/example_dags/plugins/workday.py took 0.044 seconds
[2022-01-28 22:03:58,669] {processor.py:163} INFO - Started process (PID=26491) to work on /home/data-eginner/Documents/Soccer_Data/env/lib/python3.8/site-packages/airflow/example_dags/plugins/workday.py
[2022-01-28 22:03:58,683] {processor.py:642} INFO - Processing file /home/data-eginner/Documents/Soccer_Data/env/lib/python3.8/site-packages/airflow/example_dags/plugins/workday.py for tasks to queue
[2022-01-28 22:03:58,684] {logging_mixin.py:109} INFO - [2022-01-28 22:03:58,684] {dagbag.py:500} INFO - Filling up the DagBag from /home/data-eginner/Documents/Soccer_Data/env/lib/python3.8/site-packages/airflow/example_dags/plugins/workday.py
[2022-01-28 22:03:58,715] {processor.py:656} WARNING - No viable dags retrieved from /home/data-eginner/Documents/Soccer_Data/env/lib/python3.8/site-packages/airflow/example_dags/plugins/workday.py
[2022-01-28 22:03:58,717] {processor.py:171} INFO - Processing /home/data-eginner/Documents/Soccer_Data/env/lib/python3.8/site-packages/airflow/example_dags/plugins/workday.py took 0.051 seconds
[2022-01-28 22:04:40,377] {processor.py:163} INFO - Started process (PID=26651) to work on /home/data-eginner/Documents/Soccer_Data/env/lib/python3.8/site-packages/airflow/example_dags/plugins/workday.py
[2022-01-28 22:04:40,383] {processor.py:642} INFO - Processing file /home/data-eginner/Documents/Soccer_Data/env/lib/python3.8/site-packages/airflow/example_dags/plugins/workday.py for tasks to queue
[2022-01-28 22:04:40,383] {logging_mixin.py:109} INFO - [2022-01-28 22:04:40,383] {dagbag.py:500} INFO - Filling up the DagBag from /home/data-eginner/Documents/Soccer_Data/env/lib/python3.8/site-packages/airflow/example_dags/plugins/workday.py
[2022-01-28 22:04:40,395] {processor.py:656} WARNING - No viable dags retrieved from /home/data-eginner/Documents/Soccer_Data/env/lib/python3.8/site-packages/airflow/example_dags/plugins/workday.py
[2022-01-28 22:04:40,398] {processor.py:171} INFO - Processing /home/data-eginner/Documents/Soccer_Data/env/lib/python3.8/site-packages/airflow/example_dags/plugins/workday.py took 0.023 seconds
[2022-01-28 22:05:19,244] {processor.py:163} INFO - Started process (PID=26802) to work on /home/data-eginner/Documents/Soccer_Data/env/lib/python3.8/site-packages/airflow/example_dags/plugins/workday.py
[2022-01-28 22:05:19,258] {processor.py:642} INFO - Processing file /home/data-eginner/Documents/Soccer_Data/env/lib/python3.8/site-packages/airflow/example_dags/plugins/workday.py for tasks to queue
[2022-01-28 22:05:19,259] {logging_mixin.py:109} INFO - [2022-01-28 22:05:19,258] {dagbag.py:500} INFO - Filling up the DagBag from /home/data-eginner/Documents/Soccer_Data/env/lib/python3.8/site-packages/airflow/example_dags/plugins/workday.py
[2022-01-28 22:05:19,267] {processor.py:656} WARNING - No viable dags retrieved from /home/data-eginner/Documents/Soccer_Data/env/lib/python3.8/site-packages/airflow/example_dags/plugins/workday.py
[2022-01-28 22:05:19,270] {processor.py:171} INFO - Processing /home/data-eginner/Documents/Soccer_Data/env/lib/python3.8/site-packages/airflow/example_dags/plugins/workday.py took 0.029 seconds
[2022-01-28 22:05:59,480] {processor.py:163} INFO - Started process (PID=26957) to work on /home/data-eginner/Documents/Soccer_Data/env/lib/python3.8/site-packages/airflow/example_dags/plugins/workday.py
[2022-01-28 22:05:59,482] {processor.py:642} INFO - Processing file /home/data-eginner/Documents/Soccer_Data/env/lib/python3.8/site-packages/airflow/example_dags/plugins/workday.py for tasks to queue
[2022-01-28 22:05:59,483] {logging_mixin.py:109} INFO - [2022-01-28 22:05:59,483] {dagbag.py:500} INFO - Filling up the DagBag from /home/data-eginner/Documents/Soccer_Data/env/lib/python3.8/site-packages/airflow/example_dags/plugins/workday.py
[2022-01-28 22:05:59,495] {processor.py:656} WARNING - No viable dags retrieved from /home/data-eginner/Documents/Soccer_Data/env/lib/python3.8/site-packages/airflow/example_dags/plugins/workday.py
[2022-01-28 22:05:59,498] {processor.py:171} INFO - Processing /home/data-eginner/Documents/Soccer_Data/env/lib/python3.8/site-packages/airflow/example_dags/plugins/workday.py took 0.020 seconds
[2022-01-28 22:06:35,489] {processor.py:163} INFO - Started process (PID=27108) to work on /home/data-eginner/Documents/Soccer_Data/env/lib/python3.8/site-packages/airflow/example_dags/plugins/workday.py
[2022-01-28 22:06:35,498] {processor.py:642} INFO - Processing file /home/data-eginner/Documents/Soccer_Data/env/lib/python3.8/site-packages/airflow/example_dags/plugins/workday.py for tasks to queue
[2022-01-28 22:06:35,498] {logging_mixin.py:109} INFO - [2022-01-28 22:06:35,498] {dagbag.py:500} INFO - Filling up the DagBag from /home/data-eginner/Documents/Soccer_Data/env/lib/python3.8/site-packages/airflow/example_dags/plugins/workday.py
[2022-01-28 22:06:35,509] {processor.py:656} WARNING - No viable dags retrieved from /home/data-eginner/Documents/Soccer_Data/env/lib/python3.8/site-packages/airflow/example_dags/plugins/workday.py
[2022-01-28 22:06:35,511] {processor.py:171} INFO - Processing /home/data-eginner/Documents/Soccer_Data/env/lib/python3.8/site-packages/airflow/example_dags/plugins/workday.py took 0.031 seconds
[2022-01-28 22:07:18,332] {processor.py:163} INFO - Started process (PID=27286) to work on /home/data-eginner/Documents/Soccer_Data/env/lib/python3.8/site-packages/airflow/example_dags/plugins/workday.py
[2022-01-28 22:07:18,334] {processor.py:642} INFO - Processing file /home/data-eginner/Documents/Soccer_Data/env/lib/python3.8/site-packages/airflow/example_dags/plugins/workday.py for tasks to queue
[2022-01-28 22:07:18,335] {logging_mixin.py:109} INFO - [2022-01-28 22:07:18,335] {dagbag.py:500} INFO - Filling up the DagBag from /home/data-eginner/Documents/Soccer_Data/env/lib/python3.8/site-packages/airflow/example_dags/plugins/workday.py
[2022-01-28 22:07:18,359] {processor.py:656} WARNING - No viable dags retrieved from /home/data-eginner/Documents/Soccer_Data/env/lib/python3.8/site-packages/airflow/example_dags/plugins/workday.py
[2022-01-28 22:07:18,361] {processor.py:171} INFO - Processing /home/data-eginner/Documents/Soccer_Data/env/lib/python3.8/site-packages/airflow/example_dags/plugins/workday.py took 0.031 seconds
[2022-01-28 22:07:51,977] {processor.py:163} INFO - Started process (PID=27413) to work on /home/data-eginner/Documents/Soccer_Data/env/lib/python3.8/site-packages/airflow/example_dags/plugins/workday.py
[2022-01-28 22:07:51,980] {processor.py:642} INFO - Processing file /home/data-eginner/Documents/Soccer_Data/env/lib/python3.8/site-packages/airflow/example_dags/plugins/workday.py for tasks to queue
[2022-01-28 22:07:51,980] {logging_mixin.py:109} INFO - [2022-01-28 22:07:51,980] {dagbag.py:500} INFO - Filling up the DagBag from /home/data-eginner/Documents/Soccer_Data/env/lib/python3.8/site-packages/airflow/example_dags/plugins/workday.py
[2022-01-28 22:07:52,003] {processor.py:656} WARNING - No viable dags retrieved from /home/data-eginner/Documents/Soccer_Data/env/lib/python3.8/site-packages/airflow/example_dags/plugins/workday.py
[2022-01-28 22:07:52,006] {processor.py:171} INFO - Processing /home/data-eginner/Documents/Soccer_Data/env/lib/python3.8/site-packages/airflow/example_dags/plugins/workday.py took 0.044 seconds
[2022-01-28 22:08:41,400] {processor.py:163} INFO - Started process (PID=27613) to work on /home/data-eginner/Documents/Soccer_Data/env/lib/python3.8/site-packages/airflow/example_dags/plugins/workday.py
[2022-01-28 22:08:41,419] {processor.py:642} INFO - Processing file /home/data-eginner/Documents/Soccer_Data/env/lib/python3.8/site-packages/airflow/example_dags/plugins/workday.py for tasks to queue
[2022-01-28 22:08:41,420] {logging_mixin.py:109} INFO - [2022-01-28 22:08:41,420] {dagbag.py:500} INFO - Filling up the DagBag from /home/data-eginner/Documents/Soccer_Data/env/lib/python3.8/site-packages/airflow/example_dags/plugins/workday.py
[2022-01-28 22:08:41,448] {processor.py:656} WARNING - No viable dags retrieved from /home/data-eginner/Documents/Soccer_Data/env/lib/python3.8/site-packages/airflow/example_dags/plugins/workday.py
[2022-01-28 22:08:41,450] {processor.py:171} INFO - Processing /home/data-eginner/Documents/Soccer_Data/env/lib/python3.8/site-packages/airflow/example_dags/plugins/workday.py took 0.052 seconds
[2022-01-28 22:09:20,628] {processor.py:163} INFO - Started process (PID=27771) to work on /home/data-eginner/Documents/Soccer_Data/env/lib/python3.8/site-packages/airflow/example_dags/plugins/workday.py
[2022-01-28 22:09:20,634] {processor.py:642} INFO - Processing file /home/data-eginner/Documents/Soccer_Data/env/lib/python3.8/site-packages/airflow/example_dags/plugins/workday.py for tasks to queue
[2022-01-28 22:09:20,635] {logging_mixin.py:109} INFO - [2022-01-28 22:09:20,635] {dagbag.py:500} INFO - Filling up the DagBag from /home/data-eginner/Documents/Soccer_Data/env/lib/python3.8/site-packages/airflow/example_dags/plugins/workday.py
[2022-01-28 22:09:20,654] {processor.py:656} WARNING - No viable dags retrieved from /home/data-eginner/Documents/Soccer_Data/env/lib/python3.8/site-packages/airflow/example_dags/plugins/workday.py
[2022-01-28 22:09:20,656] {processor.py:171} INFO - Processing /home/data-eginner/Documents/Soccer_Data/env/lib/python3.8/site-packages/airflow/example_dags/plugins/workday.py took 0.033 seconds
[2022-01-28 22:09:50,856] {processor.py:163} INFO - Started process (PID=27891) to work on /home/data-eginner/Documents/Soccer_Data/env/lib/python3.8/site-packages/airflow/example_dags/plugins/workday.py
[2022-01-28 22:09:50,859] {processor.py:642} INFO - Processing file /home/data-eginner/Documents/Soccer_Data/env/lib/python3.8/site-packages/airflow/example_dags/plugins/workday.py for tasks to queue
[2022-01-28 22:09:50,860] {logging_mixin.py:109} INFO - [2022-01-28 22:09:50,859] {dagbag.py:500} INFO - Filling up the DagBag from /home/data-eginner/Documents/Soccer_Data/env/lib/python3.8/site-packages/airflow/example_dags/plugins/workday.py
[2022-01-28 22:09:50,869] {processor.py:656} WARNING - No viable dags retrieved from /home/data-eginner/Documents/Soccer_Data/env/lib/python3.8/site-packages/airflow/example_dags/plugins/workday.py
[2022-01-28 22:09:50,871] {processor.py:171} INFO - Processing /home/data-eginner/Documents/Soccer_Data/env/lib/python3.8/site-packages/airflow/example_dags/plugins/workday.py took 0.018 seconds
[2022-01-28 22:10:25,225] {processor.py:163} INFO - Started process (PID=28036) to work on /home/data-eginner/Documents/Soccer_Data/env/lib/python3.8/site-packages/airflow/example_dags/plugins/workday.py
[2022-01-28 22:10:25,242] {processor.py:642} INFO - Processing file /home/data-eginner/Documents/Soccer_Data/env/lib/python3.8/site-packages/airflow/example_dags/plugins/workday.py for tasks to queue
[2022-01-28 22:10:25,243] {logging_mixin.py:109} INFO - [2022-01-28 22:10:25,242] {dagbag.py:500} INFO - Filling up the DagBag from /home/data-eginner/Documents/Soccer_Data/env/lib/python3.8/site-packages/airflow/example_dags/plugins/workday.py
[2022-01-28 22:10:25,286] {processor.py:656} WARNING - No viable dags retrieved from /home/data-eginner/Documents/Soccer_Data/env/lib/python3.8/site-packages/airflow/example_dags/plugins/workday.py
[2022-01-28 22:10:25,289] {processor.py:171} INFO - Processing /home/data-eginner/Documents/Soccer_Data/env/lib/python3.8/site-packages/airflow/example_dags/plugins/workday.py took 0.072 seconds
[2022-01-28 22:11:03,839] {processor.py:163} INFO - Started process (PID=28207) to work on /home/data-eginner/Documents/Soccer_Data/env/lib/python3.8/site-packages/airflow/example_dags/plugins/workday.py
[2022-01-28 22:11:03,842] {processor.py:642} INFO - Processing file /home/data-eginner/Documents/Soccer_Data/env/lib/python3.8/site-packages/airflow/example_dags/plugins/workday.py for tasks to queue
[2022-01-28 22:11:03,843] {logging_mixin.py:109} INFO - [2022-01-28 22:11:03,843] {dagbag.py:500} INFO - Filling up the DagBag from /home/data-eginner/Documents/Soccer_Data/env/lib/python3.8/site-packages/airflow/example_dags/plugins/workday.py
[2022-01-28 22:11:03,852] {processor.py:656} WARNING - No viable dags retrieved from /home/data-eginner/Documents/Soccer_Data/env/lib/python3.8/site-packages/airflow/example_dags/plugins/workday.py
[2022-01-28 22:11:03,860] {processor.py:171} INFO - Processing /home/data-eginner/Documents/Soccer_Data/env/lib/python3.8/site-packages/airflow/example_dags/plugins/workday.py took 0.023 seconds
[2022-01-28 22:11:38,568] {processor.py:163} INFO - Started process (PID=28349) to work on /home/data-eginner/Documents/Soccer_Data/env/lib/python3.8/site-packages/airflow/example_dags/plugins/workday.py
[2022-01-28 22:11:38,571] {processor.py:642} INFO - Processing file /home/data-eginner/Documents/Soccer_Data/env/lib/python3.8/site-packages/airflow/example_dags/plugins/workday.py for tasks to queue
[2022-01-28 22:11:38,572] {logging_mixin.py:109} INFO - [2022-01-28 22:11:38,572] {dagbag.py:500} INFO - Filling up the DagBag from /home/data-eginner/Documents/Soccer_Data/env/lib/python3.8/site-packages/airflow/example_dags/plugins/workday.py
[2022-01-28 22:11:38,588] {processor.py:656} WARNING - No viable dags retrieved from /home/data-eginner/Documents/Soccer_Data/env/lib/python3.8/site-packages/airflow/example_dags/plugins/workday.py
[2022-01-28 22:11:38,590] {processor.py:171} INFO - Processing /home/data-eginner/Documents/Soccer_Data/env/lib/python3.8/site-packages/airflow/example_dags/plugins/workday.py took 0.029 seconds
[2022-01-28 22:12:12,450] {processor.py:163} INFO - Started process (PID=28504) to work on /home/data-eginner/Documents/Soccer_Data/env/lib/python3.8/site-packages/airflow/example_dags/plugins/workday.py
[2022-01-28 22:12:12,453] {processor.py:642} INFO - Processing file /home/data-eginner/Documents/Soccer_Data/env/lib/python3.8/site-packages/airflow/example_dags/plugins/workday.py for tasks to queue
[2022-01-28 22:12:12,454] {logging_mixin.py:109} INFO - [2022-01-28 22:12:12,453] {dagbag.py:500} INFO - Filling up the DagBag from /home/data-eginner/Documents/Soccer_Data/env/lib/python3.8/site-packages/airflow/example_dags/plugins/workday.py
[2022-01-28 22:12:12,475] {processor.py:656} WARNING - No viable dags retrieved from /home/data-eginner/Documents/Soccer_Data/env/lib/python3.8/site-packages/airflow/example_dags/plugins/workday.py
[2022-01-28 22:12:12,490] {processor.py:171} INFO - Processing /home/data-eginner/Documents/Soccer_Data/env/lib/python3.8/site-packages/airflow/example_dags/plugins/workday.py took 0.056 seconds
[2022-01-28 22:12:50,800] {processor.py:163} INFO - Started process (PID=28645) to work on /home/data-eginner/Documents/Soccer_Data/env/lib/python3.8/site-packages/airflow/example_dags/plugins/workday.py
[2022-01-28 22:12:50,817] {processor.py:642} INFO - Processing file /home/data-eginner/Documents/Soccer_Data/env/lib/python3.8/site-packages/airflow/example_dags/plugins/workday.py for tasks to queue
[2022-01-28 22:12:50,818] {logging_mixin.py:109} INFO - [2022-01-28 22:12:50,818] {dagbag.py:500} INFO - Filling up the DagBag from /home/data-eginner/Documents/Soccer_Data/env/lib/python3.8/site-packages/airflow/example_dags/plugins/workday.py
[2022-01-28 22:12:50,843] {processor.py:656} WARNING - No viable dags retrieved from /home/data-eginner/Documents/Soccer_Data/env/lib/python3.8/site-packages/airflow/example_dags/plugins/workday.py
[2022-01-28 22:12:50,851] {processor.py:171} INFO - Processing /home/data-eginner/Documents/Soccer_Data/env/lib/python3.8/site-packages/airflow/example_dags/plugins/workday.py took 0.053 seconds
[2022-01-28 22:13:30,761] {processor.py:163} INFO - Started process (PID=28805) to work on /home/data-eginner/Documents/Soccer_Data/env/lib/python3.8/site-packages/airflow/example_dags/plugins/workday.py
[2022-01-28 22:13:30,782] {processor.py:642} INFO - Processing file /home/data-eginner/Documents/Soccer_Data/env/lib/python3.8/site-packages/airflow/example_dags/plugins/workday.py for tasks to queue
[2022-01-28 22:13:30,783] {logging_mixin.py:109} INFO - [2022-01-28 22:13:30,783] {dagbag.py:500} INFO - Filling up the DagBag from /home/data-eginner/Documents/Soccer_Data/env/lib/python3.8/site-packages/airflow/example_dags/plugins/workday.py
[2022-01-28 22:13:30,816] {processor.py:656} WARNING - No viable dags retrieved from /home/data-eginner/Documents/Soccer_Data/env/lib/python3.8/site-packages/airflow/example_dags/plugins/workday.py
[2022-01-28 22:13:30,818] {processor.py:171} INFO - Processing /home/data-eginner/Documents/Soccer_Data/env/lib/python3.8/site-packages/airflow/example_dags/plugins/workday.py took 0.077 seconds
[2022-01-28 22:14:19,677] {processor.py:163} INFO - Started process (PID=28997) to work on /home/data-eginner/Documents/Soccer_Data/env/lib/python3.8/site-packages/airflow/example_dags/plugins/workday.py
[2022-01-28 22:14:19,683] {processor.py:642} INFO - Processing file /home/data-eginner/Documents/Soccer_Data/env/lib/python3.8/site-packages/airflow/example_dags/plugins/workday.py for tasks to queue
[2022-01-28 22:14:19,683] {logging_mixin.py:109} INFO - [2022-01-28 22:14:19,683] {dagbag.py:500} INFO - Filling up the DagBag from /home/data-eginner/Documents/Soccer_Data/env/lib/python3.8/site-packages/airflow/example_dags/plugins/workday.py
[2022-01-28 22:14:19,706] {processor.py:656} WARNING - No viable dags retrieved from /home/data-eginner/Documents/Soccer_Data/env/lib/python3.8/site-packages/airflow/example_dags/plugins/workday.py
[2022-01-28 22:14:19,708] {processor.py:171} INFO - Processing /home/data-eginner/Documents/Soccer_Data/env/lib/python3.8/site-packages/airflow/example_dags/plugins/workday.py took 0.034 seconds
[2022-01-28 22:14:58,295] {processor.py:163} INFO - Started process (PID=29149) to work on /home/data-eginner/Documents/Soccer_Data/env/lib/python3.8/site-packages/airflow/example_dags/plugins/workday.py
[2022-01-28 22:14:58,308] {processor.py:642} INFO - Processing file /home/data-eginner/Documents/Soccer_Data/env/lib/python3.8/site-packages/airflow/example_dags/plugins/workday.py for tasks to queue
[2022-01-28 22:14:58,308] {logging_mixin.py:109} INFO - [2022-01-28 22:14:58,308] {dagbag.py:500} INFO - Filling up the DagBag from /home/data-eginner/Documents/Soccer_Data/env/lib/python3.8/site-packages/airflow/example_dags/plugins/workday.py
[2022-01-28 22:14:58,334] {processor.py:656} WARNING - No viable dags retrieved from /home/data-eginner/Documents/Soccer_Data/env/lib/python3.8/site-packages/airflow/example_dags/plugins/workday.py
[2022-01-28 22:14:58,336] {processor.py:171} INFO - Processing /home/data-eginner/Documents/Soccer_Data/env/lib/python3.8/site-packages/airflow/example_dags/plugins/workday.py took 0.044 seconds
[2022-01-28 22:15:37,521] {processor.py:163} INFO - Started process (PID=29279) to work on /home/data-eginner/Documents/Soccer_Data/env/lib/python3.8/site-packages/airflow/example_dags/plugins/workday.py
[2022-01-28 22:15:37,570] {processor.py:642} INFO - Processing file /home/data-eginner/Documents/Soccer_Data/env/lib/python3.8/site-packages/airflow/example_dags/plugins/workday.py for tasks to queue
[2022-01-28 22:15:37,571] {logging_mixin.py:109} INFO - [2022-01-28 22:15:37,571] {dagbag.py:500} INFO - Filling up the DagBag from /home/data-eginner/Documents/Soccer_Data/env/lib/python3.8/site-packages/airflow/example_dags/plugins/workday.py
[2022-01-28 22:15:37,616] {processor.py:656} WARNING - No viable dags retrieved from /home/data-eginner/Documents/Soccer_Data/env/lib/python3.8/site-packages/airflow/example_dags/plugins/workday.py
[2022-01-28 22:15:37,640] {processor.py:171} INFO - Processing /home/data-eginner/Documents/Soccer_Data/env/lib/python3.8/site-packages/airflow/example_dags/plugins/workday.py took 0.149 seconds
[2022-01-28 22:16:22,244] {processor.py:163} INFO - Started process (PID=29440) to work on /home/data-eginner/Documents/Soccer_Data/env/lib/python3.8/site-packages/airflow/example_dags/plugins/workday.py
[2022-01-28 22:16:22,255] {processor.py:642} INFO - Processing file /home/data-eginner/Documents/Soccer_Data/env/lib/python3.8/site-packages/airflow/example_dags/plugins/workday.py for tasks to queue
[2022-01-28 22:16:22,256] {logging_mixin.py:109} INFO - [2022-01-28 22:16:22,256] {dagbag.py:500} INFO - Filling up the DagBag from /home/data-eginner/Documents/Soccer_Data/env/lib/python3.8/site-packages/airflow/example_dags/plugins/workday.py
[2022-01-28 22:16:22,284] {processor.py:656} WARNING - No viable dags retrieved from /home/data-eginner/Documents/Soccer_Data/env/lib/python3.8/site-packages/airflow/example_dags/plugins/workday.py
[2022-01-28 22:16:22,286] {processor.py:171} INFO - Processing /home/data-eginner/Documents/Soccer_Data/env/lib/python3.8/site-packages/airflow/example_dags/plugins/workday.py took 0.045 seconds
[2022-01-28 22:17:09,365] {processor.py:163} INFO - Started process (PID=29620) to work on /home/data-eginner/Documents/Soccer_Data/env/lib/python3.8/site-packages/airflow/example_dags/plugins/workday.py
[2022-01-28 22:17:09,398] {processor.py:642} INFO - Processing file /home/data-eginner/Documents/Soccer_Data/env/lib/python3.8/site-packages/airflow/example_dags/plugins/workday.py for tasks to queue
[2022-01-28 22:17:09,399] {logging_mixin.py:109} INFO - [2022-01-28 22:17:09,399] {dagbag.py:500} INFO - Filling up the DagBag from /home/data-eginner/Documents/Soccer_Data/env/lib/python3.8/site-packages/airflow/example_dags/plugins/workday.py
[2022-01-28 22:17:09,409] {processor.py:656} WARNING - No viable dags retrieved from /home/data-eginner/Documents/Soccer_Data/env/lib/python3.8/site-packages/airflow/example_dags/plugins/workday.py
[2022-01-28 22:17:09,412] {processor.py:171} INFO - Processing /home/data-eginner/Documents/Soccer_Data/env/lib/python3.8/site-packages/airflow/example_dags/plugins/workday.py took 0.049 seconds
[2022-01-28 22:17:53,258] {processor.py:163} INFO - Started process (PID=29789) to work on /home/data-eginner/Documents/Soccer_Data/env/lib/python3.8/site-packages/airflow/example_dags/plugins/workday.py
[2022-01-28 22:17:53,260] {processor.py:642} INFO - Processing file /home/data-eginner/Documents/Soccer_Data/env/lib/python3.8/site-packages/airflow/example_dags/plugins/workday.py for tasks to queue
[2022-01-28 22:17:53,260] {logging_mixin.py:109} INFO - [2022-01-28 22:17:53,260] {dagbag.py:500} INFO - Filling up the DagBag from /home/data-eginner/Documents/Soccer_Data/env/lib/python3.8/site-packages/airflow/example_dags/plugins/workday.py
[2022-01-28 22:17:53,271] {processor.py:656} WARNING - No viable dags retrieved from /home/data-eginner/Documents/Soccer_Data/env/lib/python3.8/site-packages/airflow/example_dags/plugins/workday.py
[2022-01-28 22:17:53,274] {processor.py:171} INFO - Processing /home/data-eginner/Documents/Soccer_Data/env/lib/python3.8/site-packages/airflow/example_dags/plugins/workday.py took 0.023 seconds
[2022-01-28 22:18:31,061] {processor.py:163} INFO - Started process (PID=29946) to work on /home/data-eginner/Documents/Soccer_Data/env/lib/python3.8/site-packages/airflow/example_dags/plugins/workday.py
[2022-01-28 22:18:31,064] {processor.py:642} INFO - Processing file /home/data-eginner/Documents/Soccer_Data/env/lib/python3.8/site-packages/airflow/example_dags/plugins/workday.py for tasks to queue
[2022-01-28 22:18:31,064] {logging_mixin.py:109} INFO - [2022-01-28 22:18:31,064] {dagbag.py:500} INFO - Filling up the DagBag from /home/data-eginner/Documents/Soccer_Data/env/lib/python3.8/site-packages/airflow/example_dags/plugins/workday.py
[2022-01-28 22:18:31,078] {processor.py:656} WARNING - No viable dags retrieved from /home/data-eginner/Documents/Soccer_Data/env/lib/python3.8/site-packages/airflow/example_dags/plugins/workday.py
[2022-01-28 22:18:31,080] {processor.py:171} INFO - Processing /home/data-eginner/Documents/Soccer_Data/env/lib/python3.8/site-packages/airflow/example_dags/plugins/workday.py took 0.024 seconds
[2022-01-28 22:19:04,612] {processor.py:163} INFO - Started process (PID=30079) to work on /home/data-eginner/Documents/Soccer_Data/env/lib/python3.8/site-packages/airflow/example_dags/plugins/workday.py
[2022-01-28 22:19:04,614] {processor.py:642} INFO - Processing file /home/data-eginner/Documents/Soccer_Data/env/lib/python3.8/site-packages/airflow/example_dags/plugins/workday.py for tasks to queue
[2022-01-28 22:19:04,615] {logging_mixin.py:109} INFO - [2022-01-28 22:19:04,615] {dagbag.py:500} INFO - Filling up the DagBag from /home/data-eginner/Documents/Soccer_Data/env/lib/python3.8/site-packages/airflow/example_dags/plugins/workday.py
[2022-01-28 22:19:04,636] {processor.py:656} WARNING - No viable dags retrieved from /home/data-eginner/Documents/Soccer_Data/env/lib/python3.8/site-packages/airflow/example_dags/plugins/workday.py
[2022-01-28 22:19:04,638] {processor.py:171} INFO - Processing /home/data-eginner/Documents/Soccer_Data/env/lib/python3.8/site-packages/airflow/example_dags/plugins/workday.py took 0.041 seconds
[2022-01-28 22:20:09,265] {processor.py:163} INFO - Started process (PID=30332) to work on /home/data-eginner/Documents/Soccer_Data/env/lib/python3.8/site-packages/airflow/example_dags/plugins/workday.py
[2022-01-28 22:20:09,269] {processor.py:642} INFO - Processing file /home/data-eginner/Documents/Soccer_Data/env/lib/python3.8/site-packages/airflow/example_dags/plugins/workday.py for tasks to queue
[2022-01-28 22:20:09,271] {logging_mixin.py:109} INFO - [2022-01-28 22:20:09,270] {dagbag.py:500} INFO - Filling up the DagBag from /home/data-eginner/Documents/Soccer_Data/env/lib/python3.8/site-packages/airflow/example_dags/plugins/workday.py
[2022-01-28 22:20:09,286] {processor.py:656} WARNING - No viable dags retrieved from /home/data-eginner/Documents/Soccer_Data/env/lib/python3.8/site-packages/airflow/example_dags/plugins/workday.py
[2022-01-28 22:20:09,288] {processor.py:171} INFO - Processing /home/data-eginner/Documents/Soccer_Data/env/lib/python3.8/site-packages/airflow/example_dags/plugins/workday.py took 0.030 seconds
[2022-01-28 22:20:49,871] {processor.py:163} INFO - Started process (PID=30506) to work on /home/data-eginner/Documents/Soccer_Data/env/lib/python3.8/site-packages/airflow/example_dags/plugins/workday.py
[2022-01-28 22:20:49,875] {processor.py:642} INFO - Processing file /home/data-eginner/Documents/Soccer_Data/env/lib/python3.8/site-packages/airflow/example_dags/plugins/workday.py for tasks to queue
[2022-01-28 22:20:49,876] {logging_mixin.py:109} INFO - [2022-01-28 22:20:49,876] {dagbag.py:500} INFO - Filling up the DagBag from /home/data-eginner/Documents/Soccer_Data/env/lib/python3.8/site-packages/airflow/example_dags/plugins/workday.py
[2022-01-28 22:20:49,893] {processor.py:656} WARNING - No viable dags retrieved from /home/data-eginner/Documents/Soccer_Data/env/lib/python3.8/site-packages/airflow/example_dags/plugins/workday.py
[2022-01-28 22:20:49,897] {processor.py:171} INFO - Processing /home/data-eginner/Documents/Soccer_Data/env/lib/python3.8/site-packages/airflow/example_dags/plugins/workday.py took 0.030 seconds
[2022-01-28 22:21:24,171] {processor.py:163} INFO - Started process (PID=30654) to work on /home/data-eginner/Documents/Soccer_Data/env/lib/python3.8/site-packages/airflow/example_dags/plugins/workday.py
[2022-01-28 22:21:24,177] {processor.py:642} INFO - Processing file /home/data-eginner/Documents/Soccer_Data/env/lib/python3.8/site-packages/airflow/example_dags/plugins/workday.py for tasks to queue
[2022-01-28 22:21:24,178] {logging_mixin.py:109} INFO - [2022-01-28 22:21:24,178] {dagbag.py:500} INFO - Filling up the DagBag from /home/data-eginner/Documents/Soccer_Data/env/lib/python3.8/site-packages/airflow/example_dags/plugins/workday.py
[2022-01-28 22:21:24,193] {processor.py:656} WARNING - No viable dags retrieved from /home/data-eginner/Documents/Soccer_Data/env/lib/python3.8/site-packages/airflow/example_dags/plugins/workday.py
[2022-01-28 22:21:24,195] {processor.py:171} INFO - Processing /home/data-eginner/Documents/Soccer_Data/env/lib/python3.8/site-packages/airflow/example_dags/plugins/workday.py took 0.031 seconds
[2022-01-28 22:21:57,797] {processor.py:163} INFO - Started process (PID=30800) to work on /home/data-eginner/Documents/Soccer_Data/env/lib/python3.8/site-packages/airflow/example_dags/plugins/workday.py
[2022-01-28 22:21:57,802] {processor.py:642} INFO - Processing file /home/data-eginner/Documents/Soccer_Data/env/lib/python3.8/site-packages/airflow/example_dags/plugins/workday.py for tasks to queue
[2022-01-28 22:21:57,803] {logging_mixin.py:109} INFO - [2022-01-28 22:21:57,803] {dagbag.py:500} INFO - Filling up the DagBag from /home/data-eginner/Documents/Soccer_Data/env/lib/python3.8/site-packages/airflow/example_dags/plugins/workday.py
[2022-01-28 22:21:57,821] {processor.py:656} WARNING - No viable dags retrieved from /home/data-eginner/Documents/Soccer_Data/env/lib/python3.8/site-packages/airflow/example_dags/plugins/workday.py
[2022-01-28 22:21:57,825] {processor.py:171} INFO - Processing /home/data-eginner/Documents/Soccer_Data/env/lib/python3.8/site-packages/airflow/example_dags/plugins/workday.py took 0.032 seconds
[2022-01-28 22:22:31,285] {processor.py:163} INFO - Started process (PID=30951) to work on /home/data-eginner/Documents/Soccer_Data/env/lib/python3.8/site-packages/airflow/example_dags/plugins/workday.py
[2022-01-28 22:22:31,289] {processor.py:642} INFO - Processing file /home/data-eginner/Documents/Soccer_Data/env/lib/python3.8/site-packages/airflow/example_dags/plugins/workday.py for tasks to queue
[2022-01-28 22:22:31,289] {logging_mixin.py:109} INFO - [2022-01-28 22:22:31,289] {dagbag.py:500} INFO - Filling up the DagBag from /home/data-eginner/Documents/Soccer_Data/env/lib/python3.8/site-packages/airflow/example_dags/plugins/workday.py
[2022-01-28 22:22:31,303] {processor.py:656} WARNING - No viable dags retrieved from /home/data-eginner/Documents/Soccer_Data/env/lib/python3.8/site-packages/airflow/example_dags/plugins/workday.py
[2022-01-28 22:22:31,318] {processor.py:171} INFO - Processing /home/data-eginner/Documents/Soccer_Data/env/lib/python3.8/site-packages/airflow/example_dags/plugins/workday.py took 0.048 seconds
