[2022-01-21 21:00:08,673] {processor.py:163} INFO - Started process (PID=110475) to work on /home/data-eginner/Documents/Soccer_Data/env/lib/python3.8/site-packages/airflow/example_dags/example_task_group_decorator.py
[2022-01-21 21:00:08,674] {processor.py:642} INFO - Processing file /home/data-eginner/Documents/Soccer_Data/env/lib/python3.8/site-packages/airflow/example_dags/example_task_group_decorator.py for tasks to queue
[2022-01-21 21:00:08,676] {logging_mixin.py:109} INFO - [2022-01-21 21:00:08,676] {dagbag.py:500} INFO - Filling up the DagBag from /home/data-eginner/Documents/Soccer_Data/env/lib/python3.8/site-packages/airflow/example_dags/example_task_group_decorator.py
[2022-01-21 21:00:08,809] {processor.py:654} INFO - DAG(s) dict_keys(['example_task_group_decorator']) retrieved from /home/data-eginner/Documents/Soccer_Data/env/lib/python3.8/site-packages/airflow/example_dags/example_task_group_decorator.py
[2022-01-21 21:00:09,350] {logging_mixin.py:109} INFO - [2022-01-21 21:00:09,350] {dag.py:2396} INFO - Sync 1 DAGs
[2022-01-21 21:00:09,361] {logging_mixin.py:109} INFO - [2022-01-21 21:00:09,361] {dag.py:2935} INFO - Setting next_dagrun for example_task_group_decorator to 2022-01-21T00:00:09.361651+00:00
[2022-01-21 21:00:09,427] {processor.py:171} INFO - Processing /home/data-eginner/Documents/Soccer_Data/env/lib/python3.8/site-packages/airflow/example_dags/example_task_group_decorator.py took 0.805 seconds
[2022-01-21 21:00:50,361] {processor.py:163} INFO - Started process (PID=110694) to work on /home/data-eginner/Documents/Soccer_Data/env/lib/python3.8/site-packages/airflow/example_dags/example_task_group_decorator.py
[2022-01-21 21:00:50,365] {processor.py:642} INFO - Processing file /home/data-eginner/Documents/Soccer_Data/env/lib/python3.8/site-packages/airflow/example_dags/example_task_group_decorator.py for tasks to queue
[2022-01-21 21:00:50,366] {logging_mixin.py:109} INFO - [2022-01-21 21:00:50,366] {dagbag.py:500} INFO - Filling up the DagBag from /home/data-eginner/Documents/Soccer_Data/env/lib/python3.8/site-packages/airflow/example_dags/example_task_group_decorator.py
[2022-01-21 21:00:50,461] {processor.py:654} INFO - DAG(s) dict_keys(['example_task_group_decorator']) retrieved from /home/data-eginner/Documents/Soccer_Data/env/lib/python3.8/site-packages/airflow/example_dags/example_task_group_decorator.py
[2022-01-21 21:00:51,227] {logging_mixin.py:109} INFO - [2022-01-21 21:00:51,227] {dag.py:2396} INFO - Sync 1 DAGs
[2022-01-21 21:00:51,253] {logging_mixin.py:109} INFO - [2022-01-21 21:00:51,253] {dag.py:2935} INFO - Setting next_dagrun for example_task_group_decorator to 2022-01-21T00:00:51.253065+00:00
[2022-01-21 21:00:51,324] {processor.py:171} INFO - Processing /home/data-eginner/Documents/Soccer_Data/env/lib/python3.8/site-packages/airflow/example_dags/example_task_group_decorator.py took 0.965 seconds
[2022-01-21 21:01:27,641] {processor.py:163} INFO - Started process (PID=110879) to work on /home/data-eginner/Documents/Soccer_Data/env/lib/python3.8/site-packages/airflow/example_dags/example_task_group_decorator.py
[2022-01-21 21:01:27,651] {processor.py:642} INFO - Processing file /home/data-eginner/Documents/Soccer_Data/env/lib/python3.8/site-packages/airflow/example_dags/example_task_group_decorator.py for tasks to queue
[2022-01-21 21:01:27,653] {logging_mixin.py:109} INFO - [2022-01-21 21:01:27,653] {dagbag.py:500} INFO - Filling up the DagBag from /home/data-eginner/Documents/Soccer_Data/env/lib/python3.8/site-packages/airflow/example_dags/example_task_group_decorator.py
[2022-01-21 21:01:27,720] {processor.py:654} INFO - DAG(s) dict_keys(['example_task_group_decorator']) retrieved from /home/data-eginner/Documents/Soccer_Data/env/lib/python3.8/site-packages/airflow/example_dags/example_task_group_decorator.py
[2022-01-21 21:01:27,967] {logging_mixin.py:109} INFO - [2022-01-21 21:01:27,966] {dag.py:2396} INFO - Sync 1 DAGs
[2022-01-21 21:01:27,977] {logging_mixin.py:109} INFO - [2022-01-21 21:01:27,976] {dag.py:2935} INFO - Setting next_dagrun for example_task_group_decorator to 2022-01-21T00:01:27.976754+00:00
[2022-01-21 21:01:27,995] {processor.py:171} INFO - Processing /home/data-eginner/Documents/Soccer_Data/env/lib/python3.8/site-packages/airflow/example_dags/example_task_group_decorator.py took 0.371 seconds
[2022-01-21 21:02:07,058] {processor.py:163} INFO - Started process (PID=111060) to work on /home/data-eginner/Documents/Soccer_Data/env/lib/python3.8/site-packages/airflow/example_dags/example_task_group_decorator.py
[2022-01-21 21:02:07,063] {processor.py:642} INFO - Processing file /home/data-eginner/Documents/Soccer_Data/env/lib/python3.8/site-packages/airflow/example_dags/example_task_group_decorator.py for tasks to queue
[2022-01-21 21:02:07,063] {logging_mixin.py:109} INFO - [2022-01-21 21:02:07,063] {dagbag.py:500} INFO - Filling up the DagBag from /home/data-eginner/Documents/Soccer_Data/env/lib/python3.8/site-packages/airflow/example_dags/example_task_group_decorator.py
[2022-01-21 21:02:07,100] {processor.py:654} INFO - DAG(s) dict_keys(['example_task_group_decorator']) retrieved from /home/data-eginner/Documents/Soccer_Data/env/lib/python3.8/site-packages/airflow/example_dags/example_task_group_decorator.py
[2022-01-21 21:02:07,548] {logging_mixin.py:109} INFO - [2022-01-21 21:02:07,548] {dag.py:2396} INFO - Sync 1 DAGs
[2022-01-21 21:02:07,557] {logging_mixin.py:109} INFO - [2022-01-21 21:02:07,557] {dag.py:2935} INFO - Setting next_dagrun for example_task_group_decorator to 2022-01-21T00:02:07.556890+00:00
[2022-01-21 21:02:07,593] {processor.py:171} INFO - Processing /home/data-eginner/Documents/Soccer_Data/env/lib/python3.8/site-packages/airflow/example_dags/example_task_group_decorator.py took 0.538 seconds
[2022-01-21 21:03:07,518] {processor.py:163} INFO - Started process (PID=111336) to work on /home/data-eginner/Documents/Soccer_Data/env/lib/python3.8/site-packages/airflow/example_dags/example_task_group_decorator.py
[2022-01-21 21:03:07,526] {processor.py:642} INFO - Processing file /home/data-eginner/Documents/Soccer_Data/env/lib/python3.8/site-packages/airflow/example_dags/example_task_group_decorator.py for tasks to queue
[2022-01-21 21:03:07,527] {logging_mixin.py:109} INFO - [2022-01-21 21:03:07,527] {dagbag.py:500} INFO - Filling up the DagBag from /home/data-eginner/Documents/Soccer_Data/env/lib/python3.8/site-packages/airflow/example_dags/example_task_group_decorator.py
[2022-01-21 21:03:07,705] {processor.py:654} INFO - DAG(s) dict_keys(['example_task_group_decorator']) retrieved from /home/data-eginner/Documents/Soccer_Data/env/lib/python3.8/site-packages/airflow/example_dags/example_task_group_decorator.py
[2022-01-21 21:03:08,745] {logging_mixin.py:109} INFO - [2022-01-21 21:03:08,745] {dag.py:2396} INFO - Sync 1 DAGs
[2022-01-21 21:03:08,776] {logging_mixin.py:109} INFO - [2022-01-21 21:03:08,776] {dag.py:2935} INFO - Setting next_dagrun for example_task_group_decorator to 2022-01-21T00:03:08.776348+00:00
[2022-01-21 21:03:09,092] {processor.py:171} INFO - Processing /home/data-eginner/Documents/Soccer_Data/env/lib/python3.8/site-packages/airflow/example_dags/example_task_group_decorator.py took 1.602 seconds
[2022-01-21 21:03:51,245] {processor.py:163} INFO - Started process (PID=111552) to work on /home/data-eginner/Documents/Soccer_Data/env/lib/python3.8/site-packages/airflow/example_dags/example_task_group_decorator.py
[2022-01-21 21:03:51,249] {processor.py:642} INFO - Processing file /home/data-eginner/Documents/Soccer_Data/env/lib/python3.8/site-packages/airflow/example_dags/example_task_group_decorator.py for tasks to queue
[2022-01-21 21:03:51,250] {logging_mixin.py:109} INFO - [2022-01-21 21:03:51,250] {dagbag.py:500} INFO - Filling up the DagBag from /home/data-eginner/Documents/Soccer_Data/env/lib/python3.8/site-packages/airflow/example_dags/example_task_group_decorator.py
[2022-01-21 21:03:51,285] {processor.py:654} INFO - DAG(s) dict_keys(['example_task_group_decorator']) retrieved from /home/data-eginner/Documents/Soccer_Data/env/lib/python3.8/site-packages/airflow/example_dags/example_task_group_decorator.py
[2022-01-21 21:03:51,525] {logging_mixin.py:109} INFO - [2022-01-21 21:03:51,525] {dag.py:2396} INFO - Sync 1 DAGs
[2022-01-21 21:03:51,536] {logging_mixin.py:109} INFO - [2022-01-21 21:03:51,536] {dag.py:2935} INFO - Setting next_dagrun for example_task_group_decorator to 2022-01-21T00:03:51.536019+00:00
[2022-01-21 21:03:51,551] {processor.py:171} INFO - Processing /home/data-eginner/Documents/Soccer_Data/env/lib/python3.8/site-packages/airflow/example_dags/example_task_group_decorator.py took 0.310 seconds
[2022-01-21 21:04:31,271] {processor.py:163} INFO - Started process (PID=111770) to work on /home/data-eginner/Documents/Soccer_Data/env/lib/python3.8/site-packages/airflow/example_dags/example_task_group_decorator.py
[2022-01-21 21:04:31,285] {processor.py:642} INFO - Processing file /home/data-eginner/Documents/Soccer_Data/env/lib/python3.8/site-packages/airflow/example_dags/example_task_group_decorator.py for tasks to queue
[2022-01-21 21:04:31,286] {logging_mixin.py:109} INFO - [2022-01-21 21:04:31,286] {dagbag.py:500} INFO - Filling up the DagBag from /home/data-eginner/Documents/Soccer_Data/env/lib/python3.8/site-packages/airflow/example_dags/example_task_group_decorator.py
[2022-01-21 21:04:31,383] {processor.py:654} INFO - DAG(s) dict_keys(['example_task_group_decorator']) retrieved from /home/data-eginner/Documents/Soccer_Data/env/lib/python3.8/site-packages/airflow/example_dags/example_task_group_decorator.py
[2022-01-21 21:04:32,357] {logging_mixin.py:109} INFO - [2022-01-21 21:04:32,357] {dag.py:2396} INFO - Sync 1 DAGs
[2022-01-21 21:04:32,365] {logging_mixin.py:109} INFO - [2022-01-21 21:04:32,365] {dag.py:2935} INFO - Setting next_dagrun for example_task_group_decorator to 2022-01-21T00:04:32.365532+00:00
[2022-01-21 21:04:32,397] {processor.py:171} INFO - Processing /home/data-eginner/Documents/Soccer_Data/env/lib/python3.8/site-packages/airflow/example_dags/example_task_group_decorator.py took 1.129 seconds
[2022-01-21 21:05:09,600] {processor.py:163} INFO - Started process (PID=111966) to work on /home/data-eginner/Documents/Soccer_Data/env/lib/python3.8/site-packages/airflow/example_dags/example_task_group_decorator.py
[2022-01-21 21:05:09,602] {processor.py:642} INFO - Processing file /home/data-eginner/Documents/Soccer_Data/env/lib/python3.8/site-packages/airflow/example_dags/example_task_group_decorator.py for tasks to queue
[2022-01-21 21:05:09,603] {logging_mixin.py:109} INFO - [2022-01-21 21:05:09,603] {dagbag.py:500} INFO - Filling up the DagBag from /home/data-eginner/Documents/Soccer_Data/env/lib/python3.8/site-packages/airflow/example_dags/example_task_group_decorator.py
[2022-01-21 21:05:09,632] {processor.py:654} INFO - DAG(s) dict_keys(['example_task_group_decorator']) retrieved from /home/data-eginner/Documents/Soccer_Data/env/lib/python3.8/site-packages/airflow/example_dags/example_task_group_decorator.py
[2022-01-21 21:05:09,879] {logging_mixin.py:109} INFO - [2022-01-21 21:05:09,879] {dag.py:2396} INFO - Sync 1 DAGs
[2022-01-21 21:05:09,888] {logging_mixin.py:109} INFO - [2022-01-21 21:05:09,888] {dag.py:2935} INFO - Setting next_dagrun for example_task_group_decorator to 2022-01-21T00:05:09.888101+00:00
[2022-01-21 21:05:09,906] {processor.py:171} INFO - Processing /home/data-eginner/Documents/Soccer_Data/env/lib/python3.8/site-packages/airflow/example_dags/example_task_group_decorator.py took 0.312 seconds
[2022-01-21 21:05:46,997] {processor.py:163} INFO - Started process (PID=112156) to work on /home/data-eginner/Documents/Soccer_Data/env/lib/python3.8/site-packages/airflow/example_dags/example_task_group_decorator.py
[2022-01-21 21:05:47,007] {processor.py:642} INFO - Processing file /home/data-eginner/Documents/Soccer_Data/env/lib/python3.8/site-packages/airflow/example_dags/example_task_group_decorator.py for tasks to queue
[2022-01-21 21:05:47,009] {logging_mixin.py:109} INFO - [2022-01-21 21:05:47,008] {dagbag.py:500} INFO - Filling up the DagBag from /home/data-eginner/Documents/Soccer_Data/env/lib/python3.8/site-packages/airflow/example_dags/example_task_group_decorator.py
[2022-01-21 21:05:47,058] {processor.py:654} INFO - DAG(s) dict_keys(['example_task_group_decorator']) retrieved from /home/data-eginner/Documents/Soccer_Data/env/lib/python3.8/site-packages/airflow/example_dags/example_task_group_decorator.py
[2022-01-21 21:05:47,320] {logging_mixin.py:109} INFO - [2022-01-21 21:05:47,320] {dag.py:2396} INFO - Sync 1 DAGs
[2022-01-21 21:05:47,329] {logging_mixin.py:109} INFO - [2022-01-21 21:05:47,329] {dag.py:2935} INFO - Setting next_dagrun for example_task_group_decorator to 2022-01-21T00:05:47.329043+00:00
[2022-01-21 21:05:47,346] {processor.py:171} INFO - Processing /home/data-eginner/Documents/Soccer_Data/env/lib/python3.8/site-packages/airflow/example_dags/example_task_group_decorator.py took 0.360 seconds
[2022-01-21 21:06:19,649] {processor.py:163} INFO - Started process (PID=112329) to work on /home/data-eginner/Documents/Soccer_Data/env/lib/python3.8/site-packages/airflow/example_dags/example_task_group_decorator.py
[2022-01-21 21:06:19,651] {processor.py:642} INFO - Processing file /home/data-eginner/Documents/Soccer_Data/env/lib/python3.8/site-packages/airflow/example_dags/example_task_group_decorator.py for tasks to queue
[2022-01-21 21:06:19,652] {logging_mixin.py:109} INFO - [2022-01-21 21:06:19,652] {dagbag.py:500} INFO - Filling up the DagBag from /home/data-eginner/Documents/Soccer_Data/env/lib/python3.8/site-packages/airflow/example_dags/example_task_group_decorator.py
[2022-01-21 21:06:19,726] {processor.py:654} INFO - DAG(s) dict_keys(['example_task_group_decorator']) retrieved from /home/data-eginner/Documents/Soccer_Data/env/lib/python3.8/site-packages/airflow/example_dags/example_task_group_decorator.py
[2022-01-21 21:06:19,964] {logging_mixin.py:109} INFO - [2022-01-21 21:06:19,964] {dag.py:2396} INFO - Sync 1 DAGs
[2022-01-21 21:06:19,975] {logging_mixin.py:109} INFO - [2022-01-21 21:06:19,974] {dag.py:2935} INFO - Setting next_dagrun for example_task_group_decorator to 2022-01-21T00:06:19.974729+00:00
[2022-01-21 21:06:20,012] {processor.py:171} INFO - Processing /home/data-eginner/Documents/Soccer_Data/env/lib/python3.8/site-packages/airflow/example_dags/example_task_group_decorator.py took 0.377 seconds
[2022-01-21 21:06:54,665] {processor.py:163} INFO - Started process (PID=112515) to work on /home/data-eginner/Documents/Soccer_Data/env/lib/python3.8/site-packages/airflow/example_dags/example_task_group_decorator.py
[2022-01-21 21:06:54,672] {processor.py:642} INFO - Processing file /home/data-eginner/Documents/Soccer_Data/env/lib/python3.8/site-packages/airflow/example_dags/example_task_group_decorator.py for tasks to queue
[2022-01-21 21:06:54,673] {logging_mixin.py:109} INFO - [2022-01-21 21:06:54,673] {dagbag.py:500} INFO - Filling up the DagBag from /home/data-eginner/Documents/Soccer_Data/env/lib/python3.8/site-packages/airflow/example_dags/example_task_group_decorator.py
[2022-01-21 21:06:54,740] {processor.py:654} INFO - DAG(s) dict_keys(['example_task_group_decorator']) retrieved from /home/data-eginner/Documents/Soccer_Data/env/lib/python3.8/site-packages/airflow/example_dags/example_task_group_decorator.py
[2022-01-21 21:06:55,005] {logging_mixin.py:109} INFO - [2022-01-21 21:06:55,005] {dag.py:2396} INFO - Sync 1 DAGs
[2022-01-21 21:06:55,016] {logging_mixin.py:109} INFO - [2022-01-21 21:06:55,015] {dag.py:2935} INFO - Setting next_dagrun for example_task_group_decorator to 2022-01-21T00:06:55.015797+00:00
[2022-01-21 21:06:55,288] {processor.py:171} INFO - Processing /home/data-eginner/Documents/Soccer_Data/env/lib/python3.8/site-packages/airflow/example_dags/example_task_group_decorator.py took 0.627 seconds
[2022-01-21 21:07:32,394] {processor.py:163} INFO - Started process (PID=112700) to work on /home/data-eginner/Documents/Soccer_Data/env/lib/python3.8/site-packages/airflow/example_dags/example_task_group_decorator.py
[2022-01-21 21:07:32,401] {processor.py:642} INFO - Processing file /home/data-eginner/Documents/Soccer_Data/env/lib/python3.8/site-packages/airflow/example_dags/example_task_group_decorator.py for tasks to queue
[2022-01-21 21:07:32,403] {logging_mixin.py:109} INFO - [2022-01-21 21:07:32,402] {dagbag.py:500} INFO - Filling up the DagBag from /home/data-eginner/Documents/Soccer_Data/env/lib/python3.8/site-packages/airflow/example_dags/example_task_group_decorator.py
[2022-01-21 21:07:32,453] {processor.py:654} INFO - DAG(s) dict_keys(['example_task_group_decorator']) retrieved from /home/data-eginner/Documents/Soccer_Data/env/lib/python3.8/site-packages/airflow/example_dags/example_task_group_decorator.py
[2022-01-21 21:07:32,775] {logging_mixin.py:109} INFO - [2022-01-21 21:07:32,775] {dag.py:2396} INFO - Sync 1 DAGs
[2022-01-21 21:07:32,785] {logging_mixin.py:109} INFO - [2022-01-21 21:07:32,785] {dag.py:2935} INFO - Setting next_dagrun for example_task_group_decorator to 2022-01-21T00:07:32.785643+00:00
[2022-01-21 21:07:32,803] {processor.py:171} INFO - Processing /home/data-eginner/Documents/Soccer_Data/env/lib/python3.8/site-packages/airflow/example_dags/example_task_group_decorator.py took 0.430 seconds
