[2022-01-21 21:00:09,855] {processor.py:163} INFO - Started process (PID=110482) to work on /home/data-eginner/Documents/Soccer_Data/env/lib/python3.8/site-packages/airflow/example_dags/example_trigger_controller_dag.py
[2022-01-21 21:00:09,856] {processor.py:642} INFO - Processing file /home/data-eginner/Documents/Soccer_Data/env/lib/python3.8/site-packages/airflow/example_dags/example_trigger_controller_dag.py for tasks to queue
[2022-01-21 21:00:09,857] {logging_mixin.py:109} INFO - [2022-01-21 21:00:09,857] {dagbag.py:500} INFO - Filling up the DagBag from /home/data-eginner/Documents/Soccer_Data/env/lib/python3.8/site-packages/airflow/example_dags/example_trigger_controller_dag.py
[2022-01-21 21:00:09,918] {processor.py:654} INFO - DAG(s) dict_keys(['example_trigger_controller_dag']) retrieved from /home/data-eginner/Documents/Soccer_Data/env/lib/python3.8/site-packages/airflow/example_dags/example_trigger_controller_dag.py
[2022-01-21 21:00:09,948] {logging_mixin.py:109} INFO - [2022-01-21 21:00:09,948] {dag.py:2396} INFO - Sync 1 DAGs
[2022-01-21 21:00:09,973] {logging_mixin.py:109} INFO - [2022-01-21 21:00:09,973] {dag.py:2935} INFO - Setting next_dagrun for example_trigger_controller_dag to 2021-01-01T00:00:00+00:00
[2022-01-21 21:00:10,037] {processor.py:171} INFO - Processing /home/data-eginner/Documents/Soccer_Data/env/lib/python3.8/site-packages/airflow/example_dags/example_trigger_controller_dag.py took 0.185 seconds
[2022-01-21 21:00:52,518] {processor.py:163} INFO - Started process (PID=110702) to work on /home/data-eginner/Documents/Soccer_Data/env/lib/python3.8/site-packages/airflow/example_dags/example_trigger_controller_dag.py
[2022-01-21 21:00:52,540] {processor.py:642} INFO - Processing file /home/data-eginner/Documents/Soccer_Data/env/lib/python3.8/site-packages/airflow/example_dags/example_trigger_controller_dag.py for tasks to queue
[2022-01-21 21:00:52,541] {logging_mixin.py:109} INFO - [2022-01-21 21:00:52,541] {dagbag.py:500} INFO - Filling up the DagBag from /home/data-eginner/Documents/Soccer_Data/env/lib/python3.8/site-packages/airflow/example_dags/example_trigger_controller_dag.py
[2022-01-21 21:00:52,575] {processor.py:654} INFO - DAG(s) dict_keys(['example_trigger_controller_dag']) retrieved from /home/data-eginner/Documents/Soccer_Data/env/lib/python3.8/site-packages/airflow/example_dags/example_trigger_controller_dag.py
[2022-01-21 21:00:52,609] {logging_mixin.py:109} INFO - [2022-01-21 21:00:52,609] {dag.py:2396} INFO - Sync 1 DAGs
[2022-01-21 21:00:52,633] {logging_mixin.py:109} INFO - [2022-01-21 21:00:52,633] {dag.py:2935} INFO - Setting next_dagrun for example_trigger_controller_dag to 2021-01-01T00:00:00+00:00
[2022-01-21 21:00:52,684] {processor.py:171} INFO - Processing /home/data-eginner/Documents/Soccer_Data/env/lib/python3.8/site-packages/airflow/example_dags/example_trigger_controller_dag.py took 0.169 seconds
[2022-01-21 21:01:48,593] {processor.py:163} INFO - Started process (PID=110953) to work on /home/data-eginner/Documents/Soccer_Data/env/lib/python3.8/site-packages/airflow/example_dags/example_trigger_controller_dag.py
[2022-01-21 21:01:48,597] {processor.py:642} INFO - Processing file /home/data-eginner/Documents/Soccer_Data/env/lib/python3.8/site-packages/airflow/example_dags/example_trigger_controller_dag.py for tasks to queue
[2022-01-21 21:01:48,597] {logging_mixin.py:109} INFO - [2022-01-21 21:01:48,597] {dagbag.py:500} INFO - Filling up the DagBag from /home/data-eginner/Documents/Soccer_Data/env/lib/python3.8/site-packages/airflow/example_dags/example_trigger_controller_dag.py
[2022-01-21 21:01:48,614] {processor.py:654} INFO - DAG(s) dict_keys(['example_trigger_controller_dag']) retrieved from /home/data-eginner/Documents/Soccer_Data/env/lib/python3.8/site-packages/airflow/example_dags/example_trigger_controller_dag.py
[2022-01-21 21:01:48,622] {logging_mixin.py:109} INFO - [2022-01-21 21:01:48,622] {dag.py:2396} INFO - Sync 1 DAGs
[2022-01-21 21:01:48,636] {logging_mixin.py:109} INFO - [2022-01-21 21:01:48,634] {dag.py:2935} INFO - Setting next_dagrun for example_trigger_controller_dag to 2021-01-01T00:00:00+00:00
[2022-01-21 21:01:48,651] {processor.py:171} INFO - Processing /home/data-eginner/Documents/Soccer_Data/env/lib/python3.8/site-packages/airflow/example_dags/example_trigger_controller_dag.py took 0.061 seconds
[2022-01-21 21:02:23,953] {processor.py:163} INFO - Started process (PID=111148) to work on /home/data-eginner/Documents/Soccer_Data/env/lib/python3.8/site-packages/airflow/example_dags/example_trigger_controller_dag.py
[2022-01-21 21:02:23,964] {processor.py:642} INFO - Processing file /home/data-eginner/Documents/Soccer_Data/env/lib/python3.8/site-packages/airflow/example_dags/example_trigger_controller_dag.py for tasks to queue
[2022-01-21 21:02:23,964] {logging_mixin.py:109} INFO - [2022-01-21 21:02:23,964] {dagbag.py:500} INFO - Filling up the DagBag from /home/data-eginner/Documents/Soccer_Data/env/lib/python3.8/site-packages/airflow/example_dags/example_trigger_controller_dag.py
[2022-01-21 21:02:23,993] {processor.py:654} INFO - DAG(s) dict_keys(['example_trigger_controller_dag']) retrieved from /home/data-eginner/Documents/Soccer_Data/env/lib/python3.8/site-packages/airflow/example_dags/example_trigger_controller_dag.py
[2022-01-21 21:02:24,005] {logging_mixin.py:109} INFO - [2022-01-21 21:02:24,005] {dag.py:2396} INFO - Sync 1 DAGs
[2022-01-21 21:02:24,022] {logging_mixin.py:109} INFO - [2022-01-21 21:02:24,022] {dag.py:2935} INFO - Setting next_dagrun for example_trigger_controller_dag to 2021-01-01T00:00:00+00:00
[2022-01-21 21:02:24,039] {processor.py:171} INFO - Processing /home/data-eginner/Documents/Soccer_Data/env/lib/python3.8/site-packages/airflow/example_dags/example_trigger_controller_dag.py took 0.094 seconds
[2022-01-21 21:03:10,326] {processor.py:163} INFO - Started process (PID=111344) to work on /home/data-eginner/Documents/Soccer_Data/env/lib/python3.8/site-packages/airflow/example_dags/example_trigger_controller_dag.py
[2022-01-21 21:03:10,328] {processor.py:642} INFO - Processing file /home/data-eginner/Documents/Soccer_Data/env/lib/python3.8/site-packages/airflow/example_dags/example_trigger_controller_dag.py for tasks to queue
[2022-01-21 21:03:10,329] {logging_mixin.py:109} INFO - [2022-01-21 21:03:10,329] {dagbag.py:500} INFO - Filling up the DagBag from /home/data-eginner/Documents/Soccer_Data/env/lib/python3.8/site-packages/airflow/example_dags/example_trigger_controller_dag.py
[2022-01-21 21:03:10,398] {processor.py:654} INFO - DAG(s) dict_keys(['example_trigger_controller_dag']) retrieved from /home/data-eginner/Documents/Soccer_Data/env/lib/python3.8/site-packages/airflow/example_dags/example_trigger_controller_dag.py
[2022-01-21 21:03:10,421] {logging_mixin.py:109} INFO - [2022-01-21 21:03:10,421] {dag.py:2396} INFO - Sync 1 DAGs
[2022-01-21 21:03:10,458] {logging_mixin.py:109} INFO - [2022-01-21 21:03:10,458] {dag.py:2935} INFO - Setting next_dagrun for example_trigger_controller_dag to 2021-01-01T00:00:00+00:00
[2022-01-21 21:03:10,487] {processor.py:171} INFO - Processing /home/data-eginner/Documents/Soccer_Data/env/lib/python3.8/site-packages/airflow/example_dags/example_trigger_controller_dag.py took 0.182 seconds
[2022-01-21 21:03:52,253] {processor.py:163} INFO - Started process (PID=111558) to work on /home/data-eginner/Documents/Soccer_Data/env/lib/python3.8/site-packages/airflow/example_dags/example_trigger_controller_dag.py
[2022-01-21 21:03:52,258] {processor.py:642} INFO - Processing file /home/data-eginner/Documents/Soccer_Data/env/lib/python3.8/site-packages/airflow/example_dags/example_trigger_controller_dag.py for tasks to queue
[2022-01-21 21:03:52,260] {logging_mixin.py:109} INFO - [2022-01-21 21:03:52,260] {dagbag.py:500} INFO - Filling up the DagBag from /home/data-eginner/Documents/Soccer_Data/env/lib/python3.8/site-packages/airflow/example_dags/example_trigger_controller_dag.py
[2022-01-21 21:03:52,278] {processor.py:654} INFO - DAG(s) dict_keys(['example_trigger_controller_dag']) retrieved from /home/data-eginner/Documents/Soccer_Data/env/lib/python3.8/site-packages/airflow/example_dags/example_trigger_controller_dag.py
[2022-01-21 21:03:52,288] {logging_mixin.py:109} INFO - [2022-01-21 21:03:52,288] {dag.py:2396} INFO - Sync 1 DAGs
[2022-01-21 21:03:52,299] {logging_mixin.py:109} INFO - [2022-01-21 21:03:52,299] {dag.py:2935} INFO - Setting next_dagrun for example_trigger_controller_dag to 2021-01-01T00:00:00+00:00
[2022-01-21 21:03:52,313] {processor.py:171} INFO - Processing /home/data-eginner/Documents/Soccer_Data/env/lib/python3.8/site-packages/airflow/example_dags/example_trigger_controller_dag.py took 0.068 seconds
[2022-01-21 21:04:33,487] {processor.py:163} INFO - Started process (PID=111778) to work on /home/data-eginner/Documents/Soccer_Data/env/lib/python3.8/site-packages/airflow/example_dags/example_trigger_controller_dag.py
[2022-01-21 21:04:33,498] {processor.py:642} INFO - Processing file /home/data-eginner/Documents/Soccer_Data/env/lib/python3.8/site-packages/airflow/example_dags/example_trigger_controller_dag.py for tasks to queue
[2022-01-21 21:04:33,511] {logging_mixin.py:109} INFO - [2022-01-21 21:04:33,511] {dagbag.py:500} INFO - Filling up the DagBag from /home/data-eginner/Documents/Soccer_Data/env/lib/python3.8/site-packages/airflow/example_dags/example_trigger_controller_dag.py
[2022-01-21 21:04:33,547] {processor.py:654} INFO - DAG(s) dict_keys(['example_trigger_controller_dag']) retrieved from /home/data-eginner/Documents/Soccer_Data/env/lib/python3.8/site-packages/airflow/example_dags/example_trigger_controller_dag.py
[2022-01-21 21:04:33,566] {logging_mixin.py:109} INFO - [2022-01-21 21:04:33,566] {dag.py:2396} INFO - Sync 1 DAGs
[2022-01-21 21:04:33,587] {logging_mixin.py:109} INFO - [2022-01-21 21:04:33,587] {dag.py:2935} INFO - Setting next_dagrun for example_trigger_controller_dag to 2021-01-01T00:00:00+00:00
[2022-01-21 21:04:33,644] {processor.py:171} INFO - Processing /home/data-eginner/Documents/Soccer_Data/env/lib/python3.8/site-packages/airflow/example_dags/example_trigger_controller_dag.py took 0.160 seconds
[2022-01-21 21:05:10,538] {processor.py:163} INFO - Started process (PID=111971) to work on /home/data-eginner/Documents/Soccer_Data/env/lib/python3.8/site-packages/airflow/example_dags/example_trigger_controller_dag.py
[2022-01-21 21:05:10,542] {processor.py:642} INFO - Processing file /home/data-eginner/Documents/Soccer_Data/env/lib/python3.8/site-packages/airflow/example_dags/example_trigger_controller_dag.py for tasks to queue
[2022-01-21 21:05:10,544] {logging_mixin.py:109} INFO - [2022-01-21 21:05:10,543] {dagbag.py:500} INFO - Filling up the DagBag from /home/data-eginner/Documents/Soccer_Data/env/lib/python3.8/site-packages/airflow/example_dags/example_trigger_controller_dag.py
[2022-01-21 21:05:10,576] {processor.py:654} INFO - DAG(s) dict_keys(['example_trigger_controller_dag']) retrieved from /home/data-eginner/Documents/Soccer_Data/env/lib/python3.8/site-packages/airflow/example_dags/example_trigger_controller_dag.py
[2022-01-21 21:05:10,584] {logging_mixin.py:109} INFO - [2022-01-21 21:05:10,584] {dag.py:2396} INFO - Sync 1 DAGs
[2022-01-21 21:05:10,595] {logging_mixin.py:109} INFO - [2022-01-21 21:05:10,595] {dag.py:2935} INFO - Setting next_dagrun for example_trigger_controller_dag to 2021-01-01T00:00:00+00:00
[2022-01-21 21:05:10,610] {processor.py:171} INFO - Processing /home/data-eginner/Documents/Soccer_Data/env/lib/python3.8/site-packages/airflow/example_dags/example_trigger_controller_dag.py took 0.087 seconds
[2022-01-21 21:05:48,495] {processor.py:163} INFO - Started process (PID=112163) to work on /home/data-eginner/Documents/Soccer_Data/env/lib/python3.8/site-packages/airflow/example_dags/example_trigger_controller_dag.py
[2022-01-21 21:05:48,497] {processor.py:642} INFO - Processing file /home/data-eginner/Documents/Soccer_Data/env/lib/python3.8/site-packages/airflow/example_dags/example_trigger_controller_dag.py for tasks to queue
[2022-01-21 21:05:48,497] {logging_mixin.py:109} INFO - [2022-01-21 21:05:48,497] {dagbag.py:500} INFO - Filling up the DagBag from /home/data-eginner/Documents/Soccer_Data/env/lib/python3.8/site-packages/airflow/example_dags/example_trigger_controller_dag.py
[2022-01-21 21:05:48,515] {processor.py:654} INFO - DAG(s) dict_keys(['example_trigger_controller_dag']) retrieved from /home/data-eginner/Documents/Soccer_Data/env/lib/python3.8/site-packages/airflow/example_dags/example_trigger_controller_dag.py
[2022-01-21 21:05:48,525] {logging_mixin.py:109} INFO - [2022-01-21 21:05:48,525] {dag.py:2396} INFO - Sync 1 DAGs
[2022-01-21 21:05:48,537] {logging_mixin.py:109} INFO - [2022-01-21 21:05:48,537] {dag.py:2935} INFO - Setting next_dagrun for example_trigger_controller_dag to 2021-01-01T00:00:00+00:00
[2022-01-21 21:05:48,553] {processor.py:171} INFO - Processing /home/data-eginner/Documents/Soccer_Data/env/lib/python3.8/site-packages/airflow/example_dags/example_trigger_controller_dag.py took 0.070 seconds
[2022-01-21 21:06:21,158] {processor.py:163} INFO - Started process (PID=112337) to work on /home/data-eginner/Documents/Soccer_Data/env/lib/python3.8/site-packages/airflow/example_dags/example_trigger_controller_dag.py
[2022-01-21 21:06:21,165] {processor.py:642} INFO - Processing file /home/data-eginner/Documents/Soccer_Data/env/lib/python3.8/site-packages/airflow/example_dags/example_trigger_controller_dag.py for tasks to queue
[2022-01-21 21:06:21,166] {logging_mixin.py:109} INFO - [2022-01-21 21:06:21,166] {dagbag.py:500} INFO - Filling up the DagBag from /home/data-eginner/Documents/Soccer_Data/env/lib/python3.8/site-packages/airflow/example_dags/example_trigger_controller_dag.py
[2022-01-21 21:06:21,195] {processor.py:654} INFO - DAG(s) dict_keys(['example_trigger_controller_dag']) retrieved from /home/data-eginner/Documents/Soccer_Data/env/lib/python3.8/site-packages/airflow/example_dags/example_trigger_controller_dag.py
[2022-01-21 21:06:21,206] {logging_mixin.py:109} INFO - [2022-01-21 21:06:21,206] {dag.py:2396} INFO - Sync 1 DAGs
[2022-01-21 21:06:21,219] {logging_mixin.py:109} INFO - [2022-01-21 21:06:21,219] {dag.py:2935} INFO - Setting next_dagrun for example_trigger_controller_dag to 2021-01-01T00:00:00+00:00
[2022-01-21 21:06:21,233] {processor.py:171} INFO - Processing /home/data-eginner/Documents/Soccer_Data/env/lib/python3.8/site-packages/airflow/example_dags/example_trigger_controller_dag.py took 0.080 seconds
[2022-01-21 21:06:56,223] {processor.py:163} INFO - Started process (PID=112521) to work on /home/data-eginner/Documents/Soccer_Data/env/lib/python3.8/site-packages/airflow/example_dags/example_trigger_controller_dag.py
[2022-01-21 21:06:56,242] {processor.py:642} INFO - Processing file /home/data-eginner/Documents/Soccer_Data/env/lib/python3.8/site-packages/airflow/example_dags/example_trigger_controller_dag.py for tasks to queue
[2022-01-21 21:06:56,242] {logging_mixin.py:109} INFO - [2022-01-21 21:06:56,242] {dagbag.py:500} INFO - Filling up the DagBag from /home/data-eginner/Documents/Soccer_Data/env/lib/python3.8/site-packages/airflow/example_dags/example_trigger_controller_dag.py
[2022-01-21 21:06:56,301] {processor.py:654} INFO - DAG(s) dict_keys(['example_trigger_controller_dag']) retrieved from /home/data-eginner/Documents/Soccer_Data/env/lib/python3.8/site-packages/airflow/example_dags/example_trigger_controller_dag.py
[2022-01-21 21:06:56,311] {logging_mixin.py:109} INFO - [2022-01-21 21:06:56,311] {dag.py:2396} INFO - Sync 1 DAGs
[2022-01-21 21:06:56,333] {logging_mixin.py:109} INFO - [2022-01-21 21:06:56,333] {dag.py:2935} INFO - Setting next_dagrun for example_trigger_controller_dag to 2021-01-01T00:00:00+00:00
[2022-01-21 21:06:56,370] {processor.py:171} INFO - Processing /home/data-eginner/Documents/Soccer_Data/env/lib/python3.8/site-packages/airflow/example_dags/example_trigger_controller_dag.py took 0.149 seconds
[2022-01-21 21:07:34,000] {processor.py:163} INFO - Started process (PID=112709) to work on /home/data-eginner/Documents/Soccer_Data/env/lib/python3.8/site-packages/airflow/example_dags/example_trigger_controller_dag.py
[2022-01-21 21:07:34,003] {processor.py:642} INFO - Processing file /home/data-eginner/Documents/Soccer_Data/env/lib/python3.8/site-packages/airflow/example_dags/example_trigger_controller_dag.py for tasks to queue
[2022-01-21 21:07:34,005] {logging_mixin.py:109} INFO - [2022-01-21 21:07:34,005] {dagbag.py:500} INFO - Filling up the DagBag from /home/data-eginner/Documents/Soccer_Data/env/lib/python3.8/site-packages/airflow/example_dags/example_trigger_controller_dag.py
[2022-01-21 21:07:34,043] {processor.py:654} INFO - DAG(s) dict_keys(['example_trigger_controller_dag']) retrieved from /home/data-eginner/Documents/Soccer_Data/env/lib/python3.8/site-packages/airflow/example_dags/example_trigger_controller_dag.py
[2022-01-21 21:07:34,071] {logging_mixin.py:109} INFO - [2022-01-21 21:07:34,071] {dag.py:2396} INFO - Sync 1 DAGs
[2022-01-21 21:07:34,115] {logging_mixin.py:109} INFO - [2022-01-21 21:07:34,115] {dag.py:2935} INFO - Setting next_dagrun for example_trigger_controller_dag to 2021-01-01T00:00:00+00:00
[2022-01-21 21:07:34,136] {processor.py:171} INFO - Processing /home/data-eginner/Documents/Soccer_Data/env/lib/python3.8/site-packages/airflow/example_dags/example_trigger_controller_dag.py took 0.141 seconds
