[2022-01-21 21:00:38,321] {processor.py:163} INFO - Started process (PID=110646) to work on /home/data-eginner/Documents/Soccer_Data/env/lib/python3.8/site-packages/airflow/example_dags/example_short_circuit_operator.py
[2022-01-21 21:00:38,322] {processor.py:642} INFO - Processing file /home/data-eginner/Documents/Soccer_Data/env/lib/python3.8/site-packages/airflow/example_dags/example_short_circuit_operator.py for tasks to queue
[2022-01-21 21:00:38,361] {logging_mixin.py:109} INFO - [2022-01-21 21:00:38,361] {dagbag.py:500} INFO - Filling up the DagBag from /home/data-eginner/Documents/Soccer_Data/env/lib/python3.8/site-packages/airflow/example_dags/example_short_circuit_operator.py
[2022-01-21 21:00:38,416] {processor.py:654} INFO - DAG(s) dict_keys(['example_short_circuit_operator']) retrieved from /home/data-eginner/Documents/Soccer_Data/env/lib/python3.8/site-packages/airflow/example_dags/example_short_circuit_operator.py
[2022-01-21 21:00:38,450] {logging_mixin.py:109} INFO - [2022-01-21 21:00:38,450] {dag.py:2396} INFO - Sync 1 DAGs
[2022-01-21 21:00:38,503] {logging_mixin.py:109} INFO - [2022-01-21 21:00:38,503] {dag.py:2935} INFO - Setting next_dagrun for example_short_circuit_operator to 2022-01-21T00:00:38.502805+00:00
[2022-01-21 21:00:38,549] {processor.py:171} INFO - Processing /home/data-eginner/Documents/Soccer_Data/env/lib/python3.8/site-packages/airflow/example_dags/example_short_circuit_operator.py took 0.231 seconds
[2022-01-21 21:01:33,139] {processor.py:163} INFO - Started process (PID=110907) to work on /home/data-eginner/Documents/Soccer_Data/env/lib/python3.8/site-packages/airflow/example_dags/example_short_circuit_operator.py
[2022-01-21 21:01:33,141] {processor.py:642} INFO - Processing file /home/data-eginner/Documents/Soccer_Data/env/lib/python3.8/site-packages/airflow/example_dags/example_short_circuit_operator.py for tasks to queue
[2022-01-21 21:01:33,141] {logging_mixin.py:109} INFO - [2022-01-21 21:01:33,141] {dagbag.py:500} INFO - Filling up the DagBag from /home/data-eginner/Documents/Soccer_Data/env/lib/python3.8/site-packages/airflow/example_dags/example_short_circuit_operator.py
[2022-01-21 21:01:33,266] {processor.py:654} INFO - DAG(s) dict_keys(['example_short_circuit_operator']) retrieved from /home/data-eginner/Documents/Soccer_Data/env/lib/python3.8/site-packages/airflow/example_dags/example_short_circuit_operator.py
[2022-01-21 21:01:33,312] {logging_mixin.py:109} INFO - [2022-01-21 21:01:33,311] {dag.py:2396} INFO - Sync 1 DAGs
[2022-01-21 21:01:33,326] {logging_mixin.py:109} INFO - [2022-01-21 21:01:33,326] {dag.py:2935} INFO - Setting next_dagrun for example_short_circuit_operator to 2022-01-21T00:01:33.325914+00:00
[2022-01-21 21:01:33,352] {processor.py:171} INFO - Processing /home/data-eginner/Documents/Soccer_Data/env/lib/python3.8/site-packages/airflow/example_dags/example_short_circuit_operator.py took 0.229 seconds
[2022-01-21 21:02:30,641] {processor.py:163} INFO - Started process (PID=111182) to work on /home/data-eginner/Documents/Soccer_Data/env/lib/python3.8/site-packages/airflow/example_dags/example_short_circuit_operator.py
[2022-01-21 21:02:30,644] {processor.py:642} INFO - Processing file /home/data-eginner/Documents/Soccer_Data/env/lib/python3.8/site-packages/airflow/example_dags/example_short_circuit_operator.py for tasks to queue
[2022-01-21 21:02:30,645] {logging_mixin.py:109} INFO - [2022-01-21 21:02:30,645] {dagbag.py:500} INFO - Filling up the DagBag from /home/data-eginner/Documents/Soccer_Data/env/lib/python3.8/site-packages/airflow/example_dags/example_short_circuit_operator.py
[2022-01-21 21:02:30,666] {processor.py:654} INFO - DAG(s) dict_keys(['example_short_circuit_operator']) retrieved from /home/data-eginner/Documents/Soccer_Data/env/lib/python3.8/site-packages/airflow/example_dags/example_short_circuit_operator.py
[2022-01-21 21:02:30,674] {logging_mixin.py:109} INFO - [2022-01-21 21:02:30,674] {dag.py:2396} INFO - Sync 1 DAGs
[2022-01-21 21:02:30,691] {logging_mixin.py:109} INFO - [2022-01-21 21:02:30,691] {dag.py:2935} INFO - Setting next_dagrun for example_short_circuit_operator to 2022-01-21T00:02:30.691505+00:00
[2022-01-21 21:02:30,710] {processor.py:171} INFO - Processing /home/data-eginner/Documents/Soccer_Data/env/lib/python3.8/site-packages/airflow/example_dags/example_short_circuit_operator.py took 0.073 seconds
[2022-01-21 21:03:27,392] {processor.py:163} INFO - Started process (PID=111433) to work on /home/data-eginner/Documents/Soccer_Data/env/lib/python3.8/site-packages/airflow/example_dags/example_short_circuit_operator.py
[2022-01-21 21:03:27,395] {processor.py:642} INFO - Processing file /home/data-eginner/Documents/Soccer_Data/env/lib/python3.8/site-packages/airflow/example_dags/example_short_circuit_operator.py for tasks to queue
[2022-01-21 21:03:27,396] {logging_mixin.py:109} INFO - [2022-01-21 21:03:27,395] {dagbag.py:500} INFO - Filling up the DagBag from /home/data-eginner/Documents/Soccer_Data/env/lib/python3.8/site-packages/airflow/example_dags/example_short_circuit_operator.py
[2022-01-21 21:03:27,434] {processor.py:654} INFO - DAG(s) dict_keys(['example_short_circuit_operator']) retrieved from /home/data-eginner/Documents/Soccer_Data/env/lib/python3.8/site-packages/airflow/example_dags/example_short_circuit_operator.py
[2022-01-21 21:03:27,450] {logging_mixin.py:109} INFO - [2022-01-21 21:03:27,450] {dag.py:2396} INFO - Sync 1 DAGs
[2022-01-21 21:03:27,474] {logging_mixin.py:109} INFO - [2022-01-21 21:03:27,474] {dag.py:2935} INFO - Setting next_dagrun for example_short_circuit_operator to 2022-01-21T00:03:27.473836+00:00
[2022-01-21 21:03:27,498] {processor.py:171} INFO - Processing /home/data-eginner/Documents/Soccer_Data/env/lib/python3.8/site-packages/airflow/example_dags/example_short_circuit_operator.py took 0.122 seconds
[2022-01-21 21:04:07,378] {processor.py:163} INFO - Started process (PID=111642) to work on /home/data-eginner/Documents/Soccer_Data/env/lib/python3.8/site-packages/airflow/example_dags/example_short_circuit_operator.py
[2022-01-21 21:04:07,381] {processor.py:642} INFO - Processing file /home/data-eginner/Documents/Soccer_Data/env/lib/python3.8/site-packages/airflow/example_dags/example_short_circuit_operator.py for tasks to queue
[2022-01-21 21:04:07,382] {logging_mixin.py:109} INFO - [2022-01-21 21:04:07,382] {dagbag.py:500} INFO - Filling up the DagBag from /home/data-eginner/Documents/Soccer_Data/env/lib/python3.8/site-packages/airflow/example_dags/example_short_circuit_operator.py
[2022-01-21 21:04:07,403] {processor.py:654} INFO - DAG(s) dict_keys(['example_short_circuit_operator']) retrieved from /home/data-eginner/Documents/Soccer_Data/env/lib/python3.8/site-packages/airflow/example_dags/example_short_circuit_operator.py
[2022-01-21 21:04:07,414] {logging_mixin.py:109} INFO - [2022-01-21 21:04:07,413] {dag.py:2396} INFO - Sync 1 DAGs
[2022-01-21 21:04:07,426] {logging_mixin.py:109} INFO - [2022-01-21 21:04:07,426] {dag.py:2935} INFO - Setting next_dagrun for example_short_circuit_operator to 2022-01-21T00:04:07.425219+00:00
[2022-01-21 21:04:07,442] {processor.py:171} INFO - Processing /home/data-eginner/Documents/Soccer_Data/env/lib/python3.8/site-packages/airflow/example_dags/example_short_circuit_operator.py took 0.069 seconds
[2022-01-21 21:04:48,317] {processor.py:163} INFO - Started process (PID=111858) to work on /home/data-eginner/Documents/Soccer_Data/env/lib/python3.8/site-packages/airflow/example_dags/example_short_circuit_operator.py
[2022-01-21 21:04:48,326] {processor.py:642} INFO - Processing file /home/data-eginner/Documents/Soccer_Data/env/lib/python3.8/site-packages/airflow/example_dags/example_short_circuit_operator.py for tasks to queue
[2022-01-21 21:04:48,326] {logging_mixin.py:109} INFO - [2022-01-21 21:04:48,326] {dagbag.py:500} INFO - Filling up the DagBag from /home/data-eginner/Documents/Soccer_Data/env/lib/python3.8/site-packages/airflow/example_dags/example_short_circuit_operator.py
[2022-01-21 21:04:48,366] {processor.py:654} INFO - DAG(s) dict_keys(['example_short_circuit_operator']) retrieved from /home/data-eginner/Documents/Soccer_Data/env/lib/python3.8/site-packages/airflow/example_dags/example_short_circuit_operator.py
[2022-01-21 21:04:48,393] {logging_mixin.py:109} INFO - [2022-01-21 21:04:48,393] {dag.py:2396} INFO - Sync 1 DAGs
[2022-01-21 21:04:48,405] {logging_mixin.py:109} INFO - [2022-01-21 21:04:48,405] {dag.py:2935} INFO - Setting next_dagrun for example_short_circuit_operator to 2022-01-21T00:04:48.405251+00:00
[2022-01-21 21:04:48,444] {processor.py:171} INFO - Processing /home/data-eginner/Documents/Soccer_Data/env/lib/python3.8/site-packages/airflow/example_dags/example_short_circuit_operator.py took 0.130 seconds
[2022-01-21 21:05:30,930] {processor.py:163} INFO - Started process (PID=112073) to work on /home/data-eginner/Documents/Soccer_Data/env/lib/python3.8/site-packages/airflow/example_dags/example_short_circuit_operator.py
[2022-01-21 21:05:30,933] {processor.py:642} INFO - Processing file /home/data-eginner/Documents/Soccer_Data/env/lib/python3.8/site-packages/airflow/example_dags/example_short_circuit_operator.py for tasks to queue
[2022-01-21 21:05:30,934] {logging_mixin.py:109} INFO - [2022-01-21 21:05:30,934] {dagbag.py:500} INFO - Filling up the DagBag from /home/data-eginner/Documents/Soccer_Data/env/lib/python3.8/site-packages/airflow/example_dags/example_short_circuit_operator.py
[2022-01-21 21:05:30,953] {processor.py:654} INFO - DAG(s) dict_keys(['example_short_circuit_operator']) retrieved from /home/data-eginner/Documents/Soccer_Data/env/lib/python3.8/site-packages/airflow/example_dags/example_short_circuit_operator.py
[2022-01-21 21:05:30,962] {logging_mixin.py:109} INFO - [2022-01-21 21:05:30,962] {dag.py:2396} INFO - Sync 1 DAGs
[2022-01-21 21:05:30,975] {logging_mixin.py:109} INFO - [2022-01-21 21:05:30,975] {dag.py:2935} INFO - Setting next_dagrun for example_short_circuit_operator to 2022-01-21T00:05:30.975120+00:00
[2022-01-21 21:05:30,990] {processor.py:171} INFO - Processing /home/data-eginner/Documents/Soccer_Data/env/lib/python3.8/site-packages/airflow/example_dags/example_short_circuit_operator.py took 0.067 seconds
[2022-01-21 21:06:09,241] {processor.py:163} INFO - Started process (PID=112276) to work on /home/data-eginner/Documents/Soccer_Data/env/lib/python3.8/site-packages/airflow/example_dags/example_short_circuit_operator.py
[2022-01-21 21:06:09,256] {processor.py:642} INFO - Processing file /home/data-eginner/Documents/Soccer_Data/env/lib/python3.8/site-packages/airflow/example_dags/example_short_circuit_operator.py for tasks to queue
[2022-01-21 21:06:09,257] {logging_mixin.py:109} INFO - [2022-01-21 21:06:09,257] {dagbag.py:500} INFO - Filling up the DagBag from /home/data-eginner/Documents/Soccer_Data/env/lib/python3.8/site-packages/airflow/example_dags/example_short_circuit_operator.py
[2022-01-21 21:06:09,294] {processor.py:654} INFO - DAG(s) dict_keys(['example_short_circuit_operator']) retrieved from /home/data-eginner/Documents/Soccer_Data/env/lib/python3.8/site-packages/airflow/example_dags/example_short_circuit_operator.py
[2022-01-21 21:06:09,304] {logging_mixin.py:109} INFO - [2022-01-21 21:06:09,304] {dag.py:2396} INFO - Sync 1 DAGs
[2022-01-21 21:06:09,357] {logging_mixin.py:109} INFO - [2022-01-21 21:06:09,357] {dag.py:2935} INFO - Setting next_dagrun for example_short_circuit_operator to 2022-01-21T00:06:09.357541+00:00
[2022-01-21 21:06:09,391] {processor.py:171} INFO - Processing /home/data-eginner/Documents/Soccer_Data/env/lib/python3.8/site-packages/airflow/example_dags/example_short_circuit_operator.py took 0.153 seconds
[2022-01-21 21:06:52,242] {processor.py:163} INFO - Started process (PID=112502) to work on /home/data-eginner/Documents/Soccer_Data/env/lib/python3.8/site-packages/airflow/example_dags/example_short_circuit_operator.py
[2022-01-21 21:06:52,256] {processor.py:642} INFO - Processing file /home/data-eginner/Documents/Soccer_Data/env/lib/python3.8/site-packages/airflow/example_dags/example_short_circuit_operator.py for tasks to queue
[2022-01-21 21:06:52,258] {logging_mixin.py:109} INFO - [2022-01-21 21:06:52,257] {dagbag.py:500} INFO - Filling up the DagBag from /home/data-eginner/Documents/Soccer_Data/env/lib/python3.8/site-packages/airflow/example_dags/example_short_circuit_operator.py
[2022-01-21 21:06:52,280] {processor.py:654} INFO - DAG(s) dict_keys(['example_short_circuit_operator']) retrieved from /home/data-eginner/Documents/Soccer_Data/env/lib/python3.8/site-packages/airflow/example_dags/example_short_circuit_operator.py
[2022-01-21 21:06:52,290] {logging_mixin.py:109} INFO - [2022-01-21 21:06:52,290] {dag.py:2396} INFO - Sync 1 DAGs
[2022-01-21 21:06:52,301] {logging_mixin.py:109} INFO - [2022-01-21 21:06:52,301] {dag.py:2935} INFO - Setting next_dagrun for example_short_circuit_operator to 2022-01-21T00:06:52.300992+00:00
[2022-01-21 21:06:52,342] {processor.py:171} INFO - Processing /home/data-eginner/Documents/Soccer_Data/env/lib/python3.8/site-packages/airflow/example_dags/example_short_circuit_operator.py took 0.107 seconds
[2022-01-21 21:07:36,461] {processor.py:163} INFO - Started process (PID=112721) to work on /home/data-eginner/Documents/Soccer_Data/env/lib/python3.8/site-packages/airflow/example_dags/example_short_circuit_operator.py
[2022-01-21 21:07:36,466] {processor.py:642} INFO - Processing file /home/data-eginner/Documents/Soccer_Data/env/lib/python3.8/site-packages/airflow/example_dags/example_short_circuit_operator.py for tasks to queue
[2022-01-21 21:07:36,467] {logging_mixin.py:109} INFO - [2022-01-21 21:07:36,466] {dagbag.py:500} INFO - Filling up the DagBag from /home/data-eginner/Documents/Soccer_Data/env/lib/python3.8/site-packages/airflow/example_dags/example_short_circuit_operator.py
[2022-01-21 21:07:36,496] {processor.py:654} INFO - DAG(s) dict_keys(['example_short_circuit_operator']) retrieved from /home/data-eginner/Documents/Soccer_Data/env/lib/python3.8/site-packages/airflow/example_dags/example_short_circuit_operator.py
[2022-01-21 21:07:36,507] {logging_mixin.py:109} INFO - [2022-01-21 21:07:36,507] {dag.py:2396} INFO - Sync 1 DAGs
[2022-01-21 21:07:36,522] {logging_mixin.py:109} INFO - [2022-01-21 21:07:36,522] {dag.py:2935} INFO - Setting next_dagrun for example_short_circuit_operator to 2022-01-21T00:07:36.521817+00:00
[2022-01-21 21:07:36,645] {processor.py:171} INFO - Processing /home/data-eginner/Documents/Soccer_Data/env/lib/python3.8/site-packages/airflow/example_dags/example_short_circuit_operator.py took 0.191 seconds
