[2022-01-21 21:00:30,673] {processor.py:163} INFO - Started process (PID=110609) to work on /home/data-eginner/Documents/Soccer_Data/env/lib/python3.8/site-packages/airflow/example_dags/example_sla_dag.py
[2022-01-21 21:00:30,738] {processor.py:642} INFO - Processing file /home/data-eginner/Documents/Soccer_Data/env/lib/python3.8/site-packages/airflow/example_dags/example_sla_dag.py for tasks to queue
[2022-01-21 21:00:30,740] {logging_mixin.py:109} INFO - [2022-01-21 21:00:30,740] {dagbag.py:500} INFO - Filling up the DagBag from /home/data-eginner/Documents/Soccer_Data/env/lib/python3.8/site-packages/airflow/example_dags/example_sla_dag.py
[2022-01-21 21:00:30,953] {processor.py:654} INFO - DAG(s) dict_keys(['example_sla_dag']) retrieved from /home/data-eginner/Documents/Soccer_Data/env/lib/python3.8/site-packages/airflow/example_dags/example_sla_dag.py
[2022-01-21 21:00:31,090] {logging_mixin.py:109} INFO - [2022-01-21 21:00:31,089] {dag.py:2396} INFO - Sync 1 DAGs
[2022-01-21 21:00:31,181] {logging_mixin.py:109} INFO - [2022-01-21 21:00:31,181] {dag.py:2935} INFO - Setting next_dagrun for example_sla_dag to 2022-01-21T23:58:00+00:00
[2022-01-21 21:00:31,226] {processor.py:171} INFO - Processing /home/data-eginner/Documents/Soccer_Data/env/lib/python3.8/site-packages/airflow/example_dags/example_sla_dag.py took 0.556 seconds
[2022-01-21 21:01:13,085] {processor.py:163} INFO - Started process (PID=110807) to work on /home/data-eginner/Documents/Soccer_Data/env/lib/python3.8/site-packages/airflow/example_dags/example_sla_dag.py
[2022-01-21 21:01:13,089] {processor.py:642} INFO - Processing file /home/data-eginner/Documents/Soccer_Data/env/lib/python3.8/site-packages/airflow/example_dags/example_sla_dag.py for tasks to queue
[2022-01-21 21:01:13,090] {logging_mixin.py:109} INFO - [2022-01-21 21:01:13,090] {dagbag.py:500} INFO - Filling up the DagBag from /home/data-eginner/Documents/Soccer_Data/env/lib/python3.8/site-packages/airflow/example_dags/example_sla_dag.py
[2022-01-21 21:01:13,122] {processor.py:654} INFO - DAG(s) dict_keys(['example_sla_dag']) retrieved from /home/data-eginner/Documents/Soccer_Data/env/lib/python3.8/site-packages/airflow/example_dags/example_sla_dag.py
[2022-01-21 21:01:13,129] {logging_mixin.py:109} INFO - [2022-01-21 21:01:13,129] {dag.py:2396} INFO - Sync 1 DAGs
[2022-01-21 21:01:13,147] {logging_mixin.py:109} INFO - [2022-01-21 21:01:13,147] {dag.py:2935} INFO - Setting next_dagrun for example_sla_dag to 2022-01-21T23:58:00+00:00
[2022-01-21 21:01:13,180] {processor.py:171} INFO - Processing /home/data-eginner/Documents/Soccer_Data/env/lib/python3.8/site-packages/airflow/example_dags/example_sla_dag.py took 0.099 seconds
[2022-01-21 21:02:10,987] {processor.py:163} INFO - Started process (PID=111081) to work on /home/data-eginner/Documents/Soccer_Data/env/lib/python3.8/site-packages/airflow/example_dags/example_sla_dag.py
[2022-01-21 21:02:11,016] {processor.py:642} INFO - Processing file /home/data-eginner/Documents/Soccer_Data/env/lib/python3.8/site-packages/airflow/example_dags/example_sla_dag.py for tasks to queue
[2022-01-21 21:02:11,016] {logging_mixin.py:109} INFO - [2022-01-21 21:02:11,016] {dagbag.py:500} INFO - Filling up the DagBag from /home/data-eginner/Documents/Soccer_Data/env/lib/python3.8/site-packages/airflow/example_dags/example_sla_dag.py
[2022-01-21 21:02:11,115] {processor.py:654} INFO - DAG(s) dict_keys(['example_sla_dag']) retrieved from /home/data-eginner/Documents/Soccer_Data/env/lib/python3.8/site-packages/airflow/example_dags/example_sla_dag.py
[2022-01-21 21:02:11,167] {logging_mixin.py:109} INFO - [2022-01-21 21:02:11,167] {dag.py:2396} INFO - Sync 1 DAGs
[2022-01-21 21:02:11,200] {logging_mixin.py:109} INFO - [2022-01-21 21:02:11,200] {dag.py:2935} INFO - Setting next_dagrun for example_sla_dag to 2022-01-22T00:00:00+00:00
[2022-01-21 21:02:11,248] {processor.py:171} INFO - Processing /home/data-eginner/Documents/Soccer_Data/env/lib/python3.8/site-packages/airflow/example_dags/example_sla_dag.py took 0.264 seconds
[2022-01-21 21:03:14,293] {processor.py:163} INFO - Started process (PID=111363) to work on /home/data-eginner/Documents/Soccer_Data/env/lib/python3.8/site-packages/airflow/example_dags/example_sla_dag.py
[2022-01-21 21:03:14,295] {processor.py:642} INFO - Processing file /home/data-eginner/Documents/Soccer_Data/env/lib/python3.8/site-packages/airflow/example_dags/example_sla_dag.py for tasks to queue
[2022-01-21 21:03:14,295] {logging_mixin.py:109} INFO - [2022-01-21 21:03:14,295] {dagbag.py:500} INFO - Filling up the DagBag from /home/data-eginner/Documents/Soccer_Data/env/lib/python3.8/site-packages/airflow/example_dags/example_sla_dag.py
[2022-01-21 21:03:14,319] {processor.py:654} INFO - DAG(s) dict_keys(['example_sla_dag']) retrieved from /home/data-eginner/Documents/Soccer_Data/env/lib/python3.8/site-packages/airflow/example_dags/example_sla_dag.py
[2022-01-21 21:03:14,328] {logging_mixin.py:109} INFO - [2022-01-21 21:03:14,328] {dag.py:2396} INFO - Sync 1 DAGs
[2022-01-21 21:03:14,341] {logging_mixin.py:109} INFO - [2022-01-21 21:03:14,341] {dag.py:2935} INFO - Setting next_dagrun for example_sla_dag to 2022-01-22T00:00:00+00:00
[2022-01-21 21:03:14,356] {processor.py:171} INFO - Processing /home/data-eginner/Documents/Soccer_Data/env/lib/python3.8/site-packages/airflow/example_dags/example_sla_dag.py took 0.066 seconds
[2022-01-21 21:03:55,833] {processor.py:163} INFO - Started process (PID=111575) to work on /home/data-eginner/Documents/Soccer_Data/env/lib/python3.8/site-packages/airflow/example_dags/example_sla_dag.py
[2022-01-21 21:03:55,852] {processor.py:642} INFO - Processing file /home/data-eginner/Documents/Soccer_Data/env/lib/python3.8/site-packages/airflow/example_dags/example_sla_dag.py for tasks to queue
[2022-01-21 21:03:55,853] {logging_mixin.py:109} INFO - [2022-01-21 21:03:55,853] {dagbag.py:500} INFO - Filling up the DagBag from /home/data-eginner/Documents/Soccer_Data/env/lib/python3.8/site-packages/airflow/example_dags/example_sla_dag.py
[2022-01-21 21:03:55,903] {processor.py:654} INFO - DAG(s) dict_keys(['example_sla_dag']) retrieved from /home/data-eginner/Documents/Soccer_Data/env/lib/python3.8/site-packages/airflow/example_dags/example_sla_dag.py
[2022-01-21 21:03:55,913] {logging_mixin.py:109} INFO - [2022-01-21 21:03:55,912] {dag.py:2396} INFO - Sync 1 DAGs
[2022-01-21 21:03:55,926] {logging_mixin.py:109} INFO - [2022-01-21 21:03:55,926] {dag.py:2935} INFO - Setting next_dagrun for example_sla_dag to 2022-01-22T00:00:00+00:00
[2022-01-21 21:03:55,941] {processor.py:171} INFO - Processing /home/data-eginner/Documents/Soccer_Data/env/lib/python3.8/site-packages/airflow/example_dags/example_sla_dag.py took 0.112 seconds
[2022-01-21 21:04:36,540] {processor.py:163} INFO - Started process (PID=111796) to work on /home/data-eginner/Documents/Soccer_Data/env/lib/python3.8/site-packages/airflow/example_dags/example_sla_dag.py
[2022-01-21 21:04:36,542] {processor.py:642} INFO - Processing file /home/data-eginner/Documents/Soccer_Data/env/lib/python3.8/site-packages/airflow/example_dags/example_sla_dag.py for tasks to queue
[2022-01-21 21:04:36,543] {logging_mixin.py:109} INFO - [2022-01-21 21:04:36,543] {dagbag.py:500} INFO - Filling up the DagBag from /home/data-eginner/Documents/Soccer_Data/env/lib/python3.8/site-packages/airflow/example_dags/example_sla_dag.py
[2022-01-21 21:04:36,564] {processor.py:654} INFO - DAG(s) dict_keys(['example_sla_dag']) retrieved from /home/data-eginner/Documents/Soccer_Data/env/lib/python3.8/site-packages/airflow/example_dags/example_sla_dag.py
[2022-01-21 21:04:36,573] {logging_mixin.py:109} INFO - [2022-01-21 21:04:36,573] {dag.py:2396} INFO - Sync 1 DAGs
[2022-01-21 21:04:36,586] {logging_mixin.py:109} INFO - [2022-01-21 21:04:36,586] {dag.py:2935} INFO - Setting next_dagrun for example_sla_dag to 2022-01-22T00:02:00+00:00
[2022-01-21 21:04:36,619] {processor.py:171} INFO - Processing /home/data-eginner/Documents/Soccer_Data/env/lib/python3.8/site-packages/airflow/example_dags/example_sla_dag.py took 0.086 seconds
[2022-01-21 21:05:13,995] {processor.py:163} INFO - Started process (PID=111991) to work on /home/data-eginner/Documents/Soccer_Data/env/lib/python3.8/site-packages/airflow/example_dags/example_sla_dag.py
[2022-01-21 21:05:13,999] {processor.py:642} INFO - Processing file /home/data-eginner/Documents/Soccer_Data/env/lib/python3.8/site-packages/airflow/example_dags/example_sla_dag.py for tasks to queue
[2022-01-21 21:05:14,001] {logging_mixin.py:109} INFO - [2022-01-21 21:05:14,001] {dagbag.py:500} INFO - Filling up the DagBag from /home/data-eginner/Documents/Soccer_Data/env/lib/python3.8/site-packages/airflow/example_dags/example_sla_dag.py
[2022-01-21 21:05:14,030] {processor.py:654} INFO - DAG(s) dict_keys(['example_sla_dag']) retrieved from /home/data-eginner/Documents/Soccer_Data/env/lib/python3.8/site-packages/airflow/example_dags/example_sla_dag.py
[2022-01-21 21:05:14,039] {logging_mixin.py:109} INFO - [2022-01-21 21:05:14,039] {dag.py:2396} INFO - Sync 1 DAGs
[2022-01-21 21:05:14,054] {logging_mixin.py:109} INFO - [2022-01-21 21:05:14,054] {dag.py:2935} INFO - Setting next_dagrun for example_sla_dag to 2022-01-22T00:02:00+00:00
[2022-01-21 21:05:14,080] {processor.py:171} INFO - Processing /home/data-eginner/Documents/Soccer_Data/env/lib/python3.8/site-packages/airflow/example_dags/example_sla_dag.py took 0.094 seconds
[2022-01-21 21:05:52,146] {processor.py:163} INFO - Started process (PID=112181) to work on /home/data-eginner/Documents/Soccer_Data/env/lib/python3.8/site-packages/airflow/example_dags/example_sla_dag.py
[2022-01-21 21:05:52,171] {processor.py:642} INFO - Processing file /home/data-eginner/Documents/Soccer_Data/env/lib/python3.8/site-packages/airflow/example_dags/example_sla_dag.py for tasks to queue
[2022-01-21 21:05:52,172] {logging_mixin.py:109} INFO - [2022-01-21 21:05:52,172] {dagbag.py:500} INFO - Filling up the DagBag from /home/data-eginner/Documents/Soccer_Data/env/lib/python3.8/site-packages/airflow/example_dags/example_sla_dag.py
[2022-01-21 21:05:52,203] {processor.py:654} INFO - DAG(s) dict_keys(['example_sla_dag']) retrieved from /home/data-eginner/Documents/Soccer_Data/env/lib/python3.8/site-packages/airflow/example_dags/example_sla_dag.py
[2022-01-21 21:05:52,210] {logging_mixin.py:109} INFO - [2022-01-21 21:05:52,210] {dag.py:2396} INFO - Sync 1 DAGs
[2022-01-21 21:05:52,243] {logging_mixin.py:109} INFO - [2022-01-21 21:05:52,243] {dag.py:2935} INFO - Setting next_dagrun for example_sla_dag to 2022-01-22T00:02:00+00:00
[2022-01-21 21:05:52,279] {processor.py:171} INFO - Processing /home/data-eginner/Documents/Soccer_Data/env/lib/python3.8/site-packages/airflow/example_dags/example_sla_dag.py took 0.132 seconds
[2022-01-21 21:06:28,764] {processor.py:163} INFO - Started process (PID=112379) to work on /home/data-eginner/Documents/Soccer_Data/env/lib/python3.8/site-packages/airflow/example_dags/example_sla_dag.py
[2022-01-21 21:06:28,776] {processor.py:642} INFO - Processing file /home/data-eginner/Documents/Soccer_Data/env/lib/python3.8/site-packages/airflow/example_dags/example_sla_dag.py for tasks to queue
[2022-01-21 21:06:28,777] {logging_mixin.py:109} INFO - [2022-01-21 21:06:28,777] {dagbag.py:500} INFO - Filling up the DagBag from /home/data-eginner/Documents/Soccer_Data/env/lib/python3.8/site-packages/airflow/example_dags/example_sla_dag.py
[2022-01-21 21:06:28,803] {processor.py:654} INFO - DAG(s) dict_keys(['example_sla_dag']) retrieved from /home/data-eginner/Documents/Soccer_Data/env/lib/python3.8/site-packages/airflow/example_dags/example_sla_dag.py
[2022-01-21 21:06:28,813] {logging_mixin.py:109} INFO - [2022-01-21 21:06:28,813] {dag.py:2396} INFO - Sync 1 DAGs
[2022-01-21 21:06:28,828] {logging_mixin.py:109} INFO - [2022-01-21 21:06:28,827] {dag.py:2935} INFO - Setting next_dagrun for example_sla_dag to 2022-01-22T00:04:00+00:00
[2022-01-21 21:06:28,844] {processor.py:171} INFO - Processing /home/data-eginner/Documents/Soccer_Data/env/lib/python3.8/site-packages/airflow/example_dags/example_sla_dag.py took 0.086 seconds
[2022-01-21 21:07:06,396] {processor.py:163} INFO - Started process (PID=112572) to work on /home/data-eginner/Documents/Soccer_Data/env/lib/python3.8/site-packages/airflow/example_dags/example_sla_dag.py
[2022-01-21 21:07:06,399] {processor.py:642} INFO - Processing file /home/data-eginner/Documents/Soccer_Data/env/lib/python3.8/site-packages/airflow/example_dags/example_sla_dag.py for tasks to queue
[2022-01-21 21:07:06,399] {logging_mixin.py:109} INFO - [2022-01-21 21:07:06,399] {dagbag.py:500} INFO - Filling up the DagBag from /home/data-eginner/Documents/Soccer_Data/env/lib/python3.8/site-packages/airflow/example_dags/example_sla_dag.py
[2022-01-21 21:07:06,455] {processor.py:654} INFO - DAG(s) dict_keys(['example_sla_dag']) retrieved from /home/data-eginner/Documents/Soccer_Data/env/lib/python3.8/site-packages/airflow/example_dags/example_sla_dag.py
[2022-01-21 21:07:06,480] {logging_mixin.py:109} INFO - [2022-01-21 21:07:06,480] {dag.py:2396} INFO - Sync 1 DAGs
[2022-01-21 21:07:06,538] {logging_mixin.py:109} INFO - [2022-01-21 21:07:06,538] {dag.py:2935} INFO - Setting next_dagrun for example_sla_dag to 2022-01-22T00:04:00+00:00
[2022-01-21 21:07:06,575] {processor.py:171} INFO - Processing /home/data-eginner/Documents/Soccer_Data/env/lib/python3.8/site-packages/airflow/example_dags/example_sla_dag.py took 0.192 seconds
[2022-01-21 21:07:40,773] {processor.py:163} INFO - Started process (PID=112748) to work on /home/data-eginner/Documents/Soccer_Data/env/lib/python3.8/site-packages/airflow/example_dags/example_sla_dag.py
[2022-01-21 21:07:40,775] {processor.py:642} INFO - Processing file /home/data-eginner/Documents/Soccer_Data/env/lib/python3.8/site-packages/airflow/example_dags/example_sla_dag.py for tasks to queue
[2022-01-21 21:07:40,776] {logging_mixin.py:109} INFO - [2022-01-21 21:07:40,776] {dagbag.py:500} INFO - Filling up the DagBag from /home/data-eginner/Documents/Soccer_Data/env/lib/python3.8/site-packages/airflow/example_dags/example_sla_dag.py
[2022-01-21 21:07:40,842] {processor.py:654} INFO - DAG(s) dict_keys(['example_sla_dag']) retrieved from /home/data-eginner/Documents/Soccer_Data/env/lib/python3.8/site-packages/airflow/example_dags/example_sla_dag.py
[2022-01-21 21:07:40,854] {logging_mixin.py:109} INFO - [2022-01-21 21:07:40,854] {dag.py:2396} INFO - Sync 1 DAGs
[2022-01-21 21:07:40,868] {logging_mixin.py:109} INFO - [2022-01-21 21:07:40,868] {dag.py:2935} INFO - Setting next_dagrun for example_sla_dag to 2022-01-22T00:04:00+00:00
[2022-01-21 21:07:40,906] {processor.py:171} INFO - Processing /home/data-eginner/Documents/Soccer_Data/env/lib/python3.8/site-packages/airflow/example_dags/example_sla_dag.py took 0.147 seconds
