[2022-01-21 21:00:57,135] {processor.py:163} INFO - Started process (PID=110727) to work on /home/data-eginner/Documents/Soccer_Data/env/lib/python3.8/site-packages/airflow/example_dags/example_external_task_marker_dag.py
[2022-01-21 21:00:57,136] {processor.py:642} INFO - Processing file /home/data-eginner/Documents/Soccer_Data/env/lib/python3.8/site-packages/airflow/example_dags/example_external_task_marker_dag.py for tasks to queue
[2022-01-21 21:00:57,136] {logging_mixin.py:109} INFO - [2022-01-21 21:00:57,136] {dagbag.py:500} INFO - Filling up the DagBag from /home/data-eginner/Documents/Soccer_Data/env/lib/python3.8/site-packages/airflow/example_dags/example_external_task_marker_dag.py
[2022-01-21 21:00:57,210] {processor.py:654} INFO - DAG(s) dict_keys(['example_external_task_marker_parent', 'example_external_task_marker_child']) retrieved from /home/data-eginner/Documents/Soccer_Data/env/lib/python3.8/site-packages/airflow/example_dags/example_external_task_marker_dag.py
[2022-01-21 21:00:57,234] {logging_mixin.py:109} INFO - [2022-01-21 21:00:57,234] {dag.py:2396} INFO - Sync 2 DAGs
[2022-01-21 21:00:57,248] {logging_mixin.py:109} INFO - [2022-01-21 21:00:57,248] {dag.py:2935} INFO - Setting next_dagrun for example_external_task_marker_child to None
[2022-01-21 21:00:57,248] {logging_mixin.py:109} INFO - [2022-01-21 21:00:57,248] {dag.py:2935} INFO - Setting next_dagrun for example_external_task_marker_parent to None
[2022-01-21 21:00:57,268] {processor.py:171} INFO - Processing /home/data-eginner/Documents/Soccer_Data/env/lib/python3.8/site-packages/airflow/example_dags/example_external_task_marker_dag.py took 0.135 seconds
[2022-01-21 21:01:53,585] {processor.py:163} INFO - Started process (PID=110978) to work on /home/data-eginner/Documents/Soccer_Data/env/lib/python3.8/site-packages/airflow/example_dags/example_external_task_marker_dag.py
[2022-01-21 21:01:53,587] {processor.py:642} INFO - Processing file /home/data-eginner/Documents/Soccer_Data/env/lib/python3.8/site-packages/airflow/example_dags/example_external_task_marker_dag.py for tasks to queue
[2022-01-21 21:01:53,591] {logging_mixin.py:109} INFO - [2022-01-21 21:01:53,591] {dagbag.py:500} INFO - Filling up the DagBag from /home/data-eginner/Documents/Soccer_Data/env/lib/python3.8/site-packages/airflow/example_dags/example_external_task_marker_dag.py
[2022-01-21 21:01:53,625] {processor.py:654} INFO - DAG(s) dict_keys(['example_external_task_marker_parent', 'example_external_task_marker_child']) retrieved from /home/data-eginner/Documents/Soccer_Data/env/lib/python3.8/site-packages/airflow/example_dags/example_external_task_marker_dag.py
[2022-01-21 21:01:53,649] {logging_mixin.py:109} INFO - [2022-01-21 21:01:53,648] {dag.py:2396} INFO - Sync 2 DAGs
[2022-01-21 21:01:53,664] {logging_mixin.py:109} INFO - [2022-01-21 21:01:53,663] {dag.py:2935} INFO - Setting next_dagrun for example_external_task_marker_child to None
[2022-01-21 21:01:53,664] {logging_mixin.py:109} INFO - [2022-01-21 21:01:53,664] {dag.py:2935} INFO - Setting next_dagrun for example_external_task_marker_parent to None
[2022-01-21 21:01:53,683] {processor.py:171} INFO - Processing /home/data-eginner/Documents/Soccer_Data/env/lib/python3.8/site-packages/airflow/example_dags/example_external_task_marker_dag.py took 0.101 seconds
[2022-01-21 21:02:59,528] {processor.py:163} INFO - Started process (PID=111297) to work on /home/data-eginner/Documents/Soccer_Data/env/lib/python3.8/site-packages/airflow/example_dags/example_external_task_marker_dag.py
[2022-01-21 21:02:59,542] {processor.py:642} INFO - Processing file /home/data-eginner/Documents/Soccer_Data/env/lib/python3.8/site-packages/airflow/example_dags/example_external_task_marker_dag.py for tasks to queue
[2022-01-21 21:02:59,543] {logging_mixin.py:109} INFO - [2022-01-21 21:02:59,542] {dagbag.py:500} INFO - Filling up the DagBag from /home/data-eginner/Documents/Soccer_Data/env/lib/python3.8/site-packages/airflow/example_dags/example_external_task_marker_dag.py
[2022-01-21 21:02:59,608] {processor.py:654} INFO - DAG(s) dict_keys(['example_external_task_marker_parent', 'example_external_task_marker_child']) retrieved from /home/data-eginner/Documents/Soccer_Data/env/lib/python3.8/site-packages/airflow/example_dags/example_external_task_marker_dag.py
[2022-01-21 21:02:59,636] {logging_mixin.py:109} INFO - [2022-01-21 21:02:59,636] {dag.py:2396} INFO - Sync 2 DAGs
[2022-01-21 21:02:59,703] {logging_mixin.py:109} INFO - [2022-01-21 21:02:59,703] {dag.py:2935} INFO - Setting next_dagrun for example_external_task_marker_child to None
[2022-01-21 21:02:59,703] {logging_mixin.py:109} INFO - [2022-01-21 21:02:59,703] {dag.py:2935} INFO - Setting next_dagrun for example_external_task_marker_parent to None
[2022-01-21 21:02:59,720] {processor.py:171} INFO - Processing /home/data-eginner/Documents/Soccer_Data/env/lib/python3.8/site-packages/airflow/example_dags/example_external_task_marker_dag.py took 0.196 seconds
[2022-01-21 21:03:43,536] {processor.py:163} INFO - Started process (PID=111514) to work on /home/data-eginner/Documents/Soccer_Data/env/lib/python3.8/site-packages/airflow/example_dags/example_external_task_marker_dag.py
[2022-01-21 21:03:43,538] {processor.py:642} INFO - Processing file /home/data-eginner/Documents/Soccer_Data/env/lib/python3.8/site-packages/airflow/example_dags/example_external_task_marker_dag.py for tasks to queue
[2022-01-21 21:03:43,539] {logging_mixin.py:109} INFO - [2022-01-21 21:03:43,539] {dagbag.py:500} INFO - Filling up the DagBag from /home/data-eginner/Documents/Soccer_Data/env/lib/python3.8/site-packages/airflow/example_dags/example_external_task_marker_dag.py
[2022-01-21 21:03:43,574] {processor.py:654} INFO - DAG(s) dict_keys(['example_external_task_marker_parent', 'example_external_task_marker_child']) retrieved from /home/data-eginner/Documents/Soccer_Data/env/lib/python3.8/site-packages/airflow/example_dags/example_external_task_marker_dag.py
[2022-01-21 21:03:43,588] {logging_mixin.py:109} INFO - [2022-01-21 21:03:43,588] {dag.py:2396} INFO - Sync 2 DAGs
[2022-01-21 21:03:43,600] {logging_mixin.py:109} INFO - [2022-01-21 21:03:43,600] {dag.py:2935} INFO - Setting next_dagrun for example_external_task_marker_child to None
[2022-01-21 21:03:43,600] {logging_mixin.py:109} INFO - [2022-01-21 21:03:43,600] {dag.py:2935} INFO - Setting next_dagrun for example_external_task_marker_parent to None
[2022-01-21 21:03:43,618] {processor.py:171} INFO - Processing /home/data-eginner/Documents/Soccer_Data/env/lib/python3.8/site-packages/airflow/example_dags/example_external_task_marker_dag.py took 0.086 seconds
[2022-01-21 21:04:26,071] {processor.py:163} INFO - Started process (PID=111736) to work on /home/data-eginner/Documents/Soccer_Data/env/lib/python3.8/site-packages/airflow/example_dags/example_external_task_marker_dag.py
[2022-01-21 21:04:26,073] {processor.py:642} INFO - Processing file /home/data-eginner/Documents/Soccer_Data/env/lib/python3.8/site-packages/airflow/example_dags/example_external_task_marker_dag.py for tasks to queue
[2022-01-21 21:04:26,074] {logging_mixin.py:109} INFO - [2022-01-21 21:04:26,074] {dagbag.py:500} INFO - Filling up the DagBag from /home/data-eginner/Documents/Soccer_Data/env/lib/python3.8/site-packages/airflow/example_dags/example_external_task_marker_dag.py
[2022-01-21 21:04:26,094] {processor.py:654} INFO - DAG(s) dict_keys(['example_external_task_marker_parent', 'example_external_task_marker_child']) retrieved from /home/data-eginner/Documents/Soccer_Data/env/lib/python3.8/site-packages/airflow/example_dags/example_external_task_marker_dag.py
[2022-01-21 21:04:26,105] {logging_mixin.py:109} INFO - [2022-01-21 21:04:26,105] {dag.py:2396} INFO - Sync 2 DAGs
[2022-01-21 21:04:26,116] {logging_mixin.py:109} INFO - [2022-01-21 21:04:26,116] {dag.py:2935} INFO - Setting next_dagrun for example_external_task_marker_child to None
[2022-01-21 21:04:26,117] {logging_mixin.py:109} INFO - [2022-01-21 21:04:26,117] {dag.py:2935} INFO - Setting next_dagrun for example_external_task_marker_parent to None
[2022-01-21 21:04:26,136] {processor.py:171} INFO - Processing /home/data-eginner/Documents/Soccer_Data/env/lib/python3.8/site-packages/airflow/example_dags/example_external_task_marker_dag.py took 0.068 seconds
[2022-01-21 21:05:05,348] {processor.py:163} INFO - Started process (PID=111943) to work on /home/data-eginner/Documents/Soccer_Data/env/lib/python3.8/site-packages/airflow/example_dags/example_external_task_marker_dag.py
[2022-01-21 21:05:05,374] {processor.py:642} INFO - Processing file /home/data-eginner/Documents/Soccer_Data/env/lib/python3.8/site-packages/airflow/example_dags/example_external_task_marker_dag.py for tasks to queue
[2022-01-21 21:05:05,374] {logging_mixin.py:109} INFO - [2022-01-21 21:05:05,374] {dagbag.py:500} INFO - Filling up the DagBag from /home/data-eginner/Documents/Soccer_Data/env/lib/python3.8/site-packages/airflow/example_dags/example_external_task_marker_dag.py
[2022-01-21 21:05:05,403] {processor.py:654} INFO - DAG(s) dict_keys(['example_external_task_marker_parent', 'example_external_task_marker_child']) retrieved from /home/data-eginner/Documents/Soccer_Data/env/lib/python3.8/site-packages/airflow/example_dags/example_external_task_marker_dag.py
[2022-01-21 21:05:05,414] {logging_mixin.py:109} INFO - [2022-01-21 21:05:05,414] {dag.py:2396} INFO - Sync 2 DAGs
[2022-01-21 21:05:05,425] {logging_mixin.py:109} INFO - [2022-01-21 21:05:05,425] {dag.py:2935} INFO - Setting next_dagrun for example_external_task_marker_child to None
[2022-01-21 21:05:05,426] {logging_mixin.py:109} INFO - [2022-01-21 21:05:05,426] {dag.py:2935} INFO - Setting next_dagrun for example_external_task_marker_parent to None
[2022-01-21 21:05:05,442] {processor.py:171} INFO - Processing /home/data-eginner/Documents/Soccer_Data/env/lib/python3.8/site-packages/airflow/example_dags/example_external_task_marker_dag.py took 0.100 seconds
[2022-01-21 21:05:42,981] {processor.py:163} INFO - Started process (PID=112136) to work on /home/data-eginner/Documents/Soccer_Data/env/lib/python3.8/site-packages/airflow/example_dags/example_external_task_marker_dag.py
[2022-01-21 21:05:42,989] {processor.py:642} INFO - Processing file /home/data-eginner/Documents/Soccer_Data/env/lib/python3.8/site-packages/airflow/example_dags/example_external_task_marker_dag.py for tasks to queue
[2022-01-21 21:05:42,990] {logging_mixin.py:109} INFO - [2022-01-21 21:05:42,990] {dagbag.py:500} INFO - Filling up the DagBag from /home/data-eginner/Documents/Soccer_Data/env/lib/python3.8/site-packages/airflow/example_dags/example_external_task_marker_dag.py
[2022-01-21 21:05:43,022] {processor.py:654} INFO - DAG(s) dict_keys(['example_external_task_marker_parent', 'example_external_task_marker_child']) retrieved from /home/data-eginner/Documents/Soccer_Data/env/lib/python3.8/site-packages/airflow/example_dags/example_external_task_marker_dag.py
[2022-01-21 21:05:43,034] {logging_mixin.py:109} INFO - [2022-01-21 21:05:43,034] {dag.py:2396} INFO - Sync 2 DAGs
[2022-01-21 21:05:43,044] {logging_mixin.py:109} INFO - [2022-01-21 21:05:43,044] {dag.py:2935} INFO - Setting next_dagrun for example_external_task_marker_child to None
[2022-01-21 21:05:43,044] {logging_mixin.py:109} INFO - [2022-01-21 21:05:43,044] {dag.py:2935} INFO - Setting next_dagrun for example_external_task_marker_parent to None
[2022-01-21 21:05:43,060] {processor.py:171} INFO - Processing /home/data-eginner/Documents/Soccer_Data/env/lib/python3.8/site-packages/airflow/example_dags/example_external_task_marker_dag.py took 0.090 seconds
[2022-01-21 21:06:23,651] {processor.py:163} INFO - Started process (PID=112351) to work on /home/data-eginner/Documents/Soccer_Data/env/lib/python3.8/site-packages/airflow/example_dags/example_external_task_marker_dag.py
[2022-01-21 21:06:23,859] {processor.py:642} INFO - Processing file /home/data-eginner/Documents/Soccer_Data/env/lib/python3.8/site-packages/airflow/example_dags/example_external_task_marker_dag.py for tasks to queue
[2022-01-21 21:06:23,861] {logging_mixin.py:109} INFO - [2022-01-21 21:06:23,861] {dagbag.py:500} INFO - Filling up the DagBag from /home/data-eginner/Documents/Soccer_Data/env/lib/python3.8/site-packages/airflow/example_dags/example_external_task_marker_dag.py
[2022-01-21 21:06:23,927] {processor.py:654} INFO - DAG(s) dict_keys(['example_external_task_marker_parent', 'example_external_task_marker_child']) retrieved from /home/data-eginner/Documents/Soccer_Data/env/lib/python3.8/site-packages/airflow/example_dags/example_external_task_marker_dag.py
[2022-01-21 21:06:23,949] {logging_mixin.py:109} INFO - [2022-01-21 21:06:23,949] {dag.py:2396} INFO - Sync 2 DAGs
[2022-01-21 21:06:23,969] {logging_mixin.py:109} INFO - [2022-01-21 21:06:23,969] {dag.py:2935} INFO - Setting next_dagrun for example_external_task_marker_child to None
[2022-01-21 21:06:23,972] {logging_mixin.py:109} INFO - [2022-01-21 21:06:23,972] {dag.py:2935} INFO - Setting next_dagrun for example_external_task_marker_parent to None
[2022-01-21 21:06:24,009] {processor.py:171} INFO - Processing /home/data-eginner/Documents/Soccer_Data/env/lib/python3.8/site-packages/airflow/example_dags/example_external_task_marker_dag.py took 0.363 seconds
[2022-01-21 21:07:02,655] {processor.py:163} INFO - Started process (PID=112554) to work on /home/data-eginner/Documents/Soccer_Data/env/lib/python3.8/site-packages/airflow/example_dags/example_external_task_marker_dag.py
[2022-01-21 21:07:02,679] {processor.py:642} INFO - Processing file /home/data-eginner/Documents/Soccer_Data/env/lib/python3.8/site-packages/airflow/example_dags/example_external_task_marker_dag.py for tasks to queue
[2022-01-21 21:07:02,680] {logging_mixin.py:109} INFO - [2022-01-21 21:07:02,680] {dagbag.py:500} INFO - Filling up the DagBag from /home/data-eginner/Documents/Soccer_Data/env/lib/python3.8/site-packages/airflow/example_dags/example_external_task_marker_dag.py
[2022-01-21 21:07:02,704] {processor.py:654} INFO - DAG(s) dict_keys(['example_external_task_marker_parent', 'example_external_task_marker_child']) retrieved from /home/data-eginner/Documents/Soccer_Data/env/lib/python3.8/site-packages/airflow/example_dags/example_external_task_marker_dag.py
[2022-01-21 21:07:02,717] {logging_mixin.py:109} INFO - [2022-01-21 21:07:02,717] {dag.py:2396} INFO - Sync 2 DAGs
[2022-01-21 21:07:02,731] {logging_mixin.py:109} INFO - [2022-01-21 21:07:02,731] {dag.py:2935} INFO - Setting next_dagrun for example_external_task_marker_child to None
[2022-01-21 21:07:02,731] {logging_mixin.py:109} INFO - [2022-01-21 21:07:02,731] {dag.py:2935} INFO - Setting next_dagrun for example_external_task_marker_parent to None
[2022-01-21 21:07:02,746] {processor.py:171} INFO - Processing /home/data-eginner/Documents/Soccer_Data/env/lib/python3.8/site-packages/airflow/example_dags/example_external_task_marker_dag.py took 0.100 seconds
[2022-01-21 21:07:48,108] {processor.py:163} INFO - Started process (PID=112786) to work on /home/data-eginner/Documents/Soccer_Data/env/lib/python3.8/site-packages/airflow/example_dags/example_external_task_marker_dag.py
[2022-01-21 21:07:48,112] {processor.py:642} INFO - Processing file /home/data-eginner/Documents/Soccer_Data/env/lib/python3.8/site-packages/airflow/example_dags/example_external_task_marker_dag.py for tasks to queue
[2022-01-21 21:07:48,113] {logging_mixin.py:109} INFO - [2022-01-21 21:07:48,113] {dagbag.py:500} INFO - Filling up the DagBag from /home/data-eginner/Documents/Soccer_Data/env/lib/python3.8/site-packages/airflow/example_dags/example_external_task_marker_dag.py
[2022-01-21 21:07:48,134] {processor.py:654} INFO - DAG(s) dict_keys(['example_external_task_marker_parent', 'example_external_task_marker_child']) retrieved from /home/data-eginner/Documents/Soccer_Data/env/lib/python3.8/site-packages/airflow/example_dags/example_external_task_marker_dag.py
[2022-01-21 21:07:48,147] {logging_mixin.py:109} INFO - [2022-01-21 21:07:48,146] {dag.py:2396} INFO - Sync 2 DAGs
[2022-01-21 21:07:48,160] {logging_mixin.py:109} INFO - [2022-01-21 21:07:48,160] {dag.py:2935} INFO - Setting next_dagrun for example_external_task_marker_child to None
[2022-01-21 21:07:48,160] {logging_mixin.py:109} INFO - [2022-01-21 21:07:48,160] {dag.py:2935} INFO - Setting next_dagrun for example_external_task_marker_parent to None
[2022-01-21 21:07:48,175] {processor.py:171} INFO - Processing /home/data-eginner/Documents/Soccer_Data/env/lib/python3.8/site-packages/airflow/example_dags/example_external_task_marker_dag.py took 0.071 seconds
