[2022-01-21 21:00:17,954] {processor.py:163} INFO - Started process (PID=110527) to work on /home/data-eginner/Documents/Soccer_Data/env/lib/python3.8/site-packages/airflow/example_dags/example_kubernetes_executor.py
[2022-01-21 21:00:17,956] {processor.py:642} INFO - Processing file /home/data-eginner/Documents/Soccer_Data/env/lib/python3.8/site-packages/airflow/example_dags/example_kubernetes_executor.py for tasks to queue
[2022-01-21 21:00:17,956] {logging_mixin.py:109} INFO - [2022-01-21 21:00:17,956] {dagbag.py:500} INFO - Filling up the DagBag from /home/data-eginner/Documents/Soccer_Data/env/lib/python3.8/site-packages/airflow/example_dags/example_kubernetes_executor.py
[2022-01-21 21:00:18,000] {logging_mixin.py:109} INFO - [2022-01-21 21:00:18,000] {example_kubernetes_executor.py:38} WARNING - The example_kubernetes_executor example DAG requires the kubernetes provider. Please install it with: pip install apache-airflow[cncf.kubernetes]
[2022-01-21 21:00:18,045] {processor.py:656} WARNING - No viable dags retrieved from /home/data-eginner/Documents/Soccer_Data/env/lib/python3.8/site-packages/airflow/example_dags/example_kubernetes_executor.py
[2022-01-21 21:00:18,047] {processor.py:171} INFO - Processing /home/data-eginner/Documents/Soccer_Data/env/lib/python3.8/site-packages/airflow/example_dags/example_kubernetes_executor.py took 0.096 seconds
[2022-01-21 21:01:18,250] {processor.py:163} INFO - Started process (PID=110836) to work on /home/data-eginner/Documents/Soccer_Data/env/lib/python3.8/site-packages/airflow/example_dags/example_kubernetes_executor.py
[2022-01-21 21:01:18,269] {processor.py:642} INFO - Processing file /home/data-eginner/Documents/Soccer_Data/env/lib/python3.8/site-packages/airflow/example_dags/example_kubernetes_executor.py for tasks to queue
[2022-01-21 21:01:18,270] {logging_mixin.py:109} INFO - [2022-01-21 21:01:18,270] {dagbag.py:500} INFO - Filling up the DagBag from /home/data-eginner/Documents/Soccer_Data/env/lib/python3.8/site-packages/airflow/example_dags/example_kubernetes_executor.py
[2022-01-21 21:01:18,279] {logging_mixin.py:109} INFO - [2022-01-21 21:01:18,279] {example_kubernetes_executor.py:38} WARNING - The example_kubernetes_executor example DAG requires the kubernetes provider. Please install it with: pip install apache-airflow[cncf.kubernetes]
[2022-01-21 21:01:18,287] {processor.py:656} WARNING - No viable dags retrieved from /home/data-eginner/Documents/Soccer_Data/env/lib/python3.8/site-packages/airflow/example_dags/example_kubernetes_executor.py
[2022-01-21 21:01:18,298] {processor.py:171} INFO - Processing /home/data-eginner/Documents/Soccer_Data/env/lib/python3.8/site-packages/airflow/example_dags/example_kubernetes_executor.py took 0.050 seconds
[2022-01-21 21:02:17,830] {processor.py:163} INFO - Started process (PID=111116) to work on /home/data-eginner/Documents/Soccer_Data/env/lib/python3.8/site-packages/airflow/example_dags/example_kubernetes_executor.py
[2022-01-21 21:02:17,834] {processor.py:642} INFO - Processing file /home/data-eginner/Documents/Soccer_Data/env/lib/python3.8/site-packages/airflow/example_dags/example_kubernetes_executor.py for tasks to queue
[2022-01-21 21:02:17,835] {logging_mixin.py:109} INFO - [2022-01-21 21:02:17,834] {dagbag.py:500} INFO - Filling up the DagBag from /home/data-eginner/Documents/Soccer_Data/env/lib/python3.8/site-packages/airflow/example_dags/example_kubernetes_executor.py
[2022-01-21 21:02:17,855] {logging_mixin.py:109} INFO - [2022-01-21 21:02:17,855] {example_kubernetes_executor.py:38} WARNING - The example_kubernetes_executor example DAG requires the kubernetes provider. Please install it with: pip install apache-airflow[cncf.kubernetes]
[2022-01-21 21:02:17,878] {processor.py:656} WARNING - No viable dags retrieved from /home/data-eginner/Documents/Soccer_Data/env/lib/python3.8/site-packages/airflow/example_dags/example_kubernetes_executor.py
[2022-01-21 21:02:17,894] {processor.py:171} INFO - Processing /home/data-eginner/Documents/Soccer_Data/env/lib/python3.8/site-packages/airflow/example_dags/example_kubernetes_executor.py took 0.081 seconds
[2022-01-21 21:03:20,872] {processor.py:163} INFO - Started process (PID=111397) to work on /home/data-eginner/Documents/Soccer_Data/env/lib/python3.8/site-packages/airflow/example_dags/example_kubernetes_executor.py
[2022-01-21 21:03:20,891] {processor.py:642} INFO - Processing file /home/data-eginner/Documents/Soccer_Data/env/lib/python3.8/site-packages/airflow/example_dags/example_kubernetes_executor.py for tasks to queue
[2022-01-21 21:03:20,892] {logging_mixin.py:109} INFO - [2022-01-21 21:03:20,891] {dagbag.py:500} INFO - Filling up the DagBag from /home/data-eginner/Documents/Soccer_Data/env/lib/python3.8/site-packages/airflow/example_dags/example_kubernetes_executor.py
[2022-01-21 21:03:20,929] {logging_mixin.py:109} INFO - [2022-01-21 21:03:20,928] {example_kubernetes_executor.py:38} WARNING - The example_kubernetes_executor example DAG requires the kubernetes provider. Please install it with: pip install apache-airflow[cncf.kubernetes]
[2022-01-21 21:03:20,936] {processor.py:656} WARNING - No viable dags retrieved from /home/data-eginner/Documents/Soccer_Data/env/lib/python3.8/site-packages/airflow/example_dags/example_kubernetes_executor.py
[2022-01-21 21:03:20,958] {processor.py:171} INFO - Processing /home/data-eginner/Documents/Soccer_Data/env/lib/python3.8/site-packages/airflow/example_dags/example_kubernetes_executor.py took 0.089 seconds
[2022-01-21 21:04:01,721] {processor.py:163} INFO - Started process (PID=111609) to work on /home/data-eginner/Documents/Soccer_Data/env/lib/python3.8/site-packages/airflow/example_dags/example_kubernetes_executor.py
[2022-01-21 21:04:01,726] {processor.py:642} INFO - Processing file /home/data-eginner/Documents/Soccer_Data/env/lib/python3.8/site-packages/airflow/example_dags/example_kubernetes_executor.py for tasks to queue
[2022-01-21 21:04:01,728] {logging_mixin.py:109} INFO - [2022-01-21 21:04:01,727] {dagbag.py:500} INFO - Filling up the DagBag from /home/data-eginner/Documents/Soccer_Data/env/lib/python3.8/site-packages/airflow/example_dags/example_kubernetes_executor.py
[2022-01-21 21:04:01,746] {logging_mixin.py:109} INFO - [2022-01-21 21:04:01,746] {example_kubernetes_executor.py:38} WARNING - The example_kubernetes_executor example DAG requires the kubernetes provider. Please install it with: pip install apache-airflow[cncf.kubernetes]
[2022-01-21 21:04:01,755] {processor.py:656} WARNING - No viable dags retrieved from /home/data-eginner/Documents/Soccer_Data/env/lib/python3.8/site-packages/airflow/example_dags/example_kubernetes_executor.py
[2022-01-21 21:04:01,758] {processor.py:171} INFO - Processing /home/data-eginner/Documents/Soccer_Data/env/lib/python3.8/site-packages/airflow/example_dags/example_kubernetes_executor.py took 0.043 seconds
[2022-01-21 21:04:41,655] {processor.py:163} INFO - Started process (PID=111825) to work on /home/data-eginner/Documents/Soccer_Data/env/lib/python3.8/site-packages/airflow/example_dags/example_kubernetes_executor.py
[2022-01-21 21:04:41,661] {processor.py:642} INFO - Processing file /home/data-eginner/Documents/Soccer_Data/env/lib/python3.8/site-packages/airflow/example_dags/example_kubernetes_executor.py for tasks to queue
[2022-01-21 21:04:41,662] {logging_mixin.py:109} INFO - [2022-01-21 21:04:41,662] {dagbag.py:500} INFO - Filling up the DagBag from /home/data-eginner/Documents/Soccer_Data/env/lib/python3.8/site-packages/airflow/example_dags/example_kubernetes_executor.py
[2022-01-21 21:04:41,691] {logging_mixin.py:109} INFO - [2022-01-21 21:04:41,691] {example_kubernetes_executor.py:38} WARNING - The example_kubernetes_executor example DAG requires the kubernetes provider. Please install it with: pip install apache-airflow[cncf.kubernetes]
[2022-01-21 21:04:41,705] {processor.py:656} WARNING - No viable dags retrieved from /home/data-eginner/Documents/Soccer_Data/env/lib/python3.8/site-packages/airflow/example_dags/example_kubernetes_executor.py
[2022-01-21 21:04:41,707] {processor.py:171} INFO - Processing /home/data-eginner/Documents/Soccer_Data/env/lib/python3.8/site-packages/airflow/example_dags/example_kubernetes_executor.py took 0.058 seconds
[2022-01-21 21:05:19,586] {processor.py:163} INFO - Started process (PID=112018) to work on /home/data-eginner/Documents/Soccer_Data/env/lib/python3.8/site-packages/airflow/example_dags/example_kubernetes_executor.py
[2022-01-21 21:05:19,589] {processor.py:642} INFO - Processing file /home/data-eginner/Documents/Soccer_Data/env/lib/python3.8/site-packages/airflow/example_dags/example_kubernetes_executor.py for tasks to queue
[2022-01-21 21:05:19,590] {logging_mixin.py:109} INFO - [2022-01-21 21:05:19,590] {dagbag.py:500} INFO - Filling up the DagBag from /home/data-eginner/Documents/Soccer_Data/env/lib/python3.8/site-packages/airflow/example_dags/example_kubernetes_executor.py
[2022-01-21 21:05:19,598] {logging_mixin.py:109} INFO - [2022-01-21 21:05:19,598] {example_kubernetes_executor.py:38} WARNING - The example_kubernetes_executor example DAG requires the kubernetes provider. Please install it with: pip install apache-airflow[cncf.kubernetes]
[2022-01-21 21:05:19,606] {processor.py:656} WARNING - No viable dags retrieved from /home/data-eginner/Documents/Soccer_Data/env/lib/python3.8/site-packages/airflow/example_dags/example_kubernetes_executor.py
[2022-01-21 21:05:19,607] {processor.py:171} INFO - Processing /home/data-eginner/Documents/Soccer_Data/env/lib/python3.8/site-packages/airflow/example_dags/example_kubernetes_executor.py took 0.024 seconds
[2022-01-21 21:05:57,772] {processor.py:163} INFO - Started process (PID=112210) to work on /home/data-eginner/Documents/Soccer_Data/env/lib/python3.8/site-packages/airflow/example_dags/example_kubernetes_executor.py
[2022-01-21 21:05:57,798] {processor.py:642} INFO - Processing file /home/data-eginner/Documents/Soccer_Data/env/lib/python3.8/site-packages/airflow/example_dags/example_kubernetes_executor.py for tasks to queue
[2022-01-21 21:05:57,800] {logging_mixin.py:109} INFO - [2022-01-21 21:05:57,799] {dagbag.py:500} INFO - Filling up the DagBag from /home/data-eginner/Documents/Soccer_Data/env/lib/python3.8/site-packages/airflow/example_dags/example_kubernetes_executor.py
[2022-01-21 21:05:57,816] {logging_mixin.py:109} INFO - [2022-01-21 21:05:57,816] {example_kubernetes_executor.py:38} WARNING - The example_kubernetes_executor example DAG requires the kubernetes provider. Please install it with: pip install apache-airflow[cncf.kubernetes]
[2022-01-21 21:05:57,827] {processor.py:656} WARNING - No viable dags retrieved from /home/data-eginner/Documents/Soccer_Data/env/lib/python3.8/site-packages/airflow/example_dags/example_kubernetes_executor.py
[2022-01-21 21:05:57,831] {processor.py:171} INFO - Processing /home/data-eginner/Documents/Soccer_Data/env/lib/python3.8/site-packages/airflow/example_dags/example_kubernetes_executor.py took 0.078 seconds
[2022-01-21 21:06:33,926] {processor.py:163} INFO - Started process (PID=112408) to work on /home/data-eginner/Documents/Soccer_Data/env/lib/python3.8/site-packages/airflow/example_dags/example_kubernetes_executor.py
[2022-01-21 21:06:33,931] {processor.py:642} INFO - Processing file /home/data-eginner/Documents/Soccer_Data/env/lib/python3.8/site-packages/airflow/example_dags/example_kubernetes_executor.py for tasks to queue
[2022-01-21 21:06:33,932] {logging_mixin.py:109} INFO - [2022-01-21 21:06:33,932] {dagbag.py:500} INFO - Filling up the DagBag from /home/data-eginner/Documents/Soccer_Data/env/lib/python3.8/site-packages/airflow/example_dags/example_kubernetes_executor.py
[2022-01-21 21:06:33,964] {logging_mixin.py:109} INFO - [2022-01-21 21:06:33,964] {example_kubernetes_executor.py:38} WARNING - The example_kubernetes_executor example DAG requires the kubernetes provider. Please install it with: pip install apache-airflow[cncf.kubernetes]
[2022-01-21 21:06:33,971] {processor.py:656} WARNING - No viable dags retrieved from /home/data-eginner/Documents/Soccer_Data/env/lib/python3.8/site-packages/airflow/example_dags/example_kubernetes_executor.py
[2022-01-21 21:06:33,972] {processor.py:171} INFO - Processing /home/data-eginner/Documents/Soccer_Data/env/lib/python3.8/site-packages/airflow/example_dags/example_kubernetes_executor.py took 0.055 seconds
[2022-01-21 21:07:22,028] {processor.py:163} INFO - Started process (PID=112648) to work on /home/data-eginner/Documents/Soccer_Data/env/lib/python3.8/site-packages/airflow/example_dags/example_kubernetes_executor.py
[2022-01-21 21:07:22,033] {processor.py:642} INFO - Processing file /home/data-eginner/Documents/Soccer_Data/env/lib/python3.8/site-packages/airflow/example_dags/example_kubernetes_executor.py for tasks to queue
[2022-01-21 21:07:22,034] {logging_mixin.py:109} INFO - [2022-01-21 21:07:22,034] {dagbag.py:500} INFO - Filling up the DagBag from /home/data-eginner/Documents/Soccer_Data/env/lib/python3.8/site-packages/airflow/example_dags/example_kubernetes_executor.py
[2022-01-21 21:07:22,051] {logging_mixin.py:109} INFO - [2022-01-21 21:07:22,051] {example_kubernetes_executor.py:38} WARNING - The example_kubernetes_executor example DAG requires the kubernetes provider. Please install it with: pip install apache-airflow[cncf.kubernetes]
[2022-01-21 21:07:22,059] {processor.py:656} WARNING - No viable dags retrieved from /home/data-eginner/Documents/Soccer_Data/env/lib/python3.8/site-packages/airflow/example_dags/example_kubernetes_executor.py
[2022-01-21 21:07:22,061] {processor.py:171} INFO - Processing /home/data-eginner/Documents/Soccer_Data/env/lib/python3.8/site-packages/airflow/example_dags/example_kubernetes_executor.py took 0.037 seconds
