[2022-01-21 21:00:28,937] {processor.py:163} INFO - Started process (PID=110600) to work on /home/data-eginner/Documents/Soccer_Data/env/lib/python3.8/site-packages/airflow/example_dags/example_time_delta_sensor_async.py
[2022-01-21 21:00:28,938] {processor.py:642} INFO - Processing file /home/data-eginner/Documents/Soccer_Data/env/lib/python3.8/site-packages/airflow/example_dags/example_time_delta_sensor_async.py for tasks to queue
[2022-01-21 21:00:28,938] {logging_mixin.py:109} INFO - [2022-01-21 21:00:28,938] {dagbag.py:500} INFO - Filling up the DagBag from /home/data-eginner/Documents/Soccer_Data/env/lib/python3.8/site-packages/airflow/example_dags/example_time_delta_sensor_async.py
[2022-01-21 21:00:29,063] {processor.py:654} INFO - DAG(s) dict_keys(['example_time_delta_sensor_async']) retrieved from /home/data-eginner/Documents/Soccer_Data/env/lib/python3.8/site-packages/airflow/example_dags/example_time_delta_sensor_async.py
[2022-01-21 21:00:29,088] {logging_mixin.py:109} INFO - [2022-01-21 21:00:29,088] {dag.py:2396} INFO - Sync 1 DAGs
[2022-01-21 21:00:29,141] {logging_mixin.py:109} INFO - [2022-01-21 21:00:29,117] {dag.py:2935} INFO - Setting next_dagrun for example_time_delta_sensor_async to None
[2022-01-21 21:00:29,551] {processor.py:171} INFO - Processing /home/data-eginner/Documents/Soccer_Data/env/lib/python3.8/site-packages/airflow/example_dags/example_time_delta_sensor_async.py took 0.762 seconds
[2022-01-21 21:01:11,825] {processor.py:163} INFO - Started process (PID=110799) to work on /home/data-eginner/Documents/Soccer_Data/env/lib/python3.8/site-packages/airflow/example_dags/example_time_delta_sensor_async.py
[2022-01-21 21:01:11,830] {processor.py:642} INFO - Processing file /home/data-eginner/Documents/Soccer_Data/env/lib/python3.8/site-packages/airflow/example_dags/example_time_delta_sensor_async.py for tasks to queue
[2022-01-21 21:01:11,831] {logging_mixin.py:109} INFO - [2022-01-21 21:01:11,831] {dagbag.py:500} INFO - Filling up the DagBag from /home/data-eginner/Documents/Soccer_Data/env/lib/python3.8/site-packages/airflow/example_dags/example_time_delta_sensor_async.py
[2022-01-21 21:01:11,873] {processor.py:654} INFO - DAG(s) dict_keys(['example_time_delta_sensor_async']) retrieved from /home/data-eginner/Documents/Soccer_Data/env/lib/python3.8/site-packages/airflow/example_dags/example_time_delta_sensor_async.py
[2022-01-21 21:01:11,889] {logging_mixin.py:109} INFO - [2022-01-21 21:01:11,889] {dag.py:2396} INFO - Sync 1 DAGs
[2022-01-21 21:01:11,921] {logging_mixin.py:109} INFO - [2022-01-21 21:01:11,921] {dag.py:2935} INFO - Setting next_dagrun for example_time_delta_sensor_async to None
[2022-01-21 21:01:11,940] {processor.py:171} INFO - Processing /home/data-eginner/Documents/Soccer_Data/env/lib/python3.8/site-packages/airflow/example_dags/example_time_delta_sensor_async.py took 0.122 seconds
[2022-01-21 21:02:09,788] {processor.py:163} INFO - Started process (PID=111074) to work on /home/data-eginner/Documents/Soccer_Data/env/lib/python3.8/site-packages/airflow/example_dags/example_time_delta_sensor_async.py
[2022-01-21 21:02:09,791] {processor.py:642} INFO - Processing file /home/data-eginner/Documents/Soccer_Data/env/lib/python3.8/site-packages/airflow/example_dags/example_time_delta_sensor_async.py for tasks to queue
[2022-01-21 21:02:09,792] {logging_mixin.py:109} INFO - [2022-01-21 21:02:09,792] {dagbag.py:500} INFO - Filling up the DagBag from /home/data-eginner/Documents/Soccer_Data/env/lib/python3.8/site-packages/airflow/example_dags/example_time_delta_sensor_async.py
[2022-01-21 21:02:09,831] {processor.py:654} INFO - DAG(s) dict_keys(['example_time_delta_sensor_async']) retrieved from /home/data-eginner/Documents/Soccer_Data/env/lib/python3.8/site-packages/airflow/example_dags/example_time_delta_sensor_async.py
[2022-01-21 21:02:09,838] {logging_mixin.py:109} INFO - [2022-01-21 21:02:09,838] {dag.py:2396} INFO - Sync 1 DAGs
[2022-01-21 21:02:09,849] {logging_mixin.py:109} INFO - [2022-01-21 21:02:09,849] {dag.py:2935} INFO - Setting next_dagrun for example_time_delta_sensor_async to None
[2022-01-21 21:02:09,866] {processor.py:171} INFO - Processing /home/data-eginner/Documents/Soccer_Data/env/lib/python3.8/site-packages/airflow/example_dags/example_time_delta_sensor_async.py took 0.084 seconds
[2022-01-21 21:03:13,051] {processor.py:163} INFO - Started process (PID=111357) to work on /home/data-eginner/Documents/Soccer_Data/env/lib/python3.8/site-packages/airflow/example_dags/example_time_delta_sensor_async.py
[2022-01-21 21:03:13,066] {processor.py:642} INFO - Processing file /home/data-eginner/Documents/Soccer_Data/env/lib/python3.8/site-packages/airflow/example_dags/example_time_delta_sensor_async.py for tasks to queue
[2022-01-21 21:03:13,066] {logging_mixin.py:109} INFO - [2022-01-21 21:03:13,066] {dagbag.py:500} INFO - Filling up the DagBag from /home/data-eginner/Documents/Soccer_Data/env/lib/python3.8/site-packages/airflow/example_dags/example_time_delta_sensor_async.py
[2022-01-21 21:03:13,114] {processor.py:654} INFO - DAG(s) dict_keys(['example_time_delta_sensor_async']) retrieved from /home/data-eginner/Documents/Soccer_Data/env/lib/python3.8/site-packages/airflow/example_dags/example_time_delta_sensor_async.py
[2022-01-21 21:03:13,129] {logging_mixin.py:109} INFO - [2022-01-21 21:03:13,129] {dag.py:2396} INFO - Sync 1 DAGs
[2022-01-21 21:03:13,177] {logging_mixin.py:109} INFO - [2022-01-21 21:03:13,177] {dag.py:2935} INFO - Setting next_dagrun for example_time_delta_sensor_async to None
[2022-01-21 21:03:13,218] {processor.py:171} INFO - Processing /home/data-eginner/Documents/Soccer_Data/env/lib/python3.8/site-packages/airflow/example_dags/example_time_delta_sensor_async.py took 0.170 seconds
[2022-01-21 21:03:54,687] {processor.py:163} INFO - Started process (PID=111570) to work on /home/data-eginner/Documents/Soccer_Data/env/lib/python3.8/site-packages/airflow/example_dags/example_time_delta_sensor_async.py
[2022-01-21 21:03:54,689] {processor.py:642} INFO - Processing file /home/data-eginner/Documents/Soccer_Data/env/lib/python3.8/site-packages/airflow/example_dags/example_time_delta_sensor_async.py for tasks to queue
[2022-01-21 21:03:54,690] {logging_mixin.py:109} INFO - [2022-01-21 21:03:54,689] {dagbag.py:500} INFO - Filling up the DagBag from /home/data-eginner/Documents/Soccer_Data/env/lib/python3.8/site-packages/airflow/example_dags/example_time_delta_sensor_async.py
[2022-01-21 21:03:54,710] {processor.py:654} INFO - DAG(s) dict_keys(['example_time_delta_sensor_async']) retrieved from /home/data-eginner/Documents/Soccer_Data/env/lib/python3.8/site-packages/airflow/example_dags/example_time_delta_sensor_async.py
[2022-01-21 21:03:54,718] {logging_mixin.py:109} INFO - [2022-01-21 21:03:54,718] {dag.py:2396} INFO - Sync 1 DAGs
[2022-01-21 21:03:54,731] {logging_mixin.py:109} INFO - [2022-01-21 21:03:54,731] {dag.py:2935} INFO - Setting next_dagrun for example_time_delta_sensor_async to None
[2022-01-21 21:03:54,752] {processor.py:171} INFO - Processing /home/data-eginner/Documents/Soccer_Data/env/lib/python3.8/site-packages/airflow/example_dags/example_time_delta_sensor_async.py took 0.069 seconds
[2022-01-21 21:04:35,267] {processor.py:163} INFO - Started process (PID=111789) to work on /home/data-eginner/Documents/Soccer_Data/env/lib/python3.8/site-packages/airflow/example_dags/example_time_delta_sensor_async.py
[2022-01-21 21:04:35,281] {processor.py:642} INFO - Processing file /home/data-eginner/Documents/Soccer_Data/env/lib/python3.8/site-packages/airflow/example_dags/example_time_delta_sensor_async.py for tasks to queue
[2022-01-21 21:04:35,281] {logging_mixin.py:109} INFO - [2022-01-21 21:04:35,281] {dagbag.py:500} INFO - Filling up the DagBag from /home/data-eginner/Documents/Soccer_Data/env/lib/python3.8/site-packages/airflow/example_dags/example_time_delta_sensor_async.py
[2022-01-21 21:04:35,299] {processor.py:654} INFO - DAG(s) dict_keys(['example_time_delta_sensor_async']) retrieved from /home/data-eginner/Documents/Soccer_Data/env/lib/python3.8/site-packages/airflow/example_dags/example_time_delta_sensor_async.py
[2022-01-21 21:04:35,307] {logging_mixin.py:109} INFO - [2022-01-21 21:04:35,307] {dag.py:2396} INFO - Sync 1 DAGs
[2022-01-21 21:04:35,318] {logging_mixin.py:109} INFO - [2022-01-21 21:04:35,318] {dag.py:2935} INFO - Setting next_dagrun for example_time_delta_sensor_async to None
[2022-01-21 21:04:35,358] {processor.py:171} INFO - Processing /home/data-eginner/Documents/Soccer_Data/env/lib/python3.8/site-packages/airflow/example_dags/example_time_delta_sensor_async.py took 0.096 seconds
[2022-01-21 21:05:12,838] {processor.py:163} INFO - Started process (PID=111984) to work on /home/data-eginner/Documents/Soccer_Data/env/lib/python3.8/site-packages/airflow/example_dags/example_time_delta_sensor_async.py
[2022-01-21 21:05:12,841] {processor.py:642} INFO - Processing file /home/data-eginner/Documents/Soccer_Data/env/lib/python3.8/site-packages/airflow/example_dags/example_time_delta_sensor_async.py for tasks to queue
[2022-01-21 21:05:12,842] {logging_mixin.py:109} INFO - [2022-01-21 21:05:12,842] {dagbag.py:500} INFO - Filling up the DagBag from /home/data-eginner/Documents/Soccer_Data/env/lib/python3.8/site-packages/airflow/example_dags/example_time_delta_sensor_async.py
[2022-01-21 21:05:12,870] {processor.py:654} INFO - DAG(s) dict_keys(['example_time_delta_sensor_async']) retrieved from /home/data-eginner/Documents/Soccer_Data/env/lib/python3.8/site-packages/airflow/example_dags/example_time_delta_sensor_async.py
[2022-01-21 21:05:12,878] {logging_mixin.py:109} INFO - [2022-01-21 21:05:12,878] {dag.py:2396} INFO - Sync 1 DAGs
[2022-01-21 21:05:12,891] {logging_mixin.py:109} INFO - [2022-01-21 21:05:12,889] {dag.py:2935} INFO - Setting next_dagrun for example_time_delta_sensor_async to None
[2022-01-21 21:05:12,908] {processor.py:171} INFO - Processing /home/data-eginner/Documents/Soccer_Data/env/lib/python3.8/site-packages/airflow/example_dags/example_time_delta_sensor_async.py took 0.079 seconds
[2022-01-21 21:05:50,977] {processor.py:163} INFO - Started process (PID=112175) to work on /home/data-eginner/Documents/Soccer_Data/env/lib/python3.8/site-packages/airflow/example_dags/example_time_delta_sensor_async.py
[2022-01-21 21:05:50,981] {processor.py:642} INFO - Processing file /home/data-eginner/Documents/Soccer_Data/env/lib/python3.8/site-packages/airflow/example_dags/example_time_delta_sensor_async.py for tasks to queue
[2022-01-21 21:05:50,982] {logging_mixin.py:109} INFO - [2022-01-21 21:05:50,982] {dagbag.py:500} INFO - Filling up the DagBag from /home/data-eginner/Documents/Soccer_Data/env/lib/python3.8/site-packages/airflow/example_dags/example_time_delta_sensor_async.py
[2022-01-21 21:05:51,007] {processor.py:654} INFO - DAG(s) dict_keys(['example_time_delta_sensor_async']) retrieved from /home/data-eginner/Documents/Soccer_Data/env/lib/python3.8/site-packages/airflow/example_dags/example_time_delta_sensor_async.py
[2022-01-21 21:05:51,015] {logging_mixin.py:109} INFO - [2022-01-21 21:05:51,015] {dag.py:2396} INFO - Sync 1 DAGs
[2022-01-21 21:05:51,027] {logging_mixin.py:109} INFO - [2022-01-21 21:05:51,027] {dag.py:2935} INFO - Setting next_dagrun for example_time_delta_sensor_async to None
[2022-01-21 21:05:51,042] {processor.py:171} INFO - Processing /home/data-eginner/Documents/Soccer_Data/env/lib/python3.8/site-packages/airflow/example_dags/example_time_delta_sensor_async.py took 0.069 seconds
[2022-01-21 21:06:27,617] {processor.py:163} INFO - Started process (PID=112373) to work on /home/data-eginner/Documents/Soccer_Data/env/lib/python3.8/site-packages/airflow/example_dags/example_time_delta_sensor_async.py
[2022-01-21 21:06:27,619] {processor.py:642} INFO - Processing file /home/data-eginner/Documents/Soccer_Data/env/lib/python3.8/site-packages/airflow/example_dags/example_time_delta_sensor_async.py for tasks to queue
[2022-01-21 21:06:27,620] {logging_mixin.py:109} INFO - [2022-01-21 21:06:27,620] {dagbag.py:500} INFO - Filling up the DagBag from /home/data-eginner/Documents/Soccer_Data/env/lib/python3.8/site-packages/airflow/example_dags/example_time_delta_sensor_async.py
[2022-01-21 21:06:27,638] {processor.py:654} INFO - DAG(s) dict_keys(['example_time_delta_sensor_async']) retrieved from /home/data-eginner/Documents/Soccer_Data/env/lib/python3.8/site-packages/airflow/example_dags/example_time_delta_sensor_async.py
[2022-01-21 21:06:27,648] {logging_mixin.py:109} INFO - [2022-01-21 21:06:27,648] {dag.py:2396} INFO - Sync 1 DAGs
[2022-01-21 21:06:27,659] {logging_mixin.py:109} INFO - [2022-01-21 21:06:27,659] {dag.py:2935} INFO - Setting next_dagrun for example_time_delta_sensor_async to None
[2022-01-21 21:06:27,685] {processor.py:171} INFO - Processing /home/data-eginner/Documents/Soccer_Data/env/lib/python3.8/site-packages/airflow/example_dags/example_time_delta_sensor_async.py took 0.071 seconds
[2022-01-21 21:07:05,139] {processor.py:163} INFO - Started process (PID=112566) to work on /home/data-eginner/Documents/Soccer_Data/env/lib/python3.8/site-packages/airflow/example_dags/example_time_delta_sensor_async.py
[2022-01-21 21:07:05,140] {processor.py:642} INFO - Processing file /home/data-eginner/Documents/Soccer_Data/env/lib/python3.8/site-packages/airflow/example_dags/example_time_delta_sensor_async.py for tasks to queue
[2022-01-21 21:07:05,141] {logging_mixin.py:109} INFO - [2022-01-21 21:07:05,141] {dagbag.py:500} INFO - Filling up the DagBag from /home/data-eginner/Documents/Soccer_Data/env/lib/python3.8/site-packages/airflow/example_dags/example_time_delta_sensor_async.py
[2022-01-21 21:07:05,158] {processor.py:654} INFO - DAG(s) dict_keys(['example_time_delta_sensor_async']) retrieved from /home/data-eginner/Documents/Soccer_Data/env/lib/python3.8/site-packages/airflow/example_dags/example_time_delta_sensor_async.py
[2022-01-21 21:07:05,167] {logging_mixin.py:109} INFO - [2022-01-21 21:07:05,167] {dag.py:2396} INFO - Sync 1 DAGs
[2022-01-21 21:07:05,178] {logging_mixin.py:109} INFO - [2022-01-21 21:07:05,178] {dag.py:2935} INFO - Setting next_dagrun for example_time_delta_sensor_async to None
[2022-01-21 21:07:05,296] {processor.py:171} INFO - Processing /home/data-eginner/Documents/Soccer_Data/env/lib/python3.8/site-packages/airflow/example_dags/example_time_delta_sensor_async.py took 0.188 seconds
[2022-01-21 21:07:40,412] {processor.py:163} INFO - Started process (PID=112743) to work on /home/data-eginner/Documents/Soccer_Data/env/lib/python3.8/site-packages/airflow/example_dags/example_time_delta_sensor_async.py
[2022-01-21 21:07:40,414] {processor.py:642} INFO - Processing file /home/data-eginner/Documents/Soccer_Data/env/lib/python3.8/site-packages/airflow/example_dags/example_time_delta_sensor_async.py for tasks to queue
[2022-01-21 21:07:40,415] {logging_mixin.py:109} INFO - [2022-01-21 21:07:40,415] {dagbag.py:500} INFO - Filling up the DagBag from /home/data-eginner/Documents/Soccer_Data/env/lib/python3.8/site-packages/airflow/example_dags/example_time_delta_sensor_async.py
[2022-01-21 21:07:40,437] {processor.py:654} INFO - DAG(s) dict_keys(['example_time_delta_sensor_async']) retrieved from /home/data-eginner/Documents/Soccer_Data/env/lib/python3.8/site-packages/airflow/example_dags/example_time_delta_sensor_async.py
[2022-01-21 21:07:40,447] {logging_mixin.py:109} INFO - [2022-01-21 21:07:40,447] {dag.py:2396} INFO - Sync 1 DAGs
[2022-01-21 21:07:40,458] {logging_mixin.py:109} INFO - [2022-01-21 21:07:40,458] {dag.py:2935} INFO - Setting next_dagrun for example_time_delta_sensor_async to None
[2022-01-21 21:07:40,490] {processor.py:171} INFO - Processing /home/data-eginner/Documents/Soccer_Data/env/lib/python3.8/site-packages/airflow/example_dags/example_time_delta_sensor_async.py took 0.085 seconds
