[2022-01-21 21:00:54,325] {processor.py:163} INFO - Started process (PID=110713) to work on /home/data-eginner/Documents/Soccer_Data/env/lib/python3.8/site-packages/airflow/example_dags/example_skip_dag.py
[2022-01-21 21:00:54,326] {processor.py:642} INFO - Processing file /home/data-eginner/Documents/Soccer_Data/env/lib/python3.8/site-packages/airflow/example_dags/example_skip_dag.py for tasks to queue
[2022-01-21 21:00:54,363] {logging_mixin.py:109} INFO - [2022-01-21 21:00:54,363] {dagbag.py:500} INFO - Filling up the DagBag from /home/data-eginner/Documents/Soccer_Data/env/lib/python3.8/site-packages/airflow/example_dags/example_skip_dag.py
[2022-01-21 21:00:54,426] {processor.py:654} INFO - DAG(s) dict_keys(['example_skip_dag']) retrieved from /home/data-eginner/Documents/Soccer_Data/env/lib/python3.8/site-packages/airflow/example_dags/example_skip_dag.py
[2022-01-21 21:00:54,469] {logging_mixin.py:109} INFO - [2022-01-21 21:00:54,469] {dag.py:2396} INFO - Sync 1 DAGs
[2022-01-21 21:00:54,505] {logging_mixin.py:109} INFO - [2022-01-21 21:00:54,504] {dag.py:2935} INFO - Setting next_dagrun for example_skip_dag to 2022-01-21T00:00:54.504671+00:00
[2022-01-21 21:00:54,582] {processor.py:171} INFO - Processing /home/data-eginner/Documents/Soccer_Data/env/lib/python3.8/site-packages/airflow/example_dags/example_skip_dag.py took 0.262 seconds
[2022-01-21 21:01:51,122] {processor.py:163} INFO - Started process (PID=110965) to work on /home/data-eginner/Documents/Soccer_Data/env/lib/python3.8/site-packages/airflow/example_dags/example_skip_dag.py
[2022-01-21 21:01:51,129] {processor.py:642} INFO - Processing file /home/data-eginner/Documents/Soccer_Data/env/lib/python3.8/site-packages/airflow/example_dags/example_skip_dag.py for tasks to queue
[2022-01-21 21:01:51,130] {logging_mixin.py:109} INFO - [2022-01-21 21:01:51,130] {dagbag.py:500} INFO - Filling up the DagBag from /home/data-eginner/Documents/Soccer_Data/env/lib/python3.8/site-packages/airflow/example_dags/example_skip_dag.py
[2022-01-21 21:01:51,175] {processor.py:654} INFO - DAG(s) dict_keys(['example_skip_dag']) retrieved from /home/data-eginner/Documents/Soccer_Data/env/lib/python3.8/site-packages/airflow/example_dags/example_skip_dag.py
[2022-01-21 21:01:51,187] {logging_mixin.py:109} INFO - [2022-01-21 21:01:51,187] {dag.py:2396} INFO - Sync 1 DAGs
[2022-01-21 21:01:51,202] {logging_mixin.py:109} INFO - [2022-01-21 21:01:51,202] {dag.py:2935} INFO - Setting next_dagrun for example_skip_dag to 2022-01-21T00:01:51.201925+00:00
[2022-01-21 21:01:51,237] {processor.py:171} INFO - Processing /home/data-eginner/Documents/Soccer_Data/env/lib/python3.8/site-packages/airflow/example_dags/example_skip_dag.py took 0.133 seconds
[2022-01-21 21:02:33,137] {processor.py:163} INFO - Started process (PID=111194) to work on /home/data-eginner/Documents/Soccer_Data/env/lib/python3.8/site-packages/airflow/example_dags/example_skip_dag.py
[2022-01-21 21:02:33,151] {processor.py:642} INFO - Processing file /home/data-eginner/Documents/Soccer_Data/env/lib/python3.8/site-packages/airflow/example_dags/example_skip_dag.py for tasks to queue
[2022-01-21 21:02:33,152] {logging_mixin.py:109} INFO - [2022-01-21 21:02:33,152] {dagbag.py:500} INFO - Filling up the DagBag from /home/data-eginner/Documents/Soccer_Data/env/lib/python3.8/site-packages/airflow/example_dags/example_skip_dag.py
[2022-01-21 21:02:33,249] {processor.py:654} INFO - DAG(s) dict_keys(['example_skip_dag']) retrieved from /home/data-eginner/Documents/Soccer_Data/env/lib/python3.8/site-packages/airflow/example_dags/example_skip_dag.py
[2022-01-21 21:02:33,269] {logging_mixin.py:109} INFO - [2022-01-21 21:02:33,269] {dag.py:2396} INFO - Sync 1 DAGs
[2022-01-21 21:02:33,295] {logging_mixin.py:109} INFO - [2022-01-21 21:02:33,294] {dag.py:2935} INFO - Setting next_dagrun for example_skip_dag to 2022-01-21T00:02:33.294507+00:00
[2022-01-21 21:02:33,335] {processor.py:171} INFO - Processing /home/data-eginner/Documents/Soccer_Data/env/lib/python3.8/site-packages/airflow/example_dags/example_skip_dag.py took 0.209 seconds
[2022-01-21 21:03:30,060] {processor.py:163} INFO - Started process (PID=111446) to work on /home/data-eginner/Documents/Soccer_Data/env/lib/python3.8/site-packages/airflow/example_dags/example_skip_dag.py
[2022-01-21 21:03:30,067] {processor.py:642} INFO - Processing file /home/data-eginner/Documents/Soccer_Data/env/lib/python3.8/site-packages/airflow/example_dags/example_skip_dag.py for tasks to queue
[2022-01-21 21:03:30,067] {logging_mixin.py:109} INFO - [2022-01-21 21:03:30,067] {dagbag.py:500} INFO - Filling up the DagBag from /home/data-eginner/Documents/Soccer_Data/env/lib/python3.8/site-packages/airflow/example_dags/example_skip_dag.py
[2022-01-21 21:03:30,123] {processor.py:654} INFO - DAG(s) dict_keys(['example_skip_dag']) retrieved from /home/data-eginner/Documents/Soccer_Data/env/lib/python3.8/site-packages/airflow/example_dags/example_skip_dag.py
[2022-01-21 21:03:30,160] {logging_mixin.py:109} INFO - [2022-01-21 21:03:30,160] {dag.py:2396} INFO - Sync 1 DAGs
[2022-01-21 21:03:30,182] {logging_mixin.py:109} INFO - [2022-01-21 21:03:30,182] {dag.py:2935} INFO - Setting next_dagrun for example_skip_dag to 2022-01-21T00:03:30.181758+00:00
[2022-01-21 21:03:30,237] {processor.py:171} INFO - Processing /home/data-eginner/Documents/Soccer_Data/env/lib/python3.8/site-packages/airflow/example_dags/example_skip_dag.py took 0.196 seconds
[2022-01-21 21:04:17,216] {processor.py:163} INFO - Started process (PID=111691) to work on /home/data-eginner/Documents/Soccer_Data/env/lib/python3.8/site-packages/airflow/example_dags/example_skip_dag.py
[2022-01-21 21:04:17,222] {processor.py:642} INFO - Processing file /home/data-eginner/Documents/Soccer_Data/env/lib/python3.8/site-packages/airflow/example_dags/example_skip_dag.py for tasks to queue
[2022-01-21 21:04:17,222] {logging_mixin.py:109} INFO - [2022-01-21 21:04:17,222] {dagbag.py:500} INFO - Filling up the DagBag from /home/data-eginner/Documents/Soccer_Data/env/lib/python3.8/site-packages/airflow/example_dags/example_skip_dag.py
[2022-01-21 21:04:17,250] {processor.py:654} INFO - DAG(s) dict_keys(['example_skip_dag']) retrieved from /home/data-eginner/Documents/Soccer_Data/env/lib/python3.8/site-packages/airflow/example_dags/example_skip_dag.py
[2022-01-21 21:04:17,273] {logging_mixin.py:109} INFO - [2022-01-21 21:04:17,273] {dag.py:2396} INFO - Sync 1 DAGs
[2022-01-21 21:04:17,309] {logging_mixin.py:109} INFO - [2022-01-21 21:04:17,308] {dag.py:2935} INFO - Setting next_dagrun for example_skip_dag to 2022-01-21T00:04:17.308652+00:00
[2022-01-21 21:04:17,325] {processor.py:171} INFO - Processing /home/data-eginner/Documents/Soccer_Data/env/lib/python3.8/site-packages/airflow/example_dags/example_skip_dag.py took 0.117 seconds
[2022-01-21 21:04:57,658] {processor.py:163} INFO - Started process (PID=111903) to work on /home/data-eginner/Documents/Soccer_Data/env/lib/python3.8/site-packages/airflow/example_dags/example_skip_dag.py
[2022-01-21 21:04:57,660] {processor.py:642} INFO - Processing file /home/data-eginner/Documents/Soccer_Data/env/lib/python3.8/site-packages/airflow/example_dags/example_skip_dag.py for tasks to queue
[2022-01-21 21:04:57,661] {logging_mixin.py:109} INFO - [2022-01-21 21:04:57,661] {dagbag.py:500} INFO - Filling up the DagBag from /home/data-eginner/Documents/Soccer_Data/env/lib/python3.8/site-packages/airflow/example_dags/example_skip_dag.py
[2022-01-21 21:04:57,701] {processor.py:654} INFO - DAG(s) dict_keys(['example_skip_dag']) retrieved from /home/data-eginner/Documents/Soccer_Data/env/lib/python3.8/site-packages/airflow/example_dags/example_skip_dag.py
[2022-01-21 21:04:57,722] {logging_mixin.py:109} INFO - [2022-01-21 21:04:57,722] {dag.py:2396} INFO - Sync 1 DAGs
[2022-01-21 21:04:57,746] {logging_mixin.py:109} INFO - [2022-01-21 21:04:57,746] {dag.py:2935} INFO - Setting next_dagrun for example_skip_dag to 2022-01-21T00:04:57.745896+00:00
[2022-01-21 21:04:57,811] {processor.py:171} INFO - Processing /home/data-eginner/Documents/Soccer_Data/env/lib/python3.8/site-packages/airflow/example_dags/example_skip_dag.py took 0.167 seconds
[2022-01-21 21:05:37,654] {processor.py:163} INFO - Started process (PID=112107) to work on /home/data-eginner/Documents/Soccer_Data/env/lib/python3.8/site-packages/airflow/example_dags/example_skip_dag.py
[2022-01-21 21:05:37,658] {processor.py:642} INFO - Processing file /home/data-eginner/Documents/Soccer_Data/env/lib/python3.8/site-packages/airflow/example_dags/example_skip_dag.py for tasks to queue
[2022-01-21 21:05:37,658] {logging_mixin.py:109} INFO - [2022-01-21 21:05:37,658] {dagbag.py:500} INFO - Filling up the DagBag from /home/data-eginner/Documents/Soccer_Data/env/lib/python3.8/site-packages/airflow/example_dags/example_skip_dag.py
[2022-01-21 21:05:37,691] {processor.py:654} INFO - DAG(s) dict_keys(['example_skip_dag']) retrieved from /home/data-eginner/Documents/Soccer_Data/env/lib/python3.8/site-packages/airflow/example_dags/example_skip_dag.py
[2022-01-21 21:05:37,705] {logging_mixin.py:109} INFO - [2022-01-21 21:05:37,705] {dag.py:2396} INFO - Sync 1 DAGs
[2022-01-21 21:05:37,718] {logging_mixin.py:109} INFO - [2022-01-21 21:05:37,718] {dag.py:2935} INFO - Setting next_dagrun for example_skip_dag to 2022-01-21T00:05:37.718167+00:00
[2022-01-21 21:05:37,769] {processor.py:171} INFO - Processing /home/data-eginner/Documents/Soccer_Data/env/lib/python3.8/site-packages/airflow/example_dags/example_skip_dag.py took 0.120 seconds
[2022-01-21 21:06:16,989] {processor.py:163} INFO - Started process (PID=112313) to work on /home/data-eginner/Documents/Soccer_Data/env/lib/python3.8/site-packages/airflow/example_dags/example_skip_dag.py
[2022-01-21 21:06:16,994] {processor.py:642} INFO - Processing file /home/data-eginner/Documents/Soccer_Data/env/lib/python3.8/site-packages/airflow/example_dags/example_skip_dag.py for tasks to queue
[2022-01-21 21:06:16,995] {logging_mixin.py:109} INFO - [2022-01-21 21:06:16,995] {dagbag.py:500} INFO - Filling up the DagBag from /home/data-eginner/Documents/Soccer_Data/env/lib/python3.8/site-packages/airflow/example_dags/example_skip_dag.py
[2022-01-21 21:06:17,023] {processor.py:654} INFO - DAG(s) dict_keys(['example_skip_dag']) retrieved from /home/data-eginner/Documents/Soccer_Data/env/lib/python3.8/site-packages/airflow/example_dags/example_skip_dag.py
[2022-01-21 21:06:17,033] {logging_mixin.py:109} INFO - [2022-01-21 21:06:17,033] {dag.py:2396} INFO - Sync 1 DAGs
[2022-01-21 21:06:17,044] {logging_mixin.py:109} INFO - [2022-01-21 21:06:17,043] {dag.py:2935} INFO - Setting next_dagrun for example_skip_dag to 2022-01-21T00:06:17.043660+00:00
[2022-01-21 21:06:17,059] {processor.py:171} INFO - Processing /home/data-eginner/Documents/Soccer_Data/env/lib/python3.8/site-packages/airflow/example_dags/example_skip_dag.py took 0.079 seconds
[2022-01-21 21:06:57,605] {processor.py:163} INFO - Started process (PID=112529) to work on /home/data-eginner/Documents/Soccer_Data/env/lib/python3.8/site-packages/airflow/example_dags/example_skip_dag.py
[2022-01-21 21:06:57,607] {processor.py:642} INFO - Processing file /home/data-eginner/Documents/Soccer_Data/env/lib/python3.8/site-packages/airflow/example_dags/example_skip_dag.py for tasks to queue
[2022-01-21 21:06:57,607] {logging_mixin.py:109} INFO - [2022-01-21 21:06:57,607] {dagbag.py:500} INFO - Filling up the DagBag from /home/data-eginner/Documents/Soccer_Data/env/lib/python3.8/site-packages/airflow/example_dags/example_skip_dag.py
[2022-01-21 21:06:57,648] {processor.py:654} INFO - DAG(s) dict_keys(['example_skip_dag']) retrieved from /home/data-eginner/Documents/Soccer_Data/env/lib/python3.8/site-packages/airflow/example_dags/example_skip_dag.py
[2022-01-21 21:06:57,656] {logging_mixin.py:109} INFO - [2022-01-21 21:06:57,656] {dag.py:2396} INFO - Sync 1 DAGs
[2022-01-21 21:06:57,695] {logging_mixin.py:109} INFO - [2022-01-21 21:06:57,695] {dag.py:2935} INFO - Setting next_dagrun for example_skip_dag to 2022-01-21T00:06:57.695116+00:00
[2022-01-21 21:06:57,735] {processor.py:171} INFO - Processing /home/data-eginner/Documents/Soccer_Data/env/lib/python3.8/site-packages/airflow/example_dags/example_skip_dag.py took 0.144 seconds
[2022-01-21 21:07:43,150] {processor.py:163} INFO - Started process (PID=112759) to work on /home/data-eginner/Documents/Soccer_Data/env/lib/python3.8/site-packages/airflow/example_dags/example_skip_dag.py
[2022-01-21 21:07:43,153] {processor.py:642} INFO - Processing file /home/data-eginner/Documents/Soccer_Data/env/lib/python3.8/site-packages/airflow/example_dags/example_skip_dag.py for tasks to queue
[2022-01-21 21:07:43,157] {logging_mixin.py:109} INFO - [2022-01-21 21:07:43,157] {dagbag.py:500} INFO - Filling up the DagBag from /home/data-eginner/Documents/Soccer_Data/env/lib/python3.8/site-packages/airflow/example_dags/example_skip_dag.py
[2022-01-21 21:07:43,182] {processor.py:654} INFO - DAG(s) dict_keys(['example_skip_dag']) retrieved from /home/data-eginner/Documents/Soccer_Data/env/lib/python3.8/site-packages/airflow/example_dags/example_skip_dag.py
[2022-01-21 21:07:43,192] {logging_mixin.py:109} INFO - [2022-01-21 21:07:43,192] {dag.py:2396} INFO - Sync 1 DAGs
[2022-01-21 21:07:43,203] {logging_mixin.py:109} INFO - [2022-01-21 21:07:43,203] {dag.py:2935} INFO - Setting next_dagrun for example_skip_dag to 2022-01-21T00:07:43.203089+00:00
[2022-01-21 21:07:43,219] {processor.py:171} INFO - Processing /home/data-eginner/Documents/Soccer_Data/env/lib/python3.8/site-packages/airflow/example_dags/example_skip_dag.py took 0.074 seconds
