[2022-01-21 21:00:58,415] {processor.py:163} INFO - Started process (PID=110734) to work on /home/data-eginner/Documents/Soccer_Data/env/lib/python3.8/site-packages/airflow/example_dags/example_dag_decorator.py
[2022-01-21 21:00:58,417] {processor.py:642} INFO - Processing file /home/data-eginner/Documents/Soccer_Data/env/lib/python3.8/site-packages/airflow/example_dags/example_dag_decorator.py for tasks to queue
[2022-01-21 21:00:58,418] {logging_mixin.py:109} INFO - [2022-01-21 21:00:58,418] {dagbag.py:500} INFO - Filling up the DagBag from /home/data-eginner/Documents/Soccer_Data/env/lib/python3.8/site-packages/airflow/example_dags/example_dag_decorator.py
[2022-01-21 21:00:58,503] {processor.py:654} INFO - DAG(s) dict_keys(['example_dag_decorator']) retrieved from /home/data-eginner/Documents/Soccer_Data/env/lib/python3.8/site-packages/airflow/example_dags/example_dag_decorator.py
[2022-01-21 21:00:59,029] {logging_mixin.py:109} INFO - [2022-01-21 21:00:59,028] {dag.py:2396} INFO - Sync 1 DAGs
[2022-01-21 21:00:59,042] {logging_mixin.py:109} INFO - [2022-01-21 21:00:59,042] {dag.py:2935} INFO - Setting next_dagrun for example_dag_decorator to None
[2022-01-21 21:00:59,061] {processor.py:171} INFO - Processing /home/data-eginner/Documents/Soccer_Data/env/lib/python3.8/site-packages/airflow/example_dags/example_dag_decorator.py took 0.650 seconds
[2022-01-21 21:01:54,948] {processor.py:163} INFO - Started process (PID=110985) to work on /home/data-eginner/Documents/Soccer_Data/env/lib/python3.8/site-packages/airflow/example_dags/example_dag_decorator.py
[2022-01-21 21:01:55,003] {processor.py:642} INFO - Processing file /home/data-eginner/Documents/Soccer_Data/env/lib/python3.8/site-packages/airflow/example_dags/example_dag_decorator.py for tasks to queue
[2022-01-21 21:01:55,004] {logging_mixin.py:109} INFO - [2022-01-21 21:01:55,004] {dagbag.py:500} INFO - Filling up the DagBag from /home/data-eginner/Documents/Soccer_Data/env/lib/python3.8/site-packages/airflow/example_dags/example_dag_decorator.py
[2022-01-21 21:01:55,058] {processor.py:654} INFO - DAG(s) dict_keys(['example_dag_decorator']) retrieved from /home/data-eginner/Documents/Soccer_Data/env/lib/python3.8/site-packages/airflow/example_dags/example_dag_decorator.py
[2022-01-21 21:01:55,566] {logging_mixin.py:109} INFO - [2022-01-21 21:01:55,566] {dag.py:2396} INFO - Sync 1 DAGs
[2022-01-21 21:01:55,578] {logging_mixin.py:109} INFO - [2022-01-21 21:01:55,578] {dag.py:2935} INFO - Setting next_dagrun for example_dag_decorator to None
[2022-01-21 21:01:55,625] {processor.py:171} INFO - Processing /home/data-eginner/Documents/Soccer_Data/env/lib/python3.8/site-packages/airflow/example_dags/example_dag_decorator.py took 0.688 seconds
[2022-01-21 21:03:00,854] {processor.py:163} INFO - Started process (PID=111308) to work on /home/data-eginner/Documents/Soccer_Data/env/lib/python3.8/site-packages/airflow/example_dags/example_dag_decorator.py
[2022-01-21 21:03:00,867] {processor.py:642} INFO - Processing file /home/data-eginner/Documents/Soccer_Data/env/lib/python3.8/site-packages/airflow/example_dags/example_dag_decorator.py for tasks to queue
[2022-01-21 21:03:00,868] {logging_mixin.py:109} INFO - [2022-01-21 21:03:00,868] {dagbag.py:500} INFO - Filling up the DagBag from /home/data-eginner/Documents/Soccer_Data/env/lib/python3.8/site-packages/airflow/example_dags/example_dag_decorator.py
[2022-01-21 21:03:00,920] {processor.py:654} INFO - DAG(s) dict_keys(['example_dag_decorator']) retrieved from /home/data-eginner/Documents/Soccer_Data/env/lib/python3.8/site-packages/airflow/example_dags/example_dag_decorator.py
[2022-01-21 21:03:01,433] {logging_mixin.py:109} INFO - [2022-01-21 21:03:01,433] {dag.py:2396} INFO - Sync 1 DAGs
[2022-01-21 21:03:01,454] {logging_mixin.py:109} INFO - [2022-01-21 21:03:01,454] {dag.py:2935} INFO - Setting next_dagrun for example_dag_decorator to None
[2022-01-21 21:03:01,520] {processor.py:171} INFO - Processing /home/data-eginner/Documents/Soccer_Data/env/lib/python3.8/site-packages/airflow/example_dags/example_dag_decorator.py took 0.682 seconds
[2022-01-21 21:03:44,826] {processor.py:163} INFO - Started process (PID=111519) to work on /home/data-eginner/Documents/Soccer_Data/env/lib/python3.8/site-packages/airflow/example_dags/example_dag_decorator.py
[2022-01-21 21:03:44,852] {processor.py:642} INFO - Processing file /home/data-eginner/Documents/Soccer_Data/env/lib/python3.8/site-packages/airflow/example_dags/example_dag_decorator.py for tasks to queue
[2022-01-21 21:03:44,854] {logging_mixin.py:109} INFO - [2022-01-21 21:03:44,853] {dagbag.py:500} INFO - Filling up the DagBag from /home/data-eginner/Documents/Soccer_Data/env/lib/python3.8/site-packages/airflow/example_dags/example_dag_decorator.py
[2022-01-21 21:03:44,892] {processor.py:654} INFO - DAG(s) dict_keys(['example_dag_decorator']) retrieved from /home/data-eginner/Documents/Soccer_Data/env/lib/python3.8/site-packages/airflow/example_dags/example_dag_decorator.py
[2022-01-21 21:03:45,131] {logging_mixin.py:109} INFO - [2022-01-21 21:03:45,131] {dag.py:2396} INFO - Sync 1 DAGs
[2022-01-21 21:03:45,139] {logging_mixin.py:109} INFO - [2022-01-21 21:03:45,139] {dag.py:2935} INFO - Setting next_dagrun for example_dag_decorator to None
[2022-01-21 21:03:45,464] {processor.py:171} INFO - Processing /home/data-eginner/Documents/Soccer_Data/env/lib/python3.8/site-packages/airflow/example_dags/example_dag_decorator.py took 0.642 seconds
[2022-01-21 21:04:27,261] {processor.py:163} INFO - Started process (PID=111742) to work on /home/data-eginner/Documents/Soccer_Data/env/lib/python3.8/site-packages/airflow/example_dags/example_dag_decorator.py
[2022-01-21 21:04:27,284] {processor.py:642} INFO - Processing file /home/data-eginner/Documents/Soccer_Data/env/lib/python3.8/site-packages/airflow/example_dags/example_dag_decorator.py for tasks to queue
[2022-01-21 21:04:27,284] {logging_mixin.py:109} INFO - [2022-01-21 21:04:27,284] {dagbag.py:500} INFO - Filling up the DagBag from /home/data-eginner/Documents/Soccer_Data/env/lib/python3.8/site-packages/airflow/example_dags/example_dag_decorator.py
[2022-01-21 21:04:27,311] {processor.py:654} INFO - DAG(s) dict_keys(['example_dag_decorator']) retrieved from /home/data-eginner/Documents/Soccer_Data/env/lib/python3.8/site-packages/airflow/example_dags/example_dag_decorator.py
[2022-01-21 21:04:27,547] {logging_mixin.py:109} INFO - [2022-01-21 21:04:27,547] {dag.py:2396} INFO - Sync 1 DAGs
[2022-01-21 21:04:27,555] {logging_mixin.py:109} INFO - [2022-01-21 21:04:27,555] {dag.py:2935} INFO - Setting next_dagrun for example_dag_decorator to None
[2022-01-21 21:04:27,572] {processor.py:171} INFO - Processing /home/data-eginner/Documents/Soccer_Data/env/lib/python3.8/site-packages/airflow/example_dags/example_dag_decorator.py took 0.319 seconds
[2022-01-21 21:05:06,522] {processor.py:163} INFO - Started process (PID=111950) to work on /home/data-eginner/Documents/Soccer_Data/env/lib/python3.8/site-packages/airflow/example_dags/example_dag_decorator.py
[2022-01-21 21:05:06,541] {processor.py:642} INFO - Processing file /home/data-eginner/Documents/Soccer_Data/env/lib/python3.8/site-packages/airflow/example_dags/example_dag_decorator.py for tasks to queue
[2022-01-21 21:05:06,542] {logging_mixin.py:109} INFO - [2022-01-21 21:05:06,541] {dagbag.py:500} INFO - Filling up the DagBag from /home/data-eginner/Documents/Soccer_Data/env/lib/python3.8/site-packages/airflow/example_dags/example_dag_decorator.py
[2022-01-21 21:05:06,573] {processor.py:654} INFO - DAG(s) dict_keys(['example_dag_decorator']) retrieved from /home/data-eginner/Documents/Soccer_Data/env/lib/python3.8/site-packages/airflow/example_dags/example_dag_decorator.py
[2022-01-21 21:05:06,812] {logging_mixin.py:109} INFO - [2022-01-21 21:05:06,812] {dag.py:2396} INFO - Sync 1 DAGs
[2022-01-21 21:05:06,820] {logging_mixin.py:109} INFO - [2022-01-21 21:05:06,820] {dag.py:2935} INFO - Setting next_dagrun for example_dag_decorator to None
[2022-01-21 21:05:06,840] {processor.py:171} INFO - Processing /home/data-eginner/Documents/Soccer_Data/env/lib/python3.8/site-packages/airflow/example_dags/example_dag_decorator.py took 0.323 seconds
[2022-01-21 21:05:44,139] {processor.py:163} INFO - Started process (PID=112141) to work on /home/data-eginner/Documents/Soccer_Data/env/lib/python3.8/site-packages/airflow/example_dags/example_dag_decorator.py
[2022-01-21 21:05:44,143] {processor.py:642} INFO - Processing file /home/data-eginner/Documents/Soccer_Data/env/lib/python3.8/site-packages/airflow/example_dags/example_dag_decorator.py for tasks to queue
[2022-01-21 21:05:44,145] {logging_mixin.py:109} INFO - [2022-01-21 21:05:44,144] {dagbag.py:500} INFO - Filling up the DagBag from /home/data-eginner/Documents/Soccer_Data/env/lib/python3.8/site-packages/airflow/example_dags/example_dag_decorator.py
[2022-01-21 21:05:44,224] {processor.py:654} INFO - DAG(s) dict_keys(['example_dag_decorator']) retrieved from /home/data-eginner/Documents/Soccer_Data/env/lib/python3.8/site-packages/airflow/example_dags/example_dag_decorator.py
[2022-01-21 21:05:44,636] {logging_mixin.py:109} INFO - [2022-01-21 21:05:44,636] {dag.py:2396} INFO - Sync 1 DAGs
[2022-01-21 21:05:44,645] {logging_mixin.py:109} INFO - [2022-01-21 21:05:44,645] {dag.py:2935} INFO - Setting next_dagrun for example_dag_decorator to None
[2022-01-21 21:05:44,661] {processor.py:171} INFO - Processing /home/data-eginner/Documents/Soccer_Data/env/lib/python3.8/site-packages/airflow/example_dags/example_dag_decorator.py took 0.535 seconds
[2022-01-21 21:06:24,541] {processor.py:163} INFO - Started process (PID=112357) to work on /home/data-eginner/Documents/Soccer_Data/env/lib/python3.8/site-packages/airflow/example_dags/example_dag_decorator.py
[2022-01-21 21:06:24,553] {processor.py:642} INFO - Processing file /home/data-eginner/Documents/Soccer_Data/env/lib/python3.8/site-packages/airflow/example_dags/example_dag_decorator.py for tasks to queue
[2022-01-21 21:06:24,554] {logging_mixin.py:109} INFO - [2022-01-21 21:06:24,554] {dagbag.py:500} INFO - Filling up the DagBag from /home/data-eginner/Documents/Soccer_Data/env/lib/python3.8/site-packages/airflow/example_dags/example_dag_decorator.py
[2022-01-21 21:06:24,584] {processor.py:654} INFO - DAG(s) dict_keys(['example_dag_decorator']) retrieved from /home/data-eginner/Documents/Soccer_Data/env/lib/python3.8/site-packages/airflow/example_dags/example_dag_decorator.py
[2022-01-21 21:06:24,839] {logging_mixin.py:109} INFO - [2022-01-21 21:06:24,838] {dag.py:2396} INFO - Sync 1 DAGs
[2022-01-21 21:06:24,847] {logging_mixin.py:109} INFO - [2022-01-21 21:06:24,846] {dag.py:2935} INFO - Setting next_dagrun for example_dag_decorator to None
[2022-01-21 21:06:24,863] {processor.py:171} INFO - Processing /home/data-eginner/Documents/Soccer_Data/env/lib/python3.8/site-packages/airflow/example_dags/example_dag_decorator.py took 0.330 seconds
[2022-01-21 21:07:12,907] {processor.py:163} INFO - Started process (PID=112606) to work on /home/data-eginner/Documents/Soccer_Data/env/lib/python3.8/site-packages/airflow/example_dags/example_dag_decorator.py
[2022-01-21 21:07:12,909] {processor.py:642} INFO - Processing file /home/data-eginner/Documents/Soccer_Data/env/lib/python3.8/site-packages/airflow/example_dags/example_dag_decorator.py for tasks to queue
[2022-01-21 21:07:12,910] {logging_mixin.py:109} INFO - [2022-01-21 21:07:12,910] {dagbag.py:500} INFO - Filling up the DagBag from /home/data-eginner/Documents/Soccer_Data/env/lib/python3.8/site-packages/airflow/example_dags/example_dag_decorator.py
[2022-01-21 21:07:12,946] {processor.py:654} INFO - DAG(s) dict_keys(['example_dag_decorator']) retrieved from /home/data-eginner/Documents/Soccer_Data/env/lib/python3.8/site-packages/airflow/example_dags/example_dag_decorator.py
[2022-01-21 21:07:13,239] {logging_mixin.py:109} INFO - [2022-01-21 21:07:13,239] {dag.py:2396} INFO - Sync 1 DAGs
[2022-01-21 21:07:13,247] {logging_mixin.py:109} INFO - [2022-01-21 21:07:13,247] {dag.py:2935} INFO - Setting next_dagrun for example_dag_decorator to None
[2022-01-21 21:07:13,263] {processor.py:171} INFO - Processing /home/data-eginner/Documents/Soccer_Data/env/lib/python3.8/site-packages/airflow/example_dags/example_dag_decorator.py took 0.360 seconds
[2022-01-21 21:07:56,086] {processor.py:163} INFO - Started process (PID=112854) to work on /home/data-eginner/Documents/Soccer_Data/env/lib/python3.8/site-packages/airflow/example_dags/example_dag_decorator.py
[2022-01-21 21:07:56,088] {processor.py:642} INFO - Processing file /home/data-eginner/Documents/Soccer_Data/env/lib/python3.8/site-packages/airflow/example_dags/example_dag_decorator.py for tasks to queue
[2022-01-21 21:07:56,089] {logging_mixin.py:109} INFO - [2022-01-21 21:07:56,089] {dagbag.py:500} INFO - Filling up the DagBag from /home/data-eginner/Documents/Soccer_Data/env/lib/python3.8/site-packages/airflow/example_dags/example_dag_decorator.py
[2022-01-21 21:07:56,121] {processor.py:654} INFO - DAG(s) dict_keys(['example_dag_decorator']) retrieved from /home/data-eginner/Documents/Soccer_Data/env/lib/python3.8/site-packages/airflow/example_dags/example_dag_decorator.py
[2022-01-21 21:07:56,384] {logging_mixin.py:109} INFO - [2022-01-21 21:07:56,384] {dag.py:2396} INFO - Sync 1 DAGs
[2022-01-21 21:07:56,393] {logging_mixin.py:109} INFO - [2022-01-21 21:07:56,393] {dag.py:2935} INFO - Setting next_dagrun for example_dag_decorator to None
