[2022-01-21 21:00:05,928] {processor.py:163} INFO - Started process (PID=110465) to work on /home/data-eginner/Documents/Soccer_Data/env/lib/python3.8/site-packages/airflow/example_dags/example_xcomargs.py
[2022-01-21 21:00:05,930] {processor.py:642} INFO - Processing file /home/data-eginner/Documents/Soccer_Data/env/lib/python3.8/site-packages/airflow/example_dags/example_xcomargs.py for tasks to queue
[2022-01-21 21:00:05,932] {logging_mixin.py:109} INFO - [2022-01-21 21:00:05,931] {dagbag.py:500} INFO - Filling up the DagBag from /home/data-eginner/Documents/Soccer_Data/env/lib/python3.8/site-packages/airflow/example_dags/example_xcomargs.py
[2022-01-21 21:00:06,107] {processor.py:654} INFO - DAG(s) dict_keys(['example_xcom_args', 'example_xcom_args_with_operators']) retrieved from /home/data-eginner/Documents/Soccer_Data/env/lib/python3.8/site-packages/airflow/example_dags/example_xcomargs.py
[2022-01-21 21:00:07,256] {logging_mixin.py:109} INFO - [2022-01-21 21:00:07,256] {dag.py:2396} INFO - Sync 2 DAGs
[2022-01-21 21:00:07,316] {logging_mixin.py:109} INFO - [2022-01-21 21:00:07,316] {dag.py:2935} INFO - Setting next_dagrun for example_xcom_args to None
[2022-01-21 21:00:07,317] {logging_mixin.py:109} INFO - [2022-01-21 21:00:07,317] {dag.py:2935} INFO - Setting next_dagrun for example_xcom_args_with_operators to None
[2022-01-21 21:00:07,365] {processor.py:171} INFO - Processing /home/data-eginner/Documents/Soccer_Data/env/lib/python3.8/site-packages/airflow/example_dags/example_xcomargs.py took 1.461 seconds
[2022-01-21 21:00:48,216] {processor.py:163} INFO - Started process (PID=110687) to work on /home/data-eginner/Documents/Soccer_Data/env/lib/python3.8/site-packages/airflow/example_dags/example_xcomargs.py
[2022-01-21 21:00:48,218] {processor.py:642} INFO - Processing file /home/data-eginner/Documents/Soccer_Data/env/lib/python3.8/site-packages/airflow/example_dags/example_xcomargs.py for tasks to queue
[2022-01-21 21:00:48,219] {logging_mixin.py:109} INFO - [2022-01-21 21:00:48,219] {dagbag.py:500} INFO - Filling up the DagBag from /home/data-eginner/Documents/Soccer_Data/env/lib/python3.8/site-packages/airflow/example_dags/example_xcomargs.py
[2022-01-21 21:00:48,286] {processor.py:654} INFO - DAG(s) dict_keys(['example_xcom_args', 'example_xcom_args_with_operators']) retrieved from /home/data-eginner/Documents/Soccer_Data/env/lib/python3.8/site-packages/airflow/example_dags/example_xcomargs.py
[2022-01-21 21:00:49,088] {logging_mixin.py:109} INFO - [2022-01-21 21:00:49,088] {dag.py:2396} INFO - Sync 2 DAGs
[2022-01-21 21:00:49,100] {logging_mixin.py:109} INFO - [2022-01-21 21:00:49,100] {dag.py:2935} INFO - Setting next_dagrun for example_xcom_args to None
[2022-01-21 21:00:49,101] {logging_mixin.py:109} INFO - [2022-01-21 21:00:49,101] {dag.py:2935} INFO - Setting next_dagrun for example_xcom_args_with_operators to None
[2022-01-21 21:00:49,163] {processor.py:171} INFO - Processing /home/data-eginner/Documents/Soccer_Data/env/lib/python3.8/site-packages/airflow/example_dags/example_xcomargs.py took 0.961 seconds
[2022-01-21 21:01:26,343] {processor.py:163} INFO - Started process (PID=110872) to work on /home/data-eginner/Documents/Soccer_Data/env/lib/python3.8/site-packages/airflow/example_dags/example_xcomargs.py
[2022-01-21 21:01:26,347] {processor.py:642} INFO - Processing file /home/data-eginner/Documents/Soccer_Data/env/lib/python3.8/site-packages/airflow/example_dags/example_xcomargs.py for tasks to queue
[2022-01-21 21:01:26,348] {logging_mixin.py:109} INFO - [2022-01-21 21:01:26,348] {dagbag.py:500} INFO - Filling up the DagBag from /home/data-eginner/Documents/Soccer_Data/env/lib/python3.8/site-packages/airflow/example_dags/example_xcomargs.py
[2022-01-21 21:01:26,395] {processor.py:654} INFO - DAG(s) dict_keys(['example_xcom_args', 'example_xcom_args_with_operators']) retrieved from /home/data-eginner/Documents/Soccer_Data/env/lib/python3.8/site-packages/airflow/example_dags/example_xcomargs.py
[2022-01-21 21:01:26,687] {logging_mixin.py:109} INFO - [2022-01-21 21:01:26,687] {dag.py:2396} INFO - Sync 2 DAGs
[2022-01-21 21:01:26,698] {logging_mixin.py:109} INFO - [2022-01-21 21:01:26,698] {dag.py:2935} INFO - Setting next_dagrun for example_xcom_args to None
[2022-01-21 21:01:26,699] {logging_mixin.py:109} INFO - [2022-01-21 21:01:26,698] {dag.py:2935} INFO - Setting next_dagrun for example_xcom_args_with_operators to None
[2022-01-21 21:01:26,716] {processor.py:171} INFO - Processing /home/data-eginner/Documents/Soccer_Data/env/lib/python3.8/site-packages/airflow/example_dags/example_xcomargs.py took 0.383 seconds
[2022-01-21 21:02:04,235] {processor.py:163} INFO - Started process (PID=111047) to work on /home/data-eginner/Documents/Soccer_Data/env/lib/python3.8/site-packages/airflow/example_dags/example_xcomargs.py
[2022-01-21 21:02:04,238] {processor.py:642} INFO - Processing file /home/data-eginner/Documents/Soccer_Data/env/lib/python3.8/site-packages/airflow/example_dags/example_xcomargs.py for tasks to queue
[2022-01-21 21:02:04,239] {logging_mixin.py:109} INFO - [2022-01-21 21:02:04,239] {dagbag.py:500} INFO - Filling up the DagBag from /home/data-eginner/Documents/Soccer_Data/env/lib/python3.8/site-packages/airflow/example_dags/example_xcomargs.py
[2022-01-21 21:02:04,268] {processor.py:654} INFO - DAG(s) dict_keys(['example_xcom_args', 'example_xcom_args_with_operators']) retrieved from /home/data-eginner/Documents/Soccer_Data/env/lib/python3.8/site-packages/airflow/example_dags/example_xcomargs.py
[2022-01-21 21:02:04,535] {logging_mixin.py:109} INFO - [2022-01-21 21:02:04,535] {dag.py:2396} INFO - Sync 2 DAGs
[2022-01-21 21:02:04,544] {logging_mixin.py:109} INFO - [2022-01-21 21:02:04,543] {dag.py:2935} INFO - Setting next_dagrun for example_xcom_args to None
[2022-01-21 21:02:04,544] {logging_mixin.py:109} INFO - [2022-01-21 21:02:04,544] {dag.py:2935} INFO - Setting next_dagrun for example_xcom_args_with_operators to None
[2022-01-21 21:02:04,560] {processor.py:171} INFO - Processing /home/data-eginner/Documents/Soccer_Data/env/lib/python3.8/site-packages/airflow/example_dags/example_xcomargs.py took 0.328 seconds
[2022-01-21 21:02:56,182] {processor.py:163} INFO - Started process (PID=111282) to work on /home/data-eginner/Documents/Soccer_Data/env/lib/python3.8/site-packages/airflow/example_dags/example_xcomargs.py
[2022-01-21 21:02:56,186] {processor.py:642} INFO - Processing file /home/data-eginner/Documents/Soccer_Data/env/lib/python3.8/site-packages/airflow/example_dags/example_xcomargs.py for tasks to queue
[2022-01-21 21:02:56,196] {logging_mixin.py:109} INFO - [2022-01-21 21:02:56,187] {dagbag.py:500} INFO - Filling up the DagBag from /home/data-eginner/Documents/Soccer_Data/env/lib/python3.8/site-packages/airflow/example_dags/example_xcomargs.py
[2022-01-21 21:02:56,280] {processor.py:654} INFO - DAG(s) dict_keys(['example_xcom_args', 'example_xcom_args_with_operators']) retrieved from /home/data-eginner/Documents/Soccer_Data/env/lib/python3.8/site-packages/airflow/example_dags/example_xcomargs.py
[2022-01-21 21:02:56,967] {logging_mixin.py:109} INFO - [2022-01-21 21:02:56,967] {dag.py:2396} INFO - Sync 2 DAGs
[2022-01-21 21:02:56,983] {logging_mixin.py:109} INFO - [2022-01-21 21:02:56,983] {dag.py:2935} INFO - Setting next_dagrun for example_xcom_args to None
[2022-01-21 21:02:56,984] {logging_mixin.py:109} INFO - [2022-01-21 21:02:56,984] {dag.py:2935} INFO - Setting next_dagrun for example_xcom_args_with_operators to None
[2022-01-21 21:02:57,010] {processor.py:171} INFO - Processing /home/data-eginner/Documents/Soccer_Data/env/lib/python3.8/site-packages/airflow/example_dags/example_xcomargs.py took 0.849 seconds
[2022-01-21 21:03:39,756] {processor.py:163} INFO - Started process (PID=111493) to work on /home/data-eginner/Documents/Soccer_Data/env/lib/python3.8/site-packages/airflow/example_dags/example_xcomargs.py
[2022-01-21 21:03:39,761] {processor.py:642} INFO - Processing file /home/data-eginner/Documents/Soccer_Data/env/lib/python3.8/site-packages/airflow/example_dags/example_xcomargs.py for tasks to queue
[2022-01-21 21:03:39,761] {logging_mixin.py:109} INFO - [2022-01-21 21:03:39,761] {dagbag.py:500} INFO - Filling up the DagBag from /home/data-eginner/Documents/Soccer_Data/env/lib/python3.8/site-packages/airflow/example_dags/example_xcomargs.py
[2022-01-21 21:03:39,788] {processor.py:654} INFO - DAG(s) dict_keys(['example_xcom_args', 'example_xcom_args_with_operators']) retrieved from /home/data-eginner/Documents/Soccer_Data/env/lib/python3.8/site-packages/airflow/example_dags/example_xcomargs.py
[2022-01-21 21:03:40,041] {logging_mixin.py:109} INFO - [2022-01-21 21:03:40,041] {dag.py:2396} INFO - Sync 2 DAGs
[2022-01-21 21:03:40,050] {logging_mixin.py:109} INFO - [2022-01-21 21:03:40,050] {dag.py:2935} INFO - Setting next_dagrun for example_xcom_args to None
[2022-01-21 21:03:40,050] {logging_mixin.py:109} INFO - [2022-01-21 21:03:40,050] {dag.py:2935} INFO - Setting next_dagrun for example_xcom_args_with_operators to None
[2022-01-21 21:03:40,066] {processor.py:171} INFO - Processing /home/data-eginner/Documents/Soccer_Data/env/lib/python3.8/site-packages/airflow/example_dags/example_xcomargs.py took 0.313 seconds
[2022-01-21 21:04:22,098] {processor.py:163} INFO - Started process (PID=111717) to work on /home/data-eginner/Documents/Soccer_Data/env/lib/python3.8/site-packages/airflow/example_dags/example_xcomargs.py
[2022-01-21 21:04:22,100] {processor.py:642} INFO - Processing file /home/data-eginner/Documents/Soccer_Data/env/lib/python3.8/site-packages/airflow/example_dags/example_xcomargs.py for tasks to queue
[2022-01-21 21:04:22,101] {logging_mixin.py:109} INFO - [2022-01-21 21:04:22,101] {dagbag.py:500} INFO - Filling up the DagBag from /home/data-eginner/Documents/Soccer_Data/env/lib/python3.8/site-packages/airflow/example_dags/example_xcomargs.py
[2022-01-21 21:04:22,148] {processor.py:654} INFO - DAG(s) dict_keys(['example_xcom_args', 'example_xcom_args_with_operators']) retrieved from /home/data-eginner/Documents/Soccer_Data/env/lib/python3.8/site-packages/airflow/example_dags/example_xcomargs.py
[2022-01-21 21:04:22,694] {logging_mixin.py:109} INFO - [2022-01-21 21:04:22,694] {dag.py:2396} INFO - Sync 2 DAGs
[2022-01-21 21:04:22,716] {logging_mixin.py:109} INFO - [2022-01-21 21:04:22,716] {dag.py:2935} INFO - Setting next_dagrun for example_xcom_args to None
[2022-01-21 21:04:22,716] {logging_mixin.py:109} INFO - [2022-01-21 21:04:22,716] {dag.py:2935} INFO - Setting next_dagrun for example_xcom_args_with_operators to None
[2022-01-21 21:04:22,746] {processor.py:171} INFO - Processing /home/data-eginner/Documents/Soccer_Data/env/lib/python3.8/site-packages/airflow/example_dags/example_xcomargs.py took 0.662 seconds
[2022-01-21 21:05:01,442] {processor.py:163} INFO - Started process (PID=111923) to work on /home/data-eginner/Documents/Soccer_Data/env/lib/python3.8/site-packages/airflow/example_dags/example_xcomargs.py
[2022-01-21 21:05:01,444] {processor.py:642} INFO - Processing file /home/data-eginner/Documents/Soccer_Data/env/lib/python3.8/site-packages/airflow/example_dags/example_xcomargs.py for tasks to queue
[2022-01-21 21:05:01,445] {logging_mixin.py:109} INFO - [2022-01-21 21:05:01,445] {dagbag.py:500} INFO - Filling up the DagBag from /home/data-eginner/Documents/Soccer_Data/env/lib/python3.8/site-packages/airflow/example_dags/example_xcomargs.py
[2022-01-21 21:05:01,470] {processor.py:654} INFO - DAG(s) dict_keys(['example_xcom_args', 'example_xcom_args_with_operators']) retrieved from /home/data-eginner/Documents/Soccer_Data/env/lib/python3.8/site-packages/airflow/example_dags/example_xcomargs.py
[2022-01-21 21:05:01,777] {logging_mixin.py:109} INFO - [2022-01-21 21:05:01,777] {dag.py:2396} INFO - Sync 2 DAGs
[2022-01-21 21:05:01,790] {logging_mixin.py:109} INFO - [2022-01-21 21:05:01,790] {dag.py:2935} INFO - Setting next_dagrun for example_xcom_args to None
[2022-01-21 21:05:01,790] {logging_mixin.py:109} INFO - [2022-01-21 21:05:01,790] {dag.py:2935} INFO - Setting next_dagrun for example_xcom_args_with_operators to None
[2022-01-21 21:05:01,828] {processor.py:171} INFO - Processing /home/data-eginner/Documents/Soccer_Data/env/lib/python3.8/site-packages/airflow/example_dags/example_xcomargs.py took 0.389 seconds
[2022-01-21 21:05:36,138] {processor.py:163} INFO - Started process (PID=112099) to work on /home/data-eginner/Documents/Soccer_Data/env/lib/python3.8/site-packages/airflow/example_dags/example_xcomargs.py
[2022-01-21 21:05:36,153] {processor.py:642} INFO - Processing file /home/data-eginner/Documents/Soccer_Data/env/lib/python3.8/site-packages/airflow/example_dags/example_xcomargs.py for tasks to queue
[2022-01-21 21:05:36,154] {logging_mixin.py:109} INFO - [2022-01-21 21:05:36,154] {dagbag.py:500} INFO - Filling up the DagBag from /home/data-eginner/Documents/Soccer_Data/env/lib/python3.8/site-packages/airflow/example_dags/example_xcomargs.py
[2022-01-21 21:05:36,193] {processor.py:654} INFO - DAG(s) dict_keys(['example_xcom_args', 'example_xcom_args_with_operators']) retrieved from /home/data-eginner/Documents/Soccer_Data/env/lib/python3.8/site-packages/airflow/example_dags/example_xcomargs.py
[2022-01-21 21:05:36,479] {logging_mixin.py:109} INFO - [2022-01-21 21:05:36,478] {dag.py:2396} INFO - Sync 2 DAGs
[2022-01-21 21:05:36,487] {logging_mixin.py:109} INFO - [2022-01-21 21:05:36,487] {dag.py:2935} INFO - Setting next_dagrun for example_xcom_args to None
[2022-01-21 21:05:36,488] {logging_mixin.py:109} INFO - [2022-01-21 21:05:36,488] {dag.py:2935} INFO - Setting next_dagrun for example_xcom_args_with_operators to None
[2022-01-21 21:05:36,530] {processor.py:171} INFO - Processing /home/data-eginner/Documents/Soccer_Data/env/lib/python3.8/site-packages/airflow/example_dags/example_xcomargs.py took 0.401 seconds
[2022-01-21 21:06:14,044] {processor.py:163} INFO - Started process (PID=112298) to work on /home/data-eginner/Documents/Soccer_Data/env/lib/python3.8/site-packages/airflow/example_dags/example_xcomargs.py
[2022-01-21 21:06:14,049] {processor.py:642} INFO - Processing file /home/data-eginner/Documents/Soccer_Data/env/lib/python3.8/site-packages/airflow/example_dags/example_xcomargs.py for tasks to queue
[2022-01-21 21:06:14,051] {logging_mixin.py:109} INFO - [2022-01-21 21:06:14,050] {dagbag.py:500} INFO - Filling up the DagBag from /home/data-eginner/Documents/Soccer_Data/env/lib/python3.8/site-packages/airflow/example_dags/example_xcomargs.py
[2022-01-21 21:06:14,088] {processor.py:654} INFO - DAG(s) dict_keys(['example_xcom_args', 'example_xcom_args_with_operators']) retrieved from /home/data-eginner/Documents/Soccer_Data/env/lib/python3.8/site-packages/airflow/example_dags/example_xcomargs.py
[2022-01-21 21:06:14,419] {logging_mixin.py:109} INFO - [2022-01-21 21:06:14,419] {dag.py:2396} INFO - Sync 2 DAGs
[2022-01-21 21:06:14,428] {logging_mixin.py:109} INFO - [2022-01-21 21:06:14,428] {dag.py:2935} INFO - Setting next_dagrun for example_xcom_args to None
[2022-01-21 21:06:14,429] {logging_mixin.py:109} INFO - [2022-01-21 21:06:14,428] {dag.py:2935} INFO - Setting next_dagrun for example_xcom_args_with_operators to None
[2022-01-21 21:06:14,446] {processor.py:171} INFO - Processing /home/data-eginner/Documents/Soccer_Data/env/lib/python3.8/site-packages/airflow/example_dags/example_xcomargs.py took 0.421 seconds
[2022-01-21 21:06:49,790] {processor.py:163} INFO - Started process (PID=112483) to work on /home/data-eginner/Documents/Soccer_Data/env/lib/python3.8/site-packages/airflow/example_dags/example_xcomargs.py
[2022-01-21 21:06:49,794] {processor.py:642} INFO - Processing file /home/data-eginner/Documents/Soccer_Data/env/lib/python3.8/site-packages/airflow/example_dags/example_xcomargs.py for tasks to queue
[2022-01-21 21:06:49,795] {logging_mixin.py:109} INFO - [2022-01-21 21:06:49,794] {dagbag.py:500} INFO - Filling up the DagBag from /home/data-eginner/Documents/Soccer_Data/env/lib/python3.8/site-packages/airflow/example_dags/example_xcomargs.py
[2022-01-21 21:06:49,824] {processor.py:654} INFO - DAG(s) dict_keys(['example_xcom_args', 'example_xcom_args_with_operators']) retrieved from /home/data-eginner/Documents/Soccer_Data/env/lib/python3.8/site-packages/airflow/example_dags/example_xcomargs.py
[2022-01-21 21:06:50,062] {logging_mixin.py:109} INFO - [2022-01-21 21:06:50,062] {dag.py:2396} INFO - Sync 2 DAGs
[2022-01-21 21:06:50,071] {logging_mixin.py:109} INFO - [2022-01-21 21:06:50,071] {dag.py:2935} INFO - Setting next_dagrun for example_xcom_args to None
[2022-01-21 21:06:50,071] {logging_mixin.py:109} INFO - [2022-01-21 21:06:50,071] {dag.py:2935} INFO - Setting next_dagrun for example_xcom_args_with_operators to None
[2022-01-21 21:06:50,088] {processor.py:171} INFO - Processing /home/data-eginner/Documents/Soccer_Data/env/lib/python3.8/site-packages/airflow/example_dags/example_xcomargs.py took 0.306 seconds
[2022-01-21 21:07:29,850] {processor.py:163} INFO - Started process (PID=112689) to work on /home/data-eginner/Documents/Soccer_Data/env/lib/python3.8/site-packages/airflow/example_dags/example_xcomargs.py
[2022-01-21 21:07:29,855] {processor.py:642} INFO - Processing file /home/data-eginner/Documents/Soccer_Data/env/lib/python3.8/site-packages/airflow/example_dags/example_xcomargs.py for tasks to queue
[2022-01-21 21:07:29,856] {logging_mixin.py:109} INFO - [2022-01-21 21:07:29,856] {dagbag.py:500} INFO - Filling up the DagBag from /home/data-eginner/Documents/Soccer_Data/env/lib/python3.8/site-packages/airflow/example_dags/example_xcomargs.py
[2022-01-21 21:07:29,897] {processor.py:654} INFO - DAG(s) dict_keys(['example_xcom_args', 'example_xcom_args_with_operators']) retrieved from /home/data-eginner/Documents/Soccer_Data/env/lib/python3.8/site-packages/airflow/example_dags/example_xcomargs.py
[2022-01-21 21:07:30,148] {logging_mixin.py:109} INFO - [2022-01-21 21:07:30,148] {dag.py:2396} INFO - Sync 2 DAGs
[2022-01-21 21:07:30,158] {logging_mixin.py:109} INFO - [2022-01-21 21:07:30,158] {dag.py:2935} INFO - Setting next_dagrun for example_xcom_args to None
[2022-01-21 21:07:30,158] {logging_mixin.py:109} INFO - [2022-01-21 21:07:30,158] {dag.py:2935} INFO - Setting next_dagrun for example_xcom_args_with_operators to None
[2022-01-21 21:07:30,174] {processor.py:171} INFO - Processing /home/data-eginner/Documents/Soccer_Data/env/lib/python3.8/site-packages/airflow/example_dags/example_xcomargs.py took 0.337 seconds
