[2022-01-21 21:00:59,910] {processor.py:163} INFO - Started process (PID=110744) to work on /home/data-eginner/Documents/Soccer_Data/env/lib/python3.8/site-packages/airflow/example_dags/example_latest_only.py
[2022-01-21 21:00:59,911] {processor.py:642} INFO - Processing file /home/data-eginner/Documents/Soccer_Data/env/lib/python3.8/site-packages/airflow/example_dags/example_latest_only.py for tasks to queue
[2022-01-21 21:00:59,912] {logging_mixin.py:109} INFO - [2022-01-21 21:00:59,912] {dagbag.py:500} INFO - Filling up the DagBag from /home/data-eginner/Documents/Soccer_Data/env/lib/python3.8/site-packages/airflow/example_dags/example_latest_only.py
[2022-01-21 21:01:00,062] {processor.py:654} INFO - DAG(s) dict_keys(['latest_only']) retrieved from /home/data-eginner/Documents/Soccer_Data/env/lib/python3.8/site-packages/airflow/example_dags/example_latest_only.py
[2022-01-21 21:01:00,112] {logging_mixin.py:109} INFO - [2022-01-21 21:01:00,112] {dag.py:2396} INFO - Sync 1 DAGs
[2022-01-21 21:01:00,157] {logging_mixin.py:109} INFO - [2022-01-21 21:01:00,157] {dag.py:2935} INFO - Setting next_dagrun for latest_only to 2022-01-21T20:01:00.156954+00:00
[2022-01-21 21:01:00,261] {processor.py:171} INFO - Processing /home/data-eginner/Documents/Soccer_Data/env/lib/python3.8/site-packages/airflow/example_dags/example_latest_only.py took 0.435 seconds
[2022-01-21 21:01:56,784] {processor.py:163} INFO - Started process (PID=110995) to work on /home/data-eginner/Documents/Soccer_Data/env/lib/python3.8/site-packages/airflow/example_dags/example_latest_only.py
[2022-01-21 21:01:56,786] {processor.py:642} INFO - Processing file /home/data-eginner/Documents/Soccer_Data/env/lib/python3.8/site-packages/airflow/example_dags/example_latest_only.py for tasks to queue
[2022-01-21 21:01:56,787] {logging_mixin.py:109} INFO - [2022-01-21 21:01:56,787] {dagbag.py:500} INFO - Filling up the DagBag from /home/data-eginner/Documents/Soccer_Data/env/lib/python3.8/site-packages/airflow/example_dags/example_latest_only.py
[2022-01-21 21:01:56,837] {processor.py:654} INFO - DAG(s) dict_keys(['latest_only']) retrieved from /home/data-eginner/Documents/Soccer_Data/env/lib/python3.8/site-packages/airflow/example_dags/example_latest_only.py
[2022-01-21 21:01:56,852] {logging_mixin.py:109} INFO - [2022-01-21 21:01:56,852] {dag.py:2396} INFO - Sync 1 DAGs
[2022-01-21 21:01:56,864] {logging_mixin.py:109} INFO - [2022-01-21 21:01:56,863] {dag.py:2935} INFO - Setting next_dagrun for latest_only to 2022-01-21T20:01:56.863706+00:00
[2022-01-21 21:01:56,882] {processor.py:171} INFO - Processing /home/data-eginner/Documents/Soccer_Data/env/lib/python3.8/site-packages/airflow/example_dags/example_latest_only.py took 0.101 seconds
[2022-01-21 21:03:02,178] {processor.py:163} INFO - Started process (PID=111313) to work on /home/data-eginner/Documents/Soccer_Data/env/lib/python3.8/site-packages/airflow/example_dags/example_latest_only.py
[2022-01-21 21:03:02,185] {processor.py:642} INFO - Processing file /home/data-eginner/Documents/Soccer_Data/env/lib/python3.8/site-packages/airflow/example_dags/example_latest_only.py for tasks to queue
[2022-01-21 21:03:02,185] {logging_mixin.py:109} INFO - [2022-01-21 21:03:02,185] {dagbag.py:500} INFO - Filling up the DagBag from /home/data-eginner/Documents/Soccer_Data/env/lib/python3.8/site-packages/airflow/example_dags/example_latest_only.py
[2022-01-21 21:03:02,215] {processor.py:654} INFO - DAG(s) dict_keys(['latest_only']) retrieved from /home/data-eginner/Documents/Soccer_Data/env/lib/python3.8/site-packages/airflow/example_dags/example_latest_only.py
[2022-01-21 21:03:02,229] {logging_mixin.py:109} INFO - [2022-01-21 21:03:02,227] {dag.py:2396} INFO - Sync 1 DAGs
[2022-01-21 21:03:02,246] {logging_mixin.py:109} INFO - [2022-01-21 21:03:02,246] {dag.py:2935} INFO - Setting next_dagrun for latest_only to 2022-01-21T20:03:02.245943+00:00
[2022-01-21 21:03:02,272] {processor.py:171} INFO - Processing /home/data-eginner/Documents/Soccer_Data/env/lib/python3.8/site-packages/airflow/example_dags/example_latest_only.py took 0.096 seconds
[2022-01-21 21:03:46,261] {processor.py:163} INFO - Started process (PID=111526) to work on /home/data-eginner/Documents/Soccer_Data/env/lib/python3.8/site-packages/airflow/example_dags/example_latest_only.py
[2022-01-21 21:03:46,265] {processor.py:642} INFO - Processing file /home/data-eginner/Documents/Soccer_Data/env/lib/python3.8/site-packages/airflow/example_dags/example_latest_only.py for tasks to queue
[2022-01-21 21:03:46,266] {logging_mixin.py:109} INFO - [2022-01-21 21:03:46,265] {dagbag.py:500} INFO - Filling up the DagBag from /home/data-eginner/Documents/Soccer_Data/env/lib/python3.8/site-packages/airflow/example_dags/example_latest_only.py
[2022-01-21 21:03:46,293] {processor.py:654} INFO - DAG(s) dict_keys(['latest_only']) retrieved from /home/data-eginner/Documents/Soccer_Data/env/lib/python3.8/site-packages/airflow/example_dags/example_latest_only.py
[2022-01-21 21:03:46,323] {logging_mixin.py:109} INFO - [2022-01-21 21:03:46,323] {dag.py:2396} INFO - Sync 1 DAGs
[2022-01-21 21:03:46,341] {logging_mixin.py:109} INFO - [2022-01-21 21:03:46,341] {dag.py:2935} INFO - Setting next_dagrun for latest_only to 2022-01-21T20:03:46.340960+00:00
[2022-01-21 21:03:46,365] {processor.py:171} INFO - Processing /home/data-eginner/Documents/Soccer_Data/env/lib/python3.8/site-packages/airflow/example_dags/example_latest_only.py took 0.106 seconds
[2022-01-21 21:04:28,768] {processor.py:163} INFO - Started process (PID=111748) to work on /home/data-eginner/Documents/Soccer_Data/env/lib/python3.8/site-packages/airflow/example_dags/example_latest_only.py
[2022-01-21 21:04:28,771] {processor.py:642} INFO - Processing file /home/data-eginner/Documents/Soccer_Data/env/lib/python3.8/site-packages/airflow/example_dags/example_latest_only.py for tasks to queue
[2022-01-21 21:04:28,772] {logging_mixin.py:109} INFO - [2022-01-21 21:04:28,772] {dagbag.py:500} INFO - Filling up the DagBag from /home/data-eginner/Documents/Soccer_Data/env/lib/python3.8/site-packages/airflow/example_dags/example_latest_only.py
[2022-01-21 21:04:28,801] {processor.py:654} INFO - DAG(s) dict_keys(['latest_only']) retrieved from /home/data-eginner/Documents/Soccer_Data/env/lib/python3.8/site-packages/airflow/example_dags/example_latest_only.py
[2022-01-21 21:04:28,810] {logging_mixin.py:109} INFO - [2022-01-21 21:04:28,809] {dag.py:2396} INFO - Sync 1 DAGs
[2022-01-21 21:04:28,821] {logging_mixin.py:109} INFO - [2022-01-21 21:04:28,821] {dag.py:2935} INFO - Setting next_dagrun for latest_only to 2022-01-21T20:04:28.821171+00:00
[2022-01-21 21:04:28,838] {processor.py:171} INFO - Processing /home/data-eginner/Documents/Soccer_Data/env/lib/python3.8/site-packages/airflow/example_dags/example_latest_only.py took 0.079 seconds
[2022-01-21 21:05:08,019] {processor.py:163} INFO - Started process (PID=111957) to work on /home/data-eginner/Documents/Soccer_Data/env/lib/python3.8/site-packages/airflow/example_dags/example_latest_only.py
[2022-01-21 21:05:08,022] {processor.py:642} INFO - Processing file /home/data-eginner/Documents/Soccer_Data/env/lib/python3.8/site-packages/airflow/example_dags/example_latest_only.py for tasks to queue
[2022-01-21 21:05:08,024] {logging_mixin.py:109} INFO - [2022-01-21 21:05:08,023] {dagbag.py:500} INFO - Filling up the DagBag from /home/data-eginner/Documents/Soccer_Data/env/lib/python3.8/site-packages/airflow/example_dags/example_latest_only.py
[2022-01-21 21:05:08,061] {processor.py:654} INFO - DAG(s) dict_keys(['latest_only']) retrieved from /home/data-eginner/Documents/Soccer_Data/env/lib/python3.8/site-packages/airflow/example_dags/example_latest_only.py
[2022-01-21 21:05:08,069] {logging_mixin.py:109} INFO - [2022-01-21 21:05:08,069] {dag.py:2396} INFO - Sync 1 DAGs
[2022-01-21 21:05:08,080] {logging_mixin.py:109} INFO - [2022-01-21 21:05:08,080] {dag.py:2935} INFO - Setting next_dagrun for latest_only to 2022-01-21T20:05:08.080514+00:00
[2022-01-21 21:05:08,096] {processor.py:171} INFO - Processing /home/data-eginner/Documents/Soccer_Data/env/lib/python3.8/site-packages/airflow/example_dags/example_latest_only.py took 0.081 seconds
[2022-01-21 21:05:45,849] {processor.py:163} INFO - Started process (PID=112150) to work on /home/data-eginner/Documents/Soccer_Data/env/lib/python3.8/site-packages/airflow/example_dags/example_latest_only.py
[2022-01-21 21:05:45,856] {processor.py:642} INFO - Processing file /home/data-eginner/Documents/Soccer_Data/env/lib/python3.8/site-packages/airflow/example_dags/example_latest_only.py for tasks to queue
[2022-01-21 21:05:45,857] {logging_mixin.py:109} INFO - [2022-01-21 21:05:45,857] {dagbag.py:500} INFO - Filling up the DagBag from /home/data-eginner/Documents/Soccer_Data/env/lib/python3.8/site-packages/airflow/example_dags/example_latest_only.py
[2022-01-21 21:05:45,880] {processor.py:654} INFO - DAG(s) dict_keys(['latest_only']) retrieved from /home/data-eginner/Documents/Soccer_Data/env/lib/python3.8/site-packages/airflow/example_dags/example_latest_only.py
[2022-01-21 21:05:45,889] {logging_mixin.py:109} INFO - [2022-01-21 21:05:45,889] {dag.py:2396} INFO - Sync 1 DAGs
[2022-01-21 21:05:45,901] {logging_mixin.py:109} INFO - [2022-01-21 21:05:45,900] {dag.py:2935} INFO - Setting next_dagrun for latest_only to 2022-01-21T20:05:45.900665+00:00
[2022-01-21 21:05:45,918] {processor.py:171} INFO - Processing /home/data-eginner/Documents/Soccer_Data/env/lib/python3.8/site-packages/airflow/example_dags/example_latest_only.py took 0.074 seconds
[2022-01-21 21:06:25,130] {processor.py:163} INFO - Started process (PID=112362) to work on /home/data-eginner/Documents/Soccer_Data/env/lib/python3.8/site-packages/airflow/example_dags/example_latest_only.py
[2022-01-21 21:06:25,132] {processor.py:642} INFO - Processing file /home/data-eginner/Documents/Soccer_Data/env/lib/python3.8/site-packages/airflow/example_dags/example_latest_only.py for tasks to queue
[2022-01-21 21:06:25,133] {logging_mixin.py:109} INFO - [2022-01-21 21:06:25,133] {dagbag.py:500} INFO - Filling up the DagBag from /home/data-eginner/Documents/Soccer_Data/env/lib/python3.8/site-packages/airflow/example_dags/example_latest_only.py
[2022-01-21 21:06:25,151] {processor.py:654} INFO - DAG(s) dict_keys(['latest_only']) retrieved from /home/data-eginner/Documents/Soccer_Data/env/lib/python3.8/site-packages/airflow/example_dags/example_latest_only.py
[2022-01-21 21:06:25,160] {logging_mixin.py:109} INFO - [2022-01-21 21:06:25,160] {dag.py:2396} INFO - Sync 1 DAGs
[2022-01-21 21:06:25,172] {logging_mixin.py:109} INFO - [2022-01-21 21:06:25,172] {dag.py:2935} INFO - Setting next_dagrun for latest_only to 2022-01-21T20:06:25.172581+00:00
[2022-01-21 21:06:25,187] {processor.py:171} INFO - Processing /home/data-eginner/Documents/Soccer_Data/env/lib/python3.8/site-packages/airflow/example_dags/example_latest_only.py took 0.059 seconds
[2022-01-21 21:07:14,446] {processor.py:163} INFO - Started process (PID=112612) to work on /home/data-eginner/Documents/Soccer_Data/env/lib/python3.8/site-packages/airflow/example_dags/example_latest_only.py
[2022-01-21 21:07:14,470] {processor.py:642} INFO - Processing file /home/data-eginner/Documents/Soccer_Data/env/lib/python3.8/site-packages/airflow/example_dags/example_latest_only.py for tasks to queue
[2022-01-21 21:07:14,471] {logging_mixin.py:109} INFO - [2022-01-21 21:07:14,471] {dagbag.py:500} INFO - Filling up the DagBag from /home/data-eginner/Documents/Soccer_Data/env/lib/python3.8/site-packages/airflow/example_dags/example_latest_only.py
[2022-01-21 21:07:14,550] {processor.py:654} INFO - DAG(s) dict_keys(['latest_only']) retrieved from /home/data-eginner/Documents/Soccer_Data/env/lib/python3.8/site-packages/airflow/example_dags/example_latest_only.py
[2022-01-21 21:07:14,574] {logging_mixin.py:109} INFO - [2022-01-21 21:07:14,574] {dag.py:2396} INFO - Sync 1 DAGs
[2022-01-21 21:07:14,591] {logging_mixin.py:109} INFO - [2022-01-21 21:07:14,591] {dag.py:2935} INFO - Setting next_dagrun for latest_only to 2022-01-21T20:07:14.591005+00:00
[2022-01-21 21:07:14,610] {processor.py:171} INFO - Processing /home/data-eginner/Documents/Soccer_Data/env/lib/python3.8/site-packages/airflow/example_dags/example_latest_only.py took 0.169 seconds
