[2022-01-21 21:00:16,629] {processor.py:163} INFO - Started process (PID=110519) to work on /home/data-eginner/Documents/Soccer_Data/env/lib/python3.8/site-packages/airflow/example_dags/example_complex.py
[2022-01-21 21:00:16,630] {processor.py:642} INFO - Processing file /home/data-eginner/Documents/Soccer_Data/env/lib/python3.8/site-packages/airflow/example_dags/example_complex.py for tasks to queue
[2022-01-21 21:00:16,631] {logging_mixin.py:109} INFO - [2022-01-21 21:00:16,630] {dagbag.py:500} INFO - Filling up the DagBag from /home/data-eginner/Documents/Soccer_Data/env/lib/python3.8/site-packages/airflow/example_dags/example_complex.py
[2022-01-21 21:00:16,756] {processor.py:654} INFO - DAG(s) dict_keys(['example_complex']) retrieved from /home/data-eginner/Documents/Soccer_Data/env/lib/python3.8/site-packages/airflow/example_dags/example_complex.py
[2022-01-21 21:00:16,778] {logging_mixin.py:109} INFO - [2022-01-21 21:00:16,778] {dag.py:2396} INFO - Sync 1 DAGs
[2022-01-21 21:00:16,823] {logging_mixin.py:109} INFO - [2022-01-21 21:00:16,823] {dag.py:2935} INFO - Setting next_dagrun for example_complex to None
[2022-01-21 21:00:16,865] {processor.py:171} INFO - Processing /home/data-eginner/Documents/Soccer_Data/env/lib/python3.8/site-packages/airflow/example_dags/example_complex.py took 0.284 seconds
[2022-01-21 21:01:17,078] {processor.py:163} INFO - Started process (PID=110832) to work on /home/data-eginner/Documents/Soccer_Data/env/lib/python3.8/site-packages/airflow/example_dags/example_complex.py
[2022-01-21 21:01:17,080] {processor.py:642} INFO - Processing file /home/data-eginner/Documents/Soccer_Data/env/lib/python3.8/site-packages/airflow/example_dags/example_complex.py for tasks to queue
[2022-01-21 21:01:17,081] {logging_mixin.py:109} INFO - [2022-01-21 21:01:17,081] {dagbag.py:500} INFO - Filling up the DagBag from /home/data-eginner/Documents/Soccer_Data/env/lib/python3.8/site-packages/airflow/example_dags/example_complex.py
[2022-01-21 21:01:17,104] {processor.py:654} INFO - DAG(s) dict_keys(['example_complex']) retrieved from /home/data-eginner/Documents/Soccer_Data/env/lib/python3.8/site-packages/airflow/example_dags/example_complex.py
[2022-01-21 21:01:17,115] {logging_mixin.py:109} INFO - [2022-01-21 21:01:17,115] {dag.py:2396} INFO - Sync 1 DAGs
[2022-01-21 21:01:17,125] {logging_mixin.py:109} INFO - [2022-01-21 21:01:17,125] {dag.py:2935} INFO - Setting next_dagrun for example_complex to None
[2022-01-21 21:01:17,141] {processor.py:171} INFO - Processing /home/data-eginner/Documents/Soccer_Data/env/lib/python3.8/site-packages/airflow/example_dags/example_complex.py took 0.066 seconds
[2022-01-21 21:02:16,361] {processor.py:163} INFO - Started process (PID=111110) to work on /home/data-eginner/Documents/Soccer_Data/env/lib/python3.8/site-packages/airflow/example_dags/example_complex.py
[2022-01-21 21:02:16,363] {processor.py:642} INFO - Processing file /home/data-eginner/Documents/Soccer_Data/env/lib/python3.8/site-packages/airflow/example_dags/example_complex.py for tasks to queue
[2022-01-21 21:02:16,364] {logging_mixin.py:109} INFO - [2022-01-21 21:02:16,364] {dagbag.py:500} INFO - Filling up the DagBag from /home/data-eginner/Documents/Soccer_Data/env/lib/python3.8/site-packages/airflow/example_dags/example_complex.py
[2022-01-21 21:02:16,434] {processor.py:654} INFO - DAG(s) dict_keys(['example_complex']) retrieved from /home/data-eginner/Documents/Soccer_Data/env/lib/python3.8/site-packages/airflow/example_dags/example_complex.py
[2022-01-21 21:02:16,489] {logging_mixin.py:109} INFO - [2022-01-21 21:02:16,489] {dag.py:2396} INFO - Sync 1 DAGs
[2022-01-21 21:02:16,565] {logging_mixin.py:109} INFO - [2022-01-21 21:02:16,564] {dag.py:2935} INFO - Setting next_dagrun for example_complex to None
[2022-01-21 21:02:16,594] {processor.py:171} INFO - Processing /home/data-eginner/Documents/Soccer_Data/env/lib/python3.8/site-packages/airflow/example_dags/example_complex.py took 0.241 seconds
[2022-01-21 21:03:19,485] {processor.py:163} INFO - Started process (PID=111389) to work on /home/data-eginner/Documents/Soccer_Data/env/lib/python3.8/site-packages/airflow/example_dags/example_complex.py
[2022-01-21 21:03:19,488] {processor.py:642} INFO - Processing file /home/data-eginner/Documents/Soccer_Data/env/lib/python3.8/site-packages/airflow/example_dags/example_complex.py for tasks to queue
[2022-01-21 21:03:19,489] {logging_mixin.py:109} INFO - [2022-01-21 21:03:19,489] {dagbag.py:500} INFO - Filling up the DagBag from /home/data-eginner/Documents/Soccer_Data/env/lib/python3.8/site-packages/airflow/example_dags/example_complex.py
[2022-01-21 21:03:19,557] {processor.py:654} INFO - DAG(s) dict_keys(['example_complex']) retrieved from /home/data-eginner/Documents/Soccer_Data/env/lib/python3.8/site-packages/airflow/example_dags/example_complex.py
[2022-01-21 21:03:19,579] {logging_mixin.py:109} INFO - [2022-01-21 21:03:19,579] {dag.py:2396} INFO - Sync 1 DAGs
[2022-01-21 21:03:19,611] {logging_mixin.py:109} INFO - [2022-01-21 21:03:19,611] {dag.py:2935} INFO - Setting next_dagrun for example_complex to None
[2022-01-21 21:03:19,637] {processor.py:171} INFO - Processing /home/data-eginner/Documents/Soccer_Data/env/lib/python3.8/site-packages/airflow/example_dags/example_complex.py took 0.155 seconds
[2022-01-21 21:04:00,410] {processor.py:163} INFO - Started process (PID=111603) to work on /home/data-eginner/Documents/Soccer_Data/env/lib/python3.8/site-packages/airflow/example_dags/example_complex.py
[2022-01-21 21:04:00,419] {processor.py:642} INFO - Processing file /home/data-eginner/Documents/Soccer_Data/env/lib/python3.8/site-packages/airflow/example_dags/example_complex.py for tasks to queue
[2022-01-21 21:04:00,421] {logging_mixin.py:109} INFO - [2022-01-21 21:04:00,421] {dagbag.py:500} INFO - Filling up the DagBag from /home/data-eginner/Documents/Soccer_Data/env/lib/python3.8/site-packages/airflow/example_dags/example_complex.py
[2022-01-21 21:04:00,459] {processor.py:654} INFO - DAG(s) dict_keys(['example_complex']) retrieved from /home/data-eginner/Documents/Soccer_Data/env/lib/python3.8/site-packages/airflow/example_dags/example_complex.py
[2022-01-21 21:04:00,471] {logging_mixin.py:109} INFO - [2022-01-21 21:04:00,470] {dag.py:2396} INFO - Sync 1 DAGs
[2022-01-21 21:04:00,483] {logging_mixin.py:109} INFO - [2022-01-21 21:04:00,482] {dag.py:2935} INFO - Setting next_dagrun for example_complex to None
[2022-01-21 21:04:00,514] {processor.py:171} INFO - Processing /home/data-eginner/Documents/Soccer_Data/env/lib/python3.8/site-packages/airflow/example_dags/example_complex.py took 0.118 seconds
[2022-01-21 21:04:40,404] {processor.py:163} INFO - Started process (PID=111818) to work on /home/data-eginner/Documents/Soccer_Data/env/lib/python3.8/site-packages/airflow/example_dags/example_complex.py
[2022-01-21 21:04:40,410] {processor.py:642} INFO - Processing file /home/data-eginner/Documents/Soccer_Data/env/lib/python3.8/site-packages/airflow/example_dags/example_complex.py for tasks to queue
[2022-01-21 21:04:40,411] {logging_mixin.py:109} INFO - [2022-01-21 21:04:40,411] {dagbag.py:500} INFO - Filling up the DagBag from /home/data-eginner/Documents/Soccer_Data/env/lib/python3.8/site-packages/airflow/example_dags/example_complex.py
[2022-01-21 21:04:40,448] {processor.py:654} INFO - DAG(s) dict_keys(['example_complex']) retrieved from /home/data-eginner/Documents/Soccer_Data/env/lib/python3.8/site-packages/airflow/example_dags/example_complex.py
[2022-01-21 21:04:40,463] {logging_mixin.py:109} INFO - [2022-01-21 21:04:40,463] {dag.py:2396} INFO - Sync 1 DAGs
[2022-01-21 21:04:40,474] {logging_mixin.py:109} INFO - [2022-01-21 21:04:40,474] {dag.py:2935} INFO - Setting next_dagrun for example_complex to None
[2022-01-21 21:04:40,490] {processor.py:171} INFO - Processing /home/data-eginner/Documents/Soccer_Data/env/lib/python3.8/site-packages/airflow/example_dags/example_complex.py took 0.092 seconds
[2022-01-21 21:05:18,203] {processor.py:163} INFO - Started process (PID=112012) to work on /home/data-eginner/Documents/Soccer_Data/env/lib/python3.8/site-packages/airflow/example_dags/example_complex.py
[2022-01-21 21:05:18,220] {processor.py:642} INFO - Processing file /home/data-eginner/Documents/Soccer_Data/env/lib/python3.8/site-packages/airflow/example_dags/example_complex.py for tasks to queue
[2022-01-21 21:05:18,221] {logging_mixin.py:109} INFO - [2022-01-21 21:05:18,221] {dagbag.py:500} INFO - Filling up the DagBag from /home/data-eginner/Documents/Soccer_Data/env/lib/python3.8/site-packages/airflow/example_dags/example_complex.py
[2022-01-21 21:05:18,259] {processor.py:654} INFO - DAG(s) dict_keys(['example_complex']) retrieved from /home/data-eginner/Documents/Soccer_Data/env/lib/python3.8/site-packages/airflow/example_dags/example_complex.py
[2022-01-21 21:05:18,281] {logging_mixin.py:109} INFO - [2022-01-21 21:05:18,281] {dag.py:2396} INFO - Sync 1 DAGs
[2022-01-21 21:05:18,302] {logging_mixin.py:109} INFO - [2022-01-21 21:05:18,302] {dag.py:2935} INFO - Setting next_dagrun for example_complex to None
[2022-01-21 21:05:18,335] {processor.py:171} INFO - Processing /home/data-eginner/Documents/Soccer_Data/env/lib/python3.8/site-packages/airflow/example_dags/example_complex.py took 0.135 seconds
[2022-01-21 21:05:56,687] {processor.py:163} INFO - Started process (PID=112204) to work on /home/data-eginner/Documents/Soccer_Data/env/lib/python3.8/site-packages/airflow/example_dags/example_complex.py
[2022-01-21 21:05:56,690] {processor.py:642} INFO - Processing file /home/data-eginner/Documents/Soccer_Data/env/lib/python3.8/site-packages/airflow/example_dags/example_complex.py for tasks to queue
[2022-01-21 21:05:56,691] {logging_mixin.py:109} INFO - [2022-01-21 21:05:56,691] {dagbag.py:500} INFO - Filling up the DagBag from /home/data-eginner/Documents/Soccer_Data/env/lib/python3.8/site-packages/airflow/example_dags/example_complex.py
[2022-01-21 21:05:56,720] {processor.py:654} INFO - DAG(s) dict_keys(['example_complex']) retrieved from /home/data-eginner/Documents/Soccer_Data/env/lib/python3.8/site-packages/airflow/example_dags/example_complex.py
[2022-01-21 21:05:56,733] {logging_mixin.py:109} INFO - [2022-01-21 21:05:56,733] {dag.py:2396} INFO - Sync 1 DAGs
[2022-01-21 21:05:56,745] {logging_mixin.py:109} INFO - [2022-01-21 21:05:56,745] {dag.py:2935} INFO - Setting next_dagrun for example_complex to None
[2022-01-21 21:05:56,762] {processor.py:171} INFO - Processing /home/data-eginner/Documents/Soccer_Data/env/lib/python3.8/site-packages/airflow/example_dags/example_complex.py took 0.081 seconds
[2022-01-21 21:06:32,733] {processor.py:163} INFO - Started process (PID=112402) to work on /home/data-eginner/Documents/Soccer_Data/env/lib/python3.8/site-packages/airflow/example_dags/example_complex.py
[2022-01-21 21:06:32,737] {processor.py:642} INFO - Processing file /home/data-eginner/Documents/Soccer_Data/env/lib/python3.8/site-packages/airflow/example_dags/example_complex.py for tasks to queue
[2022-01-21 21:06:32,738] {logging_mixin.py:109} INFO - [2022-01-21 21:06:32,738] {dagbag.py:500} INFO - Filling up the DagBag from /home/data-eginner/Documents/Soccer_Data/env/lib/python3.8/site-packages/airflow/example_dags/example_complex.py
[2022-01-21 21:06:32,769] {processor.py:654} INFO - DAG(s) dict_keys(['example_complex']) retrieved from /home/data-eginner/Documents/Soccer_Data/env/lib/python3.8/site-packages/airflow/example_dags/example_complex.py
[2022-01-21 21:06:32,782] {logging_mixin.py:109} INFO - [2022-01-21 21:06:32,782] {dag.py:2396} INFO - Sync 1 DAGs
[2022-01-21 21:06:32,793] {logging_mixin.py:109} INFO - [2022-01-21 21:06:32,793] {dag.py:2935} INFO - Setting next_dagrun for example_complex to None
[2022-01-21 21:06:32,810] {processor.py:171} INFO - Processing /home/data-eginner/Documents/Soccer_Data/env/lib/python3.8/site-packages/airflow/example_dags/example_complex.py took 0.082 seconds
[2022-01-21 21:07:11,623] {processor.py:163} INFO - Started process (PID=112599) to work on /home/data-eginner/Documents/Soccer_Data/env/lib/python3.8/site-packages/airflow/example_dags/example_complex.py
[2022-01-21 21:07:11,625] {processor.py:642} INFO - Processing file /home/data-eginner/Documents/Soccer_Data/env/lib/python3.8/site-packages/airflow/example_dags/example_complex.py for tasks to queue
[2022-01-21 21:07:11,626] {logging_mixin.py:109} INFO - [2022-01-21 21:07:11,626] {dagbag.py:500} INFO - Filling up the DagBag from /home/data-eginner/Documents/Soccer_Data/env/lib/python3.8/site-packages/airflow/example_dags/example_complex.py
[2022-01-21 21:07:11,665] {processor.py:654} INFO - DAG(s) dict_keys(['example_complex']) retrieved from /home/data-eginner/Documents/Soccer_Data/env/lib/python3.8/site-packages/airflow/example_dags/example_complex.py
[2022-01-21 21:07:11,687] {logging_mixin.py:109} INFO - [2022-01-21 21:07:11,687] {dag.py:2396} INFO - Sync 1 DAGs
[2022-01-21 21:07:11,704] {logging_mixin.py:109} INFO - [2022-01-21 21:07:11,703] {dag.py:2935} INFO - Setting next_dagrun for example_complex to None
[2022-01-21 21:07:11,729] {processor.py:171} INFO - Processing /home/data-eginner/Documents/Soccer_Data/env/lib/python3.8/site-packages/airflow/example_dags/example_complex.py took 0.110 seconds
[2022-01-21 21:07:55,488] {processor.py:163} INFO - Started process (PID=112848) to work on /home/data-eginner/Documents/Soccer_Data/env/lib/python3.8/site-packages/airflow/example_dags/example_complex.py
[2022-01-21 21:07:55,491] {processor.py:642} INFO - Processing file /home/data-eginner/Documents/Soccer_Data/env/lib/python3.8/site-packages/airflow/example_dags/example_complex.py for tasks to queue
[2022-01-21 21:07:55,491] {logging_mixin.py:109} INFO - [2022-01-21 21:07:55,491] {dagbag.py:500} INFO - Filling up the DagBag from /home/data-eginner/Documents/Soccer_Data/env/lib/python3.8/site-packages/airflow/example_dags/example_complex.py
[2022-01-21 21:07:55,519] {processor.py:654} INFO - DAG(s) dict_keys(['example_complex']) retrieved from /home/data-eginner/Documents/Soccer_Data/env/lib/python3.8/site-packages/airflow/example_dags/example_complex.py
[2022-01-21 21:07:55,531] {logging_mixin.py:109} INFO - [2022-01-21 21:07:55,531] {dag.py:2396} INFO - Sync 1 DAGs
[2022-01-21 21:07:55,543] {logging_mixin.py:109} INFO - [2022-01-21 21:07:55,543] {dag.py:2935} INFO - Setting next_dagrun for example_complex to None
[2022-01-21 21:07:55,561] {processor.py:171} INFO - Processing /home/data-eginner/Documents/Soccer_Data/env/lib/python3.8/site-packages/airflow/example_dags/example_complex.py took 0.075 seconds
