[2022-01-21 21:00:23,410] {processor.py:163} INFO - Started process (PID=110571) to work on /home/data-eginner/Documents/Soccer_Data/env/lib/python3.8/site-packages/airflow/example_dags/example_xcom.py
[2022-01-21 21:00:23,411] {processor.py:642} INFO - Processing file /home/data-eginner/Documents/Soccer_Data/env/lib/python3.8/site-packages/airflow/example_dags/example_xcom.py for tasks to queue
[2022-01-21 21:00:23,412] {logging_mixin.py:109} INFO - [2022-01-21 21:00:23,411] {dagbag.py:500} INFO - Filling up the DagBag from /home/data-eginner/Documents/Soccer_Data/env/lib/python3.8/site-packages/airflow/example_dags/example_xcom.py
[2022-01-21 21:00:23,505] {processor.py:654} INFO - DAG(s) dict_keys(['example_xcom']) retrieved from /home/data-eginner/Documents/Soccer_Data/env/lib/python3.8/site-packages/airflow/example_dags/example_xcom.py
[2022-01-21 21:00:24,138] {logging_mixin.py:109} INFO - [2022-01-21 21:00:24,138] {dag.py:2396} INFO - Sync 1 DAGs
[2022-01-21 21:00:24,163] {logging_mixin.py:109} INFO - [2022-01-21 21:00:24,163] {dag.py:2935} INFO - Setting next_dagrun for example_xcom to 2021-01-01T00:00:00+00:00
[2022-01-21 21:00:24,201] {processor.py:171} INFO - Processing /home/data-eginner/Documents/Soccer_Data/env/lib/python3.8/site-packages/airflow/example_dags/example_xcom.py took 0.794 seconds
[2022-01-21 21:01:05,057] {processor.py:163} INFO - Started process (PID=110768) to work on /home/data-eginner/Documents/Soccer_Data/env/lib/python3.8/site-packages/airflow/example_dags/example_xcom.py
[2022-01-21 21:01:05,257] {processor.py:642} INFO - Processing file /home/data-eginner/Documents/Soccer_Data/env/lib/python3.8/site-packages/airflow/example_dags/example_xcom.py for tasks to queue
[2022-01-21 21:01:05,258] {logging_mixin.py:109} INFO - [2022-01-21 21:01:05,258] {dagbag.py:500} INFO - Filling up the DagBag from /home/data-eginner/Documents/Soccer_Data/env/lib/python3.8/site-packages/airflow/example_dags/example_xcom.py
[2022-01-21 21:01:05,398] {processor.py:654} INFO - DAG(s) dict_keys(['example_xcom']) retrieved from /home/data-eginner/Documents/Soccer_Data/env/lib/python3.8/site-packages/airflow/example_dags/example_xcom.py
[2022-01-21 21:01:06,583] {logging_mixin.py:109} INFO - [2022-01-21 21:01:06,582] {dag.py:2396} INFO - Sync 1 DAGs
[2022-01-21 21:01:06,640] {logging_mixin.py:109} INFO - [2022-01-21 21:01:06,640] {dag.py:2935} INFO - Setting next_dagrun for example_xcom to 2021-01-01T00:00:00+00:00
[2022-01-21 21:01:06,726] {processor.py:171} INFO - Processing /home/data-eginner/Documents/Soccer_Data/env/lib/python3.8/site-packages/airflow/example_dags/example_xcom.py took 1.842 seconds
[2022-01-21 21:02:01,483] {processor.py:163} INFO - Started process (PID=111027) to work on /home/data-eginner/Documents/Soccer_Data/env/lib/python3.8/site-packages/airflow/example_dags/example_xcom.py
[2022-01-21 21:02:01,485] {processor.py:642} INFO - Processing file /home/data-eginner/Documents/Soccer_Data/env/lib/python3.8/site-packages/airflow/example_dags/example_xcom.py for tasks to queue
[2022-01-21 21:02:01,486] {logging_mixin.py:109} INFO - [2022-01-21 21:02:01,486] {dagbag.py:500} INFO - Filling up the DagBag from /home/data-eginner/Documents/Soccer_Data/env/lib/python3.8/site-packages/airflow/example_dags/example_xcom.py
[2022-01-21 21:02:01,532] {processor.py:654} INFO - DAG(s) dict_keys(['example_xcom']) retrieved from /home/data-eginner/Documents/Soccer_Data/env/lib/python3.8/site-packages/airflow/example_dags/example_xcom.py
[2022-01-21 21:02:01,781] {logging_mixin.py:109} INFO - [2022-01-21 21:02:01,781] {dag.py:2396} INFO - Sync 1 DAGs
[2022-01-21 21:02:01,792] {logging_mixin.py:109} INFO - [2022-01-21 21:02:01,792] {dag.py:2935} INFO - Setting next_dagrun for example_xcom to 2021-01-01T00:00:00+00:00
[2022-01-21 21:02:01,812] {processor.py:171} INFO - Processing /home/data-eginner/Documents/Soccer_Data/env/lib/python3.8/site-packages/airflow/example_dags/example_xcom.py took 0.339 seconds
[2022-01-21 21:02:51,223] {processor.py:163} INFO - Started process (PID=111262) to work on /home/data-eginner/Documents/Soccer_Data/env/lib/python3.8/site-packages/airflow/example_dags/example_xcom.py
[2022-01-21 21:02:51,239] {processor.py:642} INFO - Processing file /home/data-eginner/Documents/Soccer_Data/env/lib/python3.8/site-packages/airflow/example_dags/example_xcom.py for tasks to queue
[2022-01-21 21:02:51,240] {logging_mixin.py:109} INFO - [2022-01-21 21:02:51,239] {dagbag.py:500} INFO - Filling up the DagBag from /home/data-eginner/Documents/Soccer_Data/env/lib/python3.8/site-packages/airflow/example_dags/example_xcom.py
[2022-01-21 21:02:51,321] {processor.py:654} INFO - DAG(s) dict_keys(['example_xcom']) retrieved from /home/data-eginner/Documents/Soccer_Data/env/lib/python3.8/site-packages/airflow/example_dags/example_xcom.py
[2022-01-21 21:02:52,040] {logging_mixin.py:109} INFO - [2022-01-21 21:02:52,031] {dag.py:2396} INFO - Sync 1 DAGs
[2022-01-21 21:02:52,050] {logging_mixin.py:109} INFO - [2022-01-21 21:02:52,050] {dag.py:2935} INFO - Setting next_dagrun for example_xcom to 2021-01-01T00:00:00+00:00
[2022-01-21 21:02:52,078] {processor.py:171} INFO - Processing /home/data-eginner/Documents/Soccer_Data/env/lib/python3.8/site-packages/airflow/example_dags/example_xcom.py took 0.865 seconds
[2022-01-21 21:03:35,503] {processor.py:163} INFO - Started process (PID=111470) to work on /home/data-eginner/Documents/Soccer_Data/env/lib/python3.8/site-packages/airflow/example_dags/example_xcom.py
[2022-01-21 21:03:35,507] {processor.py:642} INFO - Processing file /home/data-eginner/Documents/Soccer_Data/env/lib/python3.8/site-packages/airflow/example_dags/example_xcom.py for tasks to queue
[2022-01-21 21:03:35,508] {logging_mixin.py:109} INFO - [2022-01-21 21:03:35,508] {dagbag.py:500} INFO - Filling up the DagBag from /home/data-eginner/Documents/Soccer_Data/env/lib/python3.8/site-packages/airflow/example_dags/example_xcom.py
[2022-01-21 21:03:35,539] {processor.py:654} INFO - DAG(s) dict_keys(['example_xcom']) retrieved from /home/data-eginner/Documents/Soccer_Data/env/lib/python3.8/site-packages/airflow/example_dags/example_xcom.py
[2022-01-21 21:03:35,858] {logging_mixin.py:109} INFO - [2022-01-21 21:03:35,858] {dag.py:2396} INFO - Sync 1 DAGs
[2022-01-21 21:03:35,868] {logging_mixin.py:109} INFO - [2022-01-21 21:03:35,868] {dag.py:2935} INFO - Setting next_dagrun for example_xcom to 2021-01-01T00:00:00+00:00
[2022-01-21 21:03:35,886] {processor.py:171} INFO - Processing /home/data-eginner/Documents/Soccer_Data/env/lib/python3.8/site-packages/airflow/example_dags/example_xcom.py took 0.387 seconds
[2022-01-21 21:04:12,567] {processor.py:163} INFO - Started process (PID=111668) to work on /home/data-eginner/Documents/Soccer_Data/env/lib/python3.8/site-packages/airflow/example_dags/example_xcom.py
[2022-01-21 21:04:12,570] {processor.py:642} INFO - Processing file /home/data-eginner/Documents/Soccer_Data/env/lib/python3.8/site-packages/airflow/example_dags/example_xcom.py for tasks to queue
[2022-01-21 21:04:12,571] {logging_mixin.py:109} INFO - [2022-01-21 21:04:12,571] {dagbag.py:500} INFO - Filling up the DagBag from /home/data-eginner/Documents/Soccer_Data/env/lib/python3.8/site-packages/airflow/example_dags/example_xcom.py
[2022-01-21 21:04:12,596] {processor.py:654} INFO - DAG(s) dict_keys(['example_xcom']) retrieved from /home/data-eginner/Documents/Soccer_Data/env/lib/python3.8/site-packages/airflow/example_dags/example_xcom.py
[2022-01-21 21:04:12,936] {logging_mixin.py:109} INFO - [2022-01-21 21:04:12,936] {dag.py:2396} INFO - Sync 1 DAGs
[2022-01-21 21:04:12,953] {logging_mixin.py:109} INFO - [2022-01-21 21:04:12,953] {dag.py:2935} INFO - Setting next_dagrun for example_xcom to 2021-01-01T00:00:00+00:00
[2022-01-21 21:04:13,004] {processor.py:171} INFO - Processing /home/data-eginner/Documents/Soccer_Data/env/lib/python3.8/site-packages/airflow/example_dags/example_xcom.py took 0.441 seconds
[2022-01-21 21:04:54,412] {processor.py:163} INFO - Started process (PID=111887) to work on /home/data-eginner/Documents/Soccer_Data/env/lib/python3.8/site-packages/airflow/example_dags/example_xcom.py
[2022-01-21 21:04:54,414] {processor.py:642} INFO - Processing file /home/data-eginner/Documents/Soccer_Data/env/lib/python3.8/site-packages/airflow/example_dags/example_xcom.py for tasks to queue
[2022-01-21 21:04:54,415] {logging_mixin.py:109} INFO - [2022-01-21 21:04:54,415] {dagbag.py:500} INFO - Filling up the DagBag from /home/data-eginner/Documents/Soccer_Data/env/lib/python3.8/site-packages/airflow/example_dags/example_xcom.py
[2022-01-21 21:04:54,439] {processor.py:654} INFO - DAG(s) dict_keys(['example_xcom']) retrieved from /home/data-eginner/Documents/Soccer_Data/env/lib/python3.8/site-packages/airflow/example_dags/example_xcom.py
[2022-01-21 21:04:54,693] {logging_mixin.py:109} INFO - [2022-01-21 21:04:54,692] {dag.py:2396} INFO - Sync 1 DAGs
[2022-01-21 21:04:54,702] {logging_mixin.py:109} INFO - [2022-01-21 21:04:54,702] {dag.py:2935} INFO - Setting next_dagrun for example_xcom to 2021-01-01T00:00:00+00:00
[2022-01-21 21:04:54,719] {processor.py:171} INFO - Processing /home/data-eginner/Documents/Soccer_Data/env/lib/python3.8/site-packages/airflow/example_dags/example_xcom.py took 0.309 seconds
[2022-01-21 21:05:28,256] {processor.py:163} INFO - Started process (PID=112061) to work on /home/data-eginner/Documents/Soccer_Data/env/lib/python3.8/site-packages/airflow/example_dags/example_xcom.py
[2022-01-21 21:05:28,258] {processor.py:642} INFO - Processing file /home/data-eginner/Documents/Soccer_Data/env/lib/python3.8/site-packages/airflow/example_dags/example_xcom.py for tasks to queue
[2022-01-21 21:05:28,258] {logging_mixin.py:109} INFO - [2022-01-21 21:05:28,258] {dagbag.py:500} INFO - Filling up the DagBag from /home/data-eginner/Documents/Soccer_Data/env/lib/python3.8/site-packages/airflow/example_dags/example_xcom.py
[2022-01-21 21:05:28,282] {processor.py:654} INFO - DAG(s) dict_keys(['example_xcom']) retrieved from /home/data-eginner/Documents/Soccer_Data/env/lib/python3.8/site-packages/airflow/example_dags/example_xcom.py
[2022-01-21 21:05:28,514] {logging_mixin.py:109} INFO - [2022-01-21 21:05:28,514] {dag.py:2396} INFO - Sync 1 DAGs
[2022-01-21 21:05:28,522] {logging_mixin.py:109} INFO - [2022-01-21 21:05:28,522] {dag.py:2935} INFO - Setting next_dagrun for example_xcom to 2021-01-01T00:00:00+00:00
[2022-01-21 21:05:28,543] {processor.py:171} INFO - Processing /home/data-eginner/Documents/Soccer_Data/env/lib/python3.8/site-packages/airflow/example_dags/example_xcom.py took 0.290 seconds
[2022-01-21 21:06:08,166] {processor.py:163} INFO - Started process (PID=112267) to work on /home/data-eginner/Documents/Soccer_Data/env/lib/python3.8/site-packages/airflow/example_dags/example_xcom.py
[2022-01-21 21:06:08,168] {processor.py:642} INFO - Processing file /home/data-eginner/Documents/Soccer_Data/env/lib/python3.8/site-packages/airflow/example_dags/example_xcom.py for tasks to queue
[2022-01-21 21:06:08,169] {logging_mixin.py:109} INFO - [2022-01-21 21:06:08,169] {dagbag.py:500} INFO - Filling up the DagBag from /home/data-eginner/Documents/Soccer_Data/env/lib/python3.8/site-packages/airflow/example_dags/example_xcom.py
[2022-01-21 21:06:08,205] {processor.py:654} INFO - DAG(s) dict_keys(['example_xcom']) retrieved from /home/data-eginner/Documents/Soccer_Data/env/lib/python3.8/site-packages/airflow/example_dags/example_xcom.py
[2022-01-21 21:06:08,521] {logging_mixin.py:109} INFO - [2022-01-21 21:06:08,521] {dag.py:2396} INFO - Sync 1 DAGs
[2022-01-21 21:06:08,530] {logging_mixin.py:109} INFO - [2022-01-21 21:06:08,530] {dag.py:2935} INFO - Setting next_dagrun for example_xcom to 2021-01-01T00:00:00+00:00
[2022-01-21 21:06:08,546] {processor.py:171} INFO - Processing /home/data-eginner/Documents/Soccer_Data/env/lib/python3.8/site-packages/airflow/example_dags/example_xcom.py took 0.382 seconds
[2022-01-21 21:06:44,434] {processor.py:163} INFO - Started process (PID=112457) to work on /home/data-eginner/Documents/Soccer_Data/env/lib/python3.8/site-packages/airflow/example_dags/example_xcom.py
[2022-01-21 21:06:44,449] {processor.py:642} INFO - Processing file /home/data-eginner/Documents/Soccer_Data/env/lib/python3.8/site-packages/airflow/example_dags/example_xcom.py for tasks to queue
[2022-01-21 21:06:44,450] {logging_mixin.py:109} INFO - [2022-01-21 21:06:44,449] {dagbag.py:500} INFO - Filling up the DagBag from /home/data-eginner/Documents/Soccer_Data/env/lib/python3.8/site-packages/airflow/example_dags/example_xcom.py
[2022-01-21 21:06:44,507] {processor.py:654} INFO - DAG(s) dict_keys(['example_xcom']) retrieved from /home/data-eginner/Documents/Soccer_Data/env/lib/python3.8/site-packages/airflow/example_dags/example_xcom.py
[2022-01-21 21:06:44,756] {logging_mixin.py:109} INFO - [2022-01-21 21:06:44,756] {dag.py:2396} INFO - Sync 1 DAGs
[2022-01-21 21:06:44,766] {logging_mixin.py:109} INFO - [2022-01-21 21:06:44,765] {dag.py:2935} INFO - Setting next_dagrun for example_xcom to 2021-01-01T00:00:00+00:00
[2022-01-21 21:06:44,782] {processor.py:171} INFO - Processing /home/data-eginner/Documents/Soccer_Data/env/lib/python3.8/site-packages/airflow/example_dags/example_xcom.py took 0.351 seconds
[2022-01-21 21:07:20,433] {processor.py:163} INFO - Started process (PID=112640) to work on /home/data-eginner/Documents/Soccer_Data/env/lib/python3.8/site-packages/airflow/example_dags/example_xcom.py
[2022-01-21 21:07:20,437] {processor.py:642} INFO - Processing file /home/data-eginner/Documents/Soccer_Data/env/lib/python3.8/site-packages/airflow/example_dags/example_xcom.py for tasks to queue
[2022-01-21 21:07:20,438] {logging_mixin.py:109} INFO - [2022-01-21 21:07:20,438] {dagbag.py:500} INFO - Filling up the DagBag from /home/data-eginner/Documents/Soccer_Data/env/lib/python3.8/site-packages/airflow/example_dags/example_xcom.py
[2022-01-21 21:07:20,481] {processor.py:654} INFO - DAG(s) dict_keys(['example_xcom']) retrieved from /home/data-eginner/Documents/Soccer_Data/env/lib/python3.8/site-packages/airflow/example_dags/example_xcom.py
[2022-01-21 21:07:20,809] {logging_mixin.py:109} INFO - [2022-01-21 21:07:20,809] {dag.py:2396} INFO - Sync 1 DAGs
[2022-01-21 21:07:20,820] {logging_mixin.py:109} INFO - [2022-01-21 21:07:20,820] {dag.py:2935} INFO - Setting next_dagrun for example_xcom to 2021-01-01T00:00:00+00:00
[2022-01-21 21:07:20,836] {processor.py:171} INFO - Processing /home/data-eginner/Documents/Soccer_Data/env/lib/python3.8/site-packages/airflow/example_dags/example_xcom.py took 0.411 seconds
