[2022-01-21 21:00:35,281] {processor.py:163} INFO - Started process (PID=110632) to work on /home/data-eginner/Documents/Soccer_Data/env/lib/python3.8/site-packages/airflow/example_dags/example_branch_datetime_operator.py
[2022-01-21 21:00:35,282] {processor.py:642} INFO - Processing file /home/data-eginner/Documents/Soccer_Data/env/lib/python3.8/site-packages/airflow/example_dags/example_branch_datetime_operator.py for tasks to queue
[2022-01-21 21:00:35,318] {logging_mixin.py:109} INFO - [2022-01-21 21:00:35,318] {dagbag.py:500} INFO - Filling up the DagBag from /home/data-eginner/Documents/Soccer_Data/env/lib/python3.8/site-packages/airflow/example_dags/example_branch_datetime_operator.py
[2022-01-21 21:00:35,431] {processor.py:654} INFO - DAG(s) dict_keys(['example_branch_datetime_operator_2']) retrieved from /home/data-eginner/Documents/Soccer_Data/env/lib/python3.8/site-packages/airflow/example_dags/example_branch_datetime_operator.py
[2022-01-21 21:00:35,536] {logging_mixin.py:109} INFO - [2022-01-21 21:00:35,535] {dag.py:2396} INFO - Sync 1 DAGs
[2022-01-21 21:00:35,631] {logging_mixin.py:109} INFO - [2022-01-21 21:00:35,631] {dag.py:2935} INFO - Setting next_dagrun for example_branch_datetime_operator_2 to 2022-01-21 00:00:00+00:00
[2022-01-21 21:00:35,711] {processor.py:171} INFO - Processing /home/data-eginner/Documents/Soccer_Data/env/lib/python3.8/site-packages/airflow/example_dags/example_branch_datetime_operator.py took 0.433 seconds
[2022-01-21 21:01:31,567] {processor.py:163} INFO - Started process (PID=110898) to work on /home/data-eginner/Documents/Soccer_Data/env/lib/python3.8/site-packages/airflow/example_dags/example_branch_datetime_operator.py
[2022-01-21 21:01:31,570] {processor.py:642} INFO - Processing file /home/data-eginner/Documents/Soccer_Data/env/lib/python3.8/site-packages/airflow/example_dags/example_branch_datetime_operator.py for tasks to queue
[2022-01-21 21:01:31,571] {logging_mixin.py:109} INFO - [2022-01-21 21:01:31,571] {dagbag.py:500} INFO - Filling up the DagBag from /home/data-eginner/Documents/Soccer_Data/env/lib/python3.8/site-packages/airflow/example_dags/example_branch_datetime_operator.py
[2022-01-21 21:01:31,599] {processor.py:654} INFO - DAG(s) dict_keys(['example_branch_datetime_operator_2']) retrieved from /home/data-eginner/Documents/Soccer_Data/env/lib/python3.8/site-packages/airflow/example_dags/example_branch_datetime_operator.py
[2022-01-21 21:01:31,609] {logging_mixin.py:109} INFO - [2022-01-21 21:01:31,609] {dag.py:2396} INFO - Sync 1 DAGs
[2022-01-21 21:01:31,620] {logging_mixin.py:109} INFO - [2022-01-21 21:01:31,620] {dag.py:2935} INFO - Setting next_dagrun for example_branch_datetime_operator_2 to 2022-01-21 00:00:00+00:00
[2022-01-21 21:01:31,661] {processor.py:171} INFO - Processing /home/data-eginner/Documents/Soccer_Data/env/lib/python3.8/site-packages/airflow/example_dags/example_branch_datetime_operator.py took 0.098 seconds
[2022-01-21 21:02:27,944] {processor.py:163} INFO - Started process (PID=111170) to work on /home/data-eginner/Documents/Soccer_Data/env/lib/python3.8/site-packages/airflow/example_dags/example_branch_datetime_operator.py
[2022-01-21 21:02:27,946] {processor.py:642} INFO - Processing file /home/data-eginner/Documents/Soccer_Data/env/lib/python3.8/site-packages/airflow/example_dags/example_branch_datetime_operator.py for tasks to queue
[2022-01-21 21:02:27,947] {logging_mixin.py:109} INFO - [2022-01-21 21:02:27,947] {dagbag.py:500} INFO - Filling up the DagBag from /home/data-eginner/Documents/Soccer_Data/env/lib/python3.8/site-packages/airflow/example_dags/example_branch_datetime_operator.py
[2022-01-21 21:02:27,979] {processor.py:654} INFO - DAG(s) dict_keys(['example_branch_datetime_operator_2']) retrieved from /home/data-eginner/Documents/Soccer_Data/env/lib/python3.8/site-packages/airflow/example_dags/example_branch_datetime_operator.py
[2022-01-21 21:02:27,987] {logging_mixin.py:109} INFO - [2022-01-21 21:02:27,987] {dag.py:2396} INFO - Sync 1 DAGs
[2022-01-21 21:02:28,018] {logging_mixin.py:109} INFO - [2022-01-21 21:02:28,018] {dag.py:2935} INFO - Setting next_dagrun for example_branch_datetime_operator_2 to 2022-01-21 00:00:00+00:00
[2022-01-21 21:02:28,047] {processor.py:171} INFO - Processing /home/data-eginner/Documents/Soccer_Data/env/lib/python3.8/site-packages/airflow/example_dags/example_branch_datetime_operator.py took 0.113 seconds
[2022-01-21 21:03:24,888] {processor.py:163} INFO - Started process (PID=111420) to work on /home/data-eginner/Documents/Soccer_Data/env/lib/python3.8/site-packages/airflow/example_dags/example_branch_datetime_operator.py
[2022-01-21 21:03:24,895] {processor.py:642} INFO - Processing file /home/data-eginner/Documents/Soccer_Data/env/lib/python3.8/site-packages/airflow/example_dags/example_branch_datetime_operator.py for tasks to queue
[2022-01-21 21:03:24,896] {logging_mixin.py:109} INFO - [2022-01-21 21:03:24,896] {dagbag.py:500} INFO - Filling up the DagBag from /home/data-eginner/Documents/Soccer_Data/env/lib/python3.8/site-packages/airflow/example_dags/example_branch_datetime_operator.py
[2022-01-21 21:03:24,920] {processor.py:654} INFO - DAG(s) dict_keys(['example_branch_datetime_operator_2']) retrieved from /home/data-eginner/Documents/Soccer_Data/env/lib/python3.8/site-packages/airflow/example_dags/example_branch_datetime_operator.py
[2022-01-21 21:03:24,928] {logging_mixin.py:109} INFO - [2022-01-21 21:03:24,927] {dag.py:2396} INFO - Sync 1 DAGs
[2022-01-21 21:03:24,943] {logging_mixin.py:109} INFO - [2022-01-21 21:03:24,942] {dag.py:2935} INFO - Setting next_dagrun for example_branch_datetime_operator_2 to 2022-01-21 00:00:00+00:00
[2022-01-21 21:03:24,958] {processor.py:171} INFO - Processing /home/data-eginner/Documents/Soccer_Data/env/lib/python3.8/site-packages/airflow/example_dags/example_branch_datetime_operator.py took 0.078 seconds
[2022-01-21 21:04:05,850] {processor.py:163} INFO - Started process (PID=111630) to work on /home/data-eginner/Documents/Soccer_Data/env/lib/python3.8/site-packages/airflow/example_dags/example_branch_datetime_operator.py
[2022-01-21 21:04:05,853] {processor.py:642} INFO - Processing file /home/data-eginner/Documents/Soccer_Data/env/lib/python3.8/site-packages/airflow/example_dags/example_branch_datetime_operator.py for tasks to queue
[2022-01-21 21:04:05,854] {logging_mixin.py:109} INFO - [2022-01-21 21:04:05,854] {dagbag.py:500} INFO - Filling up the DagBag from /home/data-eginner/Documents/Soccer_Data/env/lib/python3.8/site-packages/airflow/example_dags/example_branch_datetime_operator.py
[2022-01-21 21:04:05,894] {processor.py:654} INFO - DAG(s) dict_keys(['example_branch_datetime_operator_2']) retrieved from /home/data-eginner/Documents/Soccer_Data/env/lib/python3.8/site-packages/airflow/example_dags/example_branch_datetime_operator.py
[2022-01-21 21:04:05,913] {logging_mixin.py:109} INFO - [2022-01-21 21:04:05,913] {dag.py:2396} INFO - Sync 1 DAGs
[2022-01-21 21:04:05,925] {logging_mixin.py:109} INFO - [2022-01-21 21:04:05,925] {dag.py:2935} INFO - Setting next_dagrun for example_branch_datetime_operator_2 to 2022-01-21 00:00:00+00:00
[2022-01-21 21:04:05,941] {processor.py:171} INFO - Processing /home/data-eginner/Documents/Soccer_Data/env/lib/python3.8/site-packages/airflow/example_dags/example_branch_datetime_operator.py took 0.112 seconds
[2022-01-21 21:04:45,556] {processor.py:163} INFO - Started process (PID=111845) to work on /home/data-eginner/Documents/Soccer_Data/env/lib/python3.8/site-packages/airflow/example_dags/example_branch_datetime_operator.py
[2022-01-21 21:04:45,561] {processor.py:642} INFO - Processing file /home/data-eginner/Documents/Soccer_Data/env/lib/python3.8/site-packages/airflow/example_dags/example_branch_datetime_operator.py for tasks to queue
[2022-01-21 21:04:45,563] {logging_mixin.py:109} INFO - [2022-01-21 21:04:45,562] {dagbag.py:500} INFO - Filling up the DagBag from /home/data-eginner/Documents/Soccer_Data/env/lib/python3.8/site-packages/airflow/example_dags/example_branch_datetime_operator.py
[2022-01-21 21:04:45,594] {processor.py:654} INFO - DAG(s) dict_keys(['example_branch_datetime_operator_2']) retrieved from /home/data-eginner/Documents/Soccer_Data/env/lib/python3.8/site-packages/airflow/example_dags/example_branch_datetime_operator.py
[2022-01-21 21:04:45,602] {logging_mixin.py:109} INFO - [2022-01-21 21:04:45,602] {dag.py:2396} INFO - Sync 1 DAGs
[2022-01-21 21:04:45,627] {logging_mixin.py:109} INFO - [2022-01-21 21:04:45,627] {dag.py:2935} INFO - Setting next_dagrun for example_branch_datetime_operator_2 to 2022-01-21 00:00:00+00:00
[2022-01-21 21:04:45,645] {processor.py:171} INFO - Processing /home/data-eginner/Documents/Soccer_Data/env/lib/python3.8/site-packages/airflow/example_dags/example_branch_datetime_operator.py took 0.097 seconds
[2022-01-21 21:05:23,566] {processor.py:163} INFO - Started process (PID=112041) to work on /home/data-eginner/Documents/Soccer_Data/env/lib/python3.8/site-packages/airflow/example_dags/example_branch_datetime_operator.py
[2022-01-21 21:05:23,580] {processor.py:642} INFO - Processing file /home/data-eginner/Documents/Soccer_Data/env/lib/python3.8/site-packages/airflow/example_dags/example_branch_datetime_operator.py for tasks to queue
[2022-01-21 21:05:23,581] {logging_mixin.py:109} INFO - [2022-01-21 21:05:23,580] {dagbag.py:500} INFO - Filling up the DagBag from /home/data-eginner/Documents/Soccer_Data/env/lib/python3.8/site-packages/airflow/example_dags/example_branch_datetime_operator.py
[2022-01-21 21:05:23,621] {processor.py:654} INFO - DAG(s) dict_keys(['example_branch_datetime_operator_2']) retrieved from /home/data-eginner/Documents/Soccer_Data/env/lib/python3.8/site-packages/airflow/example_dags/example_branch_datetime_operator.py
[2022-01-21 21:05:23,628] {logging_mixin.py:109} INFO - [2022-01-21 21:05:23,628] {dag.py:2396} INFO - Sync 1 DAGs
[2022-01-21 21:05:23,652] {logging_mixin.py:109} INFO - [2022-01-21 21:05:23,651] {dag.py:2935} INFO - Setting next_dagrun for example_branch_datetime_operator_2 to 2022-01-21 00:00:00+00:00
[2022-01-21 21:05:23,692] {processor.py:171} INFO - Processing /home/data-eginner/Documents/Soccer_Data/env/lib/python3.8/site-packages/airflow/example_dags/example_branch_datetime_operator.py took 0.128 seconds
[2022-01-21 21:06:02,538] {processor.py:163} INFO - Started process (PID=112235) to work on /home/data-eginner/Documents/Soccer_Data/env/lib/python3.8/site-packages/airflow/example_dags/example_branch_datetime_operator.py
[2022-01-21 21:06:02,541] {processor.py:642} INFO - Processing file /home/data-eginner/Documents/Soccer_Data/env/lib/python3.8/site-packages/airflow/example_dags/example_branch_datetime_operator.py for tasks to queue
[2022-01-21 21:06:02,541] {logging_mixin.py:109} INFO - [2022-01-21 21:06:02,541] {dagbag.py:500} INFO - Filling up the DagBag from /home/data-eginner/Documents/Soccer_Data/env/lib/python3.8/site-packages/airflow/example_dags/example_branch_datetime_operator.py
[2022-01-21 21:06:02,564] {processor.py:654} INFO - DAG(s) dict_keys(['example_branch_datetime_operator_2']) retrieved from /home/data-eginner/Documents/Soccer_Data/env/lib/python3.8/site-packages/airflow/example_dags/example_branch_datetime_operator.py
[2022-01-21 21:06:02,574] {logging_mixin.py:109} INFO - [2022-01-21 21:06:02,574] {dag.py:2396} INFO - Sync 1 DAGs
[2022-01-21 21:06:02,587] {logging_mixin.py:109} INFO - [2022-01-21 21:06:02,587] {dag.py:2935} INFO - Setting next_dagrun for example_branch_datetime_operator_2 to 2022-01-21 00:00:00+00:00
[2022-01-21 21:06:02,604] {processor.py:171} INFO - Processing /home/data-eginner/Documents/Soccer_Data/env/lib/python3.8/site-packages/airflow/example_dags/example_branch_datetime_operator.py took 0.071 seconds
[2022-01-21 21:06:37,905] {processor.py:163} INFO - Started process (PID=112428) to work on /home/data-eginner/Documents/Soccer_Data/env/lib/python3.8/site-packages/airflow/example_dags/example_branch_datetime_operator.py
[2022-01-21 21:06:37,911] {processor.py:642} INFO - Processing file /home/data-eginner/Documents/Soccer_Data/env/lib/python3.8/site-packages/airflow/example_dags/example_branch_datetime_operator.py for tasks to queue
[2022-01-21 21:06:37,912] {logging_mixin.py:109} INFO - [2022-01-21 21:06:37,912] {dagbag.py:500} INFO - Filling up the DagBag from /home/data-eginner/Documents/Soccer_Data/env/lib/python3.8/site-packages/airflow/example_dags/example_branch_datetime_operator.py
[2022-01-21 21:06:37,937] {processor.py:654} INFO - DAG(s) dict_keys(['example_branch_datetime_operator_2']) retrieved from /home/data-eginner/Documents/Soccer_Data/env/lib/python3.8/site-packages/airflow/example_dags/example_branch_datetime_operator.py
[2022-01-21 21:06:37,946] {logging_mixin.py:109} INFO - [2022-01-21 21:06:37,946] {dag.py:2396} INFO - Sync 1 DAGs
[2022-01-21 21:06:37,959] {logging_mixin.py:109} INFO - [2022-01-21 21:06:37,959] {dag.py:2935} INFO - Setting next_dagrun for example_branch_datetime_operator_2 to 2022-01-21 00:00:00+00:00
[2022-01-21 21:06:37,975] {processor.py:171} INFO - Processing /home/data-eginner/Documents/Soccer_Data/env/lib/python3.8/site-packages/airflow/example_dags/example_branch_datetime_operator.py took 0.080 seconds
[2022-01-21 21:07:26,827] {processor.py:163} INFO - Started process (PID=112672) to work on /home/data-eginner/Documents/Soccer_Data/env/lib/python3.8/site-packages/airflow/example_dags/example_branch_datetime_operator.py
[2022-01-21 21:07:26,829] {processor.py:642} INFO - Processing file /home/data-eginner/Documents/Soccer_Data/env/lib/python3.8/site-packages/airflow/example_dags/example_branch_datetime_operator.py for tasks to queue
[2022-01-21 21:07:26,830] {logging_mixin.py:109} INFO - [2022-01-21 21:07:26,830] {dagbag.py:500} INFO - Filling up the DagBag from /home/data-eginner/Documents/Soccer_Data/env/lib/python3.8/site-packages/airflow/example_dags/example_branch_datetime_operator.py
[2022-01-21 21:07:26,860] {processor.py:654} INFO - DAG(s) dict_keys(['example_branch_datetime_operator_2']) retrieved from /home/data-eginner/Documents/Soccer_Data/env/lib/python3.8/site-packages/airflow/example_dags/example_branch_datetime_operator.py
[2022-01-21 21:07:26,870] {logging_mixin.py:109} INFO - [2022-01-21 21:07:26,867] {dag.py:2396} INFO - Sync 1 DAGs
[2022-01-21 21:07:26,883] {logging_mixin.py:109} INFO - [2022-01-21 21:07:26,883] {dag.py:2935} INFO - Setting next_dagrun for example_branch_datetime_operator_2 to 2022-01-21 00:00:00+00:00
[2022-01-21 21:07:26,898] {processor.py:171} INFO - Processing /home/data-eginner/Documents/Soccer_Data/env/lib/python3.8/site-packages/airflow/example_dags/example_branch_datetime_operator.py took 0.073 seconds
