[2022-01-21 21:00:11,328] {processor.py:163} INFO - Started process (PID=110490) to work on /home/data-eginner/Documents/Soccer_Data/env/lib/python3.8/site-packages/airflow/example_dags/example_branch_python_dop_operator_3.py
[2022-01-21 21:00:11,341] {processor.py:642} INFO - Processing file /home/data-eginner/Documents/Soccer_Data/env/lib/python3.8/site-packages/airflow/example_dags/example_branch_python_dop_operator_3.py for tasks to queue
[2022-01-21 21:00:11,342] {logging_mixin.py:109} INFO - [2022-01-21 21:00:11,342] {dagbag.py:500} INFO - Filling up the DagBag from /home/data-eginner/Documents/Soccer_Data/env/lib/python3.8/site-packages/airflow/example_dags/example_branch_python_dop_operator_3.py
[2022-01-21 21:00:11,467] {processor.py:654} INFO - DAG(s) dict_keys(['example_branch_dop_operator_v3']) retrieved from /home/data-eginner/Documents/Soccer_Data/env/lib/python3.8/site-packages/airflow/example_dags/example_branch_python_dop_operator_3.py
[2022-01-21 21:00:11,508] {logging_mixin.py:109} INFO - [2022-01-21 21:00:11,508] {dag.py:2396} INFO - Sync 1 DAGs
[2022-01-21 21:00:11,549] {logging_mixin.py:109} INFO - [2022-01-21 21:00:11,548] {dag.py:2935} INFO - Setting next_dagrun for example_branch_dop_operator_v3 to 2022-01-21T23:59:00+00:00
[2022-01-21 21:00:11,571] {processor.py:171} INFO - Processing /home/data-eginner/Documents/Soccer_Data/env/lib/python3.8/site-packages/airflow/example_dags/example_branch_python_dop_operator_3.py took 0.277 seconds
[2022-01-21 21:01:14,362] {processor.py:163} INFO - Started process (PID=110814) to work on /home/data-eginner/Documents/Soccer_Data/env/lib/python3.8/site-packages/airflow/example_dags/example_branch_python_dop_operator_3.py
[2022-01-21 21:01:14,366] {processor.py:642} INFO - Processing file /home/data-eginner/Documents/Soccer_Data/env/lib/python3.8/site-packages/airflow/example_dags/example_branch_python_dop_operator_3.py for tasks to queue
[2022-01-21 21:01:14,367] {logging_mixin.py:109} INFO - [2022-01-21 21:01:14,367] {dagbag.py:500} INFO - Filling up the DagBag from /home/data-eginner/Documents/Soccer_Data/env/lib/python3.8/site-packages/airflow/example_dags/example_branch_python_dop_operator_3.py
[2022-01-21 21:01:14,392] {processor.py:654} INFO - DAG(s) dict_keys(['example_branch_dop_operator_v3']) retrieved from /home/data-eginner/Documents/Soccer_Data/env/lib/python3.8/site-packages/airflow/example_dags/example_branch_python_dop_operator_3.py
[2022-01-21 21:01:14,401] {logging_mixin.py:109} INFO - [2022-01-21 21:01:14,401] {dag.py:2396} INFO - Sync 1 DAGs
[2022-01-21 21:01:14,414] {logging_mixin.py:109} INFO - [2022-01-21 21:01:14,414] {dag.py:2935} INFO - Setting next_dagrun for example_branch_dop_operator_v3 to 2022-01-22T00:00:00+00:00
[2022-01-21 21:01:14,432] {processor.py:171} INFO - Processing /home/data-eginner/Documents/Soccer_Data/env/lib/python3.8/site-packages/airflow/example_dags/example_branch_python_dop_operator_3.py took 0.075 seconds
[2022-01-21 21:02:12,492] {processor.py:163} INFO - Started process (PID=111088) to work on /home/data-eginner/Documents/Soccer_Data/env/lib/python3.8/site-packages/airflow/example_dags/example_branch_python_dop_operator_3.py
[2022-01-21 21:02:12,509] {processor.py:642} INFO - Processing file /home/data-eginner/Documents/Soccer_Data/env/lib/python3.8/site-packages/airflow/example_dags/example_branch_python_dop_operator_3.py for tasks to queue
[2022-01-21 21:02:12,510] {logging_mixin.py:109} INFO - [2022-01-21 21:02:12,509] {dagbag.py:500} INFO - Filling up the DagBag from /home/data-eginner/Documents/Soccer_Data/env/lib/python3.8/site-packages/airflow/example_dags/example_branch_python_dop_operator_3.py
[2022-01-21 21:02:12,587] {processor.py:654} INFO - DAG(s) dict_keys(['example_branch_dop_operator_v3']) retrieved from /home/data-eginner/Documents/Soccer_Data/env/lib/python3.8/site-packages/airflow/example_dags/example_branch_python_dop_operator_3.py
[2022-01-21 21:02:12,620] {logging_mixin.py:109} INFO - [2022-01-21 21:02:12,620] {dag.py:2396} INFO - Sync 1 DAGs
[2022-01-21 21:02:12,681] {logging_mixin.py:109} INFO - [2022-01-21 21:02:12,681] {dag.py:2935} INFO - Setting next_dagrun for example_branch_dop_operator_v3 to 2022-01-22T00:01:00+00:00
[2022-01-21 21:02:12,736] {processor.py:171} INFO - Processing /home/data-eginner/Documents/Soccer_Data/env/lib/python3.8/site-packages/airflow/example_dags/example_branch_python_dop_operator_3.py took 0.247 seconds
[2022-01-21 21:03:15,483] {processor.py:163} INFO - Started process (PID=111371) to work on /home/data-eginner/Documents/Soccer_Data/env/lib/python3.8/site-packages/airflow/example_dags/example_branch_python_dop_operator_3.py
[2022-01-21 21:03:15,485] {processor.py:642} INFO - Processing file /home/data-eginner/Documents/Soccer_Data/env/lib/python3.8/site-packages/airflow/example_dags/example_branch_python_dop_operator_3.py for tasks to queue
[2022-01-21 21:03:15,486] {logging_mixin.py:109} INFO - [2022-01-21 21:03:15,486] {dagbag.py:500} INFO - Filling up the DagBag from /home/data-eginner/Documents/Soccer_Data/env/lib/python3.8/site-packages/airflow/example_dags/example_branch_python_dop_operator_3.py
[2022-01-21 21:03:15,534] {processor.py:654} INFO - DAG(s) dict_keys(['example_branch_dop_operator_v3']) retrieved from /home/data-eginner/Documents/Soccer_Data/env/lib/python3.8/site-packages/airflow/example_dags/example_branch_python_dop_operator_3.py
[2022-01-21 21:03:15,555] {logging_mixin.py:109} INFO - [2022-01-21 21:03:15,555] {dag.py:2396} INFO - Sync 1 DAGs
[2022-01-21 21:03:15,631] {logging_mixin.py:109} INFO - [2022-01-21 21:03:15,631] {dag.py:2935} INFO - Setting next_dagrun for example_branch_dop_operator_v3 to 2022-01-22T00:02:00+00:00
[2022-01-21 21:03:15,790] {processor.py:171} INFO - Processing /home/data-eginner/Documents/Soccer_Data/env/lib/python3.8/site-packages/airflow/example_dags/example_branch_python_dop_operator_3.py took 0.313 seconds
[2022-01-21 21:03:56,792] {processor.py:163} INFO - Started process (PID=111582) to work on /home/data-eginner/Documents/Soccer_Data/env/lib/python3.8/site-packages/airflow/example_dags/example_branch_python_dop_operator_3.py
[2022-01-21 21:03:56,810] {processor.py:642} INFO - Processing file /home/data-eginner/Documents/Soccer_Data/env/lib/python3.8/site-packages/airflow/example_dags/example_branch_python_dop_operator_3.py for tasks to queue
[2022-01-21 21:03:56,810] {logging_mixin.py:109} INFO - [2022-01-21 21:03:56,810] {dagbag.py:500} INFO - Filling up the DagBag from /home/data-eginner/Documents/Soccer_Data/env/lib/python3.8/site-packages/airflow/example_dags/example_branch_python_dop_operator_3.py
[2022-01-21 21:03:56,845] {processor.py:654} INFO - DAG(s) dict_keys(['example_branch_dop_operator_v3']) retrieved from /home/data-eginner/Documents/Soccer_Data/env/lib/python3.8/site-packages/airflow/example_dags/example_branch_python_dop_operator_3.py
[2022-01-21 21:03:56,865] {logging_mixin.py:109} INFO - [2022-01-21 21:03:56,864] {dag.py:2396} INFO - Sync 1 DAGs
[2022-01-21 21:03:56,890] {logging_mixin.py:109} INFO - [2022-01-21 21:03:56,890] {dag.py:2935} INFO - Setting next_dagrun for example_branch_dop_operator_v3 to 2022-01-22T00:02:00+00:00
[2022-01-21 21:03:56,910] {processor.py:171} INFO - Processing /home/data-eginner/Documents/Soccer_Data/env/lib/python3.8/site-packages/airflow/example_dags/example_branch_python_dop_operator_3.py took 0.121 seconds
[2022-01-21 21:04:37,728] {processor.py:163} INFO - Started process (PID=111802) to work on /home/data-eginner/Documents/Soccer_Data/env/lib/python3.8/site-packages/airflow/example_dags/example_branch_python_dop_operator_3.py
[2022-01-21 21:04:37,731] {processor.py:642} INFO - Processing file /home/data-eginner/Documents/Soccer_Data/env/lib/python3.8/site-packages/airflow/example_dags/example_branch_python_dop_operator_3.py for tasks to queue
[2022-01-21 21:04:37,732] {logging_mixin.py:109} INFO - [2022-01-21 21:04:37,732] {dagbag.py:500} INFO - Filling up the DagBag from /home/data-eginner/Documents/Soccer_Data/env/lib/python3.8/site-packages/airflow/example_dags/example_branch_python_dop_operator_3.py
[2022-01-21 21:04:37,757] {processor.py:654} INFO - DAG(s) dict_keys(['example_branch_dop_operator_v3']) retrieved from /home/data-eginner/Documents/Soccer_Data/env/lib/python3.8/site-packages/airflow/example_dags/example_branch_python_dop_operator_3.py
[2022-01-21 21:04:37,764] {logging_mixin.py:109} INFO - [2022-01-21 21:04:37,764] {dag.py:2396} INFO - Sync 1 DAGs
[2022-01-21 21:04:37,779] {logging_mixin.py:109} INFO - [2022-01-21 21:04:37,779] {dag.py:2935} INFO - Setting next_dagrun for example_branch_dop_operator_v3 to 2022-01-22T00:03:00+00:00
[2022-01-21 21:04:37,795] {processor.py:171} INFO - Processing /home/data-eginner/Documents/Soccer_Data/env/lib/python3.8/site-packages/airflow/example_dags/example_branch_python_dop_operator_3.py took 0.071 seconds
[2022-01-21 21:05:15,279] {processor.py:163} INFO - Started process (PID=111997) to work on /home/data-eginner/Documents/Soccer_Data/env/lib/python3.8/site-packages/airflow/example_dags/example_branch_python_dop_operator_3.py
[2022-01-21 21:05:15,282] {processor.py:642} INFO - Processing file /home/data-eginner/Documents/Soccer_Data/env/lib/python3.8/site-packages/airflow/example_dags/example_branch_python_dop_operator_3.py for tasks to queue
[2022-01-21 21:05:15,283] {logging_mixin.py:109} INFO - [2022-01-21 21:05:15,283] {dagbag.py:500} INFO - Filling up the DagBag from /home/data-eginner/Documents/Soccer_Data/env/lib/python3.8/site-packages/airflow/example_dags/example_branch_python_dop_operator_3.py
[2022-01-21 21:05:15,313] {processor.py:654} INFO - DAG(s) dict_keys(['example_branch_dop_operator_v3']) retrieved from /home/data-eginner/Documents/Soccer_Data/env/lib/python3.8/site-packages/airflow/example_dags/example_branch_python_dop_operator_3.py
[2022-01-21 21:05:15,322] {logging_mixin.py:109} INFO - [2022-01-21 21:05:15,322] {dag.py:2396} INFO - Sync 1 DAGs
[2022-01-21 21:05:15,336] {logging_mixin.py:109} INFO - [2022-01-21 21:05:15,336] {dag.py:2935} INFO - Setting next_dagrun for example_branch_dop_operator_v3 to 2022-01-22T00:04:00+00:00
[2022-01-21 21:05:15,395] {processor.py:171} INFO - Processing /home/data-eginner/Documents/Soccer_Data/env/lib/python3.8/site-packages/airflow/example_dags/example_branch_python_dop_operator_3.py took 0.122 seconds
[2022-01-21 21:05:52,486] {processor.py:163} INFO - Started process (PID=112187) to work on /home/data-eginner/Documents/Soccer_Data/env/lib/python3.8/site-packages/airflow/example_dags/example_branch_python_dop_operator_3.py
[2022-01-21 21:05:52,492] {processor.py:642} INFO - Processing file /home/data-eginner/Documents/Soccer_Data/env/lib/python3.8/site-packages/airflow/example_dags/example_branch_python_dop_operator_3.py for tasks to queue
[2022-01-21 21:05:52,493] {logging_mixin.py:109} INFO - [2022-01-21 21:05:52,493] {dagbag.py:500} INFO - Filling up the DagBag from /home/data-eginner/Documents/Soccer_Data/env/lib/python3.8/site-packages/airflow/example_dags/example_branch_python_dop_operator_3.py
[2022-01-21 21:05:52,516] {processor.py:654} INFO - DAG(s) dict_keys(['example_branch_dop_operator_v3']) retrieved from /home/data-eginner/Documents/Soccer_Data/env/lib/python3.8/site-packages/airflow/example_dags/example_branch_python_dop_operator_3.py
[2022-01-21 21:05:52,525] {logging_mixin.py:109} INFO - [2022-01-21 21:05:52,525] {dag.py:2396} INFO - Sync 1 DAGs
[2022-01-21 21:05:52,539] {logging_mixin.py:109} INFO - [2022-01-21 21:05:52,539] {dag.py:2935} INFO - Setting next_dagrun for example_branch_dop_operator_v3 to 2022-01-22T00:04:00+00:00
[2022-01-21 21:05:52,553] {processor.py:171} INFO - Processing /home/data-eginner/Documents/Soccer_Data/env/lib/python3.8/site-packages/airflow/example_dags/example_branch_python_dop_operator_3.py took 0.070 seconds
[2022-01-21 21:06:29,921] {processor.py:163} INFO - Started process (PID=112385) to work on /home/data-eginner/Documents/Soccer_Data/env/lib/python3.8/site-packages/airflow/example_dags/example_branch_python_dop_operator_3.py
[2022-01-21 21:06:29,927] {processor.py:642} INFO - Processing file /home/data-eginner/Documents/Soccer_Data/env/lib/python3.8/site-packages/airflow/example_dags/example_branch_python_dop_operator_3.py for tasks to queue
[2022-01-21 21:06:29,930] {logging_mixin.py:109} INFO - [2022-01-21 21:06:29,929] {dagbag.py:500} INFO - Filling up the DagBag from /home/data-eginner/Documents/Soccer_Data/env/lib/python3.8/site-packages/airflow/example_dags/example_branch_python_dop_operator_3.py
[2022-01-21 21:06:29,957] {processor.py:654} INFO - DAG(s) dict_keys(['example_branch_dop_operator_v3']) retrieved from /home/data-eginner/Documents/Soccer_Data/env/lib/python3.8/site-packages/airflow/example_dags/example_branch_python_dop_operator_3.py
[2022-01-21 21:06:29,965] {logging_mixin.py:109} INFO - [2022-01-21 21:06:29,964] {dag.py:2396} INFO - Sync 1 DAGs
[2022-01-21 21:06:29,979] {logging_mixin.py:109} INFO - [2022-01-21 21:06:29,978] {dag.py:2935} INFO - Setting next_dagrun for example_branch_dop_operator_v3 to 2022-01-22T00:05:00+00:00
[2022-01-21 21:06:30,018] {processor.py:171} INFO - Processing /home/data-eginner/Documents/Soccer_Data/env/lib/python3.8/site-packages/airflow/example_dags/example_branch_python_dop_operator_3.py took 0.103 seconds
[2022-01-21 21:07:07,724] {processor.py:163} INFO - Started process (PID=112581) to work on /home/data-eginner/Documents/Soccer_Data/env/lib/python3.8/site-packages/airflow/example_dags/example_branch_python_dop_operator_3.py
[2022-01-21 21:07:07,726] {processor.py:642} INFO - Processing file /home/data-eginner/Documents/Soccer_Data/env/lib/python3.8/site-packages/airflow/example_dags/example_branch_python_dop_operator_3.py for tasks to queue
[2022-01-21 21:07:07,727] {logging_mixin.py:109} INFO - [2022-01-21 21:07:07,727] {dagbag.py:500} INFO - Filling up the DagBag from /home/data-eginner/Documents/Soccer_Data/env/lib/python3.8/site-packages/airflow/example_dags/example_branch_python_dop_operator_3.py
[2022-01-21 21:07:07,777] {processor.py:654} INFO - DAG(s) dict_keys(['example_branch_dop_operator_v3']) retrieved from /home/data-eginner/Documents/Soccer_Data/env/lib/python3.8/site-packages/airflow/example_dags/example_branch_python_dop_operator_3.py
[2022-01-21 21:07:07,786] {logging_mixin.py:109} INFO - [2022-01-21 21:07:07,786] {dag.py:2396} INFO - Sync 1 DAGs
[2022-01-21 21:07:07,811] {logging_mixin.py:109} INFO - [2022-01-21 21:07:07,811] {dag.py:2935} INFO - Setting next_dagrun for example_branch_dop_operator_v3 to 2022-01-22T00:06:00+00:00
[2022-01-21 21:07:07,857] {processor.py:171} INFO - Processing /home/data-eginner/Documents/Soccer_Data/env/lib/python3.8/site-packages/airflow/example_dags/example_branch_python_dop_operator_3.py took 0.142 seconds
[2022-01-21 21:07:42,097] {processor.py:163} INFO - Started process (PID=112753) to work on /home/data-eginner/Documents/Soccer_Data/env/lib/python3.8/site-packages/airflow/example_dags/example_branch_python_dop_operator_3.py
[2022-01-21 21:07:42,099] {processor.py:642} INFO - Processing file /home/data-eginner/Documents/Soccer_Data/env/lib/python3.8/site-packages/airflow/example_dags/example_branch_python_dop_operator_3.py for tasks to queue
[2022-01-21 21:07:42,101] {logging_mixin.py:109} INFO - [2022-01-21 21:07:42,101] {dagbag.py:500} INFO - Filling up the DagBag from /home/data-eginner/Documents/Soccer_Data/env/lib/python3.8/site-packages/airflow/example_dags/example_branch_python_dop_operator_3.py
[2022-01-21 21:07:42,126] {processor.py:654} INFO - DAG(s) dict_keys(['example_branch_dop_operator_v3']) retrieved from /home/data-eginner/Documents/Soccer_Data/env/lib/python3.8/site-packages/airflow/example_dags/example_branch_python_dop_operator_3.py
[2022-01-21 21:07:42,134] {logging_mixin.py:109} INFO - [2022-01-21 21:07:42,134] {dag.py:2396} INFO - Sync 1 DAGs
[2022-01-21 21:07:42,149] {logging_mixin.py:109} INFO - [2022-01-21 21:07:42,149] {dag.py:2935} INFO - Setting next_dagrun for example_branch_dop_operator_v3 to 2022-01-22T00:06:00+00:00
[2022-01-21 21:07:42,166] {processor.py:171} INFO - Processing /home/data-eginner/Documents/Soccer_Data/env/lib/python3.8/site-packages/airflow/example_dags/example_branch_python_dop_operator_3.py took 0.073 seconds
