[2022-01-21 21:00:36,651] {processor.py:163} INFO - Started process (PID=110637) to work on /home/data-eginner/Documents/Soccer_Data/env/lib/python3.8/site-packages/airflow/example_dags/example_task_group.py
[2022-01-21 21:00:36,652] {processor.py:642} INFO - Processing file /home/data-eginner/Documents/Soccer_Data/env/lib/python3.8/site-packages/airflow/example_dags/example_task_group.py for tasks to queue
[2022-01-21 21:00:36,653] {logging_mixin.py:109} INFO - [2022-01-21 21:00:36,653] {dagbag.py:500} INFO - Filling up the DagBag from /home/data-eginner/Documents/Soccer_Data/env/lib/python3.8/site-packages/airflow/example_dags/example_task_group.py
[2022-01-21 21:00:36,813] {processor.py:654} INFO - DAG(s) dict_keys(['example_task_group']) retrieved from /home/data-eginner/Documents/Soccer_Data/env/lib/python3.8/site-packages/airflow/example_dags/example_task_group.py
[2022-01-21 21:00:36,867] {logging_mixin.py:109} INFO - [2022-01-21 21:00:36,867] {dag.py:2396} INFO - Sync 1 DAGs
[2022-01-21 21:00:36,931] {logging_mixin.py:109} INFO - [2022-01-21 21:00:36,930] {dag.py:2935} INFO - Setting next_dagrun for example_task_group to 2022-01-21T00:00:36.930609+00:00
[2022-01-21 21:00:36,965] {processor.py:171} INFO - Processing /home/data-eginner/Documents/Soccer_Data/env/lib/python3.8/site-packages/airflow/example_dags/example_task_group.py took 0.317 seconds
[2022-01-21 21:01:32,825] {processor.py:163} INFO - Started process (PID=110904) to work on /home/data-eginner/Documents/Soccer_Data/env/lib/python3.8/site-packages/airflow/example_dags/example_task_group.py
[2022-01-21 21:01:32,831] {processor.py:642} INFO - Processing file /home/data-eginner/Documents/Soccer_Data/env/lib/python3.8/site-packages/airflow/example_dags/example_task_group.py for tasks to queue
[2022-01-21 21:01:32,832] {logging_mixin.py:109} INFO - [2022-01-21 21:01:32,832] {dagbag.py:500} INFO - Filling up the DagBag from /home/data-eginner/Documents/Soccer_Data/env/lib/python3.8/site-packages/airflow/example_dags/example_task_group.py
[2022-01-21 21:01:32,890] {processor.py:654} INFO - DAG(s) dict_keys(['example_task_group']) retrieved from /home/data-eginner/Documents/Soccer_Data/env/lib/python3.8/site-packages/airflow/example_dags/example_task_group.py
[2022-01-21 21:01:32,906] {logging_mixin.py:109} INFO - [2022-01-21 21:01:32,906] {dag.py:2396} INFO - Sync 1 DAGs
[2022-01-21 21:01:32,925] {logging_mixin.py:109} INFO - [2022-01-21 21:01:32,925] {dag.py:2935} INFO - Setting next_dagrun for example_task_group to 2022-01-21T00:01:32.925309+00:00
[2022-01-21 21:01:32,952] {processor.py:171} INFO - Processing /home/data-eginner/Documents/Soccer_Data/env/lib/python3.8/site-packages/airflow/example_dags/example_task_group.py took 0.134 seconds
[2022-01-21 21:02:29,279] {processor.py:163} INFO - Started process (PID=111175) to work on /home/data-eginner/Documents/Soccer_Data/env/lib/python3.8/site-packages/airflow/example_dags/example_task_group.py
[2022-01-21 21:02:29,286] {processor.py:642} INFO - Processing file /home/data-eginner/Documents/Soccer_Data/env/lib/python3.8/site-packages/airflow/example_dags/example_task_group.py for tasks to queue
[2022-01-21 21:02:29,286] {logging_mixin.py:109} INFO - [2022-01-21 21:02:29,286] {dagbag.py:500} INFO - Filling up the DagBag from /home/data-eginner/Documents/Soccer_Data/env/lib/python3.8/site-packages/airflow/example_dags/example_task_group.py
[2022-01-21 21:02:29,368] {processor.py:654} INFO - DAG(s) dict_keys(['example_task_group']) retrieved from /home/data-eginner/Documents/Soccer_Data/env/lib/python3.8/site-packages/airflow/example_dags/example_task_group.py
[2022-01-21 21:02:29,387] {logging_mixin.py:109} INFO - [2022-01-21 21:02:29,386] {dag.py:2396} INFO - Sync 1 DAGs
[2022-01-21 21:02:29,415] {logging_mixin.py:109} INFO - [2022-01-21 21:02:29,415] {dag.py:2935} INFO - Setting next_dagrun for example_task_group to 2022-01-21T00:02:29.415454+00:00
[2022-01-21 21:02:29,481] {processor.py:171} INFO - Processing /home/data-eginner/Documents/Soccer_Data/env/lib/python3.8/site-packages/airflow/example_dags/example_task_group.py took 0.215 seconds
[2022-01-21 21:03:26,034] {processor.py:163} INFO - Started process (PID=111428) to work on /home/data-eginner/Documents/Soccer_Data/env/lib/python3.8/site-packages/airflow/example_dags/example_task_group.py
[2022-01-21 21:03:26,048] {processor.py:642} INFO - Processing file /home/data-eginner/Documents/Soccer_Data/env/lib/python3.8/site-packages/airflow/example_dags/example_task_group.py for tasks to queue
[2022-01-21 21:03:26,049] {logging_mixin.py:109} INFO - [2022-01-21 21:03:26,049] {dagbag.py:500} INFO - Filling up the DagBag from /home/data-eginner/Documents/Soccer_Data/env/lib/python3.8/site-packages/airflow/example_dags/example_task_group.py
[2022-01-21 21:03:26,094] {processor.py:654} INFO - DAG(s) dict_keys(['example_task_group']) retrieved from /home/data-eginner/Documents/Soccer_Data/env/lib/python3.8/site-packages/airflow/example_dags/example_task_group.py
[2022-01-21 21:03:26,106] {logging_mixin.py:109} INFO - [2022-01-21 21:03:26,106] {dag.py:2396} INFO - Sync 1 DAGs
[2022-01-21 21:03:26,128] {logging_mixin.py:109} INFO - [2022-01-21 21:03:26,128] {dag.py:2935} INFO - Setting next_dagrun for example_task_group to 2022-01-21T00:03:26.127939+00:00
[2022-01-21 21:03:26,164] {processor.py:171} INFO - Processing /home/data-eginner/Documents/Soccer_Data/env/lib/python3.8/site-packages/airflow/example_dags/example_task_group.py took 0.132 seconds
[2022-01-21 21:04:07,020] {processor.py:163} INFO - Started process (PID=111637) to work on /home/data-eginner/Documents/Soccer_Data/env/lib/python3.8/site-packages/airflow/example_dags/example_task_group.py
[2022-01-21 21:04:07,022] {processor.py:642} INFO - Processing file /home/data-eginner/Documents/Soccer_Data/env/lib/python3.8/site-packages/airflow/example_dags/example_task_group.py for tasks to queue
[2022-01-21 21:04:07,023] {logging_mixin.py:109} INFO - [2022-01-21 21:04:07,023] {dagbag.py:500} INFO - Filling up the DagBag from /home/data-eginner/Documents/Soccer_Data/env/lib/python3.8/site-packages/airflow/example_dags/example_task_group.py
[2022-01-21 21:04:07,044] {processor.py:654} INFO - DAG(s) dict_keys(['example_task_group']) retrieved from /home/data-eginner/Documents/Soccer_Data/env/lib/python3.8/site-packages/airflow/example_dags/example_task_group.py
[2022-01-21 21:04:07,056] {logging_mixin.py:109} INFO - [2022-01-21 21:04:07,056] {dag.py:2396} INFO - Sync 1 DAGs
[2022-01-21 21:04:07,067] {logging_mixin.py:109} INFO - [2022-01-21 21:04:07,067] {dag.py:2935} INFO - Setting next_dagrun for example_task_group to 2022-01-21T00:04:07.067039+00:00
[2022-01-21 21:04:07,083] {processor.py:171} INFO - Processing /home/data-eginner/Documents/Soccer_Data/env/lib/python3.8/site-packages/airflow/example_dags/example_task_group.py took 0.069 seconds
[2022-01-21 21:04:46,833] {processor.py:163} INFO - Started process (PID=111851) to work on /home/data-eginner/Documents/Soccer_Data/env/lib/python3.8/site-packages/airflow/example_dags/example_task_group.py
[2022-01-21 21:04:46,837] {processor.py:642} INFO - Processing file /home/data-eginner/Documents/Soccer_Data/env/lib/python3.8/site-packages/airflow/example_dags/example_task_group.py for tasks to queue
[2022-01-21 21:04:46,837] {logging_mixin.py:109} INFO - [2022-01-21 21:04:46,837] {dagbag.py:500} INFO - Filling up the DagBag from /home/data-eginner/Documents/Soccer_Data/env/lib/python3.8/site-packages/airflow/example_dags/example_task_group.py
[2022-01-21 21:04:46,862] {processor.py:654} INFO - DAG(s) dict_keys(['example_task_group']) retrieved from /home/data-eginner/Documents/Soccer_Data/env/lib/python3.8/site-packages/airflow/example_dags/example_task_group.py
[2022-01-21 21:04:46,871] {logging_mixin.py:109} INFO - [2022-01-21 21:04:46,871] {dag.py:2396} INFO - Sync 1 DAGs
[2022-01-21 21:04:46,884] {logging_mixin.py:109} INFO - [2022-01-21 21:04:46,883] {dag.py:2935} INFO - Setting next_dagrun for example_task_group to 2022-01-21T00:04:46.883628+00:00
[2022-01-21 21:04:47,188] {processor.py:171} INFO - Processing /home/data-eginner/Documents/Soccer_Data/env/lib/python3.8/site-packages/airflow/example_dags/example_task_group.py took 0.360 seconds
[2022-01-21 21:05:29,648] {processor.py:163} INFO - Started process (PID=112067) to work on /home/data-eginner/Documents/Soccer_Data/env/lib/python3.8/site-packages/airflow/example_dags/example_task_group.py
[2022-01-21 21:05:29,655] {processor.py:642} INFO - Processing file /home/data-eginner/Documents/Soccer_Data/env/lib/python3.8/site-packages/airflow/example_dags/example_task_group.py for tasks to queue
[2022-01-21 21:05:29,656] {logging_mixin.py:109} INFO - [2022-01-21 21:05:29,656] {dagbag.py:500} INFO - Filling up the DagBag from /home/data-eginner/Documents/Soccer_Data/env/lib/python3.8/site-packages/airflow/example_dags/example_task_group.py
[2022-01-21 21:05:29,711] {processor.py:654} INFO - DAG(s) dict_keys(['example_task_group']) retrieved from /home/data-eginner/Documents/Soccer_Data/env/lib/python3.8/site-packages/airflow/example_dags/example_task_group.py
[2022-01-21 21:05:29,723] {logging_mixin.py:109} INFO - [2022-01-21 21:05:29,723] {dag.py:2396} INFO - Sync 1 DAGs
[2022-01-21 21:05:29,737] {logging_mixin.py:109} INFO - [2022-01-21 21:05:29,737] {dag.py:2935} INFO - Setting next_dagrun for example_task_group to 2022-01-21T00:05:29.737438+00:00
[2022-01-21 21:05:29,754] {processor.py:171} INFO - Processing /home/data-eginner/Documents/Soccer_Data/env/lib/python3.8/site-packages/airflow/example_dags/example_task_group.py took 0.113 seconds
[2022-01-21 21:06:08,757] {processor.py:163} INFO - Started process (PID=112271) to work on /home/data-eginner/Documents/Soccer_Data/env/lib/python3.8/site-packages/airflow/example_dags/example_task_group.py
[2022-01-21 21:06:08,773] {processor.py:642} INFO - Processing file /home/data-eginner/Documents/Soccer_Data/env/lib/python3.8/site-packages/airflow/example_dags/example_task_group.py for tasks to queue
[2022-01-21 21:06:08,774] {logging_mixin.py:109} INFO - [2022-01-21 21:06:08,774] {dagbag.py:500} INFO - Filling up the DagBag from /home/data-eginner/Documents/Soccer_Data/env/lib/python3.8/site-packages/airflow/example_dags/example_task_group.py
[2022-01-21 21:06:08,840] {processor.py:654} INFO - DAG(s) dict_keys(['example_task_group']) retrieved from /home/data-eginner/Documents/Soccer_Data/env/lib/python3.8/site-packages/airflow/example_dags/example_task_group.py
[2022-01-21 21:06:08,856] {logging_mixin.py:109} INFO - [2022-01-21 21:06:08,856] {dag.py:2396} INFO - Sync 1 DAGs
[2022-01-21 21:06:08,870] {logging_mixin.py:109} INFO - [2022-01-21 21:06:08,870] {dag.py:2935} INFO - Setting next_dagrun for example_task_group to 2022-01-21T00:06:08.870227+00:00
[2022-01-21 21:06:08,885] {processor.py:171} INFO - Processing /home/data-eginner/Documents/Soccer_Data/env/lib/python3.8/site-packages/airflow/example_dags/example_task_group.py took 0.147 seconds
[2022-01-21 21:06:45,910] {processor.py:163} INFO - Started process (PID=112464) to work on /home/data-eginner/Documents/Soccer_Data/env/lib/python3.8/site-packages/airflow/example_dags/example_task_group.py
[2022-01-21 21:06:45,929] {processor.py:642} INFO - Processing file /home/data-eginner/Documents/Soccer_Data/env/lib/python3.8/site-packages/airflow/example_dags/example_task_group.py for tasks to queue
[2022-01-21 21:06:45,930] {logging_mixin.py:109} INFO - [2022-01-21 21:06:45,930] {dagbag.py:500} INFO - Filling up the DagBag from /home/data-eginner/Documents/Soccer_Data/env/lib/python3.8/site-packages/airflow/example_dags/example_task_group.py
[2022-01-21 21:06:45,951] {processor.py:654} INFO - DAG(s) dict_keys(['example_task_group']) retrieved from /home/data-eginner/Documents/Soccer_Data/env/lib/python3.8/site-packages/airflow/example_dags/example_task_group.py
[2022-01-21 21:06:45,962] {logging_mixin.py:109} INFO - [2022-01-21 21:06:45,962] {dag.py:2396} INFO - Sync 1 DAGs
[2022-01-21 21:06:45,973] {logging_mixin.py:109} INFO - [2022-01-21 21:06:45,973] {dag.py:2935} INFO - Setting next_dagrun for example_task_group to 2022-01-21T00:06:45.973439+00:00
[2022-01-21 21:06:45,990] {processor.py:171} INFO - Processing /home/data-eginner/Documents/Soccer_Data/env/lib/python3.8/site-packages/airflow/example_dags/example_task_group.py took 0.086 seconds
[2022-01-21 21:07:35,299] {processor.py:163} INFO - Started process (PID=112716) to work on /home/data-eginner/Documents/Soccer_Data/env/lib/python3.8/site-packages/airflow/example_dags/example_task_group.py
[2022-01-21 21:07:35,310] {processor.py:642} INFO - Processing file /home/data-eginner/Documents/Soccer_Data/env/lib/python3.8/site-packages/airflow/example_dags/example_task_group.py for tasks to queue
[2022-01-21 21:07:35,311] {logging_mixin.py:109} INFO - [2022-01-21 21:07:35,311] {dagbag.py:500} INFO - Filling up the DagBag from /home/data-eginner/Documents/Soccer_Data/env/lib/python3.8/site-packages/airflow/example_dags/example_task_group.py
[2022-01-21 21:07:35,340] {processor.py:654} INFO - DAG(s) dict_keys(['example_task_group']) retrieved from /home/data-eginner/Documents/Soccer_Data/env/lib/python3.8/site-packages/airflow/example_dags/example_task_group.py
[2022-01-21 21:07:35,350] {logging_mixin.py:109} INFO - [2022-01-21 21:07:35,350] {dag.py:2396} INFO - Sync 1 DAGs
[2022-01-21 21:07:35,365] {logging_mixin.py:109} INFO - [2022-01-21 21:07:35,365] {dag.py:2935} INFO - Setting next_dagrun for example_task_group to 2022-01-21T00:07:35.365089+00:00
[2022-01-21 21:07:35,383] {processor.py:171} INFO - Processing /home/data-eginner/Documents/Soccer_Data/env/lib/python3.8/site-packages/airflow/example_dags/example_task_group.py took 0.088 seconds
