[2022-01-21 21:00:53,916] {processor.py:163} INFO - Started process (PID=110708) to work on /home/data-eginner/Documents/Soccer_Data/env/lib/python3.8/site-packages/airflow/example_dags/example_latest_only_with_trigger.py
[2022-01-21 21:00:53,917] {processor.py:642} INFO - Processing file /home/data-eginner/Documents/Soccer_Data/env/lib/python3.8/site-packages/airflow/example_dags/example_latest_only_with_trigger.py for tasks to queue
[2022-01-21 21:00:53,918] {logging_mixin.py:109} INFO - [2022-01-21 21:00:53,918] {dagbag.py:500} INFO - Filling up the DagBag from /home/data-eginner/Documents/Soccer_Data/env/lib/python3.8/site-packages/airflow/example_dags/example_latest_only_with_trigger.py
[2022-01-21 21:00:54,015] {processor.py:654} INFO - DAG(s) dict_keys(['latest_only_with_trigger']) retrieved from /home/data-eginner/Documents/Soccer_Data/env/lib/python3.8/site-packages/airflow/example_dags/example_latest_only_with_trigger.py
[2022-01-21 21:00:54,048] {logging_mixin.py:109} INFO - [2022-01-21 21:00:54,048] {dag.py:2396} INFO - Sync 1 DAGs
[2022-01-21 21:00:54,073] {logging_mixin.py:109} INFO - [2022-01-21 21:00:54,072] {dag.py:2935} INFO - Setting next_dagrun for latest_only_with_trigger to 2022-01-21T20:00:54.071686+00:00
[2022-01-21 21:00:54,116] {processor.py:171} INFO - Processing /home/data-eginner/Documents/Soccer_Data/env/lib/python3.8/site-packages/airflow/example_dags/example_latest_only_with_trigger.py took 0.202 seconds
[2022-01-21 21:01:49,813] {processor.py:163} INFO - Started process (PID=110959) to work on /home/data-eginner/Documents/Soccer_Data/env/lib/python3.8/site-packages/airflow/example_dags/example_latest_only_with_trigger.py
[2022-01-21 21:01:49,821] {processor.py:642} INFO - Processing file /home/data-eginner/Documents/Soccer_Data/env/lib/python3.8/site-packages/airflow/example_dags/example_latest_only_with_trigger.py for tasks to queue
[2022-01-21 21:01:49,822] {logging_mixin.py:109} INFO - [2022-01-21 21:01:49,821] {dagbag.py:500} INFO - Filling up the DagBag from /home/data-eginner/Documents/Soccer_Data/env/lib/python3.8/site-packages/airflow/example_dags/example_latest_only_with_trigger.py
[2022-01-21 21:01:49,849] {processor.py:654} INFO - DAG(s) dict_keys(['latest_only_with_trigger']) retrieved from /home/data-eginner/Documents/Soccer_Data/env/lib/python3.8/site-packages/airflow/example_dags/example_latest_only_with_trigger.py
[2022-01-21 21:01:49,867] {logging_mixin.py:109} INFO - [2022-01-21 21:01:49,866] {dag.py:2396} INFO - Sync 1 DAGs
[2022-01-21 21:01:49,900] {logging_mixin.py:109} INFO - [2022-01-21 21:01:49,900] {dag.py:2935} INFO - Setting next_dagrun for latest_only_with_trigger to 2022-01-21T20:01:49.900249+00:00
[2022-01-21 21:01:49,927] {processor.py:171} INFO - Processing /home/data-eginner/Documents/Soccer_Data/env/lib/python3.8/site-packages/airflow/example_dags/example_latest_only_with_trigger.py took 0.118 seconds
[2022-01-21 21:02:31,813] {processor.py:163} INFO - Started process (PID=111188) to work on /home/data-eginner/Documents/Soccer_Data/env/lib/python3.8/site-packages/airflow/example_dags/example_latest_only_with_trigger.py
[2022-01-21 21:02:31,816] {processor.py:642} INFO - Processing file /home/data-eginner/Documents/Soccer_Data/env/lib/python3.8/site-packages/airflow/example_dags/example_latest_only_with_trigger.py for tasks to queue
[2022-01-21 21:02:31,817] {logging_mixin.py:109} INFO - [2022-01-21 21:02:31,817] {dagbag.py:500} INFO - Filling up the DagBag from /home/data-eginner/Documents/Soccer_Data/env/lib/python3.8/site-packages/airflow/example_dags/example_latest_only_with_trigger.py
[2022-01-21 21:02:31,857] {processor.py:654} INFO - DAG(s) dict_keys(['latest_only_with_trigger']) retrieved from /home/data-eginner/Documents/Soccer_Data/env/lib/python3.8/site-packages/airflow/example_dags/example_latest_only_with_trigger.py
[2022-01-21 21:02:31,876] {logging_mixin.py:109} INFO - [2022-01-21 21:02:31,876] {dag.py:2396} INFO - Sync 1 DAGs
[2022-01-21 21:02:31,898] {logging_mixin.py:109} INFO - [2022-01-21 21:02:31,897] {dag.py:2935} INFO - Setting next_dagrun for latest_only_with_trigger to 2022-01-21T20:02:31.897677+00:00
[2022-01-21 21:02:31,928] {processor.py:171} INFO - Processing /home/data-eginner/Documents/Soccer_Data/env/lib/python3.8/site-packages/airflow/example_dags/example_latest_only_with_trigger.py took 0.117 seconds
[2022-01-21 21:03:28,690] {processor.py:163} INFO - Started process (PID=111440) to work on /home/data-eginner/Documents/Soccer_Data/env/lib/python3.8/site-packages/airflow/example_dags/example_latest_only_with_trigger.py
[2022-01-21 21:03:28,729] {processor.py:642} INFO - Processing file /home/data-eginner/Documents/Soccer_Data/env/lib/python3.8/site-packages/airflow/example_dags/example_latest_only_with_trigger.py for tasks to queue
[2022-01-21 21:03:28,730] {logging_mixin.py:109} INFO - [2022-01-21 21:03:28,730] {dagbag.py:500} INFO - Filling up the DagBag from /home/data-eginner/Documents/Soccer_Data/env/lib/python3.8/site-packages/airflow/example_dags/example_latest_only_with_trigger.py
[2022-01-21 21:03:28,816] {processor.py:654} INFO - DAG(s) dict_keys(['latest_only_with_trigger']) retrieved from /home/data-eginner/Documents/Soccer_Data/env/lib/python3.8/site-packages/airflow/example_dags/example_latest_only_with_trigger.py
[2022-01-21 21:03:28,851] {logging_mixin.py:109} INFO - [2022-01-21 21:03:28,850] {dag.py:2396} INFO - Sync 1 DAGs
[2022-01-21 21:03:28,884] {logging_mixin.py:109} INFO - [2022-01-21 21:03:28,883] {dag.py:2935} INFO - Setting next_dagrun for latest_only_with_trigger to 2022-01-21T20:03:28.883677+00:00
[2022-01-21 21:03:28,917] {processor.py:171} INFO - Processing /home/data-eginner/Documents/Soccer_Data/env/lib/python3.8/site-packages/airflow/example_dags/example_latest_only_with_trigger.py took 0.229 seconds
[2022-01-21 21:04:08,586] {processor.py:163} INFO - Started process (PID=111647) to work on /home/data-eginner/Documents/Soccer_Data/env/lib/python3.8/site-packages/airflow/example_dags/example_latest_only_with_trigger.py
[2022-01-21 21:04:08,589] {processor.py:642} INFO - Processing file /home/data-eginner/Documents/Soccer_Data/env/lib/python3.8/site-packages/airflow/example_dags/example_latest_only_with_trigger.py for tasks to queue
[2022-01-21 21:04:08,590] {logging_mixin.py:109} INFO - [2022-01-21 21:04:08,590] {dagbag.py:500} INFO - Filling up the DagBag from /home/data-eginner/Documents/Soccer_Data/env/lib/python3.8/site-packages/airflow/example_dags/example_latest_only_with_trigger.py
[2022-01-21 21:04:08,617] {processor.py:654} INFO - DAG(s) dict_keys(['latest_only_with_trigger']) retrieved from /home/data-eginner/Documents/Soccer_Data/env/lib/python3.8/site-packages/airflow/example_dags/example_latest_only_with_trigger.py
[2022-01-21 21:04:08,625] {logging_mixin.py:109} INFO - [2022-01-21 21:04:08,625] {dag.py:2396} INFO - Sync 1 DAGs
[2022-01-21 21:04:08,638] {logging_mixin.py:109} INFO - [2022-01-21 21:04:08,638] {dag.py:2935} INFO - Setting next_dagrun for latest_only_with_trigger to 2022-01-21T20:04:08.638304+00:00
[2022-01-21 21:04:08,655] {processor.py:171} INFO - Processing /home/data-eginner/Documents/Soccer_Data/env/lib/python3.8/site-packages/airflow/example_dags/example_latest_only_with_trigger.py took 0.073 seconds
[2022-01-21 21:04:49,575] {processor.py:163} INFO - Started process (PID=111864) to work on /home/data-eginner/Documents/Soccer_Data/env/lib/python3.8/site-packages/airflow/example_dags/example_latest_only_with_trigger.py
[2022-01-21 21:04:49,584] {processor.py:642} INFO - Processing file /home/data-eginner/Documents/Soccer_Data/env/lib/python3.8/site-packages/airflow/example_dags/example_latest_only_with_trigger.py for tasks to queue
[2022-01-21 21:04:49,586] {logging_mixin.py:109} INFO - [2022-01-21 21:04:49,586] {dagbag.py:500} INFO - Filling up the DagBag from /home/data-eginner/Documents/Soccer_Data/env/lib/python3.8/site-packages/airflow/example_dags/example_latest_only_with_trigger.py
[2022-01-21 21:04:49,628] {processor.py:654} INFO - DAG(s) dict_keys(['latest_only_with_trigger']) retrieved from /home/data-eginner/Documents/Soccer_Data/env/lib/python3.8/site-packages/airflow/example_dags/example_latest_only_with_trigger.py
[2022-01-21 21:04:49,637] {logging_mixin.py:109} INFO - [2022-01-21 21:04:49,637] {dag.py:2396} INFO - Sync 1 DAGs
[2022-01-21 21:04:49,650] {logging_mixin.py:109} INFO - [2022-01-21 21:04:49,650] {dag.py:2935} INFO - Setting next_dagrun for latest_only_with_trigger to 2022-01-21T20:04:49.649970+00:00
[2022-01-21 21:04:49,665] {processor.py:171} INFO - Processing /home/data-eginner/Documents/Soccer_Data/env/lib/python3.8/site-packages/airflow/example_dags/example_latest_only_with_trigger.py took 0.103 seconds
[2022-01-21 21:05:31,120] {processor.py:163} INFO - Started process (PID=112076) to work on /home/data-eginner/Documents/Soccer_Data/env/lib/python3.8/site-packages/airflow/example_dags/example_latest_only_with_trigger.py
[2022-01-21 21:05:31,122] {processor.py:642} INFO - Processing file /home/data-eginner/Documents/Soccer_Data/env/lib/python3.8/site-packages/airflow/example_dags/example_latest_only_with_trigger.py for tasks to queue
[2022-01-21 21:05:31,123] {logging_mixin.py:109} INFO - [2022-01-21 21:05:31,123] {dagbag.py:500} INFO - Filling up the DagBag from /home/data-eginner/Documents/Soccer_Data/env/lib/python3.8/site-packages/airflow/example_dags/example_latest_only_with_trigger.py
[2022-01-21 21:05:31,177] {processor.py:654} INFO - DAG(s) dict_keys(['latest_only_with_trigger']) retrieved from /home/data-eginner/Documents/Soccer_Data/env/lib/python3.8/site-packages/airflow/example_dags/example_latest_only_with_trigger.py
[2022-01-21 21:05:31,192] {logging_mixin.py:109} INFO - [2022-01-21 21:05:31,192] {dag.py:2396} INFO - Sync 1 DAGs
[2022-01-21 21:05:31,231] {logging_mixin.py:109} INFO - [2022-01-21 21:05:31,231] {dag.py:2935} INFO - Setting next_dagrun for latest_only_with_trigger to 2022-01-21T20:05:31.214206+00:00
[2022-01-21 21:05:31,260] {processor.py:171} INFO - Processing /home/data-eginner/Documents/Soccer_Data/env/lib/python3.8/site-packages/airflow/example_dags/example_latest_only_with_trigger.py took 0.155 seconds
[2022-01-21 21:06:10,528] {processor.py:163} INFO - Started process (PID=112282) to work on /home/data-eginner/Documents/Soccer_Data/env/lib/python3.8/site-packages/airflow/example_dags/example_latest_only_with_trigger.py
[2022-01-21 21:06:10,533] {processor.py:642} INFO - Processing file /home/data-eginner/Documents/Soccer_Data/env/lib/python3.8/site-packages/airflow/example_dags/example_latest_only_with_trigger.py for tasks to queue
[2022-01-21 21:06:10,533] {logging_mixin.py:109} INFO - [2022-01-21 21:06:10,533] {dagbag.py:500} INFO - Filling up the DagBag from /home/data-eginner/Documents/Soccer_Data/env/lib/python3.8/site-packages/airflow/example_dags/example_latest_only_with_trigger.py
[2022-01-21 21:06:10,551] {processor.py:654} INFO - DAG(s) dict_keys(['latest_only_with_trigger']) retrieved from /home/data-eginner/Documents/Soccer_Data/env/lib/python3.8/site-packages/airflow/example_dags/example_latest_only_with_trigger.py
[2022-01-21 21:06:10,560] {logging_mixin.py:109} INFO - [2022-01-21 21:06:10,560] {dag.py:2396} INFO - Sync 1 DAGs
[2022-01-21 21:06:10,572] {logging_mixin.py:109} INFO - [2022-01-21 21:06:10,572] {dag.py:2935} INFO - Setting next_dagrun for latest_only_with_trigger to 2022-01-21T20:06:10.571780+00:00
[2022-01-21 21:06:10,590] {processor.py:171} INFO - Processing /home/data-eginner/Documents/Soccer_Data/env/lib/python3.8/site-packages/airflow/example_dags/example_latest_only_with_trigger.py took 0.068 seconds
[2022-01-21 21:06:53,507] {processor.py:163} INFO - Started process (PID=112508) to work on /home/data-eginner/Documents/Soccer_Data/env/lib/python3.8/site-packages/airflow/example_dags/example_latest_only_with_trigger.py
[2022-01-21 21:06:53,514] {processor.py:642} INFO - Processing file /home/data-eginner/Documents/Soccer_Data/env/lib/python3.8/site-packages/airflow/example_dags/example_latest_only_with_trigger.py for tasks to queue
[2022-01-21 21:06:53,514] {logging_mixin.py:109} INFO - [2022-01-21 21:06:53,514] {dagbag.py:500} INFO - Filling up the DagBag from /home/data-eginner/Documents/Soccer_Data/env/lib/python3.8/site-packages/airflow/example_dags/example_latest_only_with_trigger.py
[2022-01-21 21:06:53,535] {processor.py:654} INFO - DAG(s) dict_keys(['latest_only_with_trigger']) retrieved from /home/data-eginner/Documents/Soccer_Data/env/lib/python3.8/site-packages/airflow/example_dags/example_latest_only_with_trigger.py
[2022-01-21 21:06:53,542] {logging_mixin.py:109} INFO - [2022-01-21 21:06:53,542] {dag.py:2396} INFO - Sync 1 DAGs
[2022-01-21 21:06:53,553] {logging_mixin.py:109} INFO - [2022-01-21 21:06:53,553] {dag.py:2935} INFO - Setting next_dagrun for latest_only_with_trigger to 2022-01-21T20:06:53.553485+00:00
[2022-01-21 21:06:53,574] {processor.py:171} INFO - Processing /home/data-eginner/Documents/Soccer_Data/env/lib/python3.8/site-packages/airflow/example_dags/example_latest_only_with_trigger.py took 0.071 seconds
[2022-01-21 21:07:37,813] {processor.py:163} INFO - Started process (PID=112728) to work on /home/data-eginner/Documents/Soccer_Data/env/lib/python3.8/site-packages/airflow/example_dags/example_latest_only_with_trigger.py
[2022-01-21 21:07:37,815] {processor.py:642} INFO - Processing file /home/data-eginner/Documents/Soccer_Data/env/lib/python3.8/site-packages/airflow/example_dags/example_latest_only_with_trigger.py for tasks to queue
[2022-01-21 21:07:37,815] {logging_mixin.py:109} INFO - [2022-01-21 21:07:37,815] {dagbag.py:500} INFO - Filling up the DagBag from /home/data-eginner/Documents/Soccer_Data/env/lib/python3.8/site-packages/airflow/example_dags/example_latest_only_with_trigger.py
[2022-01-21 21:07:37,844] {processor.py:654} INFO - DAG(s) dict_keys(['latest_only_with_trigger']) retrieved from /home/data-eginner/Documents/Soccer_Data/env/lib/python3.8/site-packages/airflow/example_dags/example_latest_only_with_trigger.py
[2022-01-21 21:07:37,864] {logging_mixin.py:109} INFO - [2022-01-21 21:07:37,864] {dag.py:2396} INFO - Sync 1 DAGs
[2022-01-21 21:07:37,885] {logging_mixin.py:109} INFO - [2022-01-21 21:07:37,885] {dag.py:2935} INFO - Setting next_dagrun for latest_only_with_trigger to 2022-01-21T20:07:37.885080+00:00
[2022-01-21 21:07:37,916] {processor.py:171} INFO - Processing /home/data-eginner/Documents/Soccer_Data/env/lib/python3.8/site-packages/airflow/example_dags/example_latest_only_with_trigger.py took 0.117 seconds
