[2022-01-21 21:00:34,576] {processor.py:163} INFO - Started process (PID=110625) to work on /home/data-eginner/Documents/Soccer_Data/env/lib/python3.8/site-packages/airflow/example_dags/example_branch_day_of_week_operator.py
[2022-01-21 21:00:34,578] {processor.py:642} INFO - Processing file /home/data-eginner/Documents/Soccer_Data/env/lib/python3.8/site-packages/airflow/example_dags/example_branch_day_of_week_operator.py for tasks to queue
[2022-01-21 21:00:34,579] {logging_mixin.py:109} INFO - [2022-01-21 21:00:34,578] {dagbag.py:500} INFO - Filling up the DagBag from /home/data-eginner/Documents/Soccer_Data/env/lib/python3.8/site-packages/airflow/example_dags/example_branch_day_of_week_operator.py
[2022-01-21 21:00:34,731] {processor.py:654} INFO - DAG(s) dict_keys(['example_weekday_branch_operator']) retrieved from /home/data-eginner/Documents/Soccer_Data/env/lib/python3.8/site-packages/airflow/example_dags/example_branch_day_of_week_operator.py
[2022-01-21 21:00:34,784] {logging_mixin.py:109} INFO - [2022-01-21 21:00:34,784] {dag.py:2396} INFO - Sync 1 DAGs
[2022-01-21 21:00:34,866] {logging_mixin.py:109} INFO - [2022-01-21 21:00:34,866] {dag.py:2935} INFO - Setting next_dagrun for example_weekday_branch_operator to 2022-01-21 00:00:00+00:00
[2022-01-21 21:00:34,965] {processor.py:171} INFO - Processing /home/data-eginner/Documents/Soccer_Data/env/lib/python3.8/site-packages/airflow/example_dags/example_branch_day_of_week_operator.py took 0.449 seconds
[2022-01-21 21:01:30,271] {processor.py:163} INFO - Started process (PID=110892) to work on /home/data-eginner/Documents/Soccer_Data/env/lib/python3.8/site-packages/airflow/example_dags/example_branch_day_of_week_operator.py
[2022-01-21 21:01:30,273] {processor.py:642} INFO - Processing file /home/data-eginner/Documents/Soccer_Data/env/lib/python3.8/site-packages/airflow/example_dags/example_branch_day_of_week_operator.py for tasks to queue
[2022-01-21 21:01:30,274] {logging_mixin.py:109} INFO - [2022-01-21 21:01:30,274] {dagbag.py:500} INFO - Filling up the DagBag from /home/data-eginner/Documents/Soccer_Data/env/lib/python3.8/site-packages/airflow/example_dags/example_branch_day_of_week_operator.py
[2022-01-21 21:01:30,344] {processor.py:654} INFO - DAG(s) dict_keys(['example_weekday_branch_operator']) retrieved from /home/data-eginner/Documents/Soccer_Data/env/lib/python3.8/site-packages/airflow/example_dags/example_branch_day_of_week_operator.py
[2022-01-21 21:01:30,367] {logging_mixin.py:109} INFO - [2022-01-21 21:01:30,367] {dag.py:2396} INFO - Sync 1 DAGs
[2022-01-21 21:01:30,384] {logging_mixin.py:109} INFO - [2022-01-21 21:01:30,381] {dag.py:2935} INFO - Setting next_dagrun for example_weekday_branch_operator to 2022-01-21 00:00:00+00:00
[2022-01-21 21:01:30,404] {processor.py:171} INFO - Processing /home/data-eginner/Documents/Soccer_Data/env/lib/python3.8/site-packages/airflow/example_dags/example_branch_day_of_week_operator.py took 0.139 seconds
[2022-01-21 21:02:26,673] {processor.py:163} INFO - Started process (PID=111162) to work on /home/data-eginner/Documents/Soccer_Data/env/lib/python3.8/site-packages/airflow/example_dags/example_branch_day_of_week_operator.py
[2022-01-21 21:02:26,675] {processor.py:642} INFO - Processing file /home/data-eginner/Documents/Soccer_Data/env/lib/python3.8/site-packages/airflow/example_dags/example_branch_day_of_week_operator.py for tasks to queue
[2022-01-21 21:02:26,676] {logging_mixin.py:109} INFO - [2022-01-21 21:02:26,675] {dagbag.py:500} INFO - Filling up the DagBag from /home/data-eginner/Documents/Soccer_Data/env/lib/python3.8/site-packages/airflow/example_dags/example_branch_day_of_week_operator.py
[2022-01-21 21:02:26,706] {processor.py:654} INFO - DAG(s) dict_keys(['example_weekday_branch_operator']) retrieved from /home/data-eginner/Documents/Soccer_Data/env/lib/python3.8/site-packages/airflow/example_dags/example_branch_day_of_week_operator.py
[2022-01-21 21:02:26,713] {logging_mixin.py:109} INFO - [2022-01-21 21:02:26,713] {dag.py:2396} INFO - Sync 1 DAGs
[2022-01-21 21:02:26,735] {logging_mixin.py:109} INFO - [2022-01-21 21:02:26,735] {dag.py:2935} INFO - Setting next_dagrun for example_weekday_branch_operator to 2022-01-21 00:00:00+00:00
[2022-01-21 21:02:26,761] {processor.py:171} INFO - Processing /home/data-eginner/Documents/Soccer_Data/env/lib/python3.8/site-packages/airflow/example_dags/example_branch_day_of_week_operator.py took 0.097 seconds
[2022-01-21 21:03:24,282] {processor.py:163} INFO - Started process (PID=111414) to work on /home/data-eginner/Documents/Soccer_Data/env/lib/python3.8/site-packages/airflow/example_dags/example_branch_day_of_week_operator.py
[2022-01-21 21:03:24,286] {processor.py:642} INFO - Processing file /home/data-eginner/Documents/Soccer_Data/env/lib/python3.8/site-packages/airflow/example_dags/example_branch_day_of_week_operator.py for tasks to queue
[2022-01-21 21:03:24,287] {logging_mixin.py:109} INFO - [2022-01-21 21:03:24,287] {dagbag.py:500} INFO - Filling up the DagBag from /home/data-eginner/Documents/Soccer_Data/env/lib/python3.8/site-packages/airflow/example_dags/example_branch_day_of_week_operator.py
[2022-01-21 21:03:24,315] {processor.py:654} INFO - DAG(s) dict_keys(['example_weekday_branch_operator']) retrieved from /home/data-eginner/Documents/Soccer_Data/env/lib/python3.8/site-packages/airflow/example_dags/example_branch_day_of_week_operator.py
[2022-01-21 21:03:24,327] {logging_mixin.py:109} INFO - [2022-01-21 21:03:24,327] {dag.py:2396} INFO - Sync 1 DAGs
[2022-01-21 21:03:24,339] {logging_mixin.py:109} INFO - [2022-01-21 21:03:24,339] {dag.py:2935} INFO - Setting next_dagrun for example_weekday_branch_operator to 2022-01-21 00:00:00+00:00
[2022-01-21 21:03:24,358] {processor.py:171} INFO - Processing /home/data-eginner/Documents/Soccer_Data/env/lib/python3.8/site-packages/airflow/example_dags/example_branch_day_of_week_operator.py took 0.081 seconds
[2022-01-21 21:04:04,692] {processor.py:163} INFO - Started process (PID=111624) to work on /home/data-eginner/Documents/Soccer_Data/env/lib/python3.8/site-packages/airflow/example_dags/example_branch_day_of_week_operator.py
[2022-01-21 21:04:04,699] {processor.py:642} INFO - Processing file /home/data-eginner/Documents/Soccer_Data/env/lib/python3.8/site-packages/airflow/example_dags/example_branch_day_of_week_operator.py for tasks to queue
[2022-01-21 21:04:04,700] {logging_mixin.py:109} INFO - [2022-01-21 21:04:04,700] {dagbag.py:500} INFO - Filling up the DagBag from /home/data-eginner/Documents/Soccer_Data/env/lib/python3.8/site-packages/airflow/example_dags/example_branch_day_of_week_operator.py
[2022-01-21 21:04:04,726] {processor.py:654} INFO - DAG(s) dict_keys(['example_weekday_branch_operator']) retrieved from /home/data-eginner/Documents/Soccer_Data/env/lib/python3.8/site-packages/airflow/example_dags/example_branch_day_of_week_operator.py
[2022-01-21 21:04:04,734] {logging_mixin.py:109} INFO - [2022-01-21 21:04:04,734] {dag.py:2396} INFO - Sync 1 DAGs
[2022-01-21 21:04:04,746] {logging_mixin.py:109} INFO - [2022-01-21 21:04:04,746] {dag.py:2935} INFO - Setting next_dagrun for example_weekday_branch_operator to 2022-01-21 00:00:00+00:00
[2022-01-21 21:04:04,764] {processor.py:171} INFO - Processing /home/data-eginner/Documents/Soccer_Data/env/lib/python3.8/site-packages/airflow/example_dags/example_branch_day_of_week_operator.py took 0.078 seconds
[2022-01-21 21:04:44,399] {processor.py:163} INFO - Started process (PID=111842) to work on /home/data-eginner/Documents/Soccer_Data/env/lib/python3.8/site-packages/airflow/example_dags/example_branch_day_of_week_operator.py
[2022-01-21 21:04:44,402] {processor.py:642} INFO - Processing file /home/data-eginner/Documents/Soccer_Data/env/lib/python3.8/site-packages/airflow/example_dags/example_branch_day_of_week_operator.py for tasks to queue
[2022-01-21 21:04:44,405] {logging_mixin.py:109} INFO - [2022-01-21 21:04:44,405] {dagbag.py:500} INFO - Filling up the DagBag from /home/data-eginner/Documents/Soccer_Data/env/lib/python3.8/site-packages/airflow/example_dags/example_branch_day_of_week_operator.py
[2022-01-21 21:04:44,436] {processor.py:654} INFO - DAG(s) dict_keys(['example_weekday_branch_operator']) retrieved from /home/data-eginner/Documents/Soccer_Data/env/lib/python3.8/site-packages/airflow/example_dags/example_branch_day_of_week_operator.py
[2022-01-21 21:04:44,444] {logging_mixin.py:109} INFO - [2022-01-21 21:04:44,444] {dag.py:2396} INFO - Sync 1 DAGs
[2022-01-21 21:04:44,458] {logging_mixin.py:109} INFO - [2022-01-21 21:04:44,458] {dag.py:2935} INFO - Setting next_dagrun for example_weekday_branch_operator to 2022-01-21 00:00:00+00:00
[2022-01-21 21:04:44,473] {processor.py:171} INFO - Processing /home/data-eginner/Documents/Soccer_Data/env/lib/python3.8/site-packages/airflow/example_dags/example_branch_day_of_week_operator.py took 0.083 seconds
[2022-01-21 21:05:23,244] {processor.py:163} INFO - Started process (PID=112037) to work on /home/data-eginner/Documents/Soccer_Data/env/lib/python3.8/site-packages/airflow/example_dags/example_branch_day_of_week_operator.py
[2022-01-21 21:05:23,257] {processor.py:642} INFO - Processing file /home/data-eginner/Documents/Soccer_Data/env/lib/python3.8/site-packages/airflow/example_dags/example_branch_day_of_week_operator.py for tasks to queue
[2022-01-21 21:05:23,257] {logging_mixin.py:109} INFO - [2022-01-21 21:05:23,257] {dagbag.py:500} INFO - Filling up the DagBag from /home/data-eginner/Documents/Soccer_Data/env/lib/python3.8/site-packages/airflow/example_dags/example_branch_day_of_week_operator.py
[2022-01-21 21:05:23,280] {processor.py:654} INFO - DAG(s) dict_keys(['example_weekday_branch_operator']) retrieved from /home/data-eginner/Documents/Soccer_Data/env/lib/python3.8/site-packages/airflow/example_dags/example_branch_day_of_week_operator.py
[2022-01-21 21:05:23,290] {logging_mixin.py:109} INFO - [2022-01-21 21:05:23,290] {dag.py:2396} INFO - Sync 1 DAGs
[2022-01-21 21:05:23,304] {logging_mixin.py:109} INFO - [2022-01-21 21:05:23,304] {dag.py:2935} INFO - Setting next_dagrun for example_weekday_branch_operator to 2022-01-21 00:00:00+00:00
[2022-01-21 21:05:23,410] {processor.py:171} INFO - Processing /home/data-eginner/Documents/Soccer_Data/env/lib/python3.8/site-packages/airflow/example_dags/example_branch_day_of_week_operator.py took 0.169 seconds
[2022-01-21 21:06:01,377] {processor.py:163} INFO - Started process (PID=112229) to work on /home/data-eginner/Documents/Soccer_Data/env/lib/python3.8/site-packages/airflow/example_dags/example_branch_day_of_week_operator.py
[2022-01-21 21:06:01,378] {processor.py:642} INFO - Processing file /home/data-eginner/Documents/Soccer_Data/env/lib/python3.8/site-packages/airflow/example_dags/example_branch_day_of_week_operator.py for tasks to queue
[2022-01-21 21:06:01,379] {logging_mixin.py:109} INFO - [2022-01-21 21:06:01,379] {dagbag.py:500} INFO - Filling up the DagBag from /home/data-eginner/Documents/Soccer_Data/env/lib/python3.8/site-packages/airflow/example_dags/example_branch_day_of_week_operator.py
[2022-01-21 21:06:01,420] {processor.py:654} INFO - DAG(s) dict_keys(['example_weekday_branch_operator']) retrieved from /home/data-eginner/Documents/Soccer_Data/env/lib/python3.8/site-packages/airflow/example_dags/example_branch_day_of_week_operator.py
[2022-01-21 21:06:01,429] {logging_mixin.py:109} INFO - [2022-01-21 21:06:01,429] {dag.py:2396} INFO - Sync 1 DAGs
[2022-01-21 21:06:01,444] {logging_mixin.py:109} INFO - [2022-01-21 21:06:01,444] {dag.py:2935} INFO - Setting next_dagrun for example_weekday_branch_operator to 2022-01-21 00:00:00+00:00
[2022-01-21 21:06:01,461] {processor.py:171} INFO - Processing /home/data-eginner/Documents/Soccer_Data/env/lib/python3.8/site-packages/airflow/example_dags/example_branch_day_of_week_operator.py took 0.087 seconds
[2022-01-21 21:06:36,753] {processor.py:163} INFO - Started process (PID=112422) to work on /home/data-eginner/Documents/Soccer_Data/env/lib/python3.8/site-packages/airflow/example_dags/example_branch_day_of_week_operator.py
[2022-01-21 21:06:36,755] {processor.py:642} INFO - Processing file /home/data-eginner/Documents/Soccer_Data/env/lib/python3.8/site-packages/airflow/example_dags/example_branch_day_of_week_operator.py for tasks to queue
[2022-01-21 21:06:36,756] {logging_mixin.py:109} INFO - [2022-01-21 21:06:36,756] {dagbag.py:500} INFO - Filling up the DagBag from /home/data-eginner/Documents/Soccer_Data/env/lib/python3.8/site-packages/airflow/example_dags/example_branch_day_of_week_operator.py
[2022-01-21 21:06:36,785] {processor.py:654} INFO - DAG(s) dict_keys(['example_weekday_branch_operator']) retrieved from /home/data-eginner/Documents/Soccer_Data/env/lib/python3.8/site-packages/airflow/example_dags/example_branch_day_of_week_operator.py
[2022-01-21 21:06:36,793] {logging_mixin.py:109} INFO - [2022-01-21 21:06:36,792] {dag.py:2396} INFO - Sync 1 DAGs
[2022-01-21 21:06:36,807] {logging_mixin.py:109} INFO - [2022-01-21 21:06:36,807] {dag.py:2935} INFO - Setting next_dagrun for example_weekday_branch_operator to 2022-01-21 00:00:00+00:00
[2022-01-21 21:06:36,823] {processor.py:171} INFO - Processing /home/data-eginner/Documents/Soccer_Data/env/lib/python3.8/site-packages/airflow/example_dags/example_branch_day_of_week_operator.py took 0.077 seconds
[2022-01-21 21:07:25,619] {processor.py:163} INFO - Started process (PID=112666) to work on /home/data-eginner/Documents/Soccer_Data/env/lib/python3.8/site-packages/airflow/example_dags/example_branch_day_of_week_operator.py
[2022-01-21 21:07:25,621] {processor.py:642} INFO - Processing file /home/data-eginner/Documents/Soccer_Data/env/lib/python3.8/site-packages/airflow/example_dags/example_branch_day_of_week_operator.py for tasks to queue
[2022-01-21 21:07:25,622] {logging_mixin.py:109} INFO - [2022-01-21 21:07:25,622] {dagbag.py:500} INFO - Filling up the DagBag from /home/data-eginner/Documents/Soccer_Data/env/lib/python3.8/site-packages/airflow/example_dags/example_branch_day_of_week_operator.py
[2022-01-21 21:07:25,642] {processor.py:654} INFO - DAG(s) dict_keys(['example_weekday_branch_operator']) retrieved from /home/data-eginner/Documents/Soccer_Data/env/lib/python3.8/site-packages/airflow/example_dags/example_branch_day_of_week_operator.py
[2022-01-21 21:07:25,651] {logging_mixin.py:109} INFO - [2022-01-21 21:07:25,651] {dag.py:2396} INFO - Sync 1 DAGs
[2022-01-21 21:07:25,665] {logging_mixin.py:109} INFO - [2022-01-21 21:07:25,665] {dag.py:2935} INFO - Setting next_dagrun for example_weekday_branch_operator to 2022-01-21 00:00:00+00:00
[2022-01-21 21:07:25,683] {processor.py:171} INFO - Processing /home/data-eginner/Documents/Soccer_Data/env/lib/python3.8/site-packages/airflow/example_dags/example_branch_day_of_week_operator.py took 0.067 seconds
