[2022-01-21 21:00:39,851] {processor.py:163} INFO - Started process (PID=110655) to work on /home/data-eginner/Documents/Soccer_Data/env/lib/python3.8/site-packages/airflow/example_dags/example_branch_labels.py
[2022-01-21 21:00:39,852] {processor.py:642} INFO - Processing file /home/data-eginner/Documents/Soccer_Data/env/lib/python3.8/site-packages/airflow/example_dags/example_branch_labels.py for tasks to queue
[2022-01-21 21:00:39,853] {logging_mixin.py:109} INFO - [2022-01-21 21:00:39,853] {dagbag.py:500} INFO - Filling up the DagBag from /home/data-eginner/Documents/Soccer_Data/env/lib/python3.8/site-packages/airflow/example_dags/example_branch_labels.py
[2022-01-21 21:00:39,917] {processor.py:654} INFO - DAG(s) dict_keys(['example_branch_labels']) retrieved from /home/data-eginner/Documents/Soccer_Data/env/lib/python3.8/site-packages/airflow/example_dags/example_branch_labels.py
[2022-01-21 21:00:39,959] {logging_mixin.py:109} INFO - [2022-01-21 21:00:39,959] {dag.py:2396} INFO - Sync 1 DAGs
[2022-01-21 21:00:40,000] {logging_mixin.py:109} INFO - [2022-01-21 21:00:40,000] {dag.py:2935} INFO - Setting next_dagrun for example_branch_labels to 2022-01-21 00:00:00+00:00
[2022-01-21 21:00:40,035] {processor.py:171} INFO - Processing /home/data-eginner/Documents/Soccer_Data/env/lib/python3.8/site-packages/airflow/example_dags/example_branch_labels.py took 0.187 seconds
[2022-01-21 21:01:34,511] {processor.py:163} INFO - Started process (PID=110912) to work on /home/data-eginner/Documents/Soccer_Data/env/lib/python3.8/site-packages/airflow/example_dags/example_branch_labels.py
[2022-01-21 21:01:34,519] {processor.py:642} INFO - Processing file /home/data-eginner/Documents/Soccer_Data/env/lib/python3.8/site-packages/airflow/example_dags/example_branch_labels.py for tasks to queue
[2022-01-21 21:01:34,519] {logging_mixin.py:109} INFO - [2022-01-21 21:01:34,519] {dagbag.py:500} INFO - Filling up the DagBag from /home/data-eginner/Documents/Soccer_Data/env/lib/python3.8/site-packages/airflow/example_dags/example_branch_labels.py
[2022-01-21 21:01:34,586] {processor.py:654} INFO - DAG(s) dict_keys(['example_branch_labels']) retrieved from /home/data-eginner/Documents/Soccer_Data/env/lib/python3.8/site-packages/airflow/example_dags/example_branch_labels.py
[2022-01-21 21:01:34,594] {logging_mixin.py:109} INFO - [2022-01-21 21:01:34,594] {dag.py:2396} INFO - Sync 1 DAGs
[2022-01-21 21:01:34,625] {logging_mixin.py:109} INFO - [2022-01-21 21:01:34,624] {dag.py:2935} INFO - Setting next_dagrun for example_branch_labels to 2022-01-21 00:00:00+00:00
[2022-01-21 21:01:34,655] {processor.py:171} INFO - Processing /home/data-eginner/Documents/Soccer_Data/env/lib/python3.8/site-packages/airflow/example_dags/example_branch_labels.py took 0.158 seconds
[2022-01-21 21:02:34,312] {processor.py:163} INFO - Started process (PID=111201) to work on /home/data-eginner/Documents/Soccer_Data/env/lib/python3.8/site-packages/airflow/example_dags/example_branch_labels.py
[2022-01-21 21:02:34,318] {processor.py:642} INFO - Processing file /home/data-eginner/Documents/Soccer_Data/env/lib/python3.8/site-packages/airflow/example_dags/example_branch_labels.py for tasks to queue
[2022-01-21 21:02:34,318] {logging_mixin.py:109} INFO - [2022-01-21 21:02:34,318] {dagbag.py:500} INFO - Filling up the DagBag from /home/data-eginner/Documents/Soccer_Data/env/lib/python3.8/site-packages/airflow/example_dags/example_branch_labels.py
[2022-01-21 21:02:34,452] {processor.py:654} INFO - DAG(s) dict_keys(['example_branch_labels']) retrieved from /home/data-eginner/Documents/Soccer_Data/env/lib/python3.8/site-packages/airflow/example_dags/example_branch_labels.py
[2022-01-21 21:02:34,509] {logging_mixin.py:109} INFO - [2022-01-21 21:02:34,509] {dag.py:2396} INFO - Sync 1 DAGs
[2022-01-21 21:02:34,578] {logging_mixin.py:109} INFO - [2022-01-21 21:02:34,578] {dag.py:2935} INFO - Setting next_dagrun for example_branch_labels to 2022-01-21 00:00:00+00:00
[2022-01-21 21:02:34,630] {processor.py:171} INFO - Processing /home/data-eginner/Documents/Soccer_Data/env/lib/python3.8/site-packages/airflow/example_dags/example_branch_labels.py took 0.320 seconds
[2022-01-21 21:03:41,073] {processor.py:163} INFO - Started process (PID=111499) to work on /home/data-eginner/Documents/Soccer_Data/env/lib/python3.8/site-packages/airflow/example_dags/example_branch_labels.py
[2022-01-21 21:03:41,092] {processor.py:642} INFO - Processing file /home/data-eginner/Documents/Soccer_Data/env/lib/python3.8/site-packages/airflow/example_dags/example_branch_labels.py for tasks to queue
[2022-01-21 21:03:41,093] {logging_mixin.py:109} INFO - [2022-01-21 21:03:41,093] {dagbag.py:500} INFO - Filling up the DagBag from /home/data-eginner/Documents/Soccer_Data/env/lib/python3.8/site-packages/airflow/example_dags/example_branch_labels.py
[2022-01-21 21:03:41,115] {processor.py:654} INFO - DAG(s) dict_keys(['example_branch_labels']) retrieved from /home/data-eginner/Documents/Soccer_Data/env/lib/python3.8/site-packages/airflow/example_dags/example_branch_labels.py
[2022-01-21 21:03:41,123] {logging_mixin.py:109} INFO - [2022-01-21 21:03:41,123] {dag.py:2396} INFO - Sync 1 DAGs
[2022-01-21 21:03:41,140] {logging_mixin.py:109} INFO - [2022-01-21 21:03:41,140] {dag.py:2935} INFO - Setting next_dagrun for example_branch_labels to 2022-01-21 00:00:00+00:00
[2022-01-21 21:03:41,157] {processor.py:171} INFO - Processing /home/data-eginner/Documents/Soccer_Data/env/lib/python3.8/site-packages/airflow/example_dags/example_branch_labels.py took 0.087 seconds
[2022-01-21 21:04:23,498] {processor.py:163} INFO - Started process (PID=111722) to work on /home/data-eginner/Documents/Soccer_Data/env/lib/python3.8/site-packages/airflow/example_dags/example_branch_labels.py
[2022-01-21 21:04:23,510] {processor.py:642} INFO - Processing file /home/data-eginner/Documents/Soccer_Data/env/lib/python3.8/site-packages/airflow/example_dags/example_branch_labels.py for tasks to queue
[2022-01-21 21:04:23,510] {logging_mixin.py:109} INFO - [2022-01-21 21:04:23,510] {dagbag.py:500} INFO - Filling up the DagBag from /home/data-eginner/Documents/Soccer_Data/env/lib/python3.8/site-packages/airflow/example_dags/example_branch_labels.py
[2022-01-21 21:04:23,544] {processor.py:654} INFO - DAG(s) dict_keys(['example_branch_labels']) retrieved from /home/data-eginner/Documents/Soccer_Data/env/lib/python3.8/site-packages/airflow/example_dags/example_branch_labels.py
[2022-01-21 21:04:23,564] {logging_mixin.py:109} INFO - [2022-01-21 21:04:23,564] {dag.py:2396} INFO - Sync 1 DAGs
[2022-01-21 21:04:23,599] {logging_mixin.py:109} INFO - [2022-01-21 21:04:23,599] {dag.py:2935} INFO - Setting next_dagrun for example_branch_labels to 2022-01-21 00:00:00+00:00
[2022-01-21 21:04:23,620] {processor.py:171} INFO - Processing /home/data-eginner/Documents/Soccer_Data/env/lib/python3.8/site-packages/airflow/example_dags/example_branch_labels.py took 0.125 seconds
[2022-01-21 21:05:02,918] {processor.py:163} INFO - Started process (PID=111929) to work on /home/data-eginner/Documents/Soccer_Data/env/lib/python3.8/site-packages/airflow/example_dags/example_branch_labels.py
[2022-01-21 21:05:02,921] {processor.py:642} INFO - Processing file /home/data-eginner/Documents/Soccer_Data/env/lib/python3.8/site-packages/airflow/example_dags/example_branch_labels.py for tasks to queue
[2022-01-21 21:05:02,922] {logging_mixin.py:109} INFO - [2022-01-21 21:05:02,922] {dagbag.py:500} INFO - Filling up the DagBag from /home/data-eginner/Documents/Soccer_Data/env/lib/python3.8/site-packages/airflow/example_dags/example_branch_labels.py
[2022-01-21 21:05:02,953] {processor.py:654} INFO - DAG(s) dict_keys(['example_branch_labels']) retrieved from /home/data-eginner/Documents/Soccer_Data/env/lib/python3.8/site-packages/airflow/example_dags/example_branch_labels.py
[2022-01-21 21:05:02,962] {logging_mixin.py:109} INFO - [2022-01-21 21:05:02,962] {dag.py:2396} INFO - Sync 1 DAGs
[2022-01-21 21:05:02,976] {logging_mixin.py:109} INFO - [2022-01-21 21:05:02,976] {dag.py:2935} INFO - Setting next_dagrun for example_branch_labels to 2022-01-21 00:00:00+00:00
[2022-01-21 21:05:02,992] {processor.py:171} INFO - Processing /home/data-eginner/Documents/Soccer_Data/env/lib/python3.8/site-packages/airflow/example_dags/example_branch_labels.py took 0.077 seconds
[2022-01-21 21:05:41,436] {processor.py:163} INFO - Started process (PID=112125) to work on /home/data-eginner/Documents/Soccer_Data/env/lib/python3.8/site-packages/airflow/example_dags/example_branch_labels.py
[2022-01-21 21:05:41,455] {processor.py:642} INFO - Processing file /home/data-eginner/Documents/Soccer_Data/env/lib/python3.8/site-packages/airflow/example_dags/example_branch_labels.py for tasks to queue
[2022-01-21 21:05:41,456] {logging_mixin.py:109} INFO - [2022-01-21 21:05:41,455] {dagbag.py:500} INFO - Filling up the DagBag from /home/data-eginner/Documents/Soccer_Data/env/lib/python3.8/site-packages/airflow/example_dags/example_branch_labels.py
[2022-01-21 21:05:41,473] {processor.py:654} INFO - DAG(s) dict_keys(['example_branch_labels']) retrieved from /home/data-eginner/Documents/Soccer_Data/env/lib/python3.8/site-packages/airflow/example_dags/example_branch_labels.py
[2022-01-21 21:05:41,480] {logging_mixin.py:109} INFO - [2022-01-21 21:05:41,480] {dag.py:2396} INFO - Sync 1 DAGs
[2022-01-21 21:05:41,494] {logging_mixin.py:109} INFO - [2022-01-21 21:05:41,494] {dag.py:2935} INFO - Setting next_dagrun for example_branch_labels to 2022-01-21 00:00:00+00:00
[2022-01-21 21:05:41,510] {processor.py:171} INFO - Processing /home/data-eginner/Documents/Soccer_Data/env/lib/python3.8/site-packages/airflow/example_dags/example_branch_labels.py took 0.076 seconds
[2022-01-21 21:06:19,397] {processor.py:163} INFO - Started process (PID=112326) to work on /home/data-eginner/Documents/Soccer_Data/env/lib/python3.8/site-packages/airflow/example_dags/example_branch_labels.py
[2022-01-21 21:06:19,404] {processor.py:642} INFO - Processing file /home/data-eginner/Documents/Soccer_Data/env/lib/python3.8/site-packages/airflow/example_dags/example_branch_labels.py for tasks to queue
[2022-01-21 21:06:19,405] {logging_mixin.py:109} INFO - [2022-01-21 21:06:19,405] {dagbag.py:500} INFO - Filling up the DagBag from /home/data-eginner/Documents/Soccer_Data/env/lib/python3.8/site-packages/airflow/example_dags/example_branch_labels.py
[2022-01-21 21:06:19,424] {processor.py:654} INFO - DAG(s) dict_keys(['example_branch_labels']) retrieved from /home/data-eginner/Documents/Soccer_Data/env/lib/python3.8/site-packages/airflow/example_dags/example_branch_labels.py
[2022-01-21 21:06:19,432] {logging_mixin.py:109} INFO - [2022-01-21 21:06:19,432] {dag.py:2396} INFO - Sync 1 DAGs
[2022-01-21 21:06:19,445] {logging_mixin.py:109} INFO - [2022-01-21 21:06:19,445] {dag.py:2935} INFO - Setting next_dagrun for example_branch_labels to 2022-01-21 00:00:00+00:00
[2022-01-21 21:06:19,461] {processor.py:171} INFO - Processing /home/data-eginner/Documents/Soccer_Data/env/lib/python3.8/site-packages/airflow/example_dags/example_branch_labels.py took 0.067 seconds
[2022-01-21 21:07:00,191] {processor.py:163} INFO - Started process (PID=112541) to work on /home/data-eginner/Documents/Soccer_Data/env/lib/python3.8/site-packages/airflow/example_dags/example_branch_labels.py
[2022-01-21 21:07:00,195] {processor.py:642} INFO - Processing file /home/data-eginner/Documents/Soccer_Data/env/lib/python3.8/site-packages/airflow/example_dags/example_branch_labels.py for tasks to queue
[2022-01-21 21:07:00,195] {logging_mixin.py:109} INFO - [2022-01-21 21:07:00,195] {dagbag.py:500} INFO - Filling up the DagBag from /home/data-eginner/Documents/Soccer_Data/env/lib/python3.8/site-packages/airflow/example_dags/example_branch_labels.py
[2022-01-21 21:07:00,223] {processor.py:654} INFO - DAG(s) dict_keys(['example_branch_labels']) retrieved from /home/data-eginner/Documents/Soccer_Data/env/lib/python3.8/site-packages/airflow/example_dags/example_branch_labels.py
[2022-01-21 21:07:00,230] {logging_mixin.py:109} INFO - [2022-01-21 21:07:00,230] {dag.py:2396} INFO - Sync 1 DAGs
[2022-01-21 21:07:00,245] {logging_mixin.py:109} INFO - [2022-01-21 21:07:00,245] {dag.py:2935} INFO - Setting next_dagrun for example_branch_labels to 2022-01-21 00:00:00+00:00
[2022-01-21 21:07:00,265] {processor.py:171} INFO - Processing /home/data-eginner/Documents/Soccer_Data/env/lib/python3.8/site-packages/airflow/example_dags/example_branch_labels.py took 0.079 seconds
[2022-01-21 21:07:45,637] {processor.py:163} INFO - Started process (PID=112772) to work on /home/data-eginner/Documents/Soccer_Data/env/lib/python3.8/site-packages/airflow/example_dags/example_branch_labels.py
[2022-01-21 21:07:45,653] {processor.py:642} INFO - Processing file /home/data-eginner/Documents/Soccer_Data/env/lib/python3.8/site-packages/airflow/example_dags/example_branch_labels.py for tasks to queue
[2022-01-21 21:07:45,653] {logging_mixin.py:109} INFO - [2022-01-21 21:07:45,653] {dagbag.py:500} INFO - Filling up the DagBag from /home/data-eginner/Documents/Soccer_Data/env/lib/python3.8/site-packages/airflow/example_dags/example_branch_labels.py
[2022-01-21 21:07:45,702] {processor.py:654} INFO - DAG(s) dict_keys(['example_branch_labels']) retrieved from /home/data-eginner/Documents/Soccer_Data/env/lib/python3.8/site-packages/airflow/example_dags/example_branch_labels.py
[2022-01-21 21:07:45,717] {logging_mixin.py:109} INFO - [2022-01-21 21:07:45,717] {dag.py:2396} INFO - Sync 1 DAGs
[2022-01-21 21:07:45,761] {logging_mixin.py:109} INFO - [2022-01-21 21:07:45,761] {dag.py:2935} INFO - Setting next_dagrun for example_branch_labels to 2022-01-21 00:00:00+00:00
[2022-01-21 21:07:45,789] {processor.py:171} INFO - Processing /home/data-eginner/Documents/Soccer_Data/env/lib/python3.8/site-packages/airflow/example_dags/example_branch_labels.py took 0.155 seconds
