[2022-01-21 21:00:55,817] {processor.py:163} INFO - Started process (PID=110720) to work on /home/data-eginner/Documents/Soccer_Data/env/lib/python3.8/site-packages/airflow/example_dags/example_nested_branch_dag.py
[2022-01-21 21:00:55,830] {processor.py:642} INFO - Processing file /home/data-eginner/Documents/Soccer_Data/env/lib/python3.8/site-packages/airflow/example_dags/example_nested_branch_dag.py for tasks to queue
[2022-01-21 21:00:55,831] {logging_mixin.py:109} INFO - [2022-01-21 21:00:55,831] {dagbag.py:500} INFO - Filling up the DagBag from /home/data-eginner/Documents/Soccer_Data/env/lib/python3.8/site-packages/airflow/example_dags/example_nested_branch_dag.py
[2022-01-21 21:00:55,882] {processor.py:654} INFO - DAG(s) dict_keys(['example_nested_branch_dag']) retrieved from /home/data-eginner/Documents/Soccer_Data/env/lib/python3.8/site-packages/airflow/example_dags/example_nested_branch_dag.py
[2022-01-21 21:00:55,891] {logging_mixin.py:109} INFO - [2022-01-21 21:00:55,891] {dag.py:2396} INFO - Sync 1 DAGs
[2022-01-21 21:00:55,906] {logging_mixin.py:109} INFO - [2022-01-21 21:00:55,906] {dag.py:2935} INFO - Setting next_dagrun for example_nested_branch_dag to 2022-01-21 00:00:00+00:00
[2022-01-21 21:00:55,932] {processor.py:171} INFO - Processing /home/data-eginner/Documents/Soccer_Data/env/lib/python3.8/site-packages/airflow/example_dags/example_nested_branch_dag.py took 0.117 seconds
[2022-01-21 21:01:52,447] {processor.py:163} INFO - Started process (PID=110972) to work on /home/data-eginner/Documents/Soccer_Data/env/lib/python3.8/site-packages/airflow/example_dags/example_nested_branch_dag.py
[2022-01-21 21:01:52,450] {processor.py:642} INFO - Processing file /home/data-eginner/Documents/Soccer_Data/env/lib/python3.8/site-packages/airflow/example_dags/example_nested_branch_dag.py for tasks to queue
[2022-01-21 21:01:52,451] {logging_mixin.py:109} INFO - [2022-01-21 21:01:52,451] {dagbag.py:500} INFO - Filling up the DagBag from /home/data-eginner/Documents/Soccer_Data/env/lib/python3.8/site-packages/airflow/example_dags/example_nested_branch_dag.py
[2022-01-21 21:01:52,493] {processor.py:654} INFO - DAG(s) dict_keys(['example_nested_branch_dag']) retrieved from /home/data-eginner/Documents/Soccer_Data/env/lib/python3.8/site-packages/airflow/example_dags/example_nested_branch_dag.py
[2022-01-21 21:01:52,502] {logging_mixin.py:109} INFO - [2022-01-21 21:01:52,502] {dag.py:2396} INFO - Sync 1 DAGs
[2022-01-21 21:01:52,530] {logging_mixin.py:109} INFO - [2022-01-21 21:01:52,530] {dag.py:2935} INFO - Setting next_dagrun for example_nested_branch_dag to 2022-01-21 00:00:00+00:00
[2022-01-21 21:01:52,562] {processor.py:171} INFO - Processing /home/data-eginner/Documents/Soccer_Data/env/lib/python3.8/site-packages/airflow/example_dags/example_nested_branch_dag.py took 0.135 seconds
[2022-01-21 21:02:58,152] {processor.py:163} INFO - Started process (PID=111292) to work on /home/data-eginner/Documents/Soccer_Data/env/lib/python3.8/site-packages/airflow/example_dags/example_nested_branch_dag.py
[2022-01-21 21:02:58,163] {processor.py:642} INFO - Processing file /home/data-eginner/Documents/Soccer_Data/env/lib/python3.8/site-packages/airflow/example_dags/example_nested_branch_dag.py for tasks to queue
[2022-01-21 21:02:58,165] {logging_mixin.py:109} INFO - [2022-01-21 21:02:58,165] {dagbag.py:500} INFO - Filling up the DagBag from /home/data-eginner/Documents/Soccer_Data/env/lib/python3.8/site-packages/airflow/example_dags/example_nested_branch_dag.py
[2022-01-21 21:02:58,208] {processor.py:654} INFO - DAG(s) dict_keys(['example_nested_branch_dag']) retrieved from /home/data-eginner/Documents/Soccer_Data/env/lib/python3.8/site-packages/airflow/example_dags/example_nested_branch_dag.py
[2022-01-21 21:02:58,218] {logging_mixin.py:109} INFO - [2022-01-21 21:02:58,218] {dag.py:2396} INFO - Sync 1 DAGs
[2022-01-21 21:02:58,233] {logging_mixin.py:109} INFO - [2022-01-21 21:02:58,233] {dag.py:2935} INFO - Setting next_dagrun for example_nested_branch_dag to 2022-01-21 00:00:00+00:00
[2022-01-21 21:02:58,275] {processor.py:171} INFO - Processing /home/data-eginner/Documents/Soccer_Data/env/lib/python3.8/site-packages/airflow/example_dags/example_nested_branch_dag.py took 0.134 seconds
[2022-01-21 21:03:42,285] {processor.py:163} INFO - Started process (PID=111506) to work on /home/data-eginner/Documents/Soccer_Data/env/lib/python3.8/site-packages/airflow/example_dags/example_nested_branch_dag.py
[2022-01-21 21:03:42,288] {processor.py:642} INFO - Processing file /home/data-eginner/Documents/Soccer_Data/env/lib/python3.8/site-packages/airflow/example_dags/example_nested_branch_dag.py for tasks to queue
[2022-01-21 21:03:42,289] {logging_mixin.py:109} INFO - [2022-01-21 21:03:42,289] {dagbag.py:500} INFO - Filling up the DagBag from /home/data-eginner/Documents/Soccer_Data/env/lib/python3.8/site-packages/airflow/example_dags/example_nested_branch_dag.py
[2022-01-21 21:03:42,322] {processor.py:654} INFO - DAG(s) dict_keys(['example_nested_branch_dag']) retrieved from /home/data-eginner/Documents/Soccer_Data/env/lib/python3.8/site-packages/airflow/example_dags/example_nested_branch_dag.py
[2022-01-21 21:03:42,341] {logging_mixin.py:109} INFO - [2022-01-21 21:03:42,341] {dag.py:2396} INFO - Sync 1 DAGs
[2022-01-21 21:03:42,352] {logging_mixin.py:109} INFO - [2022-01-21 21:03:42,352] {dag.py:2935} INFO - Setting next_dagrun for example_nested_branch_dag to 2022-01-21 00:00:00+00:00
[2022-01-21 21:03:42,372] {processor.py:171} INFO - Processing /home/data-eginner/Documents/Soccer_Data/env/lib/python3.8/site-packages/airflow/example_dags/example_nested_branch_dag.py took 0.103 seconds
[2022-01-21 21:04:24,818] {processor.py:163} INFO - Started process (PID=111729) to work on /home/data-eginner/Documents/Soccer_Data/env/lib/python3.8/site-packages/airflow/example_dags/example_nested_branch_dag.py
[2022-01-21 21:04:24,824] {processor.py:642} INFO - Processing file /home/data-eginner/Documents/Soccer_Data/env/lib/python3.8/site-packages/airflow/example_dags/example_nested_branch_dag.py for tasks to queue
[2022-01-21 21:04:24,826] {logging_mixin.py:109} INFO - [2022-01-21 21:04:24,825] {dagbag.py:500} INFO - Filling up the DagBag from /home/data-eginner/Documents/Soccer_Data/env/lib/python3.8/site-packages/airflow/example_dags/example_nested_branch_dag.py
[2022-01-21 21:04:24,878] {processor.py:654} INFO - DAG(s) dict_keys(['example_nested_branch_dag']) retrieved from /home/data-eginner/Documents/Soccer_Data/env/lib/python3.8/site-packages/airflow/example_dags/example_nested_branch_dag.py
[2022-01-21 21:04:24,920] {logging_mixin.py:109} INFO - [2022-01-21 21:04:24,920] {dag.py:2396} INFO - Sync 1 DAGs
[2022-01-21 21:04:24,932] {logging_mixin.py:109} INFO - [2022-01-21 21:04:24,932] {dag.py:2935} INFO - Setting next_dagrun for example_nested_branch_dag to 2022-01-21 00:00:00+00:00
[2022-01-21 21:04:24,948] {processor.py:171} INFO - Processing /home/data-eginner/Documents/Soccer_Data/env/lib/python3.8/site-packages/airflow/example_dags/example_nested_branch_dag.py took 0.140 seconds
[2022-01-21 21:05:04,107] {processor.py:163} INFO - Started process (PID=111936) to work on /home/data-eginner/Documents/Soccer_Data/env/lib/python3.8/site-packages/airflow/example_dags/example_nested_branch_dag.py
[2022-01-21 21:05:04,112] {processor.py:642} INFO - Processing file /home/data-eginner/Documents/Soccer_Data/env/lib/python3.8/site-packages/airflow/example_dags/example_nested_branch_dag.py for tasks to queue
[2022-01-21 21:05:04,112] {logging_mixin.py:109} INFO - [2022-01-21 21:05:04,112] {dagbag.py:500} INFO - Filling up the DagBag from /home/data-eginner/Documents/Soccer_Data/env/lib/python3.8/site-packages/airflow/example_dags/example_nested_branch_dag.py
[2022-01-21 21:05:04,187] {processor.py:654} INFO - DAG(s) dict_keys(['example_nested_branch_dag']) retrieved from /home/data-eginner/Documents/Soccer_Data/env/lib/python3.8/site-packages/airflow/example_dags/example_nested_branch_dag.py
[2022-01-21 21:05:04,196] {logging_mixin.py:109} INFO - [2022-01-21 21:05:04,196] {dag.py:2396} INFO - Sync 1 DAGs
[2022-01-21 21:05:04,221] {logging_mixin.py:109} INFO - [2022-01-21 21:05:04,221] {dag.py:2935} INFO - Setting next_dagrun for example_nested_branch_dag to 2022-01-21 00:00:00+00:00
[2022-01-21 21:05:04,239] {processor.py:171} INFO - Processing /home/data-eginner/Documents/Soccer_Data/env/lib/python3.8/site-packages/airflow/example_dags/example_nested_branch_dag.py took 0.152 seconds
[2022-01-21 21:05:41,655] {processor.py:163} INFO - Started process (PID=112128) to work on /home/data-eginner/Documents/Soccer_Data/env/lib/python3.8/site-packages/airflow/example_dags/example_nested_branch_dag.py
[2022-01-21 21:05:41,664] {processor.py:642} INFO - Processing file /home/data-eginner/Documents/Soccer_Data/env/lib/python3.8/site-packages/airflow/example_dags/example_nested_branch_dag.py for tasks to queue
[2022-01-21 21:05:41,665] {logging_mixin.py:109} INFO - [2022-01-21 21:05:41,665] {dagbag.py:500} INFO - Filling up the DagBag from /home/data-eginner/Documents/Soccer_Data/env/lib/python3.8/site-packages/airflow/example_dags/example_nested_branch_dag.py
[2022-01-21 21:05:41,709] {processor.py:654} INFO - DAG(s) dict_keys(['example_nested_branch_dag']) retrieved from /home/data-eginner/Documents/Soccer_Data/env/lib/python3.8/site-packages/airflow/example_dags/example_nested_branch_dag.py
[2022-01-21 21:05:41,730] {logging_mixin.py:109} INFO - [2022-01-21 21:05:41,729] {dag.py:2396} INFO - Sync 1 DAGs
[2022-01-21 21:05:41,752] {logging_mixin.py:109} INFO - [2022-01-21 21:05:41,752] {dag.py:2935} INFO - Setting next_dagrun for example_nested_branch_dag to 2022-01-21 00:00:00+00:00
[2022-01-21 21:05:41,782] {processor.py:171} INFO - Processing /home/data-eginner/Documents/Soccer_Data/env/lib/python3.8/site-packages/airflow/example_dags/example_nested_branch_dag.py took 0.131 seconds
[2022-01-21 21:06:22,360] {processor.py:163} INFO - Started process (PID=112342) to work on /home/data-eginner/Documents/Soccer_Data/env/lib/python3.8/site-packages/airflow/example_dags/example_nested_branch_dag.py
[2022-01-21 21:06:22,364] {processor.py:642} INFO - Processing file /home/data-eginner/Documents/Soccer_Data/env/lib/python3.8/site-packages/airflow/example_dags/example_nested_branch_dag.py for tasks to queue
[2022-01-21 21:06:22,365] {logging_mixin.py:109} INFO - [2022-01-21 21:06:22,365] {dagbag.py:500} INFO - Filling up the DagBag from /home/data-eginner/Documents/Soccer_Data/env/lib/python3.8/site-packages/airflow/example_dags/example_nested_branch_dag.py
[2022-01-21 21:06:22,432] {processor.py:654} INFO - DAG(s) dict_keys(['example_nested_branch_dag']) retrieved from /home/data-eginner/Documents/Soccer_Data/env/lib/python3.8/site-packages/airflow/example_dags/example_nested_branch_dag.py
[2022-01-21 21:06:22,442] {logging_mixin.py:109} INFO - [2022-01-21 21:06:22,442] {dag.py:2396} INFO - Sync 1 DAGs
[2022-01-21 21:06:22,466] {logging_mixin.py:109} INFO - [2022-01-21 21:06:22,466] {dag.py:2935} INFO - Setting next_dagrun for example_nested_branch_dag to 2022-01-21 00:00:00+00:00
[2022-01-21 21:06:22,482] {processor.py:171} INFO - Processing /home/data-eginner/Documents/Soccer_Data/env/lib/python3.8/site-packages/airflow/example_dags/example_nested_branch_dag.py took 0.139 seconds
[2022-01-21 21:07:01,352] {processor.py:163} INFO - Started process (PID=112546) to work on /home/data-eginner/Documents/Soccer_Data/env/lib/python3.8/site-packages/airflow/example_dags/example_nested_branch_dag.py
[2022-01-21 21:07:01,359] {processor.py:642} INFO - Processing file /home/data-eginner/Documents/Soccer_Data/env/lib/python3.8/site-packages/airflow/example_dags/example_nested_branch_dag.py for tasks to queue
[2022-01-21 21:07:01,359] {logging_mixin.py:109} INFO - [2022-01-21 21:07:01,359] {dagbag.py:500} INFO - Filling up the DagBag from /home/data-eginner/Documents/Soccer_Data/env/lib/python3.8/site-packages/airflow/example_dags/example_nested_branch_dag.py
[2022-01-21 21:07:01,387] {processor.py:654} INFO - DAG(s) dict_keys(['example_nested_branch_dag']) retrieved from /home/data-eginner/Documents/Soccer_Data/env/lib/python3.8/site-packages/airflow/example_dags/example_nested_branch_dag.py
[2022-01-21 21:07:01,397] {logging_mixin.py:109} INFO - [2022-01-21 21:07:01,397] {dag.py:2396} INFO - Sync 1 DAGs
[2022-01-21 21:07:01,410] {logging_mixin.py:109} INFO - [2022-01-21 21:07:01,410] {dag.py:2935} INFO - Setting next_dagrun for example_nested_branch_dag to 2022-01-21 00:00:00+00:00
[2022-01-21 21:07:01,441] {processor.py:171} INFO - Processing /home/data-eginner/Documents/Soccer_Data/env/lib/python3.8/site-packages/airflow/example_dags/example_nested_branch_dag.py took 0.095 seconds
[2022-01-21 21:07:46,925] {processor.py:163} INFO - Started process (PID=112779) to work on /home/data-eginner/Documents/Soccer_Data/env/lib/python3.8/site-packages/airflow/example_dags/example_nested_branch_dag.py
[2022-01-21 21:07:46,928] {processor.py:642} INFO - Processing file /home/data-eginner/Documents/Soccer_Data/env/lib/python3.8/site-packages/airflow/example_dags/example_nested_branch_dag.py for tasks to queue
[2022-01-21 21:07:46,929] {logging_mixin.py:109} INFO - [2022-01-21 21:07:46,929] {dagbag.py:500} INFO - Filling up the DagBag from /home/data-eginner/Documents/Soccer_Data/env/lib/python3.8/site-packages/airflow/example_dags/example_nested_branch_dag.py
[2022-01-21 21:07:46,955] {processor.py:654} INFO - DAG(s) dict_keys(['example_nested_branch_dag']) retrieved from /home/data-eginner/Documents/Soccer_Data/env/lib/python3.8/site-packages/airflow/example_dags/example_nested_branch_dag.py
[2022-01-21 21:07:46,965] {logging_mixin.py:109} INFO - [2022-01-21 21:07:46,964] {dag.py:2396} INFO - Sync 1 DAGs
[2022-01-21 21:07:46,977] {logging_mixin.py:109} INFO - [2022-01-21 21:07:46,977] {dag.py:2935} INFO - Setting next_dagrun for example_nested_branch_dag to 2022-01-21 00:00:00+00:00
[2022-01-21 21:07:46,992] {processor.py:171} INFO - Processing /home/data-eginner/Documents/Soccer_Data/env/lib/python3.8/site-packages/airflow/example_dags/example_nested_branch_dag.py took 0.073 seconds
