[2022-01-21 21:00:12,874] {processor.py:163} INFO - Started process (PID=110498) to work on /home/data-eginner/Documents/Soccer_Data/env/lib/python3.8/site-packages/airflow/example_dags/example_subdag_operator.py
[2022-01-21 21:00:12,875] {processor.py:642} INFO - Processing file /home/data-eginner/Documents/Soccer_Data/env/lib/python3.8/site-packages/airflow/example_dags/example_subdag_operator.py for tasks to queue
[2022-01-21 21:00:12,876] {logging_mixin.py:109} INFO - [2022-01-21 21:00:12,876] {dagbag.py:500} INFO - Filling up the DagBag from /home/data-eginner/Documents/Soccer_Data/env/lib/python3.8/site-packages/airflow/example_dags/example_subdag_operator.py
[2022-01-21 21:00:12,953] {processor.py:654} INFO - DAG(s) dict_keys(['example_subdag_operator.section-1', 'example_subdag_operator.section-2', 'example_subdag_operator']) retrieved from /home/data-eginner/Documents/Soccer_Data/env/lib/python3.8/site-packages/airflow/example_dags/example_subdag_operator.py
[2022-01-21 21:00:13,646] {logging_mixin.py:109} INFO - [2022-01-21 21:00:13,646] {dag.py:2396} INFO - Sync 3 DAGs
[2022-01-21 21:00:13,693] {logging_mixin.py:109} INFO - [2022-01-21 21:00:13,693] {dag.py:2935} INFO - Setting next_dagrun for example_subdag_operator to 2022-01-20T00:00:00+00:00
[2022-01-21 21:00:13,694] {logging_mixin.py:109} INFO - [2022-01-21 21:00:13,694] {dag.py:2935} INFO - Setting next_dagrun for example_subdag_operator.section-1 to None
[2022-01-21 21:00:13,694] {logging_mixin.py:109} INFO - [2022-01-21 21:00:13,694] {dag.py:2935} INFO - Setting next_dagrun for example_subdag_operator.section-2 to None
[2022-01-21 21:00:13,707] {logging_mixin.py:109} INFO - [2022-01-21 21:00:13,707] {dag.py:2396} INFO - Sync 2 DAGs
[2022-01-21 21:00:13,713] {logging_mixin.py:109} INFO - [2022-01-21 21:00:13,713] {dag.py:2935} INFO - Setting next_dagrun for example_subdag_operator.section-1 to None
[2022-01-21 21:00:13,714] {logging_mixin.py:109} INFO - [2022-01-21 21:00:13,714] {dag.py:2935} INFO - Setting next_dagrun for example_subdag_operator.section-2 to None
[2022-01-21 21:00:13,749] {processor.py:171} INFO - Processing /home/data-eginner/Documents/Soccer_Data/env/lib/python3.8/site-packages/airflow/example_dags/example_subdag_operator.py took 0.878 seconds
[2022-01-21 21:01:15,517] {processor.py:163} INFO - Started process (PID=110821) to work on /home/data-eginner/Documents/Soccer_Data/env/lib/python3.8/site-packages/airflow/example_dags/example_subdag_operator.py
[2022-01-21 21:01:15,530] {processor.py:642} INFO - Processing file /home/data-eginner/Documents/Soccer_Data/env/lib/python3.8/site-packages/airflow/example_dags/example_subdag_operator.py for tasks to queue
[2022-01-21 21:01:15,531] {logging_mixin.py:109} INFO - [2022-01-21 21:01:15,531] {dagbag.py:500} INFO - Filling up the DagBag from /home/data-eginner/Documents/Soccer_Data/env/lib/python3.8/site-packages/airflow/example_dags/example_subdag_operator.py
[2022-01-21 21:01:15,561] {processor.py:654} INFO - DAG(s) dict_keys(['example_subdag_operator.section-1', 'example_subdag_operator.section-2', 'example_subdag_operator']) retrieved from /home/data-eginner/Documents/Soccer_Data/env/lib/python3.8/site-packages/airflow/example_dags/example_subdag_operator.py
[2022-01-21 21:01:15,570] {logging_mixin.py:109} INFO - [2022-01-21 21:01:15,570] {dag.py:2396} INFO - Sync 3 DAGs
[2022-01-21 21:01:15,582] {logging_mixin.py:109} INFO - [2022-01-21 21:01:15,582] {dag.py:2935} INFO - Setting next_dagrun for example_subdag_operator to 2022-01-20T00:00:00+00:00
[2022-01-21 21:01:15,582] {logging_mixin.py:109} INFO - [2022-01-21 21:01:15,582] {dag.py:2935} INFO - Setting next_dagrun for example_subdag_operator.section-1 to None
[2022-01-21 21:01:15,582] {logging_mixin.py:109} INFO - [2022-01-21 21:01:15,582] {dag.py:2935} INFO - Setting next_dagrun for example_subdag_operator.section-2 to None
[2022-01-21 21:01:15,586] {logging_mixin.py:109} INFO - [2022-01-21 21:01:15,586] {dag.py:2396} INFO - Sync 2 DAGs
[2022-01-21 21:01:15,592] {logging_mixin.py:109} INFO - [2022-01-21 21:01:15,592] {dag.py:2935} INFO - Setting next_dagrun for example_subdag_operator.section-1 to None
[2022-01-21 21:01:15,592] {logging_mixin.py:109} INFO - [2022-01-21 21:01:15,592] {dag.py:2935} INFO - Setting next_dagrun for example_subdag_operator.section-2 to None
[2022-01-21 21:01:15,636] {processor.py:171} INFO - Processing /home/data-eginner/Documents/Soccer_Data/env/lib/python3.8/site-packages/airflow/example_dags/example_subdag_operator.py took 0.125 seconds
[2022-01-21 21:02:13,981] {processor.py:163} INFO - Started process (PID=111097) to work on /home/data-eginner/Documents/Soccer_Data/env/lib/python3.8/site-packages/airflow/example_dags/example_subdag_operator.py
[2022-01-21 21:02:13,995] {processor.py:642} INFO - Processing file /home/data-eginner/Documents/Soccer_Data/env/lib/python3.8/site-packages/airflow/example_dags/example_subdag_operator.py for tasks to queue
[2022-01-21 21:02:13,996] {logging_mixin.py:109} INFO - [2022-01-21 21:02:13,996] {dagbag.py:500} INFO - Filling up the DagBag from /home/data-eginner/Documents/Soccer_Data/env/lib/python3.8/site-packages/airflow/example_dags/example_subdag_operator.py
[2022-01-21 21:02:14,021] {processor.py:654} INFO - DAG(s) dict_keys(['example_subdag_operator.section-1', 'example_subdag_operator.section-2', 'example_subdag_operator']) retrieved from /home/data-eginner/Documents/Soccer_Data/env/lib/python3.8/site-packages/airflow/example_dags/example_subdag_operator.py
[2022-01-21 21:02:14,031] {logging_mixin.py:109} INFO - [2022-01-21 21:02:14,031] {dag.py:2396} INFO - Sync 3 DAGs
[2022-01-21 21:02:14,043] {logging_mixin.py:109} INFO - [2022-01-21 21:02:14,043] {dag.py:2935} INFO - Setting next_dagrun for example_subdag_operator to 2022-01-20T00:00:00+00:00
[2022-01-21 21:02:14,043] {logging_mixin.py:109} INFO - [2022-01-21 21:02:14,043] {dag.py:2935} INFO - Setting next_dagrun for example_subdag_operator.section-1 to None
[2022-01-21 21:02:14,044] {logging_mixin.py:109} INFO - [2022-01-21 21:02:14,043] {dag.py:2935} INFO - Setting next_dagrun for example_subdag_operator.section-2 to None
[2022-01-21 21:02:14,048] {logging_mixin.py:109} INFO - [2022-01-21 21:02:14,048] {dag.py:2396} INFO - Sync 2 DAGs
[2022-01-21 21:02:14,053] {logging_mixin.py:109} INFO - [2022-01-21 21:02:14,053] {dag.py:2935} INFO - Setting next_dagrun for example_subdag_operator.section-1 to None
[2022-01-21 21:02:14,053] {logging_mixin.py:109} INFO - [2022-01-21 21:02:14,053] {dag.py:2935} INFO - Setting next_dagrun for example_subdag_operator.section-2 to None
[2022-01-21 21:02:14,067] {processor.py:171} INFO - Processing /home/data-eginner/Documents/Soccer_Data/env/lib/python3.8/site-packages/airflow/example_dags/example_subdag_operator.py took 0.091 seconds
[2022-01-21 21:03:16,961] {processor.py:163} INFO - Started process (PID=111378) to work on /home/data-eginner/Documents/Soccer_Data/env/lib/python3.8/site-packages/airflow/example_dags/example_subdag_operator.py
[2022-01-21 21:03:16,993] {processor.py:642} INFO - Processing file /home/data-eginner/Documents/Soccer_Data/env/lib/python3.8/site-packages/airflow/example_dags/example_subdag_operator.py for tasks to queue
[2022-01-21 21:03:16,994] {logging_mixin.py:109} INFO - [2022-01-21 21:03:16,994] {dagbag.py:500} INFO - Filling up the DagBag from /home/data-eginner/Documents/Soccer_Data/env/lib/python3.8/site-packages/airflow/example_dags/example_subdag_operator.py
[2022-01-21 21:03:17,072] {processor.py:654} INFO - DAG(s) dict_keys(['example_subdag_operator.section-1', 'example_subdag_operator.section-2', 'example_subdag_operator']) retrieved from /home/data-eginner/Documents/Soccer_Data/env/lib/python3.8/site-packages/airflow/example_dags/example_subdag_operator.py
[2022-01-21 21:03:17,099] {logging_mixin.py:109} INFO - [2022-01-21 21:03:17,099] {dag.py:2396} INFO - Sync 3 DAGs
[2022-01-21 21:03:17,123] {logging_mixin.py:109} INFO - [2022-01-21 21:03:17,123] {dag.py:2935} INFO - Setting next_dagrun for example_subdag_operator to 2022-01-20T00:00:00+00:00
[2022-01-21 21:03:17,123] {logging_mixin.py:109} INFO - [2022-01-21 21:03:17,123] {dag.py:2935} INFO - Setting next_dagrun for example_subdag_operator.section-1 to None
[2022-01-21 21:03:17,123] {logging_mixin.py:109} INFO - [2022-01-21 21:03:17,123] {dag.py:2935} INFO - Setting next_dagrun for example_subdag_operator.section-2 to None
[2022-01-21 21:03:17,152] {logging_mixin.py:109} INFO - [2022-01-21 21:03:17,152] {dag.py:2396} INFO - Sync 2 DAGs
[2022-01-21 21:03:17,157] {logging_mixin.py:109} INFO - [2022-01-21 21:03:17,157] {dag.py:2935} INFO - Setting next_dagrun for example_subdag_operator.section-1 to None
[2022-01-21 21:03:17,158] {logging_mixin.py:109} INFO - [2022-01-21 21:03:17,157] {dag.py:2935} INFO - Setting next_dagrun for example_subdag_operator.section-2 to None
[2022-01-21 21:03:17,186] {processor.py:171} INFO - Processing /home/data-eginner/Documents/Soccer_Data/env/lib/python3.8/site-packages/airflow/example_dags/example_subdag_operator.py took 0.227 seconds
[2022-01-21 21:03:58,071] {processor.py:163} INFO - Started process (PID=111590) to work on /home/data-eginner/Documents/Soccer_Data/env/lib/python3.8/site-packages/airflow/example_dags/example_subdag_operator.py
[2022-01-21 21:03:58,094] {processor.py:642} INFO - Processing file /home/data-eginner/Documents/Soccer_Data/env/lib/python3.8/site-packages/airflow/example_dags/example_subdag_operator.py for tasks to queue
[2022-01-21 21:03:58,095] {logging_mixin.py:109} INFO - [2022-01-21 21:03:58,095] {dagbag.py:500} INFO - Filling up the DagBag from /home/data-eginner/Documents/Soccer_Data/env/lib/python3.8/site-packages/airflow/example_dags/example_subdag_operator.py
[2022-01-21 21:03:58,122] {processor.py:654} INFO - DAG(s) dict_keys(['example_subdag_operator.section-1', 'example_subdag_operator.section-2', 'example_subdag_operator']) retrieved from /home/data-eginner/Documents/Soccer_Data/env/lib/python3.8/site-packages/airflow/example_dags/example_subdag_operator.py
[2022-01-21 21:03:58,131] {logging_mixin.py:109} INFO - [2022-01-21 21:03:58,131] {dag.py:2396} INFO - Sync 3 DAGs
[2022-01-21 21:03:58,142] {logging_mixin.py:109} INFO - [2022-01-21 21:03:58,141] {dag.py:2935} INFO - Setting next_dagrun for example_subdag_operator to 2022-01-20T00:00:00+00:00
[2022-01-21 21:03:58,142] {logging_mixin.py:109} INFO - [2022-01-21 21:03:58,142] {dag.py:2935} INFO - Setting next_dagrun for example_subdag_operator.section-1 to None
[2022-01-21 21:03:58,142] {logging_mixin.py:109} INFO - [2022-01-21 21:03:58,142] {dag.py:2935} INFO - Setting next_dagrun for example_subdag_operator.section-2 to None
[2022-01-21 21:03:58,146] {logging_mixin.py:109} INFO - [2022-01-21 21:03:58,146] {dag.py:2396} INFO - Sync 2 DAGs
[2022-01-21 21:03:58,152] {logging_mixin.py:109} INFO - [2022-01-21 21:03:58,152] {dag.py:2935} INFO - Setting next_dagrun for example_subdag_operator.section-1 to None
[2022-01-21 21:03:58,152] {logging_mixin.py:109} INFO - [2022-01-21 21:03:58,152] {dag.py:2935} INFO - Setting next_dagrun for example_subdag_operator.section-2 to None
[2022-01-21 21:03:58,166] {processor.py:171} INFO - Processing /home/data-eginner/Documents/Soccer_Data/env/lib/python3.8/site-packages/airflow/example_dags/example_subdag_operator.py took 0.097 seconds
[2022-01-21 21:04:37,954] {processor.py:163} INFO - Started process (PID=111805) to work on /home/data-eginner/Documents/Soccer_Data/env/lib/python3.8/site-packages/airflow/example_dags/example_subdag_operator.py
[2022-01-21 21:04:37,968] {processor.py:642} INFO - Processing file /home/data-eginner/Documents/Soccer_Data/env/lib/python3.8/site-packages/airflow/example_dags/example_subdag_operator.py for tasks to queue
[2022-01-21 21:04:37,969] {logging_mixin.py:109} INFO - [2022-01-21 21:04:37,969] {dagbag.py:500} INFO - Filling up the DagBag from /home/data-eginner/Documents/Soccer_Data/env/lib/python3.8/site-packages/airflow/example_dags/example_subdag_operator.py
[2022-01-21 21:04:38,028] {processor.py:654} INFO - DAG(s) dict_keys(['example_subdag_operator.section-1', 'example_subdag_operator.section-2', 'example_subdag_operator']) retrieved from /home/data-eginner/Documents/Soccer_Data/env/lib/python3.8/site-packages/airflow/example_dags/example_subdag_operator.py
[2022-01-21 21:04:38,059] {logging_mixin.py:109} INFO - [2022-01-21 21:04:38,058] {dag.py:2396} INFO - Sync 3 DAGs
[2022-01-21 21:04:38,080] {logging_mixin.py:109} INFO - [2022-01-21 21:04:38,079] {dag.py:2935} INFO - Setting next_dagrun for example_subdag_operator to 2022-01-20T00:00:00+00:00
[2022-01-21 21:04:38,080] {logging_mixin.py:109} INFO - [2022-01-21 21:04:38,080] {dag.py:2935} INFO - Setting next_dagrun for example_subdag_operator.section-1 to None
[2022-01-21 21:04:38,080] {logging_mixin.py:109} INFO - [2022-01-21 21:04:38,080] {dag.py:2935} INFO - Setting next_dagrun for example_subdag_operator.section-2 to None
[2022-01-21 21:04:38,089] {logging_mixin.py:109} INFO - [2022-01-21 21:04:38,089] {dag.py:2396} INFO - Sync 2 DAGs
[2022-01-21 21:04:38,093] {logging_mixin.py:109} INFO - [2022-01-21 21:04:38,093] {dag.py:2935} INFO - Setting next_dagrun for example_subdag_operator.section-1 to None
[2022-01-21 21:04:38,094] {logging_mixin.py:109} INFO - [2022-01-21 21:04:38,094] {dag.py:2935} INFO - Setting next_dagrun for example_subdag_operator.section-2 to None
[2022-01-21 21:04:38,121] {processor.py:171} INFO - Processing /home/data-eginner/Documents/Soccer_Data/env/lib/python3.8/site-packages/airflow/example_dags/example_subdag_operator.py took 0.170 seconds
[2022-01-21 21:05:15,699] {processor.py:163} INFO - Started process (PID=112002) to work on /home/data-eginner/Documents/Soccer_Data/env/lib/python3.8/site-packages/airflow/example_dags/example_subdag_operator.py
[2022-01-21 21:05:15,703] {processor.py:642} INFO - Processing file /home/data-eginner/Documents/Soccer_Data/env/lib/python3.8/site-packages/airflow/example_dags/example_subdag_operator.py for tasks to queue
[2022-01-21 21:05:15,709] {logging_mixin.py:109} INFO - [2022-01-21 21:05:15,709] {dagbag.py:500} INFO - Filling up the DagBag from /home/data-eginner/Documents/Soccer_Data/env/lib/python3.8/site-packages/airflow/example_dags/example_subdag_operator.py
[2022-01-21 21:05:15,744] {processor.py:654} INFO - DAG(s) dict_keys(['example_subdag_operator.section-1', 'example_subdag_operator.section-2', 'example_subdag_operator']) retrieved from /home/data-eginner/Documents/Soccer_Data/env/lib/python3.8/site-packages/airflow/example_dags/example_subdag_operator.py
[2022-01-21 21:05:15,753] {logging_mixin.py:109} INFO - [2022-01-21 21:05:15,753] {dag.py:2396} INFO - Sync 3 DAGs
[2022-01-21 21:05:15,765] {logging_mixin.py:109} INFO - [2022-01-21 21:05:15,765] {dag.py:2935} INFO - Setting next_dagrun for example_subdag_operator to 2022-01-20T00:00:00+00:00
[2022-01-21 21:05:15,765] {logging_mixin.py:109} INFO - [2022-01-21 21:05:15,765] {dag.py:2935} INFO - Setting next_dagrun for example_subdag_operator.section-1 to None
[2022-01-21 21:05:15,765] {logging_mixin.py:109} INFO - [2022-01-21 21:05:15,765] {dag.py:2935} INFO - Setting next_dagrun for example_subdag_operator.section-2 to None
[2022-01-21 21:05:15,770] {logging_mixin.py:109} INFO - [2022-01-21 21:05:15,770] {dag.py:2396} INFO - Sync 2 DAGs
[2022-01-21 21:05:15,776] {logging_mixin.py:109} INFO - [2022-01-21 21:05:15,775] {dag.py:2935} INFO - Setting next_dagrun for example_subdag_operator.section-1 to None
[2022-01-21 21:05:15,776] {logging_mixin.py:109} INFO - [2022-01-21 21:05:15,776] {dag.py:2935} INFO - Setting next_dagrun for example_subdag_operator.section-2 to None
[2022-01-21 21:05:15,789] {processor.py:171} INFO - Processing /home/data-eginner/Documents/Soccer_Data/env/lib/python3.8/site-packages/airflow/example_dags/example_subdag_operator.py took 0.098 seconds
[2022-01-21 21:05:53,762] {processor.py:163} INFO - Started process (PID=112190) to work on /home/data-eginner/Documents/Soccer_Data/env/lib/python3.8/site-packages/airflow/example_dags/example_subdag_operator.py
[2022-01-21 21:05:53,779] {processor.py:642} INFO - Processing file /home/data-eginner/Documents/Soccer_Data/env/lib/python3.8/site-packages/airflow/example_dags/example_subdag_operator.py for tasks to queue
[2022-01-21 21:05:53,780] {logging_mixin.py:109} INFO - [2022-01-21 21:05:53,780] {dagbag.py:500} INFO - Filling up the DagBag from /home/data-eginner/Documents/Soccer_Data/env/lib/python3.8/site-packages/airflow/example_dags/example_subdag_operator.py
[2022-01-21 21:05:53,806] {processor.py:654} INFO - DAG(s) dict_keys(['example_subdag_operator.section-1', 'example_subdag_operator.section-2', 'example_subdag_operator']) retrieved from /home/data-eginner/Documents/Soccer_Data/env/lib/python3.8/site-packages/airflow/example_dags/example_subdag_operator.py
[2022-01-21 21:05:53,816] {logging_mixin.py:109} INFO - [2022-01-21 21:05:53,816] {dag.py:2396} INFO - Sync 3 DAGs
[2022-01-21 21:05:53,827] {logging_mixin.py:109} INFO - [2022-01-21 21:05:53,827] {dag.py:2935} INFO - Setting next_dagrun for example_subdag_operator to 2022-01-20T00:00:00+00:00
[2022-01-21 21:05:53,827] {logging_mixin.py:109} INFO - [2022-01-21 21:05:53,827] {dag.py:2935} INFO - Setting next_dagrun for example_subdag_operator.section-1 to None
[2022-01-21 21:05:53,827] {logging_mixin.py:109} INFO - [2022-01-21 21:05:53,827] {dag.py:2935} INFO - Setting next_dagrun for example_subdag_operator.section-2 to None
[2022-01-21 21:05:53,831] {logging_mixin.py:109} INFO - [2022-01-21 21:05:53,831] {dag.py:2396} INFO - Sync 2 DAGs
[2022-01-21 21:05:53,837] {logging_mixin.py:109} INFO - [2022-01-21 21:05:53,837] {dag.py:2935} INFO - Setting next_dagrun for example_subdag_operator.section-1 to None
[2022-01-21 21:05:53,837] {logging_mixin.py:109} INFO - [2022-01-21 21:05:53,837] {dag.py:2935} INFO - Setting next_dagrun for example_subdag_operator.section-2 to None
[2022-01-21 21:05:54,150] {processor.py:171} INFO - Processing /home/data-eginner/Documents/Soccer_Data/env/lib/python3.8/site-packages/airflow/example_dags/example_subdag_operator.py took 0.404 seconds
[2022-01-21 21:06:30,280] {processor.py:163} INFO - Started process (PID=112390) to work on /home/data-eginner/Documents/Soccer_Data/env/lib/python3.8/site-packages/airflow/example_dags/example_subdag_operator.py
[2022-01-21 21:06:30,282] {processor.py:642} INFO - Processing file /home/data-eginner/Documents/Soccer_Data/env/lib/python3.8/site-packages/airflow/example_dags/example_subdag_operator.py for tasks to queue
[2022-01-21 21:06:30,282] {logging_mixin.py:109} INFO - [2022-01-21 21:06:30,282] {dagbag.py:500} INFO - Filling up the DagBag from /home/data-eginner/Documents/Soccer_Data/env/lib/python3.8/site-packages/airflow/example_dags/example_subdag_operator.py
[2022-01-21 21:06:30,318] {processor.py:654} INFO - DAG(s) dict_keys(['example_subdag_operator.section-1', 'example_subdag_operator.section-2', 'example_subdag_operator']) retrieved from /home/data-eginner/Documents/Soccer_Data/env/lib/python3.8/site-packages/airflow/example_dags/example_subdag_operator.py
[2022-01-21 21:06:30,339] {logging_mixin.py:109} INFO - [2022-01-21 21:06:30,338] {dag.py:2396} INFO - Sync 3 DAGs
[2022-01-21 21:06:30,352] {logging_mixin.py:109} INFO - [2022-01-21 21:06:30,352] {dag.py:2935} INFO - Setting next_dagrun for example_subdag_operator to 2022-01-20T00:00:00+00:00
[2022-01-21 21:06:30,352] {logging_mixin.py:109} INFO - [2022-01-21 21:06:30,352] {dag.py:2935} INFO - Setting next_dagrun for example_subdag_operator.section-1 to None
[2022-01-21 21:06:30,352] {logging_mixin.py:109} INFO - [2022-01-21 21:06:30,352] {dag.py:2935} INFO - Setting next_dagrun for example_subdag_operator.section-2 to None
[2022-01-21 21:06:30,382] {logging_mixin.py:109} INFO - [2022-01-21 21:06:30,382] {dag.py:2396} INFO - Sync 2 DAGs
[2022-01-21 21:06:30,387] {logging_mixin.py:109} INFO - [2022-01-21 21:06:30,387] {dag.py:2935} INFO - Setting next_dagrun for example_subdag_operator.section-1 to None
[2022-01-21 21:06:30,387] {logging_mixin.py:109} INFO - [2022-01-21 21:06:30,387] {dag.py:2935} INFO - Setting next_dagrun for example_subdag_operator.section-2 to None
[2022-01-21 21:06:30,412] {processor.py:171} INFO - Processing /home/data-eginner/Documents/Soccer_Data/env/lib/python3.8/site-packages/airflow/example_dags/example_subdag_operator.py took 0.135 seconds
[2022-01-21 21:07:09,051] {processor.py:163} INFO - Started process (PID=112587) to work on /home/data-eginner/Documents/Soccer_Data/env/lib/python3.8/site-packages/airflow/example_dags/example_subdag_operator.py
[2022-01-21 21:07:09,070] {processor.py:642} INFO - Processing file /home/data-eginner/Documents/Soccer_Data/env/lib/python3.8/site-packages/airflow/example_dags/example_subdag_operator.py for tasks to queue
[2022-01-21 21:07:09,070] {logging_mixin.py:109} INFO - [2022-01-21 21:07:09,070] {dagbag.py:500} INFO - Filling up the DagBag from /home/data-eginner/Documents/Soccer_Data/env/lib/python3.8/site-packages/airflow/example_dags/example_subdag_operator.py
[2022-01-21 21:07:09,100] {processor.py:654} INFO - DAG(s) dict_keys(['example_subdag_operator.section-1', 'example_subdag_operator.section-2', 'example_subdag_operator']) retrieved from /home/data-eginner/Documents/Soccer_Data/env/lib/python3.8/site-packages/airflow/example_dags/example_subdag_operator.py
[2022-01-21 21:07:09,109] {logging_mixin.py:109} INFO - [2022-01-21 21:07:09,109] {dag.py:2396} INFO - Sync 3 DAGs
[2022-01-21 21:07:09,120] {logging_mixin.py:109} INFO - [2022-01-21 21:07:09,120] {dag.py:2935} INFO - Setting next_dagrun for example_subdag_operator to 2022-01-20T00:00:00+00:00
[2022-01-21 21:07:09,120] {logging_mixin.py:109} INFO - [2022-01-21 21:07:09,120] {dag.py:2935} INFO - Setting next_dagrun for example_subdag_operator.section-1 to None
[2022-01-21 21:07:09,121] {logging_mixin.py:109} INFO - [2022-01-21 21:07:09,121] {dag.py:2935} INFO - Setting next_dagrun for example_subdag_operator.section-2 to None
[2022-01-21 21:07:09,127] {logging_mixin.py:109} INFO - [2022-01-21 21:07:09,127] {dag.py:2396} INFO - Sync 2 DAGs
[2022-01-21 21:07:09,132] {logging_mixin.py:109} INFO - [2022-01-21 21:07:09,132] {dag.py:2935} INFO - Setting next_dagrun for example_subdag_operator.section-1 to None
[2022-01-21 21:07:09,132] {logging_mixin.py:109} INFO - [2022-01-21 21:07:09,132] {dag.py:2935} INFO - Setting next_dagrun for example_subdag_operator.section-2 to None
[2022-01-21 21:07:09,146] {processor.py:171} INFO - Processing /home/data-eginner/Documents/Soccer_Data/env/lib/python3.8/site-packages/airflow/example_dags/example_subdag_operator.py took 0.103 seconds
[2022-01-21 21:07:52,602] {processor.py:163} INFO - Started process (PID=112834) to work on /home/data-eginner/Documents/Soccer_Data/env/lib/python3.8/site-packages/airflow/example_dags/example_subdag_operator.py
[2022-01-21 21:07:52,605] {processor.py:642} INFO - Processing file /home/data-eginner/Documents/Soccer_Data/env/lib/python3.8/site-packages/airflow/example_dags/example_subdag_operator.py for tasks to queue
[2022-01-21 21:07:52,606] {logging_mixin.py:109} INFO - [2022-01-21 21:07:52,606] {dagbag.py:500} INFO - Filling up the DagBag from /home/data-eginner/Documents/Soccer_Data/env/lib/python3.8/site-packages/airflow/example_dags/example_subdag_operator.py
[2022-01-21 21:07:52,652] {processor.py:654} INFO - DAG(s) dict_keys(['example_subdag_operator.section-1', 'example_subdag_operator.section-2', 'example_subdag_operator']) retrieved from /home/data-eginner/Documents/Soccer_Data/env/lib/python3.8/site-packages/airflow/example_dags/example_subdag_operator.py
[2022-01-21 21:07:52,669] {logging_mixin.py:109} INFO - [2022-01-21 21:07:52,669] {dag.py:2396} INFO - Sync 3 DAGs
[2022-01-21 21:07:52,684] {logging_mixin.py:109} INFO - [2022-01-21 21:07:52,684] {dag.py:2935} INFO - Setting next_dagrun for example_subdag_operator to 2022-01-20T00:00:00+00:00
[2022-01-21 21:07:52,684] {logging_mixin.py:109} INFO - [2022-01-21 21:07:52,684] {dag.py:2935} INFO - Setting next_dagrun for example_subdag_operator.section-1 to None
[2022-01-21 21:07:52,685] {logging_mixin.py:109} INFO - [2022-01-21 21:07:52,685] {dag.py:2935} INFO - Setting next_dagrun for example_subdag_operator.section-2 to None
[2022-01-21 21:07:52,689] {logging_mixin.py:109} INFO - [2022-01-21 21:07:52,689] {dag.py:2396} INFO - Sync 2 DAGs
[2022-01-21 21:07:52,694] {logging_mixin.py:109} INFO - [2022-01-21 21:07:52,694] {dag.py:2935} INFO - Setting next_dagrun for example_subdag_operator.section-1 to None
[2022-01-21 21:07:52,694] {logging_mixin.py:109} INFO - [2022-01-21 21:07:52,694] {dag.py:2935} INFO - Setting next_dagrun for example_subdag_operator.section-2 to None
[2022-01-21 21:07:52,734] {processor.py:171} INFO - Processing /home/data-eginner/Documents/Soccer_Data/env/lib/python3.8/site-packages/airflow/example_dags/example_subdag_operator.py took 0.161 seconds
