[2022-01-21 21:00:15,021] {processor.py:163} INFO - Started process (PID=110509) to work on /home/data-eginner/Documents/Soccer_Data/env/lib/python3.8/site-packages/airflow/example_dags/example_branch_operator.py
[2022-01-21 21:00:15,022] {processor.py:642} INFO - Processing file /home/data-eginner/Documents/Soccer_Data/env/lib/python3.8/site-packages/airflow/example_dags/example_branch_operator.py for tasks to queue
[2022-01-21 21:00:15,023] {logging_mixin.py:109} INFO - [2022-01-21 21:00:15,023] {dagbag.py:500} INFO - Filling up the DagBag from /home/data-eginner/Documents/Soccer_Data/env/lib/python3.8/site-packages/airflow/example_dags/example_branch_operator.py
[2022-01-21 21:00:15,155] {processor.py:654} INFO - DAG(s) dict_keys(['example_branch_operator']) retrieved from /home/data-eginner/Documents/Soccer_Data/env/lib/python3.8/site-packages/airflow/example_dags/example_branch_operator.py
[2022-01-21 21:00:15,163] {logging_mixin.py:109} INFO - [2022-01-21 21:00:15,163] {dag.py:2396} INFO - Sync 1 DAGs
[2022-01-21 21:00:15,212] {logging_mixin.py:109} INFO - [2022-01-21 21:00:15,211] {dag.py:2935} INFO - Setting next_dagrun for example_branch_operator to 2022-01-21 00:00:00+00:00
[2022-01-21 21:00:15,232] {processor.py:171} INFO - Processing /home/data-eginner/Documents/Soccer_Data/env/lib/python3.8/site-packages/airflow/example_dags/example_branch_operator.py took 0.240 seconds
[2022-01-21 21:01:16,754] {processor.py:163} INFO - Started process (PID=110827) to work on /home/data-eginner/Documents/Soccer_Data/env/lib/python3.8/site-packages/airflow/example_dags/example_branch_operator.py
[2022-01-21 21:01:16,756] {processor.py:642} INFO - Processing file /home/data-eginner/Documents/Soccer_Data/env/lib/python3.8/site-packages/airflow/example_dags/example_branch_operator.py for tasks to queue
[2022-01-21 21:01:16,756] {logging_mixin.py:109} INFO - [2022-01-21 21:01:16,756] {dagbag.py:500} INFO - Filling up the DagBag from /home/data-eginner/Documents/Soccer_Data/env/lib/python3.8/site-packages/airflow/example_dags/example_branch_operator.py
[2022-01-21 21:01:16,780] {processor.py:654} INFO - DAG(s) dict_keys(['example_branch_operator']) retrieved from /home/data-eginner/Documents/Soccer_Data/env/lib/python3.8/site-packages/airflow/example_dags/example_branch_operator.py
[2022-01-21 21:01:16,789] {logging_mixin.py:109} INFO - [2022-01-21 21:01:16,788] {dag.py:2396} INFO - Sync 1 DAGs
[2022-01-21 21:01:16,801] {logging_mixin.py:109} INFO - [2022-01-21 21:01:16,801] {dag.py:2935} INFO - Setting next_dagrun for example_branch_operator to 2022-01-21 00:00:00+00:00
[2022-01-21 21:01:16,818] {processor.py:171} INFO - Processing /home/data-eginner/Documents/Soccer_Data/env/lib/python3.8/site-packages/airflow/example_dags/example_branch_operator.py took 0.068 seconds
[2022-01-21 21:02:14,994] {processor.py:163} INFO - Started process (PID=111102) to work on /home/data-eginner/Documents/Soccer_Data/env/lib/python3.8/site-packages/airflow/example_dags/example_branch_operator.py
[2022-01-21 21:02:15,044] {processor.py:642} INFO - Processing file /home/data-eginner/Documents/Soccer_Data/env/lib/python3.8/site-packages/airflow/example_dags/example_branch_operator.py for tasks to queue
[2022-01-21 21:02:15,045] {logging_mixin.py:109} INFO - [2022-01-21 21:02:15,045] {dagbag.py:500} INFO - Filling up the DagBag from /home/data-eginner/Documents/Soccer_Data/env/lib/python3.8/site-packages/airflow/example_dags/example_branch_operator.py
[2022-01-21 21:02:15,100] {processor.py:654} INFO - DAG(s) dict_keys(['example_branch_operator']) retrieved from /home/data-eginner/Documents/Soccer_Data/env/lib/python3.8/site-packages/airflow/example_dags/example_branch_operator.py
[2022-01-21 21:02:15,119] {logging_mixin.py:109} INFO - [2022-01-21 21:02:15,119] {dag.py:2396} INFO - Sync 1 DAGs
[2022-01-21 21:02:15,151] {logging_mixin.py:109} INFO - [2022-01-21 21:02:15,151] {dag.py:2935} INFO - Setting next_dagrun for example_branch_operator to 2022-01-21 00:00:00+00:00
[2022-01-21 21:02:15,166] {processor.py:171} INFO - Processing /home/data-eginner/Documents/Soccer_Data/env/lib/python3.8/site-packages/airflow/example_dags/example_branch_operator.py took 0.192 seconds
[2022-01-21 21:03:18,387] {processor.py:163} INFO - Started process (PID=111384) to work on /home/data-eginner/Documents/Soccer_Data/env/lib/python3.8/site-packages/airflow/example_dags/example_branch_operator.py
[2022-01-21 21:03:18,389] {processor.py:642} INFO - Processing file /home/data-eginner/Documents/Soccer_Data/env/lib/python3.8/site-packages/airflow/example_dags/example_branch_operator.py for tasks to queue
[2022-01-21 21:03:18,390] {logging_mixin.py:109} INFO - [2022-01-21 21:03:18,390] {dagbag.py:500} INFO - Filling up the DagBag from /home/data-eginner/Documents/Soccer_Data/env/lib/python3.8/site-packages/airflow/example_dags/example_branch_operator.py
[2022-01-21 21:03:18,452] {processor.py:654} INFO - DAG(s) dict_keys(['example_branch_operator']) retrieved from /home/data-eginner/Documents/Soccer_Data/env/lib/python3.8/site-packages/airflow/example_dags/example_branch_operator.py
[2022-01-21 21:03:18,473] {logging_mixin.py:109} INFO - [2022-01-21 21:03:18,473] {dag.py:2396} INFO - Sync 1 DAGs
[2022-01-21 21:03:18,496] {logging_mixin.py:109} INFO - [2022-01-21 21:03:18,496] {dag.py:2935} INFO - Setting next_dagrun for example_branch_operator to 2022-01-21 00:00:00+00:00
[2022-01-21 21:03:18,568] {processor.py:171} INFO - Processing /home/data-eginner/Documents/Soccer_Data/env/lib/python3.8/site-packages/airflow/example_dags/example_branch_operator.py took 0.183 seconds
[2022-01-21 21:03:59,233] {processor.py:163} INFO - Started process (PID=111596) to work on /home/data-eginner/Documents/Soccer_Data/env/lib/python3.8/site-packages/airflow/example_dags/example_branch_operator.py
[2022-01-21 21:03:59,238] {processor.py:642} INFO - Processing file /home/data-eginner/Documents/Soccer_Data/env/lib/python3.8/site-packages/airflow/example_dags/example_branch_operator.py for tasks to queue
[2022-01-21 21:03:59,239] {logging_mixin.py:109} INFO - [2022-01-21 21:03:59,239] {dagbag.py:500} INFO - Filling up the DagBag from /home/data-eginner/Documents/Soccer_Data/env/lib/python3.8/site-packages/airflow/example_dags/example_branch_operator.py
[2022-01-21 21:03:59,267] {processor.py:654} INFO - DAG(s) dict_keys(['example_branch_operator']) retrieved from /home/data-eginner/Documents/Soccer_Data/env/lib/python3.8/site-packages/airflow/example_dags/example_branch_operator.py
[2022-01-21 21:03:59,276] {logging_mixin.py:109} INFO - [2022-01-21 21:03:59,276] {dag.py:2396} INFO - Sync 1 DAGs
[2022-01-21 21:03:59,288] {logging_mixin.py:109} INFO - [2022-01-21 21:03:59,288] {dag.py:2935} INFO - Setting next_dagrun for example_branch_operator to 2022-01-21 00:00:00+00:00
[2022-01-21 21:03:59,306] {processor.py:171} INFO - Processing /home/data-eginner/Documents/Soccer_Data/env/lib/python3.8/site-packages/airflow/example_dags/example_branch_operator.py took 0.081 seconds
[2022-01-21 21:04:39,241] {processor.py:163} INFO - Started process (PID=111811) to work on /home/data-eginner/Documents/Soccer_Data/env/lib/python3.8/site-packages/airflow/example_dags/example_branch_operator.py
[2022-01-21 21:04:39,245] {processor.py:642} INFO - Processing file /home/data-eginner/Documents/Soccer_Data/env/lib/python3.8/site-packages/airflow/example_dags/example_branch_operator.py for tasks to queue
[2022-01-21 21:04:39,245] {logging_mixin.py:109} INFO - [2022-01-21 21:04:39,245] {dagbag.py:500} INFO - Filling up the DagBag from /home/data-eginner/Documents/Soccer_Data/env/lib/python3.8/site-packages/airflow/example_dags/example_branch_operator.py
[2022-01-21 21:04:39,270] {processor.py:654} INFO - DAG(s) dict_keys(['example_branch_operator']) retrieved from /home/data-eginner/Documents/Soccer_Data/env/lib/python3.8/site-packages/airflow/example_dags/example_branch_operator.py
[2022-01-21 21:04:39,281] {logging_mixin.py:109} INFO - [2022-01-21 21:04:39,281] {dag.py:2396} INFO - Sync 1 DAGs
[2022-01-21 21:04:39,293] {logging_mixin.py:109} INFO - [2022-01-21 21:04:39,293] {dag.py:2935} INFO - Setting next_dagrun for example_branch_operator to 2022-01-21 00:00:00+00:00
[2022-01-21 21:04:39,307] {processor.py:171} INFO - Processing /home/data-eginner/Documents/Soccer_Data/env/lib/python3.8/site-packages/airflow/example_dags/example_branch_operator.py took 0.073 seconds
[2022-01-21 21:05:16,865] {processor.py:163} INFO - Started process (PID=112005) to work on /home/data-eginner/Documents/Soccer_Data/env/lib/python3.8/site-packages/airflow/example_dags/example_branch_operator.py
[2022-01-21 21:05:16,867] {processor.py:642} INFO - Processing file /home/data-eginner/Documents/Soccer_Data/env/lib/python3.8/site-packages/airflow/example_dags/example_branch_operator.py for tasks to queue
[2022-01-21 21:05:16,867] {logging_mixin.py:109} INFO - [2022-01-21 21:05:16,867] {dagbag.py:500} INFO - Filling up the DagBag from /home/data-eginner/Documents/Soccer_Data/env/lib/python3.8/site-packages/airflow/example_dags/example_branch_operator.py
[2022-01-21 21:05:16,889] {processor.py:654} INFO - DAG(s) dict_keys(['example_branch_operator']) retrieved from /home/data-eginner/Documents/Soccer_Data/env/lib/python3.8/site-packages/airflow/example_dags/example_branch_operator.py
[2022-01-21 21:05:16,897] {logging_mixin.py:109} INFO - [2022-01-21 21:05:16,897] {dag.py:2396} INFO - Sync 1 DAGs
[2022-01-21 21:05:16,911] {logging_mixin.py:109} INFO - [2022-01-21 21:05:16,911] {dag.py:2935} INFO - Setting next_dagrun for example_branch_operator to 2022-01-21 00:00:00+00:00
[2022-01-21 21:05:17,178] {processor.py:171} INFO - Processing /home/data-eginner/Documents/Soccer_Data/env/lib/python3.8/site-packages/airflow/example_dags/example_branch_operator.py took 0.316 seconds
[2022-01-21 21:05:55,254] {processor.py:163} INFO - Started process (PID=112196) to work on /home/data-eginner/Documents/Soccer_Data/env/lib/python3.8/site-packages/airflow/example_dags/example_branch_operator.py
[2022-01-21 21:05:55,282] {processor.py:642} INFO - Processing file /home/data-eginner/Documents/Soccer_Data/env/lib/python3.8/site-packages/airflow/example_dags/example_branch_operator.py for tasks to queue
[2022-01-21 21:05:55,283] {logging_mixin.py:109} INFO - [2022-01-21 21:05:55,283] {dagbag.py:500} INFO - Filling up the DagBag from /home/data-eginner/Documents/Soccer_Data/env/lib/python3.8/site-packages/airflow/example_dags/example_branch_operator.py
[2022-01-21 21:05:55,366] {processor.py:654} INFO - DAG(s) dict_keys(['example_branch_operator']) retrieved from /home/data-eginner/Documents/Soccer_Data/env/lib/python3.8/site-packages/airflow/example_dags/example_branch_operator.py
[2022-01-21 21:05:55,396] {logging_mixin.py:109} INFO - [2022-01-21 21:05:55,396] {dag.py:2396} INFO - Sync 1 DAGs
[2022-01-21 21:05:55,430] {logging_mixin.py:109} INFO - [2022-01-21 21:05:55,430] {dag.py:2935} INFO - Setting next_dagrun for example_branch_operator to 2022-01-21 00:00:00+00:00
[2022-01-21 21:05:55,489] {processor.py:171} INFO - Processing /home/data-eginner/Documents/Soccer_Data/env/lib/python3.8/site-packages/airflow/example_dags/example_branch_operator.py took 0.238 seconds
[2022-01-21 21:06:31,592] {processor.py:163} INFO - Started process (PID=112395) to work on /home/data-eginner/Documents/Soccer_Data/env/lib/python3.8/site-packages/airflow/example_dags/example_branch_operator.py
[2022-01-21 21:06:31,595] {processor.py:642} INFO - Processing file /home/data-eginner/Documents/Soccer_Data/env/lib/python3.8/site-packages/airflow/example_dags/example_branch_operator.py for tasks to queue
[2022-01-21 21:06:31,596] {logging_mixin.py:109} INFO - [2022-01-21 21:06:31,596] {dagbag.py:500} INFO - Filling up the DagBag from /home/data-eginner/Documents/Soccer_Data/env/lib/python3.8/site-packages/airflow/example_dags/example_branch_operator.py
[2022-01-21 21:06:31,630] {processor.py:654} INFO - DAG(s) dict_keys(['example_branch_operator']) retrieved from /home/data-eginner/Documents/Soccer_Data/env/lib/python3.8/site-packages/airflow/example_dags/example_branch_operator.py
[2022-01-21 21:06:31,639] {logging_mixin.py:109} INFO - [2022-01-21 21:06:31,639] {dag.py:2396} INFO - Sync 1 DAGs
[2022-01-21 21:06:31,652] {logging_mixin.py:109} INFO - [2022-01-21 21:06:31,652] {dag.py:2935} INFO - Setting next_dagrun for example_branch_operator to 2022-01-21 00:00:00+00:00
[2022-01-21 21:06:31,668] {processor.py:171} INFO - Processing /home/data-eginner/Documents/Soccer_Data/env/lib/python3.8/site-packages/airflow/example_dags/example_branch_operator.py took 0.085 seconds
[2022-01-21 21:07:10,333] {processor.py:163} INFO - Started process (PID=112593) to work on /home/data-eginner/Documents/Soccer_Data/env/lib/python3.8/site-packages/airflow/example_dags/example_branch_operator.py
[2022-01-21 21:07:10,350] {processor.py:642} INFO - Processing file /home/data-eginner/Documents/Soccer_Data/env/lib/python3.8/site-packages/airflow/example_dags/example_branch_operator.py for tasks to queue
[2022-01-21 21:07:10,351] {logging_mixin.py:109} INFO - [2022-01-21 21:07:10,350] {dagbag.py:500} INFO - Filling up the DagBag from /home/data-eginner/Documents/Soccer_Data/env/lib/python3.8/site-packages/airflow/example_dags/example_branch_operator.py
[2022-01-21 21:07:10,393] {processor.py:654} INFO - DAG(s) dict_keys(['example_branch_operator']) retrieved from /home/data-eginner/Documents/Soccer_Data/env/lib/python3.8/site-packages/airflow/example_dags/example_branch_operator.py
[2022-01-21 21:07:10,406] {logging_mixin.py:109} INFO - [2022-01-21 21:07:10,405] {dag.py:2396} INFO - Sync 1 DAGs
[2022-01-21 21:07:10,427] {logging_mixin.py:109} INFO - [2022-01-21 21:07:10,427] {dag.py:2935} INFO - Setting next_dagrun for example_branch_operator to 2022-01-21 00:00:00+00:00
[2022-01-21 21:07:10,441] {processor.py:171} INFO - Processing /home/data-eginner/Documents/Soccer_Data/env/lib/python3.8/site-packages/airflow/example_dags/example_branch_operator.py took 0.112 seconds
[2022-01-21 21:07:53,914] {processor.py:163} INFO - Started process (PID=112841) to work on /home/data-eginner/Documents/Soccer_Data/env/lib/python3.8/site-packages/airflow/example_dags/example_branch_operator.py
[2022-01-21 21:07:53,968] {processor.py:642} INFO - Processing file /home/data-eginner/Documents/Soccer_Data/env/lib/python3.8/site-packages/airflow/example_dags/example_branch_operator.py for tasks to queue
[2022-01-21 21:07:53,969] {logging_mixin.py:109} INFO - [2022-01-21 21:07:53,969] {dagbag.py:500} INFO - Filling up the DagBag from /home/data-eginner/Documents/Soccer_Data/env/lib/python3.8/site-packages/airflow/example_dags/example_branch_operator.py
[2022-01-21 21:07:54,082] {processor.py:654} INFO - DAG(s) dict_keys(['example_branch_operator']) retrieved from /home/data-eginner/Documents/Soccer_Data/env/lib/python3.8/site-packages/airflow/example_dags/example_branch_operator.py
[2022-01-21 21:07:54,137] {logging_mixin.py:109} INFO - [2022-01-21 21:07:54,136] {dag.py:2396} INFO - Sync 1 DAGs
[2022-01-21 21:07:54,179] {logging_mixin.py:109} INFO - [2022-01-21 21:07:54,178] {dag.py:2935} INFO - Setting next_dagrun for example_branch_operator to 2022-01-21 00:00:00+00:00
[2022-01-21 21:07:54,224] {processor.py:171} INFO - Processing /home/data-eginner/Documents/Soccer_Data/env/lib/python3.8/site-packages/airflow/example_dags/example_branch_operator.py took 0.313 seconds
