[2022-01-21 21:00:19,854] {processor.py:163} INFO - Started process (PID=110541) to work on /home/data-eginner/Documents/Soccer_Data/env/lib/python3.8/site-packages/airflow/example_dags/example_bash_operator.py
[2022-01-21 21:00:19,855] {processor.py:642} INFO - Processing file /home/data-eginner/Documents/Soccer_Data/env/lib/python3.8/site-packages/airflow/example_dags/example_bash_operator.py for tasks to queue
[2022-01-21 21:00:19,855] {logging_mixin.py:109} INFO - [2022-01-21 21:00:19,855] {dagbag.py:500} INFO - Filling up the DagBag from /home/data-eginner/Documents/Soccer_Data/env/lib/python3.8/site-packages/airflow/example_dags/example_bash_operator.py
[2022-01-21 21:00:19,964] {processor.py:654} INFO - DAG(s) dict_keys(['example_bash_operator']) retrieved from /home/data-eginner/Documents/Soccer_Data/env/lib/python3.8/site-packages/airflow/example_dags/example_bash_operator.py
[2022-01-21 21:00:20,015] {logging_mixin.py:109} INFO - [2022-01-21 21:00:20,015] {dag.py:2396} INFO - Sync 1 DAGs
[2022-01-21 21:00:20,062] {logging_mixin.py:109} INFO - [2022-01-21 21:00:20,061] {dag.py:2935} INFO - Setting next_dagrun for example_bash_operator to 2022-01-21 00:00:00+00:00
[2022-01-21 21:00:20,116] {processor.py:171} INFO - Processing /home/data-eginner/Documents/Soccer_Data/env/lib/python3.8/site-packages/airflow/example_dags/example_bash_operator.py took 0.265 seconds
[2022-01-21 21:01:20,571] {processor.py:163} INFO - Started process (PID=110847) to work on /home/data-eginner/Documents/Soccer_Data/env/lib/python3.8/site-packages/airflow/example_dags/example_bash_operator.py
[2022-01-21 21:01:20,588] {processor.py:642} INFO - Processing file /home/data-eginner/Documents/Soccer_Data/env/lib/python3.8/site-packages/airflow/example_dags/example_bash_operator.py for tasks to queue
[2022-01-21 21:01:20,589] {logging_mixin.py:109} INFO - [2022-01-21 21:01:20,589] {dagbag.py:500} INFO - Filling up the DagBag from /home/data-eginner/Documents/Soccer_Data/env/lib/python3.8/site-packages/airflow/example_dags/example_bash_operator.py
[2022-01-21 21:01:20,614] {processor.py:654} INFO - DAG(s) dict_keys(['example_bash_operator']) retrieved from /home/data-eginner/Documents/Soccer_Data/env/lib/python3.8/site-packages/airflow/example_dags/example_bash_operator.py
[2022-01-21 21:01:20,622] {logging_mixin.py:109} INFO - [2022-01-21 21:01:20,622] {dag.py:2396} INFO - Sync 1 DAGs
[2022-01-21 21:01:20,634] {logging_mixin.py:109} INFO - [2022-01-21 21:01:20,634] {dag.py:2935} INFO - Setting next_dagrun for example_bash_operator to 2022-01-21 00:00:00+00:00
[2022-01-21 21:01:20,654] {processor.py:171} INFO - Processing /home/data-eginner/Documents/Soccer_Data/env/lib/python3.8/site-packages/airflow/example_dags/example_bash_operator.py took 0.091 seconds
[2022-01-21 21:02:20,285] {processor.py:163} INFO - Started process (PID=111128) to work on /home/data-eginner/Documents/Soccer_Data/env/lib/python3.8/site-packages/airflow/example_dags/example_bash_operator.py
[2022-01-21 21:02:20,289] {processor.py:642} INFO - Processing file /home/data-eginner/Documents/Soccer_Data/env/lib/python3.8/site-packages/airflow/example_dags/example_bash_operator.py for tasks to queue
[2022-01-21 21:02:20,289] {logging_mixin.py:109} INFO - [2022-01-21 21:02:20,289] {dagbag.py:500} INFO - Filling up the DagBag from /home/data-eginner/Documents/Soccer_Data/env/lib/python3.8/site-packages/airflow/example_dags/example_bash_operator.py
[2022-01-21 21:02:20,311] {processor.py:654} INFO - DAG(s) dict_keys(['example_bash_operator']) retrieved from /home/data-eginner/Documents/Soccer_Data/env/lib/python3.8/site-packages/airflow/example_dags/example_bash_operator.py
[2022-01-21 21:02:20,328] {logging_mixin.py:109} INFO - [2022-01-21 21:02:20,328] {dag.py:2396} INFO - Sync 1 DAGs
[2022-01-21 21:02:20,339] {logging_mixin.py:109} INFO - [2022-01-21 21:02:20,339] {dag.py:2935} INFO - Setting next_dagrun for example_bash_operator to 2022-01-21 00:00:00+00:00
[2022-01-21 21:02:20,358] {processor.py:171} INFO - Processing /home/data-eginner/Documents/Soccer_Data/env/lib/python3.8/site-packages/airflow/example_dags/example_bash_operator.py took 0.075 seconds
[2022-01-21 21:03:31,503] {processor.py:163} INFO - Started process (PID=111453) to work on /home/data-eginner/Documents/Soccer_Data/env/lib/python3.8/site-packages/airflow/example_dags/example_bash_operator.py
[2022-01-21 21:03:31,506] {processor.py:642} INFO - Processing file /home/data-eginner/Documents/Soccer_Data/env/lib/python3.8/site-packages/airflow/example_dags/example_bash_operator.py for tasks to queue
[2022-01-21 21:03:31,506] {logging_mixin.py:109} INFO - [2022-01-21 21:03:31,506] {dagbag.py:500} INFO - Filling up the DagBag from /home/data-eginner/Documents/Soccer_Data/env/lib/python3.8/site-packages/airflow/example_dags/example_bash_operator.py
[2022-01-21 21:03:31,533] {processor.py:654} INFO - DAG(s) dict_keys(['example_bash_operator']) retrieved from /home/data-eginner/Documents/Soccer_Data/env/lib/python3.8/site-packages/airflow/example_dags/example_bash_operator.py
[2022-01-21 21:03:31,542] {logging_mixin.py:109} INFO - [2022-01-21 21:03:31,542] {dag.py:2396} INFO - Sync 1 DAGs
[2022-01-21 21:03:31,554] {logging_mixin.py:109} INFO - [2022-01-21 21:03:31,554] {dag.py:2935} INFO - Setting next_dagrun for example_bash_operator to 2022-01-21 00:00:00+00:00
[2022-01-21 21:03:31,571] {processor.py:171} INFO - Processing /home/data-eginner/Documents/Soccer_Data/env/lib/python3.8/site-packages/airflow/example_dags/example_bash_operator.py took 0.072 seconds
[2022-01-21 21:04:18,200] {processor.py:163} INFO - Started process (PID=111697) to work on /home/data-eginner/Documents/Soccer_Data/env/lib/python3.8/site-packages/airflow/example_dags/example_bash_operator.py
[2022-01-21 21:04:18,224] {processor.py:642} INFO - Processing file /home/data-eginner/Documents/Soccer_Data/env/lib/python3.8/site-packages/airflow/example_dags/example_bash_operator.py for tasks to queue
[2022-01-21 21:04:18,225] {logging_mixin.py:109} INFO - [2022-01-21 21:04:18,225] {dagbag.py:500} INFO - Filling up the DagBag from /home/data-eginner/Documents/Soccer_Data/env/lib/python3.8/site-packages/airflow/example_dags/example_bash_operator.py
[2022-01-21 21:04:18,249] {processor.py:654} INFO - DAG(s) dict_keys(['example_bash_operator']) retrieved from /home/data-eginner/Documents/Soccer_Data/env/lib/python3.8/site-packages/airflow/example_dags/example_bash_operator.py
[2022-01-21 21:04:18,258] {logging_mixin.py:109} INFO - [2022-01-21 21:04:18,258] {dag.py:2396} INFO - Sync 1 DAGs
[2022-01-21 21:04:18,272] {logging_mixin.py:109} INFO - [2022-01-21 21:04:18,272] {dag.py:2935} INFO - Setting next_dagrun for example_bash_operator to 2022-01-21 00:00:00+00:00
[2022-01-21 21:04:18,289] {processor.py:171} INFO - Processing /home/data-eginner/Documents/Soccer_Data/env/lib/python3.8/site-packages/airflow/example_dags/example_bash_operator.py took 0.103 seconds
[2022-01-21 21:04:58,944] {processor.py:163} INFO - Started process (PID=111908) to work on /home/data-eginner/Documents/Soccer_Data/env/lib/python3.8/site-packages/airflow/example_dags/example_bash_operator.py
[2022-01-21 21:04:58,964] {processor.py:642} INFO - Processing file /home/data-eginner/Documents/Soccer_Data/env/lib/python3.8/site-packages/airflow/example_dags/example_bash_operator.py for tasks to queue
[2022-01-21 21:04:58,965] {logging_mixin.py:109} INFO - [2022-01-21 21:04:58,965] {dagbag.py:500} INFO - Filling up the DagBag from /home/data-eginner/Documents/Soccer_Data/env/lib/python3.8/site-packages/airflow/example_dags/example_bash_operator.py
[2022-01-21 21:04:59,004] {processor.py:654} INFO - DAG(s) dict_keys(['example_bash_operator']) retrieved from /home/data-eginner/Documents/Soccer_Data/env/lib/python3.8/site-packages/airflow/example_dags/example_bash_operator.py
[2022-01-21 21:04:59,036] {logging_mixin.py:109} INFO - [2022-01-21 21:04:59,036] {dag.py:2396} INFO - Sync 1 DAGs
[2022-01-21 21:04:59,101] {logging_mixin.py:109} INFO - [2022-01-21 21:04:59,101] {dag.py:2935} INFO - Setting next_dagrun for example_bash_operator to 2022-01-21 00:00:00+00:00
[2022-01-21 21:04:59,142] {processor.py:171} INFO - Processing /home/data-eginner/Documents/Soccer_Data/env/lib/python3.8/site-packages/airflow/example_dags/example_bash_operator.py took 0.201 seconds
[2022-01-21 21:05:38,860] {processor.py:163} INFO - Started process (PID=112113) to work on /home/data-eginner/Documents/Soccer_Data/env/lib/python3.8/site-packages/airflow/example_dags/example_bash_operator.py
[2022-01-21 21:05:38,865] {processor.py:642} INFO - Processing file /home/data-eginner/Documents/Soccer_Data/env/lib/python3.8/site-packages/airflow/example_dags/example_bash_operator.py for tasks to queue
[2022-01-21 21:05:38,867] {logging_mixin.py:109} INFO - [2022-01-21 21:05:38,866] {dagbag.py:500} INFO - Filling up the DagBag from /home/data-eginner/Documents/Soccer_Data/env/lib/python3.8/site-packages/airflow/example_dags/example_bash_operator.py
[2022-01-21 21:05:38,894] {processor.py:654} INFO - DAG(s) dict_keys(['example_bash_operator']) retrieved from /home/data-eginner/Documents/Soccer_Data/env/lib/python3.8/site-packages/airflow/example_dags/example_bash_operator.py
[2022-01-21 21:05:38,903] {logging_mixin.py:109} INFO - [2022-01-21 21:05:38,903] {dag.py:2396} INFO - Sync 1 DAGs
[2022-01-21 21:05:38,915] {logging_mixin.py:109} INFO - [2022-01-21 21:05:38,915] {dag.py:2935} INFO - Setting next_dagrun for example_bash_operator to 2022-01-21 00:00:00+00:00
[2022-01-21 21:05:38,930] {processor.py:171} INFO - Processing /home/data-eginner/Documents/Soccer_Data/env/lib/python3.8/site-packages/airflow/example_dags/example_bash_operator.py took 0.074 seconds
[2022-01-21 21:06:18,145] {processor.py:163} INFO - Started process (PID=112319) to work on /home/data-eginner/Documents/Soccer_Data/env/lib/python3.8/site-packages/airflow/example_dags/example_bash_operator.py
[2022-01-21 21:06:18,163] {processor.py:642} INFO - Processing file /home/data-eginner/Documents/Soccer_Data/env/lib/python3.8/site-packages/airflow/example_dags/example_bash_operator.py for tasks to queue
[2022-01-21 21:06:18,164] {logging_mixin.py:109} INFO - [2022-01-21 21:06:18,163] {dagbag.py:500} INFO - Filling up the DagBag from /home/data-eginner/Documents/Soccer_Data/env/lib/python3.8/site-packages/airflow/example_dags/example_bash_operator.py
[2022-01-21 21:06:18,193] {processor.py:654} INFO - DAG(s) dict_keys(['example_bash_operator']) retrieved from /home/data-eginner/Documents/Soccer_Data/env/lib/python3.8/site-packages/airflow/example_dags/example_bash_operator.py
[2022-01-21 21:06:18,202] {logging_mixin.py:109} INFO - [2022-01-21 21:06:18,202] {dag.py:2396} INFO - Sync 1 DAGs
[2022-01-21 21:06:18,214] {logging_mixin.py:109} INFO - [2022-01-21 21:06:18,214] {dag.py:2935} INFO - Setting next_dagrun for example_bash_operator to 2022-01-21 00:00:00+00:00
[2022-01-21 21:06:18,229] {processor.py:171} INFO - Processing /home/data-eginner/Documents/Soccer_Data/env/lib/python3.8/site-packages/airflow/example_dags/example_bash_operator.py took 0.095 seconds
[2022-01-21 21:06:58,902] {processor.py:163} INFO - Started process (PID=112535) to work on /home/data-eginner/Documents/Soccer_Data/env/lib/python3.8/site-packages/airflow/example_dags/example_bash_operator.py
[2022-01-21 21:06:58,927] {processor.py:642} INFO - Processing file /home/data-eginner/Documents/Soccer_Data/env/lib/python3.8/site-packages/airflow/example_dags/example_bash_operator.py for tasks to queue
[2022-01-21 21:06:58,928] {logging_mixin.py:109} INFO - [2022-01-21 21:06:58,928] {dagbag.py:500} INFO - Filling up the DagBag from /home/data-eginner/Documents/Soccer_Data/env/lib/python3.8/site-packages/airflow/example_dags/example_bash_operator.py
[2022-01-21 21:06:58,971] {processor.py:654} INFO - DAG(s) dict_keys(['example_bash_operator']) retrieved from /home/data-eginner/Documents/Soccer_Data/env/lib/python3.8/site-packages/airflow/example_dags/example_bash_operator.py
[2022-01-21 21:06:58,993] {logging_mixin.py:109} INFO - [2022-01-21 21:06:58,993] {dag.py:2396} INFO - Sync 1 DAGs
[2022-01-21 21:06:59,021] {logging_mixin.py:109} INFO - [2022-01-21 21:06:59,021] {dag.py:2935} INFO - Setting next_dagrun for example_bash_operator to 2022-01-21 00:00:00+00:00
[2022-01-21 21:06:59,046] {processor.py:171} INFO - Processing /home/data-eginner/Documents/Soccer_Data/env/lib/python3.8/site-packages/airflow/example_dags/example_bash_operator.py took 0.154 seconds
[2022-01-21 21:07:44,317] {processor.py:163} INFO - Started process (PID=112766) to work on /home/data-eginner/Documents/Soccer_Data/env/lib/python3.8/site-packages/airflow/example_dags/example_bash_operator.py
[2022-01-21 21:07:44,344] {processor.py:642} INFO - Processing file /home/data-eginner/Documents/Soccer_Data/env/lib/python3.8/site-packages/airflow/example_dags/example_bash_operator.py for tasks to queue
[2022-01-21 21:07:44,345] {logging_mixin.py:109} INFO - [2022-01-21 21:07:44,345] {dagbag.py:500} INFO - Filling up the DagBag from /home/data-eginner/Documents/Soccer_Data/env/lib/python3.8/site-packages/airflow/example_dags/example_bash_operator.py
[2022-01-21 21:07:44,382] {processor.py:654} INFO - DAG(s) dict_keys(['example_bash_operator']) retrieved from /home/data-eginner/Documents/Soccer_Data/env/lib/python3.8/site-packages/airflow/example_dags/example_bash_operator.py
[2022-01-21 21:07:44,405] {logging_mixin.py:109} INFO - [2022-01-21 21:07:44,404] {dag.py:2396} INFO - Sync 1 DAGs
[2022-01-21 21:07:44,425] {logging_mixin.py:109} INFO - [2022-01-21 21:07:44,425] {dag.py:2935} INFO - Setting next_dagrun for example_bash_operator to 2022-01-21 00:00:00+00:00
[2022-01-21 21:07:44,442] {processor.py:171} INFO - Processing /home/data-eginner/Documents/Soccer_Data/env/lib/python3.8/site-packages/airflow/example_dags/example_bash_operator.py took 0.129 seconds
