[2022-01-21 21:00:03,533] {processor.py:163} INFO - Started process (PID=110451) to work on /home/data-eginner/Documents/Soccer_Data/env/lib/python3.8/site-packages/airflow/example_dags/tutorial_taskflow_api_etl.py
[2022-01-21 21:00:03,534] {processor.py:642} INFO - Processing file /home/data-eginner/Documents/Soccer_Data/env/lib/python3.8/site-packages/airflow/example_dags/tutorial_taskflow_api_etl.py for tasks to queue
[2022-01-21 21:00:03,534] {logging_mixin.py:109} INFO - [2022-01-21 21:00:03,534] {dagbag.py:500} INFO - Filling up the DagBag from /home/data-eginner/Documents/Soccer_Data/env/lib/python3.8/site-packages/airflow/example_dags/tutorial_taskflow_api_etl.py
[2022-01-21 21:00:03,602] {processor.py:654} INFO - DAG(s) dict_keys(['tutorial_taskflow_api_etl']) retrieved from /home/data-eginner/Documents/Soccer_Data/env/lib/python3.8/site-packages/airflow/example_dags/tutorial_taskflow_api_etl.py
[2022-01-21 21:00:04,513] {logging_mixin.py:109} INFO - [2022-01-21 21:00:04,513] {dag.py:2396} INFO - Sync 1 DAGs
[2022-01-21 21:00:04,534] {logging_mixin.py:109} INFO - [2022-01-21 21:00:04,534] {dag.py:2935} INFO - Setting next_dagrun for tutorial_taskflow_api_etl to None
[2022-01-21 21:00:04,656] {processor.py:171} INFO - Processing /home/data-eginner/Documents/Soccer_Data/env/lib/python3.8/site-packages/airflow/example_dags/tutorial_taskflow_api_etl.py took 1.170 seconds
[2022-01-21 21:00:46,055] {processor.py:163} INFO - Started process (PID=110681) to work on /home/data-eginner/Documents/Soccer_Data/env/lib/python3.8/site-packages/airflow/example_dags/tutorial_taskflow_api_etl.py
[2022-01-21 21:00:46,065] {processor.py:642} INFO - Processing file /home/data-eginner/Documents/Soccer_Data/env/lib/python3.8/site-packages/airflow/example_dags/tutorial_taskflow_api_etl.py for tasks to queue
[2022-01-21 21:00:46,066] {logging_mixin.py:109} INFO - [2022-01-21 21:00:46,066] {dagbag.py:500} INFO - Filling up the DagBag from /home/data-eginner/Documents/Soccer_Data/env/lib/python3.8/site-packages/airflow/example_dags/tutorial_taskflow_api_etl.py
[2022-01-21 21:00:46,181] {processor.py:654} INFO - DAG(s) dict_keys(['tutorial_taskflow_api_etl']) retrieved from /home/data-eginner/Documents/Soccer_Data/env/lib/python3.8/site-packages/airflow/example_dags/tutorial_taskflow_api_etl.py
[2022-01-21 21:00:46,901] {logging_mixin.py:109} INFO - [2022-01-21 21:00:46,901] {dag.py:2396} INFO - Sync 1 DAGs
[2022-01-21 21:00:46,924] {logging_mixin.py:109} INFO - [2022-01-21 21:00:46,924] {dag.py:2935} INFO - Setting next_dagrun for tutorial_taskflow_api_etl to None
[2022-01-21 21:00:46,973] {processor.py:171} INFO - Processing /home/data-eginner/Documents/Soccer_Data/env/lib/python3.8/site-packages/airflow/example_dags/tutorial_taskflow_api_etl.py took 0.921 seconds
[2022-01-21 21:01:24,813] {processor.py:163} INFO - Started process (PID=110865) to work on /home/data-eginner/Documents/Soccer_Data/env/lib/python3.8/site-packages/airflow/example_dags/tutorial_taskflow_api_etl.py
[2022-01-21 21:01:24,837] {processor.py:642} INFO - Processing file /home/data-eginner/Documents/Soccer_Data/env/lib/python3.8/site-packages/airflow/example_dags/tutorial_taskflow_api_etl.py for tasks to queue
[2022-01-21 21:01:24,838] {logging_mixin.py:109} INFO - [2022-01-21 21:01:24,838] {dagbag.py:500} INFO - Filling up the DagBag from /home/data-eginner/Documents/Soccer_Data/env/lib/python3.8/site-packages/airflow/example_dags/tutorial_taskflow_api_etl.py
[2022-01-21 21:01:24,862] {processor.py:654} INFO - DAG(s) dict_keys(['tutorial_taskflow_api_etl']) retrieved from /home/data-eginner/Documents/Soccer_Data/env/lib/python3.8/site-packages/airflow/example_dags/tutorial_taskflow_api_etl.py
[2022-01-21 21:01:25,118] {logging_mixin.py:109} INFO - [2022-01-21 21:01:25,118] {dag.py:2396} INFO - Sync 1 DAGs
[2022-01-21 21:01:25,128] {logging_mixin.py:109} INFO - [2022-01-21 21:01:25,127] {dag.py:2935} INFO - Setting next_dagrun for tutorial_taskflow_api_etl to None
[2022-01-21 21:01:25,143] {processor.py:171} INFO - Processing /home/data-eginner/Documents/Soccer_Data/env/lib/python3.8/site-packages/airflow/example_dags/tutorial_taskflow_api_etl.py took 0.336 seconds
[2022-01-21 21:02:03,602] {processor.py:163} INFO - Started process (PID=111041) to work on /home/data-eginner/Documents/Soccer_Data/env/lib/python3.8/site-packages/airflow/example_dags/tutorial_taskflow_api_etl.py
[2022-01-21 21:02:03,604] {processor.py:642} INFO - Processing file /home/data-eginner/Documents/Soccer_Data/env/lib/python3.8/site-packages/airflow/example_dags/tutorial_taskflow_api_etl.py for tasks to queue
[2022-01-21 21:02:03,605] {logging_mixin.py:109} INFO - [2022-01-21 21:02:03,605] {dagbag.py:500} INFO - Filling up the DagBag from /home/data-eginner/Documents/Soccer_Data/env/lib/python3.8/site-packages/airflow/example_dags/tutorial_taskflow_api_etl.py
[2022-01-21 21:02:03,630] {processor.py:654} INFO - DAG(s) dict_keys(['tutorial_taskflow_api_etl']) retrieved from /home/data-eginner/Documents/Soccer_Data/env/lib/python3.8/site-packages/airflow/example_dags/tutorial_taskflow_api_etl.py
[2022-01-21 21:02:03,871] {logging_mixin.py:109} INFO - [2022-01-21 21:02:03,871] {dag.py:2396} INFO - Sync 1 DAGs
[2022-01-21 21:02:03,883] {logging_mixin.py:109} INFO - [2022-01-21 21:02:03,882] {dag.py:2935} INFO - Setting next_dagrun for tutorial_taskflow_api_etl to None
[2022-01-21 21:02:03,901] {processor.py:171} INFO - Processing /home/data-eginner/Documents/Soccer_Data/env/lib/python3.8/site-packages/airflow/example_dags/tutorial_taskflow_api_etl.py took 0.302 seconds
[2022-01-21 21:02:54,599] {processor.py:163} INFO - Started process (PID=111279) to work on /home/data-eginner/Documents/Soccer_Data/env/lib/python3.8/site-packages/airflow/example_dags/tutorial_taskflow_api_etl.py
[2022-01-21 21:02:54,601] {processor.py:642} INFO - Processing file /home/data-eginner/Documents/Soccer_Data/env/lib/python3.8/site-packages/airflow/example_dags/tutorial_taskflow_api_etl.py for tasks to queue
[2022-01-21 21:02:54,602] {logging_mixin.py:109} INFO - [2022-01-21 21:02:54,602] {dagbag.py:500} INFO - Filling up the DagBag from /home/data-eginner/Documents/Soccer_Data/env/lib/python3.8/site-packages/airflow/example_dags/tutorial_taskflow_api_etl.py
[2022-01-21 21:02:54,720] {processor.py:654} INFO - DAG(s) dict_keys(['tutorial_taskflow_api_etl']) retrieved from /home/data-eginner/Documents/Soccer_Data/env/lib/python3.8/site-packages/airflow/example_dags/tutorial_taskflow_api_etl.py
[2022-01-21 21:02:55,701] {logging_mixin.py:109} INFO - [2022-01-21 21:02:55,701] {dag.py:2396} INFO - Sync 1 DAGs
[2022-01-21 21:02:55,730] {logging_mixin.py:109} INFO - [2022-01-21 21:02:55,729] {dag.py:2935} INFO - Setting next_dagrun for tutorial_taskflow_api_etl to None
[2022-01-21 21:02:55,771] {processor.py:171} INFO - Processing /home/data-eginner/Documents/Soccer_Data/env/lib/python3.8/site-packages/airflow/example_dags/tutorial_taskflow_api_etl.py took 1.178 seconds
[2022-01-21 21:03:38,253] {processor.py:163} INFO - Started process (PID=111486) to work on /home/data-eginner/Documents/Soccer_Data/env/lib/python3.8/site-packages/airflow/example_dags/tutorial_taskflow_api_etl.py
[2022-01-21 21:03:38,275] {processor.py:642} INFO - Processing file /home/data-eginner/Documents/Soccer_Data/env/lib/python3.8/site-packages/airflow/example_dags/tutorial_taskflow_api_etl.py for tasks to queue
[2022-01-21 21:03:38,277] {logging_mixin.py:109} INFO - [2022-01-21 21:03:38,277] {dagbag.py:500} INFO - Filling up the DagBag from /home/data-eginner/Documents/Soccer_Data/env/lib/python3.8/site-packages/airflow/example_dags/tutorial_taskflow_api_etl.py
[2022-01-21 21:03:38,300] {processor.py:654} INFO - DAG(s) dict_keys(['tutorial_taskflow_api_etl']) retrieved from /home/data-eginner/Documents/Soccer_Data/env/lib/python3.8/site-packages/airflow/example_dags/tutorial_taskflow_api_etl.py
[2022-01-21 21:03:38,551] {logging_mixin.py:109} INFO - [2022-01-21 21:03:38,551] {dag.py:2396} INFO - Sync 1 DAGs
[2022-01-21 21:03:38,559] {logging_mixin.py:109} INFO - [2022-01-21 21:03:38,559] {dag.py:2935} INFO - Setting next_dagrun for tutorial_taskflow_api_etl to None
[2022-01-21 21:03:38,576] {processor.py:171} INFO - Processing /home/data-eginner/Documents/Soccer_Data/env/lib/python3.8/site-packages/airflow/example_dags/tutorial_taskflow_api_etl.py took 0.327 seconds
[2022-01-21 21:04:15,392] {processor.py:163} INFO - Started process (PID=111683) to work on /home/data-eginner/Documents/Soccer_Data/env/lib/python3.8/site-packages/airflow/example_dags/tutorial_taskflow_api_etl.py
[2022-01-21 21:04:15,397] {processor.py:642} INFO - Processing file /home/data-eginner/Documents/Soccer_Data/env/lib/python3.8/site-packages/airflow/example_dags/tutorial_taskflow_api_etl.py for tasks to queue
[2022-01-21 21:04:15,398] {logging_mixin.py:109} INFO - [2022-01-21 21:04:15,398] {dagbag.py:500} INFO - Filling up the DagBag from /home/data-eginner/Documents/Soccer_Data/env/lib/python3.8/site-packages/airflow/example_dags/tutorial_taskflow_api_etl.py
[2022-01-21 21:04:15,433] {processor.py:654} INFO - DAG(s) dict_keys(['tutorial_taskflow_api_etl']) retrieved from /home/data-eginner/Documents/Soccer_Data/env/lib/python3.8/site-packages/airflow/example_dags/tutorial_taskflow_api_etl.py
[2022-01-21 21:04:15,760] {logging_mixin.py:109} INFO - [2022-01-21 21:04:15,760] {dag.py:2396} INFO - Sync 1 DAGs
[2022-01-21 21:04:15,770] {logging_mixin.py:109} INFO - [2022-01-21 21:04:15,770] {dag.py:2935} INFO - Setting next_dagrun for tutorial_taskflow_api_etl to None
[2022-01-21 21:04:16,050] {processor.py:171} INFO - Processing /home/data-eginner/Documents/Soccer_Data/env/lib/python3.8/site-packages/airflow/example_dags/tutorial_taskflow_api_etl.py took 0.669 seconds
[2022-01-21 21:04:56,107] {processor.py:163} INFO - Started process (PID=111896) to work on /home/data-eginner/Documents/Soccer_Data/env/lib/python3.8/site-packages/airflow/example_dags/tutorial_taskflow_api_etl.py
[2022-01-21 21:04:56,119] {processor.py:642} INFO - Processing file /home/data-eginner/Documents/Soccer_Data/env/lib/python3.8/site-packages/airflow/example_dags/tutorial_taskflow_api_etl.py for tasks to queue
[2022-01-21 21:04:56,119] {logging_mixin.py:109} INFO - [2022-01-21 21:04:56,119] {dagbag.py:500} INFO - Filling up the DagBag from /home/data-eginner/Documents/Soccer_Data/env/lib/python3.8/site-packages/airflow/example_dags/tutorial_taskflow_api_etl.py
[2022-01-21 21:04:56,190] {processor.py:654} INFO - DAG(s) dict_keys(['tutorial_taskflow_api_etl']) retrieved from /home/data-eginner/Documents/Soccer_Data/env/lib/python3.8/site-packages/airflow/example_dags/tutorial_taskflow_api_etl.py
[2022-01-21 21:04:56,441] {logging_mixin.py:109} INFO - [2022-01-21 21:04:56,441] {dag.py:2396} INFO - Sync 1 DAGs
[2022-01-21 21:04:56,449] {logging_mixin.py:109} INFO - [2022-01-21 21:04:56,449] {dag.py:2935} INFO - Setting next_dagrun for tutorial_taskflow_api_etl to None
[2022-01-21 21:04:56,530] {processor.py:171} INFO - Processing /home/data-eginner/Documents/Soccer_Data/env/lib/python3.8/site-packages/airflow/example_dags/tutorial_taskflow_api_etl.py took 0.425 seconds
[2022-01-21 21:05:34,775] {processor.py:163} INFO - Started process (PID=112094) to work on /home/data-eginner/Documents/Soccer_Data/env/lib/python3.8/site-packages/airflow/example_dags/tutorial_taskflow_api_etl.py
[2022-01-21 21:05:34,777] {processor.py:642} INFO - Processing file /home/data-eginner/Documents/Soccer_Data/env/lib/python3.8/site-packages/airflow/example_dags/tutorial_taskflow_api_etl.py for tasks to queue
[2022-01-21 21:05:34,778] {logging_mixin.py:109} INFO - [2022-01-21 21:05:34,778] {dagbag.py:500} INFO - Filling up the DagBag from /home/data-eginner/Documents/Soccer_Data/env/lib/python3.8/site-packages/airflow/example_dags/tutorial_taskflow_api_etl.py
[2022-01-21 21:05:34,805] {processor.py:654} INFO - DAG(s) dict_keys(['tutorial_taskflow_api_etl']) retrieved from /home/data-eginner/Documents/Soccer_Data/env/lib/python3.8/site-packages/airflow/example_dags/tutorial_taskflow_api_etl.py
[2022-01-21 21:05:35,047] {logging_mixin.py:109} INFO - [2022-01-21 21:05:35,047] {dag.py:2396} INFO - Sync 1 DAGs
[2022-01-21 21:05:35,057] {logging_mixin.py:109} INFO - [2022-01-21 21:05:35,057] {dag.py:2935} INFO - Setting next_dagrun for tutorial_taskflow_api_etl to None
[2022-01-21 21:05:35,074] {processor.py:171} INFO - Processing /home/data-eginner/Documents/Soccer_Data/env/lib/python3.8/site-packages/airflow/example_dags/tutorial_taskflow_api_etl.py took 0.302 seconds
[2022-01-21 21:06:12,859] {processor.py:163} INFO - Started process (PID=112293) to work on /home/data-eginner/Documents/Soccer_Data/env/lib/python3.8/site-packages/airflow/example_dags/tutorial_taskflow_api_etl.py
[2022-01-21 21:06:12,879] {processor.py:642} INFO - Processing file /home/data-eginner/Documents/Soccer_Data/env/lib/python3.8/site-packages/airflow/example_dags/tutorial_taskflow_api_etl.py for tasks to queue
[2022-01-21 21:06:12,880] {logging_mixin.py:109} INFO - [2022-01-21 21:06:12,880] {dagbag.py:500} INFO - Filling up the DagBag from /home/data-eginner/Documents/Soccer_Data/env/lib/python3.8/site-packages/airflow/example_dags/tutorial_taskflow_api_etl.py
[2022-01-21 21:06:12,901] {processor.py:654} INFO - DAG(s) dict_keys(['tutorial_taskflow_api_etl']) retrieved from /home/data-eginner/Documents/Soccer_Data/env/lib/python3.8/site-packages/airflow/example_dags/tutorial_taskflow_api_etl.py
[2022-01-21 21:06:13,140] {logging_mixin.py:109} INFO - [2022-01-21 21:06:13,140] {dag.py:2396} INFO - Sync 1 DAGs
[2022-01-21 21:06:13,150] {logging_mixin.py:109} INFO - [2022-01-21 21:06:13,150] {dag.py:2935} INFO - Setting next_dagrun for tutorial_taskflow_api_etl to None
[2022-01-21 21:06:13,166] {processor.py:171} INFO - Processing /home/data-eginner/Documents/Soccer_Data/env/lib/python3.8/site-packages/airflow/example_dags/tutorial_taskflow_api_etl.py took 0.311 seconds
[2022-01-21 21:06:48,246] {processor.py:163} INFO - Started process (PID=112477) to work on /home/data-eginner/Documents/Soccer_Data/env/lib/python3.8/site-packages/airflow/example_dags/tutorial_taskflow_api_etl.py
[2022-01-21 21:06:48,249] {processor.py:642} INFO - Processing file /home/data-eginner/Documents/Soccer_Data/env/lib/python3.8/site-packages/airflow/example_dags/tutorial_taskflow_api_etl.py for tasks to queue
[2022-01-21 21:06:48,250] {logging_mixin.py:109} INFO - [2022-01-21 21:06:48,250] {dagbag.py:500} INFO - Filling up the DagBag from /home/data-eginner/Documents/Soccer_Data/env/lib/python3.8/site-packages/airflow/example_dags/tutorial_taskflow_api_etl.py
[2022-01-21 21:06:48,280] {processor.py:654} INFO - DAG(s) dict_keys(['tutorial_taskflow_api_etl']) retrieved from /home/data-eginner/Documents/Soccer_Data/env/lib/python3.8/site-packages/airflow/example_dags/tutorial_taskflow_api_etl.py
[2022-01-21 21:06:48,559] {logging_mixin.py:109} INFO - [2022-01-21 21:06:48,559] {dag.py:2396} INFO - Sync 1 DAGs
[2022-01-21 21:06:48,569] {logging_mixin.py:109} INFO - [2022-01-21 21:06:48,569] {dag.py:2935} INFO - Setting next_dagrun for tutorial_taskflow_api_etl to None
[2022-01-21 21:06:48,625] {processor.py:171} INFO - Processing /home/data-eginner/Documents/Soccer_Data/env/lib/python3.8/site-packages/airflow/example_dags/tutorial_taskflow_api_etl.py took 0.383 seconds
[2022-01-21 21:07:28,376] {processor.py:163} INFO - Started process (PID=112681) to work on /home/data-eginner/Documents/Soccer_Data/env/lib/python3.8/site-packages/airflow/example_dags/tutorial_taskflow_api_etl.py
[2022-01-21 21:07:28,381] {processor.py:642} INFO - Processing file /home/data-eginner/Documents/Soccer_Data/env/lib/python3.8/site-packages/airflow/example_dags/tutorial_taskflow_api_etl.py for tasks to queue
[2022-01-21 21:07:28,381] {logging_mixin.py:109} INFO - [2022-01-21 21:07:28,381] {dagbag.py:500} INFO - Filling up the DagBag from /home/data-eginner/Documents/Soccer_Data/env/lib/python3.8/site-packages/airflow/example_dags/tutorial_taskflow_api_etl.py
[2022-01-21 21:07:28,406] {processor.py:654} INFO - DAG(s) dict_keys(['tutorial_taskflow_api_etl']) retrieved from /home/data-eginner/Documents/Soccer_Data/env/lib/python3.8/site-packages/airflow/example_dags/tutorial_taskflow_api_etl.py
[2022-01-21 21:07:28,689] {logging_mixin.py:109} INFO - [2022-01-21 21:07:28,689] {dag.py:2396} INFO - Sync 1 DAGs
[2022-01-21 21:07:28,699] {logging_mixin.py:109} INFO - [2022-01-21 21:07:28,699] {dag.py:2935} INFO - Setting next_dagrun for tutorial_taskflow_api_etl to None
[2022-01-21 21:07:28,717] {processor.py:171} INFO - Processing /home/data-eginner/Documents/Soccer_Data/env/lib/python3.8/site-packages/airflow/example_dags/tutorial_taskflow_api_etl.py took 0.350 seconds
