[2022-01-21 21:00:25,966] {processor.py:163} INFO - Started process (PID=110587) to work on /home/data-eginner/Documents/Soccer_Data/env/lib/python3.8/site-packages/airflow/example_dags/tutorial_etl_dag.py
[2022-01-21 21:00:25,967] {processor.py:642} INFO - Processing file /home/data-eginner/Documents/Soccer_Data/env/lib/python3.8/site-packages/airflow/example_dags/tutorial_etl_dag.py for tasks to queue
[2022-01-21 21:00:25,968] {logging_mixin.py:109} INFO - [2022-01-21 21:00:25,967] {dagbag.py:500} INFO - Filling up the DagBag from /home/data-eginner/Documents/Soccer_Data/env/lib/python3.8/site-packages/airflow/example_dags/tutorial_etl_dag.py
[2022-01-21 21:00:26,054] {processor.py:654} INFO - DAG(s) dict_keys(['tutorial_etl_dag']) retrieved from /home/data-eginner/Documents/Soccer_Data/env/lib/python3.8/site-packages/airflow/example_dags/tutorial_etl_dag.py
[2022-01-21 21:00:26,075] {logging_mixin.py:109} INFO - [2022-01-21 21:00:26,074] {dag.py:2396} INFO - Sync 1 DAGs
[2022-01-21 21:00:26,096] {logging_mixin.py:109} INFO - [2022-01-21 21:00:26,096] {dag.py:2935} INFO - Setting next_dagrun for tutorial_etl_dag to None
[2022-01-21 21:00:26,125] {processor.py:171} INFO - Processing /home/data-eginner/Documents/Soccer_Data/env/lib/python3.8/site-packages/airflow/example_dags/tutorial_etl_dag.py took 0.162 seconds
[2022-01-21 21:01:09,355] {processor.py:163} INFO - Started process (PID=110783) to work on /home/data-eginner/Documents/Soccer_Data/env/lib/python3.8/site-packages/airflow/example_dags/tutorial_etl_dag.py
[2022-01-21 21:01:09,360] {processor.py:642} INFO - Processing file /home/data-eginner/Documents/Soccer_Data/env/lib/python3.8/site-packages/airflow/example_dags/tutorial_etl_dag.py for tasks to queue
[2022-01-21 21:01:09,360] {logging_mixin.py:109} INFO - [2022-01-21 21:01:09,360] {dagbag.py:500} INFO - Filling up the DagBag from /home/data-eginner/Documents/Soccer_Data/env/lib/python3.8/site-packages/airflow/example_dags/tutorial_etl_dag.py
[2022-01-21 21:01:09,393] {processor.py:654} INFO - DAG(s) dict_keys(['tutorial_etl_dag']) retrieved from /home/data-eginner/Documents/Soccer_Data/env/lib/python3.8/site-packages/airflow/example_dags/tutorial_etl_dag.py
[2022-01-21 21:01:09,405] {logging_mixin.py:109} INFO - [2022-01-21 21:01:09,405] {dag.py:2396} INFO - Sync 1 DAGs
[2022-01-21 21:01:09,416] {logging_mixin.py:109} INFO - [2022-01-21 21:01:09,416] {dag.py:2935} INFO - Setting next_dagrun for tutorial_etl_dag to None
[2022-01-21 21:01:09,435] {processor.py:171} INFO - Processing /home/data-eginner/Documents/Soccer_Data/env/lib/python3.8/site-packages/airflow/example_dags/tutorial_etl_dag.py took 0.083 seconds
[2022-01-21 21:02:05,796] {processor.py:163} INFO - Started process (PID=111054) to work on /home/data-eginner/Documents/Soccer_Data/env/lib/python3.8/site-packages/airflow/example_dags/tutorial_etl_dag.py
[2022-01-21 21:02:05,801] {processor.py:642} INFO - Processing file /home/data-eginner/Documents/Soccer_Data/env/lib/python3.8/site-packages/airflow/example_dags/tutorial_etl_dag.py for tasks to queue
[2022-01-21 21:02:05,803] {logging_mixin.py:109} INFO - [2022-01-21 21:02:05,803] {dagbag.py:500} INFO - Filling up the DagBag from /home/data-eginner/Documents/Soccer_Data/env/lib/python3.8/site-packages/airflow/example_dags/tutorial_etl_dag.py
[2022-01-21 21:02:05,842] {processor.py:654} INFO - DAG(s) dict_keys(['tutorial_etl_dag']) retrieved from /home/data-eginner/Documents/Soccer_Data/env/lib/python3.8/site-packages/airflow/example_dags/tutorial_etl_dag.py
[2022-01-21 21:02:05,854] {logging_mixin.py:109} INFO - [2022-01-21 21:02:05,854] {dag.py:2396} INFO - Sync 1 DAGs
[2022-01-21 21:02:05,865] {logging_mixin.py:109} INFO - [2022-01-21 21:02:05,865] {dag.py:2935} INFO - Setting next_dagrun for tutorial_etl_dag to None
[2022-01-21 21:02:05,882] {processor.py:171} INFO - Processing /home/data-eginner/Documents/Soccer_Data/env/lib/python3.8/site-packages/airflow/example_dags/tutorial_etl_dag.py took 0.100 seconds
[2022-01-21 21:03:06,200] {processor.py:163} INFO - Started process (PID=111331) to work on /home/data-eginner/Documents/Soccer_Data/env/lib/python3.8/site-packages/airflow/example_dags/tutorial_etl_dag.py
[2022-01-21 21:03:06,208] {processor.py:642} INFO - Processing file /home/data-eginner/Documents/Soccer_Data/env/lib/python3.8/site-packages/airflow/example_dags/tutorial_etl_dag.py for tasks to queue
[2022-01-21 21:03:06,208] {logging_mixin.py:109} INFO - [2022-01-21 21:03:06,208] {dagbag.py:500} INFO - Filling up the DagBag from /home/data-eginner/Documents/Soccer_Data/env/lib/python3.8/site-packages/airflow/example_dags/tutorial_etl_dag.py
[2022-01-21 21:03:06,321] {processor.py:654} INFO - DAG(s) dict_keys(['tutorial_etl_dag']) retrieved from /home/data-eginner/Documents/Soccer_Data/env/lib/python3.8/site-packages/airflow/example_dags/tutorial_etl_dag.py
[2022-01-21 21:03:06,354] {logging_mixin.py:109} INFO - [2022-01-21 21:03:06,354] {dag.py:2396} INFO - Sync 1 DAGs
[2022-01-21 21:03:06,401] {logging_mixin.py:109} INFO - [2022-01-21 21:03:06,401] {dag.py:2935} INFO - Setting next_dagrun for tutorial_etl_dag to None
[2022-01-21 21:03:06,472] {processor.py:171} INFO - Processing /home/data-eginner/Documents/Soccer_Data/env/lib/python3.8/site-packages/airflow/example_dags/tutorial_etl_dag.py took 0.275 seconds
[2022-01-21 21:03:50,077] {processor.py:163} INFO - Started process (PID=111546) to work on /home/data-eginner/Documents/Soccer_Data/env/lib/python3.8/site-packages/airflow/example_dags/tutorial_etl_dag.py
[2022-01-21 21:03:50,079] {processor.py:642} INFO - Processing file /home/data-eginner/Documents/Soccer_Data/env/lib/python3.8/site-packages/airflow/example_dags/tutorial_etl_dag.py for tasks to queue
[2022-01-21 21:03:50,080] {logging_mixin.py:109} INFO - [2022-01-21 21:03:50,080] {dagbag.py:500} INFO - Filling up the DagBag from /home/data-eginner/Documents/Soccer_Data/env/lib/python3.8/site-packages/airflow/example_dags/tutorial_etl_dag.py
[2022-01-21 21:03:50,105] {processor.py:654} INFO - DAG(s) dict_keys(['tutorial_etl_dag']) retrieved from /home/data-eginner/Documents/Soccer_Data/env/lib/python3.8/site-packages/airflow/example_dags/tutorial_etl_dag.py
[2022-01-21 21:03:50,114] {logging_mixin.py:109} INFO - [2022-01-21 21:03:50,114] {dag.py:2396} INFO - Sync 1 DAGs
[2022-01-21 21:03:50,126] {logging_mixin.py:109} INFO - [2022-01-21 21:03:50,126] {dag.py:2935} INFO - Setting next_dagrun for tutorial_etl_dag to None
[2022-01-21 21:03:50,157] {processor.py:171} INFO - Processing /home/data-eginner/Documents/Soccer_Data/env/lib/python3.8/site-packages/airflow/example_dags/tutorial_etl_dag.py took 0.083 seconds
[2022-01-21 21:04:29,961] {processor.py:163} INFO - Started process (PID=111753) to work on /home/data-eginner/Documents/Soccer_Data/env/lib/python3.8/site-packages/airflow/example_dags/tutorial_etl_dag.py
[2022-01-21 21:04:29,967] {processor.py:642} INFO - Processing file /home/data-eginner/Documents/Soccer_Data/env/lib/python3.8/site-packages/airflow/example_dags/tutorial_etl_dag.py for tasks to queue
[2022-01-21 21:04:29,968] {logging_mixin.py:109} INFO - [2022-01-21 21:04:29,968] {dagbag.py:500} INFO - Filling up the DagBag from /home/data-eginner/Documents/Soccer_Data/env/lib/python3.8/site-packages/airflow/example_dags/tutorial_etl_dag.py
[2022-01-21 21:04:30,032] {processor.py:654} INFO - DAG(s) dict_keys(['tutorial_etl_dag']) retrieved from /home/data-eginner/Documents/Soccer_Data/env/lib/python3.8/site-packages/airflow/example_dags/tutorial_etl_dag.py
[2022-01-21 21:04:30,039] {logging_mixin.py:109} INFO - [2022-01-21 21:04:30,039] {dag.py:2396} INFO - Sync 1 DAGs
[2022-01-21 21:04:30,100] {logging_mixin.py:109} INFO - [2022-01-21 21:04:30,099] {dag.py:2935} INFO - Setting next_dagrun for tutorial_etl_dag to None
[2022-01-21 21:04:30,131] {processor.py:171} INFO - Processing /home/data-eginner/Documents/Soccer_Data/env/lib/python3.8/site-packages/airflow/example_dags/tutorial_etl_dag.py took 0.198 seconds
[2022-01-21 21:05:08,443] {processor.py:163} INFO - Started process (PID=111963) to work on /home/data-eginner/Documents/Soccer_Data/env/lib/python3.8/site-packages/airflow/example_dags/tutorial_etl_dag.py
[2022-01-21 21:05:08,447] {processor.py:642} INFO - Processing file /home/data-eginner/Documents/Soccer_Data/env/lib/python3.8/site-packages/airflow/example_dags/tutorial_etl_dag.py for tasks to queue
[2022-01-21 21:05:08,448] {logging_mixin.py:109} INFO - [2022-01-21 21:05:08,448] {dagbag.py:500} INFO - Filling up the DagBag from /home/data-eginner/Documents/Soccer_Data/env/lib/python3.8/site-packages/airflow/example_dags/tutorial_etl_dag.py
[2022-01-21 21:05:08,474] {processor.py:654} INFO - DAG(s) dict_keys(['tutorial_etl_dag']) retrieved from /home/data-eginner/Documents/Soccer_Data/env/lib/python3.8/site-packages/airflow/example_dags/tutorial_etl_dag.py
[2022-01-21 21:05:08,482] {logging_mixin.py:109} INFO - [2022-01-21 21:05:08,482] {dag.py:2396} INFO - Sync 1 DAGs
[2022-01-21 21:05:08,495] {logging_mixin.py:109} INFO - [2022-01-21 21:05:08,495] {dag.py:2935} INFO - Setting next_dagrun for tutorial_etl_dag to None
[2022-01-21 21:05:08,509] {processor.py:171} INFO - Processing /home/data-eginner/Documents/Soccer_Data/env/lib/python3.8/site-packages/airflow/example_dags/tutorial_etl_dag.py took 0.074 seconds
[2022-01-21 21:05:40,017] {processor.py:163} INFO - Started process (PID=112119) to work on /home/data-eginner/Documents/Soccer_Data/env/lib/python3.8/site-packages/airflow/example_dags/tutorial_etl_dag.py
[2022-01-21 21:05:40,120] {processor.py:642} INFO - Processing file /home/data-eginner/Documents/Soccer_Data/env/lib/python3.8/site-packages/airflow/example_dags/tutorial_etl_dag.py for tasks to queue
[2022-01-21 21:05:40,122] {logging_mixin.py:109} INFO - [2022-01-21 21:05:40,121] {dagbag.py:500} INFO - Filling up the DagBag from /home/data-eginner/Documents/Soccer_Data/env/lib/python3.8/site-packages/airflow/example_dags/tutorial_etl_dag.py
[2022-01-21 21:05:40,217] {processor.py:654} INFO - DAG(s) dict_keys(['tutorial_etl_dag']) retrieved from /home/data-eginner/Documents/Soccer_Data/env/lib/python3.8/site-packages/airflow/example_dags/tutorial_etl_dag.py
[2022-01-21 21:05:40,229] {logging_mixin.py:109} INFO - [2022-01-21 21:05:40,229] {dag.py:2396} INFO - Sync 1 DAGs
[2022-01-21 21:05:40,248] {logging_mixin.py:109} INFO - [2022-01-21 21:05:40,247] {dag.py:2935} INFO - Setting next_dagrun for tutorial_etl_dag to None
[2022-01-21 21:05:40,266] {processor.py:171} INFO - Processing /home/data-eginner/Documents/Soccer_Data/env/lib/python3.8/site-packages/airflow/example_dags/tutorial_etl_dag.py took 0.262 seconds
[2022-01-21 21:06:15,665] {processor.py:163} INFO - Started process (PID=112306) to work on /home/data-eginner/Documents/Soccer_Data/env/lib/python3.8/site-packages/airflow/example_dags/tutorial_etl_dag.py
[2022-01-21 21:06:15,680] {processor.py:642} INFO - Processing file /home/data-eginner/Documents/Soccer_Data/env/lib/python3.8/site-packages/airflow/example_dags/tutorial_etl_dag.py for tasks to queue
[2022-01-21 21:06:15,681] {logging_mixin.py:109} INFO - [2022-01-21 21:06:15,681] {dagbag.py:500} INFO - Filling up the DagBag from /home/data-eginner/Documents/Soccer_Data/env/lib/python3.8/site-packages/airflow/example_dags/tutorial_etl_dag.py
[2022-01-21 21:06:15,723] {processor.py:654} INFO - DAG(s) dict_keys(['tutorial_etl_dag']) retrieved from /home/data-eginner/Documents/Soccer_Data/env/lib/python3.8/site-packages/airflow/example_dags/tutorial_etl_dag.py
[2022-01-21 21:06:15,730] {logging_mixin.py:109} INFO - [2022-01-21 21:06:15,730] {dag.py:2396} INFO - Sync 1 DAGs
[2022-01-21 21:06:15,750] {logging_mixin.py:109} INFO - [2022-01-21 21:06:15,750] {dag.py:2935} INFO - Setting next_dagrun for tutorial_etl_dag to None
[2022-01-21 21:06:15,767] {processor.py:171} INFO - Processing /home/data-eginner/Documents/Soccer_Data/env/lib/python3.8/site-packages/airflow/example_dags/tutorial_etl_dag.py took 0.104 seconds
[2022-01-21 21:06:51,072] {processor.py:163} INFO - Started process (PID=112489) to work on /home/data-eginner/Documents/Soccer_Data/env/lib/python3.8/site-packages/airflow/example_dags/tutorial_etl_dag.py
[2022-01-21 21:06:51,075] {processor.py:642} INFO - Processing file /home/data-eginner/Documents/Soccer_Data/env/lib/python3.8/site-packages/airflow/example_dags/tutorial_etl_dag.py for tasks to queue
[2022-01-21 21:06:51,078] {logging_mixin.py:109} INFO - [2022-01-21 21:06:51,078] {dagbag.py:500} INFO - Filling up the DagBag from /home/data-eginner/Documents/Soccer_Data/env/lib/python3.8/site-packages/airflow/example_dags/tutorial_etl_dag.py
[2022-01-21 21:06:51,104] {processor.py:654} INFO - DAG(s) dict_keys(['tutorial_etl_dag']) retrieved from /home/data-eginner/Documents/Soccer_Data/env/lib/python3.8/site-packages/airflow/example_dags/tutorial_etl_dag.py
[2022-01-21 21:06:51,111] {logging_mixin.py:109} INFO - [2022-01-21 21:06:51,111] {dag.py:2396} INFO - Sync 1 DAGs
[2022-01-21 21:06:51,122] {logging_mixin.py:109} INFO - [2022-01-21 21:06:51,122] {dag.py:2935} INFO - Setting next_dagrun for tutorial_etl_dag to None
[2022-01-21 21:06:51,137] {processor.py:171} INFO - Processing /home/data-eginner/Documents/Soccer_Data/env/lib/python3.8/site-packages/airflow/example_dags/tutorial_etl_dag.py took 0.070 seconds
[2022-01-21 21:07:31,367] {processor.py:163} INFO - Started process (PID=112695) to work on /home/data-eginner/Documents/Soccer_Data/env/lib/python3.8/site-packages/airflow/example_dags/tutorial_etl_dag.py
[2022-01-21 21:07:31,370] {processor.py:642} INFO - Processing file /home/data-eginner/Documents/Soccer_Data/env/lib/python3.8/site-packages/airflow/example_dags/tutorial_etl_dag.py for tasks to queue
[2022-01-21 21:07:31,372] {logging_mixin.py:109} INFO - [2022-01-21 21:07:31,371] {dagbag.py:500} INFO - Filling up the DagBag from /home/data-eginner/Documents/Soccer_Data/env/lib/python3.8/site-packages/airflow/example_dags/tutorial_etl_dag.py
[2022-01-21 21:07:31,401] {processor.py:654} INFO - DAG(s) dict_keys(['tutorial_etl_dag']) retrieved from /home/data-eginner/Documents/Soccer_Data/env/lib/python3.8/site-packages/airflow/example_dags/tutorial_etl_dag.py
[2022-01-21 21:07:31,410] {logging_mixin.py:109} INFO - [2022-01-21 21:07:31,410] {dag.py:2396} INFO - Sync 1 DAGs
[2022-01-21 21:07:31,424] {logging_mixin.py:109} INFO - [2022-01-21 21:07:31,424] {dag.py:2935} INFO - Setting next_dagrun for tutorial_etl_dag to None
[2022-01-21 21:07:31,466] {processor.py:171} INFO - Processing /home/data-eginner/Documents/Soccer_Data/env/lib/python3.8/site-packages/airflow/example_dags/tutorial_etl_dag.py took 0.104 seconds
