[2022-01-28 20:49:27,448] {processor.py:163} INFO - Started process (PID=16338) to work on /home/data-eginner/Documents/Soccer_Data/env/lib/python3.8/site-packages/airflow/example_dags/plugins/workday.py
[2022-01-28 20:49:27,449] {processor.py:642} INFO - Processing file /home/data-eginner/Documents/Soccer_Data/env/lib/python3.8/site-packages/airflow/example_dags/plugins/workday.py for tasks to queue
[2022-01-28 20:49:27,450] {logging_mixin.py:109} INFO - [2022-01-28 20:49:27,450] {dagbag.py:500} INFO - Filling up the DagBag from /home/data-eginner/Documents/Soccer_Data/env/lib/python3.8/site-packages/airflow/example_dags/plugins/workday.py
[2022-01-28 20:49:27,504] {processor.py:656} WARNING - No viable dags retrieved from /home/data-eginner/Documents/Soccer_Data/env/lib/python3.8/site-packages/airflow/example_dags/plugins/workday.py
[2022-01-28 20:49:27,520] {processor.py:171} INFO - Processing /home/data-eginner/Documents/Soccer_Data/env/lib/python3.8/site-packages/airflow/example_dags/plugins/workday.py took 0.109 seconds
[2022-01-28 20:50:09,054] {processor.py:163} INFO - Started process (PID=16569) to work on /home/data-eginner/Documents/Soccer_Data/env/lib/python3.8/site-packages/airflow/example_dags/plugins/workday.py
[2022-01-28 20:50:09,059] {processor.py:642} INFO - Processing file /home/data-eginner/Documents/Soccer_Data/env/lib/python3.8/site-packages/airflow/example_dags/plugins/workday.py for tasks to queue
[2022-01-28 20:50:09,060] {logging_mixin.py:109} INFO - [2022-01-28 20:50:09,060] {dagbag.py:500} INFO - Filling up the DagBag from /home/data-eginner/Documents/Soccer_Data/env/lib/python3.8/site-packages/airflow/example_dags/plugins/workday.py
[2022-01-28 20:50:09,079] {processor.py:656} WARNING - No viable dags retrieved from /home/data-eginner/Documents/Soccer_Data/env/lib/python3.8/site-packages/airflow/example_dags/plugins/workday.py
[2022-01-28 20:50:09,080] {processor.py:171} INFO - Processing /home/data-eginner/Documents/Soccer_Data/env/lib/python3.8/site-packages/airflow/example_dags/plugins/workday.py took 0.040 seconds
[2022-01-28 20:50:46,022] {processor.py:163} INFO - Started process (PID=16735) to work on /home/data-eginner/Documents/Soccer_Data/env/lib/python3.8/site-packages/airflow/example_dags/plugins/workday.py
[2022-01-28 20:50:46,024] {processor.py:642} INFO - Processing file /home/data-eginner/Documents/Soccer_Data/env/lib/python3.8/site-packages/airflow/example_dags/plugins/workday.py for tasks to queue
[2022-01-28 20:50:46,024] {logging_mixin.py:109} INFO - [2022-01-28 20:50:46,024] {dagbag.py:500} INFO - Filling up the DagBag from /home/data-eginner/Documents/Soccer_Data/env/lib/python3.8/site-packages/airflow/example_dags/plugins/workday.py
[2022-01-28 20:50:46,035] {processor.py:656} WARNING - No viable dags retrieved from /home/data-eginner/Documents/Soccer_Data/env/lib/python3.8/site-packages/airflow/example_dags/plugins/workday.py
[2022-01-28 20:50:46,036] {processor.py:171} INFO - Processing /home/data-eginner/Documents/Soccer_Data/env/lib/python3.8/site-packages/airflow/example_dags/plugins/workday.py took 0.017 seconds
[2022-01-28 20:51:24,156] {processor.py:163} INFO - Started process (PID=16896) to work on /home/data-eginner/Documents/Soccer_Data/env/lib/python3.8/site-packages/airflow/example_dags/plugins/workday.py
[2022-01-28 20:51:24,160] {processor.py:642} INFO - Processing file /home/data-eginner/Documents/Soccer_Data/env/lib/python3.8/site-packages/airflow/example_dags/plugins/workday.py for tasks to queue
[2022-01-28 20:51:24,162] {logging_mixin.py:109} INFO - [2022-01-28 20:51:24,161] {dagbag.py:500} INFO - Filling up the DagBag from /home/data-eginner/Documents/Soccer_Data/env/lib/python3.8/site-packages/airflow/example_dags/plugins/workday.py
[2022-01-28 20:51:24,176] {processor.py:656} WARNING - No viable dags retrieved from /home/data-eginner/Documents/Soccer_Data/env/lib/python3.8/site-packages/airflow/example_dags/plugins/workday.py
[2022-01-28 20:51:24,178] {processor.py:171} INFO - Processing /home/data-eginner/Documents/Soccer_Data/env/lib/python3.8/site-packages/airflow/example_dags/plugins/workday.py took 0.030 seconds
[2022-01-28 20:51:59,240] {processor.py:163} INFO - Started process (PID=17258) to work on /home/data-eginner/Documents/Soccer_Data/env/lib/python3.8/site-packages/airflow/example_dags/plugins/workday.py
[2022-01-28 20:51:59,295] {processor.py:642} INFO - Processing file /home/data-eginner/Documents/Soccer_Data/env/lib/python3.8/site-packages/airflow/example_dags/plugins/workday.py for tasks to queue
[2022-01-28 20:51:59,296] {logging_mixin.py:109} INFO - [2022-01-28 20:51:59,296] {dagbag.py:500} INFO - Filling up the DagBag from /home/data-eginner/Documents/Soccer_Data/env/lib/python3.8/site-packages/airflow/example_dags/plugins/workday.py
[2022-01-28 20:51:59,416] {processor.py:656} WARNING - No viable dags retrieved from /home/data-eginner/Documents/Soccer_Data/env/lib/python3.8/site-packages/airflow/example_dags/plugins/workday.py
[2022-01-28 20:51:59,419] {processor.py:171} INFO - Processing /home/data-eginner/Documents/Soccer_Data/env/lib/python3.8/site-packages/airflow/example_dags/plugins/workday.py took 0.182 seconds
[2022-01-28 20:52:38,348] {processor.py:163} INFO - Started process (PID=17434) to work on /home/data-eginner/Documents/Soccer_Data/env/lib/python3.8/site-packages/airflow/example_dags/plugins/workday.py
[2022-01-28 20:52:38,362] {processor.py:642} INFO - Processing file /home/data-eginner/Documents/Soccer_Data/env/lib/python3.8/site-packages/airflow/example_dags/plugins/workday.py for tasks to queue
[2022-01-28 20:52:38,362] {logging_mixin.py:109} INFO - [2022-01-28 20:52:38,362] {dagbag.py:500} INFO - Filling up the DagBag from /home/data-eginner/Documents/Soccer_Data/env/lib/python3.8/site-packages/airflow/example_dags/plugins/workday.py
[2022-01-28 20:52:38,375] {processor.py:656} WARNING - No viable dags retrieved from /home/data-eginner/Documents/Soccer_Data/env/lib/python3.8/site-packages/airflow/example_dags/plugins/workday.py
[2022-01-28 20:52:38,377] {processor.py:171} INFO - Processing /home/data-eginner/Documents/Soccer_Data/env/lib/python3.8/site-packages/airflow/example_dags/plugins/workday.py took 0.032 seconds
[2022-01-28 20:53:23,888] {processor.py:163} INFO - Started process (PID=17624) to work on /home/data-eginner/Documents/Soccer_Data/env/lib/python3.8/site-packages/airflow/example_dags/plugins/workday.py
[2022-01-28 20:53:23,929] {processor.py:642} INFO - Processing file /home/data-eginner/Documents/Soccer_Data/env/lib/python3.8/site-packages/airflow/example_dags/plugins/workday.py for tasks to queue
[2022-01-28 20:53:23,929] {logging_mixin.py:109} INFO - [2022-01-28 20:53:23,929] {dagbag.py:500} INFO - Filling up the DagBag from /home/data-eginner/Documents/Soccer_Data/env/lib/python3.8/site-packages/airflow/example_dags/plugins/workday.py
[2022-01-28 20:53:23,951] {processor.py:656} WARNING - No viable dags retrieved from /home/data-eginner/Documents/Soccer_Data/env/lib/python3.8/site-packages/airflow/example_dags/plugins/workday.py
[2022-01-28 20:53:23,976] {processor.py:171} INFO - Processing /home/data-eginner/Documents/Soccer_Data/env/lib/python3.8/site-packages/airflow/example_dags/plugins/workday.py took 0.091 seconds
[2022-01-28 20:54:05,150] {processor.py:163} INFO - Started process (PID=17769) to work on /home/data-eginner/Documents/Soccer_Data/env/lib/python3.8/site-packages/airflow/example_dags/plugins/workday.py
[2022-01-28 20:54:05,152] {processor.py:642} INFO - Processing file /home/data-eginner/Documents/Soccer_Data/env/lib/python3.8/site-packages/airflow/example_dags/plugins/workday.py for tasks to queue
[2022-01-28 20:54:05,152] {logging_mixin.py:109} INFO - [2022-01-28 20:54:05,152] {dagbag.py:500} INFO - Filling up the DagBag from /home/data-eginner/Documents/Soccer_Data/env/lib/python3.8/site-packages/airflow/example_dags/plugins/workday.py
[2022-01-28 20:54:05,194] {processor.py:656} WARNING - No viable dags retrieved from /home/data-eginner/Documents/Soccer_Data/env/lib/python3.8/site-packages/airflow/example_dags/plugins/workday.py
[2022-01-28 20:54:05,196] {processor.py:171} INFO - Processing /home/data-eginner/Documents/Soccer_Data/env/lib/python3.8/site-packages/airflow/example_dags/plugins/workday.py took 0.064 seconds
[2022-01-28 20:54:48,559] {processor.py:163} INFO - Started process (PID=17911) to work on /home/data-eginner/Documents/Soccer_Data/env/lib/python3.8/site-packages/airflow/example_dags/plugins/workday.py
[2022-01-28 20:54:48,562] {processor.py:642} INFO - Processing file /home/data-eginner/Documents/Soccer_Data/env/lib/python3.8/site-packages/airflow/example_dags/plugins/workday.py for tasks to queue
[2022-01-28 20:54:48,563] {logging_mixin.py:109} INFO - [2022-01-28 20:54:48,563] {dagbag.py:500} INFO - Filling up the DagBag from /home/data-eginner/Documents/Soccer_Data/env/lib/python3.8/site-packages/airflow/example_dags/plugins/workday.py
[2022-01-28 20:54:48,585] {processor.py:656} WARNING - No viable dags retrieved from /home/data-eginner/Documents/Soccer_Data/env/lib/python3.8/site-packages/airflow/example_dags/plugins/workday.py
[2022-01-28 20:54:48,587] {processor.py:171} INFO - Processing /home/data-eginner/Documents/Soccer_Data/env/lib/python3.8/site-packages/airflow/example_dags/plugins/workday.py took 0.053 seconds
[2022-01-28 20:55:31,508] {processor.py:163} INFO - Started process (PID=18066) to work on /home/data-eginner/Documents/Soccer_Data/env/lib/python3.8/site-packages/airflow/example_dags/plugins/workday.py
[2022-01-28 20:55:31,523] {processor.py:642} INFO - Processing file /home/data-eginner/Documents/Soccer_Data/env/lib/python3.8/site-packages/airflow/example_dags/plugins/workday.py for tasks to queue
[2022-01-28 20:55:31,525] {logging_mixin.py:109} INFO - [2022-01-28 20:55:31,524] {dagbag.py:500} INFO - Filling up the DagBag from /home/data-eginner/Documents/Soccer_Data/env/lib/python3.8/site-packages/airflow/example_dags/plugins/workday.py
[2022-01-28 20:55:31,563] {processor.py:656} WARNING - No viable dags retrieved from /home/data-eginner/Documents/Soccer_Data/env/lib/python3.8/site-packages/airflow/example_dags/plugins/workday.py
[2022-01-28 20:55:31,581] {processor.py:171} INFO - Processing /home/data-eginner/Documents/Soccer_Data/env/lib/python3.8/site-packages/airflow/example_dags/plugins/workday.py took 0.084 seconds
[2022-01-28 20:56:24,474] {processor.py:163} INFO - Started process (PID=18231) to work on /home/data-eginner/Documents/Soccer_Data/env/lib/python3.8/site-packages/airflow/example_dags/plugins/workday.py
[2022-01-28 20:56:24,495] {processor.py:642} INFO - Processing file /home/data-eginner/Documents/Soccer_Data/env/lib/python3.8/site-packages/airflow/example_dags/plugins/workday.py for tasks to queue
[2022-01-28 20:56:24,495] {logging_mixin.py:109} INFO - [2022-01-28 20:56:24,495] {dagbag.py:500} INFO - Filling up the DagBag from /home/data-eginner/Documents/Soccer_Data/env/lib/python3.8/site-packages/airflow/example_dags/plugins/workday.py
[2022-01-28 20:56:24,506] {processor.py:656} WARNING - No viable dags retrieved from /home/data-eginner/Documents/Soccer_Data/env/lib/python3.8/site-packages/airflow/example_dags/plugins/workday.py
[2022-01-28 20:56:24,507] {processor.py:171} INFO - Processing /home/data-eginner/Documents/Soccer_Data/env/lib/python3.8/site-packages/airflow/example_dags/plugins/workday.py took 0.036 seconds
[2022-01-28 20:57:08,002] {processor.py:163} INFO - Started process (PID=18382) to work on /home/data-eginner/Documents/Soccer_Data/env/lib/python3.8/site-packages/airflow/example_dags/plugins/workday.py
[2022-01-28 20:57:08,020] {processor.py:642} INFO - Processing file /home/data-eginner/Documents/Soccer_Data/env/lib/python3.8/site-packages/airflow/example_dags/plugins/workday.py for tasks to queue
[2022-01-28 20:57:08,021] {logging_mixin.py:109} INFO - [2022-01-28 20:57:08,020] {dagbag.py:500} INFO - Filling up the DagBag from /home/data-eginner/Documents/Soccer_Data/env/lib/python3.8/site-packages/airflow/example_dags/plugins/workday.py
[2022-01-28 20:57:08,045] {processor.py:656} WARNING - No viable dags retrieved from /home/data-eginner/Documents/Soccer_Data/env/lib/python3.8/site-packages/airflow/example_dags/plugins/workday.py
[2022-01-28 20:57:08,059] {processor.py:171} INFO - Processing /home/data-eginner/Documents/Soccer_Data/env/lib/python3.8/site-packages/airflow/example_dags/plugins/workday.py took 0.059 seconds
[2022-01-28 20:57:46,074] {processor.py:163} INFO - Started process (PID=18519) to work on /home/data-eginner/Documents/Soccer_Data/env/lib/python3.8/site-packages/airflow/example_dags/plugins/workday.py
[2022-01-28 20:57:46,092] {processor.py:642} INFO - Processing file /home/data-eginner/Documents/Soccer_Data/env/lib/python3.8/site-packages/airflow/example_dags/plugins/workday.py for tasks to queue
[2022-01-28 20:57:46,093] {logging_mixin.py:109} INFO - [2022-01-28 20:57:46,093] {dagbag.py:500} INFO - Filling up the DagBag from /home/data-eginner/Documents/Soccer_Data/env/lib/python3.8/site-packages/airflow/example_dags/plugins/workday.py
[2022-01-28 20:57:46,136] {processor.py:656} WARNING - No viable dags retrieved from /home/data-eginner/Documents/Soccer_Data/env/lib/python3.8/site-packages/airflow/example_dags/plugins/workday.py
[2022-01-28 20:57:46,138] {processor.py:171} INFO - Processing /home/data-eginner/Documents/Soccer_Data/env/lib/python3.8/site-packages/airflow/example_dags/plugins/workday.py took 0.067 seconds
[2022-01-28 20:58:35,144] {processor.py:163} INFO - Started process (PID=18685) to work on /home/data-eginner/Documents/Soccer_Data/env/lib/python3.8/site-packages/airflow/example_dags/plugins/workday.py
[2022-01-28 20:58:35,152] {processor.py:642} INFO - Processing file /home/data-eginner/Documents/Soccer_Data/env/lib/python3.8/site-packages/airflow/example_dags/plugins/workday.py for tasks to queue
[2022-01-28 20:58:35,153] {logging_mixin.py:109} INFO - [2022-01-28 20:58:35,152] {dagbag.py:500} INFO - Filling up the DagBag from /home/data-eginner/Documents/Soccer_Data/env/lib/python3.8/site-packages/airflow/example_dags/plugins/workday.py
[2022-01-28 20:58:35,240] {processor.py:656} WARNING - No viable dags retrieved from /home/data-eginner/Documents/Soccer_Data/env/lib/python3.8/site-packages/airflow/example_dags/plugins/workday.py
[2022-01-28 20:58:35,243] {processor.py:171} INFO - Processing /home/data-eginner/Documents/Soccer_Data/env/lib/python3.8/site-packages/airflow/example_dags/plugins/workday.py took 0.116 seconds
[2022-01-28 20:59:39,523] {processor.py:163} INFO - Started process (PID=18856) to work on /home/data-eginner/Documents/Soccer_Data/env/lib/python3.8/site-packages/airflow/example_dags/plugins/workday.py
[2022-01-28 20:59:39,591] {processor.py:642} INFO - Processing file /home/data-eginner/Documents/Soccer_Data/env/lib/python3.8/site-packages/airflow/example_dags/plugins/workday.py for tasks to queue
[2022-01-28 20:59:39,592] {logging_mixin.py:109} INFO - [2022-01-28 20:59:39,592] {dagbag.py:500} INFO - Filling up the DagBag from /home/data-eginner/Documents/Soccer_Data/env/lib/python3.8/site-packages/airflow/example_dags/plugins/workday.py
[2022-01-28 20:59:39,750] {processor.py:656} WARNING - No viable dags retrieved from /home/data-eginner/Documents/Soccer_Data/env/lib/python3.8/site-packages/airflow/example_dags/plugins/workday.py
[2022-01-28 20:59:39,781] {processor.py:171} INFO - Processing /home/data-eginner/Documents/Soccer_Data/env/lib/python3.8/site-packages/airflow/example_dags/plugins/workday.py took 0.261 seconds
