[2022-01-13 23:03:59,362] {processor.py:163} INFO - Started process (PID=23896) to work on /home/data-eginner/Documents/Soccer_Data/env/lib/python3.8/site-packages/airflow/example_dags/plugins/workday.py
[2022-01-13 23:03:59,363] {processor.py:642} INFO - Processing file /home/data-eginner/Documents/Soccer_Data/env/lib/python3.8/site-packages/airflow/example_dags/plugins/workday.py for tasks to queue
[2022-01-13 23:03:59,363] {logging_mixin.py:109} INFO - [2022-01-13 23:03:59,363] {dagbag.py:500} INFO - Filling up the DagBag from /home/data-eginner/Documents/Soccer_Data/env/lib/python3.8/site-packages/airflow/example_dags/plugins/workday.py
[2022-01-13 23:03:59,407] {processor.py:656} WARNING - No viable dags retrieved from /home/data-eginner/Documents/Soccer_Data/env/lib/python3.8/site-packages/airflow/example_dags/plugins/workday.py
[2022-01-13 23:03:59,443] {processor.py:171} INFO - Processing /home/data-eginner/Documents/Soccer_Data/env/lib/python3.8/site-packages/airflow/example_dags/plugins/workday.py took 0.084 seconds
[2022-01-13 23:04:43,678] {processor.py:163} INFO - Started process (PID=24111) to work on /home/data-eginner/Documents/Soccer_Data/env/lib/python3.8/site-packages/airflow/example_dags/plugins/workday.py
[2022-01-13 23:04:43,692] {processor.py:642} INFO - Processing file /home/data-eginner/Documents/Soccer_Data/env/lib/python3.8/site-packages/airflow/example_dags/plugins/workday.py for tasks to queue
[2022-01-13 23:04:43,693] {logging_mixin.py:109} INFO - [2022-01-13 23:04:43,693] {dagbag.py:500} INFO - Filling up the DagBag from /home/data-eginner/Documents/Soccer_Data/env/lib/python3.8/site-packages/airflow/example_dags/plugins/workday.py
[2022-01-13 23:04:43,713] {processor.py:656} WARNING - No viable dags retrieved from /home/data-eginner/Documents/Soccer_Data/env/lib/python3.8/site-packages/airflow/example_dags/plugins/workday.py
[2022-01-13 23:04:43,715] {processor.py:171} INFO - Processing /home/data-eginner/Documents/Soccer_Data/env/lib/python3.8/site-packages/airflow/example_dags/plugins/workday.py took 0.039 seconds
[2022-01-13 23:05:22,005] {processor.py:163} INFO - Started process (PID=24443) to work on /home/data-eginner/Documents/Soccer_Data/env/lib/python3.8/site-packages/airflow/example_dags/plugins/workday.py
[2022-01-13 23:05:22,011] {processor.py:642} INFO - Processing file /home/data-eginner/Documents/Soccer_Data/env/lib/python3.8/site-packages/airflow/example_dags/plugins/workday.py for tasks to queue
[2022-01-13 23:05:22,011] {logging_mixin.py:109} INFO - [2022-01-13 23:05:22,011] {dagbag.py:500} INFO - Filling up the DagBag from /home/data-eginner/Documents/Soccer_Data/env/lib/python3.8/site-packages/airflow/example_dags/plugins/workday.py
[2022-01-13 23:05:22,036] {processor.py:656} WARNING - No viable dags retrieved from /home/data-eginner/Documents/Soccer_Data/env/lib/python3.8/site-packages/airflow/example_dags/plugins/workday.py
[2022-01-13 23:05:22,038] {processor.py:171} INFO - Processing /home/data-eginner/Documents/Soccer_Data/env/lib/python3.8/site-packages/airflow/example_dags/plugins/workday.py took 0.035 seconds
[2022-01-13 23:05:57,061] {processor.py:163} INFO - Started process (PID=24648) to work on /home/data-eginner/Documents/Soccer_Data/env/lib/python3.8/site-packages/airflow/example_dags/plugins/workday.py
[2022-01-13 23:05:57,063] {processor.py:642} INFO - Processing file /home/data-eginner/Documents/Soccer_Data/env/lib/python3.8/site-packages/airflow/example_dags/plugins/workday.py for tasks to queue
[2022-01-13 23:05:57,064] {logging_mixin.py:109} INFO - [2022-01-13 23:05:57,063] {dagbag.py:500} INFO - Filling up the DagBag from /home/data-eginner/Documents/Soccer_Data/env/lib/python3.8/site-packages/airflow/example_dags/plugins/workday.py
[2022-01-13 23:05:57,074] {processor.py:656} WARNING - No viable dags retrieved from /home/data-eginner/Documents/Soccer_Data/env/lib/python3.8/site-packages/airflow/example_dags/plugins/workday.py
[2022-01-13 23:05:57,078] {processor.py:171} INFO - Processing /home/data-eginner/Documents/Soccer_Data/env/lib/python3.8/site-packages/airflow/example_dags/plugins/workday.py took 0.020 seconds
[2022-01-13 23:06:39,239] {processor.py:163} INFO - Started process (PID=24836) to work on /home/data-eginner/Documents/Soccer_Data/env/lib/python3.8/site-packages/airflow/example_dags/plugins/workday.py
[2022-01-13 23:06:39,242] {processor.py:642} INFO - Processing file /home/data-eginner/Documents/Soccer_Data/env/lib/python3.8/site-packages/airflow/example_dags/plugins/workday.py for tasks to queue
[2022-01-13 23:06:39,242] {logging_mixin.py:109} INFO - [2022-01-13 23:06:39,242] {dagbag.py:500} INFO - Filling up the DagBag from /home/data-eginner/Documents/Soccer_Data/env/lib/python3.8/site-packages/airflow/example_dags/plugins/workday.py
[2022-01-13 23:06:39,253] {processor.py:656} WARNING - No viable dags retrieved from /home/data-eginner/Documents/Soccer_Data/env/lib/python3.8/site-packages/airflow/example_dags/plugins/workday.py
[2022-01-13 23:06:39,254] {processor.py:171} INFO - Processing /home/data-eginner/Documents/Soccer_Data/env/lib/python3.8/site-packages/airflow/example_dags/plugins/workday.py took 0.019 seconds
[2022-01-13 23:07:17,452] {processor.py:163} INFO - Started process (PID=24993) to work on /home/data-eginner/Documents/Soccer_Data/env/lib/python3.8/site-packages/airflow/example_dags/plugins/workday.py
[2022-01-13 23:07:17,468] {processor.py:642} INFO - Processing file /home/data-eginner/Documents/Soccer_Data/env/lib/python3.8/site-packages/airflow/example_dags/plugins/workday.py for tasks to queue
[2022-01-13 23:07:17,468] {logging_mixin.py:109} INFO - [2022-01-13 23:07:17,468] {dagbag.py:500} INFO - Filling up the DagBag from /home/data-eginner/Documents/Soccer_Data/env/lib/python3.8/site-packages/airflow/example_dags/plugins/workday.py
[2022-01-13 23:07:17,493] {processor.py:656} WARNING - No viable dags retrieved from /home/data-eginner/Documents/Soccer_Data/env/lib/python3.8/site-packages/airflow/example_dags/plugins/workday.py
[2022-01-13 23:07:17,495] {processor.py:171} INFO - Processing /home/data-eginner/Documents/Soccer_Data/env/lib/python3.8/site-packages/airflow/example_dags/plugins/workday.py took 0.046 seconds
[2022-01-13 23:10:06,905] {processor.py:163} INFO - Started process (PID=25135) to work on /home/data-eginner/Documents/Soccer_Data/env/lib/python3.8/site-packages/airflow/example_dags/plugins/workday.py
[2022-01-13 23:10:06,920] {processor.py:642} INFO - Processing file /home/data-eginner/Documents/Soccer_Data/env/lib/python3.8/site-packages/airflow/example_dags/plugins/workday.py for tasks to queue
[2022-01-13 23:10:06,921] {logging_mixin.py:109} INFO - [2022-01-13 23:10:06,921] {dagbag.py:500} INFO - Filling up the DagBag from /home/data-eginner/Documents/Soccer_Data/env/lib/python3.8/site-packages/airflow/example_dags/plugins/workday.py
[2022-01-13 23:10:06,944] {processor.py:656} WARNING - No viable dags retrieved from /home/data-eginner/Documents/Soccer_Data/env/lib/python3.8/site-packages/airflow/example_dags/plugins/workday.py
[2022-01-13 23:10:06,949] {processor.py:171} INFO - Processing /home/data-eginner/Documents/Soccer_Data/env/lib/python3.8/site-packages/airflow/example_dags/plugins/workday.py took 0.046 seconds
[2022-01-13 23:11:01,405] {processor.py:163} INFO - Started process (PID=25339) to work on /home/data-eginner/Documents/Soccer_Data/env/lib/python3.8/site-packages/airflow/example_dags/plugins/workday.py
[2022-01-13 23:11:01,408] {processor.py:642} INFO - Processing file /home/data-eginner/Documents/Soccer_Data/env/lib/python3.8/site-packages/airflow/example_dags/plugins/workday.py for tasks to queue
[2022-01-13 23:11:01,409] {logging_mixin.py:109} INFO - [2022-01-13 23:11:01,409] {dagbag.py:500} INFO - Filling up the DagBag from /home/data-eginner/Documents/Soccer_Data/env/lib/python3.8/site-packages/airflow/example_dags/plugins/workday.py
[2022-01-13 23:11:01,417] {processor.py:656} WARNING - No viable dags retrieved from /home/data-eginner/Documents/Soccer_Data/env/lib/python3.8/site-packages/airflow/example_dags/plugins/workday.py
[2022-01-13 23:11:01,420] {processor.py:171} INFO - Processing /home/data-eginner/Documents/Soccer_Data/env/lib/python3.8/site-packages/airflow/example_dags/plugins/workday.py took 0.024 seconds
[2022-01-13 23:13:29,384] {processor.py:163} INFO - Started process (PID=25535) to work on /home/data-eginner/Documents/Soccer_Data/env/lib/python3.8/site-packages/airflow/example_dags/plugins/workday.py
[2022-01-13 23:13:29,400] {processor.py:642} INFO - Processing file /home/data-eginner/Documents/Soccer_Data/env/lib/python3.8/site-packages/airflow/example_dags/plugins/workday.py for tasks to queue
[2022-01-13 23:13:29,401] {logging_mixin.py:109} INFO - [2022-01-13 23:13:29,401] {dagbag.py:500} INFO - Filling up the DagBag from /home/data-eginner/Documents/Soccer_Data/env/lib/python3.8/site-packages/airflow/example_dags/plugins/workday.py
[2022-01-13 23:13:29,412] {processor.py:656} WARNING - No viable dags retrieved from /home/data-eginner/Documents/Soccer_Data/env/lib/python3.8/site-packages/airflow/example_dags/plugins/workday.py
[2022-01-13 23:13:29,414] {processor.py:171} INFO - Processing /home/data-eginner/Documents/Soccer_Data/env/lib/python3.8/site-packages/airflow/example_dags/plugins/workday.py took 0.032 seconds
[2022-01-13 23:14:25,043] {processor.py:163} INFO - Started process (PID=25743) to work on /home/data-eginner/Documents/Soccer_Data/env/lib/python3.8/site-packages/airflow/example_dags/plugins/workday.py
[2022-01-13 23:14:25,047] {processor.py:642} INFO - Processing file /home/data-eginner/Documents/Soccer_Data/env/lib/python3.8/site-packages/airflow/example_dags/plugins/workday.py for tasks to queue
[2022-01-13 23:14:25,048] {logging_mixin.py:109} INFO - [2022-01-13 23:14:25,048] {dagbag.py:500} INFO - Filling up the DagBag from /home/data-eginner/Documents/Soccer_Data/env/lib/python3.8/site-packages/airflow/example_dags/plugins/workday.py
[2022-01-13 23:14:25,257] {processor.py:656} WARNING - No viable dags retrieved from /home/data-eginner/Documents/Soccer_Data/env/lib/python3.8/site-packages/airflow/example_dags/plugins/workday.py
[2022-01-13 23:14:25,259] {processor.py:171} INFO - Processing /home/data-eginner/Documents/Soccer_Data/env/lib/python3.8/site-packages/airflow/example_dags/plugins/workday.py took 0.219 seconds
[2022-01-13 23:15:41,201] {processor.py:163} INFO - Started process (PID=26048) to work on /home/data-eginner/Documents/Soccer_Data/env/lib/python3.8/site-packages/airflow/example_dags/plugins/workday.py
[2022-01-13 23:15:41,209] {processor.py:642} INFO - Processing file /home/data-eginner/Documents/Soccer_Data/env/lib/python3.8/site-packages/airflow/example_dags/plugins/workday.py for tasks to queue
[2022-01-13 23:15:41,209] {logging_mixin.py:109} INFO - [2022-01-13 23:15:41,209] {dagbag.py:500} INFO - Filling up the DagBag from /home/data-eginner/Documents/Soccer_Data/env/lib/python3.8/site-packages/airflow/example_dags/plugins/workday.py
[2022-01-13 23:15:41,232] {processor.py:656} WARNING - No viable dags retrieved from /home/data-eginner/Documents/Soccer_Data/env/lib/python3.8/site-packages/airflow/example_dags/plugins/workday.py
[2022-01-13 23:15:41,244] {processor.py:171} INFO - Processing /home/data-eginner/Documents/Soccer_Data/env/lib/python3.8/site-packages/airflow/example_dags/plugins/workday.py took 0.055 seconds
[2022-01-13 23:16:14,555] {processor.py:163} INFO - Started process (PID=26185) to work on /home/data-eginner/Documents/Soccer_Data/env/lib/python3.8/site-packages/airflow/example_dags/plugins/workday.py
[2022-01-13 23:16:14,573] {processor.py:642} INFO - Processing file /home/data-eginner/Documents/Soccer_Data/env/lib/python3.8/site-packages/airflow/example_dags/plugins/workday.py for tasks to queue
[2022-01-13 23:16:14,574] {logging_mixin.py:109} INFO - [2022-01-13 23:16:14,574] {dagbag.py:500} INFO - Filling up the DagBag from /home/data-eginner/Documents/Soccer_Data/env/lib/python3.8/site-packages/airflow/example_dags/plugins/workday.py
[2022-01-13 23:16:14,607] {processor.py:656} WARNING - No viable dags retrieved from /home/data-eginner/Documents/Soccer_Data/env/lib/python3.8/site-packages/airflow/example_dags/plugins/workday.py
[2022-01-13 23:16:14,609] {processor.py:171} INFO - Processing /home/data-eginner/Documents/Soccer_Data/env/lib/python3.8/site-packages/airflow/example_dags/plugins/workday.py took 0.059 seconds
