[2022-01-13 23:15:18,622] {taskinstance.py:1032} INFO - Dependencies all met for <TaskInstance: example_python_operator.sleep_for_2 manual__2022-01-14T02:14:55.376887+00:00 [queued]>
[2022-01-13 23:15:18,628] {taskinstance.py:1032} INFO - Dependencies all met for <TaskInstance: example_python_operator.sleep_for_2 manual__2022-01-14T02:14:55.376887+00:00 [queued]>
[2022-01-13 23:15:18,628] {taskinstance.py:1238} INFO - 
--------------------------------------------------------------------------------
[2022-01-13 23:15:18,628] {taskinstance.py:1239} INFO - Starting attempt 1 of 1
[2022-01-13 23:15:18,628] {taskinstance.py:1240} INFO - 
--------------------------------------------------------------------------------
[2022-01-13 23:15:18,699] {taskinstance.py:1259} INFO - Executing <Task(_PythonDecoratedOperator): sleep_for_2> on 2022-01-14 02:14:55.376887+00:00
[2022-01-13 23:15:18,702] {standard_task_runner.py:52} INFO - Started process 25924 to run task
[2022-01-13 23:15:18,775] {standard_task_runner.py:76} INFO - Running: ['airflow', 'tasks', 'run', 'example_python_operator', 'sleep_for_2', 'manual__2022-01-14T02:14:55.376887+00:00', '--job-id', '10', '--raw', '--subdir', '/home/data-eginner/Documents/Soccer_Data/env/lib/python3.8/site-packages/airflow/example_dags/example_python_operator.py', '--cfg-path', '/tmp/tmpc4e5vyut', '--error-file', '/tmp/tmpf693xuvx']
[2022-01-13 23:15:18,775] {standard_task_runner.py:77} INFO - Job 10: Subtask sleep_for_2
[2022-01-13 23:15:19,085] {logging_mixin.py:109} INFO - Running <TaskInstance: example_python_operator.sleep_for_2 manual__2022-01-14T02:14:55.376887+00:00 [running]> on host dataeginner-VirtualBox
[2022-01-13 23:15:19,315] {taskinstance.py:1424} INFO - Exporting the following env vars:
AIRFLOW_CTX_DAG_OWNER=airflow
AIRFLOW_CTX_DAG_ID=example_python_operator
AIRFLOW_CTX_TASK_ID=sleep_for_2
AIRFLOW_CTX_EXECUTION_DATE=2022-01-14T02:14:55.376887+00:00
AIRFLOW_CTX_DAG_RUN_ID=manual__2022-01-14T02:14:55.376887+00:00
[2022-01-13 23:15:19,522] {python.py:175} INFO - Done. Returned value was: None
[2022-01-13 23:15:19,526] {taskinstance.py:1267} INFO - Marking task as SUCCESS. dag_id=example_python_operator, task_id=sleep_for_2, execution_date=20220114T021455, start_date=20220114T021518, end_date=20220114T021519
[2022-01-13 23:15:19,728] {local_task_job.py:154} INFO - Task exited with return code 0
[2022-01-13 23:15:19,776] {local_task_job.py:264} INFO - 0 downstream tasks scheduled from follow-on schedule check
