[2022-01-13 23:15:28,055] {taskinstance.py:1032} INFO - Dependencies all met for <TaskInstance: example_python_operator.sleep_for_4 manual__2022-01-14T02:14:55.376887+00:00 [queued]>
[2022-01-13 23:15:28,073] {taskinstance.py:1032} INFO - Dependencies all met for <TaskInstance: example_python_operator.sleep_for_4 manual__2022-01-14T02:14:55.376887+00:00 [queued]>
[2022-01-13 23:15:28,073] {taskinstance.py:1238} INFO - 
--------------------------------------------------------------------------------
[2022-01-13 23:15:28,074] {taskinstance.py:1239} INFO - Starting attempt 1 of 1
[2022-01-13 23:15:28,074] {taskinstance.py:1240} INFO - 
--------------------------------------------------------------------------------
[2022-01-13 23:15:28,114] {taskinstance.py:1259} INFO - Executing <Task(_PythonDecoratedOperator): sleep_for_4> on 2022-01-14 02:14:55.376887+00:00
[2022-01-13 23:15:28,119] {standard_task_runner.py:52} INFO - Started process 25977 to run task
[2022-01-13 23:15:28,139] {standard_task_runner.py:76} INFO - Running: ['airflow', 'tasks', 'run', 'example_python_operator', 'sleep_for_4', 'manual__2022-01-14T02:14:55.376887+00:00', '--job-id', '12', '--raw', '--subdir', '/home/data-eginner/Documents/Soccer_Data/env/lib/python3.8/site-packages/airflow/example_dags/example_python_operator.py', '--cfg-path', '/tmp/tmpmv2b_q1e', '--error-file', '/tmp/tmpyxjvl8oc']
[2022-01-13 23:15:28,140] {standard_task_runner.py:77} INFO - Job 12: Subtask sleep_for_4
[2022-01-13 23:15:28,240] {logging_mixin.py:109} INFO - Running <TaskInstance: example_python_operator.sleep_for_4 manual__2022-01-14T02:14:55.376887+00:00 [running]> on host dataeginner-VirtualBox
[2022-01-13 23:15:28,378] {taskinstance.py:1424} INFO - Exporting the following env vars:
AIRFLOW_CTX_DAG_OWNER=airflow
AIRFLOW_CTX_DAG_ID=example_python_operator
AIRFLOW_CTX_TASK_ID=sleep_for_4
AIRFLOW_CTX_EXECUTION_DATE=2022-01-14T02:14:55.376887+00:00
AIRFLOW_CTX_DAG_RUN_ID=manual__2022-01-14T02:14:55.376887+00:00
[2022-01-13 23:15:28,780] {python.py:175} INFO - Done. Returned value was: None
[2022-01-13 23:15:28,785] {taskinstance.py:1267} INFO - Marking task as SUCCESS. dag_id=example_python_operator, task_id=sleep_for_4, execution_date=20220114T021455, start_date=20220114T021528, end_date=20220114T021528
[2022-01-13 23:15:28,833] {local_task_job.py:154} INFO - Task exited with return code 0
[2022-01-13 23:15:28,861] {local_task_job.py:264} INFO - 0 downstream tasks scheduled from follow-on schedule check
