[2022-01-28 22:17:02,937] {taskinstance.py:1032} INFO - Dependencies all met for <TaskInstance: extract_stat_players.extract_Ligue-1-Stats_players manual__2022-01-29T01:16:46.664041+00:00 [queued]>
[2022-01-28 22:17:02,942] {taskinstance.py:1032} INFO - Dependencies all met for <TaskInstance: extract_stat_players.extract_Ligue-1-Stats_players manual__2022-01-29T01:16:46.664041+00:00 [queued]>
[2022-01-28 22:17:02,942] {taskinstance.py:1238} INFO - 
--------------------------------------------------------------------------------
[2022-01-28 22:17:02,942] {taskinstance.py:1239} INFO - Starting attempt 1 of 2
[2022-01-28 22:17:02,943] {taskinstance.py:1240} INFO - 
--------------------------------------------------------------------------------
[2022-01-28 22:17:02,960] {taskinstance.py:1259} INFO - Executing <Task(PythonOperator): extract_Ligue-1-Stats_players> on 2022-01-29 01:16:46.664041+00:00
[2022-01-28 22:17:02,963] {standard_task_runner.py:52} INFO - Started process 29592 to run task
[2022-01-28 22:17:02,969] {standard_task_runner.py:76} INFO - Running: ['airflow', 'tasks', 'run', 'extract_stat_players', 'extract_Ligue-1-Stats_players', 'manual__2022-01-29T01:16:46.664041+00:00', '--job-id', '67', '--raw', '--subdir', '/home/data-eginner/Documents/Soccer_Data/airflow/dags/teste.py', '--cfg-path', '/tmp/tmpo2s3eivy', '--error-file', '/tmp/tmpzjzyhvoi']
[2022-01-28 22:17:02,970] {standard_task_runner.py:77} INFO - Job 67: Subtask extract_Ligue-1-Stats_players
[2022-01-28 22:17:03,044] {logging_mixin.py:109} INFO - Running <TaskInstance: extract_stat_players.extract_Ligue-1-Stats_players manual__2022-01-29T01:16:46.664041+00:00 [running]> on host dataeginner-VirtualBox
[2022-01-28 22:17:03,116] {taskinstance.py:1424} INFO - Exporting the following env vars:
AIRFLOW_CTX_DAG_EMAIL=airflow@example.com
AIRFLOW_CTX_DAG_OWNER=airflow
AIRFLOW_CTX_DAG_ID=extract_stat_players
AIRFLOW_CTX_TASK_ID=extract_Ligue-1-Stats_players
AIRFLOW_CTX_EXECUTION_DATE=2022-01-29T01:16:46.664041+00:00
AIRFLOW_CTX_DAG_RUN_ID=manual__2022-01-29T01:16:46.664041+00:00
[2022-01-28 22:17:03,121] {logging_mixin.py:109} WARNING - /home/data-eginner/Documents/Soccer_Data/env/lib/python3.8/site-packages/airflow/utils/context.py:152 AirflowContextDeprecationWarning: Accessing 'execution_date' from the template is deprecated and will be removed in a future version. Please use 'data_interval_start' or 'logical_date' instead.
[2022-01-28 22:17:03,122] {logging_mixin.py:109} WARNING - /home/data-eginner/Documents/Soccer_Data/env/lib/python3.8/site-packages/airflow/utils/context.py:152 AirflowContextDeprecationWarning: Accessing 'next_ds' from the template is deprecated and will be removed in a future version. Please use '{{ data_interval_end | ds }}' instead.
[2022-01-28 22:17:03,123] {logging_mixin.py:109} WARNING - /home/data-eginner/Documents/Soccer_Data/env/lib/python3.8/site-packages/airflow/utils/context.py:152 AirflowContextDeprecationWarning: Accessing 'next_ds_nodash' from the template is deprecated and will be removed in a future version. Please use '{{ data_interval_end | ds_nodash }}' instead.
[2022-01-28 22:17:03,124] {logging_mixin.py:109} WARNING - /home/data-eginner/Documents/Soccer_Data/env/lib/python3.8/site-packages/airflow/utils/context.py:152 AirflowContextDeprecationWarning: Accessing 'next_execution_date' from the template is deprecated and will be removed in a future version. Please use 'data_interval_end' instead.
[2022-01-28 22:17:03,124] {logging_mixin.py:109} WARNING - /home/data-eginner/Documents/Soccer_Data/env/lib/python3.8/site-packages/airflow/utils/context.py:152 AirflowContextDeprecationWarning: Accessing 'prev_ds' from the template is deprecated and will be removed in a future version.
[2022-01-28 22:17:03,125] {logging_mixin.py:109} WARNING - /home/data-eginner/Documents/Soccer_Data/env/lib/python3.8/site-packages/airflow/utils/context.py:152 AirflowContextDeprecationWarning: Accessing 'prev_ds_nodash' from the template is deprecated and will be removed in a future version.
[2022-01-28 22:17:03,125] {logging_mixin.py:109} WARNING - /home/data-eginner/Documents/Soccer_Data/env/lib/python3.8/site-packages/airflow/utils/context.py:152 AirflowContextDeprecationWarning: Accessing 'prev_execution_date' from the template is deprecated and will be removed in a future version.
[2022-01-28 22:17:03,126] {logging_mixin.py:109} WARNING - /home/data-eginner/Documents/Soccer_Data/env/lib/python3.8/site-packages/airflow/utils/context.py:152 AirflowContextDeprecationWarning: Accessing 'prev_execution_date_success' from the template is deprecated and will be removed in a future version. Please use 'prev_data_interval_start_success' instead.
[2022-01-28 22:17:03,127] {logging_mixin.py:109} WARNING - /home/data-eginner/Documents/Soccer_Data/env/lib/python3.8/site-packages/airflow/utils/context.py:152 AirflowContextDeprecationWarning: Accessing 'tomorrow_ds' from the template is deprecated and will be removed in a future version.
[2022-01-28 22:17:03,128] {logging_mixin.py:109} WARNING - /home/data-eginner/Documents/Soccer_Data/env/lib/python3.8/site-packages/airflow/utils/context.py:152 AirflowContextDeprecationWarning: Accessing 'tomorrow_ds_nodash' from the template is deprecated and will be removed in a future version.
[2022-01-28 22:17:03,128] {logging_mixin.py:109} WARNING - /home/data-eginner/Documents/Soccer_Data/env/lib/python3.8/site-packages/airflow/utils/context.py:152 AirflowContextDeprecationWarning: Accessing 'yesterday_ds' from the template is deprecated and will be removed in a future version.
[2022-01-28 22:17:03,129] {logging_mixin.py:109} WARNING - /home/data-eginner/Documents/Soccer_Data/env/lib/python3.8/site-packages/airflow/utils/context.py:152 AirflowContextDeprecationWarning: Accessing 'yesterday_ds_nodash' from the template is deprecated and will be removed in a future version.
[2022-01-28 22:17:03,129] {logging_mixin.py:109} INFO - Acess: https://fbref.com/en/comps/13/stats/Ligue-1-Stats
[2022-01-28 22:17:05,580] {logging_mixin.py:109} INFO - Extraiu o dados
[2022-01-28 22:17:05,600] {logging_mixin.py:109} INFO - datalake/raw/ligue_one_players/extract_date=2022/01/28
[2022-01-28 22:17:05,666] {logging_mixin.py:109} INFO -       Rk             Player  Nation    Pos          Squad     Age  ...    xG    xA  xG+xA  npxG  npxG+xA  Matches
0      1   Yunis Abdelhamid  ma MAR     DF          Reims  34-122  ...  0.05  0.01   0.06  0.05     0.06  Matches
1      2  Salis Abdul Samed  gh GHA     MF  Clermont Foot  21-308  ...  0.03  0.04   0.07  0.03     0.07  Matches
2      3    Laurent Abergel  fr FRA     MF        Lorient  28-361  ...  0.08  0.08   0.17  0.08     0.17  Matches
3      4        Charles Abi  fr FRA     FW  Saint-Étienne  21-291  ...  0.00  0.00   0.00  0.00     0.00  Matches
4      5     Matthis Abline  fr FRA     FW         Rennes  18-306  ...  0.30  0.03   0.32  0.30     0.32  Matches
..   ...                ...     ...    ...            ...     ...  ...   ...   ...    ...   ...      ...      ...
567  547    Zaydou Youssouf  fr FRA     MF  Saint-Étienne  22-201  ...  0.03  0.04   0.07  0.03     0.07  Matches
568  548       Akim Zedadka  fr FRA     DF  Clermont Foot  26-243  ...  0.03  0.05   0.08  0.03     0.08  Matches
569  549      Mehdi Zerkane  dz ALG  MF,DF       Bordeaux  22-197  ...  0.03  0.02   0.05  0.03     0.05  Matches
570  550     Banhie Zoukrou  fr FRA     DF         Troyes  18-266  ...  0.03  0.00   0.03  0.03     0.03  Matches
571   Rk             Player  Nation    Pos          Squad     Age  ...    xG    xA  xG+xA  npxG  npxG+xA  Matches

[572 rows x 33 columns]
[2022-01-28 22:17:05,675] {python.py:175} INFO - Done. Returned value was: None
[2022-01-28 22:17:05,684] {taskinstance.py:1267} INFO - Marking task as SUCCESS. dag_id=extract_stat_players, task_id=extract_Ligue-1-Stats_players, execution_date=20220129T011646, start_date=20220129T011702, end_date=20220129T011705
[2022-01-28 22:17:05,742] {local_task_job.py:154} INFO - Task exited with return code 0
[2022-01-28 22:17:05,772] {local_task_job.py:264} INFO - 1 downstream tasks scheduled from follow-on schedule check
