[2022-01-28 22:16:52,101] {taskinstance.py:1032} INFO - Dependencies all met for <TaskInstance: extract_stat_players.push_func manual__2022-01-29T01:16:46.664041+00:00 [queued]>
[2022-01-28 22:16:52,106] {taskinstance.py:1032} INFO - Dependencies all met for <TaskInstance: extract_stat_players.push_func manual__2022-01-29T01:16:46.664041+00:00 [queued]>
[2022-01-28 22:16:52,106] {taskinstance.py:1238} INFO - 
--------------------------------------------------------------------------------
[2022-01-28 22:16:52,106] {taskinstance.py:1239} INFO - Starting attempt 1 of 2
[2022-01-28 22:16:52,106] {taskinstance.py:1240} INFO - 
--------------------------------------------------------------------------------
[2022-01-28 22:16:52,143] {taskinstance.py:1259} INFO - Executing <Task(PythonOperator): push_func> on 2022-01-29 01:16:46.664041+00:00
[2022-01-28 22:16:52,146] {standard_task_runner.py:52} INFO - Started process 29549 to run task
[2022-01-28 22:16:52,163] {standard_task_runner.py:76} INFO - Running: ['airflow', 'tasks', 'run', 'extract_stat_players', 'push_func', 'manual__2022-01-29T01:16:46.664041+00:00', '--job-id', '65', '--raw', '--subdir', '/home/data-eginner/Documents/Soccer_Data/airflow/dags/teste.py', '--cfg-path', '/tmp/tmpnfutq73u', '--error-file', '/tmp/tmpm1z1fftu']
[2022-01-28 22:16:52,164] {standard_task_runner.py:77} INFO - Job 65: Subtask push_func
[2022-01-28 22:16:52,293] {logging_mixin.py:109} INFO - Running <TaskInstance: extract_stat_players.push_func manual__2022-01-29T01:16:46.664041+00:00 [running]> on host dataeginner-VirtualBox
[2022-01-28 22:16:52,377] {taskinstance.py:1424} INFO - Exporting the following env vars:
AIRFLOW_CTX_DAG_EMAIL=airflow@example.com
AIRFLOW_CTX_DAG_OWNER=airflow
AIRFLOW_CTX_DAG_ID=extract_stat_players
AIRFLOW_CTX_TASK_ID=push_func
AIRFLOW_CTX_EXECUTION_DATE=2022-01-29T01:16:46.664041+00:00
AIRFLOW_CTX_DAG_RUN_ID=manual__2022-01-29T01:16:46.664041+00:00
[2022-01-28 22:16:52,381] {python.py:175} INFO - Done. Returned value was: [{'code_ligue': 9, 'name_ligue': 'Premier-League-Stats', 'table_name': 'premier_ligue_players'}, {'code_ligue': 13, 'name_ligue': 'Ligue-1-Stats', 'table_name': 'ligue_one_players'}]
[2022-01-28 22:16:52,405] {taskinstance.py:1267} INFO - Marking task as SUCCESS. dag_id=extract_stat_players, task_id=push_func, execution_date=20220129T011646, start_date=20220129T011652, end_date=20220129T011652
[2022-01-28 22:16:52,474] {local_task_job.py:154} INFO - Task exited with return code 0
[2022-01-28 22:16:52,520] {local_task_job.py:264} INFO - 2 downstream tasks scheduled from follow-on schedule check
