[2022-01-21 21:02:46,142] {taskinstance.py:1032} INFO - Dependencies all met for <TaskInstance: extract_stat_players.extract_premier_ligue_players manual__2022-01-22T00:02:38.591861+00:00 [queued]>
[2022-01-21 21:02:46,154] {taskinstance.py:1032} INFO - Dependencies all met for <TaskInstance: extract_stat_players.extract_premier_ligue_players manual__2022-01-22T00:02:38.591861+00:00 [queued]>
[2022-01-21 21:02:46,154] {taskinstance.py:1238} INFO - 
--------------------------------------------------------------------------------
[2022-01-21 21:02:46,154] {taskinstance.py:1239} INFO - Starting attempt 1 of 2
[2022-01-21 21:02:46,154] {taskinstance.py:1240} INFO - 
--------------------------------------------------------------------------------
[2022-01-21 21:02:46,171] {taskinstance.py:1259} INFO - Executing <Task(PythonOperator): extract_premier_ligue_players> on 2022-01-22 00:02:38.591861+00:00
[2022-01-21 21:02:46,175] {standard_task_runner.py:52} INFO - Started process 111238 to run task
[2022-01-21 21:02:46,181] {standard_task_runner.py:76} INFO - Running: ['airflow', 'tasks', 'run', 'extract_stat_players', 'extract_premier_ligue_players', 'manual__2022-01-22T00:02:38.591861+00:00', '--job-id', '53', '--raw', '--subdir', 'DAGS_FOLDER/teste.py', '--cfg-path', '/tmp/tmpp6x91vol', '--error-file', '/tmp/tmpabq_jah1']
[2022-01-21 21:02:46,182] {standard_task_runner.py:77} INFO - Job 53: Subtask extract_premier_ligue_players
[2022-01-21 21:02:46,256] {logging_mixin.py:109} INFO - Running <TaskInstance: extract_stat_players.extract_premier_ligue_players manual__2022-01-22T00:02:38.591861+00:00 [running]> on host dataeginner-VirtualBox
[2022-01-21 21:02:46,346] {taskinstance.py:1424} INFO - Exporting the following env vars:
AIRFLOW_CTX_DAG_EMAIL=airflow@example.com
AIRFLOW_CTX_DAG_OWNER=airflow
AIRFLOW_CTX_DAG_ID=extract_stat_players
AIRFLOW_CTX_TASK_ID=extract_premier_ligue_players
AIRFLOW_CTX_EXECUTION_DATE=2022-01-22T00:02:38.591861+00:00
AIRFLOW_CTX_DAG_RUN_ID=manual__2022-01-22T00:02:38.591861+00:00
[2022-01-21 21:02:46,381] {logging_mixin.py:109} INFO - Acess: https://fbref.com/en/comps/9/stats/Premier-League-Stats
[2022-01-21 21:02:49,058] {logging_mixin.py:109} INFO - Extraiu o dados
[2022-01-21 21:02:49,099] {logging_mixin.py:109} INFO - datalake/raw/playes_premier_ligue/extract_date=2022/01/21
[2022-01-21 21:02:49,289] {logging_mixin.py:109} INFO -       Rk               Player   Nation    Pos  ...  xG+xA  npxG  npxG+xA  Matches
0      1           Max Aarons  eng ENG     DF  ...   0.07  0.03     0.07  Matches
1      2            Che Adams  sct SCO     FW  ...   0.40  0.26     0.40  Matches
2      3      Rayan Aït Nouri   fr FRA     DF  ...   0.13  0.03     0.13  Matches
3      4      Kristoffer Ajer   no NOR     DF  ...   0.06  0.02     0.06  Matches
4      5           Nathan Aké   nl NED     DF  ...   0.04  0.04     0.04  Matches
..   ...                  ...      ...    ...  ...    ...   ...      ...      ...
515  497  Oleksandr Zinchenko   ua UKR     DF  ...   0.11  0.02     0.11  Matches
516  498         Hakim Ziyech   ma MAR  FW,MF  ...   0.55  0.34     0.55  Matches
517  499           Kurt Zouma   fr FRA     DF  ...   0.03  0.03     0.03  Matches
518  500      Martin Ødegaard   no NOR     MF  ...   0.35  0.11     0.35  Matches
519   Rk               Player   Nation    Pos  ...  xG+xA  npxG  npxG+xA  Matches

[520 rows x 33 columns]
[2022-01-21 21:02:49,302] {python.py:175} INFO - Done. Returned value was: None
[2022-01-21 21:02:49,351] {taskinstance.py:1267} INFO - Marking task as SUCCESS. dag_id=extract_stat_players, task_id=extract_premier_ligue_players, execution_date=20220122T000238, start_date=20220122T000246, end_date=20220122T000249
[2022-01-21 21:02:49,586] {local_task_job.py:154} INFO - Task exited with return code 0
[2022-01-21 21:02:49,689] {local_task_job.py:264} INFO - 0 downstream tasks scheduled from follow-on schedule check
